 Correlated errors added in quadrature with statistical errors
 test_N_all           DIS data with   1.69< Q2 < 0.500D+03 and 0.000 < xB < 1.000 and   0.00< W2 < 0.100D+05 and 0.000 < y < 1.000
   GP TMC applied
   no HT corrections

# fitpack15: fit output
# CJ15 AV18 final data choices                                                 

Parametrization   7 used here

 S-ACOT scheme used  for NC DIS

 charm mass =     1.30 GeV     bottom mass =     4.50 GeV



 THIS IS A NEXT TO LEADING ORDER FIT

 Q02=    1.69
         1  LAMBDA      VALUE=   0.22680      WEIGHT=    0.0000    
         2  a0uv        VALUE=    1.6561      WEIGHT=    0.0000    
         3  a1uv        VALUE=   0.53712      WEIGHT=   0.38424E-01
         4  a2uv        VALUE=    3.6105      WEIGHT=   0.15158E-01
         5  a3uv        VALUE=    0.0000      WEIGHT=    0.0000    
         6  a4uv        VALUE=    5.9044      WEIGHT=    1.2921    
         7  a5uv        VALUE=    0.0000      WEIGHT=    0.0000    
         8  a0dv        VALUE=    23.449      WEIGHT=    0.0000    
         9  a1dv        VALUE=    1.1502      WEIGHT=   0.44617E-01
        10  a2dv        VALUE=    6.7311      WEIGHT=   0.27570    
        11  a3dv        VALUE=   -3.4416      WEIGHT=   0.13943    
        12  a4dv        VALUE=    4.7296      WEIGHT=   0.22614    
        13  a5dv        VALUE=    0.0000      WEIGHT=    0.0000    
        14  a0ud        VALUE=   0.13835      WEIGHT=   0.55148E-02
        15  a1ud        VALUE=  -0.21346      WEIGHT=   0.42291E-02
        16  a2ud        VALUE=    8.9602      WEIGHT=   0.22660    
        17  a3ud        VALUE=    0.0000      WEIGHT=    0.0000    
        18  a4ud        VALUE=    18.072      WEIGHT=    1.8276    
        19  a5ud        VALUE=    0.0000      WEIGHT=    0.0000    
        20  a0du        VALUE=    35712.      WEIGHT=    0.0000    
        21  a1du        VALUE=    4.2088      WEIGHT=   0.13643    
        22  a2du        VALUE=    20.967      WEIGHT=    1.3202    
        23  a3du        VALUE=    17.000      WEIGHT=    0.0000    
        24  a4du        VALUE=    67.952      WEIGHT=    20.160    
        25  a0g         VALUE=    46.888      WEIGHT=    0.0000    
        26  a1g         VALUE=   0.60461      WEIGHT=   0.28840E-01
        27  a2g         VALUE=    5.6717      WEIGHT=   0.69868    
        28  a3g         VALUE=   -3.4408      WEIGHT=   0.11504    
        29  a4g         VALUE=    3.2844      WEIGHT=   0.24506    
        30  a5g         VALUE=    0.0000      WEIGHT=    0.0000    
        31  kappa       VALUE=   0.40000      WEIGHT=    0.0000    
        32  a6dv        VALUE=   0.27928E-02  WEIGHT=   0.23256E-02
        33  a7dv        VALUE=    2.0000      WEIGHT=    0.0000    
        34  off1        VALUE=  -0.22872      WEIGHT=   0.13653    
        35  off2        VALUE=    3.5448      WEIGHT=    1.6447    
        36  off3        VALUE=   -20.468      WEIGHT=    6.3253    
        37  off4        VALUE=    25.290      WEIGHT=    6.6921    
        38  ht1         VALUE=   -3.8346      WEIGHT=    1.0834    
        39  ht2         VALUE=    2.2252      WEIGHT=   0.22154    
        40  ht3         VALUE=   -2.1245      WEIGHT=   0.32141E-01
        41  ht4         VALUE=    2.6254      WEIGHT=   0.16941    
        42  dummy42     VALUE=    0.0000      WEIGHT=    0.0000    
        43  dummy43     VALUE=    0.0000      WEIGHT=    0.0000    
        44  dummy44     VALUE=    0.0000      WEIGHT=    0.0000    
        45  dummy45     VALUE=    0.0000      WEIGHT=    0.0000    
        46  dummy46     VALUE=    0.0000      WEIGHT=    0.0000    
        47  dummy47     VALUE=    0.0000      WEIGHT=    0.0000    
        48  dummy48     VALUE=    0.0000      WEIGHT=    0.0000    
        49  dummy49     VALUE=    0.0000      WEIGHT=    0.0000    
        50  bcdmsh2     VALUE=   0.97201      WEIGHT=   0.49533E-02
        51  bcdmsd2     VALUE=   0.99509      WEIGHT=   0.59385E-02
        52  ccfr        VALUE=    1.0000      WEIGHT=    0.0000    
        53  nutev       VALUE=    1.0000      WEIGHT=    0.0000    
        54  zeus        VALUE=   0.97998      WEIGHT=    0.0000    
        55  h1          VALUE=    1.0162      WEIGHT=    0.0000    
        56  e605        VALUE=    1.0319      WEIGHT=    0.0000    
        57  NmcH2       VALUE=    1.0091      WEIGHT=   0.72409E-02
        58  ntv_nu      VALUE=    1.0000      WEIGHT=    0.0000    
        59  ntv_nuba    VALUE=    1.0000      WEIGHT=    0.0000    
        60  cdf_jet     VALUE=   0.98910      WEIGHT=    0.0000    
        61  d0_jet      VALUE=   0.83504      WEIGHT=    0.0000    
        62  slac_p      VALUE=    1.0023      WEIGHT=   0.49939E-02
        63  slac_d      VALUE=    1.0036      WEIGHT=   0.54242E-02
        64  e866pp      VALUE=   0.99894      WEIGHT=   0.24767E-01
        65  e866pd      VALUE=   0.96078      WEIGHT=   0.20225E-01
        66  d0_gamje    VALUE=    1.0399      WEIGHT=   0.16646E-01
        67  h1b         VALUE=   0.97608      WEIGHT=    0.0000    
        68  jlab_p      VALUE=   0.98493      WEIGHT=   0.59083E-02
        69  jlab_d      VALUE=   0.97889      WEIGHT=   0.61200E-02
        70  blank       VALUE=    1.0000      WEIGHT=    0.0000    
        71  d0run2      VALUE=   0.95154      WEIGHT=   0.15446E-01
        72  cdfrun2     VALUE=   0.93632      WEIGHT=   0.17807E-01
        73  HERA_el     VALUE=    1.0000      WEIGHT=    0.0000    
        74  HERA_ps     VALUE=    1.0000      WEIGHT=    0.0000    
        75  CDF_Z       VALUE=   0.95641      WEIGHT=   0.69003E-02
        76  NmcRat      VALUE=    1.0000      WEIGHT=    0.0000    
        77  BNS_F2nd    VALUE=   0.94273      WEIGHT=   0.88099E-02
        78  HERMES_F    VALUE=   0.99572      WEIGHT=   0.57078E-02
        79  HERMES_F    VALUE=   0.97946      WEIGHT=   0.59212E-02
0THE TOLERANCE IS    0.1000
 THE MAXIMUM NUMBER OF STEPS IS 100
0THE INITIAL CHI SQUARED IS  3.98130E+05



     X        Q2         W2       THEORY        error         DATA           ERROR        chi^2     _w    ITYPE
.1000E-01     2.000  0.199E+03   0.33932E+00   0.00000E+00   0.10000E+00    0.50249E-02 2268.26         test_N_all          
.2000E-01     2.000  0.989E+02   0.31718E+00   0.00000E+00   0.10000E+00    0.50249E-02 1867.99         test_N_all          
.3000E-01     2.000  0.655E+02   0.30879E+00   0.00000E+00   0.10000E+00    0.50249E-02 1726.52         test_N_all          
.4000E-01     2.000  0.489E+02   0.30702E+00   0.00000E+00   0.10000E+00    0.50249E-02 1697.24         test_N_all          
.5000E-01     2.000  0.389E+02   0.30657E+00   0.00000E+00   0.10000E+00    0.50249E-02 1689.93         test_N_all          
.6000E-01     2.000  0.322E+02   0.30741E+00   0.00000E+00   0.10000E+00    0.50249E-02 1703.71         test_N_all          
.7000E-01     2.000  0.275E+02   0.30837E+00   0.00000E+00   0.10000E+00    0.50249E-02 1719.59         test_N_all          
.8000E-01     2.000  0.239E+02   0.30916E+00   0.00000E+00   0.10000E+00    0.50249E-02 1732.55         test_N_all          
.9000E-01     2.000  0.211E+02   0.30953E+00   0.00000E+00   0.10000E+00    0.50249E-02 1738.70         test_N_all          
.1000E+00     2.000  0.189E+02   0.30932E+00   0.00000E+00   0.10000E+00    0.50249E-02 1735.26         test_N_all          
.1100E+00     2.000  0.171E+02   0.30847E+00   0.00000E+00   0.10000E+00    0.50249E-02 1721.25         test_N_all          
.1200E+00     2.000  0.155E+02   0.30694E+00   0.00000E+00   0.10000E+00    0.50249E-02 1695.98         test_N_all          
.1300E+00     2.000  0.143E+02   0.30474E+00   0.00000E+00   0.10000E+00    0.50249E-02 1660.12         test_N_all          
.1400E+00     2.000  0.132E+02   0.30197E+00   0.00000E+00   0.10000E+00    0.50249E-02 1615.47         test_N_all          
.1500E+00     2.000  0.122E+02   0.29859E+00   0.00000E+00   0.10000E+00    0.50249E-02 1561.93         test_N_all          
.1600E+00     2.000  0.114E+02   0.29476E+00   0.00000E+00   0.10000E+00    0.50249E-02 1502.26         test_N_all          
.1700E+00     2.000  0.106E+02   0.29051E+00   0.00000E+00   0.10000E+00    0.50249E-02 1437.38         test_N_all          
.1800E+00     2.000  0.999E+01   0.28587E+00   0.00000E+00   0.10000E+00    0.50249E-02 1368.22         test_N_all          
.1900E+00     2.000  0.941E+01   0.28098E+00   0.00000E+00   0.10000E+00    0.50249E-02 1297.24         test_N_all          
.2000E+00     2.000  0.888E+01   0.27583E+00   0.00000E+00   0.10000E+00    0.50249E-02 1224.45         test_N_all          
.2100E+00     2.000  0.841E+01   0.27049E+00   0.00000E+00   0.10000E+00    0.50249E-02 1151.12         test_N_all          
.2200E+00     2.000  0.797E+01   0.26500E+00   0.00000E+00   0.10000E+00    0.50249E-02 1078.19         test_N_all          
.2300E+00     2.000  0.758E+01   0.25936E+00   0.00000E+00   0.10000E+00    0.50249E-02 1005.80         test_N_all          
.2400E+00     2.000  0.722E+01   0.25365E+00   0.00000E+00   0.10000E+00    0.50249E-02  934.94         test_N_all          
.2500E+00     2.000  0.688E+01   0.24785E+00   0.00000E+00   0.10000E+00    0.50249E-02  865.67         test_N_all          
.2600E+00     2.000  0.657E+01   0.24197E+00   0.00000E+00   0.10000E+00    0.50249E-02  798.26         test_N_all          
.2700E+00     2.000  0.629E+01   0.23605E+00   0.00000E+00   0.10000E+00    0.50249E-02  733.08         test_N_all          
.2800E+00     2.000  0.602E+01   0.23009E+00   0.00000E+00   0.10000E+00    0.50249E-02  670.20         test_N_all          
.2900E+00     2.000  0.578E+01   0.22408E+00   0.00000E+00   0.10000E+00    0.50249E-02  609.78         test_N_all          
.3000E+00     2.000  0.555E+01   0.21805E+00   0.00000E+00   0.10000E+00    0.18868E-02 3914.57         test_N_all          
.3100E+00     2.000  0.533E+01   0.21199E+00   0.00000E+00   0.10000E+00    0.50249E-02  496.74         test_N_all          
.3200E+00     2.000  0.513E+01   0.20592E+00   0.00000E+00   0.10000E+00    0.50249E-02  444.29         test_N_all          
.3300E+00     2.000  0.494E+01   0.19982E+00   0.00000E+00   0.10000E+00    0.50249E-02  394.65         test_N_all          
.3400E+00     2.000  0.476E+01   0.19373E+00   0.00000E+00   0.10000E+00    0.50249E-02  347.94         test_N_all          
.3500E+00     2.000  0.460E+01   0.18763E+00   0.00000E+00   0.10000E+00    0.50249E-02  304.13         test_N_all          
.3600E+00     2.000  0.444E+01   0.18154E+00   0.00000E+00   0.10000E+00    0.50249E-02  263.33         test_N_all          
.3700E+00     2.000  0.429E+01   0.17547E+00   0.00000E+00   0.10000E+00    0.50249E-02  225.59         test_N_all          
.3800E+00     2.000  0.414E+01   0.16943E+00   0.00000E+00   0.10000E+00    0.50249E-02  190.89         test_N_all          
.3900E+00     2.000  0.401E+01   0.16342E+00   0.00000E+00   0.10000E+00    0.50249E-02  159.27         test_N_all          
.4000E+00     2.000  0.388E+01   0.15745E+00   0.00000E+00   0.10000E+00    0.17692E-02 1054.63         test_N_all          
.4100E+00     2.000  0.376E+01   0.15155E+00   0.00000E+00   0.10000E+00    0.50249E-02  105.24         test_N_all          
.4200E+00     2.000  0.364E+01   0.14571E+00   0.00000E+00   0.10000E+00    0.50249E-02   82.75         test_N_all          
.4300E+00     2.000  0.353E+01   0.13995E+00   0.00000E+00   0.10000E+00    0.50249E-02   63.21         test_N_all          
.4400E+00     2.000  0.343E+01   0.13428E+00   0.00000E+00   0.10000E+00    0.50249E-02   46.54         test_N_all          
.4500E+00     2.000  0.333E+01   0.12871E+00   0.00000E+00   0.10000E+00    0.50249E-02   32.64         test_N_all          
.4600E+00     2.000  0.323E+01   0.12324E+00   0.00000E+00   0.10000E+00    0.50249E-02   21.39         test_N_all          
.4700E+00     2.000  0.314E+01   0.11789E+00   0.00000E+00   0.10000E+00    0.50249E-02   12.68         test_N_all          
.4800E+00     2.000  0.305E+01   0.11267E+00   0.00000E+00   0.10000E+00    0.50249E-02    6.35         test_N_all          
.4900E+00     2.000  0.296E+01   0.10757E+00   0.00000E+00   0.10000E+00    0.50249E-02    2.27         test_N_all          
.5000E+00     2.000  0.288E+01   0.10260E+00   0.00000E+00   0.10000E+00    0.17692E-02    2.17         test_N_all          
.5100E+00     2.000  0.280E+01   0.97785E-01   0.00000E+00   0.10000E+00    0.50249E-02   -0.19         test_N_all          
.5200E+00     2.000  0.273E+01   0.93109E-01   0.00000E+00   0.10000E+00    0.50249E-02   -1.88         test_N_all          
.5300E+00     2.000  0.266E+01   0.88578E-01   0.00000E+00   0.10000E+00    0.50249E-02   -5.17         test_N_all          
.5400E+00     2.000  0.259E+01   0.84203E-01   0.00000E+00   0.10000E+00    0.50249E-02   -9.88         test_N_all          
.5500E+00     2.000  0.252E+01   0.79979E-01   0.00000E+00   0.10000E+00    0.50249E-02  -15.87         test_N_all          
.5600E+00     2.000  0.245E+01   0.75906E-01   0.00000E+00   0.10000E+00    0.50249E-02  -22.99         test_N_all          
.5700E+00     2.000  0.239E+01   0.71989E-01   0.00000E+00   0.10000E+00    0.50249E-02  -31.07         test_N_all          
.5800E+00     2.000  0.233E+01   0.68226E-01   0.00000E+00   0.10000E+00    0.50249E-02  -39.98         test_N_all          
.5900E+00     2.000  0.227E+01   0.64613E-01   0.00000E+00   0.10000E+00    0.50249E-02  -49.59         test_N_all          
.6000E+00     2.000  0.222E+01   0.61149E-01   0.00000E+00   0.10000E+00    0.17692E-02 -482.23         test_N_all          
.6100E+00     2.000  0.216E+01   0.57838E-01   0.00000E+00   0.10000E+00    0.50249E-02  -70.40         test_N_all          
.6200E+00     2.000  0.211E+01   0.54671E-01   0.00000E+00   0.10000E+00    0.50249E-02  -81.37         test_N_all          
.6300E+00     2.000  0.206E+01   0.51646E-01   0.00000E+00   0.10000E+00    0.50249E-02  -92.60         test_N_all          
.6400E+00     2.000  0.201E+01   0.48761E-01   0.00000E+00   0.10000E+00    0.50249E-02 -103.98         test_N_all          
.6500E+00     2.000  0.196E+01   0.46014E-01   0.00000E+00   0.10000E+00    0.50249E-02 -115.43         test_N_all          
.6600E+00     2.000  0.191E+01   0.43398E-01   0.00000E+00   0.10000E+00    0.50249E-02 -126.88         test_N_all          
.6700E+00     2.000  0.187E+01   0.40910E-01   0.00000E+00   0.10000E+00    0.50249E-02 -138.28         test_N_all          
.6800E+00     2.000  0.182E+01   0.38546E-01   0.00000E+00   0.10000E+00    0.50249E-02 -149.57         test_N_all          
.6900E+00     2.000  0.178E+01   0.36304E-01   0.00000E+00   0.10000E+00    0.50249E-02 -160.68         test_N_all          
.7000E+00     2.000  0.174E+01   0.34176E-01   0.00000E+00   0.10000E+00    0.17692E-02 *******         test_N_all          
.7100E+00     2.000  0.170E+01   0.32159E-01   0.00000E+00   0.10000E+00    0.50249E-02 -182.27         test_N_all          
.7200E+00     2.000  0.166E+01   0.30250E-01   0.00000E+00   0.10000E+00    0.50249E-02 -192.68         test_N_all          
.7300E+00     2.000  0.162E+01   0.28444E-01   0.00000E+00   0.10000E+00    0.50249E-02 -202.78         test_N_all          
.7400E+00     2.000  0.158E+01   0.26735E-01   0.00000E+00   0.10000E+00    0.50249E-02 -212.58         test_N_all          
.7500E+00     2.000  0.155E+01   0.25120E-01   0.00000E+00   0.10000E+00    0.50249E-02 -222.06         test_N_all          
.7600E+00     2.000  0.151E+01   0.23595E-01   0.00000E+00   0.10000E+00    0.50249E-02 -231.20         test_N_all          
.7700E+00     2.000  0.148E+01   0.22156E-01   0.00000E+00   0.10000E+00    0.50249E-02 -239.99         test_N_all          
.7800E+00     2.000  0.145E+01   0.20798E-01   0.00000E+00   0.10000E+00    0.50249E-02 -248.44         test_N_all          
.7900E+00     2.000  0.141E+01   0.19517E-01   0.00000E+00   0.10000E+00    0.50249E-02 -256.54         test_N_all          
.8000E+00     2.000  0.138E+01   0.18309E-01   0.00000E+00   0.10000E+00    0.17692E-02 *******         test_N_all          
.8100E+00     2.000  0.135E+01   0.17172E-01   0.00000E+00   0.10000E+00    0.50249E-02 -271.70         test_N_all          
.8200E+00     2.000  0.132E+01   0.16101E-01   0.00000E+00   0.10000E+00    0.50249E-02 -278.77         test_N_all          
.8300E+00     2.000  0.129E+01   0.15093E-01   0.00000E+00   0.10000E+00    0.50249E-02 -285.51         test_N_all          
.8400E+00     2.000  0.126E+01   0.14145E-01   0.00000E+00   0.10000E+00    0.50249E-02 -291.93         test_N_all          
.8500E+00     2.000  0.123E+01   0.13252E-01   0.00000E+00   0.10000E+00    0.50249E-02 -298.03         test_N_all          
.8600E+00     2.000  0.121E+01   0.12413E-01   0.00000E+00   0.10000E+00    0.50249E-02 -303.82         test_N_all          
.8700E+00     2.000  0.118E+01   0.11624E-01   0.00000E+00   0.10000E+00    0.50249E-02 -309.32         test_N_all          
.8800E+00     2.000  0.115E+01   0.10883E-01   0.00000E+00   0.10000E+00    0.50249E-02 -314.53         test_N_all          
.8900E+00     2.000  0.113E+01   0.10187E-01   0.00000E+00   0.10000E+00    0.50249E-02 -319.46         test_N_all          
.9000E+00     2.000  0.110E+01   0.95323E-02   0.00000E+00   0.10000E+00    0.17692E-02 *******         test_N_all          
.9100E+00     2.000  0.108E+01   0.89178E-02   0.00000E+00   0.10000E+00    0.50249E-02 -328.55         test_N_all          
.9200E+00     2.000  0.106E+01   0.83410E-02   0.00000E+00   0.10000E+00    0.50249E-02 -332.73         test_N_all          
.9300E+00     2.000  0.103E+01   0.77995E-02   0.00000E+00   0.10000E+00    0.50249E-02 -336.67         test_N_all          
.9400E+00     2.000  0.101E+01   0.72916E-02   0.00000E+00   0.10000E+00    0.50249E-02 -340.39         test_N_all          
.9500E+00     2.000  0.987E+00   0.68148E-02   0.00000E+00   0.10000E+00    0.50249E-02 -343.90         test_N_all          
.9600E+00     2.000  0.965E+00   0.63674E-02   0.00000E+00   0.10000E+00    0.50249E-02 -347.21         test_N_all          
.9700E+00     2.000  0.944E+00   0.59478E-02   0.00000E+00   0.10000E+00    0.50249E-02 -350.33         test_N_all          
.9800E+00     2.000  0.923E+00   0.55544E-02   0.00000E+00   0.10000E+00    0.50249E-02 -353.27         test_N_all          
.9900E+00     2.000  0.902E+00   0.51856E-02   0.00000E+00   0.10000E+00    0.50249E-02 -356.03         test_N_all          
.1000E+01     2.000  0.882E+00   0.48400E-02   0.00000E+00   0.10000E+00    0.50249E-02 -358.63         test_N_all          
.1000E-01     5.000  0.496E+03   0.44644E+00   0.00000E+00   0.10000E+00    0.50249E-02 4753.19         test_N_all          
.2000E-01     5.000  0.246E+03   0.39613E+00   0.00000E+00   0.10000E+00    0.50249E-02 3472.93         test_N_all          
.3000E-01     5.000  0.163E+03   0.37187E+00   0.00000E+00   0.10000E+00    0.50249E-02 2927.30         test_N_all          
.4000E-01     5.000  0.121E+03   0.35989E+00   0.00000E+00   0.10000E+00    0.50249E-02 2674.88         test_N_all          
.5000E-01     5.000  0.959E+02   0.35050E+00   0.00000E+00   0.10000E+00    0.50249E-02 2485.12         test_N_all          
.6000E-01     5.000  0.792E+02   0.34413E+00   0.00000E+00   0.10000E+00    0.50249E-02 2360.30         test_N_all          
.7000E-01     5.000  0.673E+02   0.33841E+00   0.00000E+00   0.10000E+00    0.50249E-02 2251.01         test_N_all          
.8000E-01     5.000  0.584E+02   0.33334E+00   0.00000E+00   0.10000E+00    0.50249E-02 2156.31         test_N_all          
.9000E-01     5.000  0.514E+02   0.32827E+00   0.00000E+00   0.10000E+00    0.50249E-02 2063.71         test_N_all          
.1000E+00     5.000  0.459E+02   0.32318E+00   0.00000E+00   0.10000E+00    0.50249E-02 1972.63         test_N_all          
.1100E+00     5.000  0.413E+02   0.31785E+00   0.00000E+00   0.10000E+00    0.50249E-02 1879.56         test_N_all          
.1200E+00     5.000  0.375E+02   0.31234E+00   0.00000E+00   0.10000E+00    0.50249E-02 1785.75         test_N_all          
.1300E+00     5.000  0.343E+02   0.30660E+00   0.00000E+00   0.10000E+00    0.50249E-02 1690.42         test_N_all          
.1400E+00     5.000  0.316E+02   0.30061E+00   0.00000E+00   0.10000E+00    0.50249E-02 1593.88         test_N_all          
.1500E+00     5.000  0.292E+02   0.29442E+00   0.00000E+00   0.10000E+00    0.50249E-02 1497.06         test_N_all          
.1600E+00     5.000  0.271E+02   0.28809E+00   0.00000E+00   0.10000E+00    0.50249E-02 1401.18         test_N_all          
.1700E+00     5.000  0.253E+02   0.28164E+00   0.00000E+00   0.10000E+00    0.50249E-02 1306.67         test_N_all          
.1800E+00     5.000  0.237E+02   0.27510E+00   0.00000E+00   0.10000E+00    0.50249E-02 1214.24         test_N_all          
.1900E+00     5.000  0.222E+02   0.26852E+00   0.00000E+00   0.10000E+00    0.50249E-02 1124.65         test_N_all          
.2000E+00     5.000  0.209E+02   0.26189E+00   0.00000E+00   0.10000E+00    0.50249E-02 1037.98         test_N_all          
.2100E+00     5.000  0.197E+02   0.25526E+00   0.00000E+00   0.10000E+00    0.50249E-02  954.70         test_N_all          
.2200E+00     5.000  0.186E+02   0.24864E+00   0.00000E+00   0.10000E+00    0.50249E-02  874.96         test_N_all          
.2300E+00     5.000  0.176E+02   0.24203E+00   0.00000E+00   0.10000E+00    0.50249E-02  798.91         test_N_all          
.2400E+00     5.000  0.167E+02   0.23544E+00   0.00000E+00   0.10000E+00    0.50249E-02  726.52         test_N_all          
.2500E+00     5.000  0.159E+02   0.22888E+00   0.00000E+00   0.10000E+00    0.50249E-02  657.79         test_N_all          
.2600E+00     5.000  0.151E+02   0.22233E+00   0.00000E+00   0.10000E+00    0.50249E-02  592.67         test_N_all          
.2700E+00     5.000  0.144E+02   0.21581E+00   0.00000E+00   0.10000E+00    0.50249E-02  531.14         test_N_all          
.2800E+00     5.000  0.137E+02   0.20931E+00   0.00000E+00   0.10000E+00    0.50249E-02  473.19         test_N_all          
.2900E+00     5.000  0.131E+02   0.20282E+00   0.00000E+00   0.10000E+00    0.50249E-02  418.71         test_N_all          
.3000E+00     5.000  0.125E+02   0.19636E+00   0.00000E+00   0.10000E+00    0.18868E-02 2608.33         test_N_all          
.3100E+00     5.000  0.120E+02   0.18992E+00   0.00000E+00   0.10000E+00    0.50249E-02  320.25         test_N_all          
.3200E+00     5.000  0.115E+02   0.18350E+00   0.00000E+00   0.10000E+00    0.50249E-02  276.16         test_N_all          
.3300E+00     5.000  0.110E+02   0.17711E+00   0.00000E+00   0.10000E+00    0.50249E-02  235.51         test_N_all          
.3400E+00     5.000  0.106E+02   0.17075E+00   0.00000E+00   0.10000E+00    0.50249E-02  198.24         test_N_all          
.3500E+00     5.000  0.102E+02   0.16442E+00   0.00000E+00   0.10000E+00    0.50249E-02  164.36         test_N_all          
.3600E+00     5.000  0.977E+01   0.15814E+00   0.00000E+00   0.10000E+00    0.50249E-02  133.85         test_N_all          
.3700E+00     5.000  0.940E+01   0.15190E+00   0.00000E+00   0.10000E+00    0.50249E-02  106.66         test_N_all          
.3800E+00     5.000  0.904E+01   0.14572E+00   0.00000E+00   0.10000E+00    0.50249E-02   82.77         test_N_all          
.3900E+00     5.000  0.870E+01   0.13960E+00   0.00000E+00   0.10000E+00    0.50249E-02   62.12         test_N_all          
.4000E+00     5.000  0.838E+01   0.13357E+00   0.00000E+00   0.10000E+00    0.17692E-02  360.04         test_N_all          
.4100E+00     5.000  0.808E+01   0.12762E+00   0.00000E+00   0.10000E+00    0.50249E-02   30.22         test_N_all          
.4200E+00     5.000  0.779E+01   0.12177E+00   0.00000E+00   0.10000E+00    0.50249E-02   18.77         test_N_all          
.4300E+00     5.000  0.751E+01   0.11603E+00   0.00000E+00   0.10000E+00    0.50249E-02   10.18         test_N_all          
.4400E+00     5.000  0.725E+01   0.11040E+00   0.00000E+00   0.10000E+00    0.50249E-02    4.28         test_N_all          
.4500E+00     5.000  0.699E+01   0.10490E+00   0.00000E+00   0.10000E+00    0.50249E-02    0.95         test_N_all          
.4600E+00     5.000  0.675E+01   0.99537E-01   0.00000E+00   0.10000E+00    0.50249E-02   -0.01         test_N_all          
.4700E+00     5.000  0.652E+01   0.94312E-01   0.00000E+00   0.10000E+00    0.50249E-02   -1.28         test_N_all          
.4800E+00     5.000  0.630E+01   0.89239E-01   0.00000E+00   0.10000E+00    0.50249E-02   -4.59         test_N_all          
.4900E+00     5.000  0.609E+01   0.84320E-01   0.00000E+00   0.10000E+00    0.50249E-02   -9.74         test_N_all          
.5000E+00     5.000  0.588E+01   0.79560E-01   0.00000E+00   0.10000E+00    0.17692E-02 -133.48         test_N_all          
.5100E+00     5.000  0.569E+01   0.74968E-01   0.00000E+00   0.10000E+00    0.50249E-02  -24.82         test_N_all          
.5200E+00     5.000  0.550E+01   0.70540E-01   0.00000E+00   0.10000E+00    0.50249E-02  -34.37         test_N_all          
.5300E+00     5.000  0.532E+01   0.66285E-01   0.00000E+00   0.10000E+00    0.50249E-02  -45.02         test_N_all          
.5400E+00     5.000  0.514E+01   0.62202E-01   0.00000E+00   0.10000E+00    0.50249E-02  -56.58         test_N_all          
.5500E+00     5.000  0.497E+01   0.58289E-01   0.00000E+00   0.10000E+00    0.50249E-02  -68.90         test_N_all          
.5600E+00     5.000  0.481E+01   0.54551E-01   0.00000E+00   0.10000E+00    0.50249E-02  -81.81         test_N_all          
.5700E+00     5.000  0.465E+01   0.50984E-01   0.00000E+00   0.10000E+00    0.50249E-02  -95.15         test_N_all          
.5800E+00     5.000  0.450E+01   0.47585E-01   0.00000E+00   0.10000E+00    0.50249E-02 -108.80         test_N_all          
.5900E+00     5.000  0.436E+01   0.44356E-01   0.00000E+00   0.10000E+00    0.50249E-02 -122.62         test_N_all          
.6000E+00     5.000  0.422E+01   0.41292E-01   0.00000E+00   0.10000E+00    0.17692E-02 *******         test_N_all          
.6100E+00     5.000  0.408E+01   0.38387E-01   0.00000E+00   0.10000E+00    0.50249E-02 -150.34         test_N_all          
.6200E+00     5.000  0.395E+01   0.35642E-01   0.00000E+00   0.10000E+00    0.50249E-02 -164.04         test_N_all          
.6300E+00     5.000  0.382E+01   0.33050E-01   0.00000E+00   0.10000E+00    0.50249E-02 -177.52         test_N_all          
.6400E+00     5.000  0.369E+01   0.30605E-01   0.00000E+00   0.10000E+00    0.50249E-02 -190.72         test_N_all          
.6500E+00     5.000  0.357E+01   0.28306E-01   0.00000E+00   0.10000E+00    0.50249E-02 -203.57         test_N_all          
.6600E+00     5.000  0.346E+01   0.26145E-01   0.00000E+00   0.10000E+00    0.50249E-02 -216.02         test_N_all          
.6700E+00     5.000  0.334E+01   0.24117E-01   0.00000E+00   0.10000E+00    0.50249E-02 -228.05         test_N_all          
.6800E+00     5.000  0.323E+01   0.22217E-01   0.00000E+00   0.10000E+00    0.50249E-02 -239.61         test_N_all          
.6900E+00     5.000  0.313E+01   0.20440E-01   0.00000E+00   0.10000E+00    0.50249E-02 -250.68         test_N_all          
.7000E+00     5.000  0.302E+01   0.18780E-01   0.00000E+00   0.10000E+00    0.17692E-02 *******         test_N_all          
.7100E+00     5.000  0.292E+01   0.17232E-01   0.00000E+00   0.10000E+00    0.50249E-02 -271.31         test_N_all          
.7200E+00     5.000  0.283E+01   0.15789E-01   0.00000E+00   0.10000E+00    0.50249E-02 -280.85         test_N_all          
.7300E+00     5.000  0.273E+01   0.14448E-01   0.00000E+00   0.10000E+00    0.50249E-02 -289.87         test_N_all          
.7400E+00     5.000  0.264E+01   0.13201E-01   0.00000E+00   0.10000E+00    0.50249E-02 -298.38         test_N_all          
.7500E+00     5.000  0.255E+01   0.12044E-01   0.00000E+00   0.10000E+00    0.50249E-02 -306.39         test_N_all          
.7600E+00     5.000  0.246E+01   0.10972E-01   0.00000E+00   0.10000E+00    0.50249E-02 -313.90         test_N_all          
.7700E+00     5.000  0.238E+01   0.99809E-02   0.00000E+00   0.10000E+00    0.50249E-02 -320.93         test_N_all          
.7800E+00     5.000  0.229E+01   0.90639E-02   0.00000E+00   0.10000E+00    0.50249E-02 -327.50         test_N_all          
.7900E+00     5.000  0.221E+01   0.82178E-02   0.00000E+00   0.10000E+00    0.50249E-02 -333.62         test_N_all          
.8000E+00     5.000  0.213E+01   0.74384E-02   0.00000E+00   0.10000E+00    0.17692E-02 *******         test_N_all          
.8100E+00     5.000  0.205E+01   0.67200E-02   0.00000E+00   0.10000E+00    0.50249E-02 -344.60         test_N_all          
.8200E+00     5.000  0.198E+01   0.60597E-02   0.00000E+00   0.10000E+00    0.50249E-02 -349.50         test_N_all          
.8300E+00     5.000  0.191E+01   0.54539E-02   0.00000E+00   0.10000E+00    0.50249E-02 -354.02         test_N_all          
.8400E+00     5.000  0.183E+01   0.48982E-02   0.00000E+00   0.10000E+00    0.50249E-02 -358.19         test_N_all          
.8500E+00     5.000  0.176E+01   0.43893E-02   0.00000E+00   0.10000E+00    0.50249E-02 -362.04         test_N_all          
.8600E+00     5.000  0.170E+01   0.39245E-02   0.00000E+00   0.10000E+00    0.50249E-02 -365.56         test_N_all          
.8700E+00     5.000  0.163E+01   0.35004E-02   0.00000E+00   0.10000E+00    0.50249E-02 -368.80         test_N_all          
.8800E+00     5.000  0.156E+01   0.31134E-02   0.00000E+00   0.10000E+00    0.50249E-02 -371.76         test_N_all          
.8900E+00     5.000  0.150E+01   0.27616E-02   0.00000E+00   0.10000E+00    0.50249E-02 -374.47         test_N_all          
.9000E+00     5.000  0.144E+01   0.24426E-02   0.00000E+00   0.10000E+00    0.17692E-02 *******         test_N_all          
.9100E+00     5.000  0.138E+01   0.21530E-02   0.00000E+00   0.10000E+00    0.50249E-02 -379.17         test_N_all          
.9200E+00     5.000  0.132E+01   0.18912E-02   0.00000E+00   0.10000E+00    0.50249E-02 -381.20         test_N_all          
.9300E+00     5.000  0.126E+01   0.16552E-02   0.00000E+00   0.10000E+00    0.50249E-02 -383.04         test_N_all          
.9400E+00     5.000  0.120E+01   0.14432E-02   0.00000E+00   0.10000E+00    0.50249E-02 -384.69         test_N_all          
.9500E+00     5.000  0.114E+01   0.12523E-02   0.00000E+00   0.10000E+00    0.50249E-02 -386.18         test_N_all          
.9600E+00     5.000  0.109E+01   0.10817E-02   0.00000E+00   0.10000E+00    0.50249E-02 -387.52         test_N_all          
.9700E+00     5.000  0.104E+01   0.92973E-03   0.00000E+00   0.10000E+00    0.50249E-02 -388.71         test_N_all          
.9800E+00     5.000  0.984E+00   0.79463E-03   0.00000E+00   0.10000E+00    0.50249E-02 -389.77         test_N_all          
.9900E+00     5.000  0.932E+00   0.67475E-03   0.00000E+00   0.10000E+00    0.50249E-02 -390.71         test_N_all          
.1000E+01     5.000  0.882E+00   0.56921E-03   0.00000E+00   0.10000E+00    0.50249E-02 -391.54         test_N_all          
.1000E-01    10.000  0.991E+03   0.52674E+00   0.00000E+00   0.10000E+00    0.50249E-02 7212.00         test_N_all          
.2000E-01    10.000  0.491E+03   0.45234E+00   0.00000E+00   0.10000E+00    0.50249E-02 4916.62         test_N_all          
.3000E-01    10.000  0.324E+03   0.41415E+00   0.00000E+00   0.10000E+00    0.50249E-02 3908.50         test_N_all          
.4000E-01    10.000  0.241E+03   0.39369E+00   0.00000E+00   0.10000E+00    0.50249E-02 3415.92         test_N_all          
.5000E-01    10.000  0.191E+03   0.37691E+00   0.00000E+00   0.10000E+00    0.50249E-02 3036.84         test_N_all          
.6000E-01    10.000  0.158E+03   0.36510E+00   0.00000E+00   0.10000E+00    0.50249E-02 2783.33         test_N_all          
.7000E-01    10.000  0.134E+03   0.35453E+00   0.00000E+00   0.10000E+00    0.50249E-02 2565.81         test_N_all          
.8000E-01    10.000  0.116E+03   0.34547E+00   0.00000E+00   0.10000E+00    0.50249E-02 2386.31         test_N_all          
.9000E-01    10.000  0.102E+03   0.33686E+00   0.00000E+00   0.10000E+00    0.50249E-02 2221.89         test_N_all          
.1000E+00    10.000  0.909E+02   0.32876E+00   0.00000E+00   0.10000E+00    0.50249E-02 2072.48         test_N_all          
.1100E+00    10.000  0.818E+02   0.32070E+00   0.00000E+00   0.10000E+00    0.50249E-02 1928.97         test_N_all          
.1200E+00    10.000  0.742E+02   0.31288E+00   0.00000E+00   0.10000E+00    0.50249E-02 1794.77         test_N_all          
.1300E+00    10.000  0.678E+02   0.30513E+00   0.00000E+00   0.10000E+00    0.50249E-02 1666.44         test_N_all          
.1400E+00    10.000  0.623E+02   0.29737E+00   0.00000E+00   0.10000E+00    0.50249E-02 1542.76         test_N_all          
.1500E+00    10.000  0.575E+02   0.28966E+00   0.00000E+00   0.10000E+00    0.50249E-02 1424.52         test_N_all          
.1600E+00    10.000  0.534E+02   0.28197E+00   0.00000E+00   0.10000E+00    0.50249E-02 1311.45         test_N_all          
.1700E+00    10.000  0.497E+02   0.27434E+00   0.00000E+00   0.10000E+00    0.50249E-02 1203.74         test_N_all          
.1800E+00    10.000  0.464E+02   0.26677E+00   0.00000E+00   0.10000E+00    0.50249E-02 1101.51         test_N_all          
.1900E+00    10.000  0.435E+02   0.25928E+00   0.00000E+00   0.10000E+00    0.50249E-02 1004.74         test_N_all          
.2000E+00    10.000  0.409E+02   0.25186E+00   0.00000E+00   0.10000E+00    0.50249E-02  913.38         test_N_all          
.2100E+00    10.000  0.385E+02   0.24453E+00   0.00000E+00   0.10000E+00    0.50249E-02  827.33         test_N_all          
.2200E+00    10.000  0.363E+02   0.23729E+00   0.00000E+00   0.10000E+00    0.50249E-02  746.46         test_N_all          
.2300E+00    10.000  0.344E+02   0.23013E+00   0.00000E+00   0.10000E+00    0.50249E-02  670.62         test_N_all          
.2400E+00    10.000  0.325E+02   0.22305E+00   0.00000E+00   0.10000E+00    0.50249E-02  599.62         test_N_all          
.2500E+00    10.000  0.309E+02   0.21604E+00   0.00000E+00   0.10000E+00    0.50249E-02  533.32         test_N_all          
.2600E+00    10.000  0.293E+02   0.20911E+00   0.00000E+00   0.10000E+00    0.50249E-02  471.48         test_N_all          
.2700E+00    10.000  0.279E+02   0.20224E+00   0.00000E+00   0.10000E+00    0.50249E-02  414.00         test_N_all          
.2800E+00    10.000  0.266E+02   0.19545E+00   0.00000E+00   0.10000E+00    0.50249E-02  360.85         test_N_all          
.2900E+00    10.000  0.254E+02   0.18872E+00   0.00000E+00   0.10000E+00    0.50249E-02  311.73         test_N_all          
.3000E+00    10.000  0.242E+02   0.18205E+00   0.00000E+00   0.10000E+00    0.18868E-02 1890.97         test_N_all          
.3100E+00    10.000  0.231E+02   0.17543E+00   0.00000E+00   0.10000E+00    0.50249E-02  225.34         test_N_all          
.3200E+00    10.000  0.221E+02   0.16887E+00   0.00000E+00   0.10000E+00    0.50249E-02  187.84         test_N_all          
.3300E+00    10.000  0.212E+02   0.16237E+00   0.00000E+00   0.10000E+00    0.50249E-02  154.06         test_N_all          
.3400E+00    10.000  0.203E+02   0.15593E+00   0.00000E+00   0.10000E+00    0.50249E-02  123.89         test_N_all          
.3500E+00    10.000  0.195E+02   0.14956E+00   0.00000E+00   0.10000E+00    0.50249E-02   97.27         test_N_all          
.3600E+00    10.000  0.187E+02   0.14326E+00   0.00000E+00   0.10000E+00    0.50249E-02   74.12         test_N_all          
.3700E+00    10.000  0.179E+02   0.13704E+00   0.00000E+00   0.10000E+00    0.50249E-02   54.35         test_N_all          
.3800E+00    10.000  0.172E+02   0.13091E+00   0.00000E+00   0.10000E+00    0.50249E-02   37.85         test_N_all          
.3900E+00    10.000  0.165E+02   0.12488E+00   0.00000E+00   0.10000E+00    0.50249E-02   24.52         test_N_all          
.4000E+00    10.000  0.159E+02   0.11895E+00   0.00000E+00   0.10000E+00    0.17692E-02  114.78         test_N_all          
.4100E+00    10.000  0.153E+02   0.11314E+00   0.00000E+00   0.10000E+00    0.50249E-02    6.84         test_N_all          
.4200E+00    10.000  0.147E+02   0.10745E+00   0.00000E+00   0.10000E+00    0.50249E-02    2.20         test_N_all          
.4300E+00    10.000  0.141E+02   0.10189E+00   0.00000E+00   0.10000E+00    0.50249E-02    0.14         test_N_all          
.4400E+00    10.000  0.136E+02   0.96466E-01   0.00000E+00   0.10000E+00    0.50249E-02   -0.49         test_N_all          
.4500E+00    10.000  0.131E+02   0.91191E-01   0.00000E+00   0.10000E+00    0.50249E-02   -3.07         test_N_all          
.4600E+00    10.000  0.126E+02   0.86066E-01   0.00000E+00   0.10000E+00    0.50249E-02   -7.69         test_N_all          
.4700E+00    10.000  0.122E+02   0.81104E-01   0.00000E+00   0.10000E+00    0.50249E-02  -14.14         test_N_all          
.4800E+00    10.000  0.117E+02   0.76305E-01   0.00000E+00   0.10000E+00    0.50249E-02  -22.24         test_N_all          
.4900E+00    10.000  0.113E+02   0.71675E-01   0.00000E+00   0.10000E+00    0.50249E-02  -31.77         test_N_all          
.5000E+00    10.000  0.109E+02   0.67219E-01   0.00000E+00   0.10000E+00    0.17692E-02 -343.33         test_N_all          
.5100E+00    10.000  0.105E+02   0.62935E-01   0.00000E+00   0.10000E+00    0.50249E-02  -54.41         test_N_all          
.5200E+00    10.000  0.101E+02   0.58831E-01   0.00000E+00   0.10000E+00    0.50249E-02  -67.12         test_N_all          
.5300E+00    10.000  0.975E+01   0.54904E-01   0.00000E+00   0.10000E+00    0.50249E-02  -80.54         test_N_all          
.5400E+00    10.000  0.940E+01   0.51154E-01   0.00000E+00   0.10000E+00    0.50249E-02  -94.49         test_N_all          
.5500E+00    10.000  0.906E+01   0.47583E-01   0.00000E+00   0.10000E+00    0.50249E-02 -108.81         test_N_all          
.5600E+00    10.000  0.874E+01   0.44188E-01   0.00000E+00   0.10000E+00    0.50249E-02 -123.37         test_N_all          
.5700E+00    10.000  0.843E+01   0.40965E-01   0.00000E+00   0.10000E+00    0.50249E-02 -138.02         test_N_all          
.5800E+00    10.000  0.812E+01   0.37916E-01   0.00000E+00   0.10000E+00    0.50249E-02 -152.65         test_N_all          
.5900E+00    10.000  0.783E+01   0.35032E-01   0.00000E+00   0.10000E+00    0.50249E-02 -167.16         test_N_all          
.6000E+00    10.000  0.755E+01   0.32313E-01   0.00000E+00   0.10000E+00    0.17692E-02 *******         test_N_all          
.6100E+00    10.000  0.728E+01   0.29754E-01   0.00000E+00   0.10000E+00    0.50249E-02 -195.42         test_N_all          
.6200E+00    10.000  0.701E+01   0.27350E-01   0.00000E+00   0.10000E+00    0.50249E-02 -209.03         test_N_all          
.6300E+00    10.000  0.675E+01   0.25095E-01   0.00000E+00   0.10000E+00    0.50249E-02 -222.21         test_N_all          
.6400E+00    10.000  0.651E+01   0.22986E-01   0.00000E+00   0.10000E+00    0.50249E-02 -234.90         test_N_all          
.6500E+00    10.000  0.627E+01   0.21014E-01   0.00000E+00   0.10000E+00    0.50249E-02 -247.08         test_N_all          
.6600E+00    10.000  0.603E+01   0.19177E-01   0.00000E+00   0.10000E+00    0.50249E-02 -258.71         test_N_all          
.6700E+00    10.000  0.581E+01   0.17466E-01   0.00000E+00   0.10000E+00    0.50249E-02 -269.78         test_N_all          
.6800E+00    10.000  0.559E+01   0.15877E-01   0.00000E+00   0.10000E+00    0.50249E-02 -280.26         test_N_all          
.6900E+00    10.000  0.537E+01   0.14404E-01   0.00000E+00   0.10000E+00    0.50249E-02 -290.17         test_N_all          
.7000E+00    10.000  0.517E+01   0.13040E-01   0.00000E+00   0.10000E+00    0.17692E-02 *******         test_N_all          
.7100E+00    10.000  0.497E+01   0.11780E-01   0.00000E+00   0.10000E+00    0.50249E-02 -308.23         test_N_all          
.7200E+00    10.000  0.477E+01   0.10618E-01   0.00000E+00   0.10000E+00    0.50249E-02 -316.40         test_N_all          
.7300E+00    10.000  0.458E+01   0.95486E-02   0.00000E+00   0.10000E+00    0.50249E-02 -324.02         test_N_all          
.7400E+00    10.000  0.440E+01   0.85657E-02   0.00000E+00   0.10000E+00    0.50249E-02 -331.10         test_N_all          
.7500E+00    10.000  0.422E+01   0.76644E-02   0.00000E+00   0.10000E+00    0.50249E-02 -337.66         test_N_all          
.7600E+00    10.000  0.404E+01   0.68403E-02   0.00000E+00   0.10000E+00    0.50249E-02 -343.71         test_N_all          
.7700E+00    10.000  0.387E+01   0.60865E-02   0.00000E+00   0.10000E+00    0.50249E-02 -349.30         test_N_all          
.7800E+00    10.000  0.370E+01   0.53997E-02   0.00000E+00   0.10000E+00    0.50249E-02 -354.42         test_N_all          
.7900E+00    10.000  0.354E+01   0.47757E-02   0.00000E+00   0.10000E+00    0.50249E-02 -359.12         test_N_all          
.8000E+00    10.000  0.338E+01   0.42085E-02   0.00000E+00   0.10000E+00    0.17692E-02 *******         test_N_all          
.8100E+00    10.000  0.323E+01   0.36953E-02   0.00000E+00   0.10000E+00    0.50249E-02 -367.31         test_N_all          
.8200E+00    10.000  0.308E+01   0.32325E-02   0.00000E+00   0.10000E+00    0.50249E-02 -370.85         test_N_all          
.8300E+00    10.000  0.293E+01   0.28147E-02   0.00000E+00   0.10000E+00    0.50249E-02 -374.06         test_N_all          
.8400E+00    10.000  0.279E+01   0.24400E-02   0.00000E+00   0.10000E+00    0.50249E-02 -376.95         test_N_all          
.8500E+00    10.000  0.265E+01   0.21048E-02   0.00000E+00   0.10000E+00    0.50249E-02 -379.54         test_N_all          
.8600E+00    10.000  0.251E+01   0.18052E-02   0.00000E+00   0.10000E+00    0.50249E-02 -381.87         test_N_all          
.8700E+00    10.000  0.238E+01   0.15393E-02   0.00000E+00   0.10000E+00    0.50249E-02 -383.94         test_N_all          
.8800E+00    10.000  0.225E+01   0.13042E-02   0.00000E+00   0.10000E+00    0.50249E-02 -385.78         test_N_all          
.8900E+00    10.000  0.212E+01   0.10965E-02   0.00000E+00   0.10000E+00    0.50249E-02 -387.40         test_N_all          
.9000E+00    10.000  0.199E+01   0.91464E-03   0.00000E+00   0.10000E+00    0.17692E-02 *******         test_N_all          
.9100E+00    10.000  0.187E+01   0.75644E-03   0.00000E+00   0.10000E+00    0.50249E-02 -390.07         test_N_all          
.9200E+00    10.000  0.175E+01   0.61890E-03   0.00000E+00   0.10000E+00    0.50249E-02 -391.15         test_N_all          
.9300E+00    10.000  0.163E+01   0.50085E-03   0.00000E+00   0.10000E+00    0.50249E-02 -392.08         test_N_all          
.9400E+00    10.000  0.152E+01   0.40050E-03   0.00000E+00   0.10000E+00    0.50249E-02 -392.87         test_N_all          
.9500E+00    10.000  0.141E+01   0.31523E-03   0.00000E+00   0.10000E+00    0.50249E-02 -393.55         test_N_all          
.9600E+00    10.000  0.130E+01   0.24413E-03   0.00000E+00   0.10000E+00    0.50249E-02 -394.11         test_N_all          
.9700E+00    10.000  0.119E+01   0.18578E-03   0.00000E+00   0.10000E+00    0.50249E-02 -394.57         test_N_all          
.9800E+00    10.000  0.109E+01   0.13783E-03   0.00000E+00   0.10000E+00    0.50249E-02 -394.95         test_N_all          
.9900E+00    10.000  0.983E+00   0.99627E-04   0.00000E+00   0.10000E+00    0.50249E-02 -395.25         test_N_all          
.1000E+01    10.000  0.882E+00   0.70031E-04   0.00000E+00   0.10000E+00    0.50249E-02 -395.49         test_N_all          
.1000E-01    20.000  0.198E+04   0.60596E+00   0.00000E+00   0.10000E+00    0.50249E-02 *******         test_N_all          
.2000E-01    20.000  0.981E+03   0.50525E+00   0.00000E+00   0.10000E+00    0.50249E-02 6503.95         test_N_all          
.3000E-01    20.000  0.648E+03   0.45243E+00   0.00000E+00   0.10000E+00    0.50249E-02 4919.12         test_N_all          
.4000E-01    20.000  0.481E+03   0.42353E+00   0.00000E+00   0.10000E+00    0.50249E-02 4145.39         test_N_all          
.5000E-01    20.000  0.381E+03   0.39950E+00   0.00000E+00   0.10000E+00    0.50249E-02 3552.38         test_N_all          
.6000E-01    20.000  0.314E+03   0.38249E+00   0.00000E+00   0.10000E+00    0.50249E-02 3160.43         test_N_all          
.7000E-01    20.000  0.267E+03   0.36731E+00   0.00000E+00   0.10000E+00    0.50249E-02 2829.85         test_N_all          
.8000E-01    20.000  0.231E+03   0.35471E+00   0.00000E+00   0.10000E+00    0.50249E-02 2569.46         test_N_all          
.9000E-01    20.000  0.203E+03   0.34304E+00   0.00000E+00   0.10000E+00    0.50249E-02 2339.34         test_N_all          
.1000E+00    20.000  0.181E+03   0.33239E+00   0.00000E+00   0.10000E+00    0.50249E-02 2138.86         test_N_all          
.1100E+00    20.000  0.163E+03   0.32215E+00   0.00000E+00   0.10000E+00    0.50249E-02 1954.56         test_N_all          
.1200E+00    20.000  0.148E+03   0.31239E+00   0.00000E+00   0.10000E+00    0.50249E-02 1786.49         test_N_all          
.1300E+00    20.000  0.135E+03   0.30297E+00   0.00000E+00   0.10000E+00    0.50249E-02 1631.54         test_N_all          
.1400E+00    20.000  0.124E+03   0.29376E+00   0.00000E+00   0.10000E+00    0.50249E-02 1486.83         test_N_all          
.1500E+00    20.000  0.114E+03   0.28481E+00   0.00000E+00   0.10000E+00    0.50249E-02 1352.67         test_N_all          
.1600E+00    20.000  0.106E+03   0.27604E+00   0.00000E+00   0.10000E+00    0.50249E-02 1227.34         test_N_all          
.1700E+00    20.000  0.985E+02   0.26747E+00   0.00000E+00   0.10000E+00    0.50249E-02 1110.76         test_N_all          
.1800E+00    20.000  0.920E+02   0.25909E+00   0.00000E+00   0.10000E+00    0.50249E-02 1002.38         test_N_all          
.1900E+00    20.000  0.861E+02   0.25088E+00   0.00000E+00   0.10000E+00    0.50249E-02  901.60         test_N_all          
.2000E+00    20.000  0.809E+02   0.24285E+00   0.00000E+00   0.10000E+00    0.50249E-02  808.13         test_N_all          
.2100E+00    20.000  0.761E+02   0.23497E+00   0.00000E+00   0.10000E+00    0.50249E-02  721.42         test_N_all          
.2200E+00    20.000  0.718E+02   0.22724E+00   0.00000E+00   0.10000E+00    0.50249E-02  641.17         test_N_all          
.2300E+00    20.000  0.678E+02   0.21965E+00   0.00000E+00   0.10000E+00    0.50249E-02  567.01         test_N_all          
.2400E+00    20.000  0.642E+02   0.21220E+00   0.00000E+00   0.10000E+00    0.50249E-02  498.55         test_N_all          
.2500E+00    20.000  0.609E+02   0.20487E+00   0.00000E+00   0.10000E+00    0.50249E-02  435.57         test_N_all          
.2600E+00    20.000  0.578E+02   0.19765E+00   0.00000E+00   0.10000E+00    0.50249E-02  377.68         test_N_all          
.2700E+00    20.000  0.550E+02   0.19055E+00   0.00000E+00   0.10000E+00    0.50249E-02  324.71         test_N_all          
.2800E+00    20.000  0.523E+02   0.18354E+00   0.00000E+00   0.10000E+00    0.50249E-02  276.42         test_N_all          
.2900E+00    20.000  0.498E+02   0.17663E+00   0.00000E+00   0.10000E+00    0.50249E-02  232.57         test_N_all          
.3000E+00    20.000  0.475E+02   0.16981E+00   0.00000E+00   0.10000E+00    0.18868E-02 1368.98         test_N_all          
.3100E+00    20.000  0.454E+02   0.16309E+00   0.00000E+00   0.10000E+00    0.50249E-02  157.65         test_N_all          
.3200E+00    20.000  0.434E+02   0.15646E+00   0.00000E+00   0.10000E+00    0.50249E-02  126.26         test_N_all          
.3300E+00    20.000  0.415E+02   0.14993E+00   0.00000E+00   0.10000E+00    0.50249E-02   98.73         test_N_all          
.3400E+00    20.000  0.397E+02   0.14349E+00   0.00000E+00   0.10000E+00    0.50249E-02   74.89         test_N_all          
.3500E+00    20.000  0.380E+02   0.13714E+00   0.00000E+00   0.10000E+00    0.50249E-02   54.64         test_N_all          
.3600E+00    20.000  0.364E+02   0.13090E+00   0.00000E+00   0.10000E+00    0.50249E-02   37.82         test_N_all          
.3700E+00    20.000  0.349E+02   0.12477E+00   0.00000E+00   0.10000E+00    0.50249E-02   24.31         test_N_all          
.3800E+00    20.000  0.335E+02   0.11876E+00   0.00000E+00   0.10000E+00    0.50249E-02   13.94         test_N_all          
.3900E+00    20.000  0.322E+02   0.11287E+00   0.00000E+00   0.10000E+00    0.50249E-02    6.56         test_N_all          
.4000E+00    20.000  0.309E+02   0.10711E+00   0.00000E+00   0.10000E+00    0.17692E-02   16.13         test_N_all          
.4100E+00    20.000  0.297E+02   0.10148E+00   0.00000E+00   0.10000E+00    0.50249E-02    0.09         test_N_all          
.4200E+00    20.000  0.285E+02   0.96003E-01   0.00000E+00   0.10000E+00    0.50249E-02   -0.63         test_N_all          
.4300E+00    20.000  0.274E+02   0.90672E-01   0.00000E+00   0.10000E+00    0.50249E-02   -3.45         test_N_all          
.4400E+00    20.000  0.263E+02   0.85501E-01   0.00000E+00   0.10000E+00    0.50249E-02   -8.33         test_N_all          
.4500E+00    20.000  0.253E+02   0.80490E-01   0.00000E+00   0.10000E+00    0.50249E-02  -15.07         test_N_all          
.4600E+00    20.000  0.244E+02   0.75649E-01   0.00000E+00   0.10000E+00    0.50249E-02  -23.48         test_N_all          
.4700E+00    20.000  0.234E+02   0.70980E-01   0.00000E+00   0.10000E+00    0.50249E-02  -33.35         test_N_all          
.4800E+00    20.000  0.225E+02   0.66483E-01   0.00000E+00   0.10000E+00    0.50249E-02  -44.49         test_N_all          
.4900E+00    20.000  0.217E+02   0.62167E-01   0.00000E+00   0.10000E+00    0.50249E-02  -56.69         test_N_all          
.5000E+00    20.000  0.209E+02   0.58030E-01   0.00000E+00   0.10000E+00    0.17692E-02 -562.78         test_N_all          
.5100E+00    20.000  0.201E+02   0.54071E-01   0.00000E+00   0.10000E+00    0.50249E-02  -83.54         test_N_all          
.5200E+00    20.000  0.193E+02   0.50295E-01   0.00000E+00   0.10000E+00    0.50249E-02  -97.84         test_N_all          
.5300E+00    20.000  0.186E+02   0.46698E-01   0.00000E+00   0.10000E+00    0.50249E-02 -112.52         test_N_all          
.5400E+00    20.000  0.179E+02   0.43280E-01   0.00000E+00   0.10000E+00    0.50249E-02 -127.41         test_N_all          
.5500E+00    20.000  0.172E+02   0.40039E-01   0.00000E+00   0.10000E+00    0.50249E-02 -142.39         test_N_all          
.5600E+00    20.000  0.166E+02   0.36971E-01   0.00000E+00   0.10000E+00    0.50249E-02 -157.33         test_N_all          
.5700E+00    20.000  0.160E+02   0.34075E-01   0.00000E+00   0.10000E+00    0.50249E-02 -172.12         test_N_all          
.5800E+00    20.000  0.154E+02   0.31345E-01   0.00000E+00   0.10000E+00    0.50249E-02 -186.67         test_N_all          
.5900E+00    20.000  0.148E+02   0.28779E-01   0.00000E+00   0.10000E+00    0.50249E-02 -200.89         test_N_all          
.6000E+00    20.000  0.142E+02   0.26370E-01   0.00000E+00   0.10000E+00    0.17692E-02 *******         test_N_all          
.6100E+00    20.000  0.137E+02   0.24114E-01   0.00000E+00   0.10000E+00    0.50249E-02 -228.06         test_N_all          
.6200E+00    20.000  0.131E+02   0.22007E-01   0.00000E+00   0.10000E+00    0.50249E-02 -240.91         test_N_all          
.6300E+00    20.000  0.126E+02   0.20041E-01   0.00000E+00   0.10000E+00    0.50249E-02 -253.20         test_N_all          
.6400E+00    20.000  0.121E+02   0.18212E-01   0.00000E+00   0.10000E+00    0.50249E-02 -264.92         test_N_all          
.6500E+00    20.000  0.117E+02   0.16513E-01   0.00000E+00   0.10000E+00    0.50249E-02 -276.05         test_N_all          
.6600E+00    20.000  0.112E+02   0.14938E-01   0.00000E+00   0.10000E+00    0.50249E-02 -286.56         test_N_all          
.6700E+00    20.000  0.107E+02   0.13481E-01   0.00000E+00   0.10000E+00    0.50249E-02 -296.46         test_N_all          
.6800E+00    20.000  0.103E+02   0.12137E-01   0.00000E+00   0.10000E+00    0.50249E-02 -305.74         test_N_all          
.6900E+00    20.000  0.987E+01   0.10899E-01   0.00000E+00   0.10000E+00    0.50249E-02 -314.42         test_N_all          
.7000E+00    20.000  0.945E+01   0.97605E-02   0.00000E+00   0.10000E+00    0.17692E-02 *******         test_N_all          
.7100E+00    20.000  0.905E+01   0.87170E-02   0.00000E+00   0.10000E+00    0.50249E-02 -330.00         test_N_all          
.7200E+00    20.000  0.866E+01   0.77622E-02   0.00000E+00   0.10000E+00    0.50249E-02 -336.94         test_N_all          
.7300E+00    20.000  0.828E+01   0.68900E-02   0.00000E+00   0.10000E+00    0.50249E-02 -343.35         test_N_all          
.7400E+00    20.000  0.791E+01   0.60962E-02   0.00000E+00   0.10000E+00    0.50249E-02 -349.22         test_N_all          
.7500E+00    20.000  0.755E+01   0.53744E-02   0.00000E+00   0.10000E+00    0.50249E-02 -354.61         test_N_all          
.7600E+00    20.000  0.720E+01   0.47203E-02   0.00000E+00   0.10000E+00    0.50249E-02 -359.53         test_N_all          
.7700E+00    20.000  0.686E+01   0.41297E-02   0.00000E+00   0.10000E+00    0.50249E-02 -364.00         test_N_all          
.7800E+00    20.000  0.652E+01   0.35964E-02   0.00000E+00   0.10000E+00    0.50249E-02 -368.07         test_N_all          
.7900E+00    20.000  0.620E+01   0.31176E-02   0.00000E+00   0.10000E+00    0.50249E-02 -371.73         test_N_all          
.8000E+00    20.000  0.588E+01   0.26891E-02   0.00000E+00   0.10000E+00    0.17692E-02 *******         test_N_all          
.8100E+00    20.000  0.557E+01   0.23061E-02   0.00000E+00   0.10000E+00    0.50249E-02 -377.98         test_N_all          
.8200E+00    20.000  0.527E+01   0.19661E-02   0.00000E+00   0.10000E+00    0.50249E-02 -380.62         test_N_all          
.8300E+00    20.000  0.498E+01   0.16648E-02   0.00000E+00   0.10000E+00    0.50249E-02 -382.96         test_N_all          
.8400E+00    20.000  0.469E+01   0.13992E-02   0.00000E+00   0.10000E+00    0.50249E-02 -385.03         test_N_all          
.8500E+00    20.000  0.441E+01   0.11669E-02   0.00000E+00   0.10000E+00    0.50249E-02 -386.85         test_N_all          
.8600E+00    20.000  0.414E+01   0.96373E-03   0.00000E+00   0.10000E+00    0.50249E-02 -388.44         test_N_all          
.8700E+00    20.000  0.387E+01   0.78799E-03   0.00000E+00   0.10000E+00    0.50249E-02 -389.82         test_N_all          
.8800E+00    20.000  0.361E+01   0.63726E-03   0.00000E+00   0.10000E+00    0.50249E-02 -391.01         test_N_all          
.8900E+00    20.000  0.335E+01   0.50824E-03   0.00000E+00   0.10000E+00    0.50249E-02 -392.02         test_N_all          
.9000E+00    20.000  0.310E+01   0.39958E-03   0.00000E+00   0.10000E+00    0.17692E-02 *******         test_N_all          
.9100E+00    20.000  0.286E+01   0.30895E-03   0.00000E+00   0.10000E+00    0.50249E-02 -393.60         test_N_all          
.9200E+00    20.000  0.262E+01   0.23392E-03   0.00000E+00   0.10000E+00    0.50249E-02 -394.19         test_N_all          
.9300E+00    20.000  0.239E+01   0.17329E-03   0.00000E+00   0.10000E+00    0.50249E-02 -394.67         test_N_all          
.9400E+00    20.000  0.216E+01   0.12482E-03   0.00000E+00   0.10000E+00    0.50249E-02 -395.05         test_N_all          
.9500E+00    20.000  0.193E+01   0.86833E-04   0.00000E+00   0.10000E+00    0.50249E-02 -395.35         test_N_all          
.9600E+00    20.000  0.172E+01   0.58284E-04   0.00000E+00   0.10000E+00    0.50249E-02 -395.58         test_N_all          
.9700E+00    20.000  0.150E+01   0.36904E-04   0.00000E+00   0.10000E+00    0.50249E-02 -395.75         test_N_all          
.9800E+00    20.000  0.129E+01   0.21824E-04   0.00000E+00   0.10000E+00    0.50249E-02 -395.87         test_N_all          
.9900E+00    20.000  0.108E+01   0.12128E-04   0.00000E+00   0.10000E+00    0.50249E-02 -395.94         test_N_all          
.1000E+01    20.000  0.882E+00   0.55921E-05   0.00000E+00   0.10000E+00    0.50249E-02 -396.00         test_N_all          
.1000E+00    50.000  0.451E+03   0.33489E+00   0.00000E+00   0.10000E+00    0.50249E-02 2185.10         test_N_all          
.1100E+00    50.000  0.405E+03   0.32219E+00   0.00000E+00   0.10000E+00    0.50249E-02 1955.17         test_N_all          
.1200E+00    50.000  0.368E+03   0.31036E+00   0.00000E+00   0.10000E+00    0.50249E-02 1752.61         test_N_all          
.1300E+00    50.000  0.335E+03   0.29921E+00   0.00000E+00   0.10000E+00    0.50249E-02 1571.59         test_N_all          
.1400E+00    50.000  0.308E+03   0.28850E+00   0.00000E+00   0.10000E+00    0.50249E-02 1407.16         test_N_all          
.1500E+00    50.000  0.284E+03   0.27829E+00   0.00000E+00   0.10000E+00    0.50249E-02 1258.87         test_N_all          
.1600E+00    50.000  0.263E+03   0.26842E+00   0.00000E+00   0.10000E+00    0.50249E-02 1123.34         test_N_all          
.1700E+00    50.000  0.245E+03   0.25891E+00   0.00000E+00   0.10000E+00    0.50249E-02 1000.11         test_N_all          
.1800E+00    50.000  0.229E+03   0.24973E+00   0.00000E+00   0.10000E+00    0.50249E-02  887.84         test_N_all          
.1900E+00    50.000  0.214E+03   0.24082E+00   0.00000E+00   0.10000E+00    0.50249E-02  785.30         test_N_all          
.2000E+00    50.000  0.201E+03   0.23218E+00   0.00000E+00   0.10000E+00    0.50249E-02  691.94         test_N_all          
.2100E+00    50.000  0.189E+03   0.22377E+00   0.00000E+00   0.10000E+00    0.50249E-02  606.70         test_N_all          
.2200E+00    50.000  0.178E+03   0.21559E+00   0.00000E+00   0.10000E+00    0.50249E-02  529.14         test_N_all          
.2300E+00    50.000  0.168E+03   0.20761E+00   0.00000E+00   0.10000E+00    0.50249E-02  458.64         test_N_all          
.2400E+00    50.000  0.159E+03   0.19982E+00   0.00000E+00   0.10000E+00    0.50249E-02  394.63         test_N_all          
.2500E+00    50.000  0.151E+03   0.19221E+00   0.00000E+00   0.10000E+00    0.50249E-02  336.75         test_N_all          
.2600E+00    50.000  0.143E+03   0.18476E+00   0.00000E+00   0.10000E+00    0.50249E-02  284.49         test_N_all          
.2700E+00    50.000  0.136E+03   0.17746E+00   0.00000E+00   0.10000E+00    0.50249E-02  237.60         test_N_all          
.2800E+00    50.000  0.129E+03   0.17030E+00   0.00000E+00   0.10000E+00    0.50249E-02  195.73         test_N_all          
.2900E+00    50.000  0.123E+03   0.16328E+00   0.00000E+00   0.10000E+00    0.50249E-02  158.58         test_N_all          
.3000E+00    50.000  0.118E+03   0.15639E+00   0.00000E+00   0.10000E+00    0.18868E-02  893.36         test_N_all          
.3100E+00    50.000  0.112E+03   0.14964E+00   0.00000E+00   0.10000E+00    0.50249E-02   97.57         test_N_all          
.3200E+00    50.000  0.107E+03   0.14301E+00   0.00000E+00   0.10000E+00    0.50249E-02   73.25         test_N_all          
.3300E+00    50.000  0.102E+03   0.13651E+00   0.00000E+00   0.10000E+00    0.50249E-02   52.78         test_N_all          
.3400E+00    50.000  0.979E+02   0.13014E+00   0.00000E+00   0.10000E+00    0.50249E-02   35.97         test_N_all          
.3500E+00    50.000  0.937E+02   0.12390E+00   0.00000E+00   0.10000E+00    0.50249E-02   22.62         test_N_all          
.3600E+00    50.000  0.898E+02   0.11780E+00   0.00000E+00   0.10000E+00    0.50249E-02   12.54         test_N_all          
.3700E+00    50.000  0.860E+02   0.11184E+00   0.00000E+00   0.10000E+00    0.50249E-02    5.55         test_N_all          
.3800E+00    50.000  0.825E+02   0.10602E+00   0.00000E+00   0.10000E+00    0.50249E-02    1.43         test_N_all          
.3900E+00    50.000  0.791E+02   0.10036E+00   0.00000E+00   0.10000E+00    0.50249E-02    0.01         test_N_all          
.4000E+00    50.000  0.759E+02   0.94851E-01   0.00000E+00   0.10000E+00    0.17692E-02   -8.47         test_N_all          
.4100E+00    50.000  0.728E+02   0.89506E-01   0.00000E+00   0.10000E+00    0.50249E-02   -4.36         test_N_all          
.4200E+00    50.000  0.699E+02   0.84326E-01   0.00000E+00   0.10000E+00    0.50249E-02   -9.73         test_N_all          
.4300E+00    50.000  0.672E+02   0.79315E-01   0.00000E+00   0.10000E+00    0.50249E-02  -16.95         test_N_all          
.4400E+00    50.000  0.645E+02   0.74478E-01   0.00000E+00   0.10000E+00    0.50249E-02  -25.80         test_N_all          
.4500E+00    50.000  0.620E+02   0.69817E-01   0.00000E+00   0.10000E+00    0.50249E-02  -36.08         test_N_all          
.4600E+00    50.000  0.596E+02   0.65336E-01   0.00000E+00   0.10000E+00    0.50249E-02  -47.59         test_N_all          
.4700E+00    50.000  0.573E+02   0.61035E-01   0.00000E+00   0.10000E+00    0.50249E-02  -60.13         test_N_all          
.4800E+00    50.000  0.550E+02   0.56916E-01   0.00000E+00   0.10000E+00    0.50249E-02  -73.51         test_N_all          
.4900E+00    50.000  0.529E+02   0.52982E-01   0.00000E+00   0.10000E+00    0.50249E-02  -87.55         test_N_all          
.5000E+00    50.000  0.509E+02   0.49228E-01   0.00000E+00   0.10000E+00    0.17692E-02 -823.57         test_N_all          
.5100E+00    50.000  0.489E+02   0.45657E-01   0.00000E+00   0.10000E+00    0.50249E-02 -116.96         test_N_all          
.5200E+00    50.000  0.470E+02   0.42266E-01   0.00000E+00   0.10000E+00    0.50249E-02 -132.01         test_N_all          
.5300E+00    50.000  0.452E+02   0.39052E-01   0.00000E+00   0.10000E+00    0.50249E-02 -147.12         test_N_all          
.5400E+00    50.000  0.435E+02   0.36013E-01   0.00000E+00   0.10000E+00    0.50249E-02 -162.15         test_N_all          
.5500E+00    50.000  0.418E+02   0.33146E-01   0.00000E+00   0.10000E+00    0.50249E-02 -177.01         test_N_all          
.5600E+00    50.000  0.402E+02   0.30446E-01   0.00000E+00   0.10000E+00    0.50249E-02 -191.60         test_N_all          
.5700E+00    50.000  0.386E+02   0.27909E-01   0.00000E+00   0.10000E+00    0.50249E-02 -205.83         test_N_all          
.5800E+00    50.000  0.371E+02   0.25531E-01   0.00000E+00   0.10000E+00    0.50249E-02 -219.63         test_N_all          
.5900E+00    50.000  0.356E+02   0.23306E-01   0.00000E+00   0.10000E+00    0.50249E-02 -232.95         test_N_all          
.6000E+00    50.000  0.342E+02   0.21229E-01   0.00000E+00   0.10000E+00    0.17692E-02 *******         test_N_all          
.6100E+00    50.000  0.328E+02   0.19294E-01   0.00000E+00   0.10000E+00    0.50249E-02 -257.96         test_N_all          
.6200E+00    50.000  0.315E+02   0.17495E-01   0.00000E+00   0.10000E+00    0.50249E-02 -269.59         test_N_all          
.6300E+00    50.000  0.302E+02   0.15827E-01   0.00000E+00   0.10000E+00    0.50249E-02 -280.60         test_N_all          
.6400E+00    50.000  0.290E+02   0.14282E-01   0.00000E+00   0.10000E+00    0.50249E-02 -290.99         test_N_all          
.6500E+00    50.000  0.278E+02   0.12857E-01   0.00000E+00   0.10000E+00    0.50249E-02 -300.75         test_N_all          
.6600E+00    50.000  0.266E+02   0.11542E-01   0.00000E+00   0.10000E+00    0.50249E-02 -309.89         test_N_all          
.6700E+00    50.000  0.255E+02   0.10334E-01   0.00000E+00   0.10000E+00    0.50249E-02 -318.41         test_N_all          
.6800E+00    50.000  0.244E+02   0.92264E-02   0.00000E+00   0.10000E+00    0.50249E-02 -326.33         test_N_all          
.6900E+00    50.000  0.233E+02   0.82119E-02   0.00000E+00   0.10000E+00    0.50249E-02 -333.67         test_N_all          
.7000E+00    50.000  0.223E+02   0.72860E-02   0.00000E+00   0.10000E+00    0.17692E-02 *******         test_N_all          
.7100E+00    50.000  0.213E+02   0.64431E-02   0.00000E+00   0.10000E+00    0.50249E-02 -346.65         test_N_all          
.7200E+00    50.000  0.203E+02   0.56767E-02   0.00000E+00   0.10000E+00    0.50249E-02 -352.35         test_N_all          
.7300E+00    50.000  0.194E+02   0.49832E-02   0.00000E+00   0.10000E+00    0.50249E-02 -357.55         test_N_all          
.7400E+00    50.000  0.184E+02   0.43560E-02   0.00000E+00   0.10000E+00    0.50249E-02 -362.29         test_N_all          
.7500E+00    50.000  0.175E+02   0.37911E-02   0.00000E+00   0.10000E+00    0.50249E-02 -366.58         test_N_all          
.7600E+00    50.000  0.167E+02   0.32843E-02   0.00000E+00   0.10000E+00    0.50249E-02 -370.45         test_N_all          
.7700E+00    50.000  0.158E+02   0.28300E-02   0.00000E+00   0.10000E+00    0.50249E-02 -373.94         test_N_all          
.7800E+00    50.000  0.150E+02   0.24254E-02   0.00000E+00   0.10000E+00    0.50249E-02 -377.06         test_N_all          
.7900E+00    50.000  0.142E+02   0.20658E-02   0.00000E+00   0.10000E+00    0.50249E-02 -379.85         test_N_all          
.8000E+00    50.000  0.134E+02   0.17477E-02   0.00000E+00   0.10000E+00    0.17692E-02 *******         test_N_all          
.8100E+00    50.000  0.126E+02   0.14681E-02   0.00000E+00   0.10000E+00    0.50249E-02 -384.50         test_N_all          
.8200E+00    50.000  0.119E+02   0.12226E-02   0.00000E+00   0.10000E+00    0.50249E-02 -386.42         test_N_all          
.8300E+00    50.000  0.111E+02   0.10092E-02   0.00000E+00   0.10000E+00    0.50249E-02 -388.09         test_N_all          
.8400E+00    50.000  0.104E+02   0.82467E-03   0.00000E+00   0.10000E+00    0.50249E-02 -389.53         test_N_all          
.8500E+00    50.000  0.971E+01   0.66590E-03   0.00000E+00   0.10000E+00    0.50249E-02 -390.78         test_N_all          
.8600E+00    50.000  0.902E+01   0.53115E-03   0.00000E+00   0.10000E+00    0.50249E-02 -391.84         test_N_all          
.8700E+00    50.000  0.835E+01   0.41710E-03   0.00000E+00   0.10000E+00    0.50249E-02 -392.74         test_N_all          
.8800E+00    50.000  0.770E+01   0.32208E-03   0.00000E+00   0.10000E+00    0.50249E-02 -393.49         test_N_all          
.8900E+00    50.000  0.706E+01   0.24408E-03   0.00000E+00   0.10000E+00    0.50249E-02 -394.11         test_N_all          
.9000E+00    50.000  0.644E+01   0.18044E-03   0.00000E+00   0.10000E+00    0.17692E-02 *******         test_N_all          
.9100E+00    50.000  0.583E+01   0.13003E-03   0.00000E+00   0.10000E+00    0.50249E-02 -395.01         test_N_all          
.9200E+00    50.000  0.523E+01   0.90587E-04   0.00000E+00   0.10000E+00    0.50249E-02 -395.32         test_N_all          
.9300E+00    50.000  0.465E+01   0.60533E-04   0.00000E+00   0.10000E+00    0.50249E-02 -395.56         test_N_all          
.9400E+00    50.000  0.407E+01   0.38772E-04   0.00000E+00   0.10000E+00    0.50249E-02 -395.73         test_N_all          
.9500E+00    50.000  0.351E+01   0.22918E-04   0.00000E+00   0.10000E+00    0.50249E-02 -395.86         test_N_all          
.9600E+00    50.000  0.297E+01   0.12511E-04   0.00000E+00   0.10000E+00    0.50249E-02 -395.94         test_N_all          
.9700E+00    50.000  0.243E+01   0.61249E-05   0.00000E+00   0.10000E+00    0.50249E-02 -395.99         test_N_all          
.9800E+00    50.000  0.190E+01   0.23286E-05   0.00000E+00   0.10000E+00    0.50249E-02 -396.02         test_N_all          
.9900E+00    50.000  0.139E+01   0.77768E-06   0.00000E+00   0.10000E+00    0.50249E-02 -396.03         test_N_all          
.1000E+01    50.000  0.882E+00   0.60565E-06   0.00000E+00   0.10000E+00    0.50249E-02 -396.03         test_N_all          
.1000E+00   100.000  0.901E+03   0.33559E+00   0.00000E+00   0.10000E+00    0.50249E-02 2198.20         test_N_all          
.1100E+00   100.000  0.810E+03   0.32135E+00   0.00000E+00   0.10000E+00    0.50249E-02 1940.38         test_N_all          
.1200E+00   100.000  0.734E+03   0.30825E+00   0.00000E+00   0.10000E+00    0.50249E-02 1717.48         test_N_all          
.1300E+00   100.000  0.670E+03   0.29602E+00   0.00000E+00   0.10000E+00    0.50249E-02 1521.67         test_N_all          
.1400E+00   100.000  0.615E+03   0.28439E+00   0.00000E+00   0.10000E+00    0.50249E-02 1346.56         test_N_all          
.1500E+00   100.000  0.568E+03   0.27342E+00   0.00000E+00   0.10000E+00    0.50249E-02 1191.10         test_N_all          
.1600E+00   100.000  0.526E+03   0.26289E+00   0.00000E+00   0.10000E+00    0.50249E-02 1050.82         test_N_all          
.1700E+00   100.000  0.489E+03   0.25282E+00   0.00000E+00   0.10000E+00    0.50249E-02  924.94         test_N_all          
.1800E+00   100.000  0.456E+03   0.24316E+00   0.00000E+00   0.10000E+00    0.50249E-02  811.66         test_N_all          
.1900E+00   100.000  0.427E+03   0.23384E+00   0.00000E+00   0.10000E+00    0.50249E-02  709.38         test_N_all          
.2000E+00   100.000  0.401E+03   0.22485E+00   0.00000E+00   0.10000E+00    0.50249E-02  617.36         test_N_all          
.2100E+00   100.000  0.377E+03   0.21614E+00   0.00000E+00   0.10000E+00    0.50249E-02  534.24         test_N_all          
.2200E+00   100.000  0.355E+03   0.20771E+00   0.00000E+00   0.10000E+00    0.50249E-02  459.46         test_N_all          
.2300E+00   100.000  0.336E+03   0.19952E+00   0.00000E+00   0.10000E+00    0.50249E-02  392.26         test_N_all          
.2400E+00   100.000  0.318E+03   0.19155E+00   0.00000E+00   0.10000E+00    0.50249E-02  331.95         test_N_all          
.2500E+00   100.000  0.301E+03   0.18380E+00   0.00000E+00   0.10000E+00    0.50249E-02  278.10         test_N_all          
.2600E+00   100.000  0.285E+03   0.17623E+00   0.00000E+00   0.10000E+00    0.50249E-02  230.12         test_N_all          
.2700E+00   100.000  0.271E+03   0.16884E+00   0.00000E+00   0.10000E+00    0.50249E-02  187.70         test_N_all          
.2800E+00   100.000  0.258E+03   0.16163E+00   0.00000E+00   0.10000E+00    0.50249E-02  150.43         test_N_all          
.2900E+00   100.000  0.246E+03   0.15458E+00   0.00000E+00   0.10000E+00    0.50249E-02  117.98         test_N_all          
.3000E+00   100.000  0.234E+03   0.14769E+00   0.00000E+00   0.10000E+00    0.18868E-02  638.88         test_N_all          
.3100E+00   100.000  0.223E+03   0.14095E+00   0.00000E+00   0.10000E+00    0.50249E-02   66.42         test_N_all          
.3200E+00   100.000  0.213E+03   0.13437E+00   0.00000E+00   0.10000E+00    0.50249E-02   46.78         test_N_all          
.3300E+00   100.000  0.204E+03   0.12794E+00   0.00000E+00   0.10000E+00    0.50249E-02   30.91         test_N_all          
.3400E+00   100.000  0.195E+03   0.12165E+00   0.00000E+00   0.10000E+00    0.50249E-02   18.57         test_N_all          
.3500E+00   100.000  0.187E+03   0.11553E+00   0.00000E+00   0.10000E+00    0.50249E-02    9.55         test_N_all          
.3600E+00   100.000  0.179E+03   0.10956E+00   0.00000E+00   0.10000E+00    0.50249E-02    3.62         test_N_all          
.3700E+00   100.000  0.171E+03   0.10375E+00   0.00000E+00   0.10000E+00    0.50249E-02    0.56         test_N_all          
.3800E+00   100.000  0.164E+03   0.98100E-01   0.00000E+00   0.10000E+00    0.50249E-02   -0.14         test_N_all          
.3900E+00   100.000  0.157E+03   0.92620E-01   0.00000E+00   0.10000E+00    0.50249E-02   -2.16         test_N_all          
.4000E+00   100.000  0.151E+03   0.87309E-01   0.00000E+00   0.10000E+00    0.17692E-02  -51.46         test_N_all          
.4100E+00   100.000  0.145E+03   0.82174E-01   0.00000E+00   0.10000E+00    0.50249E-02  -12.59         test_N_all          
.4200E+00   100.000  0.139E+03   0.77214E-01   0.00000E+00   0.10000E+00    0.50249E-02  -20.56         test_N_all          
.4300E+00   100.000  0.133E+03   0.72434E-01   0.00000E+00   0.10000E+00    0.50249E-02  -30.09         test_N_all          
.4400E+00   100.000  0.128E+03   0.67837E-01   0.00000E+00   0.10000E+00    0.50249E-02  -40.97         test_N_all          
.4500E+00   100.000  0.123E+03   0.63421E-01   0.00000E+00   0.10000E+00    0.50249E-02  -52.99         test_N_all          
.4600E+00   100.000  0.118E+03   0.59191E-01   0.00000E+00   0.10000E+00    0.50249E-02  -65.95         test_N_all          
.4700E+00   100.000  0.114E+03   0.55146E-01   0.00000E+00   0.10000E+00    0.50249E-02  -79.68         test_N_all          
.4800E+00   100.000  0.109E+03   0.51285E-01   0.00000E+00   0.10000E+00    0.50249E-02  -93.99         test_N_all          
.4900E+00   100.000  0.105E+03   0.47608E-01   0.00000E+00   0.10000E+00    0.50249E-02 -108.71         test_N_all          
.5000E+00   100.000  0.101E+03   0.44113E-01   0.00000E+00   0.10000E+00    0.17692E-02 -997.87         test_N_all          
.5100E+00   100.000  0.970E+02   0.40799E-01   0.00000E+00   0.10000E+00    0.50249E-02 -138.80         test_N_all          
.5200E+00   100.000  0.932E+02   0.37662E-01   0.00000E+00   0.10000E+00    0.50249E-02 -153.90         test_N_all          
.5300E+00   100.000  0.896E+02   0.34699E-01   0.00000E+00   0.10000E+00    0.50249E-02 -168.88         test_N_all          
.5400E+00   100.000  0.861E+02   0.31906E-01   0.00000E+00   0.10000E+00    0.50249E-02 -183.63         test_N_all          
.5500E+00   100.000  0.827E+02   0.29279E-01   0.00000E+00   0.10000E+00    0.50249E-02 -198.08         test_N_all          
.5600E+00   100.000  0.795E+02   0.26814E-01   0.00000E+00   0.10000E+00    0.50249E-02 -212.13         test_N_all          
.5700E+00   100.000  0.763E+02   0.24505E-01   0.00000E+00   0.10000E+00    0.50249E-02 -225.72         test_N_all          
.5800E+00   100.000  0.733E+02   0.22346E-01   0.00000E+00   0.10000E+00    0.50249E-02 -238.81         test_N_all          
.5900E+00   100.000  0.704E+02   0.20334E-01   0.00000E+00   0.10000E+00    0.50249E-02 -251.35         test_N_all          
.6000E+00   100.000  0.675E+02   0.18461E-01   0.00000E+00   0.10000E+00    0.17692E-02 *******         test_N_all          
.6100E+00   100.000  0.648E+02   0.16722E-01   0.00000E+00   0.10000E+00    0.50249E-02 -274.66         test_N_all          
.6200E+00   100.000  0.622E+02   0.15110E-01   0.00000E+00   0.10000E+00    0.50249E-02 -285.40         test_N_all          
.6300E+00   100.000  0.596E+02   0.13621E-01   0.00000E+00   0.10000E+00    0.50249E-02 -295.50         test_N_all          
.6400E+00   100.000  0.571E+02   0.12246E-01   0.00000E+00   0.10000E+00    0.50249E-02 -304.98         test_N_all          
.6500E+00   100.000  0.547E+02   0.10982E-01   0.00000E+00   0.10000E+00    0.50249E-02 -313.83         test_N_all          
.6600E+00   100.000  0.524E+02   0.98199E-02   0.00000E+00   0.10000E+00    0.50249E-02 -322.08         test_N_all          
.6700E+00   100.000  0.501E+02   0.87556E-02   0.00000E+00   0.10000E+00    0.50249E-02 -329.72         test_N_all          
.6800E+00   100.000  0.479E+02   0.77833E-02   0.00000E+00   0.10000E+00    0.50249E-02 -336.79         test_N_all          
.6900E+00   100.000  0.458E+02   0.68961E-02   0.00000E+00   0.10000E+00    0.50249E-02 -343.30         test_N_all          
.7000E+00   100.000  0.437E+02   0.60898E-02   0.00000E+00   0.10000E+00    0.17692E-02 *******         test_N_all          
.7100E+00   100.000  0.417E+02   0.53581E-02   0.00000E+00   0.10000E+00    0.50249E-02 -354.74         test_N_all          
.7200E+00   100.000  0.398E+02   0.46960E-02   0.00000E+00   0.10000E+00    0.50249E-02 -359.72         test_N_all          
.7300E+00   100.000  0.379E+02   0.40994E-02   0.00000E+00   0.10000E+00    0.50249E-02 -364.23         test_N_all          
.7400E+00   100.000  0.360E+02   0.35619E-02   0.00000E+00   0.10000E+00    0.50249E-02 -368.33         test_N_all          
.7500E+00   100.000  0.342E+02   0.30806E-02   0.00000E+00   0.10000E+00    0.50249E-02 -372.01         test_N_all          
.7600E+00   100.000  0.325E+02   0.26504E-02   0.00000E+00   0.10000E+00    0.50249E-02 -375.32         test_N_all          
.7700E+00   100.000  0.308E+02   0.22673E-02   0.00000E+00   0.10000E+00    0.50249E-02 -378.28         test_N_all          
.7800E+00   100.000  0.291E+02   0.19282E-02   0.00000E+00   0.10000E+00    0.50249E-02 -380.91         test_N_all          
.7900E+00   100.000  0.275E+02   0.16280E-02   0.00000E+00   0.10000E+00    0.50249E-02 -383.25         test_N_all          
.8000E+00   100.000  0.259E+02   0.13647E-02   0.00000E+00   0.10000E+00    0.17692E-02 *******         test_N_all          
.8100E+00   100.000  0.243E+02   0.11346E-02   0.00000E+00   0.10000E+00    0.50249E-02 -387.10         test_N_all          
.8200E+00   100.000  0.228E+02   0.93451E-03   0.00000E+00   0.10000E+00    0.50249E-02 -388.67         test_N_all          
.8300E+00   100.000  0.214E+02   0.76236E-03   0.00000E+00   0.10000E+00    0.50249E-02 -390.02         test_N_all          
.8400E+00   100.000  0.199E+02   0.61419E-03   0.00000E+00   0.10000E+00    0.50249E-02 -391.19         test_N_all          
.8500E+00   100.000  0.185E+02   0.48863E-03   0.00000E+00   0.10000E+00    0.50249E-02 -392.18         test_N_all          
.8600E+00   100.000  0.172E+02   0.38310E-03   0.00000E+00   0.10000E+00    0.50249E-02 -393.01         test_N_all          
.8700E+00   100.000  0.158E+02   0.29504E-03   0.00000E+00   0.10000E+00    0.50249E-02 -393.71         test_N_all          
.8800E+00   100.000  0.145E+02   0.22309E-03   0.00000E+00   0.10000E+00    0.50249E-02 -394.27         test_N_all          
.8900E+00   100.000  0.132E+02   0.16456E-03   0.00000E+00   0.10000E+00    0.50249E-02 -394.74         test_N_all          
.9000E+00   100.000  0.120E+02   0.11818E-03   0.00000E+00   0.10000E+00    0.17692E-02 *******         test_N_all          
.9100E+00   100.000  0.108E+02   0.82276E-04   0.00000E+00   0.10000E+00    0.50249E-02 -395.39         test_N_all          
.9200E+00   100.000  0.958E+01   0.54790E-04   0.00000E+00   0.10000E+00    0.50249E-02 -395.61         test_N_all          
.9300E+00   100.000  0.841E+01   0.34916E-04   0.00000E+00   0.10000E+00    0.50249E-02 -395.76         test_N_all          
.9400E+00   100.000  0.726E+01   0.20713E-04   0.00000E+00   0.10000E+00    0.50249E-02 -395.88         test_N_all          
.9500E+00   100.000  0.614E+01   0.11237E-04   0.00000E+00   0.10000E+00    0.50249E-02 -395.95         test_N_all          
.9600E+00   100.000  0.505E+01   0.55866E-05   0.00000E+00   0.10000E+00    0.50249E-02 -396.00         test_N_all          
.9700E+00   100.000  0.397E+01   0.21384E-05   0.00000E+00   0.10000E+00    0.50249E-02 -396.02         test_N_all          
.9800E+00   100.000  0.292E+01   0.69355E-06   0.00000E+00   0.10000E+00    0.50249E-02 -396.03         test_N_all          
.9900E+00   100.000  0.189E+01   0.50289E-06   0.00000E+00   0.10000E+00    0.50249E-02 -396.04         test_N_all          
.1000E+01   100.000  0.882E+00   0.68158E-06   0.00000E+00   0.10000E+00    0.50249E-02 -396.03         test_N_all          



 CHI SQUARE=******** FOR  582 POINTS   CHISQ/NPTS=  684.07
 Signed chisquare total =********
 Modified residual =********


Summary normalization chi2 contributions

 data set     normalization        error         chisq


Summary chi2 per data set

 data set                chisq    _w     signd    _w     resid     _w   npts   chisq/pts  _w
test_N_all            398129.5        113414.5        ********           582  684.07
------------------------------------------------------------------------------------
          TOTAL       398129.5398129.5113414.5     0.0****************   582  684.07  684.07
          TOTAL+norm  398129.5398129.5                                   582  684.07  684.07



            Momentum Sum Rule Check


      q2      alphas      xuv       xdv       xub       xdb       xsb       xcb       xbb      xglue     total
      1.69    0.3845    0.3198    0.1345    0.0573    0.0680    0.0251    0.0000    0.0000    0.3956    1.0002
    100.00    0.1784    0.2253    0.0948    0.0663    0.0739    0.0436    0.0260    0.0088    0.4585    0.9972
   1000.00    0.1407    0.0000    0.0000    0.0000    0.0000    0.0000    0.0000    0.0000    0.0000    0.0000
   8315.00    0.1180    0.0000    0.0000    0.0000    0.0000    0.0000    0.0000    0.0000    0.0000    0.0000


 Vector Boson Cross Sections

 sqrt(s)   sigma(W)    error    theory

   1960.     2.865     0.063       0.000     D0

   1960.     2.749     0.054       0.000     CDF

   7000.     9.95      0.29        0.000     CMS

   7000.     9.96      0.55        0.000     ATLAS

 sqrt(s)   sigma(Z)    error    theory

   1960.     .2649     .0094       0.000     D0

   1960.     .2549     .0057       0.000     CDF

   7000.     .931      0.035       0.000     CMS

   7000.     .82       0.08        0.000     ATLAS


