 Correlated errors added in quadrature with statistical errors
 test_P_all           DIS data with   1.69< Q2 < 0.500D+03 and 0.000 < xB < 1.000 and   0.00< W2 < 0.100D+05 and 0.000 < y < 1.000
   GP TMC applied
   no HT corrections

# fitpack15: fit output
# CJ15 AV18 final data choices                                                 

Parametrization  -7 used here

 S-ACOT scheme used  for NC DIS

 charm mass =     1.30 GeV     bottom mass =     4.50 GeV



 THIS IS A NEXT TO LEADING ORDER FIT

 Q02=    1.69
         1  LAMBDA      VALUE=   0.22680      WEIGHT=    0.0000    
         2  a0uv        VALUE=    1.6561      WEIGHT=    0.0000    
         3  a1uv        VALUE=   0.53712      WEIGHT=   0.38426E-01
         4  a2uv        VALUE=    3.6105      WEIGHT=   0.15159E-01
         5  a3uv        VALUE=    0.0000      WEIGHT=    0.0000    
         6  a4uv        VALUE=    5.9043      WEIGHT=    1.2922    
         7  a5uv        VALUE=    0.0000      WEIGHT=    0.0000    
         8  a0dv        VALUE=    23.449      WEIGHT=    0.0000    
         9  a1dv        VALUE=    1.1502      WEIGHT=   0.44618E-01
        10  a2dv        VALUE=    6.7310      WEIGHT=   0.27571    
        11  a3dv        VALUE=   -3.4416      WEIGHT=   0.13943    
        12  a4dv        VALUE=    4.7296      WEIGHT=   0.22614    
        13  a5dv        VALUE=    0.0000      WEIGHT=    0.0000    
        14  a0ud        VALUE=   0.13835      WEIGHT=   0.55148E-02
        15  a1ud        VALUE=  -0.21346      WEIGHT=   0.42291E-02
        16  a2ud        VALUE=    8.9602      WEIGHT=   0.22660    
        17  a3ud        VALUE=    0.0000      WEIGHT=    0.0000    
        18  a4ud        VALUE=    18.072      WEIGHT=    1.8276    
        19  a5ud        VALUE=    0.0000      WEIGHT=    0.0000    
        20  a0du        VALUE=    35712.      WEIGHT=    0.0000    
        21  a1du        VALUE=    4.2088      WEIGHT=   0.13642    
        22  a2du        VALUE=    20.967      WEIGHT=    1.3201    
        23  a3du        VALUE=    17.000      WEIGHT=    0.0000    
        24  a4du        VALUE=    67.933      WEIGHT=    20.151    
        25  a0g         VALUE=    46.885      WEIGHT=    0.0000    
        26  a1g         VALUE=   0.60461      WEIGHT=   0.28838E-01
        27  a2g         VALUE=    5.6714      WEIGHT=   0.69859    
        28  a3g         VALUE=   -3.4408      WEIGHT=   0.11503    
        29  a4g         VALUE=    3.2844      WEIGHT=   0.24502    
        30  a5g         VALUE=    0.0000      WEIGHT=    0.0000    
        31  kappa       VALUE=   0.40000      WEIGHT=    0.0000    
        32  a6dv        VALUE=   0.27927E-02  WEIGHT=   0.23257E-02
        33  a7dv        VALUE=    2.0000      WEIGHT=    0.0000    
        34  off1        VALUE=  -0.22864      WEIGHT=   0.13653    
        35  off2        VALUE=    3.5442      WEIGHT=    1.6446    
        36  off3        VALUE=   -20.467      WEIGHT=    6.3252    
        37  off4        VALUE=    25.289      WEIGHT=    6.6921    
        38  ht1         VALUE=   -3.8344      WEIGHT=    1.0833    
        39  ht2         VALUE=    2.2252      WEIGHT=   0.22154    
        40  ht3         VALUE=   -2.1245      WEIGHT=   0.32141E-01
        41  ht4         VALUE=    2.6253      WEIGHT=   0.16940    
        42  dummy42     VALUE=    0.0000      WEIGHT=    0.0000    
        43  dummy43     VALUE=    0.0000      WEIGHT=    0.0000    
        44  dummy44     VALUE=    0.0000      WEIGHT=    0.0000    
        45  dummy45     VALUE=    0.0000      WEIGHT=    0.0000    
        46  dummy46     VALUE=    0.0000      WEIGHT=    0.0000    
        47  dummy47     VALUE=    0.0000      WEIGHT=    0.0000    
        48  dummy48     VALUE=    0.0000      WEIGHT=    0.0000    
        49  dummy49     VALUE=    0.0000      WEIGHT=    0.0000    
        50  bcdmsh2     VALUE=   0.97201      WEIGHT=   0.49533E-02
        51  bcdmsd2     VALUE=   0.99509      WEIGHT=   0.59385E-02
        52  ccfr        VALUE=    1.0000      WEIGHT=    0.0000    
        53  nutev       VALUE=    1.0000      WEIGHT=    0.0000    
        54  zeus        VALUE=   0.97998      WEIGHT=    0.0000    
        55  h1          VALUE=    1.0162      WEIGHT=    0.0000    
        56  e605        VALUE=    1.0319      WEIGHT=    0.0000    
        57  NmcH2       VALUE=    1.0091      WEIGHT=   0.72409E-02
        58  ntv_nu      VALUE=    1.0000      WEIGHT=    0.0000    
        59  ntv_nuba    VALUE=    1.0000      WEIGHT=    0.0000    
        60  cdf_jet     VALUE=   0.98910      WEIGHT=    0.0000    
        61  d0_jet      VALUE=   0.83504      WEIGHT=    0.0000    
        62  slac_p      VALUE=    1.0023      WEIGHT=   0.49939E-02
        63  slac_d      VALUE=    1.0036      WEIGHT=   0.54242E-02
        64  e866pp      VALUE=   0.99894      WEIGHT=   0.24769E-01
        65  e866pd      VALUE=   0.96078      WEIGHT=   0.20225E-01
        66  d0_gamje    VALUE=    1.0399      WEIGHT=   0.16646E-01
        67  h1b         VALUE=   0.97608      WEIGHT=    0.0000    
        68  jlab_p      VALUE=   0.98493      WEIGHT=   0.59083E-02
        69  jlab_d      VALUE=   0.97889      WEIGHT=   0.61200E-02
        70  blank       VALUE=    1.0000      WEIGHT=    0.0000    
        71  d0run2      VALUE=   0.95154      WEIGHT=   0.15446E-01
        72  cdfrun2     VALUE=   0.93632      WEIGHT=   0.17807E-01
        73  HERA_el     VALUE=    1.0000      WEIGHT=    0.0000    
        74  HERA_ps     VALUE=    1.0000      WEIGHT=    0.0000    
        75  CDF_Z       VALUE=   0.95641      WEIGHT=   0.69007E-02
        76  NmcRat      VALUE=    1.0000      WEIGHT=    0.0000    
        77  BNS_F2nd    VALUE=   0.94273      WEIGHT=   0.88102E-02
        78  HERMES_F    VALUE=   0.99572      WEIGHT=   0.57078E-02
        79  HERMES_F    VALUE=   0.97946      WEIGHT=   0.59212E-02
0THE TOLERANCE IS    0.1000
 THE MAXIMUM NUMBER OF STEPS IS 100
0THE INITIAL CHI SQUARED IS  6.46813E+05



     X        Q2         W2       THEORY        error         DATA           ERROR        chi^2     _w    ITYPE
.1000E-01     2.000  0.199E+03   0.35376E+00   0.00000E+00   0.10000E+00    0.50249E-02 2550.34         test_P_all          
.2000E-01     2.000  0.989E+02   0.33545E+00   0.00000E+00   0.10000E+00    0.50249E-02 2195.47         test_P_all          
.3000E-01     2.000  0.655E+02   0.33158E+00   0.00000E+00   0.10000E+00    0.50249E-02 2123.88         test_P_all          
.4000E-01     2.000  0.489E+02   0.33492E+00   0.00000E+00   0.10000E+00    0.50249E-02 2185.56         test_P_all          
.5000E-01     2.000  0.389E+02   0.33877E+00   0.00000E+00   0.10000E+00    0.50249E-02 2257.87         test_P_all          
.6000E-01     2.000  0.322E+02   0.34361E+00   0.00000E+00   0.10000E+00    0.50249E-02 2350.30         test_P_all          
.7000E-01     2.000  0.275E+02   0.34785E+00   0.00000E+00   0.10000E+00    0.50249E-02 2432.86         test_P_all          
.8000E-01     2.000  0.239E+02   0.35144E+00   0.00000E+00   0.10000E+00    0.50249E-02 2503.82         test_P_all          
.9000E-01     2.000  0.211E+02   0.35450E+00   0.00000E+00   0.10000E+00    0.50249E-02 2565.15         test_P_all          
.1000E+00     2.000  0.189E+02   0.35686E+00   0.00000E+00   0.10000E+00    0.50249E-02 2613.05         test_P_all          
.1100E+00     2.000  0.171E+02   0.35882E+00   0.00000E+00   0.10000E+00    0.50249E-02 2653.08         test_P_all          
.1200E+00     2.000  0.155E+02   0.36029E+00   0.00000E+00   0.10000E+00    0.50249E-02 2683.16         test_P_all          
.1300E+00     2.000  0.143E+02   0.36129E+00   0.00000E+00   0.10000E+00    0.50249E-02 2703.80         test_P_all          
.1400E+00     2.000  0.132E+02   0.36199E+00   0.00000E+00   0.10000E+00    0.50249E-02 2718.30         test_P_all          
.1500E+00     2.000  0.122E+02   0.36226E+00   0.00000E+00   0.10000E+00    0.50249E-02 2724.02         test_P_all          
.1600E+00     2.000  0.114E+02   0.36218E+00   0.00000E+00   0.10000E+00    0.50249E-02 2722.24         test_P_all          
.1700E+00     2.000  0.106E+02   0.36172E+00   0.00000E+00   0.10000E+00    0.50249E-02 2712.77         test_P_all          
.1800E+00     2.000  0.999E+01   0.36087E+00   0.00000E+00   0.10000E+00    0.50249E-02 2695.25         test_P_all          
.1900E+00     2.000  0.941E+01   0.35964E+00   0.00000E+00   0.10000E+00    0.50249E-02 2669.75         test_P_all          
.2000E+00     2.000  0.888E+01   0.35801E+00   0.00000E+00   0.10000E+00    0.50249E-02 2636.37         test_P_all          
.2100E+00     2.000  0.841E+01   0.35598E+00   0.00000E+00   0.10000E+00    0.50249E-02 2595.01         test_P_all          
.2200E+00     2.000  0.797E+01   0.35354E+00   0.00000E+00   0.10000E+00    0.50249E-02 2545.78         test_P_all          
.2300E+00     2.000  0.758E+01   0.35071E+00   0.00000E+00   0.10000E+00    0.50249E-02 2489.32         test_P_all          
.2400E+00     2.000  0.722E+01   0.34747E+00   0.00000E+00   0.10000E+00    0.50249E-02 2425.41         test_P_all          
.2500E+00     2.000  0.688E+01   0.34385E+00   0.00000E+00   0.10000E+00    0.50249E-02 2354.93         test_P_all          
.2600E+00     2.000  0.657E+01   0.33986E+00   0.00000E+00   0.10000E+00    0.50249E-02 2278.49         test_P_all          
.2700E+00     2.000  0.629E+01   0.33550E+00   0.00000E+00   0.10000E+00    0.50249E-02 2196.38         test_P_all          
.2800E+00     2.000  0.602E+01   0.33080E+00   0.00000E+00   0.10000E+00    0.50249E-02 2109.59         test_P_all          
.2900E+00     2.000  0.578E+01   0.32577E+00   0.00000E+00   0.10000E+00    0.50249E-02 2018.78         test_P_all          
.3000E+00     2.000  0.555E+01   0.32045E+00   0.00000E+00   0.10000E+00    0.18868E-02 *******         test_P_all          
.3100E+00     2.000  0.533E+01   0.31485E+00   0.00000E+00   0.10000E+00    0.50249E-02 1828.06         test_P_all          
.3200E+00     2.000  0.513E+01   0.30899E+00   0.00000E+00   0.10000E+00    0.50249E-02 1729.74         test_P_all          
.3300E+00     2.000  0.494E+01   0.30290E+00   0.00000E+00   0.10000E+00    0.50249E-02 1630.44         test_P_all          
.3400E+00     2.000  0.476E+01   0.29661E+00   0.00000E+00   0.10000E+00    0.50249E-02 1530.87         test_P_all          
.3500E+00     2.000  0.460E+01   0.29014E+00   0.00000E+00   0.10000E+00    0.50249E-02 1431.75         test_P_all          
.3600E+00     2.000  0.444E+01   0.28351E+00   0.00000E+00   0.10000E+00    0.50249E-02 1333.67         test_P_all          
.3700E+00     2.000  0.429E+01   0.27674E+00   0.00000E+00   0.10000E+00    0.50249E-02 1237.18         test_P_all          
.3800E+00     2.000  0.414E+01   0.26988E+00   0.00000E+00   0.10000E+00    0.50249E-02 1142.88         test_P_all          
.3900E+00     2.000  0.401E+01   0.26292E+00   0.00000E+00   0.10000E+00    0.50249E-02 1051.17         test_P_all          
.4000E+00     2.000  0.388E+01   0.25589E+00   0.00000E+00   0.10000E+00    0.17692E-02 7764.12         test_P_all          
.4100E+00     2.000  0.376E+01   0.24882E+00   0.00000E+00   0.10000E+00    0.50249E-02  877.12         test_P_all          
.4200E+00     2.000  0.364E+01   0.24172E+00   0.00000E+00   0.10000E+00    0.50249E-02  795.43         test_P_all          
.4300E+00     2.000  0.353E+01   0.23461E+00   0.00000E+00   0.10000E+00    0.50249E-02  717.61         test_P_all          
.4400E+00     2.000  0.343E+01   0.22751E+00   0.00000E+00   0.10000E+00    0.50249E-02  643.89         test_P_all          
.4500E+00     2.000  0.333E+01   0.22043E+00   0.00000E+00   0.10000E+00    0.50249E-02  574.39         test_P_all          
.4600E+00     2.000  0.323E+01   0.21339E+00   0.00000E+00   0.10000E+00    0.50249E-02  509.19         test_P_all          
.4700E+00     2.000  0.314E+01   0.20640E+00   0.00000E+00   0.10000E+00    0.50249E-02  448.37         test_P_all          
.4800E+00     2.000  0.305E+01   0.19948E+00   0.00000E+00   0.10000E+00    0.50249E-02  391.94         test_P_all          
.4900E+00     2.000  0.296E+01   0.19264E+00   0.00000E+00   0.10000E+00    0.50249E-02  339.86         test_P_all          
.5000E+00     2.000  0.288E+01   0.18588E+00   0.00000E+00   0.10000E+00    0.17692E-02 2356.38         test_P_all          
.5100E+00     2.000  0.280E+01   0.17923E+00   0.00000E+00   0.10000E+00    0.50249E-02  248.58         test_P_all          
.5200E+00     2.000  0.273E+01   0.17268E+00   0.00000E+00   0.10000E+00    0.50249E-02  209.18         test_P_all          
.5300E+00     2.000  0.266E+01   0.16624E+00   0.00000E+00   0.10000E+00    0.50249E-02  173.79         test_P_all          
.5400E+00     2.000  0.259E+01   0.15994E+00   0.00000E+00   0.10000E+00    0.50249E-02  142.27         test_P_all          
.5500E+00     2.000  0.252E+01   0.15376E+00   0.00000E+00   0.10000E+00    0.50249E-02  114.45         test_P_all          
.5600E+00     2.000  0.245E+01   0.14772E+00   0.00000E+00   0.10000E+00    0.50249E-02   90.17         test_P_all          
.5700E+00     2.000  0.239E+01   0.14181E+00   0.00000E+00   0.10000E+00    0.50249E-02   69.24         test_P_all          
.5800E+00     2.000  0.233E+01   0.13606E+00   0.00000E+00   0.10000E+00    0.50249E-02   51.49         test_P_all          
.5900E+00     2.000  0.227E+01   0.13045E+00   0.00000E+00   0.10000E+00    0.50249E-02   36.72         test_P_all          
.6000E+00     2.000  0.222E+01   0.12499E+00   0.00000E+00   0.10000E+00    0.17692E-02  199.56         test_P_all          
.6100E+00     2.000  0.216E+01   0.11969E+00   0.00000E+00   0.10000E+00    0.50249E-02   15.35         test_P_all          
.6200E+00     2.000  0.211E+01   0.11454E+00   0.00000E+00   0.10000E+00    0.50249E-02    8.37         test_P_all          
.6300E+00     2.000  0.206E+01   0.10955E+00   0.00000E+00   0.10000E+00    0.50249E-02    3.61         test_P_all          
.6400E+00     2.000  0.201E+01   0.10471E+00   0.00000E+00   0.10000E+00    0.50249E-02    0.88         test_P_all          
.6500E+00     2.000  0.196E+01   0.10003E+00   0.00000E+00   0.10000E+00    0.50249E-02    0.00         test_P_all          
.6600E+00     2.000  0.191E+01   0.95500E-01   0.00000E+00   0.10000E+00    0.50249E-02   -0.80         test_P_all          
.6700E+00     2.000  0.187E+01   0.91125E-01   0.00000E+00   0.10000E+00    0.50249E-02   -3.12         test_P_all          
.6800E+00     2.000  0.182E+01   0.86904E-01   0.00000E+00   0.10000E+00    0.50249E-02   -6.79         test_P_all          
.6900E+00     2.000  0.178E+01   0.82834E-01   0.00000E+00   0.10000E+00    0.50249E-02  -11.67         test_P_all          
.7000E+00     2.000  0.174E+01   0.78913E-01   0.00000E+00   0.10000E+00    0.17692E-02 -142.07         test_P_all          
.7100E+00     2.000  0.170E+01   0.75136E-01   0.00000E+00   0.10000E+00    0.50249E-02  -24.48         test_P_all          
.7200E+00     2.000  0.166E+01   0.71504E-01   0.00000E+00   0.10000E+00    0.50249E-02  -32.16         test_P_all          
.7300E+00     2.000  0.162E+01   0.68014E-01   0.00000E+00   0.10000E+00    0.50249E-02  -40.52         test_P_all          
.7400E+00     2.000  0.158E+01   0.64661E-01   0.00000E+00   0.10000E+00    0.50249E-02  -49.46         test_P_all          
.7500E+00     2.000  0.155E+01   0.61442E-01   0.00000E+00   0.10000E+00    0.50249E-02  -58.88         test_P_all          
.7600E+00     2.000  0.151E+01   0.58354E-01   0.00000E+00   0.10000E+00    0.50249E-02  -68.69         test_P_all          
.7700E+00     2.000  0.148E+01   0.55396E-01   0.00000E+00   0.10000E+00    0.50249E-02  -78.79         test_P_all          
.7800E+00     2.000  0.145E+01   0.52562E-01   0.00000E+00   0.10000E+00    0.50249E-02  -89.12         test_P_all          
.7900E+00     2.000  0.141E+01   0.49849E-01   0.00000E+00   0.10000E+00    0.50249E-02  -99.61         test_P_all          
.8000E+00     2.000  0.138E+01   0.47252E-01   0.00000E+00   0.10000E+00    0.17692E-02 -888.94         test_P_all          
.8100E+00     2.000  0.135E+01   0.44771E-01   0.00000E+00   0.10000E+00    0.50249E-02 -120.80         test_P_all          
.8200E+00     2.000  0.132E+01   0.42400E-01   0.00000E+00   0.10000E+00    0.50249E-02 -131.40         test_P_all          
.8300E+00     2.000  0.129E+01   0.40136E-01   0.00000E+00   0.10000E+00    0.50249E-02 -141.93         test_P_all          
.8400E+00     2.000  0.126E+01   0.37974E-01   0.00000E+00   0.10000E+00    0.50249E-02 -152.37         test_P_all          
.8500E+00     2.000  0.123E+01   0.35912E-01   0.00000E+00   0.10000E+00    0.50249E-02 -162.67         test_P_all          
.8600E+00     2.000  0.121E+01   0.33947E-01   0.00000E+00   0.10000E+00    0.50249E-02 -172.79         test_P_all          
.8700E+00     2.000  0.118E+01   0.32074E-01   0.00000E+00   0.10000E+00    0.50249E-02 -182.73         test_P_all          
.8800E+00     2.000  0.115E+01   0.30290E-01   0.00000E+00   0.10000E+00    0.50249E-02 -192.45         test_P_all          
.8900E+00     2.000  0.113E+01   0.28591E-01   0.00000E+00   0.10000E+00    0.50249E-02 -201.95         test_P_all          
.9000E+00     2.000  0.110E+01   0.26976E-01   0.00000E+00   0.10000E+00    0.17692E-02 *******         test_P_all          
.9100E+00     2.000  0.108E+01   0.25440E-01   0.00000E+00   0.10000E+00    0.50249E-02 -220.17         test_P_all          
.9200E+00     2.000  0.106E+01   0.23979E-01   0.00000E+00   0.10000E+00    0.50249E-02 -228.88         test_P_all          
.9300E+00     2.000  0.103E+01   0.22592E-01   0.00000E+00   0.10000E+00    0.50249E-02 -237.31         test_P_all          
.9400E+00     2.000  0.101E+01   0.21274E-01   0.00000E+00   0.10000E+00    0.50249E-02 -245.46         test_P_all          
.9500E+00     2.000  0.987E+00   0.20023E-01   0.00000E+00   0.10000E+00    0.50249E-02 -253.32         test_P_all          
.9600E+00     2.000  0.965E+00   0.18837E-01   0.00000E+00   0.10000E+00    0.50249E-02 -260.89         test_P_all          
.9700E+00     2.000  0.944E+00   0.17712E-01   0.00000E+00   0.10000E+00    0.50249E-02 -268.17         test_P_all          
.9800E+00     2.000  0.923E+00   0.16645E-01   0.00000E+00   0.10000E+00    0.50249E-02 -275.17         test_P_all          
.9900E+00     2.000  0.902E+00   0.15635E-01   0.00000E+00   0.10000E+00    0.50249E-02 -281.88         test_P_all          
.1000E+01     2.000  0.882E+00   0.14678E-01   0.00000E+00   0.10000E+00    0.50249E-02 -288.31         test_P_all          
.1000E-01     5.000  0.496E+03   0.46169E+00   0.00000E+00   0.10000E+00    0.50249E-02 5180.86         test_P_all          
.2000E-01     5.000  0.246E+03   0.41615E+00   0.00000E+00   0.10000E+00    0.50249E-02 3958.51         test_P_all          
.3000E-01     5.000  0.163E+03   0.39714E+00   0.00000E+00   0.10000E+00    0.50249E-02 3496.81         test_P_all          
.4000E-01     5.000  0.121E+03   0.39067E+00   0.00000E+00   0.10000E+00    0.50249E-02 3346.10         test_P_all          
.5000E-01     5.000  0.959E+02   0.38591E+00   0.00000E+00   0.10000E+00    0.50249E-02 3237.32         test_P_all          
.6000E-01     5.000  0.792E+02   0.38374E+00   0.00000E+00   0.10000E+00    0.50249E-02 3188.48         test_P_all          
.7000E-01     5.000  0.673E+02   0.38164E+00   0.00000E+00   0.10000E+00    0.50249E-02 3141.45         test_P_all          
.8000E-01     5.000  0.584E+02   0.37981E+00   0.00000E+00   0.10000E+00    0.50249E-02 3100.65         test_P_all          
.9000E-01     5.000  0.514E+02   0.37794E+00   0.00000E+00   0.10000E+00    0.50249E-02 3059.54         test_P_all          
.1000E+00     5.000  0.459E+02   0.37599E+00   0.00000E+00   0.10000E+00    0.50249E-02 3016.58         test_P_all          
.1100E+00     5.000  0.413E+02   0.37399E+00   0.00000E+00   0.10000E+00    0.50249E-02 2973.15         test_P_all          
.1200E+00     5.000  0.375E+02   0.37194E+00   0.00000E+00   0.10000E+00    0.50249E-02 2928.77         test_P_all          
.1300E+00     5.000  0.343E+02   0.36976E+00   0.00000E+00   0.10000E+00    0.50249E-02 2882.05         test_P_all          
.1400E+00     5.000  0.316E+02   0.36746E+00   0.00000E+00   0.10000E+00    0.50249E-02 2833.09         test_P_all          
.1500E+00     5.000  0.292E+02   0.36501E+00   0.00000E+00   0.10000E+00    0.50249E-02 2781.36         test_P_all          
.1600E+00     5.000  0.271E+02   0.36236E+00   0.00000E+00   0.10000E+00    0.50249E-02 2726.05         test_P_all          
.1700E+00     5.000  0.253E+02   0.35951E+00   0.00000E+00   0.10000E+00    0.50249E-02 2667.17         test_P_all          
.1800E+00     5.000  0.237E+02   0.35644E+00   0.00000E+00   0.10000E+00    0.50249E-02 2604.40         test_P_all          
.1900E+00     5.000  0.222E+02   0.35310E+00   0.00000E+00   0.10000E+00    0.50249E-02 2536.97         test_P_all          
.2000E+00     5.000  0.209E+02   0.34951E+00   0.00000E+00   0.10000E+00    0.50249E-02 2465.47         test_P_all          
.2100E+00     5.000  0.197E+02   0.34562E+00   0.00000E+00   0.10000E+00    0.50249E-02 2389.22         test_P_all          
.2200E+00     5.000  0.186E+02   0.34144E+00   0.00000E+00   0.10000E+00    0.50249E-02 2308.70         test_P_all          
.2300E+00     5.000  0.176E+02   0.33700E+00   0.00000E+00   0.10000E+00    0.50249E-02 2224.44         test_P_all          
.2400E+00     5.000  0.167E+02   0.33224E+00   0.00000E+00   0.10000E+00    0.50249E-02 2136.08         test_P_all          
.2500E+00     5.000  0.159E+02   0.32721E+00   0.00000E+00   0.10000E+00    0.50249E-02 2044.51         test_P_all          
.2600E+00     5.000  0.151E+02   0.32189E+00   0.00000E+00   0.10000E+00    0.50249E-02 1949.98         test_P_all          
.2700E+00     5.000  0.144E+02   0.31631E+00   0.00000E+00   0.10000E+00    0.50249E-02 1853.04         test_P_all          
.2800E+00     5.000  0.137E+02   0.31047E+00   0.00000E+00   0.10000E+00    0.50249E-02 1754.42         test_P_all          
.2900E+00     5.000  0.131E+02   0.30440E+00   0.00000E+00   0.10000E+00    0.50249E-02 1654.55         test_P_all          
.3000E+00     5.000  0.125E+02   0.29810E+00   0.00000E+00   0.10000E+00    0.18868E-02 *******         test_P_all          
.3100E+00     5.000  0.120E+02   0.29160E+00   0.00000E+00   0.10000E+00    0.50249E-02 1453.88         test_P_all          
.3200E+00     5.000  0.115E+02   0.28492E+00   0.00000E+00   0.10000E+00    0.50249E-02 1354.26         test_P_all          
.3300E+00     5.000  0.110E+02   0.27807E+00   0.00000E+00   0.10000E+00    0.50249E-02 1255.86         test_P_all          
.3400E+00     5.000  0.106E+02   0.27109E+00   0.00000E+00   0.10000E+00    0.50249E-02 1159.26         test_P_all          
.3500E+00     5.000  0.102E+02   0.26398E+00   0.00000E+00   0.10000E+00    0.50249E-02 1064.92         test_P_all          
.3600E+00     5.000  0.977E+01   0.25677E+00   0.00000E+00   0.10000E+00    0.50249E-02  973.29         test_P_all          
.3700E+00     5.000  0.940E+01   0.24947E+00   0.00000E+00   0.10000E+00    0.50249E-02  884.81         test_P_all          
.3800E+00     5.000  0.904E+01   0.24211E+00   0.00000E+00   0.10000E+00    0.50249E-02  799.79         test_P_all          
.3900E+00     5.000  0.870E+01   0.23470E+00   0.00000E+00   0.10000E+00    0.50249E-02  718.57         test_P_all          
.4000E+00     5.000  0.838E+01   0.22726E+00   0.00000E+00   0.10000E+00    0.17692E-02 5174.25         test_P_all          
.4100E+00     5.000  0.808E+01   0.21981E+00   0.00000E+00   0.10000E+00    0.50249E-02  568.48         test_P_all          
.4200E+00     5.000  0.779E+01   0.21236E+00   0.00000E+00   0.10000E+00    0.50249E-02  500.00         test_P_all          
.4300E+00     5.000  0.751E+01   0.20493E+00   0.00000E+00   0.10000E+00    0.50249E-02  436.08         test_P_all          
.4400E+00     5.000  0.725E+01   0.19754E+00   0.00000E+00   0.10000E+00    0.50249E-02  376.76         test_P_all          
.4500E+00     5.000  0.699E+01   0.19019E+00   0.00000E+00   0.10000E+00    0.50249E-02  322.16         test_P_all          
.4600E+00     5.000  0.675E+01   0.18291E+00   0.00000E+00   0.10000E+00    0.50249E-02  272.23         test_P_all          
.4700E+00     5.000  0.652E+01   0.17570E+00   0.00000E+00   0.10000E+00    0.50249E-02  226.93         test_P_all          
.4800E+00     5.000  0.630E+01   0.16858E+00   0.00000E+00   0.10000E+00    0.50249E-02  186.25         test_P_all          
.4900E+00     5.000  0.609E+01   0.16155E+00   0.00000E+00   0.10000E+00    0.50249E-02  150.05         test_P_all          
.5000E+00     5.000  0.588E+01   0.15464E+00   0.00000E+00   0.10000E+00    0.17692E-02  953.82         test_P_all          
.5100E+00     5.000  0.569E+01   0.14785E+00   0.00000E+00   0.10000E+00    0.50249E-02   90.67         test_P_all          
.5200E+00     5.000  0.550E+01   0.14118E+00   0.00000E+00   0.10000E+00    0.50249E-02   67.16         test_P_all          
.5300E+00     5.000  0.532E+01   0.13465E+00   0.00000E+00   0.10000E+00    0.50249E-02   47.56         test_P_all          
.5400E+00     5.000  0.514E+01   0.12827E+00   0.00000E+00   0.10000E+00    0.50249E-02   31.65         test_P_all          
.5500E+00     5.000  0.497E+01   0.12204E+00   0.00000E+00   0.10000E+00    0.50249E-02   19.23         test_P_all          
.5600E+00     5.000  0.481E+01   0.11597E+00   0.00000E+00   0.10000E+00    0.50249E-02   10.09         test_P_all          
.5700E+00     5.000  0.465E+01   0.11006E+00   0.00000E+00   0.10000E+00    0.50249E-02    4.01         test_P_all          
.5800E+00     5.000  0.450E+01   0.10431E+00   0.00000E+00   0.10000E+00    0.50249E-02    0.74         test_P_all          
.5900E+00     5.000  0.436E+01   0.98744E-01   0.00000E+00   0.10000E+00    0.50249E-02   -0.06         test_P_all          
.6000E+00     5.000  0.422E+01   0.93349E-01   0.00000E+00   0.10000E+00    0.17692E-02  -14.13         test_P_all          
.6100E+00     5.000  0.408E+01   0.88130E-01   0.00000E+00   0.10000E+00    0.50249E-02   -5.58         test_P_all          
.6200E+00     5.000  0.395E+01   0.83093E-01   0.00000E+00   0.10000E+00    0.50249E-02  -11.32         test_P_all          
.6300E+00     5.000  0.382E+01   0.78237E-01   0.00000E+00   0.10000E+00    0.50249E-02  -18.76         test_P_all          
.6400E+00     5.000  0.369E+01   0.73559E-01   0.00000E+00   0.10000E+00    0.50249E-02  -27.69         test_P_all          
.6500E+00     5.000  0.357E+01   0.69065E-01   0.00000E+00   0.10000E+00    0.50249E-02  -37.90         test_P_all          
.6600E+00     5.000  0.346E+01   0.64752E-01   0.00000E+00   0.10000E+00    0.50249E-02  -49.21         test_P_all          
.6700E+00     5.000  0.334E+01   0.60617E-01   0.00000E+00   0.10000E+00    0.50249E-02  -61.43         test_P_all          
.6800E+00     5.000  0.323E+01   0.56662E-01   0.00000E+00   0.10000E+00    0.50249E-02  -74.39         test_P_all          
.6900E+00     5.000  0.313E+01   0.52883E-01   0.00000E+00   0.10000E+00    0.50249E-02  -87.92         test_P_all          
.7000E+00     5.000  0.302E+01   0.49277E-01   0.00000E+00   0.10000E+00    0.17692E-02 -822.00         test_P_all          
.7100E+00     5.000  0.292E+01   0.45843E-01   0.00000E+00   0.10000E+00    0.50249E-02 -116.16         test_P_all          
.7200E+00     5.000  0.283E+01   0.42578E-01   0.00000E+00   0.10000E+00    0.50249E-02 -130.59         test_P_all          
.7300E+00     5.000  0.273E+01   0.39477E-01   0.00000E+00   0.10000E+00    0.50249E-02 -145.07         test_P_all          
.7400E+00     5.000  0.264E+01   0.36537E-01   0.00000E+00   0.10000E+00    0.50249E-02 -159.51         test_P_all          
.7500E+00     5.000  0.255E+01   0.33756E-01   0.00000E+00   0.10000E+00    0.50249E-02 -173.80         test_P_all          
.7600E+00     5.000  0.246E+01   0.31127E-01   0.00000E+00   0.10000E+00    0.50249E-02 -187.86         test_P_all          
.7700E+00     5.000  0.238E+01   0.28646E-01   0.00000E+00   0.10000E+00    0.50249E-02 -201.64         test_P_all          
.7800E+00     5.000  0.229E+01   0.26312E-01   0.00000E+00   0.10000E+00    0.50249E-02 -215.05         test_P_all          
.7900E+00     5.000  0.221E+01   0.24117E-01   0.00000E+00   0.10000E+00    0.50249E-02 -228.05         test_P_all          
.8000E+00     5.000  0.213E+01   0.22056E-01   0.00000E+00   0.10000E+00    0.17692E-02 *******         test_P_all          
.8100E+00     5.000  0.205E+01   0.20127E-01   0.00000E+00   0.10000E+00    0.50249E-02 -252.66         test_P_all          
.8200E+00     5.000  0.198E+01   0.18324E-01   0.00000E+00   0.10000E+00    0.50249E-02 -264.20         test_P_all          
.8300E+00     5.000  0.191E+01   0.16641E-01   0.00000E+00   0.10000E+00    0.50249E-02 -275.20         test_P_all          
.8400E+00     5.000  0.183E+01   0.15074E-01   0.00000E+00   0.10000E+00    0.50249E-02 -285.64         test_P_all          
.8500E+00     5.000  0.176E+01   0.13618E-01   0.00000E+00   0.10000E+00    0.50249E-02 -295.52         test_P_all          
.8600E+00     5.000  0.170E+01   0.12268E-01   0.00000E+00   0.10000E+00    0.50249E-02 -304.83         test_P_all          
.8700E+00     5.000  0.163E+01   0.11019E-01   0.00000E+00   0.10000E+00    0.50249E-02 -313.57         test_P_all          
.8800E+00     5.000  0.156E+01   0.98663E-02   0.00000E+00   0.10000E+00    0.50249E-02 -321.75         test_P_all          
.8900E+00     5.000  0.150E+01   0.88052E-02   0.00000E+00   0.10000E+00    0.50249E-02 -329.37         test_P_all          
.9000E+00     5.000  0.144E+01   0.78306E-02   0.00000E+00   0.10000E+00    0.17692E-02 *******         test_P_all          
.9100E+00     5.000  0.138E+01   0.69382E-02   0.00000E+00   0.10000E+00    0.50249E-02 -342.99         test_P_all          
.9200E+00     5.000  0.132E+01   0.61237E-02   0.00000E+00   0.10000E+00    0.50249E-02 -349.02         test_P_all          
.9300E+00     5.000  0.126E+01   0.53820E-02   0.00000E+00   0.10000E+00    0.50249E-02 -354.56         test_P_all          
.9400E+00     5.000  0.120E+01   0.47089E-02   0.00000E+00   0.10000E+00    0.50249E-02 -359.62         test_P_all          
.9500E+00     5.000  0.114E+01   0.41005E-02   0.00000E+00   0.10000E+00    0.50249E-02 -364.23         test_P_all          
.9600E+00     5.000  0.109E+01   0.35523E-02   0.00000E+00   0.10000E+00    0.50249E-02 -368.40         test_P_all          
.9700E+00     5.000  0.104E+01   0.30603E-02   0.00000E+00   0.10000E+00    0.50249E-02 -372.17         test_P_all          
.9800E+00     5.000  0.984E+00   0.26207E-02   0.00000E+00   0.10000E+00    0.50249E-02 -375.55         test_P_all          
.9900E+00     5.000  0.932E+00   0.22295E-02   0.00000E+00   0.10000E+00    0.50249E-02 -378.58         test_P_all          
.1000E+01     5.000  0.882E+00   0.18834E-02   0.00000E+00   0.10000E+00    0.50249E-02 -381.26         test_P_all          
.1000E-01    10.000  0.991E+03   0.54263E+00   0.00000E+00   0.10000E+00    0.50249E-02 7759.27         test_P_all          
.2000E-01    10.000  0.491E+03   0.47361E+00   0.00000E+00   0.10000E+00    0.50249E-02 5528.20         test_P_all          
.3000E-01    10.000  0.324E+03   0.44108E+00   0.00000E+00   0.10000E+00    0.50249E-02 4607.46         test_P_all          
.4000E-01    10.000  0.241E+03   0.42634E+00   0.00000E+00   0.10000E+00    0.50249E-02 4217.77         test_P_all          
.5000E-01    10.000  0.191E+03   0.41436E+00   0.00000E+00   0.10000E+00    0.50249E-02 3913.87         test_P_all          
.6000E-01    10.000  0.158E+03   0.40687E+00   0.00000E+00   0.10000E+00    0.50249E-02 3729.57         test_P_all          
.7000E-01    10.000  0.134E+03   0.40010E+00   0.00000E+00   0.10000E+00    0.50249E-02 3566.62         test_P_all          
.8000E-01    10.000  0.116E+03   0.39446E+00   0.00000E+00   0.10000E+00    0.50249E-02 3434.02         test_P_all          
.9000E-01    10.000  0.102E+03   0.38927E+00   0.00000E+00   0.10000E+00    0.50249E-02 3313.98         test_P_all          
.1000E+00    10.000  0.909E+02   0.38451E+00   0.00000E+00   0.10000E+00    0.50249E-02 3205.88         test_P_all          
.1100E+00    10.000  0.818E+02   0.37994E+00   0.00000E+00   0.10000E+00    0.50249E-02 3103.68         test_P_all          
.1200E+00    10.000  0.742E+02   0.37568E+00   0.00000E+00   0.10000E+00    0.50249E-02 3009.87         test_P_all          
.1300E+00    10.000  0.678E+02   0.37153E+00   0.00000E+00   0.10000E+00    0.50249E-02 2919.86         test_P_all          
.1400E+00    10.000  0.623E+02   0.36739E+00   0.00000E+00   0.10000E+00    0.50249E-02 2831.64         test_P_all          
.1500E+00    10.000  0.575E+02   0.36328E+00   0.00000E+00   0.10000E+00    0.50249E-02 2745.17         test_P_all          
.1600E+00    10.000  0.534E+02   0.35906E+00   0.00000E+00   0.10000E+00    0.50249E-02 2657.93         test_P_all          
.1700E+00    10.000  0.497E+02   0.35475E+00   0.00000E+00   0.10000E+00    0.50249E-02 2570.26         test_P_all          
.1800E+00    10.000  0.464E+02   0.35031E+00   0.00000E+00   0.10000E+00    0.50249E-02 2481.45         test_P_all          
.1900E+00    10.000  0.435E+02   0.34568E+00   0.00000E+00   0.10000E+00    0.50249E-02 2390.43         test_P_all          
.2000E+00    10.000  0.409E+02   0.34088E+00   0.00000E+00   0.10000E+00    0.50249E-02 2297.88         test_P_all          
.2100E+00    10.000  0.385E+02   0.33584E+00   0.00000E+00   0.10000E+00    0.50249E-02 2202.81         test_P_all          
.2200E+00    10.000  0.363E+02   0.33059E+00   0.00000E+00   0.10000E+00    0.50249E-02 2105.82         test_P_all          
.2300E+00    10.000  0.344E+02   0.32512E+00   0.00000E+00   0.10000E+00    0.50249E-02 2007.12         test_P_all          
.2400E+00    10.000  0.325E+02   0.31941E+00   0.00000E+00   0.10000E+00    0.50249E-02 1906.62         test_P_all          
.2500E+00    10.000  0.309E+02   0.31349E+00   0.00000E+00   0.10000E+00    0.50249E-02 1805.08         test_P_all          
.2600E+00    10.000  0.293E+02   0.30734E+00   0.00000E+00   0.10000E+00    0.50249E-02 1702.65         test_P_all          
.2700E+00    10.000  0.279E+02   0.30099E+00   0.00000E+00   0.10000E+00    0.50249E-02 1599.92         test_P_all          
.2800E+00    10.000  0.266E+02   0.29446E+00   0.00000E+00   0.10000E+00    0.50249E-02 1497.64         test_P_all          
.2900E+00    10.000  0.254E+02   0.28775E+00   0.00000E+00   0.10000E+00    0.50249E-02 1396.03         test_P_all          
.3000E+00    10.000  0.242E+02   0.28088E+00   0.00000E+00   0.10000E+00    0.18868E-02 9189.82         test_P_all          
.3100E+00    10.000  0.231E+02   0.27386E+00   0.00000E+00   0.10000E+00    0.50249E-02 1197.06         test_P_all          
.3200E+00    10.000  0.221E+02   0.26671E+00   0.00000E+00   0.10000E+00    0.50249E-02 1100.65         test_P_all          
.3300E+00    10.000  0.212E+02   0.25945E+00   0.00000E+00   0.10000E+00    0.50249E-02 1006.89         test_P_all          
.3400E+00    10.000  0.203E+02   0.25210E+00   0.00000E+00   0.10000E+00    0.50249E-02  916.22         test_P_all          
.3500E+00    10.000  0.195E+02   0.24468E+00   0.00000E+00   0.10000E+00    0.50249E-02  828.96         test_P_all          
.3600E+00    10.000  0.187E+02   0.23719E+00   0.00000E+00   0.10000E+00    0.50249E-02  745.44         test_P_all          
.3700E+00    10.000  0.179E+02   0.22967E+00   0.00000E+00   0.10000E+00    0.50249E-02  665.96         test_P_all          
.3800E+00    10.000  0.172E+02   0.22213E+00   0.00000E+00   0.10000E+00    0.50249E-02  590.70         test_P_all          
.3900E+00    10.000  0.165E+02   0.21458E+00   0.00000E+00   0.10000E+00    0.50249E-02  519.93         test_P_all          
.4000E+00    10.000  0.159E+02   0.20704E+00   0.00000E+00   0.10000E+00    0.17692E-02 3660.29         test_P_all          
.4100E+00    10.000  0.153E+02   0.19951E+00   0.00000E+00   0.10000E+00    0.50249E-02  392.21         test_P_all          
.4200E+00    10.000  0.147E+02   0.19203E+00   0.00000E+00   0.10000E+00    0.50249E-02  335.45         test_P_all          
.4300E+00    10.000  0.141E+02   0.18460E+00   0.00000E+00   0.10000E+00    0.50249E-02  283.45         test_P_all          
.4400E+00    10.000  0.136E+02   0.17723E+00   0.00000E+00   0.10000E+00    0.50249E-02  236.23         test_P_all          
.4500E+00    10.000  0.131E+02   0.16994E+00   0.00000E+00   0.10000E+00    0.50249E-02  193.74         test_P_all          
.4600E+00    10.000  0.126E+02   0.16274E+00   0.00000E+00   0.10000E+00    0.50249E-02  155.88         test_P_all          
.4700E+00    10.000  0.122E+02   0.15564E+00   0.00000E+00   0.10000E+00    0.50249E-02  122.59         test_P_all          
.4800E+00    10.000  0.117E+02   0.14864E+00   0.00000E+00   0.10000E+00    0.50249E-02   93.71         test_P_all          
.4900E+00    10.000  0.113E+02   0.14177E+00   0.00000E+00   0.10000E+00    0.50249E-02   69.10         test_P_all          
.5000E+00    10.000  0.109E+02   0.13503E+00   0.00000E+00   0.10000E+00    0.17692E-02  392.09         test_P_all          
.5100E+00    10.000  0.105E+02   0.12843E+00   0.00000E+00   0.10000E+00    0.50249E-02   32.01         test_P_all          
.5200E+00    10.000  0.101E+02   0.12197E+00   0.00000E+00   0.10000E+00    0.50249E-02   19.12         test_P_all          
.5300E+00    10.000  0.975E+01   0.11567E+00   0.00000E+00   0.10000E+00    0.50249E-02    9.73         test_P_all          
.5400E+00    10.000  0.940E+01   0.10953E+00   0.00000E+00   0.10000E+00    0.50249E-02    3.60         test_P_all          
.5500E+00    10.000  0.906E+01   0.10356E+00   0.00000E+00   0.10000E+00    0.50249E-02    0.50         test_P_all          
.5600E+00    10.000  0.874E+01   0.97761E-01   0.00000E+00   0.10000E+00    0.50249E-02   -0.20         test_P_all          
.5700E+00    10.000  0.843E+01   0.92137E-01   0.00000E+00   0.10000E+00    0.50249E-02   -2.45         test_P_all          
.5800E+00    10.000  0.812E+01   0.86695E-01   0.00000E+00   0.10000E+00    0.50249E-02   -7.01         test_P_all          
.5900E+00    10.000  0.783E+01   0.81435E-01   0.00000E+00   0.10000E+00    0.50249E-02  -13.65         test_P_all          
.6000E+00    10.000  0.755E+01   0.76362E-01   0.00000E+00   0.10000E+00    0.17692E-02 -178.51         test_P_all          
.6100E+00    10.000  0.728E+01   0.71478E-01   0.00000E+00   0.10000E+00    0.50249E-02  -32.22         test_P_all          
.6200E+00    10.000  0.701E+01   0.66782E-01   0.00000E+00   0.10000E+00    0.50249E-02  -43.70         test_P_all          
.6300E+00    10.000  0.675E+01   0.62278E-01   0.00000E+00   0.10000E+00    0.50249E-02  -56.35         test_P_all          
.6400E+00    10.000  0.651E+01   0.57964E-01   0.00000E+00   0.10000E+00    0.50249E-02  -69.98         test_P_all          
.6500E+00    10.000  0.627E+01   0.53839E-01   0.00000E+00   0.10000E+00    0.50249E-02  -84.39         test_P_all          
.6600E+00    10.000  0.603E+01   0.49904E-01   0.00000E+00   0.10000E+00    0.50249E-02  -99.39         test_P_all          
.6700E+00    10.000  0.581E+01   0.46156E-01   0.00000E+00   0.10000E+00    0.50249E-02 -114.82         test_P_all          
.6800E+00    10.000  0.559E+01   0.42593E-01   0.00000E+00   0.10000E+00    0.50249E-02 -130.52         test_P_all          
.6900E+00    10.000  0.537E+01   0.39214E-01   0.00000E+00   0.10000E+00    0.50249E-02 -146.33         test_P_all          
.7000E+00    10.000  0.517E+01   0.36014E-01   0.00000E+00   0.10000E+00    0.17692E-02 *******         test_P_all          
.7100E+00    10.000  0.497E+01   0.32992E-01   0.00000E+00   0.10000E+00    0.50249E-02 -177.82         test_P_all          
.7200E+00    10.000  0.477E+01   0.30144E-01   0.00000E+00   0.10000E+00    0.50249E-02 -193.26         test_P_all          
.7300E+00    10.000  0.458E+01   0.27464E-01   0.00000E+00   0.10000E+00    0.50249E-02 -208.38         test_P_all          
.7400E+00    10.000  0.440E+01   0.24950E-01   0.00000E+00   0.10000E+00    0.50249E-02 -223.07         test_P_all          
.7500E+00    10.000  0.422E+01   0.22597E-01   0.00000E+00   0.10000E+00    0.50249E-02 -237.28         test_P_all          
.7600E+00    10.000  0.404E+01   0.20399E-01   0.00000E+00   0.10000E+00    0.50249E-02 -250.94         test_P_all          
.7700E+00    10.000  0.387E+01   0.18354E-01   0.00000E+00   0.10000E+00    0.50249E-02 -264.00         test_P_all          
.7800E+00    10.000  0.370E+01   0.16454E-01   0.00000E+00   0.10000E+00    0.50249E-02 -276.43         test_P_all          
.7900E+00    10.000  0.354E+01   0.14694E-01   0.00000E+00   0.10000E+00    0.50249E-02 -288.20         test_P_all          
.8000E+00    10.000  0.338E+01   0.13070E-01   0.00000E+00   0.10000E+00    0.17692E-02 *******         test_P_all          
.8100E+00    10.000  0.323E+01   0.11576E-01   0.00000E+00   0.10000E+00    0.50249E-02 -309.66         test_P_all          
.8200E+00    10.000  0.308E+01   0.10205E-01   0.00000E+00   0.10000E+00    0.50249E-02 -319.33         test_P_all          
.8300E+00    10.000  0.293E+01   0.89534E-02   0.00000E+00   0.10000E+00    0.50249E-02 -328.30         test_P_all          
.8400E+00    10.000  0.279E+01   0.78137E-02   0.00000E+00   0.10000E+00    0.50249E-02 -336.57         test_P_all          
.8500E+00    10.000  0.265E+01   0.67803E-02   0.00000E+00   0.10000E+00    0.50249E-02 -344.16         test_P_all          
.8600E+00    10.000  0.251E+01   0.58480E-02   0.00000E+00   0.10000E+00    0.50249E-02 -351.07         test_P_all          
.8700E+00    10.000  0.238E+01   0.50105E-02   0.00000E+00   0.10000E+00    0.50249E-02 -357.35         test_P_all          
.8800E+00    10.000  0.225E+01   0.42622E-02   0.00000E+00   0.10000E+00    0.50249E-02 -363.00         test_P_all          
.8900E+00    10.000  0.212E+01   0.35971E-02   0.00000E+00   0.10000E+00    0.50249E-02 -368.06         test_P_all          
.9000E+00    10.000  0.199E+01   0.30097E-02   0.00000E+00   0.10000E+00    0.17692E-02 *******         test_P_all          
.9100E+00    10.000  0.187E+01   0.24945E-02   0.00000E+00   0.10000E+00    0.50249E-02 -376.53         test_P_all          
.9200E+00    10.000  0.175E+01   0.20455E-02   0.00000E+00   0.10000E+00    0.50249E-02 -380.00         test_P_all          
.9300E+00    10.000  0.163E+01   0.16578E-02   0.00000E+00   0.10000E+00    0.50249E-02 -383.02         test_P_all          
.9400E+00    10.000  0.152E+01   0.13263E-02   0.00000E+00   0.10000E+00    0.50249E-02 -385.60         test_P_all          
.9500E+00    10.000  0.141E+01   0.10447E-02   0.00000E+00   0.10000E+00    0.50249E-02 -387.81         test_P_all          
.9600E+00    10.000  0.130E+01   0.80920E-03   0.00000E+00   0.10000E+00    0.50249E-02 -389.66         test_P_all          
.9700E+00    10.000  0.119E+01   0.61525E-03   0.00000E+00   0.10000E+00    0.50249E-02 -391.18         test_P_all          
.9800E+00    10.000  0.109E+01   0.45620E-03   0.00000E+00   0.10000E+00    0.50249E-02 -392.43         test_P_all          
.9900E+00    10.000  0.983E+00   0.32943E-03   0.00000E+00   0.10000E+00    0.50249E-02 -393.43         test_P_all          
.1000E+01    10.000  0.882E+00   0.23115E-03   0.00000E+00   0.10000E+00    0.50249E-02 -394.21         test_P_all          
.1000E-01    20.000  0.198E+04   0.62249E+00   0.00000E+00   0.10000E+00    0.50249E-02 *******         test_P_all          
.2000E-01    20.000  0.981E+03   0.52767E+00   0.00000E+00   0.10000E+00    0.50249E-02 7243.76         test_P_all          
.3000E-01    20.000  0.648E+03   0.48086E+00   0.00000E+00   0.10000E+00    0.50249E-02 5744.62         test_P_all          
.4000E-01    20.000  0.481E+03   0.45783E+00   0.00000E+00   0.10000E+00    0.50249E-02 5070.95         test_P_all          
.5000E-01    20.000  0.381E+03   0.43872E+00   0.00000E+00   0.10000E+00    0.50249E-02 4543.91         test_P_all          
.6000E-01    20.000  0.314E+03   0.42612E+00   0.00000E+00   0.10000E+00    0.50249E-02 4211.98         test_P_all          
.7000E-01    20.000  0.267E+03   0.41484E+00   0.00000E+00   0.10000E+00    0.50249E-02 3925.78         test_P_all          
.8000E-01    20.000  0.231E+03   0.40581E+00   0.00000E+00   0.10000E+00    0.50249E-02 3703.72         test_P_all          
.9000E-01    20.000  0.203E+03   0.39767E+00   0.00000E+00   0.10000E+00    0.50249E-02 3509.21         test_P_all          
.1000E+00    20.000  0.181E+03   0.39047E+00   0.00000E+00   0.10000E+00    0.50249E-02 3341.58         test_P_all          
.1100E+00    20.000  0.163E+03   0.38378E+00   0.00000E+00   0.10000E+00    0.50249E-02 3189.24         test_P_all          
.1200E+00    20.000  0.148E+03   0.37756E+00   0.00000E+00   0.10000E+00    0.50249E-02 3051.02         test_P_all          
.1300E+00    20.000  0.135E+03   0.37167E+00   0.00000E+00   0.10000E+00    0.50249E-02 2922.98         test_P_all          
.1400E+00    20.000  0.124E+03   0.36595E+00   0.00000E+00   0.10000E+00    0.50249E-02 2801.16         test_P_all          
.1500E+00    20.000  0.114E+03   0.36040E+00   0.00000E+00   0.10000E+00    0.50249E-02 2685.56         test_P_all          
.1600E+00    20.000  0.106E+03   0.35485E+00   0.00000E+00   0.10000E+00    0.50249E-02 2572.12         test_P_all          
.1700E+00    20.000  0.985E+02   0.34930E+00   0.00000E+00   0.10000E+00    0.50249E-02 2461.33         test_P_all          
.1800E+00    20.000  0.920E+02   0.34370E+00   0.00000E+00   0.10000E+00    0.50249E-02 2352.03         test_P_all          
.1900E+00    20.000  0.861E+02   0.33798E+00   0.00000E+00   0.10000E+00    0.50249E-02 2242.90         test_P_all          
.2000E+00    20.000  0.809E+02   0.33216E+00   0.00000E+00   0.10000E+00    0.50249E-02 2134.56         test_P_all          
.2100E+00    20.000  0.761E+02   0.32616E+00   0.00000E+00   0.10000E+00    0.50249E-02 2025.76         test_P_all          
.2200E+00    20.000  0.718E+02   0.32002E+00   0.00000E+00   0.10000E+00    0.50249E-02 1917.18         test_P_all          
.2300E+00    20.000  0.678E+02   0.31372E+00   0.00000E+00   0.10000E+00    0.50249E-02 1808.88         test_P_all          
.2400E+00    20.000  0.642E+02   0.30723E+00   0.00000E+00   0.10000E+00    0.50249E-02 1700.77         test_P_all          
.2500E+00    20.000  0.609E+02   0.30059E+00   0.00000E+00   0.10000E+00    0.50249E-02 1593.51         test_P_all          
.2600E+00    20.000  0.578E+02   0.29378E+00   0.00000E+00   0.10000E+00    0.50249E-02 1487.20         test_P_all          
.2700E+00    20.000  0.550E+02   0.28683E+00   0.00000E+00   0.10000E+00    0.50249E-02 1382.36         test_P_all          
.2800E+00    20.000  0.523E+02   0.27974E+00   0.00000E+00   0.10000E+00    0.50249E-02 1279.43         test_P_all          
.2900E+00    20.000  0.498E+02   0.27252E+00   0.00000E+00   0.10000E+00    0.50249E-02 1178.74         test_P_all          
.3000E+00    20.000  0.475E+02   0.26519E+00   0.00000E+00   0.10000E+00    0.18868E-02 7665.02         test_P_all          
.3100E+00    20.000  0.454E+02   0.25778E+00   0.00000E+00   0.10000E+00    0.50249E-02  985.91         test_P_all          
.3200E+00    20.000  0.434E+02   0.25029E+00   0.00000E+00   0.10000E+00    0.50249E-02  894.55         test_P_all          
.3300E+00    20.000  0.415E+02   0.24274E+00   0.00000E+00   0.10000E+00    0.50249E-02  806.95         test_P_all          
.3400E+00    20.000  0.397E+02   0.23515E+00   0.00000E+00   0.10000E+00    0.50249E-02  723.39         test_P_all          
.3500E+00    20.000  0.380E+02   0.22753E+00   0.00000E+00   0.10000E+00    0.50249E-02  644.10         test_P_all          
.3600E+00    20.000  0.364E+02   0.21989E+00   0.00000E+00   0.10000E+00    0.50249E-02  569.30         test_P_all          
.3700E+00    20.000  0.349E+02   0.21226E+00   0.00000E+00   0.10000E+00    0.50249E-02  499.13         test_P_all          
.3800E+00    20.000  0.335E+02   0.20465E+00   0.00000E+00   0.10000E+00    0.50249E-02  433.71         test_P_all          
.3900E+00    20.000  0.322E+02   0.19707E+00   0.00000E+00   0.10000E+00    0.50249E-02  373.14         test_P_all          
.4000E+00    20.000  0.309E+02   0.18953E+00   0.00000E+00   0.10000E+00    0.17692E-02 2560.77         test_P_all          
.4100E+00    20.000  0.297E+02   0.18205E+00   0.00000E+00   0.10000E+00    0.50249E-02  266.61         test_P_all          
.4200E+00    20.000  0.285E+02   0.17464E+00   0.00000E+00   0.10000E+00    0.50249E-02  220.63         test_P_all          
.4300E+00    20.000  0.274E+02   0.16731E+00   0.00000E+00   0.10000E+00    0.50249E-02  179.43         test_P_all          
.4400E+00    20.000  0.263E+02   0.16008E+00   0.00000E+00   0.10000E+00    0.50249E-02  142.95         test_P_all          
.4500E+00    20.000  0.253E+02   0.15295E+00   0.00000E+00   0.10000E+00    0.50249E-02  111.03         test_P_all          
.4600E+00    20.000  0.244E+02   0.14594E+00   0.00000E+00   0.10000E+00    0.50249E-02   83.57         test_P_all          
.4700E+00    20.000  0.234E+02   0.13905E+00   0.00000E+00   0.10000E+00    0.50249E-02   60.39         test_P_all          
.4800E+00    20.000  0.225E+02   0.13229E+00   0.00000E+00   0.10000E+00    0.50249E-02   41.30         test_P_all          
.4900E+00    20.000  0.217E+02   0.12568E+00   0.00000E+00   0.10000E+00    0.50249E-02   26.12         test_P_all          
.5000E+00    20.000  0.209E+02   0.11922E+00   0.00000E+00   0.10000E+00    0.17692E-02  117.98         test_P_all          
.5100E+00    20.000  0.201E+02   0.11291E+00   0.00000E+00   0.10000E+00    0.50249E-02    6.60         test_P_all          
.5200E+00    20.000  0.193E+02   0.10677E+00   0.00000E+00   0.10000E+00    0.50249E-02    1.81         test_P_all          
.5300E+00    20.000  0.186E+02   0.10079E+00   0.00000E+00   0.10000E+00    0.50249E-02    0.02         test_P_all          
.5400E+00    20.000  0.179E+02   0.94991E-01   0.00000E+00   0.10000E+00    0.50249E-02   -0.99         test_P_all          
.5500E+00    20.000  0.172E+02   0.89369E-01   0.00000E+00   0.10000E+00    0.50249E-02   -4.48         test_P_all          
.5600E+00    20.000  0.166E+02   0.83929E-01   0.00000E+00   0.10000E+00    0.50249E-02  -10.23         test_P_all          
.5700E+00    20.000  0.160E+02   0.78677E-01   0.00000E+00   0.10000E+00    0.50249E-02  -18.01         test_P_all          
.5800E+00    20.000  0.154E+02   0.73613E-01   0.00000E+00   0.10000E+00    0.50249E-02  -27.58         test_P_all          
.5900E+00    20.000  0.148E+02   0.68739E-01   0.00000E+00   0.10000E+00    0.50249E-02  -38.70         test_P_all          
.6000E+00    20.000  0.142E+02   0.64059E-01   0.00000E+00   0.10000E+00    0.17692E-02 -412.71         test_P_all          
.6100E+00    20.000  0.137E+02   0.59569E-01   0.00000E+00   0.10000E+00    0.50249E-02  -64.74         test_P_all          
.6200E+00    20.000  0.131E+02   0.55276E-01   0.00000E+00   0.10000E+00    0.50249E-02  -79.22         test_P_all          
.6300E+00    20.000  0.126E+02   0.51174E-01   0.00000E+00   0.10000E+00    0.50249E-02  -94.42         test_P_all          
.6400E+00    20.000  0.121E+02   0.47264E-01   0.00000E+00   0.10000E+00    0.50249E-02 -110.14         test_P_all          
.6500E+00    20.000  0.117E+02   0.43546E-01   0.00000E+00   0.10000E+00    0.50249E-02 -126.22         test_P_all          
.6600E+00    20.000  0.112E+02   0.40016E-01   0.00000E+00   0.10000E+00    0.50249E-02 -142.50         test_P_all          
.6700E+00    20.000  0.107E+02   0.36674E-01   0.00000E+00   0.10000E+00    0.50249E-02 -158.82         test_P_all          
.6800E+00    20.000  0.103E+02   0.33517E-01   0.00000E+00   0.10000E+00    0.50249E-02 -175.05         test_P_all          
.6900E+00    20.000  0.987E+01   0.30539E-01   0.00000E+00   0.10000E+00    0.50249E-02 -191.08         test_P_all          
.7000E+00    20.000  0.945E+01   0.27741E-01   0.00000E+00   0.10000E+00    0.17692E-02 *******         test_P_all          
.7100E+00    20.000  0.905E+01   0.25116E-01   0.00000E+00   0.10000E+00    0.50249E-02 -222.08         test_P_all          
.7200E+00    20.000  0.866E+01   0.22661E-01   0.00000E+00   0.10000E+00    0.50249E-02 -236.89         test_P_all          
.7300E+00    20.000  0.828E+01   0.20371E-01   0.00000E+00   0.10000E+00    0.50249E-02 -251.12         test_P_all          
.7400E+00    20.000  0.791E+01   0.18241E-01   0.00000E+00   0.10000E+00    0.50249E-02 -264.74         test_P_all          
.7500E+00    20.000  0.755E+01   0.16267E-01   0.00000E+00   0.10000E+00    0.50249E-02 -277.67         test_P_all          
.7600E+00    20.000  0.720E+01   0.14442E-01   0.00000E+00   0.10000E+00    0.50249E-02 -289.91         test_P_all          
.7700E+00    20.000  0.686E+01   0.12762E-01   0.00000E+00   0.10000E+00    0.50249E-02 -301.40         test_P_all          
.7800E+00    20.000  0.652E+01   0.11222E-01   0.00000E+00   0.10000E+00    0.50249E-02 -312.14         test_P_all          
.7900E+00    20.000  0.620E+01   0.98135E-02   0.00000E+00   0.10000E+00    0.50249E-02 -322.12         test_P_all          
.8000E+00    20.000  0.588E+01   0.85324E-02   0.00000E+00   0.10000E+00    0.17692E-02 *******         test_P_all          
.8100E+00    20.000  0.557E+01   0.73722E-02   0.00000E+00   0.10000E+00    0.50249E-02 -339.80         test_P_all          
.8200E+00    20.000  0.527E+01   0.63265E-02   0.00000E+00   0.10000E+00    0.50249E-02 -347.51         test_P_all          
.8300E+00    20.000  0.498E+01   0.53889E-02   0.00000E+00   0.10000E+00    0.50249E-02 -354.50         test_P_all          
.8400E+00    20.000  0.469E+01   0.45534E-02   0.00000E+00   0.10000E+00    0.50249E-02 -360.79         test_P_all          
.8500E+00    20.000  0.441E+01   0.38135E-02   0.00000E+00   0.10000E+00    0.50249E-02 -366.41         test_P_all          
.8600E+00    20.000  0.414E+01   0.31624E-02   0.00000E+00   0.10000E+00    0.50249E-02 -371.39         test_P_all          
.8700E+00    20.000  0.387E+01   0.25941E-02   0.00000E+00   0.10000E+00    0.50249E-02 -375.76         test_P_all          
.8800E+00    20.000  0.361E+01   0.21026E-02   0.00000E+00   0.10000E+00    0.50249E-02 -379.56         test_P_all          
.8900E+00    20.000  0.335E+01   0.16806E-02   0.00000E+00   0.10000E+00    0.50249E-02 -382.84         test_P_all          
.9000E+00    20.000  0.310E+01   0.13230E-02   0.00000E+00   0.10000E+00    0.17692E-02 *******         test_P_all          
.9100E+00    20.000  0.286E+01   0.10234E-02   0.00000E+00   0.10000E+00    0.50249E-02 -387.97         test_P_all          
.9200E+00    20.000  0.262E+01   0.77525E-03   0.00000E+00   0.10000E+00    0.50249E-02 -389.92         test_P_all          
.9300E+00    20.000  0.239E+01   0.57407E-03   0.00000E+00   0.10000E+00    0.50249E-02 -391.51         test_P_all          
.9400E+00    20.000  0.216E+01   0.41312E-03   0.00000E+00   0.10000E+00    0.50249E-02 -392.77         test_P_all          
.9500E+00    20.000  0.193E+01   0.28711E-03   0.00000E+00   0.10000E+00    0.50249E-02 -393.77         test_P_all          
.9600E+00    20.000  0.172E+01   0.19235E-03   0.00000E+00   0.10000E+00    0.50249E-02 -394.52         test_P_all          
.9700E+00    20.000  0.150E+01   0.12153E-03   0.00000E+00   0.10000E+00    0.50249E-02 -395.08         test_P_all          
.9800E+00    20.000  0.129E+01   0.71689E-04   0.00000E+00   0.10000E+00    0.50249E-02 -395.47         test_P_all          
.9900E+00    20.000  0.108E+01   0.39745E-04   0.00000E+00   0.10000E+00    0.50249E-02 -395.72         test_P_all          
.1000E+01    20.000  0.882E+00   0.18238E-04   0.00000E+00   0.10000E+00    0.50249E-02 -395.90         test_P_all          
.1000E+00    50.000  0.451E+03   0.39528E+00   0.00000E+00   0.10000E+00    0.50249E-02 3453.03         test_P_all          
.1100E+00    50.000  0.405E+03   0.38608E+00   0.00000E+00   0.10000E+00    0.50249E-02 3241.25         test_P_all          
.1200E+00    50.000  0.368E+03   0.37771E+00   0.00000E+00   0.10000E+00    0.50249E-02 3054.31         test_P_all          
.1300E+00    50.000  0.335E+03   0.36992E+00   0.00000E+00   0.10000E+00    0.50249E-02 2885.39         test_P_all          
.1400E+00    50.000  0.308E+03   0.36247E+00   0.00000E+00   0.10000E+00    0.50249E-02 2728.25         test_P_all          
.1500E+00    50.000  0.284E+03   0.35537E+00   0.00000E+00   0.10000E+00    0.50249E-02 2582.65         test_P_all          
.1600E+00    50.000  0.263E+03   0.34836E+00   0.00000E+00   0.10000E+00    0.50249E-02 2442.92         test_P_all          
.1700E+00    50.000  0.245E+03   0.34149E+00   0.00000E+00   0.10000E+00    0.50249E-02 2309.56         test_P_all          
.1800E+00    50.000  0.229E+03   0.33466E+00   0.00000E+00   0.10000E+00    0.50249E-02 2180.83         test_P_all          
.1900E+00    50.000  0.214E+03   0.32780E+00   0.00000E+00   0.10000E+00    0.50249E-02 2055.12         test_P_all          
.2000E+00    50.000  0.201E+03   0.32092E+00   0.00000E+00   0.10000E+00    0.50249E-02 1932.87         test_P_all          
.2100E+00    50.000  0.189E+03   0.31394E+00   0.00000E+00   0.10000E+00    0.50249E-02 1812.63         test_P_all          
.2200E+00    50.000  0.178E+03   0.30688E+00   0.00000E+00   0.10000E+00    0.50249E-02 1695.00         test_P_all          
.2300E+00    50.000  0.168E+03   0.29973E+00   0.00000E+00   0.10000E+00    0.50249E-02 1579.87         test_P_all          
.2400E+00    50.000  0.159E+03   0.29247E+00   0.00000E+00   0.10000E+00    0.50249E-02 1467.12         test_P_all          
.2500E+00    50.000  0.151E+03   0.28512E+00   0.00000E+00   0.10000E+00    0.50249E-02 1357.25         test_P_all          
.2600E+00    50.000  0.143E+03   0.27767E+00   0.00000E+00   0.10000E+00    0.50249E-02 1250.23         test_P_all          
.2700E+00    50.000  0.136E+03   0.27014E+00   0.00000E+00   0.10000E+00    0.50249E-02 1146.50         test_P_all          
.2800E+00    50.000  0.129E+03   0.26254E+00   0.00000E+00   0.10000E+00    0.50249E-02 1046.34         test_P_all          
.2900E+00    50.000  0.123E+03   0.25488E+00   0.00000E+00   0.10000E+00    0.50249E-02  949.97         test_P_all          
.3000E+00    50.000  0.118E+03   0.24716E+00   0.00000E+00   0.10000E+00    0.18868E-02 6083.54         test_P_all          
.3100E+00    50.000  0.112E+03   0.23942E+00   0.00000E+00   0.10000E+00    0.50249E-02  769.81         test_P_all          
.3200E+00    50.000  0.107E+03   0.23165E+00   0.00000E+00   0.10000E+00    0.50249E-02  686.45         test_P_all          
.3300E+00    50.000  0.102E+03   0.22388E+00   0.00000E+00   0.10000E+00    0.50249E-02  607.81         test_P_all          
.3400E+00    50.000  0.979E+02   0.21613E+00   0.00000E+00   0.10000E+00    0.50249E-02  534.06         test_P_all          
.3500E+00    50.000  0.937E+02   0.20839E+00   0.00000E+00   0.10000E+00    0.50249E-02  465.27         test_P_all          
.3600E+00    50.000  0.898E+02   0.20069E+00   0.00000E+00   0.10000E+00    0.50249E-02  401.53         test_P_all          
.3700E+00    50.000  0.860E+02   0.19304E+00   0.00000E+00   0.10000E+00    0.50249E-02  342.84         test_P_all          
.3800E+00    50.000  0.825E+02   0.18545E+00   0.00000E+00   0.10000E+00    0.50249E-02  289.20         test_P_all          
.3900E+00    50.000  0.791E+02   0.17795E+00   0.00000E+00   0.10000E+00    0.50249E-02  240.62         test_P_all          
.4000E+00    50.000  0.759E+02   0.17052E+00   0.00000E+00   0.10000E+00    0.17692E-02 1589.05         test_P_all          
.4100E+00    50.000  0.728E+02   0.16320E+00   0.00000E+00   0.10000E+00    0.50249E-02  158.19         test_P_all          
.4200E+00    50.000  0.699E+02   0.15598E+00   0.00000E+00   0.10000E+00    0.50249E-02  124.13         test_P_all          
.4300E+00    50.000  0.672E+02   0.14888E+00   0.00000E+00   0.10000E+00    0.50249E-02   94.64         test_P_all          
.4400E+00    50.000  0.645E+02   0.14191E+00   0.00000E+00   0.10000E+00    0.50249E-02   69.57         test_P_all          
.4500E+00    50.000  0.620E+02   0.13507E+00   0.00000E+00   0.10000E+00    0.50249E-02   48.72         test_P_all          
.4600E+00    50.000  0.596E+02   0.12838E+00   0.00000E+00   0.10000E+00    0.50249E-02   31.89         test_P_all          
.4700E+00    50.000  0.573E+02   0.12183E+00   0.00000E+00   0.10000E+00    0.50249E-02   18.88         test_P_all          
.4800E+00    50.000  0.550E+02   0.11544E+00   0.00000E+00   0.10000E+00    0.50249E-02    9.44         test_P_all          
.4900E+00    50.000  0.529E+02   0.10922E+00   0.00000E+00   0.10000E+00    0.50249E-02    3.37         test_P_all          
.5000E+00    50.000  0.509E+02   0.10316E+00   0.00000E+00   0.10000E+00    0.17692E-02    3.19         test_P_all          
.5100E+00    50.000  0.489E+02   0.97281E-01   0.00000E+00   0.10000E+00    0.50249E-02   -0.29         test_P_all          
.5200E+00    50.000  0.470E+02   0.91577E-01   0.00000E+00   0.10000E+00    0.50249E-02   -2.81         test_P_all          
.5300E+00    50.000  0.452E+02   0.86055E-01   0.00000E+00   0.10000E+00    0.50249E-02   -7.70         test_P_all          
.5400E+00    50.000  0.435E+02   0.80720E-01   0.00000E+00   0.10000E+00    0.50249E-02  -14.72         test_P_all          
.5500E+00    50.000  0.418E+02   0.75572E-01   0.00000E+00   0.10000E+00    0.50249E-02  -23.63         test_P_all          
.5600E+00    50.000  0.402E+02   0.70615E-01   0.00000E+00   0.10000E+00    0.50249E-02  -34.20         test_P_all          
.5700E+00    50.000  0.386E+02   0.65850E-01   0.00000E+00   0.10000E+00    0.50249E-02  -46.19         test_P_all          
.5800E+00    50.000  0.371E+02   0.61277E-01   0.00000E+00   0.10000E+00    0.50249E-02  -59.38         test_P_all          
.5900E+00    50.000  0.356E+02   0.56899E-01   0.00000E+00   0.10000E+00    0.50249E-02  -73.57         test_P_all          
.6000E+00    50.000  0.342E+02   0.52713E-01   0.00000E+00   0.10000E+00    0.17692E-02 -714.39         test_P_all          
.6100E+00    50.000  0.328E+02   0.48720E-01   0.00000E+00   0.10000E+00    0.50249E-02 -104.14         test_P_all          
.6200E+00    50.000  0.315E+02   0.44919E-01   0.00000E+00   0.10000E+00    0.50249E-02 -120.16         test_P_all          
.6300E+00    50.000  0.302E+02   0.41306E-01   0.00000E+00   0.10000E+00    0.50249E-02 -136.43         test_P_all          
.6400E+00    50.000  0.290E+02   0.37884E-01   0.00000E+00   0.10000E+00    0.50249E-02 -152.81         test_P_all          
.6500E+00    50.000  0.278E+02   0.34646E-01   0.00000E+00   0.10000E+00    0.50249E-02 -169.16         test_P_all          
.6600E+00    50.000  0.266E+02   0.31590E-01   0.00000E+00   0.10000E+00    0.50249E-02 -185.34         test_P_all          
.6700E+00    50.000  0.255E+02   0.28715E-01   0.00000E+00   0.10000E+00    0.50249E-02 -201.25         test_P_all          
.6800E+00    50.000  0.244E+02   0.26014E-01   0.00000E+00   0.10000E+00    0.50249E-02 -216.79         test_P_all          
.6900E+00    50.000  0.233E+02   0.23487E-01   0.00000E+00   0.10000E+00    0.50249E-02 -231.85         test_P_all          
.7000E+00    50.000  0.223E+02   0.21127E-01   0.00000E+00   0.10000E+00    0.17692E-02 *******         test_P_all          
.7100E+00    50.000  0.213E+02   0.18929E-01   0.00000E+00   0.10000E+00    0.50249E-02 -260.30         test_P_all          
.7200E+00    50.000  0.203E+02   0.16891E-01   0.00000E+00   0.10000E+00    0.50249E-02 -273.55         test_P_all          
.7300E+00    50.000  0.194E+02   0.15005E-01   0.00000E+00   0.10000E+00    0.50249E-02 -286.11         test_P_all          
.7400E+00    50.000  0.184E+02   0.13266E-01   0.00000E+00   0.10000E+00    0.50249E-02 -297.93         test_P_all          
.7500E+00    50.000  0.175E+02   0.11671E-01   0.00000E+00   0.10000E+00    0.50249E-02 -308.99         test_P_all          
.7600E+00    50.000  0.167E+02   0.10211E-01   0.00000E+00   0.10000E+00    0.50249E-02 -319.29         test_P_all          
.7700E+00    50.000  0.158E+02   0.88816E-02   0.00000E+00   0.10000E+00    0.50249E-02 -328.81         test_P_all          
.7800E+00    50.000  0.150E+02   0.76767E-02   0.00000E+00   0.10000E+00    0.50249E-02 -337.57         test_P_all          
.7900E+00    50.000  0.142E+02   0.65898E-02   0.00000E+00   0.10000E+00    0.50249E-02 -345.56         test_P_all          
.8000E+00    50.000  0.134E+02   0.56149E-02   0.00000E+00   0.10000E+00    0.17692E-02 *******         test_P_all          
.8100E+00    50.000  0.126E+02   0.47454E-02   0.00000E+00   0.10000E+00    0.50249E-02 -359.34         test_P_all          
.8200E+00    50.000  0.119E+02   0.39747E-02   0.00000E+00   0.10000E+00    0.50249E-02 -365.18         test_P_all          
.8300E+00    50.000  0.111E+02   0.32966E-02   0.00000E+00   0.10000E+00    0.50249E-02 -370.36         test_P_all          
.8400E+00    50.000  0.104E+02   0.27045E-02   0.00000E+00   0.10000E+00    0.50249E-02 -374.91         test_P_all          
.8500E+00    50.000  0.971E+01   0.21916E-02   0.00000E+00   0.10000E+00    0.50249E-02 -378.87         test_P_all          
.8600E+00    50.000  0.902E+01   0.17523E-02   0.00000E+00   0.10000E+00    0.50249E-02 -382.28         test_P_all          
.8700E+00    50.000  0.835E+01   0.13790E-02   0.00000E+00   0.10000E+00    0.50249E-02 -385.19         test_P_all          
.8800E+00    50.000  0.770E+01   0.10664E-02   0.00000E+00   0.10000E+00    0.50249E-02 -387.64         test_P_all          
.8900E+00    50.000  0.706E+01   0.80846E-03   0.00000E+00   0.10000E+00    0.50249E-02 -389.66         test_P_all          
.9000E+00    50.000  0.644E+01   0.59791E-03   0.00000E+00   0.10000E+00    0.17692E-02 *******         test_P_all          
.9100E+00    50.000  0.583E+01   0.43065E-03   0.00000E+00   0.10000E+00    0.50249E-02 -392.64         test_P_all          
.9200E+00    50.000  0.523E+01   0.29971E-03   0.00000E+00   0.10000E+00    0.50249E-02 -393.67         test_P_all          
.9300E+00    50.000  0.465E+01   0.20003E-03   0.00000E+00   0.10000E+00    0.50249E-02 -394.46         test_P_all          
.9400E+00    50.000  0.407E+01   0.12784E-03   0.00000E+00   0.10000E+00    0.50249E-02 -395.03         test_P_all          
.9500E+00    50.000  0.351E+01   0.75385E-04   0.00000E+00   0.10000E+00    0.50249E-02 -395.44         test_P_all          
.9600E+00    50.000  0.297E+01   0.41039E-04   0.00000E+00   0.10000E+00    0.50249E-02 -395.71         test_P_all          
.9700E+00    50.000  0.243E+01   0.20026E-04   0.00000E+00   0.10000E+00    0.50249E-02 -395.88         test_P_all          
.9800E+00    50.000  0.190E+01   0.75678E-05   0.00000E+00   0.10000E+00    0.50249E-02 -395.98         test_P_all          
.9900E+00    50.000  0.139E+01   0.25311E-05   0.00000E+00   0.10000E+00    0.50249E-02 -396.02         test_P_all          
.1000E+01    50.000  0.882E+00   0.20325E-05   0.00000E+00   0.10000E+00    0.50249E-02 -396.02         test_P_all          
.1000E+00   100.000  0.901E+03   0.39735E+00   0.00000E+00   0.10000E+00    0.50249E-02 3501.71         test_P_all          
.1100E+00   100.000  0.810E+03   0.38654E+00   0.00000E+00   0.10000E+00    0.50249E-02 3251.77         test_P_all          
.1200E+00   100.000  0.734E+03   0.37679E+00   0.00000E+00   0.10000E+00    0.50249E-02 3034.16         test_P_all          
.1300E+00   100.000  0.670E+03   0.36778E+00   0.00000E+00   0.10000E+00    0.50249E-02 2839.94         test_P_all          
.1400E+00   100.000  0.615E+03   0.35923E+00   0.00000E+00   0.10000E+00    0.50249E-02 2661.38         test_P_all          
.1500E+00   100.000  0.568E+03   0.35114E+00   0.00000E+00   0.10000E+00    0.50249E-02 2497.97         test_P_all          
.1600E+00   100.000  0.526E+03   0.34323E+00   0.00000E+00   0.10000E+00    0.50249E-02 2342.94         test_P_all          
.1700E+00   100.000  0.489E+03   0.33552E+00   0.00000E+00   0.10000E+00    0.50249E-02 2196.76         test_P_all          
.1800E+00   100.000  0.456E+03   0.32792E+00   0.00000E+00   0.10000E+00    0.50249E-02 2057.32         test_P_all          
.1900E+00   100.000  0.427E+03   0.32034E+00   0.00000E+00   0.10000E+00    0.50249E-02 1922.84         test_P_all          
.2000E+00   100.000  0.401E+03   0.31281E+00   0.00000E+00   0.10000E+00    0.50249E-02 1793.64         test_P_all          
.2100E+00   100.000  0.377E+03   0.30523E+00   0.00000E+00   0.10000E+00    0.50249E-02 1668.08         test_P_all          
.2200E+00   100.000  0.355E+03   0.29762E+00   0.00000E+00   0.10000E+00    0.50249E-02 1546.68         test_P_all          
.2300E+00   100.000  0.336E+03   0.28997E+00   0.00000E+00   0.10000E+00    0.50249E-02 1429.22         test_P_all          
.2400E+00   100.000  0.318E+03   0.28225E+00   0.00000E+00   0.10000E+00    0.50249E-02 1315.50         test_P_all          
.2500E+00   100.000  0.301E+03   0.27450E+00   0.00000E+00   0.10000E+00    0.50249E-02 1205.90         test_P_all          
.2600E+00   100.000  0.285E+03   0.26668E+00   0.00000E+00   0.10000E+00    0.50249E-02 1100.32         test_P_all          
.2700E+00   100.000  0.271E+03   0.25883E+00   0.00000E+00   0.10000E+00    0.50249E-02  999.10         test_P_all          
.2800E+00   100.000  0.258E+03   0.25095E+00   0.00000E+00   0.10000E+00    0.50249E-02  902.42         test_P_all          
.2900E+00   100.000  0.246E+03   0.24305E+00   0.00000E+00   0.10000E+00    0.50249E-02  810.42         test_P_all          
.3000E+00   100.000  0.234E+03   0.23514E+00   0.00000E+00   0.10000E+00    0.18868E-02 5130.02         test_P_all          
.3100E+00   100.000  0.223E+03   0.22724E+00   0.00000E+00   0.10000E+00    0.50249E-02  641.17         test_P_all          
.3200E+00   100.000  0.213E+03   0.21935E+00   0.00000E+00   0.10000E+00    0.50249E-02  564.17         test_P_all          
.3300E+00   100.000  0.204E+03   0.21150E+00   0.00000E+00   0.10000E+00    0.50249E-02  492.38         test_P_all          
.3400E+00   100.000  0.195E+03   0.20369E+00   0.00000E+00   0.10000E+00    0.50249E-02  425.84         test_P_all          
.3500E+00   100.000  0.187E+03   0.19594E+00   0.00000E+00   0.10000E+00    0.50249E-02  364.56         test_P_all          
.3600E+00   100.000  0.179E+03   0.18826E+00   0.00000E+00   0.10000E+00    0.50249E-02  308.53         test_P_all          
.3700E+00   100.000  0.171E+03   0.18066E+00   0.00000E+00   0.10000E+00    0.50249E-02  257.69         test_P_all          
.3800E+00   100.000  0.164E+03   0.17316E+00   0.00000E+00   0.10000E+00    0.50249E-02  211.95         test_P_all          
.3900E+00   100.000  0.157E+03   0.16575E+00   0.00000E+00   0.10000E+00    0.50249E-02  171.22         test_P_all          
.4000E+00   100.000  0.151E+03   0.15846E+00   0.00000E+00   0.10000E+00    0.17692E-02 1091.76         test_P_all          
.4100E+00   100.000  0.145E+03   0.15129E+00   0.00000E+00   0.10000E+00    0.50249E-02  104.17         test_P_all          
.4200E+00   100.000  0.139E+03   0.14425E+00   0.00000E+00   0.10000E+00    0.50249E-02   77.53         test_P_all          
.4300E+00   100.000  0.133E+03   0.13734E+00   0.00000E+00   0.10000E+00    0.50249E-02   55.23         test_P_all          
.4400E+00   100.000  0.128E+03   0.13059E+00   0.00000E+00   0.10000E+00    0.50249E-02   37.06         test_P_all          
.4500E+00   100.000  0.123E+03   0.12398E+00   0.00000E+00   0.10000E+00    0.50249E-02   22.78         test_P_all          
.4600E+00   100.000  0.118E+03   0.11754E+00   0.00000E+00   0.10000E+00    0.50249E-02   12.19         test_P_all          
.4700E+00   100.000  0.114E+03   0.11126E+00   0.00000E+00   0.10000E+00    0.50249E-02    5.02         test_P_all          
.4800E+00   100.000  0.109E+03   0.10516E+00   0.00000E+00   0.10000E+00    0.50249E-02    1.05         test_P_all          
.4900E+00   100.000  0.105E+03   0.99225E-01   0.00000E+00   0.10000E+00    0.50249E-02   -0.02         test_P_all          
.5000E+00   100.000  0.101E+03   0.93473E-01   0.00000E+00   0.10000E+00    0.17692E-02  -13.61         test_P_all          
.5100E+00   100.000  0.970E+02   0.87905E-01   0.00000E+00   0.10000E+00    0.50249E-02   -5.79         test_P_all          
.5200E+00   100.000  0.932E+02   0.82523E-01   0.00000E+00   0.10000E+00    0.50249E-02  -12.10         test_P_all          
.5300E+00   100.000  0.896E+02   0.77328E-01   0.00000E+00   0.10000E+00    0.50249E-02  -20.36         test_P_all          
.5400E+00   100.000  0.861E+02   0.72326E-01   0.00000E+00   0.10000E+00    0.50249E-02  -30.33         test_P_all          
.5500E+00   100.000  0.827E+02   0.67514E-01   0.00000E+00   0.10000E+00    0.50249E-02  -41.80         test_P_all          
.5600E+00   100.000  0.795E+02   0.62895E-01   0.00000E+00   0.10000E+00    0.50249E-02  -54.52         test_P_all          
.5700E+00   100.000  0.763E+02   0.58470E-01   0.00000E+00   0.10000E+00    0.50249E-02  -68.31         test_P_all          
.5800E+00   100.000  0.733E+02   0.54236E-01   0.00000E+00   0.10000E+00    0.50249E-02  -82.94         test_P_all          
.5900E+00   100.000  0.704E+02   0.50196E-01   0.00000E+00   0.10000E+00    0.50249E-02  -98.23         test_P_all          
.6000E+00   100.000  0.675E+02   0.46346E-01   0.00000E+00   0.10000E+00    0.17692E-02 -919.72         test_P_all          
.6100E+00   100.000  0.648E+02   0.42686E-01   0.00000E+00   0.10000E+00    0.50249E-02 -130.09         test_P_all          
.6200E+00   100.000  0.622E+02   0.39214E-01   0.00000E+00   0.10000E+00    0.50249E-02 -146.34         test_P_all          
.6300E+00   100.000  0.596E+02   0.35926E-01   0.00000E+00   0.10000E+00    0.50249E-02 -162.60         test_P_all          
.6400E+00   100.000  0.571E+02   0.32821E-01   0.00000E+00   0.10000E+00    0.50249E-02 -178.74         test_P_all          
.6500E+00   100.000  0.547E+02   0.29894E-01   0.00000E+00   0.10000E+00    0.50249E-02 -194.65         test_P_all          
.6600E+00   100.000  0.524E+02   0.27143E-01   0.00000E+00   0.10000E+00    0.50249E-02 -210.22         test_P_all          
.6700E+00   100.000  0.501E+02   0.24564E-01   0.00000E+00   0.10000E+00    0.50249E-02 -225.37         test_P_all          
.6800E+00   100.000  0.479E+02   0.22151E-01   0.00000E+00   0.10000E+00    0.50249E-02 -240.02         test_P_all          
.6900E+00   100.000  0.458E+02   0.19903E-01   0.00000E+00   0.10000E+00    0.50249E-02 -254.08         test_P_all          
.7000E+00   100.000  0.437E+02   0.17812E-01   0.00000E+00   0.10000E+00    0.17692E-02 *******         test_P_all          
.7100E+00   100.000  0.417E+02   0.15874E-01   0.00000E+00   0.10000E+00    0.50249E-02 -280.29         test_P_all          
.7200E+00   100.000  0.398E+02   0.14084E-01   0.00000E+00   0.10000E+00    0.50249E-02 -292.34         test_P_all          
.7300E+00   100.000  0.379E+02   0.12437E-01   0.00000E+00   0.10000E+00    0.50249E-02 -303.66         test_P_all          
.7400E+00   100.000  0.360E+02   0.10926E-01   0.00000E+00   0.10000E+00    0.50249E-02 -314.22         test_P_all          
.7500E+00   100.000  0.342E+02   0.95467E-02   0.00000E+00   0.10000E+00    0.50249E-02 -324.03         test_P_all          
.7600E+00   100.000  0.325E+02   0.82923E-02   0.00000E+00   0.10000E+00    0.50249E-02 -333.08         test_P_all          
.7700E+00   100.000  0.308E+02   0.71570E-02   0.00000E+00   0.10000E+00    0.50249E-02 -341.38         test_P_all          
.7800E+00   100.000  0.291E+02   0.61347E-02   0.00000E+00   0.10000E+00    0.50249E-02 -348.94         test_P_all          
.7900E+00   100.000  0.275E+02   0.52188E-02   0.00000E+00   0.10000E+00    0.50249E-02 -355.78         test_P_all          
.8000E+00   100.000  0.259E+02   0.44036E-02   0.00000E+00   0.10000E+00    0.17692E-02 *******         test_P_all          
.8100E+00   100.000  0.243E+02   0.36823E-02   0.00000E+00   0.10000E+00    0.50249E-02 -367.41         test_P_all          
.8200E+00   100.000  0.228E+02   0.30486E-02   0.00000E+00   0.10000E+00    0.50249E-02 -372.26         test_P_all          
.8300E+00   100.000  0.214E+02   0.24968E-02   0.00000E+00   0.10000E+00    0.50249E-02 -376.51         test_P_all          
.8400E+00   100.000  0.199E+02   0.20193E-02   0.00000E+00   0.10000E+00    0.50249E-02 -380.21         test_P_all          
.8500E+00   100.000  0.185E+02   0.16111E-02   0.00000E+00   0.10000E+00    0.50249E-02 -383.38         test_P_all          
.8600E+00   100.000  0.172E+02   0.12657E-02   0.00000E+00   0.10000E+00    0.50249E-02 -386.08         test_P_all          
.8700E+00   100.000  0.158E+02   0.97649E-03   0.00000E+00   0.10000E+00    0.50249E-02 -388.34         test_P_all          
.8800E+00   100.000  0.145E+02   0.73881E-03   0.00000E+00   0.10000E+00    0.50249E-02 -390.21         test_P_all          
.8900E+00   100.000  0.132E+02   0.54523E-03   0.00000E+00   0.10000E+00    0.50249E-02 -391.73         test_P_all          
.9000E+00   100.000  0.120E+02   0.39147E-03   0.00000E+00   0.10000E+00    0.17692E-02 *******         test_P_all          
.9100E+00   100.000  0.108E+02   0.27223E-03   0.00000E+00   0.10000E+00    0.50249E-02 -393.89         test_P_all          
.9200E+00   100.000  0.958E+01   0.18109E-03   0.00000E+00   0.10000E+00    0.50249E-02 -394.61         test_P_all          
.9300E+00   100.000  0.841E+01   0.11518E-03   0.00000E+00   0.10000E+00    0.50249E-02 -395.13         test_P_all          
.9400E+00   100.000  0.726E+01   0.68159E-04   0.00000E+00   0.10000E+00    0.50249E-02 -395.50         test_P_all          
.9500E+00   100.000  0.614E+01   0.36870E-04   0.00000E+00   0.10000E+00    0.50249E-02 -395.75         test_P_all          
.9600E+00   100.000  0.505E+01   0.18281E-04   0.00000E+00   0.10000E+00    0.50249E-02 -395.89         test_P_all          
.9700E+00   100.000  0.397E+01   0.69576E-05   0.00000E+00   0.10000E+00    0.50249E-02 -395.98         test_P_all          
.9800E+00   100.000  0.292E+01   0.22557E-05   0.00000E+00   0.10000E+00    0.50249E-02 -396.02         test_P_all          
.9900E+00   100.000  0.189E+01   0.16842E-05   0.00000E+00   0.10000E+00    0.50249E-02 -396.03         test_P_all          
.1000E+01   100.000  0.882E+00   0.22983E-05   0.00000E+00   0.10000E+00    0.50249E-02 -396.02         test_P_all          



 CHI SQUARE=******** FOR  582 POINTS   CHISQ/NPTS= 1111.36
 Signed chisquare total =********
 Modified residual =********


Summary normalization chi2 contributions

 data set     normalization        error         chisq


Summary chi2 per data set

 data set                chisq    _w     signd    _w     resid     _w   npts   chisq/pts  _w
test_P_all            646813.1        449185.1        ********           582 1111.36
------------------------------------------------------------------------------------
          TOTAL       646813.1646813.1449185.1     0.0****************   582 1111.36 1111.36
          TOTAL+norm  646813.1646813.1                                   582 1111.36 1111.36



            Momentum Sum Rule Check


      q2      alphas      xuv       xdv       xub       xdb       xsb       xcb       xbb      xglue     total
      1.69    0.3845    0.3198    0.1345    0.0573    0.0680    0.0251    0.0000    0.0000    0.3956    1.0002
    100.00    0.1784    0.2253    0.0948    0.0663    0.0739    0.0436    0.0260    0.0088    0.4585    0.9972
   1000.00    0.1407    0.0000    0.0000    0.0000    0.0000    0.0000    0.0000    0.0000    0.0000    0.0000
   8315.00    0.1180    0.0000    0.0000    0.0000    0.0000    0.0000    0.0000    0.0000    0.0000    0.0000


 Vector Boson Cross Sections

 sqrt(s)   sigma(W)    error    theory

   1960.     2.865     0.063       0.000     D0

   1960.     2.749     0.054       0.000     CDF

   7000.     9.95      0.29        0.000     CMS

   7000.     9.96      0.55        0.000     ATLAS

 sqrt(s)   sigma(Z)    error    theory

   1960.     .2649     .0094       0.000     D0

   1960.     .2549     .0057       0.000     CDF

   7000.     .931      0.035       0.000     CMS

   7000.     .82       0.08        0.000     ATLAS


