 Correlated errors added in quadrature with statistical errors
 test_P_all           DIS data with   1.69< Q2 < 0.500D+03 and 0.000 < xB < 1.000 and   0.00< W2 < 0.100D+05 and 0.000 < y < 1.000
   GP TMC applied
   no HT corrections

# fitpack15: fit output
# CJ15 AV18 final data choices                                                 

Parametrization   7 used here

 S-ACOT scheme used  for NC DIS

 charm mass =     1.30 GeV     bottom mass =     4.50 GeV



 THIS IS A NEXT TO LEADING ORDER FIT

 Q02=    1.69
         1  LAMBDA      VALUE=   0.22680      WEIGHT=    0.0000    
         2  a0uv        VALUE=    2.0106      WEIGHT=    0.0000    
         3  a1uv        VALUE=   0.57430      WEIGHT=   0.23057E-01
         4  a2uv        VALUE=    3.5554      WEIGHT=   0.11970E-01
         5  a3uv        VALUE=    0.0000      WEIGHT=    0.0000    
         6  a4uv        VALUE=    4.3906      WEIGHT=   0.59635    
         7  a5uv        VALUE=    0.0000      WEIGHT=    0.0000    
         8  a0dv        VALUE=    24.805      WEIGHT=    0.0000    
         9  a1dv        VALUE=    1.1538      WEIGHT=   0.33685E-01
        10  a2dv        VALUE=    6.6991      WEIGHT=   0.17207    
        11  a3dv        VALUE=   -3.5627      WEIGHT=   0.91411E-01
        12  a4dv        VALUE=    4.8310      WEIGHT=   0.15840    
        13  a5dv        VALUE=    0.0000      WEIGHT=    0.0000    
        14  a0ud        VALUE=   0.14132      WEIGHT=   0.50223E-02
        15  a1ud        VALUE=  -0.21123      WEIGHT=   0.38560E-02
        16  a2ud        VALUE=    8.4568      WEIGHT=   0.18608    
        17  a3ud        VALUE=    0.0000      WEIGHT=    0.0000    
        18  a4ud        VALUE=    15.823      WEIGHT=    1.3435    
        19  a5ud        VALUE=    0.0000      WEIGHT=    0.0000    
        20  a0du        VALUE=    35712.      WEIGHT=    0.0000    
        21  a1du        VALUE=    4.0951      WEIGHT=   0.94949E-01
        22  a2du        VALUE=    20.349      WEIGHT=   0.99444    
        23  a3du        VALUE=    17.000      WEIGHT=    0.0000    
        24  a4du        VALUE=    58.514      WEIGHT=    14.738    
        25  a0g         VALUE=    46.480      WEIGHT=    0.0000    
        26  a1g         VALUE=   0.60442      WEIGHT=   0.30034E-01
        27  a2g         VALUE=    6.1681      WEIGHT=   0.85413    
        28  a3g         VALUE=   -3.4041      WEIGHT=   0.12380    
        29  a4g         VALUE=    3.3099      WEIGHT=   0.29175    
        30  a5g         VALUE=    0.0000      WEIGHT=    0.0000    
        31  kappa       VALUE=   0.40000      WEIGHT=    0.0000    
        32  a6dv        VALUE=  -0.46903E-02  WEIGHT=   0.80162E-03
        33  a7dv        VALUE=    2.0000      WEIGHT=    0.0000    
        34  off1        VALUE=  -0.17655      WEIGHT=   0.13144    
        35  off2        VALUE=    2.0552      WEIGHT=    1.4780    
        36  off3        VALUE=   -7.8789      WEIGHT=    5.3402    
        37  off4        VALUE=    7.3768      WEIGHT=    5.3301    
        38  ht1         VALUE=   -3.3384      WEIGHT=   0.32470    
        39  ht2         VALUE=    1.9637      WEIGHT=   0.12461    
        40  ht3         VALUE=   -2.0653      WEIGHT=   0.36127E-01
        41  ht4         VALUE=    0.0000      WEIGHT=    0.0000    
        42  ht1n        VALUE=   -3.5423      WEIGHT=   0.92902    
        43  ht2n        VALUE=    1.9385      WEIGHT=   0.28655    
        44  ht3n        VALUE=   -2.2364      WEIGHT=   0.91373E-01
        45  ht4n        VALUE=    0.0000      WEIGHT=    0.0000    
        46  dummy46     VALUE=    0.0000      WEIGHT=    0.0000    
        47  dummy47     VALUE=    0.0000      WEIGHT=    0.0000    
        48  dummy48     VALUE=    0.0000      WEIGHT=    0.0000    
        49  dummy49     VALUE=    0.0000      WEIGHT=    0.0000    
        50  bcdmsh2     VALUE=   0.96920      WEIGHT=   0.48740E-02
        51  bcdmsd2     VALUE=   0.99147      WEIGHT=   0.58914E-02
        52  ccfr        VALUE=    1.0000      WEIGHT=    0.0000    
        53  nutev       VALUE=    1.0000      WEIGHT=    0.0000    
        54  zeus        VALUE=   0.97998      WEIGHT=    0.0000    
        55  h1          VALUE=    1.0162      WEIGHT=    0.0000    
        56  e605        VALUE=    1.0319      WEIGHT=    0.0000    
        57  NmcH2       VALUE=    1.0068      WEIGHT=   0.71567E-02
        58  ntv_nu      VALUE=    1.0000      WEIGHT=    0.0000    
        59  ntv_nuba    VALUE=    1.0000      WEIGHT=    0.0000    
        60  cdf_jet     VALUE=   0.98910      WEIGHT=    0.0000    
        61  d0_jet      VALUE=   0.83504      WEIGHT=    0.0000    
        62  slac_p      VALUE=   0.99946      WEIGHT=   0.51534E-02
        63  slac_d      VALUE=    1.0031      WEIGHT=   0.54106E-02
        64  e866pp      VALUE=   0.98039      WEIGHT=   0.19755E-01
        65  e866pd      VALUE=   0.96355      WEIGHT=   0.18306E-01
        66  d0_gamje    VALUE=    1.0371      WEIGHT=   0.16521E-01
        67  h1b         VALUE=   0.97608      WEIGHT=    0.0000    
        68  jlab_p      VALUE=   0.98871      WEIGHT=   0.63459E-02
        69  jlab_d      VALUE=   0.97804      WEIGHT=   0.62103E-02
        70  blank       VALUE=    1.0000      WEIGHT=    0.0000    
        71  d0run2      VALUE=   0.95277      WEIGHT=   0.14936E-01
        72  cdfrun2     VALUE=   0.93674      WEIGHT=   0.17640E-01
        73  HERA_el     VALUE=    1.0000      WEIGHT=    0.0000    
        74  HERA_ps     VALUE=    1.0000      WEIGHT=    0.0000    
        75  CDF_Z       VALUE=   0.95725      WEIGHT=   0.67841E-02
        76  NmcRat      VALUE=    1.0000      WEIGHT=    0.0000    
        77  BNS_F2nd    VALUE=   0.98413      WEIGHT=   0.11812E-01
        78  HERMES_F    VALUE=   0.99416      WEIGHT=   0.57392E-02
        79  HERMES_F    VALUE=   0.97848      WEIGHT=   0.59051E-02
0THE TOLERANCE IS    0.1000
 THE MAXIMUM NUMBER OF STEPS IS 100
0THE INITIAL CHI SQUARED IS  6.40235E+05



     X        Q2         W2       THEORY        error         DATA           ERROR        chi^2     _w    ITYPE
.1000E-01     2.000  0.199E+03   0.35310E+00   0.00000E+00   0.10000E+00    0.50249E-02 2536.94         test_P_all          
.2000E-01     2.000  0.989E+02   0.33463E+00   0.00000E+00   0.10000E+00    0.50249E-02 2180.16         test_P_all          
.3000E-01     2.000  0.655E+02   0.33073E+00   0.00000E+00   0.10000E+00    0.50249E-02 2108.46         test_P_all          
.4000E-01     2.000  0.489E+02   0.33415E+00   0.00000E+00   0.10000E+00    0.50249E-02 2171.25         test_P_all          
.5000E-01     2.000  0.389E+02   0.33799E+00   0.00000E+00   0.10000E+00    0.50249E-02 2243.09         test_P_all          
.6000E-01     2.000  0.322E+02   0.34280E+00   0.00000E+00   0.10000E+00    0.50249E-02 2334.66         test_P_all          
.7000E-01     2.000  0.275E+02   0.34687E+00   0.00000E+00   0.10000E+00    0.50249E-02 2413.70         test_P_all          
.8000E-01     2.000  0.239E+02   0.35021E+00   0.00000E+00   0.10000E+00    0.50249E-02 2479.42         test_P_all          
.9000E-01     2.000  0.211E+02   0.35299E+00   0.00000E+00   0.10000E+00    0.50249E-02 2534.82         test_P_all          
.1000E+00     2.000  0.189E+02   0.35505E+00   0.00000E+00   0.10000E+00    0.50249E-02 2576.28         test_P_all          
.1100E+00     2.000  0.171E+02   0.35674E+00   0.00000E+00   0.10000E+00    0.50249E-02 2610.60         test_P_all          
.1200E+00     2.000  0.155E+02   0.35798E+00   0.00000E+00   0.10000E+00    0.50249E-02 2635.75         test_P_all          
.1300E+00     2.000  0.143E+02   0.35879E+00   0.00000E+00   0.10000E+00    0.50249E-02 2652.30         test_P_all          
.1400E+00     2.000  0.132E+02   0.35935E+00   0.00000E+00   0.10000E+00    0.50249E-02 2663.77         test_P_all          
.1500E+00     2.000  0.122E+02   0.35953E+00   0.00000E+00   0.10000E+00    0.50249E-02 2667.49         test_P_all          
.1600E+00     2.000  0.114E+02   0.35939E+00   0.00000E+00   0.10000E+00    0.50249E-02 2664.61         test_P_all          
.1700E+00     2.000  0.106E+02   0.35891E+00   0.00000E+00   0.10000E+00    0.50249E-02 2654.92         test_P_all          
.1800E+00     2.000  0.999E+01   0.35809E+00   0.00000E+00   0.10000E+00    0.50249E-02 2638.00         test_P_all          
.1900E+00     2.000  0.941E+01   0.35690E+00   0.00000E+00   0.10000E+00    0.50249E-02 2613.76         test_P_all          
.2000E+00     2.000  0.888E+01   0.35535E+00   0.00000E+00   0.10000E+00    0.50249E-02 2582.26         test_P_all          
.2100E+00     2.000  0.841E+01   0.35341E+00   0.00000E+00   0.10000E+00    0.50249E-02 2543.32         test_P_all          
.2200E+00     2.000  0.797E+01   0.35109E+00   0.00000E+00   0.10000E+00    0.50249E-02 2496.93         test_P_all          
.2300E+00     2.000  0.758E+01   0.34840E+00   0.00000E+00   0.10000E+00    0.50249E-02 2443.66         test_P_all          
.2400E+00     2.000  0.722E+01   0.34530E+00   0.00000E+00   0.10000E+00    0.50249E-02 2383.15         test_P_all          
.2500E+00     2.000  0.688E+01   0.34184E+00   0.00000E+00   0.10000E+00    0.50249E-02 2316.21         test_P_all          
.2600E+00     2.000  0.657E+01   0.33800E+00   0.00000E+00   0.10000E+00    0.50249E-02 2243.36         test_P_all          
.2700E+00     2.000  0.629E+01   0.33380E+00   0.00000E+00   0.10000E+00    0.50249E-02 2164.76         test_P_all          
.2800E+00     2.000  0.602E+01   0.32925E+00   0.00000E+00   0.10000E+00    0.50249E-02 2081.39         test_P_all          
.2900E+00     2.000  0.578E+01   0.32438E+00   0.00000E+00   0.10000E+00    0.50249E-02 1993.84         test_P_all          
.3000E+00     2.000  0.555E+01   0.31919E+00   0.00000E+00   0.10000E+00    0.18868E-02 *******         test_P_all          
.3100E+00     2.000  0.533E+01   0.31372E+00   0.00000E+00   0.10000E+00    0.50249E-02 1808.91         test_P_all          
.3200E+00     2.000  0.513E+01   0.30798E+00   0.00000E+00   0.10000E+00    0.50249E-02 1713.12         test_P_all          
.3300E+00     2.000  0.494E+01   0.30201E+00   0.00000E+00   0.10000E+00    0.50249E-02 1616.09         test_P_all          
.3400E+00     2.000  0.476E+01   0.29581E+00   0.00000E+00   0.10000E+00    0.50249E-02 1518.55         test_P_all          
.3500E+00     2.000  0.460E+01   0.28944E+00   0.00000E+00   0.10000E+00    0.50249E-02 1421.23         test_P_all          
.3600E+00     2.000  0.444E+01   0.28289E+00   0.00000E+00   0.10000E+00    0.50249E-02 1324.73         test_P_all          
.3700E+00     2.000  0.429E+01   0.27620E+00   0.00000E+00   0.10000E+00    0.50249E-02 1229.63         test_P_all          
.3800E+00     2.000  0.414E+01   0.26940E+00   0.00000E+00   0.10000E+00    0.50249E-02 1136.55         test_P_all          
.3900E+00     2.000  0.401E+01   0.26251E+00   0.00000E+00   0.10000E+00    0.50249E-02 1045.92         test_P_all          
.4000E+00     2.000  0.388E+01   0.25554E+00   0.00000E+00   0.10000E+00    0.17692E-02 7729.37         test_P_all          
.4100E+00     2.000  0.376E+01   0.24852E+00   0.00000E+00   0.10000E+00    0.50249E-02  873.65         test_P_all          
.4200E+00     2.000  0.364E+01   0.24148E+00   0.00000E+00   0.10000E+00    0.50249E-02  792.70         test_P_all          
.4300E+00     2.000  0.353E+01   0.23441E+00   0.00000E+00   0.10000E+00    0.50249E-02  715.52         test_P_all          
.4400E+00     2.000  0.343E+01   0.22736E+00   0.00000E+00   0.10000E+00    0.50249E-02  642.39         test_P_all          
.4500E+00     2.000  0.333E+01   0.22033E+00   0.00000E+00   0.10000E+00    0.50249E-02  573.39         test_P_all          
.4600E+00     2.000  0.323E+01   0.21333E+00   0.00000E+00   0.10000E+00    0.50249E-02  508.63         test_P_all          
.4700E+00     2.000  0.314E+01   0.20638E+00   0.00000E+00   0.10000E+00    0.50249E-02  448.20         test_P_all          
.4800E+00     2.000  0.305E+01   0.19950E+00   0.00000E+00   0.10000E+00    0.50249E-02  392.09         test_P_all          
.4900E+00     2.000  0.296E+01   0.19270E+00   0.00000E+00   0.10000E+00    0.50249E-02  340.29         test_P_all          
.5000E+00     2.000  0.288E+01   0.18598E+00   0.00000E+00   0.10000E+00    0.17692E-02 2361.72         test_P_all          
.5100E+00     2.000  0.280E+01   0.17936E+00   0.00000E+00   0.10000E+00    0.50249E-02  249.43         test_P_all          
.5200E+00     2.000  0.273E+01   0.17285E+00   0.00000E+00   0.10000E+00    0.50249E-02  210.17         test_P_all          
.5300E+00     2.000  0.266E+01   0.16645E+00   0.00000E+00   0.10000E+00    0.50249E-02  174.88         test_P_all          
.5400E+00     2.000  0.259E+01   0.16018E+00   0.00000E+00   0.10000E+00    0.50249E-02  143.42         test_P_all          
.5500E+00     2.000  0.252E+01   0.15403E+00   0.00000E+00   0.10000E+00    0.50249E-02  115.63         test_P_all          
.5600E+00     2.000  0.245E+01   0.14802E+00   0.00000E+00   0.10000E+00    0.50249E-02   91.34         test_P_all          
.5700E+00     2.000  0.239E+01   0.14215E+00   0.00000E+00   0.10000E+00    0.50249E-02   70.38         test_P_all          
.5800E+00     2.000  0.233E+01   0.13643E+00   0.00000E+00   0.10000E+00    0.50249E-02   52.56         test_P_all          
.5900E+00     2.000  0.227E+01   0.13085E+00   0.00000E+00   0.10000E+00    0.50249E-02   37.69         test_P_all          
.6000E+00     2.000  0.222E+01   0.12542E+00   0.00000E+00   0.10000E+00    0.17692E-02  206.43         test_P_all          
.6100E+00     2.000  0.216E+01   0.12014E+00   0.00000E+00   0.10000E+00    0.50249E-02   16.07         test_P_all          
.6200E+00     2.000  0.211E+01   0.11502E+00   0.00000E+00   0.10000E+00    0.50249E-02    8.93         test_P_all          
.6300E+00     2.000  0.206E+01   0.11005E+00   0.00000E+00   0.10000E+00    0.50249E-02    4.00         test_P_all          
.6400E+00     2.000  0.201E+01   0.10523E+00   0.00000E+00   0.10000E+00    0.50249E-02    1.08         test_P_all          
.6500E+00     2.000  0.196E+01   0.10057E+00   0.00000E+00   0.10000E+00    0.50249E-02    0.01         test_P_all          
.6600E+00     2.000  0.191E+01   0.96058E-01   0.00000E+00   0.10000E+00    0.50249E-02   -0.62         test_P_all          
.6700E+00     2.000  0.187E+01   0.91700E-01   0.00000E+00   0.10000E+00    0.50249E-02   -2.73         test_P_all          
.6800E+00     2.000  0.182E+01   0.87493E-01   0.00000E+00   0.10000E+00    0.50249E-02   -6.19         test_P_all          
.6900E+00     2.000  0.178E+01   0.83437E-01   0.00000E+00   0.10000E+00    0.50249E-02  -10.86         test_P_all          
.7000E+00     2.000  0.174E+01   0.79527E-01   0.00000E+00   0.10000E+00    0.17692E-02 -133.92         test_P_all          
.7100E+00     2.000  0.170E+01   0.75760E-01   0.00000E+00   0.10000E+00    0.50249E-02  -23.27         test_P_all          
.7200E+00     2.000  0.166E+01   0.72136E-01   0.00000E+00   0.10000E+00    0.50249E-02  -30.75         test_P_all          
.7300E+00     2.000  0.162E+01   0.68652E-01   0.00000E+00   0.10000E+00    0.50249E-02  -38.92         test_P_all          
.7400E+00     2.000  0.158E+01   0.65305E-01   0.00000E+00   0.10000E+00    0.50249E-02  -47.67         test_P_all          
.7500E+00     2.000  0.155E+01   0.62089E-01   0.00000E+00   0.10000E+00    0.50249E-02  -56.92         test_P_all          
.7600E+00     2.000  0.151E+01   0.59004E-01   0.00000E+00   0.10000E+00    0.50249E-02  -66.56         test_P_all          
.7700E+00     2.000  0.148E+01   0.56047E-01   0.00000E+00   0.10000E+00    0.50249E-02  -76.51         test_P_all          
.7800E+00     2.000  0.145E+01   0.53213E-01   0.00000E+00   0.10000E+00    0.50249E-02  -86.69         test_P_all          
.7900E+00     2.000  0.141E+01   0.50498E-01   0.00000E+00   0.10000E+00    0.50249E-02  -97.05         test_P_all          
.8000E+00     2.000  0.138E+01   0.47899E-01   0.00000E+00   0.10000E+00    0.17692E-02 -867.27         test_P_all          
.8100E+00     2.000  0.135E+01   0.45414E-01   0.00000E+00   0.10000E+00    0.50249E-02 -118.00         test_P_all          
.8200E+00     2.000  0.132E+01   0.43039E-01   0.00000E+00   0.10000E+00    0.50249E-02 -128.50         test_P_all          
.8300E+00     2.000  0.129E+01   0.40768E-01   0.00000E+00   0.10000E+00    0.50249E-02 -138.95         test_P_all          
.8400E+00     2.000  0.126E+01   0.38600E-01   0.00000E+00   0.10000E+00    0.50249E-02 -149.31         test_P_all          
.8500E+00     2.000  0.123E+01   0.36530E-01   0.00000E+00   0.10000E+00    0.50249E-02 -159.54         test_P_all          
.8600E+00     2.000  0.121E+01   0.34557E-01   0.00000E+00   0.10000E+00    0.50249E-02 -169.62         test_P_all          
.8700E+00     2.000  0.118E+01   0.32675E-01   0.00000E+00   0.10000E+00    0.50249E-02 -179.51         test_P_all          
.8800E+00     2.000  0.115E+01   0.30881E-01   0.00000E+00   0.10000E+00    0.50249E-02 -189.21         test_P_all          
.8900E+00     2.000  0.113E+01   0.29172E-01   0.00000E+00   0.10000E+00    0.50249E-02 -198.68         test_P_all          
.9000E+00     2.000  0.110E+01   0.27545E-01   0.00000E+00   0.10000E+00    0.17692E-02 *******         test_P_all          
.9100E+00     2.000  0.108E+01   0.25997E-01   0.00000E+00   0.10000E+00    0.50249E-02 -216.89         test_P_all          
.9200E+00     2.000  0.106E+01   0.24525E-01   0.00000E+00   0.10000E+00    0.50249E-02 -225.60         test_P_all          
.9300E+00     2.000  0.103E+01   0.23125E-01   0.00000E+00   0.10000E+00    0.50249E-02 -234.05         test_P_all          
.9400E+00     2.000  0.101E+01   0.21794E-01   0.00000E+00   0.10000E+00    0.50249E-02 -242.22         test_P_all          
.9500E+00     2.000  0.987E+00   0.20530E-01   0.00000E+00   0.10000E+00    0.50249E-02 -250.12         test_P_all          
.9600E+00     2.000  0.965E+00   0.19331E-01   0.00000E+00   0.10000E+00    0.50249E-02 -257.72         test_P_all          
.9700E+00     2.000  0.944E+00   0.18193E-01   0.00000E+00   0.10000E+00    0.50249E-02 -265.05         test_P_all          
.9800E+00     2.000  0.923E+00   0.17113E-01   0.00000E+00   0.10000E+00    0.50249E-02 -272.09         test_P_all          
.9900E+00     2.000  0.902E+00   0.16088E-01   0.00000E+00   0.10000E+00    0.50249E-02 -278.86         test_P_all          
.1000E+01     2.000  0.882E+00   0.15117E-01   0.00000E+00   0.10000E+00    0.50249E-02 -285.35         test_P_all          
.1000E-01     5.000  0.496E+03   0.46059E+00   0.00000E+00   0.10000E+00    0.50249E-02 5149.61         test_P_all          
.2000E-01     5.000  0.246E+03   0.41503E+00   0.00000E+00   0.10000E+00    0.50249E-02 3930.44         test_P_all          
.3000E-01     5.000  0.163E+03   0.39606E+00   0.00000E+00   0.10000E+00    0.50249E-02 3471.43         test_P_all          
.4000E-01     5.000  0.121E+03   0.38967E+00   0.00000E+00   0.10000E+00    0.50249E-02 3323.17         test_P_all          
.5000E-01     5.000  0.959E+02   0.38489E+00   0.00000E+00   0.10000E+00    0.50249E-02 3214.26         test_P_all          
.6000E-01     5.000  0.792E+02   0.38266E+00   0.00000E+00   0.10000E+00    0.50249E-02 3164.20         test_P_all          
.7000E-01     5.000  0.673E+02   0.38039E+00   0.00000E+00   0.10000E+00    0.50249E-02 3113.68         test_P_all          
.8000E-01     5.000  0.584E+02   0.37834E+00   0.00000E+00   0.10000E+00    0.50249E-02 3068.27         test_P_all          
.9000E-01     5.000  0.514E+02   0.37627E+00   0.00000E+00   0.10000E+00    0.50249E-02 3022.69         test_P_all          
.1000E+00     5.000  0.459E+02   0.37410E+00   0.00000E+00   0.10000E+00    0.50249E-02 2975.42         test_P_all          
.1100E+00     5.000  0.413E+02   0.37194E+00   0.00000E+00   0.10000E+00    0.50249E-02 2928.84         test_P_all          
.1200E+00     5.000  0.375E+02   0.36977E+00   0.00000E+00   0.10000E+00    0.50249E-02 2882.26         test_P_all          
.1300E+00     5.000  0.343E+02   0.36752E+00   0.00000E+00   0.10000E+00    0.50249E-02 2834.24         test_P_all          
.1400E+00     5.000  0.316E+02   0.36518E+00   0.00000E+00   0.10000E+00    0.50249E-02 2784.89         test_P_all          
.1500E+00     5.000  0.292E+02   0.36272E+00   0.00000E+00   0.10000E+00    0.50249E-02 2733.55         test_P_all          
.1600E+00     5.000  0.271E+02   0.36010E+00   0.00000E+00   0.10000E+00    0.50249E-02 2679.21         test_P_all          
.1700E+00     5.000  0.253E+02   0.35730E+00   0.00000E+00   0.10000E+00    0.50249E-02 2621.83         test_P_all          
.1800E+00     5.000  0.237E+02   0.35429E+00   0.00000E+00   0.10000E+00    0.50249E-02 2560.98         test_P_all          
.1900E+00     5.000  0.222E+02   0.35104E+00   0.00000E+00   0.10000E+00    0.50249E-02 2495.79         test_P_all          
.2000E+00     5.000  0.209E+02   0.34754E+00   0.00000E+00   0.10000E+00    0.50249E-02 2426.80         test_P_all          
.2100E+00     5.000  0.197E+02   0.34376E+00   0.00000E+00   0.10000E+00    0.50249E-02 2353.23         test_P_all          
.2200E+00     5.000  0.186E+02   0.33970E+00   0.00000E+00   0.10000E+00    0.50249E-02 2275.50         test_P_all          
.2300E+00     5.000  0.176E+02   0.33537E+00   0.00000E+00   0.10000E+00    0.50249E-02 2194.05         test_P_all          
.2400E+00     5.000  0.167E+02   0.33074E+00   0.00000E+00   0.10000E+00    0.50249E-02 2108.48         test_P_all          
.2500E+00     5.000  0.159E+02   0.32582E+00   0.00000E+00   0.10000E+00    0.50249E-02 2019.63         test_P_all          
.2600E+00     5.000  0.151E+02   0.32062E+00   0.00000E+00   0.10000E+00    0.50249E-02 1927.70         test_P_all          
.2700E+00     5.000  0.144E+02   0.31515E+00   0.00000E+00   0.10000E+00    0.50249E-02 1833.21         test_P_all          
.2800E+00     5.000  0.137E+02   0.30942E+00   0.00000E+00   0.10000E+00    0.50249E-02 1736.88         test_P_all          
.2900E+00     5.000  0.131E+02   0.30344E+00   0.00000E+00   0.10000E+00    0.50249E-02 1639.09         test_P_all          
.3000E+00     5.000  0.125E+02   0.29723E+00   0.00000E+00   0.10000E+00    0.18868E-02 *******         test_P_all          
.3100E+00     5.000  0.120E+02   0.29082E+00   0.00000E+00   0.10000E+00    0.50249E-02 1442.01         test_P_all          
.3200E+00     5.000  0.115E+02   0.28421E+00   0.00000E+00   0.10000E+00    0.50249E-02 1343.90         test_P_all          
.3300E+00     5.000  0.110E+02   0.27744E+00   0.00000E+00   0.10000E+00    0.50249E-02 1246.86         test_P_all          
.3400E+00     5.000  0.106E+02   0.27051E+00   0.00000E+00   0.10000E+00    0.50249E-02 1151.47         test_P_all          
.3500E+00     5.000  0.102E+02   0.26346E+00   0.00000E+00   0.10000E+00    0.50249E-02 1058.21         test_P_all          
.3600E+00     5.000  0.977E+01   0.25630E+00   0.00000E+00   0.10000E+00    0.50249E-02  967.54         test_P_all          
.3700E+00     5.000  0.940E+01   0.24906E+00   0.00000E+00   0.10000E+00    0.50249E-02  879.95         test_P_all          
.3800E+00     5.000  0.904E+01   0.24175E+00   0.00000E+00   0.10000E+00    0.50249E-02  795.72         test_P_all          
.3900E+00     5.000  0.870E+01   0.23438E+00   0.00000E+00   0.10000E+00    0.50249E-02  715.22         test_P_all          
.4000E+00     5.000  0.838E+01   0.22699E+00   0.00000E+00   0.10000E+00    0.17692E-02 5152.62         test_P_all          
.4100E+00     5.000  0.808E+01   0.21959E+00   0.00000E+00   0.10000E+00    0.50249E-02  566.40         test_P_all          
.4200E+00     5.000  0.779E+01   0.21219E+00   0.00000E+00   0.10000E+00    0.50249E-02  498.47         test_P_all          
.4300E+00     5.000  0.751E+01   0.20481E+00   0.00000E+00   0.10000E+00    0.50249E-02  435.04         test_P_all          
.4400E+00     5.000  0.725E+01   0.19746E+00   0.00000E+00   0.10000E+00    0.50249E-02  376.18         test_P_all          
.4500E+00     5.000  0.699E+01   0.19016E+00   0.00000E+00   0.10000E+00    0.50249E-02  321.96         test_P_all          
.4600E+00     5.000  0.675E+01   0.18293E+00   0.00000E+00   0.10000E+00    0.50249E-02  272.36         test_P_all          
.4700E+00     5.000  0.652E+01   0.17577E+00   0.00000E+00   0.10000E+00    0.50249E-02  227.35         test_P_all          
.4800E+00     5.000  0.630E+01   0.16870E+00   0.00000E+00   0.10000E+00    0.50249E-02  186.90         test_P_all          
.4900E+00     5.000  0.609E+01   0.16172E+00   0.00000E+00   0.10000E+00    0.50249E-02  150.87         test_P_all          
.5000E+00     5.000  0.588E+01   0.15486E+00   0.00000E+00   0.10000E+00    0.17692E-02  961.38         test_P_all          
.5100E+00     5.000  0.569E+01   0.14811E+00   0.00000E+00   0.10000E+00    0.50249E-02   91.67         test_P_all          
.5200E+00     5.000  0.550E+01   0.14149E+00   0.00000E+00   0.10000E+00    0.50249E-02   68.18         test_P_all          
.5300E+00     5.000  0.532E+01   0.13501E+00   0.00000E+00   0.10000E+00    0.50249E-02   48.54         test_P_all          
.5400E+00     5.000  0.514E+01   0.12867E+00   0.00000E+00   0.10000E+00    0.50249E-02   32.55         test_P_all          
.5500E+00     5.000  0.497E+01   0.12248E+00   0.00000E+00   0.10000E+00    0.50249E-02   20.01         test_P_all          
.5600E+00     5.000  0.481E+01   0.11644E+00   0.00000E+00   0.10000E+00    0.50249E-02   10.71         test_P_all          
.5700E+00     5.000  0.465E+01   0.11057E+00   0.00000E+00   0.10000E+00    0.50249E-02    4.43         test_P_all          
.5800E+00     5.000  0.450E+01   0.10486E+00   0.00000E+00   0.10000E+00    0.50249E-02    0.94         test_P_all          
.5900E+00     5.000  0.436E+01   0.99326E-01   0.00000E+00   0.10000E+00    0.50249E-02   -0.02         test_P_all          
.6000E+00     5.000  0.422E+01   0.93961E-01   0.00000E+00   0.10000E+00    0.17692E-02  -11.65         test_P_all          
.6100E+00     5.000  0.408E+01   0.88768E-01   0.00000E+00   0.10000E+00    0.50249E-02   -5.00         test_P_all          
.6200E+00     5.000  0.395E+01   0.83754E-01   0.00000E+00   0.10000E+00    0.50249E-02  -10.45         test_P_all          
.6300E+00     5.000  0.382E+01   0.78918E-01   0.00000E+00   0.10000E+00    0.50249E-02  -17.60         test_P_all          
.6400E+00     5.000  0.369E+01   0.74257E-01   0.00000E+00   0.10000E+00    0.50249E-02  -26.24         test_P_all          
.6500E+00     5.000  0.357E+01   0.69777E-01   0.00000E+00   0.10000E+00    0.50249E-02  -36.17         test_P_all          
.6600E+00     5.000  0.346E+01   0.65475E-01   0.00000E+00   0.10000E+00    0.50249E-02  -47.21         test_P_all          
.6700E+00     5.000  0.334E+01   0.61348E-01   0.00000E+00   0.10000E+00    0.50249E-02  -59.17         test_P_all          
.6800E+00     5.000  0.323E+01   0.57397E-01   0.00000E+00   0.10000E+00    0.50249E-02  -71.88         test_P_all          
.6900E+00     5.000  0.313E+01   0.53620E-01   0.00000E+00   0.10000E+00    0.50249E-02  -85.19         test_P_all          
.7000E+00     5.000  0.302E+01   0.50013E-01   0.00000E+00   0.10000E+00    0.17692E-02 -798.31         test_P_all          
.7100E+00     5.000  0.292E+01   0.46575E-01   0.00000E+00   0.10000E+00    0.50249E-02 -113.04         test_P_all          
.7200E+00     5.000  0.283E+01   0.43304E-01   0.00000E+00   0.10000E+00    0.50249E-02 -127.30         test_P_all          
.7300E+00     5.000  0.273E+01   0.40194E-01   0.00000E+00   0.10000E+00    0.50249E-02 -141.65         test_P_all          
.7400E+00     5.000  0.264E+01   0.37243E-01   0.00000E+00   0.10000E+00    0.50249E-02 -155.98         test_P_all          
.7500E+00     5.000  0.255E+01   0.34448E-01   0.00000E+00   0.10000E+00    0.50249E-02 -170.18         test_P_all          
.7600E+00     5.000  0.246E+01   0.31804E-01   0.00000E+00   0.10000E+00    0.50249E-02 -184.19         test_P_all          
.7700E+00     5.000  0.238E+01   0.29306E-01   0.00000E+00   0.10000E+00    0.50249E-02 -197.92         test_P_all          
.7800E+00     5.000  0.229E+01   0.26953E-01   0.00000E+00   0.10000E+00    0.50249E-02 -211.32         test_P_all          
.7900E+00     5.000  0.221E+01   0.24737E-01   0.00000E+00   0.10000E+00    0.50249E-02 -224.33         test_P_all          
.8000E+00     5.000  0.213E+01   0.22655E-01   0.00000E+00   0.10000E+00    0.17692E-02 *******         test_P_all          
.8100E+00     5.000  0.205E+01   0.20703E-01   0.00000E+00   0.10000E+00    0.50249E-02 -249.03         test_P_all          
.8200E+00     5.000  0.198E+01   0.18876E-01   0.00000E+00   0.10000E+00    0.50249E-02 -260.64         test_P_all          
.8300E+00     5.000  0.191E+01   0.17168E-01   0.00000E+00   0.10000E+00    0.50249E-02 -271.73         test_P_all          
.8400E+00     5.000  0.183E+01   0.15576E-01   0.00000E+00   0.10000E+00    0.50249E-02 -282.27         test_P_all          
.8500E+00     5.000  0.176E+01   0.14094E-01   0.00000E+00   0.10000E+00    0.50249E-02 -292.27         test_P_all          
.8600E+00     5.000  0.170E+01   0.12718E-01   0.00000E+00   0.10000E+00    0.50249E-02 -301.71         test_P_all          
.8700E+00     5.000  0.163E+01   0.11443E-01   0.00000E+00   0.10000E+00    0.50249E-02 -310.59         test_P_all          
.8800E+00     5.000  0.156E+01   0.10264E-01   0.00000E+00   0.10000E+00    0.50249E-02 -318.91         test_P_all          
.8900E+00     5.000  0.150E+01   0.91774E-02   0.00000E+00   0.10000E+00    0.50249E-02 -326.68         test_P_all          
.9000E+00     5.000  0.144E+01   0.81771E-02   0.00000E+00   0.10000E+00    0.17692E-02 *******         test_P_all          
.9100E+00     5.000  0.138E+01   0.72591E-02   0.00000E+00   0.10000E+00    0.50249E-02 -340.63         test_P_all          
.9200E+00     5.000  0.132E+01   0.64200E-02   0.00000E+00   0.10000E+00    0.50249E-02 -346.82         test_P_all          
.9300E+00     5.000  0.126E+01   0.56543E-02   0.00000E+00   0.10000E+00    0.50249E-02 -352.52         test_P_all          
.9400E+00     5.000  0.120E+01   0.49579E-02   0.00000E+00   0.10000E+00    0.50249E-02 -357.74         test_P_all          
.9500E+00     5.000  0.114E+01   0.43271E-02   0.00000E+00   0.10000E+00    0.50249E-02 -362.51         test_P_all          
.9600E+00     5.000  0.109E+01   0.37575E-02   0.00000E+00   0.10000E+00    0.50249E-02 -366.84         test_P_all          
.9700E+00     5.000  0.104E+01   0.32450E-02   0.00000E+00   0.10000E+00    0.50249E-02 -370.75         test_P_all          
.9800E+00     5.000  0.984E+00   0.27858E-02   0.00000E+00   0.10000E+00    0.50249E-02 -374.28         test_P_all          
.9900E+00     5.000  0.932E+00   0.23764E-02   0.00000E+00   0.10000E+00    0.50249E-02 -377.44         test_P_all          
.1000E+01     5.000  0.882E+00   0.20131E-02   0.00000E+00   0.10000E+00    0.50249E-02 -380.25         test_P_all          
.1000E-01    10.000  0.991E+03   0.54124E+00   0.00000E+00   0.10000E+00    0.50249E-02 7710.77         test_P_all          
.2000E-01    10.000  0.491E+03   0.47229E+00   0.00000E+00   0.10000E+00    0.50249E-02 5489.15         test_P_all          
.3000E-01    10.000  0.324E+03   0.43986E+00   0.00000E+00   0.10000E+00    0.50249E-02 4574.57         test_P_all          
.4000E-01    10.000  0.241E+03   0.42524E+00   0.00000E+00   0.10000E+00    0.50249E-02 4189.35         test_P_all          
.5000E-01    10.000  0.191E+03   0.41327E+00   0.00000E+00   0.10000E+00    0.50249E-02 3886.69         test_P_all          
.6000E-01    10.000  0.158E+03   0.40574E+00   0.00000E+00   0.10000E+00    0.50249E-02 3701.99         test_P_all          
.7000E-01    10.000  0.134E+03   0.39882E+00   0.00000E+00   0.10000E+00    0.50249E-02 3536.48         test_P_all          
.8000E-01    10.000  0.116E+03   0.39301E+00   0.00000E+00   0.10000E+00    0.50249E-02 3400.29         test_P_all          
.9000E-01    10.000  0.102E+03   0.38765E+00   0.00000E+00   0.10000E+00    0.50249E-02 3276.98         test_P_all          
.1000E+00    10.000  0.909E+02   0.38273E+00   0.00000E+00   0.10000E+00    0.50249E-02 3165.84         test_P_all          
.1100E+00    10.000  0.818E+02   0.37804E+00   0.00000E+00   0.10000E+00    0.50249E-02 3061.66         test_P_all          
.1200E+00    10.000  0.742E+02   0.37370E+00   0.00000E+00   0.10000E+00    0.50249E-02 2966.73         test_P_all          
.1300E+00    10.000  0.678E+02   0.36950E+00   0.00000E+00   0.10000E+00    0.50249E-02 2876.39         test_P_all          
.1400E+00    10.000  0.623E+02   0.36535E+00   0.00000E+00   0.10000E+00    0.50249E-02 2788.56         test_P_all          
.1500E+00    10.000  0.575E+02   0.36125E+00   0.00000E+00   0.10000E+00    0.50249E-02 2703.10         test_P_all          
.1600E+00    10.000  0.534E+02   0.35707E+00   0.00000E+00   0.10000E+00    0.50249E-02 2617.29         test_P_all          
.1700E+00    10.000  0.497E+02   0.35282E+00   0.00000E+00   0.10000E+00    0.50249E-02 2531.41         test_P_all          
.1800E+00    10.000  0.464E+02   0.34845E+00   0.00000E+00   0.10000E+00    0.50249E-02 2444.67         test_P_all          
.1900E+00    10.000  0.435E+02   0.34390E+00   0.00000E+00   0.10000E+00    0.50249E-02 2355.91         test_P_all          
.2000E+00    10.000  0.409E+02   0.33919E+00   0.00000E+00   0.10000E+00    0.50249E-02 2265.75         test_P_all          
.2100E+00    10.000  0.385E+02   0.33425E+00   0.00000E+00   0.10000E+00    0.50249E-02 2173.14         test_P_all          
.2200E+00    10.000  0.363E+02   0.32910E+00   0.00000E+00   0.10000E+00    0.50249E-02 2078.63         test_P_all          
.2300E+00    10.000  0.344E+02   0.32373E+00   0.00000E+00   0.10000E+00    0.50249E-02 1982.38         test_P_all          
.2400E+00    10.000  0.325E+02   0.31812E+00   0.00000E+00   0.10000E+00    0.50249E-02 1884.26         test_P_all          
.2500E+00    10.000  0.309E+02   0.31230E+00   0.00000E+00   0.10000E+00    0.50249E-02 1784.99         test_P_all          
.2600E+00    10.000  0.293E+02   0.30625E+00   0.00000E+00   0.10000E+00    0.50249E-02 1684.71         test_P_all          
.2700E+00    10.000  0.279E+02   0.29999E+00   0.00000E+00   0.10000E+00    0.50249E-02 1583.97         test_P_all          
.2800E+00    10.000  0.266E+02   0.29354E+00   0.00000E+00   0.10000E+00    0.50249E-02 1483.51         test_P_all          
.2900E+00    10.000  0.254E+02   0.28691E+00   0.00000E+00   0.10000E+00    0.50249E-02 1383.54         test_P_all          
.3000E+00    10.000  0.242E+02   0.28011E+00   0.00000E+00   0.10000E+00    0.18868E-02 9111.76         test_P_all          
.3100E+00    10.000  0.231E+02   0.27315E+00   0.00000E+00   0.10000E+00    0.50249E-02 1187.39         test_P_all          
.3200E+00    10.000  0.221E+02   0.26607E+00   0.00000E+00   0.10000E+00    0.50249E-02 1092.19         test_P_all          
.3300E+00    10.000  0.212E+02   0.25886E+00   0.00000E+00   0.10000E+00    0.50249E-02  999.51         test_P_all          
.3400E+00    10.000  0.203E+02   0.25157E+00   0.00000E+00   0.10000E+00    0.50249E-02  909.82         test_P_all          
.3500E+00    10.000  0.195E+02   0.24419E+00   0.00000E+00   0.10000E+00    0.50249E-02  823.45         test_P_all          
.3600E+00    10.000  0.187E+02   0.23676E+00   0.00000E+00   0.10000E+00    0.50249E-02  740.75         test_P_all          
.3700E+00    10.000  0.179E+02   0.22929E+00   0.00000E+00   0.10000E+00    0.50249E-02  662.02         test_P_all          
.3800E+00    10.000  0.172E+02   0.22179E+00   0.00000E+00   0.10000E+00    0.50249E-02  587.45         test_P_all          
.3900E+00    10.000  0.165E+02   0.21429E+00   0.00000E+00   0.10000E+00    0.50249E-02  517.32         test_P_all          
.4000E+00    10.000  0.159E+02   0.20680E+00   0.00000E+00   0.10000E+00    0.17692E-02 3643.88         test_P_all          
.4100E+00    10.000  0.153E+02   0.19932E+00   0.00000E+00   0.10000E+00    0.50249E-02  390.70         test_P_all          
.4200E+00    10.000  0.147E+02   0.19189E+00   0.00000E+00   0.10000E+00    0.50249E-02  334.42         test_P_all          
.4300E+00    10.000  0.141E+02   0.18451E+00   0.00000E+00   0.10000E+00    0.50249E-02  282.85         test_P_all          
.4400E+00    10.000  0.136E+02   0.17719E+00   0.00000E+00   0.10000E+00    0.50249E-02  236.00         test_P_all          
.4500E+00    10.000  0.131E+02   0.16996E+00   0.00000E+00   0.10000E+00    0.50249E-02  193.81         test_P_all          
.4600E+00    10.000  0.126E+02   0.16280E+00   0.00000E+00   0.10000E+00    0.50249E-02  156.21         test_P_all          
.4700E+00    10.000  0.122E+02   0.15576E+00   0.00000E+00   0.10000E+00    0.50249E-02  123.11         test_P_all          
.4800E+00    10.000  0.117E+02   0.14882E+00   0.00000E+00   0.10000E+00    0.50249E-02   94.37         test_P_all          
.4900E+00    10.000  0.113E+02   0.14200E+00   0.00000E+00   0.10000E+00    0.50249E-02   69.85         test_P_all          
.5000E+00    10.000  0.109E+02   0.13531E+00   0.00000E+00   0.10000E+00    0.17692E-02  398.25         test_P_all          
.5100E+00    10.000  0.105E+02   0.12875E+00   0.00000E+00   0.10000E+00    0.50249E-02   32.74         test_P_all          
.5200E+00    10.000  0.101E+02   0.12235E+00   0.00000E+00   0.10000E+00    0.50249E-02   19.77         test_P_all          
.5300E+00    10.000  0.975E+01   0.11609E+00   0.00000E+00   0.10000E+00    0.50249E-02   10.25         test_P_all          
.5400E+00    10.000  0.940E+01   0.10999E+00   0.00000E+00   0.10000E+00    0.50249E-02    3.95         test_P_all          
.5500E+00    10.000  0.906E+01   0.10406E+00   0.00000E+00   0.10000E+00    0.50249E-02    0.65         test_P_all          
.5600E+00    10.000  0.874E+01   0.98298E-01   0.00000E+00   0.10000E+00    0.50249E-02   -0.11         test_P_all          
.5700E+00    10.000  0.843E+01   0.92708E-01   0.00000E+00   0.10000E+00    0.50249E-02   -2.11         test_P_all          
.5800E+00    10.000  0.812E+01   0.87297E-01   0.00000E+00   0.10000E+00    0.50249E-02   -6.39         test_P_all          
.5900E+00    10.000  0.783E+01   0.82065E-01   0.00000E+00   0.10000E+00    0.50249E-02  -12.74         test_P_all          
.6000E+00    10.000  0.755E+01   0.77017E-01   0.00000E+00   0.10000E+00    0.17692E-02 -168.77         test_P_all          
.6100E+00    10.000  0.728E+01   0.72153E-01   0.00000E+00   0.10000E+00    0.50249E-02  -30.71         test_P_all          
.6200E+00    10.000  0.701E+01   0.67473E-01   0.00000E+00   0.10000E+00    0.50249E-02  -41.90         test_P_all          
.6300E+00    10.000  0.675E+01   0.62983E-01   0.00000E+00   0.10000E+00    0.50249E-02  -54.27         test_P_all          
.6400E+00    10.000  0.651E+01   0.58678E-01   0.00000E+00   0.10000E+00    0.50249E-02  -67.62         test_P_all          
.6500E+00    10.000  0.627E+01   0.54558E-01   0.00000E+00   0.10000E+00    0.50249E-02  -81.78         test_P_all          
.6600E+00    10.000  0.603E+01   0.50626E-01   0.00000E+00   0.10000E+00    0.50249E-02  -96.55         test_P_all          
.6700E+00    10.000  0.581E+01   0.46876E-01   0.00000E+00   0.10000E+00    0.50249E-02 -111.77         test_P_all          
.6800E+00    10.000  0.559E+01   0.43309E-01   0.00000E+00   0.10000E+00    0.50249E-02 -127.28         test_P_all          
.6900E+00    10.000  0.537E+01   0.39922E-01   0.00000E+00   0.10000E+00    0.50249E-02 -142.95         test_P_all          
.7000E+00    10.000  0.517E+01   0.36711E-01   0.00000E+00   0.10000E+00    0.17692E-02 *******         test_P_all          
.7100E+00    10.000  0.497E+01   0.33675E-01   0.00000E+00   0.10000E+00    0.50249E-02 -174.22         test_P_all          
.7200E+00    10.000  0.477E+01   0.30810E-01   0.00000E+00   0.10000E+00    0.50249E-02 -189.60         test_P_all          
.7300E+00    10.000  0.458E+01   0.28111E-01   0.00000E+00   0.10000E+00    0.50249E-02 -204.68         test_P_all          
.7400E+00    10.000  0.440E+01   0.25576E-01   0.00000E+00   0.10000E+00    0.50249E-02 -219.36         test_P_all          
.7500E+00    10.000  0.422E+01   0.23200E-01   0.00000E+00   0.10000E+00    0.50249E-02 -233.60         test_P_all          
.7600E+00    10.000  0.404E+01   0.20977E-01   0.00000E+00   0.10000E+00    0.50249E-02 -247.31         test_P_all          
.7700E+00    10.000  0.387E+01   0.18905E-01   0.00000E+00   0.10000E+00    0.50249E-02 -260.45         test_P_all          
.7800E+00    10.000  0.370E+01   0.16978E-01   0.00000E+00   0.10000E+00    0.50249E-02 -272.98         test_P_all          
.7900E+00    10.000  0.354E+01   0.15189E-01   0.00000E+00   0.10000E+00    0.50249E-02 -284.87         test_P_all          
.8000E+00    10.000  0.338E+01   0.13536E-01   0.00000E+00   0.10000E+00    0.17692E-02 *******         test_P_all          
.8100E+00    10.000  0.323E+01   0.12012E-01   0.00000E+00   0.10000E+00    0.50249E-02 -306.61         test_P_all          
.8200E+00    10.000  0.308E+01   0.10611E-01   0.00000E+00   0.10000E+00    0.50249E-02 -316.45         test_P_all          
.8300E+00    10.000  0.293E+01   0.93294E-02   0.00000E+00   0.10000E+00    0.50249E-02 -325.59         test_P_all          
.8400E+00    10.000  0.279E+01   0.81598E-02   0.00000E+00   0.10000E+00    0.50249E-02 -334.04         test_P_all          
.8500E+00    10.000  0.265E+01   0.70965E-02   0.00000E+00   0.10000E+00    0.50249E-02 -341.82         test_P_all          
.8600E+00    10.000  0.251E+01   0.61355E-02   0.00000E+00   0.10000E+00    0.50249E-02 -348.93         test_P_all          
.8700E+00    10.000  0.238E+01   0.52701E-02   0.00000E+00   0.10000E+00    0.50249E-02 -355.40         test_P_all          
.8800E+00    10.000  0.225E+01   0.44947E-02   0.00000E+00   0.10000E+00    0.50249E-02 -361.24         test_P_all          
.8900E+00    10.000  0.212E+01   0.38039E-02   0.00000E+00   0.10000E+00    0.50249E-02 -366.48         test_P_all          
.9000E+00    10.000  0.199E+01   0.31920E-02   0.00000E+00   0.10000E+00    0.17692E-02 *******         test_P_all          
.9100E+00    10.000  0.187E+01   0.26536E-02   0.00000E+00   0.10000E+00    0.50249E-02 -375.30         test_P_all          
.9200E+00    10.000  0.175E+01   0.21831E-02   0.00000E+00   0.10000E+00    0.50249E-02 -378.94         test_P_all          
.9300E+00    10.000  0.163E+01   0.17753E-02   0.00000E+00   0.10000E+00    0.50249E-02 -382.10         test_P_all          
.9400E+00    10.000  0.152E+01   0.14254E-02   0.00000E+00   0.10000E+00    0.50249E-02 -384.83         test_P_all          
.9500E+00    10.000  0.141E+01   0.11272E-02   0.00000E+00   0.10000E+00    0.50249E-02 -387.16         test_P_all          
.9600E+00    10.000  0.130E+01   0.87675E-03   0.00000E+00   0.10000E+00    0.50249E-02 -389.13         test_P_all          
.9700E+00    10.000  0.119E+01   0.66946E-03   0.00000E+00   0.10000E+00    0.50249E-02 -390.75         test_P_all          
.9800E+00    10.000  0.109E+01   0.49890E-03   0.00000E+00   0.10000E+00    0.50249E-02 -392.10         test_P_all          
.9900E+00    10.000  0.983E+00   0.36221E-03   0.00000E+00   0.10000E+00    0.50249E-02 -393.18         test_P_all          
.1000E+01    10.000  0.882E+00   0.25550E-03   0.00000E+00   0.10000E+00    0.50249E-02 -394.02         test_P_all          
.1000E-01    20.000  0.198E+04   0.62085E+00   0.00000E+00   0.10000E+00    0.50249E-02 *******         test_P_all          
.2000E-01    20.000  0.981E+03   0.52620E+00   0.00000E+00   0.10000E+00    0.50249E-02 7193.90         test_P_all          
.3000E-01    20.000  0.648E+03   0.47954E+00   0.00000E+00   0.10000E+00    0.50249E-02 5705.05         test_P_all          
.4000E-01    20.000  0.481E+03   0.45667E+00   0.00000E+00   0.10000E+00    0.50249E-02 5038.04         test_P_all          
.5000E-01    20.000  0.381E+03   0.43760E+00   0.00000E+00   0.10000E+00    0.50249E-02 4513.75         test_P_all          
.6000E-01    20.000  0.314E+03   0.42497E+00   0.00000E+00   0.10000E+00    0.50249E-02 4182.42         test_P_all          
.7000E-01    20.000  0.267E+03   0.41359E+00   0.00000E+00   0.10000E+00    0.50249E-02 3894.69         test_P_all          
.8000E-01    20.000  0.231E+03   0.40442E+00   0.00000E+00   0.10000E+00    0.50249E-02 3670.06         test_P_all          
.9000E-01    20.000  0.203E+03   0.39614E+00   0.00000E+00   0.10000E+00    0.50249E-02 3473.32         test_P_all          
.1000E+00    20.000  0.181E+03   0.38882E+00   0.00000E+00   0.10000E+00    0.50249E-02 3303.68         test_P_all          
.1100E+00    20.000  0.163E+03   0.38204E+00   0.00000E+00   0.10000E+00    0.50249E-02 3150.26         test_P_all          
.1200E+00    20.000  0.148E+03   0.37576E+00   0.00000E+00   0.10000E+00    0.50249E-02 3011.63         test_P_all          
.1300E+00    20.000  0.135E+03   0.36984E+00   0.00000E+00   0.10000E+00    0.50249E-02 2883.80         test_P_all          
.1400E+00    20.000  0.124E+03   0.36412E+00   0.00000E+00   0.10000E+00    0.50249E-02 2762.76         test_P_all          
.1500E+00    20.000  0.114E+03   0.35860E+00   0.00000E+00   0.10000E+00    0.50249E-02 2648.39         test_P_all          
.1600E+00    20.000  0.106E+03   0.35307E+00   0.00000E+00   0.10000E+00    0.50249E-02 2536.48         test_P_all          
.1700E+00    20.000  0.985E+02   0.34758E+00   0.00000E+00   0.10000E+00    0.50249E-02 2427.48         test_P_all          
.1800E+00    20.000  0.920E+02   0.34204E+00   0.00000E+00   0.10000E+00    0.50249E-02 2320.14         test_P_all          
.1900E+00    20.000  0.861E+02   0.33639E+00   0.00000E+00   0.10000E+00    0.50249E-02 2213.09         test_P_all          
.2000E+00    20.000  0.809E+02   0.33065E+00   0.00000E+00   0.10000E+00    0.50249E-02 2106.90         test_P_all          
.2100E+00    20.000  0.761E+02   0.32474E+00   0.00000E+00   0.10000E+00    0.50249E-02 2000.27         test_P_all          
.2200E+00    20.000  0.718E+02   0.31868E+00   0.00000E+00   0.10000E+00    0.50249E-02 1893.85         test_P_all          
.2300E+00    20.000  0.678E+02   0.31246E+00   0.00000E+00   0.10000E+00    0.50249E-02 1787.65         test_P_all          
.2400E+00    20.000  0.642E+02   0.30606E+00   0.00000E+00   0.10000E+00    0.50249E-02 1681.56         test_P_all          
.2500E+00    20.000  0.609E+02   0.29950E+00   0.00000E+00   0.10000E+00    0.50249E-02 1576.23         test_P_all          
.2600E+00    20.000  0.578E+02   0.29277E+00   0.00000E+00   0.10000E+00    0.50249E-02 1471.71         test_P_all          
.2700E+00    20.000  0.550E+02   0.28589E+00   0.00000E+00   0.10000E+00    0.50249E-02 1368.54         test_P_all          
.2800E+00    20.000  0.523E+02   0.27887E+00   0.00000E+00   0.10000E+00    0.50249E-02 1267.14         test_P_all          
.2900E+00    20.000  0.498E+02   0.27172E+00   0.00000E+00   0.10000E+00    0.50249E-02 1167.85         test_P_all          
.3000E+00    20.000  0.475E+02   0.26445E+00   0.00000E+00   0.10000E+00    0.18868E-02 7596.92         test_P_all          
.3100E+00    20.000  0.454E+02   0.25710E+00   0.00000E+00   0.10000E+00    0.50249E-02  977.47         test_P_all          
.3200E+00    20.000  0.434E+02   0.24967E+00   0.00000E+00   0.10000E+00    0.50249E-02  887.16         test_P_all          
.3300E+00    20.000  0.415E+02   0.24217E+00   0.00000E+00   0.10000E+00    0.50249E-02  800.51         test_P_all          
.3400E+00    20.000  0.397E+02   0.23463E+00   0.00000E+00   0.10000E+00    0.50249E-02  717.83         test_P_all          
.3500E+00    20.000  0.380E+02   0.22706E+00   0.00000E+00   0.10000E+00    0.50249E-02  639.35         test_P_all          
.3600E+00    20.000  0.364E+02   0.21947E+00   0.00000E+00   0.10000E+00    0.50249E-02  565.29         test_P_all          
.3700E+00    20.000  0.349E+02   0.21189E+00   0.00000E+00   0.10000E+00    0.50249E-02  495.82         test_P_all          
.3800E+00    20.000  0.335E+02   0.20432E+00   0.00000E+00   0.10000E+00    0.50249E-02  431.03         test_P_all          
.3900E+00    20.000  0.322E+02   0.19679E+00   0.00000E+00   0.10000E+00    0.50249E-02  371.04         test_P_all          
.4000E+00    20.000  0.309E+02   0.18930E+00   0.00000E+00   0.10000E+00    0.17692E-02 2548.02         test_P_all          
.4100E+00    20.000  0.297E+02   0.18188E+00   0.00000E+00   0.10000E+00    0.50249E-02  265.50         test_P_all          
.4200E+00    20.000  0.285E+02   0.17452E+00   0.00000E+00   0.10000E+00    0.50249E-02  219.94         test_P_all          
.4300E+00    20.000  0.274E+02   0.16725E+00   0.00000E+00   0.10000E+00    0.50249E-02  179.09         test_P_all          
.4400E+00    20.000  0.263E+02   0.16007E+00   0.00000E+00   0.10000E+00    0.50249E-02  142.90         test_P_all          
.4500E+00    20.000  0.253E+02   0.15299E+00   0.00000E+00   0.10000E+00    0.50249E-02  111.22         test_P_all          
.4600E+00    20.000  0.244E+02   0.14603E+00   0.00000E+00   0.10000E+00    0.50249E-02   83.93         test_P_all          
.4700E+00    20.000  0.234E+02   0.13920E+00   0.00000E+00   0.10000E+00    0.50249E-02   60.86         test_P_all          
.4800E+00    20.000  0.225E+02   0.13250E+00   0.00000E+00   0.10000E+00    0.50249E-02   41.82         test_P_all          
.4900E+00    20.000  0.217E+02   0.12594E+00   0.00000E+00   0.10000E+00    0.50249E-02   26.64         test_P_all          
.5000E+00    20.000  0.209E+02   0.11952E+00   0.00000E+00   0.10000E+00    0.17692E-02  121.76         test_P_all          
.5100E+00    20.000  0.201E+02   0.11326E+00   0.00000E+00   0.10000E+00    0.50249E-02    6.97         test_P_all          
.5200E+00    20.000  0.193E+02   0.10716E+00   0.00000E+00   0.10000E+00    0.50249E-02    2.03         test_P_all          
.5300E+00    20.000  0.186E+02   0.10123E+00   0.00000E+00   0.10000E+00    0.50249E-02    0.06         test_P_all          
.5400E+00    20.000  0.179E+02   0.95471E-01   0.00000E+00   0.10000E+00    0.50249E-02   -0.81         test_P_all          
.5500E+00    20.000  0.172E+02   0.89886E-01   0.00000E+00   0.10000E+00    0.50249E-02   -4.05         test_P_all          
.5600E+00    20.000  0.166E+02   0.84480E-01   0.00000E+00   0.10000E+00    0.50249E-02   -9.54         test_P_all          
.5700E+00    20.000  0.160E+02   0.79257E-01   0.00000E+00   0.10000E+00    0.50249E-02  -17.04         test_P_all          
.5800E+00    20.000  0.154E+02   0.74219E-01   0.00000E+00   0.10000E+00    0.50249E-02  -26.32         test_P_all          
.5900E+00    20.000  0.148E+02   0.69367E-01   0.00000E+00   0.10000E+00    0.50249E-02  -37.16         test_P_all          
.6000E+00    20.000  0.142E+02   0.64705E-01   0.00000E+00   0.10000E+00    0.17692E-02 -398.01         test_P_all          
.6100E+00    20.000  0.137E+02   0.60229E-01   0.00000E+00   0.10000E+00    0.50249E-02  -62.64         test_P_all          
.6200E+00    20.000  0.131E+02   0.55946E-01   0.00000E+00   0.10000E+00    0.50249E-02  -76.86         test_P_all          
.6300E+00    20.000  0.126E+02   0.51850E-01   0.00000E+00   0.10000E+00    0.50249E-02  -91.82         test_P_all          
.6400E+00    20.000  0.121E+02   0.47943E-01   0.00000E+00   0.10000E+00    0.50249E-02 -107.32         test_P_all          
.6500E+00    20.000  0.117E+02   0.44224E-01   0.00000E+00   0.10000E+00    0.50249E-02 -123.21         test_P_all          
.6600E+00    20.000  0.112E+02   0.40690E-01   0.00000E+00   0.10000E+00    0.50249E-02 -139.31         test_P_all          
.6700E+00    20.000  0.107E+02   0.37340E-01   0.00000E+00   0.10000E+00    0.50249E-02 -155.50         test_P_all          
.6800E+00    20.000  0.103E+02   0.34171E-01   0.00000E+00   0.10000E+00    0.50249E-02 -171.62         test_P_all          
.6900E+00    20.000  0.987E+01   0.31179E-01   0.00000E+00   0.10000E+00    0.50249E-02 -187.58         test_P_all          
.7000E+00    20.000  0.945E+01   0.28364E-01   0.00000E+00   0.10000E+00    0.17692E-02 *******         test_P_all          
.7100E+00    20.000  0.905E+01   0.25719E-01   0.00000E+00   0.10000E+00    0.50249E-02 -218.52         test_P_all          
.7200E+00    20.000  0.866E+01   0.23242E-01   0.00000E+00   0.10000E+00    0.50249E-02 -233.34         test_P_all          
.7300E+00    20.000  0.828E+01   0.20928E-01   0.00000E+00   0.10000E+00    0.50249E-02 -247.62         test_P_all          
.7400E+00    20.000  0.791E+01   0.18772E-01   0.00000E+00   0.10000E+00    0.50249E-02 -261.31         test_P_all          
.7500E+00    20.000  0.755E+01   0.16770E-01   0.00000E+00   0.10000E+00    0.50249E-02 -274.34         test_P_all          
.7600E+00    20.000  0.720E+01   0.14918E-01   0.00000E+00   0.10000E+00    0.50249E-02 -286.69         test_P_all          
.7700E+00    20.000  0.686E+01   0.13208E-01   0.00000E+00   0.10000E+00    0.50249E-02 -298.33         test_P_all          
.7800E+00    20.000  0.652E+01   0.11638E-01   0.00000E+00   0.10000E+00    0.50249E-02 -309.22         test_P_all          
.7900E+00    20.000  0.620E+01   0.10199E-01   0.00000E+00   0.10000E+00    0.50249E-02 -319.37         test_P_all          
.8000E+00    20.000  0.588E+01   0.88875E-02   0.00000E+00   0.10000E+00    0.17692E-02 *******         test_P_all          
.8100E+00    20.000  0.557E+01   0.76971E-02   0.00000E+00   0.10000E+00    0.50249E-02 -337.42         test_P_all          
.8200E+00    20.000  0.527E+01   0.66216E-02   0.00000E+00   0.10000E+00    0.50249E-02 -345.33         test_P_all          
.8300E+00    20.000  0.498E+01   0.56545E-02   0.00000E+00   0.10000E+00    0.50249E-02 -352.52         test_P_all          
.8400E+00    20.000  0.469E+01   0.47907E-02   0.00000E+00   0.10000E+00    0.50249E-02 -359.00         test_P_all          
.8500E+00    20.000  0.441E+01   0.40236E-02   0.00000E+00   0.10000E+00    0.50249E-02 -364.81         test_P_all          
.8600E+00    20.000  0.414E+01   0.33467E-02   0.00000E+00   0.10000E+00    0.50249E-02 -369.97         test_P_all          
.8700E+00    20.000  0.387E+01   0.27541E-02   0.00000E+00   0.10000E+00    0.50249E-02 -374.53         test_P_all          
.8800E+00    20.000  0.361E+01   0.22396E-02   0.00000E+00   0.10000E+00    0.50249E-02 -378.50         test_P_all          
.8900E+00    20.000  0.335E+01   0.17966E-02   0.00000E+00   0.10000E+00    0.50249E-02 -381.94         test_P_all          
.9000E+00    20.000  0.310E+01   0.14198E-02   0.00000E+00   0.10000E+00    0.17692E-02 *******         test_P_all          
.9100E+00    20.000  0.286E+01   0.11027E-02   0.00000E+00   0.10000E+00    0.50249E-02 -387.35         test_P_all          
.9200E+00    20.000  0.262E+01   0.83912E-03   0.00000E+00   0.10000E+00    0.50249E-02 -389.42         test_P_all          
.9300E+00    20.000  0.239E+01   0.62429E-03   0.00000E+00   0.10000E+00    0.50249E-02 -391.11         test_P_all          
.9400E+00    20.000  0.216E+01   0.45162E-03   0.00000E+00   0.10000E+00    0.50249E-02 -392.47         test_P_all          
.9500E+00    20.000  0.193E+01   0.31575E-03   0.00000E+00   0.10000E+00    0.50249E-02 -393.54         test_P_all          
.9600E+00    20.000  0.172E+01   0.21281E-03   0.00000E+00   0.10000E+00    0.50249E-02 -394.36         test_P_all          
.9700E+00    20.000  0.150E+01   0.13551E-03   0.00000E+00   0.10000E+00    0.50249E-02 -394.97         test_P_all          
.9800E+00    20.000  0.129E+01   0.80687E-04   0.00000E+00   0.10000E+00    0.50249E-02 -395.40         test_P_all          
.9900E+00    20.000  0.108E+01   0.45062E-04   0.00000E+00   0.10000E+00    0.50249E-02 -395.68         test_P_all          
.1000E+01    20.000  0.882E+00   0.21042E-04   0.00000E+00   0.10000E+00    0.50249E-02 -395.87         test_P_all          
.1000E+00    50.000  0.451E+03   0.39377E+00   0.00000E+00   0.10000E+00    0.50249E-02 3417.94         test_P_all          
.1100E+00    50.000  0.405E+03   0.38451E+00   0.00000E+00   0.10000E+00    0.50249E-02 3205.83         test_P_all          
.1200E+00    50.000  0.368E+03   0.37610E+00   0.00000E+00   0.10000E+00    0.50249E-02 3019.07         test_P_all          
.1300E+00    50.000  0.335E+03   0.36829E+00   0.00000E+00   0.10000E+00    0.50249E-02 2850.77         test_P_all          
.1400E+00    50.000  0.308E+03   0.36085E+00   0.00000E+00   0.10000E+00    0.50249E-02 2694.67         test_P_all          
.1500E+00    50.000  0.284E+03   0.35377E+00   0.00000E+00   0.10000E+00    0.50249E-02 2550.41         test_P_all          
.1600E+00    50.000  0.263E+03   0.34680E+00   0.00000E+00   0.10000E+00    0.50249E-02 2412.20         test_P_all          
.1700E+00    50.000  0.245E+03   0.33996E+00   0.00000E+00   0.10000E+00    0.50249E-02 2280.52         test_P_all          
.1800E+00    50.000  0.229E+03   0.33319E+00   0.00000E+00   0.10000E+00    0.50249E-02 2153.58         test_P_all          
.1900E+00    50.000  0.214E+03   0.32638E+00   0.00000E+00   0.10000E+00    0.50249E-02 2029.70         test_P_all          
.2000E+00    50.000  0.201E+03   0.31957E+00   0.00000E+00   0.10000E+00    0.50249E-02 1909.32         test_P_all          
.2100E+00    50.000  0.189E+03   0.31265E+00   0.00000E+00   0.10000E+00    0.50249E-02 1790.93         test_P_all          
.2200E+00    50.000  0.178E+03   0.30566E+00   0.00000E+00   0.10000E+00    0.50249E-02 1675.12         test_P_all          
.2300E+00    50.000  0.168E+03   0.29858E+00   0.00000E+00   0.10000E+00    0.50249E-02 1561.76         test_P_all          
.2400E+00    50.000  0.159E+03   0.29139E+00   0.00000E+00   0.10000E+00    0.50249E-02 1450.70         test_P_all          
.2500E+00    50.000  0.151E+03   0.28411E+00   0.00000E+00   0.10000E+00    0.50249E-02 1342.43         test_P_all          
.2600E+00    50.000  0.143E+03   0.27673E+00   0.00000E+00   0.10000E+00    0.50249E-02 1236.91         test_P_all          
.2700E+00    50.000  0.136E+03   0.26926E+00   0.00000E+00   0.10000E+00    0.50249E-02 1134.58         test_P_all          
.2800E+00    50.000  0.129E+03   0.26172E+00   0.00000E+00   0.10000E+00    0.50249E-02 1035.72         test_P_all          
.2900E+00    50.000  0.123E+03   0.25411E+00   0.00000E+00   0.10000E+00    0.50249E-02  940.55         test_P_all          
.3000E+00    50.000  0.118E+03   0.24645E+00   0.00000E+00   0.10000E+00    0.18868E-02 6024.53         test_P_all          
.3100E+00    50.000  0.112E+03   0.23876E+00   0.00000E+00   0.10000E+00    0.50249E-02  762.51         test_P_all          
.3200E+00    50.000  0.107E+03   0.23104E+00   0.00000E+00   0.10000E+00    0.50249E-02  680.08         test_P_all          
.3300E+00    50.000  0.102E+03   0.22332E+00   0.00000E+00   0.10000E+00    0.50249E-02  602.31         test_P_all          
.3400E+00    50.000  0.979E+02   0.21561E+00   0.00000E+00   0.10000E+00    0.50249E-02  529.36         test_P_all          
.3500E+00    50.000  0.937E+02   0.20793E+00   0.00000E+00   0.10000E+00    0.50249E-02  461.30         test_P_all          
.3600E+00    50.000  0.898E+02   0.20028E+00   0.00000E+00   0.10000E+00    0.50249E-02  398.24         test_P_all          
.3700E+00    50.000  0.860E+02   0.19268E+00   0.00000E+00   0.10000E+00    0.50249E-02  340.18         test_P_all          
.3800E+00    50.000  0.825E+02   0.18514E+00   0.00000E+00   0.10000E+00    0.50249E-02  287.11         test_P_all          
.3900E+00    50.000  0.791E+02   0.17769E+00   0.00000E+00   0.10000E+00    0.50249E-02  239.04         test_P_all          
.4000E+00    50.000  0.759E+02   0.17032E+00   0.00000E+00   0.10000E+00    0.17692E-02 1579.86         test_P_all          
.4100E+00    50.000  0.728E+02   0.16305E+00   0.00000E+00   0.10000E+00    0.50249E-02  157.44         test_P_all          
.4200E+00    50.000  0.699E+02   0.15589E+00   0.00000E+00   0.10000E+00    0.50249E-02  123.71         test_P_all          
.4300E+00    50.000  0.672E+02   0.14884E+00   0.00000E+00   0.10000E+00    0.50249E-02   94.48         test_P_all          
.4400E+00    50.000  0.645E+02   0.14193E+00   0.00000E+00   0.10000E+00    0.50249E-02   69.61         test_P_all          
.4500E+00    50.000  0.620E+02   0.13514E+00   0.00000E+00   0.10000E+00    0.50249E-02   48.91         test_P_all          
.4600E+00    50.000  0.596E+02   0.12850E+00   0.00000E+00   0.10000E+00    0.50249E-02   32.17         test_P_all          
.4700E+00    50.000  0.573E+02   0.12201E+00   0.00000E+00   0.10000E+00    0.50249E-02   19.18         test_P_all          
.4800E+00    50.000  0.550E+02   0.11567E+00   0.00000E+00   0.10000E+00    0.50249E-02    9.72         test_P_all          
.4900E+00    50.000  0.529E+02   0.10949E+00   0.00000E+00   0.10000E+00    0.50249E-02    3.57         test_P_all          
.5000E+00    50.000  0.509E+02   0.10348E+00   0.00000E+00   0.10000E+00    0.17692E-02    3.87         test_P_all          
.5100E+00    50.000  0.489E+02   0.97644E-01   0.00000E+00   0.10000E+00    0.50249E-02   -0.22         test_P_all          
.5200E+00    50.000  0.470E+02   0.91982E-01   0.00000E+00   0.10000E+00    0.50249E-02   -2.55         test_P_all          
.5300E+00    50.000  0.452E+02   0.86498E-01   0.00000E+00   0.10000E+00    0.50249E-02   -7.22         test_P_all          
.5400E+00    50.000  0.435E+02   0.81197E-01   0.00000E+00   0.10000E+00    0.50249E-02  -14.00         test_P_all          
.5500E+00    50.000  0.418E+02   0.76080E-01   0.00000E+00   0.10000E+00    0.50249E-02  -22.66         test_P_all          
.5600E+00    50.000  0.402E+02   0.71150E-01   0.00000E+00   0.10000E+00    0.50249E-02  -32.96         test_P_all          
.5700E+00    50.000  0.386E+02   0.66409E-01   0.00000E+00   0.10000E+00    0.50249E-02  -44.69         test_P_all          
.5800E+00    50.000  0.371E+02   0.61855E-01   0.00000E+00   0.10000E+00    0.50249E-02  -57.63         test_P_all          
.5900E+00    50.000  0.356E+02   0.57492E-01   0.00000E+00   0.10000E+00    0.50249E-02  -71.56         test_P_all          
.6000E+00    50.000  0.342E+02   0.53318E-01   0.00000E+00   0.10000E+00    0.17692E-02 -696.24         test_P_all          
.6100E+00    50.000  0.328E+02   0.49332E-01   0.00000E+00   0.10000E+00    0.50249E-02 -101.67         test_P_all          
.6200E+00    50.000  0.315E+02   0.45535E-01   0.00000E+00   0.10000E+00    0.50249E-02 -117.48         test_P_all          
.6300E+00    50.000  0.302E+02   0.41923E-01   0.00000E+00   0.10000E+00    0.50249E-02 -133.58         test_P_all          
.6400E+00    50.000  0.290E+02   0.38497E-01   0.00000E+00   0.10000E+00    0.50249E-02 -149.81         test_P_all          
.6500E+00    50.000  0.278E+02   0.35252E-01   0.00000E+00   0.10000E+00    0.50249E-02 -166.03         test_P_all          
.6600E+00    50.000  0.266E+02   0.32187E-01   0.00000E+00   0.10000E+00    0.50249E-02 -182.13         test_P_all          
.6700E+00    50.000  0.255E+02   0.29298E-01   0.00000E+00   0.10000E+00    0.50249E-02 -197.97         test_P_all          
.6800E+00    50.000  0.244E+02   0.26582E-01   0.00000E+00   0.10000E+00    0.50249E-02 -213.47         test_P_all          
.6900E+00    50.000  0.233E+02   0.24037E-01   0.00000E+00   0.10000E+00    0.50249E-02 -228.53         test_P_all          
.7000E+00    50.000  0.223E+02   0.21656E-01   0.00000E+00   0.10000E+00    0.17692E-02 *******         test_P_all          
.7100E+00    50.000  0.213E+02   0.19436E-01   0.00000E+00   0.10000E+00    0.50249E-02 -257.05         test_P_all          
.7200E+00    50.000  0.203E+02   0.17373E-01   0.00000E+00   0.10000E+00    0.50249E-02 -270.38         test_P_all          
.7300E+00    50.000  0.194E+02   0.15461E-01   0.00000E+00   0.10000E+00    0.50249E-02 -283.04         test_P_all          
.7400E+00    50.000  0.184E+02   0.13697E-01   0.00000E+00   0.10000E+00    0.50249E-02 -294.98         test_P_all          
.7500E+00    50.000  0.175E+02   0.12073E-01   0.00000E+00   0.10000E+00    0.50249E-02 -306.19         test_P_all          
.7600E+00    50.000  0.167E+02   0.10585E-01   0.00000E+00   0.10000E+00    0.50249E-02 -316.64         test_P_all          
.7700E+00    50.000  0.158E+02   0.92270E-02   0.00000E+00   0.10000E+00    0.50249E-02 -326.33         test_P_all          
.7800E+00    50.000  0.150E+02   0.79935E-02   0.00000E+00   0.10000E+00    0.50249E-02 -335.26         test_P_all          
.7900E+00    50.000  0.142E+02   0.68783E-02   0.00000E+00   0.10000E+00    0.50249E-02 -343.43         test_P_all          
.8000E+00    50.000  0.134E+02   0.58754E-02   0.00000E+00   0.10000E+00    0.17692E-02 *******         test_P_all          
.8100E+00    50.000  0.126E+02   0.49785E-02   0.00000E+00   0.10000E+00    0.50249E-02 -357.59         test_P_all          
.8200E+00    50.000  0.119E+02   0.41815E-02   0.00000E+00   0.10000E+00    0.50249E-02 -363.61         test_P_all          
.8300E+00    50.000  0.111E+02   0.34783E-02   0.00000E+00   0.10000E+00    0.50249E-02 -368.97         test_P_all          
.8400E+00    50.000  0.104E+02   0.28624E-02   0.00000E+00   0.10000E+00    0.50249E-02 -373.69         test_P_all          
.8500E+00    50.000  0.971E+01   0.23272E-02   0.00000E+00   0.10000E+00    0.50249E-02 -377.82         test_P_all          
.8600E+00    50.000  0.902E+01   0.18672E-02   0.00000E+00   0.10000E+00    0.50249E-02 -381.39         test_P_all          
.8700E+00    50.000  0.835E+01   0.14750E-02   0.00000E+00   0.10000E+00    0.50249E-02 -384.44         test_P_all          
.8800E+00    50.000  0.770E+01   0.11452E-02   0.00000E+00   0.10000E+00    0.50249E-02 -387.02         test_P_all          
.8900E+00    50.000  0.706E+01   0.87191E-03   0.00000E+00   0.10000E+00    0.50249E-02 -389.16         test_P_all          
.9000E+00    50.000  0.644E+01   0.64793E-03   0.00000E+00   0.10000E+00    0.17692E-02 *******         test_P_all          
.9100E+00    50.000  0.583E+01   0.46902E-03   0.00000E+00   0.10000E+00    0.50249E-02 -392.33         test_P_all          
.9200E+00    50.000  0.523E+01   0.32827E-03   0.00000E+00   0.10000E+00    0.50249E-02 -393.44         test_P_all          
.9300E+00    50.000  0.465E+01   0.22052E-03   0.00000E+00   0.10000E+00    0.50249E-02 -394.29         test_P_all          
.9400E+00    50.000  0.407E+01   0.14183E-03   0.00000E+00   0.10000E+00    0.50249E-02 -394.92         test_P_all          
.9500E+00    50.000  0.351E+01   0.84419E-04   0.00000E+00   0.10000E+00    0.50249E-02 -395.37         test_P_all          
.9600E+00    50.000  0.297E+01   0.46427E-04   0.00000E+00   0.10000E+00    0.50249E-02 -395.67         test_P_all          
.9700E+00    50.000  0.243E+01   0.22894E-04   0.00000E+00   0.10000E+00    0.50249E-02 -395.86         test_P_all          
.9800E+00    50.000  0.190E+01   0.88519E-05   0.00000E+00   0.10000E+00    0.50249E-02 -395.97         test_P_all          
.9900E+00    50.000  0.139E+01   0.29711E-05   0.00000E+00   0.10000E+00    0.50249E-02 -396.02         test_P_all          
.1000E+01    50.000  0.882E+00   0.21520E-05   0.00000E+00   0.10000E+00    0.50249E-02 -396.02         test_P_all          
.1000E+00   100.000  0.901E+03   0.39594E+00   0.00000E+00   0.10000E+00    0.50249E-02 3468.57         test_P_all          
.1100E+00   100.000  0.810E+03   0.38508E+00   0.00000E+00   0.10000E+00    0.50249E-02 3218.64         test_P_all          
.1200E+00   100.000  0.734E+03   0.37529E+00   0.00000E+00   0.10000E+00    0.50249E-02 3001.44         test_P_all          
.1300E+00   100.000  0.670E+03   0.36627E+00   0.00000E+00   0.10000E+00    0.50249E-02 2808.01         test_P_all          
.1400E+00   100.000  0.615E+03   0.35772E+00   0.00000E+00   0.10000E+00    0.50249E-02 2630.56         test_P_all          
.1500E+00   100.000  0.568E+03   0.34966E+00   0.00000E+00   0.10000E+00    0.50249E-02 2468.48         test_P_all          
.1600E+00   100.000  0.526E+03   0.34177E+00   0.00000E+00   0.10000E+00    0.50249E-02 2314.94         test_P_all          
.1700E+00   100.000  0.489E+03   0.33410E+00   0.00000E+00   0.10000E+00    0.50249E-02 2170.35         test_P_all          
.1800E+00   100.000  0.456E+03   0.32655E+00   0.00000E+00   0.10000E+00    0.50249E-02 2032.58         test_P_all          
.1900E+00   100.000  0.427E+03   0.31902E+00   0.00000E+00   0.10000E+00    0.50249E-02 1899.80         test_P_all          
.2000E+00   100.000  0.401E+03   0.31154E+00   0.00000E+00   0.10000E+00    0.50249E-02 1772.30         test_P_all          
.2100E+00   100.000  0.377E+03   0.30402E+00   0.00000E+00   0.10000E+00    0.50249E-02 1648.43         test_P_all          
.2200E+00   100.000  0.355E+03   0.29647E+00   0.00000E+00   0.10000E+00    0.50249E-02 1528.68         test_P_all          
.2300E+00   100.000  0.336E+03   0.28887E+00   0.00000E+00   0.10000E+00    0.50249E-02 1412.81         test_P_all          
.2400E+00   100.000  0.318E+03   0.28122E+00   0.00000E+00   0.10000E+00    0.50249E-02 1300.62         test_P_all          
.2500E+00   100.000  0.301E+03   0.27352E+00   0.00000E+00   0.10000E+00    0.50249E-02 1192.47         test_P_all          
.2600E+00   100.000  0.285E+03   0.26577E+00   0.00000E+00   0.10000E+00    0.50249E-02 1088.25         test_P_all          
.2700E+00   100.000  0.271E+03   0.25797E+00   0.00000E+00   0.10000E+00    0.50249E-02  988.31         test_P_all          
.2800E+00   100.000  0.258E+03   0.25015E+00   0.00000E+00   0.10000E+00    0.50249E-02  892.81         test_P_all          
.2900E+00   100.000  0.246E+03   0.24230E+00   0.00000E+00   0.10000E+00    0.50249E-02  801.91         test_P_all          
.3000E+00   100.000  0.234E+03   0.23444E+00   0.00000E+00   0.10000E+00    0.18868E-02 5076.91         test_P_all          
.3100E+00   100.000  0.223E+03   0.22659E+00   0.00000E+00   0.10000E+00    0.50249E-02  634.62         test_P_all          
.3200E+00   100.000  0.213E+03   0.21875E+00   0.00000E+00   0.10000E+00    0.50249E-02  558.50         test_P_all          
.3300E+00   100.000  0.204E+03   0.21095E+00   0.00000E+00   0.10000E+00    0.50249E-02  487.52         test_P_all          
.3400E+00   100.000  0.195E+03   0.20319E+00   0.00000E+00   0.10000E+00    0.50249E-02  421.73         test_P_all          
.3500E+00   100.000  0.187E+03   0.19549E+00   0.00000E+00   0.10000E+00    0.50249E-02  361.13         test_P_all          
.3600E+00   100.000  0.179E+03   0.18786E+00   0.00000E+00   0.10000E+00    0.50249E-02  305.73         test_P_all          
.3700E+00   100.000  0.171E+03   0.18031E+00   0.00000E+00   0.10000E+00    0.50249E-02  255.46         test_P_all          
.3800E+00   100.000  0.164E+03   0.17286E+00   0.00000E+00   0.10000E+00    0.50249E-02  210.23         test_P_all          
.3900E+00   100.000  0.157E+03   0.16551E+00   0.00000E+00   0.10000E+00    0.50249E-02  169.95         test_P_all          
.4000E+00   100.000  0.151E+03   0.15827E+00   0.00000E+00   0.10000E+00    0.17692E-02 1084.69         test_P_all          
.4100E+00   100.000  0.145E+03   0.15115E+00   0.00000E+00   0.10000E+00    0.50249E-02  103.62         test_P_all          
.4200E+00   100.000  0.139E+03   0.14417E+00   0.00000E+00   0.10000E+00    0.50249E-02   77.25         test_P_all          
.4300E+00   100.000  0.133E+03   0.13732E+00   0.00000E+00   0.10000E+00    0.50249E-02   55.15         test_P_all          
.4400E+00   100.000  0.128E+03   0.13062E+00   0.00000E+00   0.10000E+00    0.50249E-02   37.12         test_P_all          
.4500E+00   100.000  0.123E+03   0.12407E+00   0.00000E+00   0.10000E+00    0.50249E-02   22.94         test_P_all          
.4600E+00   100.000  0.118E+03   0.11768E+00   0.00000E+00   0.10000E+00    0.50249E-02   12.37         test_P_all          
.4700E+00   100.000  0.114E+03   0.11145E+00   0.00000E+00   0.10000E+00    0.50249E-02    5.19         test_P_all          
.4800E+00   100.000  0.109E+03   0.10539E+00   0.00000E+00   0.10000E+00    0.50249E-02    1.15         test_P_all          
.4900E+00   100.000  0.105E+03   0.99504E-01   0.00000E+00   0.10000E+00    0.50249E-02   -0.01         test_P_all          
.5000E+00   100.000  0.101E+03   0.93795E-01   0.00000E+00   0.10000E+00    0.17692E-02  -12.30         test_P_all          
.5100E+00   100.000  0.970E+02   0.88267E-01   0.00000E+00   0.10000E+00    0.50249E-02   -5.45         test_P_all          
.5200E+00   100.000  0.932E+02   0.82922E-01   0.00000E+00   0.10000E+00    0.50249E-02  -11.55         test_P_all          
.5300E+00   100.000  0.896E+02   0.77762E-01   0.00000E+00   0.10000E+00    0.50249E-02  -19.59         test_P_all          
.5400E+00   100.000  0.861E+02   0.72790E-01   0.00000E+00   0.10000E+00    0.50249E-02  -29.32         test_P_all          
.5500E+00   100.000  0.827E+02   0.68004E-01   0.00000E+00   0.10000E+00    0.50249E-02  -40.54         test_P_all          
.5600E+00   100.000  0.795E+02   0.63409E-01   0.00000E+00   0.10000E+00    0.50249E-02  -53.03         test_P_all          
.5700E+00   100.000  0.763E+02   0.59002E-01   0.00000E+00   0.10000E+00    0.50249E-02  -66.57         test_P_all          
.5800E+00   100.000  0.733E+02   0.54784E-01   0.00000E+00   0.10000E+00    0.50249E-02  -80.97         test_P_all          
.5900E+00   100.000  0.704E+02   0.50756E-01   0.00000E+00   0.10000E+00    0.50249E-02  -96.04         test_P_all          
.6000E+00   100.000  0.675E+02   0.46913E-01   0.00000E+00   0.10000E+00    0.17692E-02 -900.38         test_P_all          
.6100E+00   100.000  0.648E+02   0.43258E-01   0.00000E+00   0.10000E+00    0.50249E-02 -127.51         test_P_all          
.6200E+00   100.000  0.622E+02   0.39786E-01   0.00000E+00   0.10000E+00    0.50249E-02 -143.60         test_P_all          
.6300E+00   100.000  0.596E+02   0.36495E-01   0.00000E+00   0.10000E+00    0.50249E-02 -159.72         test_P_all          
.6400E+00   100.000  0.571E+02   0.33383E-01   0.00000E+00   0.10000E+00    0.50249E-02 -175.75         test_P_all          
.6500E+00   100.000  0.547E+02   0.30448E-01   0.00000E+00   0.10000E+00    0.50249E-02 -191.59         test_P_all          
.6600E+00   100.000  0.524E+02   0.27685E-01   0.00000E+00   0.10000E+00    0.50249E-02 -207.11         test_P_all          
.6700E+00   100.000  0.501E+02   0.25091E-01   0.00000E+00   0.10000E+00    0.50249E-02 -222.23         test_P_all          
.6800E+00   100.000  0.479E+02   0.22661E-01   0.00000E+00   0.10000E+00    0.50249E-02 -236.88         test_P_all          
.6900E+00   100.000  0.458E+02   0.20393E-01   0.00000E+00   0.10000E+00    0.50249E-02 -250.98         test_P_all          
.7000E+00   100.000  0.437E+02   0.18281E-01   0.00000E+00   0.10000E+00    0.17692E-02 *******         test_P_all          
.7100E+00   100.000  0.417E+02   0.16321E-01   0.00000E+00   0.10000E+00    0.50249E-02 -277.32         test_P_all          
.7200E+00   100.000  0.398E+02   0.14507E-01   0.00000E+00   0.10000E+00    0.50249E-02 -289.47         test_P_all          
.7300E+00   100.000  0.379E+02   0.12834E-01   0.00000E+00   0.10000E+00    0.50249E-02 -300.91         test_P_all          
.7400E+00   100.000  0.360E+02   0.11298E-01   0.00000E+00   0.10000E+00    0.50249E-02 -311.61         test_P_all          
.7500E+00   100.000  0.342E+02   0.98917E-02   0.00000E+00   0.10000E+00    0.50249E-02 -321.56         test_P_all          
.7600E+00   100.000  0.325E+02   0.86106E-02   0.00000E+00   0.10000E+00    0.50249E-02 -330.77         test_P_all          
.7700E+00   100.000  0.308E+02   0.74486E-02   0.00000E+00   0.10000E+00    0.50249E-02 -339.24         test_P_all          
.7800E+00   100.000  0.291E+02   0.63998E-02   0.00000E+00   0.10000E+00    0.50249E-02 -346.97         test_P_all          
.7900E+00   100.000  0.275E+02   0.54579E-02   0.00000E+00   0.10000E+00    0.50249E-02 -353.99         test_P_all          
.8000E+00   100.000  0.259E+02   0.46175E-02   0.00000E+00   0.10000E+00    0.17692E-02 *******         test_P_all          
.8100E+00   100.000  0.243E+02   0.38716E-02   0.00000E+00   0.10000E+00    0.50249E-02 -365.97         test_P_all          
.8200E+00   100.000  0.228E+02   0.32147E-02   0.00000E+00   0.10000E+00    0.50249E-02 -370.99         test_P_all          
.8300E+00   100.000  0.214E+02   0.26409E-02   0.00000E+00   0.10000E+00    0.50249E-02 -375.40         test_P_all          
.8400E+00   100.000  0.199E+02   0.21429E-02   0.00000E+00   0.10000E+00    0.50249E-02 -379.25         test_P_all          
.8500E+00   100.000  0.185E+02   0.17156E-02   0.00000E+00   0.10000E+00    0.50249E-02 -382.57         test_P_all          
.8600E+00   100.000  0.172E+02   0.13528E-02   0.00000E+00   0.10000E+00    0.50249E-02 -385.40         test_P_all          
.8700E+00   100.000  0.158E+02   0.10478E-02   0.00000E+00   0.10000E+00    0.50249E-02 -387.78         test_P_all          
.8800E+00   100.000  0.145E+02   0.79612E-03   0.00000E+00   0.10000E+00    0.50249E-02 -389.76         test_P_all          
.8900E+00   100.000  0.132E+02   0.59030E-03   0.00000E+00   0.10000E+00    0.50249E-02 -391.38         test_P_all          
.9000E+00   100.000  0.120E+02   0.42599E-03   0.00000E+00   0.10000E+00    0.17692E-02 *******         test_P_all          
.9100E+00   100.000  0.108E+02   0.29784E-03   0.00000E+00   0.10000E+00    0.50249E-02 -393.68         test_P_all          
.9200E+00   100.000  0.958E+01   0.19943E-03   0.00000E+00   0.10000E+00    0.50249E-02 -394.46         test_P_all          
.9300E+00   100.000  0.841E+01   0.12769E-03   0.00000E+00   0.10000E+00    0.50249E-02 -395.03         test_P_all          
.9400E+00   100.000  0.726E+01   0.76207E-04   0.00000E+00   0.10000E+00    0.50249E-02 -395.44         test_P_all          
.9500E+00   100.000  0.614E+01   0.41664E-04   0.00000E+00   0.10000E+00    0.50249E-02 -395.71         test_P_all          
.9600E+00   100.000  0.505E+01   0.20839E-04   0.00000E+00   0.10000E+00    0.50249E-02 -395.87         test_P_all          
.9700E+00   100.000  0.397E+01   0.81037E-05   0.00000E+00   0.10000E+00    0.50249E-02 -395.98         test_P_all          
.9800E+00   100.000  0.292E+01   0.26506E-05   0.00000E+00   0.10000E+00    0.50249E-02 -396.02         test_P_all          
.9900E+00   100.000  0.189E+01   0.17956E-05   0.00000E+00   0.10000E+00    0.50249E-02 -396.03         test_P_all          
.1000E+01   100.000  0.882E+00   0.23736E-05   0.00000E+00   0.10000E+00    0.50249E-02 -396.02         test_P_all          



 CHI SQUARE=******** FOR  582 POINTS   CHISQ/NPTS= 1100.06
 Signed chisquare total =********
 Modified residual =********


Summary normalization chi2 contributions

 data set     normalization        error         chisq


Summary chi2 per data set

 data set                chisq    _w     signd    _w     resid     _w   npts   chisq/pts  _w
test_P_all            640235.5        444358.3        ********           582 1100.06
------------------------------------------------------------------------------------
          TOTAL       640235.5640235.5444358.3     0.0****************   582 1100.06 1100.06
          TOTAL+norm  640235.5640235.5                                   582 1100.06 1100.06



            Momentum Sum Rule Check


      q2      alphas      xuv       xdv       xub       xdb       xsb       xcb       xbb      xglue     total
      1.69    0.3845    0.3194    0.1357    0.0561    0.0703    0.0253    0.0000    0.0000    0.3933    1.0002
    100.00    0.1784    0.2250    0.0957    0.0654    0.0754    0.0437    0.0259    0.0087    0.4573    0.9972
   1000.00    0.1407    0.0000    0.0000    0.0000    0.0000    0.0000    0.0000    0.0000    0.0000    0.0000
   8315.00    0.1180    0.0000    0.0000    0.0000    0.0000    0.0000    0.0000    0.0000    0.0000    0.0000


 Vector Boson Cross Sections

 sqrt(s)   sigma(W)    error    theory

   1960.     2.865     0.063       0.000     D0

   1960.     2.749     0.054       0.000     CDF

   7000.     9.95      0.29        0.000     CMS

   7000.     9.96      0.55        0.000     ATLAS

 sqrt(s)   sigma(Z)    error    theory

   1960.     .2649     .0094       0.000     D0

   1960.     .2549     .0057       0.000     CDF

   7000.     .931      0.035       0.000     CMS

   7000.     .82       0.08        0.000     ATLAS


