 Correlated errors added in quadrature with statistical errors
 test_N_all           DIS data with   1.69< Q2 < 0.500D+03 and 0.000 < xB < 1.000 and   0.00< W2 < 0.100D+05 and 0.000 < y < 1.000
   GP TMC applied
   no HT corrections

# fitpack15: fit output
# CJ15 AV18 final data choices                                                 

Parametrization   7 used here

 S-ACOT scheme used  for NC DIS

 charm mass =     1.30 GeV     bottom mass =     4.50 GeV



 THIS IS A NEXT TO LEADING ORDER FIT

 Q02=    1.69
         1  LAMBDA      VALUE=   0.22680      WEIGHT=    0.0000    
         2  a0uv        VALUE=    2.0106      WEIGHT=    0.0000    
         3  a1uv        VALUE=   0.57430      WEIGHT=   0.23057E-01
         4  a2uv        VALUE=    3.5554      WEIGHT=   0.11970E-01
         5  a3uv        VALUE=    0.0000      WEIGHT=    0.0000    
         6  a4uv        VALUE=    4.3906      WEIGHT=   0.59635    
         7  a5uv        VALUE=    0.0000      WEIGHT=    0.0000    
         8  a0dv        VALUE=    24.805      WEIGHT=    0.0000    
         9  a1dv        VALUE=    1.1538      WEIGHT=   0.33685E-01
        10  a2dv        VALUE=    6.6991      WEIGHT=   0.17207    
        11  a3dv        VALUE=   -3.5627      WEIGHT=   0.91411E-01
        12  a4dv        VALUE=    4.8310      WEIGHT=   0.15840    
        13  a5dv        VALUE=    0.0000      WEIGHT=    0.0000    
        14  a0ud        VALUE=   0.14132      WEIGHT=   0.50223E-02
        15  a1ud        VALUE=  -0.21123      WEIGHT=   0.38560E-02
        16  a2ud        VALUE=    8.4568      WEIGHT=   0.18608    
        17  a3ud        VALUE=    0.0000      WEIGHT=    0.0000    
        18  a4ud        VALUE=    15.823      WEIGHT=    1.3435    
        19  a5ud        VALUE=    0.0000      WEIGHT=    0.0000    
        20  a0du        VALUE=    35712.      WEIGHT=    0.0000    
        21  a1du        VALUE=    4.0951      WEIGHT=   0.94949E-01
        22  a2du        VALUE=    20.349      WEIGHT=   0.99444    
        23  a3du        VALUE=    17.000      WEIGHT=    0.0000    
        24  a4du        VALUE=    58.514      WEIGHT=    14.738    
        25  a0g         VALUE=    46.480      WEIGHT=    0.0000    
        26  a1g         VALUE=   0.60442      WEIGHT=   0.30034E-01
        27  a2g         VALUE=    6.1681      WEIGHT=   0.85413    
        28  a3g         VALUE=   -3.4041      WEIGHT=   0.12380    
        29  a4g         VALUE=    3.3099      WEIGHT=   0.29175    
        30  a5g         VALUE=    0.0000      WEIGHT=    0.0000    
        31  kappa       VALUE=   0.40000      WEIGHT=    0.0000    
        32  a6dv        VALUE=  -0.46903E-02  WEIGHT=   0.80162E-03
        33  a7dv        VALUE=    2.0000      WEIGHT=    0.0000    
        34  off1        VALUE=  -0.17655      WEIGHT=   0.13144    
        35  off2        VALUE=    2.0552      WEIGHT=    1.4780    
        36  off3        VALUE=   -7.8789      WEIGHT=    5.3402    
        37  off4        VALUE=    7.3768      WEIGHT=    5.3301    
        38  ht1         VALUE=   -3.3384      WEIGHT=   0.32470    
        39  ht2         VALUE=    1.9637      WEIGHT=   0.12461    
        40  ht3         VALUE=   -2.0653      WEIGHT=   0.36127E-01
        41  ht4         VALUE=    0.0000      WEIGHT=    0.0000    
        42  ht1n        VALUE=   -3.5423      WEIGHT=   0.92902    
        43  ht2n        VALUE=    1.9385      WEIGHT=   0.28655    
        44  ht3n        VALUE=   -2.2364      WEIGHT=   0.91373E-01
        45  ht4n        VALUE=    0.0000      WEIGHT=    0.0000    
        46  dummy46     VALUE=    0.0000      WEIGHT=    0.0000    
        47  dummy47     VALUE=    0.0000      WEIGHT=    0.0000    
        48  dummy48     VALUE=    0.0000      WEIGHT=    0.0000    
        49  dummy49     VALUE=    0.0000      WEIGHT=    0.0000    
        50  bcdmsh2     VALUE=   0.96920      WEIGHT=   0.48740E-02
        51  bcdmsd2     VALUE=   0.99147      WEIGHT=   0.58914E-02
        52  ccfr        VALUE=    1.0000      WEIGHT=    0.0000    
        53  nutev       VALUE=    1.0000      WEIGHT=    0.0000    
        54  zeus        VALUE=   0.97998      WEIGHT=    0.0000    
        55  h1          VALUE=    1.0162      WEIGHT=    0.0000    
        56  e605        VALUE=    1.0319      WEIGHT=    0.0000    
        57  NmcH2       VALUE=    1.0068      WEIGHT=   0.71567E-02
        58  ntv_nu      VALUE=    1.0000      WEIGHT=    0.0000    
        59  ntv_nuba    VALUE=    1.0000      WEIGHT=    0.0000    
        60  cdf_jet     VALUE=   0.98910      WEIGHT=    0.0000    
        61  d0_jet      VALUE=   0.83504      WEIGHT=    0.0000    
        62  slac_p      VALUE=   0.99946      WEIGHT=   0.51534E-02
        63  slac_d      VALUE=    1.0031      WEIGHT=   0.54106E-02
        64  e866pp      VALUE=   0.98039      WEIGHT=   0.19755E-01
        65  e866pd      VALUE=   0.96355      WEIGHT=   0.18306E-01
        66  d0_gamje    VALUE=    1.0371      WEIGHT=   0.16521E-01
        67  h1b         VALUE=   0.97608      WEIGHT=    0.0000    
        68  jlab_p      VALUE=   0.98871      WEIGHT=   0.63459E-02
        69  jlab_d      VALUE=   0.97804      WEIGHT=   0.62103E-02
        70  blank       VALUE=    1.0000      WEIGHT=    0.0000    
        71  d0run2      VALUE=   0.95277      WEIGHT=   0.14936E-01
        72  cdfrun2     VALUE=   0.93674      WEIGHT=   0.17640E-01
        73  HERA_el     VALUE=    1.0000      WEIGHT=    0.0000    
        74  HERA_ps     VALUE=    1.0000      WEIGHT=    0.0000    
        75  CDF_Z       VALUE=   0.95725      WEIGHT=   0.67841E-02
        76  NmcRat      VALUE=    1.0000      WEIGHT=    0.0000    
        77  BNS_F2nd    VALUE=   0.98413      WEIGHT=   0.11812E-01
        78  HERMES_F    VALUE=   0.99416      WEIGHT=   0.57392E-02
        79  HERMES_F    VALUE=   0.97848      WEIGHT=   0.59051E-02
0THE TOLERANCE IS    0.1000
 THE MAXIMUM NUMBER OF STEPS IS 100
0THE INITIAL CHI SQUARED IS  3.96132E+05



     X        Q2         W2       THEORY        error         DATA           ERROR        chi^2     _w    ITYPE
.1000E-01     2.000  0.199E+03   0.33980E+00   0.00000E+00   0.10000E+00    0.50249E-02 2277.42         test_N_all          
.2000E-01     2.000  0.989E+02   0.31759E+00   0.00000E+00   0.10000E+00    0.50249E-02 1875.11         test_N_all          
.3000E-01     2.000  0.655E+02   0.30904E+00   0.00000E+00   0.10000E+00    0.50249E-02 1730.53         test_N_all          
.4000E-01     2.000  0.489E+02   0.30695E+00   0.00000E+00   0.10000E+00    0.50249E-02 1696.12         test_N_all          
.5000E-01     2.000  0.389E+02   0.30619E+00   0.00000E+00   0.10000E+00    0.50249E-02 1683.73         test_N_all          
.6000E-01     2.000  0.322E+02   0.30671E+00   0.00000E+00   0.10000E+00    0.50249E-02 1692.21         test_N_all          
.7000E-01     2.000  0.275E+02   0.30746E+00   0.00000E+00   0.10000E+00    0.50249E-02 1704.55         test_N_all          
.8000E-01     2.000  0.239E+02   0.30810E+00   0.00000E+00   0.10000E+00    0.50249E-02 1715.14         test_N_all          
.9000E-01     2.000  0.211E+02   0.30838E+00   0.00000E+00   0.10000E+00    0.50249E-02 1719.63         test_N_all          
.1000E+00     2.000  0.189E+02   0.30812E+00   0.00000E+00   0.10000E+00    0.50249E-02 1715.35         test_N_all          
.1100E+00     2.000  0.171E+02   0.30722E+00   0.00000E+00   0.10000E+00    0.50249E-02 1700.60         test_N_all          
.1200E+00     2.000  0.155E+02   0.30565E+00   0.00000E+00   0.10000E+00    0.50249E-02 1674.92         test_N_all          
.1300E+00     2.000  0.143E+02   0.30343E+00   0.00000E+00   0.10000E+00    0.50249E-02 1638.97         test_N_all          
.1400E+00     2.000  0.132E+02   0.30065E+00   0.00000E+00   0.10000E+00    0.50249E-02 1594.43         test_N_all          
.1500E+00     2.000  0.122E+02   0.29728E+00   0.00000E+00   0.10000E+00    0.50249E-02 1541.40         test_N_all          
.1600E+00     2.000  0.114E+02   0.29349E+00   0.00000E+00   0.10000E+00    0.50249E-02 1482.66         test_N_all          
.1700E+00     2.000  0.106E+02   0.28930E+00   0.00000E+00   0.10000E+00    0.50249E-02 1419.13         test_N_all          
.1800E+00     2.000  0.999E+01   0.28474E+00   0.00000E+00   0.10000E+00    0.50249E-02 1351.69         test_N_all          
.1900E+00     2.000  0.941E+01   0.27997E+00   0.00000E+00   0.10000E+00    0.50249E-02 1282.75         test_N_all          
.2000E+00     2.000  0.888E+01   0.27496E+00   0.00000E+00   0.10000E+00    0.50249E-02 1212.26         test_N_all          
.2100E+00     2.000  0.841E+01   0.26977E+00   0.00000E+00   0.10000E+00    0.50249E-02 1141.41         test_N_all          
.2200E+00     2.000  0.797E+01   0.26445E+00   0.00000E+00   0.10000E+00    0.50249E-02 1071.06         test_N_all          
.2300E+00     2.000  0.758E+01   0.25901E+00   0.00000E+00   0.10000E+00    0.50249E-02 1001.31         test_N_all          
.2400E+00     2.000  0.722E+01   0.25349E+00   0.00000E+00   0.10000E+00    0.50249E-02  933.06         test_N_all          
.2500E+00     2.000  0.688E+01   0.24790E+00   0.00000E+00   0.10000E+00    0.50249E-02  866.34         test_N_all          
.2600E+00     2.000  0.657E+01   0.24225E+00   0.00000E+00   0.10000E+00    0.50249E-02  801.39         test_N_all          
.2700E+00     2.000  0.629E+01   0.23656E+00   0.00000E+00   0.10000E+00    0.50249E-02  738.52         test_N_all          
.2800E+00     2.000  0.602E+01   0.23082E+00   0.00000E+00   0.10000E+00    0.50249E-02  677.78         test_N_all          
.2900E+00     2.000  0.578E+01   0.22505E+00   0.00000E+00   0.10000E+00    0.50249E-02  619.30         test_N_all          
.3000E+00     2.000  0.555E+01   0.21925E+00   0.00000E+00   0.10000E+00    0.18868E-02 3994.43         test_N_all          
.3100E+00     2.000  0.533E+01   0.21342E+00   0.00000E+00   0.10000E+00    0.50249E-02  509.49         test_N_all          
.3200E+00     2.000  0.513E+01   0.20757E+00   0.00000E+00   0.10000E+00    0.50249E-02  458.28         test_N_all          
.3300E+00     2.000  0.494E+01   0.20170E+00   0.00000E+00   0.10000E+00    0.50249E-02  409.62         test_N_all          
.3400E+00     2.000  0.476E+01   0.19582E+00   0.00000E+00   0.10000E+00    0.50249E-02  363.61         test_N_all          
.3500E+00     2.000  0.460E+01   0.18992E+00   0.00000E+00   0.10000E+00    0.50249E-02  320.23         test_N_all          
.3600E+00     2.000  0.444E+01   0.18402E+00   0.00000E+00   0.10000E+00    0.50249E-02  279.59         test_N_all          
.3700E+00     2.000  0.429E+01   0.17813E+00   0.00000E+00   0.10000E+00    0.50249E-02  241.77         test_N_all          
.3800E+00     2.000  0.414E+01   0.17225E+00   0.00000E+00   0.10000E+00    0.50249E-02  206.72         test_N_all          
.3900E+00     2.000  0.401E+01   0.16639E+00   0.00000E+00   0.10000E+00    0.50249E-02  174.53         test_N_all          
.4000E+00     2.000  0.388E+01   0.16056E+00   0.00000E+00   0.10000E+00    0.17692E-02 1171.60         test_N_all          
.4100E+00     2.000  0.376E+01   0.15477E+00   0.00000E+00   0.10000E+00    0.50249E-02  118.78         test_N_all          
.4200E+00     2.000  0.364E+01   0.14903E+00   0.00000E+00   0.10000E+00    0.50249E-02   95.19         test_N_all          
.4300E+00     2.000  0.353E+01   0.14335E+00   0.00000E+00   0.10000E+00    0.50249E-02   74.43         test_N_all          
.4400E+00     2.000  0.343E+01   0.13775E+00   0.00000E+00   0.10000E+00    0.50249E-02   56.43         test_N_all          
.4500E+00     2.000  0.333E+01   0.13222E+00   0.00000E+00   0.10000E+00    0.50249E-02   41.12         test_N_all          
.4600E+00     2.000  0.323E+01   0.12679E+00   0.00000E+00   0.10000E+00    0.50249E-02   28.43         test_N_all          
.4700E+00     2.000  0.314E+01   0.12146E+00   0.00000E+00   0.10000E+00    0.50249E-02   18.25         test_N_all          
.4800E+00     2.000  0.305E+01   0.11625E+00   0.00000E+00   0.10000E+00    0.50249E-02   10.45         test_N_all          
.4900E+00     2.000  0.296E+01   0.11114E+00   0.00000E+00   0.10000E+00    0.50249E-02    4.92         test_N_all          
.5000E+00     2.000  0.288E+01   0.10616E+00   0.00000E+00   0.10000E+00    0.17692E-02   12.14         test_N_all          
.5100E+00     2.000  0.280E+01   0.10132E+00   0.00000E+00   0.10000E+00    0.50249E-02    0.07         test_N_all          
.5200E+00     2.000  0.273E+01   0.96607E-01   0.00000E+00   0.10000E+00    0.50249E-02   -0.46         test_N_all          
.5300E+00     2.000  0.266E+01   0.92032E-01   0.00000E+00   0.10000E+00    0.50249E-02   -2.51         test_N_all          
.5400E+00     2.000  0.259E+01   0.87606E-01   0.00000E+00   0.10000E+00    0.50249E-02   -6.08         test_N_all          
.5500E+00     2.000  0.252E+01   0.83324E-01   0.00000E+00   0.10000E+00    0.50249E-02  -11.01         test_N_all          
.5600E+00     2.000  0.245E+01   0.79187E-01   0.00000E+00   0.10000E+00    0.50249E-02  -17.16         test_N_all          
.5700E+00     2.000  0.239E+01   0.75201E-01   0.00000E+00   0.10000E+00    0.50249E-02  -24.36         test_N_all          
.5800E+00     2.000  0.233E+01   0.71365E-01   0.00000E+00   0.10000E+00    0.50249E-02  -32.47         test_N_all          
.5900E+00     2.000  0.227E+01   0.67676E-01   0.00000E+00   0.10000E+00    0.50249E-02  -41.38         test_N_all          
.6000E+00     2.000  0.222E+01   0.64133E-01   0.00000E+00   0.10000E+00    0.17692E-02 -411.00         test_N_all          
.6100E+00     2.000  0.216E+01   0.60741E-01   0.00000E+00   0.10000E+00    0.50249E-02  -61.04         test_N_all          
.6200E+00     2.000  0.211E+01   0.57492E-01   0.00000E+00   0.10000E+00    0.50249E-02  -71.56         test_N_all          
.6300E+00     2.000  0.206E+01   0.54383E-01   0.00000E+00   0.10000E+00    0.50249E-02  -82.41         test_N_all          
.6400E+00     2.000  0.201E+01   0.51413E-01   0.00000E+00   0.10000E+00    0.50249E-02  -93.49         test_N_all          
.6500E+00     2.000  0.196E+01   0.48582E-01   0.00000E+00   0.10000E+00    0.50249E-02 -104.71         test_N_all          
.6600E+00     2.000  0.191E+01   0.45882E-01   0.00000E+00   0.10000E+00    0.50249E-02 -115.99         test_N_all          
.6700E+00     2.000  0.187E+01   0.43310E-01   0.00000E+00   0.10000E+00    0.50249E-02 -127.28         test_N_all          
.6800E+00     2.000  0.182E+01   0.40863E-01   0.00000E+00   0.10000E+00    0.50249E-02 -138.50         test_N_all          
.6900E+00     2.000  0.178E+01   0.38539E-01   0.00000E+00   0.10000E+00    0.50249E-02 -149.60         test_N_all          
.7000E+00     2.000  0.174E+01   0.36331E-01   0.00000E+00   0.10000E+00    0.17692E-02 *******         test_N_all          
.7100E+00     2.000  0.170E+01   0.34235E-01   0.00000E+00   0.10000E+00    0.50249E-02 -171.29         test_N_all          
.7200E+00     2.000  0.166E+01   0.32247E-01   0.00000E+00   0.10000E+00    0.50249E-02 -181.80         test_N_all          
.7300E+00     2.000  0.162E+01   0.30365E-01   0.00000E+00   0.10000E+00    0.50249E-02 -192.04         test_N_all          
.7400E+00     2.000  0.158E+01   0.28583E-01   0.00000E+00   0.10000E+00    0.50249E-02 -202.00         test_N_all          
.7500E+00     2.000  0.155E+01   0.26895E-01   0.00000E+00   0.10000E+00    0.50249E-02 -211.66         test_N_all          
.7600E+00     2.000  0.151E+01   0.25299E-01   0.00000E+00   0.10000E+00    0.50249E-02 -221.00         test_N_all          
.7700E+00     2.000  0.148E+01   0.23791E-01   0.00000E+00   0.10000E+00    0.50249E-02 -230.01         test_N_all          
.7800E+00     2.000  0.145E+01   0.22366E-01   0.00000E+00   0.10000E+00    0.50249E-02 -238.69         test_N_all          
.7900E+00     2.000  0.141E+01   0.21021E-01   0.00000E+00   0.10000E+00    0.50249E-02 -247.04         test_N_all          
.8000E+00     2.000  0.138E+01   0.19750E-01   0.00000E+00   0.10000E+00    0.17692E-02 *******         test_N_all          
.8100E+00     2.000  0.135E+01   0.18553E-01   0.00000E+00   0.10000E+00    0.50249E-02 -262.72         test_N_all          
.8200E+00     2.000  0.132E+01   0.17423E-01   0.00000E+00   0.10000E+00    0.50249E-02 -270.06         test_N_all          
.8300E+00     2.000  0.129E+01   0.16358E-01   0.00000E+00   0.10000E+00    0.50249E-02 -277.07         test_N_all          
.8400E+00     2.000  0.126E+01   0.15355E-01   0.00000E+00   0.10000E+00    0.50249E-02 -283.76         test_N_all          
.8500E+00     2.000  0.123E+01   0.14409E-01   0.00000E+00   0.10000E+00    0.50249E-02 -290.13         test_N_all          
.8600E+00     2.000  0.121E+01   0.13519E-01   0.00000E+00   0.10000E+00    0.50249E-02 -296.20         test_N_all          
.8700E+00     2.000  0.118E+01   0.12681E-01   0.00000E+00   0.10000E+00    0.50249E-02 -301.96         test_N_all          
.8800E+00     2.000  0.115E+01   0.11892E-01   0.00000E+00   0.10000E+00    0.50249E-02 -307.44         test_N_all          
.8900E+00     2.000  0.113E+01   0.11150E-01   0.00000E+00   0.10000E+00    0.50249E-02 -312.65         test_N_all          
.9000E+00     2.000  0.110E+01   0.10452E-01   0.00000E+00   0.10000E+00    0.17692E-02 *******         test_N_all          
.9100E+00     2.000  0.108E+01   0.97950E-02   0.00000E+00   0.10000E+00    0.50249E-02 -322.25         test_N_all          
.9200E+00     2.000  0.106E+01   0.91775E-02   0.00000E+00   0.10000E+00    0.50249E-02 -326.68         test_N_all          
.9300E+00     2.000  0.103E+01   0.85969E-02   0.00000E+00   0.10000E+00    0.50249E-02 -330.87         test_N_all          
.9400E+00     2.000  0.101E+01   0.80514E-02   0.00000E+00   0.10000E+00    0.50249E-02 -334.83         test_N_all          
.9500E+00     2.000  0.987E+00   0.75385E-02   0.00000E+00   0.10000E+00    0.50249E-02 -338.58         test_N_all          
.9600E+00     2.000  0.965E+00   0.70564E-02   0.00000E+00   0.10000E+00    0.50249E-02 -342.12         test_N_all          
.9700E+00     2.000  0.944E+00   0.66035E-02   0.00000E+00   0.10000E+00    0.50249E-02 -345.46         test_N_all          
.9800E+00     2.000  0.923E+00   0.61781E-02   0.00000E+00   0.10000E+00    0.50249E-02 -348.62         test_N_all          
.9900E+00     2.000  0.902E+00   0.57787E-02   0.00000E+00   0.10000E+00    0.50249E-02 -351.59         test_N_all          
.1000E+01     2.000  0.882E+00   0.54036E-02   0.00000E+00   0.10000E+00    0.50249E-02 -354.40         test_N_all          
.1000E-01     5.000  0.496E+03   0.44650E+00   0.00000E+00   0.10000E+00    0.50249E-02 4754.88         test_N_all          
.2000E-01     5.000  0.246E+03   0.39617E+00   0.00000E+00   0.10000E+00    0.50249E-02 3473.95         test_N_all          
.3000E-01     5.000  0.163E+03   0.37176E+00   0.00000E+00   0.10000E+00    0.50249E-02 2924.82         test_N_all          
.4000E-01     5.000  0.121E+03   0.35949E+00   0.00000E+00   0.10000E+00    0.50249E-02 2666.79         test_N_all          
.5000E-01     5.000  0.959E+02   0.34986E+00   0.00000E+00   0.10000E+00    0.50249E-02 2472.44         test_N_all          
.6000E-01     5.000  0.792E+02   0.34326E+00   0.00000E+00   0.10000E+00    0.50249E-02 2343.53         test_N_all          
.7000E-01     5.000  0.673E+02   0.33742E+00   0.00000E+00   0.10000E+00    0.50249E-02 2232.31         test_N_all          
.8000E-01     5.000  0.584E+02   0.33230E+00   0.00000E+00   0.10000E+00    0.50249E-02 2137.15         test_N_all          
.9000E-01     5.000  0.514E+02   0.32722E+00   0.00000E+00   0.10000E+00    0.50249E-02 2044.78         test_N_all          
.1000E+00     5.000  0.459E+02   0.32216E+00   0.00000E+00   0.10000E+00    0.50249E-02 1954.72         test_N_all          
.1100E+00     5.000  0.413E+02   0.31688E+00   0.00000E+00   0.10000E+00    0.50249E-02 1862.77         test_N_all          
.1200E+00     5.000  0.375E+02   0.31143E+00   0.00000E+00   0.10000E+00    0.50249E-02 1770.35         test_N_all          
.1300E+00     5.000  0.343E+02   0.30575E+00   0.00000E+00   0.10000E+00    0.50249E-02 1676.62         test_N_all          
.1400E+00     5.000  0.316E+02   0.29985E+00   0.00000E+00   0.10000E+00    0.50249E-02 1581.80         test_N_all          
.1500E+00     5.000  0.292E+02   0.29376E+00   0.00000E+00   0.10000E+00    0.50249E-02 1486.85         test_N_all          
.1600E+00     5.000  0.271E+02   0.28755E+00   0.00000E+00   0.10000E+00    0.50249E-02 1393.00         test_N_all          
.1700E+00     5.000  0.253E+02   0.28122E+00   0.00000E+00   0.10000E+00    0.50249E-02 1300.64         test_N_all          
.1800E+00     5.000  0.237E+02   0.27482E+00   0.00000E+00   0.10000E+00    0.50249E-02 1210.41         test_N_all          
.1900E+00     5.000  0.222E+02   0.26840E+00   0.00000E+00   0.10000E+00    0.50249E-02 1123.06         test_N_all          
.2000E+00     5.000  0.209E+02   0.26194E+00   0.00000E+00   0.10000E+00    0.50249E-02 1038.60         test_N_all          
.2100E+00     5.000  0.197E+02   0.25549E+00   0.00000E+00   0.10000E+00    0.50249E-02  957.48         test_N_all          
.2200E+00     5.000  0.186E+02   0.24905E+00   0.00000E+00   0.10000E+00    0.50249E-02  879.79         test_N_all          
.2300E+00     5.000  0.176E+02   0.24263E+00   0.00000E+00   0.10000E+00    0.50249E-02  805.64         test_N_all          
.2400E+00     5.000  0.167E+02   0.23623E+00   0.00000E+00   0.10000E+00    0.50249E-02  735.01         test_N_all          
.2500E+00     5.000  0.159E+02   0.22986E+00   0.00000E+00   0.10000E+00    0.50249E-02  667.85         test_N_all          
.2600E+00     5.000  0.151E+02   0.22351E+00   0.00000E+00   0.10000E+00    0.50249E-02  604.12         test_N_all          
.2700E+00     5.000  0.144E+02   0.21718E+00   0.00000E+00   0.10000E+00    0.50249E-02  543.79         test_N_all          
.2800E+00     5.000  0.137E+02   0.21087E+00   0.00000E+00   0.10000E+00    0.50249E-02  486.84         test_N_all          
.2900E+00     5.000  0.131E+02   0.20458E+00   0.00000E+00   0.10000E+00    0.50249E-02  433.13         test_N_all          
.3000E+00     5.000  0.125E+02   0.19830E+00   0.00000E+00   0.10000E+00    0.18868E-02 2714.52         test_N_all          
.3100E+00     5.000  0.120E+02   0.19205E+00   0.00000E+00   0.10000E+00    0.50249E-02  335.54         test_N_all          
.3200E+00     5.000  0.115E+02   0.18580E+00   0.00000E+00   0.10000E+00    0.50249E-02  291.55         test_N_all          
.3300E+00     5.000  0.110E+02   0.17957E+00   0.00000E+00   0.10000E+00    0.50249E-02  250.78         test_N_all          
.3400E+00     5.000  0.106E+02   0.17337E+00   0.00000E+00   0.10000E+00    0.50249E-02  213.17         test_N_all          
.3500E+00     5.000  0.102E+02   0.16718E+00   0.00000E+00   0.10000E+00    0.50249E-02  178.73         test_N_all          
.3600E+00     5.000  0.977E+01   0.16102E+00   0.00000E+00   0.10000E+00    0.50249E-02  147.48         test_N_all          
.3700E+00     5.000  0.940E+01   0.15490E+00   0.00000E+00   0.10000E+00    0.50249E-02  119.37         test_N_all          
.3800E+00     5.000  0.904E+01   0.14882E+00   0.00000E+00   0.10000E+00    0.50249E-02   94.41         test_N_all          
.3900E+00     5.000  0.870E+01   0.14280E+00   0.00000E+00   0.10000E+00    0.50249E-02   72.55         test_N_all          
.4000E+00     5.000  0.838E+01   0.13684E+00   0.00000E+00   0.10000E+00    0.17692E-02  433.51         test_N_all          
.4100E+00     5.000  0.808E+01   0.13094E+00   0.00000E+00   0.10000E+00    0.50249E-02   37.92         test_N_all          
.4200E+00     5.000  0.779E+01   0.12514E+00   0.00000E+00   0.10000E+00    0.50249E-02   25.02         test_N_all          
.4300E+00     5.000  0.751E+01   0.11942E+00   0.00000E+00   0.10000E+00    0.50249E-02   14.94         test_N_all          
.4400E+00     5.000  0.725E+01   0.11381E+00   0.00000E+00   0.10000E+00    0.50249E-02    7.55         test_N_all          
.4500E+00     5.000  0.699E+01   0.10831E+00   0.00000E+00   0.10000E+00    0.50249E-02    2.73         test_N_all          
.4600E+00     5.000  0.675E+01   0.10293E+00   0.00000E+00   0.10000E+00    0.50249E-02    0.34         test_N_all          
.4700E+00     5.000  0.652E+01   0.97679E-01   0.00000E+00   0.10000E+00    0.50249E-02   -0.21         test_N_all          
.4800E+00     5.000  0.630E+01   0.92572E-01   0.00000E+00   0.10000E+00    0.50249E-02   -2.19         test_N_all          
.4900E+00     5.000  0.609E+01   0.87608E-01   0.00000E+00   0.10000E+00    0.50249E-02   -6.08         test_N_all          
.5000E+00     5.000  0.588E+01   0.82795E-01   0.00000E+00   0.10000E+00    0.17692E-02  -94.57         test_N_all          
.5100E+00     5.000  0.569E+01   0.78142E-01   0.00000E+00   0.10000E+00    0.50249E-02  -18.92         test_N_all          
.5200E+00     5.000  0.550E+01   0.73647E-01   0.00000E+00   0.10000E+00    0.50249E-02  -27.51         test_N_all          
.5300E+00     5.000  0.532E+01   0.69317E-01   0.00000E+00   0.10000E+00    0.50249E-02  -37.28         test_N_all          
.5400E+00     5.000  0.514E+01   0.65155E-01   0.00000E+00   0.10000E+00    0.50249E-02  -48.08         test_N_all          
.5500E+00     5.000  0.497E+01   0.61160E-01   0.00000E+00   0.10000E+00    0.50249E-02  -59.75         test_N_all          
.5600E+00     5.000  0.481E+01   0.57335E-01   0.00000E+00   0.10000E+00    0.50249E-02  -72.09         test_N_all          
.5700E+00     5.000  0.465E+01   0.53679E-01   0.00000E+00   0.10000E+00    0.50249E-02  -84.98         test_N_all          
.5800E+00     5.000  0.450E+01   0.50189E-01   0.00000E+00   0.10000E+00    0.50249E-02  -98.26         test_N_all          
.5900E+00     5.000  0.436E+01   0.46867E-01   0.00000E+00   0.10000E+00    0.50249E-02 -111.81         test_N_all          
.6000E+00     5.000  0.422E+01   0.43708E-01   0.00000E+00   0.10000E+00    0.17692E-02 *******         test_N_all          
.6100E+00     5.000  0.408E+01   0.40709E-01   0.00000E+00   0.10000E+00    0.50249E-02 -139.22         test_N_all          
.6200E+00     5.000  0.395E+01   0.37870E-01   0.00000E+00   0.10000E+00    0.50249E-02 -152.88         test_N_all          
.6300E+00     5.000  0.382E+01   0.35184E-01   0.00000E+00   0.10000E+00    0.50249E-02 -166.38         test_N_all          
.6400E+00     5.000  0.369E+01   0.32646E-01   0.00000E+00   0.10000E+00    0.50249E-02 -179.67         test_N_all          
.6500E+00     5.000  0.357E+01   0.30254E-01   0.00000E+00   0.10000E+00    0.50249E-02 -192.65         test_N_all          
.6600E+00     5.000  0.346E+01   0.28003E-01   0.00000E+00   0.10000E+00    0.50249E-02 -205.29         test_N_all          
.6700E+00     5.000  0.334E+01   0.25886E-01   0.00000E+00   0.10000E+00    0.50249E-02 -217.54         test_N_all          
.6800E+00     5.000  0.323E+01   0.23899E-01   0.00000E+00   0.10000E+00    0.50249E-02 -229.36         test_N_all          
.6900E+00     5.000  0.313E+01   0.22037E-01   0.00000E+00   0.10000E+00    0.50249E-02 -240.72         test_N_all          
.7000E+00     5.000  0.302E+01   0.20293E-01   0.00000E+00   0.10000E+00    0.17692E-02 *******         test_N_all          
.7100E+00     5.000  0.292E+01   0.18664E-01   0.00000E+00   0.10000E+00    0.50249E-02 -262.00         test_N_all          
.7200E+00     5.000  0.283E+01   0.17143E-01   0.00000E+00   0.10000E+00    0.50249E-02 -271.89         test_N_all          
.7300E+00     5.000  0.273E+01   0.15725E-01   0.00000E+00   0.10000E+00    0.50249E-02 -281.28         test_N_all          
.7400E+00     5.000  0.264E+01   0.14404E-01   0.00000E+00   0.10000E+00    0.50249E-02 -290.17         test_N_all          
.7500E+00     5.000  0.255E+01   0.13176E-01   0.00000E+00   0.10000E+00    0.50249E-02 -298.55         test_N_all          
.7600E+00     5.000  0.246E+01   0.12035E-01   0.00000E+00   0.10000E+00    0.50249E-02 -306.45         test_N_all          
.7700E+00     5.000  0.238E+01   0.10977E-01   0.00000E+00   0.10000E+00    0.50249E-02 -313.86         test_N_all          
.7800E+00     5.000  0.229E+01   0.99964E-02   0.00000E+00   0.10000E+00    0.50249E-02 -320.82         test_N_all          
.7900E+00     5.000  0.221E+01   0.90890E-02   0.00000E+00   0.10000E+00    0.50249E-02 -327.32         test_N_all          
.8000E+00     5.000  0.213E+01   0.82507E-02   0.00000E+00   0.10000E+00    0.17692E-02 *******         test_N_all          
.8100E+00     5.000  0.205E+01   0.74760E-02   0.00000E+00   0.10000E+00    0.50249E-02 -339.04         test_N_all          
.8200E+00     5.000  0.198E+01   0.67618E-02   0.00000E+00   0.10000E+00    0.50249E-02 -344.29         test_N_all          
.8300E+00     5.000  0.191E+01   0.61047E-02   0.00000E+00   0.10000E+00    0.50249E-02 -349.16         test_N_all          
.8400E+00     5.000  0.183E+01   0.55001E-02   0.00000E+00   0.10000E+00    0.50249E-02 -353.67         test_N_all          
.8500E+00     5.000  0.176E+01   0.49445E-02   0.00000E+00   0.10000E+00    0.50249E-02 -357.84         test_N_all          
.8600E+00     5.000  0.170E+01   0.44353E-02   0.00000E+00   0.10000E+00    0.50249E-02 -361.69         test_N_all          
.8700E+00     5.000  0.163E+01   0.39692E-02   0.00000E+00   0.10000E+00    0.50249E-02 -365.22         test_N_all          
.8800E+00     5.000  0.156E+01   0.35424E-02   0.00000E+00   0.10000E+00    0.50249E-02 -368.48         test_N_all          
.8900E+00     5.000  0.150E+01   0.31530E-02   0.00000E+00   0.10000E+00    0.50249E-02 -371.46         test_N_all          
.9000E+00     5.000  0.144E+01   0.27986E-02   0.00000E+00   0.10000E+00    0.17692E-02 *******         test_N_all          
.9100E+00     5.000  0.138E+01   0.24753E-02   0.00000E+00   0.10000E+00    0.50249E-02 -376.68         test_N_all          
.9200E+00     5.000  0.132E+01   0.21823E-02   0.00000E+00   0.10000E+00    0.50249E-02 -378.94         test_N_all          
.9300E+00     5.000  0.126E+01   0.19172E-02   0.00000E+00   0.10000E+00    0.50249E-02 -381.00         test_N_all          
.9400E+00     5.000  0.120E+01   0.16778E-02   0.00000E+00   0.10000E+00    0.50249E-02 -382.86         test_N_all          
.9500E+00     5.000  0.114E+01   0.14616E-02   0.00000E+00   0.10000E+00    0.50249E-02 -384.55         test_N_all          
.9600E+00     5.000  0.109E+01   0.12675E-02   0.00000E+00   0.10000E+00    0.50249E-02 -386.06         test_N_all          
.9700E+00     5.000  0.104E+01   0.10938E-02   0.00000E+00   0.10000E+00    0.50249E-02 -387.42         test_N_all          
.9800E+00     5.000  0.984E+00   0.93867E-03   0.00000E+00   0.10000E+00    0.50249E-02 -388.64         test_N_all          
.9900E+00     5.000  0.932E+00   0.80049E-03   0.00000E+00   0.10000E+00    0.50249E-02 -389.72         test_N_all          
.1000E+01     5.000  0.882E+00   0.67822E-03   0.00000E+00   0.10000E+00    0.50249E-02 -390.69         test_N_all          
.1000E-01    10.000  0.991E+03   0.52650E+00   0.00000E+00   0.10000E+00    0.50249E-02 7204.09         test_N_all          
.2000E-01    10.000  0.491E+03   0.45215E+00   0.00000E+00   0.10000E+00    0.50249E-02 4911.15         test_N_all          
.3000E-01    10.000  0.324E+03   0.41384E+00   0.00000E+00   0.10000E+00    0.50249E-02 3900.79         test_N_all          
.4000E-01    10.000  0.241E+03   0.39316E+00   0.00000E+00   0.10000E+00    0.50249E-02 3403.69         test_N_all          
.5000E-01    10.000  0.191E+03   0.37622E+00   0.00000E+00   0.10000E+00    0.50249E-02 3021.59         test_N_all          
.6000E-01    10.000  0.158E+03   0.36426E+00   0.00000E+00   0.10000E+00    0.50249E-02 2765.70         test_N_all          
.7000E-01    10.000  0.134E+03   0.35364E+00   0.00000E+00   0.10000E+00    0.50249E-02 2547.85         test_N_all          
.8000E-01    10.000  0.116E+03   0.34459E+00   0.00000E+00   0.10000E+00    0.50249E-02 2369.26         test_N_all          
.9000E-01    10.000  0.102E+03   0.33602E+00   0.00000E+00   0.10000E+00    0.50249E-02 2206.16         test_N_all          
.1000E+00    10.000  0.909E+02   0.32799E+00   0.00000E+00   0.10000E+00    0.50249E-02 2058.58         test_N_all          
.1100E+00    10.000  0.818E+02   0.32000E+00   0.00000E+00   0.10000E+00    0.50249E-02 1916.80         test_N_all          
.1200E+00    10.000  0.742E+02   0.31227E+00   0.00000E+00   0.10000E+00    0.50249E-02 1784.45         test_N_all          
.1300E+00    10.000  0.678E+02   0.30461E+00   0.00000E+00   0.10000E+00    0.50249E-02 1658.05         test_N_all          
.1400E+00    10.000  0.623E+02   0.29696E+00   0.00000E+00   0.10000E+00    0.50249E-02 1536.30         test_N_all          
.1500E+00    10.000  0.575E+02   0.28935E+00   0.00000E+00   0.10000E+00    0.50249E-02 1420.00         test_N_all          
.1600E+00    10.000  0.534E+02   0.28180E+00   0.00000E+00   0.10000E+00    0.50249E-02 1308.93         test_N_all          
.1700E+00    10.000  0.497E+02   0.27430E+00   0.00000E+00   0.10000E+00    0.50249E-02 1203.22         test_N_all          
.1800E+00    10.000  0.464E+02   0.26688E+00   0.00000E+00   0.10000E+00    0.50249E-02 1102.94         test_N_all          
.1900E+00    10.000  0.435E+02   0.25954E+00   0.00000E+00   0.10000E+00    0.50249E-02 1008.07         test_N_all          
.2000E+00    10.000  0.409E+02   0.25229E+00   0.00000E+00   0.10000E+00    0.50249E-02  918.51         test_N_all          
.2100E+00    10.000  0.385E+02   0.24513E+00   0.00000E+00   0.10000E+00    0.50249E-02  834.14         test_N_all          
.2200E+00    10.000  0.363E+02   0.23805E+00   0.00000E+00   0.10000E+00    0.50249E-02  754.80         test_N_all          
.2300E+00    10.000  0.344E+02   0.23107E+00   0.00000E+00   0.10000E+00    0.50249E-02  680.33         test_N_all          
.2400E+00    10.000  0.325E+02   0.22416E+00   0.00000E+00   0.10000E+00    0.50249E-02  610.51         test_N_all          
.2500E+00    10.000  0.309E+02   0.21733E+00   0.00000E+00   0.10000E+00    0.50249E-02  545.21         test_N_all          
.2600E+00    10.000  0.293E+02   0.21057E+00   0.00000E+00   0.10000E+00    0.50249E-02  484.18         test_N_all          
.2700E+00    10.000  0.279E+02   0.20387E+00   0.00000E+00   0.10000E+00    0.50249E-02  427.33         test_N_all          
.2800E+00    10.000  0.266E+02   0.19725E+00   0.00000E+00   0.10000E+00    0.50249E-02  374.58         test_N_all          
.2900E+00    10.000  0.254E+02   0.19068E+00   0.00000E+00   0.10000E+00    0.50249E-02  325.67         test_N_all          
.3000E+00    10.000  0.242E+02   0.18417E+00   0.00000E+00   0.10000E+00    0.18868E-02 1989.91         test_N_all          
.3100E+00    10.000  0.231E+02   0.17770E+00   0.00000E+00   0.10000E+00    0.50249E-02  239.10         test_N_all          
.3200E+00    10.000  0.221E+02   0.17128E+00   0.00000E+00   0.10000E+00    0.50249E-02  201.23         test_N_all          
.3300E+00    10.000  0.212E+02   0.16492E+00   0.00000E+00   0.10000E+00    0.50249E-02  166.89         test_N_all          
.3400E+00    10.000  0.203E+02   0.15860E+00   0.00000E+00   0.10000E+00    0.50249E-02  135.99         test_N_all          
.3500E+00    10.000  0.195E+02   0.15234E+00   0.00000E+00   0.10000E+00    0.50249E-02  108.48         test_N_all          
.3600E+00    10.000  0.187E+02   0.14614E+00   0.00000E+00   0.10000E+00    0.50249E-02   84.30         test_N_all          
.3700E+00    10.000  0.179E+02   0.14000E+00   0.00000E+00   0.10000E+00    0.50249E-02   63.38         test_N_all          
.3800E+00    10.000  0.172E+02   0.13395E+00   0.00000E+00   0.10000E+00    0.50249E-02   45.64         test_N_all          
.3900E+00    10.000  0.165E+02   0.12797E+00   0.00000E+00   0.10000E+00    0.50249E-02   30.98         test_N_all          
.4000E+00    10.000  0.159E+02   0.12209E+00   0.00000E+00   0.10000E+00    0.17692E-02  155.85         test_N_all          
.4100E+00    10.000  0.153E+02   0.11630E+00   0.00000E+00   0.10000E+00    0.50249E-02   10.52         test_N_all          
.4200E+00    10.000  0.147E+02   0.11063E+00   0.00000E+00   0.10000E+00    0.50249E-02    4.47         test_N_all          
.4300E+00    10.000  0.141E+02   0.10507E+00   0.00000E+00   0.10000E+00    0.50249E-02    1.02         test_N_all          
.4400E+00    10.000  0.136E+02   0.99639E-01   0.00000E+00   0.10000E+00    0.50249E-02   -0.01         test_N_all          
.4500E+00    10.000  0.131E+02   0.94344E-01   0.00000E+00   0.10000E+00    0.50249E-02   -1.27         test_N_all          
.4600E+00    10.000  0.126E+02   0.89189E-01   0.00000E+00   0.10000E+00    0.50249E-02   -4.63         test_N_all          
.4700E+00    10.000  0.122E+02   0.84187E-01   0.00000E+00   0.10000E+00    0.50249E-02   -9.90         test_N_all          
.4800E+00    10.000  0.117E+02   0.79339E-01   0.00000E+00   0.10000E+00    0.50249E-02  -16.91         test_N_all          
.4900E+00    10.000  0.113E+02   0.74651E-01   0.00000E+00   0.10000E+00    0.50249E-02  -25.45         test_N_all          
.5000E+00    10.000  0.109E+02   0.70131E-01   0.00000E+00   0.10000E+00    0.17692E-02 -285.03         test_N_all          
.5100E+00    10.000  0.105E+02   0.65777E-01   0.00000E+00   0.10000E+00    0.50249E-02  -46.38         test_N_all          
.5200E+00    10.000  0.101E+02   0.61597E-01   0.00000E+00   0.10000E+00    0.50249E-02  -58.41         test_N_all          
.5300E+00    10.000  0.975E+01   0.57591E-01   0.00000E+00   0.10000E+00    0.50249E-02  -71.23         test_N_all          
.5400E+00    10.000  0.940E+01   0.53756E-01   0.00000E+00   0.10000E+00    0.50249E-02  -84.69         test_N_all          
.5500E+00    10.000  0.906E+01   0.50098E-01   0.00000E+00   0.10000E+00    0.50249E-02  -98.62         test_N_all          
.5600E+00    10.000  0.874E+01   0.46613E-01   0.00000E+00   0.10000E+00    0.50249E-02 -112.88         test_N_all          
.5700E+00    10.000  0.843E+01   0.43300E-01   0.00000E+00   0.10000E+00    0.50249E-02 -127.32         test_N_all          
.5800E+00    10.000  0.812E+01   0.40157E-01   0.00000E+00   0.10000E+00    0.50249E-02 -141.83         test_N_all          
.5900E+00    10.000  0.783E+01   0.37181E-01   0.00000E+00   0.10000E+00    0.50249E-02 -156.29         test_N_all          
.6000E+00    10.000  0.755E+01   0.34368E-01   0.00000E+00   0.10000E+00    0.17692E-02 *******         test_N_all          
.6100E+00    10.000  0.728E+01   0.31716E-01   0.00000E+00   0.10000E+00    0.50249E-02 -184.66         test_N_all          
.6200E+00    10.000  0.701E+01   0.29218E-01   0.00000E+00   0.10000E+00    0.50249E-02 -198.42         test_N_all          
.6300E+00    10.000  0.675E+01   0.26872E-01   0.00000E+00   0.10000E+00    0.50249E-02 -211.79         test_N_all          
.6400E+00    10.000  0.651E+01   0.24672E-01   0.00000E+00   0.10000E+00    0.50249E-02 -224.73         test_N_all          
.6500E+00    10.000  0.627E+01   0.22611E-01   0.00000E+00   0.10000E+00    0.50249E-02 -237.19         test_N_all          
.6600E+00    10.000  0.603E+01   0.20686E-01   0.00000E+00   0.10000E+00    0.50249E-02 -249.14         test_N_all          
.6700E+00    10.000  0.581E+01   0.18890E-01   0.00000E+00   0.10000E+00    0.50249E-02 -260.55         test_N_all          
.6800E+00    10.000  0.559E+01   0.17218E-01   0.00000E+00   0.10000E+00    0.50249E-02 -271.40         test_N_all          
.6900E+00    10.000  0.537E+01   0.15663E-01   0.00000E+00   0.10000E+00    0.50249E-02 -281.69         test_N_all          
.7000E+00    10.000  0.517E+01   0.14221E-01   0.00000E+00   0.10000E+00    0.17692E-02 *******         test_N_all          
.7100E+00    10.000  0.497E+01   0.12884E-01   0.00000E+00   0.10000E+00    0.50249E-02 -300.56         test_N_all          
.7200E+00    10.000  0.477E+01   0.11648E-01   0.00000E+00   0.10000E+00    0.50249E-02 -309.15         test_N_all          
.7300E+00    10.000  0.458E+01   0.10508E-01   0.00000E+00   0.10000E+00    0.50249E-02 -317.18         test_N_all          
.7400E+00    10.000  0.440E+01   0.94564E-02   0.00000E+00   0.10000E+00    0.50249E-02 -324.68         test_N_all          
.7500E+00    10.000  0.422E+01   0.84892E-02   0.00000E+00   0.10000E+00    0.50249E-02 -331.65         test_N_all          
.7600E+00    10.000  0.404E+01   0.76019E-02   0.00000E+00   0.10000E+00    0.50249E-02 -338.12         test_N_all          
.7700E+00    10.000  0.387E+01   0.67877E-02   0.00000E+00   0.10000E+00    0.50249E-02 -344.10         test_N_all          
.7800E+00    10.000  0.370E+01   0.60432E-02   0.00000E+00   0.10000E+00    0.50249E-02 -349.62         test_N_all          
.7900E+00    10.000  0.354E+01   0.53643E-02   0.00000E+00   0.10000E+00    0.50249E-02 -354.69         test_N_all          
.8000E+00    10.000  0.338E+01   0.47449E-02   0.00000E+00   0.10000E+00    0.17692E-02 *******         test_N_all          
.8100E+00    10.000  0.323E+01   0.41824E-02   0.00000E+00   0.10000E+00    0.50249E-02 -363.60         test_N_all          
.8200E+00    10.000  0.308E+01   0.36728E-02   0.00000E+00   0.10000E+00    0.50249E-02 -367.48         test_N_all          
.8300E+00    10.000  0.293E+01   0.32111E-02   0.00000E+00   0.10000E+00    0.50249E-02 -371.01         test_N_all          
.8400E+00    10.000  0.279E+01   0.27951E-02   0.00000E+00   0.10000E+00    0.50249E-02 -374.21         test_N_all          
.8500E+00    10.000  0.265E+01   0.24210E-02   0.00000E+00   0.10000E+00    0.50249E-02 -377.10         test_N_all          
.8600E+00    10.000  0.251E+01   0.20855E-02   0.00000E+00   0.10000E+00    0.50249E-02 -379.69         test_N_all          
.8700E+00    10.000  0.238E+01   0.17861E-02   0.00000E+00   0.10000E+00    0.50249E-02 -382.02         test_N_all          
.8800E+00    10.000  0.225E+01   0.15201E-02   0.00000E+00   0.10000E+00    0.50249E-02 -384.09         test_N_all          
.8900E+00    10.000  0.212E+01   0.12840E-02   0.00000E+00   0.10000E+00    0.50249E-02 -385.93         test_N_all          
.9000E+00    10.000  0.199E+01   0.10763E-02   0.00000E+00   0.10000E+00    0.17692E-02 *******         test_N_all          
.9100E+00    10.000  0.187E+01   0.89443E-03   0.00000E+00   0.10000E+00    0.50249E-02 -388.99         test_N_all          
.9200E+00    10.000  0.175E+01   0.73562E-03   0.00000E+00   0.10000E+00    0.50249E-02 -390.23         test_N_all          
.9300E+00    10.000  0.163E+01   0.59847E-03   0.00000E+00   0.10000E+00    0.50249E-02 -391.31         test_N_all          
.9400E+00    10.000  0.152E+01   0.48110E-03   0.00000E+00   0.10000E+00    0.50249E-02 -392.24         test_N_all          
.9500E+00    10.000  0.141E+01   0.38090E-03   0.00000E+00   0.10000E+00    0.50249E-02 -393.03         test_N_all          
.9600E+00    10.000  0.130E+01   0.29677E-03   0.00000E+00   0.10000E+00    0.50249E-02 -393.69         test_N_all          
.9700E+00    10.000  0.119E+01   0.22717E-03   0.00000E+00   0.10000E+00    0.50249E-02 -394.24         test_N_all          
.9800E+00    10.000  0.109E+01   0.16971E-03   0.00000E+00   0.10000E+00    0.50249E-02 -394.70         test_N_all          
.9900E+00    10.000  0.983E+00   0.12356E-03   0.00000E+00   0.10000E+00    0.50249E-02 -395.06         test_N_all          
.1000E+01    10.000  0.882E+00   0.87441E-04   0.00000E+00   0.10000E+00    0.50249E-02 -395.35         test_N_all          
.1000E-01    20.000  0.198E+04   0.60547E+00   0.00000E+00   0.10000E+00    0.50249E-02 *******         test_N_all          
.2000E-01    20.000  0.981E+03   0.50486E+00   0.00000E+00   0.10000E+00    0.50249E-02 6491.70         test_N_all          
.3000E-01    20.000  0.648E+03   0.45199E+00   0.00000E+00   0.10000E+00    0.50249E-02 4906.77         test_N_all          
.4000E-01    20.000  0.481E+03   0.42293E+00   0.00000E+00   0.10000E+00    0.50249E-02 4130.06         test_N_all          
.5000E-01    20.000  0.381E+03   0.39880E+00   0.00000E+00   0.10000E+00    0.50249E-02 3535.79         test_N_all          
.6000E-01    20.000  0.314E+03   0.38172E+00   0.00000E+00   0.10000E+00    0.50249E-02 3143.17         test_N_all          
.7000E-01    20.000  0.267E+03   0.36654E+00   0.00000E+00   0.10000E+00    0.50249E-02 2813.66         test_N_all          
.8000E-01    20.000  0.231E+03   0.35401E+00   0.00000E+00   0.10000E+00    0.50249E-02 2555.28         test_N_all          
.9000E-01    20.000  0.203E+03   0.34241E+00   0.00000E+00   0.10000E+00    0.50249E-02 2327.28         test_N_all          
.1000E+00    20.000  0.181E+03   0.33186E+00   0.00000E+00   0.10000E+00    0.50249E-02 2129.14         test_N_all          
.1100E+00    20.000  0.163E+03   0.32172E+00   0.00000E+00   0.10000E+00    0.50249E-02 1946.92         test_N_all          
.1200E+00    20.000  0.148E+03   0.31205E+00   0.00000E+00   0.10000E+00    0.50249E-02 1780.85         test_N_all          
.1300E+00    20.000  0.135E+03   0.30274E+00   0.00000E+00   0.10000E+00    0.50249E-02 1627.82         test_N_all          
.1400E+00    20.000  0.124E+03   0.29364E+00   0.00000E+00   0.10000E+00    0.50249E-02 1484.94         test_N_all          
.1500E+00    20.000  0.114E+03   0.28480E+00   0.00000E+00   0.10000E+00    0.50249E-02 1352.53         test_N_all          
.1600E+00    20.000  0.106E+03   0.27616E+00   0.00000E+00   0.10000E+00    0.50249E-02 1228.94         test_N_all          
.1700E+00    20.000  0.985E+02   0.26772E+00   0.00000E+00   0.10000E+00    0.50249E-02 1114.02         test_N_all          
.1800E+00    20.000  0.920E+02   0.25947E+00   0.00000E+00   0.10000E+00    0.50249E-02 1007.21         test_N_all          
.1900E+00    20.000  0.861E+02   0.25141E+00   0.00000E+00   0.10000E+00    0.50249E-02  907.90         test_N_all          
.2000E+00    20.000  0.809E+02   0.24352E+00   0.00000E+00   0.10000E+00    0.50249E-02  815.78         test_N_all          
.2100E+00    20.000  0.761E+02   0.23579E+00   0.00000E+00   0.10000E+00    0.50249E-02  730.27         test_N_all          
.2200E+00    20.000  0.718E+02   0.22822E+00   0.00000E+00   0.10000E+00    0.50249E-02  651.07         test_N_all          
.2300E+00    20.000  0.678E+02   0.22079E+00   0.00000E+00   0.10000E+00    0.50249E-02  577.80         test_N_all          
.2400E+00    20.000  0.642E+02   0.21349E+00   0.00000E+00   0.10000E+00    0.50249E-02  510.06         test_N_all          
.2500E+00    20.000  0.609E+02   0.20631E+00   0.00000E+00   0.10000E+00    0.50249E-02  447.61         test_N_all          
.2600E+00    20.000  0.578E+02   0.19925E+00   0.00000E+00   0.10000E+00    0.50249E-02  390.09         test_N_all          
.2700E+00    20.000  0.550E+02   0.19229E+00   0.00000E+00   0.10000E+00    0.50249E-02  337.31         test_N_all          
.2800E+00    20.000  0.523E+02   0.18543E+00   0.00000E+00   0.10000E+00    0.50249E-02  289.03         test_N_all          
.2900E+00    20.000  0.498E+02   0.17866E+00   0.00000E+00   0.10000E+00    0.50249E-02  245.02         test_N_all          
.3000E+00    20.000  0.475E+02   0.17197E+00   0.00000E+00   0.10000E+00    0.18868E-02 1454.98         test_N_all          
.3100E+00    20.000  0.454E+02   0.16538E+00   0.00000E+00   0.10000E+00    0.50249E-02  169.27         test_N_all          
.3200E+00    20.000  0.434E+02   0.15887E+00   0.00000E+00   0.10000E+00    0.50249E-02  137.24         test_N_all          
.3300E+00    20.000  0.415E+02   0.15244E+00   0.00000E+00   0.10000E+00    0.50249E-02  108.91         test_N_all          
.3400E+00    20.000  0.397E+02   0.14610E+00   0.00000E+00   0.10000E+00    0.50249E-02   84.15         test_N_all          
.3500E+00    20.000  0.380E+02   0.13984E+00   0.00000E+00   0.10000E+00    0.50249E-02   62.86         test_N_all          
.3600E+00    20.000  0.364E+02   0.13368E+00   0.00000E+00   0.10000E+00    0.50249E-02   44.91         test_N_all          
.3700E+00    20.000  0.349E+02   0.12761E+00   0.00000E+00   0.10000E+00    0.50249E-02   30.18         test_N_all          
.3800E+00    20.000  0.335E+02   0.12164E+00   0.00000E+00   0.10000E+00    0.50249E-02   18.55         test_N_all          
.3900E+00    20.000  0.322E+02   0.11579E+00   0.00000E+00   0.10000E+00    0.50249E-02    9.87         test_N_all          
.4000E+00    20.000  0.309E+02   0.11005E+00   0.00000E+00   0.10000E+00    0.17692E-02   32.28         test_N_all          
.4100E+00    20.000  0.297E+02   0.10444E+00   0.00000E+00   0.10000E+00    0.50249E-02    0.78         test_N_all          
.4200E+00    20.000  0.285E+02   0.98961E-01   0.00000E+00   0.10000E+00    0.50249E-02   -0.04         test_N_all          
.4300E+00    20.000  0.274E+02   0.93619E-01   0.00000E+00   0.10000E+00    0.50249E-02   -1.61         test_N_all          
.4400E+00    20.000  0.263E+02   0.88427E-01   0.00000E+00   0.10000E+00    0.50249E-02   -5.30         test_N_all          
.4500E+00    20.000  0.253E+02   0.83385E-01   0.00000E+00   0.10000E+00    0.50249E-02  -10.93         test_N_all          
.4600E+00    20.000  0.244E+02   0.78503E-01   0.00000E+00   0.10000E+00    0.50249E-02  -18.30         test_N_all          
.4700E+00    20.000  0.234E+02   0.73786E-01   0.00000E+00   0.10000E+00    0.50249E-02  -27.22         test_N_all          
.4800E+00    20.000  0.225E+02   0.69233E-01   0.00000E+00   0.10000E+00    0.50249E-02  -37.49         test_N_all          
.4900E+00    20.000  0.217E+02   0.64855E-01   0.00000E+00   0.10000E+00    0.50249E-02  -48.92         test_N_all          
.5000E+00    20.000  0.209E+02   0.60648E-01   0.00000E+00   0.10000E+00    0.17692E-02 -494.74         test_N_all          
.5100E+00    20.000  0.201E+02   0.56617E-01   0.00000E+00   0.10000E+00    0.50249E-02  -74.54         test_N_all          
.5200E+00    20.000  0.193E+02   0.52763E-01   0.00000E+00   0.10000E+00    0.50249E-02  -88.37         test_N_all          
.5300E+00    20.000  0.186E+02   0.49084E-01   0.00000E+00   0.10000E+00    0.50249E-02 -102.67         test_N_all          
.5400E+00    20.000  0.179E+02   0.45583E-01   0.00000E+00   0.10000E+00    0.50249E-02 -117.28         test_N_all          
.5500E+00    20.000  0.172E+02   0.42255E-01   0.00000E+00   0.10000E+00    0.50249E-02 -132.06         test_N_all          
.5600E+00    20.000  0.166E+02   0.39099E-01   0.00000E+00   0.10000E+00    0.50249E-02 -146.89         test_N_all          
.5700E+00    20.000  0.160E+02   0.36114E-01   0.00000E+00   0.10000E+00    0.50249E-02 -161.64         test_N_all          
.5800E+00    20.000  0.154E+02   0.33295E-01   0.00000E+00   0.10000E+00    0.50249E-02 -176.22         test_N_all          
.5900E+00    20.000  0.148E+02   0.30638E-01   0.00000E+00   0.10000E+00    0.50249E-02 -190.54         test_N_all          
.6000E+00    20.000  0.142E+02   0.28140E-01   0.00000E+00   0.10000E+00    0.17692E-02 *******         test_N_all          
.6100E+00    20.000  0.137E+02   0.25795E-01   0.00000E+00   0.10000E+00    0.50249E-02 -218.07         test_N_all          
.6200E+00    20.000  0.131E+02   0.23600E-01   0.00000E+00   0.10000E+00    0.50249E-02 -231.17         test_N_all          
.6300E+00    20.000  0.126E+02   0.21547E-01   0.00000E+00   0.10000E+00    0.50249E-02 -243.76         test_N_all          
.6400E+00    20.000  0.121E+02   0.19632E-01   0.00000E+00   0.10000E+00    0.50249E-02 -255.80         test_N_all          
.6500E+00    20.000  0.117E+02   0.17850E-01   0.00000E+00   0.10000E+00    0.50249E-02 -267.27         test_N_all          
.6600E+00    20.000  0.112E+02   0.16193E-01   0.00000E+00   0.10000E+00    0.50249E-02 -278.16         test_N_all          
.6700E+00    20.000  0.107E+02   0.14657E-01   0.00000E+00   0.10000E+00    0.50249E-02 -288.45         test_N_all          
.6800E+00    20.000  0.103E+02   0.13235E-01   0.00000E+00   0.10000E+00    0.50249E-02 -298.14         test_N_all          
.6900E+00    20.000  0.987E+01   0.11922E-01   0.00000E+00   0.10000E+00    0.50249E-02 -307.23         test_N_all          
.7000E+00    20.000  0.945E+01   0.10711E-01   0.00000E+00   0.10000E+00    0.17692E-02 *******         test_N_all          
.7100E+00    20.000  0.905E+01   0.95980E-02   0.00000E+00   0.10000E+00    0.50249E-02 -323.66         test_N_all          
.7200E+00    20.000  0.866E+01   0.85759E-02   0.00000E+00   0.10000E+00    0.50249E-02 -331.02         test_N_all          
.7300E+00    20.000  0.828E+01   0.76391E-02   0.00000E+00   0.10000E+00    0.50249E-02 -337.84         test_N_all          
.7400E+00    20.000  0.791E+01   0.67834E-02   0.00000E+00   0.10000E+00    0.50249E-02 -344.13         test_N_all          
.7500E+00    20.000  0.755E+01   0.60027E-02   0.00000E+00   0.10000E+00    0.50249E-02 -349.92         test_N_all          
.7600E+00    20.000  0.720E+01   0.52924E-02   0.00000E+00   0.10000E+00    0.50249E-02 -355.23         test_N_all          
.7700E+00    20.000  0.686E+01   0.46484E-02   0.00000E+00   0.10000E+00    0.50249E-02 -360.08         test_N_all          
.7800E+00    20.000  0.652E+01   0.40647E-02   0.00000E+00   0.10000E+00    0.50249E-02 -364.50         test_N_all          
.7900E+00    20.000  0.620E+01   0.35383E-02   0.00000E+00   0.10000E+00    0.50249E-02 -368.51         test_N_all          
.8000E+00    20.000  0.588E+01   0.30651E-02   0.00000E+00   0.10000E+00    0.17692E-02 *******         test_N_all          
.8100E+00    20.000  0.557E+01   0.26401E-02   0.00000E+00   0.10000E+00    0.50249E-02 -375.40         test_N_all          
.8200E+00    20.000  0.527E+01   0.22611E-02   0.00000E+00   0.10000E+00    0.50249E-02 -378.33         test_N_all          
.8300E+00    20.000  0.498E+01   0.19232E-02   0.00000E+00   0.10000E+00    0.50249E-02 -380.95         test_N_all          
.8400E+00    20.000  0.469E+01   0.16241E-02   0.00000E+00   0.10000E+00    0.50249E-02 -383.28         test_N_all          
.8500E+00    20.000  0.441E+01   0.13610E-02   0.00000E+00   0.10000E+00    0.50249E-02 -385.33         test_N_all          
.8600E+00    20.000  0.414E+01   0.11298E-02   0.00000E+00   0.10000E+00    0.50249E-02 -387.14         test_N_all          
.8700E+00    20.000  0.387E+01   0.92867E-03   0.00000E+00   0.10000E+00    0.50249E-02 -388.72         test_N_all          
.8800E+00    20.000  0.361E+01   0.75503E-03   0.00000E+00   0.10000E+00    0.50249E-02 -390.08         test_N_all          
.8900E+00    20.000  0.335E+01   0.60562E-03   0.00000E+00   0.10000E+00    0.50249E-02 -391.26         test_N_all          
.9000E+00    20.000  0.310E+01   0.47892E-03   0.00000E+00   0.10000E+00    0.17692E-02 *******         test_N_all          
.9100E+00    20.000  0.286E+01   0.37252E-03   0.00000E+00   0.10000E+00    0.50249E-02 -393.09         test_N_all          
.9200E+00    20.000  0.262E+01   0.28392E-03   0.00000E+00   0.10000E+00    0.50249E-02 -393.79         test_N_all          
.9300E+00    20.000  0.239E+01   0.21173E-03   0.00000E+00   0.10000E+00    0.50249E-02 -394.36         test_N_all          
.9400E+00    20.000  0.216E+01   0.15360E-03   0.00000E+00   0.10000E+00    0.50249E-02 -394.82         test_N_all          
.9500E+00    20.000  0.193E+01   0.10772E-03   0.00000E+00   0.10000E+00    0.50249E-02 -395.19         test_N_all          
.9600E+00    20.000  0.172E+01   0.72863E-04   0.00000E+00   0.10000E+00    0.50249E-02 -395.46         test_N_all          
.9700E+00    20.000  0.150E+01   0.46596E-04   0.00000E+00   0.10000E+00    0.50249E-02 -395.67         test_N_all          
.9800E+00    20.000  0.129E+01   0.27878E-04   0.00000E+00   0.10000E+00    0.50249E-02 -395.82         test_N_all          
.9900E+00    20.000  0.108E+01   0.15622E-04   0.00000E+00   0.10000E+00    0.50249E-02 -395.92         test_N_all          
.1000E+01    20.000  0.882E+00   0.73538E-05   0.00000E+00   0.10000E+00    0.50249E-02 -395.98         test_N_all          
.1000E+00    50.000  0.451E+03   0.33462E+00   0.00000E+00   0.10000E+00    0.50249E-02 2180.08         test_N_all          
.1100E+00    50.000  0.405E+03   0.32203E+00   0.00000E+00   0.10000E+00    0.50249E-02 1952.33         test_N_all          
.1200E+00    50.000  0.368E+03   0.31031E+00   0.00000E+00   0.10000E+00    0.50249E-02 1751.69         test_N_all          
.1300E+00    50.000  0.335E+03   0.29926E+00   0.00000E+00   0.10000E+00    0.50249E-02 1572.41         test_N_all          
.1400E+00    50.000  0.308E+03   0.28866E+00   0.00000E+00   0.10000E+00    0.50249E-02 1409.54         test_N_all          
.1500E+00    50.000  0.284E+03   0.27856E+00   0.00000E+00   0.10000E+00    0.50249E-02 1262.67         test_N_all          
.1600E+00    50.000  0.263E+03   0.26880E+00   0.00000E+00   0.10000E+00    0.50249E-02 1128.48         test_N_all          
.1700E+00    50.000  0.245E+03   0.25942E+00   0.00000E+00   0.10000E+00    0.50249E-02 1006.47         test_N_all          
.1800E+00    50.000  0.229E+03   0.25035E+00   0.00000E+00   0.10000E+00    0.50249E-02  895.30         test_N_all          
.1900E+00    50.000  0.214E+03   0.24157E+00   0.00000E+00   0.10000E+00    0.50249E-02  793.74         test_N_all          
.2000E+00    50.000  0.201E+03   0.23306E+00   0.00000E+00   0.10000E+00    0.50249E-02  701.22         test_N_all          
.2100E+00    50.000  0.189E+03   0.22479E+00   0.00000E+00   0.10000E+00    0.50249E-02  616.69         test_N_all          
.2200E+00    50.000  0.178E+03   0.21674E+00   0.00000E+00   0.10000E+00    0.50249E-02  539.69         test_N_all          
.2300E+00    50.000  0.168E+03   0.20889E+00   0.00000E+00   0.10000E+00    0.50249E-02  469.60         test_N_all          
.2400E+00    50.000  0.159E+03   0.20123E+00   0.00000E+00   0.10000E+00    0.50249E-02  405.84         test_N_all          
.2500E+00    50.000  0.151E+03   0.19375E+00   0.00000E+00   0.10000E+00    0.50249E-02  348.08         test_N_all          
.2600E+00    50.000  0.143E+03   0.18642E+00   0.00000E+00   0.10000E+00    0.50249E-02  295.78         test_N_all          
.2700E+00    50.000  0.136E+03   0.17924E+00   0.00000E+00   0.10000E+00    0.50249E-02  248.69         test_N_all          
.2800E+00    50.000  0.129E+03   0.17221E+00   0.00000E+00   0.10000E+00    0.50249E-02  206.50         test_N_all          
.2900E+00    50.000  0.123E+03   0.16530E+00   0.00000E+00   0.10000E+00    0.50249E-02  168.88         test_N_all          
.3000E+00    50.000  0.118E+03   0.15853E+00   0.00000E+00   0.10000E+00    0.18868E-02  962.14         test_N_all          
.3100E+00    50.000  0.112E+03   0.15187E+00   0.00000E+00   0.10000E+00    0.50249E-02  106.54         test_N_all          
.3200E+00    50.000  0.107E+03   0.14533E+00   0.00000E+00   0.10000E+00    0.50249E-02   81.38         test_N_all          
.3300E+00    50.000  0.102E+03   0.13892E+00   0.00000E+00   0.10000E+00    0.50249E-02   59.98         test_N_all          
.3400E+00    50.000  0.979E+02   0.13262E+00   0.00000E+00   0.10000E+00    0.50249E-02   42.14         test_N_all          
.3500E+00    50.000  0.937E+02   0.12645E+00   0.00000E+00   0.10000E+00    0.50249E-02   27.70         test_N_all          
.3600E+00    50.000  0.898E+02   0.12040E+00   0.00000E+00   0.10000E+00    0.50249E-02   16.48         test_N_all          
.3700E+00    50.000  0.860E+02   0.11448E+00   0.00000E+00   0.10000E+00    0.50249E-02    8.30         test_N_all          
.3800E+00    50.000  0.825E+02   0.10869E+00   0.00000E+00   0.10000E+00    0.50249E-02    2.99         test_N_all          
.3900E+00    50.000  0.791E+02   0.10305E+00   0.00000E+00   0.10000E+00    0.50249E-02    0.37         test_N_all          
.4000E+00    50.000  0.759E+02   0.97552E-01   0.00000E+00   0.10000E+00    0.17692E-02   -1.91         test_N_all          
.4100E+00    50.000  0.728E+02   0.92205E-01   0.00000E+00   0.10000E+00    0.50249E-02   -2.41         test_N_all          
.4200E+00    50.000  0.699E+02   0.87012E-01   0.00000E+00   0.10000E+00    0.50249E-02   -6.68         test_N_all          
.4300E+00    50.000  0.672E+02   0.81978E-01   0.00000E+00   0.10000E+00    0.50249E-02  -12.86         test_N_all          
.4400E+00    50.000  0.645E+02   0.77111E-01   0.00000E+00   0.10000E+00    0.50249E-02  -20.75         test_N_all          
.4500E+00    50.000  0.620E+02   0.72410E-01   0.00000E+00   0.10000E+00    0.50249E-02  -30.15         test_N_all          
.4600E+00    50.000  0.596E+02   0.67882E-01   0.00000E+00   0.10000E+00    0.50249E-02  -40.85         test_N_all          
.4700E+00    50.000  0.573E+02   0.63529E-01   0.00000E+00   0.10000E+00    0.50249E-02  -52.68         test_N_all          
.4800E+00    50.000  0.550E+02   0.59350E-01   0.00000E+00   0.10000E+00    0.50249E-02  -65.44         test_N_all          
.4900E+00    50.000  0.529E+02   0.55351E-01   0.00000E+00   0.10000E+00    0.50249E-02  -78.95         test_N_all          
.5000E+00    50.000  0.509E+02   0.51528E-01   0.00000E+00   0.10000E+00    0.17692E-02 -750.66         test_N_all          
.5100E+00    50.000  0.489E+02   0.47884E-01   0.00000E+00   0.10000E+00    0.50249E-02 -107.57         test_N_all          
.5200E+00    50.000  0.470E+02   0.44416E-01   0.00000E+00   0.10000E+00    0.50249E-02 -122.36         test_N_all          
.5300E+00    50.000  0.452E+02   0.41123E-01   0.00000E+00   0.10000E+00    0.50249E-02 -137.29         test_N_all          
.5400E+00    50.000  0.435E+02   0.38004E-01   0.00000E+00   0.10000E+00    0.50249E-02 -152.22         test_N_all          
.5500E+00    50.000  0.418E+02   0.35054E-01   0.00000E+00   0.10000E+00    0.50249E-02 -167.05         test_N_all          
.5600E+00    50.000  0.402E+02   0.32270E-01   0.00000E+00   0.10000E+00    0.50249E-02 -181.68         test_N_all          
.5700E+00    50.000  0.386E+02   0.29650E-01   0.00000E+00   0.10000E+00    0.50249E-02 -196.00         test_N_all          
.5800E+00    50.000  0.371E+02   0.27188E-01   0.00000E+00   0.10000E+00    0.50249E-02 -209.97         test_N_all          
.5900E+00    50.000  0.356E+02   0.24879E-01   0.00000E+00   0.10000E+00    0.50249E-02 -223.49         test_N_all          
.6000E+00    50.000  0.342E+02   0.22719E-01   0.00000E+00   0.10000E+00    0.17692E-02 *******         test_N_all          
.6100E+00    50.000  0.328E+02   0.20702E-01   0.00000E+00   0.10000E+00    0.50249E-02 -249.04         test_N_all          
.6200E+00    50.000  0.315E+02   0.18823E-01   0.00000E+00   0.10000E+00    0.50249E-02 -260.98         test_N_all          
.6300E+00    50.000  0.302E+02   0.17075E-01   0.00000E+00   0.10000E+00    0.50249E-02 -272.34         test_N_all          
.6400E+00    50.000  0.290E+02   0.15453E-01   0.00000E+00   0.10000E+00    0.50249E-02 -283.10         test_N_all          
.6500E+00    50.000  0.278E+02   0.13952E-01   0.00000E+00   0.10000E+00    0.50249E-02 -293.24         test_N_all          
.6600E+00    50.000  0.266E+02   0.12564E-01   0.00000E+00   0.10000E+00    0.50249E-02 -302.77         test_N_all          
.6700E+00    50.000  0.255E+02   0.11284E-01   0.00000E+00   0.10000E+00    0.50249E-02 -311.70         test_N_all          
.6800E+00    50.000  0.244E+02   0.10108E-01   0.00000E+00   0.10000E+00    0.50249E-02 -320.02         test_N_all          
.6900E+00    50.000  0.233E+02   0.90267E-02   0.00000E+00   0.10000E+00    0.50249E-02 -327.77         test_N_all          
.7000E+00    50.000  0.223E+02   0.80368E-02   0.00000E+00   0.10000E+00    0.17692E-02 *******         test_N_all          
.7100E+00    50.000  0.213E+02   0.71325E-02   0.00000E+00   0.10000E+00    0.50249E-02 -341.56         test_N_all          
.7200E+00    50.000  0.203E+02   0.63075E-02   0.00000E+00   0.10000E+00    0.50249E-02 -347.65         test_N_all          
.7300E+00    50.000  0.194E+02   0.55579E-02   0.00000E+00   0.10000E+00    0.50249E-02 -353.24         test_N_all          
.7400E+00    50.000  0.184E+02   0.48775E-02   0.00000E+00   0.10000E+00    0.50249E-02 -358.35         test_N_all          
.7500E+00    50.000  0.175E+02   0.42622E-02   0.00000E+00   0.10000E+00    0.50249E-02 -363.00         test_N_all          
.7600E+00    50.000  0.167E+02   0.37078E-02   0.00000E+00   0.10000E+00    0.50249E-02 -367.22         test_N_all          
.7700E+00    50.000  0.158E+02   0.32086E-02   0.00000E+00   0.10000E+00    0.50249E-02 -371.03         test_N_all          
.7800E+00    50.000  0.150E+02   0.27620E-02   0.00000E+00   0.10000E+00    0.50249E-02 -374.46         test_N_all          
.7900E+00    50.000  0.142E+02   0.23632E-02   0.00000E+00   0.10000E+00    0.50249E-02 -377.54         test_N_all          
.8000E+00    50.000  0.134E+02   0.20086E-02   0.00000E+00   0.10000E+00    0.17692E-02 *******         test_N_all          
.8100E+00    50.000  0.126E+02   0.16951E-02   0.00000E+00   0.10000E+00    0.50249E-02 -382.73         test_N_all          
.8200E+00    50.000  0.119E+02   0.14187E-02   0.00000E+00   0.10000E+00    0.50249E-02 -384.88         test_N_all          
.8300E+00    50.000  0.111E+02   0.11770E-02   0.00000E+00   0.10000E+00    0.50249E-02 -386.77         test_N_all          
.8400E+00    50.000  0.104E+02   0.96682E-03   0.00000E+00   0.10000E+00    0.50249E-02 -388.42         test_N_all          
.8500E+00    50.000  0.971E+01   0.78498E-03   0.00000E+00   0.10000E+00    0.50249E-02 -389.85         test_N_all          
.8600E+00    50.000  0.902E+01   0.62960E-03   0.00000E+00   0.10000E+00    0.50249E-02 -391.07         test_N_all          
.8700E+00    50.000  0.835E+01   0.49735E-03   0.00000E+00   0.10000E+00    0.50249E-02 -392.11         test_N_all          
.8800E+00    50.000  0.770E+01   0.38642E-03   0.00000E+00   0.10000E+00    0.50249E-02 -392.98         test_N_all          
.8900E+00    50.000  0.706E+01   0.29468E-03   0.00000E+00   0.10000E+00    0.50249E-02 -393.71         test_N_all          
.9000E+00    50.000  0.644E+01   0.21936E-03   0.00000E+00   0.10000E+00    0.17692E-02 *******         test_N_all          
.9100E+00    50.000  0.583E+01   0.15919E-03   0.00000E+00   0.10000E+00    0.50249E-02 -394.78         test_N_all          
.9200E+00    50.000  0.523E+01   0.11176E-03   0.00000E+00   0.10000E+00    0.50249E-02 -395.15         test_N_all          
.9300E+00    50.000  0.465E+01   0.75334E-04   0.00000E+00   0.10000E+00    0.50249E-02 -395.44         test_N_all          
.9400E+00    50.000  0.407E+01   0.48636E-04   0.00000E+00   0.10000E+00    0.50249E-02 -395.65         test_N_all          
.9500E+00    50.000  0.351E+01   0.29093E-04   0.00000E+00   0.10000E+00    0.50249E-02 -395.81         test_N_all          
.9600E+00    50.000  0.297E+01   0.16081E-04   0.00000E+00   0.10000E+00    0.50249E-02 -395.91         test_N_all          
.9700E+00    50.000  0.243E+01   0.79669E-05   0.00000E+00   0.10000E+00    0.50249E-02 -395.98         test_N_all          
.9800E+00    50.000  0.190E+01   0.31107E-05   0.00000E+00   0.10000E+00    0.50249E-02 -396.01         test_N_all          
.9900E+00    50.000  0.139E+01   0.10409E-05   0.00000E+00   0.10000E+00    0.50249E-02 -396.03         test_N_all          
.1000E+01    50.000  0.882E+00   0.71300E-06   0.00000E+00   0.10000E+00    0.50249E-02 -396.03         test_N_all          
.1000E+00   100.000  0.901E+03   0.33548E+00   0.00000E+00   0.10000E+00    0.50249E-02 2196.16         test_N_all          
.1100E+00   100.000  0.810E+03   0.32135E+00   0.00000E+00   0.10000E+00    0.50249E-02 1940.42         test_N_all          
.1200E+00   100.000  0.734E+03   0.30835E+00   0.00000E+00   0.10000E+00    0.50249E-02 1719.27         test_N_all          
.1300E+00   100.000  0.670E+03   0.29623E+00   0.00000E+00   0.10000E+00    0.50249E-02 1524.98         test_N_all          
.1400E+00   100.000  0.615E+03   0.28471E+00   0.00000E+00   0.10000E+00    0.50249E-02 1351.19         test_N_all          
.1500E+00   100.000  0.568E+03   0.27384E+00   0.00000E+00   0.10000E+00    0.50249E-02 1196.88         test_N_all          
.1600E+00   100.000  0.526E+03   0.26342E+00   0.00000E+00   0.10000E+00    0.50249E-02 1057.65         test_N_all          
.1700E+00   100.000  0.489E+03   0.25346E+00   0.00000E+00   0.10000E+00    0.50249E-02  932.70         test_N_all          
.1800E+00   100.000  0.456E+03   0.24391E+00   0.00000E+00   0.10000E+00    0.50249E-02  820.22         test_N_all          
.1900E+00   100.000  0.427E+03   0.23470E+00   0.00000E+00   0.10000E+00    0.50249E-02  718.62         test_N_all          
.2000E+00   100.000  0.401E+03   0.22584E+00   0.00000E+00   0.10000E+00    0.50249E-02  627.15         test_N_all          
.2100E+00   100.000  0.377E+03   0.21725E+00   0.00000E+00   0.10000E+00    0.50249E-02  544.45         test_N_all          
.2200E+00   100.000  0.355E+03   0.20893E+00   0.00000E+00   0.10000E+00    0.50249E-02  469.95         test_N_all          
.2300E+00   100.000  0.336E+03   0.20086E+00   0.00000E+00   0.10000E+00    0.50249E-02  402.89         test_N_all          
.2400E+00   100.000  0.318E+03   0.19301E+00   0.00000E+00   0.10000E+00    0.50249E-02  342.60         test_N_all          
.2500E+00   100.000  0.301E+03   0.18537E+00   0.00000E+00   0.10000E+00    0.50249E-02  288.63         test_N_all          
.2600E+00   100.000  0.285E+03   0.17791E+00   0.00000E+00   0.10000E+00    0.50249E-02  240.40         test_N_all          
.2700E+00   100.000  0.271E+03   0.17064E+00   0.00000E+00   0.10000E+00    0.50249E-02  197.60         test_N_all          
.2800E+00   100.000  0.258E+03   0.16353E+00   0.00000E+00   0.10000E+00    0.50249E-02  159.83         test_N_all          
.2900E+00   100.000  0.246E+03   0.15658E+00   0.00000E+00   0.10000E+00    0.50249E-02  126.77         test_N_all          
.3000E+00   100.000  0.234E+03   0.14978E+00   0.00000E+00   0.10000E+00    0.18868E-02  696.09         test_N_all          
.3100E+00   100.000  0.223E+03   0.14313E+00   0.00000E+00   0.10000E+00    0.50249E-02   73.66         test_N_all          
.3200E+00   100.000  0.213E+03   0.13662E+00   0.00000E+00   0.10000E+00    0.50249E-02   53.11         test_N_all          
.3300E+00   100.000  0.204E+03   0.13026E+00   0.00000E+00   0.10000E+00    0.50249E-02   36.26         test_N_all          
.3400E+00   100.000  0.195E+03   0.12404E+00   0.00000E+00   0.10000E+00    0.50249E-02   22.88         test_N_all          
.3500E+00   100.000  0.187E+03   0.11796E+00   0.00000E+00   0.10000E+00    0.50249E-02   12.78         test_N_all          
.3600E+00   100.000  0.179E+03   0.11203E+00   0.00000E+00   0.10000E+00    0.50249E-02    5.73         test_N_all          
.3700E+00   100.000  0.171E+03   0.10625E+00   0.00000E+00   0.10000E+00    0.50249E-02    1.55         test_N_all          
.3800E+00   100.000  0.164E+03   0.10063E+00   0.00000E+00   0.10000E+00    0.50249E-02    0.02         test_N_all          
.3900E+00   100.000  0.157E+03   0.95154E-01   0.00000E+00   0.10000E+00    0.50249E-02   -0.93         test_N_all          
.4000E+00   100.000  0.151E+03   0.89843E-01   0.00000E+00   0.10000E+00    0.17692E-02  -32.96         test_N_all          
.4100E+00   100.000  0.145E+03   0.84697E-01   0.00000E+00   0.10000E+00    0.50249E-02   -9.27         test_N_all          
.4200E+00   100.000  0.139E+03   0.79719E-01   0.00000E+00   0.10000E+00    0.50249E-02  -16.29         test_N_all          
.4300E+00   100.000  0.133E+03   0.74911E-01   0.00000E+00   0.10000E+00    0.50249E-02  -24.93         test_N_all          
.4400E+00   100.000  0.128E+03   0.70278E-01   0.00000E+00   0.10000E+00    0.50249E-02  -34.99         test_N_all          
.4500E+00   100.000  0.123E+03   0.65819E-01   0.00000E+00   0.10000E+00    0.50249E-02  -46.27         test_N_all          
.4600E+00   100.000  0.118E+03   0.61540E-01   0.00000E+00   0.10000E+00    0.50249E-02  -58.58         test_N_all          
.4700E+00   100.000  0.114E+03   0.57440E-01   0.00000E+00   0.10000E+00    0.50249E-02  -71.74         test_N_all          
.4800E+00   100.000  0.109E+03   0.53518E-01   0.00000E+00   0.10000E+00    0.50249E-02  -85.57         test_N_all          
.4900E+00   100.000  0.105E+03   0.49777E-01   0.00000E+00   0.10000E+00    0.50249E-02  -99.89         test_N_all          
.5000E+00   100.000  0.101E+03   0.46213E-01   0.00000E+00   0.10000E+00    0.17692E-02 -924.28         test_N_all          
.5100E+00   100.000  0.970E+02   0.42828E-01   0.00000E+00   0.10000E+00    0.50249E-02 -129.45         test_N_all          
.5200E+00   100.000  0.932E+02   0.39617E-01   0.00000E+00   0.10000E+00    0.50249E-02 -144.40         test_N_all          
.5300E+00   100.000  0.896E+02   0.36577E-01   0.00000E+00   0.10000E+00    0.50249E-02 -159.31         test_N_all          
.5400E+00   100.000  0.861E+02   0.33706E-01   0.00000E+00   0.10000E+00    0.50249E-02 -174.05         test_N_all          
.5500E+00   100.000  0.827E+02   0.31000E-01   0.00000E+00   0.10000E+00    0.50249E-02 -188.55         test_N_all          
.5600E+00   100.000  0.795E+02   0.28455E-01   0.00000E+00   0.10000E+00    0.50249E-02 -202.72         test_N_all          
.5700E+00   100.000  0.763E+02   0.26067E-01   0.00000E+00   0.10000E+00    0.50249E-02 -216.48         test_N_all          
.5800E+00   100.000  0.733E+02   0.23829E-01   0.00000E+00   0.10000E+00    0.50249E-02 -229.78         test_N_all          
.5900E+00   100.000  0.704E+02   0.21738E-01   0.00000E+00   0.10000E+00    0.50249E-02 -242.57         test_N_all          
.6000E+00   100.000  0.675E+02   0.19787E-01   0.00000E+00   0.10000E+00    0.17692E-02 *******         test_N_all          
.6100E+00   100.000  0.648E+02   0.17971E-01   0.00000E+00   0.10000E+00    0.50249E-02 -266.48         test_N_all          
.6200E+00   100.000  0.622E+02   0.16285E-01   0.00000E+00   0.10000E+00    0.50249E-02 -277.55         test_N_all          
.6300E+00   100.000  0.596E+02   0.14721E-01   0.00000E+00   0.10000E+00    0.50249E-02 -288.02         test_N_all          
.6400E+00   100.000  0.571E+02   0.13275E-01   0.00000E+00   0.10000E+00    0.50249E-02 -297.87         test_N_all          
.6500E+00   100.000  0.547E+02   0.11941E-01   0.00000E+00   0.10000E+00    0.50249E-02 -307.11         test_N_all          
.6600E+00   100.000  0.524E+02   0.10711E-01   0.00000E+00   0.10000E+00    0.50249E-02 -315.74         test_N_all          
.6700E+00   100.000  0.501E+02   0.95816E-02   0.00000E+00   0.10000E+00    0.50249E-02 -323.78         test_N_all          
.6800E+00   100.000  0.479E+02   0.85463E-02   0.00000E+00   0.10000E+00    0.50249E-02 -331.24         test_N_all          
.6900E+00   100.000  0.458E+02   0.75985E-02   0.00000E+00   0.10000E+00    0.50249E-02 -338.14         test_N_all          
.7000E+00   100.000  0.437E+02   0.67341E-02   0.00000E+00   0.10000E+00    0.17692E-02 *******         test_N_all          
.7100E+00   100.000  0.417E+02   0.59468E-02   0.00000E+00   0.10000E+00    0.50249E-02 -350.34         test_N_all          
.7200E+00   100.000  0.398E+02   0.52319E-02   0.00000E+00   0.10000E+00    0.50249E-02 -355.68         test_N_all          
.7300E+00   100.000  0.379E+02   0.45850E-02   0.00000E+00   0.10000E+00    0.50249E-02 -360.56         test_N_all          
.7400E+00   100.000  0.360E+02   0.40000E-02   0.00000E+00   0.10000E+00    0.50249E-02 -364.99         test_N_all          
.7500E+00   100.000  0.342E+02   0.34739E-02   0.00000E+00   0.10000E+00    0.50249E-02 -369.00         test_N_all          
.7600E+00   100.000  0.325E+02   0.30016E-02   0.00000E+00   0.10000E+00    0.50249E-02 -372.62         test_N_all          
.7700E+00   100.000  0.308E+02   0.25790E-02   0.00000E+00   0.10000E+00    0.50249E-02 -375.88         test_N_all          
.7800E+00   100.000  0.291E+02   0.22031E-02   0.00000E+00   0.10000E+00    0.50249E-02 -378.78         test_N_all          
.7900E+00   100.000  0.275E+02   0.18689E-02   0.00000E+00   0.10000E+00    0.50249E-02 -381.37         test_N_all          
.8000E+00   100.000  0.259E+02   0.15742E-02   0.00000E+00   0.10000E+00    0.17692E-02 *******         test_N_all          
.8100E+00   100.000  0.243E+02   0.13151E-02   0.00000E+00   0.10000E+00    0.50249E-02 -385.69         test_N_all          
.8200E+00   100.000  0.228E+02   0.10887E-02   0.00000E+00   0.10000E+00    0.50249E-02 -387.46         test_N_all          
.8300E+00   100.000  0.214E+02   0.89269E-03   0.00000E+00   0.10000E+00    0.50249E-02 -389.00         test_N_all          
.8400E+00   100.000  0.199E+02   0.72315E-03   0.00000E+00   0.10000E+00    0.50249E-02 -390.33         test_N_all          
.8500E+00   100.000  0.185E+02   0.57854E-03   0.00000E+00   0.10000E+00    0.50249E-02 -391.47         test_N_all          
.8600E+00   100.000  0.172E+02   0.45622E-03   0.00000E+00   0.10000E+00    0.50249E-02 -392.43         test_N_all          
.8700E+00   100.000  0.158E+02   0.35354E-03   0.00000E+00   0.10000E+00    0.50249E-02 -393.24         test_N_all          
.8800E+00   100.000  0.145E+02   0.26899E-03   0.00000E+00   0.10000E+00    0.50249E-02 -393.91         test_N_all          
.8900E+00   100.000  0.132E+02   0.19979E-03   0.00000E+00   0.10000E+00    0.50249E-02 -394.46         test_N_all          
.9000E+00   100.000  0.120E+02   0.14451E-03   0.00000E+00   0.10000E+00    0.17692E-02 *******         test_N_all          
.9100E+00   100.000  0.108E+02   0.10135E-03   0.00000E+00   0.10000E+00    0.50249E-02 -395.24         test_N_all          
.9200E+00   100.000  0.958E+01   0.68089E-04   0.00000E+00   0.10000E+00    0.50249E-02 -395.50         test_N_all          
.9300E+00   100.000  0.841E+01   0.43761E-04   0.00000E+00   0.10000E+00    0.50249E-02 -395.69         test_N_all          
.9400E+00   100.000  0.726E+01   0.26240E-04   0.00000E+00   0.10000E+00    0.50249E-02 -395.83         test_N_all          
.9500E+00   100.000  0.614E+01   0.14423E-04   0.00000E+00   0.10000E+00    0.50249E-02 -395.93         test_N_all          
.9600E+00   100.000  0.505E+01   0.72415E-05   0.00000E+00   0.10000E+00    0.50249E-02 -395.98         test_N_all          
.9700E+00   100.000  0.397E+01   0.28424E-05   0.00000E+00   0.10000E+00    0.50249E-02 -396.02         test_N_all          
.9800E+00   100.000  0.292E+01   0.92967E-06   0.00000E+00   0.10000E+00    0.50249E-02 -396.03         test_N_all          
.9900E+00   100.000  0.189E+01   0.59743E-06   0.00000E+00   0.10000E+00    0.50249E-02 -396.03         test_N_all          
.1000E+01   100.000  0.882E+00   0.77887E-06   0.00000E+00   0.10000E+00    0.50249E-02 -396.03         test_N_all          



 CHI SQUARE=******** FOR  582 POINTS   CHISQ/NPTS=  680.64
 Signed chisquare total =********
 Modified residual =********


Summary normalization chi2 contributions

 data set     normalization        error         chisq


Summary chi2 per data set

 data set                chisq    _w     signd    _w     resid     _w   npts   chisq/pts  _w
test_N_all            396131.6        117759.5        ********           582  680.64
------------------------------------------------------------------------------------
          TOTAL       396131.6396131.6117759.5     0.0****************   582  680.64  680.64
          TOTAL+norm  396131.6396131.6                                   582  680.64  680.64



            Momentum Sum Rule Check


      q2      alphas      xuv       xdv       xub       xdb       xsb       xcb       xbb      xglue     total
      1.69    0.3845    0.3194    0.1357    0.0561    0.0703    0.0253    0.0000    0.0000    0.3933    1.0002
    100.00    0.1784    0.2250    0.0957    0.0654    0.0754    0.0437    0.0259    0.0087    0.4573    0.9972
   1000.00    0.1407    0.0000    0.0000    0.0000    0.0000    0.0000    0.0000    0.0000    0.0000    0.0000
   8315.00    0.1180    0.0000    0.0000    0.0000    0.0000    0.0000    0.0000    0.0000    0.0000    0.0000


 Vector Boson Cross Sections

 sqrt(s)   sigma(W)    error    theory

   1960.     2.865     0.063       0.000     D0

   1960.     2.749     0.054       0.000     CDF

   7000.     9.95      0.29        0.000     CMS

   7000.     9.96      0.55        0.000     ATLAS

 sqrt(s)   sigma(Z)    error    theory

   1960.     .2649     .0094       0.000     D0

   1960.     .2549     .0057       0.000     CDF

   7000.     .931      0.035       0.000     CMS

   7000.     .82       0.08        0.000     ATLAS


