 Correlated errors added in quadrature with statistical errors
 test_P_all DIS data with   1.69< Q2 < 0.500D+03 and 0.000 < xB < 1.000 and   0.00< W2 < 0.100D+05 and 0.000 < y < 1.000
   GP TMC applied
   HT corrections, multiplicative C=C(xB)

# fitpack15: fit output
# CJ15 AV18 final data choices                                                 

Parametrization   7 used here

 S-ACOT scheme used  for NC DIS

 charm mass =     1.30 GeV     bottom mass =     4.50 GeV



 THIS IS A NEXT TO LEADING ORDER FIT

 Q02=    1.69
         1  LAMBDA      VALUE=   0.22680      WEIGHT=    0.0000    
         2  a0uv        VALUE=    2.4067      WEIGHT=    0.0000    
         3  a1uv        VALUE=   0.61537      WEIGHT=   0.19856E-01
         4  a2uv        VALUE=    3.5433      WEIGHT=   0.12414E-01
         5  a3uv        VALUE=    0.0000      WEIGHT=    0.0000    
         6  a4uv        VALUE=    3.4609      WEIGHT=   0.42903    
         7  a5uv        VALUE=    0.0000      WEIGHT=    0.0000    
         8  a0dv        VALUE=    24.684      WEIGHT=    0.0000    
         9  a1dv        VALUE=    1.1595      WEIGHT=   0.33533E-01
        10  a2dv        VALUE=    6.5514      WEIGHT=   0.15936    
        11  a3dv        VALUE=   -3.5030      WEIGHT=   0.86332E-01
        12  a4dv        VALUE=    4.6787      WEIGHT=   0.14209    
        13  a5dv        VALUE=    0.0000      WEIGHT=    0.0000    
        14  a0ud        VALUE=   0.14658      WEIGHT=   0.50348E-02
        15  a1ud        VALUE=  -0.20775      WEIGHT=   0.37551E-02
        16  a2ud        VALUE=    8.3286      WEIGHT=   0.19114    
        17  a3ud        VALUE=    0.0000      WEIGHT=    0.0000    
        18  a4ud        VALUE=    14.606      WEIGHT=    1.2151    
        19  a5ud        VALUE=    0.0000      WEIGHT=    0.0000    
        20  a0du        VALUE=    35712.      WEIGHT=    0.0000    
        21  a1du        VALUE=    4.0249      WEIGHT=   0.74070E-01
        22  a2du        VALUE=    20.154      WEIGHT=   0.87862    
        23  a3du        VALUE=    17.000      WEIGHT=    0.0000    
        24  a4du        VALUE=    51.156      WEIGHT=    10.239    
        25  a0g         VALUE=    45.541      WEIGHT=    0.0000    
        26  a1g         VALUE=   0.60307      WEIGHT=   0.31164E-01
        27  a2g         VALUE=    6.4812      WEIGHT=   0.96748    
        28  a3g         VALUE=   -3.3064      WEIGHT=   0.13418    
        29  a4g         VALUE=    3.1721      WEIGHT=   0.31376    
        30  a5g         VALUE=    0.0000      WEIGHT=    0.0000    
        31  kappa       VALUE=   0.40000      WEIGHT=    0.0000    
        32  a6dv        VALUE=  -0.36005E-02  WEIGHT=   0.66324E-03
        33  a7dv        VALUE=    2.0000      WEIGHT=    0.0000    
        34  off1        VALUE=   -3.6735      WEIGHT=    1.5278    
        35  off2        VALUE=   0.57717E-01  WEIGHT=   0.14842E-01
        36  ht1         VALUE=   -3.2874      WEIGHT=   0.26061    
        37  ht2         VALUE=    1.9274      WEIGHT=   0.10524    
        38  ht3         VALUE=   -2.0701      WEIGHT=   0.19888E-01
        39  ht4         VALUE=    0.0000      WEIGHT=    0.0000    
        40  dummy40     VALUE=    0.0000      WEIGHT=    0.0000    
        41  dummy41     VALUE=    0.0000      WEIGHT=    0.0000    
        42  dummy42     VALUE=    0.0000      WEIGHT=    0.0000    
        43  dummy43     VALUE=    0.0000      WEIGHT=    0.0000    
        44  dummy44     VALUE=    0.0000      WEIGHT=    0.0000    
        45  dummy45     VALUE=    0.0000      WEIGHT=    0.0000    
        46  dummy46     VALUE=    0.0000      WEIGHT=    0.0000    
        47  dummy47     VALUE=    0.0000      WEIGHT=    0.0000    
        48  dummy48     VALUE=    0.0000      WEIGHT=    0.0000    
        49  dummy49     VALUE=    0.0000      WEIGHT=    0.0000    
        50  bcdmsh2     VALUE=   0.97307      WEIGHT=   0.48289E-02
        51  bcdmsd2     VALUE=   0.99317      WEIGHT=   0.58269E-02
        52  ccfr        VALUE=    1.0000      WEIGHT=    0.0000    
        53  nutev       VALUE=    1.0000      WEIGHT=    0.0000    
        54  zeus        VALUE=   0.97998      WEIGHT=    0.0000    
        55  h1          VALUE=    1.0162      WEIGHT=    0.0000    
        56  e605        VALUE=    1.0319      WEIGHT=    0.0000    
        57  NmcH2       VALUE=    1.0095      WEIGHT=   0.71247E-02
        58  ntv_nu      VALUE=    1.0000      WEIGHT=    0.0000    
        59  ntv_nubar   VALUE=    1.0000      WEIGHT=    0.0000    
        60  cdf_jet     VALUE=   0.98910      WEIGHT=    0.0000    
        61  d0_jet      VALUE=   0.83504      WEIGHT=    0.0000    
        62  slac_p      VALUE=    1.0049      WEIGHT=   0.48124E-02
        63  slac_d      VALUE=    1.0042      WEIGHT=   0.52781E-02
        64  e866pp      VALUE=   0.96586      WEIGHT=   0.19263E-01
        65  e866pd      VALUE=   0.96369      WEIGHT=   0.15783E-01
        66  d0_gamjet   VALUE=    1.0389      WEIGHT=   0.16474E-01
        67  h1b         VALUE=   0.97608      WEIGHT=    0.0000    
        68  jlab_p      VALUE=   0.99446      WEIGHT=   0.57943E-02
        69  jlab_d      VALUE=   0.97557      WEIGHT=   0.59019E-02
        70  blank       VALUE=    1.0000      WEIGHT=    0.0000    
        71  d0run2      VALUE=   0.94087      WEIGHT=   0.14167E-01
        72  cdfrun2     VALUE=   0.92649      WEIGHT=   0.17233E-01
        73  HERA_el     VALUE=    1.0000      WEIGHT=    0.0000    
        74  HERA_ps     VALUE=    1.0000      WEIGHT=    0.0000    
        75  CDF_Z       VALUE=   0.96581      WEIGHT=   0.64944E-02
        76  NmcRat      VALUE=    1.0000      WEIGHT=    0.0000    
        77  BNS_F2nd    VALUE=   0.98310      WEIGHT=   0.68314E-02
        78  HERMES_F2p  VALUE=   0.99832      WEIGHT=   0.55693E-02
        79  HERMES_F2d  VALUE=   0.98039      WEIGHT=   0.58259E-02
0THE TOLERANCE IS    0.1000
 THE MAXIMUM NUMBER OF STEPS IS 100
0THE INITIAL CHI SQUARED IS  6.22009E+05



     X        Q2         W2       THEORY        error         DATA           ERROR        chi^2     _w    ITYPE
.1000E-01     2.000  0.199E+03   0.35435E+00   0.00000E+00   0.10000E+00    0.50249E-02 2562.09         test_P_all
.2000E-01     2.000  0.989E+02   0.33533E+00   0.00000E+00   0.10000E+00    0.50249E-02 2193.36         test_P_all
.3000E-01     2.000  0.655E+02   0.33102E+00   0.00000E+00   0.10000E+00    0.50249E-02 2113.69         test_P_all
.4000E-01     2.000  0.489E+02   0.33408E+00   0.00000E+00   0.10000E+00    0.50249E-02 2170.11         test_P_all
.5000E-01     2.000  0.389E+02   0.33748E+00   0.00000E+00   0.10000E+00    0.50249E-02 2233.57         test_P_all
.6000E-01     2.000  0.322E+02   0.34181E+00   0.00000E+00   0.10000E+00    0.50249E-02 2315.68         test_P_all
.7000E-01     2.000  0.275E+02   0.34525E+00   0.00000E+00   0.10000E+00    0.50249E-02 2382.15         test_P_all
.8000E-01     2.000  0.239E+02   0.34786E+00   0.00000E+00   0.10000E+00    0.50249E-02 2433.12         test_P_all
.9000E-01     2.000  0.211E+02   0.34983E+00   0.00000E+00   0.10000E+00    0.50249E-02 2471.98         test_P_all
.1000E+00     2.000  0.189E+02   0.35102E+00   0.00000E+00   0.10000E+00    0.50249E-02 2495.56         test_P_all
.1100E+00     2.000  0.171E+02   0.35181E+00   0.00000E+00   0.10000E+00    0.50249E-02 2511.28         test_P_all
.1200E+00     2.000  0.155E+02   0.35212E+00   0.00000E+00   0.10000E+00    0.50249E-02 2517.41         test_P_all
.1300E+00     2.000  0.143E+02   0.35199E+00   0.00000E+00   0.10000E+00    0.50249E-02 2514.71         test_P_all
.1400E+00     2.000  0.132E+02   0.35159E+00   0.00000E+00   0.10000E+00    0.50249E-02 2506.83         test_P_all
.1500E+00     2.000  0.122E+02   0.35082E+00   0.00000E+00   0.10000E+00    0.50249E-02 2491.50         test_P_all
.1600E+00     2.000  0.114E+02   0.34973E+00   0.00000E+00   0.10000E+00    0.50249E-02 2469.97         test_P_all
.1700E+00     2.000  0.106E+02   0.34833E+00   0.00000E+00   0.10000E+00    0.50249E-02 2442.28         test_P_all
.1800E+00     2.000  0.999E+01   0.34660E+00   0.00000E+00   0.10000E+00    0.50249E-02 2408.33         test_P_all
.1900E+00     2.000  0.941E+01   0.34454E+00   0.00000E+00   0.10000E+00    0.50249E-02 2368.22         test_P_all
.2000E+00     2.000  0.888E+01   0.34215E+00   0.00000E+00   0.10000E+00    0.50249E-02 2322.30         test_P_all
.2100E+00     2.000  0.841E+01   0.33944E+00   0.00000E+00   0.10000E+00    0.50249E-02 2270.65         test_P_all
.2200E+00     2.000  0.797E+01   0.33641E+00   0.00000E+00   0.10000E+00    0.50249E-02 2213.48         test_P_all
.2300E+00     2.000  0.758E+01   0.33308E+00   0.00000E+00   0.10000E+00    0.50249E-02 2151.52         test_P_all
.2400E+00     2.000  0.722E+01   0.32943E+00   0.00000E+00   0.10000E+00    0.50249E-02 2084.62         test_P_all
.2500E+00     2.000  0.688E+01   0.32549E+00   0.00000E+00   0.10000E+00    0.50249E-02 2013.69         test_P_all
.2600E+00     2.000  0.657E+01   0.32128E+00   0.00000E+00   0.10000E+00    0.50249E-02 1939.26         test_P_all
.2700E+00     2.000  0.629E+01   0.31681E+00   0.00000E+00   0.10000E+00    0.50249E-02 1861.60         test_P_all
.2800E+00     2.000  0.602E+01   0.31210E+00   0.00000E+00   0.10000E+00    0.50249E-02 1781.60         test_P_all
.2900E+00     2.000  0.578E+01   0.30717E+00   0.00000E+00   0.10000E+00    0.50249E-02 1699.80         test_P_all
.3000E+00     2.000  0.555E+01   0.30204E+00   0.00000E+00   0.10000E+00    0.18868E-02 *******         test_P_all
.3100E+00     2.000  0.533E+01   0.29675E+00   0.00000E+00   0.10000E+00    0.50249E-02 1533.04         test_P_all
.3200E+00     2.000  0.513E+01   0.29130E+00   0.00000E+00   0.10000E+00    0.50249E-02 1449.35         test_P_all
.3300E+00     2.000  0.494E+01   0.28573E+00   0.00000E+00   0.10000E+00    0.50249E-02 1366.15         test_P_all
.3400E+00     2.000  0.476E+01   0.28006E+00   0.00000E+00   0.10000E+00    0.50249E-02 1283.96         test_P_all
.3500E+00     2.000  0.460E+01   0.27431E+00   0.00000E+00   0.10000E+00    0.50249E-02 1203.27         test_P_all
.3600E+00     2.000  0.444E+01   0.26850E+00   0.00000E+00   0.10000E+00    0.50249E-02 1124.42         test_P_all
.3700E+00     2.000  0.429E+01   0.26265E+00   0.00000E+00   0.10000E+00    0.50249E-02 1047.76         test_P_all
.3800E+00     2.000  0.414E+01   0.25679E+00   0.00000E+00   0.10000E+00    0.50249E-02  973.65         test_P_all
.3900E+00     2.000  0.401E+01   0.25094E+00   0.00000E+00   0.10000E+00    0.50249E-02  902.25         test_P_all
.4000E+00     2.000  0.388E+01   0.24509E+00   0.00000E+00   0.10000E+00    0.17692E-02 6725.75         test_P_all
.4100E+00     2.000  0.376E+01   0.23928E+00   0.00000E+00   0.10000E+00    0.50249E-02  768.31         test_P_all
.4200E+00     2.000  0.364E+01   0.23352E+00   0.00000E+00   0.10000E+00    0.50249E-02  706.03         test_P_all
.4300E+00     2.000  0.353E+01   0.22781E+00   0.00000E+00   0.10000E+00    0.50249E-02  646.92         test_P_all
.4400E+00     2.000  0.343E+01   0.22217E+00   0.00000E+00   0.10000E+00    0.50249E-02  591.06         test_P_all
.4500E+00     2.000  0.333E+01   0.21660E+00   0.00000E+00   0.10000E+00    0.50249E-02  538.42         test_P_all
.4600E+00     2.000  0.323E+01   0.21111E+00   0.00000E+00   0.10000E+00    0.50249E-02  488.94         test_P_all
.4700E+00     2.000  0.314E+01   0.20572E+00   0.00000E+00   0.10000E+00    0.50249E-02  442.60         test_P_all
.4800E+00     2.000  0.305E+01   0.20041E+00   0.00000E+00   0.10000E+00    0.50249E-02  399.33         test_P_all
.4900E+00     2.000  0.296E+01   0.19521E+00   0.00000E+00   0.10000E+00    0.50249E-02  359.00         test_P_all
.5000E+00     2.000  0.288E+01   0.19011E+00   0.00000E+00   0.10000E+00    0.17692E-02 2594.02         test_P_all
.5100E+00     2.000  0.280E+01   0.18511E+00   0.00000E+00   0.10000E+00    0.50249E-02  286.89         test_P_all
.5200E+00     2.000  0.273E+01   0.18022E+00   0.00000E+00   0.10000E+00    0.50249E-02  254.86         test_P_all
.5300E+00     2.000  0.266E+01   0.17543E+00   0.00000E+00   0.10000E+00    0.50249E-02  225.36         test_P_all
.5400E+00     2.000  0.259E+01   0.17076E+00   0.00000E+00   0.10000E+00    0.50249E-02  198.30         test_P_all
.5500E+00     2.000  0.252E+01   0.16619E+00   0.00000E+00   0.10000E+00    0.50249E-02  173.53         test_P_all
.5600E+00     2.000  0.245E+01   0.16173E+00   0.00000E+00   0.10000E+00    0.50249E-02  150.93         test_P_all
.5700E+00     2.000  0.239E+01   0.15738E+00   0.00000E+00   0.10000E+00    0.50249E-02  130.39         test_P_all
.5800E+00     2.000  0.233E+01   0.15313E+00   0.00000E+00   0.10000E+00    0.50249E-02  111.81         test_P_all
.5900E+00     2.000  0.227E+01   0.14899E+00   0.00000E+00   0.10000E+00    0.50249E-02   95.05         test_P_all
.6000E+00     2.000  0.222E+01   0.14495E+00   0.00000E+00   0.10000E+00    0.17692E-02  645.40         test_P_all
.6100E+00     2.000  0.216E+01   0.14101E+00   0.00000E+00   0.10000E+00    0.50249E-02   66.59         test_P_all
.6200E+00     2.000  0.211E+01   0.13716E+00   0.00000E+00   0.10000E+00    0.50249E-02   54.70         test_P_all
.6300E+00     2.000  0.206E+01   0.13341E+00   0.00000E+00   0.10000E+00    0.50249E-02   44.22         test_P_all
.6400E+00     2.000  0.201E+01   0.12976E+00   0.00000E+00   0.10000E+00    0.50249E-02   35.07         test_P_all
.6500E+00     2.000  0.196E+01   0.12620E+00   0.00000E+00   0.10000E+00    0.50249E-02   27.18         test_P_all
.6600E+00     2.000  0.191E+01   0.12272E+00   0.00000E+00   0.10000E+00    0.50249E-02   20.45         test_P_all
.6700E+00     2.000  0.187E+01   0.11933E+00   0.00000E+00   0.10000E+00    0.50249E-02   14.80         test_P_all
.6800E+00     2.000  0.182E+01   0.11602E+00   0.00000E+00   0.10000E+00    0.50249E-02   10.17         test_P_all
.6900E+00     2.000  0.178E+01   0.11280E+00   0.00000E+00   0.10000E+00    0.50249E-02    6.49         test_P_all
.7000E+00     2.000  0.174E+01   0.10965E+00   0.00000E+00   0.10000E+00    0.17692E-02   29.74         test_P_all
.7100E+00     2.000  0.170E+01   0.10657E+00   0.00000E+00   0.10000E+00    0.50249E-02    1.71         test_P_all
.7200E+00     2.000  0.166E+01   0.10357E+00   0.00000E+00   0.10000E+00    0.50249E-02    0.51         test_P_all
.7300E+00     2.000  0.162E+01   0.10064E+00   0.00000E+00   0.10000E+00    0.50249E-02    0.02         test_P_all
.7400E+00     2.000  0.158E+01   0.97781E-01   0.00000E+00   0.10000E+00    0.50249E-02   -0.19         test_P_all
.7500E+00     2.000  0.155E+01   0.94984E-01   0.00000E+00   0.10000E+00    0.50249E-02   -1.00         test_P_all
.7600E+00     2.000  0.151E+01   0.92251E-01   0.00000E+00   0.10000E+00    0.50249E-02   -2.38         test_P_all
.7700E+00     2.000  0.148E+01   0.89582E-01   0.00000E+00   0.10000E+00    0.50249E-02   -4.30         test_P_all
.7800E+00     2.000  0.145E+01   0.86971E-01   0.00000E+00   0.10000E+00    0.50249E-02   -6.72         test_P_all
.7900E+00     2.000  0.141E+01   0.84419E-01   0.00000E+00   0.10000E+00    0.50249E-02   -9.61         test_P_all
.8000E+00     2.000  0.138E+01   0.81920E-01   0.00000E+00   0.10000E+00    0.17692E-02 -104.43         test_P_all
.8100E+00     2.000  0.135E+01   0.79481E-01   0.00000E+00   0.10000E+00    0.50249E-02  -16.68         test_P_all
.8200E+00     2.000  0.132E+01   0.77093E-01   0.00000E+00   0.10000E+00    0.50249E-02  -20.78         test_P_all
.8300E+00     2.000  0.129E+01   0.74757E-01   0.00000E+00   0.10000E+00    0.50249E-02  -25.24         test_P_all
.8400E+00     2.000  0.126E+01   0.72470E-01   0.00000E+00   0.10000E+00    0.50249E-02  -30.02         test_P_all
.8500E+00     2.000  0.123E+01   0.70233E-01   0.00000E+00   0.10000E+00    0.50249E-02  -35.09         test_P_all
.8600E+00     2.000  0.121E+01   0.68045E-01   0.00000E+00   0.10000E+00    0.50249E-02  -40.44         test_P_all
.8700E+00     2.000  0.118E+01   0.65904E-01   0.00000E+00   0.10000E+00    0.50249E-02  -46.04         test_P_all
.8800E+00     2.000  0.115E+01   0.63808E-01   0.00000E+00   0.10000E+00    0.50249E-02  -51.88         test_P_all
.8900E+00     2.000  0.113E+01   0.61755E-01   0.00000E+00   0.10000E+00    0.50249E-02  -57.93         test_P_all
.9000E+00     2.000  0.110E+01   0.59747E-01   0.00000E+00   0.10000E+00    0.17692E-02 -517.66         test_P_all
.9100E+00     2.000  0.108E+01   0.57785E-01   0.00000E+00   0.10000E+00    0.50249E-02  -70.58         test_P_all
.9200E+00     2.000  0.106E+01   0.55864E-01   0.00000E+00   0.10000E+00    0.50249E-02  -77.15         test_P_all
.9300E+00     2.000  0.103E+01   0.53984E-01   0.00000E+00   0.10000E+00    0.50249E-02  -83.86         test_P_all
.9400E+00     2.000  0.101E+01   0.52143E-01   0.00000E+00   0.10000E+00    0.50249E-02  -90.70         test_P_all
.9500E+00     2.000  0.987E+00   0.50344E-01   0.00000E+00   0.10000E+00    0.50249E-02  -97.65         test_P_all
.9600E+00     2.000  0.965E+00   0.48587E-01   0.00000E+00   0.10000E+00    0.50249E-02 -104.69         test_P_all
.9700E+00     2.000  0.944E+00   0.46868E-01   0.00000E+00   0.10000E+00    0.50249E-02 -111.80         test_P_all
.9800E+00     2.000  0.923E+00   0.45188E-01   0.00000E+00   0.10000E+00    0.50249E-02 -118.99         test_P_all
.9900E+00     2.000  0.902E+00   0.43545E-01   0.00000E+00   0.10000E+00    0.50249E-02 -126.23         test_P_all
.1000E+01     2.000  0.882E+00   0.41939E-01   0.00000E+00   0.10000E+00    0.50249E-02 -133.51         test_P_all
.1000E-01     5.000  0.496E+03   0.46188E+00   0.00000E+00   0.10000E+00    0.50249E-02 5186.52         test_P_all
.2000E-01     5.000  0.246E+03   0.41596E+00   0.00000E+00   0.10000E+00    0.50249E-02 3953.69         test_P_all
.3000E-01     5.000  0.163E+03   0.39681E+00   0.00000E+00   0.10000E+00    0.50249E-02 3489.06         test_P_all
.4000E-01     5.000  0.121E+03   0.39036E+00   0.00000E+00   0.10000E+00    0.50249E-02 3338.87         test_P_all
.5000E-01     5.000  0.959E+02   0.38545E+00   0.00000E+00   0.10000E+00    0.50249E-02 3226.91         test_P_all
.6000E-01     5.000  0.792E+02   0.38309E+00   0.00000E+00   0.10000E+00    0.50249E-02 3173.81         test_P_all
.7000E-01     5.000  0.673E+02   0.38061E+00   0.00000E+00   0.10000E+00    0.50249E-02 3118.44         test_P_all
.8000E-01     5.000  0.584E+02   0.37829E+00   0.00000E+00   0.10000E+00    0.50249E-02 3067.18         test_P_all
.9000E-01     5.000  0.514E+02   0.37592E+00   0.00000E+00   0.10000E+00    0.50249E-02 3015.21         test_P_all
.1000E+00     5.000  0.459E+02   0.37344E+00   0.00000E+00   0.10000E+00    0.50249E-02 2961.08         test_P_all
.1100E+00     5.000  0.413E+02   0.37096E+00   0.00000E+00   0.10000E+00    0.50249E-02 2907.68         test_P_all
.1200E+00     5.000  0.375E+02   0.36846E+00   0.00000E+00   0.10000E+00    0.50249E-02 2854.22         test_P_all
.1300E+00     5.000  0.343E+02   0.36586E+00   0.00000E+00   0.10000E+00    0.50249E-02 2799.35         test_P_all
.1400E+00     5.000  0.316E+02   0.36319E+00   0.00000E+00   0.10000E+00    0.50249E-02 2743.26         test_P_all
.1500E+00     5.000  0.292E+02   0.36039E+00   0.00000E+00   0.10000E+00    0.50249E-02 2685.33         test_P_all
.1600E+00     5.000  0.271E+02   0.35743E+00   0.00000E+00   0.10000E+00    0.50249E-02 2624.59         test_P_all
.1700E+00     5.000  0.253E+02   0.35430E+00   0.00000E+00   0.10000E+00    0.50249E-02 2561.07         test_P_all
.1800E+00     5.000  0.237E+02   0.35097E+00   0.00000E+00   0.10000E+00    0.50249E-02 2494.44         test_P_all
.1900E+00     5.000  0.222E+02   0.34740E+00   0.00000E+00   0.10000E+00    0.50249E-02 2423.93         test_P_all
.2000E+00     5.000  0.209E+02   0.34360E+00   0.00000E+00   0.10000E+00    0.50249E-02 2350.16         test_P_all
.2100E+00     5.000  0.197E+02   0.33954E+00   0.00000E+00   0.10000E+00    0.50249E-02 2272.46         test_P_all
.2200E+00     5.000  0.186E+02   0.33522E+00   0.00000E+00   0.10000E+00    0.50249E-02 2191.31         test_P_all
.2300E+00     5.000  0.176E+02   0.33066E+00   0.00000E+00   0.10000E+00    0.50249E-02 2107.15         test_P_all
.2400E+00     5.000  0.167E+02   0.32583E+00   0.00000E+00   0.10000E+00    0.50249E-02 2019.71         test_P_all
.2500E+00     5.000  0.159E+02   0.32074E+00   0.00000E+00   0.10000E+00    0.50249E-02 1929.82         test_P_all
.2600E+00     5.000  0.151E+02   0.31541E+00   0.00000E+00   0.10000E+00    0.50249E-02 1837.71         test_P_all
.2700E+00     5.000  0.144E+02   0.30984E+00   0.00000E+00   0.10000E+00    0.50249E-02 1743.88         test_P_all
.2800E+00     5.000  0.137E+02   0.30405E+00   0.00000E+00   0.10000E+00    0.50249E-02 1649.01         test_P_all
.2900E+00     5.000  0.131E+02   0.29805E+00   0.00000E+00   0.10000E+00    0.50249E-02 1553.47         test_P_all
.3000E+00     5.000  0.125E+02   0.29187E+00   0.00000E+00   0.10000E+00    0.18868E-02 *******         test_P_all
.3100E+00     5.000  0.120E+02   0.28551E+00   0.00000E+00   0.10000E+00    0.50249E-02 1362.99         test_P_all
.3200E+00     5.000  0.115E+02   0.27901E+00   0.00000E+00   0.10000E+00    0.50249E-02 1269.11         test_P_all
.3300E+00     5.000  0.110E+02   0.27238E+00   0.00000E+00   0.10000E+00    0.50249E-02 1176.80         test_P_all
.3400E+00     5.000  0.106E+02   0.26564E+00   0.00000E+00   0.10000E+00    0.50249E-02 1086.56         test_P_all
.3500E+00     5.000  0.102E+02   0.25881E+00   0.00000E+00   0.10000E+00    0.50249E-02  998.80         test_P_all
.3600E+00     5.000  0.977E+01   0.25191E+00   0.00000E+00   0.10000E+00    0.50249E-02  913.87         test_P_all
.3700E+00     5.000  0.940E+01   0.24496E+00   0.00000E+00   0.10000E+00    0.50249E-02  832.17         test_P_all
.3800E+00     5.000  0.904E+01   0.23797E+00   0.00000E+00   0.10000E+00    0.50249E-02  753.90         test_P_all
.3900E+00     5.000  0.870E+01   0.23097E+00   0.00000E+00   0.10000E+00    0.50249E-02  679.32         test_P_all
.4000E+00     5.000  0.838E+01   0.22397E+00   0.00000E+00   0.10000E+00    0.17692E-02 4909.82         test_P_all
.4100E+00     5.000  0.808E+01   0.21698E+00   0.00000E+00   0.10000E+00    0.50249E-02  541.91         test_P_all
.4200E+00     5.000  0.779E+01   0.21001E+00   0.00000E+00   0.10000E+00    0.50249E-02  479.33         test_P_all
.4300E+00     5.000  0.751E+01   0.20309E+00   0.00000E+00   0.10000E+00    0.50249E-02  420.91         test_P_all
.4400E+00     5.000  0.725E+01   0.19622E+00   0.00000E+00   0.10000E+00    0.50249E-02  366.66         test_P_all
.4500E+00     5.000  0.699E+01   0.18941E+00   0.00000E+00   0.10000E+00    0.50249E-02  316.63         test_P_all
.4600E+00     5.000  0.675E+01   0.18268E+00   0.00000E+00   0.10000E+00    0.50249E-02  270.73         test_P_all
.4700E+00     5.000  0.652E+01   0.17603E+00   0.00000E+00   0.10000E+00    0.50249E-02  228.91         test_P_all
.4800E+00     5.000  0.630E+01   0.16947E+00   0.00000E+00   0.10000E+00    0.50249E-02  191.11         test_P_all
.4900E+00     5.000  0.609E+01   0.16300E+00   0.00000E+00   0.10000E+00    0.50249E-02  157.20         test_P_all
.5000E+00     5.000  0.588E+01   0.15665E+00   0.00000E+00   0.10000E+00    0.17692E-02 1025.15         test_P_all
.5100E+00     5.000  0.569E+01   0.15040E+00   0.00000E+00   0.10000E+00    0.50249E-02  100.61         test_P_all
.5200E+00     5.000  0.550E+01   0.14428E+00   0.00000E+00   0.10000E+00    0.50249E-02   77.64         test_P_all
.5300E+00     5.000  0.532E+01   0.13828E+00   0.00000E+00   0.10000E+00    0.50249E-02   58.02         test_P_all
.5400E+00     5.000  0.514E+01   0.13240E+00   0.00000E+00   0.10000E+00    0.50249E-02   41.58         test_P_all
.5500E+00     5.000  0.497E+01   0.12666E+00   0.00000E+00   0.10000E+00    0.50249E-02   28.15         test_P_all
.5600E+00     5.000  0.481E+01   0.12106E+00   0.00000E+00   0.10000E+00    0.50249E-02   17.56         test_P_all
.5700E+00     5.000  0.465E+01   0.11559E+00   0.00000E+00   0.10000E+00    0.50249E-02    9.63         test_P_all
.5800E+00     5.000  0.450E+01   0.11027E+00   0.00000E+00   0.10000E+00    0.50249E-02    4.17         test_P_all
.5900E+00     5.000  0.436E+01   0.10509E+00   0.00000E+00   0.10000E+00    0.50249E-02    1.02         test_P_all
.6000E+00     5.000  0.422E+01   0.10005E+00   0.00000E+00   0.10000E+00    0.17692E-02    0.00         test_P_all
.6100E+00     5.000  0.408E+01   0.95158E-01   0.00000E+00   0.10000E+00    0.50249E-02   -0.93         test_P_all
.6200E+00     5.000  0.395E+01   0.90415E-01   0.00000E+00   0.10000E+00    0.50249E-02   -3.64         test_P_all
.6300E+00     5.000  0.382E+01   0.85819E-01   0.00000E+00   0.10000E+00    0.50249E-02   -7.96         test_P_all
.6400E+00     5.000  0.369E+01   0.81368E-01   0.00000E+00   0.10000E+00    0.50249E-02  -13.75         test_P_all
.6500E+00     5.000  0.357E+01   0.77067E-01   0.00000E+00   0.10000E+00    0.50249E-02  -20.83         test_P_all
.6600E+00     5.000  0.346E+01   0.72910E-01   0.00000E+00   0.10000E+00    0.50249E-02  -29.06         test_P_all
.6700E+00     5.000  0.334E+01   0.68897E-01   0.00000E+00   0.10000E+00    0.50249E-02  -38.31         test_P_all
.6800E+00     5.000  0.323E+01   0.65030E-01   0.00000E+00   0.10000E+00    0.50249E-02  -48.43         test_P_all
.6900E+00     5.000  0.313E+01   0.61306E-01   0.00000E+00   0.10000E+00    0.50249E-02  -59.30         test_P_all
.7000E+00     5.000  0.302E+01   0.57721E-01   0.00000E+00   0.10000E+00    0.17692E-02 -571.10         test_P_all
.7100E+00     5.000  0.292E+01   0.54276E-01   0.00000E+00   0.10000E+00    0.50249E-02  -82.80         test_P_all
.7200E+00     5.000  0.283E+01   0.50968E-01   0.00000E+00   0.10000E+00    0.50249E-02  -95.21         test_P_all
.7300E+00     5.000  0.273E+01   0.47795E-01   0.00000E+00   0.10000E+00    0.50249E-02 -107.94         test_P_all
.7400E+00     5.000  0.264E+01   0.44755E-01   0.00000E+00   0.10000E+00    0.50249E-02 -120.87         test_P_all
.7500E+00     5.000  0.255E+01   0.41846E-01   0.00000E+00   0.10000E+00    0.50249E-02 -133.94         test_P_all
.7600E+00     5.000  0.246E+01   0.39064E-01   0.00000E+00   0.10000E+00    0.50249E-02 -147.06         test_P_all
.7700E+00     5.000  0.238E+01   0.36408E-01   0.00000E+00   0.10000E+00    0.50249E-02 -160.16         test_P_all
.7800E+00     5.000  0.229E+01   0.33876E-01   0.00000E+00   0.10000E+00    0.50249E-02 -173.17         test_P_all
.7900E+00     5.000  0.221E+01   0.31463E-01   0.00000E+00   0.10000E+00    0.50249E-02 -186.03         test_P_all
.8000E+00     5.000  0.213E+01   0.29166E-01   0.00000E+00   0.10000E+00    0.17692E-02 *******         test_P_all
.8100E+00     5.000  0.205E+01   0.26986E-01   0.00000E+00   0.10000E+00    0.50249E-02 -211.13         test_P_all
.8200E+00     5.000  0.198E+01   0.24918E-01   0.00000E+00   0.10000E+00    0.50249E-02 -223.26         test_P_all
.8300E+00     5.000  0.191E+01   0.22958E-01   0.00000E+00   0.10000E+00    0.50249E-02 -235.07         test_P_all
.8400E+00     5.000  0.183E+01   0.21104E-01   0.00000E+00   0.10000E+00    0.50249E-02 -246.52         test_P_all
.8500E+00     5.000  0.176E+01   0.19354E-01   0.00000E+00   0.10000E+00    0.50249E-02 -257.58         test_P_all
.8600E+00     5.000  0.170E+01   0.17703E-01   0.00000E+00   0.10000E+00    0.50249E-02 -268.23         test_P_all
.8700E+00     5.000  0.163E+01   0.16150E-01   0.00000E+00   0.10000E+00    0.50249E-02 -278.45         test_P_all
.8800E+00     5.000  0.156E+01   0.14692E-01   0.00000E+00   0.10000E+00    0.50249E-02 -288.22         test_P_all
.8900E+00     5.000  0.150E+01   0.13325E-01   0.00000E+00   0.10000E+00    0.50249E-02 -297.53         test_P_all
.9000E+00     5.000  0.144E+01   0.12046E-01   0.00000E+00   0.10000E+00    0.17692E-02 *******         test_P_all
.9100E+00     5.000  0.138E+01   0.10852E-01   0.00000E+00   0.10000E+00    0.50249E-02 -314.75         test_P_all
.9200E+00     5.000  0.132E+01   0.97411E-02   0.00000E+00   0.10000E+00    0.50249E-02 -322.64         test_P_all
.9300E+00     5.000  0.126E+01   0.87099E-02   0.00000E+00   0.10000E+00    0.50249E-02 -330.06         test_P_all
.9400E+00     5.000  0.120E+01   0.77548E-02   0.00000E+00   0.10000E+00    0.50249E-02 -337.00         test_P_all
.9500E+00     5.000  0.114E+01   0.68736E-02   0.00000E+00   0.10000E+00    0.50249E-02 -343.47         test_P_all
.9600E+00     5.000  0.109E+01   0.60628E-02   0.00000E+00   0.10000E+00    0.50249E-02 -349.47         test_P_all
.9700E+00     5.000  0.104E+01   0.53194E-02   0.00000E+00   0.10000E+00    0.50249E-02 -355.03         test_P_all
.9800E+00     5.000  0.984E+00   0.46404E-02   0.00000E+00   0.10000E+00    0.50249E-02 -360.14         test_P_all
.9900E+00     5.000  0.932E+00   0.40229E-02   0.00000E+00   0.10000E+00    0.50249E-02 -364.82         test_P_all
.1000E+01     5.000  0.882E+00   0.34639E-02   0.00000E+00   0.10000E+00    0.50249E-02 -369.08         test_P_all
.1000E-01    10.000  0.991E+03   0.54260E+00   0.00000E+00   0.10000E+00    0.50249E-02 7758.25         test_P_all
.2000E-01    10.000  0.491E+03   0.47338E+00   0.00000E+00   0.10000E+00    0.50249E-02 5521.31         test_P_all
.3000E-01    10.000  0.324E+03   0.44088E+00   0.00000E+00   0.10000E+00    0.50249E-02 4601.90         test_P_all
.4000E-01    10.000  0.241E+03   0.42629E+00   0.00000E+00   0.10000E+00    0.50249E-02 4216.40         test_P_all
.5000E-01    10.000  0.191E+03   0.41430E+00   0.00000E+00   0.10000E+00    0.50249E-02 3912.31         test_P_all
.6000E-01    10.000  0.158E+03   0.40674E+00   0.00000E+00   0.10000E+00    0.50249E-02 3726.38         test_P_all
.7000E-01    10.000  0.134E+03   0.39974E+00   0.00000E+00   0.10000E+00    0.50249E-02 3558.16         test_P_all
.8000E-01    10.000  0.116E+03   0.39380E+00   0.00000E+00   0.10000E+00    0.50249E-02 3418.57         test_P_all
.9000E-01    10.000  0.102E+03   0.38829E+00   0.00000E+00   0.10000E+00    0.50249E-02 3291.64         test_P_all
.1000E+00    10.000  0.909E+02   0.38322E+00   0.00000E+00   0.10000E+00    0.50249E-02 3176.66         test_P_all
.1100E+00    10.000  0.818E+02   0.37837E+00   0.00000E+00   0.10000E+00    0.50249E-02 3068.85         test_P_all
.1200E+00    10.000  0.742E+02   0.37386E+00   0.00000E+00   0.10000E+00    0.50249E-02 2970.37         test_P_all
.1300E+00    10.000  0.678E+02   0.36951E+00   0.00000E+00   0.10000E+00    0.50249E-02 2876.55         test_P_all
.1400E+00    10.000  0.623E+02   0.36520E+00   0.00000E+00   0.10000E+00    0.50249E-02 2785.37         test_P_all
.1500E+00    10.000  0.575E+02   0.36094E+00   0.00000E+00   0.10000E+00    0.50249E-02 2696.65         test_P_all
.1600E+00    10.000  0.534E+02   0.35660E+00   0.00000E+00   0.10000E+00    0.50249E-02 2607.67         test_P_all
.1700E+00    10.000  0.497E+02   0.35219E+00   0.00000E+00   0.10000E+00    0.50249E-02 2518.75         test_P_all
.1800E+00    10.000  0.464E+02   0.34766E+00   0.00000E+00   0.10000E+00    0.50249E-02 2429.14         test_P_all
.1900E+00    10.000  0.435E+02   0.34296E+00   0.00000E+00   0.10000E+00    0.50249E-02 2337.72         test_P_all
.2000E+00    10.000  0.409E+02   0.33810E+00   0.00000E+00   0.10000E+00    0.50249E-02 2245.13         test_P_all
.2100E+00    10.000  0.385E+02   0.33302E+00   0.00000E+00   0.10000E+00    0.50249E-02 2150.41         test_P_all
.2200E+00    10.000  0.363E+02   0.32774E+00   0.00000E+00   0.10000E+00    0.50249E-02 2054.10         test_P_all
.2300E+00    10.000  0.344E+02   0.32226E+00   0.00000E+00   0.10000E+00    0.50249E-02 1956.39         test_P_all
.2400E+00    10.000  0.325E+02   0.31655E+00   0.00000E+00   0.10000E+00    0.50249E-02 1857.18         test_P_all
.2500E+00    10.000  0.309E+02   0.31064E+00   0.00000E+00   0.10000E+00    0.50249E-02 1757.20         test_P_all
.2600E+00    10.000  0.293E+02   0.30452E+00   0.00000E+00   0.10000E+00    0.50249E-02 1656.57         test_P_all
.2700E+00    10.000  0.279E+02   0.29820E+00   0.00000E+00   0.10000E+00    0.50249E-02 1555.85         test_P_all
.2800E+00    10.000  0.266E+02   0.29172E+00   0.00000E+00   0.10000E+00    0.50249E-02 1455.72         test_P_all
.2900E+00    10.000  0.254E+02   0.28507E+00   0.00000E+00   0.10000E+00    0.50249E-02 1356.40         test_P_all
.3000E+00    10.000  0.242E+02   0.27826E+00   0.00000E+00   0.10000E+00    0.18868E-02 8926.11         test_P_all
.3100E+00    10.000  0.231E+02   0.27132E+00   0.00000E+00   0.10000E+00    0.50249E-02 1162.45         test_P_all
.3200E+00    10.000  0.221E+02   0.26427E+00   0.00000E+00   0.10000E+00    0.50249E-02 1068.71         test_P_all
.3300E+00    10.000  0.212E+02   0.25712E+00   0.00000E+00   0.10000E+00    0.50249E-02  977.71         test_P_all
.3400E+00    10.000  0.203E+02   0.24990E+00   0.00000E+00   0.10000E+00    0.50249E-02  889.86         test_P_all
.3500E+00    10.000  0.195E+02   0.24261E+00   0.00000E+00   0.10000E+00    0.50249E-02  805.44         test_P_all
.3600E+00    10.000  0.187E+02   0.23528E+00   0.00000E+00   0.10000E+00    0.50249E-02  724.79         test_P_all
.3700E+00    10.000  0.179E+02   0.22793E+00   0.00000E+00   0.10000E+00    0.50249E-02  648.16         test_P_all
.3800E+00    10.000  0.172E+02   0.22057E+00   0.00000E+00   0.10000E+00    0.50249E-02  575.68         test_P_all
.3900E+00    10.000  0.165E+02   0.21321E+00   0.00000E+00   0.10000E+00    0.50249E-02  507.61         test_P_all
.4000E+00    10.000  0.159E+02   0.20588E+00   0.00000E+00   0.10000E+00    0.17692E-02 3581.70         test_P_all
.4100E+00    10.000  0.153E+02   0.19858E+00   0.00000E+00   0.10000E+00    0.50249E-02  384.89         test_P_all
.4200E+00    10.000  0.147E+02   0.19133E+00   0.00000E+00   0.10000E+00    0.50249E-02  330.37         test_P_all
.4300E+00    10.000  0.141E+02   0.18414E+00   0.00000E+00   0.10000E+00    0.50249E-02  280.40         test_P_all
.4400E+00    10.000  0.136E+02   0.17703E+00   0.00000E+00   0.10000E+00    0.50249E-02  234.97         test_P_all
.4500E+00    10.000  0.131E+02   0.16999E+00   0.00000E+00   0.10000E+00    0.50249E-02  194.01         test_P_all
.4600E+00    10.000  0.126E+02   0.16305E+00   0.00000E+00   0.10000E+00    0.50249E-02  157.42         test_P_all
.4700E+00    10.000  0.122E+02   0.15621E+00   0.00000E+00   0.10000E+00    0.50249E-02  125.12         test_P_all
.4800E+00    10.000  0.117E+02   0.14948E+00   0.00000E+00   0.10000E+00    0.50249E-02   96.95         test_P_all
.4900E+00    10.000  0.113E+02   0.14286E+00   0.00000E+00   0.10000E+00    0.50249E-02   72.77         test_P_all
.5000E+00    10.000  0.109E+02   0.13638E+00   0.00000E+00   0.10000E+00    0.17692E-02  422.84         test_P_all
.5100E+00    10.000  0.105E+02   0.13003E+00   0.00000E+00   0.10000E+00    0.50249E-02   35.71         test_P_all
.5200E+00    10.000  0.101E+02   0.12381E+00   0.00000E+00   0.10000E+00    0.50249E-02   22.46         test_P_all
.5300E+00    10.000  0.975E+01   0.11775E+00   0.00000E+00   0.10000E+00    0.50249E-02   12.47         test_P_all
.5400E+00    10.000  0.940E+01   0.11183E+00   0.00000E+00   0.10000E+00    0.50249E-02    5.54         test_P_all
.5500E+00    10.000  0.906E+01   0.10606E+00   0.00000E+00   0.10000E+00    0.50249E-02    1.46         test_P_all
.5600E+00    10.000  0.874E+01   0.10046E+00   0.00000E+00   0.10000E+00    0.50249E-02    0.01         test_P_all
.5700E+00    10.000  0.843E+01   0.95014E-01   0.00000E+00   0.10000E+00    0.50249E-02   -0.98         test_P_all
.5800E+00    10.000  0.812E+01   0.89737E-01   0.00000E+00   0.10000E+00    0.50249E-02   -4.17         test_P_all
.5900E+00    10.000  0.783E+01   0.84624E-01   0.00000E+00   0.10000E+00    0.50249E-02   -9.36         test_P_all
.6000E+00    10.000  0.755E+01   0.79682E-01   0.00000E+00   0.10000E+00    0.17692E-02 -131.90         test_P_all
.6100E+00    10.000  0.728E+01   0.74910E-01   0.00000E+00   0.10000E+00    0.50249E-02  -24.93         test_P_all
.6200E+00    10.000  0.701E+01   0.70307E-01   0.00000E+00   0.10000E+00    0.50249E-02  -34.92         test_P_all
.6300E+00    10.000  0.675E+01   0.65879E-01   0.00000E+00   0.10000E+00    0.50249E-02  -46.11         test_P_all
.6400E+00    10.000  0.651E+01   0.61621E-01   0.00000E+00   0.10000E+00    0.50249E-02  -58.34         test_P_all
.6500E+00    10.000  0.627E+01   0.57533E-01   0.00000E+00   0.10000E+00    0.50249E-02  -71.42         test_P_all
.6600E+00    10.000  0.603E+01   0.53618E-01   0.00000E+00   0.10000E+00    0.50249E-02  -85.20         test_P_all
.6700E+00    10.000  0.581E+01   0.49871E-01   0.00000E+00   0.10000E+00    0.50249E-02  -99.52         test_P_all
.6800E+00    10.000  0.559E+01   0.46292E-01   0.00000E+00   0.10000E+00    0.50249E-02 -114.24         test_P_all
.6900E+00    10.000  0.537E+01   0.42879E-01   0.00000E+00   0.10000E+00    0.50249E-02 -129.22         test_P_all
.7000E+00    10.000  0.517E+01   0.39630E-01   0.00000E+00   0.10000E+00    0.17692E-02 *******         test_P_all
.7100E+00    10.000  0.497E+01   0.36543E-01   0.00000E+00   0.10000E+00    0.50249E-02 -159.48         test_P_all
.7200E+00    10.000  0.477E+01   0.33616E-01   0.00000E+00   0.10000E+00    0.50249E-02 -174.53         test_P_all
.7300E+00    10.000  0.458E+01   0.30843E-01   0.00000E+00   0.10000E+00    0.50249E-02 -189.41         test_P_all
.7400E+00    10.000  0.440E+01   0.28224E-01   0.00000E+00   0.10000E+00    0.50249E-02 -204.03         test_P_all
.7500E+00    10.000  0.422E+01   0.25756E-01   0.00000E+00   0.10000E+00    0.50249E-02 -218.31         test_P_all
.7600E+00    10.000  0.404E+01   0.23432E-01   0.00000E+00   0.10000E+00    0.50249E-02 -232.18         test_P_all
.7700E+00    10.000  0.387E+01   0.21252E-01   0.00000E+00   0.10000E+00    0.50249E-02 -245.59         test_P_all
.7800E+00    10.000  0.370E+01   0.19211E-01   0.00000E+00   0.10000E+00    0.50249E-02 -258.49         test_P_all
.7900E+00    10.000  0.354E+01   0.17303E-01   0.00000E+00   0.10000E+00    0.50249E-02 -270.84         test_P_all
.8000E+00    10.000  0.338E+01   0.15527E-01   0.00000E+00   0.10000E+00    0.17692E-02 *******         test_P_all
.8100E+00    10.000  0.323E+01   0.13877E-01   0.00000E+00   0.10000E+00    0.50249E-02 -293.75         test_P_all
.8200E+00    10.000  0.308E+01   0.12349E-01   0.00000E+00   0.10000E+00    0.50249E-02 -304.27         test_P_all
.8300E+00    10.000  0.293E+01   0.10939E-01   0.00000E+00   0.10000E+00    0.50249E-02 -314.14         test_P_all
.8400E+00    10.000  0.279E+01   0.96413E-02   0.00000E+00   0.10000E+00    0.50249E-02 -323.35         test_P_all
.8500E+00    10.000  0.265E+01   0.84513E-02   0.00000E+00   0.10000E+00    0.50249E-02 -331.93         test_P_all
.8600E+00    10.000  0.251E+01   0.73662E-02   0.00000E+00   0.10000E+00    0.50249E-02 -339.84         test_P_all
.8700E+00    10.000  0.238E+01   0.63798E-02   0.00000E+00   0.10000E+00    0.50249E-02 -347.12         test_P_all
.8800E+00    10.000  0.225E+01   0.54875E-02   0.00000E+00   0.10000E+00    0.50249E-02 -353.77         test_P_all
.8900E+00    10.000  0.212E+01   0.46845E-02   0.00000E+00   0.10000E+00    0.50249E-02 -359.80         test_P_all
.9000E+00    10.000  0.199E+01   0.39661E-02   0.00000E+00   0.10000E+00    0.17692E-02 *******         test_P_all
.9100E+00    10.000  0.187E+01   0.33272E-02   0.00000E+00   0.10000E+00    0.50249E-02 -370.12         test_P_all
.9200E+00    10.000  0.175E+01   0.27627E-02   0.00000E+00   0.10000E+00    0.50249E-02 -374.46         test_P_all
.9300E+00    10.000  0.163E+01   0.22681E-02   0.00000E+00   0.10000E+00    0.50249E-02 -378.28         test_P_all
.9400E+00    10.000  0.152E+01   0.18388E-02   0.00000E+00   0.10000E+00    0.50249E-02 -381.61         test_P_all
.9500E+00    10.000  0.141E+01   0.14686E-02   0.00000E+00   0.10000E+00    0.50249E-02 -384.49         test_P_all
.9600E+00    10.000  0.130E+01   0.11539E-02   0.00000E+00   0.10000E+00    0.50249E-02 -386.95         test_P_all
.9700E+00    10.000  0.119E+01   0.89023E-03   0.00000E+00   0.10000E+00    0.50249E-02 -389.02         test_P_all
.9800E+00    10.000  0.109E+01   0.67050E-03   0.00000E+00   0.10000E+00    0.50249E-02 -390.75         test_P_all
.9900E+00    10.000  0.983E+00   0.49210E-03   0.00000E+00   0.10000E+00    0.50249E-02 -392.15         test_P_all
.1000E+01    10.000  0.882E+00   0.35097E-03   0.00000E+00   0.10000E+00    0.50249E-02 -393.26         test_P_all
.1000E-01    20.000  0.198E+04   0.62230E+00   0.00000E+00   0.10000E+00    0.50249E-02 *******         test_P_all
.2000E-01    20.000  0.981E+03   0.52743E+00   0.00000E+00   0.10000E+00    0.50249E-02 7235.60         test_P_all
.3000E-01    20.000  0.648E+03   0.48075E+00   0.00000E+00   0.10000E+00    0.50249E-02 5741.55         test_P_all
.4000E-01    20.000  0.481E+03   0.45796E+00   0.00000E+00   0.10000E+00    0.50249E-02 5074.62         test_P_all
.5000E-01    20.000  0.381E+03   0.43892E+00   0.00000E+00   0.10000E+00    0.50249E-02 4549.12         test_P_all
.6000E-01    20.000  0.314E+03   0.42631E+00   0.00000E+00   0.10000E+00    0.50249E-02 4216.88         test_P_all
.7000E-01    20.000  0.267E+03   0.41489E+00   0.00000E+00   0.10000E+00    0.50249E-02 3926.92         test_P_all
.8000E-01    20.000  0.231E+03   0.40564E+00   0.00000E+00   0.10000E+00    0.50249E-02 3699.61         test_P_all
.9000E-01    20.000  0.203E+03   0.39729E+00   0.00000E+00   0.10000E+00    0.50249E-02 3500.16         test_P_all
.1000E+00    20.000  0.181E+03   0.38987E+00   0.00000E+00   0.10000E+00    0.50249E-02 3327.71         test_P_all
.1100E+00    20.000  0.163E+03   0.38300E+00   0.00000E+00   0.10000E+00    0.50249E-02 3171.75         test_P_all
.1200E+00    20.000  0.148E+03   0.37663E+00   0.00000E+00   0.10000E+00    0.50249E-02 3030.71         test_P_all
.1300E+00    20.000  0.135E+03   0.37063E+00   0.00000E+00   0.10000E+00    0.50249E-02 2900.59         test_P_all
.1400E+00    20.000  0.124E+03   0.36482E+00   0.00000E+00   0.10000E+00    0.50249E-02 2777.38         test_P_all
.1500E+00    20.000  0.114E+03   0.35921E+00   0.00000E+00   0.10000E+00    0.50249E-02 2660.92         test_P_all
.1600E+00    20.000  0.106E+03   0.35360E+00   0.00000E+00   0.10000E+00    0.50249E-02 2546.98         test_P_all
.1700E+00    20.000  0.985E+02   0.34801E+00   0.00000E+00   0.10000E+00    0.50249E-02 2436.03         test_P_all
.1800E+00    20.000  0.920E+02   0.34239E+00   0.00000E+00   0.10000E+00    0.50249E-02 2326.83         test_P_all
.1900E+00    20.000  0.861E+02   0.33665E+00   0.00000E+00   0.10000E+00    0.50249E-02 2218.03         test_P_all
.2000E+00    20.000  0.809E+02   0.33083E+00   0.00000E+00   0.10000E+00    0.50249E-02 2110.21         test_P_all
.2100E+00    20.000  0.761E+02   0.32484E+00   0.00000E+00   0.10000E+00    0.50249E-02 2002.11         test_P_all
.2200E+00    20.000  0.718E+02   0.31871E+00   0.00000E+00   0.10000E+00    0.50249E-02 1894.37         test_P_all
.2300E+00    20.000  0.678E+02   0.31242E+00   0.00000E+00   0.10000E+00    0.50249E-02 1787.02         test_P_all
.2400E+00    20.000  0.642E+02   0.30596E+00   0.00000E+00   0.10000E+00    0.50249E-02 1679.97         test_P_all
.2500E+00    20.000  0.609E+02   0.29935E+00   0.00000E+00   0.10000E+00    0.50249E-02 1573.83         test_P_all
.2600E+00    20.000  0.578E+02   0.29257E+00   0.00000E+00   0.10000E+00    0.50249E-02 1468.68         test_P_all
.2700E+00    20.000  0.550E+02   0.28565E+00   0.00000E+00   0.10000E+00    0.50249E-02 1365.05         test_P_all
.2800E+00    20.000  0.523E+02   0.27860E+00   0.00000E+00   0.10000E+00    0.50249E-02 1263.35         test_P_all
.2900E+00    20.000  0.498E+02   0.27143E+00   0.00000E+00   0.10000E+00    0.50249E-02 1163.89         test_P_all
.3000E+00    20.000  0.475E+02   0.26415E+00   0.00000E+00   0.10000E+00    0.18868E-02 7568.74         test_P_all
.3100E+00    20.000  0.454E+02   0.25679E+00   0.00000E+00   0.10000E+00    0.50249E-02  973.57         test_P_all
.3200E+00    20.000  0.434E+02   0.24936E+00   0.00000E+00   0.10000E+00    0.50249E-02  883.46         test_P_all
.3300E+00    20.000  0.415E+02   0.24187E+00   0.00000E+00   0.10000E+00    0.50249E-02  797.09         test_P_all
.3400E+00    20.000  0.397E+02   0.23434E+00   0.00000E+00   0.10000E+00    0.50249E-02  714.78         test_P_all
.3500E+00    20.000  0.380E+02   0.22679E+00   0.00000E+00   0.10000E+00    0.50249E-02  636.71         test_P_all
.3600E+00    20.000  0.364E+02   0.21924E+00   0.00000E+00   0.10000E+00    0.50249E-02  563.12         test_P_all
.3700E+00    20.000  0.349E+02   0.21170E+00   0.00000E+00   0.10000E+00    0.50249E-02  494.14         test_P_all
.3800E+00    20.000  0.335E+02   0.20418E+00   0.00000E+00   0.10000E+00    0.50249E-02  429.85         test_P_all
.3900E+00    20.000  0.322E+02   0.19670E+00   0.00000E+00   0.10000E+00    0.50249E-02  370.36         test_P_all
.4000E+00    20.000  0.309E+02   0.18927E+00   0.00000E+00   0.10000E+00    0.17692E-02 2546.32         test_P_all
.4100E+00    20.000  0.297E+02   0.18191E+00   0.00000E+00   0.10000E+00    0.50249E-02  265.72         test_P_all
.4200E+00    20.000  0.285E+02   0.17462E+00   0.00000E+00   0.10000E+00    0.50249E-02  220.55         test_P_all
.4300E+00    20.000  0.274E+02   0.16742E+00   0.00000E+00   0.10000E+00    0.50249E-02  180.03         test_P_all
.4400E+00    20.000  0.263E+02   0.16032E+00   0.00000E+00   0.10000E+00    0.50249E-02  144.10         test_P_all
.4500E+00    20.000  0.253E+02   0.15332E+00   0.00000E+00   0.10000E+00    0.50249E-02  112.61         test_P_all
.4600E+00    20.000  0.244E+02   0.14644E+00   0.00000E+00   0.10000E+00    0.50249E-02   85.43         test_P_all
.4700E+00    20.000  0.234E+02   0.13969E+00   0.00000E+00   0.10000E+00    0.50249E-02   62.39         test_P_all
.4800E+00    20.000  0.225E+02   0.13306E+00   0.00000E+00   0.10000E+00    0.50249E-02   43.30         test_P_all
.4900E+00    20.000  0.217E+02   0.12658E+00   0.00000E+00   0.10000E+00    0.50249E-02   27.99         test_P_all
.5000E+00    20.000  0.209E+02   0.12025E+00   0.00000E+00   0.10000E+00    0.17692E-02  130.95         test_P_all
.5100E+00    20.000  0.201E+02   0.11406E+00   0.00000E+00   0.10000E+00    0.50249E-02    7.83         test_P_all
.5200E+00    20.000  0.193E+02   0.10803E+00   0.00000E+00   0.10000E+00    0.50249E-02    2.56         test_P_all
.5300E+00    20.000  0.186E+02   0.10217E+00   0.00000E+00   0.10000E+00    0.50249E-02    0.19         test_P_all
.5400E+00    20.000  0.179E+02   0.96470E-01   0.00000E+00   0.10000E+00    0.50249E-02   -0.49         test_P_all
.5500E+00    20.000  0.172E+02   0.90943E-01   0.00000E+00   0.10000E+00    0.50249E-02   -3.25         test_P_all
.5600E+00    20.000  0.166E+02   0.85590E-01   0.00000E+00   0.10000E+00    0.50249E-02   -8.22         test_P_all
.5700E+00    20.000  0.160E+02   0.80415E-01   0.00000E+00   0.10000E+00    0.50249E-02  -15.19         test_P_all
.5800E+00    20.000  0.154E+02   0.75417E-01   0.00000E+00   0.10000E+00    0.50249E-02  -23.93         test_P_all
.5900E+00    20.000  0.148E+02   0.70601E-01   0.00000E+00   0.10000E+00    0.50249E-02  -34.23         test_P_all
.6000E+00    20.000  0.142E+02   0.65967E-01   0.00000E+00   0.10000E+00    0.17692E-02 -370.04         test_P_all
.6100E+00    20.000  0.137E+02   0.61515E-01   0.00000E+00   0.10000E+00    0.50249E-02  -58.66         test_P_all
.6200E+00    20.000  0.131E+02   0.57247E-01   0.00000E+00   0.10000E+00    0.50249E-02  -72.39         test_P_all
.6300E+00    20.000  0.126E+02   0.53161E-01   0.00000E+00   0.10000E+00    0.50249E-02  -86.89         test_P_all
.6400E+00    20.000  0.121E+02   0.49256E-01   0.00000E+00   0.10000E+00    0.50249E-02 -101.98         test_P_all
.6500E+00    20.000  0.117E+02   0.45533E-01   0.00000E+00   0.10000E+00    0.50249E-02 -117.49         test_P_all
.6600E+00    20.000  0.112E+02   0.41989E-01   0.00000E+00   0.10000E+00    0.50249E-02 -133.28         test_P_all
.6700E+00    20.000  0.107E+02   0.38623E-01   0.00000E+00   0.10000E+00    0.50249E-02 -149.20         test_P_all
.6800E+00    20.000  0.103E+02   0.35432E-01   0.00000E+00   0.10000E+00    0.50249E-02 -165.11         test_P_all
.6900E+00    20.000  0.987E+01   0.32412E-01   0.00000E+00   0.10000E+00    0.50249E-02 -180.91         test_P_all
.7000E+00    20.000  0.945E+01   0.29564E-01   0.00000E+00   0.10000E+00    0.17692E-02 *******         test_P_all
.7100E+00    20.000  0.905E+01   0.26882E-01   0.00000E+00   0.10000E+00    0.50249E-02 -211.73         test_P_all
.7200E+00    20.000  0.866E+01   0.24362E-01   0.00000E+00   0.10000E+00    0.50249E-02 -226.58         test_P_all
.7300E+00    20.000  0.828E+01   0.22003E-01   0.00000E+00   0.10000E+00    0.50249E-02 -240.93         test_P_all
.7400E+00    20.000  0.791E+01   0.19797E-01   0.00000E+00   0.10000E+00    0.50249E-02 -254.75         test_P_all
.7500E+00    20.000  0.755E+01   0.17744E-01   0.00000E+00   0.10000E+00    0.50249E-02 -267.96         test_P_all
.7600E+00    20.000  0.720E+01   0.15836E-01   0.00000E+00   0.10000E+00    0.50249E-02 -280.54         test_P_all
.7700E+00    20.000  0.686E+01   0.14070E-01   0.00000E+00   0.10000E+00    0.50249E-02 -292.43         test_P_all
.7800E+00    20.000  0.652E+01   0.12441E-01   0.00000E+00   0.10000E+00    0.50249E-02 -303.63         test_P_all
.7900E+00    20.000  0.620E+01   0.10944E-01   0.00000E+00   0.10000E+00    0.50249E-02 -314.10         test_P_all
.8000E+00    20.000  0.588E+01   0.95731E-02   0.00000E+00   0.10000E+00    0.17692E-02 *******         test_P_all
.8100E+00    20.000  0.557E+01   0.83237E-02   0.00000E+00   0.10000E+00    0.50249E-02 -332.85         test_P_all
.8200E+00    20.000  0.527E+01   0.71900E-02   0.00000E+00   0.10000E+00    0.50249E-02 -341.14         test_P_all
.8300E+00    20.000  0.498E+01   0.61659E-02   0.00000E+00   0.10000E+00    0.50249E-02 -348.71         test_P_all
.8400E+00    20.000  0.469E+01   0.52468E-02   0.00000E+00   0.10000E+00    0.50249E-02 -355.57         test_P_all
.8500E+00    20.000  0.441E+01   0.44266E-02   0.00000E+00   0.10000E+00    0.50249E-02 -361.75         test_P_all
.8600E+00    20.000  0.414E+01   0.36990E-02   0.00000E+00   0.10000E+00    0.50249E-02 -367.28         test_P_all
.8700E+00    20.000  0.387E+01   0.30587E-02   0.00000E+00   0.10000E+00    0.50249E-02 -372.18         test_P_all
.8800E+00    20.000  0.361E+01   0.24997E-02   0.00000E+00   0.10000E+00    0.50249E-02 -376.49         test_P_all
.8900E+00    20.000  0.335E+01   0.20155E-02   0.00000E+00   0.10000E+00    0.50249E-02 -380.24         test_P_all
.9000E+00    20.000  0.310E+01   0.16012E-02   0.00000E+00   0.10000E+00    0.17692E-02 *******         test_P_all
.9100E+00    20.000  0.286E+01   0.12505E-02   0.00000E+00   0.10000E+00    0.50249E-02 -386.20         test_P_all
.9200E+00    20.000  0.262E+01   0.95690E-03   0.00000E+00   0.10000E+00    0.50249E-02 -388.50         test_P_all
.9300E+00    20.000  0.239E+01   0.71608E-03   0.00000E+00   0.10000E+00    0.50249E-02 -390.39         test_P_all
.9400E+00    20.000  0.216E+01   0.52116E-03   0.00000E+00   0.10000E+00    0.50249E-02 -391.92         test_P_all
.9500E+00    20.000  0.193E+01   0.36667E-03   0.00000E+00   0.10000E+00    0.50249E-02 -393.14         test_P_all
.9600E+00    20.000  0.172E+01   0.24874E-03   0.00000E+00   0.10000E+00    0.50249E-02 -394.07         test_P_all
.9700E+00    20.000  0.150E+01   0.15949E-03   0.00000E+00   0.10000E+00    0.50249E-02 -394.78         test_P_all
.9800E+00    20.000  0.129E+01   0.95663E-04   0.00000E+00   0.10000E+00    0.50249E-02 -395.28         test_P_all
.9900E+00    20.000  0.108E+01   0.53811E-04   0.00000E+00   0.10000E+00    0.50249E-02 -395.61         test_P_all
.1000E+01    20.000  0.882E+00   0.25359E-04   0.00000E+00   0.10000E+00    0.50249E-02 -395.84         test_P_all
.1000E+00    50.000  0.451E+03   0.39512E+00   0.00000E+00   0.10000E+00    0.50249E-02 3449.34         test_P_all
.1100E+00    50.000  0.405E+03   0.38580E+00   0.00000E+00   0.10000E+00    0.50249E-02 3234.91         test_P_all
.1200E+00    50.000  0.368E+03   0.37733E+00   0.00000E+00   0.10000E+00    0.50249E-02 3046.03         test_P_all
.1300E+00    50.000  0.335E+03   0.36947E+00   0.00000E+00   0.10000E+00    0.50249E-02 2875.78         test_P_all
.1400E+00    50.000  0.308E+03   0.36197E+00   0.00000E+00   0.10000E+00    0.50249E-02 2717.85         test_P_all
.1500E+00    50.000  0.284E+03   0.35483E+00   0.00000E+00   0.10000E+00    0.50249E-02 2571.89         test_P_all
.1600E+00    50.000  0.263E+03   0.34781E+00   0.00000E+00   0.10000E+00    0.50249E-02 2432.03         test_P_all
.1700E+00    50.000  0.245E+03   0.34092E+00   0.00000E+00   0.10000E+00    0.50249E-02 2298.77         test_P_all
.1800E+00    50.000  0.229E+03   0.33409E+00   0.00000E+00   0.10000E+00    0.50249E-02 2170.31         test_P_all
.1900E+00    50.000  0.214E+03   0.32724E+00   0.00000E+00   0.10000E+00    0.50249E-02 2045.00         test_P_all
.2000E+00    50.000  0.201E+03   0.32037E+00   0.00000E+00   0.10000E+00    0.50249E-02 1923.27         test_P_all
.2100E+00    50.000  0.189E+03   0.31340E+00   0.00000E+00   0.10000E+00    0.50249E-02 1803.61         test_P_all
.2200E+00    50.000  0.178E+03   0.30637E+00   0.00000E+00   0.10000E+00    0.50249E-02 1686.63         test_P_all
.2300E+00    50.000  0.168E+03   0.29924E+00   0.00000E+00   0.10000E+00    0.50249E-02 1572.18         test_P_all
.2400E+00    50.000  0.159E+03   0.29201E+00   0.00000E+00   0.10000E+00    0.50249E-02 1460.12         test_P_all
.2500E+00    50.000  0.151E+03   0.28469E+00   0.00000E+00   0.10000E+00    0.50249E-02 1350.94         test_P_all
.2600E+00    50.000  0.143E+03   0.27727E+00   0.00000E+00   0.10000E+00    0.50249E-02 1244.59         test_P_all
.2700E+00    50.000  0.136E+03   0.26977E+00   0.00000E+00   0.10000E+00    0.50249E-02 1141.50         test_P_all
.2800E+00    50.000  0.129E+03   0.26220E+00   0.00000E+00   0.10000E+00    0.50249E-02 1041.96         test_P_all
.2900E+00    50.000  0.123E+03   0.25457E+00   0.00000E+00   0.10000E+00    0.50249E-02  946.18         test_P_all
.3000E+00    50.000  0.118E+03   0.24689E+00   0.00000E+00   0.10000E+00    0.18868E-02 6060.55         test_P_all
.3100E+00    50.000  0.112E+03   0.23917E+00   0.00000E+00   0.10000E+00    0.50249E-02  767.10         test_P_all
.3200E+00    50.000  0.107E+03   0.23144E+00   0.00000E+00   0.10000E+00    0.50249E-02  684.24         test_P_all
.3300E+00    50.000  0.102E+03   0.22371E+00   0.00000E+00   0.10000E+00    0.50249E-02  606.09         test_P_all
.3400E+00    50.000  0.979E+02   0.21599E+00   0.00000E+00   0.10000E+00    0.50249E-02  532.81         test_P_all
.3500E+00    50.000  0.937E+02   0.20829E+00   0.00000E+00   0.10000E+00    0.50249E-02  464.45         test_P_all
.3600E+00    50.000  0.898E+02   0.20064E+00   0.00000E+00   0.10000E+00    0.50249E-02  401.14         test_P_all
.3700E+00    50.000  0.860E+02   0.19304E+00   0.00000E+00   0.10000E+00    0.50249E-02  342.85         test_P_all
.3800E+00    50.000  0.825E+02   0.18551E+00   0.00000E+00   0.10000E+00    0.50249E-02  289.57         test_P_all
.3900E+00    50.000  0.791E+02   0.17806E+00   0.00000E+00   0.10000E+00    0.50249E-02  241.30         test_P_all
.4000E+00    50.000  0.759E+02   0.17069E+00   0.00000E+00   0.10000E+00    0.17692E-02 1596.69         test_P_all
.4100E+00    50.000  0.728E+02   0.16343E+00   0.00000E+00   0.10000E+00    0.50249E-02  159.35         test_P_all
.4200E+00    50.000  0.699E+02   0.15628E+00   0.00000E+00   0.10000E+00    0.50249E-02  125.45         test_P_all
.4300E+00    50.000  0.672E+02   0.14925E+00   0.00000E+00   0.10000E+00    0.50249E-02   96.05         test_P_all
.4400E+00    50.000  0.645E+02   0.14234E+00   0.00000E+00   0.10000E+00    0.50249E-02   71.00         test_P_all
.4500E+00    50.000  0.620E+02   0.13557E+00   0.00000E+00   0.10000E+00    0.50249E-02   50.11         test_P_all
.4600E+00    50.000  0.596E+02   0.12894E+00   0.00000E+00   0.10000E+00    0.50249E-02   33.18         test_P_all
.4700E+00    50.000  0.573E+02   0.12246E+00   0.00000E+00   0.10000E+00    0.50249E-02   19.99         test_P_all
.4800E+00    50.000  0.550E+02   0.11614E+00   0.00000E+00   0.10000E+00    0.50249E-02   10.32         test_P_all
.4900E+00    50.000  0.529E+02   0.10998E+00   0.00000E+00   0.10000E+00    0.50249E-02    3.94         test_P_all
.5000E+00    50.000  0.509E+02   0.10398E+00   0.00000E+00   0.10000E+00    0.17692E-02    5.07         test_P_all
.5100E+00    50.000  0.489E+02   0.98156E-01   0.00000E+00   0.10000E+00    0.50249E-02   -0.13         test_P_all
.5200E+00    50.000  0.470E+02   0.92506E-01   0.00000E+00   0.10000E+00    0.50249E-02   -2.22         test_P_all
.5300E+00    50.000  0.452E+02   0.87031E-01   0.00000E+00   0.10000E+00    0.50249E-02   -6.66         test_P_all
.5400E+00    50.000  0.435E+02   0.81740E-01   0.00000E+00   0.10000E+00    0.50249E-02  -13.21         test_P_all
.5500E+00    50.000  0.418E+02   0.76630E-01   0.00000E+00   0.10000E+00    0.50249E-02  -21.63         test_P_all
.5600E+00    50.000  0.402E+02   0.71705E-01   0.00000E+00   0.10000E+00    0.50249E-02  -31.71         test_P_all
.5700E+00    50.000  0.386E+02   0.66967E-01   0.00000E+00   0.10000E+00    0.50249E-02  -43.22         test_P_all
.5800E+00    50.000  0.371E+02   0.62415E-01   0.00000E+00   0.10000E+00    0.50249E-02  -55.95         test_P_all
.5900E+00    50.000  0.356E+02   0.58052E-01   0.00000E+00   0.10000E+00    0.50249E-02  -69.69         test_P_all
.6000E+00    50.000  0.342E+02   0.53875E-01   0.00000E+00   0.10000E+00    0.17692E-02 -679.71         test_P_all
.6100E+00    50.000  0.328E+02   0.49886E-01   0.00000E+00   0.10000E+00    0.50249E-02  -99.46         test_P_all
.6200E+00    50.000  0.315E+02   0.46082E-01   0.00000E+00   0.10000E+00    0.50249E-02 -115.13         test_P_all
.6300E+00    50.000  0.302E+02   0.42462E-01   0.00000E+00   0.10000E+00    0.50249E-02 -131.11         test_P_all
.6400E+00    50.000  0.290E+02   0.39026E-01   0.00000E+00   0.10000E+00    0.50249E-02 -147.24         test_P_all
.6500E+00    50.000  0.278E+02   0.35769E-01   0.00000E+00   0.10000E+00    0.50249E-02 -163.39         test_P_all
.6600E+00    50.000  0.266E+02   0.32691E-01   0.00000E+00   0.10000E+00    0.50249E-02 -179.43         test_P_all
.6700E+00    50.000  0.255E+02   0.29787E-01   0.00000E+00   0.10000E+00    0.50249E-02 -195.24         test_P_all
.6800E+00    50.000  0.244E+02   0.27054E-01   0.00000E+00   0.10000E+00    0.50249E-02 -210.74         test_P_all
.6900E+00    50.000  0.233E+02   0.24490E-01   0.00000E+00   0.10000E+00    0.50249E-02 -225.81         test_P_all
.7000E+00    50.000  0.223E+02   0.22090E-01   0.00000E+00   0.10000E+00    0.17692E-02 *******         test_P_all
.7100E+00    50.000  0.213E+02   0.19850E-01   0.00000E+00   0.10000E+00    0.50249E-02 -254.42         test_P_all
.7200E+00    50.000  0.203E+02   0.17766E-01   0.00000E+00   0.10000E+00    0.50249E-02 -267.82         test_P_all
.7300E+00    50.000  0.194E+02   0.15832E-01   0.00000E+00   0.10000E+00    0.50249E-02 -280.57         test_P_all
.7400E+00    50.000  0.184E+02   0.14044E-01   0.00000E+00   0.10000E+00    0.50249E-02 -292.61         test_P_all
.7500E+00    50.000  0.175E+02   0.12397E-01   0.00000E+00   0.10000E+00    0.50249E-02 -303.93         test_P_all
.7600E+00    50.000  0.167E+02   0.10885E-01   0.00000E+00   0.10000E+00    0.50249E-02 -314.51         test_P_all
.7700E+00    50.000  0.158E+02   0.95040E-02   0.00000E+00   0.10000E+00    0.50249E-02 -324.34         test_P_all
.7800E+00    50.000  0.150E+02   0.82470E-02   0.00000E+00   0.10000E+00    0.50249E-02 -333.41         test_P_all
.7900E+00    50.000  0.142E+02   0.71086E-02   0.00000E+00   0.10000E+00    0.50249E-02 -341.74         test_P_all
.8000E+00    50.000  0.134E+02   0.60830E-02   0.00000E+00   0.10000E+00    0.17692E-02 *******         test_P_all
.8100E+00    50.000  0.126E+02   0.51639E-02   0.00000E+00   0.10000E+00    0.50249E-02 -356.19         test_P_all
.8200E+00    50.000  0.119E+02   0.43457E-02   0.00000E+00   0.10000E+00    0.50249E-02 -362.37         test_P_all
.8300E+00    50.000  0.111E+02   0.36223E-02   0.00000E+00   0.10000E+00    0.50249E-02 -367.87         test_P_all
.8400E+00    50.000  0.104E+02   0.29872E-02   0.00000E+00   0.10000E+00    0.50249E-02 -372.73         test_P_all
.8500E+00    50.000  0.971E+01   0.24341E-02   0.00000E+00   0.10000E+00    0.50249E-02 -376.99         test_P_all
.8600E+00    50.000  0.902E+01   0.19574E-02   0.00000E+00   0.10000E+00    0.50249E-02 -380.69         test_P_all
.8700E+00    50.000  0.835E+01   0.15500E-02   0.00000E+00   0.10000E+00    0.50249E-02 -383.86         test_P_all
.8800E+00    50.000  0.770E+01   0.12065E-02   0.00000E+00   0.10000E+00    0.50249E-02 -386.54         test_P_all
.8900E+00    50.000  0.706E+01   0.92105E-03   0.00000E+00   0.10000E+00    0.50249E-02 -388.78         test_P_all
.9000E+00    50.000  0.644E+01   0.68638E-03   0.00000E+00   0.10000E+00    0.17692E-02 *******         test_P_all
.9100E+00    50.000  0.583E+01   0.49832E-03   0.00000E+00   0.10000E+00    0.50249E-02 -392.10         test_P_all
.9200E+00    50.000  0.523E+01   0.34987E-03   0.00000E+00   0.10000E+00    0.50249E-02 -393.27         test_P_all
.9300E+00    50.000  0.465E+01   0.23581E-03   0.00000E+00   0.10000E+00    0.50249E-02 -394.17         test_P_all
.9400E+00    50.000  0.407E+01   0.15219E-03   0.00000E+00   0.10000E+00    0.50249E-02 -394.84         test_P_all
.9500E+00    50.000  0.351E+01   0.90954E-04   0.00000E+00   0.10000E+00    0.50249E-02 -395.32         test_P_all
.9600E+00    50.000  0.297E+01   0.50237E-04   0.00000E+00   0.10000E+00    0.50249E-02 -395.64         test_P_all
.9700E+00    50.000  0.243E+01   0.24886E-04   0.00000E+00   0.10000E+00    0.50249E-02 -395.84         test_P_all
.9800E+00    50.000  0.190E+01   0.96893E-05   0.00000E+00   0.10000E+00    0.50249E-02 -395.96         test_P_all
.9900E+00    50.000  0.139E+01   0.32641E-05   0.00000E+00   0.10000E+00    0.50249E-02 -396.01         test_P_all
.1000E+01    50.000  0.882E+00   0.23221E-05   0.00000E+00   0.10000E+00    0.50249E-02 -396.02         test_P_all
.1000E+00   100.000  0.901E+03   0.39734E+00   0.00000E+00   0.10000E+00    0.50249E-02 3501.52         test_P_all
.1100E+00   100.000  0.810E+03   0.38643E+00   0.00000E+00   0.10000E+00    0.50249E-02 3249.10         test_P_all
.1200E+00   100.000  0.734E+03   0.37659E+00   0.00000E+00   0.10000E+00    0.50249E-02 3029.68         test_P_all
.1300E+00   100.000  0.670E+03   0.36752E+00   0.00000E+00   0.10000E+00    0.50249E-02 2834.23         test_P_all
.1400E+00   100.000  0.615E+03   0.35892E+00   0.00000E+00   0.10000E+00    0.50249E-02 2654.94         test_P_all
.1500E+00   100.000  0.568E+03   0.35080E+00   0.00000E+00   0.10000E+00    0.50249E-02 2491.16         test_P_all
.1600E+00   100.000  0.526E+03   0.34287E+00   0.00000E+00   0.10000E+00    0.50249E-02 2336.00         test_P_all
.1700E+00   100.000  0.489E+03   0.33515E+00   0.00000E+00   0.10000E+00    0.50249E-02 2189.88         test_P_all
.1800E+00   100.000  0.456E+03   0.32755E+00   0.00000E+00   0.10000E+00    0.50249E-02 2050.67         test_P_all
.1900E+00   100.000  0.427E+03   0.31998E+00   0.00000E+00   0.10000E+00    0.50249E-02 1916.52         test_P_all
.2000E+00   100.000  0.401E+03   0.31246E+00   0.00000E+00   0.10000E+00    0.50249E-02 1787.74         test_P_all
.2100E+00   100.000  0.377E+03   0.30490E+00   0.00000E+00   0.10000E+00    0.50249E-02 1662.66         test_P_all
.2200E+00   100.000  0.355E+03   0.29731E+00   0.00000E+00   0.10000E+00    0.50249E-02 1541.78         test_P_all
.2300E+00   100.000  0.336E+03   0.28968E+00   0.00000E+00   0.10000E+00    0.50249E-02 1424.86         test_P_all
.2400E+00   100.000  0.318E+03   0.28199E+00   0.00000E+00   0.10000E+00    0.50249E-02 1311.67         test_P_all
.2500E+00   100.000  0.301E+03   0.27426E+00   0.00000E+00   0.10000E+00    0.50249E-02 1202.60         test_P_all
.2600E+00   100.000  0.285E+03   0.26647E+00   0.00000E+00   0.10000E+00    0.50249E-02 1097.53         test_P_all
.2700E+00   100.000  0.271E+03   0.25865E+00   0.00000E+00   0.10000E+00    0.50249E-02  996.79         test_P_all
.2800E+00   100.000  0.258E+03   0.25079E+00   0.00000E+00   0.10000E+00    0.50249E-02  900.54         test_P_all
.2900E+00   100.000  0.246E+03   0.24292E+00   0.00000E+00   0.10000E+00    0.50249E-02  808.94         test_P_all
.3000E+00   100.000  0.234E+03   0.23504E+00   0.00000E+00   0.10000E+00    0.18868E-02 5122.22         test_P_all
.3100E+00   100.000  0.223E+03   0.22716E+00   0.00000E+00   0.10000E+00    0.50249E-02  640.41         test_P_all
.3200E+00   100.000  0.213E+03   0.21931E+00   0.00000E+00   0.10000E+00    0.50249E-02  563.73         test_P_all
.3300E+00   100.000  0.204E+03   0.21149E+00   0.00000E+00   0.10000E+00    0.50249E-02  492.24         test_P_all
.3400E+00   100.000  0.195E+03   0.20371E+00   0.00000E+00   0.10000E+00    0.50249E-02  425.98         test_P_all
.3500E+00   100.000  0.187E+03   0.19599E+00   0.00000E+00   0.10000E+00    0.50249E-02  364.94         test_P_all
.3600E+00   100.000  0.179E+03   0.18835E+00   0.00000E+00   0.10000E+00    0.50249E-02  309.14         test_P_all
.3700E+00   100.000  0.171E+03   0.18079E+00   0.00000E+00   0.10000E+00    0.50249E-02  258.50         test_P_all
.3800E+00   100.000  0.164E+03   0.17332E+00   0.00000E+00   0.10000E+00    0.50249E-02  212.93         test_P_all
.3900E+00   100.000  0.157E+03   0.16596E+00   0.00000E+00   0.10000E+00    0.50249E-02  172.32         test_P_all
.4000E+00   100.000  0.151E+03   0.15872E+00   0.00000E+00   0.10000E+00    0.17692E-02 1101.44         test_P_all
.4100E+00   100.000  0.145E+03   0.15159E+00   0.00000E+00   0.10000E+00    0.50249E-02  105.42         test_P_all
.4200E+00   100.000  0.139E+03   0.14460E+00   0.00000E+00   0.10000E+00    0.50249E-02   78.78         test_P_all
.4300E+00   100.000  0.133E+03   0.13775E+00   0.00000E+00   0.10000E+00    0.50249E-02   56.43         test_P_all
.4400E+00   100.000  0.128E+03   0.13104E+00   0.00000E+00   0.10000E+00    0.50249E-02   38.17         test_P_all
.4500E+00   100.000  0.123E+03   0.12449E+00   0.00000E+00   0.10000E+00    0.50249E-02   23.75         test_P_all
.4600E+00   100.000  0.118E+03   0.11810E+00   0.00000E+00   0.10000E+00    0.50249E-02   12.97         test_P_all
.4700E+00   100.000  0.114E+03   0.11187E+00   0.00000E+00   0.10000E+00    0.50249E-02    5.58         test_P_all
.4800E+00   100.000  0.109E+03   0.10580E+00   0.00000E+00   0.10000E+00    0.50249E-02    1.33         test_P_all
.4900E+00   100.000  0.105E+03   0.99915E-01   0.00000E+00   0.10000E+00    0.50249E-02   -0.00         test_P_all
.5000E+00   100.000  0.101E+03   0.94203E-01   0.00000E+00   0.10000E+00    0.17692E-02  -10.74         test_P_all
.5100E+00   100.000  0.970E+02   0.88672E-01   0.00000E+00   0.10000E+00    0.50249E-02   -5.08         test_P_all
.5200E+00   100.000  0.932E+02   0.83323E-01   0.00000E+00   0.10000E+00    0.50249E-02  -11.02         test_P_all
.5300E+00   100.000  0.896E+02   0.78158E-01   0.00000E+00   0.10000E+00    0.50249E-02  -18.89         test_P_all
.5400E+00   100.000  0.861E+02   0.73181E-01   0.00000E+00   0.10000E+00    0.50249E-02  -28.49         test_P_all
.5500E+00   100.000  0.827E+02   0.68390E-01   0.00000E+00   0.10000E+00    0.50249E-02  -39.57         test_P_all
.5600E+00   100.000  0.795E+02   0.63788E-01   0.00000E+00   0.10000E+00    0.50249E-02  -51.93         test_P_all
.5700E+00   100.000  0.763E+02   0.59375E-01   0.00000E+00   0.10000E+00    0.50249E-02  -65.36         test_P_all
.5800E+00   100.000  0.733E+02   0.55150E-01   0.00000E+00   0.10000E+00    0.50249E-02  -79.67         test_P_all
.5900E+00   100.000  0.704E+02   0.51113E-01   0.00000E+00   0.10000E+00    0.50249E-02  -94.65         test_P_all
.6000E+00   100.000  0.675E+02   0.47262E-01   0.00000E+00   0.10000E+00    0.17692E-02 -888.60         test_P_all
.6100E+00   100.000  0.648E+02   0.43597E-01   0.00000E+00   0.10000E+00    0.50249E-02 -125.99         test_P_all
.6200E+00   100.000  0.622E+02   0.40115E-01   0.00000E+00   0.10000E+00    0.50249E-02 -142.03         test_P_all
.6300E+00   100.000  0.596E+02   0.36813E-01   0.00000E+00   0.10000E+00    0.50249E-02 -158.12         test_P_all
.6400E+00   100.000  0.571E+02   0.33691E-01   0.00000E+00   0.10000E+00    0.50249E-02 -174.13         test_P_all
.6500E+00   100.000  0.547E+02   0.30743E-01   0.00000E+00   0.10000E+00    0.50249E-02 -189.96         test_P_all
.6600E+00   100.000  0.524E+02   0.27968E-01   0.00000E+00   0.10000E+00    0.50249E-02 -205.49         test_P_all
.6700E+00   100.000  0.501E+02   0.25362E-01   0.00000E+00   0.10000E+00    0.50249E-02 -220.63         test_P_all
.6800E+00   100.000  0.479E+02   0.22920E-01   0.00000E+00   0.10000E+00    0.50249E-02 -235.30         test_P_all
.6900E+00   100.000  0.458E+02   0.20638E-01   0.00000E+00   0.10000E+00    0.50249E-02 -249.44         test_P_all
.7000E+00   100.000  0.437E+02   0.18513E-01   0.00000E+00   0.10000E+00    0.17692E-02 *******         test_P_all
.7100E+00   100.000  0.417E+02   0.16539E-01   0.00000E+00   0.10000E+00    0.50249E-02 -275.87         test_P_all
.7200E+00   100.000  0.398E+02   0.14711E-01   0.00000E+00   0.10000E+00    0.50249E-02 -288.09         test_P_all
.7300E+00   100.000  0.379E+02   0.13025E-01   0.00000E+00   0.10000E+00    0.50249E-02 -299.59         test_P_all
.7400E+00   100.000  0.360E+02   0.11475E-01   0.00000E+00   0.10000E+00    0.50249E-02 -310.37         test_P_all
.7500E+00   100.000  0.342E+02   0.10055E-01   0.00000E+00   0.10000E+00    0.50249E-02 -320.40         test_P_all
.7600E+00   100.000  0.325E+02   0.87604E-02   0.00000E+00   0.10000E+00    0.50249E-02 -329.69         test_P_all
.7700E+00   100.000  0.308E+02   0.75851E-02   0.00000E+00   0.10000E+00    0.50249E-02 -338.24         test_P_all
.7800E+00   100.000  0.291E+02   0.65234E-02   0.00000E+00   0.10000E+00    0.50249E-02 -346.05         test_P_all
.7900E+00   100.000  0.275E+02   0.55691E-02   0.00000E+00   0.10000E+00    0.50249E-02 -353.16         test_P_all
.8000E+00   100.000  0.259E+02   0.47166E-02   0.00000E+00   0.10000E+00    0.17692E-02 *******         test_P_all
.8100E+00   100.000  0.243E+02   0.39591E-02   0.00000E+00   0.10000E+00    0.50249E-02 -365.30         test_P_all
.8200E+00   100.000  0.228E+02   0.32913E-02   0.00000E+00   0.10000E+00    0.50249E-02 -370.40         test_P_all
.8300E+00   100.000  0.214E+02   0.27072E-02   0.00000E+00   0.10000E+00    0.50249E-02 -374.89         test_P_all
.8400E+00   100.000  0.199E+02   0.21996E-02   0.00000E+00   0.10000E+00    0.50249E-02 -378.81         test_P_all
.8500E+00   100.000  0.185E+02   0.17635E-02   0.00000E+00   0.10000E+00    0.50249E-02 -382.19         test_P_all
.8600E+00   100.000  0.172E+02   0.13926E-02   0.00000E+00   0.10000E+00    0.50249E-02 -385.09         test_P_all
.8700E+00   100.000  0.158E+02   0.10804E-02   0.00000E+00   0.10000E+00    0.50249E-02 -387.53         test_P_all
.8800E+00   100.000  0.145E+02   0.82225E-03   0.00000E+00   0.10000E+00    0.50249E-02 -389.55         test_P_all
.8900E+00   100.000  0.132E+02   0.61077E-03   0.00000E+00   0.10000E+00    0.50249E-02 -391.22         test_P_all
.9000E+00   100.000  0.120E+02   0.44161E-03   0.00000E+00   0.10000E+00    0.17692E-02 *******         test_P_all
.9100E+00   100.000  0.108E+02   0.30940E-03   0.00000E+00   0.10000E+00    0.50249E-02 -393.59         test_P_all
.9200E+00   100.000  0.958E+01   0.20763E-03   0.00000E+00   0.10000E+00    0.50249E-02 -394.40         test_P_all
.9300E+00   100.000  0.841E+01   0.13326E-03   0.00000E+00   0.10000E+00    0.50249E-02 -394.98         test_P_all
.9400E+00   100.000  0.726E+01   0.79755E-04   0.00000E+00   0.10000E+00    0.50249E-02 -395.41         test_P_all
.9500E+00   100.000  0.614E+01   0.43745E-04   0.00000E+00   0.10000E+00    0.50249E-02 -395.69         test_P_all
.9600E+00   100.000  0.505E+01   0.21946E-04   0.00000E+00   0.10000E+00    0.50249E-02 -395.87         test_P_all
.9700E+00   100.000  0.397E+01   0.85817E-05   0.00000E+00   0.10000E+00    0.50249E-02 -395.97         test_P_all
.9800E+00   100.000  0.292E+01   0.28165E-05   0.00000E+00   0.10000E+00    0.50249E-02 -396.02         test_P_all
.9900E+00   100.000  0.189E+01   0.18741E-05   0.00000E+00   0.10000E+00    0.50249E-02 -396.02         test_P_all
.1000E+01   100.000  0.882E+00   0.24624E-05   0.00000E+00   0.10000E+00    0.50249E-02 -396.02         test_P_all



 CHI SQUARE=******** FOR  582 POINTS   CHISQ/NPTS= 1068.74
 Signed chisquare total =********
 Modified residual =********


Summary normalization chi2 contributions

 data set     normalization        error         chisq


Summary chi2 per data set

 data set      chisq    _w     signd    _w     resid     _w   npts   chisq/pts  _w
test_P_all  622009.5        442198.2        ********           582 1068.74
------------------------------------------------------------------------------------
TOTAL       622009.5622009.5442198.2     0.0****************   582 1068.74 1068.74
TOTAL+norm  622009.5622009.5                                   582 1068.74 1068.74



            Momentum Sum Rule Check


      q2      alphas      xuv       xdv       xub       xdb       xsb       xcb       xbb      xglue     total
      1.69    0.3845    0.3222    0.1370    0.0551    0.0716    0.0253    0.0000    0.0000    0.3890    1.0002
    100.00    0.1784    0.2270    0.0966    0.0645    0.0761    0.0436    0.0257    0.0087    0.4549    0.9972
   1000.00    0.1407    0.0000    0.0000    0.0000    0.0000    0.0000    0.0000    0.0000    0.0000    0.0000
   8315.00    0.1180    0.0000    0.0000    0.0000    0.0000    0.0000    0.0000    0.0000    0.0000    0.0000


 Vector Boson Cross Sections

 sqrt(s)   sigma(W)    error    theory

   1960.     2.865     0.063       0.000     D0

   1960.     2.749     0.054       0.000     CDF

   7000.     9.95      0.29        0.000     CMS

   7000.     9.96      0.55        0.000     ATLAS

 sqrt(s)   sigma(Z)    error    theory

   1960.     .2649     .0094       0.000     D0

   1960.     .2549     .0057       0.000     CDF

   7000.     .931      0.035       0.000     CMS

   7000.     .82       0.08        0.000     ATLAS


