 Correlated errors added in quadrature with statistical errors
 test_N_all DIS data with   1.69< Q2 < 0.500D+03 and 0.000 < xB < 1.000 and   0.00< W2 < 0.100D+05 and 0.000 < y < 1.000
   GP TMC applied
   HT corrections, multiplicative C=C(xB)

# fitpack15: fit output
# CJ15 AV18 final data choices                                                 

Parametrization   7 used here

 S-ACOT scheme used  for NC DIS

 charm mass =     1.30 GeV     bottom mass =     4.50 GeV



 THIS IS A NEXT TO LEADING ORDER FIT

 Q02=    1.69
         1  LAMBDA      VALUE=   0.22680      WEIGHT=    0.0000    
         2  a0uv        VALUE=    2.4067      WEIGHT=    0.0000    
         3  a1uv        VALUE=   0.61537      WEIGHT=   0.19856E-01
         4  a2uv        VALUE=    3.5433      WEIGHT=   0.12414E-01
         5  a3uv        VALUE=    0.0000      WEIGHT=    0.0000    
         6  a4uv        VALUE=    3.4609      WEIGHT=   0.42903    
         7  a5uv        VALUE=    0.0000      WEIGHT=    0.0000    
         8  a0dv        VALUE=    24.684      WEIGHT=    0.0000    
         9  a1dv        VALUE=    1.1595      WEIGHT=   0.33533E-01
        10  a2dv        VALUE=    6.5514      WEIGHT=   0.15936    
        11  a3dv        VALUE=   -3.5030      WEIGHT=   0.86332E-01
        12  a4dv        VALUE=    4.6787      WEIGHT=   0.14209    
        13  a5dv        VALUE=    0.0000      WEIGHT=    0.0000    
        14  a0ud        VALUE=   0.14658      WEIGHT=   0.50348E-02
        15  a1ud        VALUE=  -0.20775      WEIGHT=   0.37551E-02
        16  a2ud        VALUE=    8.3286      WEIGHT=   0.19114    
        17  a3ud        VALUE=    0.0000      WEIGHT=    0.0000    
        18  a4ud        VALUE=    14.606      WEIGHT=    1.2151    
        19  a5ud        VALUE=    0.0000      WEIGHT=    0.0000    
        20  a0du        VALUE=    35712.      WEIGHT=    0.0000    
        21  a1du        VALUE=    4.0249      WEIGHT=   0.74070E-01
        22  a2du        VALUE=    20.154      WEIGHT=   0.87862    
        23  a3du        VALUE=    17.000      WEIGHT=    0.0000    
        24  a4du        VALUE=    51.156      WEIGHT=    10.239    
        25  a0g         VALUE=    45.541      WEIGHT=    0.0000    
        26  a1g         VALUE=   0.60307      WEIGHT=   0.31164E-01
        27  a2g         VALUE=    6.4812      WEIGHT=   0.96748    
        28  a3g         VALUE=   -3.3064      WEIGHT=   0.13418    
        29  a4g         VALUE=    3.1721      WEIGHT=   0.31376    
        30  a5g         VALUE=    0.0000      WEIGHT=    0.0000    
        31  kappa       VALUE=   0.40000      WEIGHT=    0.0000    
        32  a6dv        VALUE=  -0.36005E-02  WEIGHT=   0.66324E-03
        33  a7dv        VALUE=    2.0000      WEIGHT=    0.0000    
        34  off1        VALUE=   -3.6735      WEIGHT=    1.5278    
        35  off2        VALUE=   0.57717E-01  WEIGHT=   0.14842E-01
        36  ht1         VALUE=   -3.2874      WEIGHT=   0.26061    
        37  ht2         VALUE=    1.9274      WEIGHT=   0.10524    
        38  ht3         VALUE=   -2.0701      WEIGHT=   0.19888E-01
        39  ht4         VALUE=    0.0000      WEIGHT=    0.0000    
        40  dummy40     VALUE=    0.0000      WEIGHT=    0.0000    
        41  dummy41     VALUE=    0.0000      WEIGHT=    0.0000    
        42  dummy42     VALUE=    0.0000      WEIGHT=    0.0000    
        43  dummy43     VALUE=    0.0000      WEIGHT=    0.0000    
        44  dummy44     VALUE=    0.0000      WEIGHT=    0.0000    
        45  dummy45     VALUE=    0.0000      WEIGHT=    0.0000    
        46  dummy46     VALUE=    0.0000      WEIGHT=    0.0000    
        47  dummy47     VALUE=    0.0000      WEIGHT=    0.0000    
        48  dummy48     VALUE=    0.0000      WEIGHT=    0.0000    
        49  dummy49     VALUE=    0.0000      WEIGHT=    0.0000    
        50  bcdmsh2     VALUE=   0.97307      WEIGHT=   0.48289E-02
        51  bcdmsd2     VALUE=   0.99317      WEIGHT=   0.58269E-02
        52  ccfr        VALUE=    1.0000      WEIGHT=    0.0000    
        53  nutev       VALUE=    1.0000      WEIGHT=    0.0000    
        54  zeus        VALUE=   0.97998      WEIGHT=    0.0000    
        55  h1          VALUE=    1.0162      WEIGHT=    0.0000    
        56  e605        VALUE=    1.0319      WEIGHT=    0.0000    
        57  NmcH2       VALUE=    1.0095      WEIGHT=   0.71247E-02
        58  ntv_nu      VALUE=    1.0000      WEIGHT=    0.0000    
        59  ntv_nubar   VALUE=    1.0000      WEIGHT=    0.0000    
        60  cdf_jet     VALUE=   0.98910      WEIGHT=    0.0000    
        61  d0_jet      VALUE=   0.83504      WEIGHT=    0.0000    
        62  slac_p      VALUE=    1.0049      WEIGHT=   0.48124E-02
        63  slac_d      VALUE=    1.0042      WEIGHT=   0.52781E-02
        64  e866pp      VALUE=   0.96586      WEIGHT=   0.19263E-01
        65  e866pd      VALUE=   0.96369      WEIGHT=   0.15783E-01
        66  d0_gamjet   VALUE=    1.0389      WEIGHT=   0.16474E-01
        67  h1b         VALUE=   0.97608      WEIGHT=    0.0000    
        68  jlab_p      VALUE=   0.99446      WEIGHT=   0.57943E-02
        69  jlab_d      VALUE=   0.97557      WEIGHT=   0.59019E-02
        70  blank       VALUE=    1.0000      WEIGHT=    0.0000    
        71  d0run2      VALUE=   0.94087      WEIGHT=   0.14167E-01
        72  cdfrun2     VALUE=   0.92649      WEIGHT=   0.17233E-01
        73  HERA_el     VALUE=    1.0000      WEIGHT=    0.0000    
        74  HERA_ps     VALUE=    1.0000      WEIGHT=    0.0000    
        75  CDF_Z       VALUE=   0.96581      WEIGHT=   0.64944E-02
        76  NmcRat      VALUE=    1.0000      WEIGHT=    0.0000    
        77  BNS_F2nd    VALUE=   0.98310      WEIGHT=   0.68314E-02
        78  HERMES_F2p  VALUE=   0.99832      WEIGHT=   0.55693E-02
        79  HERMES_F2d  VALUE=   0.98039      WEIGHT=   0.58259E-02
0THE TOLERANCE IS    0.1000
 THE MAXIMUM NUMBER OF STEPS IS 100
0THE INITIAL CHI SQUARED IS  3.87535E+05



     X        Q2         W2       THEORY        error         DATA           ERROR        chi^2     _w    ITYPE
.1000E-01     2.000  0.199E+03   0.34229E+00   0.00000E+00   0.10000E+00    0.50249E-02 2324.83         test_N_all
.2000E-01     2.000  0.989E+02   0.31940E+00   0.00000E+00   0.10000E+00    0.50249E-02 1906.41         test_N_all
.3000E-01     2.000  0.655E+02   0.31030E+00   0.00000E+00   0.10000E+00    0.50249E-02 1751.49         test_N_all
.4000E-01     2.000  0.489E+02   0.30773E+00   0.00000E+00   0.10000E+00    0.50249E-02 1709.04         test_N_all
.5000E-01     2.000  0.389E+02   0.30648E+00   0.00000E+00   0.10000E+00    0.50249E-02 1688.50         test_N_all
.6000E-01     2.000  0.322E+02   0.30652E+00   0.00000E+00   0.10000E+00    0.50249E-02 1689.11         test_N_all
.7000E-01     2.000  0.275E+02   0.30678E+00   0.00000E+00   0.10000E+00    0.50249E-02 1693.40         test_N_all
.8000E-01     2.000  0.239E+02   0.30693E+00   0.00000E+00   0.10000E+00    0.50249E-02 1695.83         test_N_all
.9000E-01     2.000  0.211E+02   0.30665E+00   0.00000E+00   0.10000E+00    0.50249E-02 1691.26         test_N_all
.1000E+00     2.000  0.189E+02   0.30580E+00   0.00000E+00   0.10000E+00    0.50249E-02 1677.45         test_N_all
.1100E+00     2.000  0.171E+02   0.30426E+00   0.00000E+00   0.10000E+00    0.50249E-02 1652.30         test_N_all
.1200E+00     2.000  0.155E+02   0.30199E+00   0.00000E+00   0.10000E+00    0.50249E-02 1615.82         test_N_all
.1300E+00     2.000  0.143E+02   0.29904E+00   0.00000E+00   0.10000E+00    0.50249E-02 1568.97         test_N_all
.1400E+00     2.000  0.132E+02   0.29550E+00   0.00000E+00   0.10000E+00    0.50249E-02 1513.66         test_N_all
.1500E+00     2.000  0.122E+02   0.29137E+00   0.00000E+00   0.10000E+00    0.50249E-02 1450.44         test_N_all
.1600E+00     2.000  0.114E+02   0.28683E+00   0.00000E+00   0.10000E+00    0.50249E-02 1382.36         test_N_all
.1700E+00     2.000  0.106E+02   0.28191E+00   0.00000E+00   0.10000E+00    0.50249E-02 1310.55         test_N_all
.1800E+00     2.000  0.999E+01   0.27666E+00   0.00000E+00   0.10000E+00    0.50249E-02 1236.06         test_N_all
.1900E+00     2.000  0.941E+01   0.27124E+00   0.00000E+00   0.10000E+00    0.50249E-02 1161.37         test_N_all
.2000E+00     2.000  0.888E+01   0.26563E+00   0.00000E+00   0.10000E+00    0.50249E-02 1086.51         test_N_all
.2100E+00     2.000  0.841E+01   0.25991E+00   0.00000E+00   0.10000E+00    0.50249E-02 1012.69         test_N_all
.2200E+00     2.000  0.797E+01   0.25412E+00   0.00000E+00   0.10000E+00    0.50249E-02  940.74         test_N_all
.2300E+00     2.000  0.758E+01   0.24828E+00   0.00000E+00   0.10000E+00    0.50249E-02  870.73         test_N_all
.2400E+00     2.000  0.722E+01   0.24244E+00   0.00000E+00   0.10000E+00    0.50249E-02  803.49         test_N_all
.2500E+00     2.000  0.688E+01   0.23660E+00   0.00000E+00   0.10000E+00    0.50249E-02  738.98         test_N_all
.2600E+00     2.000  0.657E+01   0.23078E+00   0.00000E+00   0.10000E+00    0.50249E-02  677.34         test_N_all
.2700E+00     2.000  0.629E+01   0.22500E+00   0.00000E+00   0.10000E+00    0.50249E-02  618.80         test_N_all
.2800E+00     2.000  0.602E+01   0.21926E+00   0.00000E+00   0.10000E+00    0.50249E-02  563.29         test_N_all
.2900E+00     2.000  0.578E+01   0.21357E+00   0.00000E+00   0.10000E+00    0.50249E-02  510.83         test_N_all
.3000E+00     2.000  0.555E+01   0.20793E+00   0.00000E+00   0.10000E+00    0.18868E-02 3272.46         test_N_all
.3100E+00     2.000  0.533E+01   0.20236E+00   0.00000E+00   0.10000E+00    0.50249E-02  414.92         test_N_all
.3200E+00     2.000  0.513E+01   0.19683E+00   0.00000E+00   0.10000E+00    0.50249E-02  371.35         test_N_all
.3300E+00     2.000  0.494E+01   0.19137E+00   0.00000E+00   0.10000E+00    0.50249E-02  330.61         test_N_all
.3400E+00     2.000  0.476E+01   0.18596E+00   0.00000E+00   0.10000E+00    0.50249E-02  292.67         test_N_all
.3500E+00     2.000  0.460E+01   0.18062E+00   0.00000E+00   0.10000E+00    0.50249E-02  257.40         test_N_all
.3600E+00     2.000  0.444E+01   0.17534E+00   0.00000E+00   0.10000E+00    0.50249E-02  224.77         test_N_all
.3700E+00     2.000  0.429E+01   0.17012E+00   0.00000E+00   0.10000E+00    0.50249E-02  194.74         test_N_all
.3800E+00     2.000  0.414E+01   0.16497E+00   0.00000E+00   0.10000E+00    0.50249E-02  167.17         test_N_all
.3900E+00     2.000  0.401E+01   0.15989E+00   0.00000E+00   0.10000E+00    0.50249E-02  142.05         test_N_all
.4000E+00     2.000  0.388E+01   0.15489E+00   0.00000E+00   0.10000E+00    0.17692E-02  962.50         test_N_all
.4100E+00     2.000  0.376E+01   0.14996E+00   0.00000E+00   0.10000E+00    0.50249E-02   98.84         test_N_all
.4200E+00     2.000  0.364E+01   0.14511E+00   0.00000E+00   0.10000E+00    0.50249E-02   80.60         test_N_all
.4300E+00     2.000  0.353E+01   0.14035E+00   0.00000E+00   0.10000E+00    0.50249E-02   64.49         test_N_all
.4400E+00     2.000  0.343E+01   0.13568E+00   0.00000E+00   0.10000E+00    0.50249E-02   50.42         test_N_all
.4500E+00     2.000  0.333E+01   0.13111E+00   0.00000E+00   0.10000E+00    0.50249E-02   38.32         test_N_all
.4600E+00     2.000  0.323E+01   0.12663E+00   0.00000E+00   0.10000E+00    0.50249E-02   28.08         test_N_all
.4700E+00     2.000  0.314E+01   0.12225E+00   0.00000E+00   0.10000E+00    0.50249E-02   19.60         test_N_all
.4800E+00     2.000  0.305E+01   0.11797E+00   0.00000E+00   0.10000E+00    0.50249E-02   12.79         test_N_all
.4900E+00     2.000  0.296E+01   0.11380E+00   0.00000E+00   0.10000E+00    0.50249E-02    7.55         test_N_all
.5000E+00     2.000  0.288E+01   0.10974E+00   0.00000E+00   0.10000E+00    0.17692E-02   30.32         test_N_all
.5100E+00     2.000  0.280E+01   0.10579E+00   0.00000E+00   0.10000E+00    0.50249E-02    1.33         test_N_all
.5200E+00     2.000  0.273E+01   0.10195E+00   0.00000E+00   0.10000E+00    0.50249E-02    0.15         test_N_all
.5300E+00     2.000  0.266E+01   0.98218E-01   0.00000E+00   0.10000E+00    0.50249E-02   -0.13         test_N_all
.5400E+00     2.000  0.259E+01   0.94601E-01   0.00000E+00   0.10000E+00    0.50249E-02   -1.15         test_N_all
.5500E+00     2.000  0.252E+01   0.91095E-01   0.00000E+00   0.10000E+00    0.50249E-02   -3.14         test_N_all
.5600E+00     2.000  0.245E+01   0.87696E-01   0.00000E+00   0.10000E+00    0.50249E-02   -6.00         test_N_all
.5700E+00     2.000  0.239E+01   0.84409E-01   0.00000E+00   0.10000E+00    0.50249E-02   -9.63         test_N_all
.5800E+00     2.000  0.233E+01   0.81232E-01   0.00000E+00   0.10000E+00    0.50249E-02  -13.95         test_N_all
.5900E+00     2.000  0.227E+01   0.78159E-01   0.00000E+00   0.10000E+00    0.50249E-02  -18.89         test_N_all
.6000E+00     2.000  0.222E+01   0.75189E-01   0.00000E+00   0.10000E+00    0.17692E-02 -196.68         test_N_all
.6100E+00     2.000  0.216E+01   0.72326E-01   0.00000E+00   0.10000E+00    0.50249E-02  -30.33         test_N_all
.6200E+00     2.000  0.211E+01   0.69563E-01   0.00000E+00   0.10000E+00    0.50249E-02  -36.69         test_N_all
.6300E+00     2.000  0.206E+01   0.66895E-01   0.00000E+00   0.10000E+00    0.50249E-02  -43.40         test_N_all
.6400E+00     2.000  0.201E+01   0.64324E-01   0.00000E+00   0.10000E+00    0.50249E-02  -50.41         test_N_all
.6500E+00     2.000  0.196E+01   0.61848E-01   0.00000E+00   0.10000E+00    0.50249E-02  -57.65         test_N_all
.6600E+00     2.000  0.191E+01   0.59461E-01   0.00000E+00   0.10000E+00    0.50249E-02  -65.08         test_N_all
.6700E+00     2.000  0.187E+01   0.57161E-01   0.00000E+00   0.10000E+00    0.50249E-02  -72.68         test_N_all
.6800E+00     2.000  0.182E+01   0.54946E-01   0.00000E+00   0.10000E+00    0.50249E-02  -80.39         test_N_all
.6900E+00     2.000  0.178E+01   0.52815E-01   0.00000E+00   0.10000E+00    0.50249E-02  -88.18         test_N_all
.7000E+00     2.000  0.174E+01   0.50763E-01   0.00000E+00   0.10000E+00    0.17692E-02 -774.54         test_N_all
.7100E+00     2.000  0.170E+01   0.48786E-01   0.00000E+00   0.10000E+00    0.50249E-02 -103.88         test_N_all
.7200E+00     2.000  0.166E+01   0.46884E-01   0.00000E+00   0.10000E+00    0.50249E-02 -111.74         test_N_all
.7300E+00     2.000  0.162E+01   0.45055E-01   0.00000E+00   0.10000E+00    0.50249E-02 -119.56         test_N_all
.7400E+00     2.000  0.158E+01   0.43293E-01   0.00000E+00   0.10000E+00    0.50249E-02 -127.35         test_N_all
.7500E+00     2.000  0.155E+01   0.41598E-01   0.00000E+00   0.10000E+00    0.50249E-02 -135.08         test_N_all
.7600E+00     2.000  0.151E+01   0.39966E-01   0.00000E+00   0.10000E+00    0.50249E-02 -142.74         test_N_all
.7700E+00     2.000  0.148E+01   0.38397E-01   0.00000E+00   0.10000E+00    0.50249E-02 -150.29         test_N_all
.7800E+00     2.000  0.145E+01   0.36887E-01   0.00000E+00   0.10000E+00    0.50249E-02 -157.75         test_N_all
.7900E+00     2.000  0.141E+01   0.35433E-01   0.00000E+00   0.10000E+00    0.50249E-02 -165.11         test_N_all
.8000E+00     2.000  0.138E+01   0.34033E-01   0.00000E+00   0.10000E+00    0.17692E-02 *******         test_N_all
.8100E+00     2.000  0.135E+01   0.32687E-01   0.00000E+00   0.10000E+00    0.50249E-02 -179.45         test_N_all
.8200E+00     2.000  0.132E+01   0.31391E-01   0.00000E+00   0.10000E+00    0.50249E-02 -186.42         test_N_all
.8300E+00     2.000  0.129E+01   0.30143E-01   0.00000E+00   0.10000E+00    0.50249E-02 -193.26         test_N_all
.8400E+00     2.000  0.126E+01   0.28942E-01   0.00000E+00   0.10000E+00    0.50249E-02 -199.97         test_N_all
.8500E+00     2.000  0.123E+01   0.27786E-01   0.00000E+00   0.10000E+00    0.50249E-02 -206.53         test_N_all
.8600E+00     2.000  0.121E+01   0.26673E-01   0.00000E+00   0.10000E+00    0.50249E-02 -212.95         test_N_all
.8700E+00     2.000  0.118E+01   0.25601E-01   0.00000E+00   0.10000E+00    0.50249E-02 -219.22         test_N_all
.8800E+00     2.000  0.115E+01   0.24569E-01   0.00000E+00   0.10000E+00    0.50249E-02 -225.34         test_N_all
.8900E+00     2.000  0.113E+01   0.23575E-01   0.00000E+00   0.10000E+00    0.50249E-02 -231.32         test_N_all
.9000E+00     2.000  0.110E+01   0.22617E-01   0.00000E+00   0.10000E+00    0.17692E-02 *******         test_N_all
.9100E+00     2.000  0.108E+01   0.21695E-01   0.00000E+00   0.10000E+00    0.50249E-02 -242.84         test_N_all
.9200E+00     2.000  0.106E+01   0.20807E-01   0.00000E+00   0.10000E+00    0.50249E-02 -248.38         test_N_all
.9300E+00     2.000  0.103E+01   0.19951E-01   0.00000E+00   0.10000E+00    0.50249E-02 -253.78         test_N_all
.9400E+00     2.000  0.101E+01   0.19127E-01   0.00000E+00   0.10000E+00    0.50249E-02 -259.03         test_N_all
.9500E+00     2.000  0.987E+00   0.18332E-01   0.00000E+00   0.10000E+00    0.50249E-02 -264.14         test_N_all
.9600E+00     2.000  0.965E+00   0.17566E-01   0.00000E+00   0.10000E+00    0.50249E-02 -269.12         test_N_all
.9700E+00     2.000  0.944E+00   0.16828E-01   0.00000E+00   0.10000E+00    0.50249E-02 -273.96         test_N_all
.9800E+00     2.000  0.923E+00   0.16117E-01   0.00000E+00   0.10000E+00    0.50249E-02 -278.67         test_N_all
.9900E+00     2.000  0.902E+00   0.15432E-01   0.00000E+00   0.10000E+00    0.50249E-02 -283.24         test_N_all
.1000E+01     2.000  0.882E+00   0.14772E-01   0.00000E+00   0.10000E+00    0.50249E-02 -287.67         test_N_all
.1000E-01     5.000  0.496E+03   0.44899E+00   0.00000E+00   0.10000E+00    0.50249E-02 4823.46         test_N_all
.2000E-01     5.000  0.246E+03   0.39814E+00   0.00000E+00   0.10000E+00    0.50249E-02 3520.36         test_N_all
.3000E-01     5.000  0.163E+03   0.37341E+00   0.00000E+00   0.10000E+00    0.50249E-02 2960.47         test_N_all
.4000E-01     5.000  0.121E+03   0.36095E+00   0.00000E+00   0.10000E+00    0.50249E-02 2696.76         test_N_all
.5000E-01     5.000  0.959E+02   0.35114E+00   0.00000E+00   0.10000E+00    0.50249E-02 2497.84         test_N_all
.6000E-01     5.000  0.792E+02   0.34441E+00   0.00000E+00   0.10000E+00    0.50249E-02 2365.78         test_N_all
.7000E-01     5.000  0.673E+02   0.33845E+00   0.00000E+00   0.10000E+00    0.50249E-02 2251.87         test_N_all
.8000E-01     5.000  0.584E+02   0.33323E+00   0.00000E+00   0.10000E+00    0.50249E-02 2154.36         test_N_all
.9000E-01     5.000  0.514E+02   0.32802E+00   0.00000E+00   0.10000E+00    0.50249E-02 2059.07         test_N_all
.1000E+00     5.000  0.459E+02   0.32279E+00   0.00000E+00   0.10000E+00    0.50249E-02 1965.79         test_N_all
.1100E+00     5.000  0.413E+02   0.31729E+00   0.00000E+00   0.10000E+00    0.50249E-02 1869.89         test_N_all
.1200E+00     5.000  0.375E+02   0.31159E+00   0.00000E+00   0.10000E+00    0.50249E-02 1773.07         test_N_all
.1300E+00     5.000  0.343E+02   0.30563E+00   0.00000E+00   0.10000E+00    0.50249E-02 1674.68         test_N_all
.1400E+00     5.000  0.316E+02   0.29943E+00   0.00000E+00   0.10000E+00    0.50249E-02 1575.12         test_N_all
.1500E+00     5.000  0.292E+02   0.29302E+00   0.00000E+00   0.10000E+00    0.50249E-02 1475.50         test_N_all
.1600E+00     5.000  0.271E+02   0.28649E+00   0.00000E+00   0.10000E+00    0.50249E-02 1377.32         test_N_all
.1700E+00     5.000  0.253E+02   0.27985E+00   0.00000E+00   0.10000E+00    0.50249E-02 1281.01         test_N_all
.1800E+00     5.000  0.237E+02   0.27315E+00   0.00000E+00   0.10000E+00    0.50249E-02 1187.32         test_N_all
.1900E+00     5.000  0.222E+02   0.26644E+00   0.00000E+00   0.10000E+00    0.50249E-02 1097.08         test_N_all
.2000E+00     5.000  0.209E+02   0.25972E+00   0.00000E+00   0.10000E+00    0.50249E-02 1010.30         test_N_all
.2100E+00     5.000  0.197E+02   0.25303E+00   0.00000E+00   0.10000E+00    0.50249E-02  927.46         test_N_all
.2200E+00     5.000  0.186E+02   0.24638E+00   0.00000E+00   0.10000E+00    0.50249E-02  848.63         test_N_all
.2300E+00     5.000  0.176E+02   0.23979E+00   0.00000E+00   0.10000E+00    0.50249E-02  773.87         test_N_all
.2400E+00     5.000  0.167E+02   0.23325E+00   0.00000E+00   0.10000E+00    0.50249E-02  703.18         test_N_all
.2500E+00     5.000  0.159E+02   0.22677E+00   0.00000E+00   0.10000E+00    0.50249E-02  636.45         test_N_all
.2600E+00     5.000  0.151E+02   0.22035E+00   0.00000E+00   0.10000E+00    0.50249E-02  573.60         test_N_all
.2700E+00     5.000  0.144E+02   0.21398E+00   0.00000E+00   0.10000E+00    0.50249E-02  514.55         test_N_all
.2800E+00     5.000  0.137E+02   0.20768E+00   0.00000E+00   0.10000E+00    0.50249E-02  459.21         test_N_all
.2900E+00     5.000  0.131E+02   0.20143E+00   0.00000E+00   0.10000E+00    0.50249E-02  407.42         test_N_all
.3000E+00     5.000  0.125E+02   0.19523E+00   0.00000E+00   0.10000E+00    0.18868E-02 2547.19         test_N_all
.3100E+00     5.000  0.120E+02   0.18908E+00   0.00000E+00   0.10000E+00    0.50249E-02  314.24         test_N_all
.3200E+00     5.000  0.115E+02   0.18297E+00   0.00000E+00   0.10000E+00    0.50249E-02  272.63         test_N_all
.3300E+00     5.000  0.110E+02   0.17691E+00   0.00000E+00   0.10000E+00    0.50249E-02  234.28         test_N_all
.3400E+00     5.000  0.106E+02   0.17090E+00   0.00000E+00   0.10000E+00    0.50249E-02  199.08         test_N_all
.3500E+00     5.000  0.102E+02   0.16493E+00   0.00000E+00   0.10000E+00    0.50249E-02  166.98         test_N_all
.3600E+00     5.000  0.977E+01   0.15902E+00   0.00000E+00   0.10000E+00    0.50249E-02  137.96         test_N_all
.3700E+00     5.000  0.940E+01   0.15316E+00   0.00000E+00   0.10000E+00    0.50249E-02  111.91         test_N_all
.3800E+00     5.000  0.904E+01   0.14736E+00   0.00000E+00   0.10000E+00    0.50249E-02   88.81         test_N_all
.3900E+00     5.000  0.870E+01   0.14162E+00   0.00000E+00   0.10000E+00    0.50249E-02   68.59         test_N_all
.4000E+00     5.000  0.838E+01   0.13595E+00   0.00000E+00   0.10000E+00    0.17692E-02  412.89         test_N_all
.4100E+00     5.000  0.808E+01   0.13036E+00   0.00000E+00   0.10000E+00    0.50249E-02   36.50         test_N_all
.4200E+00     5.000  0.779E+01   0.12486E+00   0.00000E+00   0.10000E+00    0.50249E-02   24.47         test_N_all
.4300E+00     5.000  0.751E+01   0.11944E+00   0.00000E+00   0.10000E+00    0.50249E-02   14.97         test_N_all
.4400E+00     5.000  0.725E+01   0.11413E+00   0.00000E+00   0.10000E+00    0.50249E-02    7.91         test_N_all
.4500E+00     5.000  0.699E+01   0.10893E+00   0.00000E+00   0.10000E+00    0.50249E-02    3.16         test_N_all
.4600E+00     5.000  0.675E+01   0.10384E+00   0.00000E+00   0.10000E+00    0.50249E-02    0.58         test_N_all
.4700E+00     5.000  0.652E+01   0.98870E-01   0.00000E+00   0.10000E+00    0.50249E-02   -0.05         test_N_all
.4800E+00     5.000  0.630E+01   0.94030E-01   0.00000E+00   0.10000E+00    0.50249E-02   -1.41         test_N_all
.4900E+00     5.000  0.609E+01   0.89321E-01   0.00000E+00   0.10000E+00    0.50249E-02   -4.52         test_N_all
.5000E+00     5.000  0.588E+01   0.84749E-01   0.00000E+00   0.10000E+00    0.17692E-02  -74.31         test_N_all
.5100E+00     5.000  0.569E+01   0.80320E-01   0.00000E+00   0.10000E+00    0.50249E-02  -15.34         test_N_all
.5200E+00     5.000  0.550E+01   0.76034E-01   0.00000E+00   0.10000E+00    0.50249E-02  -22.75         test_N_all
.5300E+00     5.000  0.532E+01   0.71895E-01   0.00000E+00   0.10000E+00    0.50249E-02  -31.28         test_N_all
.5400E+00     5.000  0.514E+01   0.67906E-01   0.00000E+00   0.10000E+00    0.50249E-02  -40.79         test_N_all
.5500E+00     5.000  0.497E+01   0.64065E-01   0.00000E+00   0.10000E+00    0.50249E-02  -51.14         test_N_all
.5600E+00     5.000  0.481E+01   0.60376E-01   0.00000E+00   0.10000E+00    0.50249E-02  -62.18         test_N_all
.5700E+00     5.000  0.465E+01   0.56838E-01   0.00000E+00   0.10000E+00    0.50249E-02  -73.78         test_N_all
.5800E+00     5.000  0.450E+01   0.53446E-01   0.00000E+00   0.10000E+00    0.50249E-02  -85.83         test_N_all
.5900E+00     5.000  0.436E+01   0.50206E-01   0.00000E+00   0.10000E+00    0.50249E-02  -98.20         test_N_all
.6000E+00     5.000  0.422E+01   0.47111E-01   0.00000E+00   0.10000E+00    0.17692E-02 -893.69         test_N_all
.6100E+00     5.000  0.408E+01   0.44158E-01   0.00000E+00   0.10000E+00    0.50249E-02 -123.50         test_N_all
.6200E+00     5.000  0.395E+01   0.41349E-01   0.00000E+00   0.10000E+00    0.50249E-02 -136.23         test_N_all
.6300E+00     5.000  0.382E+01   0.38678E-01   0.00000E+00   0.10000E+00    0.50249E-02 -148.93         test_N_all
.6400E+00     5.000  0.369E+01   0.36140E-01   0.00000E+00   0.10000E+00    0.50249E-02 -161.51         test_N_all
.6500E+00     5.000  0.357E+01   0.33735E-01   0.00000E+00   0.10000E+00    0.50249E-02 -173.90         test_N_all
.6600E+00     5.000  0.346E+01   0.31456E-01   0.00000E+00   0.10000E+00    0.50249E-02 -186.07         test_N_all
.6700E+00     5.000  0.334E+01   0.29300E-01   0.00000E+00   0.10000E+00    0.50249E-02 -197.96         test_N_all
.6800E+00     5.000  0.323E+01   0.27264E-01   0.00000E+00   0.10000E+00    0.50249E-02 -209.53         test_N_all
.6900E+00     5.000  0.313E+01   0.25342E-01   0.00000E+00   0.10000E+00    0.50249E-02 -220.74         test_N_all
.7000E+00     5.000  0.302E+01   0.23530E-01   0.00000E+00   0.10000E+00    0.17692E-02 *******         test_N_all
.7100E+00     5.000  0.292E+01   0.21824E-01   0.00000E+00   0.10000E+00    0.50249E-02 -242.04         test_N_all
.7200E+00     5.000  0.283E+01   0.20220E-01   0.00000E+00   0.10000E+00    0.50249E-02 -252.08         test_N_all
.7300E+00     5.000  0.273E+01   0.18711E-01   0.00000E+00   0.10000E+00    0.50249E-02 -261.70         test_N_all
.7400E+00     5.000  0.264E+01   0.17296E-01   0.00000E+00   0.10000E+00    0.50249E-02 -270.89         test_N_all
.7500E+00     5.000  0.255E+01   0.15968E-01   0.00000E+00   0.10000E+00    0.50249E-02 -279.66         test_N_all
.7600E+00     5.000  0.246E+01   0.14724E-01   0.00000E+00   0.10000E+00    0.50249E-02 -288.00         test_N_all
.7700E+00     5.000  0.238E+01   0.13560E-01   0.00000E+00   0.10000E+00    0.50249E-02 -295.92         test_N_all
.7800E+00     5.000  0.229E+01   0.12471E-01   0.00000E+00   0.10000E+00    0.50249E-02 -303.42         test_N_all
.7900E+00     5.000  0.221E+01   0.11453E-01   0.00000E+00   0.10000E+00    0.50249E-02 -310.52         test_N_all
.8000E+00     5.000  0.213E+01   0.10504E-01   0.00000E+00   0.10000E+00    0.17692E-02 *******         test_N_all
.8100E+00     5.000  0.205E+01   0.96183E-02   0.00000E+00   0.10000E+00    0.50249E-02 -323.52         test_N_all
.8200E+00     5.000  0.198E+01   0.87930E-02   0.00000E+00   0.10000E+00    0.50249E-02 -329.45         test_N_all
.8300E+00     5.000  0.191E+01   0.80255E-02   0.00000E+00   0.10000E+00    0.50249E-02 -335.02         test_N_all
.8400E+00     5.000  0.183E+01   0.73113E-02   0.00000E+00   0.10000E+00    0.50249E-02 -340.25         test_N_all
.8500E+00     5.000  0.176E+01   0.66476E-02   0.00000E+00   0.10000E+00    0.50249E-02 -345.14         test_N_all
.8600E+00     5.000  0.170E+01   0.60323E-02   0.00000E+00   0.10000E+00    0.50249E-02 -349.70         test_N_all
.8700E+00     5.000  0.163E+01   0.54622E-02   0.00000E+00   0.10000E+00    0.50249E-02 -353.96         test_N_all
.8800E+00     5.000  0.156E+01   0.49336E-02   0.00000E+00   0.10000E+00    0.50249E-02 -357.93         test_N_all
.8900E+00     5.000  0.150E+01   0.44453E-02   0.00000E+00   0.10000E+00    0.50249E-02 -361.61         test_N_all
.9000E+00     5.000  0.144E+01   0.39951E-02   0.00000E+00   0.10000E+00    0.17692E-02 *******         test_N_all
.9100E+00     5.000  0.138E+01   0.35783E-02   0.00000E+00   0.10000E+00    0.50249E-02 -368.20         test_N_all
.9200E+00     5.000  0.132E+01   0.31956E-02   0.00000E+00   0.10000E+00    0.50249E-02 -371.13         test_N_all
.9300E+00     5.000  0.126E+01   0.28444E-02   0.00000E+00   0.10000E+00    0.50249E-02 -373.83         test_N_all
.9400E+00     5.000  0.120E+01   0.25228E-02   0.00000E+00   0.10000E+00    0.50249E-02 -376.31         test_N_all
.9500E+00     5.000  0.114E+01   0.22277E-02   0.00000E+00   0.10000E+00    0.50249E-02 -378.59         test_N_all
.9600E+00     5.000  0.109E+01   0.19586E-02   0.00000E+00   0.10000E+00    0.50249E-02 -380.68         test_N_all
.9700E+00     5.000  0.104E+01   0.17141E-02   0.00000E+00   0.10000E+00    0.50249E-02 -382.58         test_N_all
.9800E+00     5.000  0.984E+00   0.14921E-02   0.00000E+00   0.10000E+00    0.50249E-02 -384.31         test_N_all
.9900E+00     5.000  0.932E+00   0.12909E-02   0.00000E+00   0.10000E+00    0.50249E-02 -385.88         test_N_all
.1000E+01     5.000  0.882E+00   0.11099E-02   0.00000E+00   0.10000E+00    0.50249E-02 -387.30         test_N_all
.1000E-01    10.000  0.991E+03   0.52904E+00   0.00000E+00   0.10000E+00    0.50249E-02 7289.98         test_N_all
.2000E-01    10.000  0.491E+03   0.45424E+00   0.00000E+00   0.10000E+00    0.50249E-02 4969.85         test_N_all
.3000E-01    10.000  0.324E+03   0.41572E+00   0.00000E+00   0.10000E+00    0.50249E-02 3947.61         test_N_all
.4000E-01    10.000  0.241E+03   0.39495E+00   0.00000E+00   0.10000E+00    0.50249E-02 3445.33         test_N_all
.5000E-01    10.000  0.191E+03   0.37794E+00   0.00000E+00   0.10000E+00    0.50249E-02 3059.44         test_N_all
.6000E-01    10.000  0.158E+03   0.36597E+00   0.00000E+00   0.10000E+00    0.50249E-02 2801.50         test_N_all
.7000E-01    10.000  0.134E+03   0.35533E+00   0.00000E+00   0.10000E+00    0.50249E-02 2582.01         test_N_all
.8000E-01    10.000  0.116E+03   0.34628E+00   0.00000E+00   0.10000E+00    0.50249E-02 2402.13         test_N_all
.9000E-01    10.000  0.102E+03   0.33767E+00   0.00000E+00   0.10000E+00    0.50249E-02 2237.13         test_N_all
.1000E+00    10.000  0.909E+02   0.32958E+00   0.00000E+00   0.10000E+00    0.50249E-02 2087.33         test_N_all
.1100E+00    10.000  0.818E+02   0.32148E+00   0.00000E+00   0.10000E+00    0.50249E-02 1942.65         test_N_all
.1200E+00    10.000  0.742E+02   0.31360E+00   0.00000E+00   0.10000E+00    0.50249E-02 1807.01         test_N_all
.1300E+00    10.000  0.678E+02   0.30578E+00   0.00000E+00   0.10000E+00    0.50249E-02 1677.07         test_N_all
.1400E+00    10.000  0.623E+02   0.29794E+00   0.00000E+00   0.10000E+00    0.50249E-02 1551.69         test_N_all
.1500E+00    10.000  0.575E+02   0.29014E+00   0.00000E+00   0.10000E+00    0.50249E-02 1431.78         test_N_all
.1600E+00    10.000  0.534E+02   0.28238E+00   0.00000E+00   0.10000E+00    0.50249E-02 1317.33         test_N_all
.1700E+00    10.000  0.497E+02   0.27468E+00   0.00000E+00   0.10000E+00    0.50249E-02 1208.50         test_N_all
.1800E+00    10.000  0.464E+02   0.26707E+00   0.00000E+00   0.10000E+00    0.50249E-02 1105.43         test_N_all
.1900E+00    10.000  0.435E+02   0.25955E+00   0.00000E+00   0.10000E+00    0.50249E-02 1008.16         test_N_all
.2000E+00    10.000  0.409E+02   0.25213E+00   0.00000E+00   0.10000E+00    0.50249E-02  916.56         test_N_all
.2100E+00    10.000  0.385E+02   0.24482E+00   0.00000E+00   0.10000E+00    0.50249E-02  830.56         test_N_all
.2200E+00    10.000  0.363E+02   0.23761E+00   0.00000E+00   0.10000E+00    0.50249E-02  749.96         test_N_all
.2300E+00    10.000  0.344E+02   0.23051E+00   0.00000E+00   0.10000E+00    0.50249E-02  674.58         test_N_all
.2400E+00    10.000  0.325E+02   0.22351E+00   0.00000E+00   0.10000E+00    0.50249E-02  604.19         test_N_all
.2500E+00    10.000  0.309E+02   0.21662E+00   0.00000E+00   0.10000E+00    0.50249E-02  538.62         test_N_all
.2600E+00    10.000  0.293E+02   0.20981E+00   0.00000E+00   0.10000E+00    0.50249E-02  477.59         test_N_all
.2700E+00    10.000  0.279E+02   0.20310E+00   0.00000E+00   0.10000E+00    0.50249E-02  420.96         test_N_all
.2800E+00    10.000  0.266E+02   0.19647E+00   0.00000E+00   0.10000E+00    0.50249E-02  368.60         test_N_all
.2900E+00    10.000  0.254E+02   0.18992E+00   0.00000E+00   0.10000E+00    0.50249E-02  320.24         test_N_all
.3000E+00    10.000  0.242E+02   0.18345E+00   0.00000E+00   0.10000E+00    0.18868E-02 1956.00         test_N_all
.3100E+00    10.000  0.231E+02   0.17704E+00   0.00000E+00   0.10000E+00    0.50249E-02  235.03         test_N_all
.3200E+00    10.000  0.221E+02   0.17069E+00   0.00000E+00   0.10000E+00    0.50249E-02  197.91         test_N_all
.3300E+00    10.000  0.212E+02   0.16441E+00   0.00000E+00   0.10000E+00    0.50249E-02  164.32         test_N_all
.3400E+00    10.000  0.203E+02   0.15820E+00   0.00000E+00   0.10000E+00    0.50249E-02  134.13         test_N_all
.3500E+00    10.000  0.195E+02   0.15205E+00   0.00000E+00   0.10000E+00    0.50249E-02  107.28         test_N_all
.3600E+00    10.000  0.187E+02   0.14597E+00   0.00000E+00   0.10000E+00    0.50249E-02   83.68         test_N_all
.3700E+00    10.000  0.179E+02   0.13996E+00   0.00000E+00   0.10000E+00    0.50249E-02   63.23         test_N_all
.3800E+00    10.000  0.172E+02   0.13403E+00   0.00000E+00   0.10000E+00    0.50249E-02   45.86         test_N_all
.3900E+00    10.000  0.165E+02   0.12818E+00   0.00000E+00   0.10000E+00    0.50249E-02   31.46         test_N_all
.4000E+00    10.000  0.159E+02   0.12243E+00   0.00000E+00   0.10000E+00    0.17692E-02  160.76         test_N_all
.4100E+00    10.000  0.153E+02   0.11678E+00   0.00000E+00   0.10000E+00    0.50249E-02   11.15         test_N_all
.4200E+00    10.000  0.147E+02   0.11123E+00   0.00000E+00   0.10000E+00    0.50249E-02    4.99         test_N_all
.4300E+00    10.000  0.141E+02   0.10579E+00   0.00000E+00   0.10000E+00    0.50249E-02    1.33         test_N_all
.4400E+00    10.000  0.136E+02   0.10048E+00   0.00000E+00   0.10000E+00    0.50249E-02    0.01         test_N_all
.4500E+00    10.000  0.131E+02   0.95296E-01   0.00000E+00   0.10000E+00    0.50249E-02   -0.88         test_N_all
.4600E+00    10.000  0.126E+02   0.90244E-01   0.00000E+00   0.10000E+00    0.50249E-02   -3.77         test_N_all
.4700E+00    10.000  0.122E+02   0.85337E-01   0.00000E+00   0.10000E+00    0.50249E-02   -8.51         test_N_all
.4800E+00    10.000  0.117E+02   0.80575E-01   0.00000E+00   0.10000E+00    0.50249E-02  -14.94         test_N_all
.4900E+00    10.000  0.113E+02   0.75965E-01   0.00000E+00   0.10000E+00    0.50249E-02  -22.88         test_N_all
.5000E+00    10.000  0.109E+02   0.71512E-01   0.00000E+00   0.10000E+00    0.17692E-02 -259.29         test_N_all
.5100E+00    10.000  0.105E+02   0.67216E-01   0.00000E+00   0.10000E+00    0.50249E-02  -42.57         test_N_all
.5200E+00    10.000  0.101E+02   0.63084E-01   0.00000E+00   0.10000E+00    0.50249E-02  -53.97         test_N_all
.5300E+00    10.000  0.975E+01   0.59116E-01   0.00000E+00   0.10000E+00    0.50249E-02  -66.20         test_N_all
.5400E+00    10.000  0.940E+01   0.55310E-01   0.00000E+00   0.10000E+00    0.50249E-02  -79.10         test_N_all
.5500E+00    10.000  0.906E+01   0.51672E-01   0.00000E+00   0.10000E+00    0.50249E-02  -92.50         test_N_all
.5600E+00    10.000  0.874E+01   0.48198E-01   0.00000E+00   0.10000E+00    0.50249E-02 -106.28         test_N_all
.5700E+00    10.000  0.843E+01   0.44887E-01   0.00000E+00   0.10000E+00    0.50249E-02 -120.30         test_N_all
.5800E+00    10.000  0.812E+01   0.41739E-01   0.00000E+00   0.10000E+00    0.50249E-02 -134.43         test_N_all
.5900E+00    10.000  0.783E+01   0.38750E-01   0.00000E+00   0.10000E+00    0.50249E-02 -148.58         test_N_all
.6000E+00    10.000  0.755E+01   0.35918E-01   0.00000E+00   0.10000E+00    0.17692E-02 *******         test_N_all
.6100E+00    10.000  0.728E+01   0.33240E-01   0.00000E+00   0.10000E+00    0.50249E-02 -176.51         test_N_all
.6200E+00    10.000  0.701E+01   0.30711E-01   0.00000E+00   0.10000E+00    0.50249E-02 -190.14         test_N_all
.6300E+00    10.000  0.675E+01   0.28329E-01   0.00000E+00   0.10000E+00    0.50249E-02 -203.44         test_N_all
.6400E+00    10.000  0.651E+01   0.26088E-01   0.00000E+00   0.10000E+00    0.50249E-02 -216.36         test_N_all
.6500E+00    10.000  0.627E+01   0.23983E-01   0.00000E+00   0.10000E+00    0.50249E-02 -228.86         test_N_all
.6600E+00    10.000  0.603E+01   0.22010E-01   0.00000E+00   0.10000E+00    0.50249E-02 -240.89         test_N_all
.6700E+00    10.000  0.581E+01   0.20164E-01   0.00000E+00   0.10000E+00    0.50249E-02 -252.43         test_N_all
.6800E+00    10.000  0.559E+01   0.18439E-01   0.00000E+00   0.10000E+00    0.50249E-02 -263.45         test_N_all
.6900E+00    10.000  0.537E+01   0.16831E-01   0.00000E+00   0.10000E+00    0.50249E-02 -273.95         test_N_all
.7000E+00    10.000  0.517E+01   0.15333E-01   0.00000E+00   0.10000E+00    0.17692E-02 *******         test_N_all
.7100E+00    10.000  0.497E+01   0.13941E-01   0.00000E+00   0.10000E+00    0.50249E-02 -293.31         test_N_all
.7200E+00    10.000  0.477E+01   0.12649E-01   0.00000E+00   0.10000E+00    0.50249E-02 -302.18         test_N_all
.7300E+00    10.000  0.458E+01   0.11453E-01   0.00000E+00   0.10000E+00    0.50249E-02 -310.52         test_N_all
.7400E+00    10.000  0.440E+01   0.10346E-01   0.00000E+00   0.10000E+00    0.50249E-02 -318.33         test_N_all
.7500E+00    10.000  0.422E+01   0.93246E-02   0.00000E+00   0.10000E+00    0.50249E-02 -325.62         test_N_all
.7600E+00    10.000  0.404E+01   0.83836E-02   0.00000E+00   0.10000E+00    0.50249E-02 -332.42         test_N_all
.7700E+00    10.000  0.387E+01   0.75168E-02   0.00000E+00   0.10000E+00    0.50249E-02 -338.74         test_N_all
.7800E+00    10.000  0.370E+01   0.67212E-02   0.00000E+00   0.10000E+00    0.50249E-02 -344.59         test_N_all
.7900E+00    10.000  0.354E+01   0.59926E-02   0.00000E+00   0.10000E+00    0.50249E-02 -350.00         test_N_all
.8000E+00    10.000  0.338E+01   0.53250E-02   0.00000E+00   0.10000E+00    0.17692E-02 *******         test_N_all
.8100E+00    10.000  0.323E+01   0.47161E-02   0.00000E+00   0.10000E+00    0.50249E-02 -359.57         test_N_all
.8200E+00    10.000  0.308E+01   0.41620E-02   0.00000E+00   0.10000E+00    0.50249E-02 -363.76         test_N_all
.8300E+00    10.000  0.293E+01   0.36574E-02   0.00000E+00   0.10000E+00    0.50249E-02 -367.60         test_N_all
.8400E+00    10.000  0.279E+01   0.32006E-02   0.00000E+00   0.10000E+00    0.50249E-02 -371.09         test_N_all
.8500E+00    10.000  0.265E+01   0.27874E-02   0.00000E+00   0.10000E+00    0.50249E-02 -374.27         test_N_all
.8600E+00    10.000  0.251E+01   0.24149E-02   0.00000E+00   0.10000E+00    0.50249E-02 -377.14         test_N_all
.8700E+00    10.000  0.238E+01   0.20806E-02   0.00000E+00   0.10000E+00    0.50249E-02 -379.73         test_N_all
.8800E+00    10.000  0.225E+01   0.17820E-02   0.00000E+00   0.10000E+00    0.50249E-02 -382.05         test_N_all
.8900E+00    10.000  0.212E+01   0.15149E-02   0.00000E+00   0.10000E+00    0.50249E-02 -384.13         test_N_all
.9000E+00    10.000  0.199E+01   0.12783E-02   0.00000E+00   0.10000E+00    0.17692E-02 *******         test_N_all
.9100E+00    10.000  0.187E+01   0.10699E-02   0.00000E+00   0.10000E+00    0.50249E-02 -387.61         test_N_all
.9200E+00    10.000  0.175E+01   0.88626E-03   0.00000E+00   0.10000E+00    0.50249E-02 -389.05         test_N_all
.9300E+00    10.000  0.163E+01   0.72648E-03   0.00000E+00   0.10000E+00    0.50249E-02 -390.31         test_N_all
.9400E+00    10.000  0.152E+01   0.58866E-03   0.00000E+00   0.10000E+00    0.50249E-02 -391.39         test_N_all
.9500E+00    10.000  0.141E+01   0.46981E-03   0.00000E+00   0.10000E+00    0.50249E-02 -392.33         test_N_all
.9600E+00    10.000  0.130E+01   0.36913E-03   0.00000E+00   0.10000E+00    0.50249E-02 -393.12         test_N_all
.9700E+00    10.000  0.119E+01   0.28509E-03   0.00000E+00   0.10000E+00    0.50249E-02 -393.78         test_N_all
.9800E+00    10.000  0.109E+01   0.21488E-03   0.00000E+00   0.10000E+00    0.50249E-02 -394.34         test_N_all
.9900E+00    10.000  0.983E+00   0.15791E-03   0.00000E+00   0.10000E+00    0.50249E-02 -394.79         test_N_all
.1000E+01    10.000  0.882E+00   0.11287E-03   0.00000E+00   0.10000E+00    0.50249E-02 -395.15         test_N_all
.1000E-01    20.000  0.198E+04   0.60807E+00   0.00000E+00   0.10000E+00    0.50249E-02 *******         test_N_all
.2000E-01    20.000  0.981E+03   0.50708E+00   0.00000E+00   0.10000E+00    0.50249E-02 6562.97         test_N_all
.3000E-01    20.000  0.648E+03   0.45404E+00   0.00000E+00   0.10000E+00    0.50249E-02 4964.10         test_N_all
.4000E-01    20.000  0.481E+03   0.42494E+00   0.00000E+00   0.10000E+00    0.50249E-02 4181.70         test_N_all
.5000E-01    20.000  0.381E+03   0.40080E+00   0.00000E+00   0.10000E+00    0.50249E-02 3583.29         test_N_all
.6000E-01    20.000  0.314E+03   0.38374E+00   0.00000E+00   0.10000E+00    0.50249E-02 3188.52         test_N_all
.7000E-01    20.000  0.267E+03   0.36859E+00   0.00000E+00   0.10000E+00    0.50249E-02 2857.15         test_N_all
.8000E-01    20.000  0.231E+03   0.35609E+00   0.00000E+00   0.10000E+00    0.50249E-02 2597.29         test_N_all
.9000E-01    20.000  0.203E+03   0.34448E+00   0.00000E+00   0.10000E+00    0.50249E-02 2367.19         test_N_all
.1000E+00    20.000  0.181E+03   0.33390E+00   0.00000E+00   0.10000E+00    0.50249E-02 2166.65         test_N_all
.1100E+00    20.000  0.163E+03   0.32368E+00   0.00000E+00   0.10000E+00    0.50249E-02 1981.44         test_N_all
.1200E+00    20.000  0.148E+03   0.31390E+00   0.00000E+00   0.10000E+00    0.50249E-02 1812.07         test_N_all
.1300E+00    20.000  0.135E+03   0.30446E+00   0.00000E+00   0.10000E+00    0.50249E-02 1655.59         test_N_all
.1400E+00    20.000  0.124E+03   0.29521E+00   0.00000E+00   0.10000E+00    0.50249E-02 1509.24         test_N_all
.1500E+00    20.000  0.114E+03   0.28622E+00   0.00000E+00   0.10000E+00    0.50249E-02 1373.42         test_N_all
.1600E+00    20.000  0.106E+03   0.27742E+00   0.00000E+00   0.10000E+00    0.50249E-02 1246.67         test_N_all
.1700E+00    20.000  0.985E+02   0.26883E+00   0.00000E+00   0.10000E+00    0.50249E-02 1128.84         test_N_all
.1800E+00    20.000  0.920E+02   0.26044E+00   0.00000E+00   0.10000E+00    0.50249E-02 1019.42         test_N_all
.1900E+00    20.000  0.861E+02   0.25223E+00   0.00000E+00   0.10000E+00    0.50249E-02  917.84         test_N_all
.2000E+00    20.000  0.809E+02   0.24422E+00   0.00000E+00   0.10000E+00    0.50249E-02  823.74         test_N_all
.2100E+00    20.000  0.761E+02   0.23638E+00   0.00000E+00   0.10000E+00    0.50249E-02  736.60         test_N_all
.2200E+00    20.000  0.718E+02   0.22871E+00   0.00000E+00   0.10000E+00    0.50249E-02  656.06         test_N_all
.2300E+00    20.000  0.678E+02   0.22119E+00   0.00000E+00   0.10000E+00    0.50249E-02  581.71         test_N_all
.2400E+00    20.000  0.642E+02   0.21383E+00   0.00000E+00   0.10000E+00    0.50249E-02  513.14         test_N_all
.2500E+00    20.000  0.609E+02   0.20661E+00   0.00000E+00   0.10000E+00    0.50249E-02  450.09         test_N_all
.2600E+00    20.000  0.578E+02   0.19951E+00   0.00000E+00   0.10000E+00    0.50249E-02  392.14         test_N_all
.2700E+00    20.000  0.550E+02   0.19253E+00   0.00000E+00   0.10000E+00    0.50249E-02  339.08         test_N_all
.2800E+00    20.000  0.523E+02   0.18567E+00   0.00000E+00   0.10000E+00    0.50249E-02  290.65         test_N_all
.2900E+00    20.000  0.498E+02   0.17891E+00   0.00000E+00   0.10000E+00    0.50249E-02  246.58         test_N_all
.3000E+00    20.000  0.475E+02   0.17224E+00   0.00000E+00   0.10000E+00    0.18868E-02 1466.02         test_N_all
.3100E+00    20.000  0.454E+02   0.16568E+00   0.00000E+00   0.10000E+00    0.50249E-02  170.85         test_N_all
.3200E+00    20.000  0.434E+02   0.15921E+00   0.00000E+00   0.10000E+00    0.50249E-02  138.85         test_N_all
.3300E+00    20.000  0.415E+02   0.15283E+00   0.00000E+00   0.10000E+00    0.50249E-02  110.55         test_N_all
.3400E+00    20.000  0.397E+02   0.14654E+00   0.00000E+00   0.10000E+00    0.50249E-02   85.79         test_N_all
.3500E+00    20.000  0.380E+02   0.14034E+00   0.00000E+00   0.10000E+00    0.50249E-02   64.46         test_N_all
.3600E+00    20.000  0.364E+02   0.13424E+00   0.00000E+00   0.10000E+00    0.50249E-02   46.43         test_N_all
.3700E+00    20.000  0.349E+02   0.12823E+00   0.00000E+00   0.10000E+00    0.50249E-02   31.56         test_N_all
.3800E+00    20.000  0.335E+02   0.12233E+00   0.00000E+00   0.10000E+00    0.50249E-02   19.74         test_N_all
.3900E+00    20.000  0.322E+02   0.11653E+00   0.00000E+00   0.10000E+00    0.50249E-02   10.82         test_N_all
.4000E+00    20.000  0.309E+02   0.11085E+00   0.00000E+00   0.10000E+00    0.17692E-02   37.60         test_N_all
.4100E+00    20.000  0.297E+02   0.10529E+00   0.00000E+00   0.10000E+00    0.50249E-02    1.11         test_N_all
.4200E+00    20.000  0.285E+02   0.99855E-01   0.00000E+00   0.10000E+00    0.50249E-02   -0.00         test_N_all
.4300E+00    20.000  0.274E+02   0.94555E-01   0.00000E+00   0.10000E+00    0.50249E-02   -1.17         test_N_all
.4400E+00    20.000  0.263E+02   0.89398E-01   0.00000E+00   0.10000E+00    0.50249E-02   -4.45         test_N_all
.4500E+00    20.000  0.253E+02   0.84386E-01   0.00000E+00   0.10000E+00    0.50249E-02   -9.65         test_N_all
.4600E+00    20.000  0.244E+02   0.79527E-01   0.00000E+00   0.10000E+00    0.50249E-02  -16.60         test_N_all
.4700E+00    20.000  0.234E+02   0.74826E-01   0.00000E+00   0.10000E+00    0.50249E-02  -25.10         test_N_all
.4800E+00    20.000  0.225E+02   0.70284E-01   0.00000E+00   0.10000E+00    0.50249E-02  -34.97         test_N_all
.4900E+00    20.000  0.217E+02   0.65910E-01   0.00000E+00   0.10000E+00    0.50249E-02  -46.03         test_N_all
.5000E+00    20.000  0.209E+02   0.61702E-01   0.00000E+00   0.10000E+00    0.17692E-02 -468.61         test_N_all
.5100E+00    20.000  0.201E+02   0.57663E-01   0.00000E+00   0.10000E+00    0.50249E-02  -70.99         test_N_all
.5200E+00    20.000  0.193E+02   0.53796E-01   0.00000E+00   0.10000E+00    0.50249E-02  -84.55         test_N_all
.5300E+00    20.000  0.186E+02   0.50099E-01   0.00000E+00   0.10000E+00    0.50249E-02  -98.62         test_N_all
.5400E+00    20.000  0.179E+02   0.46575E-01   0.00000E+00   0.10000E+00    0.50249E-02 -113.04         test_N_all
.5500E+00    20.000  0.172E+02   0.43221E-01   0.00000E+00   0.10000E+00    0.50249E-02 -127.68         test_N_all
.5600E+00    20.000  0.166E+02   0.40034E-01   0.00000E+00   0.10000E+00    0.50249E-02 -142.41         test_N_all
.5700E+00    20.000  0.160E+02   0.37016E-01   0.00000E+00   0.10000E+00    0.50249E-02 -157.11         test_N_all
.5800E+00    20.000  0.154E+02   0.34161E-01   0.00000E+00   0.10000E+00    0.50249E-02 -171.67         test_N_all
.5900E+00    20.000  0.148E+02   0.31467E-01   0.00000E+00   0.10000E+00    0.50249E-02 -186.01         test_N_all
.6000E+00    20.000  0.142E+02   0.28929E-01   0.00000E+00   0.10000E+00    0.17692E-02 *******         test_N_all
.6100E+00    20.000  0.137E+02   0.26543E-01   0.00000E+00   0.10000E+00    0.50249E-02 -213.70         test_N_all
.6200E+00    20.000  0.131E+02   0.24306E-01   0.00000E+00   0.10000E+00    0.50249E-02 -226.91         test_N_all
.6300E+00    20.000  0.126E+02   0.22212E-01   0.00000E+00   0.10000E+00    0.50249E-02 -239.64         test_N_all
.6400E+00    20.000  0.121E+02   0.20256E-01   0.00000E+00   0.10000E+00    0.50249E-02 -251.85         test_N_all
.6500E+00    20.000  0.117E+02   0.18432E-01   0.00000E+00   0.10000E+00    0.50249E-02 -263.50         test_N_all
.6600E+00    20.000  0.112E+02   0.16735E-01   0.00000E+00   0.10000E+00    0.50249E-02 -274.57         test_N_all
.6700E+00    20.000  0.107E+02   0.15160E-01   0.00000E+00   0.10000E+00    0.50249E-02 -285.06         test_N_all
.6800E+00    20.000  0.103E+02   0.13700E-01   0.00000E+00   0.10000E+00    0.50249E-02 -294.96         test_N_all
.6900E+00    20.000  0.987E+01   0.12351E-01   0.00000E+00   0.10000E+00    0.50249E-02 -304.25         test_N_all
.7000E+00    20.000  0.945E+01   0.11105E-01   0.00000E+00   0.10000E+00    0.17692E-02 *******         test_N_all
.7100E+00    20.000  0.905E+01   0.99584E-02   0.00000E+00   0.10000E+00    0.50249E-02 -321.09         test_N_all
.7200E+00    20.000  0.866E+01   0.89050E-02   0.00000E+00   0.10000E+00    0.50249E-02 -328.65         test_N_all
.7300E+00    20.000  0.828E+01   0.79388E-02   0.00000E+00   0.10000E+00    0.50249E-02 -335.65         test_N_all
.7400E+00    20.000  0.791E+01   0.70556E-02   0.00000E+00   0.10000E+00    0.50249E-02 -342.13         test_N_all
.7500E+00    20.000  0.755E+01   0.62491E-02   0.00000E+00   0.10000E+00    0.50249E-02 -348.09         test_N_all
.7600E+00    20.000  0.720E+01   0.55149E-02   0.00000E+00   0.10000E+00    0.50249E-02 -353.56         test_N_all
.7700E+00    20.000  0.686E+01   0.48488E-02   0.00000E+00   0.10000E+00    0.50249E-02 -358.56         test_N_all
.7800E+00    20.000  0.652E+01   0.42445E-02   0.00000E+00   0.10000E+00    0.50249E-02 -363.13         test_N_all
.7900E+00    20.000  0.620E+01   0.36993E-02   0.00000E+00   0.10000E+00    0.50249E-02 -367.28         test_N_all
.8000E+00    20.000  0.588E+01   0.32087E-02   0.00000E+00   0.10000E+00    0.17692E-02 *******         test_N_all
.8100E+00    20.000  0.557E+01   0.27677E-02   0.00000E+00   0.10000E+00    0.50249E-02 -374.42         test_N_all
.8200E+00    20.000  0.527E+01   0.23742E-02   0.00000E+00   0.10000E+00    0.50249E-02 -377.46         test_N_all
.8300E+00    20.000  0.498E+01   0.20227E-02   0.00000E+00   0.10000E+00    0.50249E-02 -380.18         test_N_all
.8400E+00    20.000  0.469E+01   0.17114E-02   0.00000E+00   0.10000E+00    0.50249E-02 -382.60         test_N_all
.8500E+00    20.000  0.441E+01   0.14372E-02   0.00000E+00   0.10000E+00    0.50249E-02 -384.74         test_N_all
.8600E+00    20.000  0.414E+01   0.11958E-02   0.00000E+00   0.10000E+00    0.50249E-02 -386.62         test_N_all
.8700E+00    20.000  0.387E+01   0.98532E-03   0.00000E+00   0.10000E+00    0.50249E-02 -388.27         test_N_all
.8800E+00    20.000  0.361E+01   0.80333E-03   0.00000E+00   0.10000E+00    0.50249E-02 -389.70         test_N_all
.8900E+00    20.000  0.335E+01   0.64622E-03   0.00000E+00   0.10000E+00    0.50249E-02 -390.94         test_N_all
.9000E+00    20.000  0.310E+01   0.51268E-03   0.00000E+00   0.10000E+00    0.17692E-02 *******         test_N_all
.9100E+00    20.000  0.286E+01   0.40020E-03   0.00000E+00   0.10000E+00    0.50249E-02 -392.88         test_N_all
.9200E+00    20.000  0.262E+01   0.30613E-03   0.00000E+00   0.10000E+00    0.50249E-02 -393.62         test_N_all
.9300E+00    20.000  0.239E+01   0.22923E-03   0.00000E+00   0.10000E+00    0.50249E-02 -394.23         test_N_all
.9400E+00    20.000  0.216E+01   0.16703E-03   0.00000E+00   0.10000E+00    0.50249E-02 -394.72         test_N_all
.9500E+00    20.000  0.193E+01   0.11768E-03   0.00000E+00   0.10000E+00    0.50249E-02 -395.11         test_N_all
.9600E+00    20.000  0.172E+01   0.80012E-04   0.00000E+00   0.10000E+00    0.50249E-02 -395.41         test_N_all
.9700E+00    20.000  0.150E+01   0.51440E-04   0.00000E+00   0.10000E+00    0.50249E-02 -395.63         test_N_all
.9800E+00    20.000  0.129E+01   0.30950E-04   0.00000E+00   0.10000E+00    0.50249E-02 -395.79         test_N_all
.9900E+00    20.000  0.108E+01   0.17462E-04   0.00000E+00   0.10000E+00    0.50249E-02 -395.90         test_N_all
.1000E+01    20.000  0.882E+00   0.82767E-05   0.00000E+00   0.10000E+00    0.50249E-02 -395.97         test_N_all
.1000E+00    50.000  0.451E+03   0.33685E+00   0.00000E+00   0.10000E+00    0.50249E-02 2221.75         test_N_all
.1100E+00    50.000  0.405E+03   0.32418E+00   0.00000E+00   0.10000E+00    0.50249E-02 1990.44         test_N_all
.1200E+00    50.000  0.368E+03   0.31237E+00   0.00000E+00   0.10000E+00    0.50249E-02 1786.11         test_N_all
.1300E+00    50.000  0.335E+03   0.30119E+00   0.00000E+00   0.10000E+00    0.50249E-02 1603.14         test_N_all
.1400E+00    50.000  0.308E+03   0.29046E+00   0.00000E+00   0.10000E+00    0.50249E-02 1436.69         test_N_all
.1500E+00    50.000  0.284E+03   0.28023E+00   0.00000E+00   0.10000E+00    0.50249E-02 1286.40         test_N_all
.1600E+00    50.000  0.263E+03   0.27034E+00   0.00000E+00   0.10000E+00    0.50249E-02 1149.12         test_N_all
.1700E+00    50.000  0.245E+03   0.26082E+00   0.00000E+00   0.10000E+00    0.50249E-02 1024.28         test_N_all
.1800E+00    50.000  0.229E+03   0.25163E+00   0.00000E+00   0.10000E+00    0.50249E-02  910.61         test_N_all
.1900E+00    50.000  0.214E+03   0.24274E+00   0.00000E+00   0.10000E+00    0.50249E-02  806.88         test_N_all
.2000E+00    50.000  0.201E+03   0.23413E+00   0.00000E+00   0.10000E+00    0.50249E-02  712.48         test_N_all
.2100E+00    50.000  0.189E+03   0.22576E+00   0.00000E+00   0.10000E+00    0.50249E-02  626.36         test_N_all
.2200E+00    50.000  0.178E+03   0.21763E+00   0.00000E+00   0.10000E+00    0.50249E-02  548.02         test_N_all
.2300E+00    50.000  0.168E+03   0.20973E+00   0.00000E+00   0.10000E+00    0.50249E-02  476.82         test_N_all
.2400E+00    50.000  0.159E+03   0.20201E+00   0.00000E+00   0.10000E+00    0.50249E-02  412.16         test_N_all
.2500E+00    50.000  0.151E+03   0.19450E+00   0.00000E+00   0.10000E+00    0.50249E-02  353.64         test_N_all
.2600E+00    50.000  0.143E+03   0.18714E+00   0.00000E+00   0.10000E+00    0.50249E-02  300.74         test_N_all
.2700E+00    50.000  0.136E+03   0.17995E+00   0.00000E+00   0.10000E+00    0.50249E-02  253.15         test_N_all
.2800E+00    50.000  0.129E+03   0.17291E+00   0.00000E+00   0.10000E+00    0.50249E-02  210.53         test_N_all
.2900E+00    50.000  0.123E+03   0.16601E+00   0.00000E+00   0.10000E+00    0.50249E-02  172.56         test_N_all
.3000E+00    50.000  0.118E+03   0.15924E+00   0.00000E+00   0.10000E+00    0.18868E-02  985.93         test_N_all
.3100E+00    50.000  0.112E+03   0.15260E+00   0.00000E+00   0.10000E+00    0.50249E-02  109.59         test_N_all
.3200E+00    50.000  0.107E+03   0.14609E+00   0.00000E+00   0.10000E+00    0.50249E-02   84.13         test_N_all
.3300E+00    50.000  0.102E+03   0.13970E+00   0.00000E+00   0.10000E+00    0.50249E-02   62.42         test_N_all
.3400E+00    50.000  0.979E+02   0.13343E+00   0.00000E+00   0.10000E+00    0.50249E-02   44.26         test_N_all
.3500E+00    50.000  0.937E+02   0.12728E+00   0.00000E+00   0.10000E+00    0.50249E-02   29.48         test_N_all
.3600E+00    50.000  0.898E+02   0.12126E+00   0.00000E+00   0.10000E+00    0.50249E-02   17.90         test_N_all
.3700E+00    50.000  0.860E+02   0.11537E+00   0.00000E+00   0.10000E+00    0.50249E-02    9.35         test_N_all
.3800E+00    50.000  0.825E+02   0.10960E+00   0.00000E+00   0.10000E+00    0.50249E-02    3.65         test_N_all
.3900E+00    50.000  0.791E+02   0.10398E+00   0.00000E+00   0.10000E+00    0.50249E-02    0.63         test_N_all
.4000E+00    50.000  0.759E+02   0.98490E-01   0.00000E+00   0.10000E+00    0.17692E-02   -0.73         test_N_all
.4100E+00    50.000  0.728E+02   0.93150E-01   0.00000E+00   0.10000E+00    0.50249E-02   -1.86         test_N_all
.4200E+00    50.000  0.699E+02   0.87961E-01   0.00000E+00   0.10000E+00    0.50249E-02   -5.74         test_N_all
.4300E+00    50.000  0.672E+02   0.82925E-01   0.00000E+00   0.10000E+00    0.50249E-02  -11.55         test_N_all
.4400E+00    50.000  0.645E+02   0.78051E-01   0.00000E+00   0.10000E+00    0.50249E-02  -19.08         test_N_all
.4500E+00    50.000  0.620E+02   0.73338E-01   0.00000E+00   0.10000E+00    0.50249E-02  -28.15         test_N_all
.4600E+00    50.000  0.596E+02   0.68793E-01   0.00000E+00   0.10000E+00    0.50249E-02  -38.57         test_N_all
.4700E+00    50.000  0.573E+02   0.64418E-01   0.00000E+00   0.10000E+00    0.50249E-02  -50.14         test_N_all
.4800E+00    50.000  0.550E+02   0.60214E-01   0.00000E+00   0.10000E+00    0.50249E-02  -62.69         test_N_all
.4900E+00    50.000  0.529E+02   0.56185E-01   0.00000E+00   0.10000E+00    0.50249E-02  -76.03         test_N_all
.5000E+00    50.000  0.509E+02   0.52329E-01   0.00000E+00   0.10000E+00    0.17692E-02 -726.04         test_N_all
.5100E+00    50.000  0.489E+02   0.48649E-01   0.00000E+00   0.10000E+00    0.50249E-02 -104.43         test_N_all
.5200E+00    50.000  0.470E+02   0.45143E-01   0.00000E+00   0.10000E+00    0.50249E-02 -119.18         test_N_all
.5300E+00    50.000  0.452E+02   0.41810E-01   0.00000E+00   0.10000E+00    0.50249E-02 -134.10         test_N_all
.5400E+00    50.000  0.435E+02   0.38649E-01   0.00000E+00   0.10000E+00    0.50249E-02 -149.07         test_N_all
.5500E+00    50.000  0.418E+02   0.35656E-01   0.00000E+00   0.10000E+00    0.50249E-02 -163.97         test_N_all
.5600E+00    50.000  0.402E+02   0.32829E-01   0.00000E+00   0.10000E+00    0.50249E-02 -178.69         test_N_all
.5700E+00    50.000  0.386E+02   0.30166E-01   0.00000E+00   0.10000E+00    0.50249E-02 -193.14         test_N_all
.5800E+00    50.000  0.371E+02   0.27660E-01   0.00000E+00   0.10000E+00    0.50249E-02 -207.25         test_N_all
.5900E+00    50.000  0.356E+02   0.25310E-01   0.00000E+00   0.10000E+00    0.50249E-02 -220.94         test_N_all
.6000E+00    50.000  0.342E+02   0.23108E-01   0.00000E+00   0.10000E+00    0.17692E-02 *******         test_N_all
.6100E+00    50.000  0.328E+02   0.21052E-01   0.00000E+00   0.10000E+00    0.50249E-02 -246.85         test_N_all
.6200E+00    50.000  0.315E+02   0.19134E-01   0.00000E+00   0.10000E+00    0.50249E-02 -258.98         test_N_all
.6300E+00    50.000  0.302E+02   0.17351E-01   0.00000E+00   0.10000E+00    0.50249E-02 -270.53         test_N_all
.6400E+00    50.000  0.290E+02   0.15695E-01   0.00000E+00   0.10000E+00    0.50249E-02 -281.48         test_N_all
.6500E+00    50.000  0.278E+02   0.14162E-01   0.00000E+00   0.10000E+00    0.50249E-02 -291.81         test_N_all
.6600E+00    50.000  0.266E+02   0.12745E-01   0.00000E+00   0.10000E+00    0.50249E-02 -301.52         test_N_all
.6700E+00    50.000  0.255E+02   0.11439E-01   0.00000E+00   0.10000E+00    0.50249E-02 -310.62         test_N_all
.6800E+00    50.000  0.244E+02   0.10238E-01   0.00000E+00   0.10000E+00    0.50249E-02 -319.10         test_N_all
.6900E+00    50.000  0.233E+02   0.91354E-02   0.00000E+00   0.10000E+00    0.50249E-02 -326.99         test_N_all
.7000E+00    50.000  0.223E+02   0.81263E-02   0.00000E+00   0.10000E+00    0.17692E-02 *******         test_N_all
.7100E+00    50.000  0.213E+02   0.72051E-02   0.00000E+00   0.10000E+00    0.50249E-02 -341.03         test_N_all
.7200E+00    50.000  0.203E+02   0.63655E-02   0.00000E+00   0.10000E+00    0.50249E-02 -347.22         test_N_all
.7300E+00    50.000  0.194E+02   0.56034E-02   0.00000E+00   0.10000E+00    0.50249E-02 -352.90         test_N_all
.7400E+00    50.000  0.184E+02   0.49124E-02   0.00000E+00   0.10000E+00    0.50249E-02 -358.09         test_N_all
.7500E+00    50.000  0.175E+02   0.42883E-02   0.00000E+00   0.10000E+00    0.50249E-02 -362.80         test_N_all
.7600E+00    50.000  0.167E+02   0.37268E-02   0.00000E+00   0.10000E+00    0.50249E-02 -367.07         test_N_all
.7700E+00    50.000  0.158E+02   0.32219E-02   0.00000E+00   0.10000E+00    0.50249E-02 -370.93         test_N_all
.7800E+00    50.000  0.150E+02   0.27709E-02   0.00000E+00   0.10000E+00    0.50249E-02 -374.40         test_N_all
.7900E+00    50.000  0.142E+02   0.23687E-02   0.00000E+00   0.10000E+00    0.50249E-02 -377.50         test_N_all
.8000E+00    50.000  0.134E+02   0.20116E-02   0.00000E+00   0.10000E+00    0.17692E-02 *******         test_N_all
.8100E+00    50.000  0.126E+02   0.16964E-02   0.00000E+00   0.10000E+00    0.50249E-02 -382.72         test_N_all
.8200E+00    50.000  0.119E+02   0.14189E-02   0.00000E+00   0.10000E+00    0.50249E-02 -384.88         test_N_all
.8300E+00    50.000  0.111E+02   0.11766E-02   0.00000E+00   0.10000E+00    0.50249E-02 -386.77         test_N_all
.8400E+00    50.000  0.104E+02   0.96622E-03   0.00000E+00   0.10000E+00    0.50249E-02 -388.42         test_N_all
.8500E+00    50.000  0.971E+01   0.78433E-03   0.00000E+00   0.10000E+00    0.50249E-02 -389.85         test_N_all
.8600E+00    50.000  0.902E+01   0.62912E-03   0.00000E+00   0.10000E+00    0.50249E-02 -391.07         test_N_all
.8700E+00    50.000  0.835E+01   0.49704E-03   0.00000E+00   0.10000E+00    0.50249E-02 -392.11         test_N_all
.8800E+00    50.000  0.770E+01   0.38633E-03   0.00000E+00   0.10000E+00    0.50249E-02 -392.99         test_N_all
.8900E+00    50.000  0.706E+01   0.29482E-03   0.00000E+00   0.10000E+00    0.50249E-02 -393.71         test_N_all
.9000E+00    50.000  0.644E+01   0.21963E-03   0.00000E+00   0.10000E+00    0.17692E-02 *******         test_N_all
.9100E+00    50.000  0.583E+01   0.15957E-03   0.00000E+00   0.10000E+00    0.50249E-02 -394.78         test_N_all
.9200E+00    50.000  0.523E+01   0.11218E-03   0.00000E+00   0.10000E+00    0.50249E-02 -395.15         test_N_all
.9300E+00    50.000  0.465E+01   0.75735E-04   0.00000E+00   0.10000E+00    0.50249E-02 -395.44         test_N_all
.9400E+00    50.000  0.407E+01   0.49009E-04   0.00000E+00   0.10000E+00    0.50249E-02 -395.65         test_N_all
.9500E+00    50.000  0.351E+01   0.29377E-04   0.00000E+00   0.10000E+00    0.50249E-02 -395.81         test_N_all
.9600E+00    50.000  0.297E+01   0.16282E-04   0.00000E+00   0.10000E+00    0.50249E-02 -395.91         test_N_all
.9700E+00    50.000  0.243E+01   0.80975E-05   0.00000E+00   0.10000E+00    0.50249E-02 -395.98         test_N_all
.9800E+00    50.000  0.190E+01   0.31755E-05   0.00000E+00   0.10000E+00    0.50249E-02 -396.01         test_N_all
.9900E+00    50.000  0.139E+01   0.10686E-05   0.00000E+00   0.10000E+00    0.50249E-02 -396.03         test_N_all
.1000E+01    50.000  0.882E+00   0.73129E-06   0.00000E+00   0.10000E+00    0.50249E-02 -396.03         test_N_all
.1000E+00   100.000  0.901E+03   0.33772E+00   0.00000E+00   0.10000E+00    0.50249E-02 2238.06         test_N_all
.1100E+00   100.000  0.810E+03   0.32350E+00   0.00000E+00   0.10000E+00    0.50249E-02 1978.31         test_N_all
.1200E+00   100.000  0.734E+03   0.31040E+00   0.00000E+00   0.10000E+00    0.50249E-02 1753.16         test_N_all
.1300E+00   100.000  0.670E+03   0.29815E+00   0.00000E+00   0.10000E+00    0.50249E-02 1554.99         test_N_all
.1400E+00   100.000  0.615E+03   0.28650E+00   0.00000E+00   0.10000E+00    0.50249E-02 1377.54         test_N_all
.1500E+00   100.000  0.568E+03   0.27550E+00   0.00000E+00   0.10000E+00    0.50249E-02 1219.81         test_N_all
.1600E+00   100.000  0.526E+03   0.26495E+00   0.00000E+00   0.10000E+00    0.50249E-02 1077.55         test_N_all
.1700E+00   100.000  0.489E+03   0.25487E+00   0.00000E+00   0.10000E+00    0.50249E-02  949.87         test_N_all
.1800E+00   100.000  0.456E+03   0.24520E+00   0.00000E+00   0.10000E+00    0.50249E-02  835.00         test_N_all
.1900E+00   100.000  0.427E+03   0.23589E+00   0.00000E+00   0.10000E+00    0.50249E-02  731.35         test_N_all
.2000E+00   100.000  0.401E+03   0.22693E+00   0.00000E+00   0.10000E+00    0.50249E-02  638.10         test_N_all
.2100E+00   100.000  0.377E+03   0.21826E+00   0.00000E+00   0.10000E+00    0.50249E-02  553.92         test_N_all
.2200E+00   100.000  0.355E+03   0.20988E+00   0.00000E+00   0.10000E+00    0.50249E-02  478.16         test_N_all
.2300E+00   100.000  0.336E+03   0.20175E+00   0.00000E+00   0.10000E+00    0.50249E-02  410.06         test_N_all
.2400E+00   100.000  0.318E+03   0.19386E+00   0.00000E+00   0.10000E+00    0.50249E-02  348.89         test_N_all
.2500E+00   100.000  0.301E+03   0.18619E+00   0.00000E+00   0.10000E+00    0.50249E-02  294.20         test_N_all
.2600E+00   100.000  0.285E+03   0.17871E+00   0.00000E+00   0.10000E+00    0.50249E-02  245.36         test_N_all
.2700E+00   100.000  0.271E+03   0.17142E+00   0.00000E+00   0.10000E+00    0.50249E-02  202.03         test_N_all
.2800E+00   100.000  0.258E+03   0.16431E+00   0.00000E+00   0.10000E+00    0.50249E-02  163.81         test_N_all
.2900E+00   100.000  0.246E+03   0.15736E+00   0.00000E+00   0.10000E+00    0.50249E-02  130.32         test_N_all
.3000E+00   100.000  0.234E+03   0.15058E+00   0.00000E+00   0.10000E+00    0.18868E-02  718.58         test_N_all
.3100E+00   100.000  0.223E+03   0.14394E+00   0.00000E+00   0.10000E+00    0.50249E-02   76.46         test_N_all
.3200E+00   100.000  0.213E+03   0.13745E+00   0.00000E+00   0.10000E+00    0.50249E-02   55.54         test_N_all
.3300E+00   100.000  0.204E+03   0.13110E+00   0.00000E+00   0.10000E+00    0.50249E-02   38.31         test_N_all
.3400E+00   100.000  0.195E+03   0.12490E+00   0.00000E+00   0.10000E+00    0.50249E-02   24.55         test_N_all
.3500E+00   100.000  0.187E+03   0.11884E+00   0.00000E+00   0.10000E+00    0.50249E-02   14.06         test_N_all
.3600E+00   100.000  0.179E+03   0.11293E+00   0.00000E+00   0.10000E+00    0.50249E-02    6.62         test_N_all
.3700E+00   100.000  0.171E+03   0.10716E+00   0.00000E+00   0.10000E+00    0.50249E-02    2.03         test_N_all
.3800E+00   100.000  0.164E+03   0.10154E+00   0.00000E+00   0.10000E+00    0.50249E-02    0.09         test_N_all
.3900E+00   100.000  0.157E+03   0.96071E-01   0.00000E+00   0.10000E+00    0.50249E-02   -0.61         test_N_all
.4000E+00   100.000  0.151E+03   0.90760E-01   0.00000E+00   0.10000E+00    0.17692E-02  -27.28         test_N_all
.4100E+00   100.000  0.145E+03   0.85609E-01   0.00000E+00   0.10000E+00    0.50249E-02   -8.20         test_N_all
.4200E+00   100.000  0.139E+03   0.80621E-01   0.00000E+00   0.10000E+00    0.50249E-02  -14.87         test_N_all
.4300E+00   100.000  0.133E+03   0.75799E-01   0.00000E+00   0.10000E+00    0.50249E-02  -23.20         test_N_all
.4400E+00   100.000  0.128E+03   0.71147E-01   0.00000E+00   0.10000E+00    0.50249E-02  -32.97         test_N_all
.4500E+00   100.000  0.123E+03   0.66665E-01   0.00000E+00   0.10000E+00    0.50249E-02  -44.01         test_N_all
.4600E+00   100.000  0.118E+03   0.62359E-01   0.00000E+00   0.10000E+00    0.50249E-02  -56.11         test_N_all
.4700E+00   100.000  0.114E+03   0.58228E-01   0.00000E+00   0.10000E+00    0.50249E-02  -69.11         test_N_all
.4800E+00   100.000  0.109E+03   0.54272E-01   0.00000E+00   0.10000E+00    0.50249E-02  -82.81         test_N_all
.4900E+00   100.000  0.105E+03   0.50494E-01   0.00000E+00   0.10000E+00    0.50249E-02  -97.06         test_N_all
.5000E+00   100.000  0.101E+03   0.46891E-01   0.00000E+00   0.10000E+00    0.17692E-02 -901.14         test_N_all
.5100E+00   100.000  0.970E+02   0.43464E-01   0.00000E+00   0.10000E+00    0.50249E-02 -126.59         test_N_all
.5200E+00   100.000  0.932E+02   0.40210E-01   0.00000E+00   0.10000E+00    0.50249E-02 -141.58         test_N_all
.5300E+00   100.000  0.896E+02   0.37127E-01   0.00000E+00   0.10000E+00    0.50249E-02 -156.56         test_N_all
.5400E+00   100.000  0.861E+02   0.34213E-01   0.00000E+00   0.10000E+00    0.50249E-02 -171.41         test_N_all
.5500E+00   100.000  0.827E+02   0.31463E-01   0.00000E+00   0.10000E+00    0.50249E-02 -186.03         test_N_all
.5600E+00   100.000  0.795E+02   0.28875E-01   0.00000E+00   0.10000E+00    0.50249E-02 -200.35         test_N_all
.5700E+00   100.000  0.763E+02   0.26443E-01   0.00000E+00   0.10000E+00    0.50249E-02 -214.28         test_N_all
.5800E+00   100.000  0.733E+02   0.24165E-01   0.00000E+00   0.10000E+00    0.50249E-02 -227.76         test_N_all
.5900E+00   100.000  0.704E+02   0.22034E-01   0.00000E+00   0.10000E+00    0.50249E-02 -240.74         test_N_all
.6000E+00   100.000  0.675E+02   0.20045E-01   0.00000E+00   0.10000E+00    0.17692E-02 *******         test_N_all
.6100E+00   100.000  0.648E+02   0.18194E-01   0.00000E+00   0.10000E+00    0.50249E-02 -265.04         test_N_all
.6200E+00   100.000  0.622E+02   0.16474E-01   0.00000E+00   0.10000E+00    0.50249E-02 -276.30         test_N_all
.6300E+00   100.000  0.596E+02   0.14880E-01   0.00000E+00   0.10000E+00    0.50249E-02 -286.95         test_N_all
.6400E+00   100.000  0.571E+02   0.13405E-01   0.00000E+00   0.10000E+00    0.50249E-02 -296.98         test_N_all
.6500E+00   100.000  0.547E+02   0.12045E-01   0.00000E+00   0.10000E+00    0.50249E-02 -306.38         test_N_all
.6600E+00   100.000  0.524E+02   0.10792E-01   0.00000E+00   0.10000E+00    0.50249E-02 -315.17         test_N_all
.6700E+00   100.000  0.501E+02   0.96423E-02   0.00000E+00   0.10000E+00    0.50249E-02 -323.35         test_N_all
.6800E+00   100.000  0.479E+02   0.85890E-02   0.00000E+00   0.10000E+00    0.50249E-02 -330.93         test_N_all
.6900E+00   100.000  0.458E+02   0.76258E-02   0.00000E+00   0.10000E+00    0.50249E-02 -337.94         test_N_all
.7000E+00   100.000  0.437E+02   0.67484E-02   0.00000E+00   0.10000E+00    0.17692E-02 *******         test_N_all
.7100E+00   100.000  0.417E+02   0.59504E-02   0.00000E+00   0.10000E+00    0.50249E-02 -350.31         test_N_all
.7200E+00   100.000  0.398E+02   0.52268E-02   0.00000E+00   0.10000E+00    0.50249E-02 -355.72         test_N_all
.7300E+00   100.000  0.379E+02   0.45731E-02   0.00000E+00   0.10000E+00    0.50249E-02 -360.65         test_N_all
.7400E+00   100.000  0.360E+02   0.39830E-02   0.00000E+00   0.10000E+00    0.50249E-02 -365.12         test_N_all
.7500E+00   100.000  0.342E+02   0.34534E-02   0.00000E+00   0.10000E+00    0.50249E-02 -369.16         test_N_all
.7600E+00   100.000  0.325E+02   0.29789E-02   0.00000E+00   0.10000E+00    0.50249E-02 -372.80         test_N_all
.7700E+00   100.000  0.308E+02   0.25553E-02   0.00000E+00   0.10000E+00    0.50249E-02 -376.06         test_N_all
.7800E+00   100.000  0.291E+02   0.21794E-02   0.00000E+00   0.10000E+00    0.50249E-02 -378.96         test_N_all
.7900E+00   100.000  0.275E+02   0.18459E-02   0.00000E+00   0.10000E+00    0.50249E-02 -381.55         test_N_all
.8000E+00   100.000  0.259E+02   0.15525E-02   0.00000E+00   0.10000E+00    0.17692E-02 *******         test_N_all
.8100E+00   100.000  0.243E+02   0.12950E-02   0.00000E+00   0.10000E+00    0.50249E-02 -385.85         test_N_all
.8200E+00   100.000  0.228E+02   0.10706E-02   0.00000E+00   0.10000E+00    0.50249E-02 -387.60         test_N_all
.8300E+00   100.000  0.214E+02   0.87688E-03   0.00000E+00   0.10000E+00    0.50249E-02 -389.12         test_N_all
.8400E+00   100.000  0.199E+02   0.70953E-03   0.00000E+00   0.10000E+00    0.50249E-02 -390.44         test_N_all
.8500E+00   100.000  0.185E+02   0.56712E-03   0.00000E+00   0.10000E+00    0.50249E-02 -391.56         test_N_all
.8600E+00   100.000  0.172E+02   0.44689E-03   0.00000E+00   0.10000E+00    0.50249E-02 -392.51         test_N_all
.8700E+00   100.000  0.158E+02   0.34607E-03   0.00000E+00   0.10000E+00    0.50249E-02 -393.30         test_N_all
.8800E+00   100.000  0.145E+02   0.26324E-03   0.00000E+00   0.10000E+00    0.50249E-02 -393.96         test_N_all
.8900E+00   100.000  0.132E+02   0.19546E-03   0.00000E+00   0.10000E+00    0.50249E-02 -394.49         test_N_all
.9000E+00   100.000  0.120E+02   0.14138E-03   0.00000E+00   0.10000E+00    0.17692E-02 *******         test_N_all
.9100E+00   100.000  0.108E+02   0.99196E-04   0.00000E+00   0.10000E+00    0.50249E-02 -395.25         test_N_all
.9200E+00   100.000  0.958E+01   0.66666E-04   0.00000E+00   0.10000E+00    0.50249E-02 -395.51         test_N_all
.9300E+00   100.000  0.841E+01   0.42889E-04   0.00000E+00   0.10000E+00    0.50249E-02 -395.70         test_N_all
.9400E+00   100.000  0.726E+01   0.25747E-04   0.00000E+00   0.10000E+00    0.50249E-02 -395.84         test_N_all
.9500E+00   100.000  0.614E+01   0.14172E-04   0.00000E+00   0.10000E+00    0.50249E-02 -395.93         test_N_all
.9600E+00   100.000  0.505E+01   0.71340E-05   0.00000E+00   0.10000E+00    0.50249E-02 -395.98         test_N_all
.9700E+00   100.000  0.397E+01   0.28088E-05   0.00000E+00   0.10000E+00    0.50249E-02 -396.02         test_N_all
.9800E+00   100.000  0.292E+01   0.92274E-06   0.00000E+00   0.10000E+00    0.50249E-02 -396.03         test_N_all
.9900E+00   100.000  0.189E+01   0.59190E-06   0.00000E+00   0.10000E+00    0.50249E-02 -396.03         test_N_all
.1000E+01   100.000  0.882E+00   0.76918E-06   0.00000E+00   0.10000E+00    0.50249E-02 -396.03         test_N_all



 CHI SQUARE=******** FOR  582 POINTS   CHISQ/NPTS=  665.87
 Signed chisquare total =********
 Modified residual =********


Summary normalization chi2 contributions

 data set     normalization        error         chisq


Summary chi2 per data set

 data set      chisq    _w     signd    _w     resid     _w   npts   chisq/pts  _w
test_N_all  387535.2        122417.1        ********           582  665.87
------------------------------------------------------------------------------------
TOTAL       387535.2387535.2122417.1     0.0****************   582  665.87  665.87
TOTAL+norm  387535.2387535.2                                   582  665.87  665.87



            Momentum Sum Rule Check


      q2      alphas      xuv       xdv       xub       xdb       xsb       xcb       xbb      xglue     total
      1.69    0.3845    0.3222    0.1370    0.0551    0.0716    0.0253    0.0000    0.0000    0.3890    1.0002
    100.00    0.1784    0.2270    0.0966    0.0645    0.0761    0.0436    0.0257    0.0087    0.4549    0.9972
   1000.00    0.1407    0.0000    0.0000    0.0000    0.0000    0.0000    0.0000    0.0000    0.0000    0.0000
   8315.00    0.1180    0.0000    0.0000    0.0000    0.0000    0.0000    0.0000    0.0000    0.0000    0.0000


 Vector Boson Cross Sections

 sqrt(s)   sigma(W)    error    theory

   1960.     2.865     0.063       0.000     D0

   1960.     2.749     0.054       0.000     CDF

   7000.     9.95      0.29        0.000     CMS

   7000.     9.96      0.55        0.000     ATLAS

 sqrt(s)   sigma(Z)    error    theory

   1960.     .2649     .0094       0.000     D0

   1960.     .2549     .0057       0.000     CDF

   7000.     .931      0.035       0.000     CMS

   7000.     .82       0.08        0.000     ATLAS


