 Correlated errors added in quadrature with statistical errors
 test_N_all           DIS data with   1.69< Q2 < 0.500D+03 and 0.000 < xB < 1.000 and   0.00< W2 < 0.100D+05 and 0.000 < y < 1.000
   GP TMC applied
   no HT corrections

# fitpack15: fit output
# CJ15 AV18 final data choices                                                 

Parametrization   7 used here

 S-ACOT scheme used  for NC DIS

 charm mass =     1.30 GeV     bottom mass =     4.50 GeV



 THIS IS A NEXT TO LEADING ORDER FIT

 Q02=    1.69
         1  LAMBDA      VALUE=   0.22680      WEIGHT=    0.0000    
         2  a0uv        VALUE=    2.0120      WEIGHT=    0.0000    
         3  a1uv        VALUE=   0.57727      WEIGHT=   0.31193E-01
         4  a2uv        VALUE=    3.5930      WEIGHT=   0.16367E-01
         5  a3uv        VALUE=    0.0000      WEIGHT=    0.0000    
         6  a4uv        VALUE=    4.5869      WEIGHT=   0.85469    
         7  a5uv        VALUE=    0.0000      WEIGHT=    0.0000    
         8  a0dv        VALUE=    24.806      WEIGHT=    0.0000    
         9  a1dv        VALUE=    1.1661      WEIGHT=   0.43172E-01
        10  a2dv        VALUE=    6.4359      WEIGHT=   0.25407    
        11  a3dv        VALUE=   -3.4043      WEIGHT=   0.12638    
        12  a4dv        VALUE=    4.4425      WEIGHT=   0.19384    
        13  a5dv        VALUE=    0.0000      WEIGHT=    0.0000    
        14  a0ud        VALUE=   0.14468      WEIGHT=   0.54043E-02
        15  a1ud        VALUE=  -0.20906      WEIGHT=   0.40030E-02
        16  a2ud        VALUE=    8.6443      WEIGHT=   0.23441    
        17  a3ud        VALUE=    0.0000      WEIGHT=    0.0000    
        18  a4ud        VALUE=    15.216      WEIGHT=    1.5733    
        19  a5ud        VALUE=    0.0000      WEIGHT=    0.0000    
        20  a0du        VALUE=    35712.      WEIGHT=    0.0000    
        21  a1du        VALUE=    4.2351      WEIGHT=   0.14096    
        22  a2du        VALUE=    20.864      WEIGHT=    1.3980    
        23  a3du        VALUE=    17.000      WEIGHT=    0.0000    
        24  a4du        VALUE=    61.630      WEIGHT=    16.698    
        25  a0g         VALUE=    45.353      WEIGHT=    0.0000    
        26  a1g         VALUE=   0.60313      WEIGHT=   0.28891E-01
        27  a2g         VALUE=    5.6004      WEIGHT=   0.73765    
        28  a3g         VALUE=   -3.3712      WEIGHT=   0.11366    
        29  a4g         VALUE=    3.1585      WEIGHT=   0.23663    
        30  a5g         VALUE=    0.0000      WEIGHT=    0.0000    
        31  kappa       VALUE=   0.40000      WEIGHT=    0.0000    
        32  a6dv        VALUE=  -0.15491E-05  WEIGHT=   0.25524E-02
        33  a7dv        VALUE=    2.0000      WEIGHT=    0.0000    
        34  off1        VALUE=  -0.82721E-01  WEIGHT=   0.12424    
        35  off2        VALUE=   -1.2834      WEIGHT=   0.91349    
        36  off3        VALUE=    2.4329      WEIGHT=    1.6552    
        37  ht1         VALUE=   -4.7242      WEIGHT=    1.4057    
        38  ht2         VALUE=    2.3786      WEIGHT=   0.23265    
        39  ht3         VALUE=   -2.1234      WEIGHT=   0.31883E-01
        40  ht4         VALUE=    2.7602      WEIGHT=   0.18138    
        41  dummy41     VALUE=    0.0000      WEIGHT=    0.0000    
        42  dummy42     VALUE=    0.0000      WEIGHT=    0.0000    
        43  dummy43     VALUE=    0.0000      WEIGHT=    0.0000    
        44  dummy44     VALUE=    0.0000      WEIGHT=    0.0000    
        45  dummy45     VALUE=    0.0000      WEIGHT=    0.0000    
        46  dummy46     VALUE=    0.0000      WEIGHT=    0.0000    
        47  dummy47     VALUE=    0.0000      WEIGHT=    0.0000    
        48  dummy48     VALUE=    0.0000      WEIGHT=    0.0000    
        49  dummy49     VALUE=    0.0000      WEIGHT=    0.0000    
        50  bcdmsh2     VALUE=   0.97146      WEIGHT=   0.49240E-02
        51  bcdmsd2     VALUE=   0.99410      WEIGHT=   0.59110E-02
        52  ccfr        VALUE=    1.0000      WEIGHT=    0.0000    
        53  nutev       VALUE=    1.0000      WEIGHT=    0.0000    
        54  zeus        VALUE=   0.97998      WEIGHT=    0.0000    
        55  h1          VALUE=    1.0162      WEIGHT=    0.0000    
        56  e605        VALUE=    1.0319      WEIGHT=    0.0000    
        57  NmcH2       VALUE=    1.0067      WEIGHT=   0.71589E-02
        58  ntv_nu      VALUE=    1.0000      WEIGHT=    0.0000    
        59  ntv_nuba    VALUE=    1.0000      WEIGHT=    0.0000    
        60  cdf_jet     VALUE=   0.98910      WEIGHT=    0.0000    
        61  d0_jet      VALUE=   0.83504      WEIGHT=    0.0000    
        62  slac_p      VALUE=    1.0028      WEIGHT=   0.49716E-02
        63  slac_d      VALUE=    1.0023      WEIGHT=   0.53919E-02
        64  e866pp      VALUE=   0.97979      WEIGHT=   0.23134E-01
        65  e866pd      VALUE=   0.93943      WEIGHT=   0.19054E-01
        66  d0_gamje    VALUE=    1.0426      WEIGHT=   0.16618E-01
        67  h1b         VALUE=   0.97608      WEIGHT=    0.0000    
        68  jlab_p      VALUE=   0.98624      WEIGHT=   0.58856E-02
        69  jlab_d      VALUE=   0.97699      WEIGHT=   0.60906E-02
        70  blank       VALUE=    1.0000      WEIGHT=    0.0000    
        71  d0run2      VALUE=   0.95182      WEIGHT=   0.15469E-01
        72  cdfrun2     VALUE=   0.93703      WEIGHT=   0.17837E-01
        73  HERA_el     VALUE=    1.0000      WEIGHT=    0.0000    
        74  HERA_ps     VALUE=    1.0000      WEIGHT=    0.0000    
        75  CDF_Z       VALUE=   0.95536      WEIGHT=   0.68345E-02
        76  NmcRat      VALUE=    1.0000      WEIGHT=    0.0000    
        77  BNS_F2nd    VALUE=   0.94850      WEIGHT=   0.87732E-02
        78  HERMES_F    VALUE=   0.99545      WEIGHT=   0.56773E-02
        79  HERMES_F    VALUE=   0.97840      WEIGHT=   0.58938E-02
0THE TOLERANCE IS    0.1000
 THE MAXIMUM NUMBER OF STEPS IS 100
0THE INITIAL CHI SQUARED IS  3.91919E+05



     X        Q2         W2       THEORY        error         DATA           ERROR        chi^2     _w    ITYPE
.1000E-01     2.000  0.199E+03   0.34020E+00   0.00000E+00   0.10000E+00    0.50249E-02 2285.05         test_N_all          
.2000E-01     2.000  0.989E+02   0.31688E+00   0.00000E+00   0.10000E+00    0.50249E-02 1862.92         test_N_all          
.3000E-01     2.000  0.655E+02   0.30761E+00   0.00000E+00   0.10000E+00    0.50249E-02 1706.98         test_N_all          
.4000E-01     2.000  0.489E+02   0.30519E+00   0.00000E+00   0.10000E+00    0.50249E-02 1667.41         test_N_all          
.5000E-01     2.000  0.389E+02   0.30413E+00   0.00000E+00   0.10000E+00    0.50249E-02 1650.20         test_N_all          
.6000E-01     2.000  0.322E+02   0.30447E+00   0.00000E+00   0.10000E+00    0.50249E-02 1655.71         test_N_all          
.7000E-01     2.000  0.275E+02   0.30498E+00   0.00000E+00   0.10000E+00    0.50249E-02 1664.09         test_N_all          
.8000E-01     2.000  0.239E+02   0.30539E+00   0.00000E+00   0.10000E+00    0.50249E-02 1670.72         test_N_all          
.9000E-01     2.000  0.211E+02   0.30545E+00   0.00000E+00   0.10000E+00    0.50249E-02 1671.69         test_N_all          
.1000E+00     2.000  0.189E+02   0.30500E+00   0.00000E+00   0.10000E+00    0.50249E-02 1664.31         test_N_all          
.1100E+00     2.000  0.171E+02   0.30396E+00   0.00000E+00   0.10000E+00    0.50249E-02 1647.52         test_N_all          
.1200E+00     2.000  0.155E+02   0.30229E+00   0.00000E+00   0.10000E+00    0.50249E-02 1620.64         test_N_all          
.1300E+00     2.000  0.143E+02   0.30001E+00   0.00000E+00   0.10000E+00    0.50249E-02 1584.24         test_N_all          
.1400E+00     2.000  0.132E+02   0.29719E+00   0.00000E+00   0.10000E+00    0.50249E-02 1539.98         test_N_all          
.1500E+00     2.000  0.122E+02   0.29382E+00   0.00000E+00   0.10000E+00    0.50249E-02 1487.74         test_N_all          
.1600E+00     2.000  0.114E+02   0.29003E+00   0.00000E+00   0.10000E+00    0.50249E-02 1430.12         test_N_all          
.1700E+00     2.000  0.106E+02   0.28585E+00   0.00000E+00   0.10000E+00    0.50249E-02 1367.94         test_N_all          
.1800E+00     2.000  0.999E+01   0.28132E+00   0.00000E+00   0.10000E+00    0.50249E-02 1302.05         test_N_all          
.1900E+00     2.000  0.941E+01   0.27657E+00   0.00000E+00   0.10000E+00    0.50249E-02 1234.77         test_N_all          
.2000E+00     2.000  0.888E+01   0.27159E+00   0.00000E+00   0.10000E+00    0.50249E-02 1166.05         test_N_all          
.2100E+00     2.000  0.841E+01   0.26644E+00   0.00000E+00   0.10000E+00    0.50249E-02 1097.06         test_N_all          
.2200E+00     2.000  0.797E+01   0.26116E+00   0.00000E+00   0.10000E+00    0.50249E-02 1028.67         test_N_all          
.2300E+00     2.000  0.758E+01   0.25577E+00   0.00000E+00   0.10000E+00    0.50249E-02  960.93         test_N_all          
.2400E+00     2.000  0.722E+01   0.25031E+00   0.00000E+00   0.10000E+00    0.50249E-02  894.78         test_N_all          
.2500E+00     2.000  0.688E+01   0.24478E+00   0.00000E+00   0.10000E+00    0.50249E-02  830.19         test_N_all          
.2600E+00     2.000  0.657E+01   0.23920E+00   0.00000E+00   0.10000E+00    0.50249E-02  767.40         test_N_all          
.2700E+00     2.000  0.629E+01   0.23358E+00   0.00000E+00   0.10000E+00    0.50249E-02  706.70         test_N_all          
.2800E+00     2.000  0.602E+01   0.22793E+00   0.00000E+00   0.10000E+00    0.50249E-02  648.14         test_N_all          
.2900E+00     2.000  0.578E+01   0.22224E+00   0.00000E+00   0.10000E+00    0.50249E-02  591.80         test_N_all          
.3000E+00     2.000  0.555E+01   0.21653E+00   0.00000E+00   0.10000E+00    0.18868E-02 3814.28         test_N_all          
.3100E+00     2.000  0.533E+01   0.21079E+00   0.00000E+00   0.10000E+00    0.50249E-02  486.15         test_N_all          
.3200E+00     2.000  0.513E+01   0.20504E+00   0.00000E+00   0.10000E+00    0.50249E-02  436.93         test_N_all          
.3300E+00     2.000  0.494E+01   0.19926E+00   0.00000E+00   0.10000E+00    0.50249E-02  390.19         test_N_all          
.3400E+00     2.000  0.476E+01   0.19347E+00   0.00000E+00   0.10000E+00    0.50249E-02  346.03         test_N_all          
.3500E+00     2.000  0.460E+01   0.18767E+00   0.00000E+00   0.10000E+00    0.50249E-02  304.41         test_N_all          
.3600E+00     2.000  0.444E+01   0.18187E+00   0.00000E+00   0.10000E+00    0.50249E-02  265.44         test_N_all          
.3700E+00     2.000  0.429E+01   0.17607E+00   0.00000E+00   0.10000E+00    0.50249E-02  229.19         test_N_all          
.3800E+00     2.000  0.414E+01   0.17028E+00   0.00000E+00   0.10000E+00    0.50249E-02  195.62         test_N_all          
.3900E+00     2.000  0.401E+01   0.16451E+00   0.00000E+00   0.10000E+00    0.50249E-02  164.81         test_N_all          
.4000E+00     2.000  0.388E+01   0.15877E+00   0.00000E+00   0.10000E+00    0.17692E-02 1103.52         test_N_all          
.4100E+00     2.000  0.376E+01   0.15307E+00   0.00000E+00   0.10000E+00    0.50249E-02  111.52         test_N_all          
.4200E+00     2.000  0.364E+01   0.14741E+00   0.00000E+00   0.10000E+00    0.50249E-02   89.01         test_N_all          
.4300E+00     2.000  0.353E+01   0.14181E+00   0.00000E+00   0.10000E+00    0.50249E-02   69.23         test_N_all          
.4400E+00     2.000  0.343E+01   0.13628E+00   0.00000E+00   0.10000E+00    0.50249E-02   52.12         test_N_all          
.4500E+00     2.000  0.333E+01   0.13082E+00   0.00000E+00   0.10000E+00    0.50249E-02   37.63         test_N_all          
.4600E+00     2.000  0.323E+01   0.12545E+00   0.00000E+00   0.10000E+00    0.50249E-02   25.66         test_N_all          
.4700E+00     2.000  0.314E+01   0.12018E+00   0.00000E+00   0.10000E+00    0.50249E-02   16.13         test_N_all          
.4800E+00     2.000  0.305E+01   0.11501E+00   0.00000E+00   0.10000E+00    0.50249E-02    8.93         test_N_all          
.4900E+00     2.000  0.296E+01   0.10996E+00   0.00000E+00   0.10000E+00    0.50249E-02    3.93         test_N_all          
.5000E+00     2.000  0.288E+01   0.10502E+00   0.00000E+00   0.10000E+00    0.17692E-02    8.04         test_N_all          
.5100E+00     2.000  0.280E+01   0.10020E+00   0.00000E+00   0.10000E+00    0.50249E-02    0.00         test_N_all          
.5200E+00     2.000  0.273E+01   0.95518E-01   0.00000E+00   0.10000E+00    0.50249E-02   -0.80         test_N_all          
.5300E+00     2.000  0.266E+01   0.90965E-01   0.00000E+00   0.10000E+00    0.50249E-02   -3.23         test_N_all          
.5400E+00     2.000  0.259E+01   0.86555E-01   0.00000E+00   0.10000E+00    0.50249E-02   -7.16         test_N_all          
.5500E+00     2.000  0.252E+01   0.82284E-01   0.00000E+00   0.10000E+00    0.50249E-02  -12.43         test_N_all          
.5600E+00     2.000  0.245E+01   0.78154E-01   0.00000E+00   0.10000E+00    0.50249E-02  -18.90         test_N_all          
.5700E+00     2.000  0.239E+01   0.74170E-01   0.00000E+00   0.10000E+00    0.50249E-02  -26.42         test_N_all          
.5800E+00     2.000  0.233E+01   0.70334E-01   0.00000E+00   0.10000E+00    0.50249E-02  -34.85         test_N_all          
.5900E+00     2.000  0.227E+01   0.66641E-01   0.00000E+00   0.10000E+00    0.50249E-02  -44.07         test_N_all          
.6000E+00     2.000  0.222E+01   0.63092E-01   0.00000E+00   0.10000E+00    0.17692E-02 -435.21         test_N_all          
.6100E+00     2.000  0.216E+01   0.59691E-01   0.00000E+00   0.10000E+00    0.50249E-02  -64.35         test_N_all          
.6200E+00     2.000  0.211E+01   0.56431E-01   0.00000E+00   0.10000E+00    0.50249E-02  -75.18         test_N_all          
.6300E+00     2.000  0.206E+01   0.53311E-01   0.00000E+00   0.10000E+00    0.50249E-02  -86.33         test_N_all          
.6400E+00     2.000  0.201E+01   0.50328E-01   0.00000E+00   0.10000E+00    0.50249E-02  -97.71         test_N_all          
.6500E+00     2.000  0.196E+01   0.47484E-01   0.00000E+00   0.10000E+00    0.50249E-02 -109.23         test_N_all          
.6600E+00     2.000  0.191E+01   0.44771E-01   0.00000E+00   0.10000E+00    0.50249E-02 -120.80         test_N_all          
.6700E+00     2.000  0.187E+01   0.42186E-01   0.00000E+00   0.10000E+00    0.50249E-02 -132.38         test_N_all          
.6800E+00     2.000  0.182E+01   0.39727E-01   0.00000E+00   0.10000E+00    0.50249E-02 -143.88         test_N_all          
.6900E+00     2.000  0.178E+01   0.37391E-01   0.00000E+00   0.10000E+00    0.50249E-02 -155.24         test_N_all          
.7000E+00     2.000  0.174E+01   0.35172E-01   0.00000E+00   0.10000E+00    0.17692E-02 *******         test_N_all          
.7100E+00     2.000  0.170E+01   0.33067E-01   0.00000E+00   0.10000E+00    0.50249E-02 -177.43         test_N_all          
.7200E+00     2.000  0.166E+01   0.31072E-01   0.00000E+00   0.10000E+00    0.50249E-02 -188.16         test_N_all          
.7300E+00     2.000  0.162E+01   0.29183E-01   0.00000E+00   0.10000E+00    0.50249E-02 -198.61         test_N_all          
.7400E+00     2.000  0.158E+01   0.27396E-01   0.00000E+00   0.10000E+00    0.50249E-02 -208.77         test_N_all          
.7500E+00     2.000  0.155E+01   0.25706E-01   0.00000E+00   0.10000E+00    0.50249E-02 -218.60         test_N_all          
.7600E+00     2.000  0.151E+01   0.24109E-01   0.00000E+00   0.10000E+00    0.50249E-02 -228.10         test_N_all          
.7700E+00     2.000  0.148E+01   0.22602E-01   0.00000E+00   0.10000E+00    0.50249E-02 -237.24         test_N_all          
.7800E+00     2.000  0.145E+01   0.21181E-01   0.00000E+00   0.10000E+00    0.50249E-02 -246.04         test_N_all          
.7900E+00     2.000  0.141E+01   0.19840E-01   0.00000E+00   0.10000E+00    0.50249E-02 -254.48         test_N_all          
.8000E+00     2.000  0.138E+01   0.18576E-01   0.00000E+00   0.10000E+00    0.17692E-02 *******         test_N_all          
.8100E+00     2.000  0.135E+01   0.17387E-01   0.00000E+00   0.10000E+00    0.50249E-02 -270.29         test_N_all          
.8200E+00     2.000  0.132E+01   0.16269E-01   0.00000E+00   0.10000E+00    0.50249E-02 -277.66         test_N_all          
.8300E+00     2.000  0.129E+01   0.15216E-01   0.00000E+00   0.10000E+00    0.50249E-02 -284.69         test_N_all          
.8400E+00     2.000  0.126E+01   0.14226E-01   0.00000E+00   0.10000E+00    0.50249E-02 -291.37         test_N_all          
.8500E+00     2.000  0.123E+01   0.13296E-01   0.00000E+00   0.10000E+00    0.50249E-02 -297.72         test_N_all          
.8600E+00     2.000  0.121E+01   0.12423E-01   0.00000E+00   0.10000E+00    0.50249E-02 -303.75         test_N_all          
.8700E+00     2.000  0.118E+01   0.11604E-01   0.00000E+00   0.10000E+00    0.50249E-02 -309.46         test_N_all          
.8800E+00     2.000  0.115E+01   0.10835E-01   0.00000E+00   0.10000E+00    0.50249E-02 -314.87         test_N_all          
.8900E+00     2.000  0.113E+01   0.10113E-01   0.00000E+00   0.10000E+00    0.50249E-02 -319.98         test_N_all          
.9000E+00     2.000  0.110E+01   0.94371E-02   0.00000E+00   0.10000E+00    0.17692E-02 *******         test_N_all          
.9100E+00     2.000  0.108E+01   0.88033E-02   0.00000E+00   0.10000E+00    0.50249E-02 -329.38         test_N_all          
.9200E+00     2.000  0.106E+01   0.82096E-02   0.00000E+00   0.10000E+00    0.50249E-02 -333.68         test_N_all          
.9300E+00     2.000  0.103E+01   0.76535E-02   0.00000E+00   0.10000E+00    0.50249E-02 -337.74         test_N_all          
.9400E+00     2.000  0.101E+01   0.71330E-02   0.00000E+00   0.10000E+00    0.50249E-02 -341.56         test_N_all          
.9500E+00     2.000  0.987E+00   0.66458E-02   0.00000E+00   0.10000E+00    0.50249E-02 -345.15         test_N_all          
.9600E+00     2.000  0.965E+00   0.61899E-02   0.00000E+00   0.10000E+00    0.50249E-02 -348.53         test_N_all          
.9700E+00     2.000  0.944E+00   0.57634E-02   0.00000E+00   0.10000E+00    0.50249E-02 -351.70         test_N_all          
.9800E+00     2.000  0.923E+00   0.53648E-02   0.00000E+00   0.10000E+00    0.50249E-02 -354.69         test_N_all          
.9900E+00     2.000  0.902E+00   0.49922E-02   0.00000E+00   0.10000E+00    0.50249E-02 -357.48         test_N_all          
.1000E+01     2.000  0.882E+00   0.46440E-02   0.00000E+00   0.10000E+00    0.50249E-02 -360.11         test_N_all          
.1000E-01     5.000  0.496E+03   0.44674E+00   0.00000E+00   0.10000E+00    0.50249E-02 4761.64         test_N_all          
.2000E-01     5.000  0.246E+03   0.39544E+00   0.00000E+00   0.10000E+00    0.50249E-02 3456.85         test_N_all          
.3000E-01     5.000  0.163E+03   0.37044E+00   0.00000E+00   0.10000E+00    0.50249E-02 2896.45         test_N_all          
.4000E-01     5.000  0.121E+03   0.35791E+00   0.00000E+00   0.10000E+00    0.50249E-02 2634.41         test_N_all          
.5000E-01     5.000  0.959E+02   0.34802E+00   0.00000E+00   0.10000E+00    0.50249E-02 2436.21         test_N_all          
.6000E-01     5.000  0.792E+02   0.34124E+00   0.00000E+00   0.10000E+00    0.50249E-02 2304.84         test_N_all          
.7000E-01     5.000  0.673E+02   0.33517E+00   0.00000E+00   0.10000E+00    0.50249E-02 2190.38         test_N_all          
.8000E-01     5.000  0.584E+02   0.32982E+00   0.00000E+00   0.10000E+00    0.50249E-02 2091.85         test_N_all          
.9000E-01     5.000  0.514E+02   0.32454E+00   0.00000E+00   0.10000E+00    0.50249E-02 1996.79         test_N_all          
.1000E+00     5.000  0.459E+02   0.31929E+00   0.00000E+00   0.10000E+00    0.50249E-02 1904.42         test_N_all          
.1100E+00     5.000  0.413E+02   0.31385E+00   0.00000E+00   0.10000E+00    0.50249E-02 1811.17         test_N_all          
.1200E+00     5.000  0.375E+02   0.30828E+00   0.00000E+00   0.10000E+00    0.50249E-02 1718.08         test_N_all          
.1300E+00     5.000  0.343E+02   0.30252E+00   0.00000E+00   0.10000E+00    0.50249E-02 1624.29         test_N_all          
.1400E+00     5.000  0.316E+02   0.29655E+00   0.00000E+00   0.10000E+00    0.50249E-02 1530.00         test_N_all          
.1500E+00     5.000  0.292E+02   0.29042E+00   0.00000E+00   0.10000E+00    0.50249E-02 1436.00         test_N_all          
.1600E+00     5.000  0.271E+02   0.28418E+00   0.00000E+00   0.10000E+00    0.50249E-02 1343.41         test_N_all          
.1700E+00     5.000  0.253E+02   0.27784E+00   0.00000E+00   0.10000E+00    0.50249E-02 1252.59         test_N_all          
.1800E+00     5.000  0.237E+02   0.27145E+00   0.00000E+00   0.10000E+00    0.50249E-02 1164.12         test_N_all          
.1900E+00     5.000  0.222E+02   0.26504E+00   0.00000E+00   0.10000E+00    0.50249E-02 1078.69         test_N_all          
.2000E+00     5.000  0.209E+02   0.25861E+00   0.00000E+00   0.10000E+00    0.50249E-02  996.32         test_N_all          
.2100E+00     5.000  0.197E+02   0.25220E+00   0.00000E+00   0.10000E+00    0.50249E-02  917.39         test_N_all          
.2200E+00     5.000  0.186E+02   0.24581E+00   0.00000E+00   0.10000E+00    0.50249E-02  842.01         test_N_all          
.2300E+00     5.000  0.176E+02   0.23946E+00   0.00000E+00   0.10000E+00    0.50249E-02  770.24         test_N_all          
.2400E+00     5.000  0.167E+02   0.23314E+00   0.00000E+00   0.10000E+00    0.50249E-02  702.03         test_N_all          
.2500E+00     5.000  0.159E+02   0.22685E+00   0.00000E+00   0.10000E+00    0.50249E-02  637.31         test_N_all          
.2600E+00     5.000  0.151E+02   0.22060E+00   0.00000E+00   0.10000E+00    0.50249E-02  575.99         test_N_all          
.2700E+00     5.000  0.144E+02   0.21437E+00   0.00000E+00   0.10000E+00    0.50249E-02  518.04         test_N_all          
.2800E+00     5.000  0.137E+02   0.20817E+00   0.00000E+00   0.10000E+00    0.50249E-02  463.40         test_N_all          
.2900E+00     5.000  0.131E+02   0.20199E+00   0.00000E+00   0.10000E+00    0.50249E-02  411.93         test_N_all          
.3000E+00     5.000  0.125E+02   0.19582E+00   0.00000E+00   0.10000E+00    0.18868E-02 2579.27         test_N_all          
.3100E+00     5.000  0.120E+02   0.18968E+00   0.00000E+00   0.10000E+00    0.50249E-02  318.51         test_N_all          
.3200E+00     5.000  0.115E+02   0.18355E+00   0.00000E+00   0.10000E+00    0.50249E-02  276.43         test_N_all          
.3300E+00     5.000  0.110E+02   0.17743E+00   0.00000E+00   0.10000E+00    0.50249E-02  237.45         test_N_all          
.3400E+00     5.000  0.106E+02   0.17133E+00   0.00000E+00   0.10000E+00    0.50249E-02  201.51         test_N_all          
.3500E+00     5.000  0.102E+02   0.16525E+00   0.00000E+00   0.10000E+00    0.50249E-02  168.62         test_N_all          
.3600E+00     5.000  0.977E+01   0.15920E+00   0.00000E+00   0.10000E+00    0.50249E-02  138.78         test_N_all          
.3700E+00     5.000  0.940E+01   0.15317E+00   0.00000E+00   0.10000E+00    0.50249E-02  111.97         test_N_all          
.3800E+00     5.000  0.904E+01   0.14719E+00   0.00000E+00   0.10000E+00    0.50249E-02   88.18         test_N_all          
.3900E+00     5.000  0.870E+01   0.14125E+00   0.00000E+00   0.10000E+00    0.50249E-02   67.38         test_N_all          
.4000E+00     5.000  0.838E+01   0.13536E+00   0.00000E+00   0.10000E+00    0.17692E-02  399.54         test_N_all          
.4100E+00     5.000  0.808E+01   0.12954E+00   0.00000E+00   0.10000E+00    0.50249E-02   34.57         test_N_all          
.4200E+00     5.000  0.779E+01   0.12380E+00   0.00000E+00   0.10000E+00    0.50249E-02   22.44         test_N_all          
.4300E+00     5.000  0.751E+01   0.11814E+00   0.00000E+00   0.10000E+00    0.50249E-02   13.04         test_N_all          
.4400E+00     5.000  0.725E+01   0.11258E+00   0.00000E+00   0.10000E+00    0.50249E-02    6.27         test_N_all          
.4500E+00     5.000  0.699E+01   0.10712E+00   0.00000E+00   0.10000E+00    0.50249E-02    2.01         test_N_all          
.4600E+00     5.000  0.675E+01   0.10178E+00   0.00000E+00   0.10000E+00    0.50249E-02    0.12         test_N_all          
.4700E+00     5.000  0.652E+01   0.96552E-01   0.00000E+00   0.10000E+00    0.50249E-02   -0.47         test_N_all          
.4800E+00     5.000  0.630E+01   0.91462E-01   0.00000E+00   0.10000E+00    0.50249E-02   -2.89         test_N_all          
.4900E+00     5.000  0.609E+01   0.86509E-01   0.00000E+00   0.10000E+00    0.50249E-02   -7.21         test_N_all          
.5000E+00     5.000  0.588E+01   0.81700E-01   0.00000E+00   0.10000E+00    0.17692E-02 -106.99         test_N_all          
.5100E+00     5.000  0.569E+01   0.77045E-01   0.00000E+00   0.10000E+00    0.50249E-02  -20.87         test_N_all          
.5200E+00     5.000  0.550E+01   0.72542E-01   0.00000E+00   0.10000E+00    0.50249E-02  -29.86         test_N_all          
.5300E+00     5.000  0.532E+01   0.68200E-01   0.00000E+00   0.10000E+00    0.50249E-02  -40.05         test_N_all          
.5400E+00     5.000  0.514E+01   0.64023E-01   0.00000E+00   0.10000E+00    0.50249E-02  -51.26         test_N_all          
.5500E+00     5.000  0.497E+01   0.60008E-01   0.00000E+00   0.10000E+00    0.50249E-02  -63.34         test_N_all          
.5600E+00     5.000  0.481E+01   0.56161E-01   0.00000E+00   0.10000E+00    0.50249E-02  -76.11         test_N_all          
.5700E+00     5.000  0.465E+01   0.52482E-01   0.00000E+00   0.10000E+00    0.50249E-02  -89.42         test_N_all          
.5800E+00     5.000  0.450E+01   0.48968E-01   0.00000E+00   0.10000E+00    0.50249E-02 -103.14         test_N_all          
.5900E+00     5.000  0.436E+01   0.45622E-01   0.00000E+00   0.10000E+00    0.50249E-02 -117.11         test_N_all          
.6000E+00     5.000  0.422E+01   0.42441E-01   0.00000E+00   0.10000E+00    0.17692E-02 *******         test_N_all          
.6100E+00     5.000  0.408E+01   0.39419E-01   0.00000E+00   0.10000E+00    0.50249E-02 -145.35         test_N_all          
.6200E+00     5.000  0.395E+01   0.36560E-01   0.00000E+00   0.10000E+00    0.50249E-02 -159.39         test_N_all          
.6300E+00     5.000  0.382E+01   0.33857E-01   0.00000E+00   0.10000E+00    0.50249E-02 -173.26         test_N_all          
.6400E+00     5.000  0.369E+01   0.31304E-01   0.00000E+00   0.10000E+00    0.50249E-02 -186.90         test_N_all          
.6500E+00     5.000  0.357E+01   0.28902E-01   0.00000E+00   0.10000E+00    0.50249E-02 -200.20         test_N_all          
.6600E+00     5.000  0.346E+01   0.26643E-01   0.00000E+00   0.10000E+00    0.50249E-02 -213.12         test_N_all          
.6700E+00     5.000  0.334E+01   0.24522E-01   0.00000E+00   0.10000E+00    0.50249E-02 -225.62         test_N_all          
.6800E+00     5.000  0.323E+01   0.22536E-01   0.00000E+00   0.10000E+00    0.50249E-02 -237.65         test_N_all          
.6900E+00     5.000  0.313E+01   0.20679E-01   0.00000E+00   0.10000E+00    0.50249E-02 -249.18         test_N_all          
.7000E+00     5.000  0.302E+01   0.18945E-01   0.00000E+00   0.10000E+00    0.17692E-02 *******         test_N_all          
.7100E+00     5.000  0.292E+01   0.17329E-01   0.00000E+00   0.10000E+00    0.50249E-02 -270.67         test_N_all          
.7200E+00     5.000  0.283E+01   0.15827E-01   0.00000E+00   0.10000E+00    0.50249E-02 -280.60         test_N_all          
.7300E+00     5.000  0.273E+01   0.14430E-01   0.00000E+00   0.10000E+00    0.50249E-02 -289.99         test_N_all          
.7400E+00     5.000  0.264E+01   0.13136E-01   0.00000E+00   0.10000E+00    0.50249E-02 -298.83         test_N_all          
.7500E+00     5.000  0.255E+01   0.11938E-01   0.00000E+00   0.10000E+00    0.50249E-02 -307.13         test_N_all          
.7600E+00     5.000  0.246E+01   0.10831E-01   0.00000E+00   0.10000E+00    0.50249E-02 -314.90         test_N_all          
.7700E+00     5.000  0.238E+01   0.98090E-02   0.00000E+00   0.10000E+00    0.50249E-02 -322.15         test_N_all          
.7800E+00     5.000  0.229E+01   0.88678E-02   0.00000E+00   0.10000E+00    0.50249E-02 -328.91         test_N_all          
.7900E+00     5.000  0.221E+01   0.80024E-02   0.00000E+00   0.10000E+00    0.50249E-02 -335.19         test_N_all          
.8000E+00     5.000  0.213E+01   0.72084E-02   0.00000E+00   0.10000E+00    0.17692E-02 *******         test_N_all          
.8100E+00     5.000  0.205E+01   0.64798E-02   0.00000E+00   0.10000E+00    0.50249E-02 -346.38         test_N_all          
.8200E+00     5.000  0.198E+01   0.58133E-02   0.00000E+00   0.10000E+00    0.50249E-02 -351.33         test_N_all          
.8300E+00     5.000  0.191E+01   0.52049E-02   0.00000E+00   0.10000E+00    0.50249E-02 -355.89         test_N_all          
.8400E+00     5.000  0.183E+01   0.46496E-02   0.00000E+00   0.10000E+00    0.50249E-02 -360.07         test_N_all          
.8500E+00     5.000  0.176E+01   0.41440E-02   0.00000E+00   0.10000E+00    0.50249E-02 -363.90         test_N_all          
.8600E+00     5.000  0.170E+01   0.36849E-02   0.00000E+00   0.10000E+00    0.50249E-02 -367.39         test_N_all          
.8700E+00     5.000  0.163E+01   0.32687E-02   0.00000E+00   0.10000E+00    0.50249E-02 -370.57         test_N_all          
.8800E+00     5.000  0.156E+01   0.28911E-02   0.00000E+00   0.10000E+00    0.50249E-02 -373.47         test_N_all          
.8900E+00     5.000  0.150E+01   0.25501E-02   0.00000E+00   0.10000E+00    0.50249E-02 -376.10         test_N_all          
.9000E+00     5.000  0.144E+01   0.22432E-02   0.00000E+00   0.10000E+00    0.17692E-02 *******         test_N_all          
.9100E+00     5.000  0.138E+01   0.19661E-02   0.00000E+00   0.10000E+00    0.50249E-02 -380.62         test_N_all          
.9200E+00     5.000  0.132E+01   0.17175E-02   0.00000E+00   0.10000E+00    0.50249E-02 -382.55         test_N_all          
.9300E+00     5.000  0.126E+01   0.14951E-02   0.00000E+00   0.10000E+00    0.50249E-02 -384.29         test_N_all          
.9400E+00     5.000  0.120E+01   0.12967E-02   0.00000E+00   0.10000E+00    0.50249E-02 -385.84         test_N_all          
.9500E+00     5.000  0.114E+01   0.11192E-02   0.00000E+00   0.10000E+00    0.50249E-02 -387.22         test_N_all          
.9600E+00     5.000  0.109E+01   0.96168E-03   0.00000E+00   0.10000E+00    0.50249E-02 -388.46         test_N_all          
.9700E+00     5.000  0.104E+01   0.82251E-03   0.00000E+00   0.10000E+00    0.50249E-02 -389.55         test_N_all          
.9800E+00     5.000  0.984E+00   0.69961E-03   0.00000E+00   0.10000E+00    0.50249E-02 -390.52         test_N_all          
.9900E+00     5.000  0.932E+00   0.59117E-03   0.00000E+00   0.10000E+00    0.50249E-02 -391.37         test_N_all          
.1000E+01     5.000  0.882E+00   0.49641E-03   0.00000E+00   0.10000E+00    0.50249E-02 -392.12         test_N_all          
.1000E-01    10.000  0.991E+03   0.52671E+00   0.00000E+00   0.10000E+00    0.50249E-02 7211.24         test_N_all          
.2000E-01    10.000  0.491E+03   0.45150E+00   0.00000E+00   0.10000E+00    0.50249E-02 4893.27         test_N_all          
.3000E-01    10.000  0.324E+03   0.41269E+00   0.00000E+00   0.10000E+00    0.50249E-02 3872.24         test_N_all          
.4000E-01    10.000  0.241E+03   0.39177E+00   0.00000E+00   0.10000E+00    0.50249E-02 3371.37         test_N_all          
.5000E-01    10.000  0.191E+03   0.37455E+00   0.00000E+00   0.10000E+00    0.50249E-02 2985.33         test_N_all          
.6000E-01    10.000  0.158E+03   0.36238E+00   0.00000E+00   0.10000E+00    0.50249E-02 2726.42         test_N_all          
.7000E-01    10.000  0.134E+03   0.35150E+00   0.00000E+00   0.10000E+00    0.50249E-02 2505.07         test_N_all          
.8000E-01    10.000  0.116E+03   0.34219E+00   0.00000E+00   0.10000E+00    0.50249E-02 2322.97         test_N_all          
.9000E-01    10.000  0.102E+03   0.33339E+00   0.00000E+00   0.10000E+00    0.50249E-02 2157.31         test_N_all          
.1000E+00    10.000  0.909E+02   0.32515E+00   0.00000E+00   0.10000E+00    0.50249E-02 2007.70         test_N_all          
.1100E+00    10.000  0.818E+02   0.31701E+00   0.00000E+00   0.10000E+00    0.50249E-02 1865.03         test_N_all          
.1200E+00    10.000  0.742E+02   0.30915E+00   0.00000E+00   0.10000E+00    0.50249E-02 1732.47         test_N_all          
.1300E+00    10.000  0.678E+02   0.30140E+00   0.00000E+00   0.10000E+00    0.50249E-02 1606.48         test_N_all          
.1400E+00    10.000  0.623E+02   0.29369E+00   0.00000E+00   0.10000E+00    0.50249E-02 1485.72         test_N_all          
.1500E+00    10.000  0.575E+02   0.28605E+00   0.00000E+00   0.10000E+00    0.50249E-02 1370.83         test_N_all          
.1600E+00    10.000  0.534E+02   0.27847E+00   0.00000E+00   0.10000E+00    0.50249E-02 1261.46         test_N_all          
.1700E+00    10.000  0.497E+02   0.27097E+00   0.00000E+00   0.10000E+00    0.50249E-02 1157.72         test_N_all          
.1800E+00    10.000  0.464E+02   0.26357E+00   0.00000E+00   0.10000E+00    0.50249E-02 1059.60         test_N_all          
.1900E+00    10.000  0.435E+02   0.25626E+00   0.00000E+00   0.10000E+00    0.50249E-02  967.04         test_N_all          
.2000E+00    10.000  0.409E+02   0.24906E+00   0.00000E+00   0.10000E+00    0.50249E-02  879.90         test_N_all          
.2100E+00    10.000  0.385E+02   0.24195E+00   0.00000E+00   0.10000E+00    0.50249E-02  798.03         test_N_all          
.2200E+00    10.000  0.363E+02   0.23495E+00   0.00000E+00   0.10000E+00    0.50249E-02  721.24         test_N_all          
.2300E+00    10.000  0.344E+02   0.22805E+00   0.00000E+00   0.10000E+00    0.50249E-02  649.33         test_N_all          
.2400E+00    10.000  0.325E+02   0.22123E+00   0.00000E+00   0.10000E+00    0.50249E-02  582.06         test_N_all          
.2500E+00    10.000  0.309E+02   0.21450E+00   0.00000E+00   0.10000E+00    0.50249E-02  519.26         test_N_all          
.2600E+00    10.000  0.293E+02   0.20785E+00   0.00000E+00   0.10000E+00    0.50249E-02  460.67         test_N_all          
.2700E+00    10.000  0.279E+02   0.20127E+00   0.00000E+00   0.10000E+00    0.50249E-02  406.15         test_N_all          
.2800E+00    10.000  0.266E+02   0.19476E+00   0.00000E+00   0.10000E+00    0.50249E-02  355.64         test_N_all          
.2900E+00    10.000  0.254E+02   0.18831E+00   0.00000E+00   0.10000E+00    0.50249E-02  308.85         test_N_all          
.3000E+00    10.000  0.242E+02   0.18191E+00   0.00000E+00   0.10000E+00    0.18868E-02 1884.70         test_N_all          
.3100E+00    10.000  0.231E+02   0.17556E+00   0.00000E+00   0.10000E+00    0.50249E-02  226.12         test_N_all          
.3200E+00    10.000  0.221E+02   0.16926E+00   0.00000E+00   0.10000E+00    0.50249E-02  189.95         test_N_all          
.3300E+00    10.000  0.212E+02   0.16300E+00   0.00000E+00   0.10000E+00    0.50249E-02  157.19         test_N_all          
.3400E+00    10.000  0.203E+02   0.15679E+00   0.00000E+00   0.10000E+00    0.50249E-02  127.72         test_N_all          
.3500E+00    10.000  0.195E+02   0.15063E+00   0.00000E+00   0.10000E+00    0.50249E-02  101.51         test_N_all          
.3600E+00    10.000  0.187E+02   0.14452E+00   0.00000E+00   0.10000E+00    0.50249E-02   78.51         test_N_all          
.3700E+00    10.000  0.179E+02   0.13848E+00   0.00000E+00   0.10000E+00    0.50249E-02   58.64         test_N_all          
.3800E+00    10.000  0.172E+02   0.13250E+00   0.00000E+00   0.10000E+00    0.50249E-02   41.84         test_N_all          
.3900E+00    10.000  0.165E+02   0.12660E+00   0.00000E+00   0.10000E+00    0.50249E-02   28.02         test_N_all          
.4000E+00    10.000  0.159E+02   0.12078E+00   0.00000E+00   0.10000E+00    0.17692E-02  137.98         test_N_all          
.4100E+00    10.000  0.153E+02   0.11506E+00   0.00000E+00   0.10000E+00    0.50249E-02    8.98         test_N_all          
.4200E+00    10.000  0.147E+02   0.10943E+00   0.00000E+00   0.10000E+00    0.50249E-02    3.52         test_N_all          
.4300E+00    10.000  0.141E+02   0.10391E+00   0.00000E+00   0.10000E+00    0.50249E-02    0.61         test_N_all          
.4400E+00    10.000  0.136E+02   0.98515E-01   0.00000E+00   0.10000E+00    0.50249E-02   -0.09         test_N_all          
.4500E+00    10.000  0.131E+02   0.93244E-01   0.00000E+00   0.10000E+00    0.50249E-02   -1.81         test_N_all          
.4600E+00    10.000  0.126E+02   0.88106E-01   0.00000E+00   0.10000E+00    0.50249E-02   -5.60         test_N_all          
.4700E+00    10.000  0.122E+02   0.83113E-01   0.00000E+00   0.10000E+00    0.50249E-02  -11.29         test_N_all          
.4800E+00    10.000  0.117E+02   0.78267E-01   0.00000E+00   0.10000E+00    0.50249E-02  -18.71         test_N_all          
.4900E+00    10.000  0.113E+02   0.73575E-01   0.00000E+00   0.10000E+00    0.50249E-02  -27.65         test_N_all          
.5000E+00    10.000  0.109E+02   0.69045E-01   0.00000E+00   0.10000E+00    0.17692E-02 -306.13         test_N_all          
.5100E+00    10.000  0.105E+02   0.64677E-01   0.00000E+00   0.10000E+00    0.50249E-02  -49.42         test_N_all          
.5200E+00    10.000  0.101E+02   0.60478E-01   0.00000E+00   0.10000E+00    0.50249E-02  -61.86         test_N_all          
.5300E+00    10.000  0.975E+01   0.56450E-01   0.00000E+00   0.10000E+00    0.50249E-02  -75.11         test_N_all          
.5400E+00    10.000  0.940E+01   0.52591E-01   0.00000E+00   0.10000E+00    0.50249E-02  -89.01         test_N_all          
.5500E+00    10.000  0.906E+01   0.48909E-01   0.00000E+00   0.10000E+00    0.50249E-02 -103.38         test_N_all          
.5600E+00    10.000  0.874E+01   0.45398E-01   0.00000E+00   0.10000E+00    0.50249E-02 -118.07         test_N_all          
.5700E+00    10.000  0.843E+01   0.42060E-01   0.00000E+00   0.10000E+00    0.50249E-02 -132.95         test_N_all          
.5800E+00    10.000  0.812E+01   0.38894E-01   0.00000E+00   0.10000E+00    0.50249E-02 -147.88         test_N_all          
.5900E+00    10.000  0.783E+01   0.35895E-01   0.00000E+00   0.10000E+00    0.50249E-02 -162.75         test_N_all          
.6000E+00    10.000  0.755E+01   0.33064E-01   0.00000E+00   0.10000E+00    0.17692E-02 *******         test_N_all          
.6100E+00    10.000  0.728E+01   0.30396E-01   0.00000E+00   0.10000E+00    0.50249E-02 -191.87         test_N_all          
.6200E+00    10.000  0.701E+01   0.27887E-01   0.00000E+00   0.10000E+00    0.50249E-02 -205.95         test_N_all          
.6300E+00    10.000  0.675E+01   0.25534E-01   0.00000E+00   0.10000E+00    0.50249E-02 -219.61         test_N_all          
.6400E+00    10.000  0.651E+01   0.23330E-01   0.00000E+00   0.10000E+00    0.50249E-02 -232.80         test_N_all          
.6500E+00    10.000  0.627E+01   0.21272E-01   0.00000E+00   0.10000E+00    0.50249E-02 -245.47         test_N_all          
.6600E+00    10.000  0.603E+01   0.19354E-01   0.00000E+00   0.10000E+00    0.50249E-02 -257.57         test_N_all          
.6700E+00    10.000  0.581E+01   0.17571E-01   0.00000E+00   0.10000E+00    0.50249E-02 -269.09         test_N_all          
.6800E+00    10.000  0.559E+01   0.15916E-01   0.00000E+00   0.10000E+00    0.50249E-02 -280.01         test_N_all          
.6900E+00    10.000  0.537E+01   0.14384E-01   0.00000E+00   0.10000E+00    0.50249E-02 -290.30         test_N_all          
.7000E+00    10.000  0.517E+01   0.12969E-01   0.00000E+00   0.10000E+00    0.17692E-02 *******         test_N_all          
.7100E+00    10.000  0.497E+01   0.11665E-01   0.00000E+00   0.10000E+00    0.50249E-02 -309.03         test_N_all          
.7200E+00    10.000  0.477E+01   0.10466E-01   0.00000E+00   0.10000E+00    0.50249E-02 -317.48         test_N_all          
.7300E+00    10.000  0.458E+01   0.93663E-02   0.00000E+00   0.10000E+00    0.50249E-02 -325.33         test_N_all          
.7400E+00    10.000  0.440E+01   0.83594E-02   0.00000E+00   0.10000E+00    0.50249E-02 -332.59         test_N_all          
.7500E+00    10.000  0.422E+01   0.74401E-02   0.00000E+00   0.10000E+00    0.50249E-02 -339.30         test_N_all          
.7600E+00    10.000  0.404E+01   0.66033E-02   0.00000E+00   0.10000E+00    0.50249E-02 -345.46         test_N_all          
.7700E+00    10.000  0.387E+01   0.58421E-02   0.00000E+00   0.10000E+00    0.50249E-02 -351.12         test_N_all          
.7800E+00    10.000  0.370E+01   0.51523E-02   0.00000E+00   0.10000E+00    0.50249E-02 -356.28         test_N_all          
.7900E+00    10.000  0.354E+01   0.45294E-02   0.00000E+00   0.10000E+00    0.50249E-02 -360.98         test_N_all          
.8000E+00    10.000  0.338E+01   0.39667E-02   0.00000E+00   0.10000E+00    0.17692E-02 *******         test_N_all          
.8100E+00    10.000  0.323E+01   0.34611E-02   0.00000E+00   0.10000E+00    0.50249E-02 -369.10         test_N_all          
.8200E+00    10.000  0.308E+01   0.30084E-02   0.00000E+00   0.10000E+00    0.50249E-02 -372.57         test_N_all          
.8300E+00    10.000  0.293E+01   0.26028E-02   0.00000E+00   0.10000E+00    0.50249E-02 -375.69         test_N_all          
.8400E+00    10.000  0.279E+01   0.22417E-02   0.00000E+00   0.10000E+00    0.50249E-02 -378.48         test_N_all          
.8500E+00    10.000  0.265E+01   0.19213E-02   0.00000E+00   0.10000E+00    0.50249E-02 -380.97         test_N_all          
.8600E+00    10.000  0.251E+01   0.16372E-02   0.00000E+00   0.10000E+00    0.50249E-02 -383.18         test_N_all          
.8700E+00    10.000  0.238E+01   0.13871E-02   0.00000E+00   0.10000E+00    0.50249E-02 -385.13         test_N_all          
.8800E+00    10.000  0.225E+01   0.11681E-02   0.00000E+00   0.10000E+00    0.50249E-02 -386.84         test_N_all          
.8900E+00    10.000  0.212E+01   0.97589E-03   0.00000E+00   0.10000E+00    0.50249E-02 -388.35         test_N_all          
.9000E+00    10.000  0.199E+01   0.80918E-03   0.00000E+00   0.10000E+00    0.17692E-02 *******         test_N_all          
.9100E+00    10.000  0.187E+01   0.66546E-03   0.00000E+00   0.10000E+00    0.50249E-02 -390.79         test_N_all          
.9200E+00    10.000  0.175E+01   0.54130E-03   0.00000E+00   0.10000E+00    0.50249E-02 -391.76         test_N_all          
.9300E+00    10.000  0.163E+01   0.43568E-03   0.00000E+00   0.10000E+00    0.50249E-02 -392.60         test_N_all          
.9400E+00    10.000  0.152E+01   0.34673E-03   0.00000E+00   0.10000E+00    0.50249E-02 -393.30         test_N_all          
.9500E+00    10.000  0.141E+01   0.27148E-03   0.00000E+00   0.10000E+00    0.50249E-02 -393.89         test_N_all          
.9600E+00    10.000  0.130E+01   0.20926E-03   0.00000E+00   0.10000E+00    0.50249E-02 -394.38         test_N_all          
.9700E+00    10.000  0.119E+01   0.15868E-03   0.00000E+00   0.10000E+00    0.50249E-02 -394.78         test_N_all          
.9800E+00    10.000  0.109E+01   0.11718E-03   0.00000E+00   0.10000E+00    0.50249E-02 -395.11         test_N_all          
.9900E+00    10.000  0.983E+00   0.84370E-04   0.00000E+00   0.10000E+00    0.50249E-02 -395.37         test_N_all          
.1000E+01    10.000  0.882E+00   0.59179E-04   0.00000E+00   0.10000E+00    0.50249E-02 -395.57         test_N_all          
.1000E-01    20.000  0.198E+04   0.60570E+00   0.00000E+00   0.10000E+00    0.50249E-02 *******         test_N_all          
.2000E-01    20.000  0.981E+03   0.50434E+00   0.00000E+00   0.10000E+00    0.50249E-02 6474.76         test_N_all          
.3000E-01    20.000  0.648E+03   0.45100E+00   0.00000E+00   0.10000E+00    0.50249E-02 4879.38         test_N_all          
.4000E-01    20.000  0.481E+03   0.42170E+00   0.00000E+00   0.10000E+00    0.50249E-02 4098.65         test_N_all          
.5000E-01    20.000  0.381E+03   0.39728E+00   0.00000E+00   0.10000E+00    0.50249E-02 3500.00         test_N_all          
.6000E-01    20.000  0.314E+03   0.37994E+00   0.00000E+00   0.10000E+00    0.50249E-02 3103.59         test_N_all          
.7000E-01    20.000  0.267E+03   0.36447E+00   0.00000E+00   0.10000E+00    0.50249E-02 2770.17         test_N_all          
.8000E-01    20.000  0.231E+03   0.35165E+00   0.00000E+00   0.10000E+00    0.50249E-02 2508.06         test_N_all          
.9000E-01    20.000  0.203E+03   0.33981E+00   0.00000E+00   0.10000E+00    0.50249E-02 2277.55         test_N_all          
.1000E+00    20.000  0.181E+03   0.32904E+00   0.00000E+00   0.10000E+00    0.50249E-02 2077.62         test_N_all          
.1100E+00    20.000  0.163E+03   0.31873E+00   0.00000E+00   0.10000E+00    0.50249E-02 1894.83         test_N_all          
.1200E+00    20.000  0.148E+03   0.30894E+00   0.00000E+00   0.10000E+00    0.50249E-02 1728.98         test_N_all          
.1300E+00    20.000  0.135E+03   0.29954E+00   0.00000E+00   0.10000E+00    0.50249E-02 1576.82         test_N_all          
.1400E+00    20.000  0.124E+03   0.29038E+00   0.00000E+00   0.10000E+00    0.50249E-02 1435.40         test_N_all          
.1500E+00    20.000  0.114E+03   0.28152E+00   0.00000E+00   0.10000E+00    0.50249E-02 1304.87         test_N_all          
.1600E+00    20.000  0.106E+03   0.27286E+00   0.00000E+00   0.10000E+00    0.50249E-02 1183.44         test_N_all          
.1700E+00    20.000  0.985E+02   0.26444E+00   0.00000E+00   0.10000E+00    0.50249E-02 1070.91         test_N_all          
.1800E+00    20.000  0.920E+02   0.25623E+00   0.00000E+00   0.10000E+00    0.50249E-02  966.66         test_N_all          
.1900E+00    20.000  0.861E+02   0.24821E+00   0.00000E+00   0.10000E+00    0.50249E-02  870.00         test_N_all          
.2000E+00    20.000  0.809E+02   0.24039E+00   0.00000E+00   0.10000E+00    0.50249E-02  780.59         test_N_all          
.2100E+00    20.000  0.761E+02   0.23274E+00   0.00000E+00   0.10000E+00    0.50249E-02  697.82         test_N_all          
.2200E+00    20.000  0.718E+02   0.22525E+00   0.00000E+00   0.10000E+00    0.50249E-02  621.34         test_N_all          
.2300E+00    20.000  0.678E+02   0.21792E+00   0.00000E+00   0.10000E+00    0.50249E-02  550.74         test_N_all          
.2400E+00    20.000  0.642E+02   0.21073E+00   0.00000E+00   0.10000E+00    0.50249E-02  485.59         test_N_all          
.2500E+00    20.000  0.609E+02   0.20367E+00   0.00000E+00   0.10000E+00    0.50249E-02  425.65         test_N_all          
.2600E+00    20.000  0.578E+02   0.19672E+00   0.00000E+00   0.10000E+00    0.50249E-02  370.51         test_N_all          
.2700E+00    20.000  0.550E+02   0.18988E+00   0.00000E+00   0.10000E+00    0.50249E-02  319.97         test_N_all          
.2800E+00    20.000  0.523E+02   0.18315E+00   0.00000E+00   0.10000E+00    0.50249E-02  273.80         test_N_all          
.2900E+00    20.000  0.498E+02   0.17649E+00   0.00000E+00   0.10000E+00    0.50249E-02  231.73         test_N_all          
.3000E+00    20.000  0.475E+02   0.16993E+00   0.00000E+00   0.10000E+00    0.18868E-02 1373.47         test_N_all          
.3100E+00    20.000  0.454E+02   0.16345E+00   0.00000E+00   0.10000E+00    0.50249E-02  159.42         test_N_all          
.3200E+00    20.000  0.434E+02   0.15705E+00   0.00000E+00   0.10000E+00    0.50249E-02  128.88         test_N_all          
.3300E+00    20.000  0.415E+02   0.15073E+00   0.00000E+00   0.10000E+00    0.50249E-02  101.90         test_N_all          
.3400E+00    20.000  0.397E+02   0.14448E+00   0.00000E+00   0.10000E+00    0.50249E-02   78.35         test_N_all          
.3500E+00    20.000  0.380E+02   0.13832E+00   0.00000E+00   0.10000E+00    0.50249E-02   58.14         test_N_all          
.3600E+00    20.000  0.364E+02   0.13224E+00   0.00000E+00   0.10000E+00    0.50249E-02   41.15         test_N_all          
.3700E+00    20.000  0.349E+02   0.12625E+00   0.00000E+00   0.10000E+00    0.50249E-02   27.28         test_N_all          
.3800E+00    20.000  0.335E+02   0.12035E+00   0.00000E+00   0.10000E+00    0.50249E-02   16.40         test_N_all          
.3900E+00    20.000  0.322E+02   0.11456E+00   0.00000E+00   0.10000E+00    0.50249E-02    8.39         test_N_all          
.4000E+00    20.000  0.309E+02   0.10887E+00   0.00000E+00   0.10000E+00    0.17692E-02   25.16         test_N_all          
.4100E+00    20.000  0.297E+02   0.10331E+00   0.00000E+00   0.10000E+00    0.50249E-02    0.43         test_N_all          
.4200E+00    20.000  0.285E+02   0.97864E-01   0.00000E+00   0.10000E+00    0.50249E-02   -0.18         test_N_all          
.4300E+00    20.000  0.274E+02   0.92551E-01   0.00000E+00   0.10000E+00    0.50249E-02   -2.20         test_N_all          
.4400E+00    20.000  0.263E+02   0.87379E-01   0.00000E+00   0.10000E+00    0.50249E-02   -6.31         test_N_all          
.4500E+00    20.000  0.253E+02   0.82350E-01   0.00000E+00   0.10000E+00    0.50249E-02  -12.34         test_N_all          
.4600E+00    20.000  0.244E+02   0.77474E-01   0.00000E+00   0.10000E+00    0.50249E-02  -20.10         test_N_all          
.4700E+00    20.000  0.234E+02   0.72755E-01   0.00000E+00   0.10000E+00    0.50249E-02  -29.40         test_N_all          
.4800E+00    20.000  0.225E+02   0.68196E-01   0.00000E+00   0.10000E+00    0.50249E-02  -40.06         test_N_all          
.4900E+00    20.000  0.217E+02   0.63806E-01   0.00000E+00   0.10000E+00    0.50249E-02  -51.88         test_N_all          
.5000E+00    20.000  0.209E+02   0.59584E-01   0.00000E+00   0.10000E+00    0.17692E-02 -521.86         test_N_all          
.5100E+00    20.000  0.201E+02   0.55533E-01   0.00000E+00   0.10000E+00    0.50249E-02  -78.31         test_N_all          
.5200E+00    20.000  0.193E+02   0.51658E-01   0.00000E+00   0.10000E+00    0.50249E-02  -92.55         test_N_all          
.5300E+00    20.000  0.186E+02   0.47956E-01   0.00000E+00   0.10000E+00    0.50249E-02 -107.27         test_N_all          
.5400E+00    20.000  0.179E+02   0.44431E-01   0.00000E+00   0.10000E+00    0.50249E-02 -122.29         test_N_all          
.5500E+00    20.000  0.172E+02   0.41080E-01   0.00000E+00   0.10000E+00    0.50249E-02 -137.49         test_N_all          
.5600E+00    20.000  0.166E+02   0.37901E-01   0.00000E+00   0.10000E+00    0.50249E-02 -152.72         test_N_all          
.5700E+00    20.000  0.160E+02   0.34896E-01   0.00000E+00   0.10000E+00    0.50249E-02 -167.86         test_N_all          
.5800E+00    20.000  0.154E+02   0.32058E-01   0.00000E+00   0.10000E+00    0.50249E-02 -182.81         test_N_all          
.5900E+00    20.000  0.148E+02   0.29387E-01   0.00000E+00   0.10000E+00    0.50249E-02 -197.47         test_N_all          
.6000E+00    20.000  0.142E+02   0.26878E-01   0.00000E+00   0.10000E+00    0.17692E-02 *******         test_N_all          
.6100E+00    20.000  0.137E+02   0.24526E-01   0.00000E+00   0.10000E+00    0.50249E-02 -225.60         test_N_all          
.6200E+00    20.000  0.131E+02   0.22329E-01   0.00000E+00   0.10000E+00    0.50249E-02 -238.92         test_N_all          
.6300E+00    20.000  0.126E+02   0.20279E-01   0.00000E+00   0.10000E+00    0.50249E-02 -251.70         test_N_all          
.6400E+00    20.000  0.121E+02   0.18372E-01   0.00000E+00   0.10000E+00    0.50249E-02 -263.88         test_N_all          
.6500E+00    20.000  0.117E+02   0.16603E-01   0.00000E+00   0.10000E+00    0.50249E-02 -275.45         test_N_all          
.6600E+00    20.000  0.112E+02   0.14965E-01   0.00000E+00   0.10000E+00    0.50249E-02 -286.37         test_N_all          
.6700E+00    20.000  0.107E+02   0.13453E-01   0.00000E+00   0.10000E+00    0.50249E-02 -296.65         test_N_all          
.6800E+00    20.000  0.103E+02   0.12060E-01   0.00000E+00   0.10000E+00    0.50249E-02 -306.27         test_N_all          
.6900E+00    20.000  0.987E+01   0.10781E-01   0.00000E+00   0.10000E+00    0.50249E-02 -315.25         test_N_all          
.7000E+00    20.000  0.945E+01   0.96086E-02   0.00000E+00   0.10000E+00    0.17692E-02 *******         test_N_all          
.7100E+00    20.000  0.905E+01   0.85375E-02   0.00000E+00   0.10000E+00    0.50249E-02 -331.30         test_N_all          
.7200E+00    20.000  0.866E+01   0.75615E-02   0.00000E+00   0.10000E+00    0.50249E-02 -338.41         test_N_all          
.7300E+00    20.000  0.828E+01   0.66741E-02   0.00000E+00   0.10000E+00    0.50249E-02 -344.94         test_N_all          
.7400E+00    20.000  0.791E+01   0.58705E-02   0.00000E+00   0.10000E+00    0.50249E-02 -350.91         test_N_all          
.7500E+00    20.000  0.755E+01   0.51440E-02   0.00000E+00   0.10000E+00    0.50249E-02 -356.34         test_N_all          
.7600E+00    20.000  0.720E+01   0.44895E-02   0.00000E+00   0.10000E+00    0.50249E-02 -361.28         test_N_all          
.7700E+00    20.000  0.686E+01   0.39025E-02   0.00000E+00   0.10000E+00    0.50249E-02 -365.73         test_N_all          
.7800E+00    20.000  0.652E+01   0.33760E-02   0.00000E+00   0.10000E+00    0.50249E-02 -369.75         test_N_all          
.7900E+00    20.000  0.620E+01   0.29070E-02   0.00000E+00   0.10000E+00    0.50249E-02 -373.35         test_N_all          
.8000E+00    20.000  0.588E+01   0.24904E-02   0.00000E+00   0.10000E+00    0.17692E-02 *******         test_N_all          
.8100E+00    20.000  0.557E+01   0.21210E-02   0.00000E+00   0.10000E+00    0.50249E-02 -379.42         test_N_all          
.8200E+00    20.000  0.527E+01   0.17960E-02   0.00000E+00   0.10000E+00    0.50249E-02 -381.94         test_N_all          
.8300E+00    20.000  0.498E+01   0.15102E-02   0.00000E+00   0.10000E+00    0.50249E-02 -384.17         test_N_all          
.8400E+00    20.000  0.469E+01   0.12605E-02   0.00000E+00   0.10000E+00    0.50249E-02 -386.12         test_N_all          
.8500E+00    20.000  0.441E+01   0.10443E-02   0.00000E+00   0.10000E+00    0.50249E-02 -387.81         test_N_all          
.8600E+00    20.000  0.414E+01   0.85677E-03   0.00000E+00   0.10000E+00    0.50249E-02 -389.28         test_N_all          
.8700E+00    20.000  0.387E+01   0.69602E-03   0.00000E+00   0.10000E+00    0.50249E-02 -390.55         test_N_all          
.8800E+00    20.000  0.361E+01   0.55951E-03   0.00000E+00   0.10000E+00    0.50249E-02 -391.62         test_N_all          
.8900E+00    20.000  0.335E+01   0.44345E-03   0.00000E+00   0.10000E+00    0.50249E-02 -392.53         test_N_all          
.9000E+00    20.000  0.310E+01   0.34665E-03   0.00000E+00   0.10000E+00    0.17692E-02 *******         test_N_all          
.9100E+00    20.000  0.286E+01   0.26663E-03   0.00000E+00   0.10000E+00    0.50249E-02 -393.93         test_N_all          
.9200E+00    20.000  0.262E+01   0.20077E-03   0.00000E+00   0.10000E+00    0.50249E-02 -394.45         test_N_all          
.9300E+00    20.000  0.239E+01   0.14806E-03   0.00000E+00   0.10000E+00    0.50249E-02 -394.87         test_N_all          
.9400E+00    20.000  0.216E+01   0.10619E-03   0.00000E+00   0.10000E+00    0.50249E-02 -395.20         test_N_all          
.9500E+00    20.000  0.193E+01   0.73533E-04   0.00000E+00   0.10000E+00    0.50249E-02 -395.46         test_N_all          
.9600E+00    20.000  0.172E+01   0.49224E-04   0.00000E+00   0.10000E+00    0.50249E-02 -395.65         test_N_all          
.9700E+00    20.000  0.150E+01   0.31055E-04   0.00000E+00   0.10000E+00    0.50249E-02 -395.79         test_N_all          
.9800E+00    20.000  0.129E+01   0.18297E-04   0.00000E+00   0.10000E+00    0.50249E-02 -395.89         test_N_all          
.9900E+00    20.000  0.108E+01   0.10177E-04   0.00000E+00   0.10000E+00    0.50249E-02 -395.96         test_N_all          
.1000E+01    20.000  0.882E+00   0.46755E-05   0.00000E+00   0.10000E+00    0.50249E-02 -396.00         test_N_all          
.1000E+00    50.000  0.451E+03   0.33181E+00   0.00000E+00   0.10000E+00    0.50249E-02 2128.16         test_N_all          
.1100E+00    50.000  0.405E+03   0.31905E+00   0.00000E+00   0.10000E+00    0.50249E-02 1900.34         test_N_all          
.1200E+00    50.000  0.368E+03   0.30721E+00   0.00000E+00   0.10000E+00    0.50249E-02 1700.49         test_N_all          
.1300E+00    50.000  0.335E+03   0.29608E+00   0.00000E+00   0.10000E+00    0.50249E-02 1522.65         test_N_all          
.1400E+00    50.000  0.308E+03   0.28543E+00   0.00000E+00   0.10000E+00    0.50249E-02 1361.80         test_N_all          
.1500E+00    50.000  0.284E+03   0.27532E+00   0.00000E+00   0.10000E+00    0.50249E-02 1217.32         test_N_all          
.1600E+00    50.000  0.263E+03   0.26558E+00   0.00000E+00   0.10000E+00    0.50249E-02 1085.77         test_N_all          
.1700E+00    50.000  0.245E+03   0.25622E+00   0.00000E+00   0.10000E+00    0.50249E-02  966.56         test_N_all          
.1800E+00    50.000  0.229E+03   0.24721E+00   0.00000E+00   0.10000E+00    0.50249E-02  858.30         test_N_all          
.1900E+00    50.000  0.214E+03   0.23850E+00   0.00000E+00   0.10000E+00    0.50249E-02  759.69         test_N_all          
.2000E+00    50.000  0.201E+03   0.23008E+00   0.00000E+00   0.10000E+00    0.50249E-02  670.11         test_N_all          
.2100E+00    50.000  0.189E+03   0.22190E+00   0.00000E+00   0.10000E+00    0.50249E-02  588.47         test_N_all          
.2200E+00    50.000  0.178E+03   0.21395E+00   0.00000E+00   0.10000E+00    0.50249E-02  514.27         test_N_all          
.2300E+00    50.000  0.168E+03   0.20622E+00   0.00000E+00   0.10000E+00    0.50249E-02  446.87         test_N_all          
.2400E+00    50.000  0.159E+03   0.19868E+00   0.00000E+00   0.10000E+00    0.50249E-02  385.67         test_N_all          
.2500E+00    50.000  0.151E+03   0.19133E+00   0.00000E+00   0.10000E+00    0.50249E-02  330.31         test_N_all          
.2600E+00    50.000  0.143E+03   0.18412E+00   0.00000E+00   0.10000E+00    0.50249E-02  280.25         test_N_all          
.2700E+00    50.000  0.136E+03   0.17707E+00   0.00000E+00   0.10000E+00    0.50249E-02  235.23         test_N_all          
.2800E+00    50.000  0.129E+03   0.17016E+00   0.00000E+00   0.10000E+00    0.50249E-02  194.93         test_N_all          
.2900E+00    50.000  0.123E+03   0.16337E+00   0.00000E+00   0.10000E+00    0.50249E-02  159.04         test_N_all          
.3000E+00    50.000  0.118E+03   0.15671E+00   0.00000E+00   0.10000E+00    0.18868E-02  903.34         test_N_all          
.3100E+00    50.000  0.112E+03   0.15016E+00   0.00000E+00   0.10000E+00    0.50249E-02   99.65         test_N_all          
.3200E+00    50.000  0.107E+03   0.14373E+00   0.00000E+00   0.10000E+00    0.50249E-02   75.73         test_N_all          
.3300E+00    50.000  0.102E+03   0.13741E+00   0.00000E+00   0.10000E+00    0.50249E-02   55.42         test_N_all          
.3400E+00    50.000  0.979E+02   0.13120E+00   0.00000E+00   0.10000E+00    0.50249E-02   38.55         test_N_all          
.3500E+00    50.000  0.937E+02   0.12511E+00   0.00000E+00   0.10000E+00    0.50249E-02   24.97         test_N_all          
.3600E+00    50.000  0.898E+02   0.11913E+00   0.00000E+00   0.10000E+00    0.50249E-02   14.50         test_N_all          
.3700E+00    50.000  0.860E+02   0.11328E+00   0.00000E+00   0.10000E+00    0.50249E-02    6.98         test_N_all          
.3800E+00    50.000  0.825E+02   0.10755E+00   0.00000E+00   0.10000E+00    0.50249E-02    2.26         test_N_all          
.3900E+00    50.000  0.791E+02   0.10196E+00   0.00000E+00   0.10000E+00    0.50249E-02    0.15         test_N_all          
.4000E+00    50.000  0.759E+02   0.96499E-01   0.00000E+00   0.10000E+00    0.17692E-02   -3.92         test_N_all          
.4100E+00    50.000  0.728E+02   0.91183E-01   0.00000E+00   0.10000E+00    0.50249E-02   -3.08         test_N_all          
.4200E+00    50.000  0.699E+02   0.86015E-01   0.00000E+00   0.10000E+00    0.50249E-02   -7.75         test_N_all          
.4300E+00    50.000  0.672E+02   0.80998E-01   0.00000E+00   0.10000E+00    0.50249E-02  -14.30         test_N_all          
.4400E+00    50.000  0.645E+02   0.76141E-01   0.00000E+00   0.10000E+00    0.50249E-02  -22.54         test_N_all          
.4500E+00    50.000  0.620E+02   0.71444E-01   0.00000E+00   0.10000E+00    0.50249E-02  -32.30         test_N_all          
.4600E+00    50.000  0.596E+02   0.66914E-01   0.00000E+00   0.10000E+00    0.50249E-02  -43.35         test_N_all          
.4700E+00    50.000  0.573E+02   0.62553E-01   0.00000E+00   0.10000E+00    0.50249E-02  -55.53         test_N_all          
.4800E+00    50.000  0.550E+02   0.58363E-01   0.00000E+00   0.10000E+00    0.50249E-02  -68.66         test_N_all          
.4900E+00    50.000  0.529E+02   0.54349E-01   0.00000E+00   0.10000E+00    0.50249E-02  -82.53         test_N_all          
.5000E+00    50.000  0.509E+02   0.50509E-01   0.00000E+00   0.10000E+00    0.17692E-02 -782.55         test_N_all          
.5100E+00    50.000  0.489E+02   0.46845E-01   0.00000E+00   0.10000E+00    0.50249E-02 -111.90         test_N_all          
.5200E+00    50.000  0.470E+02   0.43357E-01   0.00000E+00   0.10000E+00    0.50249E-02 -127.06         test_N_all          
.5300E+00    50.000  0.452E+02   0.40044E-01   0.00000E+00   0.10000E+00    0.50249E-02 -142.37         test_N_all          
.5400E+00    50.000  0.435E+02   0.36905E-01   0.00000E+00   0.10000E+00    0.50249E-02 -157.66         test_N_all          
.5500E+00    50.000  0.418E+02   0.33936E-01   0.00000E+00   0.10000E+00    0.50249E-02 -172.85         test_N_all          
.5600E+00    50.000  0.402E+02   0.31137E-01   0.00000E+00   0.10000E+00    0.50249E-02 -187.81         test_N_all          
.5700E+00    50.000  0.386E+02   0.28503E-01   0.00000E+00   0.10000E+00    0.50249E-02 -202.45         test_N_all          
.5800E+00    50.000  0.371E+02   0.26031E-01   0.00000E+00   0.10000E+00    0.50249E-02 -216.69         test_N_all          
.5900E+00    50.000  0.356E+02   0.23717E-01   0.00000E+00   0.10000E+00    0.50249E-02 -230.46         test_N_all          
.6000E+00    50.000  0.342E+02   0.21555E-01   0.00000E+00   0.10000E+00    0.17692E-02 *******         test_N_all          
.6100E+00    50.000  0.328E+02   0.19540E-01   0.00000E+00   0.10000E+00    0.50249E-02 -256.39         test_N_all          
.6200E+00    50.000  0.315E+02   0.17668E-01   0.00000E+00   0.10000E+00    0.50249E-02 -268.46         test_N_all          
.6300E+00    50.000  0.302E+02   0.15933E-01   0.00000E+00   0.10000E+00    0.50249E-02 -279.89         test_N_all          
.6400E+00    50.000  0.290E+02   0.14329E-01   0.00000E+00   0.10000E+00    0.50249E-02 -290.68         test_N_all          
.6500E+00    50.000  0.278E+02   0.12849E-01   0.00000E+00   0.10000E+00    0.50249E-02 -300.80         test_N_all          
.6600E+00    50.000  0.266E+02   0.11489E-01   0.00000E+00   0.10000E+00    0.50249E-02 -310.27         test_N_all          
.6700E+00    50.000  0.255E+02   0.10241E-01   0.00000E+00   0.10000E+00    0.50249E-02 -319.08         test_N_all          
.6800E+00    50.000  0.244E+02   0.90997E-02   0.00000E+00   0.10000E+00    0.50249E-02 -327.24         test_N_all          
.6900E+00    50.000  0.233E+02   0.80584E-02   0.00000E+00   0.10000E+00    0.50249E-02 -334.78         test_N_all          
.7000E+00    50.000  0.223E+02   0.71118E-02   0.00000E+00   0.10000E+00    0.17692E-02 *******         test_N_all          
.7100E+00    50.000  0.213E+02   0.62538E-02   0.00000E+00   0.10000E+00    0.50249E-02 -348.05         test_N_all          
.7200E+00    50.000  0.203E+02   0.54777E-02   0.00000E+00   0.10000E+00    0.50249E-02 -353.84         test_N_all          
.7300E+00    50.000  0.194E+02   0.47791E-02   0.00000E+00   0.10000E+00    0.50249E-02 -359.09         test_N_all          
.7400E+00    50.000  0.184E+02   0.41512E-02   0.00000E+00   0.10000E+00    0.50249E-02 -363.84         test_N_all          
.7500E+00    50.000  0.175E+02   0.35893E-02   0.00000E+00   0.10000E+00    0.50249E-02 -368.12         test_N_all          
.7600E+00    50.000  0.167E+02   0.30887E-02   0.00000E+00   0.10000E+00    0.50249E-02 -371.95         test_N_all          
.7700E+00    50.000  0.158E+02   0.26431E-02   0.00000E+00   0.10000E+00    0.50249E-02 -375.38         test_N_all          
.7800E+00    50.000  0.150E+02   0.22496E-02   0.00000E+00   0.10000E+00    0.50249E-02 -378.42         test_N_all          
.7900E+00    50.000  0.142E+02   0.19026E-02   0.00000E+00   0.10000E+00    0.50249E-02 -381.11         test_N_all          
.8000E+00    50.000  0.134E+02   0.15982E-02   0.00000E+00   0.10000E+00    0.17692E-02 *******         test_N_all          
.8100E+00    50.000  0.126E+02   0.13331E-02   0.00000E+00   0.10000E+00    0.50249E-02 -385.55         test_N_all          
.8200E+00    50.000  0.119E+02   0.11022E-02   0.00000E+00   0.10000E+00    0.50249E-02 -387.36         test_N_all          
.8300E+00    50.000  0.111E+02   0.90355E-03   0.00000E+00   0.10000E+00    0.50249E-02 -388.92         test_N_all          
.8400E+00    50.000  0.104E+02   0.73337E-03   0.00000E+00   0.10000E+00    0.50249E-02 -390.25         test_N_all          
.8500E+00    50.000  0.971E+01   0.58818E-03   0.00000E+00   0.10000E+00    0.50249E-02 -391.39         test_N_all          
.8600E+00    50.000  0.902E+01   0.46623E-03   0.00000E+00   0.10000E+00    0.50249E-02 -392.36         test_N_all          
.8700E+00    50.000  0.835E+01   0.36378E-03   0.00000E+00   0.10000E+00    0.50249E-02 -393.16         test_N_all          
.8800E+00    50.000  0.770E+01   0.27922E-03   0.00000E+00   0.10000E+00    0.50249E-02 -393.83         test_N_all          
.8900E+00    50.000  0.706E+01   0.21048E-03   0.00000E+00   0.10000E+00    0.50249E-02 -394.37         test_N_all          
.9000E+00    50.000  0.644E+01   0.15471E-03   0.00000E+00   0.10000E+00    0.17692E-02 *******         test_N_all          
.9100E+00    50.000  0.583E+01   0.11097E-03   0.00000E+00   0.10000E+00    0.50249E-02 -395.16         test_N_all          
.9200E+00    50.000  0.523E+01   0.76962E-04   0.00000E+00   0.10000E+00    0.50249E-02 -395.43         test_N_all          
.9300E+00    50.000  0.465E+01   0.51191E-04   0.00000E+00   0.10000E+00    0.50249E-02 -395.63         test_N_all          
.9400E+00    50.000  0.407E+01   0.32716E-04   0.00000E+00   0.10000E+00    0.50249E-02 -395.78         test_N_all          
.9500E+00    50.000  0.351E+01   0.19252E-04   0.00000E+00   0.10000E+00    0.50249E-02 -395.89         test_N_all          
.9600E+00    50.000  0.297E+01   0.10479E-04   0.00000E+00   0.10000E+00    0.50249E-02 -395.96         test_N_all          
.9700E+00    50.000  0.243E+01   0.51315E-05   0.00000E+00   0.10000E+00    0.50249E-02 -396.00         test_N_all          
.9800E+00    50.000  0.190E+01   0.19445E-05   0.00000E+00   0.10000E+00    0.50249E-02 -396.02         test_N_all          
.9900E+00    50.000  0.139E+01   0.65516E-06   0.00000E+00   0.10000E+00    0.50249E-02 -396.03         test_N_all          
.1000E+01    50.000  0.882E+00   0.52588E-06   0.00000E+00   0.10000E+00    0.50249E-02 -396.04         test_N_all          
.1000E+00   100.000  0.901E+03   0.33268E+00   0.00000E+00   0.10000E+00    0.50249E-02 2144.10         test_N_all          
.1100E+00   100.000  0.810E+03   0.31838E+00   0.00000E+00   0.10000E+00    0.50249E-02 1888.73         test_N_all          
.1200E+00   100.000  0.734E+03   0.30527E+00   0.00000E+00   0.10000E+00    0.50249E-02 1668.80         test_N_all          
.1300E+00   100.000  0.670E+03   0.29308E+00   0.00000E+00   0.10000E+00    0.50249E-02 1476.38         test_N_all          
.1400E+00   100.000  0.615E+03   0.28152E+00   0.00000E+00   0.10000E+00    0.50249E-02 1304.99         test_N_all          
.1500E+00   100.000  0.568E+03   0.27066E+00   0.00000E+00   0.10000E+00    0.50249E-02 1153.41         test_N_all          
.1600E+00   100.000  0.526E+03   0.26026E+00   0.00000E+00   0.10000E+00    0.50249E-02 1017.11         test_N_all          
.1700E+00   100.000  0.489E+03   0.25035E+00   0.00000E+00   0.10000E+00    0.50249E-02  895.20         test_N_all          
.1800E+00   100.000  0.456E+03   0.24086E+00   0.00000E+00   0.10000E+00    0.50249E-02  785.81         test_N_all          
.1900E+00   100.000  0.427E+03   0.23173E+00   0.00000E+00   0.10000E+00    0.50249E-02  687.29         test_N_all          
.2000E+00   100.000  0.401E+03   0.22297E+00   0.00000E+00   0.10000E+00    0.50249E-02  598.84         test_N_all          
.2100E+00   100.000  0.377E+03   0.21448E+00   0.00000E+00   0.10000E+00    0.50249E-02  519.05         test_N_all          
.2200E+00   100.000  0.355E+03   0.20628E+00   0.00000E+00   0.10000E+00    0.50249E-02  447.35         test_N_all          
.2300E+00   100.000  0.336E+03   0.19833E+00   0.00000E+00   0.10000E+00    0.50249E-02  382.94         test_N_all          
.2400E+00   100.000  0.318E+03   0.19060E+00   0.00000E+00   0.10000E+00    0.50249E-02  325.11         test_N_all          
.2500E+00   100.000  0.301E+03   0.18309E+00   0.00000E+00   0.10000E+00    0.50249E-02  273.44         test_N_all          
.2600E+00   100.000  0.285E+03   0.17576E+00   0.00000E+00   0.10000E+00    0.50249E-02  227.31         test_N_all          
.2700E+00   100.000  0.271E+03   0.16861E+00   0.00000E+00   0.10000E+00    0.50249E-02  186.43         test_N_all          
.2800E+00   100.000  0.258E+03   0.16162E+00   0.00000E+00   0.10000E+00    0.50249E-02  150.40         test_N_all          
.2900E+00   100.000  0.246E+03   0.15479E+00   0.00000E+00   0.10000E+00    0.50249E-02  118.88         test_N_all          
.3000E+00   100.000  0.234E+03   0.14811E+00   0.00000E+00   0.10000E+00    0.18868E-02  650.03         test_N_all          
.3100E+00   100.000  0.223E+03   0.14156E+00   0.00000E+00   0.10000E+00    0.50249E-02   68.39         test_N_all          
.3200E+00   100.000  0.213E+03   0.13515E+00   0.00000E+00   0.10000E+00    0.50249E-02   48.93         test_N_all          
.3300E+00   100.000  0.204E+03   0.12888E+00   0.00000E+00   0.10000E+00    0.50249E-02   33.02         test_N_all          
.3400E+00   100.000  0.195E+03   0.12274E+00   0.00000E+00   0.10000E+00    0.50249E-02   20.47         test_N_all          
.3500E+00   100.000  0.187E+03   0.11674E+00   0.00000E+00   0.10000E+00    0.50249E-02   11.09         test_N_all          
.3600E+00   100.000  0.179E+03   0.11087E+00   0.00000E+00   0.10000E+00    0.50249E-02    4.68         test_N_all          
.3700E+00   100.000  0.171E+03   0.10515E+00   0.00000E+00   0.10000E+00    0.50249E-02    1.05         test_N_all          
.3800E+00   100.000  0.164E+03   0.99569E-01   0.00000E+00   0.10000E+00    0.50249E-02   -0.01         test_N_all          
.3900E+00   100.000  0.157E+03   0.94139E-01   0.00000E+00   0.10000E+00    0.50249E-02   -1.36         test_N_all          
.4000E+00   100.000  0.151E+03   0.88861E-01   0.00000E+00   0.10000E+00    0.17692E-02  -39.64         test_N_all          
.4100E+00   100.000  0.145E+03   0.83741E-01   0.00000E+00   0.10000E+00    0.50249E-02  -10.47         test_N_all          
.4200E+00   100.000  0.139E+03   0.78780E-01   0.00000E+00   0.10000E+00    0.50249E-02  -17.83         test_N_all          
.4300E+00   100.000  0.133E+03   0.73983E-01   0.00000E+00   0.10000E+00    0.50249E-02  -26.81         test_N_all          
.4400E+00   100.000  0.128E+03   0.69356E-01   0.00000E+00   0.10000E+00    0.50249E-02  -37.19         test_N_all          
.4500E+00   100.000  0.123E+03   0.64897E-01   0.00000E+00   0.10000E+00    0.50249E-02  -48.80         test_N_all          
.4600E+00   100.000  0.118E+03   0.60613E-01   0.00000E+00   0.10000E+00    0.50249E-02  -61.44         test_N_all          
.4700E+00   100.000  0.114E+03   0.56504E-01   0.00000E+00   0.10000E+00    0.50249E-02  -74.93         test_N_all          
.4800E+00   100.000  0.109E+03   0.52569E-01   0.00000E+00   0.10000E+00    0.50249E-02  -89.10         test_N_all          
.4900E+00   100.000  0.105E+03   0.48813E-01   0.00000E+00   0.10000E+00    0.50249E-02 -103.77         test_N_all          
.5000E+00   100.000  0.101E+03   0.45233E-01   0.00000E+00   0.10000E+00    0.17692E-02 -958.29         test_N_all          
.5100E+00   100.000  0.970E+02   0.41829E-01   0.00000E+00   0.10000E+00    0.50249E-02 -134.01         test_N_all          
.5200E+00   100.000  0.932E+02   0.38600E-01   0.00000E+00   0.10000E+00    0.50249E-02 -149.30         test_N_all          
.5300E+00   100.000  0.896E+02   0.35543E-01   0.00000E+00   0.10000E+00    0.50249E-02 -164.54         test_N_all          
.5400E+00   100.000  0.861E+02   0.32657E-01   0.00000E+00   0.10000E+00    0.50249E-02 -179.61         test_N_all          
.5500E+00   100.000  0.827E+02   0.29937E-01   0.00000E+00   0.10000E+00    0.50249E-02 -194.41         test_N_all          
.5600E+00   100.000  0.795E+02   0.27381E-01   0.00000E+00   0.10000E+00    0.50249E-02 -208.85         test_N_all          
.5700E+00   100.000  0.763E+02   0.24984E-01   0.00000E+00   0.10000E+00    0.50249E-02 -222.87         test_N_all          
.5800E+00   100.000  0.733E+02   0.22741E-01   0.00000E+00   0.10000E+00    0.50249E-02 -236.39         test_N_all          
.5900E+00   100.000  0.704E+02   0.20649E-01   0.00000E+00   0.10000E+00    0.50249E-02 -249.37         test_N_all          
.6000E+00   100.000  0.675E+02   0.18702E-01   0.00000E+00   0.10000E+00    0.17692E-02 *******         test_N_all          
.6100E+00   100.000  0.648E+02   0.16894E-01   0.00000E+00   0.10000E+00    0.50249E-02 -273.53         test_N_all          
.6200E+00   100.000  0.622E+02   0.15220E-01   0.00000E+00   0.10000E+00    0.50249E-02 -284.66         test_N_all          
.6300E+00   100.000  0.596E+02   0.13673E-01   0.00000E+00   0.10000E+00    0.50249E-02 -295.14         test_N_all          
.6400E+00   100.000  0.571E+02   0.12249E-01   0.00000E+00   0.10000E+00    0.50249E-02 -304.96         test_N_all          
.6500E+00   100.000  0.547E+02   0.10940E-01   0.00000E+00   0.10000E+00    0.50249E-02 -314.13         test_N_all          
.6600E+00   100.000  0.524E+02   0.97407E-02   0.00000E+00   0.10000E+00    0.50249E-02 -322.64         test_N_all          
.6700E+00   100.000  0.501E+02   0.86450E-02   0.00000E+00   0.10000E+00    0.50249E-02 -330.52         test_N_all          
.6800E+00   100.000  0.479E+02   0.76472E-02   0.00000E+00   0.10000E+00    0.50249E-02 -337.78         test_N_all          
.6900E+00   100.000  0.458E+02   0.67402E-02   0.00000E+00   0.10000E+00    0.50249E-02 -344.45         test_N_all          
.7000E+00   100.000  0.437E+02   0.59194E-02   0.00000E+00   0.10000E+00    0.17692E-02 *******         test_N_all          
.7100E+00   100.000  0.417E+02   0.51781E-02   0.00000E+00   0.10000E+00    0.50249E-02 -356.09         test_N_all          
.7200E+00   100.000  0.398E+02   0.45110E-02   0.00000E+00   0.10000E+00    0.50249E-02 -361.11         test_N_all          
.7300E+00   100.000  0.379E+02   0.39133E-02   0.00000E+00   0.10000E+00    0.50249E-02 -365.65         test_N_all          
.7400E+00   100.000  0.360E+02   0.33781E-02   0.00000E+00   0.10000E+00    0.50249E-02 -369.73         test_N_all          
.7500E+00   100.000  0.342E+02   0.29023E-02   0.00000E+00   0.10000E+00    0.50249E-02 -373.38         test_N_all          
.7600E+00   100.000  0.325E+02   0.24800E-02   0.00000E+00   0.10000E+00    0.50249E-02 -376.64         test_N_all          
.7700E+00   100.000  0.308E+02   0.21068E-02   0.00000E+00   0.10000E+00    0.50249E-02 -379.53         test_N_all          
.7800E+00   100.000  0.291E+02   0.17792E-02   0.00000E+00   0.10000E+00    0.50249E-02 -382.07         test_N_all          
.7900E+00   100.000  0.275E+02   0.14915E-02   0.00000E+00   0.10000E+00    0.50249E-02 -384.31         test_N_all          
.8000E+00   100.000  0.259E+02   0.12415E-02   0.00000E+00   0.10000E+00    0.17692E-02 *******         test_N_all          
.8100E+00   100.000  0.243E+02   0.10249E-02   0.00000E+00   0.10000E+00    0.50249E-02 -387.96         test_N_all          
.8200E+00   100.000  0.228E+02   0.83816E-03   0.00000E+00   0.10000E+00    0.50249E-02 -389.43         test_N_all          
.8300E+00   100.000  0.214E+02   0.67918E-03   0.00000E+00   0.10000E+00    0.50249E-02 -390.68         test_N_all          
.8400E+00   100.000  0.199E+02   0.54340E-03   0.00000E+00   0.10000E+00    0.50249E-02 -391.75         test_N_all          
.8500E+00   100.000  0.185E+02   0.42949E-03   0.00000E+00   0.10000E+00    0.50249E-02 -392.65         test_N_all          
.8600E+00   100.000  0.172E+02   0.33465E-03   0.00000E+00   0.10000E+00    0.50249E-02 -393.39         test_N_all          
.8700E+00   100.000  0.158E+02   0.25611E-03   0.00000E+00   0.10000E+00    0.50249E-02 -394.01         test_N_all          
.8800E+00   100.000  0.145E+02   0.19261E-03   0.00000E+00   0.10000E+00    0.50249E-02 -394.52         test_N_all          
.8900E+00   100.000  0.132E+02   0.14127E-03   0.00000E+00   0.10000E+00    0.50249E-02 -394.92         test_N_all          
.9000E+00   100.000  0.120E+02   0.10093E-03   0.00000E+00   0.10000E+00    0.17692E-02 *******         test_N_all          
.9100E+00   100.000  0.108E+02   0.69978E-04   0.00000E+00   0.10000E+00    0.50249E-02 -395.49         test_N_all          
.9200E+00   100.000  0.958E+01   0.46370E-04   0.00000E+00   0.10000E+00    0.50249E-02 -395.67         test_N_all          
.9300E+00   100.000  0.841E+01   0.29457E-04   0.00000E+00   0.10000E+00    0.50249E-02 -395.81         test_N_all          
.9400E+00   100.000  0.726E+01   0.17414E-04   0.00000E+00   0.10000E+00    0.50249E-02 -395.90         test_N_all          
.9500E+00   100.000  0.614E+01   0.94114E-05   0.00000E+00   0.10000E+00    0.50249E-02 -395.97         test_N_all          
.9600E+00   100.000  0.505E+01   0.46838E-05   0.00000E+00   0.10000E+00    0.50249E-02 -396.00         test_N_all          
.9700E+00   100.000  0.397E+01   0.17873E-05   0.00000E+00   0.10000E+00    0.50249E-02 -396.03         test_N_all          
.9800E+00   100.000  0.292E+01   0.58356E-06   0.00000E+00   0.10000E+00    0.50249E-02 -396.03         test_N_all          
.9900E+00   100.000  0.189E+01   0.43560E-06   0.00000E+00   0.10000E+00    0.50249E-02 -396.04         test_N_all          
.1000E+01   100.000  0.882E+00   0.59039E-06   0.00000E+00   0.10000E+00    0.50249E-02 -396.03         test_N_all          



 CHI SQUARE=******** FOR  582 POINTS   CHISQ/NPTS=  673.40
 Signed chisquare total =********
 Modified residual =********


Summary normalization chi2 contributions

 data set     normalization        error         chisq


Summary chi2 per data set

 data set                chisq    _w     signd    _w     resid     _w   npts   chisq/pts  _w
test_N_all            391919.3        108534.0        ********           582  673.40
------------------------------------------------------------------------------------
          TOTAL       391919.3391919.3108534.0     0.0****************   582  673.40  673.40
          TOTAL+norm  391919.3391919.3                                   582  673.40  673.40



            Momentum Sum Rule Check


      q2      alphas      xuv       xdv       xub       xdb       xsb       xcb       xbb      xglue     total
      1.69    0.3845    0.3208    0.1352    0.0562    0.0666    0.0246    0.0000    0.0000    0.3968    1.0002
    100.00    0.1784    0.2261    0.0952    0.0656    0.0729    0.0434    0.0261    0.0088    0.4591    0.9972
   1000.00    0.1407    0.0000    0.0000    0.0000    0.0000    0.0000    0.0000    0.0000    0.0000    0.0000
   8315.00    0.1180    0.0000    0.0000    0.0000    0.0000    0.0000    0.0000    0.0000    0.0000    0.0000


 Vector Boson Cross Sections

 sqrt(s)   sigma(W)    error    theory

   1960.     2.865     0.063       0.000     D0

   1960.     2.749     0.054       0.000     CDF

   7000.     9.95      0.29        0.000     CMS

   7000.     9.96      0.55        0.000     ATLAS

 sqrt(s)   sigma(Z)    error    theory

   1960.     .2649     .0094       0.000     D0

   1960.     .2549     .0057       0.000     CDF

   7000.     .931      0.035       0.000     CMS

   7000.     .82       0.08        0.000     ATLAS


