 Correlated errors added in quadrature with statistical errors
 test_N_all           DIS data with   1.69< Q2 < 0.500D+03 and 0.000 < xB < 1.000 and   0.00< W2 < 0.100D+05 and 0.000 < y < 1.000
   GP TMC applied
   no HT corrections

# fitpack15: fit output
# CJ15 AV18 final data choices                                                 

Parametrization   7 used here

 S-ACOT scheme used  for NC DIS

 charm mass =     1.30 GeV     bottom mass =     4.50 GeV



 THIS IS A NEXT TO LEADING ORDER FIT

 Q02=    1.69
         1  LAMBDA      VALUE=   0.22680      WEIGHT=    0.0000    
         2  a0uv        VALUE=    2.4002      WEIGHT=    0.0000    
         3  a1uv        VALUE=   0.61455      WEIGHT=   0.20040E-01
         4  a2uv        VALUE=    3.5465      WEIGHT=   0.12385E-01
         5  a3uv        VALUE=    0.0000      WEIGHT=    0.0000    
         6  a4uv        VALUE=    3.4747      WEIGHT=   0.43512    
         7  a5uv        VALUE=    0.0000      WEIGHT=    0.0000    
         8  a0dv        VALUE=    24.822      WEIGHT=    0.0000    
         9  a1dv        VALUE=    1.1599      WEIGHT=   0.33031E-01
        10  a2dv        VALUE=    6.5635      WEIGHT=   0.16497    
        11  a3dv        VALUE=   -3.5040      WEIGHT=   0.87633E-01
        12  a4dv        VALUE=    4.6716      WEIGHT=   0.15130    
        13  a5dv        VALUE=    0.0000      WEIGHT=    0.0000    
        14  a0ud        VALUE=   0.14614      WEIGHT=   0.50710E-02
        15  a1ud        VALUE=  -0.20804      WEIGHT=   0.37843E-02
        16  a2ud        VALUE=    8.3007      WEIGHT=   0.19364    
        17  a3ud        VALUE=    0.0000      WEIGHT=    0.0000    
        18  a4ud        VALUE=    14.375      WEIGHT=    1.2358    
        19  a5ud        VALUE=    0.0000      WEIGHT=    0.0000    
        20  a0du        VALUE=    35712.      WEIGHT=    0.0000    
        21  a1du        VALUE=    4.0624      WEIGHT=   0.84382E-01
        22  a2du        VALUE=    20.289      WEIGHT=   0.94225    
        23  a3du        VALUE=    17.000      WEIGHT=    0.0000    
        24  a4du        VALUE=    59.299      WEIGHT=    13.812    
        25  a0g         VALUE=    45.564      WEIGHT=    0.0000    
        26  a1g         VALUE=   0.60225      WEIGHT=   0.30536E-01
        27  a2g         VALUE=    6.3060      WEIGHT=   0.97034    
        28  a3g         VALUE=   -3.3284      WEIGHT=   0.13159    
        29  a4g         VALUE=    3.1841      WEIGHT=   0.29314    
        30  a5g         VALUE=    0.0000      WEIGHT=    0.0000    
        31  kappa       VALUE=   0.40000      WEIGHT=    0.0000    
        32  a6dv        VALUE=  -0.36589E-02  WEIGHT=   0.77230E-03
        33  a7dv        VALUE=    2.0000      WEIGHT=    0.0000    
        34  off1        VALUE=   -2.7758      WEIGHT=    5.3158    
        35  off2        VALUE=   0.22976      WEIGHT=    1.3858    
        36  off3        VALUE=   0.23625      WEIGHT=    1.3608    
        37  ht1         VALUE=   -3.2786      WEIGHT=   0.27152    
        38  ht2         VALUE=    1.9092      WEIGHT=   0.11156    
        39  ht3         VALUE=   -2.0975      WEIGHT=   0.28594E-01
        40  ht4         VALUE=    0.0000      WEIGHT=    0.0000    
        41  dummy41     VALUE=    0.0000      WEIGHT=    0.0000    
        42  dummy42     VALUE=    0.0000      WEIGHT=    0.0000    
        43  dummy43     VALUE=    0.0000      WEIGHT=    0.0000    
        44  dummy44     VALUE=    0.0000      WEIGHT=    0.0000    
        45  dummy45     VALUE=    0.0000      WEIGHT=    0.0000    
        46  dummy46     VALUE=    0.0000      WEIGHT=    0.0000    
        47  dummy47     VALUE=    0.0000      WEIGHT=    0.0000    
        48  dummy48     VALUE=    0.0000      WEIGHT=    0.0000    
        49  dummy49     VALUE=    0.0000      WEIGHT=    0.0000    
        50  bcdmsh2     VALUE=   0.97264      WEIGHT=   0.48173E-02
        51  bcdmsd2     VALUE=   0.99352      WEIGHT=   0.56856E-02
        52  ccfr        VALUE=    1.0000      WEIGHT=    0.0000    
        53  nutev       VALUE=    1.0000      WEIGHT=    0.0000    
        54  zeus        VALUE=   0.97998      WEIGHT=    0.0000    
        55  h1          VALUE=    1.0162      WEIGHT=    0.0000    
        56  e605        VALUE=    1.0319      WEIGHT=    0.0000    
        57  NmcH2       VALUE=    1.0096      WEIGHT=   0.71272E-02
        58  ntv_nu      VALUE=    1.0000      WEIGHT=    0.0000    
        59  ntv_nubar   VALUE=    1.0000      WEIGHT=    0.0000    
        60  cdf_jet     VALUE=   0.98910      WEIGHT=    0.0000    
        61  d0_jet      VALUE=   0.83504      WEIGHT=    0.0000    
        62  slac_p      VALUE=    1.0049      WEIGHT=   0.47794E-02
        63  slac_d      VALUE=    1.0046      WEIGHT=   0.52325E-02
        64  e866pp      VALUE=   0.96875      WEIGHT=   0.19173E-01
        65  e866pd      VALUE=   0.96022      WEIGHT=   0.15787E-01
        66  d0_gamjet   VALUE=    1.0399      WEIGHT=   0.16488E-01
        67  h1b         VALUE=   0.97608      WEIGHT=    0.0000    
        68  jlab_p      VALUE=   0.99651      WEIGHT=   0.57978E-02
        69  jlab_d      VALUE=   0.97742      WEIGHT=   0.59302E-02
        70  blank       VALUE=    1.0000      WEIGHT=    0.0000    
        71  d0run2      VALUE=   0.94379      WEIGHT=   0.14537E-01
        72  cdfrun2     VALUE=   0.92893      WEIGHT=   0.17353E-01
        73  HERA_el     VALUE=    1.0000      WEIGHT=    0.0000    
        74  HERA_ps     VALUE=    1.0000      WEIGHT=    0.0000    
        75  CDF_Z       VALUE=   0.96306      WEIGHT=   0.63294E-02
        76  NmcRat      VALUE=    1.0000      WEIGHT=    0.0000    
        77  BNS_F2nd    VALUE=   0.97956      WEIGHT=   0.54766E-02
        78  HERMES_F2p  VALUE=   0.99793      WEIGHT=   0.55715E-02
        79  HERMES_F2d  VALUE=   0.98056      WEIGHT=   0.58102E-02
0THE TOLERANCE IS    0.1000
 THE MAXIMUM NUMBER OF STEPS IS 100
0THE INITIAL CHI SQUARED IS  3.97382E+05



     X        Q2         W2       THEORY        error         DATA           ERROR        chi^2     _w    ITYPE
.1000E-01     2.000  0.199E+03   0.34113E+00   0.00000E+00   0.10000E+00    0.50249E-02 2302.73         test_N_all          
.2000E-01     2.000  0.989E+02   0.31784E+00   0.00000E+00   0.10000E+00    0.50249E-02 1879.30         test_N_all          
.3000E-01     2.000  0.655E+02   0.30865E+00   0.00000E+00   0.10000E+00    0.50249E-02 1724.14         test_N_all          
.4000E-01     2.000  0.489E+02   0.30630E+00   0.00000E+00   0.10000E+00    0.50249E-02 1685.54         test_N_all          
.5000E-01     2.000  0.389E+02   0.30545E+00   0.00000E+00   0.10000E+00    0.50249E-02 1671.60         test_N_all          
.6000E-01     2.000  0.322E+02   0.30606E+00   0.00000E+00   0.10000E+00    0.50249E-02 1681.66         test_N_all          
.7000E-01     2.000  0.275E+02   0.30695E+00   0.00000E+00   0.10000E+00    0.50249E-02 1696.15         test_N_all          
.8000E-01     2.000  0.239E+02   0.30779E+00   0.00000E+00   0.10000E+00    0.50249E-02 1709.92         test_N_all          
.9000E-01     2.000  0.211E+02   0.30823E+00   0.00000E+00   0.10000E+00    0.50249E-02 1717.29         test_N_all          
.1000E+00     2.000  0.189E+02   0.30815E+00   0.00000E+00   0.10000E+00    0.50249E-02 1715.84         test_N_all          
.1100E+00     2.000  0.171E+02   0.30740E+00   0.00000E+00   0.10000E+00    0.50249E-02 1703.48         test_N_all          
.1200E+00     2.000  0.155E+02   0.30595E+00   0.00000E+00   0.10000E+00    0.50249E-02 1679.79         test_N_all          
.1300E+00     2.000  0.143E+02   0.30383E+00   0.00000E+00   0.10000E+00    0.50249E-02 1645.43         test_N_all          
.1400E+00     2.000  0.132E+02   0.30113E+00   0.00000E+00   0.10000E+00    0.50249E-02 1602.13         test_N_all          
.1500E+00     2.000  0.122E+02   0.29783E+00   0.00000E+00   0.10000E+00    0.50249E-02 1550.03         test_N_all          
.1600E+00     2.000  0.114E+02   0.29410E+00   0.00000E+00   0.10000E+00    0.50249E-02 1492.01         test_N_all          
.1700E+00     2.000  0.106E+02   0.28995E+00   0.00000E+00   0.10000E+00    0.50249E-02 1429.01         test_N_all          
.1800E+00     2.000  0.999E+01   0.28544E+00   0.00000E+00   0.10000E+00    0.50249E-02 1361.92         test_N_all          
.1900E+00     2.000  0.941E+01   0.28070E+00   0.00000E+00   0.10000E+00    0.50249E-02 1293.23         test_N_all          
.2000E+00     2.000  0.888E+01   0.27572E+00   0.00000E+00   0.10000E+00    0.50249E-02 1222.87         test_N_all          
.2100E+00     2.000  0.841E+01   0.27056E+00   0.00000E+00   0.10000E+00    0.50249E-02 1152.09         test_N_all          
.2200E+00     2.000  0.797E+01   0.26527E+00   0.00000E+00   0.10000E+00    0.50249E-02 1081.77         test_N_all          
.2300E+00     2.000  0.758E+01   0.25985E+00   0.00000E+00   0.10000E+00    0.50249E-02 1011.99         test_N_all          
.2400E+00     2.000  0.722E+01   0.25437E+00   0.00000E+00   0.10000E+00    0.50249E-02  943.72         test_N_all          
.2500E+00     2.000  0.688E+01   0.24880E+00   0.00000E+00   0.10000E+00    0.50249E-02  876.94         test_N_all          
.2600E+00     2.000  0.657E+01   0.24318E+00   0.00000E+00   0.10000E+00    0.50249E-02  811.92         test_N_all          
.2700E+00     2.000  0.629E+01   0.23752E+00   0.00000E+00   0.10000E+00    0.50249E-02  748.97         test_N_all          
.2800E+00     2.000  0.602E+01   0.23182E+00   0.00000E+00   0.10000E+00    0.50249E-02  688.16         test_N_all          
.2900E+00     2.000  0.578E+01   0.22608E+00   0.00000E+00   0.10000E+00    0.50249E-02  629.58         test_N_all          
.3000E+00     2.000  0.555E+01   0.22032E+00   0.00000E+00   0.10000E+00    0.18868E-02 4066.58         test_N_all          
.3100E+00     2.000  0.533E+01   0.21453E+00   0.00000E+00   0.10000E+00    0.50249E-02  519.53         test_N_all          
.3200E+00     2.000  0.513E+01   0.20872E+00   0.00000E+00   0.10000E+00    0.50249E-02  468.16         test_N_all          
.3300E+00     2.000  0.494E+01   0.20290E+00   0.00000E+00   0.10000E+00    0.50249E-02  419.31         test_N_all          
.3400E+00     2.000  0.476E+01   0.19706E+00   0.00000E+00   0.10000E+00    0.50249E-02  373.07         test_N_all          
.3500E+00     2.000  0.460E+01   0.19120E+00   0.00000E+00   0.10000E+00    0.50249E-02  329.41         test_N_all          
.3600E+00     2.000  0.444E+01   0.18534E+00   0.00000E+00   0.10000E+00    0.50249E-02  288.45         test_N_all          
.3700E+00     2.000  0.429E+01   0.17949E+00   0.00000E+00   0.10000E+00    0.50249E-02  250.25         test_N_all          
.3800E+00     2.000  0.414E+01   0.17364E+00   0.00000E+00   0.10000E+00    0.50249E-02  214.77         test_N_all          
.3900E+00     2.000  0.401E+01   0.16781E+00   0.00000E+00   0.10000E+00    0.50249E-02  182.11         test_N_all          
.4000E+00     2.000  0.388E+01   0.16201E+00   0.00000E+00   0.10000E+00    0.17692E-02 1228.51         test_N_all          
.4100E+00     2.000  0.376E+01   0.15624E+00   0.00000E+00   0.10000E+00    0.50249E-02  125.27         test_N_all          
.4200E+00     2.000  0.364E+01   0.15052E+00   0.00000E+00   0.10000E+00    0.50249E-02  101.08         test_N_all          
.4300E+00     2.000  0.353E+01   0.14486E+00   0.00000E+00   0.10000E+00    0.50249E-02   79.69         test_N_all          
.4400E+00     2.000  0.343E+01   0.13926E+00   0.00000E+00   0.10000E+00    0.50249E-02   61.05         test_N_all          
.4500E+00     2.000  0.333E+01   0.13374E+00   0.00000E+00   0.10000E+00    0.50249E-02   45.09         test_N_all          
.4600E+00     2.000  0.323E+01   0.12831E+00   0.00000E+00   0.10000E+00    0.50249E-02   31.73         test_N_all          
.4700E+00     2.000  0.314E+01   0.12297E+00   0.00000E+00   0.10000E+00    0.50249E-02   20.89         test_N_all          
.4800E+00     2.000  0.305E+01   0.11774E+00   0.00000E+00   0.10000E+00    0.50249E-02   12.46         test_N_all          
.4900E+00     2.000  0.296E+01   0.11261E+00   0.00000E+00   0.10000E+00    0.50249E-02    6.30         test_N_all          
.5000E+00     2.000  0.288E+01   0.10761E+00   0.00000E+00   0.10000E+00    0.17692E-02   18.51         test_N_all          
.5100E+00     2.000  0.280E+01   0.10274E+00   0.00000E+00   0.10000E+00    0.50249E-02    0.30         test_N_all          
.5200E+00     2.000  0.273E+01   0.97993E-01   0.00000E+00   0.10000E+00    0.50249E-02   -0.16         test_N_all          
.5300E+00     2.000  0.266E+01   0.93382E-01   0.00000E+00   0.10000E+00    0.50249E-02   -1.73         test_N_all          
.5400E+00     2.000  0.259E+01   0.88916E-01   0.00000E+00   0.10000E+00    0.50249E-02   -4.87         test_N_all          
.5500E+00     2.000  0.252E+01   0.84591E-01   0.00000E+00   0.10000E+00    0.50249E-02   -9.40         test_N_all          
.5600E+00     2.000  0.245E+01   0.80409E-01   0.00000E+00   0.10000E+00    0.50249E-02  -15.20         test_N_all          
.5700E+00     2.000  0.239E+01   0.76376E-01   0.00000E+00   0.10000E+00    0.50249E-02  -22.10         test_N_all          
.5800E+00     2.000  0.233E+01   0.72491E-01   0.00000E+00   0.10000E+00    0.50249E-02  -29.97         test_N_all          
.5900E+00     2.000  0.227E+01   0.68752E-01   0.00000E+00   0.10000E+00    0.50249E-02  -38.67         test_N_all          
.6000E+00     2.000  0.222E+01   0.65158E-01   0.00000E+00   0.10000E+00    0.17692E-02 -387.86         test_N_all          
.6100E+00     2.000  0.216E+01   0.61713E-01   0.00000E+00   0.10000E+00    0.50249E-02  -58.05         test_N_all          
.6200E+00     2.000  0.211E+01   0.58412E-01   0.00000E+00   0.10000E+00    0.50249E-02  -68.50         test_N_all          
.6300E+00     2.000  0.206E+01   0.55251E-01   0.00000E+00   0.10000E+00    0.50249E-02  -79.31         test_N_all          
.6400E+00     2.000  0.201E+01   0.52229E-01   0.00000E+00   0.10000E+00    0.50249E-02  -90.38         test_N_all          
.6500E+00     2.000  0.196E+01   0.49346E-01   0.00000E+00   0.10000E+00    0.50249E-02 -101.62         test_N_all          
.6600E+00     2.000  0.191E+01   0.46596E-01   0.00000E+00   0.10000E+00    0.50249E-02 -112.95         test_N_all          
.6700E+00     2.000  0.187E+01   0.43974E-01   0.00000E+00   0.10000E+00    0.50249E-02 -124.31         test_N_all          
.6800E+00     2.000  0.182E+01   0.41479E-01   0.00000E+00   0.10000E+00    0.50249E-02 -135.63         test_N_all          
.6900E+00     2.000  0.178E+01   0.39108E-01   0.00000E+00   0.10000E+00    0.50249E-02 -146.85         test_N_all          
.7000E+00     2.000  0.174E+01   0.36854E-01   0.00000E+00   0.10000E+00    0.17692E-02 *******         test_N_all          
.7100E+00     2.000  0.170E+01   0.34714E-01   0.00000E+00   0.10000E+00    0.50249E-02 -168.80         test_N_all          
.7200E+00     2.000  0.166E+01   0.32685E-01   0.00000E+00   0.10000E+00    0.50249E-02 -179.46         test_N_all          
.7300E+00     2.000  0.162E+01   0.30762E-01   0.00000E+00   0.10000E+00    0.50249E-02 -189.86         test_N_all          
.7400E+00     2.000  0.158E+01   0.28941E-01   0.00000E+00   0.10000E+00    0.50249E-02 -199.98         test_N_all          
.7500E+00     2.000  0.155E+01   0.27217E-01   0.00000E+00   0.10000E+00    0.50249E-02 -209.80         test_N_all          
.7600E+00     2.000  0.151E+01   0.25586E-01   0.00000E+00   0.10000E+00    0.50249E-02 -219.31         test_N_all          
.7700E+00     2.000  0.148E+01   0.24045E-01   0.00000E+00   0.10000E+00    0.50249E-02 -228.48         test_N_all          
.7800E+00     2.000  0.145E+01   0.22590E-01   0.00000E+00   0.10000E+00    0.50249E-02 -237.32         test_N_all          
.7900E+00     2.000  0.141E+01   0.21216E-01   0.00000E+00   0.10000E+00    0.50249E-02 -245.82         test_N_all          
.8000E+00     2.000  0.138E+01   0.19918E-01   0.00000E+00   0.10000E+00    0.17692E-02 *******         test_N_all          
.8100E+00     2.000  0.135E+01   0.18695E-01   0.00000E+00   0.10000E+00    0.50249E-02 -261.80         test_N_all          
.8200E+00     2.000  0.132E+01   0.17542E-01   0.00000E+00   0.10000E+00    0.50249E-02 -269.28         test_N_all          
.8300E+00     2.000  0.129E+01   0.16456E-01   0.00000E+00   0.10000E+00    0.50249E-02 -276.42         test_N_all          
.8400E+00     2.000  0.126E+01   0.15432E-01   0.00000E+00   0.10000E+00    0.50249E-02 -283.23         test_N_all          
.8500E+00     2.000  0.123E+01   0.14469E-01   0.00000E+00   0.10000E+00    0.50249E-02 -289.73         test_N_all          
.8600E+00     2.000  0.121E+01   0.13562E-01   0.00000E+00   0.10000E+00    0.50249E-02 -295.90         test_N_all          
.8700E+00     2.000  0.118E+01   0.12709E-01   0.00000E+00   0.10000E+00    0.50249E-02 -301.77         test_N_all          
.8800E+00     2.000  0.115E+01   0.11906E-01   0.00000E+00   0.10000E+00    0.50249E-02 -307.35         test_N_all          
.8900E+00     2.000  0.113E+01   0.11152E-01   0.00000E+00   0.10000E+00    0.50249E-02 -312.63         test_N_all          
.9000E+00     2.000  0.110E+01   0.10442E-01   0.00000E+00   0.10000E+00    0.17692E-02 *******         test_N_all          
.9100E+00     2.000  0.108E+01   0.97756E-02   0.00000E+00   0.10000E+00    0.50249E-02 -322.39         test_N_all          
.9200E+00     2.000  0.106E+01   0.91493E-02   0.00000E+00   0.10000E+00    0.50249E-02 -326.89         test_N_all          
.9300E+00     2.000  0.103E+01   0.85610E-02   0.00000E+00   0.10000E+00    0.50249E-02 -331.13         test_N_all          
.9400E+00     2.000  0.101E+01   0.80087E-02   0.00000E+00   0.10000E+00    0.50249E-02 -335.14         test_N_all          
.9500E+00     2.000  0.987E+00   0.74901E-02   0.00000E+00   0.10000E+00    0.50249E-02 -338.93         test_N_all          
.9600E+00     2.000  0.965E+00   0.70031E-02   0.00000E+00   0.10000E+00    0.50249E-02 -342.51         test_N_all          
.9700E+00     2.000  0.944E+00   0.65460E-02   0.00000E+00   0.10000E+00    0.50249E-02 -345.89         test_N_all          
.9800E+00     2.000  0.923E+00   0.61172E-02   0.00000E+00   0.10000E+00    0.50249E-02 -349.07         test_N_all          
.9900E+00     2.000  0.902E+00   0.57151E-02   0.00000E+00   0.10000E+00    0.50249E-02 -352.07         test_N_all          
.1000E+01     2.000  0.882E+00   0.53379E-02   0.00000E+00   0.10000E+00    0.50249E-02 -354.89         test_N_all          
.1000E-01     5.000  0.496E+03   0.44781E+00   0.00000E+00   0.10000E+00    0.50249E-02 4790.92         test_N_all          
.2000E-01     5.000  0.246E+03   0.39644E+00   0.00000E+00   0.10000E+00    0.50249E-02 3480.21         test_N_all          
.3000E-01     5.000  0.163E+03   0.37149E+00   0.00000E+00   0.10000E+00    0.50249E-02 2919.15         test_N_all          
.4000E-01     5.000  0.121E+03   0.35908E+00   0.00000E+00   0.10000E+00    0.50249E-02 2658.24         test_N_all          
.5000E-01     5.000  0.959E+02   0.34942E+00   0.00000E+00   0.10000E+00    0.50249E-02 2463.83         test_N_all          
.6000E-01     5.000  0.792E+02   0.34296E+00   0.00000E+00   0.10000E+00    0.50249E-02 2337.87         test_N_all          
.7000E-01     5.000  0.673E+02   0.33727E+00   0.00000E+00   0.10000E+00    0.50249E-02 2229.65         test_N_all          
.8000E-01     5.000  0.584E+02   0.33234E+00   0.00000E+00   0.10000E+00    0.50249E-02 2137.94         test_N_all          
.9000E-01     5.000  0.514E+02   0.32742E+00   0.00000E+00   0.10000E+00    0.50249E-02 2048.38         test_N_all          
.1000E+00     5.000  0.459E+02   0.32251E+00   0.00000E+00   0.10000E+00    0.50249E-02 1960.73         test_N_all          
.1100E+00     5.000  0.413E+02   0.31733E+00   0.00000E+00   0.10000E+00    0.50249E-02 1870.58         test_N_all          
.1200E+00     5.000  0.375E+02   0.31197E+00   0.00000E+00   0.10000E+00    0.50249E-02 1779.42         test_N_all          
.1300E+00     5.000  0.343E+02   0.30636E+00   0.00000E+00   0.10000E+00    0.50249E-02 1686.52         test_N_all          
.1400E+00     5.000  0.316E+02   0.30051E+00   0.00000E+00   0.10000E+00    0.50249E-02 1592.20         test_N_all          
.1500E+00     5.000  0.292E+02   0.29445E+00   0.00000E+00   0.10000E+00    0.50249E-02 1497.44         test_N_all          
.1600E+00     5.000  0.271E+02   0.28826E+00   0.00000E+00   0.10000E+00    0.50249E-02 1403.63         test_N_all          
.1700E+00     5.000  0.253E+02   0.28195E+00   0.00000E+00   0.10000E+00    0.50249E-02 1311.16         test_N_all          
.1800E+00     5.000  0.237E+02   0.27557E+00   0.00000E+00   0.10000E+00    0.50249E-02 1220.72         test_N_all          
.1900E+00     5.000  0.222E+02   0.26915E+00   0.00000E+00   0.10000E+00    0.50249E-02 1133.12         test_N_all          
.2000E+00     5.000  0.209E+02   0.26270E+00   0.00000E+00   0.10000E+00    0.50249E-02 1048.38         test_N_all          
.2100E+00     5.000  0.197E+02   0.25626E+00   0.00000E+00   0.10000E+00    0.50249E-02  966.97         test_N_all          
.2200E+00     5.000  0.186E+02   0.24982E+00   0.00000E+00   0.10000E+00    0.50249E-02  889.01         test_N_all          
.2300E+00     5.000  0.176E+02   0.24342E+00   0.00000E+00   0.10000E+00    0.50249E-02  814.58         test_N_all          
.2400E+00     5.000  0.167E+02   0.23703E+00   0.00000E+00   0.10000E+00    0.50249E-02  743.69         test_N_all          
.2500E+00     5.000  0.159E+02   0.23068E+00   0.00000E+00   0.10000E+00    0.50249E-02  676.30         test_N_all          
.2600E+00     5.000  0.151E+02   0.22435E+00   0.00000E+00   0.10000E+00    0.50249E-02  612.37         test_N_all          
.2700E+00     5.000  0.144E+02   0.21804E+00   0.00000E+00   0.10000E+00    0.50249E-02  551.84         test_N_all          
.2800E+00     5.000  0.137E+02   0.21176E+00   0.00000E+00   0.10000E+00    0.50249E-02  494.70         test_N_all          
.2900E+00     5.000  0.131E+02   0.20550E+00   0.00000E+00   0.10000E+00    0.50249E-02  440.81         test_N_all          
.3000E+00     5.000  0.125E+02   0.19926E+00   0.00000E+00   0.10000E+00    0.18868E-02 2767.56         test_N_all          
.3100E+00     5.000  0.120E+02   0.19304E+00   0.00000E+00   0.10000E+00    0.50249E-02  342.81         test_N_all          
.3200E+00     5.000  0.115E+02   0.18683E+00   0.00000E+00   0.10000E+00    0.50249E-02  298.58         test_N_all          
.3300E+00     5.000  0.110E+02   0.18064E+00   0.00000E+00   0.10000E+00    0.50249E-02  257.53         test_N_all          
.3400E+00     5.000  0.106E+02   0.17447E+00   0.00000E+00   0.10000E+00    0.50249E-02  219.61         test_N_all          
.3500E+00     5.000  0.102E+02   0.16831E+00   0.00000E+00   0.10000E+00    0.50249E-02  184.82         test_N_all          
.3600E+00     5.000  0.977E+01   0.16219E+00   0.00000E+00   0.10000E+00    0.50249E-02  153.18         test_N_all          
.3700E+00     5.000  0.940E+01   0.15610E+00   0.00000E+00   0.10000E+00    0.50249E-02  124.64         test_N_all          
.3800E+00     5.000  0.904E+01   0.15005E+00   0.00000E+00   0.10000E+00    0.50249E-02   99.19         test_N_all          
.3900E+00     5.000  0.870E+01   0.14404E+00   0.00000E+00   0.10000E+00    0.50249E-02   76.82         test_N_all          
.4000E+00     5.000  0.838E+01   0.13809E+00   0.00000E+00   0.10000E+00    0.17692E-02  463.64         test_N_all          
.4100E+00     5.000  0.808E+01   0.13221E+00   0.00000E+00   0.10000E+00    0.50249E-02   41.10         test_N_all          
.4200E+00     5.000  0.779E+01   0.12641E+00   0.00000E+00   0.10000E+00    0.50249E-02   27.62         test_N_all          
.4300E+00     5.000  0.751E+01   0.12069E+00   0.00000E+00   0.10000E+00    0.50249E-02   16.96         test_N_all          
.4400E+00     5.000  0.725E+01   0.11507E+00   0.00000E+00   0.10000E+00    0.50249E-02    8.99         test_N_all          
.4500E+00     5.000  0.699E+01   0.10956E+00   0.00000E+00   0.10000E+00    0.50249E-02    3.62         test_N_all          
.4600E+00     5.000  0.675E+01   0.10416E+00   0.00000E+00   0.10000E+00    0.50249E-02    0.69         test_N_all          
.4700E+00     5.000  0.652E+01   0.98887E-01   0.00000E+00   0.10000E+00    0.50249E-02   -0.05         test_N_all          
.4800E+00     5.000  0.630E+01   0.93750E-01   0.00000E+00   0.10000E+00    0.50249E-02   -1.55         test_N_all          
.4900E+00     5.000  0.609E+01   0.88751E-01   0.00000E+00   0.10000E+00    0.50249E-02   -5.01         test_N_all          
.5000E+00     5.000  0.588E+01   0.83898E-01   0.00000E+00   0.10000E+00    0.17692E-02  -82.83         test_N_all          
.5100E+00     5.000  0.569E+01   0.79202E-01   0.00000E+00   0.10000E+00    0.50249E-02  -17.13         test_N_all          
.5200E+00     5.000  0.550E+01   0.74660E-01   0.00000E+00   0.10000E+00    0.50249E-02  -25.43         test_N_all          
.5300E+00     5.000  0.532E+01   0.70280E-01   0.00000E+00   0.10000E+00    0.50249E-02  -34.98         test_N_all          
.5400E+00     5.000  0.514E+01   0.66066E-01   0.00000E+00   0.10000E+00    0.50249E-02  -45.60         test_N_all          
.5500E+00     5.000  0.497E+01   0.62016E-01   0.00000E+00   0.10000E+00    0.50249E-02  -57.14         test_N_all          
.5600E+00     5.000  0.481E+01   0.58136E-01   0.00000E+00   0.10000E+00    0.50249E-02  -69.41         test_N_all          
.5700E+00     5.000  0.465E+01   0.54423E-01   0.00000E+00   0.10000E+00    0.50249E-02  -82.27         test_N_all          
.5800E+00     5.000  0.450E+01   0.50876E-01   0.00000E+00   0.10000E+00    0.50249E-02  -95.57         test_N_all          
.5900E+00     5.000  0.436E+01   0.47498E-01   0.00000E+00   0.10000E+00    0.50249E-02 -109.17         test_N_all          
.6000E+00     5.000  0.422E+01   0.44283E-01   0.00000E+00   0.10000E+00    0.17692E-02 -991.80         test_N_all          
.6100E+00     5.000  0.408E+01   0.41229E-01   0.00000E+00   0.10000E+00    0.50249E-02 -136.79         test_N_all          
.6200E+00     5.000  0.395E+01   0.38336E-01   0.00000E+00   0.10000E+00    0.50249E-02 -150.59         test_N_all          
.6300E+00     5.000  0.382E+01   0.35598E-01   0.00000E+00   0.10000E+00    0.50249E-02 -164.26         test_N_all          
.6400E+00     5.000  0.369E+01   0.33010E-01   0.00000E+00   0.10000E+00    0.50249E-02 -177.73         test_N_all          
.6500E+00     5.000  0.357E+01   0.30570E-01   0.00000E+00   0.10000E+00    0.50249E-02 -190.91         test_N_all          
.6600E+00     5.000  0.346E+01   0.28273E-01   0.00000E+00   0.10000E+00    0.50249E-02 -203.75         test_N_all          
.6700E+00     5.000  0.334E+01   0.26113E-01   0.00000E+00   0.10000E+00    0.50249E-02 -216.21         test_N_all          
.6800E+00     5.000  0.323E+01   0.24087E-01   0.00000E+00   0.10000E+00    0.50249E-02 -228.23         test_N_all          
.6900E+00     5.000  0.313E+01   0.22187E-01   0.00000E+00   0.10000E+00    0.50249E-02 -239.80         test_N_all          
.7000E+00     5.000  0.302E+01   0.20410E-01   0.00000E+00   0.10000E+00    0.17692E-02 *******         test_N_all          
.7100E+00     5.000  0.292E+01   0.18749E-01   0.00000E+00   0.10000E+00    0.50249E-02 -261.46         test_N_all          
.7200E+00     5.000  0.283E+01   0.17199E-01   0.00000E+00   0.10000E+00    0.50249E-02 -271.52         test_N_all          
.7300E+00     5.000  0.273E+01   0.15756E-01   0.00000E+00   0.10000E+00    0.50249E-02 -281.07         test_N_all          
.7400E+00     5.000  0.264E+01   0.14412E-01   0.00000E+00   0.10000E+00    0.50249E-02 -290.11         test_N_all          
.7500E+00     5.000  0.255E+01   0.13164E-01   0.00000E+00   0.10000E+00    0.50249E-02 -298.63         test_N_all          
.7600E+00     5.000  0.246E+01   0.12007E-01   0.00000E+00   0.10000E+00    0.50249E-02 -306.65         test_N_all          
.7700E+00     5.000  0.238E+01   0.10934E-01   0.00000E+00   0.10000E+00    0.50249E-02 -314.17         test_N_all          
.7800E+00     5.000  0.229E+01   0.99407E-02   0.00000E+00   0.10000E+00    0.50249E-02 -321.22         test_N_all          
.7900E+00     5.000  0.221E+01   0.90232E-02   0.00000E+00   0.10000E+00    0.50249E-02 -327.79         test_N_all          
.8000E+00     5.000  0.213E+01   0.81769E-02   0.00000E+00   0.10000E+00    0.17692E-02 *******         test_N_all          
.8100E+00     5.000  0.205E+01   0.73962E-02   0.00000E+00   0.10000E+00    0.50249E-02 -339.62         test_N_all          
.8200E+00     5.000  0.198E+01   0.66777E-02   0.00000E+00   0.10000E+00    0.50249E-02 -344.91         test_N_all          
.8300E+00     5.000  0.191E+01   0.60179E-02   0.00000E+00   0.10000E+00    0.50249E-02 -349.81         test_N_all          
.8400E+00     5.000  0.183E+01   0.54120E-02   0.00000E+00   0.10000E+00    0.50249E-02 -354.33         test_N_all          
.8500E+00     5.000  0.176E+01   0.48564E-02   0.00000E+00   0.10000E+00    0.50249E-02 -358.51         test_N_all          
.8600E+00     5.000  0.170E+01   0.43483E-02   0.00000E+00   0.10000E+00    0.50249E-02 -362.35         test_N_all          
.8700E+00     5.000  0.163E+01   0.38842E-02   0.00000E+00   0.10000E+00    0.50249E-02 -365.87         test_N_all          
.8800E+00     5.000  0.156E+01   0.34602E-02   0.00000E+00   0.10000E+00    0.50249E-02 -369.11         test_N_all          
.8900E+00     5.000  0.150E+01   0.30744E-02   0.00000E+00   0.10000E+00    0.50249E-02 -372.06         test_N_all          
.9000E+00     5.000  0.144E+01   0.27241E-02   0.00000E+00   0.10000E+00    0.17692E-02 *******         test_N_all          
.9100E+00     5.000  0.138E+01   0.24049E-02   0.00000E+00   0.10000E+00    0.50249E-02 -377.22         test_N_all          
.9200E+00     5.000  0.132E+01   0.21166E-02   0.00000E+00   0.10000E+00    0.50249E-02 -379.45         test_N_all          
.9300E+00     5.000  0.126E+01   0.18564E-02   0.00000E+00   0.10000E+00    0.50249E-02 -381.47         test_N_all          
.9400E+00     5.000  0.120E+01   0.16221E-02   0.00000E+00   0.10000E+00    0.50249E-02 -383.30         test_N_all          
.9500E+00     5.000  0.114E+01   0.14108E-02   0.00000E+00   0.10000E+00    0.50249E-02 -384.94         test_N_all          
.9600E+00     5.000  0.109E+01   0.12216E-02   0.00000E+00   0.10000E+00    0.50249E-02 -386.42         test_N_all          
.9700E+00     5.000  0.104E+01   0.10527E-02   0.00000E+00   0.10000E+00    0.50249E-02 -387.75         test_N_all          
.9800E+00     5.000  0.984E+00   0.90219E-03   0.00000E+00   0.10000E+00    0.50249E-02 -388.93         test_N_all          
.9900E+00     5.000  0.932E+00   0.76834E-03   0.00000E+00   0.10000E+00    0.50249E-02 -389.98         test_N_all          
.1000E+01     5.000  0.882E+00   0.65018E-03   0.00000E+00   0.10000E+00    0.50249E-02 -390.91         test_N_all          
.1000E-01    10.000  0.991E+03   0.52785E+00   0.00000E+00   0.10000E+00    0.50249E-02 7249.77         test_N_all          
.2000E-01    10.000  0.491E+03   0.45249E+00   0.00000E+00   0.10000E+00    0.50249E-02 4920.86         test_N_all          
.3000E-01    10.000  0.324E+03   0.41372E+00   0.00000E+00   0.10000E+00    0.50249E-02 3897.77         test_N_all          
.4000E-01    10.000  0.241E+03   0.39294E+00   0.00000E+00   0.10000E+00    0.50249E-02 3398.51         test_N_all          
.5000E-01    10.000  0.191E+03   0.37600E+00   0.00000E+00   0.10000E+00    0.50249E-02 3016.85         test_N_all          
.6000E-01    10.000  0.158E+03   0.36419E+00   0.00000E+00   0.10000E+00    0.50249E-02 2764.12         test_N_all          
.7000E-01    10.000  0.134E+03   0.35370E+00   0.00000E+00   0.10000E+00    0.50249E-02 2549.09         test_N_all          
.8000E-01    10.000  0.116E+03   0.34481E+00   0.00000E+00   0.10000E+00    0.50249E-02 2373.46         test_N_all          
.9000E-01    10.000  0.102E+03   0.33636E+00   0.00000E+00   0.10000E+00    0.50249E-02 2212.52         test_N_all          
.1000E+00    10.000  0.909E+02   0.32843E+00   0.00000E+00   0.10000E+00    0.50249E-02 2066.61         test_N_all          
.1100E+00    10.000  0.818E+02   0.32052E+00   0.00000E+00   0.10000E+00    0.50249E-02 1925.92         test_N_all          
.1200E+00    10.000  0.742E+02   0.31285E+00   0.00000E+00   0.10000E+00    0.50249E-02 1794.19         test_N_all          
.1300E+00    10.000  0.678E+02   0.30523E+00   0.00000E+00   0.10000E+00    0.50249E-02 1668.04         test_N_all          
.1400E+00    10.000  0.623E+02   0.29760E+00   0.00000E+00   0.10000E+00    0.50249E-02 1546.31         test_N_all          
.1500E+00    10.000  0.575E+02   0.29001E+00   0.00000E+00   0.10000E+00    0.50249E-02 1429.81         test_N_all          
.1600E+00    10.000  0.534E+02   0.28246E+00   0.00000E+00   0.10000E+00    0.50249E-02 1318.46         test_N_all          
.1700E+00    10.000  0.497E+02   0.27497E+00   0.00000E+00   0.10000E+00    0.50249E-02 1212.40         test_N_all          
.1800E+00    10.000  0.464E+02   0.26754E+00   0.00000E+00   0.10000E+00    0.50249E-02 1111.73         test_N_all          
.1900E+00    10.000  0.435E+02   0.26021E+00   0.00000E+00   0.10000E+00    0.50249E-02 1016.49         test_N_all          
.2000E+00    10.000  0.409E+02   0.25296E+00   0.00000E+00   0.10000E+00    0.50249E-02  926.55         test_N_all          
.2100E+00    10.000  0.385E+02   0.24580E+00   0.00000E+00   0.10000E+00    0.50249E-02  841.84         test_N_all          
.2200E+00    10.000  0.363E+02   0.23873E+00   0.00000E+00   0.10000E+00    0.50249E-02  762.20         test_N_all          
.2300E+00    10.000  0.344E+02   0.23175E+00   0.00000E+00   0.10000E+00    0.50249E-02  687.45         test_N_all          
.2400E+00    10.000  0.325E+02   0.22486E+00   0.00000E+00   0.10000E+00    0.50249E-02  617.39         test_N_all          
.2500E+00    10.000  0.309E+02   0.21805E+00   0.00000E+00   0.10000E+00    0.50249E-02  551.87         test_N_all          
.2600E+00    10.000  0.293E+02   0.21131E+00   0.00000E+00   0.10000E+00    0.50249E-02  490.65         test_N_all          
.2700E+00    10.000  0.279E+02   0.20464E+00   0.00000E+00   0.10000E+00    0.50249E-02  433.62         test_N_all          
.2800E+00    10.000  0.266E+02   0.19804E+00   0.00000E+00   0.10000E+00    0.50249E-02  380.68         test_N_all          
.2900E+00    10.000  0.254E+02   0.19150E+00   0.00000E+00   0.10000E+00    0.50249E-02  331.59         test_N_all          
.3000E+00    10.000  0.242E+02   0.18502E+00   0.00000E+00   0.10000E+00    0.18868E-02 2030.40         test_N_all          
.3100E+00    10.000  0.231E+02   0.17859E+00   0.00000E+00   0.10000E+00    0.50249E-02  244.58         test_N_all          
.3200E+00    10.000  0.221E+02   0.17220E+00   0.00000E+00   0.10000E+00    0.50249E-02  206.46         test_N_all          
.3300E+00    10.000  0.212E+02   0.16587E+00   0.00000E+00   0.10000E+00    0.50249E-02  171.83         test_N_all          
.3400E+00    10.000  0.203E+02   0.15958E+00   0.00000E+00   0.10000E+00    0.50249E-02  140.60         test_N_all          
.3500E+00    10.000  0.195E+02   0.15335E+00   0.00000E+00   0.10000E+00    0.50249E-02  112.74         test_N_all          
.3600E+00    10.000  0.187E+02   0.14718E+00   0.00000E+00   0.10000E+00    0.50249E-02   88.17         test_N_all          
.3700E+00    10.000  0.179E+02   0.14107E+00   0.00000E+00   0.10000E+00    0.50249E-02   66.81         test_N_all          
.3800E+00    10.000  0.172E+02   0.13503E+00   0.00000E+00   0.10000E+00    0.50249E-02   48.61         test_N_all          
.3900E+00    10.000  0.165E+02   0.12907E+00   0.00000E+00   0.10000E+00    0.50249E-02   33.47         test_N_all          
.4000E+00    10.000  0.159E+02   0.12320E+00   0.00000E+00   0.10000E+00    0.17692E-02  171.92         test_N_all          
.4100E+00    10.000  0.153E+02   0.11742E+00   0.00000E+00   0.10000E+00    0.50249E-02   12.01         test_N_all          
.4200E+00    10.000  0.147E+02   0.11174E+00   0.00000E+00   0.10000E+00    0.50249E-02    5.46         test_N_all          
.4300E+00    10.000  0.141E+02   0.10617E+00   0.00000E+00   0.10000E+00    0.50249E-02    1.51         test_N_all          
.4400E+00    10.000  0.136E+02   0.10073E+00   0.00000E+00   0.10000E+00    0.50249E-02    0.02         test_N_all          
.4500E+00    10.000  0.131E+02   0.95413E-01   0.00000E+00   0.10000E+00    0.50249E-02   -0.83         test_N_all          
.4600E+00    10.000  0.126E+02   0.90232E-01   0.00000E+00   0.10000E+00    0.50249E-02   -3.78         test_N_all          
.4700E+00    10.000  0.122E+02   0.85200E-01   0.00000E+00   0.10000E+00    0.50249E-02   -8.67         test_N_all          
.4800E+00    10.000  0.117E+02   0.80317E-01   0.00000E+00   0.10000E+00    0.50249E-02  -15.34         test_N_all          
.4900E+00    10.000  0.113E+02   0.75590E-01   0.00000E+00   0.10000E+00    0.50249E-02  -23.60         test_N_all          
.5000E+00    10.000  0.109E+02   0.71027E-01   0.00000E+00   0.10000E+00    0.17692E-02 -268.19         test_N_all          
.5100E+00    10.000  0.105E+02   0.66627E-01   0.00000E+00   0.10000E+00    0.50249E-02  -44.11         test_N_all          
.5200E+00    10.000  0.101E+02   0.62398E-01   0.00000E+00   0.10000E+00    0.50249E-02  -56.00         test_N_all          
.5300E+00    10.000  0.975E+01   0.58340E-01   0.00000E+00   0.10000E+00    0.50249E-02  -68.73         test_N_all          
.5400E+00    10.000  0.940E+01   0.54453E-01   0.00000E+00   0.10000E+00    0.50249E-02  -82.16         test_N_all          
.5500E+00    10.000  0.906E+01   0.50741E-01   0.00000E+00   0.10000E+00    0.50249E-02  -96.10         test_N_all          
.5600E+00    10.000  0.874E+01   0.47202E-01   0.00000E+00   0.10000E+00    0.50249E-02 -110.40         test_N_all          
.5700E+00    10.000  0.843E+01   0.43834E-01   0.00000E+00   0.10000E+00    0.50249E-02 -124.94         test_N_all          
.5800E+00    10.000  0.812E+01   0.40638E-01   0.00000E+00   0.10000E+00    0.50249E-02 -139.56         test_N_all          
.5900E+00    10.000  0.783E+01   0.37609E-01   0.00000E+00   0.10000E+00    0.50249E-02 -154.17         test_N_all          
.6000E+00    10.000  0.755E+01   0.34745E-01   0.00000E+00   0.10000E+00    0.17692E-02 *******         test_N_all          
.6100E+00    10.000  0.728E+01   0.32043E-01   0.00000E+00   0.10000E+00    0.50249E-02 -182.89         test_N_all          
.6200E+00    10.000  0.701E+01   0.29498E-01   0.00000E+00   0.10000E+00    0.50249E-02 -196.85         test_N_all          
.6300E+00    10.000  0.675E+01   0.27108E-01   0.00000E+00   0.10000E+00    0.50249E-02 -210.43         test_N_all          
.6400E+00    10.000  0.651E+01   0.24865E-01   0.00000E+00   0.10000E+00    0.50249E-02 -223.58         test_N_all          
.6500E+00    10.000  0.627E+01   0.22765E-01   0.00000E+00   0.10000E+00    0.50249E-02 -236.25         test_N_all          
.6600E+00    10.000  0.603E+01   0.20803E-01   0.00000E+00   0.10000E+00    0.50249E-02 -248.40         test_N_all          
.6700E+00    10.000  0.581E+01   0.18974E-01   0.00000E+00   0.10000E+00    0.50249E-02 -260.01         test_N_all          
.6800E+00    10.000  0.559E+01   0.17271E-01   0.00000E+00   0.10000E+00    0.50249E-02 -271.05         test_N_all          
.6900E+00    10.000  0.537E+01   0.15690E-01   0.00000E+00   0.10000E+00    0.50249E-02 -281.51         test_N_all          
.7000E+00    10.000  0.517E+01   0.14224E-01   0.00000E+00   0.10000E+00    0.17692E-02 *******         test_N_all          
.7100E+00    10.000  0.497E+01   0.12866E-01   0.00000E+00   0.10000E+00    0.50249E-02 -300.68         test_N_all          
.7200E+00    10.000  0.477E+01   0.11613E-01   0.00000E+00   0.10000E+00    0.50249E-02 -309.40         test_N_all          
.7300E+00    10.000  0.458E+01   0.10457E-01   0.00000E+00   0.10000E+00    0.50249E-02 -317.54         test_N_all          
.7400E+00    10.000  0.440E+01   0.93939E-02   0.00000E+00   0.10000E+00    0.50249E-02 -325.13         test_N_all          
.7500E+00    10.000  0.422E+01   0.84173E-02   0.00000E+00   0.10000E+00    0.50249E-02 -332.17         test_N_all          
.7600E+00    10.000  0.404E+01   0.75228E-02   0.00000E+00   0.10000E+00    0.50249E-02 -338.69         test_N_all          
.7700E+00    10.000  0.387E+01   0.67038E-02   0.00000E+00   0.10000E+00    0.50249E-02 -344.72         test_N_all          
.7800E+00    10.000  0.370E+01   0.59564E-02   0.00000E+00   0.10000E+00    0.50249E-02 -350.27         test_N_all          
.7900E+00    10.000  0.354E+01   0.52764E-02   0.00000E+00   0.10000E+00    0.50249E-02 -355.35         test_N_all          
.8000E+00    10.000  0.338E+01   0.46574E-02   0.00000E+00   0.10000E+00    0.17692E-02 *******         test_N_all          
.8100E+00    10.000  0.323E+01   0.40967E-02   0.00000E+00   0.10000E+00    0.50249E-02 -364.26         test_N_all          
.8200E+00    10.000  0.308E+01   0.35901E-02   0.00000E+00   0.10000E+00    0.50249E-02 -368.11         test_N_all          
.8300E+00    10.000  0.293E+01   0.31322E-02   0.00000E+00   0.10000E+00    0.50249E-02 -371.62         test_N_all          
.8400E+00    10.000  0.279E+01   0.27208E-02   0.00000E+00   0.10000E+00    0.50249E-02 -374.78         test_N_all          
.8500E+00    10.000  0.265E+01   0.23518E-02   0.00000E+00   0.10000E+00    0.50249E-02 -377.63         test_N_all          
.8600E+00    10.000  0.251E+01   0.20218E-02   0.00000E+00   0.10000E+00    0.50249E-02 -380.19         test_N_all          
.8700E+00    10.000  0.238E+01   0.17282E-02   0.00000E+00   0.10000E+00    0.50249E-02 -382.47         test_N_all          
.8800E+00    10.000  0.225E+01   0.14682E-02   0.00000E+00   0.10000E+00    0.50249E-02 -384.50         test_N_all          
.8900E+00    10.000  0.212E+01   0.12379E-02   0.00000E+00   0.10000E+00    0.50249E-02 -386.29         test_N_all          
.9000E+00    10.000  0.199E+01   0.10358E-02   0.00000E+00   0.10000E+00    0.17692E-02 *******         test_N_all          
.9100E+00    10.000  0.187E+01   0.85948E-03   0.00000E+00   0.10000E+00    0.50249E-02 -389.26         test_N_all          
.9200E+00    10.000  0.175E+01   0.70575E-03   0.00000E+00   0.10000E+00    0.50249E-02 -390.47         test_N_all          
.9300E+00    10.000  0.163E+01   0.57335E-03   0.00000E+00   0.10000E+00    0.50249E-02 -391.51         test_N_all          
.9400E+00    10.000  0.152E+01   0.46036E-03   0.00000E+00   0.10000E+00    0.50249E-02 -392.40         test_N_all          
.9500E+00    10.000  0.141E+01   0.36401E-03   0.00000E+00   0.10000E+00    0.50249E-02 -393.16         test_N_all          
.9600E+00    10.000  0.130E+01   0.28330E-03   0.00000E+00   0.10000E+00    0.50249E-02 -393.80         test_N_all          
.9700E+00    10.000  0.119E+01   0.21670E-03   0.00000E+00   0.10000E+00    0.50249E-02 -394.33         test_N_all          
.9800E+00    10.000  0.109E+01   0.16173E-03   0.00000E+00   0.10000E+00    0.50249E-02 -394.76         test_N_all          
.9900E+00    10.000  0.983E+00   0.11767E-03   0.00000E+00   0.10000E+00    0.50249E-02 -395.11         test_N_all          
.1000E+01    10.000  0.882E+00   0.83257E-04   0.00000E+00   0.10000E+00    0.50249E-02 -395.38         test_N_all          
.1000E-01    20.000  0.198E+04   0.60689E+00   0.00000E+00   0.10000E+00    0.50249E-02 *******         test_N_all          
.2000E-01    20.000  0.981E+03   0.50531E+00   0.00000E+00   0.10000E+00    0.50249E-02 6505.91         test_N_all          
.3000E-01    20.000  0.648E+03   0.45200E+00   0.00000E+00   0.10000E+00    0.50249E-02 4907.15         test_N_all          
.4000E-01    20.000  0.481E+03   0.42287E+00   0.00000E+00   0.10000E+00    0.50249E-02 4128.56         test_N_all          
.5000E-01    20.000  0.381E+03   0.39875E+00   0.00000E+00   0.10000E+00    0.50249E-02 3534.79         test_N_all          
.6000E-01    20.000  0.314E+03   0.38181E+00   0.00000E+00   0.10000E+00    0.50249E-02 3145.15         test_N_all          
.7000E-01    20.000  0.267E+03   0.36675E+00   0.00000E+00   0.10000E+00    0.50249E-02 2817.99         test_N_all          
.8000E-01    20.000  0.231E+03   0.35434E+00   0.00000E+00   0.10000E+00    0.50249E-02 2561.92         test_N_all          
.9000E-01    20.000  0.203E+03   0.34283E+00   0.00000E+00   0.10000E+00    0.50249E-02 2335.39         test_N_all          
.1000E+00    20.000  0.181E+03   0.33236E+00   0.00000E+00   0.10000E+00    0.50249E-02 2138.21         test_N_all          
.1100E+00    20.000  0.163E+03   0.32226E+00   0.00000E+00   0.10000E+00    0.50249E-02 1956.44         test_N_all          
.1200E+00    20.000  0.148E+03   0.31262E+00   0.00000E+00   0.10000E+00    0.50249E-02 1790.42         test_N_all          
.1300E+00    20.000  0.135E+03   0.30332E+00   0.00000E+00   0.10000E+00    0.50249E-02 1637.19         test_N_all          
.1400E+00    20.000  0.124E+03   0.29422E+00   0.00000E+00   0.10000E+00    0.50249E-02 1493.96         test_N_all          
.1500E+00    20.000  0.114E+03   0.28538E+00   0.00000E+00   0.10000E+00    0.50249E-02 1361.08         test_N_all          
.1600E+00    20.000  0.106E+03   0.27673E+00   0.00000E+00   0.10000E+00    0.50249E-02 1237.02         test_N_all          
.1700E+00    20.000  0.985E+02   0.26829E+00   0.00000E+00   0.10000E+00    0.50249E-02 1121.61         test_N_all          
.1800E+00    20.000  0.920E+02   0.26004E+00   0.00000E+00   0.10000E+00    0.50249E-02 1014.34         test_N_all          
.1900E+00    20.000  0.861E+02   0.25197E+00   0.00000E+00   0.10000E+00    0.50249E-02  914.62         test_N_all          
.2000E+00    20.000  0.809E+02   0.24408E+00   0.00000E+00   0.10000E+00    0.50249E-02  822.11         test_N_all          
.2100E+00    20.000  0.761E+02   0.23635E+00   0.00000E+00   0.10000E+00    0.50249E-02  736.29         test_N_all          
.2200E+00    20.000  0.718E+02   0.22878E+00   0.00000E+00   0.10000E+00    0.50249E-02  656.82         test_N_all          
.2300E+00    20.000  0.678E+02   0.22136E+00   0.00000E+00   0.10000E+00    0.50249E-02  583.31         test_N_all          
.2400E+00    20.000  0.642E+02   0.21407E+00   0.00000E+00   0.10000E+00    0.50249E-02  515.37         test_N_all          
.2500E+00    20.000  0.609E+02   0.20692E+00   0.00000E+00   0.10000E+00    0.50249E-02  452.75         test_N_all          
.2600E+00    20.000  0.578E+02   0.19988E+00   0.00000E+00   0.10000E+00    0.50249E-02  395.07         test_N_all          
.2700E+00    20.000  0.550E+02   0.19295E+00   0.00000E+00   0.10000E+00    0.50249E-02  342.13         test_N_all          
.2800E+00    20.000  0.523E+02   0.18612E+00   0.00000E+00   0.10000E+00    0.50249E-02  293.70         test_N_all          
.2900E+00    20.000  0.498E+02   0.17938E+00   0.00000E+00   0.10000E+00    0.50249E-02  249.52         test_N_all          
.3000E+00    20.000  0.475E+02   0.17272E+00   0.00000E+00   0.10000E+00    0.18868E-02 1485.60         test_N_all          
.3100E+00    20.000  0.454E+02   0.16616E+00   0.00000E+00   0.10000E+00    0.50249E-02  173.37         test_N_all          
.3200E+00    20.000  0.434E+02   0.15969E+00   0.00000E+00   0.10000E+00    0.50249E-02  141.09         test_N_all          
.3300E+00    20.000  0.415E+02   0.15329E+00   0.00000E+00   0.10000E+00    0.50249E-02  112.48         test_N_all          
.3400E+00    20.000  0.397E+02   0.14698E+00   0.00000E+00   0.10000E+00    0.50249E-02   87.40         test_N_all          
.3500E+00    20.000  0.380E+02   0.14075E+00   0.00000E+00   0.10000E+00    0.50249E-02   65.76         test_N_all          
.3600E+00    20.000  0.364E+02   0.13461E+00   0.00000E+00   0.10000E+00    0.50249E-02   47.43         test_N_all          
.3700E+00    20.000  0.349E+02   0.12856E+00   0.00000E+00   0.10000E+00    0.50249E-02   32.30         test_N_all          
.3800E+00    20.000  0.335E+02   0.12261E+00   0.00000E+00   0.10000E+00    0.50249E-02   20.25         test_N_all          
.3900E+00    20.000  0.322E+02   0.11677E+00   0.00000E+00   0.10000E+00    0.50249E-02   11.13         test_N_all          
.4000E+00    20.000  0.309E+02   0.11103E+00   0.00000E+00   0.10000E+00    0.17692E-02   38.89         test_N_all          
.4100E+00    20.000  0.297E+02   0.10542E+00   0.00000E+00   0.10000E+00    0.50249E-02    1.16         test_N_all          
.4200E+00    20.000  0.285E+02   0.99934E-01   0.00000E+00   0.10000E+00    0.50249E-02   -0.00         test_N_all          
.4300E+00    20.000  0.274E+02   0.94580E-01   0.00000E+00   0.10000E+00    0.50249E-02   -1.16         test_N_all          
.4400E+00    20.000  0.263E+02   0.89370E-01   0.00000E+00   0.10000E+00    0.50249E-02   -4.48         test_N_all          
.4500E+00    20.000  0.253E+02   0.84305E-01   0.00000E+00   0.10000E+00    0.50249E-02   -9.76         test_N_all          
.4600E+00    20.000  0.244E+02   0.79395E-01   0.00000E+00   0.10000E+00    0.50249E-02  -16.81         test_N_all          
.4700E+00    20.000  0.234E+02   0.74645E-01   0.00000E+00   0.10000E+00    0.50249E-02  -25.46         test_N_all          
.4800E+00    20.000  0.225E+02   0.70056E-01   0.00000E+00   0.10000E+00    0.50249E-02  -35.51         test_N_all          
.4900E+00    20.000  0.217E+02   0.65638E-01   0.00000E+00   0.10000E+00    0.50249E-02  -46.76         test_N_all          
.5000E+00    20.000  0.209E+02   0.61388E-01   0.00000E+00   0.10000E+00    0.17692E-02 -476.31         test_N_all          
.5100E+00    20.000  0.201E+02   0.57311E-01   0.00000E+00   0.10000E+00    0.50249E-02  -72.17         test_N_all          
.5200E+00    20.000  0.193E+02   0.53410E-01   0.00000E+00   0.10000E+00    0.50249E-02  -85.96         test_N_all          
.5300E+00    20.000  0.186E+02   0.49682E-01   0.00000E+00   0.10000E+00    0.50249E-02 -100.27         test_N_all          
.5400E+00    20.000  0.179E+02   0.46131E-01   0.00000E+00   0.10000E+00    0.50249E-02 -114.93         test_N_all          
.5500E+00    20.000  0.172E+02   0.42753E-01   0.00000E+00   0.10000E+00    0.50249E-02 -129.79         test_N_all          
.5600E+00    20.000  0.166E+02   0.39547E-01   0.00000E+00   0.10000E+00    0.50249E-02 -144.74         test_N_all          
.5700E+00    20.000  0.160E+02   0.36513E-01   0.00000E+00   0.10000E+00    0.50249E-02 -159.63         test_N_all          
.5800E+00    20.000  0.154E+02   0.33645E-01   0.00000E+00   0.10000E+00    0.50249E-02 -174.37         test_N_all          
.5900E+00    20.000  0.148E+02   0.30942E-01   0.00000E+00   0.10000E+00    0.50249E-02 -188.87         test_N_all          
.6000E+00    20.000  0.142E+02   0.28399E-01   0.00000E+00   0.10000E+00    0.17692E-02 *******         test_N_all          
.6100E+00    20.000  0.137E+02   0.26012E-01   0.00000E+00   0.10000E+00    0.50249E-02 -216.80         test_N_all          
.6200E+00    20.000  0.131E+02   0.23776E-01   0.00000E+00   0.10000E+00    0.50249E-02 -230.10         test_N_all          
.6300E+00    20.000  0.126E+02   0.21686E-01   0.00000E+00   0.10000E+00    0.50249E-02 -242.89         test_N_all          
.6400E+00    20.000  0.121E+02   0.19736E-01   0.00000E+00   0.10000E+00    0.50249E-02 -255.14         test_N_all          
.6500E+00    20.000  0.117E+02   0.17922E-01   0.00000E+00   0.10000E+00    0.50249E-02 -266.80         test_N_all          
.6600E+00    20.000  0.112E+02   0.16237E-01   0.00000E+00   0.10000E+00    0.50249E-02 -277.87         test_N_all          
.6700E+00    20.000  0.107E+02   0.14676E-01   0.00000E+00   0.10000E+00    0.50249E-02 -288.33         test_N_all          
.6800E+00    20.000  0.103E+02   0.13232E-01   0.00000E+00   0.10000E+00    0.50249E-02 -298.17         test_N_all          
.6900E+00    20.000  0.987E+01   0.11900E-01   0.00000E+00   0.10000E+00    0.50249E-02 -307.39         test_N_all          
.7000E+00    20.000  0.945E+01   0.10672E-01   0.00000E+00   0.10000E+00    0.17692E-02 *******         test_N_all          
.7100E+00    20.000  0.905E+01   0.95456E-02   0.00000E+00   0.10000E+00    0.50249E-02 -324.04         test_N_all          
.7200E+00    20.000  0.866E+01   0.85128E-02   0.00000E+00   0.10000E+00    0.50249E-02 -331.48         test_N_all          
.7300E+00    20.000  0.828E+01   0.75680E-02   0.00000E+00   0.10000E+00    0.50249E-02 -338.36         test_N_all          
.7400E+00    20.000  0.791E+01   0.67066E-02   0.00000E+00   0.10000E+00    0.50249E-02 -344.70         test_N_all          
.7500E+00    20.000  0.755E+01   0.59223E-02   0.00000E+00   0.10000E+00    0.50249E-02 -350.52         test_N_all          
.7600E+00    20.000  0.720E+01   0.52103E-02   0.00000E+00   0.10000E+00    0.50249E-02 -355.85         test_N_all          
.7700E+00    20.000  0.686E+01   0.45664E-02   0.00000E+00   0.10000E+00    0.50249E-02 -360.70         test_N_all          
.7800E+00    20.000  0.652E+01   0.39841E-02   0.00000E+00   0.10000E+00    0.50249E-02 -365.11         test_N_all          
.7900E+00    20.000  0.620E+01   0.34606E-02   0.00000E+00   0.10000E+00    0.50249E-02 -369.10         test_N_all          
.8000E+00    20.000  0.588E+01   0.29911E-02   0.00000E+00   0.10000E+00    0.17692E-02 *******         test_N_all          
.8100E+00    20.000  0.557E+01   0.25708E-02   0.00000E+00   0.10000E+00    0.50249E-02 -375.94         test_N_all          
.8200E+00    20.000  0.527E+01   0.21970E-02   0.00000E+00   0.10000E+00    0.50249E-02 -378.83         test_N_all          
.8300E+00    20.000  0.498E+01   0.18646E-02   0.00000E+00   0.10000E+00    0.50249E-02 -381.41         test_N_all          
.8400E+00    20.000  0.469E+01   0.15714E-02   0.00000E+00   0.10000E+00    0.50249E-02 -383.69         test_N_all          
.8500E+00    20.000  0.441E+01   0.13143E-02   0.00000E+00   0.10000E+00    0.50249E-02 -385.70         test_N_all          
.8600E+00    20.000  0.414E+01   0.10889E-02   0.00000E+00   0.10000E+00    0.50249E-02 -387.46         test_N_all          
.8700E+00    20.000  0.387E+01   0.89337E-03   0.00000E+00   0.10000E+00    0.50249E-02 -388.99         test_N_all          
.8800E+00    20.000  0.361E+01   0.72514E-03   0.00000E+00   0.10000E+00    0.50249E-02 -390.32         test_N_all          
.8900E+00    20.000  0.335E+01   0.58067E-03   0.00000E+00   0.10000E+00    0.50249E-02 -391.45         test_N_all          
.9000E+00    20.000  0.310E+01   0.45851E-03   0.00000E+00   0.10000E+00    0.17692E-02 *******         test_N_all          
.9100E+00    20.000  0.286E+01   0.35619E-03   0.00000E+00   0.10000E+00    0.50249E-02 -393.22         test_N_all          
.9200E+00    20.000  0.262E+01   0.27112E-03   0.00000E+00   0.10000E+00    0.50249E-02 -393.90         test_N_all          
.9300E+00    20.000  0.239E+01   0.20198E-03   0.00000E+00   0.10000E+00    0.50249E-02 -394.44         test_N_all          
.9400E+00    20.000  0.216E+01   0.14641E-03   0.00000E+00   0.10000E+00    0.50249E-02 -394.88         test_N_all          
.9500E+00    20.000  0.193E+01   0.10259E-03   0.00000E+00   0.10000E+00    0.50249E-02 -395.23         test_N_all          
.9600E+00    20.000  0.172E+01   0.69371E-04   0.00000E+00   0.10000E+00    0.50249E-02 -395.49         test_N_all          
.9700E+00    20.000  0.150E+01   0.44345E-04   0.00000E+00   0.10000E+00    0.50249E-02 -395.69         test_N_all          
.9800E+00    20.000  0.129E+01   0.26524E-04   0.00000E+00   0.10000E+00    0.50249E-02 -395.83         test_N_all          
.9900E+00    20.000  0.108E+01   0.14875E-04   0.00000E+00   0.10000E+00    0.50249E-02 -395.92         test_N_all          
.1000E+01    20.000  0.882E+00   0.70050E-05   0.00000E+00   0.10000E+00    0.50249E-02 -395.98         test_N_all          
.1000E+00    50.000  0.451E+03   0.33512E+00   0.00000E+00   0.10000E+00    0.50249E-02 2189.40         test_N_all          
.1100E+00    50.000  0.405E+03   0.32255E+00   0.00000E+00   0.10000E+00    0.50249E-02 1961.47         test_N_all          
.1200E+00    50.000  0.368E+03   0.31083E+00   0.00000E+00   0.10000E+00    0.50249E-02 1760.40         test_N_all          
.1300E+00    50.000  0.335E+03   0.29977E+00   0.00000E+00   0.10000E+00    0.50249E-02 1580.54         test_N_all          
.1400E+00    50.000  0.308E+03   0.28916E+00   0.00000E+00   0.10000E+00    0.50249E-02 1417.05         test_N_all          
.1500E+00    50.000  0.284E+03   0.27904E+00   0.00000E+00   0.10000E+00    0.50249E-02 1269.53         test_N_all          
.1600E+00    50.000  0.263E+03   0.26927E+00   0.00000E+00   0.10000E+00    0.50249E-02 1134.76         test_N_all          
.1700E+00    50.000  0.245E+03   0.25987E+00   0.00000E+00   0.10000E+00    0.50249E-02 1012.21         test_N_all          
.1800E+00    50.000  0.229E+03   0.25080E+00   0.00000E+00   0.10000E+00    0.50249E-02  900.57         test_N_all          
.1900E+00    50.000  0.214E+03   0.24200E+00   0.00000E+00   0.10000E+00    0.50249E-02  798.63         test_N_all          
.2000E+00    50.000  0.201E+03   0.23350E+00   0.00000E+00   0.10000E+00    0.50249E-02  705.78         test_N_all          
.2100E+00    50.000  0.189E+03   0.22522E+00   0.00000E+00   0.10000E+00    0.50249E-02  620.99         test_N_all          
.2200E+00    50.000  0.178E+03   0.21718E+00   0.00000E+00   0.10000E+00    0.50249E-02  543.78         test_N_all          
.2300E+00    50.000  0.168E+03   0.20935E+00   0.00000E+00   0.10000E+00    0.50249E-02  473.52         test_N_all          
.2400E+00    50.000  0.159E+03   0.20170E+00   0.00000E+00   0.10000E+00    0.50249E-02  409.63         test_N_all          
.2500E+00    50.000  0.151E+03   0.19424E+00   0.00000E+00   0.10000E+00    0.50249E-02  351.74         test_N_all          
.2600E+00    50.000  0.143E+03   0.18694E+00   0.00000E+00   0.10000E+00    0.50249E-02  299.34         test_N_all          
.2700E+00    50.000  0.136E+03   0.17979E+00   0.00000E+00   0.10000E+00    0.50249E-02  252.14         test_N_all          
.2800E+00    50.000  0.129E+03   0.17279E+00   0.00000E+00   0.10000E+00    0.50249E-02  209.81         test_N_all          
.2900E+00    50.000  0.123E+03   0.16591E+00   0.00000E+00   0.10000E+00    0.50249E-02  172.05         test_N_all          
.3000E+00    50.000  0.118E+03   0.15917E+00   0.00000E+00   0.10000E+00    0.18868E-02  983.40         test_N_all          
.3100E+00    50.000  0.112E+03   0.15254E+00   0.00000E+00   0.10000E+00    0.50249E-02  109.34         test_N_all          
.3200E+00    50.000  0.107E+03   0.14604E+00   0.00000E+00   0.10000E+00    0.50249E-02   83.94         test_N_all          
.3300E+00    50.000  0.102E+03   0.13965E+00   0.00000E+00   0.10000E+00    0.50249E-02   62.27         test_N_all          
.3400E+00    50.000  0.979E+02   0.13338E+00   0.00000E+00   0.10000E+00    0.50249E-02   44.14         test_N_all          
.3500E+00    50.000  0.937E+02   0.12724E+00   0.00000E+00   0.10000E+00    0.50249E-02   29.38         test_N_all          
.3600E+00    50.000  0.898E+02   0.12121E+00   0.00000E+00   0.10000E+00    0.50249E-02   17.81         test_N_all          
.3700E+00    50.000  0.860E+02   0.11530E+00   0.00000E+00   0.10000E+00    0.50249E-02    9.28         test_N_all          
.3800E+00    50.000  0.825E+02   0.10953E+00   0.00000E+00   0.10000E+00    0.50249E-02    3.60         test_N_all          
.3900E+00    50.000  0.791E+02   0.10389E+00   0.00000E+00   0.10000E+00    0.50249E-02    0.60         test_N_all          
.4000E+00    50.000  0.759E+02   0.98395E-01   0.00000E+00   0.10000E+00    0.17692E-02   -0.82         test_N_all          
.4100E+00    50.000  0.728E+02   0.93043E-01   0.00000E+00   0.10000E+00    0.50249E-02   -1.92         test_N_all          
.4200E+00    50.000  0.699E+02   0.87840E-01   0.00000E+00   0.10000E+00    0.50249E-02   -5.86         test_N_all          
.4300E+00    50.000  0.672E+02   0.82791E-01   0.00000E+00   0.10000E+00    0.50249E-02  -11.73         test_N_all          
.4400E+00    50.000  0.645E+02   0.77904E-01   0.00000E+00   0.10000E+00    0.50249E-02  -19.34         test_N_all          
.4500E+00    50.000  0.620E+02   0.73179E-01   0.00000E+00   0.10000E+00    0.50249E-02  -28.49         test_N_all          
.4600E+00    50.000  0.596E+02   0.68622E-01   0.00000E+00   0.10000E+00    0.50249E-02  -38.99         test_N_all          
.4700E+00    50.000  0.573E+02   0.64237E-01   0.00000E+00   0.10000E+00    0.50249E-02  -50.65         test_N_all          
.4800E+00    50.000  0.550E+02   0.60022E-01   0.00000E+00   0.10000E+00    0.50249E-02  -63.30         test_N_all          
.4900E+00    50.000  0.529E+02   0.55985E-01   0.00000E+00   0.10000E+00    0.50249E-02  -76.73         test_N_all          
.5000E+00    50.000  0.509E+02   0.52121E-01   0.00000E+00   0.10000E+00    0.17692E-02 -732.39         test_N_all          
.5100E+00    50.000  0.489E+02   0.48435E-01   0.00000E+00   0.10000E+00    0.50249E-02 -105.31         test_N_all          
.5200E+00    50.000  0.470E+02   0.44924E-01   0.00000E+00   0.10000E+00    0.50249E-02 -120.13         test_N_all          
.5300E+00    50.000  0.452E+02   0.41586E-01   0.00000E+00   0.10000E+00    0.50249E-02 -135.14         test_N_all          
.5400E+00    50.000  0.435E+02   0.38422E-01   0.00000E+00   0.10000E+00    0.50249E-02 -150.17         test_N_all          
.5500E+00    50.000  0.418E+02   0.35428E-01   0.00000E+00   0.10000E+00    0.50249E-02 -165.13         test_N_all          
.5600E+00    50.000  0.402E+02   0.32601E-01   0.00000E+00   0.10000E+00    0.50249E-02 -179.90         test_N_all          
.5700E+00    50.000  0.386E+02   0.29938E-01   0.00000E+00   0.10000E+00    0.50249E-02 -194.40         test_N_all          
.5800E+00    50.000  0.371E+02   0.27435E-01   0.00000E+00   0.10000E+00    0.50249E-02 -208.54         test_N_all          
.5900E+00    50.000  0.356E+02   0.25087E-01   0.00000E+00   0.10000E+00    0.50249E-02 -222.25         test_N_all          
.6000E+00    50.000  0.342E+02   0.22890E-01   0.00000E+00   0.10000E+00    0.17692E-02 *******         test_N_all          
.6100E+00    50.000  0.328E+02   0.20838E-01   0.00000E+00   0.10000E+00    0.50249E-02 -248.18         test_N_all          
.6200E+00    50.000  0.315E+02   0.18926E-01   0.00000E+00   0.10000E+00    0.50249E-02 -260.31         test_N_all          
.6300E+00    50.000  0.302E+02   0.17149E-01   0.00000E+00   0.10000E+00    0.50249E-02 -271.85         test_N_all          
.6400E+00    50.000  0.290E+02   0.15501E-01   0.00000E+00   0.10000E+00    0.50249E-02 -282.78         test_N_all          
.6500E+00    50.000  0.278E+02   0.13975E-01   0.00000E+00   0.10000E+00    0.50249E-02 -293.08         test_N_all          
.6600E+00    50.000  0.266E+02   0.12566E-01   0.00000E+00   0.10000E+00    0.50249E-02 -302.76         test_N_all          
.6700E+00    50.000  0.255E+02   0.11269E-01   0.00000E+00   0.10000E+00    0.50249E-02 -311.81         test_N_all          
.6800E+00    50.000  0.244E+02   0.10076E-01   0.00000E+00   0.10000E+00    0.50249E-02 -320.25         test_N_all          
.6900E+00    50.000  0.233E+02   0.89826E-02   0.00000E+00   0.10000E+00    0.50249E-02 -328.09         test_N_all          
.7000E+00    50.000  0.223E+02   0.79826E-02   0.00000E+00   0.10000E+00    0.17692E-02 *******         test_N_all          
.7100E+00    50.000  0.213E+02   0.70705E-02   0.00000E+00   0.10000E+00    0.50249E-02 -342.02         test_N_all          
.7200E+00    50.000  0.203E+02   0.62399E-02   0.00000E+00   0.10000E+00    0.50249E-02 -348.16         test_N_all          
.7300E+00    50.000  0.194E+02   0.54868E-02   0.00000E+00   0.10000E+00    0.50249E-02 -353.77         test_N_all          
.7400E+00    50.000  0.184E+02   0.48047E-02   0.00000E+00   0.10000E+00    0.50249E-02 -358.90         test_N_all          
.7500E+00    50.000  0.175E+02   0.41894E-02   0.00000E+00   0.10000E+00    0.50249E-02 -363.55         test_N_all          
.7600E+00    50.000  0.167E+02   0.36363E-02   0.00000E+00   0.10000E+00    0.50249E-02 -367.76         test_N_all          
.7700E+00    50.000  0.158E+02   0.31397E-02   0.00000E+00   0.10000E+00    0.50249E-02 -371.56         test_N_all          
.7800E+00    50.000  0.150E+02   0.26966E-02   0.00000E+00   0.10000E+00    0.50249E-02 -374.97         test_N_all          
.7900E+00    50.000  0.142E+02   0.23021E-02   0.00000E+00   0.10000E+00    0.50249E-02 -378.02         test_N_all          
.8000E+00    50.000  0.134E+02   0.19523E-02   0.00000E+00   0.10000E+00    0.17692E-02 *******         test_N_all          
.8100E+00    50.000  0.126E+02   0.16440E-02   0.00000E+00   0.10000E+00    0.50249E-02 -383.13         test_N_all          
.8200E+00    50.000  0.119E+02   0.13729E-02   0.00000E+00   0.10000E+00    0.50249E-02 -385.24         test_N_all          
.8300E+00    50.000  0.111E+02   0.11367E-02   0.00000E+00   0.10000E+00    0.50249E-02 -387.09         test_N_all          
.8400E+00    50.000  0.104E+02   0.93188E-03   0.00000E+00   0.10000E+00    0.50249E-02 -388.69         test_N_all          
.8500E+00    50.000  0.971E+01   0.75515E-03   0.00000E+00   0.10000E+00    0.50249E-02 -390.08         test_N_all          
.8600E+00    50.000  0.902E+01   0.60464E-03   0.00000E+00   0.10000E+00    0.50249E-02 -391.26         test_N_all          
.8700E+00    50.000  0.835E+01   0.47682E-03   0.00000E+00   0.10000E+00    0.50249E-02 -392.27         test_N_all          
.8800E+00    50.000  0.770E+01   0.36989E-03   0.00000E+00   0.10000E+00    0.50249E-02 -393.12         test_N_all          
.8900E+00    50.000  0.706E+01   0.28171E-03   0.00000E+00   0.10000E+00    0.50249E-02 -393.81         test_N_all          
.9000E+00    50.000  0.644E+01   0.20943E-03   0.00000E+00   0.10000E+00    0.17692E-02 *******         test_N_all          
.9100E+00    50.000  0.583E+01   0.15183E-03   0.00000E+00   0.10000E+00    0.50249E-02 -394.84         test_N_all          
.9200E+00    50.000  0.523E+01   0.10650E-03   0.00000E+00   0.10000E+00    0.50249E-02 -395.20         test_N_all          
.9300E+00    50.000  0.465E+01   0.71730E-04   0.00000E+00   0.10000E+00    0.50249E-02 -395.47         test_N_all          
.9400E+00    50.000  0.407E+01   0.46304E-04   0.00000E+00   0.10000E+00    0.50249E-02 -395.67         test_N_all          
.9500E+00    50.000  0.351E+01   0.27683E-04   0.00000E+00   0.10000E+00    0.50249E-02 -395.82         test_N_all          
.9600E+00    50.000  0.297E+01   0.15301E-04   0.00000E+00   0.10000E+00    0.50249E-02 -395.92         test_N_all          
.9700E+00    50.000  0.243E+01   0.75878E-05   0.00000E+00   0.10000E+00    0.50249E-02 -395.98         test_N_all          
.9800E+00    50.000  0.190E+01   0.29653E-05   0.00000E+00   0.10000E+00    0.50249E-02 -396.02         test_N_all          
.9900E+00    50.000  0.139E+01   0.99501E-06   0.00000E+00   0.10000E+00    0.50249E-02 -396.03         test_N_all          
.1000E+01    50.000  0.882E+00   0.68221E-06   0.00000E+00   0.10000E+00    0.50249E-02 -396.03         test_N_all          
.1000E+00   100.000  0.901E+03   0.33596E+00   0.00000E+00   0.10000E+00    0.50249E-02 2205.08         test_N_all          
.1100E+00   100.000  0.810E+03   0.32183E+00   0.00000E+00   0.10000E+00    0.50249E-02 1948.85         test_N_all          
.1200E+00   100.000  0.734E+03   0.30882E+00   0.00000E+00   0.10000E+00    0.50249E-02 1727.03         test_N_all          
.1300E+00   100.000  0.670E+03   0.29668E+00   0.00000E+00   0.10000E+00    0.50249E-02 1532.01         test_N_all          
.1400E+00   100.000  0.615E+03   0.28514E+00   0.00000E+00   0.10000E+00    0.50249E-02 1357.51         test_N_all          
.1500E+00   100.000  0.568E+03   0.27425E+00   0.00000E+00   0.10000E+00    0.50249E-02 1202.51         test_N_all          
.1600E+00   100.000  0.526E+03   0.26381E+00   0.00000E+00   0.10000E+00    0.50249E-02 1062.70         test_N_all          
.1700E+00   100.000  0.489E+03   0.25384E+00   0.00000E+00   0.10000E+00    0.50249E-02  937.24         test_N_all          
.1800E+00   100.000  0.456E+03   0.24427E+00   0.00000E+00   0.10000E+00    0.50249E-02  824.33         test_N_all          
.1900E+00   100.000  0.427E+03   0.23506E+00   0.00000E+00   0.10000E+00    0.50249E-02  722.40         test_N_all          
.2000E+00   100.000  0.401E+03   0.22619E+00   0.00000E+00   0.10000E+00    0.50249E-02  630.66         test_N_all          
.2100E+00   100.000  0.377E+03   0.21761E+00   0.00000E+00   0.10000E+00    0.50249E-02  547.76         test_N_all          
.2200E+00   100.000  0.355E+03   0.20930E+00   0.00000E+00   0.10000E+00    0.50249E-02  473.11         test_N_all          
.2300E+00   100.000  0.336E+03   0.20124E+00   0.00000E+00   0.10000E+00    0.50249E-02  405.94         test_N_all          
.2400E+00   100.000  0.318E+03   0.19341E+00   0.00000E+00   0.10000E+00    0.50249E-02  345.55         test_N_all          
.2500E+00   100.000  0.301E+03   0.18579E+00   0.00000E+00   0.10000E+00    0.50249E-02  291.50         test_N_all          
.2600E+00   100.000  0.285E+03   0.17836E+00   0.00000E+00   0.10000E+00    0.50249E-02  243.19         test_N_all          
.2700E+00   100.000  0.271E+03   0.17112E+00   0.00000E+00   0.10000E+00    0.50249E-02  200.29         test_N_all          
.2800E+00   100.000  0.258E+03   0.16404E+00   0.00000E+00   0.10000E+00    0.50249E-02  162.42         test_N_all          
.2900E+00   100.000  0.246E+03   0.15712E+00   0.00000E+00   0.10000E+00    0.50249E-02  129.22         test_N_all          
.3000E+00   100.000  0.234E+03   0.15036E+00   0.00000E+00   0.10000E+00    0.18868E-02  712.34         test_N_all          
.3100E+00   100.000  0.223E+03   0.14374E+00   0.00000E+00   0.10000E+00    0.50249E-02   75.76         test_N_all          
.3200E+00   100.000  0.213E+03   0.13726E+00   0.00000E+00   0.10000E+00    0.50249E-02   54.99         test_N_all          
.3300E+00   100.000  0.204E+03   0.13093E+00   0.00000E+00   0.10000E+00    0.50249E-02   37.88         test_N_all          
.3400E+00   100.000  0.195E+03   0.12473E+00   0.00000E+00   0.10000E+00    0.50249E-02   24.22         test_N_all          
.3500E+00   100.000  0.187E+03   0.11868E+00   0.00000E+00   0.10000E+00    0.50249E-02   13.82         test_N_all          
.3600E+00   100.000  0.179E+03   0.11277E+00   0.00000E+00   0.10000E+00    0.50249E-02    6.45         test_N_all          
.3700E+00   100.000  0.171E+03   0.10700E+00   0.00000E+00   0.10000E+00    0.50249E-02    1.94         test_N_all          
.3800E+00   100.000  0.164E+03   0.10138E+00   0.00000E+00   0.10000E+00    0.50249E-02    0.08         test_N_all          
.3900E+00   100.000  0.157E+03   0.95913E-01   0.00000E+00   0.10000E+00    0.50249E-02   -0.66         test_N_all          
.4000E+00   100.000  0.151E+03   0.90601E-01   0.00000E+00   0.10000E+00    0.17692E-02  -28.23         test_N_all          
.4100E+00   100.000  0.145E+03   0.85449E-01   0.00000E+00   0.10000E+00    0.50249E-02   -8.39         test_N_all          
.4200E+00   100.000  0.139E+03   0.80459E-01   0.00000E+00   0.10000E+00    0.50249E-02  -15.12         test_N_all          
.4300E+00   100.000  0.133E+03   0.75635E-01   0.00000E+00   0.10000E+00    0.50249E-02  -23.51         test_N_all          
.4400E+00   100.000  0.128E+03   0.70981E-01   0.00000E+00   0.10000E+00    0.50249E-02  -33.35         test_N_all          
.4500E+00   100.000  0.123E+03   0.66498E-01   0.00000E+00   0.10000E+00    0.50249E-02  -44.45         test_N_all          
.4600E+00   100.000  0.118E+03   0.62192E-01   0.00000E+00   0.10000E+00    0.50249E-02  -56.61         test_N_all          
.4700E+00   100.000  0.114E+03   0.58060E-01   0.00000E+00   0.10000E+00    0.50249E-02  -69.66         test_N_all          
.4800E+00   100.000  0.109E+03   0.54104E-01   0.00000E+00   0.10000E+00    0.50249E-02  -83.42         test_N_all          
.4900E+00   100.000  0.105E+03   0.50326E-01   0.00000E+00   0.10000E+00    0.50249E-02  -97.72         test_N_all          
.5000E+00   100.000  0.101E+03   0.46724E-01   0.00000E+00   0.10000E+00    0.17692E-02 -906.80         test_N_all          
.5100E+00   100.000  0.970E+02   0.43299E-01   0.00000E+00   0.10000E+00    0.50249E-02 -127.33         test_N_all          
.5200E+00   100.000  0.932E+02   0.40048E-01   0.00000E+00   0.10000E+00    0.50249E-02 -142.35         test_N_all          
.5300E+00   100.000  0.896E+02   0.36967E-01   0.00000E+00   0.10000E+00    0.50249E-02 -157.35         test_N_all          
.5400E+00   100.000  0.861E+02   0.34056E-01   0.00000E+00   0.10000E+00    0.50249E-02 -172.22         test_N_all          
.5500E+00   100.000  0.827E+02   0.31310E-01   0.00000E+00   0.10000E+00    0.50249E-02 -186.86         test_N_all          
.5600E+00   100.000  0.795E+02   0.28726E-01   0.00000E+00   0.10000E+00    0.50249E-02 -201.19         test_N_all          
.5700E+00   100.000  0.763E+02   0.26299E-01   0.00000E+00   0.10000E+00    0.50249E-02 -215.12         test_N_all          
.5800E+00   100.000  0.733E+02   0.24025E-01   0.00000E+00   0.10000E+00    0.50249E-02 -228.60         test_N_all          
.5900E+00   100.000  0.704E+02   0.21900E-01   0.00000E+00   0.10000E+00    0.50249E-02 -241.57         test_N_all          
.6000E+00   100.000  0.675E+02   0.19917E-01   0.00000E+00   0.10000E+00    0.17692E-02 *******         test_N_all          
.6100E+00   100.000  0.648E+02   0.18071E-01   0.00000E+00   0.10000E+00    0.50249E-02 -265.84         test_N_all          
.6200E+00   100.000  0.622E+02   0.16357E-01   0.00000E+00   0.10000E+00    0.50249E-02 -277.08         test_N_all          
.6300E+00   100.000  0.596E+02   0.14768E-01   0.00000E+00   0.10000E+00    0.50249E-02 -287.70         test_N_all          
.6400E+00   100.000  0.571E+02   0.13300E-01   0.00000E+00   0.10000E+00    0.50249E-02 -297.70         test_N_all          
.6500E+00   100.000  0.547E+02   0.11946E-01   0.00000E+00   0.10000E+00    0.50249E-02 -307.07         test_N_all          
.6600E+00   100.000  0.524E+02   0.10699E-01   0.00000E+00   0.10000E+00    0.50249E-02 -315.83         test_N_all          
.6700E+00   100.000  0.501E+02   0.95551E-02   0.00000E+00   0.10000E+00    0.50249E-02 -323.97         test_N_all          
.6800E+00   100.000  0.479E+02   0.85077E-02   0.00000E+00   0.10000E+00    0.50249E-02 -331.52         test_N_all          
.6900E+00   100.000  0.458E+02   0.75503E-02   0.00000E+00   0.10000E+00    0.50249E-02 -338.49         test_N_all          
.7000E+00   100.000  0.437E+02   0.66785E-02   0.00000E+00   0.10000E+00    0.17692E-02 *******         test_N_all          
.7100E+00   100.000  0.417E+02   0.58859E-02   0.00000E+00   0.10000E+00    0.50249E-02 -350.79         test_N_all          
.7200E+00   100.000  0.398E+02   0.51676E-02   0.00000E+00   0.10000E+00    0.50249E-02 -356.17         test_N_all          
.7300E+00   100.000  0.379E+02   0.45190E-02   0.00000E+00   0.10000E+00    0.50249E-02 -361.05         test_N_all          
.7400E+00   100.000  0.360E+02   0.39338E-02   0.00000E+00   0.10000E+00    0.50249E-02 -365.49         test_N_all          
.7500E+00   100.000  0.342E+02   0.34089E-02   0.00000E+00   0.10000E+00    0.50249E-02 -369.50         test_N_all          
.7600E+00   100.000  0.325E+02   0.29388E-02   0.00000E+00   0.10000E+00    0.50249E-02 -373.10         test_N_all          
.7700E+00   100.000  0.308E+02   0.25194E-02   0.00000E+00   0.10000E+00    0.50249E-02 -376.34         test_N_all          
.7800E+00   100.000  0.291E+02   0.21474E-02   0.00000E+00   0.10000E+00    0.50249E-02 -379.21         test_N_all          
.7900E+00   100.000  0.275E+02   0.18175E-02   0.00000E+00   0.10000E+00    0.50249E-02 -381.77         test_N_all          
.8000E+00   100.000  0.259E+02   0.15276E-02   0.00000E+00   0.10000E+00    0.17692E-02 *******         test_N_all          
.8100E+00   100.000  0.243E+02   0.12733E-02   0.00000E+00   0.10000E+00    0.50249E-02 -386.02         test_N_all          
.8200E+00   100.000  0.228E+02   0.10519E-02   0.00000E+00   0.10000E+00    0.50249E-02 -387.75         test_N_all          
.8300E+00   100.000  0.214E+02   0.86087E-03   0.00000E+00   0.10000E+00    0.50249E-02 -389.25         test_N_all          
.8400E+00   100.000  0.199E+02   0.69599E-03   0.00000E+00   0.10000E+00    0.50249E-02 -390.55         test_N_all          
.8500E+00   100.000  0.185E+02   0.55581E-03   0.00000E+00   0.10000E+00    0.50249E-02 -391.65         test_N_all          
.8600E+00   100.000  0.172E+02   0.43757E-03   0.00000E+00   0.10000E+00    0.50249E-02 -392.58         test_N_all          
.8700E+00   100.000  0.158E+02   0.33853E-03   0.00000E+00   0.10000E+00    0.50249E-02 -393.36         test_N_all          
.8800E+00   100.000  0.145E+02   0.25723E-03   0.00000E+00   0.10000E+00    0.50249E-02 -394.00         test_N_all          
.8900E+00   100.000  0.132E+02   0.19080E-03   0.00000E+00   0.10000E+00    0.50249E-02 -394.53         test_N_all          
.9000E+00   100.000  0.120E+02   0.13785E-03   0.00000E+00   0.10000E+00    0.17692E-02 *******         test_N_all          
.9100E+00   100.000  0.108E+02   0.96602E-04   0.00000E+00   0.10000E+00    0.50249E-02 -395.27         test_N_all          
.9200E+00   100.000  0.958E+01   0.64840E-04   0.00000E+00   0.10000E+00    0.50249E-02 -395.53         test_N_all          
.9300E+00   100.000  0.841E+01   0.41658E-04   0.00000E+00   0.10000E+00    0.50249E-02 -395.71         test_N_all          
.9400E+00   100.000  0.726E+01   0.24971E-04   0.00000E+00   0.10000E+00    0.50249E-02 -395.84         test_N_all          
.9500E+00   100.000  0.614E+01   0.13723E-04   0.00000E+00   0.10000E+00    0.50249E-02 -395.93         test_N_all          
.9600E+00   100.000  0.505E+01   0.68967E-05   0.00000E+00   0.10000E+00    0.50249E-02 -395.98         test_N_all          
.9700E+00   100.000  0.397E+01   0.27094E-05   0.00000E+00   0.10000E+00    0.50249E-02 -396.02         test_N_all          
.9800E+00   100.000  0.292E+01   0.88841E-06   0.00000E+00   0.10000E+00    0.50249E-02 -396.03         test_N_all          
.9900E+00   100.000  0.189E+01   0.57151E-06   0.00000E+00   0.10000E+00    0.50249E-02 -396.04         test_N_all          
.1000E+01   100.000  0.882E+00   0.74312E-06   0.00000E+00   0.10000E+00    0.50249E-02 -396.03         test_N_all          



 CHI SQUARE=******** FOR  582 POINTS   CHISQ/NPTS=  682.79
 Signed chisquare total =********
 Modified residual =********


Summary normalization chi2 contributions

 data set     normalization        error         chisq


Summary chi2 per data set

 data set                chisq    _w     signd    _w     resid     _w   npts   chisq/pts  _w
test_N_all            397382.5        119729.4        ********           582  682.79
------------------------------------------------------------------------------------
          TOTAL       397382.5397382.5119729.4     0.0****************   582  682.79  682.79
          TOTAL+norm  397382.5397382.5                                   582  682.79  682.79



            Momentum Sum Rule Check


      q2      alphas      xuv       xdv       xub       xdb       xsb       xcb       xbb      xglue     total
      1.69    0.3845    0.3219    0.1367    0.0555    0.0703    0.0252    0.0000    0.0000    0.3907    1.0002
    100.00    0.1784    0.2268    0.0963    0.0649    0.0753    0.0435    0.0258    0.0087    0.4559    0.9972
   1000.00    0.1407    0.0000    0.0000    0.0000    0.0000    0.0000    0.0000    0.0000    0.0000    0.0000
   8315.00    0.1180    0.0000    0.0000    0.0000    0.0000    0.0000    0.0000    0.0000    0.0000    0.0000


 Vector Boson Cross Sections

 sqrt(s)   sigma(W)    error    theory

   1960.     2.865     0.063       0.000     D0

   1960.     2.749     0.054       0.000     CDF

   7000.     9.95      0.29        0.000     CMS

   7000.     9.96      0.55        0.000     ATLAS

 sqrt(s)   sigma(Z)    error    theory

   1960.     .2649     .0094       0.000     D0

   1960.     .2549     .0057       0.000     CDF

   7000.     .931      0.035       0.000     CMS

   7000.     .82       0.08        0.000     ATLAS


 KP off-shell parameters -- N*(x-x0)*(x-x1)*(1+x0-x)

  N =   -2.7758     +-     0.0000    
 x0 =   0.22976     +-     0.0000    
 x1 =   0.23625     +-     0.0000    
