 Correlated errors added in quadrature with statistical errors
 test_P_all           DIS data with   1.69< Q2 < 0.500D+03 and 0.000 < xB < 1.000 and   0.00< W2 < 0.100D+05 and 0.000 < y < 1.000
   GP TMC applied
   no HT corrections

# fitpack15: fit output
# CJ15 AV18 final data choices                                                 

Parametrization   7 used here

 S-ACOT scheme used  for NC DIS

 charm mass =     1.30 GeV     bottom mass =     4.50 GeV



 THIS IS A NEXT TO LEADING ORDER FIT

 Q02=    1.69
         1  LAMBDA      VALUE=   0.22680      WEIGHT=    0.0000    
         2  a0uv        VALUE=    2.4002      WEIGHT=    0.0000    
         3  a1uv        VALUE=   0.61455      WEIGHT=   0.20040E-01
         4  a2uv        VALUE=    3.5465      WEIGHT=   0.12385E-01
         5  a3uv        VALUE=    0.0000      WEIGHT=    0.0000    
         6  a4uv        VALUE=    3.4747      WEIGHT=   0.43512    
         7  a5uv        VALUE=    0.0000      WEIGHT=    0.0000    
         8  a0dv        VALUE=    24.822      WEIGHT=    0.0000    
         9  a1dv        VALUE=    1.1599      WEIGHT=   0.33031E-01
        10  a2dv        VALUE=    6.5635      WEIGHT=   0.16497    
        11  a3dv        VALUE=   -3.5040      WEIGHT=   0.87633E-01
        12  a4dv        VALUE=    4.6716      WEIGHT=   0.15130    
        13  a5dv        VALUE=    0.0000      WEIGHT=    0.0000    
        14  a0ud        VALUE=   0.14614      WEIGHT=   0.50710E-02
        15  a1ud        VALUE=  -0.20804      WEIGHT=   0.37843E-02
        16  a2ud        VALUE=    8.3007      WEIGHT=   0.19364    
        17  a3ud        VALUE=    0.0000      WEIGHT=    0.0000    
        18  a4ud        VALUE=    14.375      WEIGHT=    1.2358    
        19  a5ud        VALUE=    0.0000      WEIGHT=    0.0000    
        20  a0du        VALUE=    35712.      WEIGHT=    0.0000    
        21  a1du        VALUE=    4.0624      WEIGHT=   0.84382E-01
        22  a2du        VALUE=    20.289      WEIGHT=   0.94225    
        23  a3du        VALUE=    17.000      WEIGHT=    0.0000    
        24  a4du        VALUE=    59.299      WEIGHT=    13.812    
        25  a0g         VALUE=    45.564      WEIGHT=    0.0000    
        26  a1g         VALUE=   0.60225      WEIGHT=   0.30536E-01
        27  a2g         VALUE=    6.3060      WEIGHT=   0.97034    
        28  a3g         VALUE=   -3.3284      WEIGHT=   0.13159    
        29  a4g         VALUE=    3.1841      WEIGHT=   0.29314    
        30  a5g         VALUE=    0.0000      WEIGHT=    0.0000    
        31  kappa       VALUE=   0.40000      WEIGHT=    0.0000    
        32  a6dv        VALUE=  -0.36589E-02  WEIGHT=   0.77230E-03
        33  a7dv        VALUE=    2.0000      WEIGHT=    0.0000    
        34  off1        VALUE=   -2.7758      WEIGHT=    5.3158    
        35  off2        VALUE=   0.22976      WEIGHT=    1.3858    
        36  off3        VALUE=   0.23625      WEIGHT=    1.3608    
        37  ht1         VALUE=   -3.2786      WEIGHT=   0.27152    
        38  ht2         VALUE=    1.9092      WEIGHT=   0.11156    
        39  ht3         VALUE=   -2.0975      WEIGHT=   0.28594E-01
        40  ht4         VALUE=    0.0000      WEIGHT=    0.0000    
        41  dummy41     VALUE=    0.0000      WEIGHT=    0.0000    
        42  dummy42     VALUE=    0.0000      WEIGHT=    0.0000    
        43  dummy43     VALUE=    0.0000      WEIGHT=    0.0000    
        44  dummy44     VALUE=    0.0000      WEIGHT=    0.0000    
        45  dummy45     VALUE=    0.0000      WEIGHT=    0.0000    
        46  dummy46     VALUE=    0.0000      WEIGHT=    0.0000    
        47  dummy47     VALUE=    0.0000      WEIGHT=    0.0000    
        48  dummy48     VALUE=    0.0000      WEIGHT=    0.0000    
        49  dummy49     VALUE=    0.0000      WEIGHT=    0.0000    
        50  bcdmsh2     VALUE=   0.97264      WEIGHT=   0.48173E-02
        51  bcdmsd2     VALUE=   0.99352      WEIGHT=   0.56856E-02
        52  ccfr        VALUE=    1.0000      WEIGHT=    0.0000    
        53  nutev       VALUE=    1.0000      WEIGHT=    0.0000    
        54  zeus        VALUE=   0.97998      WEIGHT=    0.0000    
        55  h1          VALUE=    1.0162      WEIGHT=    0.0000    
        56  e605        VALUE=    1.0319      WEIGHT=    0.0000    
        57  NmcH2       VALUE=    1.0096      WEIGHT=   0.71272E-02
        58  ntv_nu      VALUE=    1.0000      WEIGHT=    0.0000    
        59  ntv_nubar   VALUE=    1.0000      WEIGHT=    0.0000    
        60  cdf_jet     VALUE=   0.98910      WEIGHT=    0.0000    
        61  d0_jet      VALUE=   0.83504      WEIGHT=    0.0000    
        62  slac_p      VALUE=    1.0049      WEIGHT=   0.47794E-02
        63  slac_d      VALUE=    1.0046      WEIGHT=   0.52325E-02
        64  e866pp      VALUE=   0.96875      WEIGHT=   0.19173E-01
        65  e866pd      VALUE=   0.96022      WEIGHT=   0.15787E-01
        66  d0_gamjet   VALUE=    1.0399      WEIGHT=   0.16488E-01
        67  h1b         VALUE=   0.97608      WEIGHT=    0.0000    
        68  jlab_p      VALUE=   0.99651      WEIGHT=   0.57978E-02
        69  jlab_d      VALUE=   0.97742      WEIGHT=   0.59302E-02
        70  blank       VALUE=    1.0000      WEIGHT=    0.0000    
        71  d0run2      VALUE=   0.94379      WEIGHT=   0.14537E-01
        72  cdfrun2     VALUE=   0.92893      WEIGHT=   0.17353E-01
        73  HERA_el     VALUE=    1.0000      WEIGHT=    0.0000    
        74  HERA_ps     VALUE=    1.0000      WEIGHT=    0.0000    
        75  CDF_Z       VALUE=   0.96306      WEIGHT=   0.63294E-02
        76  NmcRat      VALUE=    1.0000      WEIGHT=    0.0000    
        77  BNS_F2nd    VALUE=   0.97956      WEIGHT=   0.54766E-02
        78  HERMES_F2p  VALUE=   0.99793      WEIGHT=   0.55715E-02
        79  HERMES_F2d  VALUE=   0.98056      WEIGHT=   0.58102E-02
0THE TOLERANCE IS    0.1000
 THE MAXIMUM NUMBER OF STEPS IS 100
0THE INITIAL CHI SQUARED IS  6.47165E+05



     X        Q2         W2       THEORY        error         DATA           ERROR        chi^2     _w    ITYPE
.1000E-01     2.000  0.199E+03   0.35420E+00   0.00000E+00   0.10000E+00    0.50249E-02 2559.17         test_P_all          
.2000E-01     2.000  0.989E+02   0.33560E+00   0.00000E+00   0.10000E+00    0.50249E-02 2198.29         test_P_all          
.3000E-01     2.000  0.655E+02   0.33170E+00   0.00000E+00   0.10000E+00    0.50249E-02 2126.16         test_P_all          
.4000E-01     2.000  0.489E+02   0.33518E+00   0.00000E+00   0.10000E+00    0.50249E-02 2190.44         test_P_all          
.5000E-01     2.000  0.389E+02   0.33904E+00   0.00000E+00   0.10000E+00    0.50249E-02 2263.03         test_P_all          
.6000E-01     2.000  0.322E+02   0.34388E+00   0.00000E+00   0.10000E+00    0.50249E-02 2355.55         test_P_all          
.7000E-01     2.000  0.275E+02   0.34799E+00   0.00000E+00   0.10000E+00    0.50249E-02 2435.54         test_P_all          
.8000E-01     2.000  0.239E+02   0.35136E+00   0.00000E+00   0.10000E+00    0.50249E-02 2502.30         test_P_all          
.9000E-01     2.000  0.211E+02   0.35420E+00   0.00000E+00   0.10000E+00    0.50249E-02 2559.21         test_P_all          
.1000E+00     2.000  0.189E+02   0.35635E+00   0.00000E+00   0.10000E+00    0.50249E-02 2602.52         test_P_all          
.1100E+00     2.000  0.171E+02   0.35814E+00   0.00000E+00   0.10000E+00    0.50249E-02 2638.97         test_P_all          
.1200E+00     2.000  0.155E+02   0.35948E+00   0.00000E+00   0.10000E+00    0.50249E-02 2666.45         test_P_all          
.1300E+00     2.000  0.143E+02   0.36039E+00   0.00000E+00   0.10000E+00    0.50249E-02 2685.37         test_P_all          
.1400E+00     2.000  0.132E+02   0.36106E+00   0.00000E+00   0.10000E+00    0.50249E-02 2699.02         test_P_all          
.1500E+00     2.000  0.122E+02   0.36134E+00   0.00000E+00   0.10000E+00    0.50249E-02 2704.82         test_P_all          
.1600E+00     2.000  0.114E+02   0.36128E+00   0.00000E+00   0.10000E+00    0.50249E-02 2703.74         test_P_all          
.1700E+00     2.000  0.106E+02   0.36089E+00   0.00000E+00   0.10000E+00    0.50249E-02 2695.55         test_P_all          
.1800E+00     2.000  0.999E+01   0.36013E+00   0.00000E+00   0.10000E+00    0.50249E-02 2679.85         test_P_all          
.1900E+00     2.000  0.941E+01   0.35899E+00   0.00000E+00   0.10000E+00    0.50249E-02 2656.50         test_P_all          
.2000E+00     2.000  0.888E+01   0.35748E+00   0.00000E+00   0.10000E+00    0.50249E-02 2625.58         test_P_all          
.2100E+00     2.000  0.841E+01   0.35558E+00   0.00000E+00   0.10000E+00    0.50249E-02 2586.93         test_P_all          
.2200E+00     2.000  0.797E+01   0.35328E+00   0.00000E+00   0.10000E+00    0.50249E-02 2540.56         test_P_all          
.2300E+00     2.000  0.758E+01   0.35059E+00   0.00000E+00   0.10000E+00    0.50249E-02 2487.03         test_P_all          
.2400E+00     2.000  0.722E+01   0.34750E+00   0.00000E+00   0.10000E+00    0.50249E-02 2426.03         test_P_all          
.2500E+00     2.000  0.688E+01   0.34403E+00   0.00000E+00   0.10000E+00    0.50249E-02 2358.39         test_P_all          
.2600E+00     2.000  0.657E+01   0.34018E+00   0.00000E+00   0.10000E+00    0.50249E-02 2284.61         test_P_all          
.2700E+00     2.000  0.629E+01   0.33595E+00   0.00000E+00   0.10000E+00    0.50249E-02 2204.92         test_P_all          
.2800E+00     2.000  0.602E+01   0.33138E+00   0.00000E+00   0.10000E+00    0.50249E-02 2120.29         test_P_all          
.2900E+00     2.000  0.578E+01   0.32647E+00   0.00000E+00   0.10000E+00    0.50249E-02 2031.32         test_P_all          
.3000E+00     2.000  0.555E+01   0.32125E+00   0.00000E+00   0.10000E+00    0.18868E-02 *******         test_P_all          
.3100E+00     2.000  0.533E+01   0.31574E+00   0.00000E+00   0.10000E+00    0.50249E-02 1843.24         test_P_all          
.3200E+00     2.000  0.513E+01   0.30995E+00   0.00000E+00   0.10000E+00    0.50249E-02 1745.74         test_P_all          
.3300E+00     2.000  0.494E+01   0.30392E+00   0.00000E+00   0.10000E+00    0.50249E-02 1646.94         test_P_all          
.3400E+00     2.000  0.476E+01   0.29768E+00   0.00000E+00   0.10000E+00    0.50249E-02 1547.60         test_P_all          
.3500E+00     2.000  0.460E+01   0.29124E+00   0.00000E+00   0.10000E+00    0.50249E-02 1448.45         test_P_all          
.3600E+00     2.000  0.444E+01   0.28464E+00   0.00000E+00   0.10000E+00    0.50249E-02 1350.13         test_P_all          
.3700E+00     2.000  0.429E+01   0.27789E+00   0.00000E+00   0.10000E+00    0.50249E-02 1253.23         test_P_all          
.3800E+00     2.000  0.414E+01   0.27102E+00   0.00000E+00   0.10000E+00    0.50249E-02 1158.39         test_P_all          
.3900E+00     2.000  0.401E+01   0.26407E+00   0.00000E+00   0.10000E+00    0.50249E-02 1066.04         test_P_all          
.4000E+00     2.000  0.388E+01   0.25703E+00   0.00000E+00   0.10000E+00    0.17692E-02 7878.27         test_P_all          
.4100E+00     2.000  0.376E+01   0.24995E+00   0.00000E+00   0.10000E+00    0.50249E-02  890.51         test_P_all          
.4200E+00     2.000  0.364E+01   0.24284E+00   0.00000E+00   0.10000E+00    0.50249E-02  808.04         test_P_all          
.4300E+00     2.000  0.353E+01   0.23571E+00   0.00000E+00   0.10000E+00    0.50249E-02  729.42         test_P_all          
.4400E+00     2.000  0.343E+01   0.22860E+00   0.00000E+00   0.10000E+00    0.50249E-02  654.93         test_P_all          
.4500E+00     2.000  0.333E+01   0.22150E+00   0.00000E+00   0.10000E+00    0.50249E-02  584.66         test_P_all          
.4600E+00     2.000  0.323E+01   0.21444E+00   0.00000E+00   0.10000E+00    0.50249E-02  518.71         test_P_all          
.4700E+00     2.000  0.314E+01   0.20744E+00   0.00000E+00   0.10000E+00    0.50249E-02  457.16         test_P_all          
.4800E+00     2.000  0.305E+01   0.20050E+00   0.00000E+00   0.10000E+00    0.50249E-02  400.04         test_P_all          
.4900E+00     2.000  0.296E+01   0.19364E+00   0.00000E+00   0.10000E+00    0.50249E-02  347.29         test_P_all          
.5000E+00     2.000  0.288E+01   0.18687E+00   0.00000E+00   0.10000E+00    0.17692E-02 2411.17         test_P_all          
.5100E+00     2.000  0.280E+01   0.18020E+00   0.00000E+00   0.10000E+00    0.50249E-02  254.77         test_P_all          
.5200E+00     2.000  0.273E+01   0.17364E+00   0.00000E+00   0.10000E+00    0.50249E-02  214.79         test_P_all          
.5300E+00     2.000  0.266E+01   0.16720E+00   0.00000E+00   0.10000E+00    0.50249E-02  178.84         test_P_all          
.5400E+00     2.000  0.259E+01   0.16088E+00   0.00000E+00   0.10000E+00    0.50249E-02  146.80         test_P_all          
.5500E+00     2.000  0.252E+01   0.15470E+00   0.00000E+00   0.10000E+00    0.50249E-02  118.48         test_P_all          
.5600E+00     2.000  0.245E+01   0.14864E+00   0.00000E+00   0.10000E+00    0.50249E-02   93.72         test_P_all          
.5700E+00     2.000  0.239E+01   0.14274E+00   0.00000E+00   0.10000E+00    0.50249E-02   72.33         test_P_all          
.5800E+00     2.000  0.233E+01   0.13697E+00   0.00000E+00   0.10000E+00    0.50249E-02   54.14         test_P_all          
.5900E+00     2.000  0.227E+01   0.13136E+00   0.00000E+00   0.10000E+00    0.50249E-02   38.95         test_P_all          
.6000E+00     2.000  0.222E+01   0.12590E+00   0.00000E+00   0.10000E+00    0.17692E-02  214.24         test_P_all          
.6100E+00     2.000  0.216E+01   0.12059E+00   0.00000E+00   0.10000E+00    0.50249E-02   16.79         test_P_all          
.6200E+00     2.000  0.211E+01   0.11543E+00   0.00000E+00   0.10000E+00    0.50249E-02    9.43         test_P_all          
.6300E+00     2.000  0.206E+01   0.11043E+00   0.00000E+00   0.10000E+00    0.50249E-02    4.31         test_P_all          
.6400E+00     2.000  0.201E+01   0.10559E+00   0.00000E+00   0.10000E+00    0.50249E-02    1.24         test_P_all          
.6500E+00     2.000  0.196E+01   0.10090E+00   0.00000E+00   0.10000E+00    0.50249E-02    0.03         test_P_all          
.6600E+00     2.000  0.191E+01   0.96371E-01   0.00000E+00   0.10000E+00    0.50249E-02   -0.52         test_P_all          
.6700E+00     2.000  0.187E+01   0.91990E-01   0.00000E+00   0.10000E+00    0.50249E-02   -2.54         test_P_all          
.6800E+00     2.000  0.182E+01   0.87763E-01   0.00000E+00   0.10000E+00    0.50249E-02   -5.93         test_P_all          
.6900E+00     2.000  0.178E+01   0.83687E-01   0.00000E+00   0.10000E+00    0.50249E-02  -10.54         test_P_all          
.7000E+00     2.000  0.174E+01   0.79759E-01   0.00000E+00   0.10000E+00    0.17692E-02 -130.90         test_P_all          
.7100E+00     2.000  0.170E+01   0.75975E-01   0.00000E+00   0.10000E+00    0.50249E-02  -22.86         test_P_all          
.7200E+00     2.000  0.166E+01   0.72335E-01   0.00000E+00   0.10000E+00    0.50249E-02  -30.31         test_P_all          
.7300E+00     2.000  0.162E+01   0.68837E-01   0.00000E+00   0.10000E+00    0.50249E-02  -38.46         test_P_all          
.7400E+00     2.000  0.158E+01   0.65476E-01   0.00000E+00   0.10000E+00    0.50249E-02  -47.21         test_P_all          
.7500E+00     2.000  0.155E+01   0.62248E-01   0.00000E+00   0.10000E+00    0.50249E-02  -56.45         test_P_all          
.7600E+00     2.000  0.151E+01   0.59151E-01   0.00000E+00   0.10000E+00    0.50249E-02  -66.09         test_P_all          
.7700E+00     2.000  0.148E+01   0.56183E-01   0.00000E+00   0.10000E+00    0.50249E-02  -76.04         test_P_all          
.7800E+00     2.000  0.145E+01   0.53338E-01   0.00000E+00   0.10000E+00    0.50249E-02  -86.23         test_P_all          
.7900E+00     2.000  0.141E+01   0.50614E-01   0.00000E+00   0.10000E+00    0.50249E-02  -96.59         test_P_all          
.8000E+00     2.000  0.138E+01   0.48006E-01   0.00000E+00   0.10000E+00    0.17692E-02 -863.70         test_P_all          
.8100E+00     2.000  0.135E+01   0.45513E-01   0.00000E+00   0.10000E+00    0.50249E-02 -117.58         test_P_all          
.8200E+00     2.000  0.132E+01   0.43130E-01   0.00000E+00   0.10000E+00    0.50249E-02 -128.09         test_P_all          
.8300E+00     2.000  0.129E+01   0.40853E-01   0.00000E+00   0.10000E+00    0.50249E-02 -138.55         test_P_all          
.8400E+00     2.000  0.126E+01   0.38678E-01   0.00000E+00   0.10000E+00    0.50249E-02 -148.92         test_P_all          
.8500E+00     2.000  0.123E+01   0.36603E-01   0.00000E+00   0.10000E+00    0.50249E-02 -159.18         test_P_all          
.8600E+00     2.000  0.121E+01   0.34624E-01   0.00000E+00   0.10000E+00    0.50249E-02 -169.27         test_P_all          
.8700E+00     2.000  0.118E+01   0.32738E-01   0.00000E+00   0.10000E+00    0.50249E-02 -179.18         test_P_all          
.8800E+00     2.000  0.115E+01   0.30939E-01   0.00000E+00   0.10000E+00    0.50249E-02 -188.89         test_P_all          
.8900E+00     2.000  0.113E+01   0.29226E-01   0.00000E+00   0.10000E+00    0.50249E-02 -198.38         test_P_all          
.9000E+00     2.000  0.110E+01   0.27595E-01   0.00000E+00   0.10000E+00    0.17692E-02 *******         test_P_all          
.9100E+00     2.000  0.108E+01   0.26044E-01   0.00000E+00   0.10000E+00    0.50249E-02 -216.61         test_P_all          
.9200E+00     2.000  0.106E+01   0.24569E-01   0.00000E+00   0.10000E+00    0.50249E-02 -225.34         test_P_all          
.9300E+00     2.000  0.103E+01   0.23166E-01   0.00000E+00   0.10000E+00    0.50249E-02 -233.80         test_P_all          
.9400E+00     2.000  0.101E+01   0.21833E-01   0.00000E+00   0.10000E+00    0.50249E-02 -241.98         test_P_all          
.9500E+00     2.000  0.987E+00   0.20567E-01   0.00000E+00   0.10000E+00    0.50249E-02 -249.89         test_P_all          
.9600E+00     2.000  0.965E+00   0.19365E-01   0.00000E+00   0.10000E+00    0.50249E-02 -257.50         test_P_all          
.9700E+00     2.000  0.944E+00   0.18225E-01   0.00000E+00   0.10000E+00    0.50249E-02 -264.84         test_P_all          
.9800E+00     2.000  0.923E+00   0.17143E-01   0.00000E+00   0.10000E+00    0.50249E-02 -271.89         test_P_all          
.9900E+00     2.000  0.902E+00   0.16117E-01   0.00000E+00   0.10000E+00    0.50249E-02 -278.67         test_P_all          
.1000E+01     2.000  0.882E+00   0.15144E-01   0.00000E+00   0.10000E+00    0.50249E-02 -285.17         test_P_all          
.1000E-01     5.000  0.496E+03   0.46185E+00   0.00000E+00   0.10000E+00    0.50249E-02 5185.60         test_P_all          
.2000E-01     5.000  0.246E+03   0.41619E+00   0.00000E+00   0.10000E+00    0.50249E-02 3959.55         test_P_all          
.3000E-01     5.000  0.163E+03   0.39725E+00   0.00000E+00   0.10000E+00    0.50249E-02 3499.29         test_P_all          
.4000E-01     5.000  0.121E+03   0.39093E+00   0.00000E+00   0.10000E+00    0.50249E-02 3352.16         test_P_all          
.5000E-01     5.000  0.959E+02   0.38618E+00   0.00000E+00   0.10000E+00    0.50249E-02 3243.61         test_P_all          
.6000E-01     5.000  0.792E+02   0.38399E+00   0.00000E+00   0.10000E+00    0.50249E-02 3194.15         test_P_all          
.7000E-01     5.000  0.673E+02   0.38177E+00   0.00000E+00   0.10000E+00    0.50249E-02 3144.36         test_P_all          
.8000E-01     5.000  0.584E+02   0.37977E+00   0.00000E+00   0.10000E+00    0.50249E-02 3099.80         test_P_all          
.9000E-01     5.000  0.514E+02   0.37776E+00   0.00000E+00   0.10000E+00    0.50249E-02 3055.44         test_P_all          
.1000E+00     5.000  0.459E+02   0.37567E+00   0.00000E+00   0.10000E+00    0.50249E-02 3009.57         test_P_all          
.1100E+00     5.000  0.413E+02   0.37359E+00   0.00000E+00   0.10000E+00    0.50249E-02 2964.43         test_P_all          
.1200E+00     5.000  0.375E+02   0.37150E+00   0.00000E+00   0.10000E+00    0.50249E-02 2919.24         test_P_all          
.1300E+00     5.000  0.343E+02   0.36931E+00   0.00000E+00   0.10000E+00    0.50249E-02 2872.45         test_P_all          
.1400E+00     5.000  0.316E+02   0.36703E+00   0.00000E+00   0.10000E+00    0.50249E-02 2824.06         test_P_all          
.1500E+00     5.000  0.292E+02   0.36463E+00   0.00000E+00   0.10000E+00    0.50249E-02 2773.42         test_P_all          
.1600E+00     5.000  0.271E+02   0.36204E+00   0.00000E+00   0.10000E+00    0.50249E-02 2719.45         test_P_all          
.1700E+00     5.000  0.253E+02   0.35927E+00   0.00000E+00   0.10000E+00    0.50249E-02 2662.14         test_P_all          
.1800E+00     5.000  0.237E+02   0.35628E+00   0.00000E+00   0.10000E+00    0.50249E-02 2601.08         test_P_all          
.1900E+00     5.000  0.222E+02   0.35302E+00   0.00000E+00   0.10000E+00    0.50249E-02 2535.43         test_P_all          
.2000E+00     5.000  0.209E+02   0.34952E+00   0.00000E+00   0.10000E+00    0.50249E-02 2465.74         test_P_all          
.2100E+00     5.000  0.197E+02   0.34572E+00   0.00000E+00   0.10000E+00    0.50249E-02 2391.28         test_P_all          
.2200E+00     5.000  0.186E+02   0.34164E+00   0.00000E+00   0.10000E+00    0.50249E-02 2312.48         test_P_all          
.2300E+00     5.000  0.176E+02   0.33728E+00   0.00000E+00   0.10000E+00    0.50249E-02 2229.80         test_P_all          
.2400E+00     5.000  0.167E+02   0.33261E+00   0.00000E+00   0.10000E+00    0.50249E-02 2142.88         test_P_all          
.2500E+00     5.000  0.159E+02   0.32766E+00   0.00000E+00   0.10000E+00    0.50249E-02 2052.58         test_P_all          
.2600E+00     5.000  0.151E+02   0.32241E+00   0.00000E+00   0.10000E+00    0.50249E-02 1959.13         test_P_all          
.2700E+00     5.000  0.144E+02   0.31689E+00   0.00000E+00   0.10000E+00    0.50249E-02 1863.06         test_P_all          
.2800E+00     5.000  0.137E+02   0.31111E+00   0.00000E+00   0.10000E+00    0.50249E-02 1765.10         test_P_all          
.2900E+00     5.000  0.131E+02   0.30508E+00   0.00000E+00   0.10000E+00    0.50249E-02 1665.66         test_P_all          
.3000E+00     5.000  0.125E+02   0.29882E+00   0.00000E+00   0.10000E+00    0.18868E-02 *******         test_P_all          
.3100E+00     5.000  0.120E+02   0.29235E+00   0.00000E+00   0.10000E+00    0.50249E-02 1465.25         test_P_all          
.3200E+00     5.000  0.115E+02   0.28568E+00   0.00000E+00   0.10000E+00    0.50249E-02 1365.49         test_P_all          
.3300E+00     5.000  0.110E+02   0.27885E+00   0.00000E+00   0.10000E+00    0.50249E-02 1266.83         test_P_all          
.3400E+00     5.000  0.106E+02   0.27187E+00   0.00000E+00   0.10000E+00    0.50249E-02 1169.85         test_P_all          
.3500E+00     5.000  0.102E+02   0.26476E+00   0.00000E+00   0.10000E+00    0.50249E-02 1075.06         test_P_all          
.3600E+00     5.000  0.977E+01   0.25754E+00   0.00000E+00   0.10000E+00    0.50249E-02  982.92         test_P_all          
.3700E+00     5.000  0.940E+01   0.25024E+00   0.00000E+00   0.10000E+00    0.50249E-02  893.91         test_P_all          
.3800E+00     5.000  0.904E+01   0.24287E+00   0.00000E+00   0.10000E+00    0.50249E-02  808.35         test_P_all          
.3900E+00     5.000  0.870E+01   0.23545E+00   0.00000E+00   0.10000E+00    0.50249E-02  726.58         test_P_all          
.4000E+00     5.000  0.838E+01   0.22800E+00   0.00000E+00   0.10000E+00    0.17692E-02 5234.63         test_P_all          
.4100E+00     5.000  0.808E+01   0.22054E+00   0.00000E+00   0.10000E+00    0.50249E-02  575.45         test_P_all          
.4200E+00     5.000  0.779E+01   0.21309E+00   0.00000E+00   0.10000E+00    0.50249E-02  506.49         test_P_all          
.4300E+00     5.000  0.751E+01   0.20566E+00   0.00000E+00   0.10000E+00    0.50249E-02  442.11         test_P_all          
.4400E+00     5.000  0.725E+01   0.19826E+00   0.00000E+00   0.10000E+00    0.50249E-02  382.36         test_P_all          
.4500E+00     5.000  0.699E+01   0.19091E+00   0.00000E+00   0.10000E+00    0.50249E-02  327.34         test_P_all          
.4600E+00     5.000  0.675E+01   0.18363E+00   0.00000E+00   0.10000E+00    0.50249E-02  277.00         test_P_all          
.4700E+00     5.000  0.652E+01   0.17643E+00   0.00000E+00   0.10000E+00    0.50249E-02  231.33         test_P_all          
.4800E+00     5.000  0.630E+01   0.16931E+00   0.00000E+00   0.10000E+00    0.50249E-02  190.27         test_P_all          
.4900E+00     5.000  0.609E+01   0.16230E+00   0.00000E+00   0.10000E+00    0.50249E-02  153.70         test_P_all          
.5000E+00     5.000  0.588E+01   0.15539E+00   0.00000E+00   0.10000E+00    0.17692E-02  980.31         test_P_all          
.5100E+00     5.000  0.569E+01   0.14861E+00   0.00000E+00   0.10000E+00    0.50249E-02   93.58         test_P_all          
.5200E+00     5.000  0.550E+01   0.14196E+00   0.00000E+00   0.10000E+00    0.50249E-02   69.71         test_P_all          
.5300E+00     5.000  0.532E+01   0.13544E+00   0.00000E+00   0.10000E+00    0.50249E-02   49.74         test_P_all          
.5400E+00     5.000  0.514E+01   0.12907E+00   0.00000E+00   0.10000E+00    0.50249E-02   33.47         test_P_all          
.5500E+00     5.000  0.497E+01   0.12285E+00   0.00000E+00   0.10000E+00    0.50249E-02   20.68         test_P_all          
.5600E+00     5.000  0.481E+01   0.11679E+00   0.00000E+00   0.10000E+00    0.50249E-02   11.16         test_P_all          
.5700E+00     5.000  0.465E+01   0.11089E+00   0.00000E+00   0.10000E+00    0.50249E-02    4.70         test_P_all          
.5800E+00     5.000  0.450E+01   0.10515E+00   0.00000E+00   0.10000E+00    0.50249E-02    1.05         test_P_all          
.5900E+00     5.000  0.436E+01   0.99594E-01   0.00000E+00   0.10000E+00    0.50249E-02   -0.01         test_P_all          
.6000E+00     5.000  0.422E+01   0.94206E-01   0.00000E+00   0.10000E+00    0.17692E-02  -10.72         test_P_all          
.6100E+00     5.000  0.408E+01   0.88993E-01   0.00000E+00   0.10000E+00    0.50249E-02   -4.80         test_P_all          
.6200E+00     5.000  0.395E+01   0.83960E-01   0.00000E+00   0.10000E+00    0.50249E-02  -10.19         test_P_all          
.6300E+00     5.000  0.382E+01   0.79106E-01   0.00000E+00   0.10000E+00    0.50249E-02  -17.29         test_P_all          
.6400E+00     5.000  0.369E+01   0.74429E-01   0.00000E+00   0.10000E+00    0.50249E-02  -25.90         test_P_all          
.6500E+00     5.000  0.357E+01   0.69934E-01   0.00000E+00   0.10000E+00    0.50249E-02  -35.80         test_P_all          
.6600E+00     5.000  0.346E+01   0.65618E-01   0.00000E+00   0.10000E+00    0.50249E-02  -46.82         test_P_all          
.6700E+00     5.000  0.334E+01   0.61477E-01   0.00000E+00   0.10000E+00    0.50249E-02  -58.77         test_P_all          
.6800E+00     5.000  0.323E+01   0.57515E-01   0.00000E+00   0.10000E+00    0.50249E-02  -71.48         test_P_all          
.6900E+00     5.000  0.313E+01   0.53727E-01   0.00000E+00   0.10000E+00    0.50249E-02  -84.80         test_P_all          
.7000E+00     5.000  0.302E+01   0.50111E-01   0.00000E+00   0.10000E+00    0.17692E-02 -795.20         test_P_all          
.7100E+00     5.000  0.292E+01   0.46664E-01   0.00000E+00   0.10000E+00    0.50249E-02 -112.66         test_P_all          
.7200E+00     5.000  0.283E+01   0.43384E-01   0.00000E+00   0.10000E+00    0.50249E-02 -126.94         test_P_all          
.7300E+00     5.000  0.273E+01   0.40267E-01   0.00000E+00   0.10000E+00    0.50249E-02 -141.31         test_P_all          
.7400E+00     5.000  0.264E+01   0.37310E-01   0.00000E+00   0.10000E+00    0.50249E-02 -155.65         test_P_all          
.7500E+00     5.000  0.255E+01   0.34509E-01   0.00000E+00   0.10000E+00    0.50249E-02 -169.86         test_P_all          
.7600E+00     5.000  0.246E+01   0.31859E-01   0.00000E+00   0.10000E+00    0.50249E-02 -183.89         test_P_all          
.7700E+00     5.000  0.238E+01   0.29357E-01   0.00000E+00   0.10000E+00    0.50249E-02 -197.64         test_P_all          
.7800E+00     5.000  0.229E+01   0.26999E-01   0.00000E+00   0.10000E+00    0.50249E-02 -211.05         test_P_all          
.7900E+00     5.000  0.221E+01   0.24780E-01   0.00000E+00   0.10000E+00    0.50249E-02 -224.08         test_P_all          
.8000E+00     5.000  0.213E+01   0.22694E-01   0.00000E+00   0.10000E+00    0.17692E-02 *******         test_P_all          
.8100E+00     5.000  0.205E+01   0.20739E-01   0.00000E+00   0.10000E+00    0.50249E-02 -248.80         test_P_all          
.8200E+00     5.000  0.198E+01   0.18909E-01   0.00000E+00   0.10000E+00    0.50249E-02 -260.42         test_P_all          
.8300E+00     5.000  0.191E+01   0.17199E-01   0.00000E+00   0.10000E+00    0.50249E-02 -271.52         test_P_all          
.8400E+00     5.000  0.183E+01   0.15605E-01   0.00000E+00   0.10000E+00    0.50249E-02 -282.08         test_P_all          
.8500E+00     5.000  0.176E+01   0.14121E-01   0.00000E+00   0.10000E+00    0.50249E-02 -292.09         test_P_all          
.8600E+00     5.000  0.170E+01   0.12743E-01   0.00000E+00   0.10000E+00    0.50249E-02 -301.53         test_P_all          
.8700E+00     5.000  0.163E+01   0.11466E-01   0.00000E+00   0.10000E+00    0.50249E-02 -310.43         test_P_all          
.8800E+00     5.000  0.156E+01   0.10286E-01   0.00000E+00   0.10000E+00    0.50249E-02 -318.76         test_P_all          
.8900E+00     5.000  0.150E+01   0.91978E-02   0.00000E+00   0.10000E+00    0.50249E-02 -326.54         test_P_all          
.9000E+00     5.000  0.144E+01   0.81963E-02   0.00000E+00   0.10000E+00    0.17692E-02 *******         test_P_all          
.9100E+00     5.000  0.138E+01   0.72769E-02   0.00000E+00   0.10000E+00    0.50249E-02 -340.50         test_P_all          
.9200E+00     5.000  0.132E+01   0.64366E-02   0.00000E+00   0.10000E+00    0.50249E-02 -346.70         test_P_all          
.9300E+00     5.000  0.126E+01   0.56699E-02   0.00000E+00   0.10000E+00    0.50249E-02 -352.40         test_P_all          
.9400E+00     5.000  0.120E+01   0.49725E-02   0.00000E+00   0.10000E+00    0.50249E-02 -357.63         test_P_all          
.9500E+00     5.000  0.114E+01   0.43406E-02   0.00000E+00   0.10000E+00    0.50249E-02 -362.40         test_P_all          
.9600E+00     5.000  0.109E+01   0.37700E-02   0.00000E+00   0.10000E+00    0.50249E-02 -366.74         test_P_all          
.9700E+00     5.000  0.104E+01   0.32565E-02   0.00000E+00   0.10000E+00    0.50249E-02 -370.67         test_P_all          
.9800E+00     5.000  0.984E+00   0.27965E-02   0.00000E+00   0.10000E+00    0.50249E-02 -374.20         test_P_all          
.9900E+00     5.000  0.932E+00   0.23861E-02   0.00000E+00   0.10000E+00    0.50249E-02 -377.37         test_P_all          
.1000E+01     5.000  0.882E+00   0.20219E-02   0.00000E+00   0.10000E+00    0.50249E-02 -380.19         test_P_all          
.1000E-01    10.000  0.991E+03   0.54264E+00   0.00000E+00   0.10000E+00    0.50249E-02 7759.76         test_P_all          
.2000E-01    10.000  0.491E+03   0.47362E+00   0.00000E+00   0.10000E+00    0.50249E-02 5528.47         test_P_all          
.3000E-01    10.000  0.324E+03   0.44123E+00   0.00000E+00   0.10000E+00    0.50249E-02 4611.42         test_P_all          
.4000E-01    10.000  0.241E+03   0.42668E+00   0.00000E+00   0.10000E+00    0.50249E-02 4226.51         test_P_all          
.5000E-01    10.000  0.191E+03   0.41474E+00   0.00000E+00   0.10000E+00    0.50249E-02 3923.27         test_P_all          
.6000E-01    10.000  0.158E+03   0.40723E+00   0.00000E+00   0.10000E+00    0.50249E-02 3738.27         test_P_all          
.7000E-01    10.000  0.134E+03   0.40035E+00   0.00000E+00   0.10000E+00    0.50249E-02 3572.61         test_P_all          
.8000E-01    10.000  0.116E+03   0.39457E+00   0.00000E+00   0.10000E+00    0.50249E-02 3436.41         test_P_all          
.9000E-01    10.000  0.102E+03   0.38925E+00   0.00000E+00   0.10000E+00    0.50249E-02 3313.43         test_P_all          
.1000E+00    10.000  0.909E+02   0.38438E+00   0.00000E+00   0.10000E+00    0.50249E-02 3202.76         test_P_all          
.1100E+00    10.000  0.818E+02   0.37973E+00   0.00000E+00   0.10000E+00    0.50249E-02 3099.06         test_P_all          
.1200E+00    10.000  0.742E+02   0.37544E+00   0.00000E+00   0.10000E+00    0.50249E-02 3004.57         test_P_all          
.1300E+00    10.000  0.678E+02   0.37128E+00   0.00000E+00   0.10000E+00    0.50249E-02 2914.51         test_P_all          
.1400E+00    10.000  0.623E+02   0.36716E+00   0.00000E+00   0.10000E+00    0.50249E-02 2826.73         test_P_all          
.1500E+00    10.000  0.575E+02   0.36308E+00   0.00000E+00   0.10000E+00    0.50249E-02 2741.08         test_P_all          
.1600E+00    10.000  0.534E+02   0.35891E+00   0.00000E+00   0.10000E+00    0.50249E-02 2654.84         test_P_all          
.1700E+00    10.000  0.497E+02   0.35466E+00   0.00000E+00   0.10000E+00    0.50249E-02 2568.29         test_P_all          
.1800E+00    10.000  0.464E+02   0.35027E+00   0.00000E+00   0.10000E+00    0.50249E-02 2480.69         test_P_all          
.1900E+00    10.000  0.435E+02   0.34570E+00   0.00000E+00   0.10000E+00    0.50249E-02 2390.88         test_P_all          
.2000E+00    10.000  0.409E+02   0.34096E+00   0.00000E+00   0.10000E+00    0.50249E-02 2299.52         test_P_all          
.2100E+00    10.000  0.385E+02   0.33599E+00   0.00000E+00   0.10000E+00    0.50249E-02 2205.62         test_P_all          
.2200E+00    10.000  0.363E+02   0.33080E+00   0.00000E+00   0.10000E+00    0.50249E-02 2109.70         test_P_all          
.2300E+00    10.000  0.344E+02   0.32539E+00   0.00000E+00   0.10000E+00    0.50249E-02 2011.98         test_P_all          
.2400E+00    10.000  0.325E+02   0.31974E+00   0.00000E+00   0.10000E+00    0.50249E-02 1912.34         test_P_all          
.2500E+00    10.000  0.309E+02   0.31387E+00   0.00000E+00   0.10000E+00    0.50249E-02 1811.53         test_P_all          
.2600E+00    10.000  0.293E+02   0.30777E+00   0.00000E+00   0.10000E+00    0.50249E-02 1709.68         test_P_all          
.2700E+00    10.000  0.279E+02   0.30146E+00   0.00000E+00   0.10000E+00    0.50249E-02 1607.38         test_P_all          
.2800E+00    10.000  0.266E+02   0.29496E+00   0.00000E+00   0.10000E+00    0.50249E-02 1505.34         test_P_all          
.2900E+00    10.000  0.254E+02   0.28827E+00   0.00000E+00   0.10000E+00    0.50249E-02 1403.81         test_P_all          
.3000E+00    10.000  0.242E+02   0.28141E+00   0.00000E+00   0.10000E+00    0.18868E-02 9244.74         test_P_all          
.3100E+00    10.000  0.231E+02   0.27441E+00   0.00000E+00   0.10000E+00    0.50249E-02 1204.66         test_P_all          
.3200E+00    10.000  0.221E+02   0.26726E+00   0.00000E+00   0.10000E+00    0.50249E-02 1108.02         test_P_all          
.3300E+00    10.000  0.212E+02   0.26001E+00   0.00000E+00   0.10000E+00    0.50249E-02 1013.96         test_P_all          
.3400E+00    10.000  0.203E+02   0.25266E+00   0.00000E+00   0.10000E+00    0.50249E-02  922.95         test_P_all          
.3500E+00    10.000  0.195E+02   0.24523E+00   0.00000E+00   0.10000E+00    0.50249E-02  835.32         test_P_all          
.3600E+00    10.000  0.187E+02   0.23774E+00   0.00000E+00   0.10000E+00    0.50249E-02  751.43         test_P_all          
.3700E+00    10.000  0.179E+02   0.23022E+00   0.00000E+00   0.10000E+00    0.50249E-02  671.58         test_P_all          
.3800E+00    10.000  0.172E+02   0.22267E+00   0.00000E+00   0.10000E+00    0.50249E-02  595.97         test_P_all          
.3900E+00    10.000  0.165E+02   0.21512E+00   0.00000E+00   0.10000E+00    0.50249E-02  524.86         test_P_all          
.4000E+00    10.000  0.159E+02   0.20758E+00   0.00000E+00   0.10000E+00    0.17692E-02 3697.47         test_P_all          
.4100E+00    10.000  0.153E+02   0.20006E+00   0.00000E+00   0.10000E+00    0.50249E-02  396.51         test_P_all          
.4200E+00    10.000  0.147E+02   0.19258E+00   0.00000E+00   0.10000E+00    0.50249E-02  339.48         test_P_all          
.4300E+00    10.000  0.141E+02   0.18516E+00   0.00000E+00   0.10000E+00    0.50249E-02  287.21         test_P_all          
.4400E+00    10.000  0.136E+02   0.17780E+00   0.00000E+00   0.10000E+00    0.50249E-02  239.73         test_P_all          
.4500E+00    10.000  0.131E+02   0.17052E+00   0.00000E+00   0.10000E+00    0.50249E-02  196.98         test_P_all          
.4600E+00    10.000  0.126E+02   0.16334E+00   0.00000E+00   0.10000E+00    0.50249E-02  158.86         test_P_all          
.4700E+00    10.000  0.122E+02   0.15625E+00   0.00000E+00   0.10000E+00    0.50249E-02  125.31         test_P_all          
.4800E+00    10.000  0.117E+02   0.14928E+00   0.00000E+00   0.10000E+00    0.50249E-02   96.17         test_P_all          
.4900E+00    10.000  0.113E+02   0.14242E+00   0.00000E+00   0.10000E+00    0.50249E-02   71.28         test_P_all          
.5000E+00    10.000  0.109E+02   0.13570E+00   0.00000E+00   0.10000E+00    0.17692E-02  407.28         test_P_all          
.5100E+00    10.000  0.105E+02   0.12912E+00   0.00000E+00   0.10000E+00    0.50249E-02   33.58         test_P_all          
.5200E+00    10.000  0.101E+02   0.12269E+00   0.00000E+00   0.10000E+00    0.50249E-02   20.38         test_P_all          
.5300E+00    10.000  0.975E+01   0.11641E+00   0.00000E+00   0.10000E+00    0.50249E-02   10.66         test_P_all          
.5400E+00    10.000  0.940E+01   0.11028E+00   0.00000E+00   0.10000E+00    0.50249E-02    4.19         test_P_all          
.5500E+00    10.000  0.906E+01   0.10433E+00   0.00000E+00   0.10000E+00    0.50249E-02    0.74         test_P_all          
.5600E+00    10.000  0.874E+01   0.98543E-01   0.00000E+00   0.10000E+00    0.50249E-02   -0.08         test_P_all          
.5700E+00    10.000  0.843E+01   0.92933E-01   0.00000E+00   0.10000E+00    0.50249E-02   -1.98         test_P_all          
.5800E+00    10.000  0.812E+01   0.87503E-01   0.00000E+00   0.10000E+00    0.50249E-02   -6.19         test_P_all          
.5900E+00    10.000  0.783E+01   0.82253E-01   0.00000E+00   0.10000E+00    0.50249E-02  -12.47         test_P_all          
.6000E+00    10.000  0.755E+01   0.77188E-01   0.00000E+00   0.10000E+00    0.17692E-02 -166.26         test_P_all          
.6100E+00    10.000  0.728E+01   0.72309E-01   0.00000E+00   0.10000E+00    0.50249E-02  -30.37         test_P_all          
.6200E+00    10.000  0.701E+01   0.67615E-01   0.00000E+00   0.10000E+00    0.50249E-02  -41.54         test_P_all          
.6300E+00    10.000  0.675E+01   0.63111E-01   0.00000E+00   0.10000E+00    0.50249E-02  -53.89         test_P_all          
.6400E+00    10.000  0.651E+01   0.58795E-01   0.00000E+00   0.10000E+00    0.50249E-02  -67.24         test_P_all          
.6500E+00    10.000  0.627E+01   0.54664E-01   0.00000E+00   0.10000E+00    0.50249E-02  -81.40         test_P_all          
.6600E+00    10.000  0.603E+01   0.50721E-01   0.00000E+00   0.10000E+00    0.50249E-02  -96.17         test_P_all          
.6700E+00    10.000  0.581E+01   0.46963E-01   0.00000E+00   0.10000E+00    0.50249E-02 -111.40         test_P_all          
.6800E+00    10.000  0.559E+01   0.43387E-01   0.00000E+00   0.10000E+00    0.50249E-02 -126.93         test_P_all          
.6900E+00    10.000  0.537E+01   0.39992E-01   0.00000E+00   0.10000E+00    0.50249E-02 -142.61         test_P_all          
.7000E+00    10.000  0.517E+01   0.36775E-01   0.00000E+00   0.10000E+00    0.17692E-02 *******         test_P_all          
.7100E+00    10.000  0.497E+01   0.33733E-01   0.00000E+00   0.10000E+00    0.50249E-02 -173.92         test_P_all          
.7200E+00    10.000  0.477E+01   0.30862E-01   0.00000E+00   0.10000E+00    0.50249E-02 -189.31         test_P_all          
.7300E+00    10.000  0.458E+01   0.28159E-01   0.00000E+00   0.10000E+00    0.50249E-02 -204.40         test_P_all          
.7400E+00    10.000  0.440E+01   0.25619E-01   0.00000E+00   0.10000E+00    0.50249E-02 -219.11         test_P_all          
.7500E+00    10.000  0.422E+01   0.23239E-01   0.00000E+00   0.10000E+00    0.50249E-02 -233.35         test_P_all          
.7600E+00    10.000  0.404E+01   0.21013E-01   0.00000E+00   0.10000E+00    0.50249E-02 -247.08         test_P_all          
.7700E+00    10.000  0.387E+01   0.18939E-01   0.00000E+00   0.10000E+00    0.50249E-02 -260.24         test_P_all          
.7800E+00    10.000  0.370E+01   0.17008E-01   0.00000E+00   0.10000E+00    0.50249E-02 -272.78         test_P_all          
.7900E+00    10.000  0.354E+01   0.15218E-01   0.00000E+00   0.10000E+00    0.50249E-02 -284.68         test_P_all          
.8000E+00    10.000  0.338E+01   0.13562E-01   0.00000E+00   0.10000E+00    0.17692E-02 *******         test_P_all          
.8100E+00    10.000  0.323E+01   0.12036E-01   0.00000E+00   0.10000E+00    0.50249E-02 -306.44         test_P_all          
.8200E+00    10.000  0.308E+01   0.10634E-01   0.00000E+00   0.10000E+00    0.50249E-02 -316.29         test_P_all          
.8300E+00    10.000  0.293E+01   0.93501E-02   0.00000E+00   0.10000E+00    0.50249E-02 -325.44         test_P_all          
.8400E+00    10.000  0.279E+01   0.81790E-02   0.00000E+00   0.10000E+00    0.50249E-02 -333.90         test_P_all          
.8500E+00    10.000  0.265E+01   0.71142E-02   0.00000E+00   0.10000E+00    0.50249E-02 -341.69         test_P_all          
.8600E+00    10.000  0.251E+01   0.61519E-02   0.00000E+00   0.10000E+00    0.50249E-02 -348.81         test_P_all          
.8700E+00    10.000  0.238E+01   0.52852E-02   0.00000E+00   0.10000E+00    0.50249E-02 -355.28         test_P_all          
.8800E+00    10.000  0.225E+01   0.45086E-02   0.00000E+00   0.10000E+00    0.50249E-02 -361.13         test_P_all          
.8900E+00    10.000  0.212E+01   0.38165E-02   0.00000E+00   0.10000E+00    0.50249E-02 -366.39         test_P_all          
.9000E+00    10.000  0.199E+01   0.32035E-02   0.00000E+00   0.10000E+00    0.17692E-02 *******         test_P_all          
.9100E+00    10.000  0.187E+01   0.26640E-02   0.00000E+00   0.10000E+00    0.50249E-02 -375.22         test_P_all          
.9200E+00    10.000  0.175E+01   0.21923E-02   0.00000E+00   0.10000E+00    0.50249E-02 -378.87         test_P_all          
.9300E+00    10.000  0.163E+01   0.17835E-02   0.00000E+00   0.10000E+00    0.50249E-02 -382.04         test_P_all          
.9400E+00    10.000  0.152E+01   0.14326E-02   0.00000E+00   0.10000E+00    0.50249E-02 -384.77         test_P_all          
.9500E+00    10.000  0.141E+01   0.11334E-02   0.00000E+00   0.10000E+00    0.50249E-02 -387.11         test_P_all          
.9600E+00    10.000  0.130E+01   0.88199E-03   0.00000E+00   0.10000E+00    0.50249E-02 -389.08         test_P_all          
.9700E+00    10.000  0.119E+01   0.67383E-03   0.00000E+00   0.10000E+00    0.50249E-02 -390.72         test_P_all          
.9800E+00    10.000  0.109E+01   0.50247E-03   0.00000E+00   0.10000E+00    0.50249E-02 -392.07         test_P_all          
.9900E+00    10.000  0.983E+00   0.36507E-03   0.00000E+00   0.10000E+00    0.50249E-02 -393.15         test_P_all          
.1000E+01    10.000  0.882E+00   0.25771E-03   0.00000E+00   0.10000E+00    0.50249E-02 -394.00         test_P_all          
.1000E-01    20.000  0.198E+04   0.62241E+00   0.00000E+00   0.10000E+00    0.50249E-02 *******         test_P_all          
.2000E-01    20.000  0.981E+03   0.52769E+00   0.00000E+00   0.10000E+00    0.50249E-02 7244.29         test_P_all          
.3000E-01    20.000  0.648E+03   0.48107E+00   0.00000E+00   0.10000E+00    0.50249E-02 5750.96         test_P_all          
.4000E-01    20.000  0.481E+03   0.45825E+00   0.00000E+00   0.10000E+00    0.50249E-02 5082.92         test_P_all          
.5000E-01    20.000  0.381E+03   0.43920E+00   0.00000E+00   0.10000E+00    0.50249E-02 4556.73         test_P_all          
.6000E-01    20.000  0.314E+03   0.42658E+00   0.00000E+00   0.10000E+00    0.50249E-02 4223.93         test_P_all          
.7000E-01    20.000  0.267E+03   0.41521E+00   0.00000E+00   0.10000E+00    0.50249E-02 3934.96         test_P_all          
.8000E-01    20.000  0.231E+03   0.40604E+00   0.00000E+00   0.10000E+00    0.50249E-02 3709.37         test_P_all          
.9000E-01    20.000  0.203E+03   0.39779E+00   0.00000E+00   0.10000E+00    0.50249E-02 3512.01         test_P_all          
.1000E+00    20.000  0.181E+03   0.39049E+00   0.00000E+00   0.10000E+00    0.50249E-02 3341.91         test_P_all          
.1100E+00    20.000  0.163E+03   0.38372E+00   0.00000E+00   0.10000E+00    0.50249E-02 3188.07         test_P_all          
.1200E+00    20.000  0.148E+03   0.37747E+00   0.00000E+00   0.10000E+00    0.50249E-02 3048.98         test_P_all          
.1300E+00    20.000  0.135E+03   0.37156E+00   0.00000E+00   0.10000E+00    0.50249E-02 2920.60         test_P_all          
.1400E+00    20.000  0.124E+03   0.36584E+00   0.00000E+00   0.10000E+00    0.50249E-02 2798.84         test_P_all          
.1500E+00    20.000  0.114E+03   0.36031E+00   0.00000E+00   0.10000E+00    0.50249E-02 2683.60         test_P_all          
.1600E+00    20.000  0.106E+03   0.35477E+00   0.00000E+00   0.10000E+00    0.50249E-02 2570.65         test_P_all          
.1700E+00    20.000  0.985E+02   0.34925E+00   0.00000E+00   0.10000E+00    0.50249E-02 2460.47         test_P_all          
.1800E+00    20.000  0.920E+02   0.34369E+00   0.00000E+00   0.10000E+00    0.50249E-02 2351.84         test_P_all          
.1900E+00    20.000  0.861E+02   0.33800E+00   0.00000E+00   0.10000E+00    0.50249E-02 2243.41         test_P_all          
.2000E+00    20.000  0.809E+02   0.33222E+00   0.00000E+00   0.10000E+00    0.50249E-02 2135.75         test_P_all          
.2100E+00    20.000  0.761E+02   0.32627E+00   0.00000E+00   0.10000E+00    0.50249E-02 2027.63         test_P_all          
.2200E+00    20.000  0.718E+02   0.32016E+00   0.00000E+00   0.10000E+00    0.50249E-02 1919.68         test_P_all          
.2300E+00    20.000  0.678E+02   0.31390E+00   0.00000E+00   0.10000E+00    0.50249E-02 1811.94         test_P_all          
.2400E+00    20.000  0.642E+02   0.30745E+00   0.00000E+00   0.10000E+00    0.50249E-02 1704.33         test_P_all          
.2500E+00    20.000  0.609E+02   0.30084E+00   0.00000E+00   0.10000E+00    0.50249E-02 1597.48         test_P_all          
.2600E+00    20.000  0.578E+02   0.29406E+00   0.00000E+00   0.10000E+00    0.50249E-02 1491.48         test_P_all          
.2700E+00    20.000  0.550E+02   0.28713E+00   0.00000E+00   0.10000E+00    0.50249E-02 1386.85         test_P_all          
.2800E+00    20.000  0.523E+02   0.28006E+00   0.00000E+00   0.10000E+00    0.50249E-02 1284.04         test_P_all          
.2900E+00    20.000  0.498E+02   0.27286E+00   0.00000E+00   0.10000E+00    0.50249E-02 1183.38         test_P_all          
.3000E+00    20.000  0.475E+02   0.26554E+00   0.00000E+00   0.10000E+00    0.18868E-02 7697.78         test_P_all          
.3100E+00    20.000  0.454E+02   0.25814E+00   0.00000E+00   0.10000E+00    0.50249E-02  990.42         test_P_all          
.3200E+00    20.000  0.434E+02   0.25066E+00   0.00000E+00   0.10000E+00    0.50249E-02  898.90         test_P_all          
.3300E+00    20.000  0.415E+02   0.24311E+00   0.00000E+00   0.10000E+00    0.50249E-02  811.11         test_P_all          
.3400E+00    20.000  0.397E+02   0.23552E+00   0.00000E+00   0.10000E+00    0.50249E-02  727.35         test_P_all          
.3500E+00    20.000  0.380E+02   0.22790E+00   0.00000E+00   0.10000E+00    0.50249E-02  647.85         test_P_all          
.3600E+00    20.000  0.364E+02   0.22027E+00   0.00000E+00   0.10000E+00    0.50249E-02  572.86         test_P_all          
.3700E+00    20.000  0.349E+02   0.21264E+00   0.00000E+00   0.10000E+00    0.50249E-02  502.51         test_P_all          
.3800E+00    20.000  0.335E+02   0.20503E+00   0.00000E+00   0.10000E+00    0.50249E-02  436.90         test_P_all          
.3900E+00    20.000  0.322E+02   0.19746E+00   0.00000E+00   0.10000E+00    0.50249E-02  376.17         test_P_all          
.4000E+00    20.000  0.309E+02   0.18993E+00   0.00000E+00   0.10000E+00    0.17692E-02 2583.93         test_P_all          
.4100E+00    20.000  0.297E+02   0.18247E+00   0.00000E+00   0.10000E+00    0.50249E-02  269.33         test_P_all          
.4200E+00    20.000  0.285E+02   0.17507E+00   0.00000E+00   0.10000E+00    0.50249E-02  223.20         test_P_all          
.4300E+00    20.000  0.274E+02   0.16776E+00   0.00000E+00   0.10000E+00    0.50249E-02  181.85         test_P_all          
.4400E+00    20.000  0.263E+02   0.16055E+00   0.00000E+00   0.10000E+00    0.50249E-02  145.21         test_P_all          
.4500E+00    20.000  0.253E+02   0.15344E+00   0.00000E+00   0.10000E+00    0.50249E-02  113.12         test_P_all          
.4600E+00    20.000  0.244E+02   0.14645E+00   0.00000E+00   0.10000E+00    0.50249E-02   85.47         test_P_all          
.4700E+00    20.000  0.234E+02   0.13959E+00   0.00000E+00   0.10000E+00    0.50249E-02   62.08         test_P_all          
.4800E+00    20.000  0.225E+02   0.13286E+00   0.00000E+00   0.10000E+00    0.50249E-02   42.76         test_P_all          
.4900E+00    20.000  0.217E+02   0.12627E+00   0.00000E+00   0.10000E+00    0.50249E-02   27.34         test_P_all          
.5000E+00    20.000  0.209E+02   0.11983E+00   0.00000E+00   0.10000E+00    0.17692E-02  125.68         test_P_all          
.5100E+00    20.000  0.201E+02   0.11355E+00   0.00000E+00   0.10000E+00    0.50249E-02    7.27         test_P_all          
.5200E+00    20.000  0.193E+02   0.10743E+00   0.00000E+00   0.10000E+00    0.50249E-02    2.19         test_P_all          
.5300E+00    20.000  0.186E+02   0.10148E+00   0.00000E+00   0.10000E+00    0.50249E-02    0.09         test_P_all          
.5400E+00    20.000  0.179E+02   0.95696E-01   0.00000E+00   0.10000E+00    0.50249E-02   -0.73         test_P_all          
.5500E+00    20.000  0.172E+02   0.90092E-01   0.00000E+00   0.10000E+00    0.50249E-02   -3.89         test_P_all          
.5600E+00    20.000  0.166E+02   0.84668E-01   0.00000E+00   0.10000E+00    0.50249E-02   -9.31         test_P_all          
.5700E+00    20.000  0.160E+02   0.79430E-01   0.00000E+00   0.10000E+00    0.50249E-02  -16.76         test_P_all          
.5800E+00    20.000  0.154E+02   0.74376E-01   0.00000E+00   0.10000E+00    0.50249E-02  -26.00         test_P_all          
.5900E+00    20.000  0.148E+02   0.69510E-01   0.00000E+00   0.10000E+00    0.50249E-02  -36.82         test_P_all          
.6000E+00    20.000  0.142E+02   0.64834E-01   0.00000E+00   0.10000E+00    0.17692E-02 -395.08         test_P_all          
.6100E+00    20.000  0.137E+02   0.60347E-01   0.00000E+00   0.10000E+00    0.50249E-02  -62.27         test_P_all          
.6200E+00    20.000  0.131E+02   0.56053E-01   0.00000E+00   0.10000E+00    0.50249E-02  -76.49         test_P_all          
.6300E+00    20.000  0.126E+02   0.51947E-01   0.00000E+00   0.10000E+00    0.50249E-02  -91.45         test_P_all          
.6400E+00    20.000  0.121E+02   0.48031E-01   0.00000E+00   0.10000E+00    0.50249E-02 -106.96         test_P_all          
.6500E+00    20.000  0.117E+02   0.44303E-01   0.00000E+00   0.10000E+00    0.50249E-02 -122.86         test_P_all          
.6600E+00    20.000  0.112E+02   0.40761E-01   0.00000E+00   0.10000E+00    0.50249E-02 -138.98         test_P_all          
.6700E+00    20.000  0.107E+02   0.37404E-01   0.00000E+00   0.10000E+00    0.50249E-02 -155.18         test_P_all          
.6800E+00    20.000  0.103E+02   0.34229E-01   0.00000E+00   0.10000E+00    0.50249E-02 -171.32         test_P_all          
.6900E+00    20.000  0.987E+01   0.31232E-01   0.00000E+00   0.10000E+00    0.50249E-02 -187.29         test_P_all          
.7000E+00    20.000  0.945E+01   0.28412E-01   0.00000E+00   0.10000E+00    0.17692E-02 *******         test_P_all          
.7100E+00    20.000  0.905E+01   0.25762E-01   0.00000E+00   0.10000E+00    0.50249E-02 -218.27         test_P_all          
.7200E+00    20.000  0.866E+01   0.23281E-01   0.00000E+00   0.10000E+00    0.50249E-02 -233.10         test_P_all          
.7300E+00    20.000  0.828E+01   0.20964E-01   0.00000E+00   0.10000E+00    0.50249E-02 -247.40         test_P_all          
.7400E+00    20.000  0.791E+01   0.18805E-01   0.00000E+00   0.10000E+00    0.50249E-02 -261.10         test_P_all          
.7500E+00    20.000  0.755E+01   0.16800E-01   0.00000E+00   0.10000E+00    0.50249E-02 -274.15         test_P_all          
.7600E+00    20.000  0.720E+01   0.14945E-01   0.00000E+00   0.10000E+00    0.50249E-02 -286.51         test_P_all          
.7700E+00    20.000  0.686E+01   0.13234E-01   0.00000E+00   0.10000E+00    0.50249E-02 -298.16         test_P_all          
.7800E+00    20.000  0.652E+01   0.11661E-01   0.00000E+00   0.10000E+00    0.50249E-02 -309.06         test_P_all          
.7900E+00    20.000  0.620E+01   0.10221E-01   0.00000E+00   0.10000E+00    0.50249E-02 -319.22         test_P_all          
.8000E+00    20.000  0.588E+01   0.89073E-02   0.00000E+00   0.10000E+00    0.17692E-02 *******         test_P_all          
.8100E+00    20.000  0.557E+01   0.77152E-02   0.00000E+00   0.10000E+00    0.50249E-02 -337.29         test_P_all          
.8200E+00    20.000  0.527E+01   0.66383E-02   0.00000E+00   0.10000E+00    0.50249E-02 -345.20         test_P_all          
.8300E+00    20.000  0.498E+01   0.56697E-02   0.00000E+00   0.10000E+00    0.50249E-02 -352.40         test_P_all          
.8400E+00    20.000  0.469E+01   0.48046E-02   0.00000E+00   0.10000E+00    0.50249E-02 -358.90         test_P_all          
.8500E+00    20.000  0.441E+01   0.40363E-02   0.00000E+00   0.10000E+00    0.50249E-02 -364.71         test_P_all          
.8600E+00    20.000  0.414E+01   0.33581E-02   0.00000E+00   0.10000E+00    0.50249E-02 -369.89         test_P_all          
.8700E+00    20.000  0.387E+01   0.27643E-02   0.00000E+00   0.10000E+00    0.50249E-02 -374.45         test_P_all          
.8800E+00    20.000  0.361E+01   0.22487E-02   0.00000E+00   0.10000E+00    0.50249E-02 -378.43         test_P_all          
.8900E+00    20.000  0.335E+01   0.18046E-02   0.00000E+00   0.10000E+00    0.50249E-02 -381.87         test_P_all          
.9000E+00    20.000  0.310E+01   0.14266E-02   0.00000E+00   0.10000E+00    0.17692E-02 *******         test_P_all          
.9100E+00    20.000  0.286E+01   0.11086E-02   0.00000E+00   0.10000E+00    0.50249E-02 -387.31         test_P_all          
.9200E+00    20.000  0.262E+01   0.84403E-03   0.00000E+00   0.10000E+00    0.50249E-02 -389.38         test_P_all          
.9300E+00    20.000  0.239E+01   0.62832E-03   0.00000E+00   0.10000E+00    0.50249E-02 -391.08         test_P_all          
.9400E+00    20.000  0.216E+01   0.45484E-03   0.00000E+00   0.10000E+00    0.50249E-02 -392.45         test_P_all          
.9500E+00    20.000  0.193E+01   0.31825E-03   0.00000E+00   0.10000E+00    0.50249E-02 -393.52         test_P_all          
.9600E+00    20.000  0.172E+01   0.21468E-03   0.00000E+00   0.10000E+00    0.50249E-02 -394.34         test_P_all          
.9700E+00    20.000  0.150E+01   0.13685E-03   0.00000E+00   0.10000E+00    0.50249E-02 -394.96         test_P_all          
.9800E+00    20.000  0.129E+01   0.81589E-04   0.00000E+00   0.10000E+00    0.50249E-02 -395.39         test_P_all          
.9900E+00    20.000  0.108E+01   0.45617E-04   0.00000E+00   0.10000E+00    0.50249E-02 -395.68         test_P_all          
.1000E+01    20.000  0.882E+00   0.21355E-04   0.00000E+00   0.10000E+00    0.50249E-02 -395.87         test_P_all          
.1000E+00    50.000  0.451E+03   0.39541E+00   0.00000E+00   0.10000E+00    0.50249E-02 3456.19         test_P_all          
.1100E+00    50.000  0.405E+03   0.38614E+00   0.00000E+00   0.10000E+00    0.50249E-02 3242.69         test_P_all          
.1200E+00    50.000  0.368E+03   0.37772E+00   0.00000E+00   0.10000E+00    0.50249E-02 3054.61         test_P_all          
.1300E+00    50.000  0.335E+03   0.36990E+00   0.00000E+00   0.10000E+00    0.50249E-02 2884.98         test_P_all          
.1400E+00    50.000  0.308E+03   0.36243E+00   0.00000E+00   0.10000E+00    0.50249E-02 2727.46         test_P_all          
.1500E+00    50.000  0.284E+03   0.35532E+00   0.00000E+00   0.10000E+00    0.50249E-02 2581.76         test_P_all          
.1600E+00    50.000  0.263E+03   0.34832E+00   0.00000E+00   0.10000E+00    0.50249E-02 2442.02         test_P_all          
.1700E+00    50.000  0.245E+03   0.34145E+00   0.00000E+00   0.10000E+00    0.50249E-02 2308.77         test_P_all          
.1800E+00    50.000  0.229E+03   0.33463E+00   0.00000E+00   0.10000E+00    0.50249E-02 2180.23         test_P_all          
.1900E+00    50.000  0.214E+03   0.32778E+00   0.00000E+00   0.10000E+00    0.50249E-02 2054.76         test_P_all          
.2000E+00    50.000  0.201E+03   0.32091E+00   0.00000E+00   0.10000E+00    0.50249E-02 1932.78         test_P_all          
.2100E+00    50.000  0.189E+03   0.31395E+00   0.00000E+00   0.10000E+00    0.50249E-02 1812.83         test_P_all          
.2200E+00    50.000  0.178E+03   0.30691E+00   0.00000E+00   0.10000E+00    0.50249E-02 1695.50         test_P_all          
.2300E+00    50.000  0.168E+03   0.29978E+00   0.00000E+00   0.10000E+00    0.50249E-02 1580.65         test_P_all          
.2400E+00    50.000  0.159E+03   0.29254E+00   0.00000E+00   0.10000E+00    0.50249E-02 1468.16         test_P_all          
.2500E+00    50.000  0.151E+03   0.28521E+00   0.00000E+00   0.10000E+00    0.50249E-02 1358.51         test_P_all          
.2600E+00    50.000  0.143E+03   0.27778E+00   0.00000E+00   0.10000E+00    0.50249E-02 1251.67         test_P_all          
.2700E+00    50.000  0.136E+03   0.27026E+00   0.00000E+00   0.10000E+00    0.50249E-02 1148.08         test_P_all          
.2800E+00    50.000  0.129E+03   0.26267E+00   0.00000E+00   0.10000E+00    0.50249E-02 1048.02         test_P_all          
.2900E+00    50.000  0.123E+03   0.25502E+00   0.00000E+00   0.10000E+00    0.50249E-02  951.71         test_P_all          
.3000E+00    50.000  0.118E+03   0.24732E+00   0.00000E+00   0.10000E+00    0.18868E-02 6096.07         test_P_all          
.3100E+00    50.000  0.112E+03   0.23958E+00   0.00000E+00   0.10000E+00    0.50249E-02  771.58         test_P_all          
.3200E+00    50.000  0.107E+03   0.23182E+00   0.00000E+00   0.10000E+00    0.50249E-02  688.21         test_P_all          
.3300E+00    50.000  0.102E+03   0.22406E+00   0.00000E+00   0.10000E+00    0.50249E-02  609.56         test_P_all          
.3400E+00    50.000  0.979E+02   0.21631E+00   0.00000E+00   0.10000E+00    0.50249E-02  535.79         test_P_all          
.3500E+00    50.000  0.937E+02   0.20859E+00   0.00000E+00   0.10000E+00    0.50249E-02  466.97         test_P_all          
.3600E+00    50.000  0.898E+02   0.20090E+00   0.00000E+00   0.10000E+00    0.50249E-02  403.21         test_P_all          
.3700E+00    50.000  0.860E+02   0.19327E+00   0.00000E+00   0.10000E+00    0.50249E-02  344.51         test_P_all          
.3800E+00    50.000  0.825E+02   0.18570E+00   0.00000E+00   0.10000E+00    0.50249E-02  290.85         test_P_all          
.3900E+00    50.000  0.791E+02   0.17821E+00   0.00000E+00   0.10000E+00    0.50249E-02  242.25         test_P_all          
.4000E+00    50.000  0.759E+02   0.17081E+00   0.00000E+00   0.10000E+00    0.17692E-02 1601.85         test_P_all          
.4100E+00    50.000  0.728E+02   0.16351E+00   0.00000E+00   0.10000E+00    0.50249E-02  159.74         test_P_all          
.4200E+00    50.000  0.699E+02   0.15632E+00   0.00000E+00   0.10000E+00    0.50249E-02  125.61         test_P_all          
.4300E+00    50.000  0.672E+02   0.14924E+00   0.00000E+00   0.10000E+00    0.50249E-02   96.04         test_P_all          
.4400E+00    50.000  0.645E+02   0.14230E+00   0.00000E+00   0.10000E+00    0.50249E-02   70.86         test_P_all          
.4500E+00    50.000  0.620E+02   0.13549E+00   0.00000E+00   0.10000E+00    0.50249E-02   49.88         test_P_all          
.4600E+00    50.000  0.596E+02   0.12882E+00   0.00000E+00   0.10000E+00    0.50249E-02   32.90         test_P_all          
.4700E+00    50.000  0.573E+02   0.12231E+00   0.00000E+00   0.10000E+00    0.50249E-02   19.71         test_P_all          
.4800E+00    50.000  0.550E+02   0.11595E+00   0.00000E+00   0.10000E+00    0.50249E-02   10.07         test_P_all          
.4900E+00    50.000  0.529E+02   0.10975E+00   0.00000E+00   0.10000E+00    0.50249E-02    3.77         test_P_all          
.5000E+00    50.000  0.509E+02   0.10372E+00   0.00000E+00   0.10000E+00    0.17692E-02    4.43         test_P_all          
.5100E+00    50.000  0.489E+02   0.97866E-01   0.00000E+00   0.10000E+00    0.50249E-02   -0.18         test_P_all          
.5200E+00    50.000  0.470E+02   0.92186E-01   0.00000E+00   0.10000E+00    0.50249E-02   -2.42         test_P_all          
.5300E+00    50.000  0.452E+02   0.86685E-01   0.00000E+00   0.10000E+00    0.50249E-02   -7.02         test_P_all          
.5400E+00    50.000  0.435E+02   0.81369E-01   0.00000E+00   0.10000E+00    0.50249E-02  -13.75         test_P_all          
.5500E+00    50.000  0.418E+02   0.76238E-01   0.00000E+00   0.10000E+00    0.50249E-02  -22.36         test_P_all          
.5600E+00    50.000  0.402E+02   0.71294E-01   0.00000E+00   0.10000E+00    0.50249E-02  -32.63         test_P_all          
.5700E+00    50.000  0.386E+02   0.66540E-01   0.00000E+00   0.10000E+00    0.50249E-02  -44.34         test_P_all          
.5800E+00    50.000  0.371E+02   0.61975E-01   0.00000E+00   0.10000E+00    0.50249E-02  -57.26         test_P_all          
.5900E+00    50.000  0.356E+02   0.57601E-01   0.00000E+00   0.10000E+00    0.50249E-02  -71.20         test_P_all          
.6000E+00    50.000  0.342E+02   0.53417E-01   0.00000E+00   0.10000E+00    0.17692E-02 -693.30         test_P_all          
.6100E+00    50.000  0.328E+02   0.49422E-01   0.00000E+00   0.10000E+00    0.50249E-02 -101.31         test_P_all          
.6200E+00    50.000  0.315E+02   0.45616E-01   0.00000E+00   0.10000E+00    0.50249E-02 -117.13         test_P_all          
.6300E+00    50.000  0.302E+02   0.41996E-01   0.00000E+00   0.10000E+00    0.50249E-02 -133.25         test_P_all          
.6400E+00    50.000  0.290E+02   0.38563E-01   0.00000E+00   0.10000E+00    0.50249E-02 -149.49         test_P_all          
.6500E+00    50.000  0.278E+02   0.35312E-01   0.00000E+00   0.10000E+00    0.50249E-02 -165.73         test_P_all          
.6600E+00    50.000  0.266E+02   0.32241E-01   0.00000E+00   0.10000E+00    0.50249E-02 -181.83         test_P_all          
.6700E+00    50.000  0.255E+02   0.29347E-01   0.00000E+00   0.10000E+00    0.50249E-02 -197.70         test_P_all          
.6800E+00    50.000  0.244E+02   0.26627E-01   0.00000E+00   0.10000E+00    0.50249E-02 -213.21         test_P_all          
.6900E+00    50.000  0.233E+02   0.24077E-01   0.00000E+00   0.10000E+00    0.50249E-02 -228.29         test_P_all          
.7000E+00    50.000  0.223E+02   0.21692E-01   0.00000E+00   0.10000E+00    0.17692E-02 *******         test_P_all          
.7100E+00    50.000  0.213E+02   0.19469E-01   0.00000E+00   0.10000E+00    0.50249E-02 -256.84         test_P_all          
.7200E+00    50.000  0.203E+02   0.17403E-01   0.00000E+00   0.10000E+00    0.50249E-02 -270.19         test_P_all          
.7300E+00    50.000  0.194E+02   0.15489E-01   0.00000E+00   0.10000E+00    0.50249E-02 -282.86         test_P_all          
.7400E+00    50.000  0.184E+02   0.13722E-01   0.00000E+00   0.10000E+00    0.50249E-02 -294.81         test_P_all          
.7500E+00    50.000  0.175E+02   0.12096E-01   0.00000E+00   0.10000E+00    0.50249E-02 -306.03         test_P_all          
.7600E+00    50.000  0.167E+02   0.10606E-01   0.00000E+00   0.10000E+00    0.50249E-02 -316.49         test_P_all          
.7700E+00    50.000  0.158E+02   0.92463E-02   0.00000E+00   0.10000E+00    0.50249E-02 -326.19         test_P_all          
.7800E+00    50.000  0.150E+02   0.80112E-02   0.00000E+00   0.10000E+00    0.50249E-02 -335.13         test_P_all          
.7900E+00    50.000  0.142E+02   0.68945E-02   0.00000E+00   0.10000E+00    0.50249E-02 -343.31         test_P_all          
.8000E+00    50.000  0.134E+02   0.58902E-02   0.00000E+00   0.10000E+00    0.17692E-02 *******         test_P_all          
.8100E+00    50.000  0.126E+02   0.49919E-02   0.00000E+00   0.10000E+00    0.50249E-02 -357.49         test_P_all          
.8200E+00    50.000  0.119E+02   0.41937E-02   0.00000E+00   0.10000E+00    0.50249E-02 -363.52         test_P_all          
.8300E+00    50.000  0.111E+02   0.34893E-02   0.00000E+00   0.10000E+00    0.50249E-02 -368.88         test_P_all          
.8400E+00    50.000  0.104E+02   0.28722E-02   0.00000E+00   0.10000E+00    0.50249E-02 -373.62         test_P_all          
.8500E+00    50.000  0.971E+01   0.23359E-02   0.00000E+00   0.10000E+00    0.50249E-02 -377.75         test_P_all          
.8600E+00    50.000  0.902E+01   0.18748E-02   0.00000E+00   0.10000E+00    0.50249E-02 -381.33         test_P_all          
.8700E+00    50.000  0.835E+01   0.14816E-02   0.00000E+00   0.10000E+00    0.50249E-02 -384.39         test_P_all          
.8800E+00    50.000  0.770E+01   0.11509E-02   0.00000E+00   0.10000E+00    0.50249E-02 -386.98         test_P_all          
.8900E+00    50.000  0.706E+01   0.87665E-03   0.00000E+00   0.10000E+00    0.50249E-02 -389.13         test_P_all          
.9000E+00    50.000  0.644E+01   0.65183E-03   0.00000E+00   0.10000E+00    0.17692E-02 *******         test_P_all          
.9100E+00    50.000  0.583E+01   0.47214E-03   0.00000E+00   0.10000E+00    0.50249E-02 -392.31         test_P_all          
.9200E+00    50.000  0.523E+01   0.33069E-03   0.00000E+00   0.10000E+00    0.50249E-02 -393.42         test_P_all          
.9300E+00    50.000  0.465E+01   0.22234E-03   0.00000E+00   0.10000E+00    0.50249E-02 -394.28         test_P_all          
.9400E+00    50.000  0.407E+01   0.14313E-03   0.00000E+00   0.10000E+00    0.50249E-02 -394.91         test_P_all          
.9500E+00    50.000  0.351E+01   0.85303E-04   0.00000E+00   0.10000E+00    0.50249E-02 -395.36         test_P_all          
.9600E+00    50.000  0.297E+01   0.46981E-04   0.00000E+00   0.10000E+00    0.50249E-02 -395.67         test_P_all          
.9700E+00    50.000  0.243E+01   0.23204E-04   0.00000E+00   0.10000E+00    0.50249E-02 -395.86         test_P_all          
.9800E+00    50.000  0.190E+01   0.90016E-05   0.00000E+00   0.10000E+00    0.50249E-02 -395.97         test_P_all          
.9900E+00    50.000  0.139E+01   0.30241E-05   0.00000E+00   0.10000E+00    0.50249E-02 -396.02         test_P_all          
.1000E+01    50.000  0.882E+00   0.21583E-05   0.00000E+00   0.10000E+00    0.50249E-02 -396.02         test_P_all          
.1000E+00   100.000  0.901E+03   0.39753E+00   0.00000E+00   0.10000E+00    0.50249E-02 3505.97         test_P_all          
.1100E+00   100.000  0.810E+03   0.38665E+00   0.00000E+00   0.10000E+00    0.50249E-02 3254.11         test_P_all          
.1200E+00   100.000  0.734E+03   0.37683E+00   0.00000E+00   0.10000E+00    0.50249E-02 3035.12         test_P_all          
.1300E+00   100.000  0.670E+03   0.36778E+00   0.00000E+00   0.10000E+00    0.50249E-02 2839.94         test_P_all          
.1400E+00   100.000  0.615E+03   0.35920E+00   0.00000E+00   0.10000E+00    0.50249E-02 2660.75         test_P_all          
.1500E+00   100.000  0.568E+03   0.35109E+00   0.00000E+00   0.10000E+00    0.50249E-02 2496.95         test_P_all          
.1600E+00   100.000  0.526E+03   0.34316E+00   0.00000E+00   0.10000E+00    0.50249E-02 2341.68         test_P_all          
.1700E+00   100.000  0.489E+03   0.33544E+00   0.00000E+00   0.10000E+00    0.50249E-02 2195.38         test_P_all          
.1800E+00   100.000  0.456E+03   0.32784E+00   0.00000E+00   0.10000E+00    0.50249E-02 2055.94         test_P_all          
.1900E+00   100.000  0.427E+03   0.32027E+00   0.00000E+00   0.10000E+00    0.50249E-02 1921.51         test_P_all          
.2000E+00   100.000  0.401E+03   0.31274E+00   0.00000E+00   0.10000E+00    0.50249E-02 1792.43         test_P_all          
.2100E+00   100.000  0.377E+03   0.30516E+00   0.00000E+00   0.10000E+00    0.50249E-02 1667.02         test_P_all          
.2200E+00   100.000  0.355E+03   0.29756E+00   0.00000E+00   0.10000E+00    0.50249E-02 1545.81         test_P_all          
.2300E+00   100.000  0.336E+03   0.28992E+00   0.00000E+00   0.10000E+00    0.50249E-02 1428.55         test_P_all          
.2400E+00   100.000  0.318E+03   0.28222E+00   0.00000E+00   0.10000E+00    0.50249E-02 1315.03         test_P_all          
.2500E+00   100.000  0.301E+03   0.27448E+00   0.00000E+00   0.10000E+00    0.50249E-02 1205.62         test_P_all          
.2600E+00   100.000  0.285E+03   0.26668E+00   0.00000E+00   0.10000E+00    0.50249E-02 1100.22         test_P_all          
.2700E+00   100.000  0.271E+03   0.25884E+00   0.00000E+00   0.10000E+00    0.50249E-02  999.16         test_P_all          
.2800E+00   100.000  0.258E+03   0.25097E+00   0.00000E+00   0.10000E+00    0.50249E-02  902.62         test_P_all          
.2900E+00   100.000  0.246E+03   0.24308E+00   0.00000E+00   0.10000E+00    0.50249E-02  810.73         test_P_all          
.3000E+00   100.000  0.234E+03   0.23518E+00   0.00000E+00   0.10000E+00    0.18868E-02 5133.01         test_P_all          
.3100E+00   100.000  0.223E+03   0.22729E+00   0.00000E+00   0.10000E+00    0.50249E-02  641.68         test_P_all          
.3200E+00   100.000  0.213E+03   0.21942E+00   0.00000E+00   0.10000E+00    0.50249E-02  564.77         test_P_all          
.3300E+00   100.000  0.204E+03   0.21158E+00   0.00000E+00   0.10000E+00    0.50249E-02  493.05         test_P_all          
.3400E+00   100.000  0.195E+03   0.20379E+00   0.00000E+00   0.10000E+00    0.50249E-02  426.59         test_P_all          
.3500E+00   100.000  0.187E+03   0.19605E+00   0.00000E+00   0.10000E+00    0.50249E-02  365.37         test_P_all          
.3600E+00   100.000  0.179E+03   0.18839E+00   0.00000E+00   0.10000E+00    0.50249E-02  309.41         test_P_all          
.3700E+00   100.000  0.171E+03   0.18081E+00   0.00000E+00   0.10000E+00    0.50249E-02  258.63         test_P_all          
.3800E+00   100.000  0.164E+03   0.17332E+00   0.00000E+00   0.10000E+00    0.50249E-02  212.93         test_P_all          
.3900E+00   100.000  0.157E+03   0.16595E+00   0.00000E+00   0.10000E+00    0.50249E-02  172.23         test_P_all          
.4000E+00   100.000  0.151E+03   0.15868E+00   0.00000E+00   0.10000E+00    0.17692E-02 1100.05         test_P_all          
.4100E+00   100.000  0.145E+03   0.15154E+00   0.00000E+00   0.10000E+00    0.50249E-02  105.19         test_P_all          
.4200E+00   100.000  0.139E+03   0.14453E+00   0.00000E+00   0.10000E+00    0.50249E-02   78.52         test_P_all          
.4300E+00   100.000  0.133E+03   0.13766E+00   0.00000E+00   0.10000E+00    0.50249E-02   56.15         test_P_all          
.4400E+00   100.000  0.128E+03   0.13093E+00   0.00000E+00   0.10000E+00    0.50249E-02   37.89         test_P_all          
.4500E+00   100.000  0.123E+03   0.12436E+00   0.00000E+00   0.10000E+00    0.50249E-02   23.50         test_P_all          
.4600E+00   100.000  0.118E+03   0.11795E+00   0.00000E+00   0.10000E+00    0.50249E-02   12.76         test_P_all          
.4700E+00   100.000  0.114E+03   0.11170E+00   0.00000E+00   0.10000E+00    0.50249E-02    5.42         test_P_all          
.4800E+00   100.000  0.109E+03   0.10562E+00   0.00000E+00   0.10000E+00    0.50249E-02    1.25         test_P_all          
.4900E+00   100.000  0.105E+03   0.99723E-01   0.00000E+00   0.10000E+00    0.50249E-02   -0.00         test_P_all          
.5000E+00   100.000  0.101E+03   0.93997E-01   0.00000E+00   0.10000E+00    0.17692E-02  -11.51         test_P_all          
.5100E+00   100.000  0.970E+02   0.88454E-01   0.00000E+00   0.10000E+00    0.50249E-02   -5.28         test_P_all          
.5200E+00   100.000  0.932E+02   0.83094E-01   0.00000E+00   0.10000E+00    0.50249E-02  -11.32         test_P_all          
.5300E+00   100.000  0.896E+02   0.77920E-01   0.00000E+00   0.10000E+00    0.50249E-02  -19.31         test_P_all          
.5400E+00   100.000  0.861E+02   0.72935E-01   0.00000E+00   0.10000E+00    0.50249E-02  -29.01         test_P_all          
.5500E+00   100.000  0.827E+02   0.68137E-01   0.00000E+00   0.10000E+00    0.50249E-02  -40.21         test_P_all          
.5600E+00   100.000  0.795E+02   0.63531E-01   0.00000E+00   0.10000E+00    0.50249E-02  -52.67         test_P_all          
.5700E+00   100.000  0.763E+02   0.59113E-01   0.00000E+00   0.10000E+00    0.50249E-02  -66.21         test_P_all          
.5800E+00   100.000  0.733E+02   0.54885E-01   0.00000E+00   0.10000E+00    0.50249E-02  -80.61         test_P_all          
.5900E+00   100.000  0.704E+02   0.50848E-01   0.00000E+00   0.10000E+00    0.50249E-02  -95.68         test_P_all          
.6000E+00   100.000  0.675E+02   0.46997E-01   0.00000E+00   0.10000E+00    0.17692E-02 -897.55         test_P_all          
.6100E+00   100.000  0.648E+02   0.43333E-01   0.00000E+00   0.10000E+00    0.50249E-02 -127.17         test_P_all          
.6200E+00   100.000  0.622E+02   0.39854E-01   0.00000E+00   0.10000E+00    0.50249E-02 -143.27         test_P_all          
.6300E+00   100.000  0.596E+02   0.36557E-01   0.00000E+00   0.10000E+00    0.50249E-02 -159.41         test_P_all          
.6400E+00   100.000  0.571E+02   0.33440E-01   0.00000E+00   0.10000E+00    0.50249E-02 -175.46         test_P_all          
.6500E+00   100.000  0.547E+02   0.30498E-01   0.00000E+00   0.10000E+00    0.50249E-02 -191.31         test_P_all          
.6600E+00   100.000  0.524E+02   0.27731E-01   0.00000E+00   0.10000E+00    0.50249E-02 -206.85         test_P_all          
.6700E+00   100.000  0.501E+02   0.25132E-01   0.00000E+00   0.10000E+00    0.50249E-02 -221.99         test_P_all          
.6800E+00   100.000  0.479E+02   0.22699E-01   0.00000E+00   0.10000E+00    0.50249E-02 -236.65         test_P_all          
.6900E+00   100.000  0.458E+02   0.20427E-01   0.00000E+00   0.10000E+00    0.50249E-02 -250.76         test_P_all          
.7000E+00   100.000  0.437E+02   0.18312E-01   0.00000E+00   0.10000E+00    0.17692E-02 *******         test_P_all          
.7100E+00   100.000  0.417E+02   0.16349E-01   0.00000E+00   0.10000E+00    0.50249E-02 -277.13         test_P_all          
.7200E+00   100.000  0.398E+02   0.14532E-01   0.00000E+00   0.10000E+00    0.50249E-02 -289.30         test_P_all          
.7300E+00   100.000  0.379E+02   0.12857E-01   0.00000E+00   0.10000E+00    0.50249E-02 -300.75         test_P_all          
.7400E+00   100.000  0.360E+02   0.11319E-01   0.00000E+00   0.10000E+00    0.50249E-02 -311.46         test_P_all          
.7500E+00   100.000  0.342E+02   0.99112E-02   0.00000E+00   0.10000E+00    0.50249E-02 -321.43         test_P_all          
.7600E+00   100.000  0.325E+02   0.86284E-02   0.00000E+00   0.10000E+00    0.50249E-02 -330.64         test_P_all          
.7700E+00   100.000  0.308E+02   0.74649E-02   0.00000E+00   0.10000E+00    0.50249E-02 -339.12         test_P_all          
.7800E+00   100.000  0.291E+02   0.64147E-02   0.00000E+00   0.10000E+00    0.50249E-02 -346.86         test_P_all          
.7900E+00   100.000  0.275E+02   0.54715E-02   0.00000E+00   0.10000E+00    0.50249E-02 -353.89         test_P_all          
.8000E+00   100.000  0.259E+02   0.46298E-02   0.00000E+00   0.10000E+00    0.17692E-02 *******         test_P_all          
.8100E+00   100.000  0.243E+02   0.38827E-02   0.00000E+00   0.10000E+00    0.50249E-02 -365.88         test_P_all          
.8200E+00   100.000  0.228E+02   0.32247E-02   0.00000E+00   0.10000E+00    0.50249E-02 -370.91         test_P_all          
.8300E+00   100.000  0.214E+02   0.26498E-02   0.00000E+00   0.10000E+00    0.50249E-02 -375.33         test_P_all          
.8400E+00   100.000  0.199E+02   0.21508E-02   0.00000E+00   0.10000E+00    0.50249E-02 -379.19         test_P_all          
.8500E+00   100.000  0.185E+02   0.17225E-02   0.00000E+00   0.10000E+00    0.50249E-02 -382.51         test_P_all          
.8600E+00   100.000  0.172E+02   0.13587E-02   0.00000E+00   0.10000E+00    0.50249E-02 -385.35         test_P_all          
.8700E+00   100.000  0.158E+02   0.10529E-02   0.00000E+00   0.10000E+00    0.50249E-02 -387.74         test_P_all          
.8800E+00   100.000  0.145E+02   0.80037E-03   0.00000E+00   0.10000E+00    0.50249E-02 -389.73         test_P_all          
.8900E+00   100.000  0.132E+02   0.59379E-03   0.00000E+00   0.10000E+00    0.50249E-02 -391.35         test_P_all          
.9000E+00   100.000  0.120E+02   0.42878E-03   0.00000E+00   0.10000E+00    0.17692E-02 *******         test_P_all          
.9100E+00   100.000  0.108E+02   0.30000E-03   0.00000E+00   0.10000E+00    0.50249E-02 -393.67         test_P_all          
.9200E+00   100.000  0.958E+01   0.20104E-03   0.00000E+00   0.10000E+00    0.50249E-02 -394.45         test_P_all          
.9300E+00   100.000  0.841E+01   0.12884E-03   0.00000E+00   0.10000E+00    0.50249E-02 -395.02         test_P_all          
.9400E+00   100.000  0.726E+01   0.76987E-04   0.00000E+00   0.10000E+00    0.50249E-02 -395.43         test_P_all          
.9500E+00   100.000  0.614E+01   0.42154E-04   0.00000E+00   0.10000E+00    0.50249E-02 -395.71         test_P_all          
.9600E+00   100.000  0.505E+01   0.21112E-04   0.00000E+00   0.10000E+00    0.50249E-02 -395.87         test_P_all          
.9700E+00   100.000  0.397E+01   0.82358E-05   0.00000E+00   0.10000E+00    0.50249E-02 -395.97         test_P_all          
.9800E+00   100.000  0.292E+01   0.26982E-05   0.00000E+00   0.10000E+00    0.50249E-02 -396.02         test_P_all          
.9900E+00   100.000  0.189E+01   0.18028E-05   0.00000E+00   0.10000E+00    0.50249E-02 -396.03         test_P_all          
.1000E+01   100.000  0.882E+00   0.23704E-05   0.00000E+00   0.10000E+00    0.50249E-02 -396.02         test_P_all          



 CHI SQUARE=******** FOR  582 POINTS   CHISQ/NPTS= 1111.97
 Signed chisquare total =********
 Modified residual =********


Summary normalization chi2 contributions

 data set     normalization        error         chisq


Summary chi2 per data set

 data set                chisq    _w     signd    _w     resid     _w   npts   chisq/pts  _w
test_P_all            647165.1        451468.9        ********           582 1111.97
------------------------------------------------------------------------------------
          TOTAL       647165.1647165.1451468.9     0.0****************   582 1111.97 1111.97
          TOTAL+norm  647165.1647165.1                                   582 1111.97 1111.97



            Momentum Sum Rule Check


      q2      alphas      xuv       xdv       xub       xdb       xsb       xcb       xbb      xglue     total
      1.69    0.3845    0.3219    0.1367    0.0555    0.0703    0.0252    0.0000    0.0000    0.3907    1.0002
    100.00    0.1784    0.2268    0.0963    0.0649    0.0753    0.0435    0.0258    0.0087    0.4559    0.9972
   1000.00    0.1407    0.0000    0.0000    0.0000    0.0000    0.0000    0.0000    0.0000    0.0000    0.0000
   8315.00    0.1180    0.0000    0.0000    0.0000    0.0000    0.0000    0.0000    0.0000    0.0000    0.0000


 Vector Boson Cross Sections

 sqrt(s)   sigma(W)    error    theory

   1960.     2.865     0.063       0.000     D0

   1960.     2.749     0.054       0.000     CDF

   7000.     9.95      0.29        0.000     CMS

   7000.     9.96      0.55        0.000     ATLAS

 sqrt(s)   sigma(Z)    error    theory

   1960.     .2649     .0094       0.000     D0

   1960.     .2549     .0057       0.000     CDF

   7000.     .931      0.035       0.000     CMS

   7000.     .82       0.08        0.000     ATLAS


 KP off-shell parameters -- N*(x-x0)*(x-x1)*(1+x0-x)

  N =   -2.7758     +-     0.0000    
 x0 =   0.22976     +-     0.0000    
 x1 =   0.23625     +-     0.0000    
