 Correlated errors added in quadrature with statistical errors
 test_N_all DIS data with   1.69< Q2 < 0.500D+03 and 0.000 < xB < 1.000 and   0.00< W2 < 0.100D+05 and 0.000 < y < 1.000
   No TMC applied
   no HT corrections

# fitpack15: fit output
# CJ15 AV18 final data choices                                                 

Parametrization   7 used here

 S-ACOT scheme used  for NC DIS

 charm mass =     1.30 GeV     bottom mass =     4.50 GeV



 THIS IS A NEXT TO LEADING ORDER FIT

 Q02=    1.69
         1  LAMBDA      VALUE=   0.22680      WEIGHT=    0.0000    
         2  a0uv        VALUE=    2.4066      WEIGHT=    0.0000    
         3  a1uv        VALUE=   0.61536      WEIGHT=   0.20094E-01
         4  a2uv        VALUE=    3.5433      WEIGHT=   0.13055E-01
         5  a3uv        VALUE=    0.0000      WEIGHT=    0.0000    
         6  a4uv        VALUE=    3.4611      WEIGHT=   0.43661    
         7  a5uv        VALUE=    0.0000      WEIGHT=    0.0000    
         8  a0dv        VALUE=    24.683      WEIGHT=    0.0000    
         9  a1dv        VALUE=    1.1595      WEIGHT=   0.34654E-01
        10  a2dv        VALUE=    6.5513      WEIGHT=   0.16245    
        11  a3dv        VALUE=   -3.5030      WEIGHT=   0.88887E-01
        12  a4dv        VALUE=    4.6787      WEIGHT=   0.14600    
        13  a5dv        VALUE=    0.0000      WEIGHT=    0.0000    
        14  a0ud        VALUE=   0.14658      WEIGHT=   0.50606E-02
        15  a1ud        VALUE=  -0.20775      WEIGHT=   0.37697E-02
        16  a2ud        VALUE=    8.3284      WEIGHT=   0.19375    
        17  a3ud        VALUE=    0.0000      WEIGHT=    0.0000    
        18  a4ud        VALUE=    14.605      WEIGHT=    1.2744    
        19  a5ud        VALUE=    0.0000      WEIGHT=    0.0000    
        20  a0du        VALUE=    35712.      WEIGHT=    0.0000    
        21  a1du        VALUE=    4.0249      WEIGHT=   0.78893E-01
        22  a2du        VALUE=    20.151      WEIGHT=   0.91058    
        23  a3du        VALUE=    17.000      WEIGHT=    0.0000    
        24  a4du        VALUE=    51.146      WEIGHT=    11.684    
        25  a0g         VALUE=    45.543      WEIGHT=    0.0000    
        26  a1g         VALUE=   0.60308      WEIGHT=   0.31053E-01
        27  a2g         VALUE=    6.4818      WEIGHT=   0.97424    
        28  a3g         VALUE=   -3.3064      WEIGHT=   0.13701    
        29  a4g         VALUE=    3.1722      WEIGHT=   0.31652    
        30  a5g         VALUE=    0.0000      WEIGHT=    0.0000    
        31  kappa       VALUE=   0.40000      WEIGHT=    0.0000    
        32  a6dv        VALUE=  -0.36021E-02  WEIGHT=   0.69382E-03
        33  a7dv        VALUE=    2.0000      WEIGHT=    0.0000    
        34  off1        VALUE=   -3.6857      WEIGHT=    1.8283    
        35  off2        VALUE=   0.57500E-01  WEIGHT=   0.70238E-01
        36  ht1         VALUE=   -3.2858      WEIGHT=   0.30201    
        37  ht2         VALUE=    1.9282      WEIGHT=   0.11458    
        38  ht3         VALUE=   -2.0699      WEIGHT=   0.35646E-01
        39  ht4         VALUE=    0.0000      WEIGHT=    0.0000    
        40  ht1n        VALUE=   -3.2856      WEIGHT=   0.96530    
        41  ht2n        VALUE=    1.9280      WEIGHT=   0.30490    
        42  ht3n        VALUE=   -2.0699      WEIGHT=   0.51943E-01
        43  ht4n        VALUE=    0.0000      WEIGHT=    0.0000    
        44  dummy44     VALUE=    0.0000      WEIGHT=    0.0000    
        45  dummy45     VALUE=    0.0000      WEIGHT=    0.0000    
        46  dummy46     VALUE=    0.0000      WEIGHT=    0.0000    
        47  dummy47     VALUE=    0.0000      WEIGHT=    0.0000    
        48  dummy48     VALUE=    0.0000      WEIGHT=    0.0000    
        49  dummy49     VALUE=    0.0000      WEIGHT=    0.0000    
        50  bcdmsh2     VALUE=   0.97308      WEIGHT=   0.48387E-02
        51  bcdmsd2     VALUE=   0.99316      WEIGHT=   0.58557E-02
        52  ccfr        VALUE=    1.0000      WEIGHT=    0.0000    
        53  nutev       VALUE=    1.0000      WEIGHT=    0.0000    
        54  zeus        VALUE=   0.97998      WEIGHT=    0.0000    
        55  h1          VALUE=    1.0162      WEIGHT=    0.0000    
        56  e605        VALUE=    1.0319      WEIGHT=    0.0000    
        57  NmcH2       VALUE=    1.0095      WEIGHT=   0.71283E-02
        58  ntv_nu      VALUE=    1.0000      WEIGHT=    0.0000    
        59  ntv_nubar   VALUE=    1.0000      WEIGHT=    0.0000    
        60  cdf_jet     VALUE=   0.98910      WEIGHT=    0.0000    
        61  d0_jet      VALUE=   0.83504      WEIGHT=    0.0000    
        62  slac_p      VALUE=    1.0049      WEIGHT=   0.50059E-02
        63  slac_d      VALUE=    1.0042      WEIGHT=   0.53243E-02
        64  e866pp      VALUE=   0.96583      WEIGHT=   0.19318E-01
        65  e866pd      VALUE=   0.96371      WEIGHT=   0.16662E-01
        66  d0_gamjet   VALUE=    1.0389      WEIGHT=   0.16515E-01
        67  h1b         VALUE=   0.97608      WEIGHT=    0.0000    
        68  jlab_p      VALUE=   0.99444      WEIGHT=   0.61930E-02
        69  jlab_d      VALUE=   0.97554      WEIGHT=   0.60063E-02
        70  blank       VALUE=    1.0000      WEIGHT=    0.0000    
        71  d0run2      VALUE=   0.94085      WEIGHT=   0.14371E-01
        72  cdfrun2     VALUE=   0.92648      WEIGHT=   0.17345E-01
        73  HERA_el     VALUE=    1.0000      WEIGHT=    0.0000    
        74  HERA_ps     VALUE=    1.0000      WEIGHT=    0.0000    
        75  CDF_Z       VALUE=   0.96582      WEIGHT=   0.68068E-02
        76  NmcRat      VALUE=    1.0000      WEIGHT=    0.0000    
        77  BNS_F2nd    VALUE=   0.98315      WEIGHT=   0.11560E-01
        78  HERMES_F2p  VALUE=   0.99833      WEIGHT=   0.56545E-02
        79  HERMES_F2d  VALUE=   0.98039      WEIGHT=   0.58335E-02
0THE TOLERANCE IS    0.1000
 THE MAXIMUM NUMBER OF STEPS IS 100
0THE INITIAL CHI SQUARED IS  4.10033E+05



     X        Q2         W2       THEORY        error         DATA           ERROR        chi^2     _w    ITYPE
.1000E-01     2.000  0.199E+03   0.34232E+00   0.00000E+00   0.10000E+00    0.50249E-02 2325.58         test_N_all
.2000E-01     2.000  0.989E+02   0.31954E+00   0.00000E+00   0.10000E+00    0.50249E-02 1908.90         test_N_all
.3000E-01     2.000  0.655E+02   0.31060E+00   0.00000E+00   0.10000E+00    0.50249E-02 1756.59         test_N_all
.4000E-01     2.000  0.489E+02   0.30829E+00   0.00000E+00   0.10000E+00    0.50249E-02 1718.15         test_N_all
.5000E-01     2.000  0.389E+02   0.30733E+00   0.00000E+00   0.10000E+00    0.50249E-02 1702.41         test_N_all
.6000E-01     2.000  0.322E+02   0.30775E+00   0.00000E+00   0.10000E+00    0.50249E-02 1709.33         test_N_all
.7000E-01     2.000  0.275E+02   0.30847E+00   0.00000E+00   0.10000E+00    0.50249E-02 1721.21         test_N_all
.8000E-01     2.000  0.239E+02   0.30915E+00   0.00000E+00   0.10000E+00    0.50249E-02 1732.46         test_N_all
.9000E-01     2.000  0.211E+02   0.30947E+00   0.00000E+00   0.10000E+00    0.50249E-02 1737.75         test_N_all
.1000E+00     2.000  0.189E+02   0.30928E+00   0.00000E+00   0.10000E+00    0.50249E-02 1734.66         test_N_all
.1100E+00     2.000  0.171E+02   0.30844E+00   0.00000E+00   0.10000E+00    0.50249E-02 1720.66         test_N_all
.1200E+00     2.000  0.155E+02   0.30691E+00   0.00000E+00   0.10000E+00    0.50249E-02 1695.58         test_N_all
.1300E+00     2.000  0.143E+02   0.30475E+00   0.00000E+00   0.10000E+00    0.50249E-02 1660.25         test_N_all
.1400E+00     2.000  0.132E+02   0.30201E+00   0.00000E+00   0.10000E+00    0.50249E-02 1616.10         test_N_all
.1500E+00     2.000  0.122E+02   0.29868E+00   0.00000E+00   0.10000E+00    0.50249E-02 1563.30         test_N_all
.1600E+00     2.000  0.114E+02   0.29499E+00   0.00000E+00   0.10000E+00    0.50249E-02 1505.73         test_N_all
.1700E+00     2.000  0.106E+02   0.29090E+00   0.00000E+00   0.10000E+00    0.50249E-02 1443.23         test_N_all
.1800E+00     2.000  0.999E+01   0.28650E+00   0.00000E+00   0.10000E+00    0.50249E-02 1377.47         test_N_all
.1900E+00     2.000  0.941E+01   0.28190E+00   0.00000E+00   0.10000E+00    0.50249E-02 1310.41         test_N_all
.2000E+00     2.000  0.888E+01   0.27709E+00   0.00000E+00   0.10000E+00    0.50249E-02 1241.96         test_N_all
.2100E+00     2.000  0.841E+01   0.27218E+00   0.00000E+00   0.10000E+00    0.50249E-02 1174.11         test_N_all
.2200E+00     2.000  0.797E+01   0.26716E+00   0.00000E+00   0.10000E+00    0.50249E-02 1106.64         test_N_all
.2300E+00     2.000  0.758E+01   0.26206E+00   0.00000E+00   0.10000E+00    0.50249E-02 1040.12         test_N_all
.2400E+00     2.000  0.722E+01   0.25692E+00   0.00000E+00   0.10000E+00    0.50249E-02  975.15         test_N_all
.2500E+00     2.000  0.688E+01   0.25172E+00   0.00000E+00   0.10000E+00    0.50249E-02  911.63         test_N_all
.2600E+00     2.000  0.657E+01   0.24650E+00   0.00000E+00   0.10000E+00    0.50249E-02  849.96         test_N_all
.2700E+00     2.000  0.629E+01   0.24124E+00   0.00000E+00   0.10000E+00    0.50249E-02  790.05         test_N_all
.2800E+00     2.000  0.602E+01   0.23595E+00   0.00000E+00   0.10000E+00    0.50249E-02  731.94         test_N_all
.2900E+00     2.000  0.578E+01   0.23062E+00   0.00000E+00   0.10000E+00    0.50249E-02  675.67         test_N_all
.3000E+00     2.000  0.555E+01   0.22525E+00   0.00000E+00   0.10000E+00    0.18868E-02 4406.29         test_N_all
.3100E+00     2.000  0.533E+01   0.21982E+00   0.00000E+00   0.10000E+00    0.50249E-02  568.55         test_N_all
.3200E+00     2.000  0.513E+01   0.21433E+00   0.00000E+00   0.10000E+00    0.50249E-02  517.69         test_N_all
.3300E+00     2.000  0.494E+01   0.20878E+00   0.00000E+00   0.10000E+00    0.50249E-02  468.67         test_N_all
.3400E+00     2.000  0.476E+01   0.20316E+00   0.00000E+00   0.10000E+00    0.50249E-02  421.46         test_N_all
.3500E+00     2.000  0.460E+01   0.19747E+00   0.00000E+00   0.10000E+00    0.50249E-02  376.24         test_N_all
.3600E+00     2.000  0.444E+01   0.19169E+00   0.00000E+00   0.10000E+00    0.50249E-02  332.97         test_N_all
.3700E+00     2.000  0.429E+01   0.18585E+00   0.00000E+00   0.10000E+00    0.50249E-02  291.86         test_N_all
.3800E+00     2.000  0.414E+01   0.17993E+00   0.00000E+00   0.10000E+00    0.50249E-02  253.00         test_N_all
.3900E+00     2.000  0.401E+01   0.17394E+00   0.00000E+00   0.10000E+00    0.50249E-02  216.51         test_N_all
.4000E+00     2.000  0.388E+01   0.16789E+00   0.00000E+00   0.10000E+00    0.17692E-02 1472.71         test_N_all
.4100E+00     2.000  0.376E+01   0.16180E+00   0.00000E+00   0.10000E+00    0.50249E-02  151.26         test_N_all
.4200E+00     2.000  0.364E+01   0.15567E+00   0.00000E+00   0.10000E+00    0.50249E-02  122.74         test_N_all
.4300E+00     2.000  0.353E+01   0.14952E+00   0.00000E+00   0.10000E+00    0.50249E-02   97.10         test_N_all
.4400E+00     2.000  0.343E+01   0.14335E+00   0.00000E+00   0.10000E+00    0.50249E-02   74.44         test_N_all
.4500E+00     2.000  0.333E+01   0.13720E+00   0.00000E+00   0.10000E+00    0.50249E-02   54.79         test_N_all
.4600E+00     2.000  0.323E+01   0.13107E+00   0.00000E+00   0.10000E+00    0.50249E-02   38.22         test_N_all
.4700E+00     2.000  0.314E+01   0.12497E+00   0.00000E+00   0.10000E+00    0.50249E-02   24.70         test_N_all
.4800E+00     2.000  0.305E+01   0.11893E+00   0.00000E+00   0.10000E+00    0.50249E-02   14.19         test_N_all
.4900E+00     2.000  0.296E+01   0.11297E+00   0.00000E+00   0.10000E+00    0.50249E-02    6.66         test_N_all
.5000E+00     2.000  0.288E+01   0.10708E+00   0.00000E+00   0.10000E+00    0.17692E-02   16.03         test_N_all
.5100E+00     2.000  0.280E+01   0.10131E+00   0.00000E+00   0.10000E+00    0.50249E-02    0.07         test_N_all
.5200E+00     2.000  0.273E+01   0.95648E-01   0.00000E+00   0.10000E+00    0.50249E-02   -0.75         test_N_all
.5300E+00     2.000  0.266E+01   0.90115E-01   0.00000E+00   0.10000E+00    0.50249E-02   -3.87         test_N_all
.5400E+00     2.000  0.259E+01   0.84727E-01   0.00000E+00   0.10000E+00    0.50249E-02   -9.24         test_N_all
.5500E+00     2.000  0.252E+01   0.79485E-01   0.00000E+00   0.10000E+00    0.50249E-02  -16.67         test_N_all
.5600E+00     2.000  0.245E+01   0.74414E-01   0.00000E+00   0.10000E+00    0.50249E-02  -25.93         test_N_all
.5700E+00     2.000  0.239E+01   0.69510E-01   0.00000E+00   0.10000E+00    0.50249E-02  -36.82         test_N_all
.5800E+00     2.000  0.233E+01   0.64783E-01   0.00000E+00   0.10000E+00    0.50249E-02  -49.12         test_N_all
.5900E+00     2.000  0.227E+01   0.60244E-01   0.00000E+00   0.10000E+00    0.50249E-02  -62.60         test_N_all
.6000E+00     2.000  0.222E+01   0.55888E-01   0.00000E+00   0.10000E+00    0.17692E-02 -621.67         test_N_all
.6100E+00     2.000  0.216E+01   0.51731E-01   0.00000E+00   0.10000E+00    0.50249E-02  -92.27         test_N_all
.6200E+00     2.000  0.211E+01   0.47766E-01   0.00000E+00   0.10000E+00    0.50249E-02 -108.06         test_N_all
.6300E+00     2.000  0.206E+01   0.43995E-01   0.00000E+00   0.10000E+00    0.50249E-02 -124.22         test_N_all
.6400E+00     2.000  0.201E+01   0.40422E-01   0.00000E+00   0.10000E+00    0.50249E-02 -140.58         test_N_all
.6500E+00     2.000  0.196E+01   0.37040E-01   0.00000E+00   0.10000E+00    0.50249E-02 -156.99         test_N_all
.6600E+00     2.000  0.191E+01   0.33853E-01   0.00000E+00   0.10000E+00    0.50249E-02 -173.28         test_N_all
.6700E+00     2.000  0.187E+01   0.30854E-01   0.00000E+00   0.10000E+00    0.50249E-02 -189.35         test_N_all
.6800E+00     2.000  0.182E+01   0.28040E-01   0.00000E+00   0.10000E+00    0.50249E-02 -205.08         test_N_all
.6900E+00     2.000  0.178E+01   0.25407E-01   0.00000E+00   0.10000E+00    0.50249E-02 -220.36         test_N_all
.7000E+00     2.000  0.174E+01   0.22949E-01   0.00000E+00   0.10000E+00    0.17692E-02 *******         test_N_all
.7100E+00     2.000  0.170E+01   0.20661E-01   0.00000E+00   0.10000E+00    0.50249E-02 -249.29         test_N_all
.7200E+00     2.000  0.166E+01   0.18537E-01   0.00000E+00   0.10000E+00    0.50249E-02 -262.82         test_N_all
.7300E+00     2.000  0.162E+01   0.16570E-01   0.00000E+00   0.10000E+00    0.50249E-02 -275.67         test_N_all
.7400E+00     2.000  0.158E+01   0.14753E-01   0.00000E+00   0.10000E+00    0.50249E-02 -287.80         test_N_all
.7500E+00     2.000  0.155E+01   0.13082E-01   0.00000E+00   0.10000E+00    0.50249E-02 -299.20         test_N_all
.7600E+00     2.000  0.151E+01   0.11545E-01   0.00000E+00   0.10000E+00    0.50249E-02 -309.87         test_N_all
.7700E+00     2.000  0.148E+01   0.10139E-01   0.00000E+00   0.10000E+00    0.50249E-02 -319.80         test_N_all
.7800E+00     2.000  0.145E+01   0.88573E-02   0.00000E+00   0.10000E+00    0.50249E-02 -328.99         test_N_all
.7900E+00     2.000  0.141E+01   0.76909E-02   0.00000E+00   0.10000E+00    0.50249E-02 -337.46         test_N_all
.8000E+00     2.000  0.138E+01   0.66334E-02   0.00000E+00   0.10000E+00    0.17692E-02 *******         test_N_all
.8100E+00     2.000  0.135E+01   0.56802E-02   0.00000E+00   0.10000E+00    0.50249E-02 -352.33         test_N_all
.8200E+00     2.000  0.132E+01   0.48251E-02   0.00000E+00   0.10000E+00    0.50249E-02 -358.74         test_N_all
.8300E+00     2.000  0.129E+01   0.40614E-02   0.00000E+00   0.10000E+00    0.50249E-02 -364.52         test_N_all
.8400E+00     2.000  0.126E+01   0.33823E-02   0.00000E+00   0.10000E+00    0.50249E-02 -369.70         test_N_all
.8500E+00     2.000  0.123E+01   0.27846E-02   0.00000E+00   0.10000E+00    0.50249E-02 -374.29         test_N_all
.8600E+00     2.000  0.121E+01   0.22601E-02   0.00000E+00   0.10000E+00    0.50249E-02 -378.34         test_N_all
.8700E+00     2.000  0.118E+01   0.18058E-02   0.00000E+00   0.10000E+00    0.50249E-02 -381.87         test_N_all
.8800E+00     2.000  0.115E+01   0.14165E-02   0.00000E+00   0.10000E+00    0.50249E-02 -384.90         test_N_all
.8900E+00     2.000  0.113E+01   0.10863E-02   0.00000E+00   0.10000E+00    0.50249E-02 -387.48         test_N_all
.9000E+00     2.000  0.110E+01   0.81191E-03   0.00000E+00   0.10000E+00    0.17692E-02 *******         test_N_all
.9100E+00     2.000  0.108E+01   0.58675E-03   0.00000E+00   0.10000E+00    0.50249E-02 -391.41         test_N_all
.9200E+00     2.000  0.106E+01   0.40749E-03   0.00000E+00   0.10000E+00    0.50249E-02 -392.82         test_N_all
.9300E+00     2.000  0.103E+01   0.26889E-03   0.00000E+00   0.10000E+00    0.50249E-02 -393.91         test_N_all
.9400E+00     2.000  0.101E+01   0.16538E-03   0.00000E+00   0.10000E+00    0.50249E-02 -394.73         test_N_all
.9500E+00     2.000  0.987E+00   0.93442E-04   0.00000E+00   0.10000E+00    0.50249E-02 -395.30         test_N_all
.9600E+00     2.000  0.965E+00   0.44904E-04   0.00000E+00   0.10000E+00    0.50249E-02 -395.68         test_N_all
.9700E+00     2.000  0.944E+00   0.17035E-04   0.00000E+00   0.10000E+00    0.50249E-02 -395.90         test_N_all
.9800E+00     2.000  0.923E+00   0.48421E-05   0.00000E+00   0.10000E+00    0.50249E-02 -396.00         test_N_all
.9900E+00     2.000  0.902E+00   0.22654E-05   0.00000E+00   0.10000E+00    0.50249E-02 -396.02         test_N_all
.1000E+01     2.000  0.882E+00   0.00000E+00   0.00000E+00   0.10000E+00    0.50249E-02 -396.04         test_N_all
.1000E-01     5.000  0.496E+03   0.44900E+00   0.00000E+00   0.10000E+00    0.50249E-02 4823.83         test_N_all
.2000E-01     5.000  0.246E+03   0.39820E+00   0.00000E+00   0.10000E+00    0.50249E-02 3521.61         test_N_all
.3000E-01     5.000  0.163E+03   0.37352E+00   0.00000E+00   0.10000E+00    0.50249E-02 2962.94         test_N_all
.4000E-01     5.000  0.121E+03   0.36116E+00   0.00000E+00   0.10000E+00    0.50249E-02 2701.19         test_N_all
.5000E-01     5.000  0.959E+02   0.35146E+00   0.00000E+00   0.10000E+00    0.50249E-02 2504.24         test_N_all
.6000E-01     5.000  0.792E+02   0.34488E+00   0.00000E+00   0.10000E+00    0.50249E-02 2374.96         test_N_all
.7000E-01     5.000  0.673E+02   0.33909E+00   0.00000E+00   0.10000E+00    0.50249E-02 2263.94         test_N_all
.8000E-01     5.000  0.584E+02   0.33407E+00   0.00000E+00   0.10000E+00    0.50249E-02 2169.88         test_N_all
.9000E-01     5.000  0.514E+02   0.32907E+00   0.00000E+00   0.10000E+00    0.50249E-02 2078.08         test_N_all
.1000E+00     5.000  0.459E+02   0.32408E+00   0.00000E+00   0.10000E+00    0.50249E-02 1988.57         test_N_all
.1100E+00     5.000  0.413E+02   0.31882E+00   0.00000E+00   0.10000E+00    0.50249E-02 1896.32         test_N_all
.1200E+00     5.000  0.375E+02   0.31338E+00   0.00000E+00   0.10000E+00    0.50249E-02 1803.17         test_N_all
.1300E+00     5.000  0.343E+02   0.30769E+00   0.00000E+00   0.10000E+00    0.50249E-02 1708.28         test_N_all
.1400E+00     5.000  0.316E+02   0.30175E+00   0.00000E+00   0.10000E+00    0.50249E-02 1612.00         test_N_all
.1500E+00     5.000  0.292E+02   0.29561E+00   0.00000E+00   0.10000E+00    0.50249E-02 1515.37         test_N_all
.1600E+00     5.000  0.271E+02   0.28935E+00   0.00000E+00   0.10000E+00    0.50249E-02 1419.99         test_N_all
.1700E+00     5.000  0.253E+02   0.28299E+00   0.00000E+00   0.10000E+00    0.50249E-02 1326.08         test_N_all
.1800E+00     5.000  0.237E+02   0.27655E+00   0.00000E+00   0.10000E+00    0.50249E-02 1234.48         test_N_all
.1900E+00     5.000  0.222E+02   0.27010E+00   0.00000E+00   0.10000E+00    0.50249E-02 1145.95         test_N_all
.2000E+00     5.000  0.209E+02   0.26363E+00   0.00000E+00   0.10000E+00    0.50249E-02 1060.45         test_N_all
.2100E+00     5.000  0.197E+02   0.25719E+00   0.00000E+00   0.10000E+00    0.50249E-02  978.60         test_N_all
.2200E+00     5.000  0.186E+02   0.25078E+00   0.00000E+00   0.10000E+00    0.50249E-02  900.35         test_N_all
.2300E+00     5.000  0.176E+02   0.24440E+00   0.00000E+00   0.10000E+00    0.50249E-02  825.75         test_N_all
.2400E+00     5.000  0.167E+02   0.23806E+00   0.00000E+00   0.10000E+00    0.50249E-02  754.82         test_N_all
.2500E+00     5.000  0.159E+02   0.23175E+00   0.00000E+00   0.10000E+00    0.50249E-02  687.44         test_N_all
.2600E+00     5.000  0.151E+02   0.22548E+00   0.00000E+00   0.10000E+00    0.50249E-02  623.55         test_N_all
.2700E+00     5.000  0.144E+02   0.21924E+00   0.00000E+00   0.10000E+00    0.50249E-02  563.08         test_N_all
.2800E+00     5.000  0.137E+02   0.21302E+00   0.00000E+00   0.10000E+00    0.50249E-02  505.92         test_N_all
.2900E+00     5.000  0.131E+02   0.20683E+00   0.00000E+00   0.10000E+00    0.50249E-02  451.96         test_N_all
.3000E+00     5.000  0.125E+02   0.20065E+00   0.00000E+00   0.10000E+00    0.18868E-02 2845.64         test_N_all
.3100E+00     5.000  0.120E+02   0.19447E+00   0.00000E+00   0.10000E+00    0.50249E-02  353.49         test_N_all
.3200E+00     5.000  0.115E+02   0.18831E+00   0.00000E+00   0.10000E+00    0.50249E-02  308.84         test_N_all
.3300E+00     5.000  0.110E+02   0.18214E+00   0.00000E+00   0.10000E+00    0.50249E-02  267.22         test_N_all
.3400E+00     5.000  0.106E+02   0.17597E+00   0.00000E+00   0.10000E+00    0.50249E-02  228.60         test_N_all
.3500E+00     5.000  0.102E+02   0.16981E+00   0.00000E+00   0.10000E+00    0.50249E-02  193.02         test_N_all
.3600E+00     5.000  0.977E+01   0.16365E+00   0.00000E+00   0.10000E+00    0.50249E-02  160.44         test_N_all
.3700E+00     5.000  0.940E+01   0.15749E+00   0.00000E+00   0.10000E+00    0.50249E-02  130.91         test_N_all
.3800E+00     5.000  0.904E+01   0.15135E+00   0.00000E+00   0.10000E+00    0.50249E-02  104.45         test_N_all
.3900E+00     5.000  0.870E+01   0.14524E+00   0.00000E+00   0.10000E+00    0.50249E-02   81.04         test_N_all
.4000E+00     5.000  0.838E+01   0.13915E+00   0.00000E+00   0.10000E+00    0.17692E-02  489.60         test_N_all
.4100E+00     5.000  0.808E+01   0.13310E+00   0.00000E+00   0.10000E+00    0.50249E-02   43.39         test_N_all
.4200E+00     5.000  0.779E+01   0.12710E+00   0.00000E+00   0.10000E+00    0.50249E-02   29.10         test_N_all
.4300E+00     5.000  0.751E+01   0.12117E+00   0.00000E+00   0.10000E+00    0.50249E-02   17.75         test_N_all
.4400E+00     5.000  0.725E+01   0.11532E+00   0.00000E+00   0.10000E+00    0.50249E-02    9.29         test_N_all
.4500E+00     5.000  0.699E+01   0.10955E+00   0.00000E+00   0.10000E+00    0.50249E-02    3.61         test_N_all
.4600E+00     5.000  0.675E+01   0.10388E+00   0.00000E+00   0.10000E+00    0.50249E-02    0.60         test_N_all
.4700E+00     5.000  0.652E+01   0.98321E-01   0.00000E+00   0.10000E+00    0.50249E-02   -0.11         test_N_all
.4800E+00     5.000  0.630E+01   0.92884E-01   0.00000E+00   0.10000E+00    0.50249E-02   -2.01         test_N_all
.4900E+00     5.000  0.609E+01   0.87583E-01   0.00000E+00   0.10000E+00    0.50249E-02   -6.11         test_N_all
.5000E+00     5.000  0.588E+01   0.82418E-01   0.00000E+00   0.10000E+00    0.17692E-02  -98.76         test_N_all
.5100E+00     5.000  0.569E+01   0.77410E-01   0.00000E+00   0.10000E+00    0.50249E-02  -20.21         test_N_all
.5200E+00     5.000  0.550E+01   0.72558E-01   0.00000E+00   0.10000E+00    0.50249E-02  -29.82         test_N_all
.5300E+00     5.000  0.532E+01   0.67871E-01   0.00000E+00   0.10000E+00    0.50249E-02  -40.88         test_N_all
.5400E+00     5.000  0.514E+01   0.63357E-01   0.00000E+00   0.10000E+00    0.50249E-02  -53.18         test_N_all
.5500E+00     5.000  0.497E+01   0.59016E-01   0.00000E+00   0.10000E+00    0.50249E-02  -66.52         test_N_all
.5600E+00     5.000  0.481E+01   0.54858E-01   0.00000E+00   0.10000E+00    0.50249E-02  -80.70         test_N_all
.5700E+00     5.000  0.465E+01   0.50881E-01   0.00000E+00   0.10000E+00    0.50249E-02  -95.55         test_N_all
.5800E+00     5.000  0.450E+01   0.47086E-01   0.00000E+00   0.10000E+00    0.50249E-02 -110.89         test_N_all
.5900E+00     5.000  0.436E+01   0.43478E-01   0.00000E+00   0.10000E+00    0.50249E-02 -126.52         test_N_all
.6000E+00     5.000  0.422E+01   0.40051E-01   0.00000E+00   0.10000E+00    0.17692E-02 *******         test_N_all
.6100E+00     5.000  0.408E+01   0.36810E-01   0.00000E+00   0.10000E+00    0.50249E-02 -158.14         test_N_all
.6200E+00     5.000  0.395E+01   0.33748E-01   0.00000E+00   0.10000E+00    0.50249E-02 -173.83         test_N_all
.6300E+00     5.000  0.382E+01   0.30864E-01   0.00000E+00   0.10000E+00    0.50249E-02 -189.30         test_N_all
.6400E+00     5.000  0.369E+01   0.28155E-01   0.00000E+00   0.10000E+00    0.50249E-02 -204.42         test_N_all
.6500E+00     5.000  0.357E+01   0.25615E-01   0.00000E+00   0.10000E+00    0.50249E-02 -219.13         test_N_all
.6600E+00     5.000  0.346E+01   0.23241E-01   0.00000E+00   0.10000E+00    0.50249E-02 -233.34         test_N_all
.6700E+00     5.000  0.334E+01   0.21028E-01   0.00000E+00   0.10000E+00    0.50249E-02 -247.00         test_N_all
.6800E+00     5.000  0.323E+01   0.18969E-01   0.00000E+00   0.10000E+00    0.50249E-02 -260.04         test_N_all
.6900E+00     5.000  0.313E+01   0.17058E-01   0.00000E+00   0.10000E+00    0.50249E-02 -272.45         test_N_all
.7000E+00     5.000  0.302E+01   0.15291E-01   0.00000E+00   0.10000E+00    0.17692E-02 *******         test_N_all
.7100E+00     5.000  0.292E+01   0.13659E-01   0.00000E+00   0.10000E+00    0.50249E-02 -295.24         test_N_all
.7200E+00     5.000  0.283E+01   0.12157E-01   0.00000E+00   0.10000E+00    0.50249E-02 -305.60         test_N_all
.7300E+00     5.000  0.273E+01   0.10779E-01   0.00000E+00   0.10000E+00    0.50249E-02 -315.27         test_N_all
.7400E+00     5.000  0.264E+01   0.95163E-02   0.00000E+00   0.10000E+00    0.50249E-02 -324.25         test_N_all
.7500E+00     5.000  0.255E+01   0.83655E-02   0.00000E+00   0.10000E+00    0.50249E-02 -332.55         test_N_all
.7600E+00     5.000  0.246E+01   0.73170E-02   0.00000E+00   0.10000E+00    0.50249E-02 -340.20         test_N_all
.7700E+00     5.000  0.238E+01   0.63670E-02   0.00000E+00   0.10000E+00    0.50249E-02 -347.21         test_N_all
.7800E+00     5.000  0.229E+01   0.55088E-02   0.00000E+00   0.10000E+00    0.50249E-02 -353.61         test_N_all
.7900E+00     5.000  0.221E+01   0.47355E-02   0.00000E+00   0.10000E+00    0.50249E-02 -359.42         test_N_all
.8000E+00     5.000  0.213E+01   0.40425E-02   0.00000E+00   0.10000E+00    0.17692E-02 *******         test_N_all
.8100E+00     5.000  0.205E+01   0.34238E-02   0.00000E+00   0.10000E+00    0.50249E-02 -369.38         test_N_all
.8200E+00     5.000  0.198E+01   0.28752E-02   0.00000E+00   0.10000E+00    0.50249E-02 -373.59         test_N_all
.8300E+00     5.000  0.191E+01   0.23911E-02   0.00000E+00   0.10000E+00    0.50249E-02 -377.33         test_N_all
.8400E+00     5.000  0.183E+01   0.19661E-02   0.00000E+00   0.10000E+00    0.50249E-02 -380.62         test_N_all
.8500E+00     5.000  0.176E+01   0.15971E-02   0.00000E+00   0.10000E+00    0.50249E-02 -383.49         test_N_all
.8600E+00     5.000  0.170E+01   0.12777E-02   0.00000E+00   0.10000E+00    0.50249E-02 -385.98         test_N_all
.8700E+00     5.000  0.163E+01   0.10054E-02   0.00000E+00   0.10000E+00    0.50249E-02 -388.12         test_N_all
.8800E+00     5.000  0.156E+01   0.77586E-03   0.00000E+00   0.10000E+00    0.50249E-02 -389.92         test_N_all
.8900E+00     5.000  0.150E+01   0.58449E-03   0.00000E+00   0.10000E+00    0.50249E-02 -391.42         test_N_all
.9000E+00     5.000  0.144E+01   0.42876E-03   0.00000E+00   0.10000E+00    0.17692E-02 *******         test_N_all
.9100E+00     5.000  0.138E+01   0.30326E-03   0.00000E+00   0.10000E+00    0.50249E-02 -393.64         test_N_all
.9200E+00     5.000  0.132E+01   0.20576E-03   0.00000E+00   0.10000E+00    0.50249E-02 -394.41         test_N_all
.9300E+00     5.000  0.126E+01   0.13230E-03   0.00000E+00   0.10000E+00    0.50249E-02 -394.99         test_N_all
.9400E+00     5.000  0.120E+01   0.78798E-04   0.00000E+00   0.10000E+00    0.50249E-02 -395.42         test_N_all
.9500E+00     5.000  0.114E+01   0.43148E-04   0.00000E+00   0.10000E+00    0.50249E-02 -395.70         test_N_all
.9600E+00     5.000  0.109E+01   0.19644E-04   0.00000E+00   0.10000E+00    0.50249E-02 -395.88         test_N_all
.9700E+00     5.000  0.104E+01   0.69680E-05   0.00000E+00   0.10000E+00    0.50249E-02 -395.98         test_N_all
.9800E+00     5.000  0.984E+00   0.21655E-05   0.00000E+00   0.10000E+00    0.50249E-02 -396.02         test_N_all
.9900E+00     5.000  0.932E+00   0.16844E-05   0.00000E+00   0.10000E+00    0.50249E-02 -396.03         test_N_all
.1000E+01     5.000  0.882E+00   0.00000E+00   0.00000E+00   0.10000E+00    0.50249E-02 -396.04         test_N_all
.1000E-01    10.000  0.991E+03   0.52904E+00   0.00000E+00   0.10000E+00    0.50249E-02 7290.17         test_N_all
.2000E-01    10.000  0.491E+03   0.45427E+00   0.00000E+00   0.10000E+00    0.50249E-02 4970.55         test_N_all
.3000E-01    10.000  0.324E+03   0.41577E+00   0.00000E+00   0.10000E+00    0.50249E-02 3948.98         test_N_all
.4000E-01    10.000  0.241E+03   0.39505E+00   0.00000E+00   0.10000E+00    0.50249E-02 3447.82         test_N_all
.5000E-01    10.000  0.191E+03   0.37810E+00   0.00000E+00   0.10000E+00    0.50249E-02 3062.86         test_N_all
.6000E-01    10.000  0.158E+03   0.36620E+00   0.00000E+00   0.10000E+00    0.50249E-02 2806.39         test_N_all
.7000E-01    10.000  0.134E+03   0.35564E+00   0.00000E+00   0.10000E+00    0.50249E-02 2588.24         test_N_all
.8000E-01    10.000  0.116E+03   0.34668E+00   0.00000E+00   0.10000E+00    0.50249E-02 2410.03         test_N_all
.9000E-01    10.000  0.102E+03   0.33817E+00   0.00000E+00   0.10000E+00    0.50249E-02 2246.59         test_N_all
.1000E+00    10.000  0.909E+02   0.33019E+00   0.00000E+00   0.10000E+00    0.50249E-02 2098.50         test_N_all
.1100E+00    10.000  0.818E+02   0.32220E+00   0.00000E+00   0.10000E+00    0.50249E-02 1955.37         test_N_all
.1200E+00    10.000  0.742E+02   0.31445E+00   0.00000E+00   0.10000E+00    0.50249E-02 1821.29         test_N_all
.1300E+00    10.000  0.678E+02   0.30674E+00   0.00000E+00   0.10000E+00    0.50249E-02 1692.79         test_N_all
.1400E+00    10.000  0.623E+02   0.29902E+00   0.00000E+00   0.10000E+00    0.50249E-02 1568.72         test_N_all
.1500E+00    10.000  0.575E+02   0.29134E+00   0.00000E+00   0.10000E+00    0.50249E-02 1449.98         test_N_all
.1600E+00    10.000  0.534E+02   0.28371E+00   0.00000E+00   0.10000E+00    0.50249E-02 1336.54         test_N_all
.1700E+00    10.000  0.497E+02   0.27613E+00   0.00000E+00   0.10000E+00    0.50249E-02 1228.55         test_N_all
.1800E+00    10.000  0.464E+02   0.26863E+00   0.00000E+00   0.10000E+00    0.50249E-02 1126.16         test_N_all
.1900E+00    10.000  0.435E+02   0.26122E+00   0.00000E+00   0.10000E+00    0.50249E-02 1029.38         test_N_all
.2000E+00    10.000  0.409E+02   0.25391E+00   0.00000E+00   0.10000E+00    0.50249E-02  938.09         test_N_all
.2100E+00    10.000  0.385E+02   0.24669E+00   0.00000E+00   0.10000E+00    0.50249E-02  852.24         test_N_all
.2200E+00    10.000  0.363E+02   0.23958E+00   0.00000E+00   0.10000E+00    0.50249E-02  771.60         test_N_all
.2300E+00    10.000  0.344E+02   0.23257E+00   0.00000E+00   0.10000E+00    0.50249E-02  696.00         test_N_all
.2400E+00    10.000  0.325E+02   0.22565E+00   0.00000E+00   0.10000E+00    0.50249E-02  625.22         test_N_all
.2500E+00    10.000  0.309E+02   0.21881E+00   0.00000E+00   0.10000E+00    0.50249E-02  559.09         test_N_all
.2600E+00    10.000  0.293E+02   0.21206E+00   0.00000E+00   0.10000E+00    0.50249E-02  497.32         test_N_all
.2700E+00    10.000  0.279E+02   0.20538E+00   0.00000E+00   0.10000E+00    0.50249E-02  439.82         test_N_all
.2800E+00    10.000  0.266E+02   0.19878E+00   0.00000E+00   0.10000E+00    0.50249E-02  386.43         test_N_all
.2900E+00    10.000  0.254E+02   0.19223E+00   0.00000E+00   0.10000E+00    0.50249E-02  336.91         test_N_all
.3000E+00    10.000  0.242E+02   0.18575E+00   0.00000E+00   0.10000E+00    0.18868E-02 2065.33         test_N_all
.3100E+00    10.000  0.231E+02   0.17930E+00   0.00000E+00   0.10000E+00    0.50249E-02  249.07         test_N_all
.3200E+00    10.000  0.221E+02   0.17291E+00   0.00000E+00   0.10000E+00    0.50249E-02  210.52         test_N_all
.3300E+00    10.000  0.212E+02   0.16656E+00   0.00000E+00   0.10000E+00    0.50249E-02  175.45         test_N_all
.3400E+00    10.000  0.203E+02   0.16025E+00   0.00000E+00   0.10000E+00    0.50249E-02  143.77         test_N_all
.3500E+00    10.000  0.195E+02   0.15399E+00   0.00000E+00   0.10000E+00    0.50249E-02  115.45         test_N_all
.3600E+00    10.000  0.187E+02   0.14778E+00   0.00000E+00   0.10000E+00    0.50249E-02   90.40         test_N_all
.3700E+00    10.000  0.179E+02   0.14162E+00   0.00000E+00   0.10000E+00    0.50249E-02   68.60         test_N_all
.3800E+00    10.000  0.172E+02   0.13552E+00   0.00000E+00   0.10000E+00    0.50249E-02   49.97         test_N_all
.3900E+00    10.000  0.165E+02   0.12949E+00   0.00000E+00   0.10000E+00    0.50249E-02   34.44         test_N_all
.4000E+00    10.000  0.159E+02   0.12353E+00   0.00000E+00   0.10000E+00    0.17692E-02  176.93         test_N_all
.4100E+00    10.000  0.153E+02   0.11766E+00   0.00000E+00   0.10000E+00    0.50249E-02   12.35         test_N_all
.4200E+00    10.000  0.147E+02   0.11188E+00   0.00000E+00   0.10000E+00    0.50249E-02    5.59         test_N_all
.4300E+00    10.000  0.141E+02   0.10621E+00   0.00000E+00   0.10000E+00    0.50249E-02    1.53         test_N_all
.4400E+00    10.000  0.136E+02   0.10065E+00   0.00000E+00   0.10000E+00    0.50249E-02    0.02         test_N_all
.4500E+00    10.000  0.131E+02   0.95208E-01   0.00000E+00   0.10000E+00    0.50249E-02   -0.91         test_N_all
.4600E+00    10.000  0.126E+02   0.89903E-01   0.00000E+00   0.10000E+00    0.50249E-02   -4.04         test_N_all
.4700E+00    10.000  0.122E+02   0.84735E-01   0.00000E+00   0.10000E+00    0.50249E-02   -9.23         test_N_all
.4800E+00    10.000  0.117E+02   0.79714E-01   0.00000E+00   0.10000E+00    0.50249E-02  -16.30         test_N_all
.4900E+00    10.000  0.113E+02   0.74851E-01   0.00000E+00   0.10000E+00    0.50249E-02  -25.05         test_N_all
.5000E+00    10.000  0.109E+02   0.70145E-01   0.00000E+00   0.10000E+00    0.17692E-02 -284.78         test_N_all
.5100E+00    10.000  0.105E+02   0.65609E-01   0.00000E+00   0.10000E+00    0.50249E-02  -46.84         test_N_all
.5200E+00    10.000  0.101E+02   0.61243E-01   0.00000E+00   0.10000E+00    0.50249E-02  -59.49         test_N_all
.5300E+00    10.000  0.975E+01   0.57051E-01   0.00000E+00   0.10000E+00    0.50249E-02  -73.05         test_N_all
.5400E+00    10.000  0.940E+01   0.53039E-01   0.00000E+00   0.10000E+00    0.50249E-02  -87.34         test_N_all
.5500E+00    10.000  0.906E+01   0.49202E-01   0.00000E+00   0.10000E+00    0.50249E-02 -102.20         test_N_all
.5600E+00    10.000  0.874E+01   0.45549E-01   0.00000E+00   0.10000E+00    0.50249E-02 -117.42         test_N_all
.5700E+00    10.000  0.843E+01   0.42074E-01   0.00000E+00   0.10000E+00    0.50249E-02 -132.89         test_N_all
.5800E+00    10.000  0.812E+01   0.38777E-01   0.00000E+00   0.10000E+00    0.50249E-02 -148.44         test_N_all
.5900E+00    10.000  0.783E+01   0.35659E-01   0.00000E+00   0.10000E+00    0.50249E-02 -163.95         test_N_all
.6000E+00    10.000  0.755E+01   0.32715E-01   0.00000E+00   0.10000E+00    0.17692E-02 *******         test_N_all
.6100E+00    10.000  0.728E+01   0.29943E-01   0.00000E+00   0.10000E+00    0.50249E-02 -194.37         test_N_all
.6200E+00    10.000  0.701E+01   0.27340E-01   0.00000E+00   0.10000E+00    0.50249E-02 -209.09         test_N_all
.6300E+00    10.000  0.675E+01   0.24900E-01   0.00000E+00   0.10000E+00    0.50249E-02 -223.37         test_N_all
.6400E+00    10.000  0.651E+01   0.22619E-01   0.00000E+00   0.10000E+00    0.50249E-02 -237.14         test_N_all
.6500E+00    10.000  0.627E+01   0.20492E-01   0.00000E+00   0.10000E+00    0.50249E-02 -250.36         test_N_all
.6600E+00    10.000  0.603E+01   0.18514E-01   0.00000E+00   0.10000E+00    0.50249E-02 -262.97         test_N_all
.6700E+00    10.000  0.581E+01   0.16678E-01   0.00000E+00   0.10000E+00    0.50249E-02 -274.95         test_N_all
.6800E+00    10.000  0.559E+01   0.14979E-01   0.00000E+00   0.10000E+00    0.50249E-02 -286.28         test_N_all
.6900E+00    10.000  0.537E+01   0.13411E-01   0.00000E+00   0.10000E+00    0.50249E-02 -296.94         test_N_all
.7000E+00    10.000  0.517E+01   0.11967E-01   0.00000E+00   0.10000E+00    0.17692E-02 *******         test_N_all
.7100E+00    10.000  0.497E+01   0.10640E-01   0.00000E+00   0.10000E+00    0.50249E-02 -316.25         test_N_all
.7200E+00    10.000  0.477E+01   0.94251E-02   0.00000E+00   0.10000E+00    0.50249E-02 -324.90         test_N_all
.7300E+00    10.000  0.458E+01   0.83158E-02   0.00000E+00   0.10000E+00    0.50249E-02 -332.91         test_N_all
.7400E+00    10.000  0.440E+01   0.73051E-02   0.00000E+00   0.10000E+00    0.50249E-02 -340.29         test_N_all
.7500E+00    10.000  0.422E+01   0.63886E-02   0.00000E+00   0.10000E+00    0.50249E-02 -347.05         test_N_all
.7600E+00    10.000  0.404E+01   0.55579E-02   0.00000E+00   0.10000E+00    0.50249E-02 -353.24         test_N_all
.7700E+00    10.000  0.387E+01   0.48095E-02   0.00000E+00   0.10000E+00    0.50249E-02 -358.86         test_N_all
.7800E+00    10.000  0.370E+01   0.41373E-02   0.00000E+00   0.10000E+00    0.50249E-02 -363.95         test_N_all
.7900E+00    10.000  0.354E+01   0.35352E-02   0.00000E+00   0.10000E+00    0.50249E-02 -368.53         test_N_all
.8000E+00    10.000  0.338E+01   0.29991E-02   0.00000E+00   0.10000E+00    0.17692E-02 *******         test_N_all
.8100E+00    10.000  0.323E+01   0.25234E-02   0.00000E+00   0.10000E+00    0.50249E-02 -376.30         test_N_all
.8200E+00    10.000  0.308E+01   0.21045E-02   0.00000E+00   0.10000E+00    0.50249E-02 -379.55         test_N_all
.8300E+00    10.000  0.293E+01   0.17375E-02   0.00000E+00   0.10000E+00    0.50249E-02 -382.40         test_N_all
.8400E+00    10.000  0.279E+01   0.14177E-02   0.00000E+00   0.10000E+00    0.50249E-02 -384.89         test_N_all
.8500E+00    10.000  0.265E+01   0.11424E-02   0.00000E+00   0.10000E+00    0.50249E-02 -387.04         test_N_all
.8600E+00    10.000  0.251E+01   0.90601E-03   0.00000E+00   0.10000E+00    0.50249E-02 -388.90         test_N_all
.8700E+00    10.000  0.238E+01   0.70640E-03   0.00000E+00   0.10000E+00    0.50249E-02 -390.46         test_N_all
.8800E+00    10.000  0.225E+01   0.53976E-03   0.00000E+00   0.10000E+00    0.50249E-02 -391.78         test_N_all
.8900E+00    10.000  0.212E+01   0.40227E-03   0.00000E+00   0.10000E+00    0.50249E-02 -392.86         test_N_all
.9000E+00    10.000  0.199E+01   0.29178E-03   0.00000E+00   0.10000E+00    0.17692E-02 *******         test_N_all
.9100E+00    10.000  0.187E+01   0.20368E-03   0.00000E+00   0.10000E+00    0.50249E-02 -394.43         test_N_all
.9200E+00    10.000  0.175E+01   0.13626E-03   0.00000E+00   0.10000E+00    0.50249E-02 -394.96         test_N_all
.9300E+00    10.000  0.163E+01   0.86242E-04   0.00000E+00   0.10000E+00    0.50249E-02 -395.36         test_N_all
.9400E+00    10.000  0.152E+01   0.50357E-04   0.00000E+00   0.10000E+00    0.50249E-02 -395.64         test_N_all
.9500E+00    10.000  0.141E+01   0.27070E-04   0.00000E+00   0.10000E+00    0.50249E-02 -395.83         test_N_all
.9600E+00    10.000  0.130E+01   0.11921E-04   0.00000E+00   0.10000E+00    0.50249E-02 -395.95         test_N_all
.9700E+00    10.000  0.119E+01   0.40775E-05   0.00000E+00   0.10000E+00    0.50249E-02 -396.01         test_N_all
.9800E+00    10.000  0.109E+01   0.14073E-05   0.00000E+00   0.10000E+00    0.50249E-02 -396.03         test_N_all
.9900E+00    10.000  0.983E+00   0.13670E-05   0.00000E+00   0.10000E+00    0.50249E-02 -396.03         test_N_all
.1000E+01    10.000  0.882E+00   0.00000E+00   0.00000E+00   0.10000E+00    0.50249E-02 -396.04         test_N_all
.1000E-01    20.000  0.198E+04   0.60808E+00   0.00000E+00   0.10000E+00    0.50249E-02 *******         test_N_all
.2000E-01    20.000  0.981E+03   0.50709E+00   0.00000E+00   0.10000E+00    0.50249E-02 6563.35         test_N_all
.3000E-01    20.000  0.648E+03   0.45406E+00   0.00000E+00   0.10000E+00    0.50249E-02 4964.83         test_N_all
.4000E-01    20.000  0.481E+03   0.42500E+00   0.00000E+00   0.10000E+00    0.50249E-02 4183.07         test_N_all
.5000E-01    20.000  0.381E+03   0.40087E+00   0.00000E+00   0.10000E+00    0.50249E-02 3585.09         test_N_all
.6000E-01    20.000  0.314E+03   0.38386E+00   0.00000E+00   0.10000E+00    0.50249E-02 3191.07         test_N_all
.7000E-01    20.000  0.267E+03   0.36874E+00   0.00000E+00   0.10000E+00    0.50249E-02 2860.32         test_N_all
.8000E-01    20.000  0.231E+03   0.35629E+00   0.00000E+00   0.10000E+00    0.50249E-02 2601.27         test_N_all
.9000E-01    20.000  0.203E+03   0.34472E+00   0.00000E+00   0.10000E+00    0.50249E-02 2371.88         test_N_all
.1000E+00    20.000  0.181E+03   0.33419E+00   0.00000E+00   0.10000E+00    0.50249E-02 2172.12         test_N_all
.1100E+00    20.000  0.163E+03   0.32402E+00   0.00000E+00   0.10000E+00    0.50249E-02 1987.58         test_N_all
.1200E+00    20.000  0.148E+03   0.31431E+00   0.00000E+00   0.10000E+00    0.50249E-02 1818.88         test_N_all
.1300E+00    20.000  0.135E+03   0.30492E+00   0.00000E+00   0.10000E+00    0.50249E-02 1662.98         test_N_all
.1400E+00    20.000  0.124E+03   0.29572E+00   0.00000E+00   0.10000E+00    0.50249E-02 1517.15         test_N_all
.1500E+00    20.000  0.114E+03   0.28679E+00   0.00000E+00   0.10000E+00    0.50249E-02 1381.80         test_N_all
.1600E+00    20.000  0.106E+03   0.27804E+00   0.00000E+00   0.10000E+00    0.50249E-02 1255.40         test_N_all
.1700E+00    20.000  0.985E+02   0.26950E+00   0.00000E+00   0.10000E+00    0.50249E-02 1137.86         test_N_all
.1800E+00    20.000  0.920E+02   0.26116E+00   0.00000E+00   0.10000E+00    0.50249E-02 1028.64         test_N_all
.1900E+00    20.000  0.861E+02   0.25301E+00   0.00000E+00   0.10000E+00    0.50249E-02  927.17         test_N_all
.2000E+00    20.000  0.809E+02   0.24504E+00   0.00000E+00   0.10000E+00    0.50249E-02  833.12         test_N_all
.2100E+00    20.000  0.761E+02   0.23724E+00   0.00000E+00   0.10000E+00    0.50249E-02  745.92         test_N_all
.2200E+00    20.000  0.718E+02   0.22960E+00   0.00000E+00   0.10000E+00    0.50249E-02  665.25         test_N_all
.2300E+00    20.000  0.678E+02   0.22213E+00   0.00000E+00   0.10000E+00    0.50249E-02  590.69         test_N_all
.2400E+00    20.000  0.642E+02   0.21479E+00   0.00000E+00   0.10000E+00    0.50249E-02  521.84         test_N_all
.2500E+00    20.000  0.609E+02   0.20759E+00   0.00000E+00   0.10000E+00    0.50249E-02  458.43         test_N_all
.2600E+00    20.000  0.578E+02   0.20051E+00   0.00000E+00   0.10000E+00    0.50249E-02  400.06         test_N_all
.2700E+00    20.000  0.550E+02   0.19354E+00   0.00000E+00   0.10000E+00    0.50249E-02  346.52         test_N_all
.2800E+00    20.000  0.523E+02   0.18668E+00   0.00000E+00   0.10000E+00    0.50249E-02  297.55         test_N_all
.2900E+00    20.000  0.498E+02   0.17991E+00   0.00000E+00   0.10000E+00    0.50249E-02  252.90         test_N_all
.3000E+00    20.000  0.475E+02   0.17324E+00   0.00000E+00   0.10000E+00    0.18868E-02 1506.61         test_N_all
.3100E+00    20.000  0.454E+02   0.16665E+00   0.00000E+00   0.10000E+00    0.50249E-02  175.93         test_N_all
.3200E+00    20.000  0.434E+02   0.16015E+00   0.00000E+00   0.10000E+00    0.50249E-02  143.29         test_N_all
.3300E+00    20.000  0.415E+02   0.15373E+00   0.00000E+00   0.10000E+00    0.50249E-02  114.34         test_N_all
.3400E+00    20.000  0.397E+02   0.14739E+00   0.00000E+00   0.10000E+00    0.50249E-02   88.94         test_N_all
.3500E+00    20.000  0.380E+02   0.14113E+00   0.00000E+00   0.10000E+00    0.50249E-02   67.01         test_N_all
.3600E+00    20.000  0.364E+02   0.13496E+00   0.00000E+00   0.10000E+00    0.50249E-02   48.41         test_N_all
.3700E+00    20.000  0.349E+02   0.12888E+00   0.00000E+00   0.10000E+00    0.50249E-02   33.03         test_N_all
.3800E+00    20.000  0.335E+02   0.12289E+00   0.00000E+00   0.10000E+00    0.50249E-02   20.75         test_N_all
.3900E+00    20.000  0.322E+02   0.11700E+00   0.00000E+00   0.10000E+00    0.50249E-02   11.45         test_N_all
.4000E+00    20.000  0.309E+02   0.11123E+00   0.00000E+00   0.10000E+00    0.17692E-02   40.26         test_N_all
.4100E+00    20.000  0.297E+02   0.10556E+00   0.00000E+00   0.10000E+00    0.50249E-02    1.23         test_N_all
.4200E+00    20.000  0.285E+02   0.10002E+00   0.00000E+00   0.10000E+00    0.50249E-02    0.00         test_N_all
.4300E+00    20.000  0.274E+02   0.94615E-01   0.00000E+00   0.10000E+00    0.50249E-02   -1.15         test_N_all
.4400E+00    20.000  0.263E+02   0.89345E-01   0.00000E+00   0.10000E+00    0.50249E-02   -4.50         test_N_all
.4500E+00    20.000  0.253E+02   0.84219E-01   0.00000E+00   0.10000E+00    0.50249E-02   -9.86         test_N_all
.4600E+00    20.000  0.244E+02   0.79247E-01   0.00000E+00   0.10000E+00    0.50249E-02  -17.06         test_N_all
.4700E+00    20.000  0.234E+02   0.74432E-01   0.00000E+00   0.10000E+00    0.50249E-02  -25.89         test_N_all
.4800E+00    20.000  0.225E+02   0.69778E-01   0.00000E+00   0.10000E+00    0.50249E-02  -36.17         test_N_all
.4900E+00    20.000  0.217E+02   0.65294E-01   0.00000E+00   0.10000E+00    0.50249E-02  -47.70         test_N_all
.5000E+00    20.000  0.209E+02   0.60977E-01   0.00000E+00   0.10000E+00    0.17692E-02 -486.50         test_N_all
.5100E+00    20.000  0.201E+02   0.56839E-01   0.00000E+00   0.10000E+00    0.50249E-02  -73.78         test_N_all
.5200E+00    20.000  0.193E+02   0.52874E-01   0.00000E+00   0.10000E+00    0.50249E-02  -87.95         test_N_all
.5300E+00    20.000  0.186E+02   0.49086E-01   0.00000E+00   0.10000E+00    0.50249E-02 -102.66         test_N_all
.5400E+00    20.000  0.179E+02   0.45478E-01   0.00000E+00   0.10000E+00    0.50249E-02 -117.73         test_N_all
.5500E+00    20.000  0.172E+02   0.42044E-01   0.00000E+00   0.10000E+00    0.50249E-02 -133.02         test_N_all
.5600E+00    20.000  0.166E+02   0.38789E-01   0.00000E+00   0.10000E+00    0.50249E-02 -148.39         test_N_all
.5700E+00    20.000  0.160E+02   0.35708E-01   0.00000E+00   0.10000E+00    0.50249E-02 -163.70         test_N_all
.5800E+00    20.000  0.154E+02   0.32798E-01   0.00000E+00   0.10000E+00    0.50249E-02 -178.86         test_N_all
.5900E+00    20.000  0.148E+02   0.30057E-01   0.00000E+00   0.10000E+00    0.50249E-02 -193.74         test_N_all
.6000E+00    20.000  0.142E+02   0.27481E-01   0.00000E+00   0.10000E+00    0.17692E-02 *******         test_N_all
.6100E+00    20.000  0.137E+02   0.25066E-01   0.00000E+00   0.10000E+00    0.50249E-02 -222.38         test_N_all
.6200E+00    20.000  0.131E+02   0.22807E-01   0.00000E+00   0.10000E+00    0.50249E-02 -235.99         test_N_all
.6300E+00    20.000  0.126E+02   0.20699E-01   0.00000E+00   0.10000E+00    0.50249E-02 -249.05         test_N_all
.6400E+00    20.000  0.121E+02   0.18737E-01   0.00000E+00   0.10000E+00    0.50249E-02 -261.53         test_N_all
.6500E+00    20.000  0.117E+02   0.16915E-01   0.00000E+00   0.10000E+00    0.50249E-02 -273.39         test_N_all
.6600E+00    20.000  0.112E+02   0.15227E-01   0.00000E+00   0.10000E+00    0.50249E-02 -284.61         test_N_all
.6700E+00    20.000  0.107E+02   0.13667E-01   0.00000E+00   0.10000E+00    0.50249E-02 -295.18         test_N_all
.6800E+00    20.000  0.103E+02   0.12229E-01   0.00000E+00   0.10000E+00    0.50249E-02 -305.10         test_N_all
.6900E+00    20.000  0.987E+01   0.10907E-01   0.00000E+00   0.10000E+00    0.50249E-02 -314.36         test_N_all
.7000E+00    20.000  0.945E+01   0.96954E-02   0.00000E+00   0.10000E+00    0.17692E-02 *******         test_N_all
.7100E+00    20.000  0.905E+01   0.85862E-02   0.00000E+00   0.10000E+00    0.50249E-02 -330.95         test_N_all
.7200E+00    20.000  0.866E+01   0.75752E-02   0.00000E+00   0.10000E+00    0.50249E-02 -338.31         test_N_all
.7300E+00    20.000  0.828E+01   0.66559E-02   0.00000E+00   0.10000E+00    0.50249E-02 -345.07         test_N_all
.7400E+00    20.000  0.791E+01   0.58218E-02   0.00000E+00   0.10000E+00    0.50249E-02 -351.27         test_N_all
.7500E+00    20.000  0.755E+01   0.50690E-02   0.00000E+00   0.10000E+00    0.50249E-02 -356.91         test_N_all
.7600E+00    20.000  0.720E+01   0.43897E-02   0.00000E+00   0.10000E+00    0.50249E-02 -362.03         test_N_all
.7700E+00    20.000  0.686E+01   0.37805E-02   0.00000E+00   0.10000E+00    0.50249E-02 -366.66         test_N_all
.7800E+00    20.000  0.652E+01   0.32361E-02   0.00000E+00   0.10000E+00    0.50249E-02 -370.82         test_N_all
.7900E+00    20.000  0.620E+01   0.27509E-02   0.00000E+00   0.10000E+00    0.50249E-02 -374.55         test_N_all
.8000E+00    20.000  0.588E+01   0.23213E-02   0.00000E+00   0.10000E+00    0.17692E-02 *******         test_N_all
.8100E+00    20.000  0.557E+01   0.19420E-02   0.00000E+00   0.10000E+00    0.50249E-02 -380.81         test_N_all
.8200E+00    20.000  0.527E+01   0.16101E-02   0.00000E+00   0.10000E+00    0.50249E-02 -383.39         test_N_all
.8300E+00    20.000  0.498E+01   0.13211E-02   0.00000E+00   0.10000E+00    0.50249E-02 -385.64         test_N_all
.8400E+00    20.000  0.469E+01   0.10708E-02   0.00000E+00   0.10000E+00    0.50249E-02 -387.60         test_N_all
.8500E+00    20.000  0.441E+01   0.85691E-03   0.00000E+00   0.10000E+00    0.50249E-02 -389.28         test_N_all
.8600E+00    20.000  0.414E+01   0.67450E-03   0.00000E+00   0.10000E+00    0.50249E-02 -390.72         test_N_all
.8700E+00    20.000  0.387E+01   0.52174E-03   0.00000E+00   0.10000E+00    0.50249E-02 -391.92         test_N_all
.8800E+00    20.000  0.361E+01   0.39529E-03   0.00000E+00   0.10000E+00    0.50249E-02 -392.91         test_N_all
.8900E+00    20.000  0.335E+01   0.29187E-03   0.00000E+00   0.10000E+00    0.50249E-02 -393.73         test_N_all
.9000E+00    20.000  0.310E+01   0.20965E-03   0.00000E+00   0.10000E+00    0.17692E-02 *******         test_N_all
.9100E+00    20.000  0.286E+01   0.14469E-03   0.00000E+00   0.10000E+00    0.50249E-02 -394.89         test_N_all
.9200E+00    20.000  0.262E+01   0.95619E-04   0.00000E+00   0.10000E+00    0.50249E-02 -395.28         test_N_all
.9300E+00    20.000  0.239E+01   0.59698E-04   0.00000E+00   0.10000E+00    0.50249E-02 -395.57         test_N_all
.9400E+00    20.000  0.216E+01   0.34258E-04   0.00000E+00   0.10000E+00    0.50249E-02 -395.77         test_N_all
.9500E+00    20.000  0.193E+01   0.18132E-04   0.00000E+00   0.10000E+00    0.50249E-02 -395.90         test_N_all
.9600E+00    20.000  0.172E+01   0.77583E-05   0.00000E+00   0.10000E+00    0.50249E-02 -395.98         test_N_all
.9700E+00    20.000  0.150E+01   0.25835E-05   0.00000E+00   0.10000E+00    0.50249E-02 -396.02         test_N_all
.9800E+00    20.000  0.129E+01   0.10055E-05   0.00000E+00   0.10000E+00    0.50249E-02 -396.03         test_N_all
.9900E+00    20.000  0.108E+01   0.11256E-05   0.00000E+00   0.10000E+00    0.50249E-02 -396.03         test_N_all
.1000E+01    20.000  0.882E+00   0.00000E+00   0.00000E+00   0.10000E+00    0.50249E-02 -396.04         test_N_all
.1000E+00    50.000  0.451E+03   0.33697E+00   0.00000E+00   0.10000E+00    0.50249E-02 2223.87         test_N_all
.1100E+00    50.000  0.405E+03   0.32432E+00   0.00000E+00   0.10000E+00    0.50249E-02 1992.78         test_N_all
.1200E+00    50.000  0.368E+03   0.31252E+00   0.00000E+00   0.10000E+00    0.50249E-02 1788.67         test_N_all
.1300E+00    50.000  0.335E+03   0.30137E+00   0.00000E+00   0.10000E+00    0.50249E-02 1605.88         test_N_all
.1400E+00    50.000  0.308E+03   0.29066E+00   0.00000E+00   0.10000E+00    0.50249E-02 1439.59         test_N_all
.1500E+00    50.000  0.284E+03   0.28044E+00   0.00000E+00   0.10000E+00    0.50249E-02 1289.44         test_N_all
.1600E+00    50.000  0.263E+03   0.27057E+00   0.00000E+00   0.10000E+00    0.50249E-02 1152.24         test_N_all
.1700E+00    50.000  0.245E+03   0.26107E+00   0.00000E+00   0.10000E+00    0.50249E-02 1027.47         test_N_all
.1800E+00    50.000  0.229E+03   0.25190E+00   0.00000E+00   0.10000E+00    0.50249E-02  913.82         test_N_all
.1900E+00    50.000  0.214E+03   0.24302E+00   0.00000E+00   0.10000E+00    0.50249E-02  810.09         test_N_all
.2000E+00    50.000  0.201E+03   0.23443E+00   0.00000E+00   0.10000E+00    0.50249E-02  715.66         test_N_all
.2100E+00    50.000  0.189E+03   0.22607E+00   0.00000E+00   0.10000E+00    0.50249E-02  629.48         test_N_all
.2200E+00    50.000  0.178E+03   0.21796E+00   0.00000E+00   0.10000E+00    0.50249E-02  551.05         test_N_all
.2300E+00    50.000  0.168E+03   0.21006E+00   0.00000E+00   0.10000E+00    0.50249E-02  479.73         test_N_all
.2400E+00    50.000  0.159E+03   0.20236E+00   0.00000E+00   0.10000E+00    0.50249E-02  414.93         test_N_all
.2500E+00    50.000  0.151E+03   0.19484E+00   0.00000E+00   0.10000E+00    0.50249E-02  356.25         test_N_all
.2600E+00    50.000  0.143E+03   0.18749E+00   0.00000E+00   0.10000E+00    0.50249E-02  303.16         test_N_all
.2700E+00    50.000  0.136E+03   0.18030E+00   0.00000E+00   0.10000E+00    0.50249E-02  255.38         test_N_all
.2800E+00    50.000  0.129E+03   0.17326E+00   0.00000E+00   0.10000E+00    0.50249E-02  212.55         test_N_all
.2900E+00    50.000  0.123E+03   0.16635E+00   0.00000E+00   0.10000E+00    0.50249E-02  174.36         test_N_all
.3000E+00    50.000  0.118E+03   0.15958E+00   0.00000E+00   0.10000E+00    0.18868E-02  997.14         test_N_all
.3100E+00    50.000  0.112E+03   0.15293E+00   0.00000E+00   0.10000E+00    0.50249E-02  110.94         test_N_all
.3200E+00    50.000  0.107E+03   0.14640E+00   0.00000E+00   0.10000E+00    0.50249E-02   85.26         test_N_all
.3300E+00    50.000  0.102E+03   0.13999E+00   0.00000E+00   0.10000E+00    0.50249E-02   63.34         test_N_all
.3400E+00    50.000  0.979E+02   0.13370E+00   0.00000E+00   0.10000E+00    0.50249E-02   44.98         test_N_all
.3500E+00    50.000  0.937E+02   0.12753E+00   0.00000E+00   0.10000E+00    0.50249E-02   30.02         test_N_all
.3600E+00    50.000  0.898E+02   0.12148E+00   0.00000E+00   0.10000E+00    0.50249E-02   18.27         test_N_all
.3700E+00    50.000  0.860E+02   0.11556E+00   0.00000E+00   0.10000E+00    0.50249E-02    9.58         test_N_all
.3800E+00    50.000  0.825E+02   0.10976E+00   0.00000E+00   0.10000E+00    0.50249E-02    3.77         test_N_all
.3900E+00    50.000  0.791E+02   0.10410E+00   0.00000E+00   0.10000E+00    0.50249E-02    0.67         test_N_all
.4000E+00    50.000  0.759E+02   0.98579E-01   0.00000E+00   0.10000E+00    0.17692E-02   -0.64         test_N_all
.4100E+00    50.000  0.728E+02   0.93203E-01   0.00000E+00   0.10000E+00    0.50249E-02   -1.83         test_N_all
.4200E+00    50.000  0.699E+02   0.87975E-01   0.00000E+00   0.10000E+00    0.50249E-02   -5.73         test_N_all
.4300E+00    50.000  0.672E+02   0.82901E-01   0.00000E+00   0.10000E+00    0.50249E-02  -11.58         test_N_all
.4400E+00    50.000  0.645E+02   0.77986E-01   0.00000E+00   0.10000E+00    0.50249E-02  -19.19         test_N_all
.4500E+00    50.000  0.620E+02   0.73233E-01   0.00000E+00   0.10000E+00    0.50249E-02  -28.37         test_N_all
.4600E+00    50.000  0.596E+02   0.68650E-01   0.00000E+00   0.10000E+00    0.50249E-02  -38.92         test_N_all
.4700E+00    50.000  0.573E+02   0.64236E-01   0.00000E+00   0.10000E+00    0.50249E-02  -50.66         test_N_all
.4800E+00    50.000  0.550E+02   0.59994E-01   0.00000E+00   0.10000E+00    0.50249E-02  -63.39         test_N_all
.4900E+00    50.000  0.529E+02   0.55928E-01   0.00000E+00   0.10000E+00    0.50249E-02  -76.92         test_N_all
.5000E+00    50.000  0.509E+02   0.52037E-01   0.00000E+00   0.10000E+00    0.17692E-02 -734.97         test_N_all
.5100E+00    50.000  0.489E+02   0.48325E-01   0.00000E+00   0.10000E+00    0.50249E-02 -105.76         test_N_all
.5200E+00    50.000  0.470E+02   0.44787E-01   0.00000E+00   0.10000E+00    0.50249E-02 -120.73         test_N_all
.5300E+00    50.000  0.452E+02   0.41425E-01   0.00000E+00   0.10000E+00    0.50249E-02 -135.88         test_N_all
.5400E+00    50.000  0.435E+02   0.38238E-01   0.00000E+00   0.10000E+00    0.50249E-02 -151.07         test_N_all
.5500E+00    50.000  0.418E+02   0.35221E-01   0.00000E+00   0.10000E+00    0.50249E-02 -166.19         test_N_all
.5600E+00    50.000  0.402E+02   0.32374E-01   0.00000E+00   0.10000E+00    0.50249E-02 -181.12         test_N_all
.5700E+00    50.000  0.386E+02   0.29692E-01   0.00000E+00   0.10000E+00    0.50249E-02 -195.77         test_N_all
.5800E+00    50.000  0.371E+02   0.27172E-01   0.00000E+00   0.10000E+00    0.50249E-02 -210.06         test_N_all
.5900E+00    50.000  0.356E+02   0.24809E-01   0.00000E+00   0.10000E+00    0.50249E-02 -223.91         test_N_all
.6000E+00    50.000  0.342E+02   0.22598E-01   0.00000E+00   0.10000E+00    0.17692E-02 *******         test_N_all
.6100E+00    50.000  0.328E+02   0.20535E-01   0.00000E+00   0.10000E+00    0.50249E-02 -250.08         test_N_all
.6200E+00    50.000  0.315E+02   0.18614E-01   0.00000E+00   0.10000E+00    0.50249E-02 -262.32         test_N_all
.6300E+00    50.000  0.302E+02   0.16830E-01   0.00000E+00   0.10000E+00    0.50249E-02 -273.95         test_N_all
.6400E+00    50.000  0.290E+02   0.15176E-01   0.00000E+00   0.10000E+00    0.50249E-02 -284.96         test_N_all
.6500E+00    50.000  0.278E+02   0.13647E-01   0.00000E+00   0.10000E+00    0.50249E-02 -295.32         test_N_all
.6600E+00    50.000  0.266E+02   0.12237E-01   0.00000E+00   0.10000E+00    0.50249E-02 -305.05         test_N_all
.6700E+00    50.000  0.255E+02   0.10939E-01   0.00000E+00   0.10000E+00    0.50249E-02 -314.13         test_N_all
.6800E+00    50.000  0.244E+02   0.97489E-02   0.00000E+00   0.10000E+00    0.50249E-02 -322.58         test_N_all
.6900E+00    50.000  0.233E+02   0.86589E-02   0.00000E+00   0.10000E+00    0.50249E-02 -330.42         test_N_all
.7000E+00    50.000  0.223E+02   0.76645E-02   0.00000E+00   0.10000E+00    0.17692E-02 *******         test_N_all
.7100E+00    50.000  0.213E+02   0.67582E-02   0.00000E+00   0.10000E+00    0.50249E-02 -344.32         test_N_all
.7200E+00    50.000  0.203E+02   0.59360E-02   0.00000E+00   0.10000E+00    0.50249E-02 -350.42         test_N_all
.7300E+00    50.000  0.194E+02   0.51918E-02   0.00000E+00   0.10000E+00    0.50249E-02 -355.98         test_N_all
.7400E+00    50.000  0.184E+02   0.45198E-02   0.00000E+00   0.10000E+00    0.50249E-02 -361.05         test_N_all
.7500E+00    50.000  0.175E+02   0.39163E-02   0.00000E+00   0.10000E+00    0.50249E-02 -365.63         test_N_all
.7600E+00    50.000  0.167E+02   0.33743E-02   0.00000E+00   0.10000E+00    0.50249E-02 -369.76         test_N_all
.7700E+00    50.000  0.158E+02   0.28908E-02   0.00000E+00   0.10000E+00    0.50249E-02 -373.47         test_N_all
.7800E+00    50.000  0.150E+02   0.24611E-02   0.00000E+00   0.10000E+00    0.50249E-02 -376.79         test_N_all
.7900E+00    50.000  0.142E+02   0.20802E-02   0.00000E+00   0.10000E+00    0.50249E-02 -379.73         test_N_all
.8000E+00    50.000  0.134E+02   0.17450E-02   0.00000E+00   0.10000E+00    0.17692E-02 *******         test_N_all
.8100E+00    50.000  0.126E+02   0.14508E-02   0.00000E+00   0.10000E+00    0.50249E-02 -384.63         test_N_all
.8200E+00    50.000  0.119E+02   0.11949E-02   0.00000E+00   0.10000E+00    0.50249E-02 -386.63         test_N_all
.8300E+00    50.000  0.111E+02   0.97373E-03   0.00000E+00   0.10000E+00    0.50249E-02 -388.36         test_N_all
.8400E+00    50.000  0.104E+02   0.78349E-03   0.00000E+00   0.10000E+00    0.50249E-02 -389.86         test_N_all
.8500E+00    50.000  0.971E+01   0.62222E-03   0.00000E+00   0.10000E+00    0.50249E-02 -391.13         test_N_all
.8600E+00    50.000  0.902E+01   0.48571E-03   0.00000E+00   0.10000E+00    0.50249E-02 -392.20         test_N_all
.8700E+00    50.000  0.835E+01   0.37243E-03   0.00000E+00   0.10000E+00    0.50249E-02 -393.10         test_N_all
.8800E+00    50.000  0.770E+01   0.27952E-03   0.00000E+00   0.10000E+00    0.50249E-02 -393.83         test_N_all
.8900E+00    50.000  0.706E+01   0.20426E-03   0.00000E+00   0.10000E+00    0.50249E-02 -394.42         test_N_all
.9000E+00    50.000  0.644E+01   0.14516E-03   0.00000E+00   0.10000E+00    0.17692E-02 *******         test_N_all
.9100E+00    50.000  0.583E+01   0.98914E-04   0.00000E+00   0.10000E+00    0.50249E-02 -395.26         test_N_all
.9200E+00    50.000  0.523E+01   0.64480E-04   0.00000E+00   0.10000E+00    0.50249E-02 -395.53         test_N_all
.9300E+00    50.000  0.465E+01   0.39649E-04   0.00000E+00   0.10000E+00    0.50249E-02 -395.73         test_N_all
.9400E+00    50.000  0.407E+01   0.22313E-04   0.00000E+00   0.10000E+00    0.50249E-02 -395.86         test_N_all
.9500E+00    50.000  0.351E+01   0.11615E-04   0.00000E+00   0.10000E+00    0.50249E-02 -395.95         test_N_all
.9600E+00    50.000  0.297E+01   0.48142E-05   0.00000E+00   0.10000E+00    0.50249E-02 -396.00         test_N_all
.9700E+00    50.000  0.243E+01   0.15679E-05   0.00000E+00   0.10000E+00    0.50249E-02 -396.03         test_N_all
.9800E+00    50.000  0.190E+01   0.71647E-06   0.00000E+00   0.10000E+00    0.50249E-02 -396.03         test_N_all
.9900E+00    50.000  0.139E+01   0.89535E-06   0.00000E+00   0.10000E+00    0.50249E-02 -396.03         test_N_all
.1000E+01    50.000  0.882E+00   0.00000E+00   0.00000E+00   0.10000E+00    0.50249E-02 -396.04         test_N_all
.1000E+00   100.000  0.901E+03   0.33778E+00   0.00000E+00   0.10000E+00    0.50249E-02 2239.10         test_N_all
.1100E+00   100.000  0.810E+03   0.32356E+00   0.00000E+00   0.10000E+00    0.50249E-02 1979.44         test_N_all
.1200E+00   100.000  0.734E+03   0.31047E+00   0.00000E+00   0.10000E+00    0.50249E-02 1754.39         test_N_all
.1300E+00   100.000  0.670E+03   0.29823E+00   0.00000E+00   0.10000E+00    0.50249E-02 1556.30         test_N_all
.1400E+00   100.000  0.615E+03   0.28659E+00   0.00000E+00   0.10000E+00    0.50249E-02 1378.92         test_N_all
.1500E+00   100.000  0.568E+03   0.27560E+00   0.00000E+00   0.10000E+00    0.50249E-02 1221.25         test_N_all
.1600E+00   100.000  0.526E+03   0.26506E+00   0.00000E+00   0.10000E+00    0.50249E-02 1079.00         test_N_all
.1700E+00   100.000  0.489E+03   0.25499E+00   0.00000E+00   0.10000E+00    0.50249E-02  951.34         test_N_all
.1800E+00   100.000  0.456E+03   0.24533E+00   0.00000E+00   0.10000E+00    0.50249E-02  836.47         test_N_all
.1900E+00   100.000  0.427E+03   0.23603E+00   0.00000E+00   0.10000E+00    0.50249E-02  732.80         test_N_all
.2000E+00   100.000  0.401E+03   0.22708E+00   0.00000E+00   0.10000E+00    0.50249E-02  639.53         test_N_all
.2100E+00   100.000  0.377E+03   0.21841E+00   0.00000E+00   0.10000E+00    0.50249E-02  555.30         test_N_all
.2200E+00   100.000  0.355E+03   0.21003E+00   0.00000E+00   0.10000E+00    0.50249E-02  479.49         test_N_all
.2300E+00   100.000  0.336E+03   0.20191E+00   0.00000E+00   0.10000E+00    0.50249E-02  411.32         test_N_all
.2400E+00   100.000  0.318E+03   0.19402E+00   0.00000E+00   0.10000E+00    0.50249E-02  350.08         test_N_all
.2500E+00   100.000  0.301E+03   0.18635E+00   0.00000E+00   0.10000E+00    0.50249E-02  295.30         test_N_all
.2600E+00   100.000  0.285E+03   0.17887E+00   0.00000E+00   0.10000E+00    0.50249E-02  246.37         test_N_all
.2700E+00   100.000  0.271E+03   0.17158E+00   0.00000E+00   0.10000E+00    0.50249E-02  202.94         test_N_all
.2800E+00   100.000  0.258E+03   0.16447E+00   0.00000E+00   0.10000E+00    0.50249E-02  164.62         test_N_all
.2900E+00   100.000  0.246E+03   0.15752E+00   0.00000E+00   0.10000E+00    0.50249E-02  131.03         test_N_all
.3000E+00   100.000  0.234E+03   0.15073E+00   0.00000E+00   0.10000E+00    0.18868E-02  722.87         test_N_all
.3100E+00   100.000  0.223E+03   0.14408E+00   0.00000E+00   0.10000E+00    0.50249E-02   76.96         test_N_all
.3200E+00   100.000  0.213E+03   0.13758E+00   0.00000E+00   0.10000E+00    0.50249E-02   55.94         test_N_all
.3300E+00   100.000  0.204E+03   0.13123E+00   0.00000E+00   0.10000E+00    0.50249E-02   38.63         test_N_all
.3400E+00   100.000  0.195E+03   0.12502E+00   0.00000E+00   0.10000E+00    0.50249E-02   24.78         test_N_all
.3500E+00   100.000  0.187E+03   0.11895E+00   0.00000E+00   0.10000E+00    0.50249E-02   14.22         test_N_all
.3600E+00   100.000  0.179E+03   0.11302E+00   0.00000E+00   0.10000E+00    0.50249E-02    6.71         test_N_all
.3700E+00   100.000  0.171E+03   0.10723E+00   0.00000E+00   0.10000E+00    0.50249E-02    2.07         test_N_all
.3800E+00   100.000  0.164E+03   0.10160E+00   0.00000E+00   0.10000E+00    0.50249E-02    0.10         test_N_all
.3900E+00   100.000  0.157E+03   0.96117E-01   0.00000E+00   0.10000E+00    0.50249E-02   -0.60         test_N_all
.4000E+00   100.000  0.151E+03   0.90789E-01   0.00000E+00   0.10000E+00    0.17692E-02  -27.11         test_N_all
.4100E+00   100.000  0.145E+03   0.85621E-01   0.00000E+00   0.10000E+00    0.50249E-02   -8.19         test_N_all
.4200E+00   100.000  0.139E+03   0.80615E-01   0.00000E+00   0.10000E+00    0.50249E-02  -14.88         test_N_all
.4300E+00   100.000  0.133E+03   0.75775E-01   0.00000E+00   0.10000E+00    0.50249E-02  -23.24         test_N_all
.4400E+00   100.000  0.128E+03   0.71105E-01   0.00000E+00   0.10000E+00    0.50249E-02  -33.07         test_N_all
.4500E+00   100.000  0.123E+03   0.66605E-01   0.00000E+00   0.10000E+00    0.50249E-02  -44.17         test_N_all
.4600E+00   100.000  0.118E+03   0.62282E-01   0.00000E+00   0.10000E+00    0.50249E-02  -56.34         test_N_all
.4700E+00   100.000  0.114E+03   0.58133E-01   0.00000E+00   0.10000E+00    0.50249E-02  -69.42         test_N_all
.4800E+00   100.000  0.109E+03   0.54160E-01   0.00000E+00   0.10000E+00    0.50249E-02  -83.22         test_N_all
.4900E+00   100.000  0.105E+03   0.50366E-01   0.00000E+00   0.10000E+00    0.50249E-02  -97.57         test_N_all
.5000E+00   100.000  0.101E+03   0.46747E-01   0.00000E+00   0.10000E+00    0.17692E-02 -906.02         test_N_all
.5100E+00   100.000  0.970E+02   0.43307E-01   0.00000E+00   0.10000E+00    0.50249E-02 -127.29         test_N_all
.5200E+00   100.000  0.932E+02   0.40039E-01   0.00000E+00   0.10000E+00    0.50249E-02 -142.39         test_N_all
.5300E+00   100.000  0.896E+02   0.36944E-01   0.00000E+00   0.10000E+00    0.50249E-02 -157.47         test_N_all
.5400E+00   100.000  0.861E+02   0.34019E-01   0.00000E+00   0.10000E+00    0.50249E-02 -172.42         test_N_all
.5500E+00   100.000  0.827E+02   0.31259E-01   0.00000E+00   0.10000E+00    0.50249E-02 -187.14         test_N_all
.5600E+00   100.000  0.795E+02   0.28663E-01   0.00000E+00   0.10000E+00    0.50249E-02 -201.55         test_N_all
.5700E+00   100.000  0.763E+02   0.26224E-01   0.00000E+00   0.10000E+00    0.50249E-02 -215.56         test_N_all
.5800E+00   100.000  0.733E+02   0.23940E-01   0.00000E+00   0.10000E+00    0.50249E-02 -229.11         test_N_all
.5900E+00   100.000  0.704E+02   0.21805E-01   0.00000E+00   0.10000E+00    0.50249E-02 -242.16         test_N_all
.6000E+00   100.000  0.675E+02   0.19813E-01   0.00000E+00   0.10000E+00    0.17692E-02 *******         test_N_all
.6100E+00   100.000  0.648E+02   0.17959E-01   0.00000E+00   0.10000E+00    0.50249E-02 -266.56         test_N_all
.6200E+00   100.000  0.622E+02   0.16239E-01   0.00000E+00   0.10000E+00    0.50249E-02 -277.86         test_N_all
.6300E+00   100.000  0.596E+02   0.14645E-01   0.00000E+00   0.10000E+00    0.50249E-02 -288.53         test_N_all
.6400E+00   100.000  0.571E+02   0.13172E-01   0.00000E+00   0.10000E+00    0.50249E-02 -298.57         test_N_all
.6500E+00   100.000  0.547E+02   0.11815E-01   0.00000E+00   0.10000E+00    0.50249E-02 -307.98         test_N_all
.6600E+00   100.000  0.524E+02   0.10566E-01   0.00000E+00   0.10000E+00    0.50249E-02 -316.77         test_N_all
.6700E+00   100.000  0.501E+02   0.94211E-02   0.00000E+00   0.10000E+00    0.50249E-02 -324.93         test_N_all
.6800E+00   100.000  0.479E+02   0.83732E-02   0.00000E+00   0.10000E+00    0.50249E-02 -332.49         test_N_all
.6900E+00   100.000  0.458E+02   0.74166E-02   0.00000E+00   0.10000E+00    0.50249E-02 -339.47         test_N_all
.7000E+00   100.000  0.437E+02   0.65465E-02   0.00000E+00   0.10000E+00    0.17692E-02 *******         test_N_all
.7100E+00   100.000  0.417E+02   0.57557E-02   0.00000E+00   0.10000E+00    0.50249E-02 -351.76         test_N_all
.7200E+00   100.000  0.398E+02   0.50405E-02   0.00000E+00   0.10000E+00    0.50249E-02 -357.12         test_N_all
.7300E+00   100.000  0.379E+02   0.43952E-02   0.00000E+00   0.10000E+00    0.50249E-02 -361.99         test_N_all
.7400E+00   100.000  0.360E+02   0.38143E-02   0.00000E+00   0.10000E+00    0.50249E-02 -366.40         test_N_all
.7500E+00   100.000  0.342E+02   0.32943E-02   0.00000E+00   0.10000E+00    0.50249E-02 -370.38         test_N_all
.7600E+00   100.000  0.325E+02   0.28288E-02   0.00000E+00   0.10000E+00    0.50249E-02 -373.95         test_N_all
.7700E+00   100.000  0.308E+02   0.24150E-02   0.00000E+00   0.10000E+00    0.50249E-02 -377.14         test_N_all
.7800E+00   100.000  0.291E+02   0.20485E-02   0.00000E+00   0.10000E+00    0.50249E-02 -379.98         test_N_all
.7900E+00   100.000  0.275E+02   0.17249E-02   0.00000E+00   0.10000E+00    0.50249E-02 -382.49         test_N_all
.8000E+00   100.000  0.259E+02   0.14413E-02   0.00000E+00   0.10000E+00    0.17692E-02 *******         test_N_all
.8100E+00   100.000  0.243E+02   0.11933E-02   0.00000E+00   0.10000E+00    0.50249E-02 -386.64         test_N_all
.8200E+00   100.000  0.228E+02   0.97857E-03   0.00000E+00   0.10000E+00    0.50249E-02 -388.33         test_N_all
.8300E+00   100.000  0.214E+02   0.79375E-03   0.00000E+00   0.10000E+00    0.50249E-02 -389.78         test_N_all
.8400E+00   100.000  0.199E+02   0.63556E-03   0.00000E+00   0.10000E+00    0.50249E-02 -391.02         test_N_all
.8500E+00   100.000  0.185E+02   0.50217E-03   0.00000E+00   0.10000E+00    0.50249E-02 -392.07         test_N_all
.8600E+00   100.000  0.172E+02   0.38983E-03   0.00000E+00   0.10000E+00    0.50249E-02 -392.96         test_N_all
.8700E+00   100.000  0.158E+02   0.29716E-03   0.00000E+00   0.10000E+00    0.50249E-02 -393.69         test_N_all
.8800E+00   100.000  0.145E+02   0.22163E-03   0.00000E+00   0.10000E+00    0.50249E-02 -394.29         test_N_all
.8900E+00   100.000  0.132E+02   0.16084E-03   0.00000E+00   0.10000E+00    0.50249E-02 -394.77         test_N_all
.9000E+00   100.000  0.120E+02   0.11348E-03   0.00000E+00   0.10000E+00    0.17692E-02 *******         test_N_all
.9100E+00   100.000  0.108E+02   0.76670E-04   0.00000E+00   0.10000E+00    0.50249E-02 -395.43         test_N_all
.9200E+00   100.000  0.958E+01   0.49524E-04   0.00000E+00   0.10000E+00    0.50249E-02 -395.65         test_N_all
.9300E+00   100.000  0.841E+01   0.30144E-04   0.00000E+00   0.10000E+00    0.50249E-02 -395.80         test_N_all
.9400E+00   100.000  0.726E+01   0.16741E-04   0.00000E+00   0.10000E+00    0.50249E-02 -395.91         test_N_all
.9500E+00   100.000  0.614E+01   0.86227E-05   0.00000E+00   0.10000E+00    0.50249E-02 -395.97         test_N_all
.9600E+00   100.000  0.505E+01   0.35005E-05   0.00000E+00   0.10000E+00    0.50249E-02 -396.01         test_N_all
.9700E+00   100.000  0.397E+01   0.11305E-05   0.00000E+00   0.10000E+00    0.50249E-02 -396.03         test_N_all
.9800E+00   100.000  0.292E+01   0.58106E-06   0.00000E+00   0.10000E+00    0.50249E-02 -396.04         test_N_all
.9900E+00   100.000  0.189E+01   0.76198E-06   0.00000E+00   0.10000E+00    0.50249E-02 -396.03         test_N_all
.1000E+01   100.000  0.882E+00   0.00000E+00   0.00000E+00   0.10000E+00    0.50249E-02 -396.04         test_N_all



 CHI SQUARE=******** FOR  582 POINTS   CHISQ/NPTS=  704.52
 Signed chisquare total =********
 Modified residual =********


Summary normalization chi2 contributions

 data set     normalization        error         chisq


Summary chi2 per data set

 data set      chisq    _w     signd    _w     resid     _w   npts   chisq/pts  _w
test_N_all  410033.2        116484.8        ********           582  704.52
------------------------------------------------------------------------------------
TOTAL       410033.2410033.2116484.8     0.0****************   582  704.52  704.52
TOTAL+norm  410033.2410033.2                                   582  704.52  704.52



            Momentum Sum Rule Check


      q2      alphas      xuv       xdv       xub       xdb       xsb       xcb       xbb      xglue     total
      1.69    0.3845    0.3222    0.1370    0.0551    0.0716    0.0253    0.0000    0.0000    0.3890    1.0002
    100.00    0.1784    0.2270    0.0966    0.0645    0.0761    0.0436    0.0257    0.0087    0.4549    0.9972
   1000.00    0.1407    0.0000    0.0000    0.0000    0.0000    0.0000    0.0000    0.0000    0.0000    0.0000
   8315.00    0.1180    0.0000    0.0000    0.0000    0.0000    0.0000    0.0000    0.0000    0.0000    0.0000


 Vector Boson Cross Sections

 sqrt(s)   sigma(W)    error    theory

   1960.     2.865     0.063       0.000     D0

   1960.     2.749     0.054       0.000     CDF

   7000.     9.95      0.29        0.000     CMS

   7000.     9.96      0.55        0.000     ATLAS

 sqrt(s)   sigma(Z)    error    theory

   1960.     .2649     .0094       0.000     D0

   1960.     .2549     .0057       0.000     CDF

   7000.     .931      0.035       0.000     CMS

   7000.     .82       0.08        0.000     ATLAS


