 Correlated errors added in quadrature with statistical errors
 test_N_all DIS data with   1.69< Q2 < 0.500D+03 and 0.000 < xB < 1.000 and   0.00< W2 < 0.100D+05 and 0.000 < y < 1.000
   No TMC applied
   HT corrections, additive C=C(xB)

# fitpack15: fit output
# CJ15 AV18 final data choices                                                 

Parametrization   7 used here

 S-ACOT scheme used  for NC DIS

 charm mass =     1.30 GeV     bottom mass =     4.50 GeV



 THIS IS A NEXT TO LEADING ORDER FIT

 Q02=    1.69
         1  LAMBDA      VALUE=   0.22680      WEIGHT=    0.0000    
         2  a0uv        VALUE=    2.4066      WEIGHT=    0.0000    
         3  a1uv        VALUE=   0.61536      WEIGHT=   0.20094E-01
         4  a2uv        VALUE=    3.5433      WEIGHT=   0.13055E-01
         5  a3uv        VALUE=    0.0000      WEIGHT=    0.0000    
         6  a4uv        VALUE=    3.4611      WEIGHT=   0.43661    
         7  a5uv        VALUE=    0.0000      WEIGHT=    0.0000    
         8  a0dv        VALUE=    24.683      WEIGHT=    0.0000    
         9  a1dv        VALUE=    1.1595      WEIGHT=   0.34654E-01
        10  a2dv        VALUE=    6.5513      WEIGHT=   0.16245    
        11  a3dv        VALUE=   -3.5030      WEIGHT=   0.88887E-01
        12  a4dv        VALUE=    4.6787      WEIGHT=   0.14600    
        13  a5dv        VALUE=    0.0000      WEIGHT=    0.0000    
        14  a0ud        VALUE=   0.14658      WEIGHT=   0.50606E-02
        15  a1ud        VALUE=  -0.20775      WEIGHT=   0.37697E-02
        16  a2ud        VALUE=    8.3284      WEIGHT=   0.19375    
        17  a3ud        VALUE=    0.0000      WEIGHT=    0.0000    
        18  a4ud        VALUE=    14.605      WEIGHT=    1.2744    
        19  a5ud        VALUE=    0.0000      WEIGHT=    0.0000    
        20  a0du        VALUE=    35712.      WEIGHT=    0.0000    
        21  a1du        VALUE=    4.0249      WEIGHT=   0.78893E-01
        22  a2du        VALUE=    20.151      WEIGHT=   0.91058    
        23  a3du        VALUE=    17.000      WEIGHT=    0.0000    
        24  a4du        VALUE=    51.146      WEIGHT=    11.684    
        25  a0g         VALUE=    45.543      WEIGHT=    0.0000    
        26  a1g         VALUE=   0.60308      WEIGHT=   0.31053E-01
        27  a2g         VALUE=    6.4818      WEIGHT=   0.97424    
        28  a3g         VALUE=   -3.3064      WEIGHT=   0.13701    
        29  a4g         VALUE=    3.1722      WEIGHT=   0.31652    
        30  a5g         VALUE=    0.0000      WEIGHT=    0.0000    
        31  kappa       VALUE=   0.40000      WEIGHT=    0.0000    
        32  a6dv        VALUE=  -0.36021E-02  WEIGHT=   0.69382E-03
        33  a7dv        VALUE=    2.0000      WEIGHT=    0.0000    
        34  off1        VALUE=   -3.6857      WEIGHT=    1.8283    
        35  off2        VALUE=   0.57500E-01  WEIGHT=   0.70238E-01
        36  ht1         VALUE=   -3.2858      WEIGHT=   0.30201    
        37  ht2         VALUE=    1.9282      WEIGHT=   0.11458    
        38  ht3         VALUE=   -2.0699      WEIGHT=   0.35646E-01
        39  ht4         VALUE=    0.0000      WEIGHT=    0.0000    
        40  ht1n        VALUE=   -3.2856      WEIGHT=   0.96530    
        41  ht2n        VALUE=    1.9280      WEIGHT=   0.30490    
        42  ht3n        VALUE=   -2.0699      WEIGHT=   0.51943E-01
        43  ht4n        VALUE=    0.0000      WEIGHT=    0.0000    
        44  dummy44     VALUE=    0.0000      WEIGHT=    0.0000    
        45  dummy45     VALUE=    0.0000      WEIGHT=    0.0000    
        46  dummy46     VALUE=    0.0000      WEIGHT=    0.0000    
        47  dummy47     VALUE=    0.0000      WEIGHT=    0.0000    
        48  dummy48     VALUE=    0.0000      WEIGHT=    0.0000    
        49  dummy49     VALUE=    0.0000      WEIGHT=    0.0000    
        50  bcdmsh2     VALUE=   0.97308      WEIGHT=   0.48387E-02
        51  bcdmsd2     VALUE=   0.99316      WEIGHT=   0.58557E-02
        52  ccfr        VALUE=    1.0000      WEIGHT=    0.0000    
        53  nutev       VALUE=    1.0000      WEIGHT=    0.0000    
        54  zeus        VALUE=   0.97998      WEIGHT=    0.0000    
        55  h1          VALUE=    1.0162      WEIGHT=    0.0000    
        56  e605        VALUE=    1.0319      WEIGHT=    0.0000    
        57  NmcH2       VALUE=    1.0095      WEIGHT=   0.71283E-02
        58  ntv_nu      VALUE=    1.0000      WEIGHT=    0.0000    
        59  ntv_nubar   VALUE=    1.0000      WEIGHT=    0.0000    
        60  cdf_jet     VALUE=   0.98910      WEIGHT=    0.0000    
        61  d0_jet      VALUE=   0.83504      WEIGHT=    0.0000    
        62  slac_p      VALUE=    1.0049      WEIGHT=   0.50059E-02
        63  slac_d      VALUE=    1.0042      WEIGHT=   0.53243E-02
        64  e866pp      VALUE=   0.96583      WEIGHT=   0.19318E-01
        65  e866pd      VALUE=   0.96371      WEIGHT=   0.16662E-01
        66  d0_gamjet   VALUE=    1.0389      WEIGHT=   0.16515E-01
        67  h1b         VALUE=   0.97608      WEIGHT=    0.0000    
        68  jlab_p      VALUE=   0.99444      WEIGHT=   0.61930E-02
        69  jlab_d      VALUE=   0.97554      WEIGHT=   0.60063E-02
        70  blank       VALUE=    1.0000      WEIGHT=    0.0000    
        71  d0run2      VALUE=   0.94085      WEIGHT=   0.14371E-01
        72  cdfrun2     VALUE=   0.92648      WEIGHT=   0.17345E-01
        73  HERA_el     VALUE=    1.0000      WEIGHT=    0.0000    
        74  HERA_ps     VALUE=    1.0000      WEIGHT=    0.0000    
        75  CDF_Z       VALUE=   0.96582      WEIGHT=   0.68068E-02
        76  NmcRat      VALUE=    1.0000      WEIGHT=    0.0000    
        77  BNS_F2nd    VALUE=   0.98315      WEIGHT=   0.11560E-01
        78  HERMES_F2p  VALUE=   0.99833      WEIGHT=   0.56545E-02
        79  HERMES_F2d  VALUE=   0.98039      WEIGHT=   0.58335E-02
0THE TOLERANCE IS    0.1000
 THE MAXIMUM NUMBER OF STEPS IS 100
0THE INITIAL CHI SQUARED IS  2.08217E+06



     X        Q2         W2       THEORY        error         DATA           ERROR        chi^2     _w    ITYPE
.1000E-01     2.000  0.199E+03   0.34210E+00   0.00000E+00   0.10000E+00    0.50249E-02 2321.28         test_N_all
.2000E-01     2.000  0.989E+02   0.31871E+00   0.00000E+00   0.10000E+00    0.50249E-02 1894.41         test_N_all
.3000E-01     2.000  0.655E+02   0.30882E+00   0.00000E+00   0.10000E+00    0.50249E-02 1726.94         test_N_all
.4000E-01     2.000  0.489E+02   0.30525E+00   0.00000E+00   0.10000E+00    0.50249E-02 1668.36         test_N_all
.5000E-01     2.000  0.389E+02   0.30276E+00   0.00000E+00   0.10000E+00    0.50249E-02 1628.22         test_N_all
.6000E-01     2.000  0.322E+02   0.30141E+00   0.00000E+00   0.10000E+00    0.50249E-02 1606.55         test_N_all
.7000E-01     2.000  0.275E+02   0.30014E+00   0.00000E+00   0.10000E+00    0.50249E-02 1586.32         test_N_all
.8000E-01     2.000  0.239E+02   0.29863E+00   0.00000E+00   0.10000E+00    0.50249E-02 1562.52         test_N_all
.9000E-01     2.000  0.211E+02   0.29659E+00   0.00000E+00   0.10000E+00    0.50249E-02 1530.65         test_N_all
.1000E+00     2.000  0.189E+02   0.29391E+00   0.00000E+00   0.10000E+00    0.50249E-02 1489.12         test_N_all
.1100E+00     2.000  0.171E+02   0.29044E+00   0.00000E+00   0.10000E+00    0.50249E-02 1436.37         test_N_all
.1200E+00     2.000  0.155E+02   0.28620E+00   0.00000E+00   0.10000E+00    0.50249E-02 1373.11         test_N_all
.1300E+00     2.000  0.143E+02   0.28124E+00   0.00000E+00   0.10000E+00    0.50249E-02 1300.96         test_N_all
.1400E+00     2.000  0.132E+02   0.27566E+00   0.00000E+00   0.10000E+00    0.50249E-02 1222.05         test_N_all
.1500E+00     2.000  0.122E+02   0.26946E+00   0.00000E+00   0.10000E+00    0.50249E-02 1137.33         test_N_all
.1600E+00     2.000  0.114E+02   0.26289E+00   0.00000E+00   0.10000E+00    0.50249E-02 1050.84         test_N_all
.1700E+00     2.000  0.106E+02   0.25594E+00   0.00000E+00   0.10000E+00    0.50249E-02  963.05         test_N_all
.1800E+00     2.000  0.999E+01   0.24871E+00   0.00000E+00   0.10000E+00    0.50249E-02  875.86         test_N_all
.1900E+00     2.000  0.941E+01   0.24135E+00   0.00000E+00   0.10000E+00    0.50249E-02  791.27         test_N_all
.2000E+00     2.000  0.888E+01   0.23385E+00   0.00000E+00   0.10000E+00    0.50249E-02  709.50         test_N_all
.2100E+00     2.000  0.841E+01   0.22635E+00   0.00000E+00   0.10000E+00    0.50249E-02  632.29         test_N_all
.2200E+00     2.000  0.797E+01   0.21887E+00   0.00000E+00   0.10000E+00    0.50249E-02  559.60         test_N_all
.2300E+00     2.000  0.758E+01   0.21145E+00   0.00000E+00   0.10000E+00    0.50249E-02  491.89         test_N_all
.2400E+00     2.000  0.722E+01   0.20415E+00   0.00000E+00   0.10000E+00    0.50249E-02  429.55         test_N_all
.2500E+00     2.000  0.688E+01   0.19698E+00   0.00000E+00   0.10000E+00    0.50249E-02  372.45         test_N_all
.2600E+00     2.000  0.657E+01   0.18999E+00   0.00000E+00   0.10000E+00    0.50249E-02  320.69         test_N_all
.2700E+00     2.000  0.629E+01   0.18319E+00   0.00000E+00   0.10000E+00    0.50249E-02  274.07         test_N_all
.2800E+00     2.000  0.602E+01   0.17660E+00   0.00000E+00   0.10000E+00    0.50249E-02  232.38         test_N_all
.2900E+00     2.000  0.578E+01   0.17024E+00   0.00000E+00   0.10000E+00    0.50249E-02  195.40         test_N_all
.3000E+00     2.000  0.555E+01   0.16413E+00   0.00000E+00   0.10000E+00    0.18868E-02 1155.25         test_N_all
.3100E+00     2.000  0.533E+01   0.15827E+00   0.00000E+00   0.10000E+00    0.50249E-02  134.46         test_N_all
.3200E+00     2.000  0.513E+01   0.15268E+00   0.00000E+00   0.10000E+00    0.50249E-02  109.90         test_N_all
.3300E+00     2.000  0.494E+01   0.14737E+00   0.00000E+00   0.10000E+00    0.50249E-02   88.88         test_N_all
.3400E+00     2.000  0.476E+01   0.14236E+00   0.00000E+00   0.10000E+00    0.50249E-02   71.06         test_N_all
.3500E+00     2.000  0.460E+01   0.13767E+00   0.00000E+00   0.10000E+00    0.50249E-02   56.19         test_N_all
.3600E+00     2.000  0.444E+01   0.13330E+00   0.00000E+00   0.10000E+00    0.50249E-02   43.90         test_N_all
.3700E+00     2.000  0.429E+01   0.12928E+00   0.00000E+00   0.10000E+00    0.50249E-02   33.95         test_N_all
.3800E+00     2.000  0.414E+01   0.12564E+00   0.00000E+00   0.10000E+00    0.50249E-02   26.04         test_N_all
.3900E+00     2.000  0.401E+01   0.12240E+00   0.00000E+00   0.10000E+00    0.50249E-02   19.87         test_N_all
.4000E+00     2.000  0.388E+01   0.11959E+00   0.00000E+00   0.10000E+00    0.17692E-02  122.61         test_N_all
.4100E+00     2.000  0.376E+01   0.11724E+00   0.00000E+00   0.10000E+00    0.50249E-02   11.76         test_N_all
.4200E+00     2.000  0.364E+01   0.11537E+00   0.00000E+00   0.10000E+00    0.50249E-02    9.36         test_N_all
.4300E+00     2.000  0.353E+01   0.11403E+00   0.00000E+00   0.10000E+00    0.50249E-02    7.79         test_N_all
.4400E+00     2.000  0.343E+01   0.11324E+00   0.00000E+00   0.10000E+00    0.50249E-02    6.94         test_N_all
.4500E+00     2.000  0.333E+01   0.11304E+00   0.00000E+00   0.10000E+00    0.50249E-02    6.74         test_N_all
.4600E+00     2.000  0.323E+01   0.11348E+00   0.00000E+00   0.10000E+00    0.50249E-02    7.19         test_N_all
.4700E+00     2.000  0.314E+01   0.11457E+00   0.00000E+00   0.10000E+00    0.50249E-02    8.41         test_N_all
.4800E+00     2.000  0.305E+01   0.11636E+00   0.00000E+00   0.10000E+00    0.50249E-02   10.60         test_N_all
.4900E+00     2.000  0.296E+01   0.11888E+00   0.00000E+00   0.10000E+00    0.50249E-02   14.12         test_N_all
.5000E+00     2.000  0.288E+01   0.12217E+00   0.00000E+00   0.10000E+00    0.17692E-02  157.06         test_N_all
.5100E+00     2.000  0.280E+01   0.12627E+00   0.00000E+00   0.10000E+00    0.50249E-02   27.33         test_N_all
.5200E+00     2.000  0.273E+01   0.13120E+00   0.00000E+00   0.10000E+00    0.50249E-02   38.55         test_N_all
.5300E+00     2.000  0.266E+01   0.13699E+00   0.00000E+00   0.10000E+00    0.50249E-02   54.20         test_N_all
.5400E+00     2.000  0.259E+01   0.14369E+00   0.00000E+00   0.10000E+00    0.50249E-02   75.60         test_N_all
.5500E+00     2.000  0.252E+01   0.15131E+00   0.00000E+00   0.10000E+00    0.50249E-02  104.27         test_N_all
.5600E+00     2.000  0.245E+01   0.15990E+00   0.00000E+00   0.10000E+00    0.50249E-02  142.09         test_N_all
.5700E+00     2.000  0.239E+01   0.16947E+00   0.00000E+00   0.10000E+00    0.50249E-02  191.10         test_N_all
.5800E+00     2.000  0.233E+01   0.18004E+00   0.00000E+00   0.10000E+00    0.50249E-02  253.74         test_N_all
.5900E+00     2.000  0.227E+01   0.19166E+00   0.00000E+00   0.10000E+00    0.50249E-02  332.74         test_N_all
.6000E+00     2.000  0.222E+01   0.20433E+00   0.00000E+00   0.10000E+00    0.17692E-02 3477.84         test_N_all
.6100E+00     2.000  0.216E+01   0.21810E+00   0.00000E+00   0.10000E+00    0.50249E-02  552.33         test_N_all
.6200E+00     2.000  0.211E+01   0.23296E+00   0.00000E+00   0.10000E+00    0.50249E-02  700.10         test_N_all
.6300E+00     2.000  0.206E+01   0.24894E+00   0.00000E+00   0.10000E+00    0.50249E-02  878.55         test_N_all
.6400E+00     2.000  0.201E+01   0.26607E+00   0.00000E+00   0.10000E+00    0.50249E-02 1092.23         test_N_all
.6500E+00     2.000  0.196E+01   0.28435E+00   0.00000E+00   0.10000E+00    0.50249E-02 1345.99         test_N_all
.6600E+00     2.000  0.191E+01   0.30382E+00   0.00000E+00   0.10000E+00    0.50249E-02 1645.20         test_N_all
.6700E+00     2.000  0.187E+01   0.32447E+00   0.00000E+00   0.10000E+00    0.50249E-02 1995.53         test_N_all
.6800E+00     2.000  0.182E+01   0.34633E+00   0.00000E+00   0.10000E+00    0.50249E-02 2403.11         test_N_all
.6900E+00     2.000  0.178E+01   0.36941E+00   0.00000E+00   0.10000E+00    0.50249E-02 2874.55         test_N_all
.7000E+00     2.000  0.174E+01   0.39373E+00   0.00000E+00   0.10000E+00    0.17692E-02 *******         test_N_all
.7100E+00     2.000  0.170E+01   0.41929E+00   0.00000E+00   0.10000E+00    0.50249E-02 4037.39         test_N_all
.7200E+00     2.000  0.166E+01   0.44611E+00   0.00000E+00   0.10000E+00    0.50249E-02 4744.19         test_N_all
.7300E+00     2.000  0.162E+01   0.47420E+00   0.00000E+00   0.10000E+00    0.50249E-02 5545.59         test_N_all
.7400E+00     2.000  0.158E+01   0.50358E+00   0.00000E+00   0.10000E+00    0.50249E-02 6450.44         test_N_all
.7500E+00     2.000  0.155E+01   0.53425E+00   0.00000E+00   0.10000E+00    0.50249E-02 7468.16         test_N_all
.7600E+00     2.000  0.151E+01   0.56622E+00   0.00000E+00   0.10000E+00    0.50249E-02 8608.51         test_N_all
.7700E+00     2.000  0.148E+01   0.59952E+00   0.00000E+00   0.10000E+00    0.50249E-02 9881.99         test_N_all
.7800E+00     2.000  0.145E+01   0.63415E+00   0.00000E+00   0.10000E+00    0.50249E-02 *******         test_N_all
.7900E+00     2.000  0.141E+01   0.67011E+00   0.00000E+00   0.10000E+00    0.50249E-02 *******         test_N_all
.8000E+00     2.000  0.138E+01   0.70743E+00   0.00000E+00   0.10000E+00    0.17692E-02 *******         test_N_all
.8100E+00     2.000  0.135E+01   0.74612E+00   0.00000E+00   0.10000E+00    0.50249E-02 *******         test_N_all
.8200E+00     2.000  0.132E+01   0.78618E+00   0.00000E+00   0.10000E+00    0.50249E-02 *******         test_N_all
.8300E+00     2.000  0.129E+01   0.82763E+00   0.00000E+00   0.10000E+00    0.50249E-02 *******         test_N_all
.8400E+00     2.000  0.126E+01   0.87049E+00   0.00000E+00   0.10000E+00    0.50249E-02 *******         test_N_all
.8500E+00     2.000  0.123E+01   0.91476E+00   0.00000E+00   0.10000E+00    0.50249E-02 *******         test_N_all
.8600E+00     2.000  0.121E+01   0.96046E+00   0.00000E+00   0.10000E+00    0.50249E-02 *******         test_N_all
.8700E+00     2.000  0.118E+01   0.10076E+01   0.00000E+00   0.10000E+00    0.50249E-02 *******         test_N_all
.8800E+00     2.000  0.115E+01   0.10562E+01   0.00000E+00   0.10000E+00    0.50249E-02 *******         test_N_all
.8900E+00     2.000  0.113E+01   0.11063E+01   0.00000E+00   0.10000E+00    0.50249E-02 *******         test_N_all
.9000E+00     2.000  0.110E+01   0.11578E+01   0.00000E+00   0.10000E+00    0.17692E-02 *******         test_N_all
.9100E+00     2.000  0.108E+01   0.12108E+01   0.00000E+00   0.10000E+00    0.50249E-02 *******         test_N_all
.9200E+00     2.000  0.106E+01   0.12654E+01   0.00000E+00   0.10000E+00    0.50249E-02 *******         test_N_all
.9300E+00     2.000  0.103E+01   0.13215E+01   0.00000E+00   0.10000E+00    0.50249E-02 *******         test_N_all
.9400E+00     2.000  0.101E+01   0.13791E+01   0.00000E+00   0.10000E+00    0.50249E-02 *******         test_N_all
.9500E+00     2.000  0.987E+00   0.14382E+01   0.00000E+00   0.10000E+00    0.50249E-02 *******         test_N_all
.9600E+00     2.000  0.965E+00   0.14989E+01   0.00000E+00   0.10000E+00    0.50249E-02 *******         test_N_all
.9700E+00     2.000  0.944E+00   0.15612E+01   0.00000E+00   0.10000E+00    0.50249E-02 *******         test_N_all
.9800E+00     2.000  0.923E+00   0.16251E+01   0.00000E+00   0.10000E+00    0.50249E-02 *******         test_N_all
.9900E+00     2.000  0.902E+00   0.16906E+01   0.00000E+00   0.10000E+00    0.50249E-02 *******         test_N_all
.1000E+01     2.000  0.882E+00   0.17576E+01   0.00000E+00   0.10000E+00    0.50249E-02 *******         test_N_all
.1000E-01     5.000  0.496E+03   0.44891E+00   0.00000E+00   0.10000E+00    0.50249E-02 4821.35         test_N_all
.2000E-01     5.000  0.246E+03   0.39786E+00   0.00000E+00   0.10000E+00    0.50249E-02 3513.72         test_N_all
.3000E-01     5.000  0.163E+03   0.37281E+00   0.00000E+00   0.10000E+00    0.50249E-02 2947.49         test_N_all
.4000E-01     5.000  0.121E+03   0.35995E+00   0.00000E+00   0.10000E+00    0.50249E-02 2676.10         test_N_all
.5000E-01     5.000  0.959E+02   0.34963E+00   0.00000E+00   0.10000E+00    0.50249E-02 2467.98         test_N_all
.6000E-01     5.000  0.792E+02   0.34235E+00   0.00000E+00   0.10000E+00    0.50249E-02 2326.01         test_N_all
.7000E-01     5.000  0.673E+02   0.33576E+00   0.00000E+00   0.10000E+00    0.50249E-02 2201.24         test_N_all
.8000E-01     5.000  0.584E+02   0.32986E+00   0.00000E+00   0.10000E+00    0.50249E-02 2092.55         test_N_all
.9000E-01     5.000  0.514E+02   0.32392E+00   0.00000E+00   0.10000E+00    0.50249E-02 1985.67         test_N_all
.1000E+00     5.000  0.459E+02   0.31793E+00   0.00000E+00   0.10000E+00    0.50249E-02 1880.90         test_N_all
.1100E+00     5.000  0.413E+02   0.31162E+00   0.00000E+00   0.10000E+00    0.50249E-02 1773.61         test_N_all
.1200E+00     5.000  0.375E+02   0.30509E+00   0.00000E+00   0.10000E+00    0.50249E-02 1665.86         test_N_all
.1300E+00     5.000  0.343E+02   0.29829E+00   0.00000E+00   0.10000E+00    0.50249E-02 1557.12         test_N_all
.1400E+00     5.000  0.316E+02   0.29121E+00   0.00000E+00   0.10000E+00    0.50249E-02 1448.00         test_N_all
.1500E+00     5.000  0.292E+02   0.28392E+00   0.00000E+00   0.10000E+00    0.50249E-02 1339.71         test_N_all
.1600E+00     5.000  0.271E+02   0.27652E+00   0.00000E+00   0.10000E+00    0.50249E-02 1233.97         test_N_all
.1700E+00     5.000  0.253E+02   0.26900E+00   0.00000E+00   0.10000E+00    0.50249E-02 1131.15         test_N_all
.1800E+00     5.000  0.237E+02   0.26144E+00   0.00000E+00   0.10000E+00    0.50249E-02 1032.18         test_N_all
.1900E+00     5.000  0.222E+02   0.25388E+00   0.00000E+00   0.10000E+00    0.50249E-02  937.82         test_N_all
.2000E+00     5.000  0.209E+02   0.24634E+00   0.00000E+00   0.10000E+00    0.50249E-02  848.12         test_N_all
.2100E+00     5.000  0.197E+02   0.23886E+00   0.00000E+00   0.10000E+00    0.50249E-02  763.67         test_N_all
.2200E+00     5.000  0.186E+02   0.23146E+00   0.00000E+00   0.10000E+00    0.50249E-02  684.43         test_N_all
.2300E+00     5.000  0.176E+02   0.22415E+00   0.00000E+00   0.10000E+00    0.50249E-02  610.43         test_N_all
.2400E+00     5.000  0.167E+02   0.21695E+00   0.00000E+00   0.10000E+00    0.50249E-02  541.65         test_N_all
.2500E+00     5.000  0.159E+02   0.20985E+00   0.00000E+00   0.10000E+00    0.50249E-02  477.92         test_N_all
.2600E+00     5.000  0.151E+02   0.20287E+00   0.00000E+00   0.10000E+00    0.50249E-02  419.13         test_N_all
.2700E+00     5.000  0.144E+02   0.19602E+00   0.00000E+00   0.10000E+00    0.50249E-02  365.12         test_N_all
.2800E+00     5.000  0.137E+02   0.18929E+00   0.00000E+00   0.10000E+00    0.50249E-02  315.72         test_N_all
.2900E+00     5.000  0.131E+02   0.18268E+00   0.00000E+00   0.10000E+00    0.50249E-02  270.72         test_N_all
.3000E+00     5.000  0.125E+02   0.17620E+00   0.00000E+00   0.10000E+00    0.18868E-02 1631.20         test_N_all
.3100E+00     5.000  0.120E+02   0.16986E+00   0.00000E+00   0.10000E+00    0.50249E-02  193.26         test_N_all
.3200E+00     5.000  0.115E+02   0.16365E+00   0.00000E+00   0.10000E+00    0.50249E-02  160.43         test_N_all
.3300E+00     5.000  0.110E+02   0.15758E+00   0.00000E+00   0.10000E+00    0.50249E-02  131.30         test_N_all
.3400E+00     5.000  0.106E+02   0.15165E+00   0.00000E+00   0.10000E+00    0.50249E-02  105.67         test_N_all
.3500E+00     5.000  0.102E+02   0.14589E+00   0.00000E+00   0.10000E+00    0.50249E-02   83.41         test_N_all
.3600E+00     5.000  0.977E+01   0.14029E+00   0.00000E+00   0.10000E+00    0.50249E-02   64.29         test_N_all
.3700E+00     5.000  0.940E+01   0.13487E+00   0.00000E+00   0.10000E+00    0.50249E-02   48.15         test_N_all
.3800E+00     5.000  0.904E+01   0.12964E+00   0.00000E+00   0.10000E+00    0.50249E-02   34.79         test_N_all
.3900E+00     5.000  0.870E+01   0.12462E+00   0.00000E+00   0.10000E+00    0.50249E-02   24.01         test_N_all
.4000E+00     5.000  0.838E+01   0.11982E+00   0.00000E+00   0.10000E+00    0.17692E-02  125.57         test_N_all
.4100E+00     5.000  0.808E+01   0.11527E+00   0.00000E+00   0.10000E+00    0.50249E-02    9.24         test_N_all
.4200E+00     5.000  0.779E+01   0.11099E+00   0.00000E+00   0.10000E+00    0.50249E-02    4.78         test_N_all
.4300E+00     5.000  0.751E+01   0.10698E+00   0.00000E+00   0.10000E+00    0.50249E-02    1.93         test_N_all
.4400E+00     5.000  0.725E+01   0.10327E+00   0.00000E+00   0.10000E+00    0.50249E-02    0.42         test_N_all
.4500E+00     5.000  0.699E+01   0.99885E-01   0.00000E+00   0.10000E+00    0.50249E-02   -0.00         test_N_all
.4600E+00     5.000  0.675E+01   0.96844E-01   0.00000E+00   0.10000E+00    0.50249E-02   -0.39         test_N_all
.4700E+00     5.000  0.652E+01   0.94160E-01   0.00000E+00   0.10000E+00    0.50249E-02   -1.35         test_N_all
.4800E+00     5.000  0.630E+01   0.91855E-01   0.00000E+00   0.10000E+00    0.50249E-02   -2.63         test_N_all
.4900E+00     5.000  0.609E+01   0.89949E-01   0.00000E+00   0.10000E+00    0.50249E-02   -4.00         test_N_all
.5000E+00     5.000  0.588E+01   0.88453E-01   0.00000E+00   0.10000E+00    0.17692E-02  -42.60         test_N_all
.5100E+00     5.000  0.569E+01   0.87394E-01   0.00000E+00   0.10000E+00    0.50249E-02   -6.29         test_N_all
.5200E+00     5.000  0.550E+01   0.86778E-01   0.00000E+00   0.10000E+00    0.50249E-02   -6.92         test_N_all
.5300E+00     5.000  0.532E+01   0.86622E-01   0.00000E+00   0.10000E+00    0.50249E-02   -7.09         test_N_all
.5400E+00     5.000  0.514E+01   0.86943E-01   0.00000E+00   0.10000E+00    0.50249E-02   -6.75         test_N_all
.5500E+00     5.000  0.497E+01   0.87746E-01   0.00000E+00   0.10000E+00    0.50249E-02   -5.95         test_N_all
.5600E+00     5.000  0.481E+01   0.89051E-01   0.00000E+00   0.10000E+00    0.50249E-02   -4.75         test_N_all
.5700E+00     5.000  0.465E+01   0.90863E-01   0.00000E+00   0.10000E+00    0.50249E-02   -3.31         test_N_all
.5800E+00     5.000  0.450E+01   0.93190E-01   0.00000E+00   0.10000E+00    0.50249E-02   -1.84         test_N_all
.5900E+00     5.000  0.436E+01   0.96045E-01   0.00000E+00   0.10000E+00    0.50249E-02   -0.62         test_N_all
.6000E+00     5.000  0.422E+01   0.99430E-01   0.00000E+00   0.10000E+00    0.17692E-02   -0.10         test_N_all
.6100E+00     5.000  0.408E+01   0.10336E+00   0.00000E+00   0.10000E+00    0.50249E-02    0.45         test_N_all
.6200E+00     5.000  0.395E+01   0.10782E+00   0.00000E+00   0.10000E+00    0.50249E-02    2.42         test_N_all
.6300E+00     5.000  0.382E+01   0.11284E+00   0.00000E+00   0.10000E+00    0.50249E-02    6.53         test_N_all
.6400E+00     5.000  0.369E+01   0.11841E+00   0.00000E+00   0.10000E+00    0.50249E-02   13.43         test_N_all
.6500E+00     5.000  0.357E+01   0.12454E+00   0.00000E+00   0.10000E+00    0.50249E-02   23.85         test_N_all
.6600E+00     5.000  0.346E+01   0.13123E+00   0.00000E+00   0.10000E+00    0.50249E-02   38.62         test_N_all
.6700E+00     5.000  0.334E+01   0.13847E+00   0.00000E+00   0.10000E+00    0.50249E-02   58.62         test_N_all
.6800E+00     5.000  0.323E+01   0.14628E+00   0.00000E+00   0.10000E+00    0.50249E-02   84.84         test_N_all
.6900E+00     5.000  0.313E+01   0.15466E+00   0.00000E+00   0.10000E+00    0.50249E-02  118.32         test_N_all
.7000E+00     5.000  0.302E+01   0.16360E+00   0.00000E+00   0.10000E+00    0.17692E-02 1292.38         test_N_all
.7100E+00     5.000  0.292E+01   0.17311E+00   0.00000E+00   0.10000E+00    0.50249E-02  211.68         test_N_all
.7200E+00     5.000  0.283E+01   0.18319E+00   0.00000E+00   0.10000E+00    0.50249E-02  274.05         test_N_all
.7300E+00     5.000  0.273E+01   0.19383E+00   0.00000E+00   0.10000E+00    0.50249E-02  348.68         test_N_all
.7400E+00     5.000  0.264E+01   0.20505E+00   0.00000E+00   0.10000E+00    0.50249E-02  437.01         test_N_all
.7500E+00     5.000  0.255E+01   0.21683E+00   0.00000E+00   0.10000E+00    0.50249E-02  540.58         test_N_all
.7600E+00     5.000  0.246E+01   0.22919E+00   0.00000E+00   0.10000E+00    0.50249E-02  660.98         test_N_all
.7700E+00     5.000  0.238E+01   0.24212E+00   0.00000E+00   0.10000E+00    0.50249E-02  799.92         test_N_all
.7800E+00     5.000  0.229E+01   0.25562E+00   0.00000E+00   0.10000E+00    0.50249E-02  959.16         test_N_all
.7900E+00     5.000  0.221E+01   0.26970E+00   0.00000E+00   0.10000E+00    0.50249E-02 1140.58         test_N_all
.8000E+00     5.000  0.213E+01   0.28436E+00   0.00000E+00   0.10000E+00    0.17692E-02 *******         test_N_all
.8100E+00     5.000  0.205E+01   0.29960E+00   0.00000E+00   0.10000E+00    0.50249E-02 1577.80         test_N_all
.8200E+00     5.000  0.198E+01   0.31542E+00   0.00000E+00   0.10000E+00    0.50249E-02 1837.81         test_N_all
.8300E+00     5.000  0.191E+01   0.33182E+00   0.00000E+00   0.10000E+00    0.50249E-02 2128.34         test_N_all
.8400E+00     5.000  0.183E+01   0.34881E+00   0.00000E+00   0.10000E+00    0.50249E-02 2451.72         test_N_all
.8500E+00     5.000  0.176E+01   0.36639E+00   0.00000E+00   0.10000E+00    0.50249E-02 2810.39         test_N_all
.8600E+00     5.000  0.170E+01   0.38456E+00   0.00000E+00   0.10000E+00    0.50249E-02 3206.85         test_N_all
.8700E+00     5.000  0.163E+01   0.40332E+00   0.00000E+00   0.10000E+00    0.50249E-02 3643.75         test_N_all
.8800E+00     5.000  0.156E+01   0.42269E+00   0.00000E+00   0.10000E+00    0.50249E-02 4123.84         test_N_all
.8900E+00     5.000  0.150E+01   0.44265E+00   0.00000E+00   0.10000E+00    0.50249E-02 4649.94         test_N_all
.9000E+00     5.000  0.144E+01   0.46322E+00   0.00000E+00   0.10000E+00    0.17692E-02 *******         test_N_all
.9100E+00     5.000  0.138E+01   0.48440E+00   0.00000E+00   0.10000E+00    0.50249E-02 5852.17         test_N_all
.9200E+00     5.000  0.132E+01   0.50620E+00   0.00000E+00   0.10000E+00    0.50249E-02 6534.53         test_N_all
.9300E+00     5.000  0.126E+01   0.52861E+00   0.00000E+00   0.10000E+00    0.50249E-02 7275.43         test_N_all
.9400E+00     5.000  0.120E+01   0.55164E+00   0.00000E+00   0.10000E+00    0.50249E-02 8078.26         test_N_all
.9500E+00     5.000  0.114E+01   0.57529E+00   0.00000E+00   0.10000E+00    0.50249E-02 8946.59         test_N_all
.9600E+00     5.000  0.109E+01   0.59957E+00   0.00000E+00   0.10000E+00    0.50249E-02 9884.02         test_N_all
.9700E+00     5.000  0.104E+01   0.62448E+00   0.00000E+00   0.10000E+00    0.50249E-02 *******         test_N_all
.9800E+00     5.000  0.984E+00   0.65003E+00   0.00000E+00   0.10000E+00    0.50249E-02 *******         test_N_all
.9900E+00     5.000  0.932E+00   0.67622E+00   0.00000E+00   0.10000E+00    0.50249E-02 *******         test_N_all
.1000E+01     5.000  0.882E+00   0.70305E+00   0.00000E+00   0.10000E+00    0.50249E-02 *******         test_N_all
.1000E-01    10.000  0.991E+03   0.52900E+00   0.00000E+00   0.10000E+00    0.50249E-02 7288.65         test_N_all
.2000E-01    10.000  0.491E+03   0.45410E+00   0.00000E+00   0.10000E+00    0.50249E-02 4965.87         test_N_all
.3000E-01    10.000  0.324E+03   0.41541E+00   0.00000E+00   0.10000E+00    0.50249E-02 3940.05         test_N_all
.4000E-01    10.000  0.241E+03   0.39445E+00   0.00000E+00   0.10000E+00    0.50249E-02 3433.63         test_N_all
.5000E-01    10.000  0.191E+03   0.37718E+00   0.00000E+00   0.10000E+00    0.50249E-02 3042.77         test_N_all
.6000E-01    10.000  0.158E+03   0.36493E+00   0.00000E+00   0.10000E+00    0.50249E-02 2779.70         test_N_all
.7000E-01    10.000  0.134E+03   0.35398E+00   0.00000E+00   0.10000E+00    0.50249E-02 2554.59         test_N_all
.8000E-01    10.000  0.116E+03   0.34458E+00   0.00000E+00   0.10000E+00    0.50249E-02 2369.08         test_N_all
.9000E-01    10.000  0.102E+03   0.33560E+00   0.00000E+00   0.10000E+00    0.50249E-02 2198.26         test_N_all
.1000E+00    10.000  0.909E+02   0.32711E+00   0.00000E+00   0.10000E+00    0.50249E-02 2042.80         test_N_all
.1100E+00    10.000  0.818E+02   0.31860E+00   0.00000E+00   0.10000E+00    0.50249E-02 1892.54         test_N_all
.1200E+00    10.000  0.742E+02   0.31030E+00   0.00000E+00   0.10000E+00    0.50249E-02 1751.61         test_N_all
.1300E+00    10.000  0.678E+02   0.30204E+00   0.00000E+00   0.10000E+00    0.50249E-02 1616.68         test_N_all
.1400E+00    10.000  0.623E+02   0.29375E+00   0.00000E+00   0.10000E+00    0.50249E-02 1486.75         test_N_all
.1500E+00    10.000  0.575E+02   0.28550E+00   0.00000E+00   0.10000E+00    0.50249E-02 1362.77         test_N_all
.1600E+00    10.000  0.534E+02   0.27729E+00   0.00000E+00   0.10000E+00    0.50249E-02 1244.77         test_N_all
.1700E+00    10.000  0.497E+02   0.26914E+00   0.00000E+00   0.10000E+00    0.50249E-02 1132.95         test_N_all
.1800E+00    10.000  0.464E+02   0.26107E+00   0.00000E+00   0.10000E+00    0.50249E-02 1027.48         test_N_all
.1900E+00    10.000  0.435E+02   0.25311E+00   0.00000E+00   0.10000E+00    0.50249E-02  928.42         test_N_all
.2000E+00    10.000  0.409E+02   0.24526E+00   0.00000E+00   0.10000E+00    0.50249E-02  835.63         test_N_all
.2100E+00    10.000  0.385E+02   0.23753E+00   0.00000E+00   0.10000E+00    0.50249E-02  749.07         test_N_all
.2200E+00    10.000  0.363E+02   0.22992E+00   0.00000E+00   0.10000E+00    0.50249E-02  668.51         test_N_all
.2300E+00    10.000  0.344E+02   0.22244E+00   0.00000E+00   0.10000E+00    0.50249E-02  593.76         test_N_all
.2400E+00    10.000  0.325E+02   0.21509E+00   0.00000E+00   0.10000E+00    0.50249E-02  524.60         test_N_all
.2500E+00    10.000  0.309E+02   0.20787E+00   0.00000E+00   0.10000E+00    0.50249E-02  460.79         test_N_all
.2600E+00    10.000  0.293E+02   0.20076E+00   0.00000E+00   0.10000E+00    0.50249E-02  402.06         test_N_all
.2700E+00    10.000  0.279E+02   0.19377E+00   0.00000E+00   0.10000E+00    0.50249E-02  348.24         test_N_all
.2800E+00    10.000  0.266E+02   0.18691E+00   0.00000E+00   0.10000E+00    0.50249E-02  299.14         test_N_all
.2900E+00    10.000  0.254E+02   0.18016E+00   0.00000E+00   0.10000E+00    0.50249E-02  254.47         test_N_all
.3000E+00    10.000  0.242E+02   0.17352E+00   0.00000E+00   0.10000E+00    0.18868E-02 1518.49         test_N_all
.3100E+00    10.000  0.231E+02   0.16699E+00   0.00000E+00   0.10000E+00    0.50249E-02  177.75         test_N_all
.3200E+00    10.000  0.221E+02   0.16058E+00   0.00000E+00   0.10000E+00    0.50249E-02  145.33         test_N_all
.3300E+00    10.000  0.212E+02   0.15428E+00   0.00000E+00   0.10000E+00    0.50249E-02  116.67         test_N_all
.3400E+00    10.000  0.203E+02   0.14809E+00   0.00000E+00   0.10000E+00    0.50249E-02   91.59         test_N_all
.3500E+00    10.000  0.195E+02   0.14203E+00   0.00000E+00   0.10000E+00    0.50249E-02   69.97         test_N_all
.3600E+00    10.000  0.187E+02   0.13610E+00   0.00000E+00   0.10000E+00    0.50249E-02   51.61         test_N_all
.3700E+00    10.000  0.179E+02   0.13031E+00   0.00000E+00   0.10000E+00    0.50249E-02   36.37         test_N_all
.3800E+00    10.000  0.172E+02   0.12466E+00   0.00000E+00   0.10000E+00    0.50249E-02   24.09         test_N_all
.3900E+00    10.000  0.165E+02   0.11918E+00   0.00000E+00   0.10000E+00    0.50249E-02   14.57         test_N_all
.4000E+00    10.000  0.159E+02   0.11387E+00   0.00000E+00   0.10000E+00    0.17692E-02   61.48         test_N_all
.4100E+00    10.000  0.153E+02   0.10875E+00   0.00000E+00   0.10000E+00    0.50249E-02    3.03         test_N_all
.4200E+00    10.000  0.147E+02   0.10382E+00   0.00000E+00   0.10000E+00    0.50249E-02    0.58         test_N_all
.4300E+00    10.000  0.141E+02   0.99112E-01   0.00000E+00   0.10000E+00    0.50249E-02   -0.03         test_N_all
.4400E+00    10.000  0.136E+02   0.94627E-01   0.00000E+00   0.10000E+00    0.50249E-02   -1.14         test_N_all
.4500E+00    10.000  0.131E+02   0.90378E-01   0.00000E+00   0.10000E+00    0.50249E-02   -3.67         test_N_all
.4600E+00    10.000  0.126E+02   0.86385E-01   0.00000E+00   0.10000E+00    0.50249E-02   -7.34         test_N_all
.4700E+00    10.000  0.122E+02   0.82655E-01   0.00000E+00   0.10000E+00    0.50249E-02  -11.92         test_N_all
.4800E+00    10.000  0.117E+02   0.79200E-01   0.00000E+00   0.10000E+00    0.50249E-02  -17.13         test_N_all
.4900E+00    10.000  0.113E+02   0.76034E-01   0.00000E+00   0.10000E+00    0.50249E-02  -22.75         test_N_all
.5000E+00    10.000  0.109E+02   0.73162E-01   0.00000E+00   0.10000E+00    0.17692E-02 -230.12         test_N_all
.5100E+00    10.000  0.105E+02   0.70601E-01   0.00000E+00   0.10000E+00    0.50249E-02  -34.23         test_N_all
.5200E+00    10.000  0.101E+02   0.68353E-01   0.00000E+00   0.10000E+00    0.50249E-02  -39.66         test_N_all
.5300E+00    10.000  0.975E+01   0.66427E-01   0.00000E+00   0.10000E+00    0.50249E-02  -44.64         test_N_all
.5400E+00    10.000  0.940E+01   0.64831E-01   0.00000E+00   0.10000E+00    0.50249E-02  -48.98         test_N_all
.5500E+00    10.000  0.906E+01   0.63567E-01   0.00000E+00   0.10000E+00    0.50249E-02  -52.57         test_N_all
.5600E+00    10.000  0.874E+01   0.62645E-01   0.00000E+00   0.10000E+00    0.50249E-02  -55.26         test_N_all
.5700E+00    10.000  0.843E+01   0.62065E-01   0.00000E+00   0.10000E+00    0.50249E-02  -56.99         test_N_all
.5800E+00    10.000  0.812E+01   0.61829E-01   0.00000E+00   0.10000E+00    0.50249E-02  -57.70         test_N_all
.5900E+00    10.000  0.783E+01   0.61943E-01   0.00000E+00   0.10000E+00    0.50249E-02  -57.36         test_N_all
.6000E+00    10.000  0.755E+01   0.62404E-01   0.00000E+00   0.10000E+00    0.17692E-02 -451.59         test_N_all
.6100E+00    10.000  0.728E+01   0.63216E-01   0.00000E+00   0.10000E+00    0.50249E-02  -53.59         test_N_all
.6200E+00    10.000  0.701E+01   0.64378E-01   0.00000E+00   0.10000E+00    0.50249E-02  -50.25         test_N_all
.6300E+00    10.000  0.675E+01   0.65889E-01   0.00000E+00   0.10000E+00    0.50249E-02  -46.08         test_N_all
.6400E+00    10.000  0.651E+01   0.67749E-01   0.00000E+00   0.10000E+00    0.50249E-02  -41.19         test_N_all
.6500E+00    10.000  0.627E+01   0.69955E-01   0.00000E+00   0.10000E+00    0.50249E-02  -35.75         test_N_all
.6600E+00    10.000  0.603E+01   0.72507E-01   0.00000E+00   0.10000E+00    0.50249E-02  -29.94         test_N_all
.6700E+00    10.000  0.581E+01   0.75402E-01   0.00000E+00   0.10000E+00    0.50249E-02  -23.96         test_N_all
.6800E+00    10.000  0.559E+01   0.78637E-01   0.00000E+00   0.10000E+00    0.50249E-02  -18.07         test_N_all
.6900E+00    10.000  0.537E+01   0.82211E-01   0.00000E+00   0.10000E+00    0.50249E-02  -12.53         test_N_all
.7000E+00    10.000  0.517E+01   0.86122E-01   0.00000E+00   0.10000E+00    0.17692E-02  -61.53         test_N_all
.7100E+00    10.000  0.497E+01   0.90365E-01   0.00000E+00   0.10000E+00    0.50249E-02   -3.68         test_N_all
.7200E+00    10.000  0.477E+01   0.94939E-01   0.00000E+00   0.10000E+00    0.50249E-02   -1.01         test_N_all
.7300E+00    10.000  0.458E+01   0.99842E-01   0.00000E+00   0.10000E+00    0.50249E-02   -0.00         test_N_all
.7400E+00    10.000  0.440E+01   0.10507E+00   0.00000E+00   0.10000E+00    0.50249E-02    1.02         test_N_all
.7500E+00    10.000  0.422E+01   0.11062E+00   0.00000E+00   0.10000E+00    0.50249E-02    4.47         test_N_all
.7600E+00    10.000  0.404E+01   0.11649E+00   0.00000E+00   0.10000E+00    0.50249E-02   10.77         test_N_all
.7700E+00    10.000  0.387E+01   0.12269E+00   0.00000E+00   0.10000E+00    0.50249E-02   20.38         test_N_all
.7800E+00    10.000  0.370E+01   0.12920E+00   0.00000E+00   0.10000E+00    0.50249E-02   33.76         test_N_all
.7900E+00    10.000  0.354E+01   0.13602E+00   0.00000E+00   0.10000E+00    0.50249E-02   51.38         test_N_all
.8000E+00    10.000  0.338E+01   0.14316E+00   0.00000E+00   0.10000E+00    0.17692E-02  595.11         test_N_all
.8100E+00    10.000  0.323E+01   0.15061E+00   0.00000E+00   0.10000E+00    0.50249E-02  101.44         test_N_all
.8200E+00    10.000  0.308E+01   0.15838E+00   0.00000E+00   0.10000E+00    0.50249E-02  134.96         test_N_all
.8300E+00    10.000  0.293E+01   0.16645E+00   0.00000E+00   0.10000E+00    0.50249E-02  174.89         test_N_all
.8400E+00    10.000  0.279E+01   0.17484E+00   0.00000E+00   0.10000E+00    0.50249E-02  221.82         test_N_all
.8500E+00    10.000  0.265E+01   0.18354E+00   0.00000E+00   0.10000E+00    0.50249E-02  276.38         test_N_all
.8600E+00    10.000  0.251E+01   0.19255E+00   0.00000E+00   0.10000E+00    0.50249E-02  339.20         test_N_all
.8700E+00    10.000  0.238E+01   0.20187E+00   0.00000E+00   0.10000E+00    0.50249E-02  410.95         test_N_all
.8800E+00    10.000  0.225E+01   0.21150E+00   0.00000E+00   0.10000E+00    0.50249E-02  492.33         test_N_all
.8900E+00    10.000  0.212E+01   0.22144E+00   0.00000E+00   0.10000E+00    0.50249E-02  584.03         test_N_all
.9000E+00    10.000  0.199E+01   0.23169E+00   0.00000E+00   0.10000E+00    0.17692E-02 5540.64         test_N_all
.9100E+00    10.000  0.187E+01   0.24225E+00   0.00000E+00   0.10000E+00    0.50249E-02  801.44         test_N_all
.9200E+00    10.000  0.175E+01   0.25313E+00   0.00000E+00   0.10000E+00    0.50249E-02  928.70         test_N_all
.9300E+00    10.000  0.163E+01   0.26432E+00   0.00000E+00   0.10000E+00    0.50249E-02 1069.40         test_N_all
.9400E+00    10.000  0.152E+01   0.27583E+00   0.00000E+00   0.10000E+00    0.50249E-02 1224.40         test_N_all
.9500E+00    10.000  0.141E+01   0.28765E+00   0.00000E+00   0.10000E+00    0.50249E-02 1394.57         test_N_all
.9600E+00    10.000  0.130E+01   0.29979E+00   0.00000E+00   0.10000E+00    0.50249E-02 1580.80         test_N_all
.9700E+00    10.000  0.119E+01   0.31224E+00   0.00000E+00   0.10000E+00    0.50249E-02 1784.03         test_N_all
.9800E+00    10.000  0.109E+01   0.32502E+00   0.00000E+00   0.10000E+00    0.50249E-02 2005.25         test_N_all
.9900E+00    10.000  0.983E+00   0.33811E+00   0.00000E+00   0.10000E+00    0.50249E-02 2245.43         test_N_all
.1000E+01    10.000  0.882E+00   0.35153E+00   0.00000E+00   0.10000E+00    0.50249E-02 2505.56         test_N_all
.1000E-01    20.000  0.198E+04   0.60805E+00   0.00000E+00   0.10000E+00    0.50249E-02 *******         test_N_all
.2000E-01    20.000  0.981E+03   0.50701E+00   0.00000E+00   0.10000E+00    0.50249E-02 6560.66         test_N_all
.3000E-01    20.000  0.648E+03   0.45389E+00   0.00000E+00   0.10000E+00    0.50249E-02 4959.82         test_N_all
.4000E-01    20.000  0.481E+03   0.42469E+00   0.00000E+00   0.10000E+00    0.50249E-02 4175.24         test_N_all
.5000E-01    20.000  0.381E+03   0.40041E+00   0.00000E+00   0.10000E+00    0.50249E-02 3574.21         test_N_all
.6000E-01    20.000  0.314E+03   0.38322E+00   0.00000E+00   0.10000E+00    0.50249E-02 3176.83         test_N_all
.7000E-01    20.000  0.267E+03   0.36791E+00   0.00000E+00   0.10000E+00    0.50249E-02 2842.60         test_N_all
.8000E-01    20.000  0.231E+03   0.35523E+00   0.00000E+00   0.10000E+00    0.50249E-02 2579.95         test_N_all
.9000E-01    20.000  0.203E+03   0.34344E+00   0.00000E+00   0.10000E+00    0.50249E-02 2346.98         test_N_all
.1000E+00    20.000  0.181E+03   0.33265E+00   0.00000E+00   0.10000E+00    0.50249E-02 2143.69         test_N_all
.1100E+00    20.000  0.163E+03   0.32222E+00   0.00000E+00   0.10000E+00    0.50249E-02 1955.77         test_N_all
.1200E+00    20.000  0.148E+03   0.31223E+00   0.00000E+00   0.10000E+00    0.50249E-02 1783.89         test_N_all
.1300E+00    20.000  0.135E+03   0.30256E+00   0.00000E+00   0.10000E+00    0.50249E-02 1625.05         test_N_all
.1400E+00    20.000  0.124E+03   0.29309E+00   0.00000E+00   0.10000E+00    0.50249E-02 1476.59         test_N_all
.1500E+00    20.000  0.114E+03   0.28387E+00   0.00000E+00   0.10000E+00    0.50249E-02 1338.91         test_N_all
.1600E+00    20.000  0.106E+03   0.27483E+00   0.00000E+00   0.10000E+00    0.50249E-02 1210.55         test_N_all
.1700E+00    20.000  0.985E+02   0.26601E+00   0.00000E+00   0.10000E+00    0.50249E-02 1091.41         test_N_all
.1800E+00    20.000  0.920E+02   0.25738E+00   0.00000E+00   0.10000E+00    0.50249E-02  980.97         test_N_all
.1900E+00    20.000  0.861E+02   0.24895E+00   0.00000E+00   0.10000E+00    0.50249E-02  878.68         test_N_all
.2000E+00    20.000  0.809E+02   0.24071E+00   0.00000E+00   0.10000E+00    0.50249E-02  784.18         test_N_all
.2100E+00    20.000  0.761E+02   0.23266E+00   0.00000E+00   0.10000E+00    0.50249E-02  696.94         test_N_all
.2200E+00    20.000  0.718E+02   0.22478E+00   0.00000E+00   0.10000E+00    0.50249E-02  616.59         test_N_all
.2300E+00    20.000  0.678E+02   0.21707E+00   0.00000E+00   0.10000E+00    0.50249E-02  542.74         test_N_all
.2400E+00    20.000  0.642E+02   0.20951E+00   0.00000E+00   0.10000E+00    0.50249E-02  474.96         test_N_all
.2500E+00    20.000  0.609E+02   0.20211E+00   0.00000E+00   0.10000E+00    0.50249E-02  412.97         test_N_all
.2600E+00    20.000  0.578E+02   0.19485E+00   0.00000E+00   0.10000E+00    0.50249E-02  356.33         test_N_all
.2700E+00    20.000  0.550E+02   0.18773E+00   0.00000E+00   0.10000E+00    0.50249E-02  304.84         test_N_all
.2800E+00    20.000  0.523E+02   0.18074E+00   0.00000E+00   0.10000E+00    0.50249E-02  258.20         test_N_all
.2900E+00    20.000  0.498E+02   0.17387E+00   0.00000E+00   0.10000E+00    0.50249E-02  216.13         test_N_all
.3000E+00    20.000  0.475E+02   0.16712E+00   0.00000E+00   0.10000E+00    0.18868E-02 1265.65         test_N_all
.3100E+00    20.000  0.454E+02   0.16050E+00   0.00000E+00   0.10000E+00    0.50249E-02  144.94         test_N_all
.3200E+00    20.000  0.434E+02   0.15398E+00   0.00000E+00   0.10000E+00    0.50249E-02  115.42         test_N_all
.3300E+00    20.000  0.415E+02   0.14759E+00   0.00000E+00   0.10000E+00    0.50249E-02   89.69         test_N_all
.3400E+00    20.000  0.397E+02   0.14131E+00   0.00000E+00   0.10000E+00    0.50249E-02   67.58         test_N_all
.3500E+00    20.000  0.380E+02   0.13515E+00   0.00000E+00   0.10000E+00    0.50249E-02   48.94         test_N_all
.3600E+00    20.000  0.364E+02   0.12912E+00   0.00000E+00   0.10000E+00    0.50249E-02   33.58         test_N_all
.3700E+00    20.000  0.349E+02   0.12322E+00   0.00000E+00   0.10000E+00    0.50249E-02   21.36         test_N_all
.3800E+00    20.000  0.335E+02   0.11746E+00   0.00000E+00   0.10000E+00    0.50249E-02   12.08         test_N_all
.3900E+00    20.000  0.322E+02   0.11185E+00   0.00000E+00   0.10000E+00    0.50249E-02    5.56         test_N_all
.4000E+00    20.000  0.309E+02   0.10639E+00   0.00000E+00   0.10000E+00    0.17692E-02   13.06         test_N_all
.4100E+00    20.000  0.297E+02   0.10111E+00   0.00000E+00   0.10000E+00    0.50249E-02    0.05         test_N_all
.4200E+00    20.000  0.285E+02   0.95994E-01   0.00000E+00   0.10000E+00    0.50249E-02   -0.64         test_N_all
.4300E+00    20.000  0.274E+02   0.91066E-01   0.00000E+00   0.10000E+00    0.50249E-02   -3.16         test_N_all
.4400E+00    20.000  0.263E+02   0.86334E-01   0.00000E+00   0.10000E+00    0.50249E-02   -7.40         test_N_all
.4500E+00    20.000  0.253E+02   0.81803E-01   0.00000E+00   0.10000E+00    0.50249E-02  -13.11         test_N_all
.4600E+00    20.000  0.244E+02   0.77488E-01   0.00000E+00   0.10000E+00    0.50249E-02  -20.07         test_N_all
.4700E+00    20.000  0.234E+02   0.73391E-01   0.00000E+00   0.10000E+00    0.50249E-02  -28.04         test_N_all
.4800E+00    20.000  0.225E+02   0.69521E-01   0.00000E+00   0.10000E+00    0.50249E-02  -36.79         test_N_all
.4900E+00    20.000  0.217E+02   0.65885E-01   0.00000E+00   0.10000E+00    0.50249E-02  -46.09         test_N_all
.5000E+00    20.000  0.209E+02   0.62486E-01   0.00000E+00   0.10000E+00    0.17692E-02 -449.61         test_N_all
.5100E+00    20.000  0.201E+02   0.59335E-01   0.00000E+00   0.10000E+00    0.50249E-02  -65.49         test_N_all
.5200E+00    20.000  0.193E+02   0.56429E-01   0.00000E+00   0.10000E+00    0.50249E-02  -75.19         test_N_all
.5300E+00    20.000  0.186E+02   0.53774E-01   0.00000E+00   0.10000E+00    0.50249E-02  -84.63         test_N_all
.5400E+00    20.000  0.179E+02   0.51374E-01   0.00000E+00   0.10000E+00    0.50249E-02  -93.64         test_N_all
.5500E+00    20.000  0.172E+02   0.49227E-01   0.00000E+00   0.10000E+00    0.50249E-02 -102.10         test_N_all
.5600E+00    20.000  0.166E+02   0.47338E-01   0.00000E+00   0.10000E+00    0.50249E-02 -109.83         test_N_all
.5700E+00    20.000  0.160E+02   0.45703E-01   0.00000E+00   0.10000E+00    0.50249E-02 -116.76         test_N_all
.5800E+00    20.000  0.154E+02   0.44324E-01   0.00000E+00   0.10000E+00    0.50249E-02 -122.77         test_N_all
.5900E+00    20.000  0.148E+02   0.43199E-01   0.00000E+00   0.10000E+00    0.50249E-02 -127.78         test_N_all
.6000E+00    20.000  0.142E+02   0.42325E-01   0.00000E+00   0.10000E+00    0.17692E-02 *******         test_N_all
.6100E+00    20.000  0.137E+02   0.41703E-01   0.00000E+00   0.10000E+00    0.50249E-02 -134.60         test_N_all
.6200E+00    20.000  0.131E+02   0.41326E-01   0.00000E+00   0.10000E+00    0.50249E-02 -136.34         test_N_all
.6300E+00    20.000  0.126E+02   0.41194E-01   0.00000E+00   0.10000E+00    0.50249E-02 -136.96         test_N_all
.6400E+00    20.000  0.121E+02   0.41302E-01   0.00000E+00   0.10000E+00    0.50249E-02 -136.45         test_N_all
.6500E+00    20.000  0.117E+02   0.41646E-01   0.00000E+00   0.10000E+00    0.50249E-02 -134.86         test_N_all
.6600E+00    20.000  0.112E+02   0.42223E-01   0.00000E+00   0.10000E+00    0.50249E-02 -132.20         test_N_all
.6700E+00    20.000  0.107E+02   0.43029E-01   0.00000E+00   0.10000E+00    0.50249E-02 -128.54         test_N_all
.6800E+00    20.000  0.103E+02   0.44058E-01   0.00000E+00   0.10000E+00    0.50249E-02 -123.94         test_N_all
.6900E+00    20.000  0.987E+01   0.45308E-01   0.00000E+00   0.10000E+00    0.50249E-02 -118.47         test_N_all
.7000E+00    20.000  0.945E+01   0.46773E-01   0.00000E+00   0.10000E+00    0.17692E-02 -905.15         test_N_all
.7100E+00    20.000  0.905E+01   0.48449E-01   0.00000E+00   0.10000E+00    0.50249E-02 -105.25         test_N_all
.7200E+00    20.000  0.866E+01   0.50332E-01   0.00000E+00   0.10000E+00    0.50249E-02  -97.70         test_N_all
.7300E+00    20.000  0.828E+01   0.52419E-01   0.00000E+00   0.10000E+00    0.50249E-02  -89.66         test_N_all
.7400E+00    20.000  0.791E+01   0.54704E-01   0.00000E+00   0.10000E+00    0.50249E-02  -81.26         test_N_all
.7500E+00    20.000  0.755E+01   0.57186E-01   0.00000E+00   0.10000E+00    0.50249E-02  -72.60         test_N_all
.7600E+00    20.000  0.720E+01   0.59858E-01   0.00000E+00   0.10000E+00    0.50249E-02  -63.82         test_N_all
.7700E+00    20.000  0.686E+01   0.62719E-01   0.00000E+00   0.10000E+00    0.50249E-02  -55.05         test_N_all
.7800E+00    20.000  0.652E+01   0.65765E-01   0.00000E+00   0.10000E+00    0.50249E-02  -46.42         test_N_all
.7900E+00    20.000  0.620E+01   0.68993E-01   0.00000E+00   0.10000E+00    0.50249E-02  -38.08         test_N_all
.8000E+00    20.000  0.588E+01   0.72401E-01   0.00000E+00   0.10000E+00    0.17692E-02 -243.35         test_N_all
.8100E+00    20.000  0.557E+01   0.75986E-01   0.00000E+00   0.10000E+00    0.50249E-02  -22.84         test_N_all
.8200E+00    20.000  0.527E+01   0.79746E-01   0.00000E+00   0.10000E+00    0.50249E-02  -16.25         test_N_all
.8300E+00    20.000  0.498E+01   0.83678E-01   0.00000E+00   0.10000E+00    0.50249E-02  -10.55         test_N_all
.8400E+00    20.000  0.469E+01   0.87781E-01   0.00000E+00   0.10000E+00    0.50249E-02   -5.91         test_N_all
.8500E+00    20.000  0.441E+01   0.92055E-01   0.00000E+00   0.10000E+00    0.50249E-02   -2.50         test_N_all
.8600E+00    20.000  0.414E+01   0.96494E-01   0.00000E+00   0.10000E+00    0.50249E-02   -0.49         test_N_all
.8700E+00    20.000  0.387E+01   0.10110E+00   0.00000E+00   0.10000E+00    0.50249E-02    0.05         test_N_all
.8800E+00    20.000  0.361E+01   0.10587E+00   0.00000E+00   0.10000E+00    0.50249E-02    1.37         test_N_all
.8900E+00    20.000  0.335E+01   0.11081E+00   0.00000E+00   0.10000E+00    0.50249E-02    4.63         test_N_all
.9000E+00    20.000  0.310E+01   0.11591E+00   0.00000E+00   0.10000E+00    0.17692E-02   80.86         test_N_all
.9100E+00    20.000  0.286E+01   0.12117E+00   0.00000E+00   0.10000E+00    0.50249E-02   17.75         test_N_all
.9200E+00    20.000  0.262E+01   0.12659E+00   0.00000E+00   0.10000E+00    0.50249E-02   28.01         test_N_all
.9300E+00    20.000  0.239E+01   0.13218E+00   0.00000E+00   0.10000E+00    0.50249E-02   41.01         test_N_all
.9400E+00    20.000  0.216E+01   0.13792E+00   0.00000E+00   0.10000E+00    0.50249E-02   56.96         test_N_all
.9500E+00    20.000  0.193E+01   0.14383E+00   0.00000E+00   0.10000E+00    0.50249E-02   76.08         test_N_all
.9600E+00    20.000  0.172E+01   0.14990E+00   0.00000E+00   0.10000E+00    0.50249E-02   98.60         test_N_all
.9700E+00    20.000  0.150E+01   0.15612E+00   0.00000E+00   0.10000E+00    0.50249E-02  124.74         test_N_all
.9800E+00    20.000  0.129E+01   0.16251E+00   0.00000E+00   0.10000E+00    0.50249E-02  154.75         test_N_all
.9900E+00    20.000  0.108E+01   0.16906E+00   0.00000E+00   0.10000E+00    0.50249E-02  188.86         test_N_all
.1000E+01    20.000  0.882E+00   0.17576E+00   0.00000E+00   0.10000E+00    0.50249E-02  227.33         test_N_all
.1000E+00    50.000  0.451E+03   0.33635E+00   0.00000E+00   0.10000E+00    0.50249E-02 2212.34         test_N_all
.1100E+00    50.000  0.405E+03   0.32360E+00   0.00000E+00   0.10000E+00    0.50249E-02 1980.01         test_N_all
.1200E+00    50.000  0.368E+03   0.31169E+00   0.00000E+00   0.10000E+00    0.50249E-02 1774.75         test_N_all
.1300E+00    50.000  0.335E+03   0.30043E+00   0.00000E+00   0.10000E+00    0.50249E-02 1590.92         test_N_all
.1400E+00    50.000  0.308E+03   0.28960E+00   0.00000E+00   0.10000E+00    0.50249E-02 1423.72         test_N_all
.1500E+00    50.000  0.284E+03   0.27927E+00   0.00000E+00   0.10000E+00    0.50249E-02 1272.79         test_N_all
.1600E+00    50.000  0.263E+03   0.26929E+00   0.00000E+00   0.10000E+00    0.50249E-02 1134.96         test_N_all
.1700E+00    50.000  0.245E+03   0.25967E+00   0.00000E+00   0.10000E+00    0.50249E-02 1009.71         test_N_all
.1800E+00    50.000  0.229E+03   0.25039E+00   0.00000E+00   0.10000E+00    0.50249E-02  895.73         test_N_all
.1900E+00    50.000  0.214E+03   0.24140E+00   0.00000E+00   0.10000E+00    0.50249E-02  791.82         test_N_all
.2000E+00    50.000  0.201E+03   0.23270E+00   0.00000E+00   0.10000E+00    0.50249E-02  697.36         test_N_all
.2100E+00    50.000  0.189E+03   0.22424E+00   0.00000E+00   0.10000E+00    0.50249E-02  611.30         test_N_all
.2200E+00    50.000  0.178E+03   0.21603E+00   0.00000E+00   0.10000E+00    0.50249E-02  533.15         test_N_all
.2300E+00    50.000  0.168E+03   0.20804E+00   0.00000E+00   0.10000E+00    0.50249E-02  462.25         test_N_all
.2400E+00    50.000  0.159E+03   0.20025E+00   0.00000E+00   0.10000E+00    0.50249E-02  397.99         test_N_all
.2500E+00    50.000  0.151E+03   0.19265E+00   0.00000E+00   0.10000E+00    0.50249E-02  339.99         test_N_all
.2600E+00    50.000  0.143E+03   0.18523E+00   0.00000E+00   0.10000E+00    0.50249E-02  287.70         test_N_all
.2700E+00    50.000  0.136E+03   0.17798E+00   0.00000E+00   0.10000E+00    0.50249E-02  240.83         test_N_all
.2800E+00    50.000  0.129E+03   0.17089E+00   0.00000E+00   0.10000E+00    0.50249E-02  199.00         test_N_all
.2900E+00    50.000  0.123E+03   0.16394E+00   0.00000E+00   0.10000E+00    0.50249E-02  161.90         test_N_all
.3000E+00    50.000  0.118E+03   0.15714E+00   0.00000E+00   0.10000E+00    0.18868E-02  916.99         test_N_all
.3100E+00    50.000  0.112E+03   0.15047E+00   0.00000E+00   0.10000E+00    0.50249E-02  100.86         test_N_all
.3200E+00    50.000  0.107E+03   0.14393E+00   0.00000E+00   0.10000E+00    0.50249E-02   76.44         test_N_all
.3300E+00    50.000  0.102E+03   0.13753E+00   0.00000E+00   0.10000E+00    0.50249E-02   55.80         test_N_all
.3400E+00    50.000  0.979E+02   0.13127E+00   0.00000E+00   0.10000E+00    0.50249E-02   38.72         test_N_all
.3500E+00    50.000  0.937E+02   0.12514E+00   0.00000E+00   0.10000E+00    0.50249E-02   25.03         test_N_all
.3600E+00    50.000  0.898E+02   0.11914E+00   0.00000E+00   0.10000E+00    0.50249E-02   14.52         test_N_all
.3700E+00    50.000  0.860E+02   0.11329E+00   0.00000E+00   0.10000E+00    0.50249E-02    7.00         test_N_all
.3800E+00    50.000  0.825E+02   0.10759E+00   0.00000E+00   0.10000E+00    0.50249E-02    2.28         test_N_all
.3900E+00    50.000  0.791E+02   0.10204E+00   0.00000E+00   0.10000E+00    0.50249E-02    0.16         test_N_all
.4000E+00    50.000  0.759E+02   0.96647E-01   0.00000E+00   0.10000E+00    0.17692E-02   -3.59         test_N_all
.4100E+00    50.000  0.728E+02   0.91421E-01   0.00000E+00   0.10000E+00    0.50249E-02   -2.92         test_N_all
.4200E+00    50.000  0.699E+02   0.86363E-01   0.00000E+00   0.10000E+00    0.50249E-02   -7.37         test_N_all
.4300E+00    50.000  0.672E+02   0.81481E-01   0.00000E+00   0.10000E+00    0.50249E-02  -13.58         test_N_all
.4400E+00    50.000  0.645E+02   0.76782E-01   0.00000E+00   0.10000E+00    0.50249E-02  -21.35         test_N_all
.4500E+00    50.000  0.620E+02   0.72267E-01   0.00000E+00   0.10000E+00    0.50249E-02  -30.46         test_N_all
.4600E+00    50.000  0.596E+02   0.67946E-01   0.00000E+00   0.10000E+00    0.50249E-02  -40.69         test_N_all
.4700E+00    50.000  0.573E+02   0.63819E-01   0.00000E+00   0.10000E+00    0.50249E-02  -51.84         test_N_all
.4800E+00    50.000  0.550E+02   0.59891E-01   0.00000E+00   0.10000E+00    0.50249E-02  -63.71         test_N_all
.4900E+00    50.000  0.529E+02   0.56165E-01   0.00000E+00   0.10000E+00    0.50249E-02  -76.10         test_N_all
.5000E+00    50.000  0.509E+02   0.52640E-01   0.00000E+00   0.10000E+00    0.17692E-02 -716.59         test_N_all
.5100E+00    50.000  0.489E+02   0.49323E-01   0.00000E+00   0.10000E+00    0.50249E-02 -101.71         test_N_all
.5200E+00    50.000  0.470E+02   0.46209E-01   0.00000E+00   0.10000E+00    0.50249E-02 -114.59         test_N_all
.5300E+00    50.000  0.452E+02   0.43300E-01   0.00000E+00   0.10000E+00    0.50249E-02 -127.32         test_N_all
.5400E+00    50.000  0.435E+02   0.40597E-01   0.00000E+00   0.10000E+00    0.50249E-02 -139.75         test_N_all
.5500E+00    50.000  0.418E+02   0.38094E-01   0.00000E+00   0.10000E+00    0.50249E-02 -151.78         test_N_all
.5600E+00    50.000  0.402E+02   0.35794E-01   0.00000E+00   0.10000E+00    0.50249E-02 -163.27         test_N_all
.5700E+00    50.000  0.386E+02   0.33691E-01   0.00000E+00   0.10000E+00    0.50249E-02 -174.14         test_N_all
.5800E+00    50.000  0.371E+02   0.31782E-01   0.00000E+00   0.10000E+00    0.50249E-02 -184.30         test_N_all
.5900E+00    50.000  0.356E+02   0.30066E-01   0.00000E+00   0.10000E+00    0.50249E-02 -193.70         test_N_all
.6000E+00    50.000  0.342E+02   0.28536E-01   0.00000E+00   0.10000E+00    0.17692E-02 *******         test_N_all
.6100E+00    50.000  0.328E+02   0.27190E-01   0.00000E+00   0.10000E+00    0.50249E-02 -209.95         test_N_all
.6200E+00    50.000  0.315E+02   0.26022E-01   0.00000E+00   0.10000E+00    0.50249E-02 -216.74         test_N_all
.6300E+00    50.000  0.302E+02   0.25028E-01   0.00000E+00   0.10000E+00    0.50249E-02 -222.61         test_N_all
.6400E+00    50.000  0.290E+02   0.24202E-01   0.00000E+00   0.10000E+00    0.50249E-02 -227.54         test_N_all
.6500E+00    50.000  0.278E+02   0.23540E-01   0.00000E+00   0.10000E+00    0.50249E-02 -231.53         test_N_all
.6600E+00    50.000  0.266E+02   0.23035E-01   0.00000E+00   0.10000E+00    0.50249E-02 -234.60         test_N_all
.6700E+00    50.000  0.255E+02   0.22684E-01   0.00000E+00   0.10000E+00    0.50249E-02 -236.74         test_N_all
.6800E+00    50.000  0.244E+02   0.22480E-01   0.00000E+00   0.10000E+00    0.50249E-02 -237.99         test_N_all
.6900E+00    50.000  0.233E+02   0.22419E-01   0.00000E+00   0.10000E+00    0.50249E-02 -238.37         test_N_all
.7000E+00    50.000  0.223E+02   0.22496E-01   0.00000E+00   0.10000E+00    0.17692E-02 *******         test_N_all
.7100E+00    50.000  0.213E+02   0.22703E-01   0.00000E+00   0.10000E+00    0.50249E-02 -236.63         test_N_all
.7200E+00    50.000  0.203E+02   0.23039E-01   0.00000E+00   0.10000E+00    0.50249E-02 -234.58         test_N_all
.7300E+00    50.000  0.194E+02   0.23497E-01   0.00000E+00   0.10000E+00    0.50249E-02 -231.79         test_N_all
.7400E+00    50.000  0.184E+02   0.24073E-01   0.00000E+00   0.10000E+00    0.50249E-02 -228.31         test_N_all
.7500E+00    50.000  0.175E+02   0.24763E-01   0.00000E+00   0.10000E+00    0.50249E-02 -224.18         test_N_all
.7600E+00    50.000  0.167E+02   0.25561E-01   0.00000E+00   0.10000E+00    0.50249E-02 -219.45         test_N_all
.7700E+00    50.000  0.158E+02   0.26466E-01   0.00000E+00   0.10000E+00    0.50249E-02 -214.15         test_N_all
.7800E+00    50.000  0.150E+02   0.27473E-01   0.00000E+00   0.10000E+00    0.50249E-02 -208.33         test_N_all
.7900E+00    50.000  0.142E+02   0.28577E-01   0.00000E+00   0.10000E+00    0.50249E-02 -202.03         test_N_all
.8000E+00    50.000  0.134E+02   0.29777E-01   0.00000E+00   0.10000E+00    0.17692E-02 *******         test_N_all
.8100E+00    50.000  0.126E+02   0.31068E-01   0.00000E+00   0.10000E+00    0.50249E-02 -188.18         test_N_all
.8200E+00    50.000  0.119E+02   0.32449E-01   0.00000E+00   0.10000E+00    0.50249E-02 -180.72         test_N_all
.8300E+00    50.000  0.111E+02   0.33917E-01   0.00000E+00   0.10000E+00    0.50249E-02 -172.95         test_N_all
.8400E+00    50.000  0.104E+02   0.35468E-01   0.00000E+00   0.10000E+00    0.50249E-02 -164.93         test_N_all
.8500E+00    50.000  0.971E+01   0.37101E-01   0.00000E+00   0.10000E+00    0.50249E-02 -156.68         test_N_all
.8600E+00    50.000  0.902E+01   0.38814E-01   0.00000E+00   0.10000E+00    0.50249E-02 -148.27         test_N_all
.8700E+00    50.000  0.835E+01   0.40604E-01   0.00000E+00   0.10000E+00    0.50249E-02 -139.72         test_N_all
.8800E+00    50.000  0.770E+01   0.42471E-01   0.00000E+00   0.10000E+00    0.50249E-02 -131.07         test_N_all
.8900E+00    50.000  0.706E+01   0.44411E-01   0.00000E+00   0.10000E+00    0.50249E-02 -122.38         test_N_all
.9000E+00    50.000  0.644E+01   0.46425E-01   0.00000E+00   0.10000E+00    0.17692E-02 -917.03         test_N_all
.9100E+00    50.000  0.583E+01   0.48509E-01   0.00000E+00   0.10000E+00    0.50249E-02 -105.00         test_N_all
.9200E+00    50.000  0.523E+01   0.50664E-01   0.00000E+00   0.10000E+00    0.50249E-02  -96.40         test_N_all
.9300E+00    50.000  0.465E+01   0.52887E-01   0.00000E+00   0.10000E+00    0.50249E-02  -87.91         test_N_all
.9400E+00    50.000  0.407E+01   0.55178E-01   0.00000E+00   0.10000E+00    0.50249E-02  -79.56         test_N_all
.9500E+00    50.000  0.351E+01   0.57536E-01   0.00000E+00   0.10000E+00    0.50249E-02  -71.41         test_N_all
.9600E+00    50.000  0.297E+01   0.59960E-01   0.00000E+00   0.10000E+00    0.50249E-02  -63.49         test_N_all
.9700E+00    50.000  0.243E+01   0.62449E-01   0.00000E+00   0.10000E+00    0.50249E-02  -55.84         test_N_all
.9800E+00    50.000  0.190E+01   0.65004E-01   0.00000E+00   0.10000E+00    0.50249E-02  -48.50         test_N_all
.9900E+00    50.000  0.139E+01   0.67623E-01   0.00000E+00   0.10000E+00    0.50249E-02  -41.52         test_N_all
.1000E+01    50.000  0.882E+00   0.70305E-01   0.00000E+00   0.10000E+00    0.50249E-02  -34.92         test_N_all
.1000E+00   100.000  0.901E+03   0.33747E+00   0.00000E+00   0.10000E+00    0.50249E-02 2233.31         test_N_all
.1100E+00   100.000  0.810E+03   0.32320E+00   0.00000E+00   0.10000E+00    0.50249E-02 1973.07         test_N_all
.1200E+00   100.000  0.734E+03   0.31006E+00   0.00000E+00   0.10000E+00    0.50249E-02 1747.49         test_N_all
.1300E+00   100.000  0.670E+03   0.29776E+00   0.00000E+00   0.10000E+00    0.50249E-02 1548.93         test_N_all
.1400E+00   100.000  0.615E+03   0.28607E+00   0.00000E+00   0.10000E+00    0.50249E-02 1371.14         test_N_all
.1500E+00   100.000  0.568E+03   0.27502E+00   0.00000E+00   0.10000E+00    0.50249E-02 1213.13         test_N_all
.1600E+00   100.000  0.526E+03   0.26442E+00   0.00000E+00   0.10000E+00    0.50249E-02 1070.63         test_N_all
.1700E+00   100.000  0.489E+03   0.25429E+00   0.00000E+00   0.10000E+00    0.50249E-02  942.78         test_N_all
.1800E+00   100.000  0.456E+03   0.24457E+00   0.00000E+00   0.10000E+00    0.50249E-02  827.79         test_N_all
.1900E+00   100.000  0.427E+03   0.23522E+00   0.00000E+00   0.10000E+00    0.50249E-02  724.09         test_N_all
.2000E+00   100.000  0.401E+03   0.22621E+00   0.00000E+00   0.10000E+00    0.50249E-02  630.86         test_N_all
.2100E+00   100.000  0.377E+03   0.21749E+00   0.00000E+00   0.10000E+00    0.50249E-02  546.74         test_N_all
.2200E+00   100.000  0.355E+03   0.20907E+00   0.00000E+00   0.10000E+00    0.50249E-02  471.11         test_N_all
.2300E+00   100.000  0.336E+03   0.20090E+00   0.00000E+00   0.10000E+00    0.50249E-02  403.19         test_N_all
.2400E+00   100.000  0.318E+03   0.19296E+00   0.00000E+00   0.10000E+00    0.50249E-02  342.26         test_N_all
.2500E+00   100.000  0.301E+03   0.18525E+00   0.00000E+00   0.10000E+00    0.50249E-02  287.86         test_N_all
.2600E+00   100.000  0.285E+03   0.17774E+00   0.00000E+00   0.10000E+00    0.50249E-02  239.36         test_N_all
.2700E+00   100.000  0.271E+03   0.17042E+00   0.00000E+00   0.10000E+00    0.50249E-02  196.41         test_N_all
.2800E+00   100.000  0.258E+03   0.16328E+00   0.00000E+00   0.10000E+00    0.50249E-02  158.61         test_N_all
.2900E+00   100.000  0.246E+03   0.15631E+00   0.00000E+00   0.10000E+00    0.50249E-02  125.59         test_N_all
.3000E+00   100.000  0.234E+03   0.14951E+00   0.00000E+00   0.10000E+00    0.18868E-02  688.45         test_N_all
.3100E+00   100.000  0.223E+03   0.14285E+00   0.00000E+00   0.10000E+00    0.50249E-02   72.72         test_N_all
.3200E+00   100.000  0.213E+03   0.13635E+00   0.00000E+00   0.10000E+00    0.50249E-02   52.33         test_N_all
.3300E+00   100.000  0.204E+03   0.13000E+00   0.00000E+00   0.10000E+00    0.50249E-02   35.65         test_N_all
.3400E+00   100.000  0.195E+03   0.12380E+00   0.00000E+00   0.10000E+00    0.50249E-02   22.43         test_N_all
.3500E+00   100.000  0.187E+03   0.11775E+00   0.00000E+00   0.10000E+00    0.50249E-02   12.48         test_N_all
.3600E+00   100.000  0.179E+03   0.11185E+00   0.00000E+00   0.10000E+00    0.50249E-02    5.56         test_N_all
.3700E+00   100.000  0.171E+03   0.10610E+00   0.00000E+00   0.10000E+00    0.50249E-02    1.48         test_N_all
.3800E+00   100.000  0.164E+03   0.10051E+00   0.00000E+00   0.10000E+00    0.50249E-02    0.01         test_N_all
.3900E+00   100.000  0.157E+03   0.95087E-01   0.00000E+00   0.10000E+00    0.50249E-02   -0.96         test_N_all
.4000E+00   100.000  0.151E+03   0.89823E-01   0.00000E+00   0.10000E+00    0.17692E-02  -33.09         test_N_all
.4100E+00   100.000  0.145E+03   0.84730E-01   0.00000E+00   0.10000E+00    0.50249E-02   -9.23         test_N_all
.4200E+00   100.000  0.139E+03   0.79809E-01   0.00000E+00   0.10000E+00    0.50249E-02  -16.15         test_N_all
.4300E+00   100.000  0.133E+03   0.75065E-01   0.00000E+00   0.10000E+00    0.50249E-02  -24.62         test_N_all
.4400E+00   100.000  0.128E+03   0.70503E-01   0.00000E+00   0.10000E+00    0.50249E-02  -34.46         test_N_all
.4500E+00   100.000  0.123E+03   0.66122E-01   0.00000E+00   0.10000E+00    0.50249E-02  -45.45         test_N_all
.4600E+00   100.000  0.118E+03   0.61930E-01   0.00000E+00   0.10000E+00    0.50249E-02  -57.40         test_N_all
.4700E+00   100.000  0.114E+03   0.57925E-01   0.00000E+00   0.10000E+00    0.50249E-02  -70.11         test_N_all
.4800E+00   100.000  0.109E+03   0.54109E-01   0.00000E+00   0.10000E+00    0.50249E-02  -83.41         test_N_all
.4900E+00   100.000  0.105E+03   0.50485E-01   0.00000E+00   0.10000E+00    0.50249E-02  -97.10         test_N_all
.5000E+00   100.000  0.101E+03   0.47049E-01   0.00000E+00   0.10000E+00    0.17692E-02 -895.78         test_N_all
.5100E+00   100.000  0.970E+02   0.43806E-01   0.00000E+00   0.10000E+00    0.50249E-02 -125.06         test_N_all
.5200E+00   100.000  0.932E+02   0.40750E-01   0.00000E+00   0.10000E+00    0.50249E-02 -139.03         test_N_all
.5300E+00   100.000  0.896E+02   0.37881E-01   0.00000E+00   0.10000E+00    0.50249E-02 -152.82         test_N_all
.5400E+00   100.000  0.861E+02   0.35198E-01   0.00000E+00   0.10000E+00    0.50249E-02 -166.31         test_N_all
.5500E+00   100.000  0.827E+02   0.32695E-01   0.00000E+00   0.10000E+00    0.50249E-02 -179.40         test_N_all
.5600E+00   100.000  0.795E+02   0.30372E-01   0.00000E+00   0.10000E+00    0.50249E-02 -192.00         test_N_all
.5700E+00   100.000  0.763E+02   0.28223E-01   0.00000E+00   0.10000E+00    0.50249E-02 -204.03         test_N_all
.5800E+00   100.000  0.733E+02   0.26245E-01   0.00000E+00   0.10000E+00    0.50249E-02 -215.44         test_N_all
.5900E+00   100.000  0.704E+02   0.24433E-01   0.00000E+00   0.10000E+00    0.50249E-02 -226.15         test_N_all
.6000E+00   100.000  0.675E+02   0.22782E-01   0.00000E+00   0.10000E+00    0.17692E-02 *******         test_N_all
.6100E+00   100.000  0.648E+02   0.21287E-01   0.00000E+00   0.10000E+00    0.50249E-02 -245.38         test_N_all
.6200E+00   100.000  0.622E+02   0.19943E-01   0.00000E+00   0.10000E+00    0.50249E-02 -253.83         test_N_all
.6300E+00   100.000  0.596E+02   0.18744E-01   0.00000E+00   0.10000E+00    0.50249E-02 -261.49         test_N_all
.6400E+00   100.000  0.571E+02   0.17685E-01   0.00000E+00   0.10000E+00    0.50249E-02 -268.34         test_N_all
.6500E+00   100.000  0.547E+02   0.16761E-01   0.00000E+00   0.10000E+00    0.50249E-02 -274.40         test_N_all
.6600E+00   100.000  0.524E+02   0.15966E-01   0.00000E+00   0.10000E+00    0.50249E-02 -279.67         test_N_all
.6700E+00   100.000  0.501E+02   0.15293E-01   0.00000E+00   0.10000E+00    0.50249E-02 -284.17         test_N_all
.6800E+00   100.000  0.479E+02   0.14739E-01   0.00000E+00   0.10000E+00    0.50249E-02 -287.90         test_N_all
.6900E+00   100.000  0.458E+02   0.14297E-01   0.00000E+00   0.10000E+00    0.50249E-02 -290.89         test_N_all
.7000E+00   100.000  0.437E+02   0.13962E-01   0.00000E+00   0.10000E+00    0.17692E-02 *******         test_N_all
.7100E+00   100.000  0.417E+02   0.13728E-01   0.00000E+00   0.10000E+00    0.50249E-02 -294.77         test_N_all
.7200E+00   100.000  0.398E+02   0.13592E-01   0.00000E+00   0.10000E+00    0.50249E-02 -295.70         test_N_all
.7300E+00   100.000  0.379E+02   0.13548E-01   0.00000E+00   0.10000E+00    0.50249E-02 -296.00         test_N_all
.7400E+00   100.000  0.360E+02   0.13591E-01   0.00000E+00   0.10000E+00    0.50249E-02 -295.71         test_N_all
.7500E+00   100.000  0.342E+02   0.13718E-01   0.00000E+00   0.10000E+00    0.50249E-02 -294.84         test_N_all
.7600E+00   100.000  0.325E+02   0.13922E-01   0.00000E+00   0.10000E+00    0.50249E-02 -293.44         test_N_all
.7700E+00   100.000  0.308E+02   0.14203E-01   0.00000E+00   0.10000E+00    0.50249E-02 -291.53         test_N_all
.7800E+00   100.000  0.291E+02   0.14554E-01   0.00000E+00   0.10000E+00    0.50249E-02 -289.15         test_N_all
.7900E+00   100.000  0.275E+02   0.14973E-01   0.00000E+00   0.10000E+00    0.50249E-02 -286.32         test_N_all
.8000E+00   100.000  0.259E+02   0.15457E-01   0.00000E+00   0.10000E+00    0.17692E-02 *******         test_N_all
.8100E+00   100.000  0.243E+02   0.16002E-01   0.00000E+00   0.10000E+00    0.50249E-02 -279.43         test_N_all
.8200E+00   100.000  0.228E+02   0.16606E-01   0.00000E+00   0.10000E+00    0.50249E-02 -275.43         test_N_all
.8300E+00   100.000  0.214E+02   0.17265E-01   0.00000E+00   0.10000E+00    0.50249E-02 -271.09         test_N_all
.8400E+00   100.000  0.199E+02   0.17978E-01   0.00000E+00   0.10000E+00    0.50249E-02 -266.44         test_N_all
.8500E+00   100.000  0.185E+02   0.18742E-01   0.00000E+00   0.10000E+00    0.50249E-02 -261.50         test_N_all
.8600E+00   100.000  0.172E+02   0.19554E-01   0.00000E+00   0.10000E+00    0.50249E-02 -256.30         test_N_all
.8700E+00   100.000  0.158E+02   0.20413E-01   0.00000E+00   0.10000E+00    0.50249E-02 -250.85         test_N_all
.8800E+00   100.000  0.145E+02   0.21317E-01   0.00000E+00   0.10000E+00    0.50249E-02 -245.19         test_N_all
.8900E+00   100.000  0.132E+02   0.22264E-01   0.00000E+00   0.10000E+00    0.50249E-02 -239.32         test_N_all
.9000E+00   100.000  0.120E+02   0.23253E-01   0.00000E+00   0.10000E+00    0.17692E-02 *******         test_N_all
.9100E+00   100.000  0.108E+02   0.24282E-01   0.00000E+00   0.10000E+00    0.50249E-02 -227.06         test_N_all
.9200E+00   100.000  0.958E+01   0.25349E-01   0.00000E+00   0.10000E+00    0.50249E-02 -220.70         test_N_all
.9300E+00   100.000  0.841E+01   0.26454E-01   0.00000E+00   0.10000E+00    0.50249E-02 -214.22         test_N_all
.9400E+00   100.000  0.726E+01   0.27595E-01   0.00000E+00   0.10000E+00    0.50249E-02 -207.63         test_N_all
.9500E+00   100.000  0.614E+01   0.28771E-01   0.00000E+00   0.10000E+00    0.50249E-02 -200.93         test_N_all
.9600E+00   100.000  0.505E+01   0.29981E-01   0.00000E+00   0.10000E+00    0.50249E-02 -194.16         test_N_all
.9700E+00   100.000  0.397E+01   0.31225E-01   0.00000E+00   0.10000E+00    0.50249E-02 -187.33         test_N_all
.9800E+00   100.000  0.292E+01   0.32502E-01   0.00000E+00   0.10000E+00    0.50249E-02 -180.43         test_N_all
.9900E+00   100.000  0.189E+01   0.33812E-01   0.00000E+00   0.10000E+00    0.50249E-02 -173.50         test_N_all
.1000E+01   100.000  0.882E+00   0.35153E-01   0.00000E+00   0.10000E+00    0.50249E-02 -166.54         test_N_all



 CHI SQUARE=******** FOR  582 POINTS   CHISQ/NPTS= 3577.61
 Signed chisquare total =********
 Modified residual =********


Summary normalization chi2 contributions

 data set     normalization        error         chisq


Summary chi2 per data set

 data set      chisq    _w     signd    _w     resid     _w   npts   chisq/pts  _w
test_N_all  ********        ********        ********           582 3577.61
------------------------------------------------------------------------------------
TOTAL       ************************     0.0****************   582 3577.61 3577.61
TOTAL+norm  ****************                                   582 3577.61 3577.61



            Momentum Sum Rule Check


      q2      alphas      xuv       xdv       xub       xdb       xsb       xcb       xbb      xglue     total
      1.69    0.3845    0.3222    0.1370    0.0551    0.0716    0.0253    0.0000    0.0000    0.3890    1.0002
    100.00    0.1784    0.2270    0.0966    0.0645    0.0761    0.0436    0.0257    0.0087    0.4549    0.9972
   1000.00    0.1407    0.0000    0.0000    0.0000    0.0000    0.0000    0.0000    0.0000    0.0000    0.0000
   8315.00    0.1180    0.0000    0.0000    0.0000    0.0000    0.0000    0.0000    0.0000    0.0000    0.0000


 Vector Boson Cross Sections

 sqrt(s)   sigma(W)    error    theory

   1960.     2.865     0.063       0.000     D0

   1960.     2.749     0.054       0.000     CDF

   7000.     9.95      0.29        0.000     CMS

   7000.     9.96      0.55        0.000     ATLAS

 sqrt(s)   sigma(Z)    error    theory

   1960.     .2649     .0094       0.000     D0

   1960.     .2549     .0057       0.000     CDF

   7000.     .931      0.035       0.000     CMS

   7000.     .82       0.08        0.000     ATLAS


