 Correlated errors added in quadrature with statistical errors
 test_N_all DIS data with   1.69< Q2 < 0.500D+03 and 0.000 < xB < 1.000 and   0.00< W2 < 0.100D+05 and 0.000 < y < 1.000
   No TMC applied
   HT corrections, multiplicative C=C(xB)

# fitpack15: fit output
# CJ15 AV18 final data choices                                                 

Parametrization   7 used here

 S-ACOT scheme used  for NC DIS

 charm mass =     1.30 GeV     bottom mass =     4.50 GeV



 THIS IS A NEXT TO LEADING ORDER FIT

 Q02=    1.69
         1  LAMBDA      VALUE=   0.22680      WEIGHT=    0.0000    
         2  a0uv        VALUE=    2.4066      WEIGHT=    0.0000    
         3  a1uv        VALUE=   0.61536      WEIGHT=   0.20094E-01
         4  a2uv        VALUE=    3.5433      WEIGHT=   0.13055E-01
         5  a3uv        VALUE=    0.0000      WEIGHT=    0.0000    
         6  a4uv        VALUE=    3.4611      WEIGHT=   0.43661    
         7  a5uv        VALUE=    0.0000      WEIGHT=    0.0000    
         8  a0dv        VALUE=    24.683      WEIGHT=    0.0000    
         9  a1dv        VALUE=    1.1595      WEIGHT=   0.34654E-01
        10  a2dv        VALUE=    6.5513      WEIGHT=   0.16245    
        11  a3dv        VALUE=   -3.5030      WEIGHT=   0.88887E-01
        12  a4dv        VALUE=    4.6787      WEIGHT=   0.14600    
        13  a5dv        VALUE=    0.0000      WEIGHT=    0.0000    
        14  a0ud        VALUE=   0.14658      WEIGHT=   0.50606E-02
        15  a1ud        VALUE=  -0.20775      WEIGHT=   0.37697E-02
        16  a2ud        VALUE=    8.3284      WEIGHT=   0.19375    
        17  a3ud        VALUE=    0.0000      WEIGHT=    0.0000    
        18  a4ud        VALUE=    14.605      WEIGHT=    1.2744    
        19  a5ud        VALUE=    0.0000      WEIGHT=    0.0000    
        20  a0du        VALUE=    35712.      WEIGHT=    0.0000    
        21  a1du        VALUE=    4.0249      WEIGHT=   0.78893E-01
        22  a2du        VALUE=    20.151      WEIGHT=   0.91058    
        23  a3du        VALUE=    17.000      WEIGHT=    0.0000    
        24  a4du        VALUE=    51.146      WEIGHT=    11.684    
        25  a0g         VALUE=    45.543      WEIGHT=    0.0000    
        26  a1g         VALUE=   0.60308      WEIGHT=   0.31053E-01
        27  a2g         VALUE=    6.4818      WEIGHT=   0.97424    
        28  a3g         VALUE=   -3.3064      WEIGHT=   0.13701    
        29  a4g         VALUE=    3.1722      WEIGHT=   0.31652    
        30  a5g         VALUE=    0.0000      WEIGHT=    0.0000    
        31  kappa       VALUE=   0.40000      WEIGHT=    0.0000    
        32  a6dv        VALUE=  -0.36021E-02  WEIGHT=   0.69382E-03
        33  a7dv        VALUE=    2.0000      WEIGHT=    0.0000    
        34  off1        VALUE=   -3.6857      WEIGHT=    1.8283    
        35  off2        VALUE=   0.57500E-01  WEIGHT=   0.70238E-01
        36  ht1         VALUE=   -3.2858      WEIGHT=   0.30201    
        37  ht2         VALUE=    1.9282      WEIGHT=   0.11458    
        38  ht3         VALUE=   -2.0699      WEIGHT=   0.35646E-01
        39  ht4         VALUE=    0.0000      WEIGHT=    0.0000    
        40  ht1n        VALUE=   -3.2856      WEIGHT=   0.96530    
        41  ht2n        VALUE=    1.9280      WEIGHT=   0.30490    
        42  ht3n        VALUE=   -2.0699      WEIGHT=   0.51943E-01
        43  ht4n        VALUE=    0.0000      WEIGHT=    0.0000    
        44  dummy44     VALUE=    0.0000      WEIGHT=    0.0000    
        45  dummy45     VALUE=    0.0000      WEIGHT=    0.0000    
        46  dummy46     VALUE=    0.0000      WEIGHT=    0.0000    
        47  dummy47     VALUE=    0.0000      WEIGHT=    0.0000    
        48  dummy48     VALUE=    0.0000      WEIGHT=    0.0000    
        49  dummy49     VALUE=    0.0000      WEIGHT=    0.0000    
        50  bcdmsh2     VALUE=   0.97308      WEIGHT=   0.48387E-02
        51  bcdmsd2     VALUE=   0.99316      WEIGHT=   0.58557E-02
        52  ccfr        VALUE=    1.0000      WEIGHT=    0.0000    
        53  nutev       VALUE=    1.0000      WEIGHT=    0.0000    
        54  zeus        VALUE=   0.97998      WEIGHT=    0.0000    
        55  h1          VALUE=    1.0162      WEIGHT=    0.0000    
        56  e605        VALUE=    1.0319      WEIGHT=    0.0000    
        57  NmcH2       VALUE=    1.0095      WEIGHT=   0.71283E-02
        58  ntv_nu      VALUE=    1.0000      WEIGHT=    0.0000    
        59  ntv_nubar   VALUE=    1.0000      WEIGHT=    0.0000    
        60  cdf_jet     VALUE=   0.98910      WEIGHT=    0.0000    
        61  d0_jet      VALUE=   0.83504      WEIGHT=    0.0000    
        62  slac_p      VALUE=    1.0049      WEIGHT=   0.50059E-02
        63  slac_d      VALUE=    1.0042      WEIGHT=   0.53243E-02
        64  e866pp      VALUE=   0.96583      WEIGHT=   0.19318E-01
        65  e866pd      VALUE=   0.96371      WEIGHT=   0.16662E-01
        66  d0_gamjet   VALUE=    1.0389      WEIGHT=   0.16515E-01
        67  h1b         VALUE=   0.97608      WEIGHT=    0.0000    
        68  jlab_p      VALUE=   0.99444      WEIGHT=   0.61930E-02
        69  jlab_d      VALUE=   0.97554      WEIGHT=   0.60063E-02
        70  blank       VALUE=    1.0000      WEIGHT=    0.0000    
        71  d0run2      VALUE=   0.94085      WEIGHT=   0.14371E-01
        72  cdfrun2     VALUE=   0.92648      WEIGHT=   0.17345E-01
        73  HERA_el     VALUE=    1.0000      WEIGHT=    0.0000    
        74  HERA_ps     VALUE=    1.0000      WEIGHT=    0.0000    
        75  CDF_Z       VALUE=   0.96582      WEIGHT=   0.68068E-02
        76  NmcRat      VALUE=    1.0000      WEIGHT=    0.0000    
        77  BNS_F2nd    VALUE=   0.98315      WEIGHT=   0.11560E-01
        78  HERMES_F2p  VALUE=   0.99833      WEIGHT=   0.56545E-02
        79  HERMES_F2d  VALUE=   0.98039      WEIGHT=   0.58335E-02
0THE TOLERANCE IS    0.1000
 THE MAXIMUM NUMBER OF STEPS IS 100
0THE INITIAL CHI SQUARED IS  3.99146E+05



     X        Q2         W2       THEORY        error         DATA           ERROR        chi^2     _w    ITYPE
.1000E-01     2.000  0.199E+03   0.34225E+00   0.00000E+00   0.10000E+00    0.50249E-02 2324.24         test_N_all
.2000E-01     2.000  0.989E+02   0.31930E+00   0.00000E+00   0.10000E+00    0.50249E-02 1904.63         test_N_all
.3000E-01     2.000  0.655E+02   0.31009E+00   0.00000E+00   0.10000E+00    0.50249E-02 1748.02         test_N_all
.4000E-01     2.000  0.489E+02   0.30741E+00   0.00000E+00   0.10000E+00    0.50249E-02 1703.74         test_N_all
.5000E-01     2.000  0.389E+02   0.30601E+00   0.00000E+00   0.10000E+00    0.50249E-02 1680.82         test_N_all
.6000E-01     2.000  0.322E+02   0.30591E+00   0.00000E+00   0.10000E+00    0.50249E-02 1679.13         test_N_all
.7000E-01     2.000  0.275E+02   0.30603E+00   0.00000E+00   0.10000E+00    0.50249E-02 1681.18         test_N_all
.8000E-01     2.000  0.239E+02   0.30605E+00   0.00000E+00   0.10000E+00    0.50249E-02 1681.53         test_N_all
.9000E-01     2.000  0.211E+02   0.30566E+00   0.00000E+00   0.10000E+00    0.50249E-02 1675.15         test_N_all
.1000E+00     2.000  0.189E+02   0.30473E+00   0.00000E+00   0.10000E+00    0.50249E-02 1659.92         test_N_all
.1100E+00     2.000  0.171E+02   0.30310E+00   0.00000E+00   0.10000E+00    0.50249E-02 1633.72         test_N_all
.1200E+00     2.000  0.155E+02   0.30079E+00   0.00000E+00   0.10000E+00    0.50249E-02 1596.70         test_N_all
.1300E+00     2.000  0.143E+02   0.29783E+00   0.00000E+00   0.10000E+00    0.50249E-02 1550.00         test_N_all
.1400E+00     2.000  0.132E+02   0.29431E+00   0.00000E+00   0.10000E+00    0.50249E-02 1495.30         test_N_all
.1500E+00     2.000  0.122E+02   0.29022E+00   0.00000E+00   0.10000E+00    0.50249E-02 1433.05         test_N_all
.1600E+00     2.000  0.114E+02   0.28580E+00   0.00000E+00   0.10000E+00    0.50249E-02 1367.13         test_N_all
.1700E+00     2.000  0.106E+02   0.28101E+00   0.00000E+00   0.10000E+00    0.50249E-02 1297.59         test_N_all
.1800E+00     2.000  0.999E+01   0.27596E+00   0.00000E+00   0.10000E+00    0.50249E-02 1226.15         test_N_all
.1900E+00     2.000  0.941E+01   0.27075E+00   0.00000E+00   0.10000E+00    0.50249E-02 1154.72         test_N_all
.2000E+00     2.000  0.888E+01   0.26539E+00   0.00000E+00   0.10000E+00    0.50249E-02 1083.28         test_N_all
.2100E+00     2.000  0.841E+01   0.25999E+00   0.00000E+00   0.10000E+00    0.50249E-02 1013.68         test_N_all
.2200E+00     2.000  0.797E+01   0.25453E+00   0.00000E+00   0.10000E+00    0.50249E-02  945.74         test_N_all
.2300E+00     2.000  0.758E+01   0.24906E+00   0.00000E+00   0.10000E+00    0.50249E-02  879.96         test_N_all
.2400E+00     2.000  0.722E+01   0.24361E+00   0.00000E+00   0.10000E+00    0.50249E-02  816.83         test_N_all
.2500E+00     2.000  0.688E+01   0.23818E+00   0.00000E+00   0.10000E+00    0.50249E-02  756.24         test_N_all
.2600E+00     2.000  0.657E+01   0.23280E+00   0.00000E+00   0.10000E+00    0.50249E-02  698.46         test_N_all
.2700E+00     2.000  0.629E+01   0.22746E+00   0.00000E+00   0.10000E+00    0.50249E-02  643.38         test_N_all
.2800E+00     2.000  0.602E+01   0.22215E+00   0.00000E+00   0.10000E+00    0.50249E-02  590.94         test_N_all
.2900E+00     2.000  0.578E+01   0.21689E+00   0.00000E+00   0.10000E+00    0.50249E-02  541.10         test_N_all
.3000E+00     2.000  0.555E+01   0.21166E+00   0.00000E+00   0.10000E+00    0.18868E-02 3502.24         test_N_all
.3100E+00     2.000  0.533E+01   0.20645E+00   0.00000E+00   0.10000E+00    0.50249E-02  448.80         test_N_all
.3200E+00     2.000  0.513E+01   0.20127E+00   0.00000E+00   0.10000E+00    0.50249E-02  406.16         test_N_all
.3300E+00     2.000  0.494E+01   0.19610E+00   0.00000E+00   0.10000E+00    0.50249E-02  365.75         test_N_all
.3400E+00     2.000  0.476E+01   0.19093E+00   0.00000E+00   0.10000E+00    0.50249E-02  327.47         test_N_all
.3500E+00     2.000  0.460E+01   0.18577E+00   0.00000E+00   0.10000E+00    0.50249E-02  291.35         test_N_all
.3600E+00     2.000  0.444E+01   0.18060E+00   0.00000E+00   0.10000E+00    0.50249E-02  257.26         test_N_all
.3700E+00     2.000  0.429E+01   0.17542E+00   0.00000E+00   0.10000E+00    0.50249E-02  225.26         test_N_all
.3800E+00     2.000  0.414E+01   0.17023E+00   0.00000E+00   0.10000E+00    0.50249E-02  195.35         test_N_all
.3900E+00     2.000  0.401E+01   0.16504E+00   0.00000E+00   0.10000E+00    0.50249E-02  167.52         test_N_all
.4000E+00     2.000  0.388E+01   0.15984E+00   0.00000E+00   0.10000E+00    0.17692E-02 1143.92         test_N_all
.4100E+00     2.000  0.376E+01   0.15463E+00   0.00000E+00   0.10000E+00    0.50249E-02  118.21         test_N_all
.4200E+00     2.000  0.364E+01   0.14943E+00   0.00000E+00   0.10000E+00    0.50249E-02   96.77         test_N_all
.4300E+00     2.000  0.353E+01   0.14424E+00   0.00000E+00   0.10000E+00    0.50249E-02   77.50         test_N_all
.4400E+00     2.000  0.343E+01   0.13906E+00   0.00000E+00   0.10000E+00    0.50249E-02   60.42         test_N_all
.4500E+00     2.000  0.333E+01   0.13390E+00   0.00000E+00   0.10000E+00    0.50249E-02   45.50         test_N_all
.4600E+00     2.000  0.323E+01   0.12877E+00   0.00000E+00   0.10000E+00    0.50249E-02   32.78         test_N_all
.4700E+00     2.000  0.314E+01   0.12368E+00   0.00000E+00   0.10000E+00    0.50249E-02   22.20         test_N_all
.4800E+00     2.000  0.305E+01   0.11863E+00   0.00000E+00   0.10000E+00    0.50249E-02   13.74         test_N_all
.4900E+00     2.000  0.296E+01   0.11363E+00   0.00000E+00   0.10000E+00    0.50249E-02    7.36         test_N_all
.5000E+00     2.000  0.288E+01   0.10869E+00   0.00000E+00   0.10000E+00    0.17692E-02   24.15         test_N_all
.5100E+00     2.000  0.280E+01   0.10383E+00   0.00000E+00   0.10000E+00    0.50249E-02    0.58         test_N_all
.5200E+00     2.000  0.273E+01   0.99040E-01   0.00000E+00   0.10000E+00    0.50249E-02   -0.04         test_N_all
.5300E+00     2.000  0.266E+01   0.94330E-01   0.00000E+00   0.10000E+00    0.50249E-02   -1.27         test_N_all
.5400E+00     2.000  0.259E+01   0.89713E-01   0.00000E+00   0.10000E+00    0.50249E-02   -4.19         test_N_all
.5500E+00     2.000  0.252E+01   0.85184E-01   0.00000E+00   0.10000E+00    0.50249E-02   -8.69         test_N_all
.5600E+00     2.000  0.245E+01   0.80764E-01   0.00000E+00   0.10000E+00    0.50249E-02  -14.65         test_N_all
.5700E+00     2.000  0.239E+01   0.76447E-01   0.00000E+00   0.10000E+00    0.50249E-02  -21.97         test_N_all
.5800E+00     2.000  0.233E+01   0.72240E-01   0.00000E+00   0.10000E+00    0.50249E-02  -30.52         test_N_all
.5900E+00     2.000  0.227E+01   0.68151E-01   0.00000E+00   0.10000E+00    0.50249E-02  -40.17         test_N_all
.6000E+00     2.000  0.222E+01   0.64176E-01   0.00000E+00   0.10000E+00    0.17692E-02 -410.02         test_N_all
.6100E+00     2.000  0.216E+01   0.60329E-01   0.00000E+00   0.10000E+00    0.50249E-02  -62.33         test_N_all
.6200E+00     2.000  0.211E+01   0.56604E-01   0.00000E+00   0.10000E+00    0.50249E-02  -74.58         test_N_all
.6300E+00     2.000  0.206E+01   0.53005E-01   0.00000E+00   0.10000E+00    0.50249E-02  -87.47         test_N_all
.6400E+00     2.000  0.201E+01   0.49537E-01   0.00000E+00   0.10000E+00    0.50249E-02 -100.85         test_N_all
.6500E+00     2.000  0.196E+01   0.46195E-01   0.00000E+00   0.10000E+00    0.50249E-02 -114.65         test_N_all
.6600E+00     2.000  0.191E+01   0.42987E-01   0.00000E+00   0.10000E+00    0.50249E-02 -128.73         test_N_all
.6700E+00     2.000  0.187E+01   0.39909E-01   0.00000E+00   0.10000E+00    0.50249E-02 -143.01         test_N_all
.6800E+00     2.000  0.182E+01   0.36961E-01   0.00000E+00   0.10000E+00    0.50249E-02 -157.38         test_N_all
.6900E+00     2.000  0.178E+01   0.34144E-01   0.00000E+00   0.10000E+00    0.50249E-02 -171.76         test_N_all
.7000E+00     2.000  0.174E+01   0.31456E-01   0.00000E+00   0.10000E+00    0.17692E-02 *******         test_N_all
.7100E+00     2.000  0.170E+01   0.28895E-01   0.00000E+00   0.10000E+00    0.50249E-02 -200.23         test_N_all
.7200E+00     2.000  0.166E+01   0.26461E-01   0.00000E+00   0.10000E+00    0.50249E-02 -214.18         test_N_all
.7300E+00     2.000  0.162E+01   0.24152E-01   0.00000E+00   0.10000E+00    0.50249E-02 -227.84         test_N_all
.7400E+00     2.000  0.158E+01   0.21964E-01   0.00000E+00   0.10000E+00    0.50249E-02 -241.17         test_N_all
.7500E+00     2.000  0.155E+01   0.19898E-01   0.00000E+00   0.10000E+00    0.50249E-02 -254.11         test_N_all
.7600E+00     2.000  0.151E+01   0.17948E-01   0.00000E+00   0.10000E+00    0.50249E-02 -266.63         test_N_all
.7700E+00     2.000  0.148E+01   0.16115E-01   0.00000E+00   0.10000E+00    0.50249E-02 -278.68         test_N_all
.7800E+00     2.000  0.145E+01   0.14395E-01   0.00000E+00   0.10000E+00    0.50249E-02 -290.22         test_N_all
.7900E+00     2.000  0.141E+01   0.12785E-01   0.00000E+00   0.10000E+00    0.50249E-02 -301.24         test_N_all
.8000E+00     2.000  0.138E+01   0.11282E-01   0.00000E+00   0.10000E+00    0.17692E-02 *******         test_N_all
.8100E+00     2.000  0.135E+01   0.98860E-02   0.00000E+00   0.10000E+00    0.50249E-02 -321.61         test_N_all
.8200E+00     2.000  0.132E+01   0.85950E-02   0.00000E+00   0.10000E+00    0.50249E-02 -330.89         test_N_all
.8300E+00     2.000  0.129E+01   0.74062E-02   0.00000E+00   0.10000E+00    0.50249E-02 -339.55         test_N_all
.8400E+00     2.000  0.126E+01   0.63152E-02   0.00000E+00   0.10000E+00    0.50249E-02 -347.60         test_N_all
.8500E+00     2.000  0.123E+01   0.53242E-02   0.00000E+00   0.10000E+00    0.50249E-02 -354.99         test_N_all
.8600E+00     2.000  0.121E+01   0.44257E-02   0.00000E+00   0.10000E+00    0.50249E-02 -361.76         test_N_all
.8700E+00     2.000  0.118E+01   0.36221E-02   0.00000E+00   0.10000E+00    0.50249E-02 -367.87         test_N_all
.8800E+00     2.000  0.115E+01   0.29105E-02   0.00000E+00   0.10000E+00    0.50249E-02 -373.32         test_N_all
.8900E+00     2.000  0.113E+01   0.22867E-02   0.00000E+00   0.10000E+00    0.50249E-02 -378.13         test_N_all
.9000E+00     2.000  0.110E+01   0.17513E-02   0.00000E+00   0.10000E+00    0.17692E-02 *******         test_N_all
.9100E+00     2.000  0.108E+01   0.12969E-02   0.00000E+00   0.10000E+00    0.50249E-02 -385.83         test_N_all
.9200E+00     2.000  0.106E+01   0.92295E-03   0.00000E+00   0.10000E+00    0.50249E-02 -388.76         test_N_all
.9300E+00     2.000  0.103E+01   0.62415E-03   0.00000E+00   0.10000E+00    0.50249E-02 -391.11         test_N_all
.9400E+00     2.000  0.101E+01   0.39343E-03   0.00000E+00   0.10000E+00    0.50249E-02 -392.93         test_N_all
.9500E+00     2.000  0.987E+00   0.22782E-03   0.00000E+00   0.10000E+00    0.50249E-02 -394.24         test_N_all
.9600E+00     2.000  0.965E+00   0.11221E-03   0.00000E+00   0.10000E+00    0.50249E-02 -395.15         test_N_all
.9700E+00     2.000  0.944E+00   0.43629E-04   0.00000E+00   0.10000E+00    0.50249E-02 -395.69         test_N_all
.9800E+00     2.000  0.923E+00   0.12711E-04   0.00000E+00   0.10000E+00    0.50249E-02 -395.94         test_N_all
.9900E+00     2.000  0.902E+00   0.60951E-05   0.00000E+00   0.10000E+00    0.50249E-02 -395.99         test_N_all
.1000E+01     2.000  0.882E+00   0.00000E+00   0.00000E+00   0.10000E+00    0.50249E-02 -396.04         test_N_all
.1000E-01     5.000  0.496E+03   0.44897E+00   0.00000E+00   0.10000E+00    0.50249E-02 4822.97         test_N_all
.2000E-01     5.000  0.246E+03   0.39809E+00   0.00000E+00   0.10000E+00    0.50249E-02 3519.09         test_N_all
.3000E-01     5.000  0.163E+03   0.37330E+00   0.00000E+00   0.10000E+00    0.50249E-02 2958.15         test_N_all
.4000E-01     5.000  0.121E+03   0.36079E+00   0.00000E+00   0.10000E+00    0.50249E-02 2693.48         test_N_all
.5000E-01     5.000  0.959E+02   0.35090E+00   0.00000E+00   0.10000E+00    0.50249E-02 2493.14         test_N_all
.6000E-01     5.000  0.792E+02   0.34411E+00   0.00000E+00   0.10000E+00    0.50249E-02 2359.99         test_N_all
.7000E-01     5.000  0.673E+02   0.33808E+00   0.00000E+00   0.10000E+00    0.50249E-02 2244.78         test_N_all
.8000E-01     5.000  0.584E+02   0.33280E+00   0.00000E+00   0.10000E+00    0.50249E-02 2146.28         test_N_all
.9000E-01     5.000  0.514E+02   0.32751E+00   0.00000E+00   0.10000E+00    0.50249E-02 2049.97         test_N_all
.1000E+00     5.000  0.459E+02   0.32224E+00   0.00000E+00   0.10000E+00    0.50249E-02 1955.99         test_N_all
.1100E+00     5.000  0.413E+02   0.31668E+00   0.00000E+00   0.10000E+00    0.50249E-02 1859.44         test_N_all
.1200E+00     5.000  0.375E+02   0.31094E+00   0.00000E+00   0.10000E+00    0.50249E-02 1762.25         test_N_all
.1300E+00     5.000  0.343E+02   0.30496E+00   0.00000E+00   0.10000E+00    0.50249E-02 1663.71         test_N_all
.1400E+00     5.000  0.316E+02   0.29874E+00   0.00000E+00   0.10000E+00    0.50249E-02 1564.23         test_N_all
.1500E+00     5.000  0.292E+02   0.29232E+00   0.00000E+00   0.10000E+00    0.50249E-02 1464.89         test_N_all
.1600E+00     5.000  0.271E+02   0.28581E+00   0.00000E+00   0.10000E+00    0.50249E-02 1367.30         test_N_all
.1700E+00     5.000  0.253E+02   0.27919E+00   0.00000E+00   0.10000E+00    0.50249E-02 1271.72         test_N_all
.1800E+00     5.000  0.237E+02   0.27254E+00   0.00000E+00   0.10000E+00    0.50249E-02 1178.97         test_N_all
.1900E+00     5.000  0.222E+02   0.26588E+00   0.00000E+00   0.10000E+00    0.50249E-02 1089.79         test_N_all
.2000E+00     5.000  0.209E+02   0.25923E+00   0.00000E+00   0.10000E+00    0.50249E-02 1004.15         test_N_all
.2100E+00     5.000  0.197E+02   0.25263E+00   0.00000E+00   0.10000E+00    0.50249E-02  922.61         test_N_all
.2200E+00     5.000  0.186E+02   0.24608E+00   0.00000E+00   0.10000E+00    0.50249E-02  845.11         test_N_all
.2300E+00     5.000  0.176E+02   0.23959E+00   0.00000E+00   0.10000E+00    0.50249E-02  771.68         test_N_all
.2400E+00     5.000  0.167E+02   0.23316E+00   0.00000E+00   0.10000E+00    0.50249E-02  702.28         test_N_all
.2500E+00     5.000  0.159E+02   0.22680E+00   0.00000E+00   0.10000E+00    0.50249E-02  636.77         test_N_all
.2600E+00     5.000  0.151E+02   0.22050E+00   0.00000E+00   0.10000E+00    0.50249E-02  575.06         test_N_all
.2700E+00     5.000  0.144E+02   0.21426E+00   0.00000E+00   0.10000E+00    0.50249E-02  517.03         test_N_all
.2800E+00     5.000  0.137E+02   0.20807E+00   0.00000E+00   0.10000E+00    0.50249E-02  462.55         test_N_all
.2900E+00     5.000  0.131E+02   0.20193E+00   0.00000E+00   0.10000E+00    0.50249E-02  411.46         test_N_all
.3000E+00     5.000  0.125E+02   0.19583E+00   0.00000E+00   0.10000E+00    0.18868E-02 2579.80         test_N_all
.3100E+00     5.000  0.120E+02   0.18977E+00   0.00000E+00   0.10000E+00    0.50249E-02  319.14         test_N_all
.3200E+00     5.000  0.115E+02   0.18374E+00   0.00000E+00   0.10000E+00    0.50249E-02  277.70         test_N_all
.3300E+00     5.000  0.110E+02   0.17773E+00   0.00000E+00   0.10000E+00    0.50249E-02  239.31         test_N_all
.3400E+00     5.000  0.106E+02   0.17175E+00   0.00000E+00   0.10000E+00    0.50249E-02  203.91         test_N_all
.3500E+00     5.000  0.102E+02   0.16580E+00   0.00000E+00   0.10000E+00    0.50249E-02  171.48         test_N_all
.3600E+00     5.000  0.977E+01   0.15987E+00   0.00000E+00   0.10000E+00    0.50249E-02  141.97         test_N_all
.3700E+00     5.000  0.940E+01   0.15397E+00   0.00000E+00   0.10000E+00    0.50249E-02  115.36         test_N_all
.3800E+00     5.000  0.904E+01   0.14810E+00   0.00000E+00   0.10000E+00    0.50249E-02   91.64         test_N_all
.3900E+00     5.000  0.870E+01   0.14227E+00   0.00000E+00   0.10000E+00    0.50249E-02   70.76         test_N_all
.4000E+00     5.000  0.838E+01   0.13648E+00   0.00000E+00   0.10000E+00    0.17692E-02  425.23         test_N_all
.4100E+00     5.000  0.808E+01   0.13075E+00   0.00000E+00   0.10000E+00    0.50249E-02   37.44         test_N_all
.4200E+00     5.000  0.779E+01   0.12507E+00   0.00000E+00   0.10000E+00    0.50249E-02   24.89         test_N_all
.4300E+00     5.000  0.751E+01   0.11946E+00   0.00000E+00   0.10000E+00    0.50249E-02   15.01         test_N_all
.4400E+00     5.000  0.725E+01   0.11394E+00   0.00000E+00   0.10000E+00    0.50249E-02    7.69         test_N_all
.4500E+00     5.000  0.699E+01   0.10849E+00   0.00000E+00   0.10000E+00    0.50249E-02    2.86         test_N_all
.4600E+00     5.000  0.675E+01   0.10315E+00   0.00000E+00   0.10000E+00    0.50249E-02    0.39         test_N_all
.4700E+00     5.000  0.652E+01   0.97914E-01   0.00000E+00   0.10000E+00    0.50249E-02   -0.17         test_N_all
.4800E+00     5.000  0.630E+01   0.92789E-01   0.00000E+00   0.10000E+00    0.50249E-02   -2.06         test_N_all
.4900E+00     5.000  0.609E+01   0.87789E-01   0.00000E+00   0.10000E+00    0.50249E-02   -5.91         test_N_all
.5000E+00     5.000  0.588E+01   0.82913E-01   0.00000E+00   0.10000E+00    0.17692E-02  -93.28         test_N_all
.5100E+00     5.000  0.569E+01   0.78180E-01   0.00000E+00   0.10000E+00    0.50249E-02  -18.86         test_N_all
.5200E+00     5.000  0.550E+01   0.73587E-01   0.00000E+00   0.10000E+00    0.50249E-02  -27.63         test_N_all
.5300E+00     5.000  0.532E+01   0.69140E-01   0.00000E+00   0.10000E+00    0.50249E-02  -37.72         test_N_all
.5400E+00     5.000  0.514E+01   0.64847E-01   0.00000E+00   0.10000E+00    0.50249E-02  -48.94         test_N_all
.5500E+00     5.000  0.497E+01   0.60707E-01   0.00000E+00   0.10000E+00    0.50249E-02  -61.15         test_N_all
.5600E+00     5.000  0.481E+01   0.56729E-01   0.00000E+00   0.10000E+00    0.50249E-02  -74.15         test_N_all
.5700E+00     5.000  0.465E+01   0.52911E-01   0.00000E+00   0.10000E+00    0.50249E-02  -87.82         test_N_all
.5800E+00     5.000  0.450E+01   0.49253E-01   0.00000E+00   0.10000E+00    0.50249E-02 -101.99         test_N_all
.5900E+00     5.000  0.436E+01   0.45760E-01   0.00000E+00   0.10000E+00    0.50249E-02 -116.52         test_N_all
.6000E+00     5.000  0.422E+01   0.42426E-01   0.00000E+00   0.10000E+00    0.17692E-02 *******         test_N_all
.6100E+00     5.000  0.408E+01   0.39256E-01   0.00000E+00   0.10000E+00    0.50249E-02 -146.13         test_N_all
.6200E+00     5.000  0.395E+01   0.36245E-01   0.00000E+00   0.10000E+00    0.50249E-02 -160.98         test_N_all
.6300E+00     5.000  0.382E+01   0.33392E-01   0.00000E+00   0.10000E+00    0.50249E-02 -175.71         test_N_all
.6400E+00     5.000  0.369E+01   0.30694E-01   0.00000E+00   0.10000E+00    0.50249E-02 -190.23         test_N_all
.6500E+00     5.000  0.357E+01   0.28147E-01   0.00000E+00   0.10000E+00    0.50249E-02 -204.47         test_N_all
.6600E+00     5.000  0.346E+01   0.25749E-01   0.00000E+00   0.10000E+00    0.50249E-02 -218.34         test_N_all
.6700E+00     5.000  0.334E+01   0.23496E-01   0.00000E+00   0.10000E+00    0.50249E-02 -231.80         test_N_all
.6800E+00     5.000  0.323E+01   0.21382E-01   0.00000E+00   0.10000E+00    0.50249E-02 -244.78         test_N_all
.6900E+00     5.000  0.313E+01   0.19404E-01   0.00000E+00   0.10000E+00    0.50249E-02 -257.25         test_N_all
.7000E+00     5.000  0.302E+01   0.17558E-01   0.00000E+00   0.10000E+00    0.17692E-02 *******         test_N_all
.7100E+00     5.000  0.292E+01   0.15836E-01   0.00000E+00   0.10000E+00    0.50249E-02 -280.54         test_N_all
.7200E+00     5.000  0.283E+01   0.14236E-01   0.00000E+00   0.10000E+00    0.50249E-02 -291.31         test_N_all
.7300E+00     5.000  0.273E+01   0.12751E-01   0.00000E+00   0.10000E+00    0.50249E-02 -301.48         test_N_all
.7400E+00     5.000  0.264E+01   0.11377E-01   0.00000E+00   0.10000E+00    0.50249E-02 -311.05         test_N_all
.7500E+00     5.000  0.255E+01   0.10109E-01   0.00000E+00   0.10000E+00    0.50249E-02 -320.01         test_N_all
.7600E+00     5.000  0.246E+01   0.89403E-02   0.00000E+00   0.10000E+00    0.50249E-02 -328.39         test_N_all
.7700E+00     5.000  0.238E+01   0.78679E-02   0.00000E+00   0.10000E+00    0.50249E-02 -336.17         test_N_all
.7800E+00     5.000  0.229E+01   0.68865E-02   0.00000E+00   0.10000E+00    0.50249E-02 -343.37         test_N_all
.7900E+00     5.000  0.221E+01   0.59903E-02   0.00000E+00   0.10000E+00    0.50249E-02 -350.01         test_N_all
.8000E+00     5.000  0.213E+01   0.51756E-02   0.00000E+00   0.10000E+00    0.17692E-02 *******         test_N_all
.8100E+00     5.000  0.205E+01   0.44378E-02   0.00000E+00   0.10000E+00    0.50249E-02 -361.67         test_N_all
.8200E+00     5.000  0.198E+01   0.37738E-02   0.00000E+00   0.10000E+00    0.50249E-02 -366.71         test_N_all
.8300E+00     5.000  0.191E+01   0.31788E-02   0.00000E+00   0.10000E+00    0.50249E-02 -371.26         test_N_all
.8400E+00     5.000  0.183E+01   0.26480E-02   0.00000E+00   0.10000E+00    0.50249E-02 -375.34         test_N_all
.8500E+00     5.000  0.176E+01   0.21797E-02   0.00000E+00   0.10000E+00    0.50249E-02 -378.96         test_N_all
.8600E+00     5.000  0.170E+01   0.17674E-02   0.00000E+00   0.10000E+00    0.50249E-02 -382.16         test_N_all
.8700E+00     5.000  0.163E+01   0.14099E-02   0.00000E+00   0.10000E+00    0.50249E-02 -384.95         test_N_all
.8800E+00     5.000  0.156E+01   0.11032E-02   0.00000E+00   0.10000E+00    0.50249E-02 -387.35         test_N_all
.8900E+00     5.000  0.150E+01   0.84287E-03   0.00000E+00   0.10000E+00    0.50249E-02 -389.39         test_N_all
.9000E+00     5.000  0.144E+01   0.62719E-03   0.00000E+00   0.10000E+00    0.17692E-02 *******         test_N_all
.9100E+00     5.000  0.138E+01   0.45006E-03   0.00000E+00   0.10000E+00    0.50249E-02 -392.48         test_N_all
.9200E+00     5.000  0.132E+01   0.30988E-03   0.00000E+00   0.10000E+00    0.50249E-02 -393.59         test_N_all
.9300E+00     5.000  0.126E+01   0.20222E-03   0.00000E+00   0.10000E+00    0.50249E-02 -394.44         test_N_all
.9400E+00     5.000  0.120E+01   0.12226E-03   0.00000E+00   0.10000E+00    0.50249E-02 -395.07         test_N_all
.9500E+00     5.000  0.114E+01   0.67969E-04   0.00000E+00   0.10000E+00    0.50249E-02 -395.50         test_N_all
.9600E+00     5.000  0.109E+01   0.31422E-04   0.00000E+00   0.10000E+00    0.50249E-02 -395.79         test_N_all
.9700E+00     5.000  0.104E+01   0.11319E-04   0.00000E+00   0.10000E+00    0.50249E-02 -395.95         test_N_all
.9800E+00     5.000  0.984E+00   0.35732E-05   0.00000E+00   0.10000E+00    0.50249E-02 -396.01         test_N_all
.9900E+00     5.000  0.932E+00   0.28234E-05   0.00000E+00   0.10000E+00    0.50249E-02 -396.02         test_N_all
.1000E+01     5.000  0.882E+00   0.00000E+00   0.00000E+00   0.10000E+00    0.50249E-02 -396.04         test_N_all
.1000E-01    10.000  0.991E+03   0.52902E+00   0.00000E+00   0.10000E+00    0.50249E-02 7289.59         test_N_all
.2000E-01    10.000  0.491E+03   0.45421E+00   0.00000E+00   0.10000E+00    0.50249E-02 4968.94         test_N_all
.3000E-01    10.000  0.324E+03   0.41565E+00   0.00000E+00   0.10000E+00    0.50249E-02 3946.04         test_N_all
.4000E-01    10.000  0.241E+03   0.39486E+00   0.00000E+00   0.10000E+00    0.50249E-02 3443.23         test_N_all
.5000E-01    10.000  0.191E+03   0.37781E+00   0.00000E+00   0.10000E+00    0.50249E-02 3056.47         test_N_all
.6000E-01    10.000  0.158E+03   0.36580E+00   0.00000E+00   0.10000E+00    0.50249E-02 2797.98         test_N_all
.7000E-01    10.000  0.134E+03   0.35512E+00   0.00000E+00   0.10000E+00    0.50249E-02 2577.74         test_N_all
.8000E-01    10.000  0.116E+03   0.34604E+00   0.00000E+00   0.10000E+00    0.50249E-02 2397.37         test_N_all
.9000E-01    10.000  0.102E+03   0.33739E+00   0.00000E+00   0.10000E+00    0.50249E-02 2231.81         test_N_all
.1000E+00    10.000  0.909E+02   0.32926E+00   0.00000E+00   0.10000E+00    0.50249E-02 2081.68         test_N_all
.1100E+00    10.000  0.818E+02   0.32113E+00   0.00000E+00   0.10000E+00    0.50249E-02 1936.66         test_N_all
.1200E+00    10.000  0.742E+02   0.31324E+00   0.00000E+00   0.10000E+00    0.50249E-02 1800.86         test_N_all
.1300E+00    10.000  0.678E+02   0.30540E+00   0.00000E+00   0.10000E+00    0.50249E-02 1670.84         test_N_all
.1400E+00    10.000  0.623E+02   0.29754E+00   0.00000E+00   0.10000E+00    0.50249E-02 1545.50         test_N_all
.1500E+00    10.000  0.575E+02   0.28974E+00   0.00000E+00   0.10000E+00    0.50249E-02 1425.75         test_N_all
.1600E+00    10.000  0.534E+02   0.28198E+00   0.00000E+00   0.10000E+00    0.50249E-02 1311.56         test_N_all
.1700E+00    10.000  0.497E+02   0.27429E+00   0.00000E+00   0.10000E+00    0.50249E-02 1203.07         test_N_all
.1800E+00    10.000  0.464E+02   0.26669E+00   0.00000E+00   0.10000E+00    0.50249E-02 1100.42         test_N_all
.1900E+00    10.000  0.435E+02   0.25919E+00   0.00000E+00   0.10000E+00    0.50249E-02 1003.64         test_N_all
.2000E+00    10.000  0.409E+02   0.25180E+00   0.00000E+00   0.10000E+00    0.50249E-02  912.56         test_N_all
.2100E+00    10.000  0.385E+02   0.24452E+00   0.00000E+00   0.10000E+00    0.50249E-02  827.12         test_N_all
.2200E+00    10.000  0.363E+02   0.23735E+00   0.00000E+00   0.10000E+00    0.50249E-02  747.10         test_N_all
.2300E+00    10.000  0.344E+02   0.23029E+00   0.00000E+00   0.10000E+00    0.50249E-02  672.28         test_N_all
.2400E+00    10.000  0.325E+02   0.22334E+00   0.00000E+00   0.10000E+00    0.50249E-02  602.44         test_N_all
.2500E+00    10.000  0.309E+02   0.21649E+00   0.00000E+00   0.10000E+00    0.50249E-02  537.39         test_N_all
.2600E+00    10.000  0.293E+02   0.20973E+00   0.00000E+00   0.10000E+00    0.50249E-02  476.82         test_N_all
.2700E+00    10.000  0.279E+02   0.20306E+00   0.00000E+00   0.10000E+00    0.50249E-02  420.62         test_N_all
.2800E+00    10.000  0.266E+02   0.19647E+00   0.00000E+00   0.10000E+00    0.50249E-02  368.61         test_N_all
.2900E+00    10.000  0.254E+02   0.18996E+00   0.00000E+00   0.10000E+00    0.50249E-02  320.53         test_N_all
.3000E+00    10.000  0.242E+02   0.18352E+00   0.00000E+00   0.10000E+00    0.18868E-02 1959.58         test_N_all
.3100E+00    10.000  0.231E+02   0.17714E+00   0.00000E+00   0.10000E+00    0.50249E-02  235.66         test_N_all
.3200E+00    10.000  0.221E+02   0.17081E+00   0.00000E+00   0.10000E+00    0.50249E-02  198.60         test_N_all
.3300E+00    10.000  0.212E+02   0.16455E+00   0.00000E+00   0.10000E+00    0.50249E-02  165.00         test_N_all
.3400E+00    10.000  0.203E+02   0.15833E+00   0.00000E+00   0.10000E+00    0.50249E-02  134.76         test_N_all
.3500E+00    10.000  0.195E+02   0.15218E+00   0.00000E+00   0.10000E+00    0.50249E-02  107.82         test_N_all
.3600E+00    10.000  0.187E+02   0.14608E+00   0.00000E+00   0.10000E+00    0.50249E-02   84.08         test_N_all
.3700E+00    10.000  0.179E+02   0.14004E+00   0.00000E+00   0.10000E+00    0.50249E-02   63.48         test_N_all
.3800E+00    10.000  0.172E+02   0.13407E+00   0.00000E+00   0.10000E+00    0.50249E-02   45.96         test_N_all
.3900E+00    10.000  0.165E+02   0.12817E+00   0.00000E+00   0.10000E+00    0.50249E-02   31.43         test_N_all
.4000E+00    10.000  0.159E+02   0.12235E+00   0.00000E+00   0.10000E+00    0.17692E-02  159.62         test_N_all
.4100E+00    10.000  0.153E+02   0.11662E+00   0.00000E+00   0.10000E+00    0.50249E-02   10.94         test_N_all
.4200E+00    10.000  0.147E+02   0.11099E+00   0.00000E+00   0.10000E+00    0.50249E-02    4.78         test_N_all
.4300E+00    10.000  0.141E+02   0.10546E+00   0.00000E+00   0.10000E+00    0.50249E-02    1.18         test_N_all
.4400E+00    10.000  0.136E+02   0.10005E+00   0.00000E+00   0.10000E+00    0.50249E-02    0.00         test_N_all
.4500E+00    10.000  0.131E+02   0.94751E-01   0.00000E+00   0.10000E+00    0.50249E-02   -1.09         test_N_all
.4600E+00    10.000  0.126E+02   0.89588E-01   0.00000E+00   0.10000E+00    0.50249E-02   -4.29         test_N_all
.4700E+00    10.000  0.122E+02   0.84560E-01   0.00000E+00   0.10000E+00    0.50249E-02   -9.44         test_N_all
.4800E+00    10.000  0.117E+02   0.79674E-01   0.00000E+00   0.10000E+00    0.50249E-02  -16.36         test_N_all
.4900E+00    10.000  0.113E+02   0.74939E-01   0.00000E+00   0.10000E+00    0.50249E-02  -24.87         test_N_all
.5000E+00    10.000  0.109E+02   0.70355E-01   0.00000E+00   0.10000E+00    0.17692E-02 -280.77         test_N_all
.5100E+00    10.000  0.105E+02   0.65936E-01   0.00000E+00   0.10000E+00    0.50249E-02  -45.96         test_N_all
.5200E+00    10.000  0.101E+02   0.61677E-01   0.00000E+00   0.10000E+00    0.50249E-02  -58.16         test_N_all
.5300E+00    10.000  0.975E+01   0.57584E-01   0.00000E+00   0.10000E+00    0.50249E-02  -71.25         test_N_all
.5400E+00    10.000  0.940E+01   0.53662E-01   0.00000E+00   0.10000E+00    0.50249E-02  -85.04         test_N_all
.5500E+00    10.000  0.906E+01   0.49907E-01   0.00000E+00   0.10000E+00    0.50249E-02  -99.38         test_N_all
.5600E+00    10.000  0.874E+01   0.46325E-01   0.00000E+00   0.10000E+00    0.50249E-02 -114.10         test_N_all
.5700E+00    10.000  0.843E+01   0.42913E-01   0.00000E+00   0.10000E+00    0.50249E-02 -129.07         test_N_all
.5800E+00    10.000  0.812E+01   0.39669E-01   0.00000E+00   0.10000E+00    0.50249E-02 -144.15         test_N_all
.5900E+00    10.000  0.783E+01   0.36595E-01   0.00000E+00   0.10000E+00    0.50249E-02 -159.22         test_N_all
.6000E+00    10.000  0.755E+01   0.33684E-01   0.00000E+00   0.10000E+00    0.17692E-02 *******         test_N_all
.6100E+00    10.000  0.728E+01   0.30938E-01   0.00000E+00   0.10000E+00    0.50249E-02 -188.89         test_N_all
.6200E+00    10.000  0.701E+01   0.28351E-01   0.00000E+00   0.10000E+00    0.50249E-02 -203.31         test_N_all
.6300E+00    10.000  0.675E+01   0.25919E-01   0.00000E+00   0.10000E+00    0.50249E-02 -217.35         test_N_all
.6400E+00    10.000  0.651E+01   0.23639E-01   0.00000E+00   0.10000E+00    0.50249E-02 -230.93         test_N_all
.6500E+00    10.000  0.627E+01   0.21505E-01   0.00000E+00   0.10000E+00    0.50249E-02 -244.02         test_N_all
.6600E+00    10.000  0.603E+01   0.19513E-01   0.00000E+00   0.10000E+00    0.50249E-02 -256.56         test_N_all
.6700E+00    10.000  0.581E+01   0.17657E-01   0.00000E+00   0.10000E+00    0.50249E-02 -268.53         test_N_all
.6800E+00    10.000  0.559E+01   0.15932E-01   0.00000E+00   0.10000E+00    0.50249E-02 -279.90         test_N_all
.6900E+00    10.000  0.537E+01   0.14333E-01   0.00000E+00   0.10000E+00    0.50249E-02 -290.65         test_N_all
.7000E+00    10.000  0.517E+01   0.12854E-01   0.00000E+00   0.10000E+00    0.17692E-02 *******         test_N_all
.7100E+00    10.000  0.497E+01   0.11488E-01   0.00000E+00   0.10000E+00    0.50249E-02 -310.27         test_N_all
.7200E+00    10.000  0.477E+01   0.10231E-01   0.00000E+00   0.10000E+00    0.50249E-02 -319.15         test_N_all
.7300E+00    10.000  0.458E+01   0.90768E-02   0.00000E+00   0.10000E+00    0.50249E-02 -327.41         test_N_all
.7400E+00    10.000  0.440E+01   0.80192E-02   0.00000E+00   0.10000E+00    0.50249E-02 -335.07         test_N_all
.7500E+00    10.000  0.422E+01   0.70544E-02   0.00000E+00   0.10000E+00    0.50249E-02 -342.13         test_N_all
.7600E+00    10.000  0.404E+01   0.61744E-02   0.00000E+00   0.10000E+00    0.50249E-02 -348.64         test_N_all
.7700E+00    10.000  0.387E+01   0.53764E-02   0.00000E+00   0.10000E+00    0.50249E-02 -354.60         test_N_all
.7800E+00    10.000  0.370E+01   0.46547E-02   0.00000E+00   0.10000E+00    0.50249E-02 -360.03         test_N_all
.7900E+00    10.000  0.354E+01   0.40036E-02   0.00000E+00   0.10000E+00    0.50249E-02 -364.96         test_N_all
.8000E+00    10.000  0.338E+01   0.34194E-02   0.00000E+00   0.10000E+00    0.17692E-02 *******         test_N_all
.8100E+00    10.000  0.323E+01   0.28971E-02   0.00000E+00   0.10000E+00    0.50249E-02 -373.42         test_N_all
.8200E+00    10.000  0.308E+01   0.24333E-02   0.00000E+00   0.10000E+00    0.50249E-02 -377.00         test_N_all
.8300E+00    10.000  0.293E+01   0.20237E-02   0.00000E+00   0.10000E+00    0.50249E-02 -380.17         test_N_all
.8400E+00    10.000  0.279E+01   0.16636E-02   0.00000E+00   0.10000E+00    0.50249E-02 -382.97         test_N_all
.8500E+00    10.000  0.265E+01   0.13508E-02   0.00000E+00   0.10000E+00    0.50249E-02 -385.41         test_N_all
.8600E+00    10.000  0.251E+01   0.10796E-02   0.00000E+00   0.10000E+00    0.50249E-02 -387.53         test_N_all
.8700E+00    10.000  0.238E+01   0.84850E-03   0.00000E+00   0.10000E+00    0.50249E-02 -389.35         test_N_all
.8800E+00    10.000  0.225E+01   0.65363E-03   0.00000E+00   0.10000E+00    0.50249E-02 -390.88         test_N_all
.8900E+00    10.000  0.212E+01   0.49118E-03   0.00000E+00   0.10000E+00    0.50249E-02 -392.16         test_N_all
.9000E+00    10.000  0.199E+01   0.35929E-03   0.00000E+00   0.10000E+00    0.17692E-02 *******         test_N_all
.9100E+00    10.000  0.187E+01   0.25298E-03   0.00000E+00   0.10000E+00    0.50249E-02 -394.04         test_N_all
.9200E+00    10.000  0.175E+01   0.17073E-03   0.00000E+00   0.10000E+00    0.50249E-02 -394.69         test_N_all
.9300E+00    10.000  0.163E+01   0.10903E-03   0.00000E+00   0.10000E+00    0.50249E-02 -395.18         test_N_all
.9400E+00    10.000  0.152E+01   0.64245E-04   0.00000E+00   0.10000E+00    0.50249E-02 -395.53         test_N_all
.9500E+00    10.000  0.141E+01   0.34856E-04   0.00000E+00   0.10000E+00    0.50249E-02 -395.76         test_N_all
.9600E+00    10.000  0.130E+01   0.15495E-04   0.00000E+00   0.10000E+00    0.50249E-02 -395.92         test_N_all
.9700E+00    10.000  0.119E+01   0.53506E-05   0.00000E+00   0.10000E+00    0.50249E-02 -396.00         test_N_all
.9800E+00    10.000  0.109E+01   0.18646E-05   0.00000E+00   0.10000E+00    0.50249E-02 -396.02         test_N_all
.9900E+00    10.000  0.983E+00   0.18291E-05   0.00000E+00   0.10000E+00    0.50249E-02 -396.03         test_N_all
.1000E+01    10.000  0.882E+00   0.00000E+00   0.00000E+00   0.10000E+00    0.50249E-02 -396.04         test_N_all
.1000E-01    20.000  0.198E+04   0.60807E+00   0.00000E+00   0.10000E+00    0.50249E-02 *******         test_N_all
.2000E-01    20.000  0.981E+03   0.50706E+00   0.00000E+00   0.10000E+00    0.50249E-02 6562.35         test_N_all
.3000E-01    20.000  0.648E+03   0.45400E+00   0.00000E+00   0.10000E+00    0.50249E-02 4963.08         test_N_all
.4000E-01    20.000  0.481E+03   0.42489E+00   0.00000E+00   0.10000E+00    0.50249E-02 4180.42         test_N_all
.5000E-01    20.000  0.381E+03   0.40072E+00   0.00000E+00   0.10000E+00    0.50249E-02 3581.49         test_N_all
.6000E-01    20.000  0.314E+03   0.38365E+00   0.00000E+00   0.10000E+00    0.50249E-02 3186.46         test_N_all
.7000E-01    20.000  0.267E+03   0.36848E+00   0.00000E+00   0.10000E+00    0.50249E-02 2854.68         test_N_all
.8000E-01    20.000  0.231E+03   0.35596E+00   0.00000E+00   0.10000E+00    0.50249E-02 2594.60         test_N_all
.9000E-01    20.000  0.203E+03   0.34433E+00   0.00000E+00   0.10000E+00    0.50249E-02 2364.23         test_N_all
.1000E+00    20.000  0.181E+03   0.33373E+00   0.00000E+00   0.10000E+00    0.50249E-02 2163.54         test_N_all
.1100E+00    20.000  0.163E+03   0.32349E+00   0.00000E+00   0.10000E+00    0.50249E-02 1978.17         test_N_all
.1200E+00    20.000  0.148E+03   0.31371E+00   0.00000E+00   0.10000E+00    0.50249E-02 1808.74         test_N_all
.1300E+00    20.000  0.135E+03   0.30425E+00   0.00000E+00   0.10000E+00    0.50249E-02 1652.23         test_N_all
.1400E+00    20.000  0.124E+03   0.29500E+00   0.00000E+00   0.10000E+00    0.50249E-02 1505.92         test_N_all
.1500E+00    20.000  0.114E+03   0.28600E+00   0.00000E+00   0.10000E+00    0.50249E-02 1370.20         test_N_all
.1600E+00    20.000  0.106E+03   0.27720E+00   0.00000E+00   0.10000E+00    0.50249E-02 1243.58         test_N_all
.1700E+00    20.000  0.985E+02   0.26861E+00   0.00000E+00   0.10000E+00    0.50249E-02 1125.92         test_N_all
.1800E+00    20.000  0.920E+02   0.26022E+00   0.00000E+00   0.10000E+00    0.50249E-02 1016.70         test_N_all
.1900E+00    20.000  0.861E+02   0.25203E+00   0.00000E+00   0.10000E+00    0.50249E-02  915.35         test_N_all
.2000E+00    20.000  0.809E+02   0.24402E+00   0.00000E+00   0.10000E+00    0.50249E-02  821.51         test_N_all
.2100E+00    20.000  0.761E+02   0.23620E+00   0.00000E+00   0.10000E+00    0.50249E-02  734.62         test_N_all
.2200E+00    20.000  0.718E+02   0.22854E+00   0.00000E+00   0.10000E+00    0.50249E-02  654.34         test_N_all
.2300E+00    20.000  0.678E+02   0.22104E+00   0.00000E+00   0.10000E+00    0.50249E-02  580.24         test_N_all
.2400E+00    20.000  0.642E+02   0.21369E+00   0.00000E+00   0.10000E+00    0.50249E-02  511.92         test_N_all
.2500E+00    20.000  0.609E+02   0.20649E+00   0.00000E+00   0.10000E+00    0.50249E-02  449.09         test_N_all
.2600E+00    20.000  0.578E+02   0.19941E+00   0.00000E+00   0.10000E+00    0.50249E-02  391.34         test_N_all
.2700E+00    20.000  0.550E+02   0.19245E+00   0.00000E+00   0.10000E+00    0.50249E-02  338.47         test_N_all
.2800E+00    20.000  0.523E+02   0.18560E+00   0.00000E+00   0.10000E+00    0.50249E-02  290.18         test_N_all
.2900E+00    20.000  0.498E+02   0.17885E+00   0.00000E+00   0.10000E+00    0.50249E-02  246.23         test_N_all
.3000E+00    20.000  0.475E+02   0.17220E+00   0.00000E+00   0.10000E+00    0.18868E-02 1464.31         test_N_all
.3100E+00    20.000  0.454E+02   0.16565E+00   0.00000E+00   0.10000E+00    0.50249E-02  170.67         test_N_all
.3200E+00    20.000  0.434E+02   0.15918E+00   0.00000E+00   0.10000E+00    0.50249E-02  138.71         test_N_all
.3300E+00    20.000  0.415E+02   0.15280E+00   0.00000E+00   0.10000E+00    0.50249E-02  110.42         test_N_all
.3400E+00    20.000  0.397E+02   0.14651E+00   0.00000E+00   0.10000E+00    0.50249E-02   85.67         test_N_all
.3500E+00    20.000  0.380E+02   0.14030E+00   0.00000E+00   0.10000E+00    0.50249E-02   64.33         test_N_all
.3600E+00    20.000  0.364E+02   0.13418E+00   0.00000E+00   0.10000E+00    0.50249E-02   46.28         test_N_all
.3700E+00    20.000  0.349E+02   0.12816E+00   0.00000E+00   0.10000E+00    0.50249E-02   31.40         test_N_all
.3800E+00    20.000  0.335E+02   0.12223E+00   0.00000E+00   0.10000E+00    0.50249E-02   19.57         test_N_all
.3900E+00    20.000  0.322E+02   0.11641E+00   0.00000E+00   0.10000E+00    0.50249E-02   10.66         test_N_all
.4000E+00    20.000  0.309E+02   0.11069E+00   0.00000E+00   0.10000E+00    0.17692E-02   36.54         test_N_all
.4100E+00    20.000  0.297E+02   0.10510E+00   0.00000E+00   0.10000E+00    0.50249E-02    1.03         test_N_all
.4200E+00    20.000  0.285E+02   0.99625E-01   0.00000E+00   0.10000E+00    0.50249E-02   -0.01         test_N_all
.4300E+00    20.000  0.274E+02   0.94282E-01   0.00000E+00   0.10000E+00    0.50249E-02   -1.29         test_N_all
.4400E+00    20.000  0.263E+02   0.89079E-01   0.00000E+00   0.10000E+00    0.50249E-02   -4.72         test_N_all
.4500E+00    20.000  0.253E+02   0.84017E-01   0.00000E+00   0.10000E+00    0.50249E-02  -10.12         test_N_all
.4600E+00    20.000  0.244E+02   0.79109E-01   0.00000E+00   0.10000E+00    0.50249E-02  -17.28         test_N_all
.4700E+00    20.000  0.234E+02   0.74355E-01   0.00000E+00   0.10000E+00    0.50249E-02  -26.05         test_N_all
.4800E+00    20.000  0.225E+02   0.69760E-01   0.00000E+00   0.10000E+00    0.50249E-02  -36.22         test_N_all
.4900E+00    20.000  0.217E+02   0.65332E-01   0.00000E+00   0.10000E+00    0.50249E-02  -47.60         test_N_all
.5000E+00    20.000  0.209E+02   0.61069E-01   0.00000E+00   0.10000E+00    0.17692E-02 -484.22         test_N_all
.5100E+00    20.000  0.201E+02   0.56980E-01   0.00000E+00   0.10000E+00    0.50249E-02  -73.30         test_N_all
.5200E+00    20.000  0.193E+02   0.53061E-01   0.00000E+00   0.10000E+00    0.50249E-02  -87.26         test_N_all
.5300E+00    20.000  0.186E+02   0.49316E-01   0.00000E+00   0.10000E+00    0.50249E-02 -101.74         test_N_all
.5400E+00    20.000  0.179E+02   0.45745E-01   0.00000E+00   0.10000E+00    0.50249E-02 -116.58         test_N_all
.5500E+00    20.000  0.172E+02   0.42345E-01   0.00000E+00   0.10000E+00    0.50249E-02 -131.65         test_N_all
.5600E+00    20.000  0.166E+02   0.39120E-01   0.00000E+00   0.10000E+00    0.50249E-02 -146.79         test_N_all
.5700E+00    20.000  0.160E+02   0.36064E-01   0.00000E+00   0.10000E+00    0.50249E-02 -161.89         test_N_all
.5800E+00    20.000  0.154E+02   0.33175E-01   0.00000E+00   0.10000E+00    0.50249E-02 -176.85         test_N_all
.5900E+00    20.000  0.148E+02   0.30452E-01   0.00000E+00   0.10000E+00    0.50249E-02 -191.56         test_N_all
.6000E+00    20.000  0.142E+02   0.27888E-01   0.00000E+00   0.10000E+00    0.17692E-02 *******         test_N_all
.6100E+00    20.000  0.137E+02   0.25482E-01   0.00000E+00   0.10000E+00    0.50249E-02 -219.92         test_N_all
.6200E+00    20.000  0.131E+02   0.23229E-01   0.00000E+00   0.10000E+00    0.50249E-02 -233.42         test_N_all
.6300E+00    20.000  0.126E+02   0.21123E-01   0.00000E+00   0.10000E+00    0.50249E-02 -246.40         test_N_all
.6400E+00    20.000  0.121E+02   0.19159E-01   0.00000E+00   0.10000E+00    0.50249E-02 -258.82         test_N_all
.6500E+00    20.000  0.117E+02   0.17333E-01   0.00000E+00   0.10000E+00    0.50249E-02 -270.65         test_N_all
.6600E+00    20.000  0.112E+02   0.15637E-01   0.00000E+00   0.10000E+00    0.50249E-02 -281.86         test_N_all
.6700E+00    20.000  0.107E+02   0.14068E-01   0.00000E+00   0.10000E+00    0.50249E-02 -292.45         test_N_all
.6800E+00    20.000  0.103E+02   0.12618E-01   0.00000E+00   0.10000E+00    0.50249E-02 -302.40         test_N_all
.6900E+00    20.000  0.987E+01   0.11282E-01   0.00000E+00   0.10000E+00    0.50249E-02 -311.72         test_N_all
.7000E+00    20.000  0.945E+01   0.10055E-01   0.00000E+00   0.10000E+00    0.17692E-02 *******         test_N_all
.7100E+00    20.000  0.905E+01   0.89284E-02   0.00000E+00   0.10000E+00    0.50249E-02 -328.48         test_N_all
.7200E+00    20.000  0.866E+01   0.78990E-02   0.00000E+00   0.10000E+00    0.50249E-02 -335.94         test_N_all
.7300E+00    20.000  0.828E+01   0.69604E-02   0.00000E+00   0.10000E+00    0.50249E-02 -342.83         test_N_all
.7400E+00    20.000  0.791E+01   0.61064E-02   0.00000E+00   0.10000E+00    0.50249E-02 -349.15         test_N_all
.7500E+00    20.000  0.755E+01   0.53332E-02   0.00000E+00   0.10000E+00    0.50249E-02 -354.92         test_N_all
.7600E+00    20.000  0.720E+01   0.46331E-02   0.00000E+00   0.10000E+00    0.50249E-02 -360.19         test_N_all
.7700E+00    20.000  0.686E+01   0.40033E-02   0.00000E+00   0.10000E+00    0.50249E-02 -364.97         test_N_all
.7800E+00    20.000  0.652E+01   0.34384E-02   0.00000E+00   0.10000E+00    0.50249E-02 -369.27         test_N_all
.7900E+00    20.000  0.620E+01   0.29331E-02   0.00000E+00   0.10000E+00    0.50249E-02 -373.15         test_N_all
.8000E+00    20.000  0.588E+01   0.24840E-02   0.00000E+00   0.10000E+00    0.17692E-02 *******         test_N_all
.8100E+00    20.000  0.557E+01   0.20858E-02   0.00000E+00   0.10000E+00    0.50249E-02 -379.69         test_N_all
.8200E+00    20.000  0.527E+01   0.17359E-02   0.00000E+00   0.10000E+00    0.50249E-02 -382.41         test_N_all
.8300E+00    20.000  0.498E+01   0.14299E-02   0.00000E+00   0.10000E+00    0.50249E-02 -384.79         test_N_all
.8400E+00    20.000  0.469E+01   0.11636E-02   0.00000E+00   0.10000E+00    0.50249E-02 -386.88         test_N_all
.8500E+00    20.000  0.441E+01   0.93506E-03   0.00000E+00   0.10000E+00    0.50249E-02 -388.67         test_N_all
.8600E+00    20.000  0.414E+01   0.73913E-03   0.00000E+00   0.10000E+00    0.50249E-02 -390.21         test_N_all
.8700E+00    20.000  0.387E+01   0.57422E-03   0.00000E+00   0.10000E+00    0.50249E-02 -391.50         test_N_all
.8800E+00    20.000  0.361E+01   0.43699E-03   0.00000E+00   0.10000E+00    0.50249E-02 -392.59         test_N_all
.8900E+00    20.000  0.335E+01   0.32412E-03   0.00000E+00   0.10000E+00    0.50249E-02 -393.48         test_N_all
.9000E+00    20.000  0.310E+01   0.23391E-03   0.00000E+00   0.10000E+00    0.17692E-02 *******         test_N_all
.9100E+00    20.000  0.286E+01   0.16221E-03   0.00000E+00   0.10000E+00    0.50249E-02 -394.76         test_N_all
.9200E+00    20.000  0.262E+01   0.10771E-03   0.00000E+00   0.10000E+00    0.50249E-02 -395.19         test_N_all
.9300E+00    20.000  0.239E+01   0.67585E-04   0.00000E+00   0.10000E+00    0.50249E-02 -395.50         test_N_all
.9400E+00    20.000  0.216E+01   0.38982E-04   0.00000E+00   0.10000E+00    0.50249E-02 -395.73         test_N_all
.9500E+00    20.000  0.193E+01   0.20740E-04   0.00000E+00   0.10000E+00    0.50249E-02 -395.88         test_N_all
.9600E+00    20.000  0.172E+01   0.89212E-05   0.00000E+00   0.10000E+00    0.50249E-02 -395.97         test_N_all
.9700E+00    20.000  0.150E+01   0.29868E-05   0.00000E+00   0.10000E+00    0.50249E-02 -396.02         test_N_all
.9800E+00    20.000  0.129E+01   0.11689E-05   0.00000E+00   0.10000E+00    0.50249E-02 -396.03         test_N_all
.9900E+00    20.000  0.108E+01   0.13159E-05   0.00000E+00   0.10000E+00    0.50249E-02 -396.03         test_N_all
.1000E+01    20.000  0.882E+00   0.00000E+00   0.00000E+00   0.10000E+00    0.50249E-02 -396.04         test_N_all
.1000E+00    50.000  0.451E+03   0.33678E+00   0.00000E+00   0.10000E+00    0.50249E-02 2220.41         test_N_all
.1100E+00    50.000  0.405E+03   0.32411E+00   0.00000E+00   0.10000E+00    0.50249E-02 1989.05         test_N_all
.1200E+00    50.000  0.368E+03   0.31228E+00   0.00000E+00   0.10000E+00    0.50249E-02 1784.71         test_N_all
.1300E+00    50.000  0.335E+03   0.30111E+00   0.00000E+00   0.10000E+00    0.50249E-02 1601.74         test_N_all
.1400E+00    50.000  0.308E+03   0.29037E+00   0.00000E+00   0.10000E+00    0.50249E-02 1435.32         test_N_all
.1500E+00    50.000  0.284E+03   0.28013E+00   0.00000E+00   0.10000E+00    0.50249E-02 1285.08         test_N_all
.1600E+00    50.000  0.263E+03   0.27024E+00   0.00000E+00   0.10000E+00    0.50249E-02 1147.85         test_N_all
.1700E+00    50.000  0.245E+03   0.26073E+00   0.00000E+00   0.10000E+00    0.50249E-02 1023.09         test_N_all
.1800E+00    50.000  0.229E+03   0.25154E+00   0.00000E+00   0.10000E+00    0.50249E-02  909.50         test_N_all
.1900E+00    50.000  0.214E+03   0.24265E+00   0.00000E+00   0.10000E+00    0.50249E-02  805.86         test_N_all
.2000E+00    50.000  0.201E+03   0.23404E+00   0.00000E+00   0.10000E+00    0.50249E-02  711.55         test_N_all
.2100E+00    50.000  0.189E+03   0.22568E+00   0.00000E+00   0.10000E+00    0.50249E-02  625.53         test_N_all
.2200E+00    50.000  0.178E+03   0.21755E+00   0.00000E+00   0.10000E+00    0.50249E-02  547.29         test_N_all
.2300E+00    50.000  0.168E+03   0.20965E+00   0.00000E+00   0.10000E+00    0.50249E-02  476.17         test_N_all
.2400E+00    50.000  0.159E+03   0.20195E+00   0.00000E+00   0.10000E+00    0.50249E-02  411.60         test_N_all
.2500E+00    50.000  0.151E+03   0.19443E+00   0.00000E+00   0.10000E+00    0.50249E-02  353.16         test_N_all
.2600E+00    50.000  0.143E+03   0.18708E+00   0.00000E+00   0.10000E+00    0.50249E-02  300.33         test_N_all
.2700E+00    50.000  0.136E+03   0.17990E+00   0.00000E+00   0.10000E+00    0.50249E-02  252.80         test_N_all
.2800E+00    50.000  0.129E+03   0.17286E+00   0.00000E+00   0.10000E+00    0.50249E-02  210.24         test_N_all
.2900E+00    50.000  0.123E+03   0.16596E+00   0.00000E+00   0.10000E+00    0.50249E-02  172.31         test_N_all
.3000E+00    50.000  0.118E+03   0.15920E+00   0.00000E+00   0.10000E+00    0.18868E-02  984.44         test_N_all
.3100E+00    50.000  0.112E+03   0.15256E+00   0.00000E+00   0.10000E+00    0.50249E-02  109.41         test_N_all
.3200E+00    50.000  0.107E+03   0.14605E+00   0.00000E+00   0.10000E+00    0.50249E-02   83.97         test_N_all
.3300E+00    50.000  0.102E+03   0.13965E+00   0.00000E+00   0.10000E+00    0.50249E-02   62.28         test_N_all
.3400E+00    50.000  0.979E+02   0.13338E+00   0.00000E+00   0.10000E+00    0.50249E-02   44.13         test_N_all
.3500E+00    50.000  0.937E+02   0.12723E+00   0.00000E+00   0.10000E+00    0.50249E-02   29.37         test_N_all
.3600E+00    50.000  0.898E+02   0.12120E+00   0.00000E+00   0.10000E+00    0.50249E-02   17.80         test_N_all
.3700E+00    50.000  0.860E+02   0.11530E+00   0.00000E+00   0.10000E+00    0.50249E-02    9.27         test_N_all
.3800E+00    50.000  0.825E+02   0.10953E+00   0.00000E+00   0.10000E+00    0.50249E-02    3.59         test_N_all
.3900E+00    50.000  0.791E+02   0.10389E+00   0.00000E+00   0.10000E+00    0.50249E-02    0.60         test_N_all
.4000E+00    50.000  0.759E+02   0.98391E-01   0.00000E+00   0.10000E+00    0.17692E-02   -0.83         test_N_all
.4100E+00    50.000  0.728E+02   0.93039E-01   0.00000E+00   0.10000E+00    0.50249E-02   -1.92         test_N_all
.4200E+00    50.000  0.699E+02   0.87835E-01   0.00000E+00   0.10000E+00    0.50249E-02   -5.86         test_N_all
.4300E+00    50.000  0.672E+02   0.82784E-01   0.00000E+00   0.10000E+00    0.50249E-02  -11.74         test_N_all
.4400E+00    50.000  0.645E+02   0.77893E-01   0.00000E+00   0.10000E+00    0.50249E-02  -19.35         test_N_all
.4500E+00    50.000  0.620E+02   0.73163E-01   0.00000E+00   0.10000E+00    0.50249E-02  -28.52         test_N_all
.4600E+00    50.000  0.596E+02   0.68602E-01   0.00000E+00   0.10000E+00    0.50249E-02  -39.04         test_N_all
.4700E+00    50.000  0.573E+02   0.64209E-01   0.00000E+00   0.10000E+00    0.50249E-02  -50.73         test_N_all
.4800E+00    50.000  0.550E+02   0.59988E-01   0.00000E+00   0.10000E+00    0.50249E-02  -63.40         test_N_all
.4900E+00    50.000  0.529E+02   0.55942E-01   0.00000E+00   0.10000E+00    0.50249E-02  -76.88         test_N_all
.5000E+00    50.000  0.509E+02   0.52068E-01   0.00000E+00   0.10000E+00    0.17692E-02 -734.01         test_N_all
.5100E+00    50.000  0.489E+02   0.48373E-01   0.00000E+00   0.10000E+00    0.50249E-02 -105.56         test_N_all
.5200E+00    50.000  0.470E+02   0.44851E-01   0.00000E+00   0.10000E+00    0.50249E-02 -120.45         test_N_all
.5300E+00    50.000  0.452E+02   0.41503E-01   0.00000E+00   0.10000E+00    0.50249E-02 -135.52         test_N_all
.5400E+00    50.000  0.435E+02   0.38328E-01   0.00000E+00   0.10000E+00    0.50249E-02 -150.63         test_N_all
.5500E+00    50.000  0.418E+02   0.35322E-01   0.00000E+00   0.10000E+00    0.50249E-02 -165.67         test_N_all
.5600E+00    50.000  0.402E+02   0.32485E-01   0.00000E+00   0.10000E+00    0.50249E-02 -180.53         test_N_all
.5700E+00    50.000  0.386E+02   0.29811E-01   0.00000E+00   0.10000E+00    0.50249E-02 -195.11         test_N_all
.5800E+00    50.000  0.371E+02   0.27297E-01   0.00000E+00   0.10000E+00    0.50249E-02 -209.34         test_N_all
.5900E+00    50.000  0.356E+02   0.24939E-01   0.00000E+00   0.10000E+00    0.50249E-02 -223.13         test_N_all
.6000E+00    50.000  0.342E+02   0.22732E-01   0.00000E+00   0.10000E+00    0.17692E-02 *******         test_N_all
.6100E+00    50.000  0.328E+02   0.20672E-01   0.00000E+00   0.10000E+00    0.50249E-02 -249.23         test_N_all
.6200E+00    50.000  0.315E+02   0.18752E-01   0.00000E+00   0.10000E+00    0.50249E-02 -261.44         test_N_all
.6300E+00    50.000  0.302E+02   0.16968E-01   0.00000E+00   0.10000E+00    0.50249E-02 -273.05         test_N_all
.6400E+00    50.000  0.290E+02   0.15313E-01   0.00000E+00   0.10000E+00    0.50249E-02 -284.04         test_N_all
.6500E+00    50.000  0.278E+02   0.13782E-01   0.00000E+00   0.10000E+00    0.50249E-02 -294.40         test_N_all
.6600E+00    50.000  0.266E+02   0.12369E-01   0.00000E+00   0.10000E+00    0.50249E-02 -304.13         test_N_all
.6700E+00    50.000  0.255E+02   0.11068E-01   0.00000E+00   0.10000E+00    0.50249E-02 -313.23         test_N_all
.6800E+00    50.000  0.244E+02   0.98729E-02   0.00000E+00   0.10000E+00    0.50249E-02 -321.70         test_N_all
.6900E+00    50.000  0.233E+02   0.87780E-02   0.00000E+00   0.10000E+00    0.50249E-02 -329.56         test_N_all
.7000E+00    50.000  0.223E+02   0.77782E-02   0.00000E+00   0.10000E+00    0.17692E-02 *******         test_N_all
.7100E+00    50.000  0.213E+02   0.68659E-02   0.00000E+00   0.10000E+00    0.50249E-02 -343.52         test_N_all
.7200E+00    50.000  0.203E+02   0.60375E-02   0.00000E+00   0.10000E+00    0.50249E-02 -349.66         test_N_all
.7300E+00    50.000  0.194E+02   0.52868E-02   0.00000E+00   0.10000E+00    0.50249E-02 -355.27         test_N_all
.7400E+00    50.000  0.184E+02   0.46082E-02   0.00000E+00   0.10000E+00    0.50249E-02 -360.38         test_N_all
.7500E+00    50.000  0.175E+02   0.39979E-02   0.00000E+00   0.10000E+00    0.50249E-02 -365.01         test_N_all
.7600E+00    50.000  0.167E+02   0.34491E-02   0.00000E+00   0.10000E+00    0.50249E-02 -369.19         test_N_all
.7700E+00    50.000  0.158E+02   0.29590E-02   0.00000E+00   0.10000E+00    0.50249E-02 -372.95         test_N_all
.7800E+00    50.000  0.150E+02   0.25226E-02   0.00000E+00   0.10000E+00    0.50249E-02 -376.31         test_N_all
.7900E+00    50.000  0.142E+02   0.21353E-02   0.00000E+00   0.10000E+00    0.50249E-02 -379.31         test_N_all
.8000E+00    50.000  0.134E+02   0.17939E-02   0.00000E+00   0.10000E+00    0.17692E-02 *******         test_N_all
.8100E+00    50.000  0.126E+02   0.14938E-02   0.00000E+00   0.10000E+00    0.50249E-02 -384.30         test_N_all
.8200E+00    50.000  0.119E+02   0.12323E-02   0.00000E+00   0.10000E+00    0.50249E-02 -386.34         test_N_all
.8300E+00    50.000  0.111E+02   0.10058E-02   0.00000E+00   0.10000E+00    0.50249E-02 -388.11         test_N_all
.8400E+00    50.000  0.104E+02   0.81066E-03   0.00000E+00   0.10000E+00    0.50249E-02 -389.64         test_N_all
.8500E+00    50.000  0.971E+01   0.64492E-03   0.00000E+00   0.10000E+00    0.50249E-02 -390.95         test_N_all
.8600E+00    50.000  0.902E+01   0.50433E-03   0.00000E+00   0.10000E+00    0.50249E-02 -392.05         test_N_all
.8700E+00    50.000  0.835E+01   0.38741E-03   0.00000E+00   0.10000E+00    0.50249E-02 -392.98         test_N_all
.8800E+00    50.000  0.770E+01   0.29131E-03   0.00000E+00   0.10000E+00    0.50249E-02 -393.74         test_N_all
.8900E+00    50.000  0.706E+01   0.21329E-03   0.00000E+00   0.10000E+00    0.50249E-02 -394.35         test_N_all
.9000E+00    50.000  0.644E+01   0.15187E-03   0.00000E+00   0.10000E+00    0.17692E-02 *******         test_N_all
.9100E+00    50.000  0.583E+01   0.10370E-03   0.00000E+00   0.10000E+00    0.50249E-02 -395.22         test_N_all
.9200E+00    50.000  0.523E+01   0.67742E-04   0.00000E+00   0.10000E+00    0.50249E-02 -395.50         test_N_all
.9300E+00    50.000  0.465E+01   0.41744E-04   0.00000E+00   0.10000E+00    0.50249E-02 -395.71         test_N_all
.9400E+00    50.000  0.407E+01   0.23543E-04   0.00000E+00   0.10000E+00    0.50249E-02 -395.85         test_N_all
.9500E+00    50.000  0.351E+01   0.12283E-04   0.00000E+00   0.10000E+00    0.50249E-02 -395.94         test_N_all
.9600E+00    50.000  0.297E+01   0.51029E-05   0.00000E+00   0.10000E+00    0.50249E-02 -396.00         test_N_all
.9700E+00    50.000  0.243E+01   0.16659E-05   0.00000E+00   0.10000E+00    0.50249E-02 -396.03         test_N_all
.9800E+00    50.000  0.190E+01   0.76304E-06   0.00000E+00   0.10000E+00    0.50249E-02 -396.03         test_N_all
.9900E+00    50.000  0.139E+01   0.95590E-06   0.00000E+00   0.10000E+00    0.50249E-02 -396.03         test_N_all
.1000E+01    50.000  0.882E+00   0.00000E+00   0.00000E+00   0.10000E+00    0.50249E-02 -396.04         test_N_all
.1000E+00   100.000  0.901E+03   0.33768E+00   0.00000E+00   0.10000E+00    0.50249E-02 2237.37         test_N_all
.1100E+00   100.000  0.810E+03   0.32346E+00   0.00000E+00   0.10000E+00    0.50249E-02 1977.60         test_N_all
.1200E+00   100.000  0.734E+03   0.31036E+00   0.00000E+00   0.10000E+00    0.50249E-02 1752.45         test_N_all
.1300E+00   100.000  0.670E+03   0.29811E+00   0.00000E+00   0.10000E+00    0.50249E-02 1554.29         test_N_all
.1400E+00   100.000  0.615E+03   0.28646E+00   0.00000E+00   0.10000E+00    0.50249E-02 1376.86         test_N_all
.1500E+00   100.000  0.568E+03   0.27545E+00   0.00000E+00   0.10000E+00    0.50249E-02 1219.17         test_N_all
.1600E+00   100.000  0.526E+03   0.26490E+00   0.00000E+00   0.10000E+00    0.50249E-02 1076.93         test_N_all
.1700E+00   100.000  0.489E+03   0.25482E+00   0.00000E+00   0.10000E+00    0.50249E-02  949.29         test_N_all
.1800E+00   100.000  0.456E+03   0.24516E+00   0.00000E+00   0.10000E+00    0.50249E-02  834.46         test_N_all
.1900E+00   100.000  0.427E+03   0.23585E+00   0.00000E+00   0.10000E+00    0.50249E-02  730.85         test_N_all
.2000E+00   100.000  0.401E+03   0.22689E+00   0.00000E+00   0.10000E+00    0.50249E-02  637.66         test_N_all
.2100E+00   100.000  0.377E+03   0.21822E+00   0.00000E+00   0.10000E+00    0.50249E-02  553.51         test_N_all
.2200E+00   100.000  0.355E+03   0.20984E+00   0.00000E+00   0.10000E+00    0.50249E-02  477.80         test_N_all
.2300E+00   100.000  0.336E+03   0.20172E+00   0.00000E+00   0.10000E+00    0.50249E-02  409.74         test_N_all
.2400E+00   100.000  0.318E+03   0.19382E+00   0.00000E+00   0.10000E+00    0.50249E-02  348.61         test_N_all
.2500E+00   100.000  0.301E+03   0.18615E+00   0.00000E+00   0.10000E+00    0.50249E-02  293.95         test_N_all
.2600E+00   100.000  0.285E+03   0.17868E+00   0.00000E+00   0.10000E+00    0.50249E-02  245.15         test_N_all
.2700E+00   100.000  0.271E+03   0.17139E+00   0.00000E+00   0.10000E+00    0.50249E-02  201.85         test_N_all
.2800E+00   100.000  0.258E+03   0.16428E+00   0.00000E+00   0.10000E+00    0.50249E-02  163.65         test_N_all
.2900E+00   100.000  0.246E+03   0.15733E+00   0.00000E+00   0.10000E+00    0.50249E-02  130.19         test_N_all
.3000E+00   100.000  0.234E+03   0.15055E+00   0.00000E+00   0.10000E+00    0.18868E-02  717.76         test_N_all
.3100E+00   100.000  0.223E+03   0.14391E+00   0.00000E+00   0.10000E+00    0.50249E-02   76.36         test_N_all
.3200E+00   100.000  0.213E+03   0.13742E+00   0.00000E+00   0.10000E+00    0.50249E-02   55.45         test_N_all
.3300E+00   100.000  0.204E+03   0.13107E+00   0.00000E+00   0.10000E+00    0.50249E-02   38.24         test_N_all
.3400E+00   100.000  0.195E+03   0.12487E+00   0.00000E+00   0.10000E+00    0.50249E-02   24.49         test_N_all
.3500E+00   100.000  0.187E+03   0.11881E+00   0.00000E+00   0.10000E+00    0.50249E-02   14.01         test_N_all
.3600E+00   100.000  0.179E+03   0.11289E+00   0.00000E+00   0.10000E+00    0.50249E-02    6.58         test_N_all
.3700E+00   100.000  0.171E+03   0.10712E+00   0.00000E+00   0.10000E+00    0.50249E-02    2.00         test_N_all
.3800E+00   100.000  0.164E+03   0.10149E+00   0.00000E+00   0.10000E+00    0.50249E-02    0.09         test_N_all
.3900E+00   100.000  0.157E+03   0.96020E-01   0.00000E+00   0.10000E+00    0.50249E-02   -0.63         test_N_all
.4000E+00   100.000  0.151E+03   0.90702E-01   0.00000E+00   0.10000E+00    0.17692E-02  -27.62         test_N_all
.4100E+00   100.000  0.145E+03   0.85546E-01   0.00000E+00   0.10000E+00    0.50249E-02   -8.27         test_N_all
.4200E+00   100.000  0.139E+03   0.80551E-01   0.00000E+00   0.10000E+00    0.50249E-02  -14.98         test_N_all
.4300E+00   100.000  0.133E+03   0.75722E-01   0.00000E+00   0.10000E+00    0.50249E-02  -23.34         test_N_all
.4400E+00   100.000  0.128E+03   0.71062E-01   0.00000E+00   0.10000E+00    0.50249E-02  -33.16         test_N_all
.4500E+00   100.000  0.123E+03   0.66573E-01   0.00000E+00   0.10000E+00    0.50249E-02  -44.25         test_N_all
.4600E+00   100.000  0.118E+03   0.62260E-01   0.00000E+00   0.10000E+00    0.50249E-02  -56.41         test_N_all
.4700E+00   100.000  0.114E+03   0.58121E-01   0.00000E+00   0.10000E+00    0.50249E-02  -69.46         test_N_all
.4800E+00   100.000  0.109E+03   0.54158E-01   0.00000E+00   0.10000E+00    0.50249E-02  -83.23         test_N_all
.4900E+00   100.000  0.105E+03   0.50372E-01   0.00000E+00   0.10000E+00    0.50249E-02  -97.54         test_N_all
.5000E+00   100.000  0.101E+03   0.46761E-01   0.00000E+00   0.10000E+00    0.17692E-02 -905.54         test_N_all
.5100E+00   100.000  0.970E+02   0.43328E-01   0.00000E+00   0.10000E+00    0.50249E-02 -127.20         test_N_all
.5200E+00   100.000  0.932E+02   0.40068E-01   0.00000E+00   0.10000E+00    0.50249E-02 -142.25         test_N_all
.5300E+00   100.000  0.896E+02   0.36978E-01   0.00000E+00   0.10000E+00    0.50249E-02 -157.30         test_N_all
.5400E+00   100.000  0.861E+02   0.34059E-01   0.00000E+00   0.10000E+00    0.50249E-02 -172.21         test_N_all
.5500E+00   100.000  0.827E+02   0.31304E-01   0.00000E+00   0.10000E+00    0.50249E-02 -186.90         test_N_all
.5600E+00   100.000  0.795E+02   0.28711E-01   0.00000E+00   0.10000E+00    0.50249E-02 -201.27         test_N_all
.5700E+00   100.000  0.763E+02   0.26277E-01   0.00000E+00   0.10000E+00    0.50249E-02 -215.25         test_N_all
.5800E+00   100.000  0.733E+02   0.23995E-01   0.00000E+00   0.10000E+00    0.50249E-02 -228.78         test_N_all
.5900E+00   100.000  0.704E+02   0.21862E-01   0.00000E+00   0.10000E+00    0.50249E-02 -241.81         test_N_all
.6000E+00   100.000  0.675E+02   0.19871E-01   0.00000E+00   0.10000E+00    0.17692E-02 *******         test_N_all
.6100E+00   100.000  0.648E+02   0.18019E-01   0.00000E+00   0.10000E+00    0.50249E-02 -266.17         test_N_all
.6200E+00   100.000  0.622E+02   0.16299E-01   0.00000E+00   0.10000E+00    0.50249E-02 -277.46         test_N_all
.6300E+00   100.000  0.596E+02   0.14705E-01   0.00000E+00   0.10000E+00    0.50249E-02 -288.13         test_N_all
.6400E+00   100.000  0.571E+02   0.13232E-01   0.00000E+00   0.10000E+00    0.50249E-02 -298.17         test_N_all
.6500E+00   100.000  0.547E+02   0.11874E-01   0.00000E+00   0.10000E+00    0.50249E-02 -307.58         test_N_all
.6600E+00   100.000  0.524E+02   0.10623E-01   0.00000E+00   0.10000E+00    0.50249E-02 -316.36         test_N_all
.6700E+00   100.000  0.501E+02   0.94764E-02   0.00000E+00   0.10000E+00    0.50249E-02 -324.54         test_N_all
.6800E+00   100.000  0.479E+02   0.84265E-02   0.00000E+00   0.10000E+00    0.50249E-02 -332.11         test_N_all
.6900E+00   100.000  0.458E+02   0.74676E-02   0.00000E+00   0.10000E+00    0.50249E-02 -339.10         test_N_all
.7000E+00   100.000  0.437E+02   0.65950E-02   0.00000E+00   0.10000E+00    0.17692E-02 *******         test_N_all
.7100E+00   100.000  0.417E+02   0.58016E-02   0.00000E+00   0.10000E+00    0.50249E-02 -351.42         test_N_all
.7200E+00   100.000  0.398E+02   0.50836E-02   0.00000E+00   0.10000E+00    0.50249E-02 -356.80         test_N_all
.7300E+00   100.000  0.379E+02   0.44354E-02   0.00000E+00   0.10000E+00    0.50249E-02 -361.69         test_N_all
.7400E+00   100.000  0.360E+02   0.38515E-02   0.00000E+00   0.10000E+00    0.50249E-02 -366.12         test_N_all
.7500E+00   100.000  0.342E+02   0.33286E-02   0.00000E+00   0.10000E+00    0.50249E-02 -370.11         test_N_all
.7600E+00   100.000  0.325E+02   0.28601E-02   0.00000E+00   0.10000E+00    0.50249E-02 -373.71         test_N_all
.7700E+00   100.000  0.308E+02   0.24435E-02   0.00000E+00   0.10000E+00    0.50249E-02 -376.92         test_N_all
.7800E+00   100.000  0.291E+02   0.20742E-02   0.00000E+00   0.10000E+00    0.50249E-02 -379.78         test_N_all
.7900E+00   100.000  0.275E+02   0.17478E-02   0.00000E+00   0.10000E+00    0.50249E-02 -382.32         test_N_all
.8000E+00   100.000  0.259E+02   0.14615E-02   0.00000E+00   0.10000E+00    0.17692E-02 *******         test_N_all
.8100E+00   100.000  0.243E+02   0.12110E-02   0.00000E+00   0.10000E+00    0.50249E-02 -386.51         test_N_all
.8200E+00   100.000  0.228E+02   0.99386E-03   0.00000E+00   0.10000E+00    0.50249E-02 -388.21         test_N_all
.8300E+00   100.000  0.214E+02   0.80683E-03   0.00000E+00   0.10000E+00    0.50249E-02 -389.67         test_N_all
.8400E+00   100.000  0.199E+02   0.64658E-03   0.00000E+00   0.10000E+00    0.50249E-02 -390.93         test_N_all
.8500E+00   100.000  0.185E+02   0.51133E-03   0.00000E+00   0.10000E+00    0.50249E-02 -392.00         test_N_all
.8600E+00   100.000  0.172E+02   0.39730E-03   0.00000E+00   0.10000E+00    0.50249E-02 -392.90         test_N_all
.8700E+00   100.000  0.158E+02   0.30313E-03   0.00000E+00   0.10000E+00    0.50249E-02 -393.64         test_N_all
.8800E+00   100.000  0.145E+02   0.22630E-03   0.00000E+00   0.10000E+00    0.50249E-02 -394.25         test_N_all
.8900E+00   100.000  0.132E+02   0.16439E-03   0.00000E+00   0.10000E+00    0.50249E-02 -394.74         test_N_all
.9000E+00   100.000  0.120E+02   0.11611E-03   0.00000E+00   0.10000E+00    0.17692E-02 *******         test_N_all
.9100E+00   100.000  0.108E+02   0.78526E-04   0.00000E+00   0.10000E+00    0.50249E-02 -395.42         test_N_all
.9200E+00   100.000  0.958E+01   0.50777E-04   0.00000E+00   0.10000E+00    0.50249E-02 -395.64         test_N_all
.9300E+00   100.000  0.841E+01   0.30940E-04   0.00000E+00   0.10000E+00    0.50249E-02 -395.79         test_N_all
.9400E+00   100.000  0.726E+01   0.17203E-04   0.00000E+00   0.10000E+00    0.50249E-02 -395.90         test_N_all
.9500E+00   100.000  0.614E+01   0.88707E-05   0.00000E+00   0.10000E+00    0.50249E-02 -395.97         test_N_all
.9600E+00   100.000  0.505E+01   0.36055E-05   0.00000E+00   0.10000E+00    0.50249E-02 -396.01         test_N_all
.9700E+00   100.000  0.397E+01   0.11658E-05   0.00000E+00   0.10000E+00    0.50249E-02 -396.03         test_N_all
.9800E+00   100.000  0.292E+01   0.59994E-06   0.00000E+00   0.10000E+00    0.50249E-02 -396.03         test_N_all
.9900E+00   100.000  0.189E+01   0.78774E-06   0.00000E+00   0.10000E+00    0.50249E-02 -396.03         test_N_all
.1000E+01   100.000  0.882E+00   0.00000E+00   0.00000E+00   0.10000E+00    0.50249E-02 -396.04         test_N_all



 CHI SQUARE=******** FOR  582 POINTS   CHISQ/NPTS=  685.82
 Signed chisquare total =********
 Modified residual =********


Summary normalization chi2 contributions

 data set     normalization        error         chisq


Summary chi2 per data set

 data set      chisq    _w     signd    _w     resid     _w   npts   chisq/pts  _w
test_N_all  399146.2        111679.0        ********           582  685.82
------------------------------------------------------------------------------------
TOTAL       399146.2399146.2111679.0     0.0****************   582  685.82  685.82
TOTAL+norm  399146.2399146.2                                   582  685.82  685.82



            Momentum Sum Rule Check


      q2      alphas      xuv       xdv       xub       xdb       xsb       xcb       xbb      xglue     total
      1.69    0.3845    0.3222    0.1370    0.0551    0.0716    0.0253    0.0000    0.0000    0.3890    1.0002
    100.00    0.1784    0.2270    0.0966    0.0645    0.0761    0.0436    0.0257    0.0087    0.4549    0.9972
   1000.00    0.1407    0.0000    0.0000    0.0000    0.0000    0.0000    0.0000    0.0000    0.0000    0.0000
   8315.00    0.1180    0.0000    0.0000    0.0000    0.0000    0.0000    0.0000    0.0000    0.0000    0.0000


 Vector Boson Cross Sections

 sqrt(s)   sigma(W)    error    theory

   1960.     2.865     0.063       0.000     D0

   1960.     2.749     0.054       0.000     CDF

   7000.     9.95      0.29        0.000     CMS

   7000.     9.96      0.55        0.000     ATLAS

 sqrt(s)   sigma(Z)    error    theory

   1960.     .2649     .0094       0.000     D0

   1960.     .2549     .0057       0.000     CDF

   7000.     .931      0.035       0.000     CMS

   7000.     .82       0.08        0.000     ATLAS


