 Correlated errors added in quadrature with statistical errors
 test_N_all           DIS data with   1.69< Q2 < 0.500D+03 and 0.000 < xB < 1.000 and   0.00< W2 < 0.100D+05 and 0.000 < y < 1.000
   GP TMC applied
   no HT corrections

# fitpack15: fit output
# CJ15 AV18 final data choices                                                 

Parametrization   7 used here

 S-ACOT scheme used  for NC DIS

 charm mass =     1.30 GeV     bottom mass =     4.50 GeV



 THIS IS A NEXT TO LEADING ORDER FIT

 Q02=    1.69
         1  LAMBDA      VALUE=   0.22680      WEIGHT=    0.0000    
         2  a0uv        VALUE=    1.8471      WEIGHT=    0.0000    
         3  a1uv        VALUE=   0.55825      WEIGHT=   0.25054E-01
         4  a2uv        VALUE=    3.6002      WEIGHT=   0.12208E-01
         5  a3uv        VALUE=    0.0000      WEIGHT=    0.0000    
         6  a4uv        VALUE=    5.0927      WEIGHT=   0.72931    
         7  a5uv        VALUE=    0.0000      WEIGHT=    0.0000    
         8  a0dv        VALUE=    25.392      WEIGHT=    0.0000    
         9  a1dv        VALUE=    1.1677      WEIGHT=   0.34358E-01
        10  a2dv        VALUE=    6.5272      WEIGHT=   0.17923    
        11  a3dv        VALUE=   -3.4851      WEIGHT=   0.97530E-01
        12  a4dv        VALUE=    4.6049      WEIGHT=   0.15124    
        13  a5dv        VALUE=    0.0000      WEIGHT=    0.0000    
        14  a0ud        VALUE=   0.14244      WEIGHT=   0.50115E-02
        15  a1ud        VALUE=  -0.21053      WEIGHT=   0.38198E-02
        16  a2ud        VALUE=    8.6769      WEIGHT=   0.20422    
        17  a3ud        VALUE=    0.0000      WEIGHT=    0.0000    
        18  a4ud        VALUE=    16.107      WEIGHT=    1.3734    
        19  a5ud        VALUE=    0.0000      WEIGHT=    0.0000    
        20  a0du        VALUE=    35712.      WEIGHT=    0.0000    
        21  a1du        VALUE=    4.2318      WEIGHT=   0.12764    
        22  a2du        VALUE=    20.917      WEIGHT=    1.2966    
        23  a3du        VALUE=    17.000      WEIGHT=    0.0000    
        24  a4du        VALUE=    59.486      WEIGHT=    14.547    
        25  a0g         VALUE=    44.614      WEIGHT=    0.0000    
        26  a1g         VALUE=   0.59940      WEIGHT=   0.28530E-01
        27  a2g         VALUE=    5.7147      WEIGHT=   0.79453    
        28  a3g         VALUE=   -3.3522      WEIGHT=   0.11870    
        29  a4g         VALUE=    3.1421      WEIGHT=   0.24156    
        30  a5g         VALUE=    0.0000      WEIGHT=    0.0000    
        31  kappa       VALUE=   0.40000      WEIGHT=    0.0000    
        32  a6dv        VALUE=  -0.26578E-02  WEIGHT=   0.70239E-03
        33  a7dv        VALUE=    2.0000      WEIGHT=    0.0000    
        34  off1        VALUE=    5.9370      WEIGHT=    1.6144    
        35  off2        VALUE=  -0.42303E-02  WEIGHT=   0.47898E-01
        36  off3        VALUE=   0.41016      WEIGHT=   0.55933E-01
        37  ht1         VALUE=   -4.7695      WEIGHT=    1.3478    
        38  ht2         VALUE=    2.3831      WEIGHT=   0.22643    
        39  ht3         VALUE=   -2.1265      WEIGHT=   0.31948E-01
        40  ht4         VALUE=    2.7849      WEIGHT=   0.16868    
        41  dummy41     VALUE=    0.0000      WEIGHT=    0.0000    
        42  dummy42     VALUE=    0.0000      WEIGHT=    0.0000    
        43  dummy43     VALUE=    0.0000      WEIGHT=    0.0000    
        44  dummy44     VALUE=    0.0000      WEIGHT=    0.0000    
        45  dummy45     VALUE=    0.0000      WEIGHT=    0.0000    
        46  dummy46     VALUE=    0.0000      WEIGHT=    0.0000    
        47  dummy47     VALUE=    0.0000      WEIGHT=    0.0000    
        48  dummy48     VALUE=    0.0000      WEIGHT=    0.0000    
        49  dummy49     VALUE=    0.0000      WEIGHT=    0.0000    
        50  bcdmsh2     VALUE=   0.97096      WEIGHT=   0.49105E-02
        51  bcdmsd2     VALUE=   0.99325      WEIGHT=   0.58967E-02
        52  ccfr        VALUE=    1.0000      WEIGHT=    0.0000    
        53  nutev       VALUE=    1.0000      WEIGHT=    0.0000    
        54  zeus        VALUE=   0.97998      WEIGHT=    0.0000    
        55  h1          VALUE=    1.0162      WEIGHT=    0.0000    
        56  e605        VALUE=    1.0319      WEIGHT=    0.0000    
        57  NmcH2       VALUE=    1.0073      WEIGHT=   0.71658E-02
        58  ntv_nu      VALUE=    1.0000      WEIGHT=    0.0000    
        59  ntv_nubar   VALUE=    1.0000      WEIGHT=    0.0000    
        60  cdf_jet     VALUE=   0.98910      WEIGHT=    0.0000    
        61  d0_jet      VALUE=   0.83504      WEIGHT=    0.0000    
        62  slac_p      VALUE=    1.0026      WEIGHT=   0.49551E-02
        63  slac_d      VALUE=    1.0017      WEIGHT=   0.53768E-02
        64  e866pp      VALUE=   0.99244      WEIGHT=   0.19961E-01
        65  e866pd      VALUE=   0.95804      WEIGHT=   0.16325E-01
        66  d0_gamjet   VALUE=    1.0392      WEIGHT=   0.16517E-01
        67  h1b         VALUE=   0.97608      WEIGHT=    0.0000    
        68  jlab_p      VALUE=   0.98564      WEIGHT=   0.58426E-02
        69  jlab_d      VALUE=   0.97568      WEIGHT=   0.60467E-02
        70  blank       VALUE=    1.0000      WEIGHT=    0.0000    
        71  d0run2      VALUE=   0.95172      WEIGHT=   0.15312E-01
        72  cdfrun2     VALUE=   0.93605      WEIGHT=   0.17768E-01
        73  HERA_el     VALUE=    1.0000      WEIGHT=    0.0000    
        74  HERA_ps     VALUE=    1.0000      WEIGHT=    0.0000    
        75  CDF_Z       VALUE=   0.95598      WEIGHT=   0.67622E-02
        76  NmcRat      VALUE=    1.0000      WEIGHT=    0.0000    
        77  BNS_F2nd    VALUE=   0.95971      WEIGHT=   0.73702E-02
        78  HERMES_F2p  VALUE=   0.99555      WEIGHT=   0.56742E-02
        79  HERMES_F2d  VALUE=   0.97803      WEIGHT=   0.58819E-02
0THE TOLERANCE IS    0.1000
 THE MAXIMUM NUMBER OF STEPS IS 100
0THE INITIAL CHI SQUARED IS  3.92371E+05



     X        Q2         W2       THEORY        error         DATA           ERROR        chi^2     _w    ITYPE
.1000E-01     2.000  0.199E+03   0.34010E+00   0.00000E+00   0.10000E+00    0.50249E-02 2283.17         test_N_all          
.2000E-01     2.000  0.989E+02   0.31761E+00   0.00000E+00   0.10000E+00    0.50249E-02 1875.49         test_N_all          
.3000E-01     2.000  0.655E+02   0.30881E+00   0.00000E+00   0.10000E+00    0.50249E-02 1726.74         test_N_all          
.4000E-01     2.000  0.489E+02   0.30655E+00   0.00000E+00   0.10000E+00    0.50249E-02 1689.62         test_N_all          
.5000E-01     2.000  0.389E+02   0.30552E+00   0.00000E+00   0.10000E+00    0.50249E-02 1672.80         test_N_all          
.6000E-01     2.000  0.322E+02   0.30574E+00   0.00000E+00   0.10000E+00    0.50249E-02 1676.42         test_N_all          
.7000E-01     2.000  0.275E+02   0.30612E+00   0.00000E+00   0.10000E+00    0.50249E-02 1682.59         test_N_all          
.8000E-01     2.000  0.239E+02   0.30635E+00   0.00000E+00   0.10000E+00    0.50249E-02 1686.37         test_N_all          
.9000E-01     2.000  0.211E+02   0.30625E+00   0.00000E+00   0.10000E+00    0.50249E-02 1684.66         test_N_all          
.1000E+00     2.000  0.189E+02   0.30563E+00   0.00000E+00   0.10000E+00    0.50249E-02 1674.67         test_N_all          
.1100E+00     2.000  0.171E+02   0.30446E+00   0.00000E+00   0.10000E+00    0.50249E-02 1655.60         test_N_all          
.1200E+00     2.000  0.155E+02   0.30267E+00   0.00000E+00   0.10000E+00    0.50249E-02 1626.80         test_N_all          
.1300E+00     2.000  0.143E+02   0.30029E+00   0.00000E+00   0.10000E+00    0.50249E-02 1588.83         test_N_all          
.1400E+00     2.000  0.132E+02   0.29741E+00   0.00000E+00   0.10000E+00    0.50249E-02 1543.44         test_N_all          
.1500E+00     2.000  0.122E+02   0.29400E+00   0.00000E+00   0.10000E+00    0.50249E-02 1490.47         test_N_all          
.1600E+00     2.000  0.114E+02   0.29019E+00   0.00000E+00   0.10000E+00    0.50249E-02 1432.50         test_N_all          
.1700E+00     2.000  0.106E+02   0.28601E+00   0.00000E+00   0.10000E+00    0.50249E-02 1370.34         test_N_all          
.1800E+00     2.000  0.999E+01   0.28151E+00   0.00000E+00   0.10000E+00    0.50249E-02 1304.77         test_N_all          
.1900E+00     2.000  0.941E+01   0.27681E+00   0.00000E+00   0.10000E+00    0.50249E-02 1238.07         test_N_all          
.2000E+00     2.000  0.888E+01   0.27189E+00   0.00000E+00   0.10000E+00    0.50249E-02 1170.12         test_N_all          
.2100E+00     2.000  0.841E+01   0.26681E+00   0.00000E+00   0.10000E+00    0.50249E-02 1102.05         test_N_all          
.2200E+00     2.000  0.797E+01   0.26163E+00   0.00000E+00   0.10000E+00    0.50249E-02 1034.64         test_N_all          
.2300E+00     2.000  0.758E+01   0.25633E+00   0.00000E+00   0.10000E+00    0.50249E-02  967.94         test_N_all          
.2400E+00     2.000  0.722E+01   0.25098E+00   0.00000E+00   0.10000E+00    0.50249E-02  902.80         test_N_all          
.2500E+00     2.000  0.688E+01   0.24557E+00   0.00000E+00   0.10000E+00    0.50249E-02  839.18         test_N_all          
.2600E+00     2.000  0.657E+01   0.24009E+00   0.00000E+00   0.10000E+00    0.50249E-02  777.28         test_N_all          
.2700E+00     2.000  0.629E+01   0.23459E+00   0.00000E+00   0.10000E+00    0.50249E-02  717.35         test_N_all          
.2800E+00     2.000  0.602E+01   0.22904E+00   0.00000E+00   0.10000E+00    0.50249E-02  659.45         test_N_all          
.2900E+00     2.000  0.578E+01   0.22346E+00   0.00000E+00   0.10000E+00    0.50249E-02  603.63         test_N_all          
.3000E+00     2.000  0.555E+01   0.21784E+00   0.00000E+00   0.10000E+00    0.18868E-02 3900.75         test_N_all          
.3100E+00     2.000  0.533E+01   0.21220E+00   0.00000E+00   0.10000E+00    0.50249E-02  498.56         test_N_all          
.3200E+00     2.000  0.513E+01   0.20653E+00   0.00000E+00   0.10000E+00    0.50249E-02  449.42         test_N_all          
.3300E+00     2.000  0.494E+01   0.20083E+00   0.00000E+00   0.10000E+00    0.50249E-02  402.60         test_N_all          
.3400E+00     2.000  0.476E+01   0.19511E+00   0.00000E+00   0.10000E+00    0.50249E-02  358.24         test_N_all          
.3500E+00     2.000  0.460E+01   0.18937E+00   0.00000E+00   0.10000E+00    0.50249E-02  316.29         test_N_all          
.3600E+00     2.000  0.444E+01   0.18361E+00   0.00000E+00   0.10000E+00    0.50249E-02  276.88         test_N_all          
.3700E+00     2.000  0.429E+01   0.17786E+00   0.00000E+00   0.10000E+00    0.50249E-02  240.09         test_N_all          
.3800E+00     2.000  0.414E+01   0.17210E+00   0.00000E+00   0.10000E+00    0.50249E-02  205.89         test_N_all          
.3900E+00     2.000  0.401E+01   0.16636E+00   0.00000E+00   0.10000E+00    0.50249E-02  174.40         test_N_all          
.4000E+00     2.000  0.388E+01   0.16064E+00   0.00000E+00   0.10000E+00    0.17692E-02 1174.81         test_N_all          
.4100E+00     2.000  0.376E+01   0.15495E+00   0.00000E+00   0.10000E+00    0.50249E-02  119.57         test_N_all          
.4200E+00     2.000  0.364E+01   0.14930E+00   0.00000E+00   0.10000E+00    0.50249E-02   96.24         test_N_all          
.4300E+00     2.000  0.353E+01   0.14370E+00   0.00000E+00   0.10000E+00    0.50249E-02   75.63         test_N_all          
.4400E+00     2.000  0.343E+01   0.13816E+00   0.00000E+00   0.10000E+00    0.50249E-02   57.68         test_N_all          
.4500E+00     2.000  0.333E+01   0.13270E+00   0.00000E+00   0.10000E+00    0.50249E-02   42.35         test_N_all          
.4600E+00     2.000  0.323E+01   0.12732E+00   0.00000E+00   0.10000E+00    0.50249E-02   29.56         test_N_all          
.4700E+00     2.000  0.314E+01   0.12203E+00   0.00000E+00   0.10000E+00    0.50249E-02   19.22         test_N_all          
.4800E+00     2.000  0.305E+01   0.11685E+00   0.00000E+00   0.10000E+00    0.50249E-02   11.24         test_N_all          
.4900E+00     2.000  0.296E+01   0.11177E+00   0.00000E+00   0.10000E+00    0.50249E-02    5.48         test_N_all          
.5000E+00     2.000  0.288E+01   0.10680E+00   0.00000E+00   0.10000E+00    0.17692E-02   14.78         test_N_all          
.5100E+00     2.000  0.280E+01   0.10196E+00   0.00000E+00   0.10000E+00    0.50249E-02    0.15         test_N_all          
.5200E+00     2.000  0.273E+01   0.97252E-01   0.00000E+00   0.10000E+00    0.50249E-02   -0.30         test_N_all          
.5300E+00     2.000  0.266E+01   0.92672E-01   0.00000E+00   0.10000E+00    0.50249E-02   -2.13         test_N_all          
.5400E+00     2.000  0.259E+01   0.88233E-01   0.00000E+00   0.10000E+00    0.50249E-02   -5.48         test_N_all          
.5500E+00     2.000  0.252E+01   0.83932E-01   0.00000E+00   0.10000E+00    0.50249E-02  -10.22         test_N_all          
.5600E+00     2.000  0.245E+01   0.79772E-01   0.00000E+00   0.10000E+00    0.50249E-02  -16.20         test_N_all          
.5700E+00     2.000  0.239E+01   0.75759E-01   0.00000E+00   0.10000E+00    0.50249E-02  -23.27         test_N_all          
.5800E+00     2.000  0.233E+01   0.71892E-01   0.00000E+00   0.10000E+00    0.50249E-02  -31.29         test_N_all          
.5900E+00     2.000  0.227E+01   0.68168E-01   0.00000E+00   0.10000E+00    0.50249E-02  -40.13         test_N_all          
.6000E+00     2.000  0.222E+01   0.64588E-01   0.00000E+00   0.10000E+00    0.17692E-02 -400.64         test_N_all          
.6100E+00     2.000  0.216E+01   0.61156E-01   0.00000E+00   0.10000E+00    0.50249E-02  -59.76         test_N_all          
.6200E+00     2.000  0.211E+01   0.57866E-01   0.00000E+00   0.10000E+00    0.50249E-02  -70.31         test_N_all          
.6300E+00     2.000  0.206E+01   0.54715E-01   0.00000E+00   0.10000E+00    0.50249E-02  -81.22         test_N_all          
.6400E+00     2.000  0.201E+01   0.51702E-01   0.00000E+00   0.10000E+00    0.50249E-02  -92.38         test_N_all          
.6500E+00     2.000  0.196E+01   0.48828E-01   0.00000E+00   0.10000E+00    0.50249E-02 -103.71         test_N_all          
.6600E+00     2.000  0.191E+01   0.46085E-01   0.00000E+00   0.10000E+00    0.50249E-02 -115.12         test_N_all          
.6700E+00     2.000  0.187E+01   0.43469E-01   0.00000E+00   0.10000E+00    0.50249E-02 -126.56         test_N_all          
.6800E+00     2.000  0.182E+01   0.40980E-01   0.00000E+00   0.10000E+00    0.50249E-02 -137.95         test_N_all          
.6900E+00     2.000  0.178E+01   0.38615E-01   0.00000E+00   0.10000E+00    0.50249E-02 -149.23         test_N_all          
.7000E+00     2.000  0.174E+01   0.36367E-01   0.00000E+00   0.10000E+00    0.17692E-02 *******         test_N_all          
.7100E+00     2.000  0.170E+01   0.34232E-01   0.00000E+00   0.10000E+00    0.50249E-02 -171.30         test_N_all          
.7200E+00     2.000  0.166E+01   0.32208E-01   0.00000E+00   0.10000E+00    0.50249E-02 -182.01         test_N_all          
.7300E+00     2.000  0.162E+01   0.30291E-01   0.00000E+00   0.10000E+00    0.50249E-02 -192.45         test_N_all          
.7400E+00     2.000  0.158E+01   0.28475E-01   0.00000E+00   0.10000E+00    0.50249E-02 -202.61         test_N_all          
.7500E+00     2.000  0.155E+01   0.26756E-01   0.00000E+00   0.10000E+00    0.50249E-02 -212.46         test_N_all          
.7600E+00     2.000  0.151E+01   0.25131E-01   0.00000E+00   0.10000E+00    0.50249E-02 -222.00         test_N_all          
.7700E+00     2.000  0.148E+01   0.23596E-01   0.00000E+00   0.10000E+00    0.50249E-02 -231.19         test_N_all          
.7800E+00     2.000  0.145E+01   0.22146E-01   0.00000E+00   0.10000E+00    0.50249E-02 -240.05         test_N_all          
.7900E+00     2.000  0.141E+01   0.20778E-01   0.00000E+00   0.10000E+00    0.50249E-02 -248.56         test_N_all          
.8000E+00     2.000  0.138E+01   0.19487E-01   0.00000E+00   0.10000E+00    0.17692E-02 *******         test_N_all          
.8100E+00     2.000  0.135E+01   0.18271E-01   0.00000E+00   0.10000E+00    0.50249E-02 -264.54         test_N_all          
.8200E+00     2.000  0.132E+01   0.17125E-01   0.00000E+00   0.10000E+00    0.50249E-02 -272.01         test_N_all          
.8300E+00     2.000  0.129E+01   0.16046E-01   0.00000E+00   0.10000E+00    0.50249E-02 -279.14         test_N_all          
.8400E+00     2.000  0.126E+01   0.15030E-01   0.00000E+00   0.10000E+00    0.50249E-02 -285.94         test_N_all          
.8500E+00     2.000  0.123E+01   0.14074E-01   0.00000E+00   0.10000E+00    0.50249E-02 -292.41         test_N_all          
.8600E+00     2.000  0.121E+01   0.13175E-01   0.00000E+00   0.10000E+00    0.50249E-02 -298.56         test_N_all          
.8700E+00     2.000  0.118E+01   0.12330E-01   0.00000E+00   0.10000E+00    0.50249E-02 -304.40         test_N_all          
.8800E+00     2.000  0.115E+01   0.11535E-01   0.00000E+00   0.10000E+00    0.50249E-02 -309.94         test_N_all          
.8900E+00     2.000  0.113E+01   0.10789E-01   0.00000E+00   0.10000E+00    0.50249E-02 -315.19         test_N_all          
.9000E+00     2.000  0.110E+01   0.10089E-01   0.00000E+00   0.10000E+00    0.17692E-02 *******         test_N_all          
.9100E+00     2.000  0.108E+01   0.94308E-02   0.00000E+00   0.10000E+00    0.50249E-02 -324.86         test_N_all          
.9200E+00     2.000  0.106E+01   0.88134E-02   0.00000E+00   0.10000E+00    0.50249E-02 -329.31         test_N_all          
.9300E+00     2.000  0.103E+01   0.82342E-02   0.00000E+00   0.10000E+00    0.50249E-02 -333.50         test_N_all          
.9400E+00     2.000  0.101E+01   0.76910E-02   0.00000E+00   0.10000E+00    0.50249E-02 -337.46         test_N_all          
.9500E+00     2.000  0.987E+00   0.71816E-02   0.00000E+00   0.10000E+00    0.50249E-02 -341.20         test_N_all          
.9600E+00     2.000  0.965E+00   0.67038E-02   0.00000E+00   0.10000E+00    0.50249E-02 -344.72         test_N_all          
.9700E+00     2.000  0.944E+00   0.62561E-02   0.00000E+00   0.10000E+00    0.50249E-02 -348.04         test_N_all          
.9800E+00     2.000  0.923E+00   0.58366E-02   0.00000E+00   0.10000E+00    0.50249E-02 -351.16         test_N_all          
.9900E+00     2.000  0.902E+00   0.54437E-02   0.00000E+00   0.10000E+00    0.50249E-02 -354.09         test_N_all          
.1000E+01     2.000  0.882E+00   0.50758E-02   0.00000E+00   0.10000E+00    0.50249E-02 -356.86         test_N_all          
.1000E-01     5.000  0.496E+03   0.44672E+00   0.00000E+00   0.10000E+00    0.50249E-02 4760.93         test_N_all          
.2000E-01     5.000  0.246E+03   0.39617E+00   0.00000E+00   0.10000E+00    0.50249E-02 3474.01         test_N_all          
.3000E-01     5.000  0.163E+03   0.37154E+00   0.00000E+00   0.10000E+00    0.50249E-02 2920.24         test_N_all          
.4000E-01     5.000  0.121E+03   0.35911E+00   0.00000E+00   0.10000E+00    0.50249E-02 2658.85         test_N_all          
.5000E-01     5.000  0.959E+02   0.34919E+00   0.00000E+00   0.10000E+00    0.50249E-02 2459.26         test_N_all          
.6000E-01     5.000  0.792E+02   0.34227E+00   0.00000E+00   0.10000E+00    0.50249E-02 2324.59         test_N_all          
.7000E-01     5.000  0.673E+02   0.33607E+00   0.00000E+00   0.10000E+00    0.50249E-02 2207.07         test_N_all          
.8000E-01     5.000  0.584E+02   0.33057E+00   0.00000E+00   0.10000E+00    0.50249E-02 2105.37         test_N_all          
.9000E-01     5.000  0.514E+02   0.32515E+00   0.00000E+00   0.10000E+00    0.50249E-02 2007.68         test_N_all          
.1000E+00     5.000  0.459E+02   0.31978E+00   0.00000E+00   0.10000E+00    0.50249E-02 1913.08         test_N_all          
.1100E+00     5.000  0.413E+02   0.31426E+00   0.00000E+00   0.10000E+00    0.50249E-02 1818.14         test_N_all          
.1200E+00     5.000  0.375E+02   0.30863E+00   0.00000E+00   0.10000E+00    0.50249E-02 1723.83         test_N_all          
.1300E+00     5.000  0.343E+02   0.30283E+00   0.00000E+00   0.10000E+00    0.50249E-02 1629.24         test_N_all          
.1400E+00     5.000  0.316E+02   0.29684E+00   0.00000E+00   0.10000E+00    0.50249E-02 1534.56         test_N_all          
.1500E+00     5.000  0.292E+02   0.29072E+00   0.00000E+00   0.10000E+00    0.50249E-02 1440.51         test_N_all          
.1600E+00     5.000  0.271E+02   0.28450E+00   0.00000E+00   0.10000E+00    0.50249E-02 1348.15         test_N_all          
.1700E+00     5.000  0.253E+02   0.27821E+00   0.00000E+00   0.10000E+00    0.50249E-02 1257.78         test_N_all          
.1800E+00     5.000  0.237E+02   0.27187E+00   0.00000E+00   0.10000E+00    0.50249E-02 1169.93         test_N_all          
.1900E+00     5.000  0.222E+02   0.26554E+00   0.00000E+00   0.10000E+00    0.50249E-02 1085.24         test_N_all          
.2000E+00     5.000  0.209E+02   0.25919E+00   0.00000E+00   0.10000E+00    0.50249E-02 1003.66         test_N_all          
.2100E+00     5.000  0.197E+02   0.25287E+00   0.00000E+00   0.10000E+00    0.50249E-02  925.54         test_N_all          
.2200E+00     5.000  0.186E+02   0.24658E+00   0.00000E+00   0.10000E+00    0.50249E-02  850.93         test_N_all          
.2300E+00     5.000  0.176E+02   0.24033E+00   0.00000E+00   0.10000E+00    0.50249E-02  779.88         test_N_all          
.2400E+00     5.000  0.167E+02   0.23411E+00   0.00000E+00   0.10000E+00    0.50249E-02  712.29         test_N_all          
.2500E+00     5.000  0.159E+02   0.22792E+00   0.00000E+00   0.10000E+00    0.50249E-02  648.10         test_N_all          
.2600E+00     5.000  0.151E+02   0.22176E+00   0.00000E+00   0.10000E+00    0.50249E-02  587.19         test_N_all          
.2700E+00     5.000  0.144E+02   0.21563E+00   0.00000E+00   0.10000E+00    0.50249E-02  529.52         test_N_all          
.2800E+00     5.000  0.137E+02   0.20952E+00   0.00000E+00   0.10000E+00    0.50249E-02  475.03         test_N_all          
.2900E+00     5.000  0.131E+02   0.20342E+00   0.00000E+00   0.10000E+00    0.50249E-02  423.56         test_N_all          
.3000E+00     5.000  0.125E+02   0.19733E+00   0.00000E+00   0.10000E+00    0.18868E-02 2660.92         test_N_all          
.3100E+00     5.000  0.120E+02   0.19125E+00   0.00000E+00   0.10000E+00    0.50249E-02  329.78         test_N_all          
.3200E+00     5.000  0.115E+02   0.18518E+00   0.00000E+00   0.10000E+00    0.50249E-02  287.33         test_N_all          
.3300E+00     5.000  0.110E+02   0.17912E+00   0.00000E+00   0.10000E+00    0.50249E-02  247.89         test_N_all          
.3400E+00     5.000  0.106E+02   0.17306E+00   0.00000E+00   0.10000E+00    0.50249E-02  211.38         test_N_all          
.3500E+00     5.000  0.102E+02   0.16701E+00   0.00000E+00   0.10000E+00    0.50249E-02  177.85         test_N_all          
.3600E+00     5.000  0.977E+01   0.16099E+00   0.00000E+00   0.10000E+00    0.50249E-02  147.32         test_N_all          
.3700E+00     5.000  0.940E+01   0.15499E+00   0.00000E+00   0.10000E+00    0.50249E-02  119.74         test_N_all          
.3800E+00     5.000  0.904E+01   0.14901E+00   0.00000E+00   0.10000E+00    0.50249E-02   95.15         test_N_all          
.3900E+00     5.000  0.870E+01   0.14309E+00   0.00000E+00   0.10000E+00    0.50249E-02   73.52         test_N_all          
.4000E+00     5.000  0.838E+01   0.13720E+00   0.00000E+00   0.10000E+00    0.17692E-02  442.22         test_N_all          
.4100E+00     5.000  0.808E+01   0.13138E+00   0.00000E+00   0.10000E+00    0.50249E-02   39.01         test_N_all          
.4200E+00     5.000  0.779E+01   0.12563E+00   0.00000E+00   0.10000E+00    0.50249E-02   26.02         test_N_all          
.4300E+00     5.000  0.751E+01   0.11997E+00   0.00000E+00   0.10000E+00    0.50249E-02   15.79         test_N_all          
.4400E+00     5.000  0.725E+01   0.11439E+00   0.00000E+00   0.10000E+00    0.50249E-02    8.20         test_N_all          
.4500E+00     5.000  0.699E+01   0.10891E+00   0.00000E+00   0.10000E+00    0.50249E-02    3.15         test_N_all          
.4600E+00     5.000  0.675E+01   0.10355E+00   0.00000E+00   0.10000E+00    0.50249E-02    0.50         test_N_all          
.4700E+00     5.000  0.652E+01   0.98301E-01   0.00000E+00   0.10000E+00    0.50249E-02   -0.11         test_N_all          
.4800E+00     5.000  0.630E+01   0.93188E-01   0.00000E+00   0.10000E+00    0.50249E-02   -1.84         test_N_all          
.4900E+00     5.000  0.609E+01   0.88209E-01   0.00000E+00   0.10000E+00    0.50249E-02   -5.51         test_N_all          
.5000E+00     5.000  0.588E+01   0.83374E-01   0.00000E+00   0.10000E+00    0.17692E-02  -88.32         test_N_all          
.5100E+00     5.000  0.569E+01   0.78690E-01   0.00000E+00   0.10000E+00    0.50249E-02  -17.98         test_N_all          
.5200E+00     5.000  0.550E+01   0.74158E-01   0.00000E+00   0.10000E+00    0.50249E-02  -26.45         test_N_all          
.5300E+00     5.000  0.532E+01   0.69787E-01   0.00000E+00   0.10000E+00    0.50249E-02  -36.15         test_N_all          
.5400E+00     5.000  0.514E+01   0.65579E-01   0.00000E+00   0.10000E+00    0.50249E-02  -46.92         test_N_all          
.5500E+00     5.000  0.497E+01   0.61532E-01   0.00000E+00   0.10000E+00    0.50249E-02  -58.60         test_N_all          
.5600E+00     5.000  0.481E+01   0.57654E-01   0.00000E+00   0.10000E+00    0.50249E-02  -71.02         test_N_all          
.5700E+00     5.000  0.465E+01   0.53943E-01   0.00000E+00   0.10000E+00    0.50249E-02  -84.01         test_N_all          
.5800E+00     5.000  0.450E+01   0.50395E-01   0.00000E+00   0.10000E+00    0.50249E-02  -97.45         test_N_all          
.5900E+00     5.000  0.436E+01   0.47016E-01   0.00000E+00   0.10000E+00    0.50249E-02 -111.18         test_N_all          
.6000E+00     5.000  0.422E+01   0.43801E-01   0.00000E+00   0.10000E+00    0.17692E-02 *******         test_N_all          
.6100E+00     5.000  0.408E+01   0.40746E-01   0.00000E+00   0.10000E+00    0.50249E-02 -139.05         test_N_all          
.6200E+00     5.000  0.395E+01   0.37852E-01   0.00000E+00   0.10000E+00    0.50249E-02 -152.97         test_N_all          
.6300E+00     5.000  0.382E+01   0.35113E-01   0.00000E+00   0.10000E+00    0.50249E-02 -166.75         test_N_all          
.6400E+00     5.000  0.369E+01   0.32525E-01   0.00000E+00   0.10000E+00    0.50249E-02 -180.31         test_N_all          
.6500E+00     5.000  0.357E+01   0.30086E-01   0.00000E+00   0.10000E+00    0.50249E-02 -193.58         test_N_all          
.6600E+00     5.000  0.346E+01   0.27790E-01   0.00000E+00   0.10000E+00    0.50249E-02 -206.50         test_N_all          
.6700E+00     5.000  0.334E+01   0.25633E-01   0.00000E+00   0.10000E+00    0.50249E-02 -219.03         test_N_all          
.6800E+00     5.000  0.323E+01   0.23609E-01   0.00000E+00   0.10000E+00    0.50249E-02 -231.11         test_N_all          
.6900E+00     5.000  0.313E+01   0.21714E-01   0.00000E+00   0.10000E+00    0.50249E-02 -242.72         test_N_all          
.7000E+00     5.000  0.302E+01   0.19942E-01   0.00000E+00   0.10000E+00    0.17692E-02 *******         test_N_all          
.7100E+00     5.000  0.292E+01   0.18288E-01   0.00000E+00   0.10000E+00    0.50249E-02 -264.43         test_N_all          
.7200E+00     5.000  0.283E+01   0.16746E-01   0.00000E+00   0.10000E+00    0.50249E-02 -274.50         test_N_all          
.7300E+00     5.000  0.273E+01   0.15311E-01   0.00000E+00   0.10000E+00    0.50249E-02 -284.05         test_N_all          
.7400E+00     5.000  0.264E+01   0.13978E-01   0.00000E+00   0.10000E+00    0.50249E-02 -293.06         test_N_all          
.7500E+00     5.000  0.255E+01   0.12741E-01   0.00000E+00   0.10000E+00    0.50249E-02 -301.55         test_N_all          
.7600E+00     5.000  0.246E+01   0.11595E-01   0.00000E+00   0.10000E+00    0.50249E-02 -309.53         test_N_all          
.7700E+00     5.000  0.238E+01   0.10534E-01   0.00000E+00   0.10000E+00    0.50249E-02 -316.99         test_N_all          
.7800E+00     5.000  0.229E+01   0.95549E-02   0.00000E+00   0.10000E+00    0.50249E-02 -323.97         test_N_all          
.7900E+00     5.000  0.221E+01   0.86517E-02   0.00000E+00   0.10000E+00    0.50249E-02 -330.48         test_N_all          
.8000E+00     5.000  0.213E+01   0.78202E-02   0.00000E+00   0.10000E+00    0.17692E-02 *******         test_N_all          
.8100E+00     5.000  0.205E+01   0.70548E-02   0.00000E+00   0.10000E+00    0.50249E-02 -342.13         test_N_all          
.8200E+00     5.000  0.198E+01   0.63522E-02   0.00000E+00   0.10000E+00    0.50249E-02 -347.32         test_N_all          
.8300E+00     5.000  0.191E+01   0.57084E-02   0.00000E+00   0.10000E+00    0.50249E-02 -352.11         test_N_all          
.8400E+00     5.000  0.183E+01   0.51188E-02   0.00000E+00   0.10000E+00    0.50249E-02 -356.53         test_N_all          
.8500E+00     5.000  0.176E+01   0.45797E-02   0.00000E+00   0.10000E+00    0.50249E-02 -360.60         test_N_all          
.8600E+00     5.000  0.170E+01   0.40881E-02   0.00000E+00   0.10000E+00    0.50249E-02 -364.32         test_N_all          
.8700E+00     5.000  0.163E+01   0.36405E-02   0.00000E+00   0.10000E+00    0.50249E-02 -367.73         test_N_all          
.8800E+00     5.000  0.156E+01   0.32327E-02   0.00000E+00   0.10000E+00    0.50249E-02 -370.85         test_N_all          
.8900E+00     5.000  0.150E+01   0.28629E-02   0.00000E+00   0.10000E+00    0.50249E-02 -373.69         test_N_all          
.9000E+00     5.000  0.144E+01   0.25282E-02   0.00000E+00   0.10000E+00    0.17692E-02 *******         test_N_all          
.9100E+00     5.000  0.138E+01   0.22248E-02   0.00000E+00   0.10000E+00    0.50249E-02 -378.61         test_N_all          
.9200E+00     5.000  0.132E+01   0.19513E-02   0.00000E+00   0.10000E+00    0.50249E-02 -380.73         test_N_all          
.9300E+00     5.000  0.126E+01   0.17054E-02   0.00000E+00   0.10000E+00    0.50249E-02 -382.65         test_N_all          
.9400E+00     5.000  0.120E+01   0.14849E-02   0.00000E+00   0.10000E+00    0.50249E-02 -384.37         test_N_all          
.9500E+00     5.000  0.114E+01   0.12868E-02   0.00000E+00   0.10000E+00    0.50249E-02 -385.91         test_N_all          
.9600E+00     5.000  0.109E+01   0.11100E-02   0.00000E+00   0.10000E+00    0.50249E-02 -387.30         test_N_all          
.9700E+00     5.000  0.104E+01   0.95298E-03   0.00000E+00   0.10000E+00    0.50249E-02 -388.53         test_N_all          
.9800E+00     5.000  0.984E+00   0.81363E-03   0.00000E+00   0.10000E+00    0.50249E-02 -389.62         test_N_all          
.9900E+00     5.000  0.932E+00   0.69017E-03   0.00000E+00   0.10000E+00    0.50249E-02 -390.59         test_N_all          
.1000E+01     5.000  0.882E+00   0.58168E-03   0.00000E+00   0.10000E+00    0.50249E-02 -391.45         test_N_all          
.1000E-01    10.000  0.991E+03   0.52670E+00   0.00000E+00   0.10000E+00    0.50249E-02 7210.86         test_N_all          
.2000E-01    10.000  0.491E+03   0.45220E+00   0.00000E+00   0.10000E+00    0.50249E-02 4912.69         test_N_all          
.3000E-01    10.000  0.324E+03   0.41371E+00   0.00000E+00   0.10000E+00    0.50249E-02 3897.69         test_N_all          
.4000E-01    10.000  0.241E+03   0.39285E+00   0.00000E+00   0.10000E+00    0.50249E-02 3396.40         test_N_all          
.5000E-01    10.000  0.191E+03   0.37560E+00   0.00000E+00   0.10000E+00    0.50249E-02 3008.10         test_N_all          
.6000E-01    10.000  0.158E+03   0.36329E+00   0.00000E+00   0.10000E+00    0.50249E-02 2745.39         test_N_all          
.7000E-01    10.000  0.134E+03   0.35229E+00   0.00000E+00   0.10000E+00    0.50249E-02 2520.75         test_N_all          
.8000E-01    10.000  0.116E+03   0.34284E+00   0.00000E+00   0.10000E+00    0.50249E-02 2335.52         test_N_all          
.9000E-01    10.000  0.102E+03   0.33394E+00   0.00000E+00   0.10000E+00    0.50249E-02 2167.42         test_N_all          
.1000E+00    10.000  0.909E+02   0.32561E+00   0.00000E+00   0.10000E+00    0.50249E-02 2015.88         test_N_all          
.1100E+00    10.000  0.818E+02   0.31740E+00   0.00000E+00   0.10000E+00    0.50249E-02 1871.84         test_N_all          
.1200E+00    10.000  0.742E+02   0.30951E+00   0.00000E+00   0.10000E+00    0.50249E-02 1738.38         test_N_all          
.1300E+00    10.000  0.678E+02   0.30174E+00   0.00000E+00   0.10000E+00    0.50249E-02 1611.90         test_N_all          
.1400E+00    10.000  0.623E+02   0.29403E+00   0.00000E+00   0.10000E+00    0.50249E-02 1490.99         test_N_all          
.1500E+00    10.000  0.575E+02   0.28641E+00   0.00000E+00   0.10000E+00    0.50249E-02 1376.24         test_N_all          
.1600E+00    10.000  0.534E+02   0.27888E+00   0.00000E+00   0.10000E+00    0.50249E-02 1267.23         test_N_all          
.1700E+00    10.000  0.497E+02   0.27144E+00   0.00000E+00   0.10000E+00    0.50249E-02 1164.00         test_N_all          
.1800E+00    10.000  0.464E+02   0.26410E+00   0.00000E+00   0.10000E+00    0.50249E-02 1066.49         test_N_all          
.1900E+00    10.000  0.435E+02   0.25687E+00   0.00000E+00   0.10000E+00    0.50249E-02  974.58         test_N_all          
.2000E+00    10.000  0.409E+02   0.24975E+00   0.00000E+00   0.10000E+00    0.50249E-02  888.10         test_N_all          
.2100E+00    10.000  0.385E+02   0.24273E+00   0.00000E+00   0.10000E+00    0.50249E-02  806.85         test_N_all          
.2200E+00    10.000  0.363E+02   0.23582E+00   0.00000E+00   0.10000E+00    0.50249E-02  730.63         test_N_all          
.2300E+00    10.000  0.344E+02   0.22901E+00   0.00000E+00   0.10000E+00    0.50249E-02  659.19         test_N_all          
.2400E+00    10.000  0.325E+02   0.22229E+00   0.00000E+00   0.10000E+00    0.50249E-02  592.29         test_N_all          
.2500E+00    10.000  0.309E+02   0.21566E+00   0.00000E+00   0.10000E+00    0.50249E-02  529.75         test_N_all          
.2600E+00    10.000  0.293E+02   0.20909E+00   0.00000E+00   0.10000E+00    0.50249E-02  471.29         test_N_all          
.2700E+00    10.000  0.279E+02   0.20259E+00   0.00000E+00   0.10000E+00    0.50249E-02  416.79         test_N_all          
.2800E+00    10.000  0.266E+02   0.19616E+00   0.00000E+00   0.10000E+00    0.50249E-02  366.18         test_N_all          
.2900E+00    10.000  0.254E+02   0.18977E+00   0.00000E+00   0.10000E+00    0.50249E-02  319.15         test_N_all          
.3000E+00    10.000  0.242E+02   0.18343E+00   0.00000E+00   0.10000E+00    0.18868E-02 1955.39         test_N_all          
.3100E+00    10.000  0.231E+02   0.17714E+00   0.00000E+00   0.10000E+00    0.50249E-02  235.64         test_N_all          
.3200E+00    10.000  0.221E+02   0.17088E+00   0.00000E+00   0.10000E+00    0.50249E-02  198.95         test_N_all          
.3300E+00    10.000  0.212E+02   0.16466E+00   0.00000E+00   0.10000E+00    0.50249E-02  165.59         test_N_all          
.3400E+00    10.000  0.203E+02   0.15848E+00   0.00000E+00   0.10000E+00    0.50249E-02  135.44         test_N_all          
.3500E+00    10.000  0.195E+02   0.15235E+00   0.00000E+00   0.10000E+00    0.50249E-02  108.52         test_N_all          
.3600E+00    10.000  0.187E+02   0.14626E+00   0.00000E+00   0.10000E+00    0.50249E-02   84.75         test_N_all          
.3700E+00    10.000  0.179E+02   0.14023E+00   0.00000E+00   0.10000E+00    0.50249E-02   64.08         test_N_all          
.3800E+00    10.000  0.172E+02   0.13425E+00   0.00000E+00   0.10000E+00    0.50249E-02   46.47         test_N_all          
.3900E+00    10.000  0.165E+02   0.12835E+00   0.00000E+00   0.10000E+00    0.50249E-02   31.84         test_N_all          
.4000E+00    10.000  0.159E+02   0.12253E+00   0.00000E+00   0.10000E+00    0.17692E-02  162.21         test_N_all          
.4100E+00    10.000  0.153E+02   0.11680E+00   0.00000E+00   0.10000E+00    0.50249E-02   11.18         test_N_all          
.4200E+00    10.000  0.147E+02   0.11116E+00   0.00000E+00   0.10000E+00    0.50249E-02    4.93         test_N_all          
.4300E+00    10.000  0.141E+02   0.10563E+00   0.00000E+00   0.10000E+00    0.50249E-02    1.26         test_N_all          
.4400E+00    10.000  0.136E+02   0.10021E+00   0.00000E+00   0.10000E+00    0.50249E-02    0.00         test_N_all          
.4500E+00    10.000  0.131E+02   0.94924E-01   0.00000E+00   0.10000E+00    0.50249E-02   -1.02         test_N_all          
.4600E+00    10.000  0.126E+02   0.89764E-01   0.00000E+00   0.10000E+00    0.50249E-02   -4.15         test_N_all          
.4700E+00    10.000  0.122E+02   0.84747E-01   0.00000E+00   0.10000E+00    0.50249E-02   -9.21         test_N_all          
.4800E+00    10.000  0.117E+02   0.79875E-01   0.00000E+00   0.10000E+00    0.50249E-02  -16.04         test_N_all          
.4900E+00    10.000  0.113E+02   0.75157E-01   0.00000E+00   0.10000E+00    0.50249E-02  -24.44         test_N_all          
.5000E+00    10.000  0.109E+02   0.70599E-01   0.00000E+00   0.10000E+00    0.17692E-02 -276.18         test_N_all          
.5100E+00    10.000  0.105E+02   0.66201E-01   0.00000E+00   0.10000E+00    0.50249E-02  -45.24         test_N_all          
.5200E+00    10.000  0.101E+02   0.61973E-01   0.00000E+00   0.10000E+00    0.50249E-02  -57.27         test_N_all          
.5300E+00    10.000  0.975E+01   0.57914E-01   0.00000E+00   0.10000E+00    0.50249E-02  -70.15         test_N_all          
.5400E+00    10.000  0.940E+01   0.54023E-01   0.00000E+00   0.10000E+00    0.50249E-02  -83.72         test_N_all          
.5500E+00    10.000  0.906E+01   0.50309E-01   0.00000E+00   0.10000E+00    0.50249E-02  -97.79         test_N_all          
.5600E+00    10.000  0.874E+01   0.46765E-01   0.00000E+00   0.10000E+00    0.50249E-02 -112.24         test_N_all          
.5700E+00    10.000  0.843E+01   0.43393E-01   0.00000E+00   0.10000E+00    0.50249E-02 -126.91         test_N_all          
.5800E+00    10.000  0.812E+01   0.40192E-01   0.00000E+00   0.10000E+00    0.50249E-02 -141.66         test_N_all          
.5900E+00    10.000  0.783E+01   0.37158E-01   0.00000E+00   0.10000E+00    0.50249E-02 -156.40         test_N_all          
.6000E+00    10.000  0.755E+01   0.34291E-01   0.00000E+00   0.10000E+00    0.17692E-02 *******         test_N_all          
.6100E+00    10.000  0.728E+01   0.31587E-01   0.00000E+00   0.10000E+00    0.50249E-02 -185.36         test_N_all          
.6200E+00    10.000  0.701E+01   0.29039E-01   0.00000E+00   0.10000E+00    0.50249E-02 -199.42         test_N_all          
.6300E+00    10.000  0.675E+01   0.26648E-01   0.00000E+00   0.10000E+00    0.50249E-02 -213.09         test_N_all          
.6400E+00    10.000  0.651E+01   0.24406E-01   0.00000E+00   0.10000E+00    0.50249E-02 -226.32         test_N_all          
.6500E+00    10.000  0.627E+01   0.22308E-01   0.00000E+00   0.10000E+00    0.50249E-02 -239.05         test_N_all          
.6600E+00    10.000  0.603E+01   0.20350E-01   0.00000E+00   0.10000E+00    0.50249E-02 -251.25         test_N_all          
.6700E+00    10.000  0.581E+01   0.18526E-01   0.00000E+00   0.10000E+00    0.50249E-02 -262.89         test_N_all          
.6800E+00    10.000  0.559E+01   0.16829E-01   0.00000E+00   0.10000E+00    0.50249E-02 -273.95         test_N_all          
.6900E+00    10.000  0.537E+01   0.15256E-01   0.00000E+00   0.10000E+00    0.50249E-02 -284.42         test_N_all          
.7000E+00    10.000  0.517E+01   0.13799E-01   0.00000E+00   0.10000E+00    0.17692E-02 *******         test_N_all          
.7100E+00    10.000  0.497E+01   0.12453E-01   0.00000E+00   0.10000E+00    0.50249E-02 -303.54         test_N_all          
.7200E+00    10.000  0.477E+01   0.11212E-01   0.00000E+00   0.10000E+00    0.50249E-02 -312.21         test_N_all          
.7300E+00    10.000  0.458E+01   0.10070E-01   0.00000E+00   0.10000E+00    0.50249E-02 -320.30         test_N_all          
.7400E+00    10.000  0.440E+01   0.90208E-02   0.00000E+00   0.10000E+00    0.50249E-02 -327.81         test_N_all          
.7500E+00    10.000  0.422E+01   0.80598E-02   0.00000E+00   0.10000E+00    0.50249E-02 -334.77         test_N_all          
.7600E+00    10.000  0.404E+01   0.71818E-02   0.00000E+00   0.10000E+00    0.50249E-02 -341.20         test_N_all          
.7700E+00    10.000  0.387E+01   0.63800E-02   0.00000E+00   0.10000E+00    0.50249E-02 -347.12         test_N_all          
.7800E+00    10.000  0.370E+01   0.56505E-02   0.00000E+00   0.10000E+00    0.50249E-02 -352.55         test_N_all          
.7900E+00    10.000  0.354E+01   0.49888E-02   0.00000E+00   0.10000E+00    0.50249E-02 -357.51         test_N_all          
.8000E+00    10.000  0.338E+01   0.43883E-02   0.00000E+00   0.10000E+00    0.17692E-02 *******         test_N_all          
.8100E+00    10.000  0.323E+01   0.38462E-02   0.00000E+00   0.10000E+00    0.50249E-02 -366.16         test_N_all          
.8200E+00    10.000  0.308E+01   0.33583E-02   0.00000E+00   0.10000E+00    0.50249E-02 -369.89         test_N_all          
.8300E+00    10.000  0.293E+01   0.29190E-02   0.00000E+00   0.10000E+00    0.50249E-02 -373.26         test_N_all          
.8400E+00    10.000  0.279E+01   0.25257E-02   0.00000E+00   0.10000E+00    0.50249E-02 -376.29         test_N_all          
.8500E+00    10.000  0.265E+01   0.21748E-02   0.00000E+00   0.10000E+00    0.50249E-02 -379.00         test_N_all          
.8600E+00    10.000  0.251E+01   0.18620E-02   0.00000E+00   0.10000E+00    0.50249E-02 -381.43         test_N_all          
.8700E+00    10.000  0.238E+01   0.15850E-02   0.00000E+00   0.10000E+00    0.50249E-02 -383.58         test_N_all          
.8800E+00    10.000  0.225E+01   0.13408E-02   0.00000E+00   0.10000E+00    0.50249E-02 -385.49         test_N_all          
.8900E+00    10.000  0.212E+01   0.11255E-02   0.00000E+00   0.10000E+00    0.50249E-02 -387.17         test_N_all          
.9000E+00    10.000  0.199E+01   0.93754E-03   0.00000E+00   0.10000E+00    0.17692E-02 *******         test_N_all          
.9100E+00    10.000  0.187E+01   0.77443E-03   0.00000E+00   0.10000E+00    0.50249E-02 -389.93         test_N_all          
.9200E+00    10.000  0.175E+01   0.63284E-03   0.00000E+00   0.10000E+00    0.50249E-02 -391.04         test_N_all          
.9300E+00    10.000  0.163E+01   0.51161E-03   0.00000E+00   0.10000E+00    0.50249E-02 -392.00         test_N_all          
.9400E+00    10.000  0.152E+01   0.40879E-03   0.00000E+00   0.10000E+00    0.50249E-02 -392.81         test_N_all          
.9500E+00    10.000  0.141E+01   0.32149E-03   0.00000E+00   0.10000E+00    0.50249E-02 -393.50         test_N_all          
.9600E+00    10.000  0.130E+01   0.24884E-03   0.00000E+00   0.10000E+00    0.50249E-02 -394.07         test_N_all          
.9700E+00    10.000  0.119E+01   0.18933E-03   0.00000E+00   0.10000E+00    0.50249E-02 -394.54         test_N_all          
.9800E+00    10.000  0.109E+01   0.14042E-03   0.00000E+00   0.10000E+00    0.50249E-02 -394.93         test_N_all          
.9900E+00    10.000  0.983E+00   0.10149E-03   0.00000E+00   0.10000E+00    0.50249E-02 -395.24         test_N_all          
.1000E+01    10.000  0.882E+00   0.71377E-04   0.00000E+00   0.10000E+00    0.50249E-02 -395.47         test_N_all          
.1000E-01    20.000  0.198E+04   0.60568E+00   0.00000E+00   0.10000E+00    0.50249E-02 *******         test_N_all          
.2000E-01    20.000  0.981E+03   0.50499E+00   0.00000E+00   0.10000E+00    0.50249E-02 6495.64         test_N_all          
.3000E-01    20.000  0.648E+03   0.45195E+00   0.00000E+00   0.10000E+00    0.50249E-02 4905.73         test_N_all          
.4000E-01    20.000  0.481E+03   0.42268E+00   0.00000E+00   0.10000E+00    0.50249E-02 4123.74         test_N_all          
.5000E-01    20.000  0.381E+03   0.39822E+00   0.00000E+00   0.10000E+00    0.50249E-02 3522.22         test_N_all          
.6000E-01    20.000  0.314E+03   0.38076E+00   0.00000E+00   0.10000E+00    0.50249E-02 3121.74         test_N_all          
.7000E-01    20.000  0.267E+03   0.36518E+00   0.00000E+00   0.10000E+00    0.50249E-02 2785.00         test_N_all          
.8000E-01    20.000  0.231E+03   0.35225E+00   0.00000E+00   0.10000E+00    0.50249E-02 2519.92         test_N_all          
.9000E-01    20.000  0.203E+03   0.34032E+00   0.00000E+00   0.10000E+00    0.50249E-02 2287.20         test_N_all          
.1000E+00    20.000  0.181E+03   0.32948E+00   0.00000E+00   0.10000E+00    0.50249E-02 2085.60         test_N_all          
.1100E+00    20.000  0.163E+03   0.31913E+00   0.00000E+00   0.10000E+00    0.50249E-02 1901.69         test_N_all          
.1200E+00    20.000  0.148E+03   0.30931E+00   0.00000E+00   0.10000E+00    0.50249E-02 1735.16         test_N_all          
.1300E+00    20.000  0.135E+03   0.29991E+00   0.00000E+00   0.10000E+00    0.50249E-02 1582.70         test_N_all          
.1400E+00    20.000  0.124E+03   0.29077E+00   0.00000E+00   0.10000E+00    0.50249E-02 1441.26         test_N_all          
.1500E+00    20.000  0.114E+03   0.28194E+00   0.00000E+00   0.10000E+00    0.50249E-02 1310.95         test_N_all          
.1600E+00    20.000  0.106E+03   0.27333E+00   0.00000E+00   0.10000E+00    0.50249E-02 1189.89         test_N_all          
.1700E+00    20.000  0.985E+02   0.26497E+00   0.00000E+00   0.10000E+00    0.50249E-02 1077.83         test_N_all          
.1800E+00    20.000  0.920E+02   0.25683E+00   0.00000E+00   0.10000E+00    0.50249E-02  974.10         test_N_all          
.1900E+00    20.000  0.861E+02   0.24889E+00   0.00000E+00   0.10000E+00    0.50249E-02  877.97         test_N_all          
.2000E+00    20.000  0.809E+02   0.24115E+00   0.00000E+00   0.10000E+00    0.50249E-02  789.07         test_N_all          
.2100E+00    20.000  0.761E+02   0.23358E+00   0.00000E+00   0.10000E+00    0.50249E-02  706.73         test_N_all          
.2200E+00    20.000  0.718E+02   0.22619E+00   0.00000E+00   0.10000E+00    0.50249E-02  630.61         test_N_all          
.2300E+00    20.000  0.678E+02   0.21894E+00   0.00000E+00   0.10000E+00    0.50249E-02  560.28         test_N_all          
.2400E+00    20.000  0.642E+02   0.21183E+00   0.00000E+00   0.10000E+00    0.50249E-02  495.29         test_N_all          
.2500E+00    20.000  0.609E+02   0.20485E+00   0.00000E+00   0.10000E+00    0.50249E-02  435.40         test_N_all          
.2600E+00    20.000  0.578E+02   0.19798E+00   0.00000E+00   0.10000E+00    0.50249E-02  380.19         test_N_all          
.2700E+00    20.000  0.550E+02   0.19121E+00   0.00000E+00   0.10000E+00    0.50249E-02  329.48         test_N_all          
.2800E+00    20.000  0.523E+02   0.18454E+00   0.00000E+00   0.10000E+00    0.50249E-02  283.03         test_N_all          
.2900E+00    20.000  0.498E+02   0.17794E+00   0.00000E+00   0.10000E+00    0.50249E-02  240.58         test_N_all          
.3000E+00    20.000  0.475E+02   0.17142E+00   0.00000E+00   0.10000E+00    0.18868E-02 1432.94         test_N_all          
.3100E+00    20.000  0.454E+02   0.16499E+00   0.00000E+00   0.10000E+00    0.50249E-02  167.26         test_N_all          
.3200E+00    20.000  0.434E+02   0.15862E+00   0.00000E+00   0.10000E+00    0.50249E-02  136.11         test_N_all          
.3300E+00    20.000  0.415E+02   0.15233E+00   0.00000E+00   0.10000E+00    0.50249E-02  108.46         test_N_all          
.3400E+00    20.000  0.397E+02   0.14611E+00   0.00000E+00   0.10000E+00    0.50249E-02   84.20         test_N_all          
.3500E+00    20.000  0.380E+02   0.13996E+00   0.00000E+00   0.10000E+00    0.50249E-02   63.24         test_N_all          
.3600E+00    20.000  0.364E+02   0.13389E+00   0.00000E+00   0.10000E+00    0.50249E-02   45.49         test_N_all          
.3700E+00    20.000  0.349E+02   0.12791E+00   0.00000E+00   0.10000E+00    0.50249E-02   30.84         test_N_all          
.3800E+00    20.000  0.335E+02   0.12201E+00   0.00000E+00   0.10000E+00    0.50249E-02   19.19         test_N_all          
.3900E+00    20.000  0.322E+02   0.11622E+00   0.00000E+00   0.10000E+00    0.50249E-02   10.42         test_N_all          
.4000E+00    20.000  0.309E+02   0.11052E+00   0.00000E+00   0.10000E+00    0.17692E-02   35.39         test_N_all          
.4100E+00    20.000  0.297E+02   0.10495E+00   0.00000E+00   0.10000E+00    0.50249E-02    0.97         test_N_all          
.4200E+00    20.000  0.285E+02   0.99489E-01   0.00000E+00   0.10000E+00    0.50249E-02   -0.01         test_N_all          
.4300E+00    20.000  0.274E+02   0.94159E-01   0.00000E+00   0.10000E+00    0.50249E-02   -1.35         test_N_all          
.4400E+00    20.000  0.263E+02   0.88967E-01   0.00000E+00   0.10000E+00    0.50249E-02   -4.82         test_N_all          
.4500E+00    20.000  0.253E+02   0.83916E-01   0.00000E+00   0.10000E+00    0.50249E-02  -10.25         test_N_all          
.4600E+00    20.000  0.244E+02   0.79016E-01   0.00000E+00   0.10000E+00    0.50249E-02  -17.44         test_N_all          
.4700E+00    20.000  0.234E+02   0.74273E-01   0.00000E+00   0.10000E+00    0.50249E-02  -26.21         test_N_all          
.4800E+00    20.000  0.225E+02   0.69687E-01   0.00000E+00   0.10000E+00    0.50249E-02  -36.39         test_N_all          
.4900E+00    20.000  0.217E+02   0.65269E-01   0.00000E+00   0.10000E+00    0.50249E-02  -47.77         test_N_all          
.5000E+00    20.000  0.209E+02   0.61018E-01   0.00000E+00   0.10000E+00    0.17692E-02 -485.49         test_N_all          
.5100E+00    20.000  0.201E+02   0.56938E-01   0.00000E+00   0.10000E+00    0.50249E-02  -73.44         test_N_all          
.5200E+00    20.000  0.193E+02   0.53032E-01   0.00000E+00   0.10000E+00    0.50249E-02  -87.37         test_N_all          
.5300E+00    20.000  0.186E+02   0.49298E-01   0.00000E+00   0.10000E+00    0.50249E-02 -101.81         test_N_all          
.5400E+00    20.000  0.179E+02   0.45740E-01   0.00000E+00   0.10000E+00    0.50249E-02 -116.60         test_N_all          
.5500E+00    20.000  0.172E+02   0.42356E-01   0.00000E+00   0.10000E+00    0.50249E-02 -131.60         test_N_all          
.5600E+00    20.000  0.166E+02   0.39143E-01   0.00000E+00   0.10000E+00    0.50249E-02 -146.67         test_N_all          
.5700E+00    20.000  0.160E+02   0.36103E-01   0.00000E+00   0.10000E+00    0.50249E-02 -161.69         test_N_all          
.5800E+00    20.000  0.154E+02   0.33230E-01   0.00000E+00   0.10000E+00    0.50249E-02 -176.56         test_N_all          
.5900E+00    20.000  0.148E+02   0.30522E-01   0.00000E+00   0.10000E+00    0.50249E-02 -191.17         test_N_all          
.6000E+00    20.000  0.142E+02   0.27976E-01   0.00000E+00   0.10000E+00    0.17692E-02 *******         test_N_all          
.6100E+00    20.000  0.137E+02   0.25586E-01   0.00000E+00   0.10000E+00    0.50249E-02 -219.30         test_N_all          
.6200E+00    20.000  0.131E+02   0.23350E-01   0.00000E+00   0.10000E+00    0.50249E-02 -232.68         test_N_all          
.6300E+00    20.000  0.126E+02   0.21261E-01   0.00000E+00   0.10000E+00    0.50249E-02 -245.54         test_N_all          
.6400E+00    20.000  0.121E+02   0.19314E-01   0.00000E+00   0.10000E+00    0.50249E-02 -257.83         test_N_all          
.6500E+00    20.000  0.117E+02   0.17504E-01   0.00000E+00   0.10000E+00    0.50249E-02 -269.53         test_N_all          
.6600E+00    20.000  0.112E+02   0.15825E-01   0.00000E+00   0.10000E+00    0.50249E-02 -280.61         test_N_all          
.6700E+00    20.000  0.107E+02   0.14271E-01   0.00000E+00   0.10000E+00    0.50249E-02 -291.07         test_N_all          
.6800E+00    20.000  0.103E+02   0.12836E-01   0.00000E+00   0.10000E+00    0.50249E-02 -300.89         test_N_all          
.6900E+00    20.000  0.987E+01   0.11515E-01   0.00000E+00   0.10000E+00    0.50249E-02 -310.08         test_N_all          
.7000E+00    20.000  0.945E+01   0.10300E-01   0.00000E+00   0.10000E+00    0.17692E-02 *******         test_N_all          
.7100E+00    20.000  0.905E+01   0.91868E-02   0.00000E+00   0.10000E+00    0.50249E-02 -326.62         test_N_all          
.7200E+00    20.000  0.866E+01   0.81688E-02   0.00000E+00   0.10000E+00    0.50249E-02 -333.98         test_N_all          
.7300E+00    20.000  0.828E+01   0.72397E-02   0.00000E+00   0.10000E+00    0.50249E-02 -340.77         test_N_all          
.7400E+00    20.000  0.791E+01   0.63951E-02   0.00000E+00   0.10000E+00    0.50249E-02 -347.00         test_N_all          
.7500E+00    20.000  0.755E+01   0.56283E-02   0.00000E+00   0.10000E+00    0.50249E-02 -352.71         test_N_all          
.7600E+00    20.000  0.720E+01   0.49344E-02   0.00000E+00   0.10000E+00    0.50249E-02 -357.92         test_N_all          
.7700E+00    20.000  0.686E+01   0.43090E-02   0.00000E+00   0.10000E+00    0.50249E-02 -362.64         test_N_all          
.7800E+00    20.000  0.652E+01   0.37454E-02   0.00000E+00   0.10000E+00    0.50249E-02 -366.93         test_N_all          
.7900E+00    20.000  0.620E+01   0.32406E-02   0.00000E+00   0.10000E+00    0.50249E-02 -370.79         test_N_all          
.8000E+00    20.000  0.588E+01   0.27898E-02   0.00000E+00   0.10000E+00    0.17692E-02 *******         test_N_all          
.8100E+00    20.000  0.557E+01   0.23878E-02   0.00000E+00   0.10000E+00    0.50249E-02 -377.35         test_N_all          
.8200E+00    20.000  0.527E+01   0.20320E-02   0.00000E+00   0.10000E+00    0.50249E-02 -380.11         test_N_all          
.8300E+00    20.000  0.498E+01   0.17172E-02   0.00000E+00   0.10000E+00    0.50249E-02 -382.55         test_N_all          
.8400E+00    20.000  0.469E+01   0.14407E-02   0.00000E+00   0.10000E+00    0.50249E-02 -384.71         test_N_all          
.8500E+00    20.000  0.441E+01   0.11994E-02   0.00000E+00   0.10000E+00    0.50249E-02 -386.60         test_N_all          
.8600E+00    20.000  0.414E+01   0.98901E-03   0.00000E+00   0.10000E+00    0.50249E-02 -388.24         test_N_all          
.8700E+00    20.000  0.387E+01   0.80746E-03   0.00000E+00   0.10000E+00    0.50249E-02 -389.67         test_N_all          
.8800E+00    20.000  0.361E+01   0.65217E-03   0.00000E+00   0.10000E+00    0.50249E-02 -390.89         test_N_all          
.8900E+00    20.000  0.335E+01   0.51946E-03   0.00000E+00   0.10000E+00    0.50249E-02 -391.94         test_N_all          
.9000E+00    20.000  0.310E+01   0.40798E-03   0.00000E+00   0.10000E+00    0.17692E-02 *******         test_N_all          
.9100E+00    20.000  0.286E+01   0.31520E-03   0.00000E+00   0.10000E+00    0.50249E-02 -393.55         test_N_all          
.9200E+00    20.000  0.262E+01   0.23847E-03   0.00000E+00   0.10000E+00    0.50249E-02 -394.15         test_N_all          
.9300E+00    20.000  0.239E+01   0.17659E-03   0.00000E+00   0.10000E+00    0.50249E-02 -394.64         test_N_all          
.9400E+00    20.000  0.216E+01   0.12718E-03   0.00000E+00   0.10000E+00    0.50249E-02 -395.03         test_N_all          
.9500E+00    20.000  0.193E+01   0.88463E-04   0.00000E+00   0.10000E+00    0.50249E-02 -395.34         test_N_all          
.9600E+00    20.000  0.172E+01   0.59406E-04   0.00000E+00   0.10000E+00    0.50249E-02 -395.57         test_N_all          
.9700E+00    20.000  0.150E+01   0.37635E-04   0.00000E+00   0.10000E+00    0.50249E-02 -395.74         test_N_all          
.9800E+00    20.000  0.129E+01   0.22274E-04   0.00000E+00   0.10000E+00    0.50249E-02 -395.86         test_N_all          
.9900E+00    20.000  0.108E+01   0.12398E-04   0.00000E+00   0.10000E+00    0.50249E-02 -395.94         test_N_all          
.1000E+01    20.000  0.882E+00   0.57299E-05   0.00000E+00   0.10000E+00    0.50249E-02 -395.99         test_N_all          
.1000E+00    50.000  0.451E+03   0.33224E+00   0.00000E+00   0.10000E+00    0.50249E-02 2135.98         test_N_all          
.1100E+00    50.000  0.405E+03   0.31945E+00   0.00000E+00   0.10000E+00    0.50249E-02 1907.29         test_N_all          
.1200E+00    50.000  0.368E+03   0.30761E+00   0.00000E+00   0.10000E+00    0.50249E-02 1706.96         test_N_all          
.1300E+00    50.000  0.335E+03   0.29648E+00   0.00000E+00   0.10000E+00    0.50249E-02 1528.96         test_N_all          
.1400E+00    50.000  0.308E+03   0.28587E+00   0.00000E+00   0.10000E+00    0.50249E-02 1368.18         test_N_all          
.1500E+00    50.000  0.284E+03   0.27580E+00   0.00000E+00   0.10000E+00    0.50249E-02 1223.93         test_N_all          
.1600E+00    50.000  0.263E+03   0.26611E+00   0.00000E+00   0.10000E+00    0.50249E-02 1092.71         test_N_all          
.1700E+00    50.000  0.245E+03   0.25681E+00   0.00000E+00   0.10000E+00    0.50249E-02  973.89         test_N_all          
.1800E+00    50.000  0.229E+03   0.24788E+00   0.00000E+00   0.10000E+00    0.50249E-02  866.03         test_N_all          
.1900E+00    50.000  0.214E+03   0.23924E+00   0.00000E+00   0.10000E+00    0.50249E-02  767.78         test_N_all          
.2000E+00    50.000  0.201E+03   0.23089E+00   0.00000E+00   0.10000E+00    0.50249E-02  678.52         test_N_all          
.2100E+00    50.000  0.189E+03   0.22279E+00   0.00000E+00   0.10000E+00    0.50249E-02  597.10         test_N_all          
.2200E+00    50.000  0.178E+03   0.21492E+00   0.00000E+00   0.10000E+00    0.50249E-02  523.06         test_N_all          
.2300E+00    50.000  0.168E+03   0.20727E+00   0.00000E+00   0.10000E+00    0.50249E-02  455.71         test_N_all          
.2400E+00    50.000  0.159E+03   0.19980E+00   0.00000E+00   0.10000E+00    0.50249E-02  394.46         test_N_all          
.2500E+00    50.000  0.151E+03   0.19251E+00   0.00000E+00   0.10000E+00    0.50249E-02  338.95         test_N_all          
.2600E+00    50.000  0.143E+03   0.18537E+00   0.00000E+00   0.10000E+00    0.50249E-02  288.64         test_N_all          
.2700E+00    50.000  0.136E+03   0.17838E+00   0.00000E+00   0.10000E+00    0.50249E-02  243.29         test_N_all          
.2800E+00    50.000  0.129E+03   0.17152E+00   0.00000E+00   0.10000E+00    0.50249E-02  202.56         test_N_all          
.2900E+00    50.000  0.123E+03   0.16477E+00   0.00000E+00   0.10000E+00    0.50249E-02  166.17         test_N_all          
.3000E+00    50.000  0.118E+03   0.15815E+00   0.00000E+00   0.10000E+00    0.18868E-02  949.96         test_N_all          
.3100E+00    50.000  0.112E+03   0.15164E+00   0.00000E+00   0.10000E+00    0.50249E-02  105.60         test_N_all          
.3200E+00    50.000  0.107E+03   0.14523E+00   0.00000E+00   0.10000E+00    0.50249E-02   81.02         test_N_all          
.3300E+00    50.000  0.102E+03   0.13893E+00   0.00000E+00   0.10000E+00    0.50249E-02   60.03         test_N_all          
.3400E+00    50.000  0.979E+02   0.13274E+00   0.00000E+00   0.10000E+00    0.50249E-02   42.45         test_N_all          
.3500E+00    50.000  0.937E+02   0.12666E+00   0.00000E+00   0.10000E+00    0.50249E-02   28.14         test_N_all          
.3600E+00    50.000  0.898E+02   0.12069E+00   0.00000E+00   0.10000E+00    0.50249E-02   16.95         test_N_all          
.3700E+00    50.000  0.860E+02   0.11483E+00   0.00000E+00   0.10000E+00    0.50249E-02    8.71         test_N_all          
.3800E+00    50.000  0.825E+02   0.10910E+00   0.00000E+00   0.10000E+00    0.50249E-02    3.28         test_N_all          
.3900E+00    50.000  0.791E+02   0.10350E+00   0.00000E+00   0.10000E+00    0.50249E-02    0.48         test_N_all          
.4000E+00    50.000  0.759E+02   0.98025E-01   0.00000E+00   0.10000E+00    0.17692E-02   -1.25         test_N_all          
.4100E+00    50.000  0.728E+02   0.92695E-01   0.00000E+00   0.10000E+00    0.50249E-02   -2.11         test_N_all          
.4200E+00    50.000  0.699E+02   0.87510E-01   0.00000E+00   0.10000E+00    0.50249E-02   -6.18         test_N_all          
.4300E+00    50.000  0.672E+02   0.82473E-01   0.00000E+00   0.10000E+00    0.50249E-02  -12.17         test_N_all          
.4400E+00    50.000  0.645E+02   0.77594E-01   0.00000E+00   0.10000E+00    0.50249E-02  -19.88         test_N_all          
.4500E+00    50.000  0.620E+02   0.72874E-01   0.00000E+00   0.10000E+00    0.50249E-02  -29.14         test_N_all          
.4600E+00    50.000  0.596E+02   0.68319E-01   0.00000E+00   0.10000E+00    0.50249E-02  -39.75         test_N_all          
.4700E+00    50.000  0.573E+02   0.63932E-01   0.00000E+00   0.10000E+00    0.50249E-02  -51.52         test_N_all          
.4800E+00    50.000  0.550E+02   0.59714E-01   0.00000E+00   0.10000E+00    0.50249E-02  -64.27         test_N_all          
.4900E+00    50.000  0.529E+02   0.55672E-01   0.00000E+00   0.10000E+00    0.50249E-02  -77.82         test_N_all          
.5000E+00    50.000  0.509E+02   0.51802E-01   0.00000E+00   0.10000E+00    0.17692E-02 -742.19         test_N_all          
.5100E+00    50.000  0.489E+02   0.48108E-01   0.00000E+00   0.10000E+00    0.50249E-02 -106.64         test_N_all          
.5200E+00    50.000  0.470E+02   0.44589E-01   0.00000E+00   0.10000E+00    0.50249E-02 -121.60         test_N_all          
.5300E+00    50.000  0.452E+02   0.41243E-01   0.00000E+00   0.10000E+00    0.50249E-02 -136.73         test_N_all          
.5400E+00    50.000  0.435E+02   0.38072E-01   0.00000E+00   0.10000E+00    0.50249E-02 -151.89         test_N_all          
.5500E+00    50.000  0.418E+02   0.35069E-01   0.00000E+00   0.10000E+00    0.50249E-02 -166.97         test_N_all          
.5600E+00    50.000  0.402E+02   0.32236E-01   0.00000E+00   0.10000E+00    0.50249E-02 -181.86         test_N_all          
.5700E+00    50.000  0.386E+02   0.29567E-01   0.00000E+00   0.10000E+00    0.50249E-02 -196.47         test_N_all          
.5800E+00    50.000  0.371E+02   0.27059E-01   0.00000E+00   0.10000E+00    0.50249E-02 -210.71         test_N_all          
.5900E+00    50.000  0.356E+02   0.24708E-01   0.00000E+00   0.10000E+00    0.50249E-02 -224.51         test_N_all          
.6000E+00    50.000  0.342E+02   0.22508E-01   0.00000E+00   0.10000E+00    0.17692E-02 *******         test_N_all          
.6100E+00    50.000  0.328E+02   0.20456E-01   0.00000E+00   0.10000E+00    0.50249E-02 -250.58         test_N_all          
.6200E+00    50.000  0.315E+02   0.18546E-01   0.00000E+00   0.10000E+00    0.50249E-02 -262.76         test_N_all          
.6300E+00    50.000  0.302E+02   0.16771E-01   0.00000E+00   0.10000E+00    0.50249E-02 -274.34         test_N_all          
.6400E+00    50.000  0.290E+02   0.15128E-01   0.00000E+00   0.10000E+00    0.50249E-02 -285.28         test_N_all          
.6500E+00    50.000  0.278E+02   0.13608E-01   0.00000E+00   0.10000E+00    0.50249E-02 -295.59         test_N_all          
.6600E+00    50.000  0.266E+02   0.12208E-01   0.00000E+00   0.10000E+00    0.50249E-02 -305.25         test_N_all          
.6700E+00    50.000  0.255E+02   0.10919E-01   0.00000E+00   0.10000E+00    0.50249E-02 -314.27         test_N_all          
.6800E+00    50.000  0.244E+02   0.97380E-02   0.00000E+00   0.10000E+00    0.50249E-02 -322.66         test_N_all          
.6900E+00    50.000  0.233E+02   0.86566E-02   0.00000E+00   0.10000E+00    0.50249E-02 -330.44         test_N_all          
.7000E+00    50.000  0.223E+02   0.76701E-02   0.00000E+00   0.10000E+00    0.17692E-02 *******         test_N_all          
.7100E+00    50.000  0.213E+02   0.67726E-02   0.00000E+00   0.10000E+00    0.50249E-02 -344.21         test_N_all          
.7200E+00    50.000  0.203E+02   0.59576E-02   0.00000E+00   0.10000E+00    0.50249E-02 -350.26         test_N_all          
.7300E+00    50.000  0.194E+02   0.52208E-02   0.00000E+00   0.10000E+00    0.50249E-02 -355.77         test_N_all          
.7400E+00    50.000  0.184E+02   0.45556E-02   0.00000E+00   0.10000E+00    0.50249E-02 -360.78         test_N_all          
.7500E+00    50.000  0.175E+02   0.39575E-02   0.00000E+00   0.10000E+00    0.50249E-02 -365.31         test_N_all          
.7600E+00    50.000  0.167E+02   0.34220E-02   0.00000E+00   0.10000E+00    0.50249E-02 -369.40         test_N_all          
.7700E+00    50.000  0.158E+02   0.29429E-02   0.00000E+00   0.10000E+00    0.50249E-02 -373.07         test_N_all          
.7800E+00    50.000  0.150E+02   0.25172E-02   0.00000E+00   0.10000E+00    0.50249E-02 -376.35         test_N_all          
.7900E+00    50.000  0.142E+02   0.21398E-02   0.00000E+00   0.10000E+00    0.50249E-02 -379.27         test_N_all          
.8000E+00    50.000  0.134E+02   0.18067E-02   0.00000E+00   0.10000E+00    0.17692E-02 *******         test_N_all          
.8100E+00    50.000  0.126E+02   0.15148E-02   0.00000E+00   0.10000E+00    0.50249E-02 -384.13         test_N_all          
.8200E+00    50.000  0.119E+02   0.12591E-02   0.00000E+00   0.10000E+00    0.50249E-02 -386.13         test_N_all          
.8300E+00    50.000  0.111E+02   0.10375E-02   0.00000E+00   0.10000E+00    0.50249E-02 -387.86         test_N_all          
.8400E+00    50.000  0.104E+02   0.84640E-03   0.00000E+00   0.10000E+00    0.50249E-02 -389.36         test_N_all          
.8500E+00    50.000  0.971E+01   0.68237E-03   0.00000E+00   0.10000E+00    0.50249E-02 -390.65         test_N_all          
.8600E+00    50.000  0.902E+01   0.54356E-03   0.00000E+00   0.10000E+00    0.50249E-02 -391.75         test_N_all          
.8700E+00    50.000  0.835E+01   0.42630E-03   0.00000E+00   0.10000E+00    0.50249E-02 -392.67         test_N_all          
.8800E+00    50.000  0.770E+01   0.32883E-03   0.00000E+00   0.10000E+00    0.50249E-02 -393.44         test_N_all          
.8900E+00    50.000  0.706E+01   0.24901E-03   0.00000E+00   0.10000E+00    0.50249E-02 -394.07         test_N_all          
.9000E+00    50.000  0.644E+01   0.18393E-03   0.00000E+00   0.10000E+00    0.17692E-02 *******         test_N_all          
.9100E+00    50.000  0.583E+01   0.13250E-03   0.00000E+00   0.10000E+00    0.50249E-02 -394.99         test_N_all          
.9200E+00    50.000  0.523E+01   0.92297E-04   0.00000E+00   0.10000E+00    0.50249E-02 -395.31         test_N_all          
.9300E+00    50.000  0.465E+01   0.61675E-04   0.00000E+00   0.10000E+00    0.50249E-02 -395.55         test_N_all          
.9400E+00    50.000  0.407E+01   0.39530E-04   0.00000E+00   0.10000E+00    0.50249E-02 -395.73         test_N_all          
.9500E+00    50.000  0.351E+01   0.23380E-04   0.00000E+00   0.10000E+00    0.50249E-02 -395.85         test_N_all          
.9600E+00    50.000  0.297E+01   0.12778E-04   0.00000E+00   0.10000E+00    0.50249E-02 -395.94         test_N_all          
.9700E+00    50.000  0.243E+01   0.62683E-05   0.00000E+00   0.10000E+00    0.50249E-02 -395.99         test_N_all          
.9800E+00    50.000  0.190E+01   0.23911E-05   0.00000E+00   0.10000E+00    0.50249E-02 -396.02         test_N_all          
.9900E+00    50.000  0.139E+01   0.80031E-06   0.00000E+00   0.10000E+00    0.50249E-02 -396.03         test_N_all          
.1000E+01    50.000  0.882E+00   0.61587E-06   0.00000E+00   0.10000E+00    0.50249E-02 -396.03         test_N_all          
.1000E+00   100.000  0.901E+03   0.33310E+00   0.00000E+00   0.10000E+00    0.50249E-02 2151.83         test_N_all          
.1100E+00   100.000  0.810E+03   0.31879E+00   0.00000E+00   0.10000E+00    0.50249E-02 1895.73         test_N_all          
.1200E+00   100.000  0.734E+03   0.30568E+00   0.00000E+00   0.10000E+00    0.50249E-02 1675.43         test_N_all          
.1300E+00   100.000  0.670E+03   0.29350E+00   0.00000E+00   0.10000E+00    0.50249E-02 1482.91         test_N_all          
.1400E+00   100.000  0.615E+03   0.28198E+00   0.00000E+00   0.10000E+00    0.50249E-02 1311.60         test_N_all          
.1500E+00   100.000  0.568E+03   0.27116E+00   0.00000E+00   0.10000E+00    0.50249E-02 1160.25         test_N_all          
.1600E+00   100.000  0.526E+03   0.26082E+00   0.00000E+00   0.10000E+00    0.50249E-02 1024.23         test_N_all          
.1700E+00   100.000  0.489E+03   0.25097E+00   0.00000E+00   0.10000E+00    0.50249E-02  902.64         test_N_all          
.1800E+00   100.000  0.456E+03   0.24155E+00   0.00000E+00   0.10000E+00    0.50249E-02  793.55         test_N_all          
.1900E+00   100.000  0.427E+03   0.23250E+00   0.00000E+00   0.10000E+00    0.50249E-02  695.28         test_N_all          
.2000E+00   100.000  0.401E+03   0.22380E+00   0.00000E+00   0.10000E+00    0.50249E-02  607.02         test_N_all          
.2100E+00   100.000  0.377E+03   0.21539E+00   0.00000E+00   0.10000E+00    0.50249E-02  527.35         test_N_all          
.2200E+00   100.000  0.355E+03   0.20726E+00   0.00000E+00   0.10000E+00    0.50249E-02  455.66         test_N_all          
.2300E+00   100.000  0.336E+03   0.19938E+00   0.00000E+00   0.10000E+00    0.50249E-02  391.18         test_N_all          
.2400E+00   100.000  0.318E+03   0.19172E+00   0.00000E+00   0.10000E+00    0.50249E-02  333.19         test_N_all          
.2500E+00   100.000  0.301E+03   0.18427E+00   0.00000E+00   0.10000E+00    0.50249E-02  281.26         test_N_all          
.2600E+00   100.000  0.285E+03   0.17700E+00   0.00000E+00   0.10000E+00    0.50249E-02  234.79         test_N_all          
.2700E+00   100.000  0.271E+03   0.16990E+00   0.00000E+00   0.10000E+00    0.50249E-02  193.49         test_N_all          
.2800E+00   100.000  0.258E+03   0.16296E+00   0.00000E+00   0.10000E+00    0.50249E-02  156.97         test_N_all          
.2900E+00   100.000  0.246E+03   0.15616E+00   0.00000E+00   0.10000E+00    0.50249E-02  124.90         test_N_all          
.3000E+00   100.000  0.234E+03   0.14951E+00   0.00000E+00   0.10000E+00    0.18868E-02  688.49         test_N_all          
.3100E+00   100.000  0.223E+03   0.14299E+00   0.00000E+00   0.10000E+00    0.50249E-02   73.18         test_N_all          
.3200E+00   100.000  0.213E+03   0.13660E+00   0.00000E+00   0.10000E+00    0.50249E-02   53.04         test_N_all          
.3300E+00   100.000  0.204E+03   0.13034E+00   0.00000E+00   0.10000E+00    0.50249E-02   36.46         test_N_all          
.3400E+00   100.000  0.195E+03   0.12421E+00   0.00000E+00   0.10000E+00    0.50249E-02   23.21         test_N_all          
.3500E+00   100.000  0.187E+03   0.11821E+00   0.00000E+00   0.10000E+00    0.50249E-02   13.14         test_N_all          
.3600E+00   100.000  0.179E+03   0.11235E+00   0.00000E+00   0.10000E+00    0.50249E-02    6.04         test_N_all          
.3700E+00   100.000  0.171E+03   0.10662E+00   0.00000E+00   0.10000E+00    0.50249E-02    1.74         test_N_all          
.3800E+00   100.000  0.164E+03   0.10104E+00   0.00000E+00   0.10000E+00    0.50249E-02    0.04         test_N_all          
.3900E+00   100.000  0.157E+03   0.95596E-01   0.00000E+00   0.10000E+00    0.50249E-02   -0.77         test_N_all          
.4000E+00   100.000  0.151E+03   0.90304E-01   0.00000E+00   0.10000E+00    0.17692E-02  -30.04         test_N_all          
.4100E+00   100.000  0.145E+03   0.85167E-01   0.00000E+00   0.10000E+00    0.50249E-02   -8.71         test_N_all          
.4200E+00   100.000  0.139E+03   0.80187E-01   0.00000E+00   0.10000E+00    0.50249E-02  -15.55         test_N_all          
.4300E+00   100.000  0.133E+03   0.75370E-01   0.00000E+00   0.10000E+00    0.50249E-02  -24.03         test_N_all          
.4400E+00   100.000  0.128E+03   0.70719E-01   0.00000E+00   0.10000E+00    0.50249E-02  -33.95         test_N_all          
.4500E+00   100.000  0.123E+03   0.66236E-01   0.00000E+00   0.10000E+00    0.50249E-02  -45.15         test_N_all          
.4600E+00   100.000  0.118E+03   0.61927E-01   0.00000E+00   0.10000E+00    0.50249E-02  -57.41         test_N_all          
.4700E+00   100.000  0.114E+03   0.57791E-01   0.00000E+00   0.10000E+00    0.50249E-02  -70.56         test_N_all          
.4800E+00   100.000  0.109E+03   0.53828E-01   0.00000E+00   0.10000E+00    0.50249E-02  -84.43         test_N_all          
.4900E+00   100.000  0.105E+03   0.50043E-01   0.00000E+00   0.10000E+00    0.50249E-02  -98.84         test_N_all          
.5000E+00   100.000  0.101E+03   0.46433E-01   0.00000E+00   0.10000E+00    0.17692E-02 -916.74         test_N_all          
.5100E+00   100.000  0.970E+02   0.42999E-01   0.00000E+00   0.10000E+00    0.50249E-02 -128.68         test_N_all          
.5200E+00   100.000  0.932E+02   0.39739E-01   0.00000E+00   0.10000E+00    0.50249E-02 -143.82         test_N_all          
.5300E+00   100.000  0.896E+02   0.36649E-01   0.00000E+00   0.10000E+00    0.50249E-02 -158.94         test_N_all          
.5400E+00   100.000  0.861E+02   0.33730E-01   0.00000E+00   0.10000E+00    0.50249E-02 -173.93         test_N_all          
.5500E+00   100.000  0.827E+02   0.30977E-01   0.00000E+00   0.10000E+00    0.50249E-02 -188.68         test_N_all          
.5600E+00   100.000  0.795E+02   0.28386E-01   0.00000E+00   0.10000E+00    0.50249E-02 -203.11         test_N_all          
.5700E+00   100.000  0.763E+02   0.25955E-01   0.00000E+00   0.10000E+00    0.50249E-02 -217.14         test_N_all          
.5800E+00   100.000  0.733E+02   0.23677E-01   0.00000E+00   0.10000E+00    0.50249E-02 -230.70         test_N_all          
.5900E+00   100.000  0.704E+02   0.21549E-01   0.00000E+00   0.10000E+00    0.50249E-02 -243.75         test_N_all          
.6000E+00   100.000  0.675E+02   0.19565E-01   0.00000E+00   0.10000E+00    0.17692E-02 *******         test_N_all          
.6100E+00   100.000  0.648E+02   0.17720E-01   0.00000E+00   0.10000E+00    0.50249E-02 -268.12         test_N_all          
.6200E+00   100.000  0.622E+02   0.16008E-01   0.00000E+00   0.10000E+00    0.50249E-02 -279.39         test_N_all          
.6300E+00   100.000  0.596E+02   0.14423E-01   0.00000E+00   0.10000E+00    0.50249E-02 -290.03         test_N_all          
.6400E+00   100.000  0.571E+02   0.12961E-01   0.00000E+00   0.10000E+00    0.50249E-02 -300.03         test_N_all          
.6500E+00   100.000  0.547E+02   0.11614E-01   0.00000E+00   0.10000E+00    0.50249E-02 -309.39         test_N_all          
.6600E+00   100.000  0.524E+02   0.10376E-01   0.00000E+00   0.10000E+00    0.50249E-02 -318.12         test_N_all          
.6700E+00   100.000  0.501E+02   0.92419E-02   0.00000E+00   0.10000E+00    0.50249E-02 -326.22         test_N_all          
.6800E+00   100.000  0.479E+02   0.82060E-02   0.00000E+00   0.10000E+00    0.50249E-02 -333.71         test_N_all          
.6900E+00   100.000  0.458E+02   0.72611E-02   0.00000E+00   0.10000E+00    0.50249E-02 -340.61         test_N_all          
.7000E+00   100.000  0.437E+02   0.64030E-02   0.00000E+00   0.10000E+00    0.17692E-02 *******         test_N_all          
.7100E+00   100.000  0.417E+02   0.56249E-02   0.00000E+00   0.10000E+00    0.50249E-02 -352.74         test_N_all          
.7200E+00   100.000  0.398E+02   0.49218E-02   0.00000E+00   0.10000E+00    0.50249E-02 -358.01         test_N_all          
.7300E+00   100.000  0.379E+02   0.42890E-02   0.00000E+00   0.10000E+00    0.50249E-02 -362.80         test_N_all          
.7400E+00   100.000  0.360E+02   0.37199E-02   0.00000E+00   0.10000E+00    0.50249E-02 -367.12         test_N_all          
.7500E+00   100.000  0.342E+02   0.32112E-02   0.00000E+00   0.10000E+00    0.50249E-02 -371.01         test_N_all          
.7600E+00   100.000  0.325E+02   0.27575E-02   0.00000E+00   0.10000E+00    0.50249E-02 -374.50         test_N_all          
.7700E+00   100.000  0.308E+02   0.23542E-02   0.00000E+00   0.10000E+00    0.50249E-02 -377.61         test_N_all          
.7800E+00   100.000  0.291E+02   0.19982E-02   0.00000E+00   0.10000E+00    0.50249E-02 -380.37         test_N_all          
.7900E+00   100.000  0.275E+02   0.16839E-02   0.00000E+00   0.10000E+00    0.50249E-02 -382.81         test_N_all          
.8000E+00   100.000  0.259E+02   0.14089E-02   0.00000E+00   0.10000E+00    0.17692E-02 *******         test_N_all          
.8100E+00   100.000  0.243E+02   0.11691E-02   0.00000E+00   0.10000E+00    0.50249E-02 -386.83         test_N_all          
.8200E+00   100.000  0.228E+02   0.96117E-03   0.00000E+00   0.10000E+00    0.50249E-02 -388.46         test_N_all          
.8300E+00   100.000  0.214E+02   0.78281E-03   0.00000E+00   0.10000E+00    0.50249E-02 -389.86         test_N_all          
.8400E+00   100.000  0.199E+02   0.62963E-03   0.00000E+00   0.10000E+00    0.50249E-02 -391.07         test_N_all          
.8500E+00   100.000  0.185E+02   0.50020E-03   0.00000E+00   0.10000E+00    0.50249E-02 -392.09         test_N_all          
.8600E+00   100.000  0.172E+02   0.39168E-03   0.00000E+00   0.10000E+00    0.50249E-02 -392.94         test_N_all          
.8700E+00   100.000  0.158E+02   0.30129E-03   0.00000E+00   0.10000E+00    0.50249E-02 -393.66         test_N_all          
.8800E+00   100.000  0.145E+02   0.22764E-03   0.00000E+00   0.10000E+00    0.50249E-02 -394.24         test_N_all          
.8900E+00   100.000  0.132E+02   0.16778E-03   0.00000E+00   0.10000E+00    0.50249E-02 -394.71         test_N_all          
.9000E+00   100.000  0.120E+02   0.12043E-03   0.00000E+00   0.10000E+00    0.17692E-02 *******         test_N_all          
.9100E+00   100.000  0.108E+02   0.83837E-04   0.00000E+00   0.10000E+00    0.50249E-02 -395.38         test_N_all          
.9200E+00   100.000  0.958E+01   0.55823E-04   0.00000E+00   0.10000E+00    0.50249E-02 -395.60         test_N_all          
.9300E+00   100.000  0.841E+01   0.35591E-04   0.00000E+00   0.10000E+00    0.50249E-02 -395.76         test_N_all          
.9400E+00   100.000  0.726E+01   0.21129E-04   0.00000E+00   0.10000E+00    0.50249E-02 -395.87         test_N_all          
.9500E+00   100.000  0.614E+01   0.11474E-04   0.00000E+00   0.10000E+00    0.50249E-02 -395.95         test_N_all          
.9600E+00   100.000  0.505E+01   0.57153E-05   0.00000E+00   0.10000E+00    0.50249E-02 -395.99         test_N_all          
.9700E+00   100.000  0.397E+01   0.21946E-05   0.00000E+00   0.10000E+00    0.50249E-02 -396.02         test_N_all          
.9800E+00   100.000  0.292E+01   0.71370E-06   0.00000E+00   0.10000E+00    0.50249E-02 -396.03         test_N_all          
.9900E+00   100.000  0.189E+01   0.51173E-06   0.00000E+00   0.10000E+00    0.50249E-02 -396.04         test_N_all          
.1000E+01   100.000  0.882E+00   0.68991E-06   0.00000E+00   0.10000E+00    0.50249E-02 -396.03         test_N_all          



 CHI SQUARE=******** FOR  582 POINTS   CHISQ/NPTS=  674.18
 Signed chisquare total =********
 Modified residual =********


Summary normalization chi2 contributions

 data set     normalization        error         chisq


Summary chi2 per data set

 data set                chisq    _w     signd    _w     resid     _w   npts   chisq/pts  _w
test_N_all            392370.7        112966.3        ********           582  674.18
------------------------------------------------------------------------------------
          TOTAL       392370.7392370.7112966.3     0.0****************   582  674.18  674.18
          TOTAL+norm  392370.7392370.7                                   582  674.18  674.18



            Momentum Sum Rule Check


      q2      alphas      xuv       xdv       xub       xdb       xsb       xcb       xbb      xglue     total
      1.69    0.3845    0.3194    0.1367    0.0570    0.0677    0.0249    0.0000    0.0000    0.3945    1.0002
    100.00    0.1784    0.2250    0.0964    0.0661    0.0736    0.0435    0.0260    0.0088    0.4579    0.9972
   1000.00    0.1407    0.0000    0.0000    0.0000    0.0000    0.0000    0.0000    0.0000    0.0000    0.0000
   8315.00    0.1180    0.0000    0.0000    0.0000    0.0000    0.0000    0.0000    0.0000    0.0000    0.0000


 Vector Boson Cross Sections

 sqrt(s)   sigma(W)    error    theory

   1960.     2.865     0.063       0.000     D0

   1960.     2.749     0.054       0.000     CDF

   7000.     9.95      0.29        0.000     CMS

   7000.     9.96      0.55        0.000     ATLAS

 sqrt(s)   sigma(Z)    error    theory

   1960.     .2649     .0094       0.000     D0

   1960.     .2549     .0057       0.000     CDF

   7000.     .931      0.035       0.000     CMS

   7000.     .82       0.08        0.000     ATLAS


 KP off-shell parameters -- N*(x-x0)*(x-x1)*(1+x0-x)

  N =    5.9370     +-     0.0000    
 x0 =  -0.42303E-02 +-     0.0000    
 x1 =   0.41016     +-     0.0000    
