 Correlated errors added in quadrature with statistical errors
 test_N_all DIS data with   1.69< Q2 < 0.500D+03 and 0.000 < xB < 1.000 and   0.00< W2 < 0.100D+05 and 0.000 < y < 1.000
   GP TMC applied
   no HT corrections

# fitpack15: fit output
# CJ15 AV18 final data choices                                                 

Parametrization   7 used here

 S-ACOT scheme used  for NC DIS

 charm mass =     1.30 GeV     bottom mass =     4.50 GeV



 THIS IS A NEXT TO LEADING ORDER FIT

 Q02=    1.69
         1  LAMBDA      VALUE=   0.22680      WEIGHT=    0.0000    
         2  a0uv        VALUE=    2.3468      WEIGHT=    0.0000    
         3  a1uv        VALUE=   0.61103      WEIGHT=   0.21034E-01
         4  a2uv        VALUE=    3.5815      WEIGHT=   0.14251E-01
         5  a3uv        VALUE=    0.0000      WEIGHT=    0.0000    
         6  a4uv        VALUE=    3.7187      WEIGHT=   0.48405    
         7  a5uv        VALUE=    0.0000      WEIGHT=    0.0000    
         8  a0dv        VALUE=    20.742      WEIGHT=    0.0000    
         9  a1dv        VALUE=    1.1272      WEIGHT=   0.35912E-01
        10  a2dv        VALUE=    6.2167      WEIGHT=   0.18008    
        11  a3dv        VALUE=   -3.3429      WEIGHT=   0.10352    
        12  a4dv        VALUE=    4.4346      WEIGHT=   0.15887    
        13  a5dv        VALUE=    0.0000      WEIGHT=    0.0000    
        14  a0ud        VALUE=   0.14585      WEIGHT=   0.51141E-02
        15  a1ud        VALUE=  -0.20852      WEIGHT=   0.38086E-02
        16  a2ud        VALUE=    8.7134      WEIGHT=   0.20574    
        17  a3ud        VALUE=    0.0000      WEIGHT=    0.0000    
        18  a4ud        VALUE=    16.607      WEIGHT=    1.3528    
        19  a5ud        VALUE=    0.0000      WEIGHT=    0.0000    
        20  a0du        VALUE=    35712.      WEIGHT=    0.0000    
        21  a1du        VALUE=    4.1175      WEIGHT=   0.74422E-01
        22  a2du        VALUE=    19.540      WEIGHT=   0.91656    
        23  a3du        VALUE=    17.000      WEIGHT=    0.0000    
        24  a4du        VALUE=    50.275      WEIGHT=    7.6590    
        25  a0g         VALUE=    53.636      WEIGHT=    0.0000    
        26  a1g         VALUE=   0.62976      WEIGHT=   0.27135E-01
        27  a2g         VALUE=    5.7282      WEIGHT=   0.60281    
        28  a3g         VALUE=   -3.5465      WEIGHT=   0.10903    
        29  a4g         VALUE=    3.4203      WEIGHT=   0.22417    
        30  a5g         VALUE=    0.0000      WEIGHT=    0.0000    
        31  kappa       VALUE=   0.40000      WEIGHT=    0.0000    
        32  a6dv        VALUE=  -0.70608E-03  WEIGHT=   0.11074E-02
        33  a7dv        VALUE=    2.0000      WEIGHT=    0.0000    
        34  off1        VALUE=  -0.34456      WEIGHT=    1.4101    
        35  off2        VALUE=   0.11582      WEIGHT=   0.41999E-05
        36  ht1         VALUE=   -1.8677      WEIGHT=   0.46442    
        37  ht2         VALUE=    1.6791      WEIGHT=   0.18053    
        38  ht3         VALUE=   -2.1713      WEIGHT=   0.37125E-01
        39  ht4         VALUE=    2.3355      WEIGHT=   0.15008    
        40  dummy40     VALUE=    0.0000      WEIGHT=    0.0000    
        41  dummy41     VALUE=    0.0000      WEIGHT=    0.0000    
        42  dummy42     VALUE=    0.0000      WEIGHT=    0.0000    
        43  dummy43     VALUE=    0.0000      WEIGHT=    0.0000    
        44  dummy44     VALUE=    0.0000      WEIGHT=    0.0000    
        45  dummy45     VALUE=    0.0000      WEIGHT=    0.0000    
        46  dummy46     VALUE=    0.0000      WEIGHT=    0.0000    
        47  dummy47     VALUE=    0.0000      WEIGHT=    0.0000    
        48  dummy48     VALUE=    0.0000      WEIGHT=    0.0000    
        49  dummy49     VALUE=    0.0000      WEIGHT=    0.0000    
        50  bcdmsh2     VALUE=   0.97562      WEIGHT=   0.48789E-02
        51  bcdmsd2     VALUE=   0.99442      WEIGHT=   0.57461E-02
        52  ccfr        VALUE=    1.0000      WEIGHT=    0.0000    
        53  nutev       VALUE=    1.0000      WEIGHT=    0.0000    
        54  zeus        VALUE=   0.97998      WEIGHT=    0.0000    
        55  h1          VALUE=    1.0162      WEIGHT=    0.0000    
        56  e605        VALUE=    1.0319      WEIGHT=    0.0000    
        57  NmcH2       VALUE=    1.0138      WEIGHT=   0.71695E-02
        58  ntv_nu      VALUE=    1.0000      WEIGHT=    0.0000    
        59  ntv_nubar   VALUE=    1.0000      WEIGHT=    0.0000    
        60  cdf_jet     VALUE=   0.98910      WEIGHT=    0.0000    
        61  d0_jet      VALUE=   0.83504      WEIGHT=    0.0000    
        62  slac_p      VALUE=    1.0050      WEIGHT=   0.49195E-02
        63  slac_d      VALUE=    1.0029      WEIGHT=   0.52975E-02
        64  e866pp      VALUE=   0.98354      WEIGHT=   0.19966E-01
        65  e866pd      VALUE=   0.97474      WEIGHT=   0.16112E-01
        66  d0_gamjet   VALUE=    1.0397      WEIGHT=   0.16448E-01
        67  h1b         VALUE=   0.97608      WEIGHT=    0.0000    
        68  jlab_p      VALUE=   0.98226      WEIGHT=   0.57785E-02
        69  jlab_d      VALUE=   0.97467      WEIGHT=   0.59398E-02
        70  blank       VALUE=    1.0000      WEIGHT=    0.0000    
        71  d0run2      VALUE=   0.95797      WEIGHT=   0.15722E-01
        72  cdfrun2     VALUE=   0.93727      WEIGHT=   0.17904E-01
        73  HERA_el     VALUE=    1.0000      WEIGHT=    0.0000    
        74  HERA_ps     VALUE=    1.0000      WEIGHT=    0.0000    
        75  CDF_Z       VALUE=   0.97082      WEIGHT=   0.64434E-02
        76  NmcRat      VALUE=    1.0000      WEIGHT=    0.0000    
        77  BNS_F2nd    VALUE=   0.97181      WEIGHT=   0.12447E-01
        78  HERMES_F2p  VALUE=   0.99846      WEIGHT=   0.56660E-02
        79  HERMES_F2d  VALUE=   0.97888      WEIGHT=   0.58339E-02
0THE TOLERANCE IS    0.1000
 THE MAXIMUM NUMBER OF STEPS IS 100
0THE INITIAL CHI SQUARED IS  4.07117E+05



     X        Q2         W2       THEORY        error         DATA           ERROR        chi^2     _w    ITYPE
.1000E-01     2.000  0.199E+03   0.34489E+00   0.00000E+00   0.10000E+00    0.50249E-02 2375.06         test_N_all
.2000E-01     2.000  0.989E+02   0.32194E+00   0.00000E+00   0.10000E+00    0.50249E-02 1950.81         test_N_all
.3000E-01     2.000  0.655E+02   0.31307E+00   0.00000E+00   0.10000E+00    0.50249E-02 1797.93         test_N_all
.4000E-01     2.000  0.489E+02   0.31097E+00   0.00000E+00   0.10000E+00    0.50249E-02 1762.68         test_N_all
.5000E-01     2.000  0.389E+02   0.31040E+00   0.00000E+00   0.10000E+00    0.50249E-02 1753.11         test_N_all
.6000E-01     2.000  0.322E+02   0.31119E+00   0.00000E+00   0.10000E+00    0.50249E-02 1766.30         test_N_all
.7000E-01     2.000  0.275E+02   0.31236E+00   0.00000E+00   0.10000E+00    0.50249E-02 1785.96         test_N_all
.8000E-01     2.000  0.239E+02   0.31350E+00   0.00000E+00   0.10000E+00    0.50249E-02 1805.26         test_N_all
.9000E-01     2.000  0.211E+02   0.31432E+00   0.00000E+00   0.10000E+00    0.50249E-02 1819.18         test_N_all
.1000E+00     2.000  0.189E+02   0.31463E+00   0.00000E+00   0.10000E+00    0.50249E-02 1824.36         test_N_all
.1100E+00     2.000  0.171E+02   0.31423E+00   0.00000E+00   0.10000E+00    0.50249E-02 1817.53         test_N_all
.1200E+00     2.000  0.155E+02   0.31307E+00   0.00000E+00   0.10000E+00    0.50249E-02 1797.97         test_N_all
.1300E+00     2.000  0.143E+02   0.31117E+00   0.00000E+00   0.10000E+00    0.50249E-02 1766.03         test_N_all
.1400E+00     2.000  0.132E+02   0.30857E+00   0.00000E+00   0.10000E+00    0.50249E-02 1722.79         test_N_all
.1500E+00     2.000  0.122E+02   0.30527E+00   0.00000E+00   0.10000E+00    0.50249E-02 1668.70         test_N_all
.1600E+00     2.000  0.114E+02   0.30142E+00   0.00000E+00   0.10000E+00    0.50249E-02 1606.67         test_N_all
.1700E+00     2.000  0.106E+02   0.29706E+00   0.00000E+00   0.10000E+00    0.50249E-02 1537.90         test_N_all
.1800E+00     2.000  0.999E+01   0.29224E+00   0.00000E+00   0.10000E+00    0.50249E-02 1463.68         test_N_all
.1900E+00     2.000  0.941E+01   0.28714E+00   0.00000E+00   0.10000E+00    0.50249E-02 1386.93         test_N_all
.2000E+00     2.000  0.888E+01   0.28172E+00   0.00000E+00   0.10000E+00    0.50249E-02 1307.79         test_N_all
.2100E+00     2.000  0.841E+01   0.27608E+00   0.00000E+00   0.10000E+00    0.50249E-02 1227.92         test_N_all
.2200E+00     2.000  0.797E+01   0.27029E+00   0.00000E+00   0.10000E+00    0.50249E-02 1148.49         test_N_all
.2300E+00     2.000  0.758E+01   0.26435E+00   0.00000E+00   0.10000E+00    0.50249E-02 1069.71         test_N_all
.2400E+00     2.000  0.722E+01   0.25834E+00   0.00000E+00   0.10000E+00    0.50249E-02  992.90         test_N_all
.2500E+00     2.000  0.688E+01   0.25225E+00   0.00000E+00   0.10000E+00    0.50249E-02  918.08         test_N_all
.2600E+00     2.000  0.657E+01   0.24612E+00   0.00000E+00   0.10000E+00    0.50249E-02  845.60         test_N_all
.2700E+00     2.000  0.629E+01   0.23998E+00   0.00000E+00   0.10000E+00    0.50249E-02  775.96         test_N_all
.2800E+00     2.000  0.602E+01   0.23381E+00   0.00000E+00   0.10000E+00    0.50249E-02  709.16         test_N_all
.2900E+00     2.000  0.578E+01   0.22765E+00   0.00000E+00   0.10000E+00    0.50249E-02  645.35         test_N_all
.3000E+00     2.000  0.555E+01   0.22150E+00   0.00000E+00   0.10000E+00    0.18868E-02 4146.68         test_N_all
.3100E+00     2.000  0.533E+01   0.21536E+00   0.00000E+00   0.10000E+00    0.50249E-02  527.05         test_N_all
.3200E+00     2.000  0.513E+01   0.20924E+00   0.00000E+00   0.10000E+00    0.50249E-02  472.58         test_N_all
.3300E+00     2.000  0.494E+01   0.20313E+00   0.00000E+00   0.10000E+00    0.50249E-02  421.25         test_N_all
.3400E+00     2.000  0.476E+01   0.19706E+00   0.00000E+00   0.10000E+00    0.50249E-02  373.08         test_N_all
.3500E+00     2.000  0.460E+01   0.19101E+00   0.00000E+00   0.10000E+00    0.50249E-02  328.00         test_N_all
.3600E+00     2.000  0.444E+01   0.18498E+00   0.00000E+00   0.10000E+00    0.50249E-02  286.04         test_N_all
.3700E+00     2.000  0.429E+01   0.17900E+00   0.00000E+00   0.10000E+00    0.50249E-02  247.19         test_N_all
.3800E+00     2.000  0.414E+01   0.17305E+00   0.00000E+00   0.10000E+00    0.50249E-02  211.37         test_N_all
.3900E+00     2.000  0.401E+01   0.16715E+00   0.00000E+00   0.10000E+00    0.50249E-02  178.59         test_N_all
.4000E+00     2.000  0.388E+01   0.16131E+00   0.00000E+00   0.10000E+00    0.17692E-02 1200.78         test_N_all
.4100E+00     2.000  0.376E+01   0.15551E+00   0.00000E+00   0.10000E+00    0.50249E-02  122.04         test_N_all
.4200E+00     2.000  0.364E+01   0.14978E+00   0.00000E+00   0.10000E+00    0.50249E-02   98.15         test_N_all
.4300E+00     2.000  0.353E+01   0.14413E+00   0.00000E+00   0.10000E+00    0.50249E-02   77.12         test_N_all
.4400E+00     2.000  0.343E+01   0.13855E+00   0.00000E+00   0.10000E+00    0.50249E-02   58.85         test_N_all
.4500E+00     2.000  0.333E+01   0.13306E+00   0.00000E+00   0.10000E+00    0.50249E-02   43.28         test_N_all
.4600E+00     2.000  0.323E+01   0.12766E+00   0.00000E+00   0.10000E+00    0.50249E-02   30.30         test_N_all
.4700E+00     2.000  0.314E+01   0.12236E+00   0.00000E+00   0.10000E+00    0.50249E-02   19.81         test_N_all
.4800E+00     2.000  0.305E+01   0.11717E+00   0.00000E+00   0.10000E+00    0.50249E-02   11.68         test_N_all
.4900E+00     2.000  0.296E+01   0.11210E+00   0.00000E+00   0.10000E+00    0.50249E-02    5.80         test_N_all
.5000E+00     2.000  0.288E+01   0.10714E+00   0.00000E+00   0.10000E+00    0.17692E-02   16.30         test_N_all
.5100E+00     2.000  0.280E+01   0.10231E+00   0.00000E+00   0.10000E+00    0.50249E-02    0.21         test_N_all
.5200E+00     2.000  0.273E+01   0.97612E-01   0.00000E+00   0.10000E+00    0.50249E-02   -0.23         test_N_all
.5300E+00     2.000  0.266E+01   0.93042E-01   0.00000E+00   0.10000E+00    0.50249E-02   -1.92         test_N_all
.5400E+00     2.000  0.259E+01   0.88612E-01   0.00000E+00   0.10000E+00    0.50249E-02   -5.14         test_N_all
.5500E+00     2.000  0.252E+01   0.84320E-01   0.00000E+00   0.10000E+00    0.50249E-02   -9.74         test_N_all
.5600E+00     2.000  0.245E+01   0.80167E-01   0.00000E+00   0.10000E+00    0.50249E-02  -15.58         test_N_all
.5700E+00     2.000  0.239E+01   0.76158E-01   0.00000E+00   0.10000E+00    0.50249E-02  -22.51         test_N_all
.5800E+00     2.000  0.233E+01   0.72293E-01   0.00000E+00   0.10000E+00    0.50249E-02  -30.40         test_N_all
.5900E+00     2.000  0.227E+01   0.68570E-01   0.00000E+00   0.10000E+00    0.50249E-02  -39.12         test_N_all
.6000E+00     2.000  0.222E+01   0.64988E-01   0.00000E+00   0.10000E+00    0.17692E-02 -391.65         test_N_all
.6100E+00     2.000  0.216E+01   0.61551E-01   0.00000E+00   0.10000E+00    0.50249E-02  -58.55         test_N_all
.6200E+00     2.000  0.211E+01   0.58253E-01   0.00000E+00   0.10000E+00    0.50249E-02  -69.02         test_N_all
.6300E+00     2.000  0.206E+01   0.55092E-01   0.00000E+00   0.10000E+00    0.50249E-02  -79.87         test_N_all
.6400E+00     2.000  0.201E+01   0.52068E-01   0.00000E+00   0.10000E+00    0.50249E-02  -90.99         test_N_all
.6500E+00     2.000  0.196E+01   0.49179E-01   0.00000E+00   0.10000E+00    0.50249E-02 -102.29         test_N_all
.6600E+00     2.000  0.191E+01   0.46421E-01   0.00000E+00   0.10000E+00    0.50249E-02 -113.69         test_N_all
.6700E+00     2.000  0.187E+01   0.43788E-01   0.00000E+00   0.10000E+00    0.50249E-02 -125.14         test_N_all
.6800E+00     2.000  0.182E+01   0.41281E-01   0.00000E+00   0.10000E+00    0.50249E-02 -136.55         test_N_all
.6900E+00     2.000  0.178E+01   0.38896E-01   0.00000E+00   0.10000E+00    0.50249E-02 -147.87         test_N_all
.7000E+00     2.000  0.174E+01   0.36628E-01   0.00000E+00   0.10000E+00    0.17692E-02 *******         test_N_all
.7100E+00     2.000  0.170E+01   0.34472E-01   0.00000E+00   0.10000E+00    0.50249E-02 -170.06         test_N_all
.7200E+00     2.000  0.166E+01   0.32426E-01   0.00000E+00   0.10000E+00    0.50249E-02 -180.84         test_N_all
.7300E+00     2.000  0.162E+01   0.30487E-01   0.00000E+00   0.10000E+00    0.50249E-02 -191.37         test_N_all
.7400E+00     2.000  0.158E+01   0.28649E-01   0.00000E+00   0.10000E+00    0.50249E-02 -201.62         test_N_all
.7500E+00     2.000  0.155E+01   0.26908E-01   0.00000E+00   0.10000E+00    0.50249E-02 -211.58         test_N_all
.7600E+00     2.000  0.151E+01   0.25261E-01   0.00000E+00   0.10000E+00    0.50249E-02 -221.22         test_N_all
.7700E+00     2.000  0.148E+01   0.23706E-01   0.00000E+00   0.10000E+00    0.50249E-02 -230.53         test_N_all
.7800E+00     2.000  0.145E+01   0.22235E-01   0.00000E+00   0.10000E+00    0.50249E-02 -239.50         test_N_all
.7900E+00     2.000  0.141E+01   0.20847E-01   0.00000E+00   0.10000E+00    0.50249E-02 -248.13         test_N_all
.8000E+00     2.000  0.138E+01   0.19536E-01   0.00000E+00   0.10000E+00    0.17692E-02 *******         test_N_all
.8100E+00     2.000  0.135E+01   0.18302E-01   0.00000E+00   0.10000E+00    0.50249E-02 -264.34         test_N_all
.8200E+00     2.000  0.132E+01   0.17139E-01   0.00000E+00   0.10000E+00    0.50249E-02 -271.92         test_N_all
.8300E+00     2.000  0.129E+01   0.16043E-01   0.00000E+00   0.10000E+00    0.50249E-02 -279.16         test_N_all
.8400E+00     2.000  0.126E+01   0.15011E-01   0.00000E+00   0.10000E+00    0.50249E-02 -286.06         test_N_all
.8500E+00     2.000  0.123E+01   0.14040E-01   0.00000E+00   0.10000E+00    0.50249E-02 -292.64         test_N_all
.8600E+00     2.000  0.121E+01   0.13128E-01   0.00000E+00   0.10000E+00    0.50249E-02 -298.88         test_N_all
.8700E+00     2.000  0.118E+01   0.12271E-01   0.00000E+00   0.10000E+00    0.50249E-02 -304.81         test_N_all
.8800E+00     2.000  0.115E+01   0.11465E-01   0.00000E+00   0.10000E+00    0.50249E-02 -310.43         test_N_all
.8900E+00     2.000  0.113E+01   0.10708E-01   0.00000E+00   0.10000E+00    0.50249E-02 -315.76         test_N_all
.9000E+00     2.000  0.110E+01   0.99982E-02   0.00000E+00   0.10000E+00    0.17692E-02 *******         test_N_all
.9100E+00     2.000  0.108E+01   0.93321E-02   0.00000E+00   0.10000E+00    0.50249E-02 -325.57         test_N_all
.9200E+00     2.000  0.106E+01   0.87075E-02   0.00000E+00   0.10000E+00    0.50249E-02 -330.07         test_N_all
.9300E+00     2.000  0.103E+01   0.81218E-02   0.00000E+00   0.10000E+00    0.50249E-02 -334.32         test_N_all
.9400E+00     2.000  0.101E+01   0.75731E-02   0.00000E+00   0.10000E+00    0.50249E-02 -338.33         test_N_all
.9500E+00     2.000  0.987E+00   0.70590E-02   0.00000E+00   0.10000E+00    0.50249E-02 -342.10         test_N_all
.9600E+00     2.000  0.965E+00   0.65775E-02   0.00000E+00   0.10000E+00    0.50249E-02 -345.65         test_N_all
.9700E+00     2.000  0.944E+00   0.61268E-02   0.00000E+00   0.10000E+00    0.50249E-02 -349.00         test_N_all
.9800E+00     2.000  0.923E+00   0.57051E-02   0.00000E+00   0.10000E+00    0.50249E-02 -352.14         test_N_all
.9900E+00     2.000  0.902E+00   0.53107E-02   0.00000E+00   0.10000E+00    0.50249E-02 -355.09         test_N_all
.1000E+01     2.000  0.882E+00   0.49418E-02   0.00000E+00   0.10000E+00    0.50249E-02 -357.86         test_N_all
.1000E-01     5.000  0.496E+03   0.45180E+00   0.00000E+00   0.10000E+00    0.50249E-02 4901.50         test_N_all
.2000E-01     5.000  0.246E+03   0.40072E+00   0.00000E+00   0.10000E+00    0.50249E-02 3581.55         test_N_all
.3000E-01     5.000  0.163E+03   0.37598E+00   0.00000E+00   0.10000E+00    0.50249E-02 3016.41         test_N_all
.4000E-01     5.000  0.121E+03   0.36363E+00   0.00000E+00   0.10000E+00    0.50249E-02 2752.54         test_N_all
.5000E-01     5.000  0.959E+02   0.35411E+00   0.00000E+00   0.10000E+00    0.50249E-02 2557.31         test_N_all
.6000E-01     5.000  0.792E+02   0.34771E+00   0.00000E+00   0.10000E+00    0.50249E-02 2430.09         test_N_all
.7000E-01     5.000  0.673E+02   0.34217E+00   0.00000E+00   0.10000E+00    0.50249E-02 2322.69         test_N_all
.8000E-01     5.000  0.584E+02   0.33741E+00   0.00000E+00   0.10000E+00    0.50249E-02 2232.14         test_N_all
.9000E-01     5.000  0.514E+02   0.33268E+00   0.00000E+00   0.10000E+00    0.50249E-02 2144.14         test_N_all
.1000E+00     5.000  0.459E+02   0.32795E+00   0.00000E+00   0.10000E+00    0.50249E-02 2057.89         test_N_all
.1100E+00     5.000  0.413E+02   0.32291E+00   0.00000E+00   0.10000E+00    0.50249E-02 1967.80         test_N_all
.1200E+00     5.000  0.375E+02   0.31762E+00   0.00000E+00   0.10000E+00    0.50249E-02 1875.55         test_N_all
.1300E+00     5.000  0.343E+02   0.31202E+00   0.00000E+00   0.10000E+00    0.50249E-02 1780.25         test_N_all
.1400E+00     5.000  0.316E+02   0.30608E+00   0.00000E+00   0.10000E+00    0.50249E-02 1681.97         test_N_all
.1500E+00     5.000  0.292E+02   0.29987E+00   0.00000E+00   0.10000E+00    0.50249E-02 1582.18         test_N_all
.1600E+00     5.000  0.271E+02   0.29346E+00   0.00000E+00   0.10000E+00    0.50249E-02 1482.32         test_N_all
.1700E+00     5.000  0.253E+02   0.28688E+00   0.00000E+00   0.10000E+00    0.50249E-02 1383.11         test_N_all
.1800E+00     5.000  0.237E+02   0.28017E+00   0.00000E+00   0.10000E+00    0.50249E-02 1285.55         test_N_all
.1900E+00     5.000  0.222E+02   0.27339E+00   0.00000E+00   0.10000E+00    0.50249E-02 1190.68         test_N_all
.2000E+00     5.000  0.209E+02   0.26656E+00   0.00000E+00   0.10000E+00    0.50249E-02 1098.70         test_N_all
.2100E+00     5.000  0.197E+02   0.25972E+00   0.00000E+00   0.10000E+00    0.50249E-02 1010.32         test_N_all
.2200E+00     5.000  0.186E+02   0.25289E+00   0.00000E+00   0.10000E+00    0.50249E-02  925.76         test_N_all
.2300E+00     5.000  0.176E+02   0.24609E+00   0.00000E+00   0.10000E+00    0.50249E-02  845.23         test_N_all
.2400E+00     5.000  0.167E+02   0.23933E+00   0.00000E+00   0.10000E+00    0.50249E-02  768.84         test_N_all
.2500E+00     5.000  0.159E+02   0.23261E+00   0.00000E+00   0.10000E+00    0.50249E-02  696.49         test_N_all
.2600E+00     5.000  0.151E+02   0.22595E+00   0.00000E+00   0.10000E+00    0.50249E-02  628.21         test_N_all
.2700E+00     5.000  0.144E+02   0.21933E+00   0.00000E+00   0.10000E+00    0.50249E-02  563.94         test_N_all
.2800E+00     5.000  0.137E+02   0.21277E+00   0.00000E+00   0.10000E+00    0.50249E-02  503.61         test_N_all
.2900E+00     5.000  0.131E+02   0.20625E+00   0.00000E+00   0.10000E+00    0.50249E-02  447.11         test_N_all
.3000E+00     5.000  0.125E+02   0.19979E+00   0.00000E+00   0.10000E+00    0.18868E-02 2797.20         test_N_all
.3100E+00     5.000  0.120E+02   0.19338E+00   0.00000E+00   0.10000E+00    0.50249E-02  345.32         test_N_all
.3200E+00     5.000  0.115E+02   0.18701E+00   0.00000E+00   0.10000E+00    0.50249E-02  299.83         test_N_all
.3300E+00     5.000  0.110E+02   0.18069E+00   0.00000E+00   0.10000E+00    0.50249E-02  257.86         test_N_all
.3400E+00     5.000  0.106E+02   0.17442E+00   0.00000E+00   0.10000E+00    0.50249E-02  219.31         test_N_all
.3500E+00     5.000  0.102E+02   0.16819E+00   0.00000E+00   0.10000E+00    0.50249E-02  184.14         test_N_all
.3600E+00     5.000  0.977E+01   0.16201E+00   0.00000E+00   0.10000E+00    0.50249E-02  152.29         test_N_all
.3700E+00     5.000  0.940E+01   0.15588E+00   0.00000E+00   0.10000E+00    0.50249E-02  123.67         test_N_all
.3800E+00     5.000  0.904E+01   0.14981E+00   0.00000E+00   0.10000E+00    0.50249E-02   98.27         test_N_all
.3900E+00     5.000  0.870E+01   0.14380E+00   0.00000E+00   0.10000E+00    0.50249E-02   75.99         test_N_all
.4000E+00     5.000  0.838E+01   0.13786E+00   0.00000E+00   0.10000E+00    0.17692E-02  458.03         test_N_all
.4100E+00     5.000  0.808E+01   0.13200E+00   0.00000E+00   0.10000E+00    0.50249E-02   40.55         test_N_all
.4200E+00     5.000  0.779E+01   0.12622E+00   0.00000E+00   0.10000E+00    0.50249E-02   27.22         test_N_all
.4300E+00     5.000  0.751E+01   0.12053E+00   0.00000E+00   0.10000E+00    0.50249E-02   16.69         test_N_all
.4400E+00     5.000  0.725E+01   0.11493E+00   0.00000E+00   0.10000E+00    0.50249E-02    8.83         test_N_all
.4500E+00     5.000  0.699E+01   0.10945E+00   0.00000E+00   0.10000E+00    0.50249E-02    3.54         test_N_all
.4600E+00     5.000  0.675E+01   0.10408E+00   0.00000E+00   0.10000E+00    0.50249E-02    0.66         test_N_all
.4700E+00     5.000  0.652E+01   0.98831E-01   0.00000E+00   0.10000E+00    0.50249E-02   -0.05         test_N_all
.4800E+00     5.000  0.630E+01   0.93715E-01   0.00000E+00   0.10000E+00    0.50249E-02   -1.56         test_N_all
.4900E+00     5.000  0.609E+01   0.88733E-01   0.00000E+00   0.10000E+00    0.50249E-02   -5.03         test_N_all
.5000E+00     5.000  0.588E+01   0.83894E-01   0.00000E+00   0.10000E+00    0.17692E-02  -82.88         test_N_all
.5100E+00     5.000  0.569E+01   0.79204E-01   0.00000E+00   0.10000E+00    0.50249E-02  -17.13         test_N_all
.5200E+00     5.000  0.550E+01   0.74664E-01   0.00000E+00   0.10000E+00    0.50249E-02  -25.42         test_N_all
.5300E+00     5.000  0.532E+01   0.70281E-01   0.00000E+00   0.10000E+00    0.50249E-02  -34.98         test_N_all
.5400E+00     5.000  0.514E+01   0.66058E-01   0.00000E+00   0.10000E+00    0.50249E-02  -45.63         test_N_all
.5500E+00     5.000  0.497E+01   0.61995E-01   0.00000E+00   0.10000E+00    0.50249E-02  -57.20         test_N_all
.5600E+00     5.000  0.481E+01   0.58097E-01   0.00000E+00   0.10000E+00    0.50249E-02  -69.54         test_N_all
.5700E+00     5.000  0.465E+01   0.54362E-01   0.00000E+00   0.10000E+00    0.50249E-02  -82.49         test_N_all
.5800E+00     5.000  0.450E+01   0.50790E-01   0.00000E+00   0.10000E+00    0.50249E-02  -95.91         test_N_all
.5900E+00     5.000  0.436E+01   0.47383E-01   0.00000E+00   0.10000E+00    0.50249E-02 -109.65         test_N_all
.6000E+00     5.000  0.422E+01   0.44138E-01   0.00000E+00   0.10000E+00    0.17692E-02 -996.99         test_N_all
.6100E+00     5.000  0.408E+01   0.41051E-01   0.00000E+00   0.10000E+00    0.50249E-02 -137.62         test_N_all
.6200E+00     5.000  0.395E+01   0.38124E-01   0.00000E+00   0.10000E+00    0.50249E-02 -151.63         test_N_all
.6300E+00     5.000  0.382E+01   0.35352E-01   0.00000E+00   0.10000E+00    0.50249E-02 -165.52         test_N_all
.6400E+00     5.000  0.369E+01   0.32730E-01   0.00000E+00   0.10000E+00    0.50249E-02 -179.22         test_N_all
.6500E+00     5.000  0.357E+01   0.30257E-01   0.00000E+00   0.10000E+00    0.50249E-02 -192.64         test_N_all
.6600E+00     5.000  0.346E+01   0.27928E-01   0.00000E+00   0.10000E+00    0.50249E-02 -205.72         test_N_all
.6700E+00     5.000  0.334E+01   0.25737E-01   0.00000E+00   0.10000E+00    0.50249E-02 -218.41         test_N_all
.6800E+00     5.000  0.323E+01   0.23682E-01   0.00000E+00   0.10000E+00    0.50249E-02 -230.67         test_N_all
.6900E+00     5.000  0.313E+01   0.21757E-01   0.00000E+00   0.10000E+00    0.50249E-02 -242.46         test_N_all
.7000E+00     5.000  0.302E+01   0.19955E-01   0.00000E+00   0.10000E+00    0.17692E-02 *******         test_N_all
.7100E+00     5.000  0.292E+01   0.18274E-01   0.00000E+00   0.10000E+00    0.50249E-02 -264.52         test_N_all
.7200E+00     5.000  0.283E+01   0.16707E-01   0.00000E+00   0.10000E+00    0.50249E-02 -274.76         test_N_all
.7300E+00     5.000  0.273E+01   0.15249E-01   0.00000E+00   0.10000E+00    0.50249E-02 -284.47         test_N_all
.7400E+00     5.000  0.264E+01   0.13894E-01   0.00000E+00   0.10000E+00    0.50249E-02 -293.63         test_N_all
.7500E+00     5.000  0.255E+01   0.12639E-01   0.00000E+00   0.10000E+00    0.50249E-02 -302.26         test_N_all
.7600E+00     5.000  0.246E+01   0.11476E-01   0.00000E+00   0.10000E+00    0.50249E-02 -310.35         test_N_all
.7700E+00     5.000  0.238E+01   0.10402E-01   0.00000E+00   0.10000E+00    0.50249E-02 -317.93         test_N_all
.7800E+00     5.000  0.229E+01   0.94113E-02   0.00000E+00   0.10000E+00    0.50249E-02 -325.00         test_N_all
.7900E+00     5.000  0.221E+01   0.84989E-02   0.00000E+00   0.10000E+00    0.50249E-02 -331.58         test_N_all
.8000E+00     5.000  0.213E+01   0.76603E-02   0.00000E+00   0.10000E+00    0.17692E-02 *******         test_N_all
.8100E+00     5.000  0.205E+01   0.68902E-02   0.00000E+00   0.10000E+00    0.50249E-02 -343.34         test_N_all
.8200E+00     5.000  0.198E+01   0.61847E-02   0.00000E+00   0.10000E+00    0.50249E-02 -348.57         test_N_all
.8300E+00     5.000  0.191E+01   0.55399E-02   0.00000E+00   0.10000E+00    0.50249E-02 -353.37         test_N_all
.8400E+00     5.000  0.183E+01   0.49509E-02   0.00000E+00   0.10000E+00    0.50249E-02 -357.80         test_N_all
.8500E+00     5.000  0.176E+01   0.44142E-02   0.00000E+00   0.10000E+00    0.50249E-02 -361.85         test_N_all
.8600E+00     5.000  0.170E+01   0.39263E-02   0.00000E+00   0.10000E+00    0.50249E-02 -365.55         test_N_all
.8700E+00     5.000  0.163E+01   0.34836E-02   0.00000E+00   0.10000E+00    0.50249E-02 -368.93         test_N_all
.8800E+00     5.000  0.156E+01   0.30818E-02   0.00000E+00   0.10000E+00    0.50249E-02 -372.01         test_N_all
.8900E+00     5.000  0.150E+01   0.27188E-02   0.00000E+00   0.10000E+00    0.50249E-02 -374.80         test_N_all
.9000E+00     5.000  0.144E+01   0.23917E-02   0.00000E+00   0.10000E+00    0.17692E-02 *******         test_N_all
.9100E+00     5.000  0.138E+01   0.20965E-02   0.00000E+00   0.10000E+00    0.50249E-02 -379.61         test_N_all
.9200E+00     5.000  0.132E+01   0.18315E-02   0.00000E+00   0.10000E+00    0.50249E-02 -381.67         test_N_all
.9300E+00     5.000  0.126E+01   0.15944E-02   0.00000E+00   0.10000E+00    0.50249E-02 -383.51         test_N_all
.9400E+00     5.000  0.120E+01   0.13828E-02   0.00000E+00   0.10000E+00    0.50249E-02 -385.16         test_N_all
.9500E+00     5.000  0.114E+01   0.11935E-02   0.00000E+00   0.10000E+00    0.50249E-02 -386.64         test_N_all
.9600E+00     5.000  0.109E+01   0.10255E-02   0.00000E+00   0.10000E+00    0.50249E-02 -387.96         test_N_all
.9700E+00     5.000  0.104E+01   0.87711E-03   0.00000E+00   0.10000E+00    0.50249E-02 -389.12         test_N_all
.9800E+00     5.000  0.984E+00   0.74605E-03   0.00000E+00   0.10000E+00    0.50249E-02 -390.15         test_N_all
.9900E+00     5.000  0.932E+00   0.63044E-03   0.00000E+00   0.10000E+00    0.50249E-02 -391.06         test_N_all
.1000E+01     5.000  0.882E+00   0.52941E-03   0.00000E+00   0.10000E+00    0.50249E-02 -391.86         test_N_all
.1000E-01    10.000  0.991E+03   0.53201E+00   0.00000E+00   0.10000E+00    0.50249E-02 7391.48         test_N_all
.2000E-01    10.000  0.491E+03   0.45681E+00   0.00000E+00   0.10000E+00    0.50249E-02 5042.02         test_N_all
.3000E-01    10.000  0.324E+03   0.41804E+00   0.00000E+00   0.10000E+00    0.50249E-02 4006.00         test_N_all
.4000E-01    10.000  0.241E+03   0.39714E+00   0.00000E+00   0.10000E+00    0.50249E-02 3496.79         test_N_all
.5000E-01    10.000  0.191E+03   0.38019E+00   0.00000E+00   0.10000E+00    0.50249E-02 3109.16         test_N_all
.6000E-01    10.000  0.158E+03   0.36833E+00   0.00000E+00   0.10000E+00    0.50249E-02 2851.61         test_N_all
.7000E-01    10.000  0.134E+03   0.35792E+00   0.00000E+00   0.10000E+00    0.50249E-02 2634.61         test_N_all
.8000E-01    10.000  0.116E+03   0.34913E+00   0.00000E+00   0.10000E+00    0.50249E-02 2458.09         test_N_all
.9000E-01    10.000  0.102E+03   0.34082E+00   0.00000E+00   0.10000E+00    0.50249E-02 2296.83         test_N_all
.1000E+00    10.000  0.909E+02   0.33304E+00   0.00000E+00   0.10000E+00    0.50249E-02 2150.71         test_N_all
.1100E+00    10.000  0.818E+02   0.32521E+00   0.00000E+00   0.10000E+00    0.50249E-02 2008.75         test_N_all
.1200E+00    10.000  0.742E+02   0.31758E+00   0.00000E+00   0.10000E+00    0.50249E-02 1874.81         test_N_all
.1300E+00    10.000  0.678E+02   0.30994E+00   0.00000E+00   0.10000E+00    0.50249E-02 1745.46         test_N_all
.1400E+00    10.000  0.623E+02   0.30221E+00   0.00000E+00   0.10000E+00    0.50249E-02 1619.32         test_N_all
.1500E+00    10.000  0.575E+02   0.29447E+00   0.00000E+00   0.10000E+00    0.50249E-02 1497.73         test_N_all
.1600E+00    10.000  0.534E+02   0.28671E+00   0.00000E+00   0.10000E+00    0.50249E-02 1380.61         test_N_all
.1700E+00    10.000  0.497E+02   0.27896E+00   0.00000E+00   0.10000E+00    0.50249E-02 1268.43         test_N_all
.1800E+00    10.000  0.464E+02   0.27126E+00   0.00000E+00   0.10000E+00    0.50249E-02 1161.53         test_N_all
.1900E+00    10.000  0.435E+02   0.26361E+00   0.00000E+00   0.10000E+00    0.50249E-02 1060.13         test_N_all
.2000E+00    10.000  0.409E+02   0.25603E+00   0.00000E+00   0.10000E+00    0.50249E-02  964.22         test_N_all
.2100E+00    10.000  0.385E+02   0.24855E+00   0.00000E+00   0.10000E+00    0.50249E-02  873.92         test_N_all
.2200E+00    10.000  0.363E+02   0.24116E+00   0.00000E+00   0.10000E+00    0.50249E-02  789.10         test_N_all
.2300E+00    10.000  0.344E+02   0.23386E+00   0.00000E+00   0.10000E+00    0.50249E-02  709.65         test_N_all
.2400E+00    10.000  0.325E+02   0.22667E+00   0.00000E+00   0.10000E+00    0.50249E-02  635.43         test_N_all
.2500E+00    10.000  0.309E+02   0.21957E+00   0.00000E+00   0.10000E+00    0.50249E-02  566.25         test_N_all
.2600E+00    10.000  0.293E+02   0.21257E+00   0.00000E+00   0.10000E+00    0.50249E-02  501.90         test_N_all
.2700E+00    10.000  0.279E+02   0.20567E+00   0.00000E+00   0.10000E+00    0.50249E-02  442.21         test_N_all
.2800E+00    10.000  0.266E+02   0.19887E+00   0.00000E+00   0.10000E+00    0.50249E-02  387.10         test_N_all
.2900E+00    10.000  0.254E+02   0.19214E+00   0.00000E+00   0.10000E+00    0.50249E-02  336.26         test_N_all
.3000E+00    10.000  0.242E+02   0.18551E+00   0.00000E+00   0.10000E+00    0.18868E-02 2053.74         test_N_all
.3100E+00    10.000  0.231E+02   0.17894E+00   0.00000E+00   0.10000E+00    0.50249E-02  246.81         test_N_all
.3200E+00    10.000  0.221E+02   0.17245E+00   0.00000E+00   0.10000E+00    0.50249E-02  207.90         test_N_all
.3300E+00    10.000  0.212E+02   0.16604E+00   0.00000E+00   0.10000E+00    0.50249E-02  172.72         test_N_all
.3400E+00    10.000  0.203E+02   0.15969E+00   0.00000E+00   0.10000E+00    0.50249E-02  141.11         test_N_all
.3500E+00    10.000  0.195E+02   0.15342E+00   0.00000E+00   0.10000E+00    0.50249E-02  113.01         test_N_all
.3600E+00    10.000  0.187E+02   0.14722E+00   0.00000E+00   0.10000E+00    0.50249E-02   88.29         test_N_all
.3700E+00    10.000  0.179E+02   0.14109E+00   0.00000E+00   0.10000E+00    0.50249E-02   66.87         test_N_all
.3800E+00    10.000  0.172E+02   0.13505E+00   0.00000E+00   0.10000E+00    0.50249E-02   48.65         test_N_all
.3900E+00    10.000  0.165E+02   0.12909E+00   0.00000E+00   0.10000E+00    0.50249E-02   33.51         test_N_all
.4000E+00    10.000  0.159E+02   0.12322E+00   0.00000E+00   0.10000E+00    0.17692E-02  172.33         test_N_all
.4100E+00    10.000  0.153E+02   0.11746E+00   0.00000E+00   0.10000E+00    0.50249E-02   12.07         test_N_all
.4200E+00    10.000  0.147E+02   0.11180E+00   0.00000E+00   0.10000E+00    0.50249E-02    5.51         test_N_all
.4300E+00    10.000  0.141E+02   0.10624E+00   0.00000E+00   0.10000E+00    0.50249E-02    1.54         test_N_all
.4400E+00    10.000  0.136E+02   0.10081E+00   0.00000E+00   0.10000E+00    0.50249E-02    0.03         test_N_all
.4500E+00    10.000  0.131E+02   0.95511E-01   0.00000E+00   0.10000E+00    0.50249E-02   -0.80         test_N_all
.4600E+00    10.000  0.126E+02   0.90339E-01   0.00000E+00   0.10000E+00    0.50249E-02   -3.70         test_N_all
.4700E+00    10.000  0.122E+02   0.85311E-01   0.00000E+00   0.10000E+00    0.50249E-02   -8.55         test_N_all
.4800E+00    10.000  0.117E+02   0.80427E-01   0.00000E+00   0.10000E+00    0.50249E-02  -15.17         test_N_all
.4900E+00    10.000  0.113E+02   0.75695E-01   0.00000E+00   0.10000E+00    0.50249E-02  -23.39         test_N_all
.5000E+00    10.000  0.109E+02   0.71121E-01   0.00000E+00   0.10000E+00    0.17692E-02 -266.44         test_N_all
.5100E+00    10.000  0.105E+02   0.66706E-01   0.00000E+00   0.10000E+00    0.50249E-02  -43.90         test_N_all
.5200E+00    10.000  0.101E+02   0.62457E-01   0.00000E+00   0.10000E+00    0.50249E-02  -55.82         test_N_all
.5300E+00    10.000  0.975E+01   0.58374E-01   0.00000E+00   0.10000E+00    0.50249E-02  -68.62         test_N_all
.5400E+00    10.000  0.940E+01   0.54458E-01   0.00000E+00   0.10000E+00    0.50249E-02  -82.14         test_N_all
.5500E+00    10.000  0.906E+01   0.50714E-01   0.00000E+00   0.10000E+00    0.50249E-02  -96.20         test_N_all
.5600E+00    10.000  0.874E+01   0.47139E-01   0.00000E+00   0.10000E+00    0.50249E-02 -110.66         test_N_all
.5700E+00    10.000  0.843E+01   0.43734E-01   0.00000E+00   0.10000E+00    0.50249E-02 -125.38         test_N_all
.5800E+00    10.000  0.812E+01   0.40499E-01   0.00000E+00   0.10000E+00    0.50249E-02 -140.21         test_N_all
.5900E+00    10.000  0.783E+01   0.37430E-01   0.00000E+00   0.10000E+00    0.50249E-02 -155.05         test_N_all
.6000E+00    10.000  0.755E+01   0.34526E-01   0.00000E+00   0.10000E+00    0.17692E-02 *******         test_N_all
.6100E+00    10.000  0.728E+01   0.31785E-01   0.00000E+00   0.10000E+00    0.50249E-02 -184.29         test_N_all
.6200E+00    10.000  0.701E+01   0.29200E-01   0.00000E+00   0.10000E+00    0.50249E-02 -198.52         test_N_all
.6300E+00    10.000  0.675E+01   0.26773E-01   0.00000E+00   0.10000E+00    0.50249E-02 -212.36         test_N_all
.6400E+00    10.000  0.651E+01   0.24496E-01   0.00000E+00   0.10000E+00    0.50249E-02 -225.78         test_N_all
.6500E+00    10.000  0.627E+01   0.22363E-01   0.00000E+00   0.10000E+00    0.50249E-02 -238.71         test_N_all
.6600E+00    10.000  0.603E+01   0.20373E-01   0.00000E+00   0.10000E+00    0.50249E-02 -251.11         test_N_all
.6700E+00    10.000  0.581E+01   0.18519E-01   0.00000E+00   0.10000E+00    0.50249E-02 -262.94         test_N_all
.6800E+00    10.000  0.559E+01   0.16794E-01   0.00000E+00   0.10000E+00    0.50249E-02 -274.19         test_N_all
.6900E+00    10.000  0.537E+01   0.15195E-01   0.00000E+00   0.10000E+00    0.50249E-02 -284.83         test_N_all
.7000E+00    10.000  0.517E+01   0.13715E-01   0.00000E+00   0.10000E+00    0.17692E-02 *******         test_N_all
.7100E+00    10.000  0.497E+01   0.12349E-01   0.00000E+00   0.10000E+00    0.50249E-02 -304.27         test_N_all
.7200E+00    10.000  0.477E+01   0.11090E-01   0.00000E+00   0.10000E+00    0.50249E-02 -313.07         test_N_all
.7300E+00    10.000  0.458E+01   0.99339E-02   0.00000E+00   0.10000E+00    0.50249E-02 -321.26         test_N_all
.7400E+00    10.000  0.440E+01   0.88734E-02   0.00000E+00   0.10000E+00    0.50249E-02 -328.87         test_N_all
.7500E+00    10.000  0.422E+01   0.79036E-02   0.00000E+00   0.10000E+00    0.50249E-02 -335.91         test_N_all
.7600E+00    10.000  0.404E+01   0.70194E-02   0.00000E+00   0.10000E+00    0.50249E-02 -342.39         test_N_all
.7700E+00    10.000  0.387E+01   0.62141E-02   0.00000E+00   0.10000E+00    0.50249E-02 -348.35         test_N_all
.7800E+00    10.000  0.370E+01   0.54834E-02   0.00000E+00   0.10000E+00    0.50249E-02 -353.80         test_N_all
.7900E+00    10.000  0.354E+01   0.48226E-02   0.00000E+00   0.10000E+00    0.50249E-02 -358.76         test_N_all
.8000E+00    10.000  0.338E+01   0.42252E-02   0.00000E+00   0.10000E+00    0.17692E-02 *******         test_N_all
.8100E+00    10.000  0.323E+01   0.36879E-02   0.00000E+00   0.10000E+00    0.50249E-02 -367.37         test_N_all
.8200E+00    10.000  0.308E+01   0.32063E-02   0.00000E+00   0.10000E+00    0.50249E-02 -371.05         test_N_all
.8300E+00    10.000  0.293E+01   0.27746E-02   0.00000E+00   0.10000E+00    0.50249E-02 -374.37         test_N_all
.8400E+00    10.000  0.279E+01   0.23901E-02   0.00000E+00   0.10000E+00    0.50249E-02 -377.33         test_N_all
.8500E+00    10.000  0.265E+01   0.20487E-02   0.00000E+00   0.10000E+00    0.50249E-02 -379.98         test_N_all
.8600E+00    10.000  0.251E+01   0.17459E-02   0.00000E+00   0.10000E+00    0.50249E-02 -382.33         test_N_all
.8700E+00    10.000  0.238E+01   0.14792E-02   0.00000E+00   0.10000E+00    0.50249E-02 -384.41         test_N_all
.8800E+00    10.000  0.225E+01   0.12457E-02   0.00000E+00   0.10000E+00    0.50249E-02 -386.23         test_N_all
.8900E+00    10.000  0.212E+01   0.10407E-02   0.00000E+00   0.10000E+00    0.50249E-02 -387.84         test_N_all
.9000E+00    10.000  0.199E+01   0.86292E-03   0.00000E+00   0.10000E+00    0.17692E-02 *******         test_N_all
.9100E+00    10.000  0.187E+01   0.70967E-03   0.00000E+00   0.10000E+00    0.50249E-02 -390.44         test_N_all
.9200E+00    10.000  0.175E+01   0.57729E-03   0.00000E+00   0.10000E+00    0.50249E-02 -391.48         test_N_all
.9300E+00    10.000  0.163E+01   0.46469E-03   0.00000E+00   0.10000E+00    0.50249E-02 -392.37         test_N_all
.9400E+00    10.000  0.152E+01   0.36987E-03   0.00000E+00   0.10000E+00    0.50249E-02 -393.12         test_N_all
.9500E+00    10.000  0.141E+01   0.28967E-03   0.00000E+00   0.10000E+00    0.50249E-02 -393.75         test_N_all
.9600E+00    10.000  0.130E+01   0.22336E-03   0.00000E+00   0.10000E+00    0.50249E-02 -394.27         test_N_all
.9700E+00    10.000  0.119E+01   0.16945E-03   0.00000E+00   0.10000E+00    0.50249E-02 -394.70         test_N_all
.9800E+00    10.000  0.109E+01   0.12521E-03   0.00000E+00   0.10000E+00    0.50249E-02 -395.05         test_N_all
.9900E+00    10.000  0.983E+00   0.90215E-04   0.00000E+00   0.10000E+00    0.50249E-02 -395.33         test_N_all
.1000E+01    10.000  0.882E+00   0.63340E-04   0.00000E+00   0.10000E+00    0.50249E-02 -395.54         test_N_all
.1000E-01    20.000  0.198E+04   0.61112E+00   0.00000E+00   0.10000E+00    0.50249E-02 *******         test_N_all
.2000E-01    20.000  0.981E+03   0.50953E+00   0.00000E+00   0.10000E+00    0.50249E-02 6642.09         test_N_all
.3000E-01    20.000  0.648E+03   0.45606E+00   0.00000E+00   0.10000E+00    0.50249E-02 5020.97         test_N_all
.4000E-01    20.000  0.481E+03   0.42666E+00   0.00000E+00   0.10000E+00    0.50249E-02 4226.04         test_N_all
.5000E-01    20.000  0.381E+03   0.40241E+00   0.00000E+00   0.10000E+00    0.50249E-02 3621.95         test_N_all
.6000E-01    20.000  0.314E+03   0.38536E+00   0.00000E+00   0.10000E+00    0.50249E-02 3224.85         test_N_all
.7000E-01    20.000  0.267E+03   0.37032E+00   0.00000E+00   0.10000E+00    0.50249E-02 2893.89         test_N_all
.8000E-01    20.000  0.231E+03   0.35798E+00   0.00000E+00   0.10000E+00    0.50249E-02 2635.73         test_N_all
.9000E-01    20.000  0.203E+03   0.34657E+00   0.00000E+00   0.10000E+00    0.50249E-02 2407.88         test_N_all
.1000E+00    20.000  0.181E+03   0.33621E+00   0.00000E+00   0.10000E+00    0.50249E-02 2209.79         test_N_all
.1100E+00    20.000  0.163E+03   0.32619E+00   0.00000E+00   0.10000E+00    0.50249E-02 2026.19         test_N_all
.1200E+00    20.000  0.148E+03   0.31659E+00   0.00000E+00   0.10000E+00    0.50249E-02 1857.79         test_N_all
.1300E+00    20.000  0.135E+03   0.30727E+00   0.00000E+00   0.10000E+00    0.50249E-02 1701.41         test_N_all
.1400E+00    20.000  0.124E+03   0.29809E+00   0.00000E+00   0.10000E+00    0.50249E-02 1554.09         test_N_all
.1500E+00    20.000  0.114E+03   0.28913E+00   0.00000E+00   0.10000E+00    0.50249E-02 1416.64         test_N_all
.1600E+00    20.000  0.106E+03   0.28031E+00   0.00000E+00   0.10000E+00    0.50249E-02 1287.53         test_N_all
.1700E+00    20.000  0.985E+02   0.27165E+00   0.00000E+00   0.10000E+00    0.50249E-02 1166.88         test_N_all
.1800E+00    20.000  0.920E+02   0.26316E+00   0.00000E+00   0.10000E+00    0.50249E-02 1054.36         test_N_all
.1900E+00    20.000  0.861E+02   0.25484E+00   0.00000E+00   0.10000E+00    0.50249E-02  949.52         test_N_all
.2000E+00    20.000  0.809E+02   0.24669E+00   0.00000E+00   0.10000E+00    0.50249E-02  852.15         test_N_all
.2100E+00    20.000  0.761E+02   0.23869E+00   0.00000E+00   0.10000E+00    0.50249E-02  761.81         test_N_all
.2200E+00    20.000  0.718E+02   0.23086E+00   0.00000E+00   0.10000E+00    0.50249E-02  678.22         test_N_all
.2300E+00    20.000  0.678E+02   0.22319E+00   0.00000E+00   0.10000E+00    0.50249E-02  601.01         test_N_all
.2400E+00    20.000  0.642E+02   0.21566E+00   0.00000E+00   0.10000E+00    0.50249E-02  529.83         test_N_all
.2500E+00    20.000  0.609E+02   0.20829E+00   0.00000E+00   0.10000E+00    0.50249E-02  464.39         test_N_all
.2600E+00    20.000  0.578E+02   0.20104E+00   0.00000E+00   0.10000E+00    0.50249E-02  404.32         test_N_all
.2700E+00    20.000  0.550E+02   0.19393E+00   0.00000E+00   0.10000E+00    0.50249E-02  349.39         test_N_all
.2800E+00    20.000  0.523E+02   0.18693E+00   0.00000E+00   0.10000E+00    0.50249E-02  299.31         test_N_all
.2900E+00    20.000  0.498E+02   0.18005E+00   0.00000E+00   0.10000E+00    0.50249E-02  253.80         test_N_all
.3000E+00    20.000  0.475E+02   0.17328E+00   0.00000E+00   0.10000E+00    0.18868E-02 1508.45         test_N_all
.3100E+00    20.000  0.454E+02   0.16662E+00   0.00000E+00   0.10000E+00    0.50249E-02  175.79         test_N_all
.3200E+00    20.000  0.434E+02   0.16007E+00   0.00000E+00   0.10000E+00    0.50249E-02  142.90         test_N_all
.3300E+00    20.000  0.415E+02   0.15361E+00   0.00000E+00   0.10000E+00    0.50249E-02  113.84         test_N_all
.3400E+00    20.000  0.397E+02   0.14725E+00   0.00000E+00   0.10000E+00    0.50249E-02   88.43         test_N_all
.3500E+00    20.000  0.380E+02   0.14099E+00   0.00000E+00   0.10000E+00    0.50249E-02   66.54         test_N_all
.3600E+00    20.000  0.364E+02   0.13483E+00   0.00000E+00   0.10000E+00    0.50249E-02   48.04         test_N_all
.3700E+00    20.000  0.349E+02   0.12877E+00   0.00000E+00   0.10000E+00    0.50249E-02   32.77         test_N_all
.3800E+00    20.000  0.335E+02   0.12281E+00   0.00000E+00   0.10000E+00    0.50249E-02   20.61         test_N_all
.3900E+00    20.000  0.322E+02   0.11696E+00   0.00000E+00   0.10000E+00    0.50249E-02   11.40         test_N_all
.4000E+00    20.000  0.309E+02   0.11123E+00   0.00000E+00   0.10000E+00    0.17692E-02   40.32         test_N_all
.4100E+00    20.000  0.297E+02   0.10562E+00   0.00000E+00   0.10000E+00    0.50249E-02    1.25         test_N_all
.4200E+00    20.000  0.285E+02   0.10014E+00   0.00000E+00   0.10000E+00    0.50249E-02    0.00         test_N_all
.4300E+00    20.000  0.274E+02   0.94788E-01   0.00000E+00   0.10000E+00    0.50249E-02   -1.08         test_N_all
.4400E+00    20.000  0.263E+02   0.89576E-01   0.00000E+00   0.10000E+00    0.50249E-02   -4.30         test_N_all
.4500E+00    20.000  0.253E+02   0.84507E-01   0.00000E+00   0.10000E+00    0.50249E-02   -9.51         test_N_all
.4600E+00    20.000  0.244E+02   0.79590E-01   0.00000E+00   0.10000E+00    0.50249E-02  -16.50         test_N_all
.4700E+00    20.000  0.234E+02   0.74827E-01   0.00000E+00   0.10000E+00    0.50249E-02  -25.10         test_N_all
.4800E+00    20.000  0.225E+02   0.70222E-01   0.00000E+00   0.10000E+00    0.50249E-02  -35.12         test_N_all
.4900E+00    20.000  0.217E+02   0.65782E-01   0.00000E+00   0.10000E+00    0.50249E-02  -46.37         test_N_all
.5000E+00    20.000  0.209E+02   0.61508E-01   0.00000E+00   0.10000E+00    0.17692E-02 -473.36         test_N_all
.5100E+00    20.000  0.201E+02   0.57402E-01   0.00000E+00   0.10000E+00    0.50249E-02  -71.87         test_N_all
.5200E+00    20.000  0.193E+02   0.53468E-01   0.00000E+00   0.10000E+00    0.50249E-02  -85.75         test_N_all
.5300E+00    20.000  0.186E+02   0.49704E-01   0.00000E+00   0.10000E+00    0.50249E-02 -100.19         test_N_all
.5400E+00    20.000  0.179E+02   0.46114E-01   0.00000E+00   0.10000E+00    0.50249E-02 -115.00         test_N_all
.5500E+00    20.000  0.172E+02   0.42696E-01   0.00000E+00   0.10000E+00    0.50249E-02 -130.05         test_N_all
.5600E+00    20.000  0.166E+02   0.39449E-01   0.00000E+00   0.10000E+00    0.50249E-02 -145.21         test_N_all
.5700E+00    20.000  0.160E+02   0.36372E-01   0.00000E+00   0.10000E+00    0.50249E-02 -160.34         test_N_all
.5800E+00    20.000  0.154E+02   0.33463E-01   0.00000E+00   0.10000E+00    0.50249E-02 -175.34         test_N_all
.5900E+00    20.000  0.148E+02   0.30718E-01   0.00000E+00   0.10000E+00    0.50249E-02 -190.10         test_N_all
.6000E+00    20.000  0.142E+02   0.28135E-01   0.00000E+00   0.10000E+00    0.17692E-02 *******         test_N_all
.6100E+00    20.000  0.137E+02   0.25709E-01   0.00000E+00   0.10000E+00    0.50249E-02 -218.58         test_N_all
.6200E+00    20.000  0.131E+02   0.23438E-01   0.00000E+00   0.10000E+00    0.50249E-02 -232.15         test_N_all
.6300E+00    20.000  0.126E+02   0.21315E-01   0.00000E+00   0.10000E+00    0.50249E-02 -245.20         test_N_all
.6400E+00    20.000  0.121E+02   0.19336E-01   0.00000E+00   0.10000E+00    0.50249E-02 -257.69         test_N_all
.6500E+00    20.000  0.117E+02   0.17496E-01   0.00000E+00   0.10000E+00    0.50249E-02 -269.58         test_N_all
.6600E+00    20.000  0.112E+02   0.15790E-01   0.00000E+00   0.10000E+00    0.50249E-02 -280.85         test_N_all
.6700E+00    20.000  0.107E+02   0.14211E-01   0.00000E+00   0.10000E+00    0.50249E-02 -291.48         test_N_all
.6800E+00    20.000  0.103E+02   0.12754E-01   0.00000E+00   0.10000E+00    0.50249E-02 -301.46         test_N_all
.6900E+00    20.000  0.987E+01   0.11413E-01   0.00000E+00   0.10000E+00    0.50249E-02 -310.80         test_N_all
.7000E+00    20.000  0.945E+01   0.10182E-01   0.00000E+00   0.10000E+00    0.17692E-02 *******         test_N_all
.7100E+00    20.000  0.905E+01   0.90558E-02   0.00000E+00   0.10000E+00    0.50249E-02 -327.56         test_N_all
.7200E+00    20.000  0.866E+01   0.80273E-02   0.00000E+00   0.10000E+00    0.50249E-02 -335.01         test_N_all
.7300E+00    20.000  0.828E+01   0.70908E-02   0.00000E+00   0.10000E+00    0.50249E-02 -341.87         test_N_all
.7400E+00    20.000  0.791E+01   0.62414E-02   0.00000E+00   0.10000E+00    0.50249E-02 -348.15         test_N_all
.7500E+00    20.000  0.755E+01   0.54724E-02   0.00000E+00   0.10000E+00    0.50249E-02 -353.88         test_N_all
.7600E+00    20.000  0.720E+01   0.47788E-02   0.00000E+00   0.10000E+00    0.50249E-02 -359.09         test_N_all
.7700E+00    20.000  0.686E+01   0.41558E-02   0.00000E+00   0.10000E+00    0.50249E-02 -363.81         test_N_all
.7800E+00    20.000  0.652E+01   0.35966E-02   0.00000E+00   0.10000E+00    0.50249E-02 -368.06         test_N_all
.7900E+00    20.000  0.620E+01   0.30979E-02   0.00000E+00   0.10000E+00    0.50249E-02 -371.88         test_N_all
.8000E+00    20.000  0.588E+01   0.26546E-02   0.00000E+00   0.10000E+00    0.17692E-02 *******         test_N_all
.8100E+00    20.000  0.557E+01   0.22613E-02   0.00000E+00   0.10000E+00    0.50249E-02 -378.33         test_N_all
.8200E+00    20.000  0.527E+01   0.19150E-02   0.00000E+00   0.10000E+00    0.50249E-02 -381.02         test_N_all
.8300E+00    20.000  0.498E+01   0.16104E-02   0.00000E+00   0.10000E+00    0.50249E-02 -383.39         test_N_all
.8400E+00    20.000  0.469E+01   0.13443E-02   0.00000E+00   0.10000E+00    0.50249E-02 -385.46         test_N_all
.8500E+00    20.000  0.441E+01   0.11137E-02   0.00000E+00   0.10000E+00    0.50249E-02 -387.27         test_N_all
.8600E+00    20.000  0.414E+01   0.91368E-03   0.00000E+00   0.10000E+00    0.50249E-02 -388.84         test_N_all
.8700E+00    20.000  0.387E+01   0.74227E-03   0.00000E+00   0.10000E+00    0.50249E-02 -390.18         test_N_all
.8800E+00    20.000  0.361E+01   0.59670E-03   0.00000E+00   0.10000E+00    0.50249E-02 -391.33         test_N_all
.8900E+00    20.000  0.335E+01   0.47296E-03   0.00000E+00   0.10000E+00    0.50249E-02 -392.30         test_N_all
.9000E+00    20.000  0.310E+01   0.36978E-03   0.00000E+00   0.10000E+00    0.17692E-02 *******         test_N_all
.9100E+00    20.000  0.286E+01   0.28447E-03   0.00000E+00   0.10000E+00    0.50249E-02 -393.79         test_N_all
.9200E+00    20.000  0.262E+01   0.21428E-03   0.00000E+00   0.10000E+00    0.50249E-02 -394.34         test_N_all
.9300E+00    20.000  0.239E+01   0.15809E-03   0.00000E+00   0.10000E+00    0.50249E-02 -394.79         test_N_all
.9400E+00    20.000  0.216E+01   0.11346E-03   0.00000E+00   0.10000E+00    0.50249E-02 -395.14         test_N_all
.9500E+00    20.000  0.193E+01   0.78631E-04   0.00000E+00   0.10000E+00    0.50249E-02 -395.42         test_N_all
.9600E+00    20.000  0.172E+01   0.52694E-04   0.00000E+00   0.10000E+00    0.50249E-02 -395.62         test_N_all
.9700E+00    20.000  0.150E+01   0.33290E-04   0.00000E+00   0.10000E+00    0.50249E-02 -395.78         test_N_all
.9800E+00    20.000  0.129E+01   0.19650E-04   0.00000E+00   0.10000E+00    0.50249E-02 -395.88         test_N_all
.9900E+00    20.000  0.108E+01   0.10950E-04   0.00000E+00   0.10000E+00    0.50249E-02 -395.95         test_N_all
.1000E+01    20.000  0.882E+00   0.50501E-05   0.00000E+00   0.10000E+00    0.50249E-02 -396.00         test_N_all
.1000E+00    50.000  0.451E+03   0.33823E+00   0.00000E+00   0.10000E+00    0.50249E-02 2247.69         test_N_all
.1100E+00    50.000  0.405E+03   0.32573E+00   0.00000E+00   0.10000E+00    0.50249E-02 2018.01         test_N_all
.1200E+00    50.000  0.368E+03   0.31406E+00   0.00000E+00   0.10000E+00    0.50249E-02 1814.79         test_N_all
.1300E+00    50.000  0.335E+03   0.30301E+00   0.00000E+00   0.10000E+00    0.50249E-02 1632.18         test_N_all
.1400E+00    50.000  0.308E+03   0.29234E+00   0.00000E+00   0.10000E+00    0.50249E-02 1465.21         test_N_all
.1500E+00    50.000  0.284E+03   0.28214E+00   0.00000E+00   0.10000E+00    0.50249E-02 1313.86         test_N_all
.1600E+00    50.000  0.263E+03   0.27224E+00   0.00000E+00   0.10000E+00    0.50249E-02 1174.93         test_N_all
.1700E+00    50.000  0.245E+03   0.26268E+00   0.00000E+00   0.10000E+00    0.50249E-02 1048.13         test_N_all
.1800E+00    50.000  0.229E+03   0.25343E+00   0.00000E+00   0.10000E+00    0.50249E-02  932.28         test_N_all
.1900E+00    50.000  0.214E+03   0.24444E+00   0.00000E+00   0.10000E+00    0.50249E-02  826.27         test_N_all
.2000E+00    50.000  0.201E+03   0.23573E+00   0.00000E+00   0.10000E+00    0.50249E-02  729.59         test_N_all
.2100E+00    50.000  0.189E+03   0.22725E+00   0.00000E+00   0.10000E+00    0.50249E-02  641.29         test_N_all
.2200E+00    50.000  0.178E+03   0.21901E+00   0.00000E+00   0.10000E+00    0.50249E-02  560.90         test_N_all
.2300E+00    50.000  0.168E+03   0.21098E+00   0.00000E+00   0.10000E+00    0.50249E-02  487.80         test_N_all
.2400E+00    50.000  0.159E+03   0.20316E+00   0.00000E+00   0.10000E+00    0.50249E-02  421.43         test_N_all
.2500E+00    50.000  0.151E+03   0.19553E+00   0.00000E+00   0.10000E+00    0.50249E-02  361.39         test_N_all
.2600E+00    50.000  0.143E+03   0.18807E+00   0.00000E+00   0.10000E+00    0.50249E-02  307.17         test_N_all
.2700E+00    50.000  0.136E+03   0.18078E+00   0.00000E+00   0.10000E+00    0.50249E-02  258.45         test_N_all
.2800E+00    50.000  0.129E+03   0.17366E+00   0.00000E+00   0.10000E+00    0.50249E-02  214.86         test_N_all
.2900E+00    50.000  0.123E+03   0.16668E+00   0.00000E+00   0.10000E+00    0.50249E-02  176.06         test_N_all
.3000E+00    50.000  0.118E+03   0.15984E+00   0.00000E+00   0.10000E+00    0.18868E-02 1005.93         test_N_all
.3100E+00    50.000  0.112E+03   0.15314E+00   0.00000E+00   0.10000E+00    0.50249E-02  111.85         test_N_all
.3200E+00    50.000  0.107E+03   0.14658E+00   0.00000E+00   0.10000E+00    0.50249E-02   85.92         test_N_all
.3300E+00    50.000  0.102E+03   0.14014E+00   0.00000E+00   0.10000E+00    0.50249E-02   63.82         test_N_all
.3400E+00    50.000  0.979E+02   0.13383E+00   0.00000E+00   0.10000E+00    0.50249E-02   45.33         test_N_all
.3500E+00    50.000  0.937E+02   0.12765E+00   0.00000E+00   0.10000E+00    0.50249E-02   30.29         test_N_all
.3600E+00    50.000  0.898E+02   0.12160E+00   0.00000E+00   0.10000E+00    0.50249E-02   18.48         test_N_all
.3700E+00    50.000  0.860E+02   0.11568E+00   0.00000E+00   0.10000E+00    0.50249E-02    9.74         test_N_all
.3800E+00    50.000  0.825E+02   0.10989E+00   0.00000E+00   0.10000E+00    0.50249E-02    3.87         test_N_all
.3900E+00    50.000  0.791E+02   0.10424E+00   0.00000E+00   0.10000E+00    0.50249E-02    0.71         test_N_all
.4000E+00    50.000  0.759E+02   0.98735E-01   0.00000E+00   0.10000E+00    0.17692E-02   -0.51         test_N_all
.4100E+00    50.000  0.728E+02   0.93372E-01   0.00000E+00   0.10000E+00    0.50249E-02   -1.74         test_N_all
.4200E+00    50.000  0.699E+02   0.88157E-01   0.00000E+00   0.10000E+00    0.50249E-02   -5.55         test_N_all
.4300E+00    50.000  0.672E+02   0.83094E-01   0.00000E+00   0.10000E+00    0.50249E-02  -11.32         test_N_all
.4400E+00    50.000  0.645E+02   0.78190E-01   0.00000E+00   0.10000E+00    0.50249E-02  -18.84         test_N_all
.4500E+00    50.000  0.620E+02   0.73445E-01   0.00000E+00   0.10000E+00    0.50249E-02  -27.93         test_N_all
.4600E+00    50.000  0.596E+02   0.68865E-01   0.00000E+00   0.10000E+00    0.50249E-02  -38.39         test_N_all
.4700E+00    50.000  0.573E+02   0.64453E-01   0.00000E+00   0.10000E+00    0.50249E-02  -50.04         test_N_all
.4800E+00    50.000  0.550E+02   0.60209E-01   0.00000E+00   0.10000E+00    0.50249E-02  -62.71         test_N_all
.4900E+00    50.000  0.529E+02   0.56138E-01   0.00000E+00   0.10000E+00    0.50249E-02  -76.19         test_N_all
.5000E+00    50.000  0.509E+02   0.52239E-01   0.00000E+00   0.10000E+00    0.17692E-02 -728.78         test_N_all
.5100E+00    50.000  0.489E+02   0.48515E-01   0.00000E+00   0.10000E+00    0.50249E-02 -104.98         test_N_all
.5200E+00    50.000  0.470E+02   0.44963E-01   0.00000E+00   0.10000E+00    0.50249E-02 -119.96         test_N_all
.5300E+00    50.000  0.452E+02   0.41584E-01   0.00000E+00   0.10000E+00    0.50249E-02 -135.15         test_N_all
.5400E+00    50.000  0.435E+02   0.38378E-01   0.00000E+00   0.10000E+00    0.50249E-02 -150.39         test_N_all
.5500E+00    50.000  0.418E+02   0.35341E-01   0.00000E+00   0.10000E+00    0.50249E-02 -165.58         test_N_all
.5600E+00    50.000  0.402E+02   0.32472E-01   0.00000E+00   0.10000E+00    0.50249E-02 -180.60         test_N_all
.5700E+00    50.000  0.386E+02   0.29767E-01   0.00000E+00   0.10000E+00    0.50249E-02 -195.35         test_N_all
.5800E+00    50.000  0.371E+02   0.27223E-01   0.00000E+00   0.10000E+00    0.50249E-02 -209.76         test_N_all
.5900E+00    50.000  0.356E+02   0.24838E-01   0.00000E+00   0.10000E+00    0.50249E-02 -223.74         test_N_all
.6000E+00    50.000  0.342E+02   0.22605E-01   0.00000E+00   0.10000E+00    0.17692E-02 *******         test_N_all
.6100E+00    50.000  0.328E+02   0.20521E-01   0.00000E+00   0.10000E+00    0.50249E-02 -250.18         test_N_all
.6200E+00    50.000  0.315E+02   0.18580E-01   0.00000E+00   0.10000E+00    0.50249E-02 -262.55         test_N_all
.6300E+00    50.000  0.302E+02   0.16777E-01   0.00000E+00   0.10000E+00    0.50249E-02 -274.30         test_N_all
.6400E+00    50.000  0.290E+02   0.15106E-01   0.00000E+00   0.10000E+00    0.50249E-02 -285.42         test_N_all
.6500E+00    50.000  0.278E+02   0.13563E-01   0.00000E+00   0.10000E+00    0.50249E-02 -295.89         test_N_all
.6600E+00    50.000  0.266E+02   0.12141E-01   0.00000E+00   0.10000E+00    0.50249E-02 -305.71         test_N_all
.6700E+00    50.000  0.255E+02   0.10834E-01   0.00000E+00   0.10000E+00    0.50249E-02 -314.87         test_N_all
.6800E+00    50.000  0.244E+02   0.96373E-02   0.00000E+00   0.10000E+00    0.50249E-02 -323.38         test_N_all
.6900E+00    50.000  0.233E+02   0.85430E-02   0.00000E+00   0.10000E+00    0.50249E-02 -331.26         test_N_all
.7000E+00    50.000  0.223E+02   0.75464E-02   0.00000E+00   0.10000E+00    0.17692E-02 *******         test_N_all
.7100E+00    50.000  0.213E+02   0.66415E-02   0.00000E+00   0.10000E+00    0.50249E-02 -345.18         test_N_all
.7200E+00    50.000  0.203E+02   0.58217E-02   0.00000E+00   0.10000E+00    0.50249E-02 -351.27         test_N_all
.7300E+00    50.000  0.194E+02   0.50826E-02   0.00000E+00   0.10000E+00    0.50249E-02 -356.80         test_N_all
.7400E+00    50.000  0.184E+02   0.44174E-02   0.00000E+00   0.10000E+00    0.50249E-02 -361.82         test_N_all
.7500E+00    50.000  0.175E+02   0.38215E-02   0.00000E+00   0.10000E+00    0.50249E-02 -366.35         test_N_all
.7600E+00    50.000  0.167E+02   0.32899E-02   0.00000E+00   0.10000E+00    0.50249E-02 -370.41         test_N_all
.7700E+00    50.000  0.158E+02   0.28163E-02   0.00000E+00   0.10000E+00    0.50249E-02 -374.05         test_N_all
.7800E+00    50.000  0.150E+02   0.23977E-02   0.00000E+00   0.10000E+00    0.50249E-02 -377.28         test_N_all
.7900E+00    50.000  0.142E+02   0.20282E-02   0.00000E+00   0.10000E+00    0.50249E-02 -380.14         test_N_all
.8000E+00    50.000  0.134E+02   0.17040E-02   0.00000E+00   0.10000E+00    0.17692E-02 *******         test_N_all
.8100E+00    50.000  0.126E+02   0.14215E-02   0.00000E+00   0.10000E+00    0.50249E-02 -384.86         test_N_all
.8200E+00    50.000  0.119E+02   0.11754E-02   0.00000E+00   0.10000E+00    0.50249E-02 -386.78         test_N_all
.8300E+00    50.000  0.111E+02   0.96358E-03   0.00000E+00   0.10000E+00    0.50249E-02 -388.44         test_N_all
.8400E+00    50.000  0.104E+02   0.78210E-03   0.00000E+00   0.10000E+00    0.50249E-02 -389.87         test_N_all
.8500E+00    50.000  0.971E+01   0.62728E-03   0.00000E+00   0.10000E+00    0.50249E-02 -391.09         test_N_all
.8600E+00    50.000  0.902E+01   0.49724E-03   0.00000E+00   0.10000E+00    0.50249E-02 -392.11         test_N_all
.8700E+00    50.000  0.835E+01   0.38801E-03   0.00000E+00   0.10000E+00    0.50249E-02 -392.97         test_N_all
.8800E+00    50.000  0.770E+01   0.29787E-03   0.00000E+00   0.10000E+00    0.50249E-02 -393.68         test_N_all
.8900E+00    50.000  0.706E+01   0.22459E-03   0.00000E+00   0.10000E+00    0.50249E-02 -394.26         test_N_all
.9000E+00    50.000  0.644E+01   0.16514E-03   0.00000E+00   0.10000E+00    0.17692E-02 *******         test_N_all
.9100E+00    50.000  0.583E+01   0.11851E-03   0.00000E+00   0.10000E+00    0.50249E-02 -395.10         test_N_all
.9200E+00    50.000  0.523E+01   0.82254E-04   0.00000E+00   0.10000E+00    0.50249E-02 -395.39         test_N_all
.9300E+00    50.000  0.465E+01   0.54762E-04   0.00000E+00   0.10000E+00    0.50249E-02 -395.61         test_N_all
.9400E+00    50.000  0.407E+01   0.35042E-04   0.00000E+00   0.10000E+00    0.50249E-02 -395.76         test_N_all
.9500E+00    50.000  0.351E+01   0.20654E-04   0.00000E+00   0.10000E+00    0.50249E-02 -395.88         test_N_all
.9600E+00    50.000  0.297E+01   0.11266E-04   0.00000E+00   0.10000E+00    0.50249E-02 -395.95         test_N_all
.9700E+00    50.000  0.243E+01   0.55316E-05   0.00000E+00   0.10000E+00    0.50249E-02 -396.00         test_N_all
.9800E+00    50.000  0.190E+01   0.21070E-05   0.00000E+00   0.10000E+00    0.50249E-02 -396.02         test_N_all
.9900E+00    50.000  0.139E+01   0.71104E-06   0.00000E+00   0.10000E+00    0.50249E-02 -396.03         test_N_all
.1000E+01    50.000  0.882E+00   0.55876E-06   0.00000E+00   0.10000E+00    0.50249E-02 -396.04         test_N_all
.1000E+00   100.000  0.901E+03   0.33865E+00   0.00000E+00   0.10000E+00    0.50249E-02 2255.52         test_N_all
.1100E+00   100.000  0.810E+03   0.32460E+00   0.00000E+00   0.10000E+00    0.50249E-02 1997.86         test_N_all
.1200E+00   100.000  0.734E+03   0.31166E+00   0.00000E+00   0.10000E+00    0.50249E-02 1774.25         test_N_all
.1300E+00   100.000  0.670E+03   0.29954E+00   0.00000E+00   0.10000E+00    0.50249E-02 1576.86         test_N_all
.1400E+00   100.000  0.615E+03   0.28797E+00   0.00000E+00   0.10000E+00    0.50249E-02 1399.34         test_N_all
.1500E+00   100.000  0.568E+03   0.27702E+00   0.00000E+00   0.10000E+00    0.50249E-02 1241.01         test_N_all
.1600E+00   100.000  0.526E+03   0.26648E+00   0.00000E+00   0.10000E+00    0.50249E-02 1097.58         test_N_all
.1700E+00   100.000  0.489E+03   0.25637E+00   0.00000E+00   0.10000E+00    0.50249E-02  968.42         test_N_all
.1800E+00   100.000  0.456E+03   0.24666E+00   0.00000E+00   0.10000E+00    0.50249E-02  851.88         test_N_all
.1900E+00   100.000  0.427E+03   0.23729E+00   0.00000E+00   0.10000E+00    0.50249E-02  746.45         test_N_all
.2000E+00   100.000  0.401E+03   0.22825E+00   0.00000E+00   0.10000E+00    0.50249E-02  651.42         test_N_all
.2100E+00   100.000  0.377E+03   0.21950E+00   0.00000E+00   0.10000E+00    0.50249E-02  565.51         test_N_all
.2200E+00   100.000  0.355E+03   0.21102E+00   0.00000E+00   0.10000E+00    0.50249E-02  488.14         test_N_all
.2300E+00   100.000  0.336E+03   0.20280E+00   0.00000E+00   0.10000E+00    0.50249E-02  418.54         test_N_all
.2400E+00   100.000  0.318E+03   0.19482E+00   0.00000E+00   0.10000E+00    0.50249E-02  356.04         test_N_all
.2500E+00   100.000  0.301E+03   0.18706E+00   0.00000E+00   0.10000E+00    0.50249E-02  300.15         test_N_all
.2600E+00   100.000  0.285E+03   0.17950E+00   0.00000E+00   0.10000E+00    0.50249E-02  250.28         test_N_all
.2700E+00   100.000  0.271E+03   0.17213E+00   0.00000E+00   0.10000E+00    0.50249E-02  206.07         test_N_all
.2800E+00   100.000  0.258E+03   0.16495E+00   0.00000E+00   0.10000E+00    0.50249E-02  167.09         test_N_all
.2900E+00   100.000  0.246E+03   0.15794E+00   0.00000E+00   0.10000E+00    0.50249E-02  132.97         test_N_all
.3000E+00   100.000  0.234E+03   0.15110E+00   0.00000E+00   0.10000E+00    0.18868E-02  733.59         test_N_all
.3100E+00   100.000  0.223E+03   0.14442E+00   0.00000E+00   0.10000E+00    0.50249E-02   78.13         test_N_all
.3200E+00   100.000  0.213E+03   0.13789E+00   0.00000E+00   0.10000E+00    0.50249E-02   56.85         test_N_all
.3300E+00   100.000  0.204E+03   0.13151E+00   0.00000E+00   0.10000E+00    0.50249E-02   39.31         test_N_all
.3400E+00   100.000  0.195E+03   0.12527E+00   0.00000E+00   0.10000E+00    0.50249E-02   25.30         test_N_all
.3500E+00   100.000  0.187E+03   0.11919E+00   0.00000E+00   0.10000E+00    0.50249E-02   14.58         test_N_all
.3600E+00   100.000  0.179E+03   0.11325E+00   0.00000E+00   0.10000E+00    0.50249E-02    6.95         test_N_all
.3700E+00   100.000  0.171E+03   0.10746E+00   0.00000E+00   0.10000E+00    0.50249E-02    2.20         test_N_all
.3800E+00   100.000  0.164E+03   0.10182E+00   0.00000E+00   0.10000E+00    0.50249E-02    0.13         test_N_all
.3900E+00   100.000  0.157E+03   0.96335E-01   0.00000E+00   0.10000E+00    0.50249E-02   -0.53         test_N_all
.4000E+00   100.000  0.151E+03   0.91004E-01   0.00000E+00   0.10000E+00    0.17692E-02  -25.86         test_N_all
.4100E+00   100.000  0.145E+03   0.85832E-01   0.00000E+00   0.10000E+00    0.50249E-02   -7.95         test_N_all
.4200E+00   100.000  0.139E+03   0.80821E-01   0.00000E+00   0.10000E+00    0.50249E-02  -14.57         test_N_all
.4300E+00   100.000  0.133E+03   0.75974E-01   0.00000E+00   0.10000E+00    0.50249E-02  -22.86         test_N_all
.4400E+00   100.000  0.128E+03   0.71295E-01   0.00000E+00   0.10000E+00    0.50249E-02  -32.63         test_N_all
.4500E+00   100.000  0.123E+03   0.66784E-01   0.00000E+00   0.10000E+00    0.50249E-02  -43.70         test_N_all
.4600E+00   100.000  0.118E+03   0.62446E-01   0.00000E+00   0.10000E+00    0.50249E-02  -55.85         test_N_all
.4700E+00   100.000  0.114E+03   0.58281E-01   0.00000E+00   0.10000E+00    0.50249E-02  -68.93         test_N_all
.4800E+00   100.000  0.109E+03   0.54290E-01   0.00000E+00   0.10000E+00    0.50249E-02  -82.75         test_N_all
.4900E+00   100.000  0.105E+03   0.50474E-01   0.00000E+00   0.10000E+00    0.50249E-02  -97.14         test_N_all
.5000E+00   100.000  0.101E+03   0.46833E-01   0.00000E+00   0.10000E+00    0.17692E-02 -903.12         test_N_all
.5100E+00   100.000  0.970E+02   0.43366E-01   0.00000E+00   0.10000E+00    0.50249E-02 -127.02         test_N_all
.5200E+00   100.000  0.932E+02   0.40073E-01   0.00000E+00   0.10000E+00    0.50249E-02 -142.23         test_N_all
.5300E+00   100.000  0.896E+02   0.36949E-01   0.00000E+00   0.10000E+00    0.50249E-02 -157.44         test_N_all
.5400E+00   100.000  0.861E+02   0.33996E-01   0.00000E+00   0.10000E+00    0.50249E-02 -172.53         test_N_all
.5500E+00   100.000  0.827E+02   0.31208E-01   0.00000E+00   0.10000E+00    0.50249E-02 -187.42         test_N_all
.5600E+00   100.000  0.795E+02   0.28583E-01   0.00000E+00   0.10000E+00    0.50249E-02 -201.99         test_N_all
.5700E+00   100.000  0.763E+02   0.26118E-01   0.00000E+00   0.10000E+00    0.50249E-02 -216.18         test_N_all
.5800E+00   100.000  0.733E+02   0.23807E-01   0.00000E+00   0.10000E+00    0.50249E-02 -229.92         test_N_all
.5900E+00   100.000  0.704E+02   0.21647E-01   0.00000E+00   0.10000E+00    0.50249E-02 -243.14         test_N_all
.6000E+00   100.000  0.675E+02   0.19632E-01   0.00000E+00   0.10000E+00    0.17692E-02 *******         test_N_all
.6100E+00   100.000  0.648E+02   0.17758E-01   0.00000E+00   0.10000E+00    0.50249E-02 -267.87         test_N_all
.6200E+00   100.000  0.622E+02   0.16019E-01   0.00000E+00   0.10000E+00    0.50249E-02 -279.32         test_N_all
.6300E+00   100.000  0.596E+02   0.14409E-01   0.00000E+00   0.10000E+00    0.50249E-02 -290.13         test_N_all
.6400E+00   100.000  0.571E+02   0.12924E-01   0.00000E+00   0.10000E+00    0.50249E-02 -300.29         test_N_all
.6500E+00   100.000  0.547E+02   0.11557E-01   0.00000E+00   0.10000E+00    0.50249E-02 -309.79         test_N_all
.6600E+00   100.000  0.524E+02   0.10301E-01   0.00000E+00   0.10000E+00    0.50249E-02 -318.65         test_N_all
.6700E+00   100.000  0.501E+02   0.91525E-02   0.00000E+00   0.10000E+00    0.50249E-02 -326.86         test_N_all
.6800E+00   100.000  0.479E+02   0.81041E-02   0.00000E+00   0.10000E+00    0.50249E-02 -334.45         test_N_all
.6900E+00   100.000  0.458E+02   0.71497E-02   0.00000E+00   0.10000E+00    0.50249E-02 -341.43         test_N_all
.7000E+00   100.000  0.437E+02   0.62844E-02   0.00000E+00   0.10000E+00    0.17692E-02 *******         test_N_all
.7100E+00   100.000  0.417E+02   0.55017E-02   0.00000E+00   0.10000E+00    0.50249E-02 -353.66         test_N_all
.7200E+00   100.000  0.398E+02   0.47963E-02   0.00000E+00   0.10000E+00    0.50249E-02 -358.96         test_N_all
.7300E+00   100.000  0.379E+02   0.41633E-02   0.00000E+00   0.10000E+00    0.50249E-02 -363.75         test_N_all
.7400E+00   100.000  0.360E+02   0.35960E-02   0.00000E+00   0.10000E+00    0.50249E-02 -368.07         test_N_all
.7500E+00   100.000  0.342E+02   0.30909E-02   0.00000E+00   0.10000E+00    0.50249E-02 -371.94         test_N_all
.7600E+00   100.000  0.325E+02   0.26422E-02   0.00000E+00   0.10000E+00    0.50249E-02 -375.39         test_N_all
.7700E+00   100.000  0.308E+02   0.22452E-02   0.00000E+00   0.10000E+00    0.50249E-02 -378.46         test_N_all
.7800E+00   100.000  0.291E+02   0.18965E-02   0.00000E+00   0.10000E+00    0.50249E-02 -381.16         test_N_all
.7900E+00   100.000  0.275E+02   0.15902E-02   0.00000E+00   0.10000E+00    0.50249E-02 -383.54         test_N_all
.8000E+00   100.000  0.259E+02   0.13238E-02   0.00000E+00   0.10000E+00    0.17692E-02 *******         test_N_all
.8100E+00   100.000  0.243E+02   0.10929E-02   0.00000E+00   0.10000E+00    0.50249E-02 -387.43         test_N_all
.8200E+00   100.000  0.228E+02   0.89385E-03   0.00000E+00   0.10000E+00    0.50249E-02 -388.99         test_N_all
.8300E+00   100.000  0.214E+02   0.72430E-03   0.00000E+00   0.10000E+00    0.50249E-02 -390.32         test_N_all
.8400E+00   100.000  0.199E+02   0.57953E-03   0.00000E+00   0.10000E+00    0.50249E-02 -391.46         test_N_all
.8500E+00   100.000  0.185E+02   0.45806E-03   0.00000E+00   0.10000E+00    0.50249E-02 -392.42         test_N_all
.8600E+00   100.000  0.172E+02   0.35694E-03   0.00000E+00   0.10000E+00    0.50249E-02 -393.22         test_N_all
.8700E+00   100.000  0.158E+02   0.27321E-03   0.00000E+00   0.10000E+00    0.50249E-02 -393.88         test_N_all
.8800E+00   100.000  0.145E+02   0.20552E-03   0.00000E+00   0.10000E+00    0.50249E-02 -394.41         test_N_all
.8900E+00   100.000  0.132E+02   0.15079E-03   0.00000E+00   0.10000E+00    0.50249E-02 -394.85         test_N_all
.9000E+00   100.000  0.120E+02   0.10778E-03   0.00000E+00   0.10000E+00    0.17692E-02 *******         test_N_all
.9100E+00   100.000  0.108E+02   0.74781E-04   0.00000E+00   0.10000E+00    0.50249E-02 -395.45         test_N_all
.9200E+00   100.000  0.958E+01   0.49596E-04   0.00000E+00   0.10000E+00    0.50249E-02 -395.65         test_N_all
.9300E+00   100.000  0.841E+01   0.31544E-04   0.00000E+00   0.10000E+00    0.50249E-02 -395.79         test_N_all
.9400E+00   100.000  0.726E+01   0.18677E-04   0.00000E+00   0.10000E+00    0.50249E-02 -395.89         test_N_all
.9500E+00   100.000  0.614E+01   0.10116E-04   0.00000E+00   0.10000E+00    0.50249E-02 -395.96         test_N_all
.9600E+00   100.000  0.505E+01   0.50458E-05   0.00000E+00   0.10000E+00    0.50249E-02 -396.00         test_N_all
.9700E+00   100.000  0.397E+01   0.19349E-05   0.00000E+00   0.10000E+00    0.50249E-02 -396.02         test_N_all
.9800E+00   100.000  0.292E+01   0.63343E-06   0.00000E+00   0.10000E+00    0.50249E-02 -396.03         test_N_all
.9900E+00   100.000  0.189E+01   0.46345E-06   0.00000E+00   0.10000E+00    0.50249E-02 -396.04         test_N_all
.1000E+01   100.000  0.882E+00   0.62366E-06   0.00000E+00   0.10000E+00    0.50249E-02 -396.03         test_N_all



 CHI SQUARE=******** FOR  582 POINTS   CHISQ/NPTS=  699.51
 Signed chisquare total =********
 Modified residual =********


Summary normalization chi2 contributions

 data set     normalization        error         chisq


Summary chi2 per data set

 data set      chisq    _w     signd    _w     resid     _w   npts   chisq/pts  _w
test_N_all  407116.6        127828.6        ********           582  699.51
------------------------------------------------------------------------------------
TOTAL       407116.6407116.6127828.6     0.0****************   582  699.51  699.51
TOTAL+norm  407116.6407116.6                                   582  699.51  699.51



            Momentum Sum Rule Check


      q2      alphas      xuv       xdv       xub       xdb       xsb       xcb       xbb      xglue     total
      1.69    0.3845    0.3221    0.1370    0.0563    0.0722    0.0257    0.0000    0.0000    0.3870    1.0002
    100.00    0.1784    0.2269    0.0965    0.0653    0.0765    0.0438    0.0257    0.0087    0.4539    0.9972
   1000.00    0.1407    0.0000    0.0000    0.0000    0.0000    0.0000    0.0000    0.0000    0.0000    0.0000
   8315.00    0.1180    0.0000    0.0000    0.0000    0.0000    0.0000    0.0000    0.0000    0.0000    0.0000


 Vector Boson Cross Sections

 sqrt(s)   sigma(W)    error    theory

   1960.     2.865     0.063       0.000     D0

   1960.     2.749     0.054       0.000     CDF

   7000.     9.95      0.29        0.000     CMS

   7000.     9.96      0.55        0.000     ATLAS

 sqrt(s)   sigma(Z)    error    theory

   1960.     .2649     .0094       0.000     D0

   1960.     .2549     .0057       0.000     CDF

   7000.     .931      0.035       0.000     CMS

   7000.     .82       0.08        0.000     ATLAS


