 Correlated errors added in quadrature with statistical errors
 test_P_all DIS data with   1.69< Q2 < 0.500D+03 and 0.000 < xB < 1.000 and   0.00< W2 < 0.100D+05 and 0.000 < y < 1.000
   GP TMC applied
   no HT corrections

# fitpack15: fit output
# CJ15 AV18 final data choices                                                 

Parametrization   7 used here

 S-ACOT scheme used  for NC DIS

 charm mass =     1.30 GeV     bottom mass =     4.50 GeV



 THIS IS A NEXT TO LEADING ORDER FIT

 Q02=    1.69
         1  LAMBDA      VALUE=   0.22680      WEIGHT=    0.0000    
         2  a0uv        VALUE=    2.3468      WEIGHT=    0.0000    
         3  a1uv        VALUE=   0.61103      WEIGHT=   0.21034E-01
         4  a2uv        VALUE=    3.5815      WEIGHT=   0.14251E-01
         5  a3uv        VALUE=    0.0000      WEIGHT=    0.0000    
         6  a4uv        VALUE=    3.7187      WEIGHT=   0.48405    
         7  a5uv        VALUE=    0.0000      WEIGHT=    0.0000    
         8  a0dv        VALUE=    20.742      WEIGHT=    0.0000    
         9  a1dv        VALUE=    1.1272      WEIGHT=   0.35912E-01
        10  a2dv        VALUE=    6.2167      WEIGHT=   0.18008    
        11  a3dv        VALUE=   -3.3429      WEIGHT=   0.10352    
        12  a4dv        VALUE=    4.4346      WEIGHT=   0.15887    
        13  a5dv        VALUE=    0.0000      WEIGHT=    0.0000    
        14  a0ud        VALUE=   0.14585      WEIGHT=   0.51141E-02
        15  a1ud        VALUE=  -0.20852      WEIGHT=   0.38086E-02
        16  a2ud        VALUE=    8.7134      WEIGHT=   0.20574    
        17  a3ud        VALUE=    0.0000      WEIGHT=    0.0000    
        18  a4ud        VALUE=    16.607      WEIGHT=    1.3528    
        19  a5ud        VALUE=    0.0000      WEIGHT=    0.0000    
        20  a0du        VALUE=    35712.      WEIGHT=    0.0000    
        21  a1du        VALUE=    4.1175      WEIGHT=   0.74422E-01
        22  a2du        VALUE=    19.540      WEIGHT=   0.91656    
        23  a3du        VALUE=    17.000      WEIGHT=    0.0000    
        24  a4du        VALUE=    50.275      WEIGHT=    7.6590    
        25  a0g         VALUE=    53.636      WEIGHT=    0.0000    
        26  a1g         VALUE=   0.62976      WEIGHT=   0.27135E-01
        27  a2g         VALUE=    5.7282      WEIGHT=   0.60281    
        28  a3g         VALUE=   -3.5465      WEIGHT=   0.10903    
        29  a4g         VALUE=    3.4203      WEIGHT=   0.22417    
        30  a5g         VALUE=    0.0000      WEIGHT=    0.0000    
        31  kappa       VALUE=   0.40000      WEIGHT=    0.0000    
        32  a6dv        VALUE=  -0.70608E-03  WEIGHT=   0.11074E-02
        33  a7dv        VALUE=    2.0000      WEIGHT=    0.0000    
        34  off1        VALUE=  -0.34456      WEIGHT=    1.4101    
        35  off2        VALUE=   0.11582      WEIGHT=   0.41999E-05
        36  ht1         VALUE=   -1.8677      WEIGHT=   0.46442    
        37  ht2         VALUE=    1.6791      WEIGHT=   0.18053    
        38  ht3         VALUE=   -2.1713      WEIGHT=   0.37125E-01
        39  ht4         VALUE=    2.3355      WEIGHT=   0.15008    
        40  dummy40     VALUE=    0.0000      WEIGHT=    0.0000    
        41  dummy41     VALUE=    0.0000      WEIGHT=    0.0000    
        42  dummy42     VALUE=    0.0000      WEIGHT=    0.0000    
        43  dummy43     VALUE=    0.0000      WEIGHT=    0.0000    
        44  dummy44     VALUE=    0.0000      WEIGHT=    0.0000    
        45  dummy45     VALUE=    0.0000      WEIGHT=    0.0000    
        46  dummy46     VALUE=    0.0000      WEIGHT=    0.0000    
        47  dummy47     VALUE=    0.0000      WEIGHT=    0.0000    
        48  dummy48     VALUE=    0.0000      WEIGHT=    0.0000    
        49  dummy49     VALUE=    0.0000      WEIGHT=    0.0000    
        50  bcdmsh2     VALUE=   0.97562      WEIGHT=   0.48789E-02
        51  bcdmsd2     VALUE=   0.99442      WEIGHT=   0.57461E-02
        52  ccfr        VALUE=    1.0000      WEIGHT=    0.0000    
        53  nutev       VALUE=    1.0000      WEIGHT=    0.0000    
        54  zeus        VALUE=   0.97998      WEIGHT=    0.0000    
        55  h1          VALUE=    1.0162      WEIGHT=    0.0000    
        56  e605        VALUE=    1.0319      WEIGHT=    0.0000    
        57  NmcH2       VALUE=    1.0138      WEIGHT=   0.71695E-02
        58  ntv_nu      VALUE=    1.0000      WEIGHT=    0.0000    
        59  ntv_nubar   VALUE=    1.0000      WEIGHT=    0.0000    
        60  cdf_jet     VALUE=   0.98910      WEIGHT=    0.0000    
        61  d0_jet      VALUE=   0.83504      WEIGHT=    0.0000    
        62  slac_p      VALUE=    1.0050      WEIGHT=   0.49195E-02
        63  slac_d      VALUE=    1.0029      WEIGHT=   0.52975E-02
        64  e866pp      VALUE=   0.98354      WEIGHT=   0.19966E-01
        65  e866pd      VALUE=   0.97474      WEIGHT=   0.16112E-01
        66  d0_gamjet   VALUE=    1.0397      WEIGHT=   0.16448E-01
        67  h1b         VALUE=   0.97608      WEIGHT=    0.0000    
        68  jlab_p      VALUE=   0.98226      WEIGHT=   0.57785E-02
        69  jlab_d      VALUE=   0.97467      WEIGHT=   0.59398E-02
        70  blank       VALUE=    1.0000      WEIGHT=    0.0000    
        71  d0run2      VALUE=   0.95797      WEIGHT=   0.15722E-01
        72  cdfrun2     VALUE=   0.93727      WEIGHT=   0.17904E-01
        73  HERA_el     VALUE=    1.0000      WEIGHT=    0.0000    
        74  HERA_ps     VALUE=    1.0000      WEIGHT=    0.0000    
        75  CDF_Z       VALUE=   0.97082      WEIGHT=   0.64434E-02
        76  NmcRat      VALUE=    1.0000      WEIGHT=    0.0000    
        77  BNS_F2nd    VALUE=   0.97181      WEIGHT=   0.12447E-01
        78  HERMES_F2p  VALUE=   0.99846      WEIGHT=   0.56660E-02
        79  HERMES_F2d  VALUE=   0.97888      WEIGHT=   0.58339E-02
0THE TOLERANCE IS    0.1000
 THE MAXIMUM NUMBER OF STEPS IS 100
0THE INITIAL CHI SQUARED IS  6.56540E+05



     X        Q2         W2       THEORY        error         DATA           ERROR        chi^2     _w    ITYPE
.1000E-01     2.000  0.199E+03   0.35675E+00   0.00000E+00   0.10000E+00    0.50249E-02 2610.65         test_P_all
.2000E-01     2.000  0.989E+02   0.33779E+00   0.00000E+00   0.10000E+00    0.50249E-02 2239.29         test_P_all
.3000E-01     2.000  0.655E+02   0.33393E+00   0.00000E+00   0.10000E+00    0.50249E-02 2167.22         test_P_all
.4000E-01     2.000  0.489E+02   0.33780E+00   0.00000E+00   0.10000E+00    0.50249E-02 2239.53         test_P_all
.5000E-01     2.000  0.389E+02   0.34232E+00   0.00000E+00   0.10000E+00    0.50249E-02 2325.55         test_P_all
.6000E-01     2.000  0.322E+02   0.34793E+00   0.00000E+00   0.10000E+00    0.50249E-02 2434.52         test_P_all
.7000E-01     2.000  0.275E+02   0.35273E+00   0.00000E+00   0.10000E+00    0.50249E-02 2529.60         test_P_all
.8000E-01     2.000  0.239E+02   0.35672E+00   0.00000E+00   0.10000E+00    0.50249E-02 2610.01         test_P_all
.9000E-01     2.000  0.211E+02   0.35999E+00   0.00000E+00   0.10000E+00    0.50249E-02 2677.00         test_P_all
.1000E+00     2.000  0.189E+02   0.36240E+00   0.00000E+00   0.10000E+00    0.50249E-02 2726.82         test_P_all
.1100E+00     2.000  0.171E+02   0.36432E+00   0.00000E+00   0.10000E+00    0.50249E-02 2766.98         test_P_all
.1200E+00     2.000  0.155E+02   0.36567E+00   0.00000E+00   0.10000E+00    0.50249E-02 2795.25         test_P_all
.1300E+00     2.000  0.143E+02   0.36649E+00   0.00000E+00   0.10000E+00    0.50249E-02 2812.58         test_P_all
.1400E+00     2.000  0.132E+02   0.36700E+00   0.00000E+00   0.10000E+00    0.50249E-02 2823.39         test_P_all
.1500E+00     2.000  0.122E+02   0.36706E+00   0.00000E+00   0.10000E+00    0.50249E-02 2824.60         test_P_all
.1600E+00     2.000  0.114E+02   0.36675E+00   0.00000E+00   0.10000E+00    0.50249E-02 2817.96         test_P_all
.1700E+00     2.000  0.106E+02   0.36605E+00   0.00000E+00   0.10000E+00    0.50249E-02 2803.37         test_P_all
.1800E+00     2.000  0.999E+01   0.36497E+00   0.00000E+00   0.10000E+00    0.50249E-02 2780.51         test_P_all
.1900E+00     2.000  0.941E+01   0.36349E+00   0.00000E+00   0.10000E+00    0.50249E-02 2749.67         test_P_all
.2000E+00     2.000  0.888E+01   0.36163E+00   0.00000E+00   0.10000E+00    0.50249E-02 2710.94         test_P_all
.2100E+00     2.000  0.841E+01   0.35937E+00   0.00000E+00   0.10000E+00    0.50249E-02 2664.36         test_P_all
.2200E+00     2.000  0.797E+01   0.35672E+00   0.00000E+00   0.10000E+00    0.50249E-02 2610.10         test_P_all
.2300E+00     2.000  0.758E+01   0.35369E+00   0.00000E+00   0.10000E+00    0.50249E-02 2548.83         test_P_all
.2400E+00     2.000  0.722E+01   0.35026E+00   0.00000E+00   0.10000E+00    0.50249E-02 2480.37         test_P_all
.2500E+00     2.000  0.688E+01   0.34646E+00   0.00000E+00   0.10000E+00    0.50249E-02 2405.63         test_P_all
.2600E+00     2.000  0.657E+01   0.34230E+00   0.00000E+00   0.10000E+00    0.50249E-02 2325.18         test_P_all
.2700E+00     2.000  0.629E+01   0.33779E+00   0.00000E+00   0.10000E+00    0.50249E-02 2239.30         test_P_all
.2800E+00     2.000  0.602E+01   0.33294E+00   0.00000E+00   0.10000E+00    0.50249E-02 2149.00         test_P_all
.2900E+00     2.000  0.578E+01   0.32778E+00   0.00000E+00   0.10000E+00    0.50249E-02 2054.89         test_P_all
.3000E+00     2.000  0.555E+01   0.32233E+00   0.00000E+00   0.10000E+00    0.18868E-02 *******         test_P_all
.3100E+00     2.000  0.533E+01   0.31660E+00   0.00000E+00   0.10000E+00    0.50249E-02 1858.09         test_P_all
.3200E+00     2.000  0.513E+01   0.31063E+00   0.00000E+00   0.10000E+00    0.50249E-02 1756.99         test_P_all
.3300E+00     2.000  0.494E+01   0.30443E+00   0.00000E+00   0.10000E+00    0.50249E-02 1655.05         test_P_all
.3400E+00     2.000  0.476E+01   0.29803E+00   0.00000E+00   0.10000E+00    0.50249E-02 1553.03         test_P_all
.3500E+00     2.000  0.460E+01   0.29145E+00   0.00000E+00   0.10000E+00    0.50249E-02 1451.59         test_P_all
.3600E+00     2.000  0.444E+01   0.28472E+00   0.00000E+00   0.10000E+00    0.50249E-02 1351.36         test_P_all
.3700E+00     2.000  0.429E+01   0.27786E+00   0.00000E+00   0.10000E+00    0.50249E-02 1252.89         test_P_all
.3800E+00     2.000  0.414E+01   0.27091E+00   0.00000E+00   0.10000E+00    0.50249E-02 1156.78         test_P_all
.3900E+00     2.000  0.401E+01   0.26386E+00   0.00000E+00   0.10000E+00    0.50249E-02 1063.43         test_P_all
.4000E+00     2.000  0.388E+01   0.25676E+00   0.00000E+00   0.10000E+00    0.17692E-02 7851.02         test_P_all
.4100E+00     2.000  0.376E+01   0.24962E+00   0.00000E+00   0.10000E+00    0.50249E-02  886.57         test_P_all
.4200E+00     2.000  0.364E+01   0.24246E+00   0.00000E+00   0.10000E+00    0.50249E-02  803.71         test_P_all
.4300E+00     2.000  0.353E+01   0.23529E+00   0.00000E+00   0.10000E+00    0.50249E-02  724.86         test_P_all
.4400E+00     2.000  0.343E+01   0.22814E+00   0.00000E+00   0.10000E+00    0.50249E-02  650.24         test_P_all
.4500E+00     2.000  0.333E+01   0.22101E+00   0.00000E+00   0.10000E+00    0.50249E-02  579.96         test_P_all
.4600E+00     2.000  0.323E+01   0.21393E+00   0.00000E+00   0.10000E+00    0.50249E-02  514.08         test_P_all
.4700E+00     2.000  0.314E+01   0.20691E+00   0.00000E+00   0.10000E+00    0.50249E-02  452.67         test_P_all
.4800E+00     2.000  0.305E+01   0.19996E+00   0.00000E+00   0.10000E+00    0.50249E-02  395.72         test_P_all
.4900E+00     2.000  0.296E+01   0.19309E+00   0.00000E+00   0.10000E+00    0.50249E-02  343.20         test_P_all
.5000E+00     2.000  0.288E+01   0.18631E+00   0.00000E+00   0.10000E+00    0.17692E-02 2380.16         test_P_all
.5100E+00     2.000  0.280E+01   0.17964E+00   0.00000E+00   0.10000E+00    0.50249E-02  251.19         test_P_all
.5200E+00     2.000  0.273E+01   0.17308E+00   0.00000E+00   0.10000E+00    0.50249E-02  211.49         test_P_all
.5300E+00     2.000  0.266E+01   0.16663E+00   0.00000E+00   0.10000E+00    0.50249E-02  175.82         test_P_all
.5400E+00     2.000  0.259E+01   0.16031E+00   0.00000E+00   0.10000E+00    0.50249E-02  144.06         test_P_all
.5500E+00     2.000  0.252E+01   0.15413E+00   0.00000E+00   0.10000E+00    0.50249E-02  116.02         test_P_all
.5600E+00     2.000  0.245E+01   0.14807E+00   0.00000E+00   0.10000E+00    0.50249E-02   91.53         test_P_all
.5700E+00     2.000  0.239E+01   0.14217E+00   0.00000E+00   0.10000E+00    0.50249E-02   70.42         test_P_all
.5800E+00     2.000  0.233E+01   0.13641E+00   0.00000E+00   0.10000E+00    0.50249E-02   52.49         test_P_all
.5900E+00     2.000  0.227E+01   0.13079E+00   0.00000E+00   0.10000E+00    0.50249E-02   37.55         test_P_all
.6000E+00     2.000  0.222E+01   0.12533E+00   0.00000E+00   0.10000E+00    0.17692E-02  204.96         test_P_all
.6100E+00     2.000  0.216E+01   0.12002E+00   0.00000E+00   0.10000E+00    0.50249E-02   15.88         test_P_all
.6200E+00     2.000  0.211E+01   0.11487E+00   0.00000E+00   0.10000E+00    0.50249E-02    8.75         test_P_all
.6300E+00     2.000  0.206E+01   0.10987E+00   0.00000E+00   0.10000E+00    0.50249E-02    3.86         test_P_all
.6400E+00     2.000  0.201E+01   0.10503E+00   0.00000E+00   0.10000E+00    0.50249E-02    1.00         test_P_all
.6500E+00     2.000  0.196E+01   0.10034E+00   0.00000E+00   0.10000E+00    0.50249E-02    0.00         test_P_all
.6600E+00     2.000  0.191E+01   0.95807E-01   0.00000E+00   0.10000E+00    0.50249E-02   -0.70         test_P_all
.6700E+00     2.000  0.187E+01   0.91427E-01   0.00000E+00   0.10000E+00    0.50249E-02   -2.91         test_P_all
.6800E+00     2.000  0.182E+01   0.87199E-01   0.00000E+00   0.10000E+00    0.50249E-02   -6.49         test_P_all
.6900E+00     2.000  0.178E+01   0.83124E-01   0.00000E+00   0.10000E+00    0.50249E-02  -11.28         test_P_all
.7000E+00     2.000  0.174E+01   0.79196E-01   0.00000E+00   0.10000E+00    0.17692E-02 -138.27         test_P_all
.7100E+00     2.000  0.170E+01   0.75414E-01   0.00000E+00   0.10000E+00    0.50249E-02  -23.94         test_P_all
.7200E+00     2.000  0.166E+01   0.71775E-01   0.00000E+00   0.10000E+00    0.50249E-02  -31.55         test_P_all
.7300E+00     2.000  0.162E+01   0.68278E-01   0.00000E+00   0.10000E+00    0.50249E-02  -39.85         test_P_all
.7400E+00     2.000  0.158E+01   0.64918E-01   0.00000E+00   0.10000E+00    0.50249E-02  -48.74         test_P_all
.7500E+00     2.000  0.155E+01   0.61692E-01   0.00000E+00   0.10000E+00    0.50249E-02  -58.12         test_P_all
.7600E+00     2.000  0.151E+01   0.58598E-01   0.00000E+00   0.10000E+00    0.50249E-02  -67.89         test_P_all
.7700E+00     2.000  0.148E+01   0.55633E-01   0.00000E+00   0.10000E+00    0.50249E-02  -77.96         test_P_all
.7800E+00     2.000  0.145E+01   0.52792E-01   0.00000E+00   0.10000E+00    0.50249E-02  -88.26         test_P_all
.7900E+00     2.000  0.141E+01   0.50072E-01   0.00000E+00   0.10000E+00    0.50249E-02  -98.72         test_P_all
.8000E+00     2.000  0.138E+01   0.47468E-01   0.00000E+00   0.10000E+00    0.17692E-02 -881.65         test_P_all
.8100E+00     2.000  0.135E+01   0.44981E-01   0.00000E+00   0.10000E+00    0.50249E-02 -119.88         test_P_all
.8200E+00     2.000  0.132E+01   0.42604E-01   0.00000E+00   0.10000E+00    0.50249E-02 -130.47         test_P_all
.8300E+00     2.000  0.129E+01   0.40333E-01   0.00000E+00   0.10000E+00    0.50249E-02 -141.00         test_P_all
.8400E+00     2.000  0.126E+01   0.38164E-01   0.00000E+00   0.10000E+00    0.50249E-02 -151.43         test_P_all
.8500E+00     2.000  0.123E+01   0.36096E-01   0.00000E+00   0.10000E+00    0.50249E-02 -161.73         test_P_all
.8600E+00     2.000  0.121E+01   0.34125E-01   0.00000E+00   0.10000E+00    0.50249E-02 -171.86         test_P_all
.8700E+00     2.000  0.118E+01   0.32246E-01   0.00000E+00   0.10000E+00    0.50249E-02 -181.81         test_P_all
.8800E+00     2.000  0.115E+01   0.30456E-01   0.00000E+00   0.10000E+00    0.50249E-02 -191.54         test_P_all
.8900E+00     2.000  0.113E+01   0.28751E-01   0.00000E+00   0.10000E+00    0.50249E-02 -201.04         test_P_all
.9000E+00     2.000  0.110E+01   0.27130E-01   0.00000E+00   0.10000E+00    0.17692E-02 *******         test_P_all
.9100E+00     2.000  0.108E+01   0.25588E-01   0.00000E+00   0.10000E+00    0.50249E-02 -219.29         test_P_all
.9200E+00     2.000  0.106E+01   0.24123E-01   0.00000E+00   0.10000E+00    0.50249E-02 -228.01         test_P_all
.9300E+00     2.000  0.103E+01   0.22730E-01   0.00000E+00   0.10000E+00    0.50249E-02 -236.46         test_P_all
.9400E+00     2.000  0.101E+01   0.21407E-01   0.00000E+00   0.10000E+00    0.50249E-02 -244.63         test_P_all
.9500E+00     2.000  0.987E+00   0.20151E-01   0.00000E+00   0.10000E+00    0.50249E-02 -252.51         test_P_all
.9600E+00     2.000  0.965E+00   0.18961E-01   0.00000E+00   0.10000E+00    0.50249E-02 -260.09         test_P_all
.9700E+00     2.000  0.944E+00   0.17831E-01   0.00000E+00   0.10000E+00    0.50249E-02 -267.39         test_P_all
.9800E+00     2.000  0.923E+00   0.16760E-01   0.00000E+00   0.10000E+00    0.50249E-02 -274.41         test_P_all
.9900E+00     2.000  0.902E+00   0.15745E-01   0.00000E+00   0.10000E+00    0.50249E-02 -281.14         test_P_all
.1000E+01     2.000  0.882E+00   0.14784E-01   0.00000E+00   0.10000E+00    0.50249E-02 -287.59         test_P_all
.1000E-01     5.000  0.496E+03   0.46452E+00   0.00000E+00   0.10000E+00    0.50249E-02 5262.28         test_P_all
.2000E-01     5.000  0.246E+03   0.41853E+00   0.00000E+00   0.10000E+00    0.50249E-02 4018.36         test_P_all
.3000E-01     5.000  0.163E+03   0.39966E+00   0.00000E+00   0.10000E+00    0.50249E-02 3556.19         test_P_all
.4000E-01     5.000  0.121E+03   0.39367E+00   0.00000E+00   0.10000E+00    0.50249E-02 3415.64         test_P_all
.5000E-01     5.000  0.959E+02   0.38945E+00   0.00000E+00   0.10000E+00    0.50249E-02 3317.97         test_P_all
.6000E-01     5.000  0.792E+02   0.38782E+00   0.00000E+00   0.10000E+00    0.50249E-02 3280.91         test_P_all
.7000E-01     5.000  0.673E+02   0.38604E+00   0.00000E+00   0.10000E+00    0.50249E-02 3240.36         test_P_all
.8000E-01     5.000  0.584E+02   0.38436E+00   0.00000E+00   0.10000E+00    0.50249E-02 3202.41         test_P_all
.9000E-01     5.000  0.514E+02   0.38251E+00   0.00000E+00   0.10000E+00    0.50249E-02 3160.89         test_P_all
.1000E+00     5.000  0.459E+02   0.38044E+00   0.00000E+00   0.10000E+00    0.50249E-02 3114.69         test_P_all
.1100E+00     5.000  0.413E+02   0.37829E+00   0.00000E+00   0.10000E+00    0.50249E-02 3067.13         test_P_all
.1200E+00     5.000  0.375E+02   0.37603E+00   0.00000E+00   0.10000E+00    0.50249E-02 3017.56         test_P_all
.1300E+00     5.000  0.343E+02   0.37362E+00   0.00000E+00   0.10000E+00    0.50249E-02 2965.17         test_P_all
.1400E+00     5.000  0.316E+02   0.37110E+00   0.00000E+00   0.10000E+00    0.50249E-02 2910.74         test_P_all
.1500E+00     5.000  0.292E+02   0.36842E+00   0.00000E+00   0.10000E+00    0.50249E-02 2853.54         test_P_all
.1600E+00     5.000  0.271E+02   0.36556E+00   0.00000E+00   0.10000E+00    0.50249E-02 2792.98         test_P_all
.1700E+00     5.000  0.253E+02   0.36251E+00   0.00000E+00   0.10000E+00    0.50249E-02 2729.09         test_P_all
.1800E+00     5.000  0.237E+02   0.35924E+00   0.00000E+00   0.10000E+00    0.50249E-02 2661.57         test_P_all
.1900E+00     5.000  0.222E+02   0.35571E+00   0.00000E+00   0.10000E+00    0.50249E-02 2589.67         test_P_all
.2000E+00     5.000  0.209E+02   0.35195E+00   0.00000E+00   0.10000E+00    0.50249E-02 2514.03         test_P_all
.2100E+00     5.000  0.197E+02   0.34790E+00   0.00000E+00   0.10000E+00    0.50249E-02 2433.92         test_P_all
.2200E+00     5.000  0.186E+02   0.34359E+00   0.00000E+00   0.10000E+00    0.50249E-02 2349.87         test_P_all
.2300E+00     5.000  0.176E+02   0.33901E+00   0.00000E+00   0.10000E+00    0.50249E-02 2262.39         test_P_all
.2400E+00     5.000  0.167E+02   0.33414E+00   0.00000E+00   0.10000E+00    0.50249E-02 2171.06         test_P_all
.2500E+00     5.000  0.159E+02   0.32899E+00   0.00000E+00   0.10000E+00    0.50249E-02 2076.78         test_P_all
.2600E+00     5.000  0.151E+02   0.32358E+00   0.00000E+00   0.10000E+00    0.50249E-02 1979.73         test_P_all
.2700E+00     5.000  0.144E+02   0.31790E+00   0.00000E+00   0.10000E+00    0.50249E-02 1880.46         test_P_all
.2800E+00     5.000  0.137E+02   0.31198E+00   0.00000E+00   0.10000E+00    0.50249E-02 1779.66         test_P_all
.2900E+00     5.000  0.131E+02   0.30582E+00   0.00000E+00   0.10000E+00    0.50249E-02 1677.71         test_P_all
.3000E+00     5.000  0.125E+02   0.29944E+00   0.00000E+00   0.10000E+00    0.18868E-02 *******         test_P_all
.3100E+00     5.000  0.120E+02   0.29287E+00   0.00000E+00   0.10000E+00    0.50249E-02 1473.23         test_P_all
.3200E+00     5.000  0.115E+02   0.28611E+00   0.00000E+00   0.10000E+00    0.50249E-02 1371.83         test_P_all
.3300E+00     5.000  0.110E+02   0.27920E+00   0.00000E+00   0.10000E+00    0.50249E-02 1271.76         test_P_all
.3400E+00     5.000  0.106E+02   0.27214E+00   0.00000E+00   0.10000E+00    0.50249E-02 1173.58         test_P_all
.3500E+00     5.000  0.102E+02   0.26497E+00   0.00000E+00   0.10000E+00    0.50249E-02 1077.76         test_P_all
.3600E+00     5.000  0.977E+01   0.25769E+00   0.00000E+00   0.10000E+00    0.50249E-02  984.75         test_P_all
.3700E+00     5.000  0.940E+01   0.25033E+00   0.00000E+00   0.10000E+00    0.50249E-02  895.02         test_P_all
.3800E+00     5.000  0.904E+01   0.24291E+00   0.00000E+00   0.10000E+00    0.50249E-02  808.86         test_P_all
.3900E+00     5.000  0.870E+01   0.23545E+00   0.00000E+00   0.10000E+00    0.50249E-02  726.59         test_P_all
.4000E+00     5.000  0.838E+01   0.22796E+00   0.00000E+00   0.10000E+00    0.17692E-02 5231.52         test_P_all
.4100E+00     5.000  0.808E+01   0.22047E+00   0.00000E+00   0.10000E+00    0.50249E-02  574.75         test_P_all
.4200E+00     5.000  0.779E+01   0.21298E+00   0.00000E+00   0.10000E+00    0.50249E-02  505.53         test_P_all
.4300E+00     5.000  0.751E+01   0.20552E+00   0.00000E+00   0.10000E+00    0.50249E-02  440.96         test_P_all
.4400E+00     5.000  0.725E+01   0.19809E+00   0.00000E+00   0.10000E+00    0.50249E-02  381.07         test_P_all
.4500E+00     5.000  0.699E+01   0.19072E+00   0.00000E+00   0.10000E+00    0.50249E-02  325.96         test_P_all
.4600E+00     5.000  0.675E+01   0.18342E+00   0.00000E+00   0.10000E+00    0.50249E-02  275.57         test_P_all
.4700E+00     5.000  0.652E+01   0.17619E+00   0.00000E+00   0.10000E+00    0.50249E-02  229.87         test_P_all
.4800E+00     5.000  0.630E+01   0.16905E+00   0.00000E+00   0.10000E+00    0.50249E-02  188.82         test_P_all
.4900E+00     5.000  0.609E+01   0.16201E+00   0.00000E+00   0.10000E+00    0.50249E-02  152.29         test_P_all
.5000E+00     5.000  0.588E+01   0.15508E+00   0.00000E+00   0.10000E+00    0.17692E-02  969.39         test_P_all
.5100E+00     5.000  0.569E+01   0.14828E+00   0.00000E+00   0.10000E+00    0.50249E-02   92.31         test_P_all
.5200E+00     5.000  0.550E+01   0.14160E+00   0.00000E+00   0.10000E+00    0.50249E-02   68.55         test_P_all
.5300E+00     5.000  0.532E+01   0.13507E+00   0.00000E+00   0.10000E+00    0.50249E-02   48.70         test_P_all
.5400E+00     5.000  0.514E+01   0.12867E+00   0.00000E+00   0.10000E+00    0.50249E-02   32.56         test_P_all
.5500E+00     5.000  0.497E+01   0.12243E+00   0.00000E+00   0.10000E+00    0.50249E-02   19.93         test_P_all
.5600E+00     5.000  0.481E+01   0.11635E+00   0.00000E+00   0.10000E+00    0.50249E-02   10.59         test_P_all
.5700E+00     5.000  0.465E+01   0.11043E+00   0.00000E+00   0.10000E+00    0.50249E-02    4.31         test_P_all
.5800E+00     5.000  0.450E+01   0.10468E+00   0.00000E+00   0.10000E+00    0.50249E-02    0.87         test_P_all
.5900E+00     5.000  0.436E+01   0.99105E-01   0.00000E+00   0.10000E+00    0.50249E-02   -0.03         test_P_all
.6000E+00     5.000  0.422E+01   0.93701E-01   0.00000E+00   0.10000E+00    0.17692E-02  -12.68         test_P_all
.6100E+00     5.000  0.408E+01   0.88473E-01   0.00000E+00   0.10000E+00    0.50249E-02   -5.26         test_P_all
.6200E+00     5.000  0.395E+01   0.83426E-01   0.00000E+00   0.10000E+00    0.50249E-02  -10.88         test_P_all
.6300E+00     5.000  0.382E+01   0.78559E-01   0.00000E+00   0.10000E+00    0.50249E-02  -18.21         test_P_all
.6400E+00     5.000  0.369E+01   0.73872E-01   0.00000E+00   0.10000E+00    0.50249E-02  -27.04         test_P_all
.6500E+00     5.000  0.357E+01   0.69367E-01   0.00000E+00   0.10000E+00    0.50249E-02  -37.16         test_P_all
.6600E+00     5.000  0.346E+01   0.65044E-01   0.00000E+00   0.10000E+00    0.50249E-02  -48.39         test_P_all
.6700E+00     5.000  0.334E+01   0.60898E-01   0.00000E+00   0.10000E+00    0.50249E-02  -60.55         test_P_all
.6800E+00     5.000  0.323E+01   0.56932E-01   0.00000E+00   0.10000E+00    0.50249E-02  -73.46         test_P_all
.6900E+00     5.000  0.313E+01   0.53142E-01   0.00000E+00   0.10000E+00    0.50249E-02  -86.96         test_P_all
.7000E+00     5.000  0.302E+01   0.49526E-01   0.00000E+00   0.10000E+00    0.17692E-02 -813.95         test_P_all
.7100E+00     5.000  0.292E+01   0.46081E-01   0.00000E+00   0.10000E+00    0.50249E-02 -115.14         test_P_all
.7200E+00     5.000  0.283E+01   0.42806E-01   0.00000E+00   0.10000E+00    0.50249E-02 -129.55         test_P_all
.7300E+00     5.000  0.273E+01   0.39694E-01   0.00000E+00   0.10000E+00    0.50249E-02 -144.03         test_P_all
.7400E+00     5.000  0.264E+01   0.36745E-01   0.00000E+00   0.10000E+00    0.50249E-02 -158.46         test_P_all
.7500E+00     5.000  0.255E+01   0.33954E-01   0.00000E+00   0.10000E+00    0.50249E-02 -172.76         test_P_all
.7600E+00     5.000  0.246E+01   0.31315E-01   0.00000E+00   0.10000E+00    0.50249E-02 -186.84         test_P_all
.7700E+00     5.000  0.238E+01   0.28826E-01   0.00000E+00   0.10000E+00    0.50249E-02 -200.63         test_P_all
.7800E+00     5.000  0.229E+01   0.26482E-01   0.00000E+00   0.10000E+00    0.50249E-02 -214.05         test_P_all
.7900E+00     5.000  0.221E+01   0.24278E-01   0.00000E+00   0.10000E+00    0.50249E-02 -227.08         test_P_all
.8000E+00     5.000  0.213E+01   0.22209E-01   0.00000E+00   0.10000E+00    0.17692E-02 *******         test_P_all
.8100E+00     5.000  0.205E+01   0.20272E-01   0.00000E+00   0.10000E+00    0.50249E-02 -251.74         test_P_all
.8200E+00     5.000  0.198E+01   0.18461E-01   0.00000E+00   0.10000E+00    0.50249E-02 -263.31         test_P_all
.8300E+00     5.000  0.191E+01   0.16770E-01   0.00000E+00   0.10000E+00    0.50249E-02 -274.34         test_P_all
.8400E+00     5.000  0.183E+01   0.15196E-01   0.00000E+00   0.10000E+00    0.50249E-02 -284.82         test_P_all
.8500E+00     5.000  0.176E+01   0.13733E-01   0.00000E+00   0.10000E+00    0.50249E-02 -294.73         test_P_all
.8600E+00     5.000  0.170E+01   0.12376E-01   0.00000E+00   0.10000E+00    0.50249E-02 -304.08         test_P_all
.8700E+00     5.000  0.163E+01   0.11120E-01   0.00000E+00   0.10000E+00    0.50249E-02 -312.86         test_P_all
.8800E+00     5.000  0.156E+01   0.99617E-02   0.00000E+00   0.10000E+00    0.50249E-02 -321.07         test_P_all
.8900E+00     5.000  0.150E+01   0.88945E-02   0.00000E+00   0.10000E+00    0.50249E-02 -328.72         test_P_all
.9000E+00     5.000  0.144E+01   0.79139E-02   0.00000E+00   0.10000E+00    0.17692E-02 *******         test_P_all
.9100E+00     5.000  0.138E+01   0.70157E-02   0.00000E+00   0.10000E+00    0.50249E-02 -342.42         test_P_all
.9200E+00     5.000  0.132E+01   0.61957E-02   0.00000E+00   0.10000E+00    0.50249E-02 -348.49         test_P_all
.9300E+00     5.000  0.126E+01   0.54487E-02   0.00000E+00   0.10000E+00    0.50249E-02 -354.06         test_P_all
.9400E+00     5.000  0.120E+01   0.47704E-02   0.00000E+00   0.10000E+00    0.50249E-02 -359.16         test_P_all
.9500E+00     5.000  0.114E+01   0.41570E-02   0.00000E+00   0.10000E+00    0.50249E-02 -363.80         test_P_all
.9600E+00     5.000  0.109E+01   0.36040E-02   0.00000E+00   0.10000E+00    0.50249E-02 -368.01         test_P_all
.9700E+00     5.000  0.104E+01   0.31075E-02   0.00000E+00   0.10000E+00    0.50249E-02 -371.81         test_P_all
.9800E+00     5.000  0.984E+00   0.26634E-02   0.00000E+00   0.10000E+00    0.50249E-02 -375.22         test_P_all
.9900E+00     5.000  0.932E+00   0.22681E-02   0.00000E+00   0.10000E+00    0.50249E-02 -378.28         test_P_all
.1000E+01     5.000  0.882E+00   0.19179E-02   0.00000E+00   0.10000E+00    0.50249E-02 -380.99         test_P_all
.1000E-01    10.000  0.991E+03   0.54542E+00   0.00000E+00   0.10000E+00    0.50249E-02 7857.44         test_P_all
.2000E-01    10.000  0.491E+03   0.47599E+00   0.00000E+00   0.10000E+00    0.50249E-02 5598.88         test_P_all
.3000E-01    10.000  0.324E+03   0.44355E+00   0.00000E+00   0.10000E+00    0.50249E-02 4674.45         test_P_all
.4000E-01    10.000  0.241E+03   0.42920E+00   0.00000E+00   0.10000E+00    0.50249E-02 4291.92         test_P_all
.5000E-01    10.000  0.191E+03   0.41762E+00   0.00000E+00   0.10000E+00    0.50249E-02 3995.41         test_P_all
.6000E-01    10.000  0.158E+03   0.41052E+00   0.00000E+00   0.10000E+00    0.50249E-02 3818.82         test_P_all
.7000E-01    10.000  0.134E+03   0.40394E+00   0.00000E+00   0.10000E+00    0.50249E-02 3658.48         test_P_all
.8000E-01    10.000  0.116E+03   0.39836E+00   0.00000E+00   0.10000E+00    0.50249E-02 3525.42         test_P_all
.9000E-01    10.000  0.102E+03   0.39311E+00   0.00000E+00   0.10000E+00    0.50249E-02 3402.47         test_P_all
.1000E+00    10.000  0.909E+02   0.38820E+00   0.00000E+00   0.10000E+00    0.50249E-02 3289.50         test_P_all
.1100E+00    10.000  0.818E+02   0.38346E+00   0.00000E+00   0.10000E+00    0.50249E-02 3182.21         test_P_all
.1200E+00    10.000  0.742E+02   0.37900E+00   0.00000E+00   0.10000E+00    0.50249E-02 3082.76         test_P_all
.1300E+00    10.000  0.678E+02   0.37464E+00   0.00000E+00   0.10000E+00    0.50249E-02 2987.10         test_P_all
.1400E+00    10.000  0.623E+02   0.37030E+00   0.00000E+00   0.10000E+00    0.50249E-02 2893.65         test_P_all
.1500E+00    10.000  0.575E+02   0.36600E+00   0.00000E+00   0.10000E+00    0.50249E-02 2802.22         test_P_all
.1600E+00    10.000  0.534E+02   0.36160E+00   0.00000E+00   0.10000E+00    0.50249E-02 2710.38         test_P_all
.1700E+00    10.000  0.497E+02   0.35713E+00   0.00000E+00   0.10000E+00    0.50249E-02 2618.47         test_P_all
.1800E+00    10.000  0.464E+02   0.35254E+00   0.00000E+00   0.10000E+00    0.50249E-02 2525.75         test_P_all
.1900E+00    10.000  0.435E+02   0.34776E+00   0.00000E+00   0.10000E+00    0.50249E-02 2431.16         test_P_all
.2000E+00    10.000  0.409E+02   0.34283E+00   0.00000E+00   0.10000E+00    0.50249E-02 2335.35         test_P_all
.2100E+00    10.000  0.385E+02   0.33768E+00   0.00000E+00   0.10000E+00    0.50249E-02 2237.33         test_P_all
.2200E+00    10.000  0.363E+02   0.33233E+00   0.00000E+00   0.10000E+00    0.50249E-02 2137.66         test_P_all
.2300E+00    10.000  0.344E+02   0.32676E+00   0.00000E+00   0.10000E+00    0.50249E-02 2036.52         test_P_all
.2400E+00    10.000  0.325E+02   0.32097E+00   0.00000E+00   0.10000E+00    0.50249E-02 1933.79         test_P_all
.2500E+00    10.000  0.309E+02   0.31497E+00   0.00000E+00   0.10000E+00    0.50249E-02 1830.22         test_P_all
.2600E+00    10.000  0.293E+02   0.30876E+00   0.00000E+00   0.10000E+00    0.50249E-02 1725.89         test_P_all
.2700E+00    10.000  0.279E+02   0.30234E+00   0.00000E+00   0.10000E+00    0.50249E-02 1621.38         test_P_all
.2800E+00    10.000  0.266E+02   0.29574E+00   0.00000E+00   0.10000E+00    0.50249E-02 1517.44         test_P_all
.2900E+00    10.000  0.254E+02   0.28897E+00   0.00000E+00   0.10000E+00    0.50249E-02 1414.22         test_P_all
.3000E+00    10.000  0.242E+02   0.28203E+00   0.00000E+00   0.10000E+00    0.18868E-02 9308.03         test_P_all
.3100E+00    10.000  0.231E+02   0.27496E+00   0.00000E+00   0.10000E+00    0.50249E-02 1212.27         test_P_all
.3200E+00    10.000  0.221E+02   0.26775E+00   0.00000E+00   0.10000E+00    0.50249E-02 1114.46         test_P_all
.3300E+00    10.000  0.212E+02   0.26043E+00   0.00000E+00   0.10000E+00    0.50249E-02 1019.38         test_P_all
.3400E+00    10.000  0.203E+02   0.25303E+00   0.00000E+00   0.10000E+00    0.50249E-02  927.46         test_P_all
.3500E+00    10.000  0.195E+02   0.24555E+00   0.00000E+00   0.10000E+00    0.50249E-02  839.02         test_P_all
.3600E+00    10.000  0.187E+02   0.23802E+00   0.00000E+00   0.10000E+00    0.50249E-02  754.42         test_P_all
.3700E+00    10.000  0.179E+02   0.23045E+00   0.00000E+00   0.10000E+00    0.50249E-02  673.95         test_P_all
.3800E+00    10.000  0.172E+02   0.22286E+00   0.00000E+00   0.10000E+00    0.50249E-02  597.78         test_P_all
.3900E+00    10.000  0.165E+02   0.21527E+00   0.00000E+00   0.10000E+00    0.50249E-02  526.19         test_P_all
.4000E+00    10.000  0.159E+02   0.20769E+00   0.00000E+00   0.10000E+00    0.17692E-02 3704.83         test_P_all
.4100E+00    10.000  0.153E+02   0.20013E+00   0.00000E+00   0.10000E+00    0.50249E-02  397.07         test_P_all
.4200E+00    10.000  0.147E+02   0.19262E+00   0.00000E+00   0.10000E+00    0.50249E-02  339.72         test_P_all
.4300E+00    10.000  0.141E+02   0.18516E+00   0.00000E+00   0.10000E+00    0.50249E-02  287.19         test_P_all
.4400E+00    10.000  0.136E+02   0.17776E+00   0.00000E+00   0.10000E+00    0.50249E-02  239.50         test_P_all
.4500E+00    10.000  0.131E+02   0.17045E+00   0.00000E+00   0.10000E+00    0.50249E-02  196.58         test_P_all
.4600E+00    10.000  0.126E+02   0.16323E+00   0.00000E+00   0.10000E+00    0.50249E-02  158.33         test_P_all
.4700E+00    10.000  0.122E+02   0.15611E+00   0.00000E+00   0.10000E+00    0.50249E-02  124.69         test_P_all
.4800E+00    10.000  0.117E+02   0.14910E+00   0.00000E+00   0.10000E+00    0.50249E-02   95.49         test_P_all
.4900E+00    10.000  0.113E+02   0.14222E+00   0.00000E+00   0.10000E+00    0.50249E-02   70.59         test_P_all
.5000E+00    10.000  0.109E+02   0.13547E+00   0.00000E+00   0.10000E+00    0.17692E-02  401.89         test_P_all
.5100E+00    10.000  0.105E+02   0.12885E+00   0.00000E+00   0.10000E+00    0.50249E-02   32.97         test_P_all
.5200E+00    10.000  0.101E+02   0.12239E+00   0.00000E+00   0.10000E+00    0.50249E-02   19.85         test_P_all
.5300E+00    10.000  0.975E+01   0.11608E+00   0.00000E+00   0.10000E+00    0.50249E-02   10.24         test_P_all
.5400E+00    10.000  0.940E+01   0.10992E+00   0.00000E+00   0.10000E+00    0.50249E-02    3.90         test_P_all
.5500E+00    10.000  0.906E+01   0.10394E+00   0.00000E+00   0.10000E+00    0.50249E-02    0.62         test_P_all
.5600E+00    10.000  0.874E+01   0.98132E-01   0.00000E+00   0.10000E+00    0.50249E-02   -0.14         test_P_all
.5700E+00    10.000  0.843E+01   0.92497E-01   0.00000E+00   0.10000E+00    0.50249E-02   -2.23         test_P_all
.5800E+00    10.000  0.812E+01   0.87044E-01   0.00000E+00   0.10000E+00    0.50249E-02   -6.65         test_P_all
.5900E+00    10.000  0.783E+01   0.81772E-01   0.00000E+00   0.10000E+00    0.50249E-02  -13.16         test_P_all
.6000E+00    10.000  0.755E+01   0.76688E-01   0.00000E+00   0.10000E+00    0.17692E-02 -173.62         test_P_all
.6100E+00    10.000  0.728E+01   0.71793E-01   0.00000E+00   0.10000E+00    0.50249E-02  -31.51         test_P_all
.6200E+00    10.000  0.701E+01   0.67085E-01   0.00000E+00   0.10000E+00    0.50249E-02  -42.91         test_P_all
.6300E+00    10.000  0.675E+01   0.62570E-01   0.00000E+00   0.10000E+00    0.50249E-02  -55.49         test_P_all
.6400E+00    10.000  0.651E+01   0.58243E-01   0.00000E+00   0.10000E+00    0.50249E-02  -69.05         test_P_all
.6500E+00    10.000  0.627E+01   0.54106E-01   0.00000E+00   0.10000E+00    0.50249E-02  -83.42         test_P_all
.6600E+00    10.000  0.603E+01   0.50160E-01   0.00000E+00   0.10000E+00    0.50249E-02  -98.38         test_P_all
.6700E+00    10.000  0.581E+01   0.46400E-01   0.00000E+00   0.10000E+00    0.50249E-02 -113.78         test_P_all
.6800E+00    10.000  0.559E+01   0.42825E-01   0.00000E+00   0.10000E+00    0.50249E-02 -129.46         test_P_all
.6900E+00    10.000  0.537E+01   0.39435E-01   0.00000E+00   0.10000E+00    0.50249E-02 -145.27         test_P_all
.7000E+00    10.000  0.517E+01   0.36224E-01   0.00000E+00   0.10000E+00    0.17692E-02 *******         test_P_all
.7100E+00    10.000  0.497E+01   0.33190E-01   0.00000E+00   0.10000E+00    0.50249E-02 -176.77         test_P_all
.7200E+00    10.000  0.477E+01   0.30331E-01   0.00000E+00   0.10000E+00    0.50249E-02 -192.23         test_P_all
.7300E+00    10.000  0.458E+01   0.27641E-01   0.00000E+00   0.10000E+00    0.50249E-02 -207.36         test_P_all
.7400E+00    10.000  0.440E+01   0.25117E-01   0.00000E+00   0.10000E+00    0.50249E-02 -222.08         test_P_all
.7500E+00    10.000  0.422E+01   0.22754E-01   0.00000E+00   0.10000E+00    0.50249E-02 -236.31         test_P_all
.7600E+00    10.000  0.404E+01   0.20547E-01   0.00000E+00   0.10000E+00    0.50249E-02 -250.01         test_P_all
.7700E+00    10.000  0.387E+01   0.18493E-01   0.00000E+00   0.10000E+00    0.50249E-02 -263.11         test_P_all
.7800E+00    10.000  0.370E+01   0.16584E-01   0.00000E+00   0.10000E+00    0.50249E-02 -275.57         test_P_all
.7900E+00    10.000  0.354E+01   0.14816E-01   0.00000E+00   0.10000E+00    0.50249E-02 -287.38         test_P_all
.8000E+00    10.000  0.338E+01   0.13184E-01   0.00000E+00   0.10000E+00    0.17692E-02 *******         test_P_all
.8100E+00    10.000  0.323E+01   0.11682E-01   0.00000E+00   0.10000E+00    0.50249E-02 -308.92         test_P_all
.8200E+00    10.000  0.308E+01   0.10304E-01   0.00000E+00   0.10000E+00    0.50249E-02 -318.63         test_P_all
.8300E+00    10.000  0.293E+01   0.90443E-02   0.00000E+00   0.10000E+00    0.50249E-02 -327.64         test_P_all
.8400E+00    10.000  0.279E+01   0.78975E-02   0.00000E+00   0.10000E+00    0.50249E-02 -335.96         test_P_all
.8500E+00    10.000  0.265E+01   0.68572E-02   0.00000E+00   0.10000E+00    0.50249E-02 -343.59         test_P_all
.8600E+00    10.000  0.251E+01   0.59184E-02   0.00000E+00   0.10000E+00    0.50249E-02 -350.55         test_P_all
.8700E+00    10.000  0.238E+01   0.50747E-02   0.00000E+00   0.10000E+00    0.50249E-02 -356.86         test_P_all
.8800E+00    10.000  0.225E+01   0.43202E-02   0.00000E+00   0.10000E+00    0.50249E-02 -362.56         test_P_all
.8900E+00    10.000  0.212E+01   0.36493E-02   0.00000E+00   0.10000E+00    0.50249E-02 -367.66         test_P_all
.9000E+00    10.000  0.199E+01   0.30564E-02   0.00000E+00   0.10000E+00    0.17692E-02 *******         test_P_all
.9100E+00    10.000  0.187E+01   0.25360E-02   0.00000E+00   0.10000E+00    0.50249E-02 -376.21         test_P_all
.9200E+00    10.000  0.175E+01   0.20819E-02   0.00000E+00   0.10000E+00    0.50249E-02 -379.72         test_P_all
.9300E+00    10.000  0.163E+01   0.16895E-02   0.00000E+00   0.10000E+00    0.50249E-02 -382.77         test_P_all
.9400E+00    10.000  0.152E+01   0.13536E-02   0.00000E+00   0.10000E+00    0.50249E-02 -385.39         test_P_all
.9500E+00    10.000  0.141E+01   0.10678E-02   0.00000E+00   0.10000E+00    0.50249E-02 -387.63         test_P_all
.9600E+00    10.000  0.130E+01   0.82853E-03   0.00000E+00   0.10000E+00    0.50249E-02 -389.50         test_P_all
.9700E+00    10.000  0.119E+01   0.63111E-03   0.00000E+00   0.10000E+00    0.50249E-02 -391.06         test_P_all
.9800E+00    10.000  0.109E+01   0.46897E-03   0.00000E+00   0.10000E+00    0.50249E-02 -392.33         test_P_all
.9900E+00    10.000  0.983E+00   0.33947E-03   0.00000E+00   0.10000E+00    0.50249E-02 -393.36         test_P_all
.1000E+01    10.000  0.882E+00   0.23878E-03   0.00000E+00   0.10000E+00    0.50249E-02 -394.15         test_P_all
.1000E-01    20.000  0.198E+04   0.62521E+00   0.00000E+00   0.10000E+00    0.50249E-02 *******         test_P_all
.2000E-01    20.000  0.981E+03   0.52998E+00   0.00000E+00   0.10000E+00    0.50249E-02 7322.14         test_P_all
.3000E-01    20.000  0.648E+03   0.48319E+00   0.00000E+00   0.10000E+00    0.50249E-02 5815.33         test_P_all
.4000E-01    20.000  0.481E+03   0.46045E+00   0.00000E+00   0.10000E+00    0.50249E-02 5145.56         test_P_all
.5000E-01    20.000  0.381E+03   0.44164E+00   0.00000E+00   0.10000E+00    0.50249E-02 4622.39         test_P_all
.6000E-01    20.000  0.314E+03   0.42931E+00   0.00000E+00   0.10000E+00    0.50249E-02 4294.79         test_P_all
.7000E-01    20.000  0.267E+03   0.41814E+00   0.00000E+00   0.10000E+00    0.50249E-02 4008.37         test_P_all
.8000E-01    20.000  0.231E+03   0.40909E+00   0.00000E+00   0.10000E+00    0.50249E-02 3783.65         test_P_all
.9000E-01    20.000  0.203E+03   0.40086E+00   0.00000E+00   0.10000E+00    0.50249E-02 3584.80         test_P_all
.1000E+00    20.000  0.181E+03   0.39350E+00   0.00000E+00   0.10000E+00    0.50249E-02 3411.62         test_P_all
.1100E+00    20.000  0.163E+03   0.38664E+00   0.00000E+00   0.10000E+00    0.50249E-02 3253.90         test_P_all
.1200E+00    20.000  0.148E+03   0.38024E+00   0.00000E+00   0.10000E+00    0.50249E-02 3110.30         test_P_all
.1300E+00    20.000  0.135E+03   0.37418E+00   0.00000E+00   0.10000E+00    0.50249E-02 2977.18         test_P_all
.1400E+00    20.000  0.124E+03   0.36830E+00   0.00000E+00   0.10000E+00    0.50249E-02 2850.81         test_P_all
.1500E+00    20.000  0.114E+03   0.36260E+00   0.00000E+00   0.10000E+00    0.50249E-02 2731.05         test_P_all
.1600E+00    20.000  0.106E+03   0.35690E+00   0.00000E+00   0.10000E+00    0.50249E-02 2613.86         test_P_all
.1700E+00    20.000  0.985E+02   0.35123E+00   0.00000E+00   0.10000E+00    0.50249E-02 2499.69         test_P_all
.1800E+00    20.000  0.920E+02   0.34552E+00   0.00000E+00   0.10000E+00    0.50249E-02 2387.34         test_P_all
.1900E+00    20.000  0.861E+02   0.33970E+00   0.00000E+00   0.10000E+00    0.50249E-02 2275.45         test_P_all
.2000E+00    20.000  0.809E+02   0.33379E+00   0.00000E+00   0.10000E+00    0.50249E-02 2164.63         test_P_all
.2100E+00    20.000  0.761E+02   0.32771E+00   0.00000E+00   0.10000E+00    0.50249E-02 2053.59         test_P_all
.2200E+00    20.000  0.718E+02   0.32150E+00   0.00000E+00   0.10000E+00    0.50249E-02 1942.98         test_P_all
.2300E+00    20.000  0.678E+02   0.31513E+00   0.00000E+00   0.10000E+00    0.50249E-02 1832.82         test_P_all
.2400E+00    20.000  0.642E+02   0.30858E+00   0.00000E+00   0.10000E+00    0.50249E-02 1723.00         test_P_all
.2500E+00    20.000  0.609E+02   0.30189E+00   0.00000E+00   0.10000E+00    0.50249E-02 1614.17         test_P_all
.2600E+00    20.000  0.578E+02   0.29503E+00   0.00000E+00   0.10000E+00    0.50249E-02 1506.35         test_P_all
.2700E+00    20.000  0.550E+02   0.28802E+00   0.00000E+00   0.10000E+00    0.50249E-02 1400.09         test_P_all
.2800E+00    20.000  0.523E+02   0.28088E+00   0.00000E+00   0.10000E+00    0.50249E-02 1295.79         test_P_all
.2900E+00    20.000  0.498E+02   0.27362E+00   0.00000E+00   0.10000E+00    0.50249E-02 1193.77         test_P_all
.3000E+00    20.000  0.475E+02   0.26624E+00   0.00000E+00   0.10000E+00    0.18868E-02 7762.62         test_P_all
.3100E+00    20.000  0.454E+02   0.25878E+00   0.00000E+00   0.10000E+00    0.50249E-02  998.45         test_P_all
.3200E+00    20.000  0.434E+02   0.25124E+00   0.00000E+00   0.10000E+00    0.50249E-02  905.91         test_P_all
.3300E+00    20.000  0.415E+02   0.24365E+00   0.00000E+00   0.10000E+00    0.50249E-02  817.19         test_P_all
.3400E+00    20.000  0.397E+02   0.23601E+00   0.00000E+00   0.10000E+00    0.50249E-02  732.58         test_P_all
.3500E+00    20.000  0.380E+02   0.22834E+00   0.00000E+00   0.10000E+00    0.50249E-02  652.30         test_P_all
.3600E+00    20.000  0.364E+02   0.22066E+00   0.00000E+00   0.10000E+00    0.50249E-02  576.59         test_P_all
.3700E+00    20.000  0.349E+02   0.21299E+00   0.00000E+00   0.10000E+00    0.50249E-02  505.58         test_P_all
.3800E+00    20.000  0.335E+02   0.20533E+00   0.00000E+00   0.10000E+00    0.50249E-02  439.40         test_P_all
.3900E+00    20.000  0.322E+02   0.19771E+00   0.00000E+00   0.10000E+00    0.50249E-02  378.14         test_P_all
.4000E+00    20.000  0.309E+02   0.19014E+00   0.00000E+00   0.10000E+00    0.17692E-02 2596.01         test_P_all
.4100E+00    20.000  0.297E+02   0.18263E+00   0.00000E+00   0.10000E+00    0.50249E-02  270.42         test_P_all
.4200E+00    20.000  0.285E+02   0.17520E+00   0.00000E+00   0.10000E+00    0.50249E-02  223.94         test_P_all
.4300E+00    20.000  0.274E+02   0.16784E+00   0.00000E+00   0.10000E+00    0.50249E-02  182.28         test_P_all
.4400E+00    20.000  0.263E+02   0.16059E+00   0.00000E+00   0.10000E+00    0.50249E-02  145.39         test_P_all
.4500E+00    20.000  0.253E+02   0.15344E+00   0.00000E+00   0.10000E+00    0.50249E-02  113.10         test_P_all
.4600E+00    20.000  0.244E+02   0.14641E+00   0.00000E+00   0.10000E+00    0.50249E-02   85.30         test_P_all
.4700E+00    20.000  0.234E+02   0.13951E+00   0.00000E+00   0.10000E+00    0.50249E-02   61.81         test_P_all
.4800E+00    20.000  0.225E+02   0.13273E+00   0.00000E+00   0.10000E+00    0.50249E-02   42.44         test_P_all
.4900E+00    20.000  0.217E+02   0.12611E+00   0.00000E+00   0.10000E+00    0.50249E-02   27.00         test_P_all
.5000E+00    20.000  0.209E+02   0.11963E+00   0.00000E+00   0.10000E+00    0.17692E-02  123.14         test_P_all
.5100E+00    20.000  0.201E+02   0.11331E+00   0.00000E+00   0.10000E+00    0.50249E-02    7.02         test_P_all
.5200E+00    20.000  0.193E+02   0.10716E+00   0.00000E+00   0.10000E+00    0.50249E-02    2.03         test_P_all
.5300E+00    20.000  0.186E+02   0.10117E+00   0.00000E+00   0.10000E+00    0.50249E-02    0.05         test_P_all
.5400E+00    20.000  0.179E+02   0.95358E-01   0.00000E+00   0.10000E+00    0.50249E-02   -0.85         test_P_all
.5500E+00    20.000  0.172E+02   0.89725E-01   0.00000E+00   0.10000E+00    0.50249E-02   -4.18         test_P_all
.5600E+00    20.000  0.166E+02   0.84273E-01   0.00000E+00   0.10000E+00    0.50249E-02   -9.80         test_P_all
.5700E+00    20.000  0.160E+02   0.79009E-01   0.00000E+00   0.10000E+00    0.50249E-02  -17.45         test_P_all
.5800E+00    20.000  0.154E+02   0.73933E-01   0.00000E+00   0.10000E+00    0.50249E-02  -26.91         test_P_all
.5900E+00    20.000  0.148E+02   0.69047E-01   0.00000E+00   0.10000E+00    0.50249E-02  -37.94         test_P_all
.6000E+00    20.000  0.142E+02   0.64354E-01   0.00000E+00   0.10000E+00    0.17692E-02 -405.95         test_P_all
.6100E+00    20.000  0.137E+02   0.59852E-01   0.00000E+00   0.10000E+00    0.50249E-02  -63.84         test_P_all
.6200E+00    20.000  0.131E+02   0.55546E-01   0.00000E+00   0.10000E+00    0.50249E-02  -78.26         test_P_all
.6300E+00    20.000  0.126E+02   0.51432E-01   0.00000E+00   0.10000E+00    0.50249E-02  -93.42         test_P_all
.6400E+00    20.000  0.121E+02   0.47510E-01   0.00000E+00   0.10000E+00    0.50249E-02 -109.12         test_P_all
.6500E+00    20.000  0.117E+02   0.43780E-01   0.00000E+00   0.10000E+00    0.50249E-02 -125.18         test_P_all
.6600E+00    20.000  0.112E+02   0.40238E-01   0.00000E+00   0.10000E+00    0.50249E-02 -141.44         test_P_all
.6700E+00    20.000  0.107E+02   0.36884E-01   0.00000E+00   0.10000E+00    0.50249E-02 -157.77         test_P_all
.6800E+00    20.000  0.103E+02   0.33715E-01   0.00000E+00   0.10000E+00    0.50249E-02 -174.01         test_P_all
.6900E+00    20.000  0.987E+01   0.30727E-01   0.00000E+00   0.10000E+00    0.50249E-02 -190.05         test_P_all
.7000E+00    20.000  0.945E+01   0.27918E-01   0.00000E+00   0.10000E+00    0.17692E-02 *******         test_P_all
.7100E+00    20.000  0.905E+01   0.25282E-01   0.00000E+00   0.10000E+00    0.50249E-02 -221.10         test_P_all
.7200E+00    20.000  0.866E+01   0.22816E-01   0.00000E+00   0.10000E+00    0.50249E-02 -235.93         test_P_all
.7300E+00    20.000  0.828E+01   0.20517E-01   0.00000E+00   0.10000E+00    0.50249E-02 -250.20         test_P_all
.7400E+00    20.000  0.791E+01   0.18377E-01   0.00000E+00   0.10000E+00    0.50249E-02 -263.85         test_P_all
.7500E+00    20.000  0.755E+01   0.16394E-01   0.00000E+00   0.10000E+00    0.50249E-02 -276.83         test_P_all
.7600E+00    20.000  0.720E+01   0.14561E-01   0.00000E+00   0.10000E+00    0.50249E-02 -289.10         test_P_all
.7700E+00    20.000  0.686E+01   0.12872E-01   0.00000E+00   0.10000E+00    0.50249E-02 -300.64         test_P_all
.7800E+00    20.000  0.652E+01   0.11323E-01   0.00000E+00   0.10000E+00    0.50249E-02 -311.43         test_P_all
.7900E+00    20.000  0.620E+01   0.99074E-02   0.00000E+00   0.10000E+00    0.50249E-02 -321.45         test_P_all
.8000E+00    20.000  0.588E+01   0.86187E-02   0.00000E+00   0.10000E+00    0.17692E-02 *******         test_P_all
.8100E+00    20.000  0.557E+01   0.74513E-02   0.00000E+00   0.10000E+00    0.50249E-02 -339.22         test_P_all
.8200E+00    20.000  0.527E+01   0.63987E-02   0.00000E+00   0.10000E+00    0.50249E-02 -346.98         test_P_all
.8300E+00    20.000  0.498E+01   0.54543E-02   0.00000E+00   0.10000E+00    0.50249E-02 -354.02         test_P_all
.8400E+00    20.000  0.469E+01   0.46123E-02   0.00000E+00   0.10000E+00    0.50249E-02 -360.35         test_P_all
.8500E+00    20.000  0.441E+01   0.38663E-02   0.00000E+00   0.10000E+00    0.50249E-02 -366.01         test_P_all
.8600E+00    20.000  0.414E+01   0.32092E-02   0.00000E+00   0.10000E+00    0.50249E-02 -371.03         test_P_all
.8700E+00    20.000  0.387E+01   0.26354E-02   0.00000E+00   0.10000E+00    0.50249E-02 -375.44         test_P_all
.8800E+00    20.000  0.361E+01   0.21386E-02   0.00000E+00   0.10000E+00    0.50249E-02 -379.28         test_P_all
.8900E+00    20.000  0.335E+01   0.17116E-02   0.00000E+00   0.10000E+00    0.50249E-02 -382.60         test_P_all
.9000E+00    20.000  0.310E+01   0.13494E-02   0.00000E+00   0.10000E+00    0.17692E-02 *******         test_P_all
.9100E+00    20.000  0.286E+01   0.10455E-02   0.00000E+00   0.10000E+00    0.50249E-02 -387.80         test_P_all
.9200E+00    20.000  0.262E+01   0.79345E-03   0.00000E+00   0.10000E+00    0.50249E-02 -389.78         test_P_all
.9300E+00    20.000  0.239E+01   0.58872E-03   0.00000E+00   0.10000E+00    0.50249E-02 -391.39         test_P_all
.9400E+00    20.000  0.216E+01   0.42463E-03   0.00000E+00   0.10000E+00    0.50249E-02 -392.68         test_P_all
.9500E+00    20.000  0.193E+01   0.29588E-03   0.00000E+00   0.10000E+00    0.50249E-02 -393.70         test_P_all
.9600E+00    20.000  0.172E+01   0.19879E-03   0.00000E+00   0.10000E+00    0.50249E-02 -394.47         test_P_all
.9700E+00    20.000  0.150E+01   0.12605E-03   0.00000E+00   0.10000E+00    0.50249E-02 -395.04         test_P_all
.9800E+00    20.000  0.129E+01   0.74685E-04   0.00000E+00   0.10000E+00    0.50249E-02 -395.45         test_P_all
.9900E+00    20.000  0.108E+01   0.41560E-04   0.00000E+00   0.10000E+00    0.50249E-02 -395.71         test_P_all
.1000E+01    20.000  0.882E+00   0.19234E-04   0.00000E+00   0.10000E+00    0.50249E-02 -395.89         test_P_all
.1000E+00    50.000  0.451E+03   0.39763E+00   0.00000E+00   0.10000E+00    0.50249E-02 3508.22         test_P_all
.1100E+00    50.000  0.405E+03   0.38829E+00   0.00000E+00   0.10000E+00    0.50249E-02 3291.45         test_P_all
.1200E+00    50.000  0.368E+03   0.37977E+00   0.00000E+00   0.10000E+00    0.50249E-02 3099.87         test_P_all
.1300E+00    50.000  0.335E+03   0.37185E+00   0.00000E+00   0.10000E+00    0.50249E-02 2926.78         test_P_all
.1400E+00    50.000  0.308E+03   0.36428E+00   0.00000E+00   0.10000E+00    0.50249E-02 2766.05         test_P_all
.1500E+00    50.000  0.284E+03   0.35707E+00   0.00000E+00   0.10000E+00    0.50249E-02 2617.32         test_P_all
.1600E+00    50.000  0.263E+03   0.34998E+00   0.00000E+00   0.10000E+00    0.50249E-02 2474.80         test_P_all
.1700E+00    50.000  0.245E+03   0.34302E+00   0.00000E+00   0.10000E+00    0.50249E-02 2339.01         test_P_all
.1800E+00    50.000  0.229E+03   0.33613E+00   0.00000E+00   0.10000E+00    0.50249E-02 2208.13         test_P_all
.1900E+00    50.000  0.214E+03   0.32920E+00   0.00000E+00   0.10000E+00    0.50249E-02 2080.48         test_P_all
.2000E+00    50.000  0.201E+03   0.32227E+00   0.00000E+00   0.10000E+00    0.50249E-02 1956.50         test_P_all
.2100E+00    50.000  0.189E+03   0.31523E+00   0.00000E+00   0.10000E+00    0.50249E-02 1834.67         test_P_all
.2200E+00    50.000  0.178E+03   0.30813E+00   0.00000E+00   0.10000E+00    0.50249E-02 1715.59         test_P_all
.2300E+00    50.000  0.168E+03   0.30094E+00   0.00000E+00   0.10000E+00    0.50249E-02 1599.12         test_P_all
.2400E+00    50.000  0.159E+03   0.29365E+00   0.00000E+00   0.10000E+00    0.50249E-02 1485.09         test_P_all
.2500E+00    50.000  0.151E+03   0.28626E+00   0.00000E+00   0.10000E+00    0.50249E-02 1374.01         test_P_all
.2600E+00    50.000  0.143E+03   0.27878E+00   0.00000E+00   0.10000E+00    0.50249E-02 1265.81         test_P_all
.2700E+00    50.000  0.136E+03   0.27121E+00   0.00000E+00   0.10000E+00    0.50249E-02 1160.94         test_P_all
.2800E+00    50.000  0.129E+03   0.26357E+00   0.00000E+00   0.10000E+00    0.50249E-02 1059.66         test_P_all
.2900E+00    50.000  0.123E+03   0.25587E+00   0.00000E+00   0.10000E+00    0.50249E-02  962.21         test_P_all
.3000E+00    50.000  0.118E+03   0.24812E+00   0.00000E+00   0.10000E+00    0.18868E-02 6162.74         test_P_all
.3100E+00    50.000  0.112E+03   0.24033E+00   0.00000E+00   0.10000E+00    0.50249E-02  779.94         test_P_all
.3200E+00    50.000  0.107E+03   0.23253E+00   0.00000E+00   0.10000E+00    0.50249E-02  695.59         test_P_all
.3300E+00    50.000  0.102E+03   0.22472E+00   0.00000E+00   0.10000E+00    0.50249E-02  616.01         test_P_all
.3400E+00    50.000  0.979E+02   0.21692E+00   0.00000E+00   0.10000E+00    0.50249E-02  541.36         test_P_all
.3500E+00    50.000  0.937E+02   0.20914E+00   0.00000E+00   0.10000E+00    0.50249E-02  471.73         test_P_all
.3600E+00    50.000  0.898E+02   0.20140E+00   0.00000E+00   0.10000E+00    0.50249E-02  407.23         test_P_all
.3700E+00    50.000  0.860E+02   0.19372E+00   0.00000E+00   0.10000E+00    0.50249E-02  347.84         test_P_all
.3800E+00    50.000  0.825E+02   0.18609E+00   0.00000E+00   0.10000E+00    0.50249E-02  293.55         test_P_all
.3900E+00    50.000  0.791E+02   0.17855E+00   0.00000E+00   0.10000E+00    0.50249E-02  244.39         test_P_all
.4000E+00    50.000  0.759E+02   0.17110E+00   0.00000E+00   0.10000E+00    0.17692E-02 1615.19         test_P_all
.4100E+00    50.000  0.728E+02   0.16375E+00   0.00000E+00   0.10000E+00    0.50249E-02  160.96         test_P_all
.4200E+00    50.000  0.699E+02   0.15651E+00   0.00000E+00   0.10000E+00    0.50249E-02  126.47         test_P_all
.4300E+00    50.000  0.672E+02   0.14939E+00   0.00000E+00   0.10000E+00    0.50249E-02   96.60         test_P_all
.4400E+00    50.000  0.645E+02   0.14239E+00   0.00000E+00   0.10000E+00    0.50249E-02   71.18         test_P_all
.4500E+00    50.000  0.620E+02   0.13554E+00   0.00000E+00   0.10000E+00    0.50249E-02   50.01         test_P_all
.4600E+00    50.000  0.596E+02   0.12882E+00   0.00000E+00   0.10000E+00    0.50249E-02   32.90         test_P_all
.4700E+00    50.000  0.573E+02   0.12226E+00   0.00000E+00   0.10000E+00    0.50249E-02   19.63         test_P_all
.4800E+00    50.000  0.550E+02   0.11586E+00   0.00000E+00   0.10000E+00    0.50249E-02    9.96         test_P_all
.4900E+00    50.000  0.529E+02   0.10962E+00   0.00000E+00   0.10000E+00    0.50249E-02    3.66         test_P_all
.5000E+00    50.000  0.509E+02   0.10355E+00   0.00000E+00   0.10000E+00    0.17692E-02    4.02         test_P_all
.5100E+00    50.000  0.489E+02   0.97653E-01   0.00000E+00   0.10000E+00    0.50249E-02   -0.22         test_P_all
.5200E+00    50.000  0.470E+02   0.91937E-01   0.00000E+00   0.10000E+00    0.50249E-02   -2.57         test_P_all
.5300E+00    50.000  0.452E+02   0.86402E-01   0.00000E+00   0.10000E+00    0.50249E-02   -7.32         test_P_all
.5400E+00    50.000  0.435E+02   0.81055E-01   0.00000E+00   0.10000E+00    0.50249E-02  -14.21         test_P_all
.5500E+00    50.000  0.418E+02   0.75894E-01   0.00000E+00   0.10000E+00    0.50249E-02  -23.01         test_P_all
.5600E+00    50.000  0.402E+02   0.70924E-01   0.00000E+00   0.10000E+00    0.50249E-02  -33.48         test_P_all
.5700E+00    50.000  0.386E+02   0.66147E-01   0.00000E+00   0.10000E+00    0.50249E-02  -45.39         test_P_all
.5800E+00    50.000  0.371E+02   0.61561E-01   0.00000E+00   0.10000E+00    0.50249E-02  -58.52         test_P_all
.5900E+00    50.000  0.356E+02   0.57170E-01   0.00000E+00   0.10000E+00    0.50249E-02  -72.65         test_P_all
.6000E+00    50.000  0.342E+02   0.52972E-01   0.00000E+00   0.10000E+00    0.17692E-02 -706.60         test_P_all
.6100E+00    50.000  0.328E+02   0.48966E-01   0.00000E+00   0.10000E+00    0.50249E-02 -103.15         test_P_all
.6200E+00    50.000  0.315E+02   0.45153E-01   0.00000E+00   0.10000E+00    0.50249E-02 -119.14         test_P_all
.6300E+00    50.000  0.302E+02   0.41528E-01   0.00000E+00   0.10000E+00    0.50249E-02 -135.40         test_P_all
.6400E+00    50.000  0.290E+02   0.38093E-01   0.00000E+00   0.10000E+00    0.50249E-02 -151.78         test_P_all
.6500E+00    50.000  0.278E+02   0.34844E-01   0.00000E+00   0.10000E+00    0.50249E-02 -168.13         test_P_all
.6600E+00    50.000  0.266E+02   0.31777E-01   0.00000E+00   0.10000E+00    0.50249E-02 -184.33         test_P_all
.6700E+00    50.000  0.255E+02   0.28890E-01   0.00000E+00   0.10000E+00    0.50249E-02 -200.26         test_P_all
.6800E+00    50.000  0.244E+02   0.26179E-01   0.00000E+00   0.10000E+00    0.50249E-02 -215.82         test_P_all
.6900E+00    50.000  0.233E+02   0.23642E-01   0.00000E+00   0.10000E+00    0.50249E-02 -230.92         test_P_all
.7000E+00    50.000  0.223E+02   0.21271E-01   0.00000E+00   0.10000E+00    0.17692E-02 *******         test_P_all
.7100E+00    50.000  0.213E+02   0.19064E-01   0.00000E+00   0.10000E+00    0.50249E-02 -259.43         test_P_all
.7200E+00    50.000  0.203E+02   0.17016E-01   0.00000E+00   0.10000E+00    0.50249E-02 -272.72         test_P_all
.7300E+00    50.000  0.194E+02   0.15121E-01   0.00000E+00   0.10000E+00    0.50249E-02 -285.32         test_P_all
.7400E+00    50.000  0.184E+02   0.13375E-01   0.00000E+00   0.10000E+00    0.50249E-02 -297.19         test_P_all
.7500E+00    50.000  0.175E+02   0.11771E-01   0.00000E+00   0.10000E+00    0.50249E-02 -308.29         test_P_all
.7600E+00    50.000  0.167E+02   0.10303E-01   0.00000E+00   0.10000E+00    0.50249E-02 -318.64         test_P_all
.7700E+00    50.000  0.158E+02   0.89663E-02   0.00000E+00   0.10000E+00    0.50249E-02 -328.20         test_P_all
.7800E+00    50.000  0.150E+02   0.77542E-02   0.00000E+00   0.10000E+00    0.50249E-02 -337.00         test_P_all
.7900E+00    50.000  0.142E+02   0.66604E-02   0.00000E+00   0.10000E+00    0.50249E-02 -345.04         test_P_all
.8000E+00    50.000  0.134E+02   0.56788E-02   0.00000E+00   0.10000E+00    0.17692E-02 *******         test_P_all
.8100E+00    50.000  0.126E+02   0.48030E-02   0.00000E+00   0.10000E+00    0.50249E-02 -358.91         test_P_all
.8200E+00    50.000  0.119E+02   0.40262E-02   0.00000E+00   0.10000E+00    0.50249E-02 -364.79         test_P_all
.8300E+00    50.000  0.111E+02   0.33424E-02   0.00000E+00   0.10000E+00    0.50249E-02 -370.01         test_P_all
.8400E+00    50.000  0.104E+02   0.27448E-02   0.00000E+00   0.10000E+00    0.50249E-02 -374.60         test_P_all
.8500E+00    50.000  0.971E+01   0.22267E-02   0.00000E+00   0.10000E+00    0.50249E-02 -378.60         test_P_all
.8600E+00    50.000  0.902E+01   0.17826E-02   0.00000E+00   0.10000E+00    0.50249E-02 -382.05         test_P_all
.8700E+00    50.000  0.835E+01   0.14048E-02   0.00000E+00   0.10000E+00    0.50249E-02 -384.99         test_P_all
.8800E+00    50.000  0.770E+01   0.10880E-02   0.00000E+00   0.10000E+00    0.50249E-02 -387.47         test_P_all
.8900E+00    50.000  0.706E+01   0.82625E-03   0.00000E+00   0.10000E+00    0.50249E-02 -389.52         test_P_all
.9000E+00    50.000  0.644E+01   0.61226E-03   0.00000E+00   0.10000E+00    0.17692E-02 *******         test_P_all
.9100E+00    50.000  0.583E+01   0.44193E-03   0.00000E+00   0.10000E+00    0.50249E-02 -392.55         test_P_all
.9200E+00    50.000  0.523E+01   0.30832E-03   0.00000E+00   0.10000E+00    0.50249E-02 -393.60         test_P_all
.9300E+00    50.000  0.465E+01   0.20637E-03   0.00000E+00   0.10000E+00    0.50249E-02 -394.41         test_P_all
.9400E+00    50.000  0.407E+01   0.13229E-03   0.00000E+00   0.10000E+00    0.50249E-02 -394.99         test_P_all
.9500E+00    50.000  0.351E+01   0.78348E-04   0.00000E+00   0.10000E+00    0.50249E-02 -395.42         test_P_all
.9600E+00    50.000  0.297E+01   0.42860E-04   0.00000E+00   0.10000E+00    0.50249E-02 -395.70         test_P_all
.9700E+00    50.000  0.243E+01   0.21026E-04   0.00000E+00   0.10000E+00    0.50249E-02 -395.87         test_P_all
.9800E+00    50.000  0.190E+01   0.80361E-05   0.00000E+00   0.10000E+00    0.50249E-02 -395.98         test_P_all
.9900E+00    50.000  0.139E+01   0.26938E-05   0.00000E+00   0.10000E+00    0.50249E-02 -396.02         test_P_all
.1000E+01    50.000  0.882E+00   0.20592E-05   0.00000E+00   0.10000E+00    0.50249E-02 -396.02         test_P_all
.1000E+00   100.000  0.901E+03   0.39930E+00   0.00000E+00   0.10000E+00    0.50249E-02 3547.71         test_P_all
.1100E+00   100.000  0.810E+03   0.38837E+00   0.00000E+00   0.10000E+00    0.50249E-02 3293.35         test_P_all
.1200E+00   100.000  0.734E+03   0.37850E+00   0.00000E+00   0.10000E+00    0.50249E-02 3071.77         test_P_all
.1300E+00   100.000  0.670E+03   0.36939E+00   0.00000E+00   0.10000E+00    0.50249E-02 2874.11         test_P_all
.1400E+00   100.000  0.615E+03   0.36075E+00   0.00000E+00   0.10000E+00    0.50249E-02 2692.64         test_P_all
.1500E+00   100.000  0.568E+03   0.35259E+00   0.00000E+00   0.10000E+00    0.50249E-02 2526.76         test_P_all
.1600E+00   100.000  0.526E+03   0.34461E+00   0.00000E+00   0.10000E+00    0.50249E-02 2369.58         test_P_all
.1700E+00   100.000  0.489E+03   0.33684E+00   0.00000E+00   0.10000E+00    0.50249E-02 2221.52         test_P_all
.1800E+00   100.000  0.456E+03   0.32920E+00   0.00000E+00   0.10000E+00    0.50249E-02 2080.44         test_P_all
.1900E+00   100.000  0.427E+03   0.32158E+00   0.00000E+00   0.10000E+00    0.50249E-02 1944.46         test_P_all
.2000E+00   100.000  0.401E+03   0.31401E+00   0.00000E+00   0.10000E+00    0.50249E-02 1813.93         test_P_all
.2100E+00   100.000  0.377E+03   0.30640E+00   0.00000E+00   0.10000E+00    0.50249E-02 1687.12         test_P_all
.2200E+00   100.000  0.355E+03   0.29876E+00   0.00000E+00   0.10000E+00    0.50249E-02 1564.56         test_P_all
.2300E+00   100.000  0.336E+03   0.29108E+00   0.00000E+00   0.10000E+00    0.50249E-02 1446.00         test_P_all
.2400E+00   100.000  0.318E+03   0.28334E+00   0.00000E+00   0.10000E+00    0.50249E-02 1331.21         test_P_all
.2500E+00   100.000  0.301E+03   0.27556E+00   0.00000E+00   0.10000E+00    0.50249E-02 1220.58         test_P_all
.2600E+00   100.000  0.285E+03   0.26771E+00   0.00000E+00   0.10000E+00    0.50249E-02 1113.97         test_P_all
.2700E+00   100.000  0.271E+03   0.25983E+00   0.00000E+00   0.10000E+00    0.50249E-02 1011.75         test_P_all
.2800E+00   100.000  0.258E+03   0.25192E+00   0.00000E+00   0.10000E+00    0.50249E-02  914.07         test_P_all
.2900E+00   100.000  0.246E+03   0.24399E+00   0.00000E+00   0.10000E+00    0.50249E-02  821.08         test_P_all
.3000E+00   100.000  0.234E+03   0.23604E+00   0.00000E+00   0.10000E+00    0.18868E-02 5198.81         test_P_all
.3100E+00   100.000  0.223E+03   0.22810E+00   0.00000E+00   0.10000E+00    0.50249E-02  649.93         test_P_all
.3200E+00   100.000  0.213E+03   0.22018E+00   0.00000E+00   0.10000E+00    0.50249E-02  572.04         test_P_all
.3300E+00   100.000  0.204E+03   0.21229E+00   0.00000E+00   0.10000E+00    0.50249E-02  499.39         test_P_all
.3400E+00   100.000  0.195E+03   0.20445E+00   0.00000E+00   0.10000E+00    0.50249E-02  432.05         test_P_all
.3500E+00   100.000  0.187E+03   0.19666E+00   0.00000E+00   0.10000E+00    0.50249E-02  370.02         test_P_all
.3600E+00   100.000  0.179E+03   0.18894E+00   0.00000E+00   0.10000E+00    0.50249E-02  313.31         test_P_all
.3700E+00   100.000  0.171E+03   0.18131E+00   0.00000E+00   0.10000E+00    0.50249E-02  261.83         test_P_all
.3800E+00   100.000  0.164E+03   0.17377E+00   0.00000E+00   0.10000E+00    0.50249E-02  215.51         test_P_all
.3900E+00   100.000  0.157E+03   0.16633E+00   0.00000E+00   0.10000E+00    0.50249E-02  174.26         test_P_all
.4000E+00   100.000  0.151E+03   0.15901E+00   0.00000E+00   0.10000E+00    0.17692E-02 1112.54         test_P_all
.4100E+00   100.000  0.145E+03   0.15181E+00   0.00000E+00   0.10000E+00    0.50249E-02  106.33         test_P_all
.4200E+00   100.000  0.139E+03   0.14475E+00   0.00000E+00   0.10000E+00    0.50249E-02   79.31         test_P_all
.4300E+00   100.000  0.133E+03   0.13782E+00   0.00000E+00   0.10000E+00    0.50249E-02   56.66         test_P_all
.4400E+00   100.000  0.128E+03   0.13105E+00   0.00000E+00   0.10000E+00    0.50249E-02   38.18         test_P_all
.4500E+00   100.000  0.123E+03   0.12443E+00   0.00000E+00   0.10000E+00    0.50249E-02   23.63         test_P_all
.4600E+00   100.000  0.118E+03   0.11797E+00   0.00000E+00   0.10000E+00    0.50249E-02   12.78         test_P_all
.4700E+00   100.000  0.114E+03   0.11167E+00   0.00000E+00   0.10000E+00    0.50249E-02    5.40         test_P_all
.4800E+00   100.000  0.109E+03   0.10555E+00   0.00000E+00   0.10000E+00    0.50249E-02    1.22         test_P_all
.4900E+00   100.000  0.105E+03   0.99603E-01   0.00000E+00   0.10000E+00    0.50249E-02   -0.01         test_P_all
.5000E+00   100.000  0.101E+03   0.93837E-01   0.00000E+00   0.10000E+00    0.17692E-02  -12.14         test_P_all
.5100E+00   100.000  0.970E+02   0.88255E-01   0.00000E+00   0.10000E+00    0.50249E-02   -5.46         test_P_all
.5200E+00   100.000  0.932E+02   0.82860E-01   0.00000E+00   0.10000E+00    0.50249E-02  -11.64         test_P_all
.5300E+00   100.000  0.896E+02   0.77652E-01   0.00000E+00   0.10000E+00    0.50249E-02  -19.78         test_P_all
.5400E+00   100.000  0.861E+02   0.72636E-01   0.00000E+00   0.10000E+00    0.50249E-02  -29.65         test_P_all
.5500E+00   100.000  0.827E+02   0.67812E-01   0.00000E+00   0.10000E+00    0.50249E-02  -41.03         test_P_all
.5600E+00   100.000  0.795E+02   0.63180E-01   0.00000E+00   0.10000E+00    0.50249E-02  -53.69         test_P_all
.5700E+00   100.000  0.763E+02   0.58742E-01   0.00000E+00   0.10000E+00    0.50249E-02  -67.41         test_P_all
.5800E+00   100.000  0.733E+02   0.54496E-01   0.00000E+00   0.10000E+00    0.50249E-02  -82.00         test_P_all
.5900E+00   100.000  0.704E+02   0.50444E-01   0.00000E+00   0.10000E+00    0.50249E-02  -97.26         test_P_all
.6000E+00   100.000  0.675E+02   0.46581E-01   0.00000E+00   0.10000E+00    0.17692E-02 -911.68         test_P_all
.6100E+00   100.000  0.648E+02   0.42909E-01   0.00000E+00   0.10000E+00    0.50249E-02 -129.08         test_P_all
.6200E+00   100.000  0.622E+02   0.39425E-01   0.00000E+00   0.10000E+00    0.50249E-02 -145.32         test_P_all
.6300E+00   100.000  0.596E+02   0.36125E-01   0.00000E+00   0.10000E+00    0.50249E-02 -161.59         test_P_all
.6400E+00   100.000  0.571E+02   0.33009E-01   0.00000E+00   0.10000E+00    0.50249E-02 -177.74         test_P_all
.6500E+00   100.000  0.547E+02   0.30071E-01   0.00000E+00   0.10000E+00    0.50249E-02 -193.67         test_P_all
.6600E+00   100.000  0.524E+02   0.27309E-01   0.00000E+00   0.10000E+00    0.50249E-02 -209.27         test_P_all
.6700E+00   100.000  0.501E+02   0.24719E-01   0.00000E+00   0.10000E+00    0.50249E-02 -224.44         test_P_all
.6800E+00   100.000  0.479E+02   0.22297E-01   0.00000E+00   0.10000E+00    0.50249E-02 -239.12         test_P_all
.6900E+00   100.000  0.458E+02   0.20039E-01   0.00000E+00   0.10000E+00    0.50249E-02 -253.22         test_P_all
.7000E+00   100.000  0.437E+02   0.17938E-01   0.00000E+00   0.10000E+00    0.17692E-02 *******         test_P_all
.7100E+00   100.000  0.417E+02   0.15992E-01   0.00000E+00   0.10000E+00    0.50249E-02 -279.50         test_P_all
.7200E+00   100.000  0.398E+02   0.14193E-01   0.00000E+00   0.10000E+00    0.50249E-02 -291.60         test_P_all
.7300E+00   100.000  0.379E+02   0.12538E-01   0.00000E+00   0.10000E+00    0.50249E-02 -302.96         test_P_all
.7400E+00   100.000  0.360E+02   0.11019E-01   0.00000E+00   0.10000E+00    0.50249E-02 -313.57         test_P_all
.7500E+00   100.000  0.342E+02   0.96323E-02   0.00000E+00   0.10000E+00    0.50249E-02 -323.42         test_P_all
.7600E+00   100.000  0.325E+02   0.83708E-02   0.00000E+00   0.10000E+00    0.50249E-02 -332.51         test_P_all
.7700E+00   100.000  0.308E+02   0.72286E-02   0.00000E+00   0.10000E+00    0.50249E-02 -340.85         test_P_all
.7800E+00   100.000  0.291E+02   0.61998E-02   0.00000E+00   0.10000E+00    0.50249E-02 -348.45         test_P_all
.7900E+00   100.000  0.275E+02   0.52776E-02   0.00000E+00   0.10000E+00    0.50249E-02 -355.34         test_P_all
.8000E+00   100.000  0.259E+02   0.44565E-02   0.00000E+00   0.10000E+00    0.17692E-02 *******         test_P_all
.8100E+00   100.000  0.243E+02   0.37294E-02   0.00000E+00   0.10000E+00    0.50249E-02 -367.05         test_P_all
.8200E+00   100.000  0.228E+02   0.30904E-02   0.00000E+00   0.10000E+00    0.50249E-02 -371.94         test_P_all
.8300E+00   100.000  0.214E+02   0.25336E-02   0.00000E+00   0.10000E+00    0.50249E-02 -376.23         test_P_all
.8400E+00   100.000  0.199E+02   0.20513E-02   0.00000E+00   0.10000E+00    0.50249E-02 -379.96         test_P_all
.8500E+00   100.000  0.185E+02   0.16386E-02   0.00000E+00   0.10000E+00    0.50249E-02 -383.17         test_P_all
.8600E+00   100.000  0.172E+02   0.12890E-02   0.00000E+00   0.10000E+00    0.50249E-02 -385.90         test_P_all
.8700E+00   100.000  0.158E+02   0.99600E-03   0.00000E+00   0.10000E+00    0.50249E-02 -388.19         test_P_all
.8800E+00   100.000  0.145E+02   0.75482E-03   0.00000E+00   0.10000E+00    0.50249E-02 -390.08         test_P_all
.8900E+00   100.000  0.132E+02   0.55811E-03   0.00000E+00   0.10000E+00    0.50249E-02 -391.63         test_P_all
.9000E+00   100.000  0.120E+02   0.40158E-03   0.00000E+00   0.10000E+00    0.17692E-02 *******         test_P_all
.9100E+00   100.000  0.108E+02   0.27992E-03   0.00000E+00   0.10000E+00    0.50249E-02 -393.83         test_P_all
.9200E+00   100.000  0.958E+01   0.18675E-03   0.00000E+00   0.10000E+00    0.50249E-02 -394.56         test_P_all
.9300E+00   100.000  0.841E+01   0.11914E-03   0.00000E+00   0.10000E+00    0.50249E-02 -395.10         test_P_all
.9400E+00   100.000  0.726E+01   0.70786E-04   0.00000E+00   0.10000E+00    0.50249E-02 -395.48         test_P_all
.9500E+00   100.000  0.614E+01   0.38485E-04   0.00000E+00   0.10000E+00    0.50249E-02 -395.73         test_P_all
.9600E+00   100.000  0.505E+01   0.19167E-04   0.00000E+00   0.10000E+00    0.50249E-02 -395.89         test_P_all
.9700E+00   100.000  0.397E+01   0.73727E-05   0.00000E+00   0.10000E+00    0.50249E-02 -395.98         test_P_all
.9800E+00   100.000  0.292E+01   0.24019E-05   0.00000E+00   0.10000E+00    0.50249E-02 -396.02         test_P_all
.9900E+00   100.000  0.189E+01   0.17118E-05   0.00000E+00   0.10000E+00    0.50249E-02 -396.03         test_P_all
.1000E+01   100.000  0.882E+00   0.23007E-05   0.00000E+00   0.10000E+00    0.50249E-02 -396.02         test_P_all



 CHI SQUARE=******** FOR  582 POINTS   CHISQ/NPTS= 1128.07
 Signed chisquare total =********
 Modified residual =********


Summary normalization chi2 contributions

 data set     normalization        error         chisq


Summary chi2 per data set

 data set      chisq    _w     signd    _w     resid     _w   npts   chisq/pts  _w
test_P_all  656539.5        459451.5        ********           582 1128.07
------------------------------------------------------------------------------------
TOTAL       656539.5656539.5459451.5     0.0****************   582 1128.07 1128.07
TOTAL+norm  656539.5656539.5                                   582 1128.07 1128.07



            Momentum Sum Rule Check


      q2      alphas      xuv       xdv       xub       xdb       xsb       xcb       xbb      xglue     total
      1.69    0.3845    0.3221    0.1370    0.0563    0.0722    0.0257    0.0000    0.0000    0.3870    1.0002
    100.00    0.1784    0.2269    0.0965    0.0653    0.0765    0.0438    0.0257    0.0087    0.4539    0.9972
   1000.00    0.1407    0.0000    0.0000    0.0000    0.0000    0.0000    0.0000    0.0000    0.0000    0.0000
   8315.00    0.1180    0.0000    0.0000    0.0000    0.0000    0.0000    0.0000    0.0000    0.0000    0.0000


 Vector Boson Cross Sections

 sqrt(s)   sigma(W)    error    theory

   1960.     2.865     0.063       0.000     D0

   1960.     2.749     0.054       0.000     CDF

   7000.     9.95      0.29        0.000     CMS

   7000.     9.96      0.55        0.000     ATLAS

 sqrt(s)   sigma(Z)    error    theory

   1960.     .2649     .0094       0.000     D0

   1960.     .2549     .0057       0.000     CDF

   7000.     .931      0.035       0.000     CMS

   7000.     .82       0.08        0.000     ATLAS


