 Correlated errors added in quadrature with statistical errors
 test_P_all DIS data with   1.69< Q2 < 0.500D+03 and 0.000 < xB < 1.000 and   0.00< W2 < 0.100D+05 and 0.000 < y < 1.000
   GP TMC applied
   no HT corrections

# fitpack15: fit output
# CJ15 AV18 final data choices                                                 

Parametrization   7 used here

 S-ACOT scheme used  for NC DIS

 charm mass =     1.30 GeV     bottom mass =     4.50 GeV



 THIS IS A NEXT TO LEADING ORDER FIT

 Q02=    1.69
         1  LAMBDA      VALUE=   0.22680      WEIGHT=    0.0000    
         2  a0uv        VALUE=    2.2446      WEIGHT=    0.0000    
         3  a1uv        VALUE=   0.60233      WEIGHT=   0.22650E-01
         4  a2uv        VALUE=    3.6164      WEIGHT=   0.15394E-01
         5  a3uv        VALUE=    0.0000      WEIGHT=    0.0000    
         6  a4uv        VALUE=    4.0763      WEIGHT=   0.55946    
         7  a5uv        VALUE=    0.0000      WEIGHT=    0.0000    
         8  a0dv        VALUE=    22.316      WEIGHT=    0.0000    
         9  a1dv        VALUE=    1.1460      WEIGHT=   0.37977E-01
        10  a2dv        VALUE=    6.3727      WEIGHT=   0.18890    
        11  a3dv        VALUE=   -3.3507      WEIGHT=   0.10859    
        12  a4dv        VALUE=    4.4385      WEIGHT=   0.15646    
        13  a5dv        VALUE=    0.0000      WEIGHT=    0.0000    
        14  a0ud        VALUE=   0.14498      WEIGHT=   0.51033E-02
        15  a1ud        VALUE=  -0.20915      WEIGHT=   0.38179E-02
        16  a2ud        VALUE=    8.6832      WEIGHT=   0.20886    
        17  a3ud        VALUE=    0.0000      WEIGHT=    0.0000    
        18  a4ud        VALUE=    15.868      WEIGHT=    1.4097    
        19  a5ud        VALUE=    0.0000      WEIGHT=    0.0000    
        20  a0du        VALUE=    35712.      WEIGHT=    0.0000    
        21  a1du        VALUE=    4.1168      WEIGHT=   0.94476E-01
        22  a2du        VALUE=    19.760      WEIGHT=   0.97726    
        23  a3du        VALUE=    17.000      WEIGHT=    0.0000    
        24  a4du        VALUE=    50.093      WEIGHT=    10.937    
        25  a0g         VALUE=    51.077      WEIGHT=    0.0000    
        26  a1g         VALUE=   0.62507      WEIGHT=   0.27924E-01
        27  a2g         VALUE=    5.7605      WEIGHT=   0.69320    
        28  a3g         VALUE=   -3.4608      WEIGHT=   0.10384    
        29  a4g         VALUE=    3.2915      WEIGHT=   0.22102    
        30  a5g         VALUE=    0.0000      WEIGHT=    0.0000    
        31  kappa       VALUE=   0.40000      WEIGHT=    0.0000    
        32  a6dv        VALUE=  -0.28074E-02  WEIGHT=   0.91095E-03
        33  a7dv        VALUE=    2.0000      WEIGHT=    0.0000    
        34  off1        VALUE=  -0.36212      WEIGHT=    1.3318    
        35  off2        VALUE=   0.34617      WEIGHT=   0.78952    
        36  ht1         VALUE=   -4.1919      WEIGHT=    1.0404    
        37  ht2         VALUE=    2.2131      WEIGHT=   0.19320    
        38  ht3         VALUE=   -2.0893      WEIGHT=   0.38474E-01
        39  ht4         VALUE=    2.6091      WEIGHT=   0.14916    
        40  ht1n        VALUE=   -4.0080      WEIGHT=    2.3314    
        41  ht2n        VALUE=    2.2407      WEIGHT=   0.42046    
        42  ht3n        VALUE=   -2.2882      WEIGHT=   0.94696E-01
        43  ht4n        VALUE=    3.1036      WEIGHT=   0.40257    
        44  dummy44     VALUE=    0.0000      WEIGHT=    0.0000    
        45  dummy45     VALUE=    0.0000      WEIGHT=    0.0000    
        46  dummy46     VALUE=    0.0000      WEIGHT=    0.0000    
        47  dummy47     VALUE=    0.0000      WEIGHT=    0.0000    
        48  dummy48     VALUE=    0.0000      WEIGHT=    0.0000    
        49  dummy49     VALUE=    0.0000      WEIGHT=    0.0000    
        50  bcdmsh2     VALUE=   0.97395      WEIGHT=   0.48944E-02
        51  bcdmsd2     VALUE=   0.99267      WEIGHT=   0.58809E-02
        52  ccfr        VALUE=    1.0000      WEIGHT=    0.0000    
        53  nutev       VALUE=    1.0000      WEIGHT=    0.0000    
        54  zeus        VALUE=   0.97998      WEIGHT=    0.0000    
        55  h1          VALUE=    1.0162      WEIGHT=    0.0000    
        56  e605        VALUE=    1.0319      WEIGHT=    0.0000    
        57  NmcH2       VALUE=    1.0091      WEIGHT=   0.71571E-02
        58  ntv_nu      VALUE=    1.0000      WEIGHT=    0.0000    
        59  ntv_nubar   VALUE=    1.0000      WEIGHT=    0.0000    
        60  cdf_jet     VALUE=   0.98910      WEIGHT=    0.0000    
        61  d0_jet      VALUE=   0.83504      WEIGHT=    0.0000    
        62  slac_p      VALUE=    1.0019      WEIGHT=   0.52045E-02
        63  slac_d      VALUE=    1.0036      WEIGHT=   0.54218E-02
        64  e866pp      VALUE=   0.96348      WEIGHT=   0.19647E-01
        65  e866pd      VALUE=   0.95123      WEIGHT=   0.16646E-01
        66  d0_gamjet   VALUE=    1.0401      WEIGHT=   0.16513E-01
        67  h1b         VALUE=   0.97608      WEIGHT=    0.0000    
        68  jlab_p      VALUE=   0.98676      WEIGHT=   0.63665E-02
        69  jlab_d      VALUE=   0.97595      WEIGHT=   0.61190E-02
        70  blank       VALUE=    1.0000      WEIGHT=    0.0000    
        71  d0run2      VALUE=   0.95217      WEIGHT=   0.15173E-01
        72  cdfrun2     VALUE=   0.93494      WEIGHT=   0.17673E-01
        73  HERA_el     VALUE=    1.0000      WEIGHT=    0.0000    
        74  HERA_ps     VALUE=    1.0000      WEIGHT=    0.0000    
        75  CDF_Z       VALUE=   0.96482      WEIGHT=   0.68081E-02
        76  NmcRat      VALUE=    1.0000      WEIGHT=    0.0000    
        77  BNS_F2nd    VALUE=   0.98632      WEIGHT=   0.12838E-01
        78  HERMES_F2p  VALUE=   0.99596      WEIGHT=   0.57555E-02
        79  HERMES_F2d  VALUE=   0.97930      WEIGHT=   0.59100E-02
0THE TOLERANCE IS    0.1000
 THE MAXIMUM NUMBER OF STEPS IS 100
0THE INITIAL CHI SQUARED IS  6.51300E+05



     X        Q2         W2       THEORY        error         DATA           ERROR        chi^2     _w    ITYPE
.1000E-01     2.000  0.199E+03   0.35491E+00   0.00000E+00   0.10000E+00    0.50249E-02 2573.45         test_P_all
.2000E-01     2.000  0.989E+02   0.33552E+00   0.00000E+00   0.10000E+00    0.50249E-02 2196.77         test_P_all
.3000E-01     2.000  0.655E+02   0.33116E+00   0.00000E+00   0.10000E+00    0.50249E-02 2116.20         test_P_all
.4000E-01     2.000  0.489E+02   0.33456E+00   0.00000E+00   0.10000E+00    0.50249E-02 2178.96         test_P_all
.5000E-01     2.000  0.389E+02   0.33867E+00   0.00000E+00   0.10000E+00    0.50249E-02 2256.06         test_P_all
.6000E-01     2.000  0.322E+02   0.34399E+00   0.00000E+00   0.10000E+00    0.50249E-02 2357.59         test_P_all
.7000E-01     2.000  0.275E+02   0.34858E+00   0.00000E+00   0.10000E+00    0.50249E-02 2447.13         test_P_all
.8000E-01     2.000  0.239E+02   0.35246E+00   0.00000E+00   0.10000E+00    0.50249E-02 2524.16         test_P_all
.9000E-01     2.000  0.211E+02   0.35571E+00   0.00000E+00   0.10000E+00    0.50249E-02 2589.57         test_P_all
.1000E+00     2.000  0.189E+02   0.35817E+00   0.00000E+00   0.10000E+00    0.50249E-02 2639.77         test_P_all
.1100E+00     2.000  0.171E+02   0.36021E+00   0.00000E+00   0.10000E+00    0.50249E-02 2681.53         test_P_all
.1200E+00     2.000  0.155E+02   0.36171E+00   0.00000E+00   0.10000E+00    0.50249E-02 2712.66         test_P_all
.1300E+00     2.000  0.143E+02   0.36273E+00   0.00000E+00   0.10000E+00    0.50249E-02 2733.83         test_P_all
.1400E+00     2.000  0.132E+02   0.36346E+00   0.00000E+00   0.10000E+00    0.50249E-02 2748.98         test_P_all
.1500E+00     2.000  0.122E+02   0.36376E+00   0.00000E+00   0.10000E+00    0.50249E-02 2755.15         test_P_all
.1600E+00     2.000  0.114E+02   0.36369E+00   0.00000E+00   0.10000E+00    0.50249E-02 2753.76         test_P_all
.1700E+00     2.000  0.106E+02   0.36325E+00   0.00000E+00   0.10000E+00    0.50249E-02 2744.61         test_P_all
.1800E+00     2.000  0.999E+01   0.36242E+00   0.00000E+00   0.10000E+00    0.50249E-02 2727.33         test_P_all
.1900E+00     2.000  0.941E+01   0.36120E+00   0.00000E+00   0.10000E+00    0.50249E-02 2702.00         test_P_all
.2000E+00     2.000  0.888E+01   0.35959E+00   0.00000E+00   0.10000E+00    0.50249E-02 2668.70         test_P_all
.2100E+00     2.000  0.841E+01   0.35757E+00   0.00000E+00   0.10000E+00    0.50249E-02 2627.37         test_P_all
.2200E+00     2.000  0.797E+01   0.35514E+00   0.00000E+00   0.10000E+00    0.50249E-02 2578.12         test_P_all
.2300E+00     2.000  0.758E+01   0.35233E+00   0.00000E+00   0.10000E+00    0.50249E-02 2521.57         test_P_all
.2400E+00     2.000  0.722E+01   0.34910E+00   0.00000E+00   0.10000E+00    0.50249E-02 2457.49         test_P_all
.2500E+00     2.000  0.688E+01   0.34549E+00   0.00000E+00   0.10000E+00    0.50249E-02 2386.78         test_P_all
.2600E+00     2.000  0.657E+01   0.34151E+00   0.00000E+00   0.10000E+00    0.50249E-02 2309.98         test_P_all
.2700E+00     2.000  0.629E+01   0.33715E+00   0.00000E+00   0.10000E+00    0.50249E-02 2227.38         test_P_all
.2800E+00     2.000  0.602E+01   0.33245E+00   0.00000E+00   0.10000E+00    0.50249E-02 2139.97         test_P_all
.2900E+00     2.000  0.578E+01   0.32742E+00   0.00000E+00   0.10000E+00    0.50249E-02 2048.39         test_P_all
.3000E+00     2.000  0.555E+01   0.32208E+00   0.00000E+00   0.10000E+00    0.18868E-02 *******         test_P_all
.3100E+00     2.000  0.533E+01   0.31646E+00   0.00000E+00   0.10000E+00    0.50249E-02 1855.61         test_P_all
.3200E+00     2.000  0.513E+01   0.31057E+00   0.00000E+00   0.10000E+00    0.50249E-02 1756.04         test_P_all
.3300E+00     2.000  0.494E+01   0.30444E+00   0.00000E+00   0.10000E+00    0.50249E-02 1655.36         test_P_all
.3400E+00     2.000  0.476E+01   0.29811E+00   0.00000E+00   0.10000E+00    0.50249E-02 1554.31         test_P_all
.3500E+00     2.000  0.460E+01   0.29158E+00   0.00000E+00   0.10000E+00    0.50249E-02 1453.63         test_P_all
.3600E+00     2.000  0.444E+01   0.28490E+00   0.00000E+00   0.10000E+00    0.50249E-02 1353.93         test_P_all
.3700E+00     2.000  0.429E+01   0.27807E+00   0.00000E+00   0.10000E+00    0.50249E-02 1255.82         test_P_all
.3800E+00     2.000  0.414E+01   0.27114E+00   0.00000E+00   0.10000E+00    0.50249E-02 1159.91         test_P_all
.3900E+00     2.000  0.401E+01   0.26411E+00   0.00000E+00   0.10000E+00    0.50249E-02 1066.62         test_P_all
.4000E+00     2.000  0.388E+01   0.25701E+00   0.00000E+00   0.10000E+00    0.17692E-02 7876.34         test_P_all
.4100E+00     2.000  0.376E+01   0.24987E+00   0.00000E+00   0.10000E+00    0.50249E-02  889.57         test_P_all
.4200E+00     2.000  0.364E+01   0.24270E+00   0.00000E+00   0.10000E+00    0.50249E-02  806.51         test_P_all
.4300E+00     2.000  0.353E+01   0.23552E+00   0.00000E+00   0.10000E+00    0.50249E-02  727.39         test_P_all
.4400E+00     2.000  0.343E+01   0.22836E+00   0.00000E+00   0.10000E+00    0.50249E-02  652.49         test_P_all
.4500E+00     2.000  0.333E+01   0.22121E+00   0.00000E+00   0.10000E+00    0.50249E-02  581.90         test_P_all
.4600E+00     2.000  0.323E+01   0.21411E+00   0.00000E+00   0.10000E+00    0.50249E-02  515.69         test_P_all
.4700E+00     2.000  0.314E+01   0.20706E+00   0.00000E+00   0.10000E+00    0.50249E-02  453.97         test_P_all
.4800E+00     2.000  0.305E+01   0.20009E+00   0.00000E+00   0.10000E+00    0.50249E-02  396.72         test_P_all
.4900E+00     2.000  0.296E+01   0.19319E+00   0.00000E+00   0.10000E+00    0.50249E-02  343.91         test_P_all
.5000E+00     2.000  0.288E+01   0.18638E+00   0.00000E+00   0.10000E+00    0.17692E-02 2383.84         test_P_all
.5100E+00     2.000  0.280E+01   0.17968E+00   0.00000E+00   0.10000E+00    0.50249E-02  251.41         test_P_all
.5200E+00     2.000  0.273E+01   0.17308E+00   0.00000E+00   0.10000E+00    0.50249E-02  211.52         test_P_all
.5300E+00     2.000  0.266E+01   0.16660E+00   0.00000E+00   0.10000E+00    0.50249E-02  175.68         test_P_all
.5400E+00     2.000  0.259E+01   0.16026E+00   0.00000E+00   0.10000E+00    0.50249E-02  143.79         test_P_all
.5500E+00     2.000  0.252E+01   0.15404E+00   0.00000E+00   0.10000E+00    0.50249E-02  115.65         test_P_all
.5600E+00     2.000  0.245E+01   0.14796E+00   0.00000E+00   0.10000E+00    0.50249E-02   91.09         test_P_all
.5700E+00     2.000  0.239E+01   0.14202E+00   0.00000E+00   0.10000E+00    0.50249E-02   69.94         test_P_all
.5800E+00     2.000  0.233E+01   0.13624E+00   0.00000E+00   0.10000E+00    0.50249E-02   52.00         test_P_all
.5900E+00     2.000  0.227E+01   0.13060E+00   0.00000E+00   0.10000E+00    0.50249E-02   37.08         test_P_all
.6000E+00     2.000  0.222E+01   0.12511E+00   0.00000E+00   0.10000E+00    0.17692E-02  201.44         test_P_all
.6100E+00     2.000  0.216E+01   0.11978E+00   0.00000E+00   0.10000E+00    0.50249E-02   15.50         test_P_all
.6200E+00     2.000  0.211E+01   0.11461E+00   0.00000E+00   0.10000E+00    0.50249E-02    8.45         test_P_all
.6300E+00     2.000  0.206E+01   0.10959E+00   0.00000E+00   0.10000E+00    0.50249E-02    3.64         test_P_all
.6400E+00     2.000  0.201E+01   0.10473E+00   0.00000E+00   0.10000E+00    0.50249E-02    0.89         test_P_all
.6500E+00     2.000  0.196E+01   0.10003E+00   0.00000E+00   0.10000E+00    0.50249E-02    0.00         test_P_all
.6600E+00     2.000  0.191E+01   0.95482E-01   0.00000E+00   0.10000E+00    0.50249E-02   -0.81         test_P_all
.6700E+00     2.000  0.187E+01   0.91090E-01   0.00000E+00   0.10000E+00    0.50249E-02   -3.14         test_P_all
.6800E+00     2.000  0.182E+01   0.86853E-01   0.00000E+00   0.10000E+00    0.50249E-02   -6.85         test_P_all
.6900E+00     2.000  0.178E+01   0.82768E-01   0.00000E+00   0.10000E+00    0.50249E-02  -11.76         test_P_all
.7000E+00     2.000  0.174E+01   0.78833E-01   0.00000E+00   0.10000E+00    0.17692E-02 -143.14         test_P_all
.7100E+00     2.000  0.170E+01   0.75045E-01   0.00000E+00   0.10000E+00    0.50249E-02  -24.66         test_P_all
.7200E+00     2.000  0.166E+01   0.71401E-01   0.00000E+00   0.10000E+00    0.50249E-02  -32.39         test_P_all
.7300E+00     2.000  0.162E+01   0.67901E-01   0.00000E+00   0.10000E+00    0.50249E-02  -40.81         test_P_all
.7400E+00     2.000  0.158E+01   0.64539E-01   0.00000E+00   0.10000E+00    0.50249E-02  -49.80         test_P_all
.7500E+00     2.000  0.155E+01   0.61312E-01   0.00000E+00   0.10000E+00    0.50249E-02  -59.28         test_P_all
.7600E+00     2.000  0.151E+01   0.58218E-01   0.00000E+00   0.10000E+00    0.50249E-02  -69.14         test_P_all
.7700E+00     2.000  0.148E+01   0.55254E-01   0.00000E+00   0.10000E+00    0.50249E-02  -79.30         test_P_all
.7800E+00     2.000  0.145E+01   0.52415E-01   0.00000E+00   0.10000E+00    0.50249E-02  -89.68         test_P_all
.7900E+00     2.000  0.141E+01   0.49697E-01   0.00000E+00   0.10000E+00    0.50249E-02 -100.21         test_P_all
.8000E+00     2.000  0.138E+01   0.47097E-01   0.00000E+00   0.10000E+00    0.17692E-02 -894.17         test_P_all
.8100E+00     2.000  0.135E+01   0.44613E-01   0.00000E+00   0.10000E+00    0.50249E-02 -121.49         test_P_all
.8200E+00     2.000  0.132E+01   0.42241E-01   0.00000E+00   0.10000E+00    0.50249E-02 -132.12         test_P_all
.8300E+00     2.000  0.129E+01   0.39975E-01   0.00000E+00   0.10000E+00    0.50249E-02 -142.69         test_P_all
.8400E+00     2.000  0.126E+01   0.37812E-01   0.00000E+00   0.10000E+00    0.50249E-02 -153.16         test_P_all
.8500E+00     2.000  0.123E+01   0.35750E-01   0.00000E+00   0.10000E+00    0.50249E-02 -163.49         test_P_all
.8600E+00     2.000  0.121E+01   0.33785E-01   0.00000E+00   0.10000E+00    0.50249E-02 -173.64         test_P_all
.8700E+00     2.000  0.118E+01   0.31913E-01   0.00000E+00   0.10000E+00    0.50249E-02 -183.60         test_P_all
.8800E+00     2.000  0.115E+01   0.30131E-01   0.00000E+00   0.10000E+00    0.50249E-02 -193.34         test_P_all
.8900E+00     2.000  0.113E+01   0.28434E-01   0.00000E+00   0.10000E+00    0.50249E-02 -202.84         test_P_all
.9000E+00     2.000  0.110E+01   0.26820E-01   0.00000E+00   0.10000E+00    0.17692E-02 *******         test_P_all
.9100E+00     2.000  0.108E+01   0.25286E-01   0.00000E+00   0.10000E+00    0.50249E-02 -221.08         test_P_all
.9200E+00     2.000  0.106E+01   0.23829E-01   0.00000E+00   0.10000E+00    0.50249E-02 -229.78         test_P_all
.9300E+00     2.000  0.103E+01   0.22444E-01   0.00000E+00   0.10000E+00    0.50249E-02 -238.21         test_P_all
.9400E+00     2.000  0.101E+01   0.21129E-01   0.00000E+00   0.10000E+00    0.50249E-02 -246.36         test_P_all
.9500E+00     2.000  0.987E+00   0.19882E-01   0.00000E+00   0.10000E+00    0.50249E-02 -254.22         test_P_all
.9600E+00     2.000  0.965E+00   0.18699E-01   0.00000E+00   0.10000E+00    0.50249E-02 -261.78         test_P_all
.9700E+00     2.000  0.944E+00   0.17578E-01   0.00000E+00   0.10000E+00    0.50249E-02 -269.05         test_P_all
.9800E+00     2.000  0.923E+00   0.16515E-01   0.00000E+00   0.10000E+00    0.50249E-02 -276.03         test_P_all
.9900E+00     2.000  0.902E+00   0.15509E-01   0.00000E+00   0.10000E+00    0.50249E-02 -282.72         test_P_all
.1000E+01     2.000  0.882E+00   0.14555E-01   0.00000E+00   0.10000E+00    0.50249E-02 -289.14         test_P_all
.1000E-01     5.000  0.496E+03   0.46245E+00   0.00000E+00   0.10000E+00    0.50249E-02 5202.76         test_P_all
.2000E-01     5.000  0.246E+03   0.41616E+00   0.00000E+00   0.10000E+00    0.50249E-02 3958.68         test_P_all
.3000E-01     5.000  0.163E+03   0.39691E+00   0.00000E+00   0.10000E+00    0.50249E-02 3491.36         test_P_all
.4000E-01     5.000  0.121E+03   0.39061E+00   0.00000E+00   0.10000E+00    0.50249E-02 3344.80         test_P_all
.5000E-01     5.000  0.959E+02   0.38614E+00   0.00000E+00   0.10000E+00    0.50249E-02 3242.59         test_P_all
.6000E-01     5.000  0.792E+02   0.38437E+00   0.00000E+00   0.10000E+00    0.50249E-02 3202.59         test_P_all
.7000E-01     5.000  0.673E+02   0.38253E+00   0.00000E+00   0.10000E+00    0.50249E-02 3161.23         test_P_all
.8000E-01     5.000  0.584E+02   0.38087E+00   0.00000E+00   0.10000E+00    0.50249E-02 3124.33         test_P_all
.9000E-01     5.000  0.514E+02   0.37911E+00   0.00000E+00   0.10000E+00    0.50249E-02 3085.25         test_P_all
.1000E+00     5.000  0.459E+02   0.37718E+00   0.00000E+00   0.10000E+00    0.50249E-02 3042.75         test_P_all
.1100E+00     5.000  0.413E+02   0.37520E+00   0.00000E+00   0.10000E+00    0.50249E-02 2999.51         test_P_all
.1200E+00     5.000  0.375E+02   0.37315E+00   0.00000E+00   0.10000E+00    0.50249E-02 2954.85         test_P_all
.1300E+00     5.000  0.343E+02   0.37096E+00   0.00000E+00   0.10000E+00    0.50249E-02 2907.64         test_P_all
.1400E+00     5.000  0.316E+02   0.36865E+00   0.00000E+00   0.10000E+00    0.50249E-02 2858.41         test_P_all
.1500E+00     5.000  0.292E+02   0.36620E+00   0.00000E+00   0.10000E+00    0.50249E-02 2806.41         test_P_all
.1600E+00     5.000  0.271E+02   0.36355E+00   0.00000E+00   0.10000E+00    0.50249E-02 2750.91         test_P_all
.1700E+00     5.000  0.253E+02   0.36071E+00   0.00000E+00   0.10000E+00    0.50249E-02 2691.87         test_P_all
.1800E+00     5.000  0.237E+02   0.35765E+00   0.00000E+00   0.10000E+00    0.50249E-02 2628.96         test_P_all
.1900E+00     5.000  0.222E+02   0.35431E+00   0.00000E+00   0.10000E+00    0.50249E-02 2561.40         test_P_all
.2000E+00     5.000  0.209E+02   0.35073E+00   0.00000E+00   0.10000E+00    0.50249E-02 2489.77         test_P_all
.2100E+00     5.000  0.197E+02   0.34686E+00   0.00000E+00   0.10000E+00    0.50249E-02 2413.37         test_P_all
.2200E+00     5.000  0.186E+02   0.34269E+00   0.00000E+00   0.10000E+00    0.50249E-02 2332.67         test_P_all
.2300E+00     5.000  0.176E+02   0.33826E+00   0.00000E+00   0.10000E+00    0.50249E-02 2248.19         test_P_all
.2400E+00     5.000  0.167E+02   0.33351E+00   0.00000E+00   0.10000E+00    0.50249E-02 2159.53         test_P_all
.2500E+00     5.000  0.159E+02   0.32849E+00   0.00000E+00   0.10000E+00    0.50249E-02 2067.59         test_P_all
.2600E+00     5.000  0.151E+02   0.32318E+00   0.00000E+00   0.10000E+00    0.50249E-02 1972.57         test_P_all
.2700E+00     5.000  0.144E+02   0.31759E+00   0.00000E+00   0.10000E+00    0.50249E-02 1875.03         test_P_all
.2800E+00     5.000  0.137E+02   0.31175E+00   0.00000E+00   0.10000E+00    0.50249E-02 1775.69         test_P_all
.2900E+00     5.000  0.131E+02   0.30565E+00   0.00000E+00   0.10000E+00    0.50249E-02 1674.94         test_P_all
.3000E+00     5.000  0.125E+02   0.29933E+00   0.00000E+00   0.10000E+00    0.18868E-02 *******         test_P_all
.3100E+00     5.000  0.120E+02   0.29280E+00   0.00000E+00   0.10000E+00    0.50249E-02 1472.20         test_P_all
.3200E+00     5.000  0.115E+02   0.28608E+00   0.00000E+00   0.10000E+00    0.50249E-02 1371.38         test_P_all
.3300E+00     5.000  0.110E+02   0.27920E+00   0.00000E+00   0.10000E+00    0.50249E-02 1271.73         test_P_all
.3400E+00     5.000  0.106E+02   0.27216E+00   0.00000E+00   0.10000E+00    0.50249E-02 1173.83         test_P_all
.3500E+00     5.000  0.102E+02   0.26500E+00   0.00000E+00   0.10000E+00    0.50249E-02 1078.17         test_P_all
.3600E+00     5.000  0.977E+01   0.25772E+00   0.00000E+00   0.10000E+00    0.50249E-02  985.23         test_P_all
.3700E+00     5.000  0.940E+01   0.25037E+00   0.00000E+00   0.10000E+00    0.50249E-02  895.47         test_P_all
.3800E+00     5.000  0.904E+01   0.24294E+00   0.00000E+00   0.10000E+00    0.50249E-02  809.23         test_P_all
.3900E+00     5.000  0.870E+01   0.23547E+00   0.00000E+00   0.10000E+00    0.50249E-02  726.83         test_P_all
.4000E+00     5.000  0.838E+01   0.22797E+00   0.00000E+00   0.10000E+00    0.17692E-02 5232.15         test_P_all
.4100E+00     5.000  0.808E+01   0.22046E+00   0.00000E+00   0.10000E+00    0.50249E-02  574.65         test_P_all
.4200E+00     5.000  0.779E+01   0.21295E+00   0.00000E+00   0.10000E+00    0.50249E-02  505.25         test_P_all
.4300E+00     5.000  0.751E+01   0.20546E+00   0.00000E+00   0.10000E+00    0.50249E-02  440.49         test_P_all
.4400E+00     5.000  0.725E+01   0.19801E+00   0.00000E+00   0.10000E+00    0.50249E-02  380.43         test_P_all
.4500E+00     5.000  0.699E+01   0.19061E+00   0.00000E+00   0.10000E+00    0.50249E-02  325.17         test_P_all
.4600E+00     5.000  0.675E+01   0.18328E+00   0.00000E+00   0.10000E+00    0.50249E-02  274.65         test_P_all
.4700E+00     5.000  0.652E+01   0.17602E+00   0.00000E+00   0.10000E+00    0.50249E-02  228.86         test_P_all
.4800E+00     5.000  0.630E+01   0.16885E+00   0.00000E+00   0.10000E+00    0.50249E-02  187.74         test_P_all
.4900E+00     5.000  0.609E+01   0.16178E+00   0.00000E+00   0.10000E+00    0.50249E-02  151.18         test_P_all
.5000E+00     5.000  0.588E+01   0.15483E+00   0.00000E+00   0.10000E+00    0.17692E-02  960.48         test_P_all
.5100E+00     5.000  0.569E+01   0.14800E+00   0.00000E+00   0.10000E+00    0.50249E-02   91.24         test_P_all
.5200E+00     5.000  0.550E+01   0.14130E+00   0.00000E+00   0.10000E+00    0.50249E-02   67.54         test_P_all
.5300E+00     5.000  0.532E+01   0.13474E+00   0.00000E+00   0.10000E+00    0.50249E-02   47.78         test_P_all
.5400E+00     5.000  0.514E+01   0.12832E+00   0.00000E+00   0.10000E+00    0.50249E-02   31.77         test_P_all
.5500E+00     5.000  0.497E+01   0.12206E+00   0.00000E+00   0.10000E+00    0.50249E-02   19.27         test_P_all
.5600E+00     5.000  0.481E+01   0.11596E+00   0.00000E+00   0.10000E+00    0.50249E-02   10.09         test_P_all
.5700E+00     5.000  0.465E+01   0.11003E+00   0.00000E+00   0.10000E+00    0.50249E-02    3.98         test_P_all
.5800E+00     5.000  0.450E+01   0.10426E+00   0.00000E+00   0.10000E+00    0.50249E-02    0.72         test_P_all
.5900E+00     5.000  0.436E+01   0.98668E-01   0.00000E+00   0.10000E+00    0.50249E-02   -0.07         test_P_all
.6000E+00     5.000  0.422E+01   0.93254E-01   0.00000E+00   0.10000E+00    0.17692E-02  -14.54         test_P_all
.6100E+00     5.000  0.408E+01   0.88017E-01   0.00000E+00   0.10000E+00    0.50249E-02   -5.69         test_P_all
.6200E+00     5.000  0.395E+01   0.82964E-01   0.00000E+00   0.10000E+00    0.50249E-02  -11.49         test_P_all
.6300E+00     5.000  0.382E+01   0.78093E-01   0.00000E+00   0.10000E+00    0.50249E-02  -19.01         test_P_all
.6400E+00     5.000  0.369E+01   0.73404E-01   0.00000E+00   0.10000E+00    0.50249E-02  -28.01         test_P_all
.6500E+00     5.000  0.357E+01   0.68899E-01   0.00000E+00   0.10000E+00    0.50249E-02  -38.31         test_P_all
.6600E+00     5.000  0.346E+01   0.64577E-01   0.00000E+00   0.10000E+00    0.50249E-02  -49.70         test_P_all
.6700E+00     5.000  0.334E+01   0.60434E-01   0.00000E+00   0.10000E+00    0.50249E-02  -62.00         test_P_all
.6800E+00     5.000  0.323E+01   0.56473E-01   0.00000E+00   0.10000E+00    0.50249E-02  -75.03         test_P_all
.6900E+00     5.000  0.313E+01   0.52689E-01   0.00000E+00   0.10000E+00    0.50249E-02  -88.65         test_P_all
.7000E+00     5.000  0.302E+01   0.49080E-01   0.00000E+00   0.10000E+00    0.17692E-02 -828.38         test_P_all
.7100E+00     5.000  0.292E+01   0.45645E-01   0.00000E+00   0.10000E+00    0.50249E-02 -117.01         test_P_all
.7200E+00     5.000  0.283E+01   0.42379E-01   0.00000E+00   0.10000E+00    0.50249E-02 -131.49         test_P_all
.7300E+00     5.000  0.273E+01   0.39278E-01   0.00000E+00   0.10000E+00    0.50249E-02 -146.02         test_P_all
.7400E+00     5.000  0.264E+01   0.36340E-01   0.00000E+00   0.10000E+00    0.50249E-02 -160.50         test_P_all
.7500E+00     5.000  0.255E+01   0.33562E-01   0.00000E+00   0.10000E+00    0.50249E-02 -174.81         test_P_all
.7600E+00     5.000  0.246E+01   0.30936E-01   0.00000E+00   0.10000E+00    0.50249E-02 -188.90         test_P_all
.7700E+00     5.000  0.238E+01   0.28461E-01   0.00000E+00   0.10000E+00    0.50249E-02 -202.69         test_P_all
.7800E+00     5.000  0.229E+01   0.26131E-01   0.00000E+00   0.10000E+00    0.50249E-02 -216.10         test_P_all
.7900E+00     5.000  0.221E+01   0.23942E-01   0.00000E+00   0.10000E+00    0.50249E-02 -229.10         test_P_all
.8000E+00     5.000  0.213E+01   0.21888E-01   0.00000E+00   0.10000E+00    0.17692E-02 *******         test_P_all
.8100E+00     5.000  0.205E+01   0.19966E-01   0.00000E+00   0.10000E+00    0.50249E-02 -253.68         test_P_all
.8200E+00     5.000  0.198E+01   0.18170E-01   0.00000E+00   0.10000E+00    0.50249E-02 -265.19         test_P_all
.8300E+00     5.000  0.191E+01   0.16494E-01   0.00000E+00   0.10000E+00    0.50249E-02 -276.17         test_P_all
.8400E+00     5.000  0.183E+01   0.14935E-01   0.00000E+00   0.10000E+00    0.50249E-02 -286.58         test_P_all
.8500E+00     5.000  0.176E+01   0.13487E-01   0.00000E+00   0.10000E+00    0.50249E-02 -296.41         test_P_all
.8600E+00     5.000  0.170E+01   0.12145E-01   0.00000E+00   0.10000E+00    0.50249E-02 -305.68         test_P_all
.8700E+00     5.000  0.163E+01   0.10904E-01   0.00000E+00   0.10000E+00    0.50249E-02 -314.38         test_P_all
.8800E+00     5.000  0.156E+01   0.97597E-02   0.00000E+00   0.10000E+00    0.50249E-02 -322.51         test_P_all
.8900E+00     5.000  0.150E+01   0.87066E-02   0.00000E+00   0.10000E+00    0.50249E-02 -330.08         test_P_all
.9000E+00     5.000  0.144E+01   0.77398E-02   0.00000E+00   0.10000E+00    0.17692E-02 *******         test_P_all
.9100E+00     5.000  0.138E+01   0.68549E-02   0.00000E+00   0.10000E+00    0.50249E-02 -343.60         test_P_all
.9200E+00     5.000  0.132E+01   0.60477E-02   0.00000E+00   0.10000E+00    0.50249E-02 -349.59         test_P_all
.9300E+00     5.000  0.126E+01   0.53131E-02   0.00000E+00   0.10000E+00    0.50249E-02 -355.07         test_P_all
.9400E+00     5.000  0.120E+01   0.46467E-02   0.00000E+00   0.10000E+00    0.50249E-02 -360.09         test_P_all
.9500E+00     5.000  0.114E+01   0.40446E-02   0.00000E+00   0.10000E+00    0.50249E-02 -364.65         test_P_all
.9600E+00     5.000  0.109E+01   0.35025E-02   0.00000E+00   0.10000E+00    0.50249E-02 -368.78         test_P_all
.9700E+00     5.000  0.104E+01   0.30162E-02   0.00000E+00   0.10000E+00    0.50249E-02 -372.51         test_P_all
.9800E+00     5.000  0.984E+00   0.25818E-02   0.00000E+00   0.10000E+00    0.50249E-02 -375.85         test_P_all
.9900E+00     5.000  0.932E+00   0.21956E-02   0.00000E+00   0.10000E+00    0.50249E-02 -378.84         test_P_all
.1000E+01     5.000  0.882E+00   0.18540E-02   0.00000E+00   0.10000E+00    0.50249E-02 -381.49         test_P_all
.1000E-01    10.000  0.991E+03   0.54325E+00   0.00000E+00   0.10000E+00    0.50249E-02 7780.88         test_P_all
.2000E-01    10.000  0.491E+03   0.47366E+00   0.00000E+00   0.10000E+00    0.50249E-02 5529.70         test_P_all
.3000E-01    10.000  0.324E+03   0.44099E+00   0.00000E+00   0.10000E+00    0.50249E-02 4604.96         test_P_all
.4000E-01    10.000  0.241E+03   0.42643E+00   0.00000E+00   0.10000E+00    0.50249E-02 4220.09         test_P_all
.5000E-01    10.000  0.191E+03   0.41471E+00   0.00000E+00   0.10000E+00    0.50249E-02 3922.49         test_P_all
.6000E-01    10.000  0.158E+03   0.40754E+00   0.00000E+00   0.10000E+00    0.50249E-02 3745.74         test_P_all
.7000E-01    10.000  0.134E+03   0.40095E+00   0.00000E+00   0.10000E+00    0.50249E-02 3586.95         test_P_all
.8000E-01    10.000  0.116E+03   0.39543E+00   0.00000E+00   0.10000E+00    0.50249E-02 3456.68         test_P_all
.9000E-01    10.000  0.102E+03   0.39029E+00   0.00000E+00   0.10000E+00    0.50249E-02 3337.45         test_P_all
.1000E+00    10.000  0.909E+02   0.38553E+00   0.00000E+00   0.10000E+00    0.50249E-02 3228.92         test_P_all
.1100E+00    10.000  0.818E+02   0.38096E+00   0.00000E+00   0.10000E+00    0.50249E-02 3126.30         test_P_all
.1200E+00    10.000  0.742E+02   0.37668E+00   0.00000E+00   0.10000E+00    0.50249E-02 3031.79         test_P_all
.1300E+00    10.000  0.678E+02   0.37251E+00   0.00000E+00   0.10000E+00    0.50249E-02 2941.09         test_P_all
.1400E+00    10.000  0.623E+02   0.36837E+00   0.00000E+00   0.10000E+00    0.50249E-02 2852.42         test_P_all
.1500E+00    10.000  0.575E+02   0.36426E+00   0.00000E+00   0.10000E+00    0.50249E-02 2765.60         test_P_all
.1600E+00    10.000  0.534E+02   0.36004E+00   0.00000E+00   0.10000E+00    0.50249E-02 2678.11         test_P_all
.1700E+00    10.000  0.497E+02   0.35574E+00   0.00000E+00   0.10000E+00    0.50249E-02 2590.26         test_P_all
.1800E+00    10.000  0.464E+02   0.35131E+00   0.00000E+00   0.10000E+00    0.50249E-02 2501.32         test_P_all
.1900E+00    10.000  0.435E+02   0.34669E+00   0.00000E+00   0.10000E+00    0.50249E-02 2410.17         test_P_all
.2000E+00    10.000  0.409E+02   0.34190E+00   0.00000E+00   0.10000E+00    0.50249E-02 2317.50         test_P_all
.2100E+00    10.000  0.385E+02   0.33688E+00   0.00000E+00   0.10000E+00    0.50249E-02 2222.29         test_P_all
.2200E+00    10.000  0.363E+02   0.33164E+00   0.00000E+00   0.10000E+00    0.50249E-02 2125.11         test_P_all
.2300E+00    10.000  0.344E+02   0.32619E+00   0.00000E+00   0.10000E+00    0.50249E-02 2026.18         test_P_all
.2400E+00    10.000  0.325E+02   0.32049E+00   0.00000E+00   0.10000E+00    0.50249E-02 1925.36         test_P_all
.2500E+00    10.000  0.309E+02   0.31457E+00   0.00000E+00   0.10000E+00    0.50249E-02 1823.42         test_P_all
.2600E+00    10.000  0.293E+02   0.30843E+00   0.00000E+00   0.10000E+00    0.50249E-02 1720.48         test_P_all
.2700E+00    10.000  0.279E+02   0.30207E+00   0.00000E+00   0.10000E+00    0.50249E-02 1617.14         test_P_all
.2800E+00    10.000  0.266E+02   0.29553E+00   0.00000E+00   0.10000E+00    0.50249E-02 1514.13         test_P_all
.2900E+00    10.000  0.254E+02   0.28880E+00   0.00000E+00   0.10000E+00    0.50249E-02 1411.67         test_P_all
.3000E+00    10.000  0.242E+02   0.28190E+00   0.00000E+00   0.10000E+00    0.18868E-02 9294.12         test_P_all
.3100E+00    10.000  0.231E+02   0.27485E+00   0.00000E+00   0.10000E+00    0.50249E-02 1210.75         test_P_all
.3200E+00    10.000  0.221E+02   0.26766E+00   0.00000E+00   0.10000E+00    0.50249E-02 1113.27         test_P_all
.3300E+00    10.000  0.212E+02   0.26036E+00   0.00000E+00   0.10000E+00    0.50249E-02 1018.40         test_P_all
.3400E+00    10.000  0.203E+02   0.25296E+00   0.00000E+00   0.10000E+00    0.50249E-02  926.61         test_P_all
.3500E+00    10.000  0.195E+02   0.24548E+00   0.00000E+00   0.10000E+00    0.50249E-02  838.23         test_P_all
.3600E+00    10.000  0.187E+02   0.23795E+00   0.00000E+00   0.10000E+00    0.50249E-02  753.64         test_P_all
.3700E+00    10.000  0.179E+02   0.23037E+00   0.00000E+00   0.10000E+00    0.50249E-02  673.13         test_P_all
.3800E+00    10.000  0.172E+02   0.22277E+00   0.00000E+00   0.10000E+00    0.50249E-02  596.89         test_P_all
.3900E+00    10.000  0.165E+02   0.21516E+00   0.00000E+00   0.10000E+00    0.50249E-02  525.22         test_P_all
.4000E+00    10.000  0.159E+02   0.20756E+00   0.00000E+00   0.10000E+00    0.17692E-02 3696.29         test_P_all
.4100E+00    10.000  0.153E+02   0.19999E+00   0.00000E+00   0.10000E+00    0.50249E-02  395.92         test_P_all
.4200E+00    10.000  0.147E+02   0.19245E+00   0.00000E+00   0.10000E+00    0.50249E-02  338.50         test_P_all
.4300E+00    10.000  0.141E+02   0.18497E+00   0.00000E+00   0.10000E+00    0.50249E-02  285.91         test_P_all
.4400E+00    10.000  0.136E+02   0.17755E+00   0.00000E+00   0.10000E+00    0.50249E-02  238.18         test_P_all
.4500E+00    10.000  0.131E+02   0.17021E+00   0.00000E+00   0.10000E+00    0.50249E-02  195.24         test_P_all
.4600E+00    10.000  0.126E+02   0.16296E+00   0.00000E+00   0.10000E+00    0.50249E-02  157.01         test_P_all
.4700E+00    10.000  0.122E+02   0.15582E+00   0.00000E+00   0.10000E+00    0.50249E-02  123.41         test_P_all
.4800E+00    10.000  0.117E+02   0.14879E+00   0.00000E+00   0.10000E+00    0.50249E-02   94.28         test_P_all
.4900E+00    10.000  0.113E+02   0.14188E+00   0.00000E+00   0.10000E+00    0.50249E-02   69.47         test_P_all
.5000E+00    10.000  0.109E+02   0.13511E+00   0.00000E+00   0.10000E+00    0.17692E-02  393.79         test_P_all
.5100E+00    10.000  0.105E+02   0.12847E+00   0.00000E+00   0.10000E+00    0.50249E-02   32.11         test_P_all
.5200E+00    10.000  0.101E+02   0.12199E+00   0.00000E+00   0.10000E+00    0.50249E-02   19.15         test_P_all
.5300E+00    10.000  0.975E+01   0.11566E+00   0.00000E+00   0.10000E+00    0.50249E-02    9.71         test_P_all
.5400E+00    10.000  0.940E+01   0.10949E+00   0.00000E+00   0.10000E+00    0.50249E-02    3.57         test_P_all
.5500E+00    10.000  0.906E+01   0.10350E+00   0.00000E+00   0.10000E+00    0.50249E-02    0.48         test_P_all
.5600E+00    10.000  0.874E+01   0.97677E-01   0.00000E+00   0.10000E+00    0.50249E-02   -0.21         test_P_all
.5700E+00    10.000  0.843E+01   0.92033E-01   0.00000E+00   0.10000E+00    0.50249E-02   -2.51         test_P_all
.5800E+00    10.000  0.812E+01   0.86573E-01   0.00000E+00   0.10000E+00    0.50249E-02   -7.14         test_P_all
.5900E+00    10.000  0.783E+01   0.81297E-01   0.00000E+00   0.10000E+00    0.50249E-02  -13.85         test_P_all
.6000E+00    10.000  0.755E+01   0.76211E-01   0.00000E+00   0.10000E+00    0.17692E-02 -180.80         test_P_all
.6100E+00    10.000  0.728E+01   0.71315E-01   0.00000E+00   0.10000E+00    0.50249E-02  -32.59         test_P_all
.6200E+00    10.000  0.701E+01   0.66609E-01   0.00000E+00   0.10000E+00    0.50249E-02  -44.16         test_P_all
.6300E+00    10.000  0.675E+01   0.62097E-01   0.00000E+00   0.10000E+00    0.50249E-02  -56.90         test_P_all
.6400E+00    10.000  0.651E+01   0.57776E-01   0.00000E+00   0.10000E+00    0.50249E-02  -70.61         test_P_all
.6500E+00    10.000  0.627E+01   0.53645E-01   0.00000E+00   0.10000E+00    0.50249E-02  -85.10         test_P_all
.6600E+00    10.000  0.603E+01   0.49707E-01   0.00000E+00   0.10000E+00    0.50249E-02 -100.17         test_P_all
.6700E+00    10.000  0.581E+01   0.45957E-01   0.00000E+00   0.10000E+00    0.50249E-02 -115.67         test_P_all
.6800E+00    10.000  0.559E+01   0.42393E-01   0.00000E+00   0.10000E+00    0.50249E-02 -131.43         test_P_all
.6900E+00    10.000  0.537E+01   0.39015E-01   0.00000E+00   0.10000E+00    0.50249E-02 -147.29         test_P_all
.7000E+00    10.000  0.517E+01   0.35818E-01   0.00000E+00   0.10000E+00    0.17692E-02 *******         test_P_all
.7100E+00    10.000  0.497E+01   0.32799E-01   0.00000E+00   0.10000E+00    0.50249E-02 -178.85         test_P_all
.7200E+00    10.000  0.477E+01   0.29955E-01   0.00000E+00   0.10000E+00    0.50249E-02 -194.31         test_P_all
.7300E+00    10.000  0.458E+01   0.27280E-01   0.00000E+00   0.10000E+00    0.50249E-02 -209.43         test_P_all
.7400E+00    10.000  0.440E+01   0.24773E-01   0.00000E+00   0.10000E+00    0.50249E-02 -224.13         test_P_all
.7500E+00    10.000  0.422E+01   0.22427E-01   0.00000E+00   0.10000E+00    0.50249E-02 -238.32         test_P_all
.7600E+00    10.000  0.404E+01   0.20237E-01   0.00000E+00   0.10000E+00    0.50249E-02 -251.97         test_P_all
.7700E+00    10.000  0.387E+01   0.18199E-01   0.00000E+00   0.10000E+00    0.50249E-02 -265.00         test_P_all
.7800E+00    10.000  0.370E+01   0.16308E-01   0.00000E+00   0.10000E+00    0.50249E-02 -277.40         test_P_all
.7900E+00    10.000  0.354E+01   0.14557E-01   0.00000E+00   0.10000E+00    0.50249E-02 -289.13         test_P_all
.8000E+00    10.000  0.338E+01   0.12943E-01   0.00000E+00   0.10000E+00    0.17692E-02 *******         test_P_all
.8100E+00    10.000  0.323E+01   0.11458E-01   0.00000E+00   0.10000E+00    0.50249E-02 -310.48         test_P_all
.8200E+00    10.000  0.308E+01   0.10096E-01   0.00000E+00   0.10000E+00    0.50249E-02 -320.10         test_P_all
.8300E+00    10.000  0.293E+01   0.88538E-02   0.00000E+00   0.10000E+00    0.50249E-02 -329.02         test_P_all
.8400E+00    10.000  0.279E+01   0.77231E-02   0.00000E+00   0.10000E+00    0.50249E-02 -337.23         test_P_all
.8500E+00    10.000  0.265E+01   0.66984E-02   0.00000E+00   0.10000E+00    0.50249E-02 -344.76         test_P_all
.8600E+00    10.000  0.251E+01   0.57746E-02   0.00000E+00   0.10000E+00    0.50249E-02 -351.62         test_P_all
.8700E+00    10.000  0.238E+01   0.49453E-02   0.00000E+00   0.10000E+00    0.50249E-02 -357.84         test_P_all
.8800E+00    10.000  0.225E+01   0.42047E-02   0.00000E+00   0.10000E+00    0.50249E-02 -363.44         test_P_all
.8900E+00    10.000  0.212E+01   0.35468E-02   0.00000E+00   0.10000E+00    0.50249E-02 -368.44         test_P_all
.9000E+00    10.000  0.199E+01   0.29662E-02   0.00000E+00   0.10000E+00    0.17692E-02 *******         test_P_all
.9100E+00    10.000  0.187E+01   0.24573E-02   0.00000E+00   0.10000E+00    0.50249E-02 -376.81         test_P_all
.9200E+00    10.000  0.175E+01   0.20140E-02   0.00000E+00   0.10000E+00    0.50249E-02 -380.25         test_P_all
.9300E+00    10.000  0.163E+01   0.16314E-02   0.00000E+00   0.10000E+00    0.50249E-02 -383.22         test_P_all
.9400E+00    10.000  0.152E+01   0.13046E-02   0.00000E+00   0.10000E+00    0.50249E-02 -385.77         test_P_all
.9500E+00    10.000  0.141E+01   0.10271E-02   0.00000E+00   0.10000E+00    0.50249E-02 -387.95         test_P_all
.9600E+00    10.000  0.130E+01   0.79511E-03   0.00000E+00   0.10000E+00    0.50249E-02 -389.77         test_P_all
.9700E+00    10.000  0.119E+01   0.60423E-03   0.00000E+00   0.10000E+00    0.50249E-02 -391.27         test_P_all
.9800E+00    10.000  0.109E+01   0.44776E-03   0.00000E+00   0.10000E+00    0.50249E-02 -392.50         test_P_all
.9900E+00    10.000  0.983E+00   0.32313E-03   0.00000E+00   0.10000E+00    0.50249E-02 -393.48         test_P_all
.1000E+01    10.000  0.882E+00   0.22660E-03   0.00000E+00   0.10000E+00    0.50249E-02 -394.25         test_P_all
.1000E-01    20.000  0.198E+04   0.62301E+00   0.00000E+00   0.10000E+00    0.50249E-02 *******         test_P_all
.2000E-01    20.000  0.981E+03   0.52777E+00   0.00000E+00   0.10000E+00    0.50249E-02 7247.08         test_P_all
.3000E-01    20.000  0.648E+03   0.48087E+00   0.00000E+00   0.10000E+00    0.50249E-02 5744.92         test_P_all
.4000E-01    20.000  0.481E+03   0.45801E+00   0.00000E+00   0.10000E+00    0.50249E-02 5076.00         test_P_all
.5000E-01    20.000  0.381E+03   0.43912E+00   0.00000E+00   0.10000E+00    0.50249E-02 4554.49         test_P_all
.6000E-01    20.000  0.314E+03   0.42676E+00   0.00000E+00   0.10000E+00    0.50249E-02 4228.68         test_P_all
.7000E-01    20.000  0.267E+03   0.41562E+00   0.00000E+00   0.10000E+00    0.50249E-02 3945.25         test_P_all
.8000E-01    20.000  0.231E+03   0.40666E+00   0.00000E+00   0.10000E+00    0.50249E-02 3724.27         test_P_all
.9000E-01    20.000  0.203E+03   0.39854E+00   0.00000E+00   0.10000E+00    0.50249E-02 3529.66         test_P_all
.1000E+00    20.000  0.181E+03   0.39132E+00   0.00000E+00   0.10000E+00    0.50249E-02 3361.03         test_P_all
.1100E+00    20.000  0.163E+03   0.38460E+00   0.00000E+00   0.10000E+00    0.50249E-02 3207.88         test_P_all
.1200E+00    20.000  0.148E+03   0.37837E+00   0.00000E+00   0.10000E+00    0.50249E-02 3068.81         test_P_all
.1300E+00    20.000  0.135E+03   0.37246E+00   0.00000E+00   0.10000E+00    0.50249E-02 2940.06         test_P_all
.1400E+00    20.000  0.124E+03   0.36674E+00   0.00000E+00   0.10000E+00    0.50249E-02 2817.81         test_P_all
.1500E+00    20.000  0.114E+03   0.36120E+00   0.00000E+00   0.10000E+00    0.50249E-02 2701.92         test_P_all
.1600E+00    20.000  0.106E+03   0.35565E+00   0.00000E+00   0.10000E+00    0.50249E-02 2588.30         test_P_all
.1700E+00    20.000  0.985E+02   0.35011E+00   0.00000E+00   0.10000E+00    0.50249E-02 2477.42         test_P_all
.1800E+00    20.000  0.920E+02   0.34453E+00   0.00000E+00   0.10000E+00    0.50249E-02 2368.07         test_P_all
.1900E+00    20.000  0.861E+02   0.33882E+00   0.00000E+00   0.10000E+00    0.50249E-02 2258.89         test_P_all
.2000E+00    20.000  0.809E+02   0.33302E+00   0.00000E+00   0.10000E+00    0.50249E-02 2150.49         test_P_all
.2100E+00    20.000  0.761E+02   0.32705E+00   0.00000E+00   0.10000E+00    0.50249E-02 2041.60         test_P_all
.2200E+00    20.000  0.718E+02   0.32092E+00   0.00000E+00   0.10000E+00    0.50249E-02 1932.87         test_P_all
.2300E+00    20.000  0.678E+02   0.31463E+00   0.00000E+00   0.10000E+00    0.50249E-02 1824.35         test_P_all
.2400E+00    20.000  0.642E+02   0.30815E+00   0.00000E+00   0.10000E+00    0.50249E-02 1715.93         test_P_all
.2500E+00    20.000  0.609E+02   0.30152E+00   0.00000E+00   0.10000E+00    0.50249E-02 1608.29         test_P_all
.2600E+00    20.000  0.578E+02   0.29471E+00   0.00000E+00   0.10000E+00    0.50249E-02 1501.47         test_P_all
.2700E+00    20.000  0.550E+02   0.28775E+00   0.00000E+00   0.10000E+00    0.50249E-02 1396.04         test_P_all
.2800E+00    20.000  0.523E+02   0.28065E+00   0.00000E+00   0.10000E+00    0.50249E-02 1292.41         test_P_all
.2900E+00    20.000  0.498E+02   0.27341E+00   0.00000E+00   0.10000E+00    0.50249E-02 1190.93         test_P_all
.3000E+00    20.000  0.475E+02   0.26605E+00   0.00000E+00   0.10000E+00    0.18868E-02 7745.46         test_P_all
.3100E+00    20.000  0.454E+02   0.25861E+00   0.00000E+00   0.10000E+00    0.50249E-02  996.34         test_P_all
.3200E+00    20.000  0.434E+02   0.25109E+00   0.00000E+00   0.10000E+00    0.50249E-02  904.04         test_P_all
.3300E+00    20.000  0.415E+02   0.24349E+00   0.00000E+00   0.10000E+00    0.50249E-02  815.47         test_P_all
.3400E+00    20.000  0.397E+02   0.23586E+00   0.00000E+00   0.10000E+00    0.50249E-02  730.96         test_P_all
.3500E+00    20.000  0.380E+02   0.22818E+00   0.00000E+00   0.10000E+00    0.50249E-02  650.74         test_P_all
.3600E+00    20.000  0.364E+02   0.22050E+00   0.00000E+00   0.10000E+00    0.50249E-02  575.06         test_P_all
.3700E+00    20.000  0.349E+02   0.21282E+00   0.00000E+00   0.10000E+00    0.50249E-02  504.07         test_P_all
.3800E+00    20.000  0.335E+02   0.20515E+00   0.00000E+00   0.10000E+00    0.50249E-02  437.88         test_P_all
.3900E+00    20.000  0.322E+02   0.19752E+00   0.00000E+00   0.10000E+00    0.50249E-02  376.61         test_P_all
.4000E+00    20.000  0.309E+02   0.18993E+00   0.00000E+00   0.10000E+00    0.17692E-02 2583.70         test_P_all
.4100E+00    20.000  0.297E+02   0.18240E+00   0.00000E+00   0.10000E+00    0.50249E-02  268.90         test_P_all
.4200E+00    20.000  0.285E+02   0.17494E+00   0.00000E+00   0.10000E+00    0.50249E-02  222.44         test_P_all
.4300E+00    20.000  0.274E+02   0.16757E+00   0.00000E+00   0.10000E+00    0.50249E-02  180.82         test_P_all
.4400E+00    20.000  0.263E+02   0.16030E+00   0.00000E+00   0.10000E+00    0.50249E-02  143.98         test_P_all
.4500E+00    20.000  0.253E+02   0.15313E+00   0.00000E+00   0.10000E+00    0.50249E-02  111.78         test_P_all
.4600E+00    20.000  0.244E+02   0.14608E+00   0.00000E+00   0.10000E+00    0.50249E-02   84.08         test_P_all
.4700E+00    20.000  0.234E+02   0.13915E+00   0.00000E+00   0.10000E+00    0.50249E-02   60.71         test_P_all
.4800E+00    20.000  0.225E+02   0.13236E+00   0.00000E+00   0.10000E+00    0.50249E-02   41.48         test_P_all
.4900E+00    20.000  0.217E+02   0.12572E+00   0.00000E+00   0.10000E+00    0.50249E-02   26.20         test_P_all
.5000E+00    20.000  0.209E+02   0.11923E+00   0.00000E+00   0.10000E+00    0.17692E-02  118.11         test_P_all
.5100E+00    20.000  0.201E+02   0.11289E+00   0.00000E+00   0.10000E+00    0.50249E-02    6.58         test_P_all
.5200E+00    20.000  0.193E+02   0.10673E+00   0.00000E+00   0.10000E+00    0.50249E-02    1.79         test_P_all
.5300E+00    20.000  0.186E+02   0.10073E+00   0.00000E+00   0.10000E+00    0.50249E-02    0.02         test_P_all
.5400E+00    20.000  0.179E+02   0.94906E-01   0.00000E+00   0.10000E+00    0.50249E-02   -1.03         test_P_all
.5500E+00    20.000  0.172E+02   0.89266E-01   0.00000E+00   0.10000E+00    0.50249E-02   -4.56         test_P_all
.5600E+00    20.000  0.166E+02   0.83810E-01   0.00000E+00   0.10000E+00    0.50249E-02  -10.38         test_P_all
.5700E+00    20.000  0.160E+02   0.78543E-01   0.00000E+00   0.10000E+00    0.50249E-02  -18.23         test_P_all
.5800E+00    20.000  0.154E+02   0.73465E-01   0.00000E+00   0.10000E+00    0.50249E-02  -27.88         test_P_all
.5900E+00    20.000  0.148E+02   0.68581E-01   0.00000E+00   0.10000E+00    0.50249E-02  -39.10         test_P_all
.6000E+00    20.000  0.142E+02   0.63891E-01   0.00000E+00   0.10000E+00    0.17692E-02 -416.58         test_P_all
.6100E+00    20.000  0.137E+02   0.59393E-01   0.00000E+00   0.10000E+00    0.50249E-02  -65.30         test_P_all
.6200E+00    20.000  0.131E+02   0.55093E-01   0.00000E+00   0.10000E+00    0.50249E-02  -79.87         test_P_all
.6300E+00    20.000  0.126E+02   0.50987E-01   0.00000E+00   0.10000E+00    0.50249E-02  -95.14         test_P_all
.6400E+00    20.000  0.121E+02   0.47074E-01   0.00000E+00   0.10000E+00    0.50249E-02 -110.94         test_P_all
.6500E+00    20.000  0.117E+02   0.43355E-01   0.00000E+00   0.10000E+00    0.50249E-02 -127.07         test_P_all
.6600E+00    20.000  0.112E+02   0.39826E-01   0.00000E+00   0.10000E+00    0.50249E-02 -143.40         test_P_all
.6700E+00    20.000  0.107E+02   0.36485E-01   0.00000E+00   0.10000E+00    0.50249E-02 -159.77         test_P_all
.6800E+00    20.000  0.103E+02   0.33330E-01   0.00000E+00   0.10000E+00    0.50249E-02 -176.03         test_P_all
.6900E+00    20.000  0.987E+01   0.30357E-01   0.00000E+00   0.10000E+00    0.50249E-02 -192.09         test_P_all
.7000E+00    20.000  0.945E+01   0.27564E-01   0.00000E+00   0.10000E+00    0.17692E-02 *******         test_P_all
.7100E+00    20.000  0.905E+01   0.24944E-01   0.00000E+00   0.10000E+00    0.50249E-02 -223.10         test_P_all
.7200E+00    20.000  0.866E+01   0.22496E-01   0.00000E+00   0.10000E+00    0.50249E-02 -237.90         test_P_all
.7300E+00    20.000  0.828E+01   0.20213E-01   0.00000E+00   0.10000E+00    0.50249E-02 -252.12         test_P_all
.7400E+00    20.000  0.791E+01   0.18091E-01   0.00000E+00   0.10000E+00    0.50249E-02 -265.70         test_P_all
.7500E+00    20.000  0.755E+01   0.16126E-01   0.00000E+00   0.10000E+00    0.50249E-02 -278.61         test_P_all
.7600E+00    20.000  0.720E+01   0.14311E-01   0.00000E+00   0.10000E+00    0.50249E-02 -290.80         test_P_all
.7700E+00    20.000  0.686E+01   0.12640E-01   0.00000E+00   0.10000E+00    0.50249E-02 -302.25         test_P_all
.7800E+00    20.000  0.652E+01   0.11108E-01   0.00000E+00   0.10000E+00    0.50249E-02 -312.94         test_P_all
.7900E+00    20.000  0.620E+01   0.97098E-02   0.00000E+00   0.10000E+00    0.50249E-02 -322.86         test_P_all
.8000E+00    20.000  0.588E+01   0.84381E-02   0.00000E+00   0.10000E+00    0.17692E-02 *******         test_P_all
.8100E+00    20.000  0.557E+01   0.72871E-02   0.00000E+00   0.10000E+00    0.50249E-02 -340.42         test_P_all
.8200E+00    20.000  0.527E+01   0.62504E-02   0.00000E+00   0.10000E+00    0.50249E-02 -348.08         test_P_all
.8300E+00    20.000  0.498E+01   0.53213E-02   0.00000E+00   0.10000E+00    0.50249E-02 -355.01         test_P_all
.8400E+00    20.000  0.469E+01   0.44939E-02   0.00000E+00   0.10000E+00    0.50249E-02 -361.24         test_P_all
.8500E+00    20.000  0.441E+01   0.37618E-02   0.00000E+00   0.10000E+00    0.50249E-02 -366.80         test_P_all
.8600E+00    20.000  0.414E+01   0.31178E-02   0.00000E+00   0.10000E+00    0.50249E-02 -371.73         test_P_all
.8700E+00    20.000  0.387E+01   0.25563E-02   0.00000E+00   0.10000E+00    0.50249E-02 -376.05         test_P_all
.8800E+00    20.000  0.361E+01   0.20708E-02   0.00000E+00   0.10000E+00    0.50249E-02 -379.81         test_P_all
.8900E+00    20.000  0.335E+01   0.16543E-02   0.00000E+00   0.10000E+00    0.50249E-02 -383.04         test_P_all
.9000E+00    20.000  0.310E+01   0.13016E-02   0.00000E+00   0.10000E+00    0.17692E-02 *******         test_P_all
.9100E+00    20.000  0.286E+01   0.10063E-02   0.00000E+00   0.10000E+00    0.50249E-02 -388.11         test_P_all
.9200E+00    20.000  0.262E+01   0.76185E-03   0.00000E+00   0.10000E+00    0.50249E-02 -390.03         test_P_all
.9300E+00    20.000  0.239E+01   0.56382E-03   0.00000E+00   0.10000E+00    0.50249E-02 -391.59         test_P_all
.9400E+00    20.000  0.216E+01   0.40549E-03   0.00000E+00   0.10000E+00    0.50249E-02 -392.83         test_P_all
.9500E+00    20.000  0.193E+01   0.28161E-03   0.00000E+00   0.10000E+00    0.50249E-02 -393.81         test_P_all
.9600E+00    20.000  0.172E+01   0.18855E-03   0.00000E+00   0.10000E+00    0.50249E-02 -394.55         test_P_all
.9700E+00    20.000  0.150E+01   0.11902E-03   0.00000E+00   0.10000E+00    0.50249E-02 -395.10         test_P_all
.9800E+00    20.000  0.129E+01   0.70140E-04   0.00000E+00   0.10000E+00    0.50249E-02 -395.48         test_P_all
.9900E+00    20.000  0.108E+01   0.38859E-04   0.00000E+00   0.10000E+00    0.50249E-02 -395.73         test_P_all
.1000E+01    20.000  0.882E+00   0.17799E-04   0.00000E+00   0.10000E+00    0.50249E-02 -395.90         test_P_all
.1000E+00    50.000  0.451E+03   0.39592E+00   0.00000E+00   0.10000E+00    0.50249E-02 3468.03         test_P_all
.1100E+00    50.000  0.405E+03   0.38670E+00   0.00000E+00   0.10000E+00    0.50249E-02 3255.28         test_P_all
.1200E+00    50.000  0.368E+03   0.37831E+00   0.00000E+00   0.10000E+00    0.50249E-02 3067.53         test_P_all
.1300E+00    50.000  0.335E+03   0.37051E+00   0.00000E+00   0.10000E+00    0.50249E-02 2898.01         test_P_all
.1400E+00    50.000  0.308E+03   0.36306E+00   0.00000E+00   0.10000E+00    0.50249E-02 2740.57         test_P_all
.1500E+00    50.000  0.284E+03   0.35597E+00   0.00000E+00   0.10000E+00    0.50249E-02 2594.86         test_P_all
.1600E+00    50.000  0.263E+03   0.34898E+00   0.00000E+00   0.10000E+00    0.50249E-02 2455.09         test_P_all
.1700E+00    50.000  0.245E+03   0.34213E+00   0.00000E+00   0.10000E+00    0.50249E-02 2321.77         test_P_all
.1800E+00    50.000  0.229E+03   0.33532E+00   0.00000E+00   0.10000E+00    0.50249E-02 2193.11         test_P_all
.1900E+00    50.000  0.214E+03   0.32848E+00   0.00000E+00   0.10000E+00    0.50249E-02 2067.45         test_P_all
.2000E+00    50.000  0.201E+03   0.32162E+00   0.00000E+00   0.10000E+00    0.50249E-02 1945.23         test_P_all
.2100E+00    50.000  0.189E+03   0.31466E+00   0.00000E+00   0.10000E+00    0.50249E-02 1824.94         test_P_all
.2200E+00    50.000  0.178E+03   0.30762E+00   0.00000E+00   0.10000E+00    0.50249E-02 1707.21         test_P_all
.2300E+00    50.000  0.168E+03   0.30049E+00   0.00000E+00   0.10000E+00    0.50249E-02 1591.90         test_P_all
.2400E+00    50.000  0.159E+03   0.29324E+00   0.00000E+00   0.10000E+00    0.50249E-02 1478.87         test_P_all
.2500E+00    50.000  0.151E+03   0.28590E+00   0.00000E+00   0.10000E+00    0.50249E-02 1368.63         test_P_all
.2600E+00    50.000  0.143E+03   0.27845E+00   0.00000E+00   0.10000E+00    0.50249E-02 1261.14         test_P_all
.2700E+00    50.000  0.136E+03   0.27091E+00   0.00000E+00   0.10000E+00    0.50249E-02 1156.86         test_P_all
.2800E+00    50.000  0.129E+03   0.26330E+00   0.00000E+00   0.10000E+00    0.50249E-02 1056.07         test_P_all
.2900E+00    50.000  0.123E+03   0.25561E+00   0.00000E+00   0.10000E+00    0.50249E-02  959.01         test_P_all
.3000E+00    50.000  0.118E+03   0.24787E+00   0.00000E+00   0.10000E+00    0.18868E-02 6142.31         test_P_all
.3100E+00    50.000  0.112E+03   0.24010E+00   0.00000E+00   0.10000E+00    0.50249E-02  777.32         test_P_all
.3200E+00    50.000  0.107E+03   0.23230E+00   0.00000E+00   0.10000E+00    0.50249E-02  693.16         test_P_all
.3300E+00    50.000  0.102E+03   0.22449E+00   0.00000E+00   0.10000E+00    0.50249E-02  613.75         test_P_all
.3400E+00    50.000  0.979E+02   0.21669E+00   0.00000E+00   0.10000E+00    0.50249E-02  539.23         test_P_all
.3500E+00    50.000  0.937E+02   0.20890E+00   0.00000E+00   0.10000E+00    0.50249E-02  469.71         test_P_all
.3600E+00    50.000  0.898E+02   0.20116E+00   0.00000E+00   0.10000E+00    0.50249E-02  405.29         test_P_all
.3700E+00    50.000  0.860E+02   0.19347E+00   0.00000E+00   0.10000E+00    0.50249E-02  345.98         test_P_all
.3800E+00    50.000  0.825E+02   0.18583E+00   0.00000E+00   0.10000E+00    0.50249E-02  291.77         test_P_all
.3900E+00    50.000  0.791E+02   0.17828E+00   0.00000E+00   0.10000E+00    0.50249E-02  242.69         test_P_all
.4000E+00    50.000  0.759E+02   0.17081E+00   0.00000E+00   0.10000E+00    0.17692E-02 1602.15         test_P_all
.4100E+00    50.000  0.728E+02   0.16345E+00   0.00000E+00   0.10000E+00    0.50249E-02  159.44         test_P_all
.4200E+00    50.000  0.699E+02   0.15619E+00   0.00000E+00   0.10000E+00    0.50249E-02  125.06         test_P_all
.4300E+00    50.000  0.672E+02   0.14905E+00   0.00000E+00   0.10000E+00    0.50249E-02   95.30         test_P_all
.4400E+00    50.000  0.645E+02   0.14205E+00   0.00000E+00   0.10000E+00    0.50249E-02   70.01         test_P_all
.4500E+00    50.000  0.620E+02   0.13517E+00   0.00000E+00   0.10000E+00    0.50249E-02   49.00         test_P_all
.4600E+00    50.000  0.596E+02   0.12845E+00   0.00000E+00   0.10000E+00    0.50249E-02   32.05         test_P_all
.4700E+00    50.000  0.573E+02   0.12187E+00   0.00000E+00   0.10000E+00    0.50249E-02   18.95         test_P_all
.4800E+00    50.000  0.550E+02   0.11546E+00   0.00000E+00   0.10000E+00    0.50249E-02    9.46         test_P_all
.4900E+00    50.000  0.529E+02   0.10921E+00   0.00000E+00   0.10000E+00    0.50249E-02    3.36         test_P_all
.5000E+00    50.000  0.509E+02   0.10313E+00   0.00000E+00   0.10000E+00    0.17692E-02    3.12         test_P_all
.5100E+00    50.000  0.489E+02   0.97223E-01   0.00000E+00   0.10000E+00    0.50249E-02   -0.31         test_P_all
.5200E+00    50.000  0.470E+02   0.91501E-01   0.00000E+00   0.10000E+00    0.50249E-02   -2.86         test_P_all
.5300E+00    50.000  0.452E+02   0.85961E-01   0.00000E+00   0.10000E+00    0.50249E-02   -7.81         test_P_all
.5400E+00    50.000  0.435E+02   0.80611E-01   0.00000E+00   0.10000E+00    0.50249E-02  -14.89         test_P_all
.5500E+00    50.000  0.418E+02   0.75449E-01   0.00000E+00   0.10000E+00    0.50249E-02  -23.87         test_P_all
.5600E+00    50.000  0.402E+02   0.70479E-01   0.00000E+00   0.10000E+00    0.50249E-02  -34.51         test_P_all
.5700E+00    50.000  0.386E+02   0.65704E-01   0.00000E+00   0.10000E+00    0.50249E-02  -46.58         test_P_all
.5800E+00    50.000  0.371E+02   0.61122E-01   0.00000E+00   0.10000E+00    0.50249E-02  -59.86         test_P_all
.5900E+00    50.000  0.356E+02   0.56737E-01   0.00000E+00   0.10000E+00    0.50249E-02  -74.13         test_P_all
.6000E+00    50.000  0.342E+02   0.52545E-01   0.00000E+00   0.10000E+00    0.17692E-02 -719.47         test_P_all
.6100E+00    50.000  0.328E+02   0.48548E-01   0.00000E+00   0.10000E+00    0.50249E-02 -104.84         test_P_all
.6200E+00    50.000  0.315E+02   0.44744E-01   0.00000E+00   0.10000E+00    0.50249E-02 -120.92         test_P_all
.6300E+00    50.000  0.302E+02   0.41131E-01   0.00000E+00   0.10000E+00    0.50249E-02 -137.25         test_P_all
.6400E+00    50.000  0.290E+02   0.37708E-01   0.00000E+00   0.10000E+00    0.50249E-02 -153.68         test_P_all
.6500E+00    50.000  0.278E+02   0.34471E-01   0.00000E+00   0.10000E+00    0.50249E-02 -170.06         test_P_all
.6600E+00    50.000  0.266E+02   0.31419E-01   0.00000E+00   0.10000E+00    0.50249E-02 -186.27         test_P_all
.6700E+00    50.000  0.255E+02   0.28547E-01   0.00000E+00   0.10000E+00    0.50249E-02 -202.20         test_P_all
.6800E+00    50.000  0.244E+02   0.25851E-01   0.00000E+00   0.10000E+00    0.50249E-02 -217.74         test_P_all
.6900E+00    50.000  0.233E+02   0.23329E-01   0.00000E+00   0.10000E+00    0.50249E-02 -232.81         test_P_all
.7000E+00    50.000  0.223E+02   0.20976E-01   0.00000E+00   0.10000E+00    0.17692E-02 *******         test_P_all
.7100E+00    50.000  0.213E+02   0.18785E-01   0.00000E+00   0.10000E+00    0.50249E-02 -261.22         test_P_all
.7200E+00    50.000  0.203E+02   0.16754E-01   0.00000E+00   0.10000E+00    0.50249E-02 -274.45         test_P_all
.7300E+00    50.000  0.194E+02   0.14877E-01   0.00000E+00   0.10000E+00    0.50249E-02 -286.97         test_P_all
.7400E+00    50.000  0.184E+02   0.13147E-01   0.00000E+00   0.10000E+00    0.50249E-02 -298.75         test_P_all
.7500E+00    50.000  0.175E+02   0.11560E-01   0.00000E+00   0.10000E+00    0.50249E-02 -309.77         test_P_all
.7600E+00    50.000  0.167E+02   0.10109E-01   0.00000E+00   0.10000E+00    0.50249E-02 -320.02         test_P_all
.7700E+00    50.000  0.158E+02   0.87886E-02   0.00000E+00   0.10000E+00    0.50249E-02 -329.49         test_P_all
.7800E+00    50.000  0.150E+02   0.75925E-02   0.00000E+00   0.10000E+00    0.50249E-02 -338.18         test_P_all
.7900E+00    50.000  0.142E+02   0.65142E-02   0.00000E+00   0.10000E+00    0.50249E-02 -346.12         test_P_all
.8000E+00    50.000  0.134E+02   0.55476E-02   0.00000E+00   0.10000E+00    0.17692E-02 *******         test_P_all
.8100E+00    50.000  0.126E+02   0.46861E-02   0.00000E+00   0.10000E+00    0.50249E-02 -359.79         test_P_all
.8200E+00    50.000  0.119E+02   0.39229E-02   0.00000E+00   0.10000E+00    0.50249E-02 -365.58         test_P_all
.8300E+00    50.000  0.111E+02   0.32519E-02   0.00000E+00   0.10000E+00    0.50249E-02 -370.70         test_P_all
.8400E+00    50.000  0.104E+02   0.26664E-02   0.00000E+00   0.10000E+00    0.50249E-02 -375.20         test_P_all
.8500E+00    50.000  0.971E+01   0.21596E-02   0.00000E+00   0.10000E+00    0.50249E-02 -379.12         test_P_all
.8600E+00    50.000  0.902E+01   0.17257E-02   0.00000E+00   0.10000E+00    0.50249E-02 -382.49         test_P_all
.8700E+00    50.000  0.835E+01   0.13573E-02   0.00000E+00   0.10000E+00    0.50249E-02 -385.36         test_P_all
.8800E+00    50.000  0.770E+01   0.10491E-02   0.00000E+00   0.10000E+00    0.50249E-02 -387.77         test_P_all
.8900E+00    50.000  0.706E+01   0.79487E-03   0.00000E+00   0.10000E+00    0.50249E-02 -389.77         test_P_all
.9000E+00    50.000  0.644E+01   0.58750E-03   0.00000E+00   0.10000E+00    0.17692E-02 *******         test_P_all
.9100E+00    50.000  0.583E+01   0.42288E-03   0.00000E+00   0.10000E+00    0.50249E-02 -392.70         test_P_all
.9200E+00    50.000  0.523E+01   0.29411E-03   0.00000E+00   0.10000E+00    0.50249E-02 -393.71         test_P_all
.9300E+00    50.000  0.465E+01   0.19615E-03   0.00000E+00   0.10000E+00    0.50249E-02 -394.49         test_P_all
.9400E+00    50.000  0.407E+01   0.12527E-03   0.00000E+00   0.10000E+00    0.50249E-02 -395.05         test_P_all
.9500E+00    50.000  0.351E+01   0.73797E-04   0.00000E+00   0.10000E+00    0.50249E-02 -395.46         test_P_all
.9600E+00    50.000  0.297E+01   0.40131E-04   0.00000E+00   0.10000E+00    0.50249E-02 -395.72         test_P_all
.9700E+00    50.000  0.243E+01   0.19563E-04   0.00000E+00   0.10000E+00    0.50249E-02 -395.88         test_P_all
.9800E+00    50.000  0.190E+01   0.73750E-05   0.00000E+00   0.10000E+00    0.50249E-02 -395.98         test_P_all
.9900E+00    50.000  0.139E+01   0.24661E-05   0.00000E+00   0.10000E+00    0.50249E-02 -396.02         test_P_all
.1000E+01    50.000  0.882E+00   0.20018E-05   0.00000E+00   0.10000E+00    0.50249E-02 -396.02         test_P_all
.1000E+00   100.000  0.901E+03   0.39786E+00   0.00000E+00   0.10000E+00    0.50249E-02 3513.65         test_P_all
.1100E+00   100.000  0.810E+03   0.38703E+00   0.00000E+00   0.10000E+00    0.50249E-02 3262.81         test_P_all
.1200E+00   100.000  0.734E+03   0.37726E+00   0.00000E+00   0.10000E+00    0.50249E-02 3044.50         test_P_all
.1300E+00   100.000  0.670E+03   0.36825E+00   0.00000E+00   0.10000E+00    0.50249E-02 2849.85         test_P_all
.1400E+00   100.000  0.615E+03   0.35970E+00   0.00000E+00   0.10000E+00    0.50249E-02 2671.13         test_P_all
.1500E+00   100.000  0.568E+03   0.35164E+00   0.00000E+00   0.10000E+00    0.50249E-02 2507.73         test_P_all
.1600E+00   100.000  0.526E+03   0.34374E+00   0.00000E+00   0.10000E+00    0.50249E-02 2352.80         test_P_all
.1700E+00   100.000  0.489E+03   0.33605E+00   0.00000E+00   0.10000E+00    0.50249E-02 2206.76         test_P_all
.1800E+00   100.000  0.456E+03   0.32848E+00   0.00000E+00   0.10000E+00    0.50249E-02 2067.48         test_P_all
.1900E+00   100.000  0.427E+03   0.32093E+00   0.00000E+00   0.10000E+00    0.50249E-02 1933.11         test_P_all
.2000E+00   100.000  0.401E+03   0.31343E+00   0.00000E+00   0.10000E+00    0.50249E-02 1803.99         test_P_all
.2100E+00   100.000  0.377E+03   0.30586E+00   0.00000E+00   0.10000E+00    0.50249E-02 1678.42         test_P_all
.2200E+00   100.000  0.355E+03   0.29827E+00   0.00000E+00   0.10000E+00    0.50249E-02 1556.94         test_P_all
.2300E+00   100.000  0.336E+03   0.29064E+00   0.00000E+00   0.10000E+00    0.50249E-02 1439.32         test_P_all
.2400E+00   100.000  0.318E+03   0.28293E+00   0.00000E+00   0.10000E+00    0.50249E-02 1325.33         test_P_all
.2500E+00   100.000  0.301E+03   0.27518E+00   0.00000E+00   0.10000E+00    0.50249E-02 1215.39         test_P_all
.2600E+00   100.000  0.285E+03   0.26737E+00   0.00000E+00   0.10000E+00    0.50249E-02 1109.37         test_P_all
.2700E+00   100.000  0.271E+03   0.25951E+00   0.00000E+00   0.10000E+00    0.50249E-02 1007.64         test_P_all
.2800E+00   100.000  0.258E+03   0.25161E+00   0.00000E+00   0.10000E+00    0.50249E-02  910.38         test_P_all
.2900E+00   100.000  0.246E+03   0.24369E+00   0.00000E+00   0.10000E+00    0.50249E-02  817.73         test_P_all
.3000E+00   100.000  0.234E+03   0.23576E+00   0.00000E+00   0.10000E+00    0.18868E-02 5177.15         test_P_all
.3100E+00   100.000  0.223E+03   0.22783E+00   0.00000E+00   0.10000E+00    0.50249E-02  647.12         test_P_all
.3200E+00   100.000  0.213E+03   0.21991E+00   0.00000E+00   0.10000E+00    0.50249E-02  569.43         test_P_all
.3300E+00   100.000  0.204E+03   0.21202E+00   0.00000E+00   0.10000E+00    0.50249E-02  496.96         test_P_all
.3400E+00   100.000  0.195E+03   0.20417E+00   0.00000E+00   0.10000E+00    0.50249E-02  429.78         test_P_all
.3500E+00   100.000  0.187E+03   0.19638E+00   0.00000E+00   0.10000E+00    0.50249E-02  367.89         test_P_all
.3600E+00   100.000  0.179E+03   0.18866E+00   0.00000E+00   0.10000E+00    0.50249E-02  311.30         test_P_all
.3700E+00   100.000  0.171E+03   0.18102E+00   0.00000E+00   0.10000E+00    0.50249E-02  259.95         test_P_all
.3800E+00   100.000  0.164E+03   0.17347E+00   0.00000E+00   0.10000E+00    0.50249E-02  213.75         test_P_all
.3900E+00   100.000  0.157E+03   0.16602E+00   0.00000E+00   0.10000E+00    0.50249E-02  172.63         test_P_all
.4000E+00   100.000  0.151E+03   0.15869E+00   0.00000E+00   0.10000E+00    0.17692E-02 1100.40         test_P_all
.4100E+00   100.000  0.145E+03   0.15148E+00   0.00000E+00   0.10000E+00    0.50249E-02  104.96         test_P_all
.4200E+00   100.000  0.139E+03   0.14440E+00   0.00000E+00   0.10000E+00    0.50249E-02   78.09         test_P_all
.4300E+00   100.000  0.133E+03   0.13747E+00   0.00000E+00   0.10000E+00    0.50249E-02   55.59         test_P_all
.4400E+00   100.000  0.128E+03   0.13068E+00   0.00000E+00   0.10000E+00    0.50249E-02   37.28         test_P_all
.4500E+00   100.000  0.123E+03   0.12405E+00   0.00000E+00   0.10000E+00    0.50249E-02   22.90         test_P_all
.4600E+00   100.000  0.118E+03   0.11758E+00   0.00000E+00   0.10000E+00    0.50249E-02   12.23         test_P_all
.4700E+00   100.000  0.114E+03   0.11127E+00   0.00000E+00   0.10000E+00    0.50249E-02    5.03         test_P_all
.4800E+00   100.000  0.109E+03   0.10514E+00   0.00000E+00   0.10000E+00    0.50249E-02    1.05         test_P_all
.4900E+00   100.000  0.105E+03   0.99188E-01   0.00000E+00   0.10000E+00    0.50249E-02   -0.03         test_P_all
.5000E+00   100.000  0.101E+03   0.93416E-01   0.00000E+00   0.10000E+00    0.17692E-02  -13.85         test_P_all
.5100E+00   100.000  0.970E+02   0.87830E-01   0.00000E+00   0.10000E+00    0.50249E-02   -5.87         test_P_all
.5200E+00   100.000  0.932E+02   0.82432E-01   0.00000E+00   0.10000E+00    0.50249E-02  -12.22         test_P_all
.5300E+00   100.000  0.896E+02   0.77223E-01   0.00000E+00   0.10000E+00    0.50249E-02  -20.55         test_P_all
.5400E+00   100.000  0.861E+02   0.72208E-01   0.00000E+00   0.10000E+00    0.50249E-02  -30.59         test_P_all
.5500E+00   100.000  0.827E+02   0.67385E-01   0.00000E+00   0.10000E+00    0.50249E-02  -42.13         test_P_all
.5600E+00   100.000  0.795E+02   0.62757E-01   0.00000E+00   0.10000E+00    0.50249E-02  -54.93         test_P_all
.5700E+00   100.000  0.763E+02   0.58323E-01   0.00000E+00   0.10000E+00    0.50249E-02  -68.79         test_P_all
.5800E+00   100.000  0.733E+02   0.54083E-01   0.00000E+00   0.10000E+00    0.50249E-02  -83.50         test_P_all
.5900E+00   100.000  0.704E+02   0.50038E-01   0.00000E+00   0.10000E+00    0.50249E-02  -98.86         test_P_all
.6000E+00   100.000  0.675E+02   0.46185E-01   0.00000E+00   0.10000E+00    0.17692E-02 -925.27         test_P_all
.6100E+00   100.000  0.648E+02   0.42522E-01   0.00000E+00   0.10000E+00    0.50249E-02 -130.84         test_P_all
.6200E+00   100.000  0.622E+02   0.39049E-01   0.00000E+00   0.10000E+00    0.50249E-02 -147.13         test_P_all
.6300E+00   100.000  0.596E+02   0.35761E-01   0.00000E+00   0.10000E+00    0.50249E-02 -163.43         test_P_all
.6400E+00   100.000  0.571E+02   0.32658E-01   0.00000E+00   0.10000E+00    0.50249E-02 -179.60         test_P_all
.6500E+00   100.000  0.547E+02   0.29734E-01   0.00000E+00   0.10000E+00    0.50249E-02 -195.54         test_P_all
.6600E+00   100.000  0.524E+02   0.26987E-01   0.00000E+00   0.10000E+00    0.50249E-02 -211.13         test_P_all
.6700E+00   100.000  0.501E+02   0.24412E-01   0.00000E+00   0.10000E+00    0.50249E-02 -226.28         test_P_all
.6800E+00   100.000  0.479E+02   0.22005E-01   0.00000E+00   0.10000E+00    0.50249E-02 -240.92         test_P_all
.6900E+00   100.000  0.458E+02   0.19762E-01   0.00000E+00   0.10000E+00    0.50249E-02 -254.97         test_P_all
.7000E+00   100.000  0.437E+02   0.17678E-01   0.00000E+00   0.10000E+00    0.17692E-02 *******         test_P_all
.7100E+00   100.000  0.417E+02   0.15748E-01   0.00000E+00   0.10000E+00    0.50249E-02 -281.13         test_P_all
.7200E+00   100.000  0.398E+02   0.13966E-01   0.00000E+00   0.10000E+00    0.50249E-02 -293.15         test_P_all
.7300E+00   100.000  0.379E+02   0.12326E-01   0.00000E+00   0.10000E+00    0.50249E-02 -304.42         test_P_all
.7400E+00   100.000  0.360E+02   0.10824E-01   0.00000E+00   0.10000E+00    0.50249E-02 -314.95         test_P_all
.7500E+00   100.000  0.342E+02   0.94526E-02   0.00000E+00   0.10000E+00    0.50249E-02 -324.71         test_P_all
.7600E+00   100.000  0.325E+02   0.82065E-02   0.00000E+00   0.10000E+00    0.50249E-02 -333.71         test_P_all
.7700E+00   100.000  0.308E+02   0.70793E-02   0.00000E+00   0.10000E+00    0.50249E-02 -341.95         test_P_all
.7800E+00   100.000  0.291E+02   0.60651E-02   0.00000E+00   0.10000E+00    0.50249E-02 -349.46         test_P_all
.7900E+00   100.000  0.275E+02   0.51569E-02   0.00000E+00   0.10000E+00    0.50249E-02 -356.25         test_P_all
.8000E+00   100.000  0.259E+02   0.43491E-02   0.00000E+00   0.10000E+00    0.17692E-02 *******         test_P_all
.8100E+00   100.000  0.243E+02   0.36348E-02   0.00000E+00   0.10000E+00    0.50249E-02 -367.77         test_P_all
.8200E+00   100.000  0.228E+02   0.30077E-02   0.00000E+00   0.10000E+00    0.50249E-02 -372.57         test_P_all
.8300E+00   100.000  0.214E+02   0.24620E-02   0.00000E+00   0.10000E+00    0.50249E-02 -376.78         test_P_all
.8400E+00   100.000  0.199E+02   0.19901E-02   0.00000E+00   0.10000E+00    0.50249E-02 -380.43         test_P_all
.8500E+00   100.000  0.185E+02   0.15869E-02   0.00000E+00   0.10000E+00    0.50249E-02 -383.57         test_P_all
.8600E+00   100.000  0.172E+02   0.12460E-02   0.00000E+00   0.10000E+00    0.50249E-02 -386.23         test_P_all
.8700E+00   100.000  0.158E+02   0.96073E-03   0.00000E+00   0.10000E+00    0.50249E-02 -388.47         test_P_all
.8800E+00   100.000  0.145E+02   0.72647E-03   0.00000E+00   0.10000E+00    0.50249E-02 -390.31         test_P_all
.8900E+00   100.000  0.132E+02   0.53579E-03   0.00000E+00   0.10000E+00    0.50249E-02 -391.81         test_P_all
.9000E+00   100.000  0.120E+02   0.38445E-03   0.00000E+00   0.10000E+00    0.17692E-02 *******         test_P_all
.9100E+00   100.000  0.108E+02   0.26719E-03   0.00000E+00   0.10000E+00    0.50249E-02 -393.93         test_P_all
.9200E+00   100.000  0.958E+01   0.17760E-03   0.00000E+00   0.10000E+00    0.50249E-02 -394.63         test_P_all
.9300E+00   100.000  0.841E+01   0.11288E-03   0.00000E+00   0.10000E+00    0.50249E-02 -395.15         test_P_all
.9400E+00   100.000  0.726E+01   0.66735E-04   0.00000E+00   0.10000E+00    0.50249E-02 -395.51         test_P_all
.9500E+00   100.000  0.614E+01   0.36059E-04   0.00000E+00   0.10000E+00    0.50249E-02 -395.75         test_P_all
.9600E+00   100.000  0.505E+01   0.17864E-04   0.00000E+00   0.10000E+00    0.50249E-02 -395.90         test_P_all
.9700E+00   100.000  0.397E+01   0.67835E-05   0.00000E+00   0.10000E+00    0.50249E-02 -395.99         test_P_all
.9800E+00   100.000  0.292E+01   0.21976E-05   0.00000E+00   0.10000E+00    0.50249E-02 -396.02         test_P_all
.9900E+00   100.000  0.189E+01   0.16576E-05   0.00000E+00   0.10000E+00    0.50249E-02 -396.03         test_P_all
.1000E+01   100.000  0.882E+00   0.22686E-05   0.00000E+00   0.10000E+00    0.50249E-02 -396.02         test_P_all



 CHI SQUARE=******** FOR  582 POINTS   CHISQ/NPTS= 1119.07
 Signed chisquare total =********
 Modified residual =********


Summary normalization chi2 contributions

 data set     normalization        error         chisq


Summary chi2 per data set

 data set      chisq    _w     signd    _w     resid     _w   npts   chisq/pts  _w
test_P_all  651300.0        453205.1        ********           582 1119.07
------------------------------------------------------------------------------------
TOTAL       651300.0651300.0453205.1     0.0****************   582 1119.07 1119.07
TOTAL+norm  651300.0651300.0                                   582 1119.07 1119.07



            Momentum Sum Rule Check


      q2      alphas      xuv       xdv       xub       xdb       xsb       xcb       xbb      xglue     total
      1.69    0.3845    0.3219    0.1372    0.0551    0.0702    0.0251    0.0000    0.0000    0.3908    1.0002
    100.00    0.1784    0.2268    0.0967    0.0646    0.0752    0.0435    0.0258    0.0087    0.4559    0.9972
   1000.00    0.1407    0.0000    0.0000    0.0000    0.0000    0.0000    0.0000    0.0000    0.0000    0.0000
   8315.00    0.1180    0.0000    0.0000    0.0000    0.0000    0.0000    0.0000    0.0000    0.0000    0.0000


 Vector Boson Cross Sections

 sqrt(s)   sigma(W)    error    theory

   1960.     2.865     0.063       0.000     D0

   1960.     2.749     0.054       0.000     CDF

   7000.     9.95      0.29        0.000     CMS

   7000.     9.96      0.55        0.000     ATLAS

 sqrt(s)   sigma(Z)    error    theory

   1960.     .2649     .0094       0.000     D0

   1960.     .2549     .0057       0.000     CDF

   7000.     .931      0.035       0.000     CMS

   7000.     .82       0.08        0.000     ATLAS


