 Correlated errors added in quadrature with statistical errors
 test_N_all DIS data with   1.69< Q2 < 0.500D+03 and 0.000 < xB < 1.000 and   0.00< W2 < 0.100D+05 and 0.000 < y < 1.000
   GP TMC applied
   no HT corrections

# fitpack15: fit output
# CJ15 AV18 final data choices                                                 

Parametrization   7 used here

 S-ACOT scheme used  for NC DIS

 charm mass =     1.30 GeV     bottom mass =     4.50 GeV



 THIS IS A NEXT TO LEADING ORDER FIT

 Q02=    1.69
         1  LAMBDA      VALUE=   0.22680      WEIGHT=    0.0000    
         2  a0uv        VALUE=    2.2446      WEIGHT=    0.0000    
         3  a1uv        VALUE=   0.60233      WEIGHT=   0.22650E-01
         4  a2uv        VALUE=    3.6164      WEIGHT=   0.15394E-01
         5  a3uv        VALUE=    0.0000      WEIGHT=    0.0000    
         6  a4uv        VALUE=    4.0763      WEIGHT=   0.55946    
         7  a5uv        VALUE=    0.0000      WEIGHT=    0.0000    
         8  a0dv        VALUE=    22.316      WEIGHT=    0.0000    
         9  a1dv        VALUE=    1.1460      WEIGHT=   0.37977E-01
        10  a2dv        VALUE=    6.3727      WEIGHT=   0.18890    
        11  a3dv        VALUE=   -3.3507      WEIGHT=   0.10859    
        12  a4dv        VALUE=    4.4385      WEIGHT=   0.15646    
        13  a5dv        VALUE=    0.0000      WEIGHT=    0.0000    
        14  a0ud        VALUE=   0.14498      WEIGHT=   0.51033E-02
        15  a1ud        VALUE=  -0.20915      WEIGHT=   0.38179E-02
        16  a2ud        VALUE=    8.6832      WEIGHT=   0.20886    
        17  a3ud        VALUE=    0.0000      WEIGHT=    0.0000    
        18  a4ud        VALUE=    15.868      WEIGHT=    1.4097    
        19  a5ud        VALUE=    0.0000      WEIGHT=    0.0000    
        20  a0du        VALUE=    35712.      WEIGHT=    0.0000    
        21  a1du        VALUE=    4.1168      WEIGHT=   0.94476E-01
        22  a2du        VALUE=    19.760      WEIGHT=   0.97726    
        23  a3du        VALUE=    17.000      WEIGHT=    0.0000    
        24  a4du        VALUE=    50.093      WEIGHT=    10.937    
        25  a0g         VALUE=    51.077      WEIGHT=    0.0000    
        26  a1g         VALUE=   0.62507      WEIGHT=   0.27924E-01
        27  a2g         VALUE=    5.7605      WEIGHT=   0.69320    
        28  a3g         VALUE=   -3.4608      WEIGHT=   0.10384    
        29  a4g         VALUE=    3.2915      WEIGHT=   0.22102    
        30  a5g         VALUE=    0.0000      WEIGHT=    0.0000    
        31  kappa       VALUE=   0.40000      WEIGHT=    0.0000    
        32  a6dv        VALUE=  -0.28074E-02  WEIGHT=   0.91095E-03
        33  a7dv        VALUE=    2.0000      WEIGHT=    0.0000    
        34  off1        VALUE=  -0.36212      WEIGHT=    1.3318    
        35  off2        VALUE=   0.34617      WEIGHT=   0.78952    
        36  ht1         VALUE=   -4.1919      WEIGHT=    1.0404    
        37  ht2         VALUE=    2.2131      WEIGHT=   0.19320    
        38  ht3         VALUE=   -2.0893      WEIGHT=   0.38474E-01
        39  ht4         VALUE=    2.6091      WEIGHT=   0.14916    
        40  ht1n        VALUE=   -4.0080      WEIGHT=    2.3314    
        41  ht2n        VALUE=    2.2407      WEIGHT=   0.42046    
        42  ht3n        VALUE=   -2.2882      WEIGHT=   0.94696E-01
        43  ht4n        VALUE=    3.1036      WEIGHT=   0.40257    
        44  dummy44     VALUE=    0.0000      WEIGHT=    0.0000    
        45  dummy45     VALUE=    0.0000      WEIGHT=    0.0000    
        46  dummy46     VALUE=    0.0000      WEIGHT=    0.0000    
        47  dummy47     VALUE=    0.0000      WEIGHT=    0.0000    
        48  dummy48     VALUE=    0.0000      WEIGHT=    0.0000    
        49  dummy49     VALUE=    0.0000      WEIGHT=    0.0000    
        50  bcdmsh2     VALUE=   0.97395      WEIGHT=   0.48944E-02
        51  bcdmsd2     VALUE=   0.99267      WEIGHT=   0.58809E-02
        52  ccfr        VALUE=    1.0000      WEIGHT=    0.0000    
        53  nutev       VALUE=    1.0000      WEIGHT=    0.0000    
        54  zeus        VALUE=   0.97998      WEIGHT=    0.0000    
        55  h1          VALUE=    1.0162      WEIGHT=    0.0000    
        56  e605        VALUE=    1.0319      WEIGHT=    0.0000    
        57  NmcH2       VALUE=    1.0091      WEIGHT=   0.71571E-02
        58  ntv_nu      VALUE=    1.0000      WEIGHT=    0.0000    
        59  ntv_nubar   VALUE=    1.0000      WEIGHT=    0.0000    
        60  cdf_jet     VALUE=   0.98910      WEIGHT=    0.0000    
        61  d0_jet      VALUE=   0.83504      WEIGHT=    0.0000    
        62  slac_p      VALUE=    1.0019      WEIGHT=   0.52045E-02
        63  slac_d      VALUE=    1.0036      WEIGHT=   0.54218E-02
        64  e866pp      VALUE=   0.96348      WEIGHT=   0.19647E-01
        65  e866pd      VALUE=   0.95123      WEIGHT=   0.16646E-01
        66  d0_gamjet   VALUE=    1.0401      WEIGHT=   0.16513E-01
        67  h1b         VALUE=   0.97608      WEIGHT=    0.0000    
        68  jlab_p      VALUE=   0.98676      WEIGHT=   0.63665E-02
        69  jlab_d      VALUE=   0.97595      WEIGHT=   0.61190E-02
        70  blank       VALUE=    1.0000      WEIGHT=    0.0000    
        71  d0run2      VALUE=   0.95217      WEIGHT=   0.15173E-01
        72  cdfrun2     VALUE=   0.93494      WEIGHT=   0.17673E-01
        73  HERA_el     VALUE=    1.0000      WEIGHT=    0.0000    
        74  HERA_ps     VALUE=    1.0000      WEIGHT=    0.0000    
        75  CDF_Z       VALUE=   0.96482      WEIGHT=   0.68081E-02
        76  NmcRat      VALUE=    1.0000      WEIGHT=    0.0000    
        77  BNS_F2nd    VALUE=   0.98632      WEIGHT=   0.12838E-01
        78  HERMES_F2p  VALUE=   0.99596      WEIGHT=   0.57555E-02
        79  HERMES_F2d  VALUE=   0.97930      WEIGHT=   0.59100E-02
0THE TOLERANCE IS    0.1000
 THE MAXIMUM NUMBER OF STEPS IS 100
0THE INITIAL CHI SQUARED IS  4.01380E+05



     X        Q2         W2       THEORY        error         DATA           ERROR        chi^2     _w    ITYPE
.1000E-01     2.000  0.199E+03   0.34266E+00   0.00000E+00   0.10000E+00    0.50249E-02 2332.10         test_N_all
.2000E-01     2.000  0.989E+02   0.31953E+00   0.00000E+00   0.10000E+00    0.50249E-02 1908.72         test_N_all
.3000E-01     2.000  0.655E+02   0.31044E+00   0.00000E+00   0.10000E+00    0.50249E-02 1753.90         test_N_all
.4000E-01     2.000  0.489E+02   0.30816E+00   0.00000E+00   0.10000E+00    0.50249E-02 1716.14         test_N_all
.5000E-01     2.000  0.389E+02   0.30737E+00   0.00000E+00   0.10000E+00    0.50249E-02 1703.09         test_N_all
.6000E-01     2.000  0.322E+02   0.30799E+00   0.00000E+00   0.10000E+00    0.50249E-02 1713.24         test_N_all
.7000E-01     2.000  0.275E+02   0.30897E+00   0.00000E+00   0.10000E+00    0.50249E-02 1729.50         test_N_all
.8000E-01     2.000  0.239E+02   0.30995E+00   0.00000E+00   0.10000E+00    0.50249E-02 1745.65         test_N_all
.9000E-01     2.000  0.211E+02   0.31062E+00   0.00000E+00   0.10000E+00    0.50249E-02 1756.82         test_N_all
.1000E+00     2.000  0.189E+02   0.31080E+00   0.00000E+00   0.10000E+00    0.50249E-02 1759.82         test_N_all
.1100E+00     2.000  0.171E+02   0.31031E+00   0.00000E+00   0.10000E+00    0.50249E-02 1751.73         test_N_all
.1200E+00     2.000  0.155E+02   0.30912E+00   0.00000E+00   0.10000E+00    0.50249E-02 1731.85         test_N_all
.1300E+00     2.000  0.143E+02   0.30721E+00   0.00000E+00   0.10000E+00    0.50249E-02 1700.48         test_N_all
.1400E+00     2.000  0.132E+02   0.30465E+00   0.00000E+00   0.10000E+00    0.50249E-02 1658.76         test_N_all
.1500E+00     2.000  0.122E+02   0.30144E+00   0.00000E+00   0.10000E+00    0.50249E-02 1606.99         test_N_all
.1600E+00     2.000  0.114E+02   0.29770E+00   0.00000E+00   0.10000E+00    0.50249E-02 1547.94         test_N_all
.1700E+00     2.000  0.106E+02   0.29349E+00   0.00000E+00   0.10000E+00    0.50249E-02 1482.69         test_N_all
.1800E+00     2.000  0.999E+01   0.28884E+00   0.00000E+00   0.10000E+00    0.50249E-02 1412.35         test_N_all
.1900E+00     2.000  0.941E+01   0.28392E+00   0.00000E+00   0.10000E+00    0.50249E-02 1339.66         test_N_all
.2000E+00     2.000  0.888E+01   0.27870E+00   0.00000E+00   0.10000E+00    0.50249E-02 1264.70         test_N_all
.2100E+00     2.000  0.841E+01   0.27327E+00   0.00000E+00   0.10000E+00    0.50249E-02 1188.97         test_N_all
.2200E+00     2.000  0.797E+01   0.26768E+00   0.00000E+00   0.10000E+00    0.50249E-02 1113.56         test_N_all
.2300E+00     2.000  0.758E+01   0.26194E+00   0.00000E+00   0.10000E+00    0.50249E-02 1038.64         test_N_all
.2400E+00     2.000  0.722E+01   0.25613E+00   0.00000E+00   0.10000E+00    0.50249E-02  965.42         test_N_all
.2500E+00     2.000  0.688E+01   0.25024E+00   0.00000E+00   0.10000E+00    0.50249E-02  893.94         test_N_all
.2600E+00     2.000  0.657E+01   0.24429E+00   0.00000E+00   0.10000E+00    0.50249E-02  824.51         test_N_all
.2700E+00     2.000  0.629E+01   0.23831E+00   0.00000E+00   0.10000E+00    0.50249E-02  757.60         test_N_all
.2800E+00     2.000  0.602E+01   0.23230E+00   0.00000E+00   0.10000E+00    0.50249E-02  693.24         test_N_all
.2900E+00     2.000  0.578E+01   0.22628E+00   0.00000E+00   0.10000E+00    0.50249E-02  631.57         test_N_all
.3000E+00     2.000  0.555E+01   0.22025E+00   0.00000E+00   0.10000E+00    0.18868E-02 4062.12         test_N_all
.3100E+00     2.000  0.533E+01   0.21423E+00   0.00000E+00   0.10000E+00    0.50249E-02  516.74         test_N_all
.3200E+00     2.000  0.513E+01   0.20820E+00   0.00000E+00   0.10000E+00    0.50249E-02  463.64         test_N_all
.3300E+00     2.000  0.494E+01   0.20218E+00   0.00000E+00   0.10000E+00    0.50249E-02  413.49         test_N_all
.3400E+00     2.000  0.476E+01   0.19617E+00   0.00000E+00   0.10000E+00    0.50249E-02  366.31         test_N_all
.3500E+00     2.000  0.460E+01   0.19018E+00   0.00000E+00   0.10000E+00    0.50249E-02  322.06         test_N_all
.3600E+00     2.000  0.444E+01   0.18420E+00   0.00000E+00   0.10000E+00    0.50249E-02  280.81         test_N_all
.3700E+00     2.000  0.429E+01   0.17826E+00   0.00000E+00   0.10000E+00    0.50249E-02  242.56         test_N_all
.3800E+00     2.000  0.414E+01   0.17234E+00   0.00000E+00   0.10000E+00    0.50249E-02  207.26         test_N_all
.3900E+00     2.000  0.401E+01   0.16646E+00   0.00000E+00   0.10000E+00    0.50249E-02  174.94         test_N_all
.4000E+00     2.000  0.388E+01   0.16063E+00   0.00000E+00   0.10000E+00    0.17692E-02 1174.49         test_N_all
.4100E+00     2.000  0.376E+01   0.15485E+00   0.00000E+00   0.10000E+00    0.50249E-02  119.15         test_N_all
.4200E+00     2.000  0.364E+01   0.14913E+00   0.00000E+00   0.10000E+00    0.50249E-02   95.59         test_N_all
.4300E+00     2.000  0.353E+01   0.14348E+00   0.00000E+00   0.10000E+00    0.50249E-02   74.87         test_N_all
.4400E+00     2.000  0.343E+01   0.13791E+00   0.00000E+00   0.10000E+00    0.50249E-02   56.91         test_N_all
.4500E+00     2.000  0.333E+01   0.13242E+00   0.00000E+00   0.10000E+00    0.50249E-02   41.62         test_N_all
.4600E+00     2.000  0.323E+01   0.12703E+00   0.00000E+00   0.10000E+00    0.50249E-02   28.93         test_N_all
.4700E+00     2.000  0.314E+01   0.12173E+00   0.00000E+00   0.10000E+00    0.50249E-02   18.71         test_N_all
.4800E+00     2.000  0.305E+01   0.11655E+00   0.00000E+00   0.10000E+00    0.50249E-02   10.85         test_N_all
.4900E+00     2.000  0.296E+01   0.11148E+00   0.00000E+00   0.10000E+00    0.50249E-02    5.22         test_N_all
.5000E+00     2.000  0.288E+01   0.10653E+00   0.00000E+00   0.10000E+00    0.17692E-02   13.64         test_N_all
.5100E+00     2.000  0.280E+01   0.10172E+00   0.00000E+00   0.10000E+00    0.50249E-02    0.12         test_N_all
.5200E+00     2.000  0.273E+01   0.97026E-01   0.00000E+00   0.10000E+00    0.50249E-02   -0.35         test_N_all
.5300E+00     2.000  0.266E+01   0.92469E-01   0.00000E+00   0.10000E+00    0.50249E-02   -2.25         test_N_all
.5400E+00     2.000  0.259E+01   0.88055E-01   0.00000E+00   0.10000E+00    0.50249E-02   -5.65         test_N_all
.5500E+00     2.000  0.252E+01   0.83781E-01   0.00000E+00   0.10000E+00    0.50249E-02  -10.42         test_N_all
.5600E+00     2.000  0.245E+01   0.79647E-01   0.00000E+00   0.10000E+00    0.50249E-02  -16.41         test_N_all
.5700E+00     2.000  0.239E+01   0.75658E-01   0.00000E+00   0.10000E+00    0.50249E-02  -23.47         test_N_all
.5800E+00     2.000  0.233E+01   0.71816E-01   0.00000E+00   0.10000E+00    0.50249E-02  -31.46         test_N_all
.5900E+00     2.000  0.227E+01   0.68116E-01   0.00000E+00   0.10000E+00    0.50249E-02  -40.26         test_N_all
.6000E+00     2.000  0.222E+01   0.64558E-01   0.00000E+00   0.10000E+00    0.17692E-02 -401.33         test_N_all
.6100E+00     2.000  0.216E+01   0.61146E-01   0.00000E+00   0.10000E+00    0.50249E-02  -59.79         test_N_all
.6200E+00     2.000  0.211E+01   0.57874E-01   0.00000E+00   0.10000E+00    0.50249E-02  -70.28         test_N_all
.6300E+00     2.000  0.206E+01   0.54740E-01   0.00000E+00   0.10000E+00    0.50249E-02  -81.13         test_N_all
.6400E+00     2.000  0.201E+01   0.51742E-01   0.00000E+00   0.10000E+00    0.50249E-02  -92.23         test_N_all
.6500E+00     2.000  0.196E+01   0.48881E-01   0.00000E+00   0.10000E+00    0.50249E-02 -103.49         test_N_all
.6600E+00     2.000  0.191E+01   0.46149E-01   0.00000E+00   0.10000E+00    0.50249E-02 -114.85         test_N_all
.6700E+00     2.000  0.187E+01   0.43543E-01   0.00000E+00   0.10000E+00    0.50249E-02 -126.23         test_N_all
.6800E+00     2.000  0.182E+01   0.41062E-01   0.00000E+00   0.10000E+00    0.50249E-02 -137.57         test_N_all
.6900E+00     2.000  0.178E+01   0.38703E-01   0.00000E+00   0.10000E+00    0.50249E-02 -148.80         test_N_all
.7000E+00     2.000  0.174E+01   0.36460E-01   0.00000E+00   0.10000E+00    0.17692E-02 *******         test_N_all
.7100E+00     2.000  0.170E+01   0.34329E-01   0.00000E+00   0.10000E+00    0.50249E-02 -170.80         test_N_all
.7200E+00     2.000  0.166E+01   0.32307E-01   0.00000E+00   0.10000E+00    0.50249E-02 -181.48         test_N_all
.7300E+00     2.000  0.162E+01   0.30390E-01   0.00000E+00   0.10000E+00    0.50249E-02 -191.90         test_N_all
.7400E+00     2.000  0.158E+01   0.28574E-01   0.00000E+00   0.10000E+00    0.50249E-02 -202.04         test_N_all
.7500E+00     2.000  0.155E+01   0.26854E-01   0.00000E+00   0.10000E+00    0.50249E-02 -211.89         test_N_all
.7600E+00     2.000  0.151E+01   0.25227E-01   0.00000E+00   0.10000E+00    0.50249E-02 -221.42         test_N_all
.7700E+00     2.000  0.148E+01   0.23690E-01   0.00000E+00   0.10000E+00    0.50249E-02 -230.62         test_N_all
.7800E+00     2.000  0.145E+01   0.22237E-01   0.00000E+00   0.10000E+00    0.50249E-02 -239.49         test_N_all
.7900E+00     2.000  0.141E+01   0.20865E-01   0.00000E+00   0.10000E+00    0.50249E-02 -248.01         test_N_all
.8000E+00     2.000  0.138E+01   0.19570E-01   0.00000E+00   0.10000E+00    0.17692E-02 *******         test_N_all
.8100E+00     2.000  0.135E+01   0.18349E-01   0.00000E+00   0.10000E+00    0.50249E-02 -264.03         test_N_all
.8200E+00     2.000  0.132E+01   0.17198E-01   0.00000E+00   0.10000E+00    0.50249E-02 -271.53         test_N_all
.8300E+00     2.000  0.129E+01   0.16114E-01   0.00000E+00   0.10000E+00    0.50249E-02 -278.69         test_N_all
.8400E+00     2.000  0.126E+01   0.15093E-01   0.00000E+00   0.10000E+00    0.50249E-02 -285.51         test_N_all
.8500E+00     2.000  0.123E+01   0.14132E-01   0.00000E+00   0.10000E+00    0.50249E-02 -292.01         test_N_all
.8600E+00     2.000  0.121E+01   0.13228E-01   0.00000E+00   0.10000E+00    0.50249E-02 -298.20         test_N_all
.8700E+00     2.000  0.118E+01   0.12377E-01   0.00000E+00   0.10000E+00    0.50249E-02 -304.07         test_N_all
.8800E+00     2.000  0.115E+01   0.11578E-01   0.00000E+00   0.10000E+00    0.50249E-02 -309.64         test_N_all
.8900E+00     2.000  0.113E+01   0.10827E-01   0.00000E+00   0.10000E+00    0.50249E-02 -314.92         test_N_all
.9000E+00     2.000  0.110E+01   0.10122E-01   0.00000E+00   0.10000E+00    0.17692E-02 *******         test_N_all
.9100E+00     2.000  0.108E+01   0.94591E-02   0.00000E+00   0.10000E+00    0.50249E-02 -324.66         test_N_all
.9200E+00     2.000  0.106E+01   0.88373E-02   0.00000E+00   0.10000E+00    0.50249E-02 -329.13         test_N_all
.9300E+00     2.000  0.103E+01   0.82539E-02   0.00000E+00   0.10000E+00    0.50249E-02 -333.36         test_N_all
.9400E+00     2.000  0.101E+01   0.77066E-02   0.00000E+00   0.10000E+00    0.50249E-02 -337.35         test_N_all
.9500E+00     2.000  0.987E+00   0.71934E-02   0.00000E+00   0.10000E+00    0.50249E-02 -341.11         test_N_all
.9600E+00     2.000  0.965E+00   0.67121E-02   0.00000E+00   0.10000E+00    0.50249E-02 -344.66         test_N_all
.9700E+00     2.000  0.944E+00   0.62611E-02   0.00000E+00   0.10000E+00    0.50249E-02 -348.00         test_N_all
.9800E+00     2.000  0.923E+00   0.58386E-02   0.00000E+00   0.10000E+00    0.50249E-02 -351.14         test_N_all
.9900E+00     2.000  0.902E+00   0.54429E-02   0.00000E+00   0.10000E+00    0.50249E-02 -354.10         test_N_all
.1000E+01     2.000  0.882E+00   0.50724E-02   0.00000E+00   0.10000E+00    0.50249E-02 -356.88         test_N_all
.1000E-01     5.000  0.496E+03   0.44939E+00   0.00000E+00   0.10000E+00    0.50249E-02 4834.55         test_N_all
.2000E-01     5.000  0.246E+03   0.39830E+00   0.00000E+00   0.10000E+00    0.50249E-02 3524.01         test_N_all
.3000E-01     5.000  0.163E+03   0.37347E+00   0.00000E+00   0.10000E+00    0.50249E-02 2961.76         test_N_all
.4000E-01     5.000  0.121E+03   0.36105E+00   0.00000E+00   0.10000E+00    0.50249E-02 2698.86         test_N_all
.5000E-01     5.000  0.959E+02   0.35141E+00   0.00000E+00   0.10000E+00    0.50249E-02 2503.30         test_N_all
.6000E-01     5.000  0.792E+02   0.34491E+00   0.00000E+00   0.10000E+00    0.50249E-02 2375.54         test_N_all
.7000E-01     5.000  0.673E+02   0.33927E+00   0.00000E+00   0.10000E+00    0.50249E-02 2267.39         test_N_all
.8000E-01     5.000  0.584E+02   0.33441E+00   0.00000E+00   0.10000E+00    0.50249E-02 2176.21         test_N_all
.9000E-01     5.000  0.514E+02   0.32962E+00   0.00000E+00   0.10000E+00    0.50249E-02 2088.05         test_N_all
.1000E+00     5.000  0.459E+02   0.32484E+00   0.00000E+00   0.10000E+00    0.50249E-02 2002.06         test_N_all
.1100E+00     5.000  0.413E+02   0.31978E+00   0.00000E+00   0.10000E+00    0.50249E-02 1913.00         test_N_all
.1200E+00     5.000  0.375E+02   0.31451E+00   0.00000E+00   0.10000E+00    0.50249E-02 1822.36         test_N_all
.1300E+00     5.000  0.343E+02   0.30896E+00   0.00000E+00   0.10000E+00    0.50249E-02 1729.20         test_N_all
.1400E+00     5.000  0.316E+02   0.30310E+00   0.00000E+00   0.10000E+00    0.50249E-02 1633.57         test_N_all
.1500E+00     5.000  0.292E+02   0.29699E+00   0.00000E+00   0.10000E+00    0.50249E-02 1536.78         test_N_all
.1600E+00     5.000  0.271E+02   0.29069E+00   0.00000E+00   0.10000E+00    0.50249E-02 1440.17         test_N_all
.1700E+00     5.000  0.253E+02   0.28424E+00   0.00000E+00   0.10000E+00    0.50249E-02 1344.36         test_N_all
.1800E+00     5.000  0.237E+02   0.27767E+00   0.00000E+00   0.10000E+00    0.50249E-02 1250.21         test_N_all
.1900E+00     5.000  0.222E+02   0.27105E+00   0.00000E+00   0.10000E+00    0.50249E-02 1158.71         test_N_all
.2000E+00     5.000  0.209E+02   0.26437E+00   0.00000E+00   0.10000E+00    0.50249E-02 1069.99         test_N_all
.2100E+00     5.000  0.197E+02   0.25768E+00   0.00000E+00   0.10000E+00    0.50249E-02  984.69         test_N_all
.2200E+00     5.000  0.186E+02   0.25100E+00   0.00000E+00   0.10000E+00    0.50249E-02  903.00         test_N_all
.2300E+00     5.000  0.176E+02   0.24434E+00   0.00000E+00   0.10000E+00    0.50249E-02  825.12         test_N_all
.2400E+00     5.000  0.167E+02   0.23772E+00   0.00000E+00   0.10000E+00    0.50249E-02  751.11         test_N_all
.2500E+00     5.000  0.159E+02   0.23112E+00   0.00000E+00   0.10000E+00    0.50249E-02  680.93         test_N_all
.2600E+00     5.000  0.151E+02   0.22457E+00   0.00000E+00   0.10000E+00    0.50249E-02  614.56         test_N_all
.2700E+00     5.000  0.144E+02   0.21806E+00   0.00000E+00   0.10000E+00    0.50249E-02  551.98         test_N_all
.2800E+00     5.000  0.137E+02   0.21159E+00   0.00000E+00   0.10000E+00    0.50249E-02  493.14         test_N_all
.2900E+00     5.000  0.131E+02   0.20515E+00   0.00000E+00   0.10000E+00    0.50249E-02  437.91         test_N_all
.3000E+00     5.000  0.125E+02   0.19876E+00   0.00000E+00   0.10000E+00    0.18868E-02 2739.88         test_N_all
.3100E+00     5.000  0.120E+02   0.19241E+00   0.00000E+00   0.10000E+00    0.50249E-02  338.20         test_N_all
.3200E+00     5.000  0.115E+02   0.18609E+00   0.00000E+00   0.10000E+00    0.50249E-02  293.54         test_N_all
.3300E+00     5.000  0.110E+02   0.17981E+00   0.00000E+00   0.10000E+00    0.50249E-02  252.29         test_N_all
.3400E+00     5.000  0.106E+02   0.17357E+00   0.00000E+00   0.10000E+00    0.50249E-02  214.37         test_N_all
.3500E+00     5.000  0.102E+02   0.16737E+00   0.00000E+00   0.10000E+00    0.50249E-02  179.76         test_N_all
.3600E+00     5.000  0.977E+01   0.16122E+00   0.00000E+00   0.10000E+00    0.50249E-02  148.41         test_N_all
.3700E+00     5.000  0.940E+01   0.15510E+00   0.00000E+00   0.10000E+00    0.50249E-02  120.26         test_N_all
.3800E+00     5.000  0.904E+01   0.14905E+00   0.00000E+00   0.10000E+00    0.50249E-02   95.28         test_N_all
.3900E+00     5.000  0.870E+01   0.14305E+00   0.00000E+00   0.10000E+00    0.50249E-02   73.40         test_N_all
.4000E+00     5.000  0.838E+01   0.13712E+00   0.00000E+00   0.10000E+00    0.17692E-02  440.27         test_N_all
.4100E+00     5.000  0.808E+01   0.13127E+00   0.00000E+00   0.10000E+00    0.50249E-02   38.72         test_N_all
.4200E+00     5.000  0.779E+01   0.12550E+00   0.00000E+00   0.10000E+00    0.50249E-02   25.74         test_N_all
.4300E+00     5.000  0.751E+01   0.11982E+00   0.00000E+00   0.10000E+00    0.50249E-02   15.55         test_N_all
.4400E+00     5.000  0.725E+01   0.11424E+00   0.00000E+00   0.10000E+00    0.50249E-02    8.03         test_N_all
.4500E+00     5.000  0.699E+01   0.10877E+00   0.00000E+00   0.10000E+00    0.50249E-02    3.04         test_N_all
.4600E+00     5.000  0.675E+01   0.10341E+00   0.00000E+00   0.10000E+00    0.50249E-02    0.46         test_N_all
.4700E+00     5.000  0.652E+01   0.98184E-01   0.00000E+00   0.10000E+00    0.50249E-02   -0.13         test_N_all
.4800E+00     5.000  0.630E+01   0.93090E-01   0.00000E+00   0.10000E+00    0.50249E-02   -1.89         test_N_all
.4900E+00     5.000  0.609E+01   0.88132E-01   0.00000E+00   0.10000E+00    0.50249E-02   -5.58         test_N_all
.5000E+00     5.000  0.588E+01   0.83319E-01   0.00000E+00   0.10000E+00    0.17692E-02  -88.90         test_N_all
.5100E+00     5.000  0.569E+01   0.78657E-01   0.00000E+00   0.10000E+00    0.50249E-02  -18.04         test_N_all
.5200E+00     5.000  0.550E+01   0.74148E-01   0.00000E+00   0.10000E+00    0.50249E-02  -26.47         test_N_all
.5300E+00     5.000  0.532E+01   0.69798E-01   0.00000E+00   0.10000E+00    0.50249E-02  -36.13         test_N_all
.5400E+00     5.000  0.514E+01   0.65609E-01   0.00000E+00   0.10000E+00    0.50249E-02  -46.84         test_N_all
.5500E+00     5.000  0.497E+01   0.61581E-01   0.00000E+00   0.10000E+00    0.50249E-02  -58.46         test_N_all
.5600E+00     5.000  0.481E+01   0.57719E-01   0.00000E+00   0.10000E+00    0.50249E-02  -70.80         test_N_all
.5700E+00     5.000  0.465E+01   0.54022E-01   0.00000E+00   0.10000E+00    0.50249E-02  -83.72         test_N_all
.5800E+00     5.000  0.450E+01   0.50487E-01   0.00000E+00   0.10000E+00    0.50249E-02  -97.09         test_N_all
.5900E+00     5.000  0.436E+01   0.47117E-01   0.00000E+00   0.10000E+00    0.50249E-02 -110.76         test_N_all
.6000E+00     5.000  0.422E+01   0.43909E-01   0.00000E+00   0.10000E+00    0.17692E-02 *******         test_N_all
.6100E+00     5.000  0.408E+01   0.40859E-01   0.00000E+00   0.10000E+00    0.50249E-02 -138.52         test_N_all
.6200E+00     5.000  0.395E+01   0.37968E-01   0.00000E+00   0.10000E+00    0.50249E-02 -152.40         test_N_all
.6300E+00     5.000  0.382E+01   0.35230E-01   0.00000E+00   0.10000E+00    0.50249E-02 -166.15         test_N_all
.6400E+00     5.000  0.369E+01   0.32641E-01   0.00000E+00   0.10000E+00    0.50249E-02 -179.69         test_N_all
.6500E+00     5.000  0.357E+01   0.30200E-01   0.00000E+00   0.10000E+00    0.50249E-02 -192.95         test_N_all
.6600E+00     5.000  0.346E+01   0.27900E-01   0.00000E+00   0.10000E+00    0.50249E-02 -205.88         test_N_all
.6700E+00     5.000  0.334E+01   0.25737E-01   0.00000E+00   0.10000E+00    0.50249E-02 -218.41         test_N_all
.6800E+00     5.000  0.323E+01   0.23708E-01   0.00000E+00   0.10000E+00    0.50249E-02 -230.51         test_N_all
.6900E+00     5.000  0.313E+01   0.21806E-01   0.00000E+00   0.10000E+00    0.50249E-02 -242.15         test_N_all
.7000E+00     5.000  0.302E+01   0.20026E-01   0.00000E+00   0.10000E+00    0.17692E-02 *******         test_N_all
.7100E+00     5.000  0.292E+01   0.18364E-01   0.00000E+00   0.10000E+00    0.50249E-02 -263.94         test_N_all
.7200E+00     5.000  0.283E+01   0.16813E-01   0.00000E+00   0.10000E+00    0.50249E-02 -274.06         test_N_all
.7300E+00     5.000  0.273E+01   0.15370E-01   0.00000E+00   0.10000E+00    0.50249E-02 -283.65         test_N_all
.7400E+00     5.000  0.264E+01   0.14028E-01   0.00000E+00   0.10000E+00    0.50249E-02 -292.72         test_N_all
.7500E+00     5.000  0.255E+01   0.12782E-01   0.00000E+00   0.10000E+00    0.50249E-02 -301.26         test_N_all
.7600E+00     5.000  0.246E+01   0.11628E-01   0.00000E+00   0.10000E+00    0.50249E-02 -309.29         test_N_all
.7700E+00     5.000  0.238E+01   0.10560E-01   0.00000E+00   0.10000E+00    0.50249E-02 -316.81         test_N_all
.7800E+00     5.000  0.229E+01   0.95735E-02   0.00000E+00   0.10000E+00    0.50249E-02 -323.84         test_N_all
.7900E+00     5.000  0.221E+01   0.86634E-02   0.00000E+00   0.10000E+00    0.50249E-02 -330.39         test_N_all
.8000E+00     5.000  0.213E+01   0.78256E-02   0.00000E+00   0.10000E+00    0.17692E-02 *******         test_N_all
.8100E+00     5.000  0.205E+01   0.70546E-02   0.00000E+00   0.10000E+00    0.50249E-02 -342.13         test_N_all
.8200E+00     5.000  0.198E+01   0.63470E-02   0.00000E+00   0.10000E+00    0.50249E-02 -347.36         test_N_all
.8300E+00     5.000  0.191E+01   0.56987E-02   0.00000E+00   0.10000E+00    0.50249E-02 -352.19         test_N_all
.8400E+00     5.000  0.183E+01   0.51053E-02   0.00000E+00   0.10000E+00    0.50249E-02 -356.63         test_N_all
.8500E+00     5.000  0.176E+01   0.45630E-02   0.00000E+00   0.10000E+00    0.50249E-02 -360.72         test_N_all
.8600E+00     5.000  0.170E+01   0.40689E-02   0.00000E+00   0.10000E+00    0.50249E-02 -364.47         test_N_all
.8700E+00     5.000  0.163E+01   0.36193E-02   0.00000E+00   0.10000E+00    0.50249E-02 -367.89         test_N_all
.8800E+00     5.000  0.156E+01   0.32101E-02   0.00000E+00   0.10000E+00    0.50249E-02 -371.02         test_N_all
.8900E+00     5.000  0.150E+01   0.28393E-02   0.00000E+00   0.10000E+00    0.50249E-02 -373.87         test_N_all
.9000E+00     5.000  0.144E+01   0.25041E-02   0.00000E+00   0.10000E+00    0.17692E-02 *******         test_N_all
.9100E+00     5.000  0.138E+01   0.22006E-02   0.00000E+00   0.10000E+00    0.50249E-02 -378.80         test_N_all
.9200E+00     5.000  0.132E+01   0.19274E-02   0.00000E+00   0.10000E+00    0.50249E-02 -380.92         test_N_all
.9300E+00     5.000  0.126E+01   0.16821E-02   0.00000E+00   0.10000E+00    0.50249E-02 -382.83         test_N_all
.9400E+00     5.000  0.120E+01   0.14624E-02   0.00000E+00   0.10000E+00    0.50249E-02 -384.54         test_N_all
.9500E+00     5.000  0.114E+01   0.12653E-02   0.00000E+00   0.10000E+00    0.50249E-02 -386.08         test_N_all
.9600E+00     5.000  0.109E+01   0.10898E-02   0.00000E+00   0.10000E+00    0.50249E-02 -387.45         test_N_all
.9700E+00     5.000  0.104E+01   0.93415E-03   0.00000E+00   0.10000E+00    0.50249E-02 -388.67         test_N_all
.9800E+00     5.000  0.984E+00   0.79626E-03   0.00000E+00   0.10000E+00    0.50249E-02 -389.76         test_N_all
.9900E+00     5.000  0.932E+00   0.67431E-03   0.00000E+00   0.10000E+00    0.50249E-02 -390.72         test_N_all
.1000E+01     5.000  0.882E+00   0.56736E-03   0.00000E+00   0.10000E+00    0.50249E-02 -391.56         test_N_all
.1000E-01    10.000  0.991E+03   0.52952E+00   0.00000E+00   0.10000E+00    0.50249E-02 7306.58         test_N_all
.2000E-01    10.000  0.491E+03   0.45447E+00   0.00000E+00   0.10000E+00    0.50249E-02 4976.27         test_N_all
.3000E-01    10.000  0.324E+03   0.41575E+00   0.00000E+00   0.10000E+00    0.50249E-02 3948.44         test_N_all
.4000E-01    10.000  0.241E+03   0.39486E+00   0.00000E+00   0.10000E+00    0.50249E-02 3443.28         test_N_all
.5000E-01    10.000  0.191E+03   0.37786E+00   0.00000E+00   0.10000E+00    0.50249E-02 3057.63         test_N_all
.6000E-01    10.000  0.158E+03   0.36594E+00   0.00000E+00   0.10000E+00    0.50249E-02 2800.95         test_N_all
.7000E-01    10.000  0.134E+03   0.35545E+00   0.00000E+00   0.10000E+00    0.50249E-02 2584.40         test_N_all
.8000E-01    10.000  0.116E+03   0.34659E+00   0.00000E+00   0.10000E+00    0.50249E-02 2408.10         test_N_all
.9000E-01    10.000  0.102E+03   0.33822E+00   0.00000E+00   0.10000E+00    0.50249E-02 2247.44         test_N_all
.1000E+00    10.000  0.909E+02   0.33039E+00   0.00000E+00   0.10000E+00    0.50249E-02 2102.15         test_N_all
.1100E+00    10.000  0.818E+02   0.32255E+00   0.00000E+00   0.10000E+00    0.50249E-02 1961.61         test_N_all
.1200E+00    10.000  0.742E+02   0.31493E+00   0.00000E+00   0.10000E+00    0.50249E-02 1829.54         test_N_all
.1300E+00    10.000  0.678E+02   0.30733E+00   0.00000E+00   0.10000E+00    0.50249E-02 1702.44         test_N_all
.1400E+00    10.000  0.623E+02   0.29967E+00   0.00000E+00   0.10000E+00    0.50249E-02 1578.93         test_N_all
.1500E+00    10.000  0.575E+02   0.29201E+00   0.00000E+00   0.10000E+00    0.50249E-02 1460.16         test_N_all
.1600E+00    10.000  0.534E+02   0.28435E+00   0.00000E+00   0.10000E+00    0.50249E-02 1346.01         test_N_all
.1700E+00    10.000  0.497E+02   0.27672E+00   0.00000E+00   0.10000E+00    0.50249E-02 1236.82         test_N_all
.1800E+00    10.000  0.464E+02   0.26913E+00   0.00000E+00   0.10000E+00    0.50249E-02 1132.88         test_N_all
.1900E+00    10.000  0.435E+02   0.26161E+00   0.00000E+00   0.10000E+00    0.50249E-02 1034.33         test_N_all
.2000E+00    10.000  0.409E+02   0.25415E+00   0.00000E+00   0.10000E+00    0.50249E-02  941.13         test_N_all
.2100E+00    10.000  0.385E+02   0.24679E+00   0.00000E+00   0.10000E+00    0.50249E-02  853.36         test_N_all
.2200E+00    10.000  0.363E+02   0.23951E+00   0.00000E+00   0.10000E+00    0.50249E-02  770.87         test_N_all
.2300E+00    10.000  0.344E+02   0.23233E+00   0.00000E+00   0.10000E+00    0.50249E-02  693.54         test_N_all
.2400E+00    10.000  0.325E+02   0.22524E+00   0.00000E+00   0.10000E+00    0.50249E-02  621.22         test_N_all
.2500E+00    10.000  0.309E+02   0.21825E+00   0.00000E+00   0.10000E+00    0.50249E-02  553.75         test_N_all
.2600E+00    10.000  0.293E+02   0.21134E+00   0.00000E+00   0.10000E+00    0.50249E-02  490.91         test_N_all
.2700E+00    10.000  0.279E+02   0.20451E+00   0.00000E+00   0.10000E+00    0.50249E-02  432.55         test_N_all
.2800E+00    10.000  0.266E+02   0.19777E+00   0.00000E+00   0.10000E+00    0.50249E-02  378.61         test_N_all
.2900E+00    10.000  0.254E+02   0.19111E+00   0.00000E+00   0.10000E+00    0.50249E-02  328.78         test_N_all
.3000E+00    10.000  0.242E+02   0.18453E+00   0.00000E+00   0.10000E+00    0.18868E-02 2007.00         test_N_all
.3100E+00    10.000  0.231E+02   0.17801E+00   0.00000E+00   0.10000E+00    0.50249E-02  241.00         test_N_all
.3200E+00    10.000  0.221E+02   0.17156E+00   0.00000E+00   0.10000E+00    0.50249E-02  202.78         test_N_all
.3300E+00    10.000  0.212E+02   0.16517E+00   0.00000E+00   0.10000E+00    0.50249E-02  168.21         test_N_all
.3400E+00    10.000  0.203E+02   0.15885E+00   0.00000E+00   0.10000E+00    0.50249E-02  137.16         test_N_all
.3500E+00    10.000  0.195E+02   0.15260E+00   0.00000E+00   0.10000E+00    0.50249E-02  109.56         test_N_all
.3600E+00    10.000  0.187E+02   0.14642E+00   0.00000E+00   0.10000E+00    0.50249E-02   85.32         test_N_all
.3700E+00    10.000  0.179E+02   0.14031E+00   0.00000E+00   0.10000E+00    0.50249E-02   64.34         test_N_all
.3800E+00    10.000  0.172E+02   0.13428E+00   0.00000E+00   0.10000E+00    0.50249E-02   46.53         test_N_all
.3900E+00    10.000  0.165E+02   0.12833E+00   0.00000E+00   0.10000E+00    0.50249E-02   31.79         test_N_all
.4000E+00    10.000  0.159E+02   0.12248E+00   0.00000E+00   0.10000E+00    0.17692E-02  161.50         test_N_all
.4100E+00    10.000  0.153E+02   0.11673E+00   0.00000E+00   0.10000E+00    0.50249E-02   11.09         test_N_all
.4200E+00    10.000  0.147E+02   0.11109E+00   0.00000E+00   0.10000E+00    0.50249E-02    4.87         test_N_all
.4300E+00    10.000  0.141E+02   0.10555E+00   0.00000E+00   0.10000E+00    0.50249E-02    1.22         test_N_all
.4400E+00    10.000  0.136E+02   0.10014E+00   0.00000E+00   0.10000E+00    0.50249E-02    0.00         test_N_all
.4500E+00    10.000  0.131E+02   0.94863E-01   0.00000E+00   0.10000E+00    0.50249E-02   -1.05         test_N_all
.4600E+00    10.000  0.126E+02   0.89717E-01   0.00000E+00   0.10000E+00    0.50249E-02   -4.19         test_N_all
.4700E+00    10.000  0.122E+02   0.84716E-01   0.00000E+00   0.10000E+00    0.50249E-02   -9.25         test_N_all
.4800E+00    10.000  0.117E+02   0.79862E-01   0.00000E+00   0.10000E+00    0.50249E-02  -16.06         test_N_all
.4900E+00    10.000  0.113E+02   0.75162E-01   0.00000E+00   0.10000E+00    0.50249E-02  -24.43         test_N_all
.5000E+00    10.000  0.109E+02   0.70622E-01   0.00000E+00   0.10000E+00    0.17692E-02 -275.74         test_N_all
.5100E+00    10.000  0.105E+02   0.66242E-01   0.00000E+00   0.10000E+00    0.50249E-02  -45.13         test_N_all
.5200E+00    10.000  0.101E+02   0.62030E-01   0.00000E+00   0.10000E+00    0.50249E-02  -57.10         test_N_all
.5300E+00    10.000  0.975E+01   0.57985E-01   0.00000E+00   0.10000E+00    0.50249E-02  -69.91         test_N_all
.5400E+00    10.000  0.940E+01   0.54108E-01   0.00000E+00   0.10000E+00    0.50249E-02  -83.41         test_N_all
.5500E+00    10.000  0.906E+01   0.50404E-01   0.00000E+00   0.10000E+00    0.50249E-02  -97.42         test_N_all
.5600E+00    10.000  0.874E+01   0.46869E-01   0.00000E+00   0.10000E+00    0.50249E-02 -111.80         test_N_all
.5700E+00    10.000  0.843E+01   0.43503E-01   0.00000E+00   0.10000E+00    0.50249E-02 -126.41         test_N_all
.5800E+00    10.000  0.812E+01   0.40307E-01   0.00000E+00   0.10000E+00    0.50249E-02 -141.12         test_N_all
.5900E+00    10.000  0.783E+01   0.37275E-01   0.00000E+00   0.10000E+00    0.50249E-02 -155.82         test_N_all
.6000E+00    10.000  0.755E+01   0.34408E-01   0.00000E+00   0.10000E+00    0.17692E-02 *******         test_N_all
.6100E+00    10.000  0.728E+01   0.31702E-01   0.00000E+00   0.10000E+00    0.50249E-02 -184.74         test_N_all
.6200E+00    10.000  0.701E+01   0.29151E-01   0.00000E+00   0.10000E+00    0.50249E-02 -198.80         test_N_all
.6300E+00    10.000  0.675E+01   0.26755E-01   0.00000E+00   0.10000E+00    0.50249E-02 -212.47         test_N_all
.6400E+00    10.000  0.651E+01   0.24506E-01   0.00000E+00   0.10000E+00    0.50249E-02 -225.72         test_N_all
.6500E+00    10.000  0.627E+01   0.22401E-01   0.00000E+00   0.10000E+00    0.50249E-02 -238.48         test_N_all
.6600E+00    10.000  0.603E+01   0.20435E-01   0.00000E+00   0.10000E+00    0.50249E-02 -250.72         test_N_all
.6700E+00    10.000  0.581E+01   0.18602E-01   0.00000E+00   0.10000E+00    0.50249E-02 -262.40         test_N_all
.6800E+00    10.000  0.559E+01   0.16896E-01   0.00000E+00   0.10000E+00    0.50249E-02 -273.51         test_N_all
.6900E+00    10.000  0.537E+01   0.15314E-01   0.00000E+00   0.10000E+00    0.50249E-02 -284.03         test_N_all
.7000E+00    10.000  0.517E+01   0.13847E-01   0.00000E+00   0.10000E+00    0.17692E-02 *******         test_N_all
.7100E+00    10.000  0.497E+01   0.12492E-01   0.00000E+00   0.10000E+00    0.50249E-02 -303.27         test_N_all
.7200E+00    10.000  0.477E+01   0.11242E-01   0.00000E+00   0.10000E+00    0.50249E-02 -312.00         test_N_all
.7300E+00    10.000  0.458E+01   0.10092E-01   0.00000E+00   0.10000E+00    0.50249E-02 -320.14         test_N_all
.7400E+00    10.000  0.440E+01   0.90349E-02   0.00000E+00   0.10000E+00    0.50249E-02 -327.71         test_N_all
.7500E+00    10.000  0.422E+01   0.80668E-02   0.00000E+00   0.10000E+00    0.50249E-02 -334.72         test_N_all
.7600E+00    10.000  0.404E+01   0.71823E-02   0.00000E+00   0.10000E+00    0.50249E-02 -341.19         test_N_all
.7700E+00    10.000  0.387E+01   0.63748E-02   0.00000E+00   0.10000E+00    0.50249E-02 -347.16         test_N_all
.7800E+00    10.000  0.370E+01   0.56404E-02   0.00000E+00   0.10000E+00    0.50249E-02 -352.62         test_N_all
.7900E+00    10.000  0.354E+01   0.49744E-02   0.00000E+00   0.10000E+00    0.50249E-02 -357.62         test_N_all
.8000E+00    10.000  0.338E+01   0.43706E-02   0.00000E+00   0.10000E+00    0.17692E-02 *******         test_N_all
.8100E+00    10.000  0.323E+01   0.38259E-02   0.00000E+00   0.10000E+00    0.50249E-02 -366.32         test_N_all
.8200E+00    10.000  0.308E+01   0.33361E-02   0.00000E+00   0.10000E+00    0.50249E-02 -370.06         test_N_all
.8300E+00    10.000  0.293E+01   0.28955E-02   0.00000E+00   0.10000E+00    0.50249E-02 -373.44         test_N_all
.8400E+00    10.000  0.279E+01   0.25017E-02   0.00000E+00   0.10000E+00    0.50249E-02 -376.47         test_N_all
.8500E+00    10.000  0.265E+01   0.21507E-02   0.00000E+00   0.10000E+00    0.50249E-02 -379.19         test_N_all
.8600E+00    10.000  0.251E+01   0.18383E-02   0.00000E+00   0.10000E+00    0.50249E-02 -381.61         test_N_all
.8700E+00    10.000  0.238E+01   0.15622E-02   0.00000E+00   0.10000E+00    0.50249E-02 -383.76         test_N_all
.8800E+00    10.000  0.225E+01   0.13192E-02   0.00000E+00   0.10000E+00    0.50249E-02 -385.66         test_N_all
.8900E+00    10.000  0.212E+01   0.11053E-02   0.00000E+00   0.10000E+00    0.50249E-02 -387.33         test_N_all
.9000E+00    10.000  0.199E+01   0.91895E-03   0.00000E+00   0.10000E+00    0.17692E-02 *******         test_N_all
.9100E+00    10.000  0.187E+01   0.75762E-03   0.00000E+00   0.10000E+00    0.50249E-02 -390.06         test_N_all
.9200E+00    10.000  0.175E+01   0.61786E-03   0.00000E+00   0.10000E+00    0.50249E-02 -391.16         test_N_all
.9300E+00    10.000  0.163E+01   0.49848E-03   0.00000E+00   0.10000E+00    0.50249E-02 -392.10         test_N_all
.9400E+00    10.000  0.152E+01   0.39751E-03   0.00000E+00   0.10000E+00    0.50249E-02 -392.90         test_N_all
.9500E+00    10.000  0.141E+01   0.31194E-03   0.00000E+00   0.10000E+00    0.50249E-02 -393.57         test_N_all
.9600E+00    10.000  0.130E+01   0.24092E-03   0.00000E+00   0.10000E+00    0.50249E-02 -394.13         test_N_all
.9700E+00    10.000  0.119E+01   0.18294E-03   0.00000E+00   0.10000E+00    0.50249E-02 -394.59         test_N_all
.9800E+00    10.000  0.109E+01   0.13534E-03   0.00000E+00   0.10000E+00    0.50249E-02 -394.97         test_N_all
.9900E+00    10.000  0.983E+00   0.97586E-04   0.00000E+00   0.10000E+00    0.50249E-02 -395.27         test_N_all
.1000E+01    10.000  0.882E+00   0.68487E-04   0.00000E+00   0.10000E+00    0.50249E-02 -395.50         test_N_all
.1000E-01    20.000  0.198E+04   0.60863E+00   0.00000E+00   0.10000E+00    0.50249E-02 *******         test_N_all
.2000E-01    20.000  0.981E+03   0.50735E+00   0.00000E+00   0.10000E+00    0.50249E-02 6571.66         test_N_all
.3000E-01    20.000  0.648E+03   0.45403E+00   0.00000E+00   0.10000E+00    0.50249E-02 4963.80         test_N_all
.4000E-01    20.000  0.481E+03   0.42470E+00   0.00000E+00   0.10000E+00    0.50249E-02 4175.35         test_N_all
.5000E-01    20.000  0.381E+03   0.40044E+00   0.00000E+00   0.10000E+00    0.50249E-02 3574.87         test_N_all
.6000E-01    20.000  0.314E+03   0.38334E+00   0.00000E+00   0.10000E+00    0.50249E-02 3179.43         test_N_all
.7000E-01    20.000  0.267E+03   0.36823E+00   0.00000E+00   0.10000E+00    0.50249E-02 2849.49         test_N_all
.8000E-01    20.000  0.231E+03   0.35582E+00   0.00000E+00   0.10000E+00    0.50249E-02 2591.90         test_N_all
.9000E-01    20.000  0.203E+03   0.34436E+00   0.00000E+00   0.10000E+00    0.50249E-02 2364.90         test_N_all
.1000E+00    20.000  0.181E+03   0.33396E+00   0.00000E+00   0.10000E+00    0.50249E-02 2167.75         test_N_all
.1100E+00    20.000  0.163E+03   0.32391E+00   0.00000E+00   0.10000E+00    0.50249E-02 1985.62         test_N_all
.1200E+00    20.000  0.148E+03   0.31431E+00   0.00000E+00   0.10000E+00    0.50249E-02 1818.99         test_N_all
.1300E+00    20.000  0.135E+03   0.30502E+00   0.00000E+00   0.10000E+00    0.50249E-02 1664.67         test_N_all
.1400E+00    20.000  0.124E+03   0.29589E+00   0.00000E+00   0.10000E+00    0.50249E-02 1519.71         test_N_all
.1500E+00    20.000  0.114E+03   0.28699E+00   0.00000E+00   0.10000E+00    0.50249E-02 1384.75         test_N_all
.1600E+00    20.000  0.106E+03   0.27824E+00   0.00000E+00   0.10000E+00    0.50249E-02 1258.22         test_N_all
.1700E+00    20.000  0.985E+02   0.26967E+00   0.00000E+00   0.10000E+00    0.50249E-02 1140.16         test_N_all
.1800E+00    20.000  0.920E+02   0.26128E+00   0.00000E+00   0.10000E+00    0.50249E-02 1030.18         test_N_all
.1900E+00    20.000  0.861E+02   0.25306E+00   0.00000E+00   0.10000E+00    0.50249E-02  927.77         test_N_all
.2000E+00    20.000  0.809E+02   0.24500E+00   0.00000E+00   0.10000E+00    0.50249E-02  832.68         test_N_all
.2100E+00    20.000  0.761E+02   0.23711E+00   0.00000E+00   0.10000E+00    0.50249E-02  744.47         test_N_all
.2200E+00    20.000  0.718E+02   0.22937E+00   0.00000E+00   0.10000E+00    0.50249E-02  662.83         test_N_all
.2300E+00    20.000  0.678E+02   0.22179E+00   0.00000E+00   0.10000E+00    0.50249E-02  587.40         test_N_all
.2400E+00    20.000  0.642E+02   0.21434E+00   0.00000E+00   0.10000E+00    0.50249E-02  517.81         test_N_all
.2500E+00    20.000  0.609E+02   0.20704E+00   0.00000E+00   0.10000E+00    0.50249E-02  453.80         test_N_all
.2600E+00    20.000  0.578E+02   0.19987E+00   0.00000E+00   0.10000E+00    0.50249E-02  395.00         test_N_all
.2700E+00    20.000  0.550E+02   0.19282E+00   0.00000E+00   0.10000E+00    0.50249E-02  341.19         test_N_all
.2800E+00    20.000  0.523E+02   0.18588E+00   0.00000E+00   0.10000E+00    0.50249E-02  292.11         test_N_all
.2900E+00    20.000  0.498E+02   0.17905E+00   0.00000E+00   0.10000E+00    0.50249E-02  247.49         test_N_all
.3000E+00    20.000  0.475E+02   0.17232E+00   0.00000E+00   0.10000E+00    0.18868E-02 1469.23         test_N_all
.3100E+00    20.000  0.454E+02   0.16570E+00   0.00000E+00   0.10000E+00    0.50249E-02  170.96         test_N_all
.3200E+00    20.000  0.434E+02   0.15918E+00   0.00000E+00   0.10000E+00    0.50249E-02  138.69         test_N_all
.3300E+00    20.000  0.415E+02   0.15275E+00   0.00000E+00   0.10000E+00    0.50249E-02  110.20         test_N_all
.3400E+00    20.000  0.397E+02   0.14641E+00   0.00000E+00   0.10000E+00    0.50249E-02   85.31         test_N_all
.3500E+00    20.000  0.380E+02   0.14017E+00   0.00000E+00   0.10000E+00    0.50249E-02   63.92         test_N_all
.3600E+00    20.000  0.364E+02   0.13403E+00   0.00000E+00   0.10000E+00    0.50249E-02   45.86         test_N_all
.3700E+00    20.000  0.349E+02   0.12799E+00   0.00000E+00   0.10000E+00    0.50249E-02   31.02         test_N_all
.3800E+00    20.000  0.335E+02   0.12205E+00   0.00000E+00   0.10000E+00    0.50249E-02   19.26         test_N_all
.3900E+00    20.000  0.322E+02   0.11622E+00   0.00000E+00   0.10000E+00    0.50249E-02   10.42         test_N_all
.4000E+00    20.000  0.309E+02   0.11051E+00   0.00000E+00   0.10000E+00    0.17692E-02   35.31         test_N_all
.4100E+00    20.000  0.297E+02   0.10492E+00   0.00000E+00   0.10000E+00    0.50249E-02    0.96         test_N_all
.4200E+00    20.000  0.285E+02   0.99462E-01   0.00000E+00   0.10000E+00    0.50249E-02   -0.01         test_N_all
.4300E+00    20.000  0.274E+02   0.94135E-01   0.00000E+00   0.10000E+00    0.50249E-02   -1.36         test_N_all
.4400E+00    20.000  0.263E+02   0.88949E-01   0.00000E+00   0.10000E+00    0.50249E-02   -4.84         test_N_all
.4500E+00    20.000  0.253E+02   0.83909E-01   0.00000E+00   0.10000E+00    0.50249E-02  -10.25         test_N_all
.4600E+00    20.000  0.244E+02   0.79022E-01   0.00000E+00   0.10000E+00    0.50249E-02  -17.43         test_N_all
.4700E+00    20.000  0.234E+02   0.74292E-01   0.00000E+00   0.10000E+00    0.50249E-02  -26.17         test_N_all
.4800E+00    20.000  0.225E+02   0.69721E-01   0.00000E+00   0.10000E+00    0.50249E-02  -36.31         test_N_all
.4900E+00    20.000  0.217E+02   0.65317E-01   0.00000E+00   0.10000E+00    0.50249E-02  -47.64         test_N_all
.5000E+00    20.000  0.209E+02   0.61080E-01   0.00000E+00   0.10000E+00    0.17692E-02 -483.95         test_N_all
.5100E+00    20.000  0.201E+02   0.57012E-01   0.00000E+00   0.10000E+00    0.50249E-02  -73.19         test_N_all
.5200E+00    20.000  0.193E+02   0.53117E-01   0.00000E+00   0.10000E+00    0.50249E-02  -87.05         test_N_all
.5300E+00    20.000  0.186E+02   0.49393E-01   0.00000E+00   0.10000E+00    0.50249E-02 -101.43         test_N_all
.5400E+00    20.000  0.179E+02   0.45842E-01   0.00000E+00   0.10000E+00    0.50249E-02 -116.16         test_N_all
.5500E+00    20.000  0.172E+02   0.42464E-01   0.00000E+00   0.10000E+00    0.50249E-02 -131.11         test_N_all
.5600E+00    20.000  0.166E+02   0.39254E-01   0.00000E+00   0.10000E+00    0.50249E-02 -146.14         test_N_all
.5700E+00    20.000  0.160E+02   0.36216E-01   0.00000E+00   0.10000E+00    0.50249E-02 -161.13         test_N_all
.5800E+00    20.000  0.154E+02   0.33342E-01   0.00000E+00   0.10000E+00    0.50249E-02 -175.97         test_N_all
.5900E+00    20.000  0.148E+02   0.30632E-01   0.00000E+00   0.10000E+00    0.50249E-02 -190.57         test_N_all
.6000E+00    20.000  0.142E+02   0.28083E-01   0.00000E+00   0.10000E+00    0.17692E-02 *******         test_N_all
.6100E+00    20.000  0.137E+02   0.25688E-01   0.00000E+00   0.10000E+00    0.50249E-02 -218.71         test_N_all
.6200E+00    20.000  0.131E+02   0.23445E-01   0.00000E+00   0.10000E+00    0.50249E-02 -232.11         test_N_all
.6300E+00    20.000  0.126E+02   0.21349E-01   0.00000E+00   0.10000E+00    0.50249E-02 -244.99         test_N_all
.6400E+00    20.000  0.121E+02   0.19394E-01   0.00000E+00   0.10000E+00    0.50249E-02 -257.32         test_N_all
.6500E+00    20.000  0.117E+02   0.17575E-01   0.00000E+00   0.10000E+00    0.50249E-02 -269.07         test_N_all
.6600E+00    20.000  0.112E+02   0.15887E-01   0.00000E+00   0.10000E+00    0.50249E-02 -280.20         test_N_all
.6700E+00    20.000  0.107E+02   0.14324E-01   0.00000E+00   0.10000E+00    0.50249E-02 -290.71         test_N_all
.6800E+00    20.000  0.103E+02   0.12880E-01   0.00000E+00   0.10000E+00    0.50249E-02 -300.59         test_N_all
.6900E+00    20.000  0.987E+01   0.11549E-01   0.00000E+00   0.10000E+00    0.50249E-02 -309.84         test_N_all
.7000E+00    20.000  0.945E+01   0.10326E-01   0.00000E+00   0.10000E+00    0.17692E-02 *******         test_N_all
.7100E+00    20.000  0.905E+01   0.92046E-02   0.00000E+00   0.10000E+00    0.50249E-02 -326.49         test_N_all
.7200E+00    20.000  0.866E+01   0.81791E-02   0.00000E+00   0.10000E+00    0.50249E-02 -333.90         test_N_all
.7300E+00    20.000  0.828E+01   0.72434E-02   0.00000E+00   0.10000E+00    0.50249E-02 -340.74         test_N_all
.7400E+00    20.000  0.791E+01   0.63927E-02   0.00000E+00   0.10000E+00    0.50249E-02 -347.02         test_N_all
.7500E+00    20.000  0.755E+01   0.56207E-02   0.00000E+00   0.10000E+00    0.50249E-02 -352.77         test_N_all
.7600E+00    20.000  0.720E+01   0.49224E-02   0.00000E+00   0.10000E+00    0.50249E-02 -358.01         test_N_all
.7700E+00    20.000  0.686E+01   0.42934E-02   0.00000E+00   0.10000E+00    0.50249E-02 -362.76         test_N_all
.7800E+00    20.000  0.652E+01   0.37271E-02   0.00000E+00   0.10000E+00    0.50249E-02 -367.07         test_N_all
.7900E+00    20.000  0.620E+01   0.32202E-02   0.00000E+00   0.10000E+00    0.50249E-02 -370.94         test_N_all
.8000E+00    20.000  0.588E+01   0.27681E-02   0.00000E+00   0.10000E+00    0.17692E-02 *******         test_N_all
.8100E+00    20.000  0.557E+01   0.23655E-02   0.00000E+00   0.10000E+00    0.50249E-02 -377.52         test_N_all
.8200E+00    20.000  0.527E+01   0.20096E-02   0.00000E+00   0.10000E+00    0.50249E-02 -380.28         test_N_all
.8300E+00    20.000  0.498E+01   0.16954E-02   0.00000E+00   0.10000E+00    0.50249E-02 -382.72         test_N_all
.8400E+00    20.000  0.469E+01   0.14197E-02   0.00000E+00   0.10000E+00    0.50249E-02 -384.87         test_N_all
.8500E+00    20.000  0.441E+01   0.11797E-02   0.00000E+00   0.10000E+00    0.50249E-02 -386.75         test_N_all
.8600E+00    20.000  0.414E+01   0.97082E-03   0.00000E+00   0.10000E+00    0.50249E-02 -388.39         test_N_all
.8700E+00    20.000  0.387E+01   0.79098E-03   0.00000E+00   0.10000E+00    0.50249E-02 -389.80         test_N_all
.8800E+00    20.000  0.361E+01   0.63753E-03   0.00000E+00   0.10000E+00    0.50249E-02 -391.01         test_N_all
.8900E+00    20.000  0.335E+01   0.50668E-03   0.00000E+00   0.10000E+00    0.50249E-02 -392.04         test_N_all
.9000E+00    20.000  0.310E+01   0.39706E-03   0.00000E+00   0.10000E+00    0.17692E-02 *******         test_N_all
.9100E+00    20.000  0.286E+01   0.30608E-03   0.00000E+00   0.10000E+00    0.50249E-02 -393.62         test_N_all
.9200E+00    20.000  0.262E+01   0.23101E-03   0.00000E+00   0.10000E+00    0.50249E-02 -394.21         test_N_all
.9300E+00    20.000  0.239E+01   0.17067E-03   0.00000E+00   0.10000E+00    0.50249E-02 -394.69         test_N_all
.9400E+00    20.000  0.216E+01   0.12261E-03   0.00000E+00   0.10000E+00    0.50249E-02 -395.07         test_N_all
.9500E+00    20.000  0.193E+01   0.85049E-04   0.00000E+00   0.10000E+00    0.50249E-02 -395.37         test_N_all
.9600E+00    20.000  0.172E+01   0.56977E-04   0.00000E+00   0.10000E+00    0.50249E-02 -395.59         test_N_all
.9700E+00    20.000  0.150E+01   0.35983E-04   0.00000E+00   0.10000E+00    0.50249E-02 -395.75         test_N_all
.9800E+00    20.000  0.129E+01   0.21218E-04   0.00000E+00   0.10000E+00    0.50249E-02 -395.87         test_N_all
.9900E+00    20.000  0.108E+01   0.11785E-04   0.00000E+00   0.10000E+00    0.50249E-02 -395.95         test_N_all
.1000E+01    20.000  0.882E+00   0.54126E-05   0.00000E+00   0.10000E+00    0.50249E-02 -396.00         test_N_all
.1000E+00    50.000  0.451E+03   0.33636E+00   0.00000E+00   0.10000E+00    0.50249E-02 2212.48         test_N_all
.1100E+00    50.000  0.405E+03   0.32382E+00   0.00000E+00   0.10000E+00    0.50249E-02 1984.04         test_N_all
.1200E+00    50.000  0.368E+03   0.31214E+00   0.00000E+00   0.10000E+00    0.50249E-02 1782.32         test_N_all
.1300E+00    50.000  0.335E+03   0.30109E+00   0.00000E+00   0.10000E+00    0.50249E-02 1601.45         test_N_all
.1400E+00    50.000  0.308E+03   0.29045E+00   0.00000E+00   0.10000E+00    0.50249E-02 1436.48         test_N_all
.1500E+00    50.000  0.284E+03   0.28028E+00   0.00000E+00   0.10000E+00    0.50249E-02 1287.23         test_N_all
.1600E+00    50.000  0.263E+03   0.27044E+00   0.00000E+00   0.10000E+00    0.50249E-02 1150.47         test_N_all
.1700E+00    50.000  0.245E+03   0.26094E+00   0.00000E+00   0.10000E+00    0.50249E-02 1025.83         test_N_all
.1800E+00    50.000  0.229E+03   0.25176E+00   0.00000E+00   0.10000E+00    0.50249E-02  912.09         test_N_all
.1900E+00    50.000  0.214E+03   0.24285E+00   0.00000E+00   0.10000E+00    0.50249E-02  808.11         test_N_all
.2000E+00    50.000  0.201E+03   0.23421E+00   0.00000E+00   0.10000E+00    0.50249E-02  713.34         test_N_all
.2100E+00    50.000  0.189E+03   0.22580E+00   0.00000E+00   0.10000E+00    0.50249E-02  626.80         test_N_all
.2200E+00    50.000  0.178E+03   0.21763E+00   0.00000E+00   0.10000E+00    0.50249E-02  548.03         test_N_all
.2300E+00    50.000  0.168E+03   0.20968E+00   0.00000E+00   0.10000E+00    0.50249E-02  476.42         test_N_all
.2400E+00    50.000  0.159E+03   0.20192E+00   0.00000E+00   0.10000E+00    0.50249E-02  411.39         test_N_all
.2500E+00    50.000  0.151E+03   0.19435E+00   0.00000E+00   0.10000E+00    0.50249E-02  352.56         test_N_all
.2600E+00    50.000  0.143E+03   0.18695E+00   0.00000E+00   0.10000E+00    0.50249E-02  299.42         test_N_all
.2700E+00    50.000  0.136E+03   0.17971E+00   0.00000E+00   0.10000E+00    0.50249E-02  251.66         test_N_all
.2800E+00    50.000  0.129E+03   0.17263E+00   0.00000E+00   0.10000E+00    0.50249E-02  208.94         test_N_all
.2900E+00    50.000  0.123E+03   0.16570E+00   0.00000E+00   0.10000E+00    0.50249E-02  170.93         test_N_all
.3000E+00    50.000  0.118E+03   0.15890E+00   0.00000E+00   0.10000E+00    0.18868E-02  974.50         test_N_all
.3100E+00    50.000  0.112E+03   0.15223E+00   0.00000E+00   0.10000E+00    0.50249E-02  108.05         test_N_all
.3200E+00    50.000  0.107E+03   0.14570E+00   0.00000E+00   0.10000E+00    0.50249E-02   82.70         test_N_all
.3300E+00    50.000  0.102E+03   0.13929E+00   0.00000E+00   0.10000E+00    0.50249E-02   61.14         test_N_all
.3400E+00    50.000  0.979E+02   0.13301E+00   0.00000E+00   0.10000E+00    0.50249E-02   43.15         test_N_all
.3500E+00    50.000  0.937E+02   0.12685E+00   0.00000E+00   0.10000E+00    0.50249E-02   28.56         test_N_all
.3600E+00    50.000  0.898E+02   0.12082E+00   0.00000E+00   0.10000E+00    0.50249E-02   17.17         test_N_all
.3700E+00    50.000  0.860E+02   0.11492E+00   0.00000E+00   0.10000E+00    0.50249E-02    8.82         test_N_all
.3800E+00    50.000  0.825E+02   0.10916E+00   0.00000E+00   0.10000E+00    0.50249E-02    3.32         test_N_all
.3900E+00    50.000  0.791E+02   0.10353E+00   0.00000E+00   0.10000E+00    0.50249E-02    0.49         test_N_all
.4000E+00    50.000  0.759E+02   0.98051E-01   0.00000E+00   0.10000E+00    0.17692E-02   -1.21         test_N_all
.4100E+00    50.000  0.728E+02   0.92715E-01   0.00000E+00   0.10000E+00    0.50249E-02   -2.10         test_N_all
.4200E+00    50.000  0.699E+02   0.87528E-01   0.00000E+00   0.10000E+00    0.50249E-02   -6.16         test_N_all
.4300E+00    50.000  0.672E+02   0.82494E-01   0.00000E+00   0.10000E+00    0.50249E-02  -12.14         test_N_all
.4400E+00    50.000  0.645E+02   0.77621E-01   0.00000E+00   0.10000E+00    0.50249E-02  -19.83         test_N_all
.4500E+00    50.000  0.620E+02   0.72909E-01   0.00000E+00   0.10000E+00    0.50249E-02  -29.07         test_N_all
.4600E+00    50.000  0.596E+02   0.68364E-01   0.00000E+00   0.10000E+00    0.50249E-02  -39.64         test_N_all
.4700E+00    50.000  0.573E+02   0.63987E-01   0.00000E+00   0.10000E+00    0.50249E-02  -51.36         test_N_all
.4800E+00    50.000  0.550E+02   0.59779E-01   0.00000E+00   0.10000E+00    0.50249E-02  -64.07         test_N_all
.4900E+00    50.000  0.529E+02   0.55746E-01   0.00000E+00   0.10000E+00    0.50249E-02  -77.56         test_N_all
.5000E+00    50.000  0.509E+02   0.51885E-01   0.00000E+00   0.10000E+00    0.17692E-02 -739.63         test_N_all
.5100E+00    50.000  0.489E+02   0.48199E-01   0.00000E+00   0.10000E+00    0.50249E-02 -106.27         test_N_all
.5200E+00    50.000  0.470E+02   0.44686E-01   0.00000E+00   0.10000E+00    0.50249E-02 -121.17         test_N_all
.5300E+00    50.000  0.452E+02   0.41345E-01   0.00000E+00   0.10000E+00    0.50249E-02 -136.26         test_N_all
.5400E+00    50.000  0.435E+02   0.38176E-01   0.00000E+00   0.10000E+00    0.50249E-02 -151.38         test_N_all
.5500E+00    50.000  0.418E+02   0.35175E-01   0.00000E+00   0.10000E+00    0.50249E-02 -166.43         test_N_all
.5600E+00    50.000  0.402E+02   0.32341E-01   0.00000E+00   0.10000E+00    0.50249E-02 -181.30         test_N_all
.5700E+00    50.000  0.386E+02   0.29670E-01   0.00000E+00   0.10000E+00    0.50249E-02 -195.89         test_N_all
.5800E+00    50.000  0.371E+02   0.27158E-01   0.00000E+00   0.10000E+00    0.50249E-02 -210.13         test_N_all
.5900E+00    50.000  0.356E+02   0.24803E-01   0.00000E+00   0.10000E+00    0.50249E-02 -223.94         test_N_all
.6000E+00    50.000  0.342E+02   0.22598E-01   0.00000E+00   0.10000E+00    0.17692E-02 *******         test_N_all
.6100E+00    50.000  0.328E+02   0.20539E-01   0.00000E+00   0.10000E+00    0.50249E-02 -250.06         test_N_all
.6200E+00    50.000  0.315E+02   0.18621E-01   0.00000E+00   0.10000E+00    0.50249E-02 -262.28         test_N_all
.6300E+00    50.000  0.302E+02   0.16839E-01   0.00000E+00   0.10000E+00    0.50249E-02 -273.89         test_N_all
.6400E+00    50.000  0.290E+02   0.15187E-01   0.00000E+00   0.10000E+00    0.50249E-02 -284.88         test_N_all
.6500E+00    50.000  0.278E+02   0.13659E-01   0.00000E+00   0.10000E+00    0.50249E-02 -295.24         test_N_all
.6600E+00    50.000  0.266E+02   0.12250E-01   0.00000E+00   0.10000E+00    0.50249E-02 -304.96         test_N_all
.6700E+00    50.000  0.255E+02   0.10953E-01   0.00000E+00   0.10000E+00    0.50249E-02 -314.03         test_N_all
.6800E+00    50.000  0.244E+02   0.97637E-02   0.00000E+00   0.10000E+00    0.50249E-02 -322.48         test_N_all
.6900E+00    50.000  0.233E+02   0.86748E-02   0.00000E+00   0.10000E+00    0.50249E-02 -330.31         test_N_all
.7000E+00    50.000  0.223E+02   0.76813E-02   0.00000E+00   0.10000E+00    0.17692E-02 *******         test_N_all
.7100E+00    50.000  0.213E+02   0.67774E-02   0.00000E+00   0.10000E+00    0.50249E-02 -344.18         test_N_all
.7200E+00    50.000  0.203E+02   0.59568E-02   0.00000E+00   0.10000E+00    0.50249E-02 -350.26         test_N_all
.7300E+00    50.000  0.194E+02   0.52151E-02   0.00000E+00   0.10000E+00    0.50249E-02 -355.81         test_N_all
.7400E+00    50.000  0.184E+02   0.45457E-02   0.00000E+00   0.10000E+00    0.50249E-02 -360.85         test_N_all
.7500E+00    50.000  0.175E+02   0.39443E-02   0.00000E+00   0.10000E+00    0.50249E-02 -365.41         test_N_all
.7600E+00    50.000  0.167E+02   0.34061E-02   0.00000E+00   0.10000E+00    0.50249E-02 -369.52         test_N_all
.7700E+00    50.000  0.158E+02   0.29251E-02   0.00000E+00   0.10000E+00    0.50249E-02 -373.21         test_N_all
.7800E+00    50.000  0.150E+02   0.24983E-02   0.00000E+00   0.10000E+00    0.50249E-02 -376.50         test_N_all
.7900E+00    50.000  0.142E+02   0.21203E-02   0.00000E+00   0.10000E+00    0.50249E-02 -379.42         test_N_all
.8000E+00    50.000  0.134E+02   0.17872E-02   0.00000E+00   0.10000E+00    0.17692E-02 *******         test_N_all
.8100E+00    50.000  0.126E+02   0.14957E-02   0.00000E+00   0.10000E+00    0.50249E-02 -384.28         test_N_all
.8200E+00    50.000  0.119E+02   0.12409E-02   0.00000E+00   0.10000E+00    0.50249E-02 -386.27         test_N_all
.8300E+00    50.000  0.111E+02   0.10205E-02   0.00000E+00   0.10000E+00    0.50249E-02 -388.00         test_N_all
.8400E+00    50.000  0.104E+02   0.83084E-03   0.00000E+00   0.10000E+00    0.50249E-02 -389.49         test_N_all
.8500E+00    50.000  0.971E+01   0.66840E-03   0.00000E+00   0.10000E+00    0.50249E-02 -390.76         test_N_all
.8600E+00    50.000  0.902E+01   0.53128E-03   0.00000E+00   0.10000E+00    0.50249E-02 -391.84         test_N_all
.8700E+00    50.000  0.835E+01   0.41571E-03   0.00000E+00   0.10000E+00    0.50249E-02 -392.75         test_N_all
.8800E+00    50.000  0.770E+01   0.31992E-03   0.00000E+00   0.10000E+00    0.50249E-02 -393.51         test_N_all
.8900E+00    50.000  0.706E+01   0.24170E-03   0.00000E+00   0.10000E+00    0.50249E-02 -394.13         test_N_all
.9000E+00    50.000  0.644E+01   0.17808E-03   0.00000E+00   0.10000E+00    0.17692E-02 *******         test_N_all
.9100E+00    50.000  0.583E+01   0.12797E-03   0.00000E+00   0.10000E+00    0.50249E-02 -395.03         test_N_all
.9200E+00    50.000  0.523E+01   0.88905E-04   0.00000E+00   0.10000E+00    0.50249E-02 -395.34         test_N_all
.9300E+00    50.000  0.465E+01   0.59234E-04   0.00000E+00   0.10000E+00    0.50249E-02 -395.57         test_N_all
.9400E+00    50.000  0.407E+01   0.37875E-04   0.00000E+00   0.10000E+00    0.50249E-02 -395.74         test_N_all
.9500E+00    50.000  0.351E+01   0.22316E-04   0.00000E+00   0.10000E+00    0.50249E-02 -395.86         test_N_all
.9600E+00    50.000  0.297E+01   0.12151E-04   0.00000E+00   0.10000E+00    0.50249E-02 -395.94         test_N_all
.9700E+00    50.000  0.243E+01   0.59410E-05   0.00000E+00   0.10000E+00    0.50249E-02 -395.99         test_N_all
.9800E+00    50.000  0.190E+01   0.22482E-05   0.00000E+00   0.10000E+00    0.50249E-02 -396.02         test_N_all
.9900E+00    50.000  0.139E+01   0.75286E-06   0.00000E+00   0.10000E+00    0.50249E-02 -396.03         test_N_all
.1000E+01    50.000  0.882E+00   0.60191E-06   0.00000E+00   0.10000E+00    0.50249E-02 -396.03         test_N_all
.1000E+00   100.000  0.901E+03   0.33699E+00   0.00000E+00   0.10000E+00    0.50249E-02 2224.32         test_N_all
.1100E+00   100.000  0.810E+03   0.32290E+00   0.00000E+00   0.10000E+00    0.50249E-02 1967.66         test_N_all
.1200E+00   100.000  0.734E+03   0.30993E+00   0.00000E+00   0.10000E+00    0.50249E-02 1745.31         test_N_all
.1300E+00   100.000  0.670E+03   0.29780E+00   0.00000E+00   0.10000E+00    0.50249E-02 1549.44         test_N_all
.1400E+00   100.000  0.615E+03   0.28624E+00   0.00000E+00   0.10000E+00    0.50249E-02 1373.67         test_N_all
.1500E+00   100.000  0.568E+03   0.27531E+00   0.00000E+00   0.10000E+00    0.50249E-02 1217.21         test_N_all
.1600E+00   100.000  0.526E+03   0.26481E+00   0.00000E+00   0.10000E+00    0.50249E-02 1075.72         test_N_all
.1700E+00   100.000  0.489E+03   0.25476E+00   0.00000E+00   0.10000E+00    0.50249E-02  948.50         test_N_all
.1800E+00   100.000  0.456E+03   0.24510E+00   0.00000E+00   0.10000E+00    0.50249E-02  833.84         test_N_all
.1900E+00   100.000  0.427E+03   0.23579E+00   0.00000E+00   0.10000E+00    0.50249E-02  730.22         test_N_all
.2000E+00   100.000  0.401E+03   0.22681E+00   0.00000E+00   0.10000E+00    0.50249E-02  636.90         test_N_all
.2100E+00   100.000  0.377E+03   0.21812E+00   0.00000E+00   0.10000E+00    0.50249E-02  552.58         test_N_all
.2200E+00   100.000  0.355E+03   0.20971E+00   0.00000E+00   0.10000E+00    0.50249E-02  476.67         test_N_all
.2300E+00   100.000  0.336E+03   0.20155E+00   0.00000E+00   0.10000E+00    0.50249E-02  408.42         test_N_all
.2400E+00   100.000  0.318E+03   0.19362E+00   0.00000E+00   0.10000E+00    0.50249E-02  347.13         test_N_all
.2500E+00   100.000  0.301E+03   0.18592E+00   0.00000E+00   0.10000E+00    0.50249E-02  292.35         test_N_all
.2600E+00   100.000  0.285E+03   0.17841E+00   0.00000E+00   0.10000E+00    0.50249E-02  243.47         test_N_all
.2700E+00   100.000  0.271E+03   0.17109E+00   0.00000E+00   0.10000E+00    0.50249E-02  200.15         test_N_all
.2800E+00   100.000  0.258E+03   0.16395E+00   0.00000E+00   0.10000E+00    0.50249E-02  161.98         test_N_all
.2900E+00   100.000  0.246E+03   0.15698E+00   0.00000E+00   0.10000E+00    0.50249E-02  128.59         test_N_all
.3000E+00   100.000  0.234E+03   0.15018E+00   0.00000E+00   0.10000E+00    0.18868E-02  707.19         test_N_all
.3100E+00   100.000  0.223E+03   0.14352E+00   0.00000E+00   0.10000E+00    0.50249E-02   75.01         test_N_all
.3200E+00   100.000  0.213E+03   0.13702E+00   0.00000E+00   0.10000E+00    0.50249E-02   54.28         test_N_all
.3300E+00   100.000  0.204E+03   0.13067E+00   0.00000E+00   0.10000E+00    0.50249E-02   37.25         test_N_all
.3400E+00   100.000  0.195E+03   0.12446E+00   0.00000E+00   0.10000E+00    0.50249E-02   23.70         test_N_all
.3500E+00   100.000  0.187E+03   0.11840E+00   0.00000E+00   0.10000E+00    0.50249E-02   13.41         test_N_all
.3600E+00   100.000  0.179E+03   0.11249E+00   0.00000E+00   0.10000E+00    0.50249E-02    6.18         test_N_all
.3700E+00   100.000  0.171E+03   0.10673E+00   0.00000E+00   0.10000E+00    0.50249E-02    1.79         test_N_all
.3800E+00   100.000  0.164E+03   0.10111E+00   0.00000E+00   0.10000E+00    0.50249E-02    0.05         test_N_all
.3900E+00   100.000  0.157E+03   0.95655E-01   0.00000E+00   0.10000E+00    0.50249E-02   -0.75         test_N_all
.4000E+00   100.000  0.151E+03   0.90352E-01   0.00000E+00   0.10000E+00    0.17692E-02  -29.74         test_N_all
.4100E+00   100.000  0.145E+03   0.85209E-01   0.00000E+00   0.10000E+00    0.50249E-02   -8.66         test_N_all
.4200E+00   100.000  0.139E+03   0.80228E-01   0.00000E+00   0.10000E+00    0.50249E-02  -15.48         test_N_all
.4300E+00   100.000  0.133E+03   0.75413E-01   0.00000E+00   0.10000E+00    0.50249E-02  -23.94         test_N_all
.4400E+00   100.000  0.128E+03   0.70768E-01   0.00000E+00   0.10000E+00    0.50249E-02  -33.84         test_N_all
.4500E+00   100.000  0.123E+03   0.66291E-01   0.00000E+00   0.10000E+00    0.50249E-02  -45.00         test_N_all
.4600E+00   100.000  0.118E+03   0.61989E-01   0.00000E+00   0.10000E+00    0.50249E-02  -57.22         test_N_all
.4700E+00   100.000  0.114E+03   0.57860E-01   0.00000E+00   0.10000E+00    0.50249E-02  -70.33         test_N_all
.4800E+00   100.000  0.109E+03   0.53905E-01   0.00000E+00   0.10000E+00    0.50249E-02  -84.15         test_N_all
.4900E+00   100.000  0.105E+03   0.50127E-01   0.00000E+00   0.10000E+00    0.50249E-02  -98.51         test_N_all
.5000E+00   100.000  0.101E+03   0.46523E-01   0.00000E+00   0.10000E+00    0.17692E-02 -913.67         test_N_all
.5100E+00   100.000  0.970E+02   0.43094E-01   0.00000E+00   0.10000E+00    0.50249E-02 -128.25         test_N_all
.5200E+00   100.000  0.932E+02   0.39837E-01   0.00000E+00   0.10000E+00    0.50249E-02 -143.35         test_N_all
.5300E+00   100.000  0.896E+02   0.36750E-01   0.00000E+00   0.10000E+00    0.50249E-02 -158.44         test_N_all
.5400E+00   100.000  0.861E+02   0.33831E-01   0.00000E+00   0.10000E+00    0.50249E-02 -173.40         test_N_all
.5500E+00   100.000  0.827E+02   0.31077E-01   0.00000E+00   0.10000E+00    0.50249E-02 -188.13         test_N_all
.5600E+00   100.000  0.795E+02   0.28484E-01   0.00000E+00   0.10000E+00    0.50249E-02 -202.55         test_N_all
.5700E+00   100.000  0.763E+02   0.26049E-01   0.00000E+00   0.10000E+00    0.50249E-02 -216.58         test_N_all
.5800E+00   100.000  0.733E+02   0.23767E-01   0.00000E+00   0.10000E+00    0.50249E-02 -230.16         test_N_all
.5900E+00   100.000  0.704E+02   0.21633E-01   0.00000E+00   0.10000E+00    0.50249E-02 -243.22         test_N_all
.6000E+00   100.000  0.675E+02   0.19643E-01   0.00000E+00   0.10000E+00    0.17692E-02 *******         test_N_all
.6100E+00   100.000  0.648E+02   0.17791E-01   0.00000E+00   0.10000E+00    0.50249E-02 -267.66         test_N_all
.6200E+00   100.000  0.622E+02   0.16072E-01   0.00000E+00   0.10000E+00    0.50249E-02 -278.97         test_N_all
.6300E+00   100.000  0.596E+02   0.14480E-01   0.00000E+00   0.10000E+00    0.50249E-02 -289.65         test_N_all
.6400E+00   100.000  0.571E+02   0.13009E-01   0.00000E+00   0.10000E+00    0.50249E-02 -299.70         test_N_all
.6500E+00   100.000  0.547E+02   0.11654E-01   0.00000E+00   0.10000E+00    0.50249E-02 -309.11         test_N_all
.6600E+00   100.000  0.524E+02   0.10408E-01   0.00000E+00   0.10000E+00    0.50249E-02 -317.89         test_N_all
.6700E+00   100.000  0.501E+02   0.92670E-02   0.00000E+00   0.10000E+00    0.50249E-02 -326.04         test_N_all
.6800E+00   100.000  0.479E+02   0.82239E-02   0.00000E+00   0.10000E+00    0.50249E-02 -333.58         test_N_all
.6900E+00   100.000  0.458E+02   0.72726E-02   0.00000E+00   0.10000E+00    0.50249E-02 -340.53         test_N_all
.7000E+00   100.000  0.437E+02   0.64085E-02   0.00000E+00   0.10000E+00    0.17692E-02 *******         test_N_all
.7100E+00   100.000  0.417E+02   0.56251E-02   0.00000E+00   0.10000E+00    0.50249E-02 -352.74         test_N_all
.7200E+00   100.000  0.398E+02   0.49174E-02   0.00000E+00   0.10000E+00    0.50249E-02 -358.05         test_N_all
.7300E+00   100.000  0.379E+02   0.42807E-02   0.00000E+00   0.10000E+00    0.50249E-02 -362.86         test_N_all
.7400E+00   100.000  0.360E+02   0.37084E-02   0.00000E+00   0.10000E+00    0.50249E-02 -367.21         test_N_all
.7500E+00   100.000  0.342E+02   0.31973E-02   0.00000E+00   0.10000E+00    0.50249E-02 -371.12         test_N_all
.7600E+00   100.000  0.325E+02   0.27418E-02   0.00000E+00   0.10000E+00    0.50249E-02 -374.62         test_N_all
.7700E+00   100.000  0.308E+02   0.23374E-02   0.00000E+00   0.10000E+00    0.50249E-02 -377.74         test_N_all
.7800E+00   100.000  0.291E+02   0.19808E-02   0.00000E+00   0.10000E+00    0.50249E-02 -380.51         test_N_all
.7900E+00   100.000  0.275E+02   0.16663E-02   0.00000E+00   0.10000E+00    0.50249E-02 -382.95         test_N_all
.8000E+00   100.000  0.259E+02   0.13918E-02   0.00000E+00   0.10000E+00    0.17692E-02 *******         test_N_all
.8100E+00   100.000  0.243E+02   0.11527E-02   0.00000E+00   0.10000E+00    0.50249E-02 -386.96         test_N_all
.8200E+00   100.000  0.228E+02   0.94586E-03   0.00000E+00   0.10000E+00    0.50249E-02 -388.58         test_N_all
.8300E+00   100.000  0.214E+02   0.76879E-03   0.00000E+00   0.10000E+00    0.50249E-02 -389.97         test_N_all
.8400E+00   100.000  0.199E+02   0.61704E-03   0.00000E+00   0.10000E+00    0.50249E-02 -391.17         test_N_all
.8500E+00   100.000  0.185E+02   0.48912E-03   0.00000E+00   0.10000E+00    0.50249E-02 -392.17         test_N_all
.8600E+00   100.000  0.172E+02   0.38215E-03   0.00000E+00   0.10000E+00    0.50249E-02 -393.02         test_N_all
.8700E+00   100.000  0.158E+02   0.29327E-03   0.00000E+00   0.10000E+00    0.50249E-02 -393.72         test_N_all
.8800E+00   100.000  0.145E+02   0.22106E-03   0.00000E+00   0.10000E+00    0.50249E-02 -394.29         test_N_all
.8900E+00   100.000  0.132E+02   0.16253E-03   0.00000E+00   0.10000E+00    0.50249E-02 -394.75         test_N_all
.9000E+00   100.000  0.120E+02   0.11636E-03   0.00000E+00   0.10000E+00    0.17692E-02 *******         test_N_all
.9100E+00   100.000  0.108E+02   0.80801E-04   0.00000E+00   0.10000E+00    0.50249E-02 -395.40         test_N_all
.9200E+00   100.000  0.958E+01   0.53640E-04   0.00000E+00   0.10000E+00    0.50249E-02 -395.61         test_N_all
.9300E+00   100.000  0.841E+01   0.34107E-04   0.00000E+00   0.10000E+00    0.50249E-02 -395.77         test_N_all
.9400E+00   100.000  0.726E+01   0.20180E-04   0.00000E+00   0.10000E+00    0.50249E-02 -395.88         test_N_all
.9500E+00   100.000  0.614E+01   0.10914E-04   0.00000E+00   0.10000E+00    0.50249E-02 -395.95         test_N_all
.9600E+00   100.000  0.505E+01   0.54226E-05   0.00000E+00   0.10000E+00    0.50249E-02 -396.00         test_N_all
.9700E+00   100.000  0.397E+01   0.20666E-05   0.00000E+00   0.10000E+00    0.50249E-02 -396.02         test_N_all
.9800E+00   100.000  0.292E+01   0.67101E-06   0.00000E+00   0.10000E+00    0.50249E-02 -396.03         test_N_all
.9900E+00   100.000  0.189E+01   0.49884E-06   0.00000E+00   0.10000E+00    0.50249E-02 -396.04         test_N_all
.1000E+01   100.000  0.882E+00   0.67909E-06   0.00000E+00   0.10000E+00    0.50249E-02 -396.03         test_N_all



 CHI SQUARE=******** FOR  582 POINTS   CHISQ/NPTS=  689.66
 Signed chisquare total =********
 Modified residual =********


Summary normalization chi2 contributions

 data set     normalization        error         chisq


Summary chi2 per data set

 data set      chisq    _w     signd    _w     resid     _w   npts   chisq/pts  _w
test_N_all  401379.6        122141.0        ********           582  689.66
------------------------------------------------------------------------------------
TOTAL       401379.6401379.6122141.0     0.0****************   582  689.66  689.66
TOTAL+norm  401379.6401379.6                                   582  689.66  689.66



            Momentum Sum Rule Check


      q2      alphas      xuv       xdv       xub       xdb       xsb       xcb       xbb      xglue     total
      1.69    0.3845    0.3219    0.1372    0.0551    0.0702    0.0251    0.0000    0.0000    0.3908    1.0002
    100.00    0.1784    0.2268    0.0967    0.0646    0.0752    0.0435    0.0258    0.0087    0.4559    0.9972
   1000.00    0.1407    0.0000    0.0000    0.0000    0.0000    0.0000    0.0000    0.0000    0.0000    0.0000
   8315.00    0.1180    0.0000    0.0000    0.0000    0.0000    0.0000    0.0000    0.0000    0.0000    0.0000


 Vector Boson Cross Sections

 sqrt(s)   sigma(W)    error    theory

   1960.     2.865     0.063       0.000     D0

   1960.     2.749     0.054       0.000     CDF

   7000.     9.95      0.29        0.000     CMS

   7000.     9.96      0.55        0.000     ATLAS

 sqrt(s)   sigma(Z)    error    theory

   1960.     .2649     .0094       0.000     D0

   1960.     .2549     .0057       0.000     CDF

   7000.     .931      0.035       0.000     CMS

   7000.     .82       0.08        0.000     ATLAS


