 Correlated errors added in quadrature with statistical errors
 test_P     DIS data with   1.69< Q2 < 0.500D+03 and 0.000 < xB < 1.000 and   0.00< W2 < 0.100D+05 and 0.000 < y < 1.000
   No TMC applied
   no HT corrections

# fitpack15: fit output
# CJ15 AV18 final data choices                                                 

Parametrization   7 used here

 S-ACOT scheme used  for NC DIS

 charm mass =     1.30 GeV     bottom mass =     4.50 GeV



 THIS IS A NEXT TO LEADING ORDER FIT

 Q02=    1.69
         1  LAMBDA      VALUE=   0.22680      WEIGHT=    0.0000    
         2  a0uv        VALUE=    2.4067      WEIGHT=    0.0000    
         3  a1uv        VALUE=   0.61537      WEIGHT=   0.19856E-01
         4  a2uv        VALUE=    3.5433      WEIGHT=   0.12414E-01
         5  a3uv        VALUE=    0.0000      WEIGHT=    0.0000    
         6  a4uv        VALUE=    3.4609      WEIGHT=   0.42903    
         7  a5uv        VALUE=    0.0000      WEIGHT=    0.0000    
         8  a0dv        VALUE=    24.684      WEIGHT=    0.0000    
         9  a1dv        VALUE=    1.1595      WEIGHT=   0.33533E-01
        10  a2dv        VALUE=    6.5514      WEIGHT=   0.15936    
        11  a3dv        VALUE=   -3.5030      WEIGHT=   0.86332E-01
        12  a4dv        VALUE=    4.6787      WEIGHT=   0.14209    
        13  a5dv        VALUE=    0.0000      WEIGHT=    0.0000    
        14  a0ud        VALUE=   0.14658      WEIGHT=   0.50348E-02
        15  a1ud        VALUE=  -0.20775      WEIGHT=   0.37551E-02
        16  a2ud        VALUE=    8.3286      WEIGHT=   0.19114    
        17  a3ud        VALUE=    0.0000      WEIGHT=    0.0000    
        18  a4ud        VALUE=    14.606      WEIGHT=    1.2151    
        19  a5ud        VALUE=    0.0000      WEIGHT=    0.0000    
        20  a0du        VALUE=    35712.      WEIGHT=    0.0000    
        21  a1du        VALUE=    4.0249      WEIGHT=   0.74070E-01
        22  a2du        VALUE=    20.154      WEIGHT=   0.87862    
        23  a3du        VALUE=    17.000      WEIGHT=    0.0000    
        24  a4du        VALUE=    51.156      WEIGHT=    10.239    
        25  a0g         VALUE=    45.541      WEIGHT=    0.0000    
        26  a1g         VALUE=   0.60307      WEIGHT=   0.31164E-01
        27  a2g         VALUE=    6.4812      WEIGHT=   0.96748    
        28  a3g         VALUE=   -3.3064      WEIGHT=   0.13418    
        29  a4g         VALUE=    3.1721      WEIGHT=   0.31376    
        30  a5g         VALUE=    0.0000      WEIGHT=    0.0000    
        31  kappa       VALUE=   0.40000      WEIGHT=    0.0000    
        32  a6dv        VALUE=  -0.36005E-02  WEIGHT=   0.66324E-03
        33  a7dv        VALUE=    2.0000      WEIGHT=    0.0000    
        34  off1        VALUE=   -3.6735      WEIGHT=    1.5278    
        35  off2        VALUE=   0.57717E-01  WEIGHT=   0.14842E-01
        36  ht1         VALUE=   -3.2874      WEIGHT=   0.26061    
        37  ht2         VALUE=    1.9274      WEIGHT=   0.10524    
        38  ht3         VALUE=   -2.0701      WEIGHT=   0.19888E-01
        39  ht4         VALUE=    0.0000      WEIGHT=    0.0000    
        40  dummy40     VALUE=    0.0000      WEIGHT=    0.0000    
        41  dummy41     VALUE=    0.0000      WEIGHT=    0.0000    
        42  dummy42     VALUE=    0.0000      WEIGHT=    0.0000    
        43  dummy43     VALUE=    0.0000      WEIGHT=    0.0000    
        44  dummy44     VALUE=    0.0000      WEIGHT=    0.0000    
        45  dummy45     VALUE=    0.0000      WEIGHT=    0.0000    
        46  dummy46     VALUE=    0.0000      WEIGHT=    0.0000    
        47  dummy47     VALUE=    0.0000      WEIGHT=    0.0000    
        48  dummy48     VALUE=    0.0000      WEIGHT=    0.0000    
        49  dummy49     VALUE=    0.0000      WEIGHT=    0.0000    
        50  bcdmsh2     VALUE=   0.97307      WEIGHT=   0.48289E-02
        51  bcdmsd2     VALUE=   0.99317      WEIGHT=   0.58269E-02
        52  ccfr        VALUE=    1.0000      WEIGHT=    0.0000    
        53  nutev       VALUE=    1.0000      WEIGHT=    0.0000    
        54  zeus        VALUE=   0.97998      WEIGHT=    0.0000    
        55  h1          VALUE=    1.0162      WEIGHT=    0.0000    
        56  e605        VALUE=    1.0319      WEIGHT=    0.0000    
        57  NmcH2       VALUE=    1.0095      WEIGHT=   0.71247E-02
        58  ntv_nu      VALUE=    1.0000      WEIGHT=    0.0000    
        59  ntv_nubar   VALUE=    1.0000      WEIGHT=    0.0000    
        60  cdf_jet     VALUE=   0.98910      WEIGHT=    0.0000    
        61  d0_jet      VALUE=   0.83504      WEIGHT=    0.0000    
        62  slac_p      VALUE=    1.0049      WEIGHT=   0.48124E-02
        63  slac_d      VALUE=    1.0042      WEIGHT=   0.52781E-02
        64  e866pp      VALUE=   0.96586      WEIGHT=   0.19263E-01
        65  e866pd      VALUE=   0.96369      WEIGHT=   0.15783E-01
        66  d0_gamjet   VALUE=    1.0389      WEIGHT=   0.16474E-01
        67  h1b         VALUE=   0.97608      WEIGHT=    0.0000    
        68  jlab_p      VALUE=   0.99446      WEIGHT=   0.57943E-02
        69  jlab_d      VALUE=   0.97557      WEIGHT=   0.59019E-02
        70  blank       VALUE=    1.0000      WEIGHT=    0.0000    
        71  d0run2      VALUE=   0.94087      WEIGHT=   0.14167E-01
        72  cdfrun2     VALUE=   0.92649      WEIGHT=   0.17233E-01
        73  HERA_el     VALUE=    1.0000      WEIGHT=    0.0000    
        74  HERA_ps     VALUE=    1.0000      WEIGHT=    0.0000    
        75  CDF_Z       VALUE=   0.96581      WEIGHT=   0.64944E-02
        76  NmcRat      VALUE=    1.0000      WEIGHT=    0.0000    
        77  BNS_F2nd    VALUE=   0.98310      WEIGHT=   0.68314E-02
        78  HERMES_F2p  VALUE=   0.99832      WEIGHT=   0.55693E-02
        79  HERMES_F2d  VALUE=   0.98039      WEIGHT=   0.58259E-02
0THE TOLERANCE IS    0.1000
 THE MAXIMUM NUMBER OF STEPS IS 100
0THE INITIAL CHI SQUARED IS  5.26922E+05



     X        Q2         W2       THEORY        error         DATA           ERROR        chi^2     _w    ITYPE
.1000E+00     2.000  0.189E+02   0.35513E+00   0.00000E+00   0.10000E+00    0.50249E-02 2577.81         test_P    
.1100E+00     2.000  0.171E+02   0.35685E+00   0.00000E+00   0.10000E+00    0.50249E-02 2612.80         test_P    
.1200E+00     2.000  0.155E+02   0.35815E+00   0.00000E+00   0.10000E+00    0.50249E-02 2639.22         test_P    
.1300E+00     2.000  0.143E+02   0.35911E+00   0.00000E+00   0.10000E+00    0.50249E-02 2658.92         test_P    
.1400E+00     2.000  0.132E+02   0.35988E+00   0.00000E+00   0.10000E+00    0.50249E-02 2674.84         test_P    
.1500E+00     2.000  0.122E+02   0.36035E+00   0.00000E+00   0.10000E+00    0.50249E-02 2684.51         test_P    
.1600E+00     2.000  0.114E+02   0.36060E+00   0.00000E+00   0.10000E+00    0.50249E-02 2689.63         test_P    
.1700E+00     2.000  0.106E+02   0.36058E+00   0.00000E+00   0.10000E+00    0.50249E-02 2689.19         test_P    
.1800E+00     2.000  0.999E+01   0.36028E+00   0.00000E+00   0.10000E+00    0.50249E-02 2682.99         test_P    
.1900E+00     2.000  0.941E+01   0.35969E+00   0.00000E+00   0.10000E+00    0.50249E-02 2670.80         test_P    
.2000E+00     2.000  0.888E+01   0.35880E+00   0.00000E+00   0.10000E+00    0.50249E-02 2652.65         test_P    
.2100E+00     2.000  0.841E+01   0.35758E+00   0.00000E+00   0.10000E+00    0.50249E-02 2627.70         test_P    
.2200E+00     2.000  0.797E+01   0.35604E+00   0.00000E+00   0.10000E+00    0.50249E-02 2596.34         test_P    
.2300E+00     2.000  0.758E+01   0.35416E+00   0.00000E+00   0.10000E+00    0.50249E-02 2558.39         test_P    
.2400E+00     2.000  0.722E+01   0.35193E+00   0.00000E+00   0.10000E+00    0.50249E-02 2513.57         test_P    
.2500E+00     2.000  0.688E+01   0.34935E+00   0.00000E+00   0.10000E+00    0.50249E-02 2462.43         test_P    
.2600E+00     2.000  0.657E+01   0.34640E+00   0.00000E+00   0.10000E+00    0.50249E-02 2404.56         test_P    
.2700E+00     2.000  0.629E+01   0.34311E+00   0.00000E+00   0.10000E+00    0.50249E-02 2340.65         test_P    
.2800E+00     2.000  0.602E+01   0.33946E+00   0.00000E+00   0.10000E+00    0.50249E-02 2270.98         test_P    
.2900E+00     2.000  0.578E+01   0.33547E+00   0.00000E+00   0.10000E+00    0.50249E-02 2195.82         test_P    
.3000E+00     2.000  0.555E+01   0.33114E+00   0.00000E+00   0.10000E+00    0.18868E-02 *******         test_P    
.3100E+00     2.000  0.533E+01   0.32649E+00   0.00000E+00   0.10000E+00    0.50249E-02 2031.53         test_P    
.3200E+00     2.000  0.513E+01   0.32152E+00   0.00000E+00   0.10000E+00    0.50249E-02 1943.47         test_P    
.3300E+00     2.000  0.494E+01   0.31627E+00   0.00000E+00   0.10000E+00    0.50249E-02 1852.32         test_P    
.3400E+00     2.000  0.476E+01   0.31073E+00   0.00000E+00   0.10000E+00    0.50249E-02 1758.73         test_P    
.3500E+00     2.000  0.460E+01   0.30493E+00   0.00000E+00   0.10000E+00    0.50249E-02 1663.26         test_P    
.3600E+00     2.000  0.444E+01   0.29889E+00   0.00000E+00   0.10000E+00    0.50249E-02 1566.69         test_P    
.3700E+00     2.000  0.429E+01   0.29263E+00   0.00000E+00   0.10000E+00    0.50249E-02 1469.51         test_P    
.3800E+00     2.000  0.414E+01   0.28615E+00   0.00000E+00   0.10000E+00    0.50249E-02 1372.32         test_P    
.3900E+00     2.000  0.401E+01   0.27948E+00   0.00000E+00   0.10000E+00    0.50249E-02 1275.75         test_P    
.4000E+00     2.000  0.388E+01   0.27263E+00   0.00000E+00   0.10000E+00    0.17692E-02 9520.92         test_P    
.4100E+00     2.000  0.376E+01   0.26562E+00   0.00000E+00   0.10000E+00    0.50249E-02 1086.37         test_P    
.4200E+00     2.000  0.364E+01   0.25847E+00   0.00000E+00   0.10000E+00    0.50249E-02  994.57         test_P    
.4300E+00     2.000  0.353E+01   0.25119E+00   0.00000E+00   0.10000E+00    0.50249E-02  905.26         test_P    
.4400E+00     2.000  0.343E+01   0.24379E+00   0.00000E+00   0.10000E+00    0.50249E-02  818.88         test_P    
.4500E+00     2.000  0.333E+01   0.23630E+00   0.00000E+00   0.10000E+00    0.50249E-02  735.74         test_P    
.4600E+00     2.000  0.323E+01   0.22873E+00   0.00000E+00   0.10000E+00    0.50249E-02  656.25         test_P    
.4700E+00     2.000  0.314E+01   0.22108E+00   0.00000E+00   0.10000E+00    0.50249E-02  580.65         test_P    
.4800E+00     2.000  0.305E+01   0.21339E+00   0.00000E+00   0.10000E+00    0.50249E-02  509.19         test_P    
.4900E+00     2.000  0.296E+01   0.20566E+00   0.00000E+00   0.10000E+00    0.50249E-02  442.15         test_P    
.5000E+00     2.000  0.288E+01   0.19791E+00   0.00000E+00   0.10000E+00    0.17692E-02 3062.57         test_P    
.5100E+00     2.000  0.280E+01   0.19015E+00   0.00000E+00   0.10000E+00    0.50249E-02  321.89         test_P    
.5200E+00     2.000  0.273E+01   0.18241E+00   0.00000E+00   0.10000E+00    0.50249E-02  268.95         test_P    
.5300E+00     2.000  0.266E+01   0.17468E+00   0.00000E+00   0.10000E+00    0.50249E-02  220.90         test_P    
.5400E+00     2.000  0.259E+01   0.16700E+00   0.00000E+00   0.10000E+00    0.50249E-02  177.80         test_P    
.5500E+00     2.000  0.252E+01   0.15937E+00   0.00000E+00   0.10000E+00    0.50249E-02  139.61         test_P    
.5600E+00     2.000  0.245E+01   0.15182E+00   0.00000E+00   0.10000E+00    0.50249E-02  106.33         test_P    
.5700E+00     2.000  0.239E+01   0.14434E+00   0.00000E+00   0.10000E+00    0.50249E-02   77.86         test_P    
.5800E+00     2.000  0.233E+01   0.13696E+00   0.00000E+00   0.10000E+00    0.50249E-02   54.10         test_P    
.5900E+00     2.000  0.227E+01   0.12969E+00   0.00000E+00   0.10000E+00    0.50249E-02   34.91         test_P    
.6000E+00     2.000  0.222E+01   0.12254E+00   0.00000E+00   0.10000E+00    0.17692E-02  162.32         test_P    
.6100E+00     2.000  0.216E+01   0.11553E+00   0.00000E+00   0.10000E+00    0.50249E-02    9.55         test_P    
.6200E+00     2.000  0.211E+01   0.10867E+00   0.00000E+00   0.10000E+00    0.50249E-02    2.98         test_P    
.6300E+00     2.000  0.206E+01   0.10196E+00   0.00000E+00   0.10000E+00    0.50249E-02    0.15         test_P    
.6400E+00     2.000  0.201E+01   0.95426E-01   0.00000E+00   0.10000E+00    0.50249E-02   -0.83         test_P    
.6500E+00     2.000  0.196E+01   0.89066E-01   0.00000E+00   0.10000E+00    0.50249E-02   -4.73         test_P    
.6600E+00     2.000  0.191E+01   0.82901E-01   0.00000E+00   0.10000E+00    0.50249E-02  -11.58         test_P    
.6700E+00     2.000  0.187E+01   0.76930E-01   0.00000E+00   0.10000E+00    0.50249E-02  -21.08         test_P    
.6800E+00     2.000  0.182E+01   0.71164E-01   0.00000E+00   0.10000E+00    0.50249E-02  -32.93         test_P    
.6900E+00     2.000  0.178E+01   0.65614E-01   0.00000E+00   0.10000E+00    0.50249E-02  -46.83         test_P    
.7000E+00     2.000  0.174E+01   0.60279E-01   0.00000E+00   0.10000E+00    0.17692E-02 -504.07         test_P    
.7100E+00     2.000  0.170E+01   0.55175E-01   0.00000E+00   0.10000E+00    0.50249E-02  -79.58         test_P    
.7200E+00     2.000  0.166E+01   0.50298E-01   0.00000E+00   0.10000E+00    0.50249E-02  -97.83         test_P    
.7300E+00     2.000  0.162E+01   0.45656E-01   0.00000E+00   0.10000E+00    0.50249E-02 -116.96         test_P    
.7400E+00     2.000  0.158E+01   0.41254E-01   0.00000E+00   0.10000E+00    0.50249E-02 -136.68         test_P    
.7500E+00     2.000  0.155E+01   0.37089E-01   0.00000E+00   0.10000E+00    0.50249E-02 -156.75         test_P    
.7600E+00     2.000  0.151E+01   0.33170E-01   0.00000E+00   0.10000E+00    0.50249E-02 -176.88         test_P    
.7700E+00     2.000  0.148E+01   0.29493E-01   0.00000E+00   0.10000E+00    0.50249E-02 -196.88         test_P    
.7800E+00     2.000  0.145E+01   0.26058E-01   0.00000E+00   0.10000E+00    0.50249E-02 -216.53         test_P    
.7900E+00     2.000  0.141E+01   0.22868E-01   0.00000E+00   0.10000E+00    0.50249E-02 -235.62         test_P    
.8000E+00     2.000  0.138E+01   0.19913E-01   0.00000E+00   0.10000E+00    0.17692E-02 *******         test_P    
.8100E+00     2.000  0.135E+01   0.17201E-01   0.00000E+00   0.10000E+00    0.50249E-02 -271.51         test_P    
.8200E+00     2.000  0.132E+01   0.14722E-01   0.00000E+00   0.10000E+00    0.50249E-02 -288.01         test_P    
.8300E+00     2.000  0.129E+01   0.12471E-01   0.00000E+00   0.10000E+00    0.50249E-02 -303.42         test_P    
.8400E+00     2.000  0.126E+01   0.10445E-01   0.00000E+00   0.10000E+00    0.50249E-02 -317.62         test_P    
.8500E+00     2.000  0.123E+01   0.86347E-02   0.00000E+00   0.10000E+00    0.50249E-02 -330.60         test_P    
.8600E+00     2.000  0.121E+01   0.70350E-02   0.00000E+00   0.10000E+00    0.50249E-02 -342.28         test_P    
.8700E+00     2.000  0.118E+01   0.56351E-02   0.00000E+00   0.10000E+00    0.50249E-02 -352.66         test_P    
.8800E+00     2.000  0.115E+01   0.44259E-02   0.00000E+00   0.10000E+00    0.50249E-02 -361.76         test_P    
.8900E+00     2.000  0.113E+01   0.33973E-02   0.00000E+00   0.10000E+00    0.50249E-02 -369.59         test_P    
.9000E+00     2.000  0.110E+01   0.25372E-02   0.00000E+00   0.10000E+00    0.17692E-02 *******         test_P    
.9100E+00     2.000  0.108E+01   0.18324E-02   0.00000E+00   0.10000E+00    0.50249E-02 -381.66         test_P    
.9200E+00     2.000  0.106E+01   0.12704E-02   0.00000E+00   0.10000E+00    0.50249E-02 -386.04         test_P    
.9300E+00     2.000  0.103E+01   0.83589E-03   0.00000E+00   0.10000E+00    0.50249E-02 -389.45         test_P    
.9400E+00     2.000  0.101E+01   0.51259E-03   0.00000E+00   0.10000E+00    0.50249E-02 -391.99         test_P    
.9500E+00     2.000  0.987E+00   0.28856E-03   0.00000E+00   0.10000E+00    0.50249E-02 -393.76         test_P    
.9600E+00     2.000  0.965E+00   0.13785E-03   0.00000E+00   0.10000E+00    0.50249E-02 -394.95         test_P    
.9700E+00     2.000  0.944E+00   0.51846E-04   0.00000E+00   0.10000E+00    0.50249E-02 -395.63         test_P    
.9800E+00     2.000  0.923E+00   0.14762E-04   0.00000E+00   0.10000E+00    0.50249E-02 -395.92         test_P    
.9900E+00     2.000  0.902E+00   0.73784E-05   0.00000E+00   0.10000E+00    0.50249E-02 -395.98         test_P    
.1000E+01     2.000  0.882E+00   0.00000E+00   0.00000E+00   0.10000E+00    0.50249E-02 -396.04         test_P    
.1000E+00     5.000  0.459E+02   0.37501E+00   0.00000E+00   0.10000E+00    0.50249E-02 2995.21         test_P    
.1100E+00     5.000  0.413E+02   0.37287E+00   0.00000E+00   0.10000E+00    0.50249E-02 2948.86         test_P    
.1200E+00     5.000  0.375E+02   0.37073E+00   0.00000E+00   0.10000E+00    0.50249E-02 2902.84         test_P    
.1300E+00     5.000  0.343E+02   0.36854E+00   0.00000E+00   0.10000E+00    0.50249E-02 2855.89         test_P    
.1400E+00     5.000  0.316E+02   0.36628E+00   0.00000E+00   0.10000E+00    0.50249E-02 2808.09         test_P    
.1500E+00     5.000  0.292E+02   0.36393E+00   0.00000E+00   0.10000E+00    0.50249E-02 2758.78         test_P    
.1600E+00     5.000  0.271E+02   0.36143E+00   0.00000E+00   0.10000E+00    0.50249E-02 2706.70         test_P    
.1700E+00     5.000  0.253E+02   0.35877E+00   0.00000E+00   0.10000E+00    0.50249E-02 2651.99         test_P    
.1800E+00     5.000  0.237E+02   0.35593E+00   0.00000E+00   0.10000E+00    0.50249E-02 2594.00         test_P    
.1900E+00     5.000  0.222E+02   0.35285E+00   0.00000E+00   0.10000E+00    0.50249E-02 2531.97         test_P    
.2000E+00     5.000  0.209E+02   0.34955E+00   0.00000E+00   0.10000E+00    0.50249E-02 2466.41         test_P    
.2100E+00     5.000  0.197E+02   0.34597E+00   0.00000E+00   0.10000E+00    0.50249E-02 2396.10         test_P    
.2200E+00     5.000  0.186E+02   0.34213E+00   0.00000E+00   0.10000E+00    0.50249E-02 2321.94         test_P    
.2300E+00     5.000  0.176E+02   0.33803E+00   0.00000E+00   0.10000E+00    0.50249E-02 2243.85         test_P    
.2400E+00     5.000  0.167E+02   0.33363E+00   0.00000E+00   0.10000E+00    0.50249E-02 2161.64         test_P    
.2500E+00     5.000  0.159E+02   0.32895E+00   0.00000E+00   0.10000E+00    0.50249E-02 2076.03         test_P    
.2600E+00     5.000  0.151E+02   0.32399E+00   0.00000E+00   0.10000E+00    0.50249E-02 1986.91         test_P    
.2700E+00     5.000  0.144E+02   0.31875E+00   0.00000E+00   0.10000E+00    0.50249E-02 1895.05         test_P    
.2800E+00     5.000  0.137E+02   0.31324E+00   0.00000E+00   0.10000E+00    0.50249E-02 1800.90         test_P    
.2900E+00     5.000  0.131E+02   0.30748E+00   0.00000E+00   0.10000E+00    0.50249E-02 1704.89         test_P    
.3000E+00     5.000  0.125E+02   0.30148E+00   0.00000E+00   0.10000E+00    0.18868E-02 *******         test_P    
.3100E+00     5.000  0.120E+02   0.29526E+00   0.00000E+00   0.10000E+00    0.50249E-02 1509.89         test_P    
.3200E+00     5.000  0.115E+02   0.28882E+00   0.00000E+00   0.10000E+00    0.50249E-02 1412.02         test_P    
.3300E+00     5.000  0.110E+02   0.28220E+00   0.00000E+00   0.10000E+00    0.50249E-02 1314.67         test_P    
.3400E+00     5.000  0.106E+02   0.27540E+00   0.00000E+00   0.10000E+00    0.50249E-02 1218.43         test_P    
.3500E+00     5.000  0.102E+02   0.26845E+00   0.00000E+00   0.10000E+00    0.50249E-02 1123.74         test_P    
.3600E+00     5.000  0.977E+01   0.26136E+00   0.00000E+00   0.10000E+00    0.50249E-02 1031.20         test_P    
.3700E+00     5.000  0.940E+01   0.25416E+00   0.00000E+00   0.10000E+00    0.50249E-02  941.17         test_P    
.3800E+00     5.000  0.904E+01   0.24685E+00   0.00000E+00   0.10000E+00    0.50249E-02  854.07         test_P    
.3900E+00     5.000  0.870E+01   0.23946E+00   0.00000E+00   0.10000E+00    0.50249E-02  770.30         test_P    
.4000E+00     5.000  0.838E+01   0.23200E+00   0.00000E+00   0.10000E+00    0.17692E-02 5567.19         test_P    
.4100E+00     5.000  0.808E+01   0.22450E+00   0.00000E+00   0.10000E+00    0.50249E-02  613.87         test_P    
.4200E+00     5.000  0.779E+01   0.21696E+00   0.00000E+00   0.10000E+00    0.50249E-02  541.74         test_P    
.4300E+00     5.000  0.751E+01   0.20939E+00   0.00000E+00   0.10000E+00    0.50249E-02  473.92         test_P    
.4400E+00     5.000  0.725E+01   0.20182E+00   0.00000E+00   0.10000E+00    0.50249E-02  410.61         test_P    
.4500E+00     5.000  0.699E+01   0.19426E+00   0.00000E+00   0.10000E+00    0.50249E-02  351.86         test_P    
.4600E+00     5.000  0.675E+01   0.18672E+00   0.00000E+00   0.10000E+00    0.50249E-02  297.83         test_P    
.4700E+00     5.000  0.652E+01   0.17921E+00   0.00000E+00   0.10000E+00    0.50249E-02  248.51         test_P    
.4800E+00     5.000  0.630E+01   0.17176E+00   0.00000E+00   0.10000E+00    0.50249E-02  203.92         test_P    
.4900E+00     5.000  0.609E+01   0.16436E+00   0.00000E+00   0.10000E+00    0.50249E-02  164.05         test_P    
.5000E+00     5.000  0.588E+01   0.15704E+00   0.00000E+00   0.10000E+00    0.17692E-02 1039.32         test_P    
.5100E+00     5.000  0.569E+01   0.14980E+00   0.00000E+00   0.10000E+00    0.50249E-02   98.22         test_P    
.5200E+00     5.000  0.550E+01   0.14266E+00   0.00000E+00   0.10000E+00    0.50249E-02   72.08         test_P    
.5300E+00     5.000  0.532E+01   0.13563E+00   0.00000E+00   0.10000E+00    0.50249E-02   50.27         test_P    
.5400E+00     5.000  0.514E+01   0.12872E+00   0.00000E+00   0.10000E+00    0.50249E-02   32.66         test_P    
.5500E+00     5.000  0.497E+01   0.12193E+00   0.00000E+00   0.10000E+00    0.50249E-02   19.05         test_P    
.5600E+00     5.000  0.481E+01   0.11529E+00   0.00000E+00   0.10000E+00    0.50249E-02    9.25         test_P    
.5700E+00     5.000  0.465E+01   0.10879E+00   0.00000E+00   0.10000E+00    0.50249E-02    3.06         test_P    
.5800E+00     5.000  0.450E+01   0.10245E+00   0.00000E+00   0.10000E+00    0.50249E-02    0.24         test_P    
.5900E+00     5.000  0.436E+01   0.96271E-01   0.00000E+00   0.10000E+00    0.50249E-02   -0.55         test_P    
.6000E+00     5.000  0.422E+01   0.90264E-01   0.00000E+00   0.10000E+00    0.17692E-02  -30.28         test_P    
.6100E+00     5.000  0.408E+01   0.84440E-01   0.00000E+00   0.10000E+00    0.50249E-02   -9.59         test_P    
.6200E+00     5.000  0.395E+01   0.78799E-01   0.00000E+00   0.10000E+00    0.50249E-02  -17.80         test_P    
.6300E+00     5.000  0.382E+01   0.73349E-01   0.00000E+00   0.10000E+00    0.50249E-02  -28.13         test_P    
.6400E+00     5.000  0.369E+01   0.68095E-01   0.00000E+00   0.10000E+00    0.50249E-02  -40.31         test_P    
.6500E+00     5.000  0.357E+01   0.63039E-01   0.00000E+00   0.10000E+00    0.50249E-02  -54.10         test_P    
.6600E+00     5.000  0.346E+01   0.58189E-01   0.00000E+00   0.10000E+00    0.50249E-02  -69.23         test_P    
.6700E+00     5.000  0.334E+01   0.53545E-01   0.00000E+00   0.10000E+00    0.50249E-02  -85.47         test_P    
.6800E+00     5.000  0.323E+01   0.49110E-01   0.00000E+00   0.10000E+00    0.50249E-02 -102.57         test_P    
.6900E+00     5.000  0.313E+01   0.44886E-01   0.00000E+00   0.10000E+00    0.50249E-02 -120.30         test_P    
.7000E+00     5.000  0.302E+01   0.40873E-01   0.00000E+00   0.10000E+00    0.17692E-02 *******         test_P    
.7100E+00     5.000  0.292E+01   0.37075E-01   0.00000E+00   0.10000E+00    0.50249E-02 -156.82         test_P    
.7200E+00     5.000  0.283E+01   0.33487E-01   0.00000E+00   0.10000E+00    0.50249E-02 -175.21         test_P    
.7300E+00     5.000  0.273E+01   0.30111E-01   0.00000E+00   0.10000E+00    0.50249E-02 -193.44         test_P    
.7400E+00     5.000  0.264E+01   0.26946E-01   0.00000E+00   0.10000E+00    0.50249E-02 -211.36         test_P    
.7500E+00     5.000  0.255E+01   0.23987E-01   0.00000E+00   0.10000E+00    0.50249E-02 -228.83         test_P    
.7600E+00     5.000  0.246E+01   0.21236E-01   0.00000E+00   0.10000E+00    0.50249E-02 -245.69         test_P    
.7700E+00     5.000  0.238E+01   0.18686E-01   0.00000E+00   0.10000E+00    0.50249E-02 -261.86         test_P    
.7800E+00     5.000  0.229E+01   0.16333E-01   0.00000E+00   0.10000E+00    0.50249E-02 -277.23         test_P    
.7900E+00     5.000  0.221E+01   0.14175E-01   0.00000E+00   0.10000E+00    0.50249E-02 -291.72         test_P    
.8000E+00     5.000  0.213E+01   0.12203E-01   0.00000E+00   0.10000E+00    0.17692E-02 *******         test_P    
.8100E+00     5.000  0.205E+01   0.10416E-01   0.00000E+00   0.10000E+00    0.50249E-02 -317.83         test_P    
.8200E+00     5.000  0.198E+01   0.88054E-02   0.00000E+00   0.10000E+00    0.50249E-02 -329.36         test_P    
.8300E+00     5.000  0.191E+01   0.73639E-02   0.00000E+00   0.10000E+00    0.50249E-02 -339.86         test_P    
.8400E+00     5.000  0.183E+01   0.60849E-02   0.00000E+00   0.10000E+00    0.50249E-02 -349.31         test_P    
.8500E+00     5.000  0.176E+01   0.49599E-02   0.00000E+00   0.10000E+00    0.50249E-02 -357.73         test_P    
.8600E+00     5.000  0.170E+01   0.39809E-02   0.00000E+00   0.10000E+00    0.50249E-02 -365.14         test_P    
.8700E+00     5.000  0.163E+01   0.31389E-02   0.00000E+00   0.10000E+00    0.50249E-02 -371.57         test_P    
.8800E+00     5.000  0.156E+01   0.24244E-02   0.00000E+00   0.10000E+00    0.50249E-02 -377.07         test_P    
.8900E+00     5.000  0.150E+01   0.18275E-02   0.00000E+00   0.10000E+00    0.50249E-02 -381.70         test_P    
.9000E+00     5.000  0.144E+01   0.13392E-02   0.00000E+00   0.10000E+00    0.17692E-02 *******         test_P    
.9100E+00     5.000  0.138E+01   0.94640E-03   0.00000E+00   0.10000E+00    0.50249E-02 -388.58         test_P    
.9200E+00     5.000  0.132E+01   0.64096E-03   0.00000E+00   0.10000E+00    0.50249E-02 -390.98         test_P    
.9300E+00     5.000  0.126E+01   0.41091E-03   0.00000E+00   0.10000E+00    0.50249E-02 -392.79         test_P    
.9400E+00     5.000  0.120E+01   0.24397E-03   0.00000E+00   0.10000E+00    0.50249E-02 -394.11         test_P    
.9500E+00     5.000  0.114E+01   0.13312E-03   0.00000E+00   0.10000E+00    0.50249E-02 -394.99         test_P    
.9600E+00     5.000  0.109E+01   0.60225E-04   0.00000E+00   0.10000E+00    0.50249E-02 -395.56         test_P    
.9700E+00     5.000  0.104E+01   0.21181E-04   0.00000E+00   0.10000E+00    0.50249E-02 -395.87         test_P    
.9800E+00     5.000  0.984E+00   0.66658E-05   0.00000E+00   0.10000E+00    0.50249E-02 -395.99         test_P    
.9900E+00     5.000  0.932E+00   0.54538E-05   0.00000E+00   0.10000E+00    0.50249E-02 -396.00         test_P    
.1000E+01     5.000  0.882E+00   0.00000E+00   0.00000E+00   0.10000E+00    0.50249E-02 -396.04         test_P    
.1000E+00    10.000  0.909E+02   0.38398E+00   0.00000E+00   0.10000E+00    0.50249E-02 3193.83         test_P    
.1100E+00    10.000  0.818E+02   0.37929E+00   0.00000E+00   0.10000E+00    0.50249E-02 3089.25         test_P    
.1200E+00    10.000  0.742E+02   0.37496E+00   0.00000E+00   0.10000E+00    0.50249E-02 2994.21         test_P    
.1300E+00    10.000  0.678E+02   0.37079E+00   0.00000E+00   0.10000E+00    0.50249E-02 2903.96         test_P    
.1400E+00    10.000  0.623E+02   0.36668E+00   0.00000E+00   0.10000E+00    0.50249E-02 2816.47         test_P    
.1500E+00    10.000  0.575E+02   0.36262E+00   0.00000E+00   0.10000E+00    0.50249E-02 2731.56         test_P    
.1600E+00    10.000  0.534E+02   0.35849E+00   0.00000E+00   0.10000E+00    0.50249E-02 2646.25         test_P    
.1700E+00    10.000  0.497E+02   0.35430E+00   0.00000E+00   0.10000E+00    0.50249E-02 2561.03         test_P    
.1800E+00    10.000  0.464E+02   0.34998E+00   0.00000E+00   0.10000E+00    0.50249E-02 2474.94         test_P    
.1900E+00    10.000  0.435E+02   0.34550E+00   0.00000E+00   0.10000E+00    0.50249E-02 2386.91         test_P    
.2000E+00    10.000  0.409E+02   0.34086E+00   0.00000E+00   0.10000E+00    0.50249E-02 2297.53         test_P    
.2100E+00    10.000  0.385E+02   0.33599E+00   0.00000E+00   0.10000E+00    0.50249E-02 2205.53         test_P    
.2200E+00    10.000  0.363E+02   0.33091E+00   0.00000E+00   0.10000E+00    0.50249E-02 2111.70         test_P    
.2300E+00    10.000  0.344E+02   0.32562E+00   0.00000E+00   0.10000E+00    0.50249E-02 2016.01         test_P    
.2400E+00    10.000  0.325E+02   0.32009E+00   0.00000E+00   0.10000E+00    0.50249E-02 1918.40         test_P    
.2500E+00    10.000  0.309E+02   0.31435E+00   0.00000E+00   0.10000E+00    0.50249E-02 1819.57         test_P    
.2600E+00    10.000  0.293E+02   0.30837E+00   0.00000E+00   0.10000E+00    0.50249E-02 1719.47         test_P    
.2700E+00    10.000  0.279E+02   0.30218E+00   0.00000E+00   0.10000E+00    0.50249E-02 1618.87         test_P    
.2800E+00    10.000  0.266E+02   0.29580E+00   0.00000E+00   0.10000E+00    0.50249E-02 1518.28         test_P    
.2900E+00    10.000  0.254E+02   0.28922E+00   0.00000E+00   0.10000E+00    0.50249E-02 1418.01         test_P    
.3000E+00    10.000  0.242E+02   0.28247E+00   0.00000E+00   0.10000E+00    0.18868E-02 9352.75         test_P    
.3100E+00    10.000  0.231E+02   0.27556E+00   0.00000E+00   0.10000E+00    0.50249E-02 1220.67         test_P    
.3200E+00    10.000  0.221E+02   0.26851E+00   0.00000E+00   0.10000E+00    0.50249E-02 1124.56         test_P    
.3300E+00    10.000  0.212E+02   0.26133E+00   0.00000E+00   0.10000E+00    0.50249E-02 1030.80         test_P    
.3400E+00    10.000  0.203E+02   0.25405E+00   0.00000E+00   0.10000E+00    0.50249E-02  939.83         test_P    
.3500E+00    10.000  0.195E+02   0.24667E+00   0.00000E+00   0.10000E+00    0.50249E-02  851.99         test_P    
.3600E+00    10.000  0.187E+02   0.23923E+00   0.00000E+00   0.10000E+00    0.50249E-02  767.72         test_P    
.3700E+00    10.000  0.179E+02   0.23173E+00   0.00000E+00   0.10000E+00    0.50249E-02  687.24         test_P    
.3800E+00    10.000  0.172E+02   0.22419E+00   0.00000E+00   0.10000E+00    0.50249E-02  610.84         test_P    
.3900E+00    10.000  0.165E+02   0.21663E+00   0.00000E+00   0.10000E+00    0.50249E-02  538.75         test_P    
.4000E+00    10.000  0.159E+02   0.20906E+00   0.00000E+00   0.10000E+00    0.17692E-02 3800.34         test_P    
.4100E+00    10.000  0.153E+02   0.20151E+00   0.00000E+00   0.10000E+00    0.50249E-02  408.07         test_P    
.4200E+00    10.000  0.147E+02   0.19397E+00   0.00000E+00   0.10000E+00    0.50249E-02  349.71         test_P    
.4300E+00    10.000  0.141E+02   0.18646E+00   0.00000E+00   0.10000E+00    0.50249E-02  296.08         test_P    
.4400E+00    10.000  0.136E+02   0.17901E+00   0.00000E+00   0.10000E+00    0.50249E-02  247.23         test_P    
.4500E+00    10.000  0.131E+02   0.17161E+00   0.00000E+00   0.10000E+00    0.50249E-02  203.10         test_P    
.4600E+00    10.000  0.126E+02   0.16429E+00   0.00000E+00   0.10000E+00    0.50249E-02  163.69         test_P    
.4700E+00    10.000  0.122E+02   0.15705E+00   0.00000E+00   0.10000E+00    0.50249E-02  128.90         test_P    
.4800E+00    10.000  0.117E+02   0.14990E+00   0.00000E+00   0.10000E+00    0.50249E-02   98.63         test_P    
.4900E+00    10.000  0.113E+02   0.14287E+00   0.00000E+00   0.10000E+00    0.50249E-02   72.77         test_P    
.5000E+00    10.000  0.109E+02   0.13594E+00   0.00000E+00   0.10000E+00    0.17692E-02  412.64         test_P    
.5100E+00    10.000  0.105E+02   0.12914E+00   0.00000E+00   0.10000E+00    0.50249E-02   33.63         test_P    
.5200E+00    10.000  0.101E+02   0.12247E+00   0.00000E+00   0.10000E+00    0.50249E-02   20.00         test_P    
.5300E+00    10.000  0.975E+01   0.11595E+00   0.00000E+00   0.10000E+00    0.50249E-02   10.07         test_P    
.5400E+00    10.000  0.940E+01   0.10957E+00   0.00000E+00   0.10000E+00    0.50249E-02    3.63         test_P    
.5500E+00    10.000  0.906E+01   0.10335E+00   0.00000E+00   0.10000E+00    0.50249E-02    0.45         test_P    
.5600E+00    10.000  0.874E+01   0.97304E-01   0.00000E+00   0.10000E+00    0.50249E-02   -0.29         test_P    
.5700E+00    10.000  0.843E+01   0.91422E-01   0.00000E+00   0.10000E+00    0.50249E-02   -2.91         test_P    
.5800E+00    10.000  0.812E+01   0.85716E-01   0.00000E+00   0.10000E+00    0.50249E-02   -8.08         test_P    
.5900E+00    10.000  0.783E+01   0.80193E-01   0.00000E+00   0.10000E+00    0.50249E-02  -15.54         test_P    
.6000E+00    10.000  0.755E+01   0.74854E-01   0.00000E+00   0.10000E+00    0.17692E-02 -202.02         test_P    
.6100E+00    10.000  0.728E+01   0.69707E-01   0.00000E+00   0.10000E+00    0.50249E-02  -36.34         test_P    
.6200E+00    10.000  0.701E+01   0.64753E-01   0.00000E+00   0.10000E+00    0.50249E-02  -49.20         test_P    
.6300E+00    10.000  0.675E+01   0.59995E-01   0.00000E+00   0.10000E+00    0.50249E-02  -63.38         test_P    
.6400E+00    10.000  0.651E+01   0.55436E-01   0.00000E+00   0.10000E+00    0.50249E-02  -78.65         test_P    
.6500E+00    10.000  0.627E+01   0.51075E-01   0.00000E+00   0.10000E+00    0.50249E-02  -94.80         test_P    
.6600E+00    10.000  0.603E+01   0.46917E-01   0.00000E+00   0.10000E+00    0.50249E-02 -111.60         test_P    
.6700E+00    10.000  0.581E+01   0.42960E-01   0.00000E+00   0.10000E+00    0.50249E-02 -128.85         test_P    
.6800E+00    10.000  0.559E+01   0.39204E-01   0.00000E+00   0.10000E+00    0.50249E-02 -146.38         test_P    
.6900E+00    10.000  0.537E+01   0.35649E-01   0.00000E+00   0.10000E+00    0.50249E-02 -164.00         test_P    
.7000E+00    10.000  0.517E+01   0.32293E-01   0.00000E+00   0.10000E+00    0.17692E-02 *******         test_P    
.7100E+00    10.000  0.497E+01   0.29136E-01   0.00000E+00   0.10000E+00    0.50249E-02 -198.88         test_P    
.7200E+00    10.000  0.477E+01   0.26174E-01   0.00000E+00   0.10000E+00    0.50249E-02 -215.85         test_P    
.7300E+00    10.000  0.458E+01   0.23405E-01   0.00000E+00   0.10000E+00    0.50249E-02 -232.35         test_P    
.7400E+00    10.000  0.440E+01   0.20825E-01   0.00000E+00   0.10000E+00    0.50249E-02 -248.26         test_P    
.7500E+00    10.000  0.422E+01   0.18430E-01   0.00000E+00   0.10000E+00    0.50249E-02 -263.51         test_P    
.7600E+00    10.000  0.404E+01   0.16218E-01   0.00000E+00   0.10000E+00    0.50249E-02 -278.00         test_P    
.7700E+00    10.000  0.387E+01   0.14182E-01   0.00000E+00   0.10000E+00    0.50249E-02 -291.67         test_P    
.7800E+00    10.000  0.370E+01   0.12318E-01   0.00000E+00   0.10000E+00    0.50249E-02 -304.48         test_P    
.7900E+00    10.000  0.354E+01   0.10620E-01   0.00000E+00   0.10000E+00    0.50249E-02 -316.39         test_P    
.8000E+00    10.000  0.338E+01   0.90803E-02   0.00000E+00   0.10000E+00    0.17692E-02 *******         test_P    
.8100E+00    10.000  0.323E+01   0.76958E-02   0.00000E+00   0.10000E+00    0.50249E-02 -337.43         test_P    
.8200E+00    10.000  0.308E+01   0.64578E-02   0.00000E+00   0.10000E+00    0.50249E-02 -346.54         test_P    
.8300E+00    10.000  0.293E+01   0.53592E-02   0.00000E+00   0.10000E+00    0.50249E-02 -354.73         test_P    
.8400E+00    10.000  0.279E+01   0.43926E-02   0.00000E+00   0.10000E+00    0.50249E-02 -362.01         test_P    
.8500E+00    10.000  0.265E+01   0.35505E-02   0.00000E+00   0.10000E+00    0.50249E-02 -368.42         test_P    
.8600E+00    10.000  0.251E+01   0.28241E-02   0.00000E+00   0.10000E+00    0.50249E-02 -373.99         test_P    
.8700E+00    10.000  0.238E+01   0.22057E-02   0.00000E+00   0.10000E+00    0.50249E-02 -378.76         test_P    
.8800E+00    10.000  0.225E+01   0.16866E-02   0.00000E+00   0.10000E+00    0.50249E-02 -382.79         test_P    
.8900E+00    10.000  0.212E+01   0.12575E-02   0.00000E+00   0.10000E+00    0.50249E-02 -386.14         test_P    
.9000E+00    10.000  0.199E+01   0.91105E-03   0.00000E+00   0.10000E+00    0.17692E-02 *******         test_P    
.9100E+00    10.000  0.187E+01   0.63537E-03   0.00000E+00   0.10000E+00    0.50249E-02 -391.02         test_P    
.9200E+00    10.000  0.175E+01   0.42423E-03   0.00000E+00   0.10000E+00    0.50249E-02 -392.69         test_P    
.9300E+00    10.000  0.163E+01   0.26771E-03   0.00000E+00   0.10000E+00    0.50249E-02 -393.92         test_P    
.9400E+00    10.000  0.152E+01   0.15581E-03   0.00000E+00   0.10000E+00    0.50249E-02 -394.81         test_P    
.9500E+00    10.000  0.141E+01   0.83471E-04   0.00000E+00   0.10000E+00    0.50249E-02 -395.38         test_P    
.9600E+00    10.000  0.130E+01   0.36523E-04   0.00000E+00   0.10000E+00    0.50249E-02 -395.75         test_P    
.9700E+00    10.000  0.119E+01   0.12391E-04   0.00000E+00   0.10000E+00    0.50249E-02 -395.94         test_P    
.9800E+00    10.000  0.109E+01   0.43621E-05   0.00000E+00   0.10000E+00    0.50249E-02 -396.01         test_P    
.9900E+00    10.000  0.983E+00   0.44102E-05   0.00000E+00   0.10000E+00    0.50249E-02 -396.00         test_P    
.1000E+01    10.000  0.882E+00   0.00000E+00   0.00000E+00   0.10000E+00    0.50249E-02 -396.04         test_P    
.1000E+00    20.000  0.181E+03   0.39024E+00   0.00000E+00   0.10000E+00    0.50249E-02 3336.28         test_P    
.1100E+00    20.000  0.163E+03   0.38344E+00   0.00000E+00   0.10000E+00    0.50249E-02 3181.81         test_P    
.1200E+00    20.000  0.148E+03   0.37716E+00   0.00000E+00   0.10000E+00    0.50249E-02 3042.35         test_P    
.1300E+00    20.000  0.135E+03   0.37125E+00   0.00000E+00   0.10000E+00    0.50249E-02 2913.83         test_P    
.1400E+00    20.000  0.124E+03   0.36553E+00   0.00000E+00   0.10000E+00    0.50249E-02 2792.26         test_P    
.1500E+00    20.000  0.114E+03   0.36001E+00   0.00000E+00   0.10000E+00    0.50249E-02 2677.48         test_P    
.1600E+00    20.000  0.106E+03   0.35450E+00   0.00000E+00   0.10000E+00    0.50249E-02 2565.10         test_P    
.1700E+00    20.000  0.985E+02   0.34901E+00   0.00000E+00   0.10000E+00    0.50249E-02 2455.70         test_P    
.1800E+00    20.000  0.920E+02   0.34349E+00   0.00000E+00   0.10000E+00    0.50249E-02 2347.94         test_P    
.1900E+00    20.000  0.861E+02   0.33785E+00   0.00000E+00   0.10000E+00    0.50249E-02 2240.49         test_P    
.2000E+00    20.000  0.809E+02   0.33212E+00   0.00000E+00   0.10000E+00    0.50249E-02 2133.90         test_P    
.2100E+00    20.000  0.761E+02   0.32622E+00   0.00000E+00   0.10000E+00    0.50249E-02 2026.79         test_P    
.2200E+00    20.000  0.718E+02   0.32018E+00   0.00000E+00   0.10000E+00    0.50249E-02 1919.91         test_P    
.2300E+00    20.000  0.678E+02   0.31397E+00   0.00000E+00   0.10000E+00    0.50249E-02 1813.19         test_P    
.2400E+00    20.000  0.642E+02   0.30758E+00   0.00000E+00   0.10000E+00    0.50249E-02 1706.56         test_P    
.2500E+00    20.000  0.609E+02   0.30104E+00   0.00000E+00   0.10000E+00    0.50249E-02 1600.65         test_P    
.2600E+00    20.000  0.578E+02   0.29432E+00   0.00000E+00   0.10000E+00    0.50249E-02 1495.44         test_P    
.2700E+00    20.000  0.550E+02   0.28745E+00   0.00000E+00   0.10000E+00    0.50249E-02 1391.55         test_P    
.2800E+00    20.000  0.523E+02   0.28043E+00   0.00000E+00   0.10000E+00    0.50249E-02 1289.35         test_P    
.2900E+00    20.000  0.498E+02   0.27328E+00   0.00000E+00   0.10000E+00    0.50249E-02 1189.20         test_P    
.3000E+00    20.000  0.475E+02   0.26602E+00   0.00000E+00   0.10000E+00    0.18868E-02 7741.88         test_P    
.3100E+00    20.000  0.454E+02   0.25866E+00   0.00000E+00   0.10000E+00    0.50249E-02  996.90         test_P    
.3200E+00    20.000  0.434E+02   0.25121E+00   0.00000E+00   0.10000E+00    0.50249E-02  905.52         test_P    
.3300E+00    20.000  0.415E+02   0.24370E+00   0.00000E+00   0.10000E+00    0.50249E-02  817.77         test_P    
.3400E+00    20.000  0.397E+02   0.23613E+00   0.00000E+00   0.10000E+00    0.50249E-02  733.94         test_P    
.3500E+00    20.000  0.380E+02   0.22853E+00   0.00000E+00   0.10000E+00    0.50249E-02  654.25         test_P    
.3600E+00    20.000  0.364E+02   0.22091E+00   0.00000E+00   0.10000E+00    0.50249E-02  579.01         test_P    
.3700E+00    20.000  0.349E+02   0.21329E+00   0.00000E+00   0.10000E+00    0.50249E-02  508.31         test_P    
.3800E+00    20.000  0.335E+02   0.20568E+00   0.00000E+00   0.10000E+00    0.50249E-02  442.30         test_P    
.3900E+00    20.000  0.322E+02   0.19810E+00   0.00000E+00   0.10000E+00    0.50249E-02  381.10         test_P    
.4000E+00    20.000  0.309E+02   0.19055E+00   0.00000E+00   0.10000E+00    0.17692E-02 2619.49         test_P    
.4100E+00    20.000  0.297E+02   0.18306E+00   0.00000E+00   0.10000E+00    0.50249E-02  273.21         test_P    
.4200E+00    20.000  0.285E+02   0.17563E+00   0.00000E+00   0.10000E+00    0.50249E-02  226.52         test_P    
.4300E+00    20.000  0.274E+02   0.16828E+00   0.00000E+00   0.10000E+00    0.50249E-02  184.62         test_P    
.4400E+00    20.000  0.263E+02   0.16101E+00   0.00000E+00   0.10000E+00    0.50249E-02  147.43         test_P    
.4500E+00    20.000  0.253E+02   0.15384E+00   0.00000E+00   0.10000E+00    0.50249E-02  114.82         test_P    
.4600E+00    20.000  0.244E+02   0.14679E+00   0.00000E+00   0.10000E+00    0.50249E-02   86.70         test_P    
.4700E+00    20.000  0.234E+02   0.13985E+00   0.00000E+00   0.10000E+00    0.50249E-02   62.89         test_P    
.4800E+00    20.000  0.225E+02   0.13303E+00   0.00000E+00   0.10000E+00    0.50249E-02   43.22         test_P    
.4900E+00    20.000  0.217E+02   0.12636E+00   0.00000E+00   0.10000E+00    0.50249E-02   27.51         test_P    
.5000E+00    20.000  0.209E+02   0.11982E+00   0.00000E+00   0.10000E+00    0.17692E-02  125.47         test_P    
.5100E+00    20.000  0.201E+02   0.11343E+00   0.00000E+00   0.10000E+00    0.50249E-02    7.15         test_P    
.5200E+00    20.000  0.193E+02   0.10720E+00   0.00000E+00   0.10000E+00    0.50249E-02    2.06         test_P    
.5300E+00    20.000  0.186E+02   0.10114E+00   0.00000E+00   0.10000E+00    0.50249E-02    0.05         test_P    
.5400E+00    20.000  0.179E+02   0.95240E-01   0.00000E+00   0.10000E+00    0.50249E-02   -0.90         test_P    
.5500E+00    20.000  0.172E+02   0.89516E-01   0.00000E+00   0.10000E+00    0.50249E-02   -4.35         test_P    
.5600E+00    20.000  0.166E+02   0.83972E-01   0.00000E+00   0.10000E+00    0.50249E-02  -10.17         test_P    
.5700E+00    20.000  0.160E+02   0.78610E-01   0.00000E+00   0.10000E+00    0.50249E-02  -18.12         test_P    
.5800E+00    20.000  0.154E+02   0.73434E-01   0.00000E+00   0.10000E+00    0.50249E-02  -27.95         test_P    
.5900E+00    20.000  0.148E+02   0.68448E-01   0.00000E+00   0.10000E+00    0.50249E-02  -39.43         test_P    
.6000E+00    20.000  0.142E+02   0.63651E-01   0.00000E+00   0.10000E+00    0.17692E-02 -422.12         test_P    
.6100E+00    20.000  0.137E+02   0.59050E-01   0.00000E+00   0.10000E+00    0.50249E-02  -66.41         test_P    
.6200E+00    20.000  0.131E+02   0.54642E-01   0.00000E+00   0.10000E+00    0.50249E-02  -81.48         test_P    
.6300E+00    20.000  0.126E+02   0.50430E-01   0.00000E+00   0.10000E+00    0.50249E-02  -97.32         test_P    
.6400E+00    20.000  0.121E+02   0.46413E-01   0.00000E+00   0.10000E+00    0.50249E-02 -113.72         test_P    
.6500E+00    20.000  0.117E+02   0.42590E-01   0.00000E+00   0.10000E+00    0.50249E-02 -130.53         test_P    
.6600E+00    20.000  0.112E+02   0.38964E-01   0.00000E+00   0.10000E+00    0.50249E-02 -147.54         test_P    
.6700E+00    20.000  0.107E+02   0.35529E-01   0.00000E+00   0.10000E+00    0.50249E-02 -164.61         test_P    
.6800E+00    20.000  0.103E+02   0.32285E-01   0.00000E+00   0.10000E+00    0.50249E-02 -181.59         test_P    
.6900E+00    20.000  0.987E+01   0.29232E-01   0.00000E+00   0.10000E+00    0.50249E-02 -198.34         test_P    
.7000E+00    20.000  0.945E+01   0.26363E-01   0.00000E+00   0.10000E+00    0.17692E-02 *******         test_P    
.7100E+00    20.000  0.905E+01   0.23679E-01   0.00000E+00   0.10000E+00    0.50249E-02 -230.69         test_P    
.7200E+00    20.000  0.866E+01   0.21174E-01   0.00000E+00   0.10000E+00    0.50249E-02 -246.08         test_P    
.7300E+00    20.000  0.828E+01   0.18844E-01   0.00000E+00   0.10000E+00    0.50249E-02 -260.84         test_P    
.7400E+00    20.000  0.791E+01   0.16686E-01   0.00000E+00   0.10000E+00    0.50249E-02 -274.90         test_P    
.7500E+00    20.000  0.755E+01   0.14694E-01   0.00000E+00   0.10000E+00    0.50249E-02 -288.20         test_P    
.7600E+00    20.000  0.720E+01   0.12864E-01   0.00000E+00   0.10000E+00    0.50249E-02 -300.70         test_P    
.7700E+00    20.000  0.686E+01   0.11190E-01   0.00000E+00   0.10000E+00    0.50249E-02 -312.36         test_P    
.7800E+00    20.000  0.652E+01   0.96663E-02   0.00000E+00   0.10000E+00    0.50249E-02 -323.18         test_P    
.7900E+00    20.000  0.620E+01   0.82869E-02   0.00000E+00   0.10000E+00    0.50249E-02 -333.12         test_P    
.8000E+00    20.000  0.588E+01   0.70446E-02   0.00000E+00   0.10000E+00    0.17692E-02 *******         test_P    
.8100E+00    20.000  0.557E+01   0.59342E-02   0.00000E+00   0.10000E+00    0.50249E-02 -350.43         test_P    
.8200E+00    20.000  0.527E+01   0.49482E-02   0.00000E+00   0.10000E+00    0.50249E-02 -357.82         test_P    
.8300E+00    20.000  0.498E+01   0.40795E-02   0.00000E+00   0.10000E+00    0.50249E-02 -364.39         test_P    
.8400E+00    20.000  0.469E+01   0.33206E-02   0.00000E+00   0.10000E+00    0.50249E-02 -370.17         test_P    
.8500E+00    20.000  0.441E+01   0.26647E-02   0.00000E+00   0.10000E+00    0.50249E-02 -375.21         test_P    
.8600E+00    20.000  0.414E+01   0.21032E-02   0.00000E+00   0.10000E+00    0.50249E-02 -379.56         test_P    
.8700E+00    20.000  0.387E+01   0.16293E-02   0.00000E+00   0.10000E+00    0.50249E-02 -383.24         test_P    
.8800E+00    20.000  0.361E+01   0.12351E-02   0.00000E+00   0.10000E+00    0.50249E-02 -386.32         test_P    
.8900E+00    20.000  0.335E+01   0.91220E-03   0.00000E+00   0.10000E+00    0.50249E-02 -388.85         test_P    
.9000E+00    20.000  0.310E+01   0.65443E-03   0.00000E+00   0.10000E+00    0.17692E-02 *******         test_P    
.9100E+00    20.000  0.286E+01   0.45119E-03   0.00000E+00   0.10000E+00    0.50249E-02 -392.47         test_P    
.9200E+00    20.000  0.262E+01   0.29757E-03   0.00000E+00   0.10000E+00    0.50249E-02 -393.69         test_P    
.9300E+00    20.000  0.239E+01   0.18523E-03   0.00000E+00   0.10000E+00    0.50249E-02 -394.57         test_P    
.9400E+00    20.000  0.216E+01   0.10594E-03   0.00000E+00   0.10000E+00    0.50249E-02 -395.20         test_P    
.9500E+00    20.000  0.193E+01   0.55885E-04   0.00000E+00   0.10000E+00    0.50249E-02 -395.60         test_P    
.9600E+00    20.000  0.172E+01   0.23756E-04   0.00000E+00   0.10000E+00    0.50249E-02 -395.85         test_P    
.9700E+00    20.000  0.150E+01   0.78533E-05   0.00000E+00   0.10000E+00    0.50249E-02 -395.98         test_P    
.9800E+00    20.000  0.129E+01   0.31355E-05   0.00000E+00   0.10000E+00    0.50249E-02 -396.01         test_P    
.9900E+00    20.000  0.108E+01   0.36210E-05   0.00000E+00   0.10000E+00    0.50249E-02 -396.01         test_P    
.1000E+01    20.000  0.882E+00   0.00000E+00   0.00000E+00   0.10000E+00    0.50249E-02 -396.04         test_P    
.1000E+00    50.000  0.451E+03   0.39526E+00   0.00000E+00   0.10000E+00    0.50249E-02 3452.71         test_P    
.1100E+00    50.000  0.405E+03   0.38597E+00   0.00000E+00   0.10000E+00    0.50249E-02 3238.81         test_P    
.1200E+00    50.000  0.368E+03   0.37753E+00   0.00000E+00   0.10000E+00    0.50249E-02 3050.50         test_P    
.1300E+00    50.000  0.335E+03   0.36970E+00   0.00000E+00   0.10000E+00    0.50249E-02 2880.81         test_P    
.1400E+00    50.000  0.308E+03   0.36223E+00   0.00000E+00   0.10000E+00    0.50249E-02 2723.45         test_P    
.1500E+00    50.000  0.284E+03   0.35514E+00   0.00000E+00   0.10000E+00    0.50249E-02 2578.05         test_P    
.1600E+00    50.000  0.263E+03   0.34815E+00   0.00000E+00   0.10000E+00    0.50249E-02 2438.69         test_P    
.1700E+00    50.000  0.245E+03   0.34130E+00   0.00000E+00   0.10000E+00    0.50249E-02 2305.93         test_P    
.1800E+00    50.000  0.229E+03   0.33450E+00   0.00000E+00   0.10000E+00    0.50249E-02 2177.91         test_P    
.1900E+00    50.000  0.214E+03   0.32768E+00   0.00000E+00   0.10000E+00    0.50249E-02 2053.00         test_P    
.2000E+00    50.000  0.201E+03   0.32085E+00   0.00000E+00   0.10000E+00    0.50249E-02 1931.61         test_P    
.2100E+00    50.000  0.189E+03   0.31391E+00   0.00000E+00   0.10000E+00    0.50249E-02 1812.21         test_P    
.2200E+00    50.000  0.178E+03   0.30690E+00   0.00000E+00   0.10000E+00    0.50249E-02 1695.42         test_P    
.2300E+00    50.000  0.168E+03   0.29981E+00   0.00000E+00   0.10000E+00    0.50249E-02 1581.09         test_P    
.2400E+00    50.000  0.159E+03   0.29260E+00   0.00000E+00   0.10000E+00    0.50249E-02 1469.06         test_P    
.2500E+00    50.000  0.151E+03   0.28530E+00   0.00000E+00   0.10000E+00    0.50249E-02 1359.84         test_P    
.2600E+00    50.000  0.143E+03   0.27790E+00   0.00000E+00   0.10000E+00    0.50249E-02 1253.36         test_P    
.2700E+00    50.000  0.136E+03   0.27041E+00   0.00000E+00   0.10000E+00    0.50249E-02 1150.08         test_P    
.2800E+00    50.000  0.129E+03   0.26285E+00   0.00000E+00   0.10000E+00    0.50249E-02 1050.26         test_P    
.2900E+00    50.000  0.123E+03   0.25522E+00   0.00000E+00   0.10000E+00    0.50249E-02  954.14         test_P    
.3000E+00    50.000  0.118E+03   0.24753E+00   0.00000E+00   0.10000E+00    0.18868E-02 6114.19         test_P    
.3100E+00    50.000  0.112E+03   0.23982E+00   0.00000E+00   0.10000E+00    0.50249E-02  774.21         test_P    
.3200E+00    50.000  0.107E+03   0.23208E+00   0.00000E+00   0.10000E+00    0.50249E-02  690.85         test_P    
.3300E+00    50.000  0.102E+03   0.22433E+00   0.00000E+00   0.10000E+00    0.50249E-02  612.18         test_P    
.3400E+00    50.000  0.979E+02   0.21659E+00   0.00000E+00   0.10000E+00    0.50249E-02  538.33         test_P    
.3500E+00    50.000  0.937E+02   0.20887E+00   0.00000E+00   0.10000E+00    0.50249E-02  469.40         test_P    
.3600E+00    50.000  0.898E+02   0.20119E+00   0.00000E+00   0.10000E+00    0.50249E-02  405.51         test_P    
.3700E+00    50.000  0.860E+02   0.19356E+00   0.00000E+00   0.10000E+00    0.50249E-02  346.64         test_P    
.3800E+00    50.000  0.825E+02   0.18598E+00   0.00000E+00   0.10000E+00    0.50249E-02  292.80         test_P    
.3900E+00    50.000  0.791E+02   0.17849E+00   0.00000E+00   0.10000E+00    0.50249E-02  243.99         test_P    
.4000E+00    50.000  0.759E+02   0.17108E+00   0.00000E+00   0.10000E+00    0.17692E-02 1614.22         test_P    
.4100E+00    50.000  0.728E+02   0.16377E+00   0.00000E+00   0.10000E+00    0.50249E-02  161.06         test_P    
.4200E+00    50.000  0.699E+02   0.15656E+00   0.00000E+00   0.10000E+00    0.50249E-02  126.71         test_P    
.4300E+00    50.000  0.672E+02   0.14947E+00   0.00000E+00   0.10000E+00    0.50249E-02   96.94         test_P    
.4400E+00    50.000  0.645E+02   0.14251E+00   0.00000E+00   0.10000E+00    0.50249E-02   71.56         test_P    
.4500E+00    50.000  0.620E+02   0.13567E+00   0.00000E+00   0.10000E+00    0.50249E-02   50.40         test_P    
.4600E+00    50.000  0.596E+02   0.12898E+00   0.00000E+00   0.10000E+00    0.50249E-02   33.26         test_P    
.4700E+00    50.000  0.573E+02   0.12244E+00   0.00000E+00   0.10000E+00    0.50249E-02   19.94         test_P    
.4800E+00    50.000  0.550E+02   0.11604E+00   0.00000E+00   0.10000E+00    0.50249E-02   10.19         test_P    
.4900E+00    50.000  0.529E+02   0.10981E+00   0.00000E+00   0.10000E+00    0.50249E-02    3.81         test_P    
.5000E+00    50.000  0.509E+02   0.10375E+00   0.00000E+00   0.10000E+00    0.17692E-02    4.48         test_P    
.5100E+00    50.000  0.489E+02   0.97851E-01   0.00000E+00   0.10000E+00    0.50249E-02   -0.18         test_P    
.5200E+00    50.000  0.470E+02   0.92131E-01   0.00000E+00   0.10000E+00    0.50249E-02   -2.45         test_P    
.5300E+00    50.000  0.452E+02   0.86588E-01   0.00000E+00   0.10000E+00    0.50249E-02   -7.12         test_P    
.5400E+00    50.000  0.435E+02   0.81229E-01   0.00000E+00   0.10000E+00    0.50249E-02  -13.95         test_P    
.5500E+00    50.000  0.418E+02   0.76053E-01   0.00000E+00   0.10000E+00    0.50249E-02  -22.71         test_P    
.5600E+00    50.000  0.402E+02   0.71066E-01   0.00000E+00   0.10000E+00    0.50249E-02  -33.16         test_P    
.5700E+00    50.000  0.386E+02   0.66267E-01   0.00000E+00   0.10000E+00    0.50249E-02  -45.07         test_P    
.5800E+00    50.000  0.371E+02   0.61658E-01   0.00000E+00   0.10000E+00    0.50249E-02  -58.22         test_P    
.5900E+00    50.000  0.356E+02   0.57241E-01   0.00000E+00   0.10000E+00    0.50249E-02  -72.41         test_P    
.6000E+00    50.000  0.342E+02   0.53013E-01   0.00000E+00   0.10000E+00    0.17692E-02 -705.35         test_P    
.6100E+00    50.000  0.328E+02   0.48979E-01   0.00000E+00   0.10000E+00    0.50249E-02 -103.10         test_P    
.6200E+00    50.000  0.315E+02   0.45134E-01   0.00000E+00   0.10000E+00    0.50249E-02 -119.22         test_P    
.6300E+00    50.000  0.302E+02   0.41478E-01   0.00000E+00   0.10000E+00    0.50249E-02 -135.64         test_P    
.6400E+00    50.000  0.290E+02   0.38010E-01   0.00000E+00   0.10000E+00    0.50249E-02 -152.19         test_P    
.6500E+00    50.000  0.278E+02   0.34727E-01   0.00000E+00   0.10000E+00    0.50249E-02 -168.73         test_P    
.6600E+00    50.000  0.266E+02   0.31629E-01   0.00000E+00   0.10000E+00    0.50249E-02 -185.13         test_P    
.6700E+00    50.000  0.255E+02   0.28711E-01   0.00000E+00   0.10000E+00    0.50249E-02 -201.27         test_P    
.6800E+00    50.000  0.244E+02   0.25969E-01   0.00000E+00   0.10000E+00    0.50249E-02 -217.05         test_P    
.6900E+00    50.000  0.233E+02   0.23402E-01   0.00000E+00   0.10000E+00    0.50249E-02 -232.36         test_P    
.7000E+00    50.000  0.223E+02   0.21005E-01   0.00000E+00   0.10000E+00    0.17692E-02 *******         test_P    
.7100E+00    50.000  0.213E+02   0.18773E-01   0.00000E+00   0.10000E+00    0.50249E-02 -261.30         test_P    
.7200E+00    50.000  0.203E+02   0.16703E-01   0.00000E+00   0.10000E+00    0.50249E-02 -274.79         test_P    
.7300E+00    50.000  0.194E+02   0.14789E-01   0.00000E+00   0.10000E+00    0.50249E-02 -287.56         test_P    
.7400E+00    50.000  0.184E+02   0.13026E-01   0.00000E+00   0.10000E+00    0.50249E-02 -299.58         test_P    
.7500E+00    50.000  0.175E+02   0.11409E-01   0.00000E+00   0.10000E+00    0.50249E-02 -310.83         test_P    
.7600E+00    50.000  0.167E+02   0.99321E-02   0.00000E+00   0.10000E+00    0.50249E-02 -321.28         test_P    
.7700E+00    50.000  0.158E+02   0.85899E-02   0.00000E+00   0.10000E+00    0.50249E-02 -330.92         test_P    
.7800E+00    50.000  0.150E+02   0.73760E-02   0.00000E+00   0.10000E+00    0.50249E-02 -339.77         test_P    
.7900E+00    50.000  0.142E+02   0.62843E-02   0.00000E+00   0.10000E+00    0.50249E-02 -347.83         test_P    
.8000E+00    50.000  0.134E+02   0.53083E-02   0.00000E+00   0.10000E+00    0.17692E-02 *******         test_P    
.8100E+00    50.000  0.126E+02   0.44418E-02   0.00000E+00   0.10000E+00    0.50249E-02 -361.64         test_P    
.8200E+00    50.000  0.119E+02   0.36781E-02   0.00000E+00   0.10000E+00    0.50249E-02 -367.44         test_P    
.8300E+00    50.000  0.111E+02   0.30104E-02   0.00000E+00   0.10000E+00    0.50249E-02 -372.55         test_P    
.8400E+00    50.000  0.104E+02   0.24317E-02   0.00000E+00   0.10000E+00    0.50249E-02 -377.01         test_P    
.8500E+00    50.000  0.971E+01   0.19360E-02   0.00000E+00   0.10000E+00    0.50249E-02 -380.85         test_P    
.8600E+00    50.000  0.902E+01   0.15150E-02   0.00000E+00   0.10000E+00    0.50249E-02 -384.13         test_P    
.8700E+00    50.000  0.835E+01   0.11632E-02   0.00000E+00   0.10000E+00    0.50249E-02 -386.88         test_P    
.8800E+00    50.000  0.770E+01   0.87331E-03   0.00000E+00   0.10000E+00    0.50249E-02 -389.15         test_P    
.8900E+00    50.000  0.706E+01   0.63825E-03   0.00000E+00   0.10000E+00    0.50249E-02 -391.00         test_P    
.9000E+00    50.000  0.644E+01   0.45296E-03   0.00000E+00   0.10000E+00    0.17692E-02 *******         test_P    
.9100E+00    50.000  0.583E+01   0.30830E-03   0.00000E+00   0.10000E+00    0.50249E-02 -393.60         test_P    
.9200E+00    50.000  0.523E+01   0.20057E-03   0.00000E+00   0.10000E+00    0.50249E-02 -394.45         test_P    
.9300E+00    50.000  0.465E+01   0.12296E-03   0.00000E+00   0.10000E+00    0.50249E-02 -395.07         test_P    
.9400E+00    50.000  0.407E+01   0.68959E-04   0.00000E+00   0.10000E+00    0.50249E-02 -395.49         test_P    
.9500E+00    50.000  0.351E+01   0.35782E-04   0.00000E+00   0.10000E+00    0.50249E-02 -395.76         test_P    
.9600E+00    50.000  0.297E+01   0.14734E-04   0.00000E+00   0.10000E+00    0.50249E-02 -395.92         test_P    
.9700E+00    50.000  0.243E+01   0.47708E-05   0.00000E+00   0.10000E+00    0.50249E-02 -396.00         test_P    
.9800E+00    50.000  0.190E+01   0.22473E-05   0.00000E+00   0.10000E+00    0.50249E-02 -396.02         test_P    
.9900E+00    50.000  0.139E+01   0.28717E-05   0.00000E+00   0.10000E+00    0.50249E-02 -396.02         test_P    
.1000E+01    50.000  0.882E+00   0.00000E+00   0.00000E+00   0.10000E+00    0.50249E-02 -396.04         test_P    
.1000E+00   100.000  0.901E+03   0.39741E+00   0.00000E+00   0.10000E+00    0.50249E-02 3503.18         test_P    
.1100E+00   100.000  0.810E+03   0.38651E+00   0.00000E+00   0.10000E+00    0.50249E-02 3251.00         test_P    
.1200E+00   100.000  0.734E+03   0.37668E+00   0.00000E+00   0.10000E+00    0.50249E-02 3031.84         test_P    
.1300E+00   100.000  0.670E+03   0.36763E+00   0.00000E+00   0.10000E+00    0.50249E-02 2836.65         test_P    
.1400E+00   100.000  0.615E+03   0.35905E+00   0.00000E+00   0.10000E+00    0.50249E-02 2657.61         test_P    
.1500E+00   100.000  0.568E+03   0.35095E+00   0.00000E+00   0.10000E+00    0.50249E-02 2494.08         test_P    
.1600E+00   100.000  0.526E+03   0.34303E+00   0.00000E+00   0.10000E+00    0.50249E-02 2339.13         test_P    
.1700E+00   100.000  0.489E+03   0.33533E+00   0.00000E+00   0.10000E+00    0.50249E-02 2193.22         test_P    
.1800E+00   100.000  0.456E+03   0.32775E+00   0.00000E+00   0.10000E+00    0.50249E-02 2054.19         test_P    
.1900E+00   100.000  0.427E+03   0.32019E+00   0.00000E+00   0.10000E+00    0.50249E-02 1920.20         test_P    
.2000E+00   100.000  0.401E+03   0.31269E+00   0.00000E+00   0.10000E+00    0.50249E-02 1791.55         test_P    
.2100E+00   100.000  0.377E+03   0.30513E+00   0.00000E+00   0.10000E+00    0.50249E-02 1666.55         test_P    
.2200E+00   100.000  0.355E+03   0.29756E+00   0.00000E+00   0.10000E+00    0.50249E-02 1545.73         test_P    
.2300E+00   100.000  0.336E+03   0.28994E+00   0.00000E+00   0.10000E+00    0.50249E-02 1428.82         test_P    
.2400E+00   100.000  0.318E+03   0.28226E+00   0.00000E+00   0.10000E+00    0.50249E-02 1315.62         test_P    
.2500E+00   100.000  0.301E+03   0.27454E+00   0.00000E+00   0.10000E+00    0.50249E-02 1206.50         test_P    
.2600E+00   100.000  0.285E+03   0.26676E+00   0.00000E+00   0.10000E+00    0.50249E-02 1101.33         test_P    
.2700E+00   100.000  0.271E+03   0.25894E+00   0.00000E+00   0.10000E+00    0.50249E-02 1000.47         test_P    
.2800E+00   100.000  0.258E+03   0.25109E+00   0.00000E+00   0.10000E+00    0.50249E-02  904.08         test_P    
.2900E+00   100.000  0.246E+03   0.24321E+00   0.00000E+00   0.10000E+00    0.50249E-02  812.30         test_P    
.3000E+00   100.000  0.234E+03   0.23533E+00   0.00000E+00   0.10000E+00    0.18868E-02 5144.56         test_P    
.3100E+00   100.000  0.223E+03   0.22745E+00   0.00000E+00   0.10000E+00    0.50249E-02  643.34         test_P    
.3200E+00   100.000  0.213E+03   0.21959E+00   0.00000E+00   0.10000E+00    0.50249E-02  566.42         test_P    
.3300E+00   100.000  0.204E+03   0.21176E+00   0.00000E+00   0.10000E+00    0.50249E-02  494.68         test_P    
.3400E+00   100.000  0.195E+03   0.20398E+00   0.00000E+00   0.10000E+00    0.50249E-02  428.16         test_P    
.3500E+00   100.000  0.187E+03   0.19625E+00   0.00000E+00   0.10000E+00    0.50249E-02  366.86         test_P    
.3600E+00   100.000  0.179E+03   0.18859E+00   0.00000E+00   0.10000E+00    0.50249E-02  310.81         test_P    
.3700E+00   100.000  0.171E+03   0.18101E+00   0.00000E+00   0.10000E+00    0.50249E-02  259.91         test_P    
.3800E+00   100.000  0.164E+03   0.17353E+00   0.00000E+00   0.10000E+00    0.50249E-02  214.10         test_P    
.3900E+00   100.000  0.157E+03   0.16614E+00   0.00000E+00   0.10000E+00    0.50249E-02  173.27         test_P    
.4000E+00   100.000  0.151E+03   0.15887E+00   0.00000E+00   0.10000E+00    0.17692E-02 1107.39         test_P    
.4100E+00   100.000  0.145E+03   0.15173E+00   0.00000E+00   0.10000E+00    0.50249E-02  105.97         test_P    
.4200E+00   100.000  0.139E+03   0.14471E+00   0.00000E+00   0.10000E+00    0.50249E-02   79.17         test_P    
.4300E+00   100.000  0.133E+03   0.13783E+00   0.00000E+00   0.10000E+00    0.50249E-02   56.68         test_P    
.4400E+00   100.000  0.128E+03   0.13110E+00   0.00000E+00   0.10000E+00    0.50249E-02   38.30         test_P    
.4500E+00   100.000  0.123E+03   0.12451E+00   0.00000E+00   0.10000E+00    0.50249E-02   23.80         test_P    
.4600E+00   100.000  0.118E+03   0.11809E+00   0.00000E+00   0.10000E+00    0.50249E-02   12.96         test_P    
.4700E+00   100.000  0.114E+03   0.11183E+00   0.00000E+00   0.10000E+00    0.50249E-02    5.54         test_P    
.4800E+00   100.000  0.109E+03   0.10573E+00   0.00000E+00   0.10000E+00    0.50249E-02    1.30         test_P    
.4900E+00   100.000  0.105E+03   0.99814E-01   0.00000E+00   0.10000E+00    0.50249E-02   -0.00         test_P    
.5000E+00   100.000  0.101E+03   0.94070E-01   0.00000E+00   0.10000E+00    0.17692E-02  -11.24         test_P    
.5100E+00   100.000  0.970E+02   0.88508E-01   0.00000E+00   0.10000E+00    0.50249E-02   -5.23         test_P    
.5200E+00   100.000  0.932E+02   0.83127E-01   0.00000E+00   0.10000E+00    0.50249E-02  -11.27         test_P    
.5300E+00   100.000  0.896E+02   0.77932E-01   0.00000E+00   0.10000E+00    0.50249E-02  -19.29         test_P    
.5400E+00   100.000  0.861E+02   0.72925E-01   0.00000E+00   0.10000E+00    0.50249E-02  -29.03         test_P    
.5500E+00   100.000  0.827E+02   0.68105E-01   0.00000E+00   0.10000E+00    0.50249E-02  -40.29         test_P    
.5600E+00   100.000  0.795E+02   0.63476E-01   0.00000E+00   0.10000E+00    0.50249E-02  -52.83         test_P    
.5700E+00   100.000  0.763E+02   0.59037E-01   0.00000E+00   0.10000E+00    0.50249E-02  -66.45         test_P    
.5800E+00   100.000  0.733E+02   0.54787E-01   0.00000E+00   0.10000E+00    0.50249E-02  -80.96         test_P    
.5900E+00   100.000  0.704E+02   0.50728E-01   0.00000E+00   0.10000E+00    0.50249E-02  -96.15         test_P    
.6000E+00   100.000  0.675E+02   0.46856E-01   0.00000E+00   0.10000E+00    0.17692E-02 -902.34         test_P    
.6100E+00   100.000  0.648E+02   0.43172E-01   0.00000E+00   0.10000E+00    0.50249E-02 -127.90         test_P    
.6200E+00   100.000  0.622E+02   0.39673E-01   0.00000E+00   0.10000E+00    0.50249E-02 -144.13         test_P    
.6300E+00   100.000  0.596E+02   0.36358E-01   0.00000E+00   0.10000E+00    0.50249E-02 -160.41         test_P    
.6400E+00   100.000  0.571E+02   0.33224E-01   0.00000E+00   0.10000E+00    0.50249E-02 -176.60         test_P    
.6500E+00   100.000  0.547E+02   0.30267E-01   0.00000E+00   0.10000E+00    0.50249E-02 -192.58         test_P    
.6600E+00   100.000  0.524E+02   0.27486E-01   0.00000E+00   0.10000E+00    0.50249E-02 -208.25         test_P    
.6700E+00   100.000  0.501E+02   0.24875E-01   0.00000E+00   0.10000E+00    0.50249E-02 -223.52         test_P    
.6800E+00   100.000  0.479E+02   0.22431E-01   0.00000E+00   0.10000E+00    0.50249E-02 -238.29         test_P    
.6900E+00   100.000  0.458E+02   0.20151E-01   0.00000E+00   0.10000E+00    0.50249E-02 -252.51         test_P    
.7000E+00   100.000  0.437E+02   0.18029E-01   0.00000E+00   0.10000E+00    0.17692E-02 *******         test_P    
.7100E+00   100.000  0.417E+02   0.16062E-01   0.00000E+00   0.10000E+00    0.50249E-02 -279.04         test_P    
.7200E+00   100.000  0.398E+02   0.14243E-01   0.00000E+00   0.10000E+00    0.50249E-02 -291.26         test_P    
.7300E+00   100.000  0.379E+02   0.12567E-01   0.00000E+00   0.10000E+00    0.50249E-02 -302.75         test_P    
.7400E+00   100.000  0.360E+02   0.11031E-01   0.00000E+00   0.10000E+00    0.50249E-02 -313.49         test_P    
.7500E+00   100.000  0.342E+02   0.96264E-02   0.00000E+00   0.10000E+00    0.50249E-02 -323.46         test_P    
.7600E+00   100.000  0.325E+02   0.83493E-02   0.00000E+00   0.10000E+00    0.50249E-02 -332.67         test_P    
.7700E+00   100.000  0.308E+02   0.71933E-02   0.00000E+00   0.10000E+00    0.50249E-02 -341.11         test_P    
.7800E+00   100.000  0.291E+02   0.61523E-02   0.00000E+00   0.10000E+00    0.50249E-02 -348.81         test_P    
.7900E+00   100.000  0.275E+02   0.52203E-02   0.00000E+00   0.10000E+00    0.50249E-02 -355.77         test_P    
.8000E+00   100.000  0.259E+02   0.43908E-02   0.00000E+00   0.10000E+00    0.17692E-02 *******         test_P    
.8100E+00   100.000  0.243E+02   0.36578E-02   0.00000E+00   0.10000E+00    0.50249E-02 -367.60         test_P    
.8200E+00   100.000  0.228E+02   0.30149E-02   0.00000E+00   0.10000E+00    0.50249E-02 -372.52         test_P    
.8300E+00   100.000  0.214E+02   0.24558E-02   0.00000E+00   0.10000E+00    0.50249E-02 -376.83         test_P    
.8400E+00   100.000  0.199E+02   0.19736E-02   0.00000E+00   0.10000E+00    0.50249E-02 -380.56         test_P    
.8500E+00   100.000  0.185E+02   0.15630E-02   0.00000E+00   0.10000E+00    0.50249E-02 -383.76         test_P    
.8600E+00   100.000  0.172E+02   0.12161E-02   0.00000E+00   0.10000E+00    0.50249E-02 -386.47         test_P    
.8700E+00   100.000  0.158E+02   0.92810E-03   0.00000E+00   0.10000E+00    0.50249E-02 -388.72         test_P    
.8800E+00   100.000  0.145E+02   0.69239E-03   0.00000E+00   0.10000E+00    0.50249E-02 -390.57         test_P    
.8900E+00   100.000  0.132E+02   0.50248E-03   0.00000E+00   0.10000E+00    0.50249E-02 -392.07         test_P    
.9000E+00   100.000  0.120E+02   0.35404E-03   0.00000E+00   0.10000E+00    0.17692E-02 *******         test_P    
.9100E+00   100.000  0.108E+02   0.23890E-03   0.00000E+00   0.10000E+00    0.50249E-02 -394.15         test_P    
.9200E+00   100.000  0.958E+01   0.15400E-03   0.00000E+00   0.10000E+00    0.50249E-02 -394.82         test_P    
.9300E+00   100.000  0.841E+01   0.93449E-04   0.00000E+00   0.10000E+00    0.50249E-02 -395.30         test_P    
.9400E+00   100.000  0.726E+01   0.51720E-04   0.00000E+00   0.10000E+00    0.50249E-02 -395.63         test_P    
.9500E+00   100.000  0.614E+01   0.26557E-04   0.00000E+00   0.10000E+00    0.50249E-02 -395.83         test_P    
.9600E+00   100.000  0.505E+01   0.10711E-04   0.00000E+00   0.10000E+00    0.50249E-02 -395.95         test_P    
.9700E+00   100.000  0.397E+01   0.34436E-05   0.00000E+00   0.10000E+00    0.50249E-02 -396.01         test_P    
.9800E+00   100.000  0.292E+01   0.18285E-05   0.00000E+00   0.10000E+00    0.50249E-02 -396.03         test_P    
.9900E+00   100.000  0.189E+01   0.24395E-05   0.00000E+00   0.10000E+00    0.50249E-02 -396.02         test_P    
.1000E+01   100.000  0.882E+00   0.00000E+00   0.00000E+00   0.10000E+00    0.50249E-02 -396.04         test_P    



 CHI SQUARE=******** FOR  546 POINTS   CHISQ/NPTS=  965.06
 Signed chisquare total =********
 Modified residual =********


Summary normalization chi2 contributions

 data set     normalization        error         chisq


Summary chi2 per data set

 data set      chisq    _w     signd    _w     resid     _w   npts   chisq/pts  _w
test_P      526921.8        307400.9        ********           546  965.06
------------------------------------------------------------------------------------
TOTAL       526921.8526921.8307400.9     0.0****************   546  965.06  965.06
TOTAL+norm  526921.8526921.8                                   546  965.06  965.06



            Momentum Sum Rule Check


      q2      alphas      xuv       xdv       xub       xdb       xsb       xcb       xbb      xglue     total
      1.69    0.3845    0.3222    0.1370    0.0551    0.0716    0.0253    0.0000    0.0000    0.3890    1.0002
    100.00    0.1784    0.2270    0.0966    0.0645    0.0761    0.0436    0.0257    0.0087    0.4549    0.9972
   1000.00    0.1407    0.0000    0.0000    0.0000    0.0000    0.0000    0.0000    0.0000    0.0000    0.0000
   8315.00    0.1180    0.0000    0.0000    0.0000    0.0000    0.0000    0.0000    0.0000    0.0000    0.0000


 Vector Boson Cross Sections

 sqrt(s)   sigma(W)    error    theory

   1960.     2.865     0.063       0.000     D0

   1960.     2.749     0.054       0.000     CDF

   7000.     9.95      0.29        0.000     CMS

   7000.     9.96      0.55        0.000     ATLAS

 sqrt(s)   sigma(Z)    error    theory

   1960.     .2649     .0094       0.000     D0

   1960.     .2549     .0057       0.000     CDF

   7000.     .931      0.035       0.000     CMS

   7000.     .82       0.08        0.000     ATLAS


