 Correlated errors added in quadrature with statistical errors
 test_N     DIS data with   1.69< Q2 < 0.500D+03 and 0.000 < xB < 1.000 and   0.00< W2 < 0.100D+05 and 0.000 < y < 1.000
   No TMC applied
   HT corrections, multiplicative C=C(xB)

# fitpack15: fit output
# CJ15 AV18 final data choices                                                 

Parametrization   7 used here

 S-ACOT scheme used  for NC DIS

 charm mass =     1.30 GeV     bottom mass =     4.50 GeV



 THIS IS A NEXT TO LEADING ORDER FIT

 Q02=    1.69
         1  LAMBDA      VALUE=   0.22680      WEIGHT=    0.0000    
         2  a0uv        VALUE=    2.4067      WEIGHT=    0.0000    
         3  a1uv        VALUE=   0.61537      WEIGHT=   0.19856E-01
         4  a2uv        VALUE=    3.5433      WEIGHT=   0.12414E-01
         5  a3uv        VALUE=    0.0000      WEIGHT=    0.0000    
         6  a4uv        VALUE=    3.4609      WEIGHT=   0.42903    
         7  a5uv        VALUE=    0.0000      WEIGHT=    0.0000    
         8  a0dv        VALUE=    24.684      WEIGHT=    0.0000    
         9  a1dv        VALUE=    1.1595      WEIGHT=   0.33533E-01
        10  a2dv        VALUE=    6.5514      WEIGHT=   0.15936    
        11  a3dv        VALUE=   -3.5030      WEIGHT=   0.86332E-01
        12  a4dv        VALUE=    4.6787      WEIGHT=   0.14209    
        13  a5dv        VALUE=    0.0000      WEIGHT=    0.0000    
        14  a0ud        VALUE=   0.14658      WEIGHT=   0.50348E-02
        15  a1ud        VALUE=  -0.20775      WEIGHT=   0.37551E-02
        16  a2ud        VALUE=    8.3286      WEIGHT=   0.19114    
        17  a3ud        VALUE=    0.0000      WEIGHT=    0.0000    
        18  a4ud        VALUE=    14.606      WEIGHT=    1.2151    
        19  a5ud        VALUE=    0.0000      WEIGHT=    0.0000    
        20  a0du        VALUE=    35712.      WEIGHT=    0.0000    
        21  a1du        VALUE=    4.0249      WEIGHT=   0.74070E-01
        22  a2du        VALUE=    20.154      WEIGHT=   0.87862    
        23  a3du        VALUE=    17.000      WEIGHT=    0.0000    
        24  a4du        VALUE=    51.156      WEIGHT=    10.239    
        25  a0g         VALUE=    45.541      WEIGHT=    0.0000    
        26  a1g         VALUE=   0.60307      WEIGHT=   0.31164E-01
        27  a2g         VALUE=    6.4812      WEIGHT=   0.96748    
        28  a3g         VALUE=   -3.3064      WEIGHT=   0.13418    
        29  a4g         VALUE=    3.1721      WEIGHT=   0.31376    
        30  a5g         VALUE=    0.0000      WEIGHT=    0.0000    
        31  kappa       VALUE=   0.40000      WEIGHT=    0.0000    
        32  a6dv        VALUE=  -0.36005E-02  WEIGHT=   0.66324E-03
        33  a7dv        VALUE=    2.0000      WEIGHT=    0.0000    
        34  off1        VALUE=   -3.6735      WEIGHT=    1.5278    
        35  off2        VALUE=   0.57717E-01  WEIGHT=   0.14842E-01
        36  ht1         VALUE=   -3.2874      WEIGHT=   0.26061    
        37  ht2         VALUE=    1.9274      WEIGHT=   0.10524    
        38  ht3         VALUE=   -2.0701      WEIGHT=   0.19888E-01
        39  ht4         VALUE=    0.0000      WEIGHT=    0.0000    
        40  dummy40     VALUE=    0.0000      WEIGHT=    0.0000    
        41  dummy41     VALUE=    0.0000      WEIGHT=    0.0000    
        42  dummy42     VALUE=    0.0000      WEIGHT=    0.0000    
        43  dummy43     VALUE=    0.0000      WEIGHT=    0.0000    
        44  dummy44     VALUE=    0.0000      WEIGHT=    0.0000    
        45  dummy45     VALUE=    0.0000      WEIGHT=    0.0000    
        46  dummy46     VALUE=    0.0000      WEIGHT=    0.0000    
        47  dummy47     VALUE=    0.0000      WEIGHT=    0.0000    
        48  dummy48     VALUE=    0.0000      WEIGHT=    0.0000    
        49  dummy49     VALUE=    0.0000      WEIGHT=    0.0000    
        50  bcdmsh2     VALUE=   0.97307      WEIGHT=   0.48289E-02
        51  bcdmsd2     VALUE=   0.99317      WEIGHT=   0.58269E-02
        52  ccfr        VALUE=    1.0000      WEIGHT=    0.0000    
        53  nutev       VALUE=    1.0000      WEIGHT=    0.0000    
        54  zeus        VALUE=   0.97998      WEIGHT=    0.0000    
        55  h1          VALUE=    1.0162      WEIGHT=    0.0000    
        56  e605        VALUE=    1.0319      WEIGHT=    0.0000    
        57  NmcH2       VALUE=    1.0095      WEIGHT=   0.71247E-02
        58  ntv_nu      VALUE=    1.0000      WEIGHT=    0.0000    
        59  ntv_nubar   VALUE=    1.0000      WEIGHT=    0.0000    
        60  cdf_jet     VALUE=   0.98910      WEIGHT=    0.0000    
        61  d0_jet      VALUE=   0.83504      WEIGHT=    0.0000    
        62  slac_p      VALUE=    1.0049      WEIGHT=   0.48124E-02
        63  slac_d      VALUE=    1.0042      WEIGHT=   0.52781E-02
        64  e866pp      VALUE=   0.96586      WEIGHT=   0.19263E-01
        65  e866pd      VALUE=   0.96369      WEIGHT=   0.15783E-01
        66  d0_gamjet   VALUE=    1.0389      WEIGHT=   0.16474E-01
        67  h1b         VALUE=   0.97608      WEIGHT=    0.0000    
        68  jlab_p      VALUE=   0.99446      WEIGHT=   0.57943E-02
        69  jlab_d      VALUE=   0.97557      WEIGHT=   0.59019E-02
        70  blank       VALUE=    1.0000      WEIGHT=    0.0000    
        71  d0run2      VALUE=   0.94087      WEIGHT=   0.14167E-01
        72  cdfrun2     VALUE=   0.92649      WEIGHT=   0.17233E-01
        73  HERA_el     VALUE=    1.0000      WEIGHT=    0.0000    
        74  HERA_ps     VALUE=    1.0000      WEIGHT=    0.0000    
        75  CDF_Z       VALUE=   0.96581      WEIGHT=   0.64944E-02
        76  NmcRat      VALUE=    1.0000      WEIGHT=    0.0000    
        77  BNS_F2nd    VALUE=   0.98310      WEIGHT=   0.68314E-02
        78  HERMES_F2p  VALUE=   0.99832      WEIGHT=   0.55693E-02
        79  HERMES_F2d  VALUE=   0.98039      WEIGHT=   0.58259E-02
0THE TOLERANCE IS    0.1000
 THE MAXIMUM NUMBER OF STEPS IS 100
0THE INITIAL CHI SQUARED IS  2.84544E+05



     X        Q2         W2       THEORY        error         DATA           ERROR        chi^2     _w    ITYPE
.1000E+00     2.000  0.189E+02   0.30472E+00   0.00000E+00   0.10000E+00    0.50249E-02 1659.80         test_N    
.1100E+00     2.000  0.171E+02   0.30310E+00   0.00000E+00   0.10000E+00    0.50249E-02 1633.57         test_N    
.1200E+00     2.000  0.155E+02   0.30078E+00   0.00000E+00   0.10000E+00    0.50249E-02 1596.53         test_N    
.1300E+00     2.000  0.143E+02   0.29782E+00   0.00000E+00   0.10000E+00    0.50249E-02 1549.80         test_N    
.1400E+00     2.000  0.132E+02   0.29430E+00   0.00000E+00   0.10000E+00    0.50249E-02 1495.08         test_N    
.1500E+00     2.000  0.122E+02   0.29021E+00   0.00000E+00   0.10000E+00    0.50249E-02 1432.81         test_N    
.1600E+00     2.000  0.114E+02   0.28578E+00   0.00000E+00   0.10000E+00    0.50249E-02 1366.88         test_N    
.1700E+00     2.000  0.106E+02   0.28099E+00   0.00000E+00   0.10000E+00    0.50249E-02 1297.33         test_N    
.1800E+00     2.000  0.999E+01   0.27594E+00   0.00000E+00   0.10000E+00    0.50249E-02 1225.89         test_N    
.1900E+00     2.000  0.941E+01   0.27073E+00   0.00000E+00   0.10000E+00    0.50249E-02 1154.45         test_N    
.2000E+00     2.000  0.888E+01   0.26537E+00   0.00000E+00   0.10000E+00    0.50249E-02 1083.01         test_N    
.2100E+00     2.000  0.841E+01   0.25996E+00   0.00000E+00   0.10000E+00    0.50249E-02 1013.41         test_N    
.2200E+00     2.000  0.797E+01   0.25451E+00   0.00000E+00   0.10000E+00    0.50249E-02  945.48         test_N    
.2300E+00     2.000  0.758E+01   0.24904E+00   0.00000E+00   0.10000E+00    0.50249E-02  879.70         test_N    
.2400E+00     2.000  0.722E+01   0.24359E+00   0.00000E+00   0.10000E+00    0.50249E-02  816.59         test_N    
.2500E+00     2.000  0.688E+01   0.23816E+00   0.00000E+00   0.10000E+00    0.50249E-02  756.00         test_N    
.2600E+00     2.000  0.657E+01   0.23278E+00   0.00000E+00   0.10000E+00    0.50249E-02  698.24         test_N    
.2700E+00     2.000  0.629E+01   0.22744E+00   0.00000E+00   0.10000E+00    0.50249E-02  643.17         test_N    
.2800E+00     2.000  0.602E+01   0.22213E+00   0.00000E+00   0.10000E+00    0.50249E-02  590.74         test_N    
.2900E+00     2.000  0.578E+01   0.21687E+00   0.00000E+00   0.10000E+00    0.50249E-02  540.92         test_N    
.3000E+00     2.000  0.555E+01   0.21164E+00   0.00000E+00   0.10000E+00    0.18868E-02 3501.03         test_N    
.3100E+00     2.000  0.533E+01   0.20643E+00   0.00000E+00   0.10000E+00    0.50249E-02  448.65         test_N    
.3200E+00     2.000  0.513E+01   0.20125E+00   0.00000E+00   0.10000E+00    0.50249E-02  406.02         test_N    
.3300E+00     2.000  0.494E+01   0.19608E+00   0.00000E+00   0.10000E+00    0.50249E-02  365.62         test_N    
.3400E+00     2.000  0.476E+01   0.19092E+00   0.00000E+00   0.10000E+00    0.50249E-02  327.36         test_N    
.3500E+00     2.000  0.460E+01   0.18576E+00   0.00000E+00   0.10000E+00    0.50249E-02  291.25         test_N    
.3600E+00     2.000  0.444E+01   0.18058E+00   0.00000E+00   0.10000E+00    0.50249E-02  257.17         test_N    
.3700E+00     2.000  0.429E+01   0.17541E+00   0.00000E+00   0.10000E+00    0.50249E-02  225.19         test_N    
.3800E+00     2.000  0.414E+01   0.17022E+00   0.00000E+00   0.10000E+00    0.50249E-02  195.29         test_N    
.3900E+00     2.000  0.401E+01   0.16503E+00   0.00000E+00   0.10000E+00    0.50249E-02  167.46         test_N    
.4000E+00     2.000  0.388E+01   0.15983E+00   0.00000E+00   0.10000E+00    0.17692E-02 1143.56         test_N    
.4100E+00     2.000  0.376E+01   0.15462E+00   0.00000E+00   0.10000E+00    0.50249E-02  118.17         test_N    
.4200E+00     2.000  0.364E+01   0.14942E+00   0.00000E+00   0.10000E+00    0.50249E-02   96.74         test_N    
.4300E+00     2.000  0.353E+01   0.14423E+00   0.00000E+00   0.10000E+00    0.50249E-02   77.48         test_N    
.4400E+00     2.000  0.343E+01   0.13905E+00   0.00000E+00   0.10000E+00    0.50249E-02   60.40         test_N    
.4500E+00     2.000  0.333E+01   0.13389E+00   0.00000E+00   0.10000E+00    0.50249E-02   45.49         test_N    
.4600E+00     2.000  0.323E+01   0.12877E+00   0.00000E+00   0.10000E+00    0.50249E-02   32.77         test_N    
.4700E+00     2.000  0.314E+01   0.12368E+00   0.00000E+00   0.10000E+00    0.50249E-02   22.20         test_N    
.4800E+00     2.000  0.305E+01   0.11863E+00   0.00000E+00   0.10000E+00    0.50249E-02   13.74         test_N    
.4900E+00     2.000  0.296E+01   0.11363E+00   0.00000E+00   0.10000E+00    0.50249E-02    7.36         test_N    
.5000E+00     2.000  0.288E+01   0.10870E+00   0.00000E+00   0.10000E+00    0.17692E-02   24.16         test_N    
.5100E+00     2.000  0.280E+01   0.10383E+00   0.00000E+00   0.10000E+00    0.50249E-02    0.58         test_N    
.5200E+00     2.000  0.273E+01   0.99044E-01   0.00000E+00   0.10000E+00    0.50249E-02   -0.04         test_N    
.5300E+00     2.000  0.266E+01   0.94334E-01   0.00000E+00   0.10000E+00    0.50249E-02   -1.27         test_N    
.5400E+00     2.000  0.259E+01   0.89718E-01   0.00000E+00   0.10000E+00    0.50249E-02   -4.19         test_N    
.5500E+00     2.000  0.252E+01   0.85189E-01   0.00000E+00   0.10000E+00    0.50249E-02   -8.69         test_N    
.5600E+00     2.000  0.245E+01   0.80770E-01   0.00000E+00   0.10000E+00    0.50249E-02  -14.64         test_N    
.5700E+00     2.000  0.239E+01   0.76454E-01   0.00000E+00   0.10000E+00    0.50249E-02  -21.96         test_N    
.5800E+00     2.000  0.233E+01   0.72247E-01   0.00000E+00   0.10000E+00    0.50249E-02  -30.50         test_N    
.5900E+00     2.000  0.227E+01   0.68158E-01   0.00000E+00   0.10000E+00    0.50249E-02  -40.15         test_N    
.6000E+00     2.000  0.222E+01   0.64183E-01   0.00000E+00   0.10000E+00    0.17692E-02 -409.85         test_N    
.6100E+00     2.000  0.216E+01   0.60336E-01   0.00000E+00   0.10000E+00    0.50249E-02  -62.31         test_N    
.6200E+00     2.000  0.211E+01   0.56612E-01   0.00000E+00   0.10000E+00    0.50249E-02  -74.56         test_N    
.6300E+00     2.000  0.206E+01   0.53013E-01   0.00000E+00   0.10000E+00    0.50249E-02  -87.44         test_N    
.6400E+00     2.000  0.201E+01   0.49544E-01   0.00000E+00   0.10000E+00    0.50249E-02 -100.82         test_N    
.6500E+00     2.000  0.196E+01   0.46203E-01   0.00000E+00   0.10000E+00    0.50249E-02 -114.62         test_N    
.6600E+00     2.000  0.191E+01   0.42995E-01   0.00000E+00   0.10000E+00    0.50249E-02 -128.69         test_N    
.6700E+00     2.000  0.187E+01   0.39917E-01   0.00000E+00   0.10000E+00    0.50249E-02 -142.97         test_N    
.6800E+00     2.000  0.182E+01   0.36969E-01   0.00000E+00   0.10000E+00    0.50249E-02 -157.34         test_N    
.6900E+00     2.000  0.178E+01   0.34151E-01   0.00000E+00   0.10000E+00    0.50249E-02 -171.72         test_N    
.7000E+00     2.000  0.174E+01   0.31463E-01   0.00000E+00   0.10000E+00    0.17692E-02 *******         test_N    
.7100E+00     2.000  0.170E+01   0.28902E-01   0.00000E+00   0.10000E+00    0.50249E-02 -200.20         test_N    
.7200E+00     2.000  0.166E+01   0.26467E-01   0.00000E+00   0.10000E+00    0.50249E-02 -214.14         test_N    
.7300E+00     2.000  0.162E+01   0.24158E-01   0.00000E+00   0.10000E+00    0.50249E-02 -227.80         test_N    
.7400E+00     2.000  0.158E+01   0.21970E-01   0.00000E+00   0.10000E+00    0.50249E-02 -241.14         test_N    
.7500E+00     2.000  0.155E+01   0.19904E-01   0.00000E+00   0.10000E+00    0.50249E-02 -254.08         test_N    
.7600E+00     2.000  0.151E+01   0.17953E-01   0.00000E+00   0.10000E+00    0.50249E-02 -266.60         test_N    
.7700E+00     2.000  0.148E+01   0.16119E-01   0.00000E+00   0.10000E+00    0.50249E-02 -278.65         test_N    
.7800E+00     2.000  0.145E+01   0.14399E-01   0.00000E+00   0.10000E+00    0.50249E-02 -290.20         test_N    
.7900E+00     2.000  0.141E+01   0.12789E-01   0.00000E+00   0.10000E+00    0.50249E-02 -301.22         test_N    
.8000E+00     2.000  0.138E+01   0.11285E-01   0.00000E+00   0.10000E+00    0.17692E-02 *******         test_N    
.8100E+00     2.000  0.135E+01   0.98890E-02   0.00000E+00   0.10000E+00    0.50249E-02 -321.58         test_N    
.8200E+00     2.000  0.132E+01   0.85977E-02   0.00000E+00   0.10000E+00    0.50249E-02 -330.87         test_N    
.8300E+00     2.000  0.129E+01   0.74085E-02   0.00000E+00   0.10000E+00    0.50249E-02 -339.53         test_N    
.8400E+00     2.000  0.126E+01   0.63172E-02   0.00000E+00   0.10000E+00    0.50249E-02 -347.58         test_N    
.8500E+00     2.000  0.123E+01   0.53259E-02   0.00000E+00   0.10000E+00    0.50249E-02 -354.98         test_N    
.8600E+00     2.000  0.121E+01   0.44272E-02   0.00000E+00   0.10000E+00    0.50249E-02 -361.75         test_N    
.8700E+00     2.000  0.118E+01   0.36234E-02   0.00000E+00   0.10000E+00    0.50249E-02 -367.86         test_N    
.8800E+00     2.000  0.115E+01   0.29115E-02   0.00000E+00   0.10000E+00    0.50249E-02 -373.31         test_N    
.8900E+00     2.000  0.113E+01   0.22875E-02   0.00000E+00   0.10000E+00    0.50249E-02 -378.13         test_N    
.9000E+00     2.000  0.110E+01   0.17519E-02   0.00000E+00   0.10000E+00    0.17692E-02 *******         test_N    
.9100E+00     2.000  0.108E+01   0.12973E-02   0.00000E+00   0.10000E+00    0.50249E-02 -385.83         test_N    
.9200E+00     2.000  0.106E+01   0.92328E-03   0.00000E+00   0.10000E+00    0.50249E-02 -388.76         test_N    
.9300E+00     2.000  0.103E+01   0.62436E-03   0.00000E+00   0.10000E+00    0.50249E-02 -391.11         test_N    
.9400E+00     2.000  0.101E+01   0.39357E-03   0.00000E+00   0.10000E+00    0.50249E-02 -392.93         test_N    
.9500E+00     2.000  0.987E+00   0.22790E-03   0.00000E+00   0.10000E+00    0.50249E-02 -394.24         test_N    
.9600E+00     2.000  0.965E+00   0.11225E-03   0.00000E+00   0.10000E+00    0.50249E-02 -395.15         test_N    
.9700E+00     2.000  0.944E+00   0.43645E-04   0.00000E+00   0.10000E+00    0.50249E-02 -395.69         test_N    
.9800E+00     2.000  0.923E+00   0.12715E-04   0.00000E+00   0.10000E+00    0.50249E-02 -395.94         test_N    
.9900E+00     2.000  0.902E+00   0.60975E-05   0.00000E+00   0.10000E+00    0.50249E-02 -395.99         test_N    
.1000E+01     2.000  0.882E+00   0.00000E+00   0.00000E+00   0.10000E+00    0.50249E-02 -396.04         test_N    
.1000E+00     5.000  0.459E+02   0.32223E+00   0.00000E+00   0.10000E+00    0.50249E-02 1955.93         test_N    
.1100E+00     5.000  0.413E+02   0.31668E+00   0.00000E+00   0.10000E+00    0.50249E-02 1859.37         test_N    
.1200E+00     5.000  0.375E+02   0.31094E+00   0.00000E+00   0.10000E+00    0.50249E-02 1762.17         test_N    
.1300E+00     5.000  0.343E+02   0.30495E+00   0.00000E+00   0.10000E+00    0.50249E-02 1663.61         test_N    
.1400E+00     5.000  0.316E+02   0.29873E+00   0.00000E+00   0.10000E+00    0.50249E-02 1564.12         test_N    
.1500E+00     5.000  0.292E+02   0.29232E+00   0.00000E+00   0.10000E+00    0.50249E-02 1464.77         test_N    
.1600E+00     5.000  0.271E+02   0.28580E+00   0.00000E+00   0.10000E+00    0.50249E-02 1367.17         test_N    
.1700E+00     5.000  0.253E+02   0.27919E+00   0.00000E+00   0.10000E+00    0.50249E-02 1271.58         test_N    
.1800E+00     5.000  0.237E+02   0.27253E+00   0.00000E+00   0.10000E+00    0.50249E-02 1178.84         test_N    
.1900E+00     5.000  0.222E+02   0.26587E+00   0.00000E+00   0.10000E+00    0.50249E-02 1089.66         test_N    
.2000E+00     5.000  0.209E+02   0.25922E+00   0.00000E+00   0.10000E+00    0.50249E-02 1004.02         test_N    
.2100E+00     5.000  0.197E+02   0.25262E+00   0.00000E+00   0.10000E+00    0.50249E-02  922.48         test_N    
.2200E+00     5.000  0.186E+02   0.24607E+00   0.00000E+00   0.10000E+00    0.50249E-02  844.99         test_N    
.2300E+00     5.000  0.176E+02   0.23958E+00   0.00000E+00   0.10000E+00    0.50249E-02  771.56         test_N    
.2400E+00     5.000  0.167E+02   0.23315E+00   0.00000E+00   0.10000E+00    0.50249E-02  702.16         test_N    
.2500E+00     5.000  0.159E+02   0.22679E+00   0.00000E+00   0.10000E+00    0.50249E-02  636.66         test_N    
.2600E+00     5.000  0.151E+02   0.22049E+00   0.00000E+00   0.10000E+00    0.50249E-02  574.96         test_N    
.2700E+00     5.000  0.144E+02   0.21425E+00   0.00000E+00   0.10000E+00    0.50249E-02  516.94         test_N    
.2800E+00     5.000  0.137E+02   0.20806E+00   0.00000E+00   0.10000E+00    0.50249E-02  462.46         test_N    
.2900E+00     5.000  0.131E+02   0.20192E+00   0.00000E+00   0.10000E+00    0.50249E-02  411.38         test_N    
.3000E+00     5.000  0.125E+02   0.19582E+00   0.00000E+00   0.10000E+00    0.18868E-02 2579.29         test_N    
.3100E+00     5.000  0.120E+02   0.18976E+00   0.00000E+00   0.10000E+00    0.50249E-02  319.08         test_N    
.3200E+00     5.000  0.115E+02   0.18373E+00   0.00000E+00   0.10000E+00    0.50249E-02  277.64         test_N    
.3300E+00     5.000  0.110E+02   0.17773E+00   0.00000E+00   0.10000E+00    0.50249E-02  239.26         test_N    
.3400E+00     5.000  0.106E+02   0.17175E+00   0.00000E+00   0.10000E+00    0.50249E-02  203.86         test_N    
.3500E+00     5.000  0.102E+02   0.16580E+00   0.00000E+00   0.10000E+00    0.50249E-02  171.45         test_N    
.3600E+00     5.000  0.977E+01   0.15986E+00   0.00000E+00   0.10000E+00    0.50249E-02  141.93         test_N    
.3700E+00     5.000  0.940E+01   0.15396E+00   0.00000E+00   0.10000E+00    0.50249E-02  115.33         test_N    
.3800E+00     5.000  0.904E+01   0.14810E+00   0.00000E+00   0.10000E+00    0.50249E-02   91.61         test_N    
.3900E+00     5.000  0.870E+01   0.14226E+00   0.00000E+00   0.10000E+00    0.50249E-02   70.74         test_N    
.4000E+00     5.000  0.838E+01   0.13648E+00   0.00000E+00   0.10000E+00    0.17692E-02  425.10         test_N    
.4100E+00     5.000  0.808E+01   0.13074E+00   0.00000E+00   0.10000E+00    0.50249E-02   37.43         test_N    
.4200E+00     5.000  0.779E+01   0.12507E+00   0.00000E+00   0.10000E+00    0.50249E-02   24.89         test_N    
.4300E+00     5.000  0.751E+01   0.11946E+00   0.00000E+00   0.10000E+00    0.50249E-02   15.00         test_N    
.4400E+00     5.000  0.725E+01   0.11393E+00   0.00000E+00   0.10000E+00    0.50249E-02    7.69         test_N    
.4500E+00     5.000  0.699E+01   0.10849E+00   0.00000E+00   0.10000E+00    0.50249E-02    2.86         test_N    
.4600E+00     5.000  0.675E+01   0.10315E+00   0.00000E+00   0.10000E+00    0.50249E-02    0.39         test_N    
.4700E+00     5.000  0.652E+01   0.97912E-01   0.00000E+00   0.10000E+00    0.50249E-02   -0.17         test_N    
.4800E+00     5.000  0.630E+01   0.92787E-01   0.00000E+00   0.10000E+00    0.50249E-02   -2.06         test_N    
.4900E+00     5.000  0.609E+01   0.87787E-01   0.00000E+00   0.10000E+00    0.50249E-02   -5.91         test_N    
.5000E+00     5.000  0.588E+01   0.82912E-01   0.00000E+00   0.10000E+00    0.17692E-02  -93.29         test_N    
.5100E+00     5.000  0.569E+01   0.78179E-01   0.00000E+00   0.10000E+00    0.50249E-02  -18.86         test_N    
.5200E+00     5.000  0.550E+01   0.73586E-01   0.00000E+00   0.10000E+00    0.50249E-02  -27.63         test_N    
.5300E+00     5.000  0.532E+01   0.69139E-01   0.00000E+00   0.10000E+00    0.50249E-02  -37.72         test_N    
.5400E+00     5.000  0.514E+01   0.64847E-01   0.00000E+00   0.10000E+00    0.50249E-02  -48.94         test_N    
.5500E+00     5.000  0.497E+01   0.60707E-01   0.00000E+00   0.10000E+00    0.50249E-02  -61.15         test_N    
.5600E+00     5.000  0.481E+01   0.56729E-01   0.00000E+00   0.10000E+00    0.50249E-02  -74.15         test_N    
.5700E+00     5.000  0.465E+01   0.52911E-01   0.00000E+00   0.10000E+00    0.50249E-02  -87.82         test_N    
.5800E+00     5.000  0.450E+01   0.49253E-01   0.00000E+00   0.10000E+00    0.50249E-02 -101.99         test_N    
.5900E+00     5.000  0.436E+01   0.45760E-01   0.00000E+00   0.10000E+00    0.50249E-02 -116.51         test_N    
.6000E+00     5.000  0.422E+01   0.42427E-01   0.00000E+00   0.10000E+00    0.17692E-02 *******         test_N    
.6100E+00     5.000  0.408E+01   0.39257E-01   0.00000E+00   0.10000E+00    0.50249E-02 -146.13         test_N    
.6200E+00     5.000  0.395E+01   0.36246E-01   0.00000E+00   0.10000E+00    0.50249E-02 -160.97         test_N    
.6300E+00     5.000  0.382E+01   0.33393E-01   0.00000E+00   0.10000E+00    0.50249E-02 -175.70         test_N    
.6400E+00     5.000  0.369E+01   0.30695E-01   0.00000E+00   0.10000E+00    0.50249E-02 -190.23         test_N    
.6500E+00     5.000  0.357E+01   0.28148E-01   0.00000E+00   0.10000E+00    0.50249E-02 -204.46         test_N    
.6600E+00     5.000  0.346E+01   0.25751E-01   0.00000E+00   0.10000E+00    0.50249E-02 -218.34         test_N    
.6700E+00     5.000  0.334E+01   0.23497E-01   0.00000E+00   0.10000E+00    0.50249E-02 -231.79         test_N    
.6800E+00     5.000  0.323E+01   0.21384E-01   0.00000E+00   0.10000E+00    0.50249E-02 -244.77         test_N    
.6900E+00     5.000  0.313E+01   0.19406E-01   0.00000E+00   0.10000E+00    0.50249E-02 -257.25         test_N    
.7000E+00     5.000  0.302E+01   0.17559E-01   0.00000E+00   0.10000E+00    0.17692E-02 *******         test_N    
.7100E+00     5.000  0.292E+01   0.15837E-01   0.00000E+00   0.10000E+00    0.50249E-02 -280.53         test_N    
.7200E+00     5.000  0.283E+01   0.14237E-01   0.00000E+00   0.10000E+00    0.50249E-02 -291.30         test_N    
.7300E+00     5.000  0.273E+01   0.12752E-01   0.00000E+00   0.10000E+00    0.50249E-02 -301.47         test_N    
.7400E+00     5.000  0.264E+01   0.11378E-01   0.00000E+00   0.10000E+00    0.50249E-02 -311.05         test_N    
.7500E+00     5.000  0.255E+01   0.10110E-01   0.00000E+00   0.10000E+00    0.50249E-02 -320.01         test_N    
.7600E+00     5.000  0.246E+01   0.89412E-02   0.00000E+00   0.10000E+00    0.50249E-02 -328.38         test_N    
.7700E+00     5.000  0.238E+01   0.78687E-02   0.00000E+00   0.10000E+00    0.50249E-02 -336.17         test_N    
.7800E+00     5.000  0.229E+01   0.68873E-02   0.00000E+00   0.10000E+00    0.50249E-02 -343.37         test_N    
.7900E+00     5.000  0.221E+01   0.59909E-02   0.00000E+00   0.10000E+00    0.50249E-02 -350.01         test_N    
.8000E+00     5.000  0.213E+01   0.51762E-02   0.00000E+00   0.10000E+00    0.17692E-02 *******         test_N    
.8100E+00     5.000  0.205E+01   0.44384E-02   0.00000E+00   0.10000E+00    0.50249E-02 -361.66         test_N    
.8200E+00     5.000  0.198E+01   0.37743E-02   0.00000E+00   0.10000E+00    0.50249E-02 -366.71         test_N    
.8300E+00     5.000  0.191E+01   0.31793E-02   0.00000E+00   0.10000E+00    0.50249E-02 -371.26         test_N    
.8400E+00     5.000  0.183E+01   0.26483E-02   0.00000E+00   0.10000E+00    0.50249E-02 -375.34         test_N    
.8500E+00     5.000  0.176E+01   0.21800E-02   0.00000E+00   0.10000E+00    0.50249E-02 -378.96         test_N    
.8600E+00     5.000  0.170E+01   0.17677E-02   0.00000E+00   0.10000E+00    0.50249E-02 -382.16         test_N    
.8700E+00     5.000  0.163E+01   0.14101E-02   0.00000E+00   0.10000E+00    0.50249E-02 -384.95         test_N    
.8800E+00     5.000  0.156E+01   0.11034E-02   0.00000E+00   0.10000E+00    0.50249E-02 -387.35         test_N    
.8900E+00     5.000  0.150E+01   0.84301E-03   0.00000E+00   0.10000E+00    0.50249E-02 -389.39         test_N    
.9000E+00     5.000  0.144E+01   0.62729E-03   0.00000E+00   0.10000E+00    0.17692E-02 *******         test_N    
.9100E+00     5.000  0.138E+01   0.45014E-03   0.00000E+00   0.10000E+00    0.50249E-02 -392.48         test_N    
.9200E+00     5.000  0.132E+01   0.30993E-03   0.00000E+00   0.10000E+00    0.50249E-02 -393.59         test_N    
.9300E+00     5.000  0.126E+01   0.20225E-03   0.00000E+00   0.10000E+00    0.50249E-02 -394.44         test_N    
.9400E+00     5.000  0.120E+01   0.12228E-03   0.00000E+00   0.10000E+00    0.50249E-02 -395.07         test_N    
.9500E+00     5.000  0.114E+01   0.67981E-04   0.00000E+00   0.10000E+00    0.50249E-02 -395.50         test_N    
.9600E+00     5.000  0.109E+01   0.31428E-04   0.00000E+00   0.10000E+00    0.50249E-02 -395.79         test_N    
.9700E+00     5.000  0.104E+01   0.11321E-04   0.00000E+00   0.10000E+00    0.50249E-02 -395.95         test_N    
.9800E+00     5.000  0.984E+00   0.35739E-05   0.00000E+00   0.10000E+00    0.50249E-02 -396.01         test_N    
.9900E+00     5.000  0.932E+00   0.28240E-05   0.00000E+00   0.10000E+00    0.50249E-02 -396.02         test_N    
.1000E+01     5.000  0.882E+00   0.00000E+00   0.00000E+00   0.10000E+00    0.50249E-02 -396.04         test_N    
.1000E+00    10.000  0.909E+02   0.32926E+00   0.00000E+00   0.10000E+00    0.50249E-02 2081.64         test_N    
.1100E+00    10.000  0.818E+02   0.32113E+00   0.00000E+00   0.10000E+00    0.50249E-02 1936.61         test_N    
.1200E+00    10.000  0.742E+02   0.31324E+00   0.00000E+00   0.10000E+00    0.50249E-02 1800.80         test_N    
.1300E+00    10.000  0.678E+02   0.30539E+00   0.00000E+00   0.10000E+00    0.50249E-02 1670.77         test_N    
.1400E+00    10.000  0.623E+02   0.29754E+00   0.00000E+00   0.10000E+00    0.50249E-02 1545.43         test_N    
.1500E+00    10.000  0.575E+02   0.28973E+00   0.00000E+00   0.10000E+00    0.50249E-02 1425.67         test_N    
.1600E+00    10.000  0.534E+02   0.28197E+00   0.00000E+00   0.10000E+00    0.50249E-02 1311.47         test_N    
.1700E+00    10.000  0.497E+02   0.27428E+00   0.00000E+00   0.10000E+00    0.50249E-02 1202.98         test_N    
.1800E+00    10.000  0.464E+02   0.26668E+00   0.00000E+00   0.10000E+00    0.50249E-02 1100.33         test_N    
.1900E+00    10.000  0.435E+02   0.25918E+00   0.00000E+00   0.10000E+00    0.50249E-02 1003.55         test_N    
.2000E+00    10.000  0.409E+02   0.25179E+00   0.00000E+00   0.10000E+00    0.50249E-02  912.47         test_N    
.2100E+00    10.000  0.385E+02   0.24451E+00   0.00000E+00   0.10000E+00    0.50249E-02  827.04         test_N    
.2200E+00    10.000  0.363E+02   0.23734E+00   0.00000E+00   0.10000E+00    0.50249E-02  747.02         test_N    
.2300E+00    10.000  0.344E+02   0.23028E+00   0.00000E+00   0.10000E+00    0.50249E-02  672.20         test_N    
.2400E+00    10.000  0.325E+02   0.22333E+00   0.00000E+00   0.10000E+00    0.50249E-02  602.37         test_N    
.2500E+00    10.000  0.309E+02   0.21648E+00   0.00000E+00   0.10000E+00    0.50249E-02  537.32         test_N    
.2600E+00    10.000  0.293E+02   0.20972E+00   0.00000E+00   0.10000E+00    0.50249E-02  476.76         test_N    
.2700E+00    10.000  0.279E+02   0.20305E+00   0.00000E+00   0.10000E+00    0.50249E-02  420.56         test_N    
.2800E+00    10.000  0.266E+02   0.19647E+00   0.00000E+00   0.10000E+00    0.50249E-02  368.56         test_N    
.2900E+00    10.000  0.254E+02   0.18996E+00   0.00000E+00   0.10000E+00    0.50249E-02  320.48         test_N    
.3000E+00    10.000  0.242E+02   0.18352E+00   0.00000E+00   0.10000E+00    0.18868E-02 1959.28         test_N    
.3100E+00    10.000  0.231E+02   0.17713E+00   0.00000E+00   0.10000E+00    0.50249E-02  235.62         test_N    
.3200E+00    10.000  0.221E+02   0.17081E+00   0.00000E+00   0.10000E+00    0.50249E-02  198.57         test_N    
.3300E+00    10.000  0.212E+02   0.16454E+00   0.00000E+00   0.10000E+00    0.50249E-02  164.98         test_N    
.3400E+00    10.000  0.203E+02   0.15833E+00   0.00000E+00   0.10000E+00    0.50249E-02  134.73         test_N    
.3500E+00    10.000  0.195E+02   0.15217E+00   0.00000E+00   0.10000E+00    0.50249E-02  107.80         test_N    
.3600E+00    10.000  0.187E+02   0.14607E+00   0.00000E+00   0.10000E+00    0.50249E-02   84.06         test_N    
.3700E+00    10.000  0.179E+02   0.14003E+00   0.00000E+00   0.10000E+00    0.50249E-02   63.47         test_N    
.3800E+00    10.000  0.172E+02   0.13406E+00   0.00000E+00   0.10000E+00    0.50249E-02   45.95         test_N    
.3900E+00    10.000  0.165E+02   0.12816E+00   0.00000E+00   0.10000E+00    0.50249E-02   31.42         test_N    
.4000E+00    10.000  0.159E+02   0.12235E+00   0.00000E+00   0.10000E+00    0.17692E-02  159.55         test_N    
.4100E+00    10.000  0.153E+02   0.11662E+00   0.00000E+00   0.10000E+00    0.50249E-02   10.94         test_N    
.4200E+00    10.000  0.147E+02   0.11099E+00   0.00000E+00   0.10000E+00    0.50249E-02    4.78         test_N    
.4300E+00    10.000  0.141E+02   0.10546E+00   0.00000E+00   0.10000E+00    0.50249E-02    1.18         test_N    
.4400E+00    10.000  0.136E+02   0.10004E+00   0.00000E+00   0.10000E+00    0.50249E-02    0.00         test_N    
.4500E+00    10.000  0.131E+02   0.94748E-01   0.00000E+00   0.10000E+00    0.50249E-02   -1.09         test_N    
.4600E+00    10.000  0.126E+02   0.89585E-01   0.00000E+00   0.10000E+00    0.50249E-02   -4.30         test_N    
.4700E+00    10.000  0.122E+02   0.84557E-01   0.00000E+00   0.10000E+00    0.50249E-02   -9.45         test_N    
.4800E+00    10.000  0.117E+02   0.79671E-01   0.00000E+00   0.10000E+00    0.50249E-02  -16.37         test_N    
.4900E+00    10.000  0.113E+02   0.74936E-01   0.00000E+00   0.10000E+00    0.50249E-02  -24.88         test_N    
.5000E+00    10.000  0.109E+02   0.70353E-01   0.00000E+00   0.10000E+00    0.17692E-02 -280.81         test_N    
.5100E+00    10.000  0.105E+02   0.65934E-01   0.00000E+00   0.10000E+00    0.50249E-02  -45.96         test_N    
.5200E+00    10.000  0.101E+02   0.61675E-01   0.00000E+00   0.10000E+00    0.50249E-02  -58.17         test_N    
.5300E+00    10.000  0.975E+01   0.57583E-01   0.00000E+00   0.10000E+00    0.50249E-02  -71.26         test_N    
.5400E+00    10.000  0.940E+01   0.53661E-01   0.00000E+00   0.10000E+00    0.50249E-02  -85.04         test_N    
.5500E+00    10.000  0.906E+01   0.49905E-01   0.00000E+00   0.10000E+00    0.50249E-02  -99.38         test_N    
.5600E+00    10.000  0.874E+01   0.46324E-01   0.00000E+00   0.10000E+00    0.50249E-02 -114.10         test_N    
.5700E+00    10.000  0.843E+01   0.42912E-01   0.00000E+00   0.10000E+00    0.50249E-02 -129.07         test_N    
.5800E+00    10.000  0.812E+01   0.39668E-01   0.00000E+00   0.10000E+00    0.50249E-02 -144.15         test_N    
.5900E+00    10.000  0.783E+01   0.36594E-01   0.00000E+00   0.10000E+00    0.50249E-02 -159.22         test_N    
.6000E+00    10.000  0.755E+01   0.33684E-01   0.00000E+00   0.10000E+00    0.17692E-02 *******         test_N    
.6100E+00    10.000  0.728E+01   0.30938E-01   0.00000E+00   0.10000E+00    0.50249E-02 -188.90         test_N    
.6200E+00    10.000  0.701E+01   0.28351E-01   0.00000E+00   0.10000E+00    0.50249E-02 -203.31         test_N    
.6300E+00    10.000  0.675E+01   0.25919E-01   0.00000E+00   0.10000E+00    0.50249E-02 -217.35         test_N    
.6400E+00    10.000  0.651E+01   0.23639E-01   0.00000E+00   0.10000E+00    0.50249E-02 -230.93         test_N    
.6500E+00    10.000  0.627E+01   0.21505E-01   0.00000E+00   0.10000E+00    0.50249E-02 -244.02         test_N    
.6600E+00    10.000  0.603E+01   0.19512E-01   0.00000E+00   0.10000E+00    0.50249E-02 -256.56         test_N    
.6700E+00    10.000  0.581E+01   0.17657E-01   0.00000E+00   0.10000E+00    0.50249E-02 -268.53         test_N    
.6800E+00    10.000  0.559E+01   0.15932E-01   0.00000E+00   0.10000E+00    0.50249E-02 -279.90         test_N    
.6900E+00    10.000  0.537E+01   0.14333E-01   0.00000E+00   0.10000E+00    0.50249E-02 -290.65         test_N    
.7000E+00    10.000  0.517E+01   0.12854E-01   0.00000E+00   0.10000E+00    0.17692E-02 *******         test_N    
.7100E+00    10.000  0.497E+01   0.11488E-01   0.00000E+00   0.10000E+00    0.50249E-02 -310.27         test_N    
.7200E+00    10.000  0.477E+01   0.10231E-01   0.00000E+00   0.10000E+00    0.50249E-02 -319.15         test_N    
.7300E+00    10.000  0.458E+01   0.90769E-02   0.00000E+00   0.10000E+00    0.50249E-02 -327.41         test_N    
.7400E+00    10.000  0.440E+01   0.80193E-02   0.00000E+00   0.10000E+00    0.50249E-02 -335.07         test_N    
.7500E+00    10.000  0.422E+01   0.70545E-02   0.00000E+00   0.10000E+00    0.50249E-02 -342.13         test_N    
.7600E+00    10.000  0.404E+01   0.61745E-02   0.00000E+00   0.10000E+00    0.50249E-02 -348.64         test_N    
.7700E+00    10.000  0.387E+01   0.53765E-02   0.00000E+00   0.10000E+00    0.50249E-02 -354.60         test_N    
.7800E+00    10.000  0.370E+01   0.46548E-02   0.00000E+00   0.10000E+00    0.50249E-02 -360.03         test_N    
.7900E+00    10.000  0.354E+01   0.40037E-02   0.00000E+00   0.10000E+00    0.50249E-02 -364.96         test_N    
.8000E+00    10.000  0.338E+01   0.34195E-02   0.00000E+00   0.10000E+00    0.17692E-02 *******         test_N    
.8100E+00    10.000  0.323E+01   0.28972E-02   0.00000E+00   0.10000E+00    0.50249E-02 -373.42         test_N    
.8200E+00    10.000  0.308E+01   0.24334E-02   0.00000E+00   0.10000E+00    0.50249E-02 -377.00         test_N    
.8300E+00    10.000  0.293E+01   0.20238E-02   0.00000E+00   0.10000E+00    0.50249E-02 -380.17         test_N    
.8400E+00    10.000  0.279E+01   0.16636E-02   0.00000E+00   0.10000E+00    0.50249E-02 -382.97         test_N    
.8500E+00    10.000  0.265E+01   0.13508E-02   0.00000E+00   0.10000E+00    0.50249E-02 -385.41         test_N    
.8600E+00    10.000  0.251E+01   0.10797E-02   0.00000E+00   0.10000E+00    0.50249E-02 -387.53         test_N    
.8700E+00    10.000  0.238E+01   0.84854E-03   0.00000E+00   0.10000E+00    0.50249E-02 -389.35         test_N    
.8800E+00    10.000  0.225E+01   0.65366E-03   0.00000E+00   0.10000E+00    0.50249E-02 -390.88         test_N    
.8900E+00    10.000  0.212E+01   0.49121E-03   0.00000E+00   0.10000E+00    0.50249E-02 -392.16         test_N    
.9000E+00    10.000  0.199E+01   0.35931E-03   0.00000E+00   0.10000E+00    0.17692E-02 *******         test_N    
.9100E+00    10.000  0.187E+01   0.25300E-03   0.00000E+00   0.10000E+00    0.50249E-02 -394.04         test_N    
.9200E+00    10.000  0.175E+01   0.17074E-03   0.00000E+00   0.10000E+00    0.50249E-02 -394.69         test_N    
.9300E+00    10.000  0.163E+01   0.10904E-03   0.00000E+00   0.10000E+00    0.50249E-02 -395.18         test_N    
.9400E+00    10.000  0.152E+01   0.64249E-04   0.00000E+00   0.10000E+00    0.50249E-02 -395.53         test_N    
.9500E+00    10.000  0.141E+01   0.34859E-04   0.00000E+00   0.10000E+00    0.50249E-02 -395.76         test_N    
.9600E+00    10.000  0.130E+01   0.15496E-04   0.00000E+00   0.10000E+00    0.50249E-02 -395.92         test_N    
.9700E+00    10.000  0.119E+01   0.53510E-05   0.00000E+00   0.10000E+00    0.50249E-02 -396.00         test_N    
.9800E+00    10.000  0.109E+01   0.18648E-05   0.00000E+00   0.10000E+00    0.50249E-02 -396.02         test_N    
.9900E+00    10.000  0.983E+00   0.18293E-05   0.00000E+00   0.10000E+00    0.50249E-02 -396.03         test_N    
.1000E+01    10.000  0.882E+00   0.00000E+00   0.00000E+00   0.10000E+00    0.50249E-02 -396.04         test_N    
.1000E+00    20.000  0.181E+03   0.33373E+00   0.00000E+00   0.10000E+00    0.50249E-02 2163.51         test_N    
.1100E+00    20.000  0.163E+03   0.32349E+00   0.00000E+00   0.10000E+00    0.50249E-02 1978.13         test_N    
.1200E+00    20.000  0.148E+03   0.31370E+00   0.00000E+00   0.10000E+00    0.50249E-02 1808.69         test_N    
.1300E+00    20.000  0.135E+03   0.30425E+00   0.00000E+00   0.10000E+00    0.50249E-02 1652.18         test_N    
.1400E+00    20.000  0.124E+03   0.29499E+00   0.00000E+00   0.10000E+00    0.50249E-02 1505.86         test_N    
.1500E+00    20.000  0.114E+03   0.28600E+00   0.00000E+00   0.10000E+00    0.50249E-02 1370.14         test_N    
.1600E+00    20.000  0.106E+03   0.27720E+00   0.00000E+00   0.10000E+00    0.50249E-02 1243.51         test_N    
.1700E+00    20.000  0.985E+02   0.26861E+00   0.00000E+00   0.10000E+00    0.50249E-02 1125.85         test_N    
.1800E+00    20.000  0.920E+02   0.26022E+00   0.00000E+00   0.10000E+00    0.50249E-02 1016.63         test_N    
.1900E+00    20.000  0.861E+02   0.25202E+00   0.00000E+00   0.10000E+00    0.50249E-02  915.28         test_N    
.2000E+00    20.000  0.809E+02   0.24402E+00   0.00000E+00   0.10000E+00    0.50249E-02  821.44         test_N    
.2100E+00    20.000  0.761E+02   0.23619E+00   0.00000E+00   0.10000E+00    0.50249E-02  734.56         test_N    
.2200E+00    20.000  0.718E+02   0.22853E+00   0.00000E+00   0.10000E+00    0.50249E-02  654.28         test_N    
.2300E+00    20.000  0.678E+02   0.22104E+00   0.00000E+00   0.10000E+00    0.50249E-02  580.19         test_N    
.2400E+00    20.000  0.642E+02   0.21369E+00   0.00000E+00   0.10000E+00    0.50249E-02  511.87         test_N    
.2500E+00    20.000  0.609E+02   0.20648E+00   0.00000E+00   0.10000E+00    0.50249E-02  449.05         test_N    
.2600E+00    20.000  0.578E+02   0.19940E+00   0.00000E+00   0.10000E+00    0.50249E-02  391.30         test_N    
.2700E+00    20.000  0.550E+02   0.19244E+00   0.00000E+00   0.10000E+00    0.50249E-02  338.43         test_N    
.2800E+00    20.000  0.523E+02   0.18559E+00   0.00000E+00   0.10000E+00    0.50249E-02  290.15         test_N    
.2900E+00    20.000  0.498E+02   0.17885E+00   0.00000E+00   0.10000E+00    0.50249E-02  246.20         test_N    
.3000E+00    20.000  0.475E+02   0.17220E+00   0.00000E+00   0.10000E+00    0.18868E-02 1464.11         test_N    
.3100E+00    20.000  0.454E+02   0.16564E+00   0.00000E+00   0.10000E+00    0.50249E-02  170.64         test_N    
.3200E+00    20.000  0.434E+02   0.15918E+00   0.00000E+00   0.10000E+00    0.50249E-02  138.69         test_N    
.3300E+00    20.000  0.415E+02   0.15280E+00   0.00000E+00   0.10000E+00    0.50249E-02  110.41         test_N    
.3400E+00    20.000  0.397E+02   0.14650E+00   0.00000E+00   0.10000E+00    0.50249E-02   85.65         test_N    
.3500E+00    20.000  0.380E+02   0.14030E+00   0.00000E+00   0.10000E+00    0.50249E-02   64.32         test_N    
.3600E+00    20.000  0.364E+02   0.13418E+00   0.00000E+00   0.10000E+00    0.50249E-02   46.27         test_N    
.3700E+00    20.000  0.349E+02   0.12815E+00   0.00000E+00   0.10000E+00    0.50249E-02   31.39         test_N    
.3800E+00    20.000  0.335E+02   0.12223E+00   0.00000E+00   0.10000E+00    0.50249E-02   19.57         test_N    
.3900E+00    20.000  0.322E+02   0.11640E+00   0.00000E+00   0.10000E+00    0.50249E-02   10.66         test_N    
.4000E+00    20.000  0.309E+02   0.11069E+00   0.00000E+00   0.10000E+00    0.17692E-02   36.51         test_N    
.4100E+00    20.000  0.297E+02   0.10509E+00   0.00000E+00   0.10000E+00    0.50249E-02    1.03         test_N    
.4200E+00    20.000  0.285E+02   0.99621E-01   0.00000E+00   0.10000E+00    0.50249E-02   -0.01         test_N    
.4300E+00    20.000  0.274E+02   0.94279E-01   0.00000E+00   0.10000E+00    0.50249E-02   -1.30         test_N    
.4400E+00    20.000  0.263E+02   0.89075E-01   0.00000E+00   0.10000E+00    0.50249E-02   -4.73         test_N    
.4500E+00    20.000  0.253E+02   0.84014E-01   0.00000E+00   0.10000E+00    0.50249E-02  -10.12         test_N    
.4600E+00    20.000  0.244E+02   0.79106E-01   0.00000E+00   0.10000E+00    0.50249E-02  -17.29         test_N    
.4700E+00    20.000  0.234E+02   0.74352E-01   0.00000E+00   0.10000E+00    0.50249E-02  -26.05         test_N    
.4800E+00    20.000  0.225E+02   0.69758E-01   0.00000E+00   0.10000E+00    0.50249E-02  -36.22         test_N    
.4900E+00    20.000  0.217E+02   0.65330E-01   0.00000E+00   0.10000E+00    0.50249E-02  -47.61         test_N    
.5000E+00    20.000  0.209E+02   0.61067E-01   0.00000E+00   0.10000E+00    0.17692E-02 -484.28         test_N    
.5100E+00    20.000  0.201E+02   0.56978E-01   0.00000E+00   0.10000E+00    0.50249E-02  -73.30         test_N    
.5200E+00    20.000  0.193E+02   0.53059E-01   0.00000E+00   0.10000E+00    0.50249E-02  -87.27         test_N    
.5300E+00    20.000  0.186E+02   0.49314E-01   0.00000E+00   0.10000E+00    0.50249E-02 -101.75         test_N    
.5400E+00    20.000  0.179E+02   0.45743E-01   0.00000E+00   0.10000E+00    0.50249E-02 -116.59         test_N    
.5500E+00    20.000  0.172E+02   0.42344E-01   0.00000E+00   0.10000E+00    0.50249E-02 -131.65         test_N    
.5600E+00    20.000  0.166E+02   0.39118E-01   0.00000E+00   0.10000E+00    0.50249E-02 -146.79         test_N    
.5700E+00    20.000  0.160E+02   0.36062E-01   0.00000E+00   0.10000E+00    0.50249E-02 -161.90         test_N    
.5800E+00    20.000  0.154E+02   0.33174E-01   0.00000E+00   0.10000E+00    0.50249E-02 -176.86         test_N    
.5900E+00    20.000  0.148E+02   0.30450E-01   0.00000E+00   0.10000E+00    0.50249E-02 -191.57         test_N    
.6000E+00    20.000  0.142E+02   0.27887E-01   0.00000E+00   0.10000E+00    0.17692E-02 *******         test_N    
.6100E+00    20.000  0.137E+02   0.25481E-01   0.00000E+00   0.10000E+00    0.50249E-02 -219.92         test_N    
.6200E+00    20.000  0.131E+02   0.23228E-01   0.00000E+00   0.10000E+00    0.50249E-02 -233.42         test_N    
.6300E+00    20.000  0.126E+02   0.21122E-01   0.00000E+00   0.10000E+00    0.50249E-02 -246.41         test_N    
.6400E+00    20.000  0.121E+02   0.19159E-01   0.00000E+00   0.10000E+00    0.50249E-02 -258.83         test_N    
.6500E+00    20.000  0.117E+02   0.17332E-01   0.00000E+00   0.10000E+00    0.50249E-02 -270.65         test_N    
.6600E+00    20.000  0.112E+02   0.15637E-01   0.00000E+00   0.10000E+00    0.50249E-02 -281.87         test_N    
.6700E+00    20.000  0.107E+02   0.14067E-01   0.00000E+00   0.10000E+00    0.50249E-02 -292.45         test_N    
.6800E+00    20.000  0.103E+02   0.12618E-01   0.00000E+00   0.10000E+00    0.50249E-02 -302.40         test_N    
.6900E+00    20.000  0.987E+01   0.11282E-01   0.00000E+00   0.10000E+00    0.50249E-02 -311.72         test_N    
.7000E+00    20.000  0.945E+01   0.10054E-01   0.00000E+00   0.10000E+00    0.17692E-02 *******         test_N    
.7100E+00    20.000  0.905E+01   0.89281E-02   0.00000E+00   0.10000E+00    0.50249E-02 -328.48         test_N    
.7200E+00    20.000  0.866E+01   0.78987E-02   0.00000E+00   0.10000E+00    0.50249E-02 -335.95         test_N    
.7300E+00    20.000  0.828E+01   0.69602E-02   0.00000E+00   0.10000E+00    0.50249E-02 -342.83         test_N    
.7400E+00    20.000  0.791E+01   0.61062E-02   0.00000E+00   0.10000E+00    0.50249E-02 -349.15         test_N    
.7500E+00    20.000  0.755E+01   0.53330E-02   0.00000E+00   0.10000E+00    0.50249E-02 -354.92         test_N    
.7600E+00    20.000  0.720E+01   0.46330E-02   0.00000E+00   0.10000E+00    0.50249E-02 -360.19         test_N    
.7700E+00    20.000  0.686E+01   0.40032E-02   0.00000E+00   0.10000E+00    0.50249E-02 -364.97         test_N    
.7800E+00    20.000  0.652E+01   0.34383E-02   0.00000E+00   0.10000E+00    0.50249E-02 -369.27         test_N    
.7900E+00    20.000  0.620E+01   0.29330E-02   0.00000E+00   0.10000E+00    0.50249E-02 -373.15         test_N    
.8000E+00    20.000  0.588E+01   0.24839E-02   0.00000E+00   0.10000E+00    0.17692E-02 *******         test_N    
.8100E+00    20.000  0.557E+01   0.20858E-02   0.00000E+00   0.10000E+00    0.50249E-02 -379.69         test_N    
.8200E+00    20.000  0.527E+01   0.17358E-02   0.00000E+00   0.10000E+00    0.50249E-02 -382.41         test_N    
.8300E+00    20.000  0.498E+01   0.14298E-02   0.00000E+00   0.10000E+00    0.50249E-02 -384.80         test_N    
.8400E+00    20.000  0.469E+01   0.11636E-02   0.00000E+00   0.10000E+00    0.50249E-02 -386.88         test_N    
.8500E+00    20.000  0.441E+01   0.93504E-03   0.00000E+00   0.10000E+00    0.50249E-02 -388.67         test_N    
.8600E+00    20.000  0.414E+01   0.73912E-03   0.00000E+00   0.10000E+00    0.50249E-02 -390.21         test_N    
.8700E+00    20.000  0.387E+01   0.57421E-03   0.00000E+00   0.10000E+00    0.50249E-02 -391.50         test_N    
.8800E+00    20.000  0.361E+01   0.43698E-03   0.00000E+00   0.10000E+00    0.50249E-02 -392.59         test_N    
.8900E+00    20.000  0.335E+01   0.32412E-03   0.00000E+00   0.10000E+00    0.50249E-02 -393.48         test_N    
.9000E+00    20.000  0.310E+01   0.23391E-03   0.00000E+00   0.10000E+00    0.17692E-02 *******         test_N    
.9100E+00    20.000  0.286E+01   0.16220E-03   0.00000E+00   0.10000E+00    0.50249E-02 -394.76         test_N    
.9200E+00    20.000  0.262E+01   0.10771E-03   0.00000E+00   0.10000E+00    0.50249E-02 -395.19         test_N    
.9300E+00    20.000  0.239E+01   0.67585E-04   0.00000E+00   0.10000E+00    0.50249E-02 -395.50         test_N    
.9400E+00    20.000  0.216E+01   0.38982E-04   0.00000E+00   0.10000E+00    0.50249E-02 -395.73         test_N    
.9500E+00    20.000  0.193E+01   0.20739E-04   0.00000E+00   0.10000E+00    0.50249E-02 -395.88         test_N    
.9600E+00    20.000  0.172E+01   0.89211E-05   0.00000E+00   0.10000E+00    0.50249E-02 -395.97         test_N    
.9700E+00    20.000  0.150E+01   0.29868E-05   0.00000E+00   0.10000E+00    0.50249E-02 -396.02         test_N    
.9800E+00    20.000  0.129E+01   0.11689E-05   0.00000E+00   0.10000E+00    0.50249E-02 -396.03         test_N    
.9900E+00    20.000  0.108E+01   0.13159E-05   0.00000E+00   0.10000E+00    0.50249E-02 -396.03         test_N    
.1000E+01    20.000  0.882E+00   0.00000E+00   0.00000E+00   0.10000E+00    0.50249E-02 -396.04         test_N    
.1000E+00    50.000  0.451E+03   0.33678E+00   0.00000E+00   0.10000E+00    0.50249E-02 2220.38         test_N    
.1100E+00    50.000  0.405E+03   0.32410E+00   0.00000E+00   0.10000E+00    0.50249E-02 1989.01         test_N    
.1200E+00    50.000  0.368E+03   0.31228E+00   0.00000E+00   0.10000E+00    0.50249E-02 1784.67         test_N    
.1300E+00    50.000  0.335E+03   0.30110E+00   0.00000E+00   0.10000E+00    0.50249E-02 1601.69         test_N    
.1400E+00    50.000  0.308E+03   0.29037E+00   0.00000E+00   0.10000E+00    0.50249E-02 1435.27         test_N    
.1500E+00    50.000  0.284E+03   0.28013E+00   0.00000E+00   0.10000E+00    0.50249E-02 1285.03         test_N    
.1600E+00    50.000  0.263E+03   0.27024E+00   0.00000E+00   0.10000E+00    0.50249E-02 1147.80         test_N    
.1700E+00    50.000  0.245E+03   0.26072E+00   0.00000E+00   0.10000E+00    0.50249E-02 1023.04         test_N    
.1800E+00    50.000  0.229E+03   0.25154E+00   0.00000E+00   0.10000E+00    0.50249E-02  909.44         test_N    
.1900E+00    50.000  0.214E+03   0.24264E+00   0.00000E+00   0.10000E+00    0.50249E-02  805.81         test_N    
.2000E+00    50.000  0.201E+03   0.23404E+00   0.00000E+00   0.10000E+00    0.50249E-02  711.50         test_N    
.2100E+00    50.000  0.189E+03   0.22567E+00   0.00000E+00   0.10000E+00    0.50249E-02  625.48         test_N    
.2200E+00    50.000  0.178E+03   0.21755E+00   0.00000E+00   0.10000E+00    0.50249E-02  547.24         test_N    
.2300E+00    50.000  0.168E+03   0.20965E+00   0.00000E+00   0.10000E+00    0.50249E-02  476.14         test_N    
.2400E+00    50.000  0.159E+03   0.20194E+00   0.00000E+00   0.10000E+00    0.50249E-02  411.56         test_N    
.2500E+00    50.000  0.151E+03   0.19443E+00   0.00000E+00   0.10000E+00    0.50249E-02  353.13         test_N    
.2600E+00    50.000  0.143E+03   0.18708E+00   0.00000E+00   0.10000E+00    0.50249E-02  300.30         test_N    
.2700E+00    50.000  0.136E+03   0.17989E+00   0.00000E+00   0.10000E+00    0.50249E-02  252.78         test_N    
.2800E+00    50.000  0.129E+03   0.17286E+00   0.00000E+00   0.10000E+00    0.50249E-02  210.22         test_N    
.2900E+00    50.000  0.123E+03   0.16596E+00   0.00000E+00   0.10000E+00    0.50249E-02  172.29         test_N    
.3000E+00    50.000  0.118E+03   0.15920E+00   0.00000E+00   0.10000E+00    0.18868E-02  984.31         test_N    
.3100E+00    50.000  0.112E+03   0.15256E+00   0.00000E+00   0.10000E+00    0.50249E-02  109.39         test_N    
.3200E+00    50.000  0.107E+03   0.14604E+00   0.00000E+00   0.10000E+00    0.50249E-02   83.96         test_N    
.3300E+00    50.000  0.102E+03   0.13965E+00   0.00000E+00   0.10000E+00    0.50249E-02   62.26         test_N    
.3400E+00    50.000  0.979E+02   0.13338E+00   0.00000E+00   0.10000E+00    0.50249E-02   44.12         test_N    
.3500E+00    50.000  0.937E+02   0.12723E+00   0.00000E+00   0.10000E+00    0.50249E-02   29.36         test_N    
.3600E+00    50.000  0.898E+02   0.12120E+00   0.00000E+00   0.10000E+00    0.50249E-02   17.80         test_N    
.3700E+00    50.000  0.860E+02   0.11530E+00   0.00000E+00   0.10000E+00    0.50249E-02    9.27         test_N    
.3800E+00    50.000  0.825E+02   0.10952E+00   0.00000E+00   0.10000E+00    0.50249E-02    3.59         test_N    
.3900E+00    50.000  0.791E+02   0.10389E+00   0.00000E+00   0.10000E+00    0.50249E-02    0.60         test_N    
.4000E+00    50.000  0.759E+02   0.98388E-01   0.00000E+00   0.10000E+00    0.17692E-02   -0.83         test_N    
.4100E+00    50.000  0.728E+02   0.93036E-01   0.00000E+00   0.10000E+00    0.50249E-02   -1.92         test_N    
.4200E+00    50.000  0.699E+02   0.87832E-01   0.00000E+00   0.10000E+00    0.50249E-02   -5.86         test_N    
.4300E+00    50.000  0.672E+02   0.82781E-01   0.00000E+00   0.10000E+00    0.50249E-02  -11.74         test_N    
.4400E+00    50.000  0.645E+02   0.77890E-01   0.00000E+00   0.10000E+00    0.50249E-02  -19.36         test_N    
.4500E+00    50.000  0.620E+02   0.73160E-01   0.00000E+00   0.10000E+00    0.50249E-02  -28.53         test_N    
.4600E+00    50.000  0.596E+02   0.68599E-01   0.00000E+00   0.10000E+00    0.50249E-02  -39.05         test_N    
.4700E+00    50.000  0.573E+02   0.64206E-01   0.00000E+00   0.10000E+00    0.50249E-02  -50.74         test_N    
.4800E+00    50.000  0.550E+02   0.59985E-01   0.00000E+00   0.10000E+00    0.50249E-02  -63.41         test_N    
.4900E+00    50.000  0.529E+02   0.55939E-01   0.00000E+00   0.10000E+00    0.50249E-02  -76.88         test_N    
.5000E+00    50.000  0.509E+02   0.52066E-01   0.00000E+00   0.10000E+00    0.17692E-02 -734.08         test_N    
.5100E+00    50.000  0.489E+02   0.48370E-01   0.00000E+00   0.10000E+00    0.50249E-02 -105.57         test_N    
.5200E+00    50.000  0.470E+02   0.44849E-01   0.00000E+00   0.10000E+00    0.50249E-02 -120.46         test_N    
.5300E+00    50.000  0.452E+02   0.41501E-01   0.00000E+00   0.10000E+00    0.50249E-02 -135.53         test_N    
.5400E+00    50.000  0.435E+02   0.38326E-01   0.00000E+00   0.10000E+00    0.50249E-02 -150.64         test_N    
.5500E+00    50.000  0.418E+02   0.35320E-01   0.00000E+00   0.10000E+00    0.50249E-02 -165.68         test_N    
.5600E+00    50.000  0.402E+02   0.32483E-01   0.00000E+00   0.10000E+00    0.50249E-02 -180.54         test_N    
.5700E+00    50.000  0.386E+02   0.29809E-01   0.00000E+00   0.10000E+00    0.50249E-02 -195.12         test_N    
.5800E+00    50.000  0.371E+02   0.27295E-01   0.00000E+00   0.10000E+00    0.50249E-02 -209.34         test_N    
.5900E+00    50.000  0.356E+02   0.24938E-01   0.00000E+00   0.10000E+00    0.50249E-02 -223.14         test_N    
.6000E+00    50.000  0.342E+02   0.22731E-01   0.00000E+00   0.10000E+00    0.17692E-02 *******         test_N    
.6100E+00    50.000  0.328E+02   0.20671E-01   0.00000E+00   0.10000E+00    0.50249E-02 -249.23         test_N    
.6200E+00    50.000  0.315E+02   0.18751E-01   0.00000E+00   0.10000E+00    0.50249E-02 -261.44         test_N    
.6300E+00    50.000  0.302E+02   0.16967E-01   0.00000E+00   0.10000E+00    0.50249E-02 -273.05         test_N    
.6400E+00    50.000  0.290E+02   0.15312E-01   0.00000E+00   0.10000E+00    0.50249E-02 -284.04         test_N    
.6500E+00    50.000  0.278E+02   0.13781E-01   0.00000E+00   0.10000E+00    0.50249E-02 -294.40         test_N    
.6600E+00    50.000  0.266E+02   0.12368E-01   0.00000E+00   0.10000E+00    0.50249E-02 -304.13         test_N    
.6700E+00    50.000  0.255E+02   0.11067E-01   0.00000E+00   0.10000E+00    0.50249E-02 -313.23         test_N    
.6800E+00    50.000  0.244E+02   0.98723E-02   0.00000E+00   0.10000E+00    0.50249E-02 -321.70         test_N    
.6900E+00    50.000  0.233E+02   0.87775E-02   0.00000E+00   0.10000E+00    0.50249E-02 -329.57         test_N    
.7000E+00    50.000  0.223E+02   0.77777E-02   0.00000E+00   0.10000E+00    0.17692E-02 *******         test_N    
.7100E+00    50.000  0.213E+02   0.68655E-02   0.00000E+00   0.10000E+00    0.50249E-02 -343.53         test_N    
.7200E+00    50.000  0.203E+02   0.60371E-02   0.00000E+00   0.10000E+00    0.50249E-02 -349.66         test_N    
.7300E+00    50.000  0.194E+02   0.52865E-02   0.00000E+00   0.10000E+00    0.50249E-02 -355.27         test_N    
.7400E+00    50.000  0.184E+02   0.46079E-02   0.00000E+00   0.10000E+00    0.50249E-02 -360.38         test_N    
.7500E+00    50.000  0.175E+02   0.39977E-02   0.00000E+00   0.10000E+00    0.50249E-02 -365.01         test_N    
.7600E+00    50.000  0.167E+02   0.34489E-02   0.00000E+00   0.10000E+00    0.50249E-02 -369.19         test_N    
.7700E+00    50.000  0.158E+02   0.29588E-02   0.00000E+00   0.10000E+00    0.50249E-02 -372.95         test_N    
.7800E+00    50.000  0.150E+02   0.25225E-02   0.00000E+00   0.10000E+00    0.50249E-02 -376.31         test_N    
.7900E+00    50.000  0.142E+02   0.21352E-02   0.00000E+00   0.10000E+00    0.50249E-02 -379.31         test_N    
.8000E+00    50.000  0.134E+02   0.17938E-02   0.00000E+00   0.10000E+00    0.17692E-02 *******         test_N    
.8100E+00    50.000  0.126E+02   0.14937E-02   0.00000E+00   0.10000E+00    0.50249E-02 -384.30         test_N    
.8200E+00    50.000  0.119E+02   0.12322E-02   0.00000E+00   0.10000E+00    0.50249E-02 -386.34         test_N    
.8300E+00    50.000  0.111E+02   0.10057E-02   0.00000E+00   0.10000E+00    0.50249E-02 -388.11         test_N    
.8400E+00    50.000  0.104E+02   0.81061E-03   0.00000E+00   0.10000E+00    0.50249E-02 -389.64         test_N    
.8500E+00    50.000  0.971E+01   0.64488E-03   0.00000E+00   0.10000E+00    0.50249E-02 -390.95         test_N    
.8600E+00    50.000  0.902E+01   0.50430E-03   0.00000E+00   0.10000E+00    0.50249E-02 -392.06         test_N    
.8700E+00    50.000  0.835E+01   0.38739E-03   0.00000E+00   0.10000E+00    0.50249E-02 -392.98         test_N    
.8800E+00    50.000  0.770E+01   0.29130E-03   0.00000E+00   0.10000E+00    0.50249E-02 -393.74         test_N    
.8900E+00    50.000  0.706E+01   0.21328E-03   0.00000E+00   0.10000E+00    0.50249E-02 -394.35         test_N    
.9000E+00    50.000  0.644E+01   0.15186E-03   0.00000E+00   0.10000E+00    0.17692E-02 *******         test_N    
.9100E+00    50.000  0.583E+01   0.10370E-03   0.00000E+00   0.10000E+00    0.50249E-02 -395.22         test_N    
.9200E+00    50.000  0.523E+01   0.67738E-04   0.00000E+00   0.10000E+00    0.50249E-02 -395.50         test_N    
.9300E+00    50.000  0.465E+01   0.41742E-04   0.00000E+00   0.10000E+00    0.50249E-02 -395.71         test_N    
.9400E+00    50.000  0.407E+01   0.23542E-04   0.00000E+00   0.10000E+00    0.50249E-02 -395.85         test_N    
.9500E+00    50.000  0.351E+01   0.12282E-04   0.00000E+00   0.10000E+00    0.50249E-02 -395.94         test_N    
.9600E+00    50.000  0.297E+01   0.51025E-05   0.00000E+00   0.10000E+00    0.50249E-02 -396.00         test_N    
.9700E+00    50.000  0.243E+01   0.16658E-05   0.00000E+00   0.10000E+00    0.50249E-02 -396.03         test_N    
.9800E+00    50.000  0.190E+01   0.76300E-06   0.00000E+00   0.10000E+00    0.50249E-02 -396.03         test_N    
.9900E+00    50.000  0.139E+01   0.95586E-06   0.00000E+00   0.10000E+00    0.50249E-02 -396.03         test_N    
.1000E+01    50.000  0.882E+00   0.00000E+00   0.00000E+00   0.10000E+00    0.50249E-02 -396.04         test_N    
.1000E+00   100.000  0.901E+03   0.33768E+00   0.00000E+00   0.10000E+00    0.50249E-02 2237.34         test_N    
.1100E+00   100.000  0.810E+03   0.32346E+00   0.00000E+00   0.10000E+00    0.50249E-02 1977.56         test_N    
.1200E+00   100.000  0.734E+03   0.31035E+00   0.00000E+00   0.10000E+00    0.50249E-02 1752.41         test_N    
.1300E+00   100.000  0.670E+03   0.29810E+00   0.00000E+00   0.10000E+00    0.50249E-02 1554.24         test_N    
.1400E+00   100.000  0.615E+03   0.28645E+00   0.00000E+00   0.10000E+00    0.50249E-02 1376.81         test_N    
.1500E+00   100.000  0.568E+03   0.27545E+00   0.00000E+00   0.10000E+00    0.50249E-02 1219.12         test_N    
.1600E+00   100.000  0.526E+03   0.26490E+00   0.00000E+00   0.10000E+00    0.50249E-02 1076.88         test_N    
.1700E+00   100.000  0.489E+03   0.25482E+00   0.00000E+00   0.10000E+00    0.50249E-02  949.24         test_N    
.1800E+00   100.000  0.456E+03   0.24515E+00   0.00000E+00   0.10000E+00    0.50249E-02  834.41         test_N    
.1900E+00   100.000  0.427E+03   0.23584E+00   0.00000E+00   0.10000E+00    0.50249E-02  730.81         test_N    
.2000E+00   100.000  0.401E+03   0.22688E+00   0.00000E+00   0.10000E+00    0.50249E-02  637.61         test_N    
.2100E+00   100.000  0.377E+03   0.21822E+00   0.00000E+00   0.10000E+00    0.50249E-02  553.47         test_N    
.2200E+00   100.000  0.355E+03   0.20983E+00   0.00000E+00   0.10000E+00    0.50249E-02  477.77         test_N    
.2300E+00   100.000  0.336E+03   0.20171E+00   0.00000E+00   0.10000E+00    0.50249E-02  409.71         test_N    
.2400E+00   100.000  0.318E+03   0.19382E+00   0.00000E+00   0.10000E+00    0.50249E-02  348.58         test_N    
.2500E+00   100.000  0.301E+03   0.18615E+00   0.00000E+00   0.10000E+00    0.50249E-02  293.93         test_N    
.2600E+00   100.000  0.285E+03   0.17867E+00   0.00000E+00   0.10000E+00    0.50249E-02  245.12         test_N    
.2700E+00   100.000  0.271E+03   0.17139E+00   0.00000E+00   0.10000E+00    0.50249E-02  201.83         test_N    
.2800E+00   100.000  0.258E+03   0.16428E+00   0.00000E+00   0.10000E+00    0.50249E-02  163.63         test_N    
.2900E+00   100.000  0.246E+03   0.15733E+00   0.00000E+00   0.10000E+00    0.50249E-02  130.17         test_N    
.3000E+00   100.000  0.234E+03   0.15055E+00   0.00000E+00   0.10000E+00    0.18868E-02  717.66         test_N    
.3100E+00   100.000  0.223E+03   0.14391E+00   0.00000E+00   0.10000E+00    0.50249E-02   76.35         test_N    
.3200E+00   100.000  0.213E+03   0.13742E+00   0.00000E+00   0.10000E+00    0.50249E-02   55.44         test_N    
.3300E+00   100.000  0.204E+03   0.13107E+00   0.00000E+00   0.10000E+00    0.50249E-02   38.23         test_N    
.3400E+00   100.000  0.195E+03   0.12486E+00   0.00000E+00   0.10000E+00    0.50249E-02   24.48         test_N    
.3500E+00   100.000  0.187E+03   0.11880E+00   0.00000E+00   0.10000E+00    0.50249E-02   14.00         test_N    
.3600E+00   100.000  0.179E+03   0.11288E+00   0.00000E+00   0.10000E+00    0.50249E-02    6.57         test_N    
.3700E+00   100.000  0.171E+03   0.10711E+00   0.00000E+00   0.10000E+00    0.50249E-02    2.00         test_N    
.3800E+00   100.000  0.164E+03   0.10149E+00   0.00000E+00   0.10000E+00    0.50249E-02    0.09         test_N    
.3900E+00   100.000  0.157E+03   0.96017E-01   0.00000E+00   0.10000E+00    0.50249E-02   -0.63         test_N    
.4000E+00   100.000  0.151E+03   0.90700E-01   0.00000E+00   0.10000E+00    0.17692E-02  -27.64         test_N    
.4100E+00   100.000  0.145E+03   0.85543E-01   0.00000E+00   0.10000E+00    0.50249E-02   -8.28         test_N    
.4200E+00   100.000  0.139E+03   0.80548E-01   0.00000E+00   0.10000E+00    0.50249E-02  -14.99         test_N    
.4300E+00   100.000  0.133E+03   0.75719E-01   0.00000E+00   0.10000E+00    0.50249E-02  -23.35         test_N    
.4400E+00   100.000  0.128E+03   0.71060E-01   0.00000E+00   0.10000E+00    0.50249E-02  -33.17         test_N    
.4500E+00   100.000  0.123E+03   0.66571E-01   0.00000E+00   0.10000E+00    0.50249E-02  -44.26         test_N    
.4600E+00   100.000  0.118E+03   0.62257E-01   0.00000E+00   0.10000E+00    0.50249E-02  -56.42         test_N    
.4700E+00   100.000  0.114E+03   0.58118E-01   0.00000E+00   0.10000E+00    0.50249E-02  -69.47         test_N    
.4800E+00   100.000  0.109E+03   0.54155E-01   0.00000E+00   0.10000E+00    0.50249E-02  -83.24         test_N    
.4900E+00   100.000  0.105E+03   0.50370E-01   0.00000E+00   0.10000E+00    0.50249E-02  -97.55         test_N    
.5000E+00   100.000  0.101E+03   0.46759E-01   0.00000E+00   0.10000E+00    0.17692E-02 -905.61         test_N    
.5100E+00   100.000  0.970E+02   0.43326E-01   0.00000E+00   0.10000E+00    0.50249E-02 -127.20         test_N    
.5200E+00   100.000  0.932E+02   0.40066E-01   0.00000E+00   0.10000E+00    0.50249E-02 -142.26         test_N    
.5300E+00   100.000  0.896E+02   0.36977E-01   0.00000E+00   0.10000E+00    0.50249E-02 -157.30         test_N    
.5400E+00   100.000  0.861E+02   0.34057E-01   0.00000E+00   0.10000E+00    0.50249E-02 -172.22         test_N    
.5500E+00   100.000  0.827E+02   0.31302E-01   0.00000E+00   0.10000E+00    0.50249E-02 -186.91         test_N    
.5600E+00   100.000  0.795E+02   0.28710E-01   0.00000E+00   0.10000E+00    0.50249E-02 -201.28         test_N    
.5700E+00   100.000  0.763E+02   0.26275E-01   0.00000E+00   0.10000E+00    0.50249E-02 -215.26         test_N    
.5800E+00   100.000  0.733E+02   0.23994E-01   0.00000E+00   0.10000E+00    0.50249E-02 -228.79         test_N    
.5900E+00   100.000  0.704E+02   0.21860E-01   0.00000E+00   0.10000E+00    0.50249E-02 -241.81         test_N    
.6000E+00   100.000  0.675E+02   0.19870E-01   0.00000E+00   0.10000E+00    0.17692E-02 *******         test_N    
.6100E+00   100.000  0.648E+02   0.18018E-01   0.00000E+00   0.10000E+00    0.50249E-02 -266.18         test_N    
.6200E+00   100.000  0.622E+02   0.16298E-01   0.00000E+00   0.10000E+00    0.50249E-02 -277.47         test_N    
.6300E+00   100.000  0.596E+02   0.14704E-01   0.00000E+00   0.10000E+00    0.50249E-02 -288.13         test_N    
.6400E+00   100.000  0.571E+02   0.13231E-01   0.00000E+00   0.10000E+00    0.50249E-02 -298.17         test_N    
.6500E+00   100.000  0.547E+02   0.11873E-01   0.00000E+00   0.10000E+00    0.50249E-02 -307.58         test_N    
.6600E+00   100.000  0.524E+02   0.10623E-01   0.00000E+00   0.10000E+00    0.50249E-02 -316.37         test_N    
.6700E+00   100.000  0.501E+02   0.94758E-02   0.00000E+00   0.10000E+00    0.50249E-02 -324.54         test_N    
.6800E+00   100.000  0.479E+02   0.84259E-02   0.00000E+00   0.10000E+00    0.50249E-02 -332.11         test_N    
.6900E+00   100.000  0.458E+02   0.74671E-02   0.00000E+00   0.10000E+00    0.50249E-02 -339.10         test_N    
.7000E+00   100.000  0.437E+02   0.65946E-02   0.00000E+00   0.10000E+00    0.17692E-02 *******         test_N    
.7100E+00   100.000  0.417E+02   0.58012E-02   0.00000E+00   0.10000E+00    0.50249E-02 -351.42         test_N    
.7200E+00   100.000  0.398E+02   0.50832E-02   0.00000E+00   0.10000E+00    0.50249E-02 -356.80         test_N    
.7300E+00   100.000  0.379E+02   0.44351E-02   0.00000E+00   0.10000E+00    0.50249E-02 -361.69         test_N    
.7400E+00   100.000  0.360E+02   0.38513E-02   0.00000E+00   0.10000E+00    0.50249E-02 -366.12         test_N    
.7500E+00   100.000  0.342E+02   0.33284E-02   0.00000E+00   0.10000E+00    0.50249E-02 -370.12         test_N    
.7600E+00   100.000  0.325E+02   0.28599E-02   0.00000E+00   0.10000E+00    0.50249E-02 -373.71         test_N    
.7700E+00   100.000  0.308E+02   0.24433E-02   0.00000E+00   0.10000E+00    0.50249E-02 -376.92         test_N    
.7800E+00   100.000  0.291E+02   0.20740E-02   0.00000E+00   0.10000E+00    0.50249E-02 -379.78         test_N    
.7900E+00   100.000  0.275E+02   0.17476E-02   0.00000E+00   0.10000E+00    0.50249E-02 -382.32         test_N    
.8000E+00   100.000  0.259E+02   0.14614E-02   0.00000E+00   0.10000E+00    0.17692E-02 *******         test_N    
.8100E+00   100.000  0.243E+02   0.12109E-02   0.00000E+00   0.10000E+00    0.50249E-02 -386.51         test_N    
.8200E+00   100.000  0.228E+02   0.99378E-03   0.00000E+00   0.10000E+00    0.50249E-02 -388.21         test_N    
.8300E+00   100.000  0.214E+02   0.80677E-03   0.00000E+00   0.10000E+00    0.50249E-02 -389.68         test_N    
.8400E+00   100.000  0.199E+02   0.64653E-03   0.00000E+00   0.10000E+00    0.50249E-02 -390.94         test_N    
.8500E+00   100.000  0.185E+02   0.51129E-03   0.00000E+00   0.10000E+00    0.50249E-02 -392.00         test_N    
.8600E+00   100.000  0.172E+02   0.39726E-03   0.00000E+00   0.10000E+00    0.50249E-02 -392.90         test_N    
.8700E+00   100.000  0.158E+02   0.30311E-03   0.00000E+00   0.10000E+00    0.50249E-02 -393.64         test_N    
.8800E+00   100.000  0.145E+02   0.22629E-03   0.00000E+00   0.10000E+00    0.50249E-02 -394.25         test_N    
.8900E+00   100.000  0.132E+02   0.16438E-03   0.00000E+00   0.10000E+00    0.50249E-02 -394.74         test_N    
.9000E+00   100.000  0.120E+02   0.11610E-03   0.00000E+00   0.10000E+00    0.17692E-02 *******         test_N    
.9100E+00   100.000  0.108E+02   0.78520E-04   0.00000E+00   0.10000E+00    0.50249E-02 -395.42         test_N    
.9200E+00   100.000  0.958E+01   0.50773E-04   0.00000E+00   0.10000E+00    0.50249E-02 -395.64         test_N    
.9300E+00   100.000  0.841E+01   0.30938E-04   0.00000E+00   0.10000E+00    0.50249E-02 -395.79         test_N    
.9400E+00   100.000  0.726E+01   0.17202E-04   0.00000E+00   0.10000E+00    0.50249E-02 -395.90         test_N    
.9500E+00   100.000  0.614E+01   0.88699E-05   0.00000E+00   0.10000E+00    0.50249E-02 -395.97         test_N    
.9600E+00   100.000  0.505E+01   0.36051E-05   0.00000E+00   0.10000E+00    0.50249E-02 -396.01         test_N    
.9700E+00   100.000  0.397E+01   0.11657E-05   0.00000E+00   0.10000E+00    0.50249E-02 -396.03         test_N    
.9800E+00   100.000  0.292E+01   0.59990E-06   0.00000E+00   0.10000E+00    0.50249E-02 -396.03         test_N    
.9900E+00   100.000  0.189E+01   0.78769E-06   0.00000E+00   0.10000E+00    0.50249E-02 -396.03         test_N    
.1000E+01   100.000  0.882E+00   0.00000E+00   0.00000E+00   0.10000E+00    0.50249E-02 -396.04         test_N    



 CHI SQUARE=******** FOR  546 POINTS   CHISQ/NPTS=  521.14
 Signed chisquare total =-2921.90
 Modified residual =********


Summary normalization chi2 contributions

 data set     normalization        error         chisq


Summary chi2 per data set

 data set      chisq    _w     signd    _w     resid     _w   npts   chisq/pts  _w
test_N      284544.2         -2921.9        ********           546  521.14
------------------------------------------------------------------------------------
TOTAL       284544.2284544.2 -2921.9     0.0****************   546  521.14  521.14
TOTAL+norm  284544.2284544.2                                   546  521.14  521.14



            Momentum Sum Rule Check


      q2      alphas      xuv       xdv       xub       xdb       xsb       xcb       xbb      xglue     total
      1.69    0.3845    0.3222    0.1370    0.0551    0.0716    0.0253    0.0000    0.0000    0.3890    1.0002
    100.00    0.1784    0.2270    0.0966    0.0645    0.0761    0.0436    0.0257    0.0087    0.4549    0.9972
   1000.00    0.1407    0.0000    0.0000    0.0000    0.0000    0.0000    0.0000    0.0000    0.0000    0.0000
   8315.00    0.1180    0.0000    0.0000    0.0000    0.0000    0.0000    0.0000    0.0000    0.0000    0.0000


 Vector Boson Cross Sections

 sqrt(s)   sigma(W)    error    theory

   1960.     2.865     0.063       0.000     D0

   1960.     2.749     0.054       0.000     CDF

   7000.     9.95      0.29        0.000     CMS

   7000.     9.96      0.55        0.000     ATLAS

 sqrt(s)   sigma(Z)    error    theory

   1960.     .2649     .0094       0.000     D0

   1960.     .2549     .0057       0.000     CDF

   7000.     .931      0.035       0.000     CMS

   7000.     .82       0.08        0.000     ATLAS


