 Correlated errors added in quadrature with statistical errors
 test_P     DIS data with   1.69< Q2 < 0.500D+03 and 0.000 < xB < 1.000 and   0.00< W2 < 0.100D+05 and 0.000 < y < 1.000
   No TMC applied
   HT corrections, additive C=C(xB)

# fitpack15: fit output
# CJ15 AV18 final data choices                                                 

Parametrization   7 used here

 S-ACOT scheme used  for NC DIS

 charm mass =     1.30 GeV     bottom mass =     4.50 GeV



 THIS IS A NEXT TO LEADING ORDER FIT

 Q02=    1.69
         1  LAMBDA      VALUE=   0.22680      WEIGHT=    0.0000    
         2  a0uv        VALUE=    2.4067      WEIGHT=    0.0000    
         3  a1uv        VALUE=   0.61537      WEIGHT=   0.19856E-01
         4  a2uv        VALUE=    3.5433      WEIGHT=   0.12414E-01
         5  a3uv        VALUE=    0.0000      WEIGHT=    0.0000    
         6  a4uv        VALUE=    3.4609      WEIGHT=   0.42903    
         7  a5uv        VALUE=    0.0000      WEIGHT=    0.0000    
         8  a0dv        VALUE=    24.684      WEIGHT=    0.0000    
         9  a1dv        VALUE=    1.1595      WEIGHT=   0.33533E-01
        10  a2dv        VALUE=    6.5514      WEIGHT=   0.15936    
        11  a3dv        VALUE=   -3.5030      WEIGHT=   0.86332E-01
        12  a4dv        VALUE=    4.6787      WEIGHT=   0.14209    
        13  a5dv        VALUE=    0.0000      WEIGHT=    0.0000    
        14  a0ud        VALUE=   0.14658      WEIGHT=   0.50348E-02
        15  a1ud        VALUE=  -0.20775      WEIGHT=   0.37551E-02
        16  a2ud        VALUE=    8.3286      WEIGHT=   0.19114    
        17  a3ud        VALUE=    0.0000      WEIGHT=    0.0000    
        18  a4ud        VALUE=    14.606      WEIGHT=    1.2151    
        19  a5ud        VALUE=    0.0000      WEIGHT=    0.0000    
        20  a0du        VALUE=    35712.      WEIGHT=    0.0000    
        21  a1du        VALUE=    4.0249      WEIGHT=   0.74070E-01
        22  a2du        VALUE=    20.154      WEIGHT=   0.87862    
        23  a3du        VALUE=    17.000      WEIGHT=    0.0000    
        24  a4du        VALUE=    51.156      WEIGHT=    10.239    
        25  a0g         VALUE=    45.541      WEIGHT=    0.0000    
        26  a1g         VALUE=   0.60307      WEIGHT=   0.31164E-01
        27  a2g         VALUE=    6.4812      WEIGHT=   0.96748    
        28  a3g         VALUE=   -3.3064      WEIGHT=   0.13418    
        29  a4g         VALUE=    3.1721      WEIGHT=   0.31376    
        30  a5g         VALUE=    0.0000      WEIGHT=    0.0000    
        31  kappa       VALUE=   0.40000      WEIGHT=    0.0000    
        32  a6dv        VALUE=  -0.36005E-02  WEIGHT=   0.66324E-03
        33  a7dv        VALUE=    2.0000      WEIGHT=    0.0000    
        34  off1        VALUE=   -3.6735      WEIGHT=    1.5278    
        35  off2        VALUE=   0.57717E-01  WEIGHT=   0.14842E-01
        36  ht1         VALUE=   -3.2874      WEIGHT=   0.26061    
        37  ht2         VALUE=    1.9274      WEIGHT=   0.10524    
        38  ht3         VALUE=   -2.0701      WEIGHT=   0.19888E-01
        39  ht4         VALUE=    0.0000      WEIGHT=    0.0000    
        40  dummy40     VALUE=    0.0000      WEIGHT=    0.0000    
        41  dummy41     VALUE=    0.0000      WEIGHT=    0.0000    
        42  dummy42     VALUE=    0.0000      WEIGHT=    0.0000    
        43  dummy43     VALUE=    0.0000      WEIGHT=    0.0000    
        44  dummy44     VALUE=    0.0000      WEIGHT=    0.0000    
        45  dummy45     VALUE=    0.0000      WEIGHT=    0.0000    
        46  dummy46     VALUE=    0.0000      WEIGHT=    0.0000    
        47  dummy47     VALUE=    0.0000      WEIGHT=    0.0000    
        48  dummy48     VALUE=    0.0000      WEIGHT=    0.0000    
        49  dummy49     VALUE=    0.0000      WEIGHT=    0.0000    
        50  bcdmsh2     VALUE=   0.97307      WEIGHT=   0.48289E-02
        51  bcdmsd2     VALUE=   0.99317      WEIGHT=   0.58269E-02
        52  ccfr        VALUE=    1.0000      WEIGHT=    0.0000    
        53  nutev       VALUE=    1.0000      WEIGHT=    0.0000    
        54  zeus        VALUE=   0.97998      WEIGHT=    0.0000    
        55  h1          VALUE=    1.0162      WEIGHT=    0.0000    
        56  e605        VALUE=    1.0319      WEIGHT=    0.0000    
        57  NmcH2       VALUE=    1.0095      WEIGHT=   0.71247E-02
        58  ntv_nu      VALUE=    1.0000      WEIGHT=    0.0000    
        59  ntv_nubar   VALUE=    1.0000      WEIGHT=    0.0000    
        60  cdf_jet     VALUE=   0.98910      WEIGHT=    0.0000    
        61  d0_jet      VALUE=   0.83504      WEIGHT=    0.0000    
        62  slac_p      VALUE=    1.0049      WEIGHT=   0.48124E-02
        63  slac_d      VALUE=    1.0042      WEIGHT=   0.52781E-02
        64  e866pp      VALUE=   0.96586      WEIGHT=   0.19263E-01
        65  e866pd      VALUE=   0.96369      WEIGHT=   0.15783E-01
        66  d0_gamjet   VALUE=    1.0389      WEIGHT=   0.16474E-01
        67  h1b         VALUE=   0.97608      WEIGHT=    0.0000    
        68  jlab_p      VALUE=   0.99446      WEIGHT=   0.57943E-02
        69  jlab_d      VALUE=   0.97557      WEIGHT=   0.59019E-02
        70  blank       VALUE=    1.0000      WEIGHT=    0.0000    
        71  d0run2      VALUE=   0.94087      WEIGHT=   0.14167E-01
        72  cdfrun2     VALUE=   0.92649      WEIGHT=   0.17233E-01
        73  HERA_el     VALUE=    1.0000      WEIGHT=    0.0000    
        74  HERA_ps     VALUE=    1.0000      WEIGHT=    0.0000    
        75  CDF_Z       VALUE=   0.96581      WEIGHT=   0.64944E-02
        76  NmcRat      VALUE=    1.0000      WEIGHT=    0.0000    
        77  BNS_F2nd    VALUE=   0.98310      WEIGHT=   0.68314E-02
        78  HERMES_F2p  VALUE=   0.99832      WEIGHT=   0.55693E-02
        79  HERMES_F2d  VALUE=   0.98039      WEIGHT=   0.58259E-02
0THE TOLERANCE IS    0.1000
 THE MAXIMUM NUMBER OF STEPS IS 100
0THE INITIAL CHI SQUARED IS  2.24406E+06



     X        Q2         W2       THEORY        error         DATA           ERROR        chi^2     _w    ITYPE
.1000E+00     2.000  0.189E+02   0.33972E+00   0.00000E+00   0.10000E+00    0.50249E-02 2275.88         test_P    
.1100E+00     2.000  0.171E+02   0.33882E+00   0.00000E+00   0.10000E+00    0.50249E-02 2258.87         test_P    
.1200E+00     2.000  0.155E+02   0.33740E+00   0.00000E+00   0.10000E+00    0.50249E-02 2231.99         test_P    
.1300E+00     2.000  0.143E+02   0.33556E+00   0.00000E+00   0.10000E+00    0.50249E-02 2197.66         test_P    
.1400E+00     2.000  0.132E+02   0.33349E+00   0.00000E+00   0.10000E+00    0.50249E-02 2159.19         test_P    
.1500E+00     2.000  0.122E+02   0.33109E+00   0.00000E+00   0.10000E+00    0.50249E-02 2114.92         test_P    
.1600E+00     2.000  0.114E+02   0.32846E+00   0.00000E+00   0.10000E+00    0.50249E-02 2067.00         test_P    
.1700E+00     2.000  0.106E+02   0.32557E+00   0.00000E+00   0.10000E+00    0.50249E-02 2015.09         test_P    
.1800E+00     2.000  0.999E+01   0.32244E+00   0.00000E+00   0.10000E+00    0.50249E-02 1959.56         test_P    
.1900E+00     2.000  0.941E+01   0.31908E+00   0.00000E+00   0.10000E+00    0.50249E-02 1900.76         test_P    
.2000E+00     2.000  0.888E+01   0.31550E+00   0.00000E+00   0.10000E+00    0.50249E-02 1839.24         test_P    
.2100E+00     2.000  0.841E+01   0.31169E+00   0.00000E+00   0.10000E+00    0.50249E-02 1774.80         test_P    
.2200E+00     2.000  0.797E+01   0.30768E+00   0.00000E+00   0.10000E+00    0.50249E-02 1708.23         test_P    
.2300E+00     2.000  0.758E+01   0.30348E+00   0.00000E+00   0.10000E+00    0.50249E-02 1639.82         test_P    
.2400E+00     2.000  0.722E+01   0.29909E+00   0.00000E+00   0.10000E+00    0.50249E-02 1569.75         test_P    
.2500E+00     2.000  0.688E+01   0.29454E+00   0.00000E+00   0.10000E+00    0.50249E-02 1498.82         test_P    
.2600E+00     2.000  0.657E+01   0.28982E+00   0.00000E+00   0.10000E+00    0.50249E-02 1427.05         test_P    
.2700E+00     2.000  0.629E+01   0.28499E+00   0.00000E+00   0.10000E+00    0.50249E-02 1355.23         test_P    
.2800E+00     2.000  0.602E+01   0.28005E+00   0.00000E+00   0.10000E+00    0.50249E-02 1283.82         test_P    
.2900E+00     2.000  0.578E+01   0.27502E+00   0.00000E+00   0.10000E+00    0.50249E-02 1213.19         test_P    
.3000E+00     2.000  0.555E+01   0.26996E+00   0.00000E+00   0.10000E+00    0.18868E-02 8113.84         test_P    
.3100E+00     2.000  0.533E+01   0.26487E+00   0.00000E+00   0.10000E+00    0.50249E-02 1076.54         test_P    
.3200E+00     2.000  0.513E+01   0.25981E+00   0.00000E+00   0.10000E+00    0.50249E-02 1011.40         test_P    
.3300E+00     2.000  0.494E+01   0.25479E+00   0.00000E+00   0.10000E+00    0.50249E-02  948.95         test_P    
.3400E+00     2.000  0.476E+01   0.24987E+00   0.00000E+00   0.10000E+00    0.50249E-02  889.57         test_P    
.3500E+00     2.000  0.460E+01   0.24507E+00   0.00000E+00   0.10000E+00    0.50249E-02  833.53         test_P    
.3600E+00     2.000  0.444E+01   0.24045E+00   0.00000E+00   0.10000E+00    0.50249E-02  781.18         test_P    
.3700E+00     2.000  0.429E+01   0.23601E+00   0.00000E+00   0.10000E+00    0.50249E-02  732.67         test_P    
.3800E+00     2.000  0.414E+01   0.23182E+00   0.00000E+00   0.10000E+00    0.50249E-02  688.19         test_P    
.3900E+00     2.000  0.401E+01   0.22790E+00   0.00000E+00   0.10000E+00    0.50249E-02  647.90         test_P    
.4000E+00     2.000  0.388E+01   0.22429E+00   0.00000E+00   0.10000E+00    0.17692E-02 4935.73         test_P    
.4100E+00     2.000  0.376E+01   0.22103E+00   0.00000E+00   0.10000E+00    0.50249E-02  580.17         test_P    
.4200E+00     2.000  0.364E+01   0.21815E+00   0.00000E+00   0.10000E+00    0.50249E-02  552.89         test_P    
.4300E+00     2.000  0.353E+01   0.21569E+00   0.00000E+00   0.10000E+00    0.50249E-02  530.07         test_P    
.4400E+00     2.000  0.343E+01   0.21368E+00   0.00000E+00   0.10000E+00    0.50249E-02  511.81         test_P    
.4500E+00     2.000  0.333E+01   0.21215E+00   0.00000E+00   0.10000E+00    0.50249E-02  498.16         test_P    
.4600E+00     2.000  0.323E+01   0.21115E+00   0.00000E+00   0.10000E+00    0.50249E-02  489.31         test_P    
.4700E+00     2.000  0.314E+01   0.21071E+00   0.00000E+00   0.10000E+00    0.50249E-02  485.40         test_P    
.4800E+00     2.000  0.305E+01   0.21085E+00   0.00000E+00   0.10000E+00    0.50249E-02  486.66         test_P    
.4900E+00     2.000  0.296E+01   0.21162E+00   0.00000E+00   0.10000E+00    0.50249E-02  493.47         test_P    
.5000E+00     2.000  0.288E+01   0.21305E+00   0.00000E+00   0.10000E+00    0.17692E-02 4083.42         test_P    
.5100E+00     2.000  0.280E+01   0.21518E+00   0.00000E+00   0.10000E+00    0.50249E-02  525.43         test_P    
.5200E+00     2.000  0.273E+01   0.21804E+00   0.00000E+00   0.10000E+00    0.50249E-02  551.81         test_P    
.5300E+00     2.000  0.266E+01   0.22166E+00   0.00000E+00   0.10000E+00    0.50249E-02  586.15         test_P    
.5400E+00     2.000  0.259E+01   0.22608E+00   0.00000E+00   0.10000E+00    0.50249E-02  629.50         test_P    
.5500E+00     2.000  0.252E+01   0.23132E+00   0.00000E+00   0.10000E+00    0.50249E-02  682.97         test_P    
.5600E+00     2.000  0.245E+01   0.23744E+00   0.00000E+00   0.10000E+00    0.50249E-02  748.06         test_P    
.5700E+00     2.000  0.239E+01   0.24445E+00   0.00000E+00   0.10000E+00    0.50249E-02  826.32         test_P    
.5800E+00     2.000  0.233E+01   0.25239E+00   0.00000E+00   0.10000E+00    0.50249E-02  919.66         test_P    
.5900E+00     2.000  0.227E+01   0.26129E+00   0.00000E+00   0.10000E+00    0.50249E-02 1030.29         test_P    
.6000E+00     2.000  0.222E+01   0.27119E+00   0.00000E+00   0.10000E+00    0.17692E-02 9362.60         test_P    
.6100E+00     2.000  0.216E+01   0.28211E+00   0.00000E+00   0.10000E+00    0.50249E-02 1313.48         test_P    
.6200E+00     2.000  0.211E+01   0.29409E+00   0.00000E+00   0.10000E+00    0.50249E-02 1491.99         test_P    
.6300E+00     2.000  0.206E+01   0.30716E+00   0.00000E+00   0.10000E+00    0.50249E-02 1699.63         test_P    
.6400E+00     2.000  0.201E+01   0.32135E+00   0.00000E+00   0.10000E+00    0.50249E-02 1940.36         test_P    
.6500E+00     2.000  0.196E+01   0.33667E+00   0.00000E+00   0.10000E+00    0.50249E-02 2218.37         test_P    
.6600E+00     2.000  0.191E+01   0.35318E+00   0.00000E+00   0.10000E+00    0.50249E-02 2538.56         test_P    
.6700E+00     2.000  0.187E+01   0.37088E+00   0.00000E+00   0.10000E+00    0.50249E-02 2905.97         test_P    
.6800E+00     2.000  0.182E+01   0.38981E+00   0.00000E+00   0.10000E+00    0.50249E-02 3326.31         test_P    
.6900E+00     2.000  0.178E+01   0.40999E+00   0.00000E+00   0.10000E+00    0.50249E-02 3805.80         test_P    
.7000E+00     2.000  0.174E+01   0.43145E+00   0.00000E+00   0.10000E+00    0.17692E-02 *******         test_P    
.7100E+00     2.000  0.170E+01   0.45422E+00   0.00000E+00   0.10000E+00    0.50249E-02 4969.23         test_P    
.7200E+00     2.000  0.166E+01   0.47831E+00   0.00000E+00   0.10000E+00    0.50249E-02 5668.17         test_P    
.7300E+00     2.000  0.162E+01   0.50375E+00   0.00000E+00   0.10000E+00    0.50249E-02 6456.14         test_P    
.7400E+00     2.000  0.158E+01   0.53057E+00   0.00000E+00   0.10000E+00    0.50249E-02 7342.15         test_P    
.7500E+00     2.000  0.155E+01   0.55877E+00   0.00000E+00   0.10000E+00    0.50249E-02 8335.51         test_P    
.7600E+00     2.000  0.151E+01   0.58839E+00   0.00000E+00   0.10000E+00    0.50249E-02 9446.59         test_P    
.7700E+00     2.000  0.148E+01   0.61944E+00   0.00000E+00   0.10000E+00    0.50249E-02 *******         test_P    
.7800E+00     2.000  0.145E+01   0.65194E+00   0.00000E+00   0.10000E+00    0.50249E-02 *******         test_P    
.7900E+00     2.000  0.141E+01   0.68591E+00   0.00000E+00   0.10000E+00    0.50249E-02 *******         test_P    
.8000E+00     2.000  0.138E+01   0.72136E+00   0.00000E+00   0.10000E+00    0.17692E-02 *******         test_P    
.8100E+00     2.000  0.135E+01   0.75831E+00   0.00000E+00   0.10000E+00    0.50249E-02 *******         test_P    
.8200E+00     2.000  0.132E+01   0.79678E+00   0.00000E+00   0.10000E+00    0.50249E-02 *******         test_P    
.8300E+00     2.000  0.129E+01   0.83678E+00   0.00000E+00   0.10000E+00    0.50249E-02 *******         test_P    
.8400E+00     2.000  0.126E+01   0.87832E+00   0.00000E+00   0.10000E+00    0.50249E-02 *******         test_P    
.8500E+00     2.000  0.123E+01   0.92140E+00   0.00000E+00   0.10000E+00    0.50249E-02 *******         test_P    
.8600E+00     2.000  0.121E+01   0.96606E+00   0.00000E+00   0.10000E+00    0.50249E-02 *******         test_P    
.8700E+00     2.000  0.118E+01   0.10123E+01   0.00000E+00   0.10000E+00    0.50249E-02 *******         test_P    
.8800E+00     2.000  0.115E+01   0.10601E+01   0.00000E+00   0.10000E+00    0.50249E-02 *******         test_P    
.8900E+00     2.000  0.113E+01   0.11095E+01   0.00000E+00   0.10000E+00    0.50249E-02 *******         test_P    
.9000E+00     2.000  0.110E+01   0.11605E+01   0.00000E+00   0.10000E+00    0.17692E-02 *******         test_P    
.9100E+00     2.000  0.108E+01   0.12131E+01   0.00000E+00   0.10000E+00    0.50249E-02 *******         test_P    
.9200E+00     2.000  0.106E+01   0.12673E+01   0.00000E+00   0.10000E+00    0.50249E-02 *******         test_P    
.9300E+00     2.000  0.103E+01   0.13231E+01   0.00000E+00   0.10000E+00    0.50249E-02 *******         test_P    
.9400E+00     2.000  0.101E+01   0.13805E+01   0.00000E+00   0.10000E+00    0.50249E-02 *******         test_P    
.9500E+00     2.000  0.987E+00   0.14395E+01   0.00000E+00   0.10000E+00    0.50249E-02 *******         test_P    
.9600E+00     2.000  0.965E+00   0.15002E+01   0.00000E+00   0.10000E+00    0.50249E-02 *******         test_P    
.9700E+00     2.000  0.944E+00   0.15624E+01   0.00000E+00   0.10000E+00    0.50249E-02 *******         test_P    
.9800E+00     2.000  0.923E+00   0.16263E+01   0.00000E+00   0.10000E+00    0.50249E-02 *******         test_P    
.9900E+00     2.000  0.902E+00   0.16918E+01   0.00000E+00   0.10000E+00    0.50249E-02 *******         test_P    
.1000E+01     2.000  0.882E+00   0.17589E+01   0.00000E+00   0.10000E+00    0.50249E-02 *******         test_P    
.1000E+00     5.000  0.459E+02   0.36885E+00   0.00000E+00   0.10000E+00    0.50249E-02 2862.48         test_P    
.1100E+00     5.000  0.413E+02   0.36566E+00   0.00000E+00   0.10000E+00    0.50249E-02 2795.05         test_P    
.1200E+00     5.000  0.375E+02   0.36243E+00   0.00000E+00   0.10000E+00    0.50249E-02 2727.59         test_P    
.1300E+00     5.000  0.343E+02   0.35912E+00   0.00000E+00   0.10000E+00    0.50249E-02 2659.08         test_P    
.1400E+00     5.000  0.316E+02   0.35572E+00   0.00000E+00   0.10000E+00    0.50249E-02 2589.86         test_P    
.1500E+00     5.000  0.292E+02   0.35222E+00   0.00000E+00   0.10000E+00    0.50249E-02 2519.49         test_P    
.1600E+00     5.000  0.271E+02   0.34857E+00   0.00000E+00   0.10000E+00    0.50249E-02 2446.99         test_P    
.1700E+00     5.000  0.253E+02   0.34477E+00   0.00000E+00   0.10000E+00    0.50249E-02 2372.70         test_P    
.1800E+00     5.000  0.237E+02   0.34079E+00   0.00000E+00   0.10000E+00    0.50249E-02 2296.24         test_P    
.1900E+00     5.000  0.222E+02   0.33660E+00   0.00000E+00   0.10000E+00    0.50249E-02 2217.08         test_P    
.2000E+00     5.000  0.209E+02   0.33223E+00   0.00000E+00   0.10000E+00    0.50249E-02 2135.91         test_P    
.2100E+00     5.000  0.197E+02   0.32761E+00   0.00000E+00   0.10000E+00    0.50249E-02 2051.81         test_P    
.2200E+00     5.000  0.186E+02   0.32279E+00   0.00000E+00   0.10000E+00    0.50249E-02 1965.77         test_P    
.2300E+00     5.000  0.176E+02   0.31776E+00   0.00000E+00   0.10000E+00    0.50249E-02 1877.92         test_P    
.2400E+00     5.000  0.167E+02   0.31249E+00   0.00000E+00   0.10000E+00    0.50249E-02 1788.21         test_P    
.2500E+00     5.000  0.159E+02   0.30703E+00   0.00000E+00   0.10000E+00    0.50249E-02 1697.46         test_P    
.2600E+00     5.000  0.151E+02   0.30135E+00   0.00000E+00   0.10000E+00    0.50249E-02 1605.67         test_P    
.2700E+00     5.000  0.144E+02   0.29550E+00   0.00000E+00   0.10000E+00    0.50249E-02 1513.63         test_P    
.2800E+00     5.000  0.137E+02   0.28948E+00   0.00000E+00   0.10000E+00    0.50249E-02 1421.84         test_P    
.2900E+00     5.000  0.131E+02   0.28330E+00   0.00000E+00   0.10000E+00    0.50249E-02 1330.70         test_P    
.3000E+00     5.000  0.125E+02   0.27701E+00   0.00000E+00   0.10000E+00    0.18868E-02 8801.11         test_P    
.3100E+00     5.000  0.120E+02   0.27061E+00   0.00000E+00   0.10000E+00    0.50249E-02 1152.78         test_P    
.3200E+00     5.000  0.115E+02   0.26413E+00   0.00000E+00   0.10000E+00    0.50249E-02 1066.93         test_P    
.3300E+00     5.000  0.110E+02   0.25761E+00   0.00000E+00   0.10000E+00    0.50249E-02  983.76         test_P    
.3400E+00     5.000  0.106E+02   0.25106E+00   0.00000E+00   0.10000E+00    0.50249E-02  903.68         test_P    
.3500E+00     5.000  0.102E+02   0.24450E+00   0.00000E+00   0.10000E+00    0.50249E-02  826.98         test_P    
.3600E+00     5.000  0.977E+01   0.23798E+00   0.00000E+00   0.10000E+00    0.50249E-02  754.03         test_P    
.3700E+00     5.000  0.940E+01   0.23151E+00   0.00000E+00   0.10000E+00    0.50249E-02  684.97         test_P    
.3800E+00     5.000  0.904E+01   0.22512E+00   0.00000E+00   0.10000E+00    0.50249E-02  620.00         test_P    
.3900E+00     5.000  0.870E+01   0.21883E+00   0.00000E+00   0.10000E+00    0.50249E-02  559.27         test_P    
.4000E+00     5.000  0.838E+01   0.21267E+00   0.00000E+00   0.10000E+00    0.17692E-02 4055.83         test_P    
.4100E+00     5.000  0.808E+01   0.20666E+00   0.00000E+00   0.10000E+00    0.50249E-02  450.59         test_P    
.4200E+00     5.000  0.779E+01   0.20083E+00   0.00000E+00   0.10000E+00    0.50249E-02  402.64         test_P    
.4300E+00     5.000  0.751E+01   0.19519E+00   0.00000E+00   0.10000E+00    0.50249E-02  358.88         test_P    
.4400E+00     5.000  0.725E+01   0.18978E+00   0.00000E+00   0.10000E+00    0.50249E-02  319.21         test_P    
.4500E+00     5.000  0.699E+01   0.18460E+00   0.00000E+00   0.10000E+00    0.50249E-02  283.45         test_P    
.4600E+00     5.000  0.675E+01   0.17969E+00   0.00000E+00   0.10000E+00    0.50249E-02  251.51         test_P    
.4700E+00     5.000  0.652E+01   0.17506E+00   0.00000E+00   0.10000E+00    0.50249E-02  223.15         test_P    
.4800E+00     5.000  0.630E+01   0.17074E+00   0.00000E+00   0.10000E+00    0.50249E-02  198.19         test_P    
.4900E+00     5.000  0.609E+01   0.16675E+00   0.00000E+00   0.10000E+00    0.50249E-02  176.44         test_P    
.5000E+00     5.000  0.588E+01   0.16309E+00   0.00000E+00   0.10000E+00    0.17692E-02 1271.85         test_P    
.5100E+00     5.000  0.569E+01   0.15981E+00   0.00000E+00   0.10000E+00    0.50249E-02  141.68         test_P    
.5200E+00     5.000  0.550E+01   0.15691E+00   0.00000E+00   0.10000E+00    0.50249E-02  128.28         test_P    
.5300E+00     5.000  0.532E+01   0.15442E+00   0.00000E+00   0.10000E+00    0.50249E-02  117.27         test_P    
.5400E+00     5.000  0.514E+01   0.15234E+00   0.00000E+00   0.10000E+00    0.50249E-02  108.51         test_P    
.5500E+00     5.000  0.497E+01   0.15071E+00   0.00000E+00   0.10000E+00    0.50249E-02  101.84         test_P    
.5600E+00     5.000  0.481E+01   0.14953E+00   0.00000E+00   0.10000E+00    0.50249E-02   97.17         test_P    
.5700E+00     5.000  0.465E+01   0.14883E+00   0.00000E+00   0.10000E+00    0.50249E-02   94.43         test_P    
.5800E+00     5.000  0.450E+01   0.14862E+00   0.00000E+00   0.10000E+00    0.50249E-02   93.61         test_P    
.5900E+00     5.000  0.436E+01   0.14891E+00   0.00000E+00   0.10000E+00    0.50249E-02   94.75         test_P    
.6000E+00     5.000  0.422E+01   0.14972E+00   0.00000E+00   0.10000E+00    0.17692E-02  789.89         test_P    
.6100E+00     5.000  0.408E+01   0.15107E+00   0.00000E+00   0.10000E+00    0.50249E-02  103.30         test_P    
.6200E+00     5.000  0.395E+01   0.15297E+00   0.00000E+00   0.10000E+00    0.50249E-02  111.12         test_P    
.6300E+00     5.000  0.382E+01   0.15543E+00   0.00000E+00   0.10000E+00    0.50249E-02  121.68         test_P    
.6400E+00     5.000  0.369E+01   0.15846E+00   0.00000E+00   0.10000E+00    0.50249E-02  135.36         test_P    
.6500E+00     5.000  0.357E+01   0.16208E+00   0.00000E+00   0.10000E+00    0.50249E-02  152.64         test_P    
.6600E+00     5.000  0.346E+01   0.16630E+00   0.00000E+00   0.10000E+00    0.50249E-02  174.09         test_P    
.6700E+00     5.000  0.334E+01   0.17113E+00   0.00000E+00   0.10000E+00    0.50249E-02  200.35         test_P    
.6800E+00     5.000  0.323E+01   0.17657E+00   0.00000E+00   0.10000E+00    0.50249E-02  232.18         test_P    
.6900E+00     5.000  0.313E+01   0.18264E+00   0.00000E+00   0.10000E+00    0.50249E-02  270.46         test_P    
.7000E+00     5.000  0.302E+01   0.18934E+00   0.00000E+00   0.10000E+00    0.17692E-02 2550.20         test_P    
.7100E+00     5.000  0.292E+01   0.19669E+00   0.00000E+00   0.10000E+00    0.50249E-02  370.28         test_P    
.7200E+00     5.000  0.283E+01   0.20469E+00   0.00000E+00   0.10000E+00    0.50249E-02  434.09         test_P    
.7300E+00     5.000  0.273E+01   0.21335E+00   0.00000E+00   0.10000E+00    0.50249E-02  508.85         test_P    
.7400E+00     5.000  0.264E+01   0.22267E+00   0.00000E+00   0.10000E+00    0.50249E-02  595.98         test_P    
.7500E+00     5.000  0.255E+01   0.23266E+00   0.00000E+00   0.10000E+00    0.50249E-02  696.98         test_P    
.7600E+00     5.000  0.246E+01   0.24332E+00   0.00000E+00   0.10000E+00    0.50249E-02  813.54         test_P    
.7700E+00     5.000  0.238E+01   0.25467E+00   0.00000E+00   0.10000E+00    0.50249E-02  947.38         test_P    
.7800E+00     5.000  0.229E+01   0.26669E+00   0.00000E+00   0.10000E+00    0.50249E-02 1100.37         test_P    
.7900E+00     5.000  0.221E+01   0.27939E+00   0.00000E+00   0.10000E+00    0.50249E-02 1274.52         test_P    
.8000E+00     5.000  0.213E+01   0.29278E+00   0.00000E+00   0.10000E+00    0.17692E-02 *******         test_P    
.8100E+00     5.000  0.205E+01   0.30686E+00   0.00000E+00   0.10000E+00    0.50249E-02 1694.72         test_P    
.8200E+00     5.000  0.198E+01   0.32163E+00   0.00000E+00   0.10000E+00    0.50249E-02 1945.34         test_P    
.8300E+00     5.000  0.191E+01   0.33709E+00   0.00000E+00   0.10000E+00    0.50249E-02 2226.14         test_P    
.8400E+00     5.000  0.183E+01   0.35323E+00   0.00000E+00   0.10000E+00    0.50249E-02 2539.68         test_P    
.8500E+00     5.000  0.176E+01   0.37007E+00   0.00000E+00   0.10000E+00    0.50249E-02 2888.57         test_P    
.8600E+00     5.000  0.170E+01   0.38759E+00   0.00000E+00   0.10000E+00    0.50249E-02 3275.56         test_P    
.8700E+00     5.000  0.163E+01   0.40580E+00   0.00000E+00   0.10000E+00    0.50249E-02 3703.46         test_P    
.8800E+00     5.000  0.156E+01   0.42469E+00   0.00000E+00   0.10000E+00    0.50249E-02 4175.18         test_P    
.8900E+00     5.000  0.150E+01   0.44426E+00   0.00000E+00   0.10000E+00    0.50249E-02 4693.73         test_P    
.9000E+00     5.000  0.144E+01   0.46451E+00   0.00000E+00   0.10000E+00    0.17692E-02 *******         test_P    
.9100E+00     5.000  0.138E+01   0.48544E+00   0.00000E+00   0.10000E+00    0.50249E-02 5883.74         test_P    
.9200E+00     5.000  0.132E+01   0.50704E+00   0.00000E+00   0.10000E+00    0.50249E-02 6561.61         test_P    
.9300E+00     5.000  0.126E+01   0.52931E+00   0.00000E+00   0.10000E+00    0.50249E-02 7299.13         test_P    
.9400E+00     5.000  0.120E+01   0.55223E+00   0.00000E+00   0.10000E+00    0.50249E-02 8099.65         test_P    
.9500E+00     5.000  0.114E+01   0.57583E+00   0.00000E+00   0.10000E+00    0.50249E-02 8966.78         test_P    
.9600E+00     5.000  0.109E+01   0.60007E+00   0.00000E+00   0.10000E+00    0.50249E-02 9903.83         test_P    
.9700E+00     5.000  0.104E+01   0.62497E+00   0.00000E+00   0.10000E+00    0.50249E-02 *******         test_P    
.9800E+00     5.000  0.984E+00   0.65053E+00   0.00000E+00   0.10000E+00    0.50249E-02 *******         test_P    
.9900E+00     5.000  0.932E+00   0.67673E+00   0.00000E+00   0.10000E+00    0.50249E-02 *******         test_P    
.1000E+01     5.000  0.882E+00   0.70357E+00   0.00000E+00   0.10000E+00    0.50249E-02 *******         test_P    
.1000E+00    10.000  0.909E+02   0.38090E+00   0.00000E+00   0.10000E+00    0.50249E-02 3124.90         test_P    
.1100E+00    10.000  0.818E+02   0.37569E+00   0.00000E+00   0.10000E+00    0.50249E-02 3010.00         test_P    
.1200E+00    10.000  0.742E+02   0.37081E+00   0.00000E+00   0.10000E+00    0.50249E-02 2904.51         test_P    
.1300E+00    10.000  0.678E+02   0.36608E+00   0.00000E+00   0.10000E+00    0.50249E-02 2803.84         test_P    
.1400E+00    10.000  0.623E+02   0.36140E+00   0.00000E+00   0.10000E+00    0.50249E-02 2706.09         test_P    
.1500E+00    10.000  0.575E+02   0.35677E+00   0.00000E+00   0.10000E+00    0.50249E-02 2611.16         test_P    
.1600E+00    10.000  0.534E+02   0.35206E+00   0.00000E+00   0.10000E+00    0.50249E-02 2516.25         test_P    
.1700E+00    10.000  0.497E+02   0.34729E+00   0.00000E+00   0.10000E+00    0.50249E-02 2421.92         test_P    
.1800E+00    10.000  0.464E+02   0.34242E+00   0.00000E+00   0.10000E+00    0.50249E-02 2327.35         test_P    
.1900E+00    10.000  0.435E+02   0.33738E+00   0.00000E+00   0.10000E+00    0.50249E-02 2231.58         test_P    
.2000E+00    10.000  0.409E+02   0.33220E+00   0.00000E+00   0.10000E+00    0.50249E-02 2135.28         test_P    
.2100E+00    10.000  0.385E+02   0.32681E+00   0.00000E+00   0.10000E+00    0.50249E-02 2037.31         test_P    
.2200E+00    10.000  0.363E+02   0.32124E+00   0.00000E+00   0.10000E+00    0.50249E-02 1938.51         test_P    
.2300E+00    10.000  0.344E+02   0.31548E+00   0.00000E+00   0.10000E+00    0.50249E-02 1838.93         test_P    
.2400E+00    10.000  0.325E+02   0.30952E+00   0.00000E+00   0.10000E+00    0.50249E-02 1738.59         test_P    
.2500E+00    10.000  0.309E+02   0.30338E+00   0.00000E+00   0.10000E+00    0.50249E-02 1638.21         test_P    
.2600E+00    10.000  0.293E+02   0.29705E+00   0.00000E+00   0.10000E+00    0.50249E-02 1537.78         test_P    
.2700E+00    10.000  0.279E+02   0.29055E+00   0.00000E+00   0.10000E+00    0.50249E-02 1438.06         test_P    
.2800E+00    10.000  0.266E+02   0.28391E+00   0.00000E+00   0.10000E+00    0.50249E-02 1339.58         test_P    
.2900E+00    10.000  0.254E+02   0.27713E+00   0.00000E+00   0.10000E+00    0.50249E-02 1242.61         test_P    
.3000E+00    10.000  0.242E+02   0.27023E+00   0.00000E+00   0.10000E+00    0.18868E-02 8140.41         test_P    
.3100E+00    10.000  0.231E+02   0.26324E+00   0.00000E+00   0.10000E+00    0.50249E-02 1055.32         test_P    
.3200E+00    10.000  0.221E+02   0.25616E+00   0.00000E+00   0.10000E+00    0.50249E-02  965.84         test_P    
.3300E+00    10.000  0.212E+02   0.24904E+00   0.00000E+00   0.10000E+00    0.50249E-02  879.68         test_P    
.3400E+00    10.000  0.203E+02   0.24188E+00   0.00000E+00   0.10000E+00    0.50249E-02  797.18         test_P    
.3500E+00    10.000  0.195E+02   0.23470E+00   0.00000E+00   0.10000E+00    0.50249E-02  718.59         test_P    
.3600E+00    10.000  0.187E+02   0.22754E+00   0.00000E+00   0.10000E+00    0.50249E-02  644.22         test_P    
.3700E+00    10.000  0.179E+02   0.22041E+00   0.00000E+00   0.10000E+00    0.50249E-02  574.18         test_P    
.3800E+00    10.000  0.172E+02   0.21333E+00   0.00000E+00   0.10000E+00    0.50249E-02  508.63         test_P    
.3900E+00    10.000  0.165E+02   0.20632E+00   0.00000E+00   0.10000E+00    0.50249E-02  447.67         test_P    
.4000E+00    10.000  0.159E+02   0.19940E+00   0.00000E+00   0.10000E+00    0.17692E-02 3156.51         test_P    
.4100E+00    10.000  0.153E+02   0.19259E+00   0.00000E+00   0.10000E+00    0.50249E-02  339.52         test_P    
.4200E+00    10.000  0.147E+02   0.18591E+00   0.00000E+00   0.10000E+00    0.50249E-02  292.27         test_P    
.4300E+00    10.000  0.141E+02   0.17937E+00   0.00000E+00   0.10000E+00    0.50249E-02  249.46         test_P    
.4400E+00    10.000  0.136E+02   0.17299E+00   0.00000E+00   0.10000E+00    0.50249E-02  210.98         test_P    
.4500E+00    10.000  0.131E+02   0.16678E+00   0.00000E+00   0.10000E+00    0.50249E-02  176.63         test_P    
.4600E+00    10.000  0.126E+02   0.16078E+00   0.00000E+00   0.10000E+00    0.50249E-02  146.29         test_P    
.4700E+00    10.000  0.122E+02   0.15498E+00   0.00000E+00   0.10000E+00    0.50249E-02  119.69         test_P    
.4800E+00    10.000  0.117E+02   0.14940E+00   0.00000E+00   0.10000E+00    0.50249E-02   96.64         test_P    
.4900E+00    10.000  0.113E+02   0.14406E+00   0.00000E+00   0.10000E+00    0.50249E-02   76.88         test_P    
.5000E+00    10.000  0.109E+02   0.13897E+00   0.00000E+00   0.10000E+00    0.17692E-02  485.13         test_P    
.5100E+00    10.000  0.105E+02   0.13415E+00   0.00000E+00   0.10000E+00    0.50249E-02   46.17         test_P    
.5200E+00    10.000  0.101E+02   0.12960E+00   0.00000E+00   0.10000E+00    0.50249E-02   34.70         test_P    
.5300E+00    10.000  0.975E+01   0.12534E+00   0.00000E+00   0.10000E+00    0.50249E-02   25.43         test_P    
.5400E+00    10.000  0.940E+01   0.12139E+00   0.00000E+00   0.10000E+00    0.50249E-02   18.12         test_P    
.5500E+00    10.000  0.906E+01   0.11774E+00   0.00000E+00   0.10000E+00    0.50249E-02   12.47         test_P    
.5600E+00    10.000  0.874E+01   0.11443E+00   0.00000E+00   0.10000E+00    0.50249E-02    8.24         test_P    
.5700E+00    10.000  0.843E+01   0.11144E+00   0.00000E+00   0.10000E+00    0.50249E-02    5.19         test_P    
.5800E+00    10.000  0.812E+01   0.10880E+00   0.00000E+00   0.10000E+00    0.50249E-02    3.07         test_P    
.5900E+00    10.000  0.783E+01   0.10651E+00   0.00000E+00   0.10000E+00    0.50249E-02    1.68         test_P    
.6000E+00    10.000  0.755E+01   0.10458E+00   0.00000E+00   0.10000E+00    0.17692E-02    6.71         test_P    
.6100E+00    10.000  0.728E+01   0.10302E+00   0.00000E+00   0.10000E+00    0.50249E-02    0.36         test_P    
.6200E+00    10.000  0.701E+01   0.10184E+00   0.00000E+00   0.10000E+00    0.50249E-02    0.13         test_P    
.6300E+00    10.000  0.675E+01   0.10103E+00   0.00000E+00   0.10000E+00    0.50249E-02    0.04         test_P    
.6400E+00    10.000  0.651E+01   0.10062E+00   0.00000E+00   0.10000E+00    0.50249E-02    0.02         test_P    
.6500E+00    10.000  0.627E+01   0.10060E+00   0.00000E+00   0.10000E+00    0.50249E-02    0.01         test_P    
.6600E+00    10.000  0.603E+01   0.10097E+00   0.00000E+00   0.10000E+00    0.50249E-02    0.04         test_P    
.6700E+00    10.000  0.581E+01   0.10175E+00   0.00000E+00   0.10000E+00    0.50249E-02    0.12         test_P    
.6800E+00    10.000  0.559E+01   0.10293E+00   0.00000E+00   0.10000E+00    0.50249E-02    0.34         test_P    
.6900E+00    10.000  0.537E+01   0.10453E+00   0.00000E+00   0.10000E+00    0.50249E-02    0.81         test_P    
.7000E+00    10.000  0.517E+01   0.10653E+00   0.00000E+00   0.10000E+00    0.17692E-02   13.61         test_P    
.7100E+00    10.000  0.497E+01   0.10895E+00   0.00000E+00   0.10000E+00    0.50249E-02    3.17         test_P    
.7200E+00    10.000  0.477E+01   0.11178E+00   0.00000E+00   0.10000E+00    0.50249E-02    5.49         test_P    
.7300E+00    10.000  0.458E+01   0.11502E+00   0.00000E+00   0.10000E+00    0.50249E-02    8.94         test_P    
.7400E+00    10.000  0.440E+01   0.11869E+00   0.00000E+00   0.10000E+00    0.50249E-02   13.83         test_P    
.7500E+00    10.000  0.422E+01   0.12277E+00   0.00000E+00   0.10000E+00    0.50249E-02   20.53         test_P    
.7600E+00    10.000  0.404E+01   0.12726E+00   0.00000E+00   0.10000E+00    0.50249E-02   29.44         test_P    
.7700E+00    10.000  0.387E+01   0.13217E+00   0.00000E+00   0.10000E+00    0.50249E-02   40.99         test_P    
.7800E+00    10.000  0.370E+01   0.13749E+00   0.00000E+00   0.10000E+00    0.50249E-02   55.68         test_P    
.7900E+00    10.000  0.354E+01   0.14323E+00   0.00000E+00   0.10000E+00    0.50249E-02   74.01         test_P    
.8000E+00    10.000  0.338E+01   0.14937E+00   0.00000E+00   0.10000E+00    0.17692E-02  778.71         test_P    
.8100E+00    10.000  0.323E+01   0.15592E+00   0.00000E+00   0.10000E+00    0.50249E-02  123.84         test_P    
.8200E+00    10.000  0.308E+01   0.16287E+00   0.00000E+00   0.10000E+00    0.50249E-02  156.54         test_P    
.8300E+00    10.000  0.293E+01   0.17022E+00   0.00000E+00   0.10000E+00    0.50249E-02  195.28         test_P    
.8400E+00    10.000  0.279E+01   0.17797E+00   0.00000E+00   0.10000E+00    0.50249E-02  240.74         test_P    
.8500E+00    10.000  0.265E+01   0.18610E+00   0.00000E+00   0.10000E+00    0.50249E-02  293.62         test_P    
.8600E+00    10.000  0.251E+01   0.19463E+00   0.00000E+00   0.10000E+00    0.50249E-02  354.64         test_P    
.8700E+00    10.000  0.238E+01   0.20354E+00   0.00000E+00   0.10000E+00    0.50249E-02  424.54         test_P    
.8800E+00    10.000  0.225E+01   0.21282E+00   0.00000E+00   0.10000E+00    0.50249E-02  504.09         test_P    
.8900E+00    10.000  0.212E+01   0.22248E+00   0.00000E+00   0.10000E+00    0.50249E-02  594.06         test_P    
.9000E+00    10.000  0.199E+01   0.23250E+00   0.00000E+00   0.10000E+00    0.17692E-02 5608.93         test_P    
.9100E+00    10.000  0.187E+01   0.24288E+00   0.00000E+00   0.10000E+00    0.50249E-02  808.53         test_P    
.9200E+00    10.000  0.175E+01   0.25362E+00   0.00000E+00   0.10000E+00    0.50249E-02  934.66         test_P    
.9300E+00    10.000  0.163E+01   0.26471E+00   0.00000E+00   0.10000E+00    0.50249E-02 1074.49         test_P    
.9400E+00    10.000  0.152E+01   0.27615E+00   0.00000E+00   0.10000E+00    0.50249E-02 1228.88         test_P    
.9500E+00    10.000  0.141E+01   0.28793E+00   0.00000E+00   0.10000E+00    0.50249E-02 1398.73         test_P    
.9600E+00    10.000  0.130E+01   0.30004E+00   0.00000E+00   0.10000E+00    0.50249E-02 1584.83         test_P    
.9700E+00    10.000  0.119E+01   0.31249E+00   0.00000E+00   0.10000E+00    0.50249E-02 1788.16         test_P    
.9800E+00    10.000  0.109E+01   0.32526E+00   0.00000E+00   0.10000E+00    0.50249E-02 2009.65         test_P    
.9900E+00    10.000  0.983E+00   0.33837E+00   0.00000E+00   0.10000E+00    0.50249E-02 2250.22         test_P    
.1000E+01    10.000  0.882E+00   0.35178E+00   0.00000E+00   0.10000E+00    0.50249E-02 2510.71         test_P    
.1000E+00    20.000  0.181E+03   0.38870E+00   0.00000E+00   0.10000E+00    0.50249E-02 3300.96         test_P    
.1100E+00    20.000  0.163E+03   0.38164E+00   0.00000E+00   0.10000E+00    0.50249E-02 3141.46         test_P    
.1200E+00    20.000  0.148E+03   0.37509E+00   0.00000E+00   0.10000E+00    0.50249E-02 2996.96         test_P    
.1300E+00    20.000  0.135E+03   0.36889E+00   0.00000E+00   0.10000E+00    0.50249E-02 2863.47         test_P    
.1400E+00    20.000  0.124E+03   0.36289E+00   0.00000E+00   0.10000E+00    0.50249E-02 2737.04         test_P    
.1500E+00    20.000  0.114E+03   0.35709E+00   0.00000E+00   0.10000E+00    0.50249E-02 2617.55         test_P    
.1600E+00    20.000  0.106E+03   0.35128E+00   0.00000E+00   0.10000E+00    0.50249E-02 2500.71         test_P    
.1700E+00    20.000  0.985E+02   0.34551E+00   0.00000E+00   0.10000E+00    0.50249E-02 2387.13         test_P    
.1800E+00    20.000  0.920E+02   0.33970E+00   0.00000E+00   0.10000E+00    0.50249E-02 2275.53         test_P    
.1900E+00    20.000  0.861E+02   0.33379E+00   0.00000E+00   0.10000E+00    0.50249E-02 2164.63         test_P    
.2000E+00    20.000  0.809E+02   0.32779E+00   0.00000E+00   0.10000E+00    0.50249E-02 2055.03         test_P    
.2100E+00    20.000  0.761E+02   0.32163E+00   0.00000E+00   0.10000E+00    0.50249E-02 1945.39         test_P    
.2200E+00    20.000  0.718E+02   0.31534E+00   0.00000E+00   0.10000E+00    0.50249E-02 1836.50         test_P    
.2300E+00    20.000  0.678E+02   0.30890E+00   0.00000E+00   0.10000E+00    0.50249E-02 1728.31         test_P    
.2400E+00    20.000  0.642E+02   0.30230E+00   0.00000E+00   0.10000E+00    0.50249E-02 1620.79         test_P    
.2500E+00    20.000  0.609E+02   0.29556E+00   0.00000E+00   0.10000E+00    0.50249E-02 1514.56         test_P    
.2600E+00    20.000  0.578E+02   0.28866E+00   0.00000E+00   0.10000E+00    0.50249E-02 1409.62         test_P    
.2700E+00    20.000  0.550E+02   0.28164E+00   0.00000E+00   0.10000E+00    0.50249E-02 1306.59         test_P    
.2800E+00    20.000  0.523E+02   0.27449E+00   0.00000E+00   0.10000E+00    0.50249E-02 1205.83         test_P    
.2900E+00    20.000  0.498E+02   0.26724E+00   0.00000E+00   0.10000E+00    0.50249E-02 1107.68         test_P    
.3000E+00    20.000  0.475E+02   0.25990E+00   0.00000E+00   0.10000E+00    0.18868E-02 7181.76         test_P    
.3100E+00    20.000  0.454E+02   0.25249E+00   0.00000E+00   0.10000E+00    0.50249E-02  920.97         test_P    
.3200E+00    20.000  0.434E+02   0.24504E+00   0.00000E+00   0.10000E+00    0.50249E-02  833.11         test_P    
.3300E+00    20.000  0.415E+02   0.23755E+00   0.00000E+00   0.10000E+00    0.50249E-02  749.30         test_P    
.3400E+00    20.000  0.397E+02   0.23005E+00   0.00000E+00   0.10000E+00    0.50249E-02  669.78         test_P    
.3500E+00    20.000  0.380E+02   0.22254E+00   0.00000E+00   0.10000E+00    0.50249E-02  594.73         test_P    
.3600E+00    20.000  0.364E+02   0.21507E+00   0.00000E+00   0.10000E+00    0.50249E-02  524.38         test_P    
.3700E+00    20.000  0.349E+02   0.20763E+00   0.00000E+00   0.10000E+00    0.50249E-02  458.78         test_P    
.3800E+00    20.000  0.335E+02   0.20025E+00   0.00000E+00   0.10000E+00    0.50249E-02  398.00         test_P    
.3900E+00    20.000  0.322E+02   0.19294E+00   0.00000E+00   0.10000E+00    0.50249E-02  342.08         test_P    
.4000E+00    20.000  0.309E+02   0.18571E+00   0.00000E+00   0.10000E+00    0.17692E-02 2347.30         test_P    
.4100E+00    20.000  0.297E+02   0.17860E+00   0.00000E+00   0.10000E+00    0.50249E-02  244.66         test_P    
.4200E+00    20.000  0.285E+02   0.17160E+00   0.00000E+00   0.10000E+00    0.50249E-02  203.02         test_P    
.4300E+00    20.000  0.274E+02   0.16473E+00   0.00000E+00   0.10000E+00    0.50249E-02  165.92         test_P    
.4400E+00    20.000  0.263E+02   0.15800E+00   0.00000E+00   0.10000E+00    0.50249E-02  133.23         test_P    
.4500E+00    20.000  0.253E+02   0.15143E+00   0.00000E+00   0.10000E+00    0.50249E-02  104.75         test_P    
.4600E+00    20.000  0.244E+02   0.14503E+00   0.00000E+00   0.10000E+00    0.50249E-02   80.31         test_P    
.4700E+00    20.000  0.234E+02   0.13881E+00   0.00000E+00   0.10000E+00    0.50249E-02   59.65         test_P    
.4800E+00    20.000  0.225E+02   0.13278E+00   0.00000E+00   0.10000E+00    0.50249E-02   42.56         test_P    
.4900E+00    20.000  0.217E+02   0.12695E+00   0.00000E+00   0.10000E+00    0.50249E-02   28.77         test_P    
.5000E+00    20.000  0.209E+02   0.12133E+00   0.00000E+00   0.10000E+00    0.17692E-02  145.39         test_P    
.5100E+00    20.000  0.201E+02   0.11594E+00   0.00000E+00   0.10000E+00    0.50249E-02   10.06         test_P    
.5200E+00    20.000  0.193E+02   0.11077E+00   0.00000E+00   0.10000E+00    0.50249E-02    4.59         test_P    
.5300E+00    20.000  0.186E+02   0.10583E+00   0.00000E+00   0.10000E+00    0.50249E-02    1.35         test_P    
.5400E+00    20.000  0.179E+02   0.10115E+00   0.00000E+00   0.10000E+00    0.50249E-02    0.05         test_P    
.5500E+00    20.000  0.172E+02   0.96710E-01   0.00000E+00   0.10000E+00    0.50249E-02   -0.43         test_P    
.5600E+00    20.000  0.166E+02   0.92534E-01   0.00000E+00   0.10000E+00    0.50249E-02   -2.21         test_P    
.5700E+00    20.000  0.160E+02   0.88621E-01   0.00000E+00   0.10000E+00    0.50249E-02   -5.13         test_P    
.5800E+00    20.000  0.154E+02   0.84977E-01   0.00000E+00   0.10000E+00    0.50249E-02   -8.94         test_P    
.5900E+00    20.000  0.148E+02   0.81608E-01   0.00000E+00   0.10000E+00    0.50249E-02  -13.40         test_P    
.6000E+00    20.000  0.142E+02   0.78516E-01   0.00000E+00   0.10000E+00    0.17692E-02 -147.46         test_P    
.6100E+00    20.000  0.137E+02   0.75708E-01   0.00000E+00   0.10000E+00    0.50249E-02  -23.37         test_P    
.6200E+00    20.000  0.131E+02   0.73185E-01   0.00000E+00   0.10000E+00    0.50249E-02  -28.48         test_P    
.6300E+00    20.000  0.126E+02   0.70950E-01   0.00000E+00   0.10000E+00    0.50249E-02  -33.42         test_P    
.6400E+00    20.000  0.121E+02   0.69005E-01   0.00000E+00   0.10000E+00    0.50249E-02  -38.05         test_P    
.6500E+00    20.000  0.117E+02   0.67351E-01   0.00000E+00   0.10000E+00    0.50249E-02  -42.22         test_P    
.6600E+00    20.000  0.112E+02   0.65991E-01   0.00000E+00   0.10000E+00    0.50249E-02  -45.81         test_P    
.6700E+00    20.000  0.107E+02   0.64924E-01   0.00000E+00   0.10000E+00    0.50249E-02  -48.73         test_P    
.6800E+00    20.000  0.103E+02   0.64150E-01   0.00000E+00   0.10000E+00    0.50249E-02  -50.90         test_P    
.6900E+00    20.000  0.987E+01   0.63670E-01   0.00000E+00   0.10000E+00    0.50249E-02  -52.27         test_P    
.7000E+00    20.000  0.945E+01   0.63480E-01   0.00000E+00   0.10000E+00    0.17692E-02 -426.10         test_P    
.7100E+00    20.000  0.905E+01   0.63583E-01   0.00000E+00   0.10000E+00    0.50249E-02  -52.52         test_P    
.7200E+00    20.000  0.866E+01   0.63975E-01   0.00000E+00   0.10000E+00    0.50249E-02  -51.40         test_P    
.7300E+00    20.000  0.828E+01   0.64654E-01   0.00000E+00   0.10000E+00    0.50249E-02  -49.48         test_P    
.7400E+00    20.000  0.791E+01   0.65618E-01   0.00000E+00   0.10000E+00    0.50249E-02  -46.82         test_P    
.7500E+00    20.000  0.755E+01   0.66862E-01   0.00000E+00   0.10000E+00    0.50249E-02  -43.49         test_P    
.7600E+00    20.000  0.720E+01   0.68386E-01   0.00000E+00   0.10000E+00    0.50249E-02  -39.58         test_P    
.7700E+00    20.000  0.686E+01   0.70185E-01   0.00000E+00   0.10000E+00    0.50249E-02  -35.21         test_P    
.7800E+00    20.000  0.652E+01   0.72255E-01   0.00000E+00   0.10000E+00    0.50249E-02  -30.49         test_P    
.7900E+00    20.000  0.620E+01   0.74591E-01   0.00000E+00   0.10000E+00    0.50249E-02  -25.57         test_P    
.8000E+00    20.000  0.588E+01   0.77189E-01   0.00000E+00   0.10000E+00    0.17692E-02 -166.24         test_P    
.8100E+00    20.000  0.557E+01   0.80046E-01   0.00000E+00   0.10000E+00    0.50249E-02  -15.77         test_P    
.8200E+00    20.000  0.527E+01   0.83154E-01   0.00000E+00   0.10000E+00    0.50249E-02  -11.24         test_P    
.8300E+00    20.000  0.498E+01   0.86510E-01   0.00000E+00   0.10000E+00    0.50249E-02   -7.21         test_P    
.8400E+00    20.000  0.469E+01   0.90108E-01   0.00000E+00   0.10000E+00    0.50249E-02   -3.88         test_P    
.8500E+00    20.000  0.441E+01   0.93942E-01   0.00000E+00   0.10000E+00    0.50249E-02   -1.45         test_P    
.8600E+00    20.000  0.414E+01   0.98005E-01   0.00000E+00   0.10000E+00    0.50249E-02   -0.16         test_P    
.8700E+00    20.000  0.387E+01   0.10229E+00   0.00000E+00   0.10000E+00    0.50249E-02    0.21         test_P    
.8800E+00    20.000  0.361E+01   0.10680E+00   0.00000E+00   0.10000E+00    0.50249E-02    1.83         test_P    
.8900E+00    20.000  0.335E+01   0.11152E+00   0.00000E+00   0.10000E+00    0.50249E-02    5.26         test_P    
.9000E+00    20.000  0.310E+01   0.11645E+00   0.00000E+00   0.10000E+00    0.17692E-02   86.44         test_P    
.9100E+00    20.000  0.286E+01   0.12157E+00   0.00000E+00   0.10000E+00    0.50249E-02   18.43         test_P    
.9200E+00    20.000  0.262E+01   0.12690E+00   0.00000E+00   0.10000E+00    0.50249E-02   28.65         test_P    
.9300E+00    20.000  0.239E+01   0.13241E+00   0.00000E+00   0.10000E+00    0.50249E-02   41.60         test_P    
.9400E+00    20.000  0.216E+01   0.13810E+00   0.00000E+00   0.10000E+00    0.50249E-02   57.50         test_P    
.9500E+00    20.000  0.193E+01   0.14398E+00   0.00000E+00   0.10000E+00    0.50249E-02   76.60         test_P    
.9600E+00    20.000  0.172E+01   0.15003E+00   0.00000E+00   0.10000E+00    0.50249E-02   99.12         test_P    
.9700E+00    20.000  0.150E+01   0.15625E+00   0.00000E+00   0.10000E+00    0.50249E-02  125.29         test_P    
.9800E+00    20.000  0.129E+01   0.16263E+00   0.00000E+00   0.10000E+00    0.50249E-02  155.36         test_P    
.9900E+00    20.000  0.108E+01   0.16918E+00   0.00000E+00   0.10000E+00    0.50249E-02  189.56         test_P    
.1000E+01    20.000  0.882E+00   0.17589E+00   0.00000E+00   0.10000E+00    0.50249E-02  228.10         test_P    
.1000E+00    50.000  0.451E+03   0.39465E+00   0.00000E+00   0.10000E+00    0.50249E-02 3438.32         test_P    
.1100E+00    50.000  0.405E+03   0.38525E+00   0.00000E+00   0.10000E+00    0.50249E-02 3222.50         test_P    
.1200E+00    50.000  0.368E+03   0.37670E+00   0.00000E+00   0.10000E+00    0.50249E-02 3032.28         test_P    
.1300E+00    50.000  0.335E+03   0.36876E+00   0.00000E+00   0.10000E+00    0.50249E-02 2860.72         test_P    
.1400E+00    50.000  0.308E+03   0.36118E+00   0.00000E+00   0.10000E+00    0.50249E-02 2701.57         test_P    
.1500E+00    50.000  0.284E+03   0.35397E+00   0.00000E+00   0.10000E+00    0.50249E-02 2554.45         test_P    
.1600E+00    50.000  0.263E+03   0.34686E+00   0.00000E+00   0.10000E+00    0.50249E-02 2413.48         test_P    
.1700E+00    50.000  0.245E+03   0.33990E+00   0.00000E+00   0.10000E+00    0.50249E-02 2279.24         test_P    
.1800E+00    50.000  0.229E+03   0.33299E+00   0.00000E+00   0.10000E+00    0.50249E-02 2149.89         test_P    
.1900E+00    50.000  0.214E+03   0.32606E+00   0.00000E+00   0.10000E+00    0.50249E-02 2023.81         test_P    
.2000E+00    50.000  0.201E+03   0.31911E+00   0.00000E+00   0.10000E+00    0.50249E-02 1901.43         test_P    
.2100E+00    50.000  0.189E+03   0.31208E+00   0.00000E+00   0.10000E+00    0.50249E-02 1781.24         test_P    
.2200E+00    50.000  0.178E+03   0.30497E+00   0.00000E+00   0.10000E+00    0.50249E-02 1663.87         test_P    
.2300E+00    50.000  0.168E+03   0.29778E+00   0.00000E+00   0.10000E+00    0.50249E-02 1549.16         test_P    
.2400E+00    50.000  0.159E+03   0.29048E+00   0.00000E+00   0.10000E+00    0.50249E-02 1437.00         test_P    
.2500E+00    50.000  0.151E+03   0.28311E+00   0.00000E+00   0.10000E+00    0.50249E-02 1327.85         test_P    
.2600E+00    50.000  0.143E+03   0.27563E+00   0.00000E+00   0.10000E+00    0.50249E-02 1221.67         test_P    
.2700E+00    50.000  0.136E+03   0.26808E+00   0.00000E+00   0.10000E+00    0.50249E-02 1118.91         test_P    
.2800E+00    50.000  0.129E+03   0.26047E+00   0.00000E+00   0.10000E+00    0.50249E-02 1019.83         test_P    
.2900E+00    50.000  0.123E+03   0.25280E+00   0.00000E+00   0.10000E+00    0.50249E-02  924.65         test_P    
.3000E+00    50.000  0.118E+03   0.24509E+00   0.00000E+00   0.10000E+00    0.18868E-02 5913.03         test_P    
.3100E+00    50.000  0.112E+03   0.23735E+00   0.00000E+00   0.10000E+00    0.50249E-02  747.16         test_P    
.3200E+00    50.000  0.107E+03   0.22961E+00   0.00000E+00   0.10000E+00    0.50249E-02  665.27         test_P    
.3300E+00    50.000  0.102E+03   0.22187E+00   0.00000E+00   0.10000E+00    0.50249E-02  588.20         test_P    
.3400E+00    50.000  0.979E+02   0.21415E+00   0.00000E+00   0.10000E+00    0.50249E-02  516.09         test_P    
.3500E+00    50.000  0.937E+02   0.20647E+00   0.00000E+00   0.10000E+00    0.50249E-02  448.98         test_P    
.3600E+00    50.000  0.898E+02   0.19885E+00   0.00000E+00   0.10000E+00    0.50249E-02  386.99         test_P    
.3700E+00    50.000  0.860E+02   0.19129E+00   0.00000E+00   0.10000E+00    0.50249E-02  330.06         test_P    
.3800E+00    50.000  0.825E+02   0.18381E+00   0.00000E+00   0.10000E+00    0.50249E-02  278.19         test_P    
.3900E+00    50.000  0.791E+02   0.17643E+00   0.00000E+00   0.10000E+00    0.50249E-02  231.34         test_P    
.4000E+00    50.000  0.759E+02   0.16915E+00   0.00000E+00   0.10000E+00    0.17692E-02 1527.60         test_P    
.4100E+00    50.000  0.728E+02   0.16199E+00   0.00000E+00   0.10000E+00    0.50249E-02  152.17         test_P    
.4200E+00    50.000  0.699E+02   0.15495E+00   0.00000E+00   0.10000E+00    0.50249E-02  119.59         test_P    
.4300E+00    50.000  0.672E+02   0.14805E+00   0.00000E+00   0.10000E+00    0.50249E-02   91.45         test_P    
.4400E+00    50.000  0.645E+02   0.14130E+00   0.00000E+00   0.10000E+00    0.50249E-02   67.56         test_P    
.4500E+00    50.000  0.620E+02   0.13471E+00   0.00000E+00   0.10000E+00    0.50249E-02   47.71         test_P    
.4600E+00    50.000  0.596E+02   0.12828E+00   0.00000E+00   0.10000E+00    0.50249E-02   31.67         test_P    
.4700E+00    50.000  0.573E+02   0.12202E+00   0.00000E+00   0.10000E+00    0.50249E-02   19.20         test_P    
.4800E+00    50.000  0.550E+02   0.11594E+00   0.00000E+00   0.10000E+00    0.50249E-02   10.07         test_P    
.4900E+00    50.000  0.529E+02   0.11005E+00   0.00000E+00   0.10000E+00    0.50249E-02    4.00         test_P    
.5000E+00    50.000  0.509E+02   0.10435E+00   0.00000E+00   0.10000E+00    0.17692E-02    6.05         test_P    
.5100E+00    50.000  0.489E+02   0.98853E-01   0.00000E+00   0.10000E+00    0.50249E-02   -0.05         test_P    
.5200E+00    50.000  0.470E+02   0.93556E-01   0.00000E+00   0.10000E+00    0.50249E-02   -1.64         test_P    
.5300E+00    50.000  0.452E+02   0.88467E-01   0.00000E+00   0.10000E+00    0.50249E-02   -5.27         test_P    
.5400E+00    50.000  0.435E+02   0.83592E-01   0.00000E+00   0.10000E+00    0.50249E-02  -10.66         test_P    
.5500E+00    50.000  0.418E+02   0.78931E-01   0.00000E+00   0.10000E+00    0.50249E-02  -17.58         test_P    
.5600E+00    50.000  0.402E+02   0.74490E-01   0.00000E+00   0.10000E+00    0.50249E-02  -25.77         test_P    
.5700E+00    50.000  0.386E+02   0.70271E-01   0.00000E+00   0.10000E+00    0.50249E-02  -35.00         test_P    
.5800E+00    50.000  0.371E+02   0.66275E-01   0.00000E+00   0.10000E+00    0.50249E-02  -45.04         test_P    
.5900E+00    50.000  0.356E+02   0.62505E-01   0.00000E+00   0.10000E+00    0.50249E-02  -55.68         test_P    
.6000E+00    50.000  0.342E+02   0.58959E-01   0.00000E+00   0.10000E+00    0.17692E-02 -538.13         test_P    
.6100E+00    50.000  0.328E+02   0.55642E-01   0.00000E+00   0.10000E+00    0.50249E-02  -77.93         test_P    
.6200E+00    50.000  0.315E+02   0.52551E-01   0.00000E+00   0.10000E+00    0.50249E-02  -89.16         test_P    
.6300E+00    50.000  0.302E+02   0.49686E-01   0.00000E+00   0.10000E+00    0.50249E-02 -100.26         test_P    
.6400E+00    50.000  0.290E+02   0.47047E-01   0.00000E+00   0.10000E+00    0.50249E-02 -111.05         test_P    
.6500E+00    50.000  0.278E+02   0.44632E-01   0.00000E+00   0.10000E+00    0.50249E-02 -121.41         test_P    
.6600E+00    50.000  0.266E+02   0.42440E-01   0.00000E+00   0.10000E+00    0.50249E-02 -131.21         test_P    
.6700E+00    50.000  0.255E+02   0.40469E-01   0.00000E+00   0.10000E+00    0.50249E-02 -140.36         test_P    
.6800E+00    50.000  0.244E+02   0.38715E-01   0.00000E+00   0.10000E+00    0.50249E-02 -148.75         test_P    
.6900E+00    50.000  0.233E+02   0.37178E-01   0.00000E+00   0.10000E+00    0.50249E-02 -156.30         test_P    
.7000E+00    50.000  0.223E+02   0.35852E-01   0.00000E+00   0.10000E+00    0.17692E-02 *******         test_P    
.7100E+00    50.000  0.213E+02   0.34735E-01   0.00000E+00   0.10000E+00    0.50249E-02 -168.69         test_P    
.7200E+00    50.000  0.203E+02   0.33824E-01   0.00000E+00   0.10000E+00    0.50249E-02 -173.44         test_P    
.7300E+00    50.000  0.194E+02   0.33113E-01   0.00000E+00   0.10000E+00    0.50249E-02 -177.18         test_P    
.7400E+00    50.000  0.184E+02   0.32599E-01   0.00000E+00   0.10000E+00    0.50249E-02 -179.92         test_P    
.7500E+00    50.000  0.175E+02   0.32276E-01   0.00000E+00   0.10000E+00    0.50249E-02 -181.64         test_P    
.7600E+00    50.000  0.167E+02   0.32141E-01   0.00000E+00   0.10000E+00    0.50249E-02 -182.37         test_P    
.7700E+00    50.000  0.158E+02   0.32188E-01   0.00000E+00   0.10000E+00    0.50249E-02 -182.12         test_P    
.7800E+00    50.000  0.150E+02   0.32411E-01   0.00000E+00   0.10000E+00    0.50249E-02 -180.92         test_P    
.7900E+00    50.000  0.142E+02   0.32806E-01   0.00000E+00   0.10000E+00    0.50249E-02 -178.81         test_P    
.8000E+00    50.000  0.134E+02   0.33366E-01   0.00000E+00   0.10000E+00    0.17692E-02 *******         test_P    
.8100E+00    50.000  0.126E+02   0.34086E-01   0.00000E+00   0.10000E+00    0.50249E-02 -172.06         test_P    
.8200E+00    50.000  0.119E+02   0.34961E-01   0.00000E+00   0.10000E+00    0.50249E-02 -167.53         test_P    
.8300E+00    50.000  0.111E+02   0.35983E-01   0.00000E+00   0.10000E+00    0.50249E-02 -162.31         test_P    
.8400E+00    50.000  0.104E+02   0.37147E-01   0.00000E+00   0.10000E+00    0.50249E-02 -156.46         test_P    
.8500E+00    50.000  0.971E+01   0.38447E-01   0.00000E+00   0.10000E+00    0.50249E-02 -150.05         test_P    
.8600E+00    50.000  0.902E+01   0.39876E-01   0.00000E+00   0.10000E+00    0.50249E-02 -143.16         test_P    
.8700E+00    50.000  0.835E+01   0.41429E-01   0.00000E+00   0.10000E+00    0.50249E-02 -135.86         test_P    
.8800E+00    50.000  0.770E+01   0.43100E-01   0.00000E+00   0.10000E+00    0.50249E-02 -128.22         test_P    
.8900E+00    50.000  0.706E+01   0.44882E-01   0.00000E+00   0.10000E+00    0.50249E-02 -120.32         test_P    
.9000E+00    50.000  0.644E+01   0.46771E-01   0.00000E+00   0.10000E+00    0.17692E-02 -905.23         test_P    
.9100E+00    50.000  0.583E+01   0.48758E-01   0.00000E+00   0.10000E+00    0.50249E-02 -103.99         test_P    
.9200E+00    50.000  0.523E+01   0.50840E-01   0.00000E+00   0.10000E+00    0.50249E-02  -95.71         test_P    
.9300E+00    50.000  0.465E+01   0.53012E-01   0.00000E+00   0.10000E+00    0.50249E-02  -87.44         test_P    
.9400E+00    50.000  0.407E+01   0.55268E-01   0.00000E+00   0.10000E+00    0.50249E-02  -79.25         test_P    
.9500E+00    50.000  0.351E+01   0.57605E-01   0.00000E+00   0.10000E+00    0.50249E-02  -71.18         test_P    
.9600E+00    50.000  0.297E+01   0.60016E-01   0.00000E+00   0.10000E+00    0.50249E-02  -63.32         test_P    
.9700E+00    50.000  0.243E+01   0.62500E-01   0.00000E+00   0.10000E+00    0.50249E-02  -55.69         test_P    
.9800E+00    50.000  0.190E+01   0.65054E-01   0.00000E+00   0.10000E+00    0.50249E-02  -48.37         test_P    
.9900E+00    50.000  0.139E+01   0.67675E-01   0.00000E+00   0.10000E+00    0.50249E-02  -41.38         test_P    
.1000E+01    50.000  0.882E+00   0.70357E-01   0.00000E+00   0.10000E+00    0.50249E-02  -34.80         test_P    
.1000E+00   100.000  0.901E+03   0.39711E+00   0.00000E+00   0.10000E+00    0.50249E-02 3495.92         test_P    
.1100E+00   100.000  0.810E+03   0.38615E+00   0.00000E+00   0.10000E+00    0.50249E-02 3242.82         test_P    
.1200E+00   100.000  0.734E+03   0.37627E+00   0.00000E+00   0.10000E+00    0.50249E-02 3022.75         test_P    
.1300E+00   100.000  0.670E+03   0.36716E+00   0.00000E+00   0.10000E+00    0.50249E-02 2826.67         test_P    
.1400E+00   100.000  0.615E+03   0.35852E+00   0.00000E+00   0.10000E+00    0.50249E-02 2646.79         test_P    
.1500E+00   100.000  0.568E+03   0.35036E+00   0.00000E+00   0.10000E+00    0.50249E-02 2482.46         test_P    
.1600E+00   100.000  0.526E+03   0.34239E+00   0.00000E+00   0.10000E+00    0.50249E-02 2326.77         test_P    
.1700E+00   100.000  0.489E+03   0.33463E+00   0.00000E+00   0.10000E+00    0.50249E-02 2180.19         test_P    
.1800E+00   100.000  0.456E+03   0.32699E+00   0.00000E+00   0.10000E+00    0.50249E-02 2040.56         test_P    
.1900E+00   100.000  0.427E+03   0.31938E+00   0.00000E+00   0.10000E+00    0.50249E-02 1906.06         test_P    
.2000E+00   100.000  0.401E+03   0.31182E+00   0.00000E+00   0.10000E+00    0.50249E-02 1776.99         test_P    
.2100E+00   100.000  0.377E+03   0.30422E+00   0.00000E+00   0.10000E+00    0.50249E-02 1651.67         test_P    
.2200E+00   100.000  0.355E+03   0.29659E+00   0.00000E+00   0.10000E+00    0.50249E-02 1530.63         test_P    
.2300E+00   100.000  0.336E+03   0.28893E+00   0.00000E+00   0.10000E+00    0.50249E-02 1413.61         test_P    
.2400E+00   100.000  0.318E+03   0.28121E+00   0.00000E+00   0.10000E+00    0.50249E-02 1300.41         test_P    
.2500E+00   100.000  0.301E+03   0.27344E+00   0.00000E+00   0.10000E+00    0.50249E-02 1191.39         test_P    
.2600E+00   100.000  0.285E+03   0.26563E+00   0.00000E+00   0.10000E+00    0.50249E-02 1086.44         test_P    
.2700E+00   100.000  0.271E+03   0.25778E+00   0.00000E+00   0.10000E+00    0.50249E-02  985.89         test_P    
.2800E+00   100.000  0.258E+03   0.24990E+00   0.00000E+00   0.10000E+00    0.50249E-02  889.91         test_P    
.2900E+00   100.000  0.246E+03   0.24201E+00   0.00000E+00   0.10000E+00    0.50249E-02  798.64         test_P    
.3000E+00   100.000  0.234E+03   0.23411E+00   0.00000E+00   0.10000E+00    0.18868E-02 5051.95         test_P    
.3100E+00   100.000  0.223E+03   0.22622E+00   0.00000E+00   0.10000E+00    0.50249E-02  630.96         test_P    
.3200E+00   100.000  0.213E+03   0.21836E+00   0.00000E+00   0.10000E+00    0.50249E-02  554.79         test_P    
.3300E+00   100.000  0.204E+03   0.21053E+00   0.00000E+00   0.10000E+00    0.50249E-02  483.85         test_P    
.3400E+00   100.000  0.195E+03   0.20276E+00   0.00000E+00   0.10000E+00    0.50249E-02  418.19         test_P    
.3500E+00   100.000  0.187E+03   0.19505E+00   0.00000E+00   0.10000E+00    0.50249E-02  357.79         test_P    
.3600E+00   100.000  0.179E+03   0.18742E+00   0.00000E+00   0.10000E+00    0.50249E-02  302.66         test_P    
.3700E+00   100.000  0.171E+03   0.17988E+00   0.00000E+00   0.10000E+00    0.50249E-02  252.70         test_P    
.3800E+00   100.000  0.164E+03   0.17244E+00   0.00000E+00   0.10000E+00    0.50249E-02  207.82         test_P    
.3900E+00   100.000  0.157E+03   0.16511E+00   0.00000E+00   0.10000E+00    0.50249E-02  167.91         test_P    
.4000E+00   100.000  0.151E+03   0.15791E+00   0.00000E+00   0.10000E+00    0.17692E-02 1071.32         test_P    
.4100E+00   100.000  0.145E+03   0.15084E+00   0.00000E+00   0.10000E+00    0.50249E-02  102.35         test_P    
.4200E+00   100.000  0.139E+03   0.14390E+00   0.00000E+00   0.10000E+00    0.50249E-02   76.34         test_P    
.4300E+00   100.000  0.133E+03   0.13712E+00   0.00000E+00   0.10000E+00    0.50249E-02   54.57         test_P    
.4400E+00   100.000  0.128E+03   0.13049E+00   0.00000E+00   0.10000E+00    0.50249E-02   36.83         test_P    
.4500E+00   100.000  0.123E+03   0.12403E+00   0.00000E+00   0.10000E+00    0.50249E-02   22.87         test_P    
.4600E+00   100.000  0.118E+03   0.11774E+00   0.00000E+00   0.10000E+00    0.50249E-02   12.46         test_P    
.4700E+00   100.000  0.114E+03   0.11162E+00   0.00000E+00   0.10000E+00    0.50249E-02    5.35         test_P    
.4800E+00   100.000  0.109E+03   0.10568E+00   0.00000E+00   0.10000E+00    0.50249E-02    1.28         test_P    
.4900E+00   100.000  0.105E+03   0.99933E-01   0.00000E+00   0.10000E+00    0.50249E-02   -0.00         test_P    
.5000E+00   100.000  0.101E+03   0.94373E-01   0.00000E+00   0.10000E+00    0.17692E-02  -10.12         test_P    
.5100E+00   100.000  0.970E+02   0.89008E-01   0.00000E+00   0.10000E+00    0.50249E-02   -4.79         test_P    
.5200E+00   100.000  0.932E+02   0.83840E-01   0.00000E+00   0.10000E+00    0.50249E-02  -10.34         test_P    
.5300E+00   100.000  0.896E+02   0.78872E-01   0.00000E+00   0.10000E+00    0.50249E-02  -17.68         test_P    
.5400E+00   100.000  0.861E+02   0.74106E-01   0.00000E+00   0.10000E+00    0.50249E-02  -26.55         test_P    
.5500E+00   100.000  0.827E+02   0.69544E-01   0.00000E+00   0.10000E+00    0.50249E-02  -36.74         test_P    
.5600E+00   100.000  0.795E+02   0.65189E-01   0.00000E+00   0.10000E+00    0.50249E-02  -47.99         test_P    
.5700E+00   100.000  0.763E+02   0.61039E-01   0.00000E+00   0.10000E+00    0.50249E-02  -60.12         test_P    
.5800E+00   100.000  0.733E+02   0.57096E-01   0.00000E+00   0.10000E+00    0.50249E-02  -72.90         test_P    
.5900E+00   100.000  0.704E+02   0.53360E-01   0.00000E+00   0.10000E+00    0.50249E-02  -86.15         test_P    
.6000E+00   100.000  0.675E+02   0.49829E-01   0.00000E+00   0.10000E+00    0.17692E-02 -804.21         test_P    
.6100E+00   100.000  0.648E+02   0.46504E-01   0.00000E+00   0.10000E+00    0.50249E-02 -113.34         test_P    
.6200E+00   100.000  0.622E+02   0.43382E-01   0.00000E+00   0.10000E+00    0.50249E-02 -126.95         test_P    
.6300E+00   100.000  0.596E+02   0.40462E-01   0.00000E+00   0.10000E+00    0.50249E-02 -140.39         test_P    
.6400E+00   100.000  0.571E+02   0.37742E-01   0.00000E+00   0.10000E+00    0.50249E-02 -153.51         test_P    
.6500E+00   100.000  0.547E+02   0.35219E-01   0.00000E+00   0.10000E+00    0.50249E-02 -166.20         test_P    
.6600E+00   100.000  0.524E+02   0.32891E-01   0.00000E+00   0.10000E+00    0.50249E-02 -178.36         test_P    
.6700E+00   100.000  0.501E+02   0.30754E-01   0.00000E+00   0.10000E+00    0.50249E-02 -189.90         test_P    
.6800E+00   100.000  0.479E+02   0.28804E-01   0.00000E+00   0.10000E+00    0.50249E-02 -200.75         test_P    
.6900E+00   100.000  0.458E+02   0.27039E-01   0.00000E+00   0.10000E+00    0.50249E-02 -210.83         test_P    
.7000E+00   100.000  0.437E+02   0.25453E-01   0.00000E+00   0.10000E+00    0.17692E-02 *******         test_P    
.7100E+00   100.000  0.417E+02   0.24042E-01   0.00000E+00   0.10000E+00    0.50249E-02 -228.50         test_P    
.7200E+00   100.000  0.398E+02   0.22803E-01   0.00000E+00   0.10000E+00    0.50249E-02 -236.02         test_P    
.7300E+00   100.000  0.379E+02   0.21729E-01   0.00000E+00   0.10000E+00    0.50249E-02 -242.63         test_P    
.7400E+00   100.000  0.360E+02   0.20817E-01   0.00000E+00   0.10000E+00    0.50249E-02 -248.32         test_P    
.7500E+00   100.000  0.342E+02   0.20060E-01   0.00000E+00   0.10000E+00    0.50249E-02 -253.08         test_P    
.7600E+00   100.000  0.325E+02   0.19454E-01   0.00000E+00   0.10000E+00    0.50249E-02 -256.94         test_P    
.7700E+00   100.000  0.308E+02   0.18992E-01   0.00000E+00   0.10000E+00    0.50249E-02 -259.89         test_P    
.7800E+00   100.000  0.291E+02   0.18670E-01   0.00000E+00   0.10000E+00    0.50249E-02 -261.96         test_P    
.7900E+00   100.000  0.275E+02   0.18481E-01   0.00000E+00   0.10000E+00    0.50249E-02 -263.18         test_P    
.8000E+00   100.000  0.259E+02   0.18420E-01   0.00000E+00   0.10000E+00    0.17692E-02 *******         test_P    
.8100E+00   100.000  0.243E+02   0.18480E-01   0.00000E+00   0.10000E+00    0.50249E-02 -263.19         test_P    
.8200E+00   100.000  0.228E+02   0.18656E-01   0.00000E+00   0.10000E+00    0.50249E-02 -262.05         test_P    
.8300E+00   100.000  0.214E+02   0.18942E-01   0.00000E+00   0.10000E+00    0.50249E-02 -260.21         test_P    
.8400E+00   100.000  0.199E+02   0.19331E-01   0.00000E+00   0.10000E+00    0.50249E-02 -257.72         test_P    
.8500E+00   100.000  0.185E+02   0.19818E-01   0.00000E+00   0.10000E+00    0.50249E-02 -254.62         test_P    
.8600E+00   100.000  0.172E+02   0.20397E-01   0.00000E+00   0.10000E+00    0.50249E-02 -250.96         test_P    
.8700E+00   100.000  0.158E+02   0.21061E-01   0.00000E+00   0.10000E+00    0.50249E-02 -246.79         test_P    
.8800E+00   100.000  0.145E+02   0.21806E-01   0.00000E+00   0.10000E+00    0.50249E-02 -242.15         test_P    
.8900E+00   100.000  0.132E+02   0.22624E-01   0.00000E+00   0.10000E+00    0.50249E-02 -237.11         test_P    
.9000E+00   100.000  0.120E+02   0.23513E-01   0.00000E+00   0.10000E+00    0.17692E-02 *******         test_P    
.9100E+00   100.000  0.108E+02   0.24464E-01   0.00000E+00   0.10000E+00    0.50249E-02 -225.97         test_P    
.9200E+00   100.000  0.958E+01   0.25474E-01   0.00000E+00   0.10000E+00    0.50249E-02 -219.97         test_P    
.9300E+00   100.000  0.841E+01   0.26538E-01   0.00000E+00   0.10000E+00    0.50249E-02 -213.73         test_P    
.9400E+00   100.000  0.726E+01   0.27651E-01   0.00000E+00   0.10000E+00    0.50249E-02 -207.30         test_P    
.9500E+00   100.000  0.614E+01   0.28811E-01   0.00000E+00   0.10000E+00    0.50249E-02 -200.71         test_P    
.9600E+00   100.000  0.505E+01   0.30011E-01   0.00000E+00   0.10000E+00    0.50249E-02 -194.00         test_P    
.9700E+00   100.000  0.397E+01   0.31251E-01   0.00000E+00   0.10000E+00    0.50249E-02 -187.19         test_P    
.9800E+00   100.000  0.292E+01   0.32528E-01   0.00000E+00   0.10000E+00    0.50249E-02 -180.30         test_P    
.9900E+00   100.000  0.189E+01   0.33839E-01   0.00000E+00   0.10000E+00    0.50249E-02 -173.36         test_P    
.1000E+01   100.000  0.882E+00   0.35178E-01   0.00000E+00   0.10000E+00    0.50249E-02 -166.41         test_P    



 CHI SQUARE=******** FOR  546 POINTS   CHISQ/NPTS= 4110.00
 Signed chisquare total =********
 Modified residual =********


Summary normalization chi2 contributions

 data set     normalization        error         chisq


Summary chi2 per data set

 data set      chisq    _w     signd    _w     resid     _w   npts   chisq/pts  _w
test_P      ********        ********        ********           546 4110.00
------------------------------------------------------------------------------------
TOTAL       ************************     0.0****************   546 4110.00 4110.00
TOTAL+norm  ****************                                   546 4110.00 4110.00



            Momentum Sum Rule Check


      q2      alphas      xuv       xdv       xub       xdb       xsb       xcb       xbb      xglue     total
      1.69    0.3845    0.3222    0.1370    0.0551    0.0716    0.0253    0.0000    0.0000    0.3890    1.0002
    100.00    0.1784    0.2270    0.0966    0.0645    0.0761    0.0436    0.0257    0.0087    0.4549    0.9972
   1000.00    0.1407    0.0000    0.0000    0.0000    0.0000    0.0000    0.0000    0.0000    0.0000    0.0000
   8315.00    0.1180    0.0000    0.0000    0.0000    0.0000    0.0000    0.0000    0.0000    0.0000    0.0000


 Vector Boson Cross Sections

 sqrt(s)   sigma(W)    error    theory

   1960.     2.865     0.063       0.000     D0

   1960.     2.749     0.054       0.000     CDF

   7000.     9.95      0.29        0.000     CMS

   7000.     9.96      0.55        0.000     ATLAS

 sqrt(s)   sigma(Z)    error    theory

   1960.     .2649     .0094       0.000     D0

   1960.     .2549     .0057       0.000     CDF

   7000.     .931      0.035       0.000     CMS

   7000.     .82       0.08        0.000     ATLAS


