 Correlated errors added in quadrature with statistical errors
 test_N     DIS data with   1.69< Q2 < 0.500D+03 and 0.000 < xB < 1.000 and   0.00< W2 < 0.100D+05 and 0.000 < y < 1.000
   No TMC applied
   HT corrections, additive C=C(xB)

# fitpack15: fit output
# CJ15 AV18 final data choices                                                 

Parametrization   7 used here

 S-ACOT scheme used  for NC DIS

 charm mass =     1.30 GeV     bottom mass =     4.50 GeV



 THIS IS A NEXT TO LEADING ORDER FIT

 Q02=    1.69
         1  LAMBDA      VALUE=   0.22680      WEIGHT=    0.0000    
         2  a0uv        VALUE=    2.4067      WEIGHT=    0.0000    
         3  a1uv        VALUE=   0.61537      WEIGHT=   0.19856E-01
         4  a2uv        VALUE=    3.5433      WEIGHT=   0.12414E-01
         5  a3uv        VALUE=    0.0000      WEIGHT=    0.0000    
         6  a4uv        VALUE=    3.4609      WEIGHT=   0.42903    
         7  a5uv        VALUE=    0.0000      WEIGHT=    0.0000    
         8  a0dv        VALUE=    24.684      WEIGHT=    0.0000    
         9  a1dv        VALUE=    1.1595      WEIGHT=   0.33533E-01
        10  a2dv        VALUE=    6.5514      WEIGHT=   0.15936    
        11  a3dv        VALUE=   -3.5030      WEIGHT=   0.86332E-01
        12  a4dv        VALUE=    4.6787      WEIGHT=   0.14209    
        13  a5dv        VALUE=    0.0000      WEIGHT=    0.0000    
        14  a0ud        VALUE=   0.14658      WEIGHT=   0.50348E-02
        15  a1ud        VALUE=  -0.20775      WEIGHT=   0.37551E-02
        16  a2ud        VALUE=    8.3286      WEIGHT=   0.19114    
        17  a3ud        VALUE=    0.0000      WEIGHT=    0.0000    
        18  a4ud        VALUE=    14.606      WEIGHT=    1.2151    
        19  a5ud        VALUE=    0.0000      WEIGHT=    0.0000    
        20  a0du        VALUE=    35712.      WEIGHT=    0.0000    
        21  a1du        VALUE=    4.0249      WEIGHT=   0.74070E-01
        22  a2du        VALUE=    20.154      WEIGHT=   0.87862    
        23  a3du        VALUE=    17.000      WEIGHT=    0.0000    
        24  a4du        VALUE=    51.156      WEIGHT=    10.239    
        25  a0g         VALUE=    45.541      WEIGHT=    0.0000    
        26  a1g         VALUE=   0.60307      WEIGHT=   0.31164E-01
        27  a2g         VALUE=    6.4812      WEIGHT=   0.96748    
        28  a3g         VALUE=   -3.3064      WEIGHT=   0.13418    
        29  a4g         VALUE=    3.1721      WEIGHT=   0.31376    
        30  a5g         VALUE=    0.0000      WEIGHT=    0.0000    
        31  kappa       VALUE=   0.40000      WEIGHT=    0.0000    
        32  a6dv        VALUE=  -0.36005E-02  WEIGHT=   0.66324E-03
        33  a7dv        VALUE=    2.0000      WEIGHT=    0.0000    
        34  off1        VALUE=   -3.6735      WEIGHT=    1.5278    
        35  off2        VALUE=   0.57717E-01  WEIGHT=   0.14842E-01
        36  ht1         VALUE=   -3.2874      WEIGHT=   0.26061    
        37  ht2         VALUE=    1.9274      WEIGHT=   0.10524    
        38  ht3         VALUE=   -2.0701      WEIGHT=   0.19888E-01
        39  ht4         VALUE=    0.0000      WEIGHT=    0.0000    
        40  dummy40     VALUE=    0.0000      WEIGHT=    0.0000    
        41  dummy41     VALUE=    0.0000      WEIGHT=    0.0000    
        42  dummy42     VALUE=    0.0000      WEIGHT=    0.0000    
        43  dummy43     VALUE=    0.0000      WEIGHT=    0.0000    
        44  dummy44     VALUE=    0.0000      WEIGHT=    0.0000    
        45  dummy45     VALUE=    0.0000      WEIGHT=    0.0000    
        46  dummy46     VALUE=    0.0000      WEIGHT=    0.0000    
        47  dummy47     VALUE=    0.0000      WEIGHT=    0.0000    
        48  dummy48     VALUE=    0.0000      WEIGHT=    0.0000    
        49  dummy49     VALUE=    0.0000      WEIGHT=    0.0000    
        50  bcdmsh2     VALUE=   0.97307      WEIGHT=   0.48289E-02
        51  bcdmsd2     VALUE=   0.99317      WEIGHT=   0.58269E-02
        52  ccfr        VALUE=    1.0000      WEIGHT=    0.0000    
        53  nutev       VALUE=    1.0000      WEIGHT=    0.0000    
        54  zeus        VALUE=   0.97998      WEIGHT=    0.0000    
        55  h1          VALUE=    1.0162      WEIGHT=    0.0000    
        56  e605        VALUE=    1.0319      WEIGHT=    0.0000    
        57  NmcH2       VALUE=    1.0095      WEIGHT=   0.71247E-02
        58  ntv_nu      VALUE=    1.0000      WEIGHT=    0.0000    
        59  ntv_nubar   VALUE=    1.0000      WEIGHT=    0.0000    
        60  cdf_jet     VALUE=   0.98910      WEIGHT=    0.0000    
        61  d0_jet      VALUE=   0.83504      WEIGHT=    0.0000    
        62  slac_p      VALUE=    1.0049      WEIGHT=   0.48124E-02
        63  slac_d      VALUE=    1.0042      WEIGHT=   0.52781E-02
        64  e866pp      VALUE=   0.96586      WEIGHT=   0.19263E-01
        65  e866pd      VALUE=   0.96369      WEIGHT=   0.15783E-01
        66  d0_gamjet   VALUE=    1.0389      WEIGHT=   0.16474E-01
        67  h1b         VALUE=   0.97608      WEIGHT=    0.0000    
        68  jlab_p      VALUE=   0.99446      WEIGHT=   0.57943E-02
        69  jlab_d      VALUE=   0.97557      WEIGHT=   0.59019E-02
        70  blank       VALUE=    1.0000      WEIGHT=    0.0000    
        71  d0run2      VALUE=   0.94087      WEIGHT=   0.14167E-01
        72  cdfrun2     VALUE=   0.92649      WEIGHT=   0.17233E-01
        73  HERA_el     VALUE=    1.0000      WEIGHT=    0.0000    
        74  HERA_ps     VALUE=    1.0000      WEIGHT=    0.0000    
        75  CDF_Z       VALUE=   0.96581      WEIGHT=   0.64944E-02
        76  NmcRat      VALUE=    1.0000      WEIGHT=    0.0000    
        77  BNS_F2nd    VALUE=   0.98310      WEIGHT=   0.68314E-02
        78  HERMES_F2p  VALUE=   0.99832      WEIGHT=   0.55693E-02
        79  HERMES_F2d  VALUE=   0.98039      WEIGHT=   0.58259E-02
0THE TOLERANCE IS    0.1000
 THE MAXIMUM NUMBER OF STEPS IS 100
0THE INITIAL CHI SQUARED IS  1.97191E+06



     X        Q2         W2       THEORY        error         DATA           ERROR        chi^2     _w    ITYPE
.1000E+00     2.000  0.189E+02   0.29388E+00   0.00000E+00   0.10000E+00    0.50249E-02 1488.69         test_N    
.1100E+00     2.000  0.171E+02   0.29041E+00   0.00000E+00   0.10000E+00    0.50249E-02 1435.88         test_N    
.1200E+00     2.000  0.155E+02   0.28616E+00   0.00000E+00   0.10000E+00    0.50249E-02 1372.56         test_N    
.1300E+00     2.000  0.143E+02   0.28120E+00   0.00000E+00   0.10000E+00    0.50249E-02 1300.36         test_N    
.1400E+00     2.000  0.132E+02   0.27562E+00   0.00000E+00   0.10000E+00    0.50249E-02 1221.41         test_N    
.1500E+00     2.000  0.122E+02   0.26941E+00   0.00000E+00   0.10000E+00    0.50249E-02 1136.66         test_N    
.1600E+00     2.000  0.114E+02   0.26284E+00   0.00000E+00   0.10000E+00    0.50249E-02 1050.15         test_N    
.1700E+00     2.000  0.106E+02   0.25588E+00   0.00000E+00   0.10000E+00    0.50249E-02  962.34         test_N    
.1800E+00     2.000  0.999E+01   0.24865E+00   0.00000E+00   0.10000E+00    0.50249E-02  875.15         test_N    
.1900E+00     2.000  0.941E+01   0.24129E+00   0.00000E+00   0.10000E+00    0.50249E-02  790.56         test_N    
.2000E+00     2.000  0.888E+01   0.23378E+00   0.00000E+00   0.10000E+00    0.50249E-02  708.79         test_N    
.2100E+00     2.000  0.841E+01   0.22629E+00   0.00000E+00   0.10000E+00    0.50249E-02  631.60         test_N    
.2200E+00     2.000  0.797E+01   0.21880E+00   0.00000E+00   0.10000E+00    0.50249E-02  558.93         test_N    
.2300E+00     2.000  0.758E+01   0.21137E+00   0.00000E+00   0.10000E+00    0.50249E-02  491.25         test_N    
.2400E+00     2.000  0.722E+01   0.20407E+00   0.00000E+00   0.10000E+00    0.50249E-02  428.95         test_N    
.2500E+00     2.000  0.688E+01   0.19690E+00   0.00000E+00   0.10000E+00    0.50249E-02  371.88         test_N    
.2600E+00     2.000  0.657E+01   0.18991E+00   0.00000E+00   0.10000E+00    0.50249E-02  320.16         test_N    
.2700E+00     2.000  0.629E+01   0.18311E+00   0.00000E+00   0.10000E+00    0.50249E-02  273.58         test_N    
.2800E+00     2.000  0.602E+01   0.17653E+00   0.00000E+00   0.10000E+00    0.50249E-02  231.93         test_N    
.2900E+00     2.000  0.578E+01   0.17017E+00   0.00000E+00   0.10000E+00    0.50249E-02  195.00         test_N    
.3000E+00     2.000  0.555E+01   0.16406E+00   0.00000E+00   0.10000E+00    0.18868E-02 1152.65         test_N    
.3100E+00     2.000  0.533E+01   0.15820E+00   0.00000E+00   0.10000E+00    0.50249E-02  134.14         test_N    
.3200E+00     2.000  0.513E+01   0.15261E+00   0.00000E+00   0.10000E+00    0.50249E-02  109.62         test_N    
.3300E+00     2.000  0.494E+01   0.14731E+00   0.00000E+00   0.10000E+00    0.50249E-02   88.63         test_N    
.3400E+00     2.000  0.476E+01   0.14230E+00   0.00000E+00   0.10000E+00    0.50249E-02   70.85         test_N    
.3500E+00     2.000  0.460E+01   0.13761E+00   0.00000E+00   0.10000E+00    0.50249E-02   56.01         test_N    
.3600E+00     2.000  0.444E+01   0.13324E+00   0.00000E+00   0.10000E+00    0.50249E-02   43.76         test_N    
.3700E+00     2.000  0.429E+01   0.12923E+00   0.00000E+00   0.10000E+00    0.50249E-02   33.83         test_N    
.3800E+00     2.000  0.414E+01   0.12560E+00   0.00000E+00   0.10000E+00    0.50249E-02   25.94         test_N    
.3900E+00     2.000  0.401E+01   0.12236E+00   0.00000E+00   0.10000E+00    0.50249E-02   19.80         test_N    
.4000E+00     2.000  0.388E+01   0.11955E+00   0.00000E+00   0.10000E+00    0.17692E-02  122.17         test_N    
.4100E+00     2.000  0.376E+01   0.11721E+00   0.00000E+00   0.10000E+00    0.50249E-02   11.73         test_N    
.4200E+00     2.000  0.364E+01   0.11535E+00   0.00000E+00   0.10000E+00    0.50249E-02    9.33         test_N    
.4300E+00     2.000  0.353E+01   0.11401E+00   0.00000E+00   0.10000E+00    0.50249E-02    7.78         test_N    
.4400E+00     2.000  0.343E+01   0.11324E+00   0.00000E+00   0.10000E+00    0.50249E-02    6.94         test_N    
.4500E+00     2.000  0.333E+01   0.11305E+00   0.00000E+00   0.10000E+00    0.50249E-02    6.74         test_N    
.4600E+00     2.000  0.323E+01   0.11349E+00   0.00000E+00   0.10000E+00    0.50249E-02    7.21         test_N    
.4700E+00     2.000  0.314E+01   0.11459E+00   0.00000E+00   0.10000E+00    0.50249E-02    8.43         test_N    
.4800E+00     2.000  0.305E+01   0.11639E+00   0.00000E+00   0.10000E+00    0.50249E-02   10.64         test_N    
.4900E+00     2.000  0.296E+01   0.11893E+00   0.00000E+00   0.10000E+00    0.50249E-02   14.19         test_N    
.5000E+00     2.000  0.288E+01   0.12223E+00   0.00000E+00   0.10000E+00    0.17692E-02  157.81         test_N    
.5100E+00     2.000  0.280E+01   0.12633E+00   0.00000E+00   0.10000E+00    0.50249E-02   27.47         test_N    
.5200E+00     2.000  0.273E+01   0.13128E+00   0.00000E+00   0.10000E+00    0.50249E-02   38.74         test_N    
.5300E+00     2.000  0.266E+01   0.13708E+00   0.00000E+00   0.10000E+00    0.50249E-02   54.46         test_N    
.5400E+00     2.000  0.259E+01   0.14380E+00   0.00000E+00   0.10000E+00    0.50249E-02   75.96         test_N    
.5500E+00     2.000  0.252E+01   0.15143E+00   0.00000E+00   0.10000E+00    0.50249E-02  104.75         test_N    
.5600E+00     2.000  0.245E+01   0.16003E+00   0.00000E+00   0.10000E+00    0.50249E-02  142.72         test_N    
.5700E+00     2.000  0.239E+01   0.16961E+00   0.00000E+00   0.10000E+00    0.50249E-02  191.92         test_N    
.5800E+00     2.000  0.233E+01   0.18021E+00   0.00000E+00   0.10000E+00    0.50249E-02  254.78         test_N    
.5900E+00     2.000  0.227E+01   0.19184E+00   0.00000E+00   0.10000E+00    0.50249E-02  334.05         test_N    
.6000E+00     2.000  0.222E+01   0.20453E+00   0.00000E+00   0.10000E+00    0.17692E-02 3491.01         test_N    
.6100E+00     2.000  0.216E+01   0.21831E+00   0.00000E+00   0.10000E+00    0.50249E-02  554.35         test_N    
.6200E+00     2.000  0.211E+01   0.23319E+00   0.00000E+00   0.10000E+00    0.50249E-02  702.56         test_N    
.6300E+00     2.000  0.206E+01   0.24919E+00   0.00000E+00   0.10000E+00    0.50249E-02  881.52         test_N    
.6400E+00     2.000  0.201E+01   0.26634E+00   0.00000E+00   0.10000E+00    0.50249E-02 1095.79         test_N    
.6500E+00     2.000  0.196E+01   0.28464E+00   0.00000E+00   0.10000E+00    0.50249E-02 1350.23         test_N    
.6600E+00     2.000  0.191E+01   0.30413E+00   0.00000E+00   0.10000E+00    0.50249E-02 1650.22         test_N    
.6700E+00     2.000  0.187E+01   0.32480E+00   0.00000E+00   0.10000E+00    0.50249E-02 2001.42         test_N    
.6800E+00     2.000  0.182E+01   0.34668E+00   0.00000E+00   0.10000E+00    0.50249E-02 2410.00         test_N    
.6900E+00     2.000  0.178E+01   0.36979E+00   0.00000E+00   0.10000E+00    0.50249E-02 2882.54         test_N    
.7000E+00     2.000  0.174E+01   0.39412E+00   0.00000E+00   0.10000E+00    0.17692E-02 *******         test_N    
.7100E+00     2.000  0.170E+01   0.41971E+00   0.00000E+00   0.10000E+00    0.50249E-02 4048.01         test_N    
.7200E+00     2.000  0.166E+01   0.44655E+00   0.00000E+00   0.10000E+00    0.50249E-02 4756.34         test_N    
.7300E+00     2.000  0.162E+01   0.47467E+00   0.00000E+00   0.10000E+00    0.50249E-02 5559.43         test_N    
.7400E+00     2.000  0.158E+01   0.50407E+00   0.00000E+00   0.10000E+00    0.50249E-02 6466.15         test_N    
.7500E+00     2.000  0.155E+01   0.53476E+00   0.00000E+00   0.10000E+00    0.50249E-02 7485.92         test_N    
.7600E+00     2.000  0.151E+01   0.56677E+00   0.00000E+00   0.10000E+00    0.50249E-02 8628.53         test_N    
.7700E+00     2.000  0.148E+01   0.60009E+00   0.00000E+00   0.10000E+00    0.50249E-02 9904.46         test_N    
.7800E+00     2.000  0.145E+01   0.63474E+00   0.00000E+00   0.10000E+00    0.50249E-02 *******         test_N    
.7900E+00     2.000  0.141E+01   0.67073E+00   0.00000E+00   0.10000E+00    0.50249E-02 *******         test_N    
.8000E+00     2.000  0.138E+01   0.70808E+00   0.00000E+00   0.10000E+00    0.17692E-02 *******         test_N    
.8100E+00     2.000  0.135E+01   0.74679E+00   0.00000E+00   0.10000E+00    0.50249E-02 *******         test_N    
.8200E+00     2.000  0.132E+01   0.78689E+00   0.00000E+00   0.10000E+00    0.50249E-02 *******         test_N    
.8300E+00     2.000  0.129E+01   0.82837E+00   0.00000E+00   0.10000E+00    0.50249E-02 *******         test_N    
.8400E+00     2.000  0.126E+01   0.87125E+00   0.00000E+00   0.10000E+00    0.50249E-02 *******         test_N    
.8500E+00     2.000  0.123E+01   0.91555E+00   0.00000E+00   0.10000E+00    0.50249E-02 *******         test_N    
.8600E+00     2.000  0.121E+01   0.96128E+00   0.00000E+00   0.10000E+00    0.50249E-02 *******         test_N    
.8700E+00     2.000  0.118E+01   0.10085E+01   0.00000E+00   0.10000E+00    0.50249E-02 *******         test_N    
.8800E+00     2.000  0.115E+01   0.10571E+01   0.00000E+00   0.10000E+00    0.50249E-02 *******         test_N    
.8900E+00     2.000  0.113E+01   0.11072E+01   0.00000E+00   0.10000E+00    0.50249E-02 *******         test_N    
.9000E+00     2.000  0.110E+01   0.11588E+01   0.00000E+00   0.10000E+00    0.17692E-02 *******         test_N    
.9100E+00     2.000  0.108E+01   0.12118E+01   0.00000E+00   0.10000E+00    0.50249E-02 *******         test_N    
.9200E+00     2.000  0.106E+01   0.12664E+01   0.00000E+00   0.10000E+00    0.50249E-02 *******         test_N    
.9300E+00     2.000  0.103E+01   0.13225E+01   0.00000E+00   0.10000E+00    0.50249E-02 *******         test_N    
.9400E+00     2.000  0.101E+01   0.13801E+01   0.00000E+00   0.10000E+00    0.50249E-02 *******         test_N    
.9500E+00     2.000  0.987E+00   0.14393E+01   0.00000E+00   0.10000E+00    0.50249E-02 *******         test_N    
.9600E+00     2.000  0.965E+00   0.15001E+01   0.00000E+00   0.10000E+00    0.50249E-02 *******         test_N    
.9700E+00     2.000  0.944E+00   0.15624E+01   0.00000E+00   0.10000E+00    0.50249E-02 *******         test_N    
.9800E+00     2.000  0.923E+00   0.16263E+01   0.00000E+00   0.10000E+00    0.50249E-02 *******         test_N    
.9900E+00     2.000  0.902E+00   0.16918E+01   0.00000E+00   0.10000E+00    0.50249E-02 *******         test_N    
.1000E+01     2.000  0.882E+00   0.17589E+01   0.00000E+00   0.10000E+00    0.50249E-02 *******         test_N    
.1000E+00     5.000  0.459E+02   0.31792E+00   0.00000E+00   0.10000E+00    0.50249E-02 1880.71         test_N    
.1100E+00     5.000  0.413E+02   0.31161E+00   0.00000E+00   0.10000E+00    0.50249E-02 1773.38         test_N    
.1200E+00     5.000  0.375E+02   0.30508E+00   0.00000E+00   0.10000E+00    0.50249E-02 1665.60         test_N    
.1300E+00     5.000  0.343E+02   0.29827E+00   0.00000E+00   0.10000E+00    0.50249E-02 1556.84         test_N    
.1400E+00     5.000  0.316E+02   0.29119E+00   0.00000E+00   0.10000E+00    0.50249E-02 1447.70         test_N    
.1500E+00     5.000  0.292E+02   0.28390E+00   0.00000E+00   0.10000E+00    0.50249E-02 1339.39         test_N    
.1600E+00     5.000  0.271E+02   0.27649E+00   0.00000E+00   0.10000E+00    0.50249E-02 1233.64         test_N    
.1700E+00     5.000  0.253E+02   0.26898E+00   0.00000E+00   0.10000E+00    0.50249E-02 1130.82         test_N    
.1800E+00     5.000  0.237E+02   0.26141E+00   0.00000E+00   0.10000E+00    0.50249E-02 1031.84         test_N    
.1900E+00     5.000  0.222E+02   0.25385E+00   0.00000E+00   0.10000E+00    0.50249E-02  937.47         test_N    
.2000E+00     5.000  0.209E+02   0.24631E+00   0.00000E+00   0.10000E+00    0.50249E-02  847.78         test_N    
.2100E+00     5.000  0.197E+02   0.23883E+00   0.00000E+00   0.10000E+00    0.50249E-02  763.34         test_N    
.2200E+00     5.000  0.186E+02   0.23143E+00   0.00000E+00   0.10000E+00    0.50249E-02  684.11         test_N    
.2300E+00     5.000  0.176E+02   0.22412E+00   0.00000E+00   0.10000E+00    0.50249E-02  610.12         test_N    
.2400E+00     5.000  0.167E+02   0.21691E+00   0.00000E+00   0.10000E+00    0.50249E-02  541.35         test_N    
.2500E+00     5.000  0.159E+02   0.20982E+00   0.00000E+00   0.10000E+00    0.50249E-02  477.64         test_N    
.2600E+00     5.000  0.151E+02   0.20284E+00   0.00000E+00   0.10000E+00    0.50249E-02  418.86         test_N    
.2700E+00     5.000  0.144E+02   0.19598E+00   0.00000E+00   0.10000E+00    0.50249E-02  364.88         test_N    
.2800E+00     5.000  0.137E+02   0.18925E+00   0.00000E+00   0.10000E+00    0.50249E-02  315.49         test_N    
.2900E+00     5.000  0.131E+02   0.18265E+00   0.00000E+00   0.10000E+00    0.50249E-02  270.51         test_N    
.3000E+00     5.000  0.125E+02   0.17617E+00   0.00000E+00   0.10000E+00    0.18868E-02 1629.86         test_N    
.3100E+00     5.000  0.120E+02   0.16983E+00   0.00000E+00   0.10000E+00    0.50249E-02  193.09         test_N    
.3200E+00     5.000  0.115E+02   0.16362E+00   0.00000E+00   0.10000E+00    0.50249E-02  160.28         test_N    
.3300E+00     5.000  0.110E+02   0.15755E+00   0.00000E+00   0.10000E+00    0.50249E-02  131.17         test_N    
.3400E+00     5.000  0.106E+02   0.15163E+00   0.00000E+00   0.10000E+00    0.50249E-02  105.56         test_N    
.3500E+00     5.000  0.102E+02   0.14586E+00   0.00000E+00   0.10000E+00    0.50249E-02   83.31         test_N    
.3600E+00     5.000  0.977E+01   0.14026E+00   0.00000E+00   0.10000E+00    0.50249E-02   64.21         test_N    
.3700E+00     5.000  0.940E+01   0.13485E+00   0.00000E+00   0.10000E+00    0.50249E-02   48.09         test_N    
.3800E+00     5.000  0.904E+01   0.12962E+00   0.00000E+00   0.10000E+00    0.50249E-02   34.75         test_N    
.3900E+00     5.000  0.870E+01   0.12460E+00   0.00000E+00   0.10000E+00    0.50249E-02   23.97         test_N    
.4000E+00     5.000  0.838E+01   0.11981E+00   0.00000E+00   0.10000E+00    0.17692E-02  125.36         test_N    
.4100E+00     5.000  0.808E+01   0.11526E+00   0.00000E+00   0.10000E+00    0.50249E-02    9.22         test_N    
.4200E+00     5.000  0.779E+01   0.11097E+00   0.00000E+00   0.10000E+00    0.50249E-02    4.77         test_N    
.4300E+00     5.000  0.751E+01   0.10697E+00   0.00000E+00   0.10000E+00    0.50249E-02    1.92         test_N    
.4400E+00     5.000  0.725E+01   0.10327E+00   0.00000E+00   0.10000E+00    0.50249E-02    0.42         test_N    
.4500E+00     5.000  0.699E+01   0.99884E-01   0.00000E+00   0.10000E+00    0.50249E-02   -0.00         test_N    
.4600E+00     5.000  0.675E+01   0.96847E-01   0.00000E+00   0.10000E+00    0.50249E-02   -0.39         test_N    
.4700E+00     5.000  0.652E+01   0.94167E-01   0.00000E+00   0.10000E+00    0.50249E-02   -1.35         test_N    
.4800E+00     5.000  0.630E+01   0.91866E-01   0.00000E+00   0.10000E+00    0.50249E-02   -2.62         test_N    
.4900E+00     5.000  0.609E+01   0.89964E-01   0.00000E+00   0.10000E+00    0.50249E-02   -3.99         test_N    
.5000E+00     5.000  0.588E+01   0.88473E-01   0.00000E+00   0.10000E+00    0.17692E-02  -42.45         test_N    
.5100E+00     5.000  0.569E+01   0.87418E-01   0.00000E+00   0.10000E+00    0.50249E-02   -6.27         test_N    
.5200E+00     5.000  0.550E+01   0.86808E-01   0.00000E+00   0.10000E+00    0.50249E-02   -6.89         test_N    
.5300E+00     5.000  0.532E+01   0.86657E-01   0.00000E+00   0.10000E+00    0.50249E-02   -7.05         test_N    
.5400E+00     5.000  0.514E+01   0.86983E-01   0.00000E+00   0.10000E+00    0.50249E-02   -6.71         test_N    
.5500E+00     5.000  0.497E+01   0.87792E-01   0.00000E+00   0.10000E+00    0.50249E-02   -5.90         test_N    
.5600E+00     5.000  0.481E+01   0.89103E-01   0.00000E+00   0.10000E+00    0.50249E-02   -4.70         test_N    
.5700E+00     5.000  0.465E+01   0.90921E-01   0.00000E+00   0.10000E+00    0.50249E-02   -3.26         test_N    
.5800E+00     5.000  0.450E+01   0.93255E-01   0.00000E+00   0.10000E+00    0.50249E-02   -1.80         test_N    
.5900E+00     5.000  0.436E+01   0.96116E-01   0.00000E+00   0.10000E+00    0.50249E-02   -0.60         test_N    
.6000E+00     5.000  0.422E+01   0.99507E-01   0.00000E+00   0.10000E+00    0.17692E-02   -0.08         test_N    
.6100E+00     5.000  0.408E+01   0.10344E+00   0.00000E+00   0.10000E+00    0.50249E-02    0.47         test_N    
.6200E+00     5.000  0.395E+01   0.10792E+00   0.00000E+00   0.10000E+00    0.50249E-02    2.48         test_N    
.6300E+00     5.000  0.382E+01   0.11294E+00   0.00000E+00   0.10000E+00    0.50249E-02    6.63         test_N    
.6400E+00     5.000  0.369E+01   0.11852E+00   0.00000E+00   0.10000E+00    0.50249E-02   13.59         test_N    
.6500E+00     5.000  0.357E+01   0.12466E+00   0.00000E+00   0.10000E+00    0.50249E-02   24.08         test_N    
.6600E+00     5.000  0.346E+01   0.13135E+00   0.00000E+00   0.10000E+00    0.50249E-02   38.92         test_N    
.6700E+00     5.000  0.334E+01   0.13861E+00   0.00000E+00   0.10000E+00    0.50249E-02   59.03         test_N    
.6800E+00     5.000  0.323E+01   0.14643E+00   0.00000E+00   0.10000E+00    0.50249E-02   85.36         test_N    
.6900E+00     5.000  0.313E+01   0.15481E+00   0.00000E+00   0.10000E+00    0.50249E-02  118.97         test_N    
.7000E+00     5.000  0.302E+01   0.16376E+00   0.00000E+00   0.10000E+00    0.17692E-02 1298.81         test_N    
.7100E+00     5.000  0.292E+01   0.17328E+00   0.00000E+00   0.10000E+00    0.50249E-02  212.65         test_N    
.7200E+00     5.000  0.283E+01   0.18336E+00   0.00000E+00   0.10000E+00    0.50249E-02  275.22         test_N    
.7300E+00     5.000  0.273E+01   0.19402E+00   0.00000E+00   0.10000E+00    0.50249E-02  350.07         test_N    
.7400E+00     5.000  0.264E+01   0.20524E+00   0.00000E+00   0.10000E+00    0.50249E-02  438.64         test_N    
.7500E+00     5.000  0.255E+01   0.21704E+00   0.00000E+00   0.10000E+00    0.50249E-02  542.49         test_N    
.7600E+00     5.000  0.246E+01   0.22941E+00   0.00000E+00   0.10000E+00    0.50249E-02  663.20         test_N    
.7700E+00     5.000  0.238E+01   0.24235E+00   0.00000E+00   0.10000E+00    0.50249E-02  802.47         test_N    
.7800E+00     5.000  0.229E+01   0.25586E+00   0.00000E+00   0.10000E+00    0.50249E-02  962.09         test_N    
.7900E+00     5.000  0.221E+01   0.26995E+00   0.00000E+00   0.10000E+00    0.50249E-02 1143.91         test_N    
.8000E+00     5.000  0.213E+01   0.28462E+00   0.00000E+00   0.10000E+00    0.17692E-02 *******         test_N    
.8100E+00     5.000  0.205E+01   0.29987E+00   0.00000E+00   0.10000E+00    0.50249E-02 1582.08         test_N    
.8200E+00     5.000  0.198E+01   0.31570E+00   0.00000E+00   0.10000E+00    0.50249E-02 1842.62         test_N    
.8300E+00     5.000  0.191E+01   0.33211E+00   0.00000E+00   0.10000E+00    0.50249E-02 2133.73         test_N    
.8400E+00     5.000  0.183E+01   0.34911E+00   0.00000E+00   0.10000E+00    0.50249E-02 2457.73         test_N    
.8500E+00     5.000  0.176E+01   0.36670E+00   0.00000E+00   0.10000E+00    0.50249E-02 2817.08         test_N    
.8600E+00     5.000  0.170E+01   0.38489E+00   0.00000E+00   0.10000E+00    0.50249E-02 3214.27         test_N    
.8700E+00     5.000  0.163E+01   0.40366E+00   0.00000E+00   0.10000E+00    0.50249E-02 3651.96         test_N    
.8800E+00     5.000  0.156E+01   0.42304E+00   0.00000E+00   0.10000E+00    0.50249E-02 4132.89         test_N    
.8900E+00     5.000  0.150E+01   0.44302E+00   0.00000E+00   0.10000E+00    0.50249E-02 4659.90         test_N    
.9000E+00     5.000  0.144E+01   0.46360E+00   0.00000E+00   0.10000E+00    0.17692E-02 *******         test_N    
.9100E+00     5.000  0.138E+01   0.48480E+00   0.00000E+00   0.10000E+00    0.50249E-02 5864.12         test_N    
.9200E+00     5.000  0.132E+01   0.50660E+00   0.00000E+00   0.10000E+00    0.50249E-02 6547.59         test_N    
.9300E+00     5.000  0.126E+01   0.52903E+00   0.00000E+00   0.10000E+00    0.50249E-02 7289.66         test_N    
.9400E+00     5.000  0.120E+01   0.55207E+00   0.00000E+00   0.10000E+00    0.50249E-02 8093.73         test_N    
.9500E+00     5.000  0.114E+01   0.57574E+00   0.00000E+00   0.10000E+00    0.50249E-02 8963.39         test_N    
.9600E+00     5.000  0.109E+01   0.60003E+00   0.00000E+00   0.10000E+00    0.50249E-02 9902.22         test_N    
.9700E+00     5.000  0.104E+01   0.62496E+00   0.00000E+00   0.10000E+00    0.50249E-02 *******         test_N    
.9800E+00     5.000  0.984E+00   0.65052E+00   0.00000E+00   0.10000E+00    0.50249E-02 *******         test_N    
.9900E+00     5.000  0.932E+00   0.67672E+00   0.00000E+00   0.10000E+00    0.50249E-02 *******         test_N    
.1000E+01     5.000  0.882E+00   0.70357E+00   0.00000E+00   0.10000E+00    0.50249E-02 *******         test_N    
.1000E+00    10.000  0.909E+02   0.32711E+00   0.00000E+00   0.10000E+00    0.50249E-02 2042.69         test_N    
.1100E+00    10.000  0.818E+02   0.31859E+00   0.00000E+00   0.10000E+00    0.50249E-02 1892.41         test_N    
.1200E+00    10.000  0.742E+02   0.31030E+00   0.00000E+00   0.10000E+00    0.50249E-02 1751.46         test_N    
.1300E+00    10.000  0.678E+02   0.30203E+00   0.00000E+00   0.10000E+00    0.50249E-02 1616.52         test_N    
.1400E+00    10.000  0.623E+02   0.29374E+00   0.00000E+00   0.10000E+00    0.50249E-02 1486.58         test_N    
.1500E+00    10.000  0.575E+02   0.28549E+00   0.00000E+00   0.10000E+00    0.50249E-02 1362.58         test_N    
.1600E+00    10.000  0.534E+02   0.27727E+00   0.00000E+00   0.10000E+00    0.50249E-02 1244.58         test_N    
.1700E+00    10.000  0.497E+02   0.26912E+00   0.00000E+00   0.10000E+00    0.50249E-02 1132.76         test_N    
.1800E+00    10.000  0.464E+02   0.26106E+00   0.00000E+00   0.10000E+00    0.50249E-02 1027.29         test_N    
.1900E+00    10.000  0.435E+02   0.25309E+00   0.00000E+00   0.10000E+00    0.50249E-02  928.23         test_N    
.2000E+00    10.000  0.409E+02   0.24524E+00   0.00000E+00   0.10000E+00    0.50249E-02  835.44         test_N    
.2100E+00    10.000  0.385E+02   0.23751E+00   0.00000E+00   0.10000E+00    0.50249E-02  748.88         test_N    
.2200E+00    10.000  0.363E+02   0.22991E+00   0.00000E+00   0.10000E+00    0.50249E-02  668.33         test_N    
.2300E+00    10.000  0.344E+02   0.22243E+00   0.00000E+00   0.10000E+00    0.50249E-02  593.59         test_N    
.2400E+00    10.000  0.325E+02   0.21507E+00   0.00000E+00   0.10000E+00    0.50249E-02  524.43         test_N    
.2500E+00    10.000  0.309E+02   0.20785E+00   0.00000E+00   0.10000E+00    0.50249E-02  460.64         test_N    
.2600E+00    10.000  0.293E+02   0.20074E+00   0.00000E+00   0.10000E+00    0.50249E-02  401.91         test_N    
.2700E+00    10.000  0.279E+02   0.19375E+00   0.00000E+00   0.10000E+00    0.50249E-02  348.11         test_N    
.2800E+00    10.000  0.266E+02   0.18689E+00   0.00000E+00   0.10000E+00    0.50249E-02  299.02         test_N    
.2900E+00    10.000  0.254E+02   0.18014E+00   0.00000E+00   0.10000E+00    0.50249E-02  254.36         test_N    
.3000E+00    10.000  0.242E+02   0.17351E+00   0.00000E+00   0.10000E+00    0.18868E-02 1517.76         test_N    
.3100E+00    10.000  0.231E+02   0.16698E+00   0.00000E+00   0.10000E+00    0.50249E-02  177.66         test_N    
.3200E+00    10.000  0.221E+02   0.16056E+00   0.00000E+00   0.10000E+00    0.50249E-02  145.25         test_N    
.3300E+00    10.000  0.212E+02   0.15426E+00   0.00000E+00   0.10000E+00    0.50249E-02  116.60         test_N    
.3400E+00    10.000  0.203E+02   0.14808E+00   0.00000E+00   0.10000E+00    0.50249E-02   91.53         test_N    
.3500E+00    10.000  0.195E+02   0.14202E+00   0.00000E+00   0.10000E+00    0.50249E-02   69.92         test_N    
.3600E+00    10.000  0.187E+02   0.13608E+00   0.00000E+00   0.10000E+00    0.50249E-02   51.57         test_N    
.3700E+00    10.000  0.179E+02   0.13029E+00   0.00000E+00   0.10000E+00    0.50249E-02   36.34         test_N    
.3800E+00    10.000  0.172E+02   0.12465E+00   0.00000E+00   0.10000E+00    0.50249E-02   24.07         test_N    
.3900E+00    10.000  0.165E+02   0.11917E+00   0.00000E+00   0.10000E+00    0.50249E-02   14.56         test_N    
.4000E+00    10.000  0.159E+02   0.11386E+00   0.00000E+00   0.10000E+00    0.17692E-02   61.39         test_N    
.4100E+00    10.000  0.153E+02   0.10874E+00   0.00000E+00   0.10000E+00    0.50249E-02    3.03         test_N    
.4200E+00    10.000  0.147E+02   0.10382E+00   0.00000E+00   0.10000E+00    0.50249E-02    0.58         test_N    
.4300E+00    10.000  0.141E+02   0.99107E-01   0.00000E+00   0.10000E+00    0.50249E-02   -0.03         test_N    
.4400E+00    10.000  0.136E+02   0.94623E-01   0.00000E+00   0.10000E+00    0.50249E-02   -1.15         test_N    
.4500E+00    10.000  0.131E+02   0.90376E-01   0.00000E+00   0.10000E+00    0.50249E-02   -3.67         test_N    
.4600E+00    10.000  0.126E+02   0.86385E-01   0.00000E+00   0.10000E+00    0.50249E-02   -7.34         test_N    
.4700E+00    10.000  0.122E+02   0.82656E-01   0.00000E+00   0.10000E+00    0.50249E-02  -11.91         test_N    
.4800E+00    10.000  0.117E+02   0.79204E-01   0.00000E+00   0.10000E+00    0.50249E-02  -17.13         test_N    
.4900E+00    10.000  0.113E+02   0.76040E-01   0.00000E+00   0.10000E+00    0.50249E-02  -22.74         test_N    
.5000E+00    10.000  0.109E+02   0.73171E-01   0.00000E+00   0.10000E+00    0.17692E-02 -229.97         test_N    
.5100E+00    10.000  0.105E+02   0.70612E-01   0.00000E+00   0.10000E+00    0.50249E-02  -34.20         test_N    
.5200E+00    10.000  0.101E+02   0.68367E-01   0.00000E+00   0.10000E+00    0.50249E-02  -39.63         test_N    
.5300E+00    10.000  0.975E+01   0.66443E-01   0.00000E+00   0.10000E+00    0.50249E-02  -44.60         test_N    
.5400E+00    10.000  0.940E+01   0.64850E-01   0.00000E+00   0.10000E+00    0.50249E-02  -48.93         test_N    
.5500E+00    10.000  0.906E+01   0.63589E-01   0.00000E+00   0.10000E+00    0.50249E-02  -52.50         test_N    
.5600E+00    10.000  0.874E+01   0.62670E-01   0.00000E+00   0.10000E+00    0.50249E-02  -55.19         test_N    
.5700E+00    10.000  0.843E+01   0.62093E-01   0.00000E+00   0.10000E+00    0.50249E-02  -56.91         test_N    
.5800E+00    10.000  0.812E+01   0.61861E-01   0.00000E+00   0.10000E+00    0.50249E-02  -57.61         test_N    
.5900E+00    10.000  0.783E+01   0.61977E-01   0.00000E+00   0.10000E+00    0.50249E-02  -57.26         test_N    
.6000E+00    10.000  0.755E+01   0.62442E-01   0.00000E+00   0.10000E+00    0.17692E-02 -450.67         test_N    
.6100E+00    10.000  0.728E+01   0.63258E-01   0.00000E+00   0.10000E+00    0.50249E-02  -53.46         test_N    
.6200E+00    10.000  0.701E+01   0.64423E-01   0.00000E+00   0.10000E+00    0.50249E-02  -50.13         test_N    
.6300E+00    10.000  0.675E+01   0.65938E-01   0.00000E+00   0.10000E+00    0.50249E-02  -45.95         test_N    
.6400E+00    10.000  0.651E+01   0.67802E-01   0.00000E+00   0.10000E+00    0.50249E-02  -41.06         test_N    
.6500E+00    10.000  0.627E+01   0.70012E-01   0.00000E+00   0.10000E+00    0.50249E-02  -35.61         test_N    
.6600E+00    10.000  0.603E+01   0.72568E-01   0.00000E+00   0.10000E+00    0.50249E-02  -29.80         test_N    
.6700E+00    10.000  0.581E+01   0.75467E-01   0.00000E+00   0.10000E+00    0.50249E-02  -23.84         test_N    
.6800E+00    10.000  0.559E+01   0.78707E-01   0.00000E+00   0.10000E+00    0.50249E-02  -17.96         test_N    
.6900E+00    10.000  0.537E+01   0.82286E-01   0.00000E+00   0.10000E+00    0.50249E-02  -12.43         test_N    
.7000E+00    10.000  0.517E+01   0.86201E-01   0.00000E+00   0.10000E+00    0.17692E-02  -60.84         test_N    
.7100E+00    10.000  0.497E+01   0.90448E-01   0.00000E+00   0.10000E+00    0.50249E-02   -3.61         test_N    
.7200E+00    10.000  0.477E+01   0.95027E-01   0.00000E+00   0.10000E+00    0.50249E-02   -0.98         test_N    
.7300E+00    10.000  0.458E+01   0.99935E-01   0.00000E+00   0.10000E+00    0.50249E-02   -0.00         test_N    
.7400E+00    10.000  0.440E+01   0.10517E+00   0.00000E+00   0.10000E+00    0.50249E-02    1.06         test_N    
.7500E+00    10.000  0.422E+01   0.11072E+00   0.00000E+00   0.10000E+00    0.50249E-02    4.56         test_N    
.7600E+00    10.000  0.404E+01   0.11660E+00   0.00000E+00   0.10000E+00    0.50249E-02   10.92         test_N    
.7700E+00    10.000  0.387E+01   0.12280E+00   0.00000E+00   0.10000E+00    0.50249E-02   20.59         test_N    
.7800E+00    10.000  0.370E+01   0.12931E+00   0.00000E+00   0.10000E+00    0.50249E-02   34.03         test_N    
.7900E+00    10.000  0.354E+01   0.13614E+00   0.00000E+00   0.10000E+00    0.50249E-02   51.74         test_N    
.8000E+00    10.000  0.338E+01   0.14329E+00   0.00000E+00   0.10000E+00    0.17692E-02  598.68         test_N    
.8100E+00    10.000  0.323E+01   0.15075E+00   0.00000E+00   0.10000E+00    0.50249E-02  101.99         test_N    
.8200E+00    10.000  0.308E+01   0.15852E+00   0.00000E+00   0.10000E+00    0.50249E-02  135.61         test_N    
.8300E+00    10.000  0.293E+01   0.16660E+00   0.00000E+00   0.10000E+00    0.50249E-02  175.66         test_N    
.8400E+00    10.000  0.279E+01   0.17499E+00   0.00000E+00   0.10000E+00    0.50249E-02  222.72         test_N    
.8500E+00    10.000  0.265E+01   0.18370E+00   0.00000E+00   0.10000E+00    0.50249E-02  277.43         test_N    
.8600E+00    10.000  0.251E+01   0.19271E+00   0.00000E+00   0.10000E+00    0.50249E-02  340.40         test_N    
.8700E+00    10.000  0.238E+01   0.20204E+00   0.00000E+00   0.10000E+00    0.50249E-02  412.33         test_N    
.8800E+00    10.000  0.225E+01   0.21167E+00   0.00000E+00   0.10000E+00    0.50249E-02  493.89         test_N    
.8900E+00    10.000  0.212E+01   0.22162E+00   0.00000E+00   0.10000E+00    0.50249E-02  585.80         test_N    
.9000E+00    10.000  0.199E+01   0.23188E+00   0.00000E+00   0.10000E+00    0.17692E-02 5556.62         test_N    
.9100E+00    10.000  0.187E+01   0.24245E+00   0.00000E+00   0.10000E+00    0.50249E-02  803.65         test_N    
.9200E+00    10.000  0.175E+01   0.25334E+00   0.00000E+00   0.10000E+00    0.50249E-02  931.16         test_N    
.9300E+00    10.000  0.163E+01   0.26453E+00   0.00000E+00   0.10000E+00    0.50249E-02 1072.13         test_N    
.9400E+00    10.000  0.152E+01   0.27605E+00   0.00000E+00   0.10000E+00    0.50249E-02 1227.41         test_N    
.9500E+00    10.000  0.141E+01   0.28787E+00   0.00000E+00   0.10000E+00    0.50249E-02 1397.89         test_N    
.9600E+00    10.000  0.130E+01   0.30002E+00   0.00000E+00   0.10000E+00    0.50249E-02 1584.44         test_N    
.9700E+00    10.000  0.119E+01   0.31248E+00   0.00000E+00   0.10000E+00    0.50249E-02 1788.02         test_N    
.9800E+00    10.000  0.109E+01   0.32526E+00   0.00000E+00   0.10000E+00    0.50249E-02 2009.60         test_N    
.9900E+00    10.000  0.983E+00   0.33836E+00   0.00000E+00   0.10000E+00    0.50249E-02 2250.17         test_N    
.1000E+01    10.000  0.882E+00   0.35178E+00   0.00000E+00   0.10000E+00    0.50249E-02 2510.71         test_N    
.1000E+00    20.000  0.181E+03   0.33265E+00   0.00000E+00   0.10000E+00    0.50249E-02 2143.62         test_N    
.1100E+00    20.000  0.163E+03   0.32222E+00   0.00000E+00   0.10000E+00    0.50249E-02 1955.69         test_N    
.1200E+00    20.000  0.148E+03   0.31223E+00   0.00000E+00   0.10000E+00    0.50249E-02 1783.79         test_N    
.1300E+00    20.000  0.135E+03   0.30256E+00   0.00000E+00   0.10000E+00    0.50249E-02 1624.95         test_N    
.1400E+00    20.000  0.124E+03   0.29308E+00   0.00000E+00   0.10000E+00    0.50249E-02 1476.47         test_N    
.1500E+00    20.000  0.114E+03   0.28386E+00   0.00000E+00   0.10000E+00    0.50249E-02 1338.79         test_N    
.1600E+00    20.000  0.106E+03   0.27482E+00   0.00000E+00   0.10000E+00    0.50249E-02 1210.43         test_N    
.1700E+00    20.000  0.985E+02   0.26600E+00   0.00000E+00   0.10000E+00    0.50249E-02 1091.29         test_N    
.1800E+00    20.000  0.920E+02   0.25737E+00   0.00000E+00   0.10000E+00    0.50249E-02  980.85         test_N    
.1900E+00    20.000  0.861E+02   0.24894E+00   0.00000E+00   0.10000E+00    0.50249E-02  878.56         test_N    
.2000E+00    20.000  0.809E+02   0.24070E+00   0.00000E+00   0.10000E+00    0.50249E-02  784.06         test_N    
.2100E+00    20.000  0.761E+02   0.23265E+00   0.00000E+00   0.10000E+00    0.50249E-02  696.82         test_N    
.2200E+00    20.000  0.718E+02   0.22476E+00   0.00000E+00   0.10000E+00    0.50249E-02  616.49         test_N    
.2300E+00    20.000  0.678E+02   0.21705E+00   0.00000E+00   0.10000E+00    0.50249E-02  542.64         test_N    
.2400E+00    20.000  0.642E+02   0.20950E+00   0.00000E+00   0.10000E+00    0.50249E-02  474.87         test_N    
.2500E+00    20.000  0.609E+02   0.20210E+00   0.00000E+00   0.10000E+00    0.50249E-02  412.88         test_N    
.2600E+00    20.000  0.578E+02   0.19484E+00   0.00000E+00   0.10000E+00    0.50249E-02  356.25         test_N    
.2700E+00    20.000  0.550E+02   0.18772E+00   0.00000E+00   0.10000E+00    0.50249E-02  304.77         test_N    
.2800E+00    20.000  0.523E+02   0.18073E+00   0.00000E+00   0.10000E+00    0.50249E-02  258.13         test_N    
.2900E+00    20.000  0.498E+02   0.17386E+00   0.00000E+00   0.10000E+00    0.50249E-02  216.07         test_N    
.3000E+00    20.000  0.475E+02   0.16711E+00   0.00000E+00   0.10000E+00    0.18868E-02 1265.25         test_N    
.3100E+00    20.000  0.454E+02   0.16049E+00   0.00000E+00   0.10000E+00    0.50249E-02  144.89         test_N    
.3200E+00    20.000  0.434E+02   0.15397E+00   0.00000E+00   0.10000E+00    0.50249E-02  115.38         test_N    
.3300E+00    20.000  0.415E+02   0.14758E+00   0.00000E+00   0.10000E+00    0.50249E-02   89.66         test_N    
.3400E+00    20.000  0.397E+02   0.14130E+00   0.00000E+00   0.10000E+00    0.50249E-02   67.55         test_N    
.3500E+00    20.000  0.380E+02   0.13514E+00   0.00000E+00   0.10000E+00    0.50249E-02   48.92         test_N    
.3600E+00    20.000  0.364E+02   0.12911E+00   0.00000E+00   0.10000E+00    0.50249E-02   33.56         test_N    
.3700E+00    20.000  0.349E+02   0.12321E+00   0.00000E+00   0.10000E+00    0.50249E-02   21.34         test_N    
.3800E+00    20.000  0.335E+02   0.11745E+00   0.00000E+00   0.10000E+00    0.50249E-02   12.07         test_N    
.3900E+00    20.000  0.322E+02   0.11184E+00   0.00000E+00   0.10000E+00    0.50249E-02    5.55         test_N    
.4000E+00    20.000  0.309E+02   0.10639E+00   0.00000E+00   0.10000E+00    0.17692E-02   13.04         test_N    
.4100E+00    20.000  0.297E+02   0.10110E+00   0.00000E+00   0.10000E+00    0.50249E-02    0.05         test_N    
.4200E+00    20.000  0.285E+02   0.95989E-01   0.00000E+00   0.10000E+00    0.50249E-02   -0.64         test_N    
.4300E+00    20.000  0.274E+02   0.91062E-01   0.00000E+00   0.10000E+00    0.50249E-02   -3.16         test_N    
.4400E+00    20.000  0.263E+02   0.86331E-01   0.00000E+00   0.10000E+00    0.50249E-02   -7.40         test_N    
.4500E+00    20.000  0.253E+02   0.81801E-01   0.00000E+00   0.10000E+00    0.50249E-02  -13.12         test_N    
.4600E+00    20.000  0.244E+02   0.77487E-01   0.00000E+00   0.10000E+00    0.50249E-02  -20.07         test_N    
.4700E+00    20.000  0.234E+02   0.73391E-01   0.00000E+00   0.10000E+00    0.50249E-02  -28.04         test_N    
.4800E+00    20.000  0.225E+02   0.69522E-01   0.00000E+00   0.10000E+00    0.50249E-02  -36.79         test_N    
.4900E+00    20.000  0.217E+02   0.65887E-01   0.00000E+00   0.10000E+00    0.50249E-02  -46.09         test_N    
.5000E+00    20.000  0.209E+02   0.62489E-01   0.00000E+00   0.10000E+00    0.17692E-02 -449.54         test_N    
.5100E+00    20.000  0.201E+02   0.59339E-01   0.00000E+00   0.10000E+00    0.50249E-02  -65.48         test_N    
.5200E+00    20.000  0.193E+02   0.56435E-01   0.00000E+00   0.10000E+00    0.50249E-02  -75.17         test_N    
.5300E+00    20.000  0.186E+02   0.53781E-01   0.00000E+00   0.10000E+00    0.50249E-02  -84.60         test_N    
.5400E+00    20.000  0.179E+02   0.51382E-01   0.00000E+00   0.10000E+00    0.50249E-02  -93.61         test_N    
.5500E+00    20.000  0.172E+02   0.49237E-01   0.00000E+00   0.10000E+00    0.50249E-02 -102.06         test_N    
.5600E+00    20.000  0.166E+02   0.47349E-01   0.00000E+00   0.10000E+00    0.50249E-02 -109.79         test_N    
.5700E+00    20.000  0.160E+02   0.45717E-01   0.00000E+00   0.10000E+00    0.50249E-02 -116.70         test_N    
.5800E+00    20.000  0.154E+02   0.44339E-01   0.00000E+00   0.10000E+00    0.50249E-02 -122.70         test_N    
.5900E+00    20.000  0.148E+02   0.43216E-01   0.00000E+00   0.10000E+00    0.50249E-02 -127.70         test_N    
.6000E+00    20.000  0.142E+02   0.42344E-01   0.00000E+00   0.10000E+00    0.17692E-02 *******         test_N    
.6100E+00    20.000  0.137E+02   0.41723E-01   0.00000E+00   0.10000E+00    0.50249E-02 -134.50         test_N    
.6200E+00    20.000  0.131E+02   0.41348E-01   0.00000E+00   0.10000E+00    0.50249E-02 -136.24         test_N    
.6300E+00    20.000  0.126E+02   0.41218E-01   0.00000E+00   0.10000E+00    0.50249E-02 -136.85         test_N    
.6400E+00    20.000  0.121E+02   0.41328E-01   0.00000E+00   0.10000E+00    0.50249E-02 -136.33         test_N    
.6500E+00    20.000  0.117E+02   0.41674E-01   0.00000E+00   0.10000E+00    0.50249E-02 -134.73         test_N    
.6600E+00    20.000  0.112E+02   0.42253E-01   0.00000E+00   0.10000E+00    0.50249E-02 -132.07         test_N    
.6700E+00    20.000  0.107E+02   0.43061E-01   0.00000E+00   0.10000E+00    0.50249E-02 -128.40         test_N    
.6800E+00    20.000  0.103E+02   0.44093E-01   0.00000E+00   0.10000E+00    0.50249E-02 -123.79         test_N    
.6900E+00    20.000  0.987E+01   0.45344E-01   0.00000E+00   0.10000E+00    0.50249E-02 -118.31         test_N    
.7000E+00    20.000  0.945E+01   0.46812E-01   0.00000E+00   0.10000E+00    0.17692E-02 -903.82         test_N    
.7100E+00    20.000  0.905E+01   0.48490E-01   0.00000E+00   0.10000E+00    0.50249E-02 -105.08         test_N    
.7200E+00    20.000  0.866E+01   0.50376E-01   0.00000E+00   0.10000E+00    0.50249E-02  -97.53         test_N    
.7300E+00    20.000  0.828E+01   0.52465E-01   0.00000E+00   0.10000E+00    0.50249E-02  -89.49         test_N    
.7400E+00    20.000  0.791E+01   0.54753E-01   0.00000E+00   0.10000E+00    0.50249E-02  -81.08         test_N    
.7500E+00    20.000  0.755E+01   0.57237E-01   0.00000E+00   0.10000E+00    0.50249E-02  -72.42         test_N    
.7600E+00    20.000  0.720E+01   0.59911E-01   0.00000E+00   0.10000E+00    0.50249E-02  -63.65         test_N    
.7700E+00    20.000  0.686E+01   0.62775E-01   0.00000E+00   0.10000E+00    0.50249E-02  -54.88         test_N    
.7800E+00    20.000  0.652E+01   0.65824E-01   0.00000E+00   0.10000E+00    0.50249E-02  -46.26         test_N    
.7900E+00    20.000  0.620E+01   0.69055E-01   0.00000E+00   0.10000E+00    0.50249E-02  -37.92         test_N    
.8000E+00    20.000  0.588E+01   0.72466E-01   0.00000E+00   0.10000E+00    0.17692E-02 -242.21         test_N    
.8100E+00    20.000  0.557E+01   0.76053E-01   0.00000E+00   0.10000E+00    0.50249E-02  -22.71         test_N    
.8200E+00    20.000  0.527E+01   0.79816E-01   0.00000E+00   0.10000E+00    0.50249E-02  -16.13         test_N    
.8300E+00    20.000  0.498E+01   0.83752E-01   0.00000E+00   0.10000E+00    0.50249E-02  -10.46         test_N    
.8400E+00    20.000  0.469E+01   0.87858E-01   0.00000E+00   0.10000E+00    0.50249E-02   -5.84         test_N    
.8500E+00    20.000  0.441E+01   0.92134E-01   0.00000E+00   0.10000E+00    0.50249E-02   -2.45         test_N    
.8600E+00    20.000  0.414E+01   0.96577E-01   0.00000E+00   0.10000E+00    0.50249E-02   -0.46         test_N    
.8700E+00    20.000  0.387E+01   0.10119E+00   0.00000E+00   0.10000E+00    0.50249E-02    0.06         test_N    
.8800E+00    20.000  0.361E+01   0.10596E+00   0.00000E+00   0.10000E+00    0.50249E-02    1.41         test_N    
.8900E+00    20.000  0.335E+01   0.11090E+00   0.00000E+00   0.10000E+00    0.50249E-02    4.71         test_N    
.9000E+00    20.000  0.310E+01   0.11600E+00   0.00000E+00   0.10000E+00    0.17692E-02   81.83         test_N    
.9100E+00    20.000  0.286E+01   0.12127E+00   0.00000E+00   0.10000E+00    0.50249E-02   17.91         test_N    
.9200E+00    20.000  0.262E+01   0.12670E+00   0.00000E+00   0.10000E+00    0.50249E-02   28.22         test_N    
.9300E+00    20.000  0.239E+01   0.13228E+00   0.00000E+00   0.10000E+00    0.50249E-02   41.28         test_N    
.9400E+00    20.000  0.216E+01   0.13803E+00   0.00000E+00   0.10000E+00    0.50249E-02   57.28         test_N    
.9500E+00    20.000  0.193E+01   0.14394E+00   0.00000E+00   0.10000E+00    0.50249E-02   76.47         test_N    
.9600E+00    20.000  0.172E+01   0.15001E+00   0.00000E+00   0.10000E+00    0.50249E-02   99.05         test_N    
.9700E+00    20.000  0.150E+01   0.15624E+00   0.00000E+00   0.10000E+00    0.50249E-02  125.27         test_N    
.9800E+00    20.000  0.129E+01   0.16263E+00   0.00000E+00   0.10000E+00    0.50249E-02  155.35         test_N    
.9900E+00    20.000  0.108E+01   0.16918E+00   0.00000E+00   0.10000E+00    0.50249E-02  189.55         test_N    
.1000E+01    20.000  0.882E+00   0.17589E+00   0.00000E+00   0.10000E+00    0.50249E-02  228.10         test_N    
.1000E+00    50.000  0.451E+03   0.33635E+00   0.00000E+00   0.10000E+00    0.50249E-02 2212.30         test_N    
.1100E+00    50.000  0.405E+03   0.32359E+00   0.00000E+00   0.10000E+00    0.50249E-02 1979.95         test_N    
.1200E+00    50.000  0.368E+03   0.31169E+00   0.00000E+00   0.10000E+00    0.50249E-02 1774.69         test_N    
.1300E+00    50.000  0.335E+03   0.30042E+00   0.00000E+00   0.10000E+00    0.50249E-02 1590.85         test_N    
.1400E+00    50.000  0.308E+03   0.28960E+00   0.00000E+00   0.10000E+00    0.50249E-02 1423.65         test_N    
.1500E+00    50.000  0.284E+03   0.27927E+00   0.00000E+00   0.10000E+00    0.50249E-02 1272.71         test_N    
.1600E+00    50.000  0.263E+03   0.26928E+00   0.00000E+00   0.10000E+00    0.50249E-02 1134.88         test_N    
.1700E+00    50.000  0.245E+03   0.25967E+00   0.00000E+00   0.10000E+00    0.50249E-02 1009.63         test_N    
.1800E+00    50.000  0.229E+03   0.25038E+00   0.00000E+00   0.10000E+00    0.50249E-02  895.65         test_N    
.1900E+00    50.000  0.214E+03   0.24139E+00   0.00000E+00   0.10000E+00    0.50249E-02  791.75         test_N    
.2000E+00    50.000  0.201E+03   0.23269E+00   0.00000E+00   0.10000E+00    0.50249E-02  697.29         test_N    
.2100E+00    50.000  0.189E+03   0.22423E+00   0.00000E+00   0.10000E+00    0.50249E-02  611.24         test_N    
.2200E+00    50.000  0.178E+03   0.21602E+00   0.00000E+00   0.10000E+00    0.50249E-02  533.09         test_N    
.2300E+00    50.000  0.168E+03   0.20803E+00   0.00000E+00   0.10000E+00    0.50249E-02  462.19         test_N    
.2400E+00    50.000  0.159E+03   0.20024E+00   0.00000E+00   0.10000E+00    0.50249E-02  397.94         test_N    
.2500E+00    50.000  0.151E+03   0.19265E+00   0.00000E+00   0.10000E+00    0.50249E-02  339.94         test_N    
.2600E+00    50.000  0.143E+03   0.18523E+00   0.00000E+00   0.10000E+00    0.50249E-02  287.66         test_N    
.2700E+00    50.000  0.136E+03   0.17797E+00   0.00000E+00   0.10000E+00    0.50249E-02  240.79         test_N    
.2800E+00    50.000  0.129E+03   0.17088E+00   0.00000E+00   0.10000E+00    0.50249E-02  198.97         test_N    
.2900E+00    50.000  0.123E+03   0.16393E+00   0.00000E+00   0.10000E+00    0.50249E-02  161.87         test_N    
.3000E+00    50.000  0.118E+03   0.15713E+00   0.00000E+00   0.10000E+00    0.18868E-02  916.79         test_N    
.3100E+00    50.000  0.112E+03   0.15046E+00   0.00000E+00   0.10000E+00    0.50249E-02  100.84         test_N    
.3200E+00    50.000  0.107E+03   0.14393E+00   0.00000E+00   0.10000E+00    0.50249E-02   76.42         test_N    
.3300E+00    50.000  0.102E+03   0.13753E+00   0.00000E+00   0.10000E+00    0.50249E-02   55.78         test_N    
.3400E+00    50.000  0.979E+02   0.13126E+00   0.00000E+00   0.10000E+00    0.50249E-02   38.71         test_N    
.3500E+00    50.000  0.937E+02   0.12513E+00   0.00000E+00   0.10000E+00    0.50249E-02   25.02         test_N    
.3600E+00    50.000  0.898E+02   0.11914E+00   0.00000E+00   0.10000E+00    0.50249E-02   14.51         test_N    
.3700E+00    50.000  0.860E+02   0.11329E+00   0.00000E+00   0.10000E+00    0.50249E-02    6.99         test_N    
.3800E+00    50.000  0.825E+02   0.10758E+00   0.00000E+00   0.10000E+00    0.50249E-02    2.28         test_N    
.3900E+00    50.000  0.791E+02   0.10203E+00   0.00000E+00   0.10000E+00    0.50249E-02    0.16         test_N    
.4000E+00    50.000  0.759E+02   0.96643E-01   0.00000E+00   0.10000E+00    0.17692E-02   -3.60         test_N    
.4100E+00    50.000  0.728E+02   0.91417E-01   0.00000E+00   0.10000E+00    0.50249E-02   -2.92         test_N    
.4200E+00    50.000  0.699E+02   0.86359E-01   0.00000E+00   0.10000E+00    0.50249E-02   -7.37         test_N    
.4300E+00    50.000  0.672E+02   0.81478E-01   0.00000E+00   0.10000E+00    0.50249E-02  -13.59         test_N    
.4400E+00    50.000  0.645E+02   0.76779E-01   0.00000E+00   0.10000E+00    0.50249E-02  -21.36         test_N    
.4500E+00    50.000  0.620E+02   0.72265E-01   0.00000E+00   0.10000E+00    0.50249E-02  -30.47         test_N    
.4600E+00    50.000  0.596E+02   0.67944E-01   0.00000E+00   0.10000E+00    0.50249E-02  -40.70         test_N    
.4700E+00    50.000  0.573E+02   0.63818E-01   0.00000E+00   0.10000E+00    0.50249E-02  -51.85         test_N    
.4800E+00    50.000  0.550E+02   0.59890E-01   0.00000E+00   0.10000E+00    0.50249E-02  -63.72         test_N    
.4900E+00    50.000  0.529E+02   0.56165E-01   0.00000E+00   0.10000E+00    0.50249E-02  -76.10         test_N    
.5000E+00    50.000  0.509E+02   0.52640E-01   0.00000E+00   0.10000E+00    0.17692E-02 -716.59         test_N    
.5100E+00    50.000  0.489E+02   0.49324E-01   0.00000E+00   0.10000E+00    0.50249E-02 -101.71         test_N    
.5200E+00    50.000  0.470E+02   0.46211E-01   0.00000E+00   0.10000E+00    0.50249E-02 -114.59         test_N    
.5300E+00    50.000  0.452E+02   0.43302E-01   0.00000E+00   0.10000E+00    0.50249E-02 -127.31         test_N    
.5400E+00    50.000  0.435E+02   0.40599E-01   0.00000E+00   0.10000E+00    0.50249E-02 -139.74         test_N    
.5500E+00    50.000  0.418E+02   0.38097E-01   0.00000E+00   0.10000E+00    0.50249E-02 -151.76         test_N    
.5600E+00    50.000  0.402E+02   0.35797E-01   0.00000E+00   0.10000E+00    0.50249E-02 -163.25         test_N    
.5700E+00    50.000  0.386E+02   0.33695E-01   0.00000E+00   0.10000E+00    0.50249E-02 -174.11         test_N    
.5800E+00    50.000  0.371E+02   0.31787E-01   0.00000E+00   0.10000E+00    0.50249E-02 -184.28         test_N    
.5900E+00    50.000  0.356E+02   0.30072E-01   0.00000E+00   0.10000E+00    0.50249E-02 -193.66         test_N    
.6000E+00    50.000  0.342E+02   0.28543E-01   0.00000E+00   0.10000E+00    0.17692E-02 *******         test_N    
.6100E+00    50.000  0.328E+02   0.27197E-01   0.00000E+00   0.10000E+00    0.50249E-02 -209.91         test_N    
.6200E+00    50.000  0.315E+02   0.26030E-01   0.00000E+00   0.10000E+00    0.50249E-02 -216.69         test_N    
.6300E+00    50.000  0.302E+02   0.25037E-01   0.00000E+00   0.10000E+00    0.50249E-02 -222.55         test_N    
.6400E+00    50.000  0.290E+02   0.24212E-01   0.00000E+00   0.10000E+00    0.50249E-02 -227.48         test_N    
.6500E+00    50.000  0.278E+02   0.23550E-01   0.00000E+00   0.10000E+00    0.50249E-02 -231.47         test_N    
.6600E+00    50.000  0.266E+02   0.23047E-01   0.00000E+00   0.10000E+00    0.50249E-02 -234.53         test_N    
.6700E+00    50.000  0.255E+02   0.22697E-01   0.00000E+00   0.10000E+00    0.50249E-02 -236.67         test_N    
.6800E+00    50.000  0.244E+02   0.22494E-01   0.00000E+00   0.10000E+00    0.50249E-02 -237.91         test_N    
.6900E+00    50.000  0.233E+02   0.22433E-01   0.00000E+00   0.10000E+00    0.50249E-02 -238.28         test_N    
.7000E+00    50.000  0.223E+02   0.22511E-01   0.00000E+00   0.10000E+00    0.17692E-02 *******         test_N    
.7100E+00    50.000  0.213E+02   0.22720E-01   0.00000E+00   0.10000E+00    0.50249E-02 -236.53         test_N    
.7200E+00    50.000  0.203E+02   0.23056E-01   0.00000E+00   0.10000E+00    0.50249E-02 -234.47         test_N    
.7300E+00    50.000  0.194E+02   0.23515E-01   0.00000E+00   0.10000E+00    0.50249E-02 -231.68         test_N    
.7400E+00    50.000  0.184E+02   0.24092E-01   0.00000E+00   0.10000E+00    0.50249E-02 -228.20         test_N    
.7500E+00    50.000  0.175E+02   0.24783E-01   0.00000E+00   0.10000E+00    0.50249E-02 -224.06         test_N    
.7600E+00    50.000  0.167E+02   0.25583E-01   0.00000E+00   0.10000E+00    0.50249E-02 -219.32         test_N    
.7700E+00    50.000  0.158E+02   0.26489E-01   0.00000E+00   0.10000E+00    0.50249E-02 -214.02         test_N    
.7800E+00    50.000  0.150E+02   0.27496E-01   0.00000E+00   0.10000E+00    0.50249E-02 -208.19         test_N    
.7900E+00    50.000  0.142E+02   0.28602E-01   0.00000E+00   0.10000E+00    0.50249E-02 -201.89         test_N    
.8000E+00    50.000  0.134E+02   0.29803E-01   0.00000E+00   0.10000E+00    0.17692E-02 *******         test_N    
.8100E+00    50.000  0.126E+02   0.31095E-01   0.00000E+00   0.10000E+00    0.50249E-02 -188.03         test_N    
.8200E+00    50.000  0.119E+02   0.32477E-01   0.00000E+00   0.10000E+00    0.50249E-02 -180.57         test_N    
.8300E+00    50.000  0.111E+02   0.33946E-01   0.00000E+00   0.10000E+00    0.50249E-02 -172.80         test_N    
.8400E+00    50.000  0.104E+02   0.35498E-01   0.00000E+00   0.10000E+00    0.50249E-02 -164.77         test_N    
.8500E+00    50.000  0.971E+01   0.37133E-01   0.00000E+00   0.10000E+00    0.50249E-02 -156.53         test_N    
.8600E+00    50.000  0.902E+01   0.38847E-01   0.00000E+00   0.10000E+00    0.50249E-02 -148.11         test_N    
.8700E+00    50.000  0.835E+01   0.40638E-01   0.00000E+00   0.10000E+00    0.50249E-02 -139.56         test_N    
.8800E+00    50.000  0.770E+01   0.42506E-01   0.00000E+00   0.10000E+00    0.50249E-02 -130.91         test_N    
.8900E+00    50.000  0.706E+01   0.44448E-01   0.00000E+00   0.10000E+00    0.50249E-02 -122.22         test_N    
.9000E+00    50.000  0.644E+01   0.46463E-01   0.00000E+00   0.10000E+00    0.17692E-02 -915.73         test_N    
.9100E+00    50.000  0.583E+01   0.48548E-01   0.00000E+00   0.10000E+00    0.50249E-02 -104.84         test_N    
.9200E+00    50.000  0.523E+01   0.50704E-01   0.00000E+00   0.10000E+00    0.50249E-02  -96.24         test_N    
.9300E+00    50.000  0.465E+01   0.52929E-01   0.00000E+00   0.10000E+00    0.50249E-02  -87.75         test_N    
.9400E+00    50.000  0.407E+01   0.55221E-01   0.00000E+00   0.10000E+00    0.50249E-02  -79.41         test_N    
.9500E+00    50.000  0.351E+01   0.57581E-01   0.00000E+00   0.10000E+00    0.50249E-02  -71.26         test_N    
.9600E+00    50.000  0.297E+01   0.60006E-01   0.00000E+00   0.10000E+00    0.50249E-02  -63.35         test_N    
.9700E+00    50.000  0.243E+01   0.62497E-01   0.00000E+00   0.10000E+00    0.50249E-02  -55.70         test_N    
.9800E+00    50.000  0.190E+01   0.65053E-01   0.00000E+00   0.10000E+00    0.50249E-02  -48.37         test_N    
.9900E+00    50.000  0.139E+01   0.67673E-01   0.00000E+00   0.10000E+00    0.50249E-02  -41.39         test_N    
.1000E+01    50.000  0.882E+00   0.70357E-01   0.00000E+00   0.10000E+00    0.50249E-02  -34.80         test_N    
.1000E+00   100.000  0.901E+03   0.33747E+00   0.00000E+00   0.10000E+00    0.50249E-02 2233.27         test_N    
.1100E+00   100.000  0.810E+03   0.32320E+00   0.00000E+00   0.10000E+00    0.50249E-02 1973.03         test_N    
.1200E+00   100.000  0.734E+03   0.31005E+00   0.00000E+00   0.10000E+00    0.50249E-02 1747.44         test_N    
.1300E+00   100.000  0.670E+03   0.29776E+00   0.00000E+00   0.10000E+00    0.50249E-02 1548.87         test_N    
.1400E+00   100.000  0.615E+03   0.28606E+00   0.00000E+00   0.10000E+00    0.50249E-02 1371.08         test_N    
.1500E+00   100.000  0.568E+03   0.27501E+00   0.00000E+00   0.10000E+00    0.50249E-02 1213.07         test_N    
.1600E+00   100.000  0.526E+03   0.26441E+00   0.00000E+00   0.10000E+00    0.50249E-02 1070.56         test_N    
.1700E+00   100.000  0.489E+03   0.25428E+00   0.00000E+00   0.10000E+00    0.50249E-02  942.72         test_N    
.1800E+00   100.000  0.456E+03   0.24457E+00   0.00000E+00   0.10000E+00    0.50249E-02  827.73         test_N    
.1900E+00   100.000  0.427E+03   0.23521E+00   0.00000E+00   0.10000E+00    0.50249E-02  724.04         test_N    
.2000E+00   100.000  0.401E+03   0.22621E+00   0.00000E+00   0.10000E+00    0.50249E-02  630.80         test_N    
.2100E+00   100.000  0.377E+03   0.21749E+00   0.00000E+00   0.10000E+00    0.50249E-02  546.69         test_N    
.2200E+00   100.000  0.355E+03   0.20906E+00   0.00000E+00   0.10000E+00    0.50249E-02  471.07         test_N    
.2300E+00   100.000  0.336E+03   0.20089E+00   0.00000E+00   0.10000E+00    0.50249E-02  403.15         test_N    
.2400E+00   100.000  0.318E+03   0.19296E+00   0.00000E+00   0.10000E+00    0.50249E-02  342.22         test_N    
.2500E+00   100.000  0.301E+03   0.18525E+00   0.00000E+00   0.10000E+00    0.50249E-02  287.82         test_N    
.2600E+00   100.000  0.285E+03   0.17774E+00   0.00000E+00   0.10000E+00    0.50249E-02  239.32         test_N    
.2700E+00   100.000  0.271E+03   0.17042E+00   0.00000E+00   0.10000E+00    0.50249E-02  196.38         test_N    
.2800E+00   100.000  0.258E+03   0.16328E+00   0.00000E+00   0.10000E+00    0.50249E-02  158.59         test_N    
.2900E+00   100.000  0.246E+03   0.15631E+00   0.00000E+00   0.10000E+00    0.50249E-02  125.56         test_N    
.3000E+00   100.000  0.234E+03   0.14950E+00   0.00000E+00   0.10000E+00    0.18868E-02  688.32         test_N    
.3100E+00   100.000  0.223E+03   0.14285E+00   0.00000E+00   0.10000E+00    0.50249E-02   72.71         test_N    
.3200E+00   100.000  0.213E+03   0.13635E+00   0.00000E+00   0.10000E+00    0.50249E-02   52.32         test_N    
.3300E+00   100.000  0.204E+03   0.13000E+00   0.00000E+00   0.10000E+00    0.50249E-02   35.64         test_N    
.3400E+00   100.000  0.195E+03   0.12380E+00   0.00000E+00   0.10000E+00    0.50249E-02   22.43         test_N    
.3500E+00   100.000  0.187E+03   0.11775E+00   0.00000E+00   0.10000E+00    0.50249E-02   12.47         test_N    
.3600E+00   100.000  0.179E+03   0.11185E+00   0.00000E+00   0.10000E+00    0.50249E-02    5.56         test_N    
.3700E+00   100.000  0.171E+03   0.10610E+00   0.00000E+00   0.10000E+00    0.50249E-02    1.47         test_N    
.3800E+00   100.000  0.164E+03   0.10051E+00   0.00000E+00   0.10000E+00    0.50249E-02    0.01         test_N    
.3900E+00   100.000  0.157E+03   0.95083E-01   0.00000E+00   0.10000E+00    0.50249E-02   -0.96         test_N    
.4000E+00   100.000  0.151E+03   0.89820E-01   0.00000E+00   0.10000E+00    0.17692E-02  -33.11         test_N    
.4100E+00   100.000  0.145E+03   0.84727E-01   0.00000E+00   0.10000E+00    0.50249E-02   -9.24         test_N    
.4200E+00   100.000  0.139E+03   0.79806E-01   0.00000E+00   0.10000E+00    0.50249E-02  -16.15         test_N    
.4300E+00   100.000  0.133E+03   0.75062E-01   0.00000E+00   0.10000E+00    0.50249E-02  -24.63         test_N    
.4400E+00   100.000  0.128E+03   0.70500E-01   0.00000E+00   0.10000E+00    0.50249E-02  -34.47         test_N    
.4500E+00   100.000  0.123E+03   0.66120E-01   0.00000E+00   0.10000E+00    0.50249E-02  -45.46         test_N    
.4600E+00   100.000  0.118E+03   0.61928E-01   0.00000E+00   0.10000E+00    0.50249E-02  -57.41         test_N    
.4700E+00   100.000  0.114E+03   0.57923E-01   0.00000E+00   0.10000E+00    0.50249E-02  -70.12         test_N    
.4800E+00   100.000  0.109E+03   0.54107E-01   0.00000E+00   0.10000E+00    0.50249E-02  -83.41         test_N    
.4900E+00   100.000  0.105E+03   0.50483E-01   0.00000E+00   0.10000E+00    0.50249E-02  -97.11         test_N    
.5000E+00   100.000  0.101E+03   0.47048E-01   0.00000E+00   0.10000E+00    0.17692E-02 -895.81         test_N    
.5100E+00   100.000  0.970E+02   0.43805E-01   0.00000E+00   0.10000E+00    0.50249E-02 -125.06         test_N    
.5200E+00   100.000  0.932E+02   0.40750E-01   0.00000E+00   0.10000E+00    0.50249E-02 -139.03         test_N    
.5300E+00   100.000  0.896E+02   0.37882E-01   0.00000E+00   0.10000E+00    0.50249E-02 -152.82         test_N    
.5400E+00   100.000  0.861E+02   0.35198E-01   0.00000E+00   0.10000E+00    0.50249E-02 -166.31         test_N    
.5500E+00   100.000  0.827E+02   0.32696E-01   0.00000E+00   0.10000E+00    0.50249E-02 -179.40         test_N    
.5600E+00   100.000  0.795E+02   0.30373E-01   0.00000E+00   0.10000E+00    0.50249E-02 -191.99         test_N    
.5700E+00   100.000  0.763E+02   0.28225E-01   0.00000E+00   0.10000E+00    0.50249E-02 -204.03         test_N    
.5800E+00   100.000  0.733E+02   0.26247E-01   0.00000E+00   0.10000E+00    0.50249E-02 -215.43         test_N    
.5900E+00   100.000  0.704E+02   0.24435E-01   0.00000E+00   0.10000E+00    0.50249E-02 -226.14         test_N    
.6000E+00   100.000  0.675E+02   0.22784E-01   0.00000E+00   0.10000E+00    0.17692E-02 *******         test_N    
.6100E+00   100.000  0.648E+02   0.21290E-01   0.00000E+00   0.10000E+00    0.50249E-02 -245.36         test_N    
.6200E+00   100.000  0.622E+02   0.19946E-01   0.00000E+00   0.10000E+00    0.50249E-02 -253.80         test_N    
.6300E+00   100.000  0.596E+02   0.18748E-01   0.00000E+00   0.10000E+00    0.50249E-02 -261.46         test_N    
.6400E+00   100.000  0.571E+02   0.17690E-01   0.00000E+00   0.10000E+00    0.50249E-02 -268.31         test_N    
.6500E+00   100.000  0.547E+02   0.16767E-01   0.00000E+00   0.10000E+00    0.50249E-02 -274.37         test_N    
.6600E+00   100.000  0.524E+02   0.15971E-01   0.00000E+00   0.10000E+00    0.50249E-02 -279.64         test_N    
.6700E+00   100.000  0.501E+02   0.15299E-01   0.00000E+00   0.10000E+00    0.50249E-02 -284.13         test_N    
.6800E+00   100.000  0.479E+02   0.14746E-01   0.00000E+00   0.10000E+00    0.50249E-02 -287.85         test_N    
.6900E+00   100.000  0.458E+02   0.14304E-01   0.00000E+00   0.10000E+00    0.50249E-02 -290.85         test_N    
.7000E+00   100.000  0.437E+02   0.13969E-01   0.00000E+00   0.10000E+00    0.17692E-02 *******         test_N    
.7100E+00   100.000  0.417E+02   0.13736E-01   0.00000E+00   0.10000E+00    0.50249E-02 -294.71         test_N    
.7200E+00   100.000  0.398E+02   0.13600E-01   0.00000E+00   0.10000E+00    0.50249E-02 -295.64         test_N    
.7300E+00   100.000  0.379E+02   0.13557E-01   0.00000E+00   0.10000E+00    0.50249E-02 -295.94         test_N    
.7400E+00   100.000  0.360E+02   0.13600E-01   0.00000E+00   0.10000E+00    0.50249E-02 -295.64         test_N    
.7500E+00   100.000  0.342E+02   0.13728E-01   0.00000E+00   0.10000E+00    0.50249E-02 -294.77         test_N    
.7600E+00   100.000  0.325E+02   0.13933E-01   0.00000E+00   0.10000E+00    0.50249E-02 -293.37         test_N    
.7700E+00   100.000  0.308E+02   0.14214E-01   0.00000E+00   0.10000E+00    0.50249E-02 -291.46         test_N    
.7800E+00   100.000  0.291E+02   0.14566E-01   0.00000E+00   0.10000E+00    0.50249E-02 -289.07         test_N    
.7900E+00   100.000  0.275E+02   0.14986E-01   0.00000E+00   0.10000E+00    0.50249E-02 -286.24         test_N    
.8000E+00   100.000  0.259E+02   0.15470E-01   0.00000E+00   0.10000E+00    0.17692E-02 *******         test_N    
.8100E+00   100.000  0.243E+02   0.16015E-01   0.00000E+00   0.10000E+00    0.50249E-02 -279.34         test_N    
.8200E+00   100.000  0.228E+02   0.16620E-01   0.00000E+00   0.10000E+00    0.50249E-02 -275.34         test_N    
.8300E+00   100.000  0.214E+02   0.17280E-01   0.00000E+00   0.10000E+00    0.50249E-02 -271.00         test_N    
.8400E+00   100.000  0.199E+02   0.17993E-01   0.00000E+00   0.10000E+00    0.50249E-02 -266.34         test_N    
.8500E+00   100.000  0.185E+02   0.18758E-01   0.00000E+00   0.10000E+00    0.50249E-02 -261.40         test_N    
.8600E+00   100.000  0.172E+02   0.19570E-01   0.00000E+00   0.10000E+00    0.50249E-02 -256.20         test_N    
.8700E+00   100.000  0.158E+02   0.20430E-01   0.00000E+00   0.10000E+00    0.50249E-02 -250.75         test_N    
.8800E+00   100.000  0.145E+02   0.21335E-01   0.00000E+00   0.10000E+00    0.50249E-02 -245.08         test_N    
.8900E+00   100.000  0.132E+02   0.22283E-01   0.00000E+00   0.10000E+00    0.50249E-02 -239.21         test_N    
.9000E+00   100.000  0.120E+02   0.23272E-01   0.00000E+00   0.10000E+00    0.17692E-02 *******         test_N    
.9100E+00   100.000  0.108E+02   0.24301E-01   0.00000E+00   0.10000E+00    0.50249E-02 -226.94         test_N    
.9200E+00   100.000  0.958E+01   0.25369E-01   0.00000E+00   0.10000E+00    0.50249E-02 -220.58         test_N    
.9300E+00   100.000  0.841E+01   0.26475E-01   0.00000E+00   0.10000E+00    0.50249E-02 -214.10         test_N    
.9400E+00   100.000  0.726E+01   0.27616E-01   0.00000E+00   0.10000E+00    0.50249E-02 -207.50         test_N    
.9500E+00   100.000  0.614E+01   0.28793E-01   0.00000E+00   0.10000E+00    0.50249E-02 -200.81         test_N    
.9600E+00   100.000  0.505E+01   0.30004E-01   0.00000E+00   0.10000E+00    0.50249E-02 -194.04         test_N    
.9700E+00   100.000  0.397E+01   0.31249E-01   0.00000E+00   0.10000E+00    0.50249E-02 -187.20         test_N    
.9800E+00   100.000  0.292E+01   0.32527E-01   0.00000E+00   0.10000E+00    0.50249E-02 -180.30         test_N    
.9900E+00   100.000  0.189E+01   0.33837E-01   0.00000E+00   0.10000E+00    0.50249E-02 -173.37         test_N    
.1000E+01   100.000  0.882E+00   0.35178E-01   0.00000E+00   0.10000E+00    0.50249E-02 -166.41         test_N    



 CHI SQUARE=******** FOR  546 POINTS   CHISQ/NPTS= 3611.56
 Signed chisquare total =********
 Modified residual =********


Summary normalization chi2 contributions

 data set     normalization        error         chisq


Summary chi2 per data set

 data set      chisq    _w     signd    _w     resid     _w   npts   chisq/pts  _w
test_N      ********        ********        ********           546 3611.56
------------------------------------------------------------------------------------
TOTAL       ************************     0.0****************   546 3611.56 3611.56
TOTAL+norm  ****************                                   546 3611.56 3611.56



            Momentum Sum Rule Check


      q2      alphas      xuv       xdv       xub       xdb       xsb       xcb       xbb      xglue     total
      1.69    0.3845    0.3222    0.1370    0.0551    0.0716    0.0253    0.0000    0.0000    0.3890    1.0002
    100.00    0.1784    0.2270    0.0966    0.0645    0.0761    0.0436    0.0257    0.0087    0.4549    0.9972
   1000.00    0.1407    0.0000    0.0000    0.0000    0.0000    0.0000    0.0000    0.0000    0.0000    0.0000
   8315.00    0.1180    0.0000    0.0000    0.0000    0.0000    0.0000    0.0000    0.0000    0.0000    0.0000


 Vector Boson Cross Sections

 sqrt(s)   sigma(W)    error    theory

   1960.     2.865     0.063       0.000     D0

   1960.     2.749     0.054       0.000     CDF

   7000.     9.95      0.29        0.000     CMS

   7000.     9.96      0.55        0.000     ATLAS

 sqrt(s)   sigma(Z)    error    theory

   1960.     .2649     .0094       0.000     D0

   1960.     .2549     .0057       0.000     CDF

   7000.     .931      0.035       0.000     CMS

   7000.     .82       0.08        0.000     ATLAS


