 Correlated errors added in quadrature with statistical errors
 test_N     DIS data with   1.69< Q2 < 0.500D+03 and 0.000 < xB < 1.000 and   0.00< W2 < 0.100D+05 and 0.000 < y < 1.000
   No TMC applied
   no HT corrections

# fitpack15: fit output
# CJ15 AV18 final data choices                                                 

Parametrization   7 used here

 S-ACOT scheme used  for NC DIS

 charm mass =     1.30 GeV     bottom mass =     4.50 GeV



 THIS IS A NEXT TO LEADING ORDER FIT

 Q02=    1.69
         1  LAMBDA      VALUE=   0.22680      WEIGHT=    0.0000    
         2  a0uv        VALUE=    2.4067      WEIGHT=    0.0000    
         3  a1uv        VALUE=   0.61537      WEIGHT=   0.19856E-01
         4  a2uv        VALUE=    3.5433      WEIGHT=   0.12414E-01
         5  a3uv        VALUE=    0.0000      WEIGHT=    0.0000    
         6  a4uv        VALUE=    3.4609      WEIGHT=   0.42903    
         7  a5uv        VALUE=    0.0000      WEIGHT=    0.0000    
         8  a0dv        VALUE=    24.684      WEIGHT=    0.0000    
         9  a1dv        VALUE=    1.1595      WEIGHT=   0.33533E-01
        10  a2dv        VALUE=    6.5514      WEIGHT=   0.15936    
        11  a3dv        VALUE=   -3.5030      WEIGHT=   0.86332E-01
        12  a4dv        VALUE=    4.6787      WEIGHT=   0.14209    
        13  a5dv        VALUE=    0.0000      WEIGHT=    0.0000    
        14  a0ud        VALUE=   0.14658      WEIGHT=   0.50348E-02
        15  a1ud        VALUE=  -0.20775      WEIGHT=   0.37551E-02
        16  a2ud        VALUE=    8.3286      WEIGHT=   0.19114    
        17  a3ud        VALUE=    0.0000      WEIGHT=    0.0000    
        18  a4ud        VALUE=    14.606      WEIGHT=    1.2151    
        19  a5ud        VALUE=    0.0000      WEIGHT=    0.0000    
        20  a0du        VALUE=    35712.      WEIGHT=    0.0000    
        21  a1du        VALUE=    4.0249      WEIGHT=   0.74070E-01
        22  a2du        VALUE=    20.154      WEIGHT=   0.87862    
        23  a3du        VALUE=    17.000      WEIGHT=    0.0000    
        24  a4du        VALUE=    51.156      WEIGHT=    10.239    
        25  a0g         VALUE=    45.541      WEIGHT=    0.0000    
        26  a1g         VALUE=   0.60307      WEIGHT=   0.31164E-01
        27  a2g         VALUE=    6.4812      WEIGHT=   0.96748    
        28  a3g         VALUE=   -3.3064      WEIGHT=   0.13418    
        29  a4g         VALUE=    3.1721      WEIGHT=   0.31376    
        30  a5g         VALUE=    0.0000      WEIGHT=    0.0000    
        31  kappa       VALUE=   0.40000      WEIGHT=    0.0000    
        32  a6dv        VALUE=  -0.36005E-02  WEIGHT=   0.66324E-03
        33  a7dv        VALUE=    2.0000      WEIGHT=    0.0000    
        34  off1        VALUE=   -3.6735      WEIGHT=    1.5278    
        35  off2        VALUE=   0.57717E-01  WEIGHT=   0.14842E-01
        36  ht1         VALUE=   -3.2874      WEIGHT=   0.26061    
        37  ht2         VALUE=    1.9274      WEIGHT=   0.10524    
        38  ht3         VALUE=   -2.0701      WEIGHT=   0.19888E-01
        39  ht4         VALUE=    0.0000      WEIGHT=    0.0000    
        40  dummy40     VALUE=    0.0000      WEIGHT=    0.0000    
        41  dummy41     VALUE=    0.0000      WEIGHT=    0.0000    
        42  dummy42     VALUE=    0.0000      WEIGHT=    0.0000    
        43  dummy43     VALUE=    0.0000      WEIGHT=    0.0000    
        44  dummy44     VALUE=    0.0000      WEIGHT=    0.0000    
        45  dummy45     VALUE=    0.0000      WEIGHT=    0.0000    
        46  dummy46     VALUE=    0.0000      WEIGHT=    0.0000    
        47  dummy47     VALUE=    0.0000      WEIGHT=    0.0000    
        48  dummy48     VALUE=    0.0000      WEIGHT=    0.0000    
        49  dummy49     VALUE=    0.0000      WEIGHT=    0.0000    
        50  bcdmsh2     VALUE=   0.97307      WEIGHT=   0.48289E-02
        51  bcdmsd2     VALUE=   0.99317      WEIGHT=   0.58269E-02
        52  ccfr        VALUE=    1.0000      WEIGHT=    0.0000    
        53  nutev       VALUE=    1.0000      WEIGHT=    0.0000    
        54  zeus        VALUE=   0.97998      WEIGHT=    0.0000    
        55  h1          VALUE=    1.0162      WEIGHT=    0.0000    
        56  e605        VALUE=    1.0319      WEIGHT=    0.0000    
        57  NmcH2       VALUE=    1.0095      WEIGHT=   0.71247E-02
        58  ntv_nu      VALUE=    1.0000      WEIGHT=    0.0000    
        59  ntv_nubar   VALUE=    1.0000      WEIGHT=    0.0000    
        60  cdf_jet     VALUE=   0.98910      WEIGHT=    0.0000    
        61  d0_jet      VALUE=   0.83504      WEIGHT=    0.0000    
        62  slac_p      VALUE=    1.0049      WEIGHT=   0.48124E-02
        63  slac_d      VALUE=    1.0042      WEIGHT=   0.52781E-02
        64  e866pp      VALUE=   0.96586      WEIGHT=   0.19263E-01
        65  e866pd      VALUE=   0.96369      WEIGHT=   0.15783E-01
        66  d0_gamjet   VALUE=    1.0389      WEIGHT=   0.16474E-01
        67  h1b         VALUE=   0.97608      WEIGHT=    0.0000    
        68  jlab_p      VALUE=   0.99446      WEIGHT=   0.57943E-02
        69  jlab_d      VALUE=   0.97557      WEIGHT=   0.59019E-02
        70  blank       VALUE=    1.0000      WEIGHT=    0.0000    
        71  d0run2      VALUE=   0.94087      WEIGHT=   0.14167E-01
        72  cdfrun2     VALUE=   0.92649      WEIGHT=   0.17233E-01
        73  HERA_el     VALUE=    1.0000      WEIGHT=    0.0000    
        74  HERA_ps     VALUE=    1.0000      WEIGHT=    0.0000    
        75  CDF_Z       VALUE=   0.96581      WEIGHT=   0.64944E-02
        76  NmcRat      VALUE=    1.0000      WEIGHT=    0.0000    
        77  BNS_F2nd    VALUE=   0.98310      WEIGHT=   0.68314E-02
        78  HERMES_F2p  VALUE=   0.99832      WEIGHT=   0.55693E-02
        79  HERMES_F2d  VALUE=   0.98039      WEIGHT=   0.58259E-02
0THE TOLERANCE IS    0.1000
 THE MAXIMUM NUMBER OF STEPS IS 100
0THE INITIAL CHI SQUARED IS  2.95000E+05



     X        Q2         W2       THEORY        error         DATA           ERROR        chi^2     _w    ITYPE
.1000E+00     2.000  0.189E+02   0.30929E+00   0.00000E+00   0.10000E+00    0.50249E-02 1734.67         test_N    
.1100E+00     2.000  0.171E+02   0.30844E+00   0.00000E+00   0.10000E+00    0.50249E-02 1720.67         test_N    
.1200E+00     2.000  0.155E+02   0.30691E+00   0.00000E+00   0.10000E+00    0.50249E-02 1695.58         test_N    
.1300E+00     2.000  0.143E+02   0.30475E+00   0.00000E+00   0.10000E+00    0.50249E-02 1660.24         test_N    
.1400E+00     2.000  0.132E+02   0.30201E+00   0.00000E+00   0.10000E+00    0.50249E-02 1616.08         test_N    
.1500E+00     2.000  0.122E+02   0.29868E+00   0.00000E+00   0.10000E+00    0.50249E-02 1563.27         test_N    
.1600E+00     2.000  0.114E+02   0.29498E+00   0.00000E+00   0.10000E+00    0.50249E-02 1505.70         test_N    
.1700E+00     2.000  0.106E+02   0.29089E+00   0.00000E+00   0.10000E+00    0.50249E-02 1443.19         test_N    
.1800E+00     2.000  0.999E+01   0.28649E+00   0.00000E+00   0.10000E+00    0.50249E-02 1377.42         test_N    
.1900E+00     2.000  0.941E+01   0.28190E+00   0.00000E+00   0.10000E+00    0.50249E-02 1310.36         test_N    
.2000E+00     2.000  0.888E+01   0.27708E+00   0.00000E+00   0.10000E+00    0.50249E-02 1241.90         test_N    
.2100E+00     2.000  0.841E+01   0.27218E+00   0.00000E+00   0.10000E+00    0.50249E-02 1174.05         test_N    
.2200E+00     2.000  0.797E+01   0.26716E+00   0.00000E+00   0.10000E+00    0.50249E-02 1106.58         test_N    
.2300E+00     2.000  0.758E+01   0.26205E+00   0.00000E+00   0.10000E+00    0.50249E-02 1040.07         test_N    
.2400E+00     2.000  0.722E+01   0.25691E+00   0.00000E+00   0.10000E+00    0.50249E-02  975.10         test_N    
.2500E+00     2.000  0.688E+01   0.25171E+00   0.00000E+00   0.10000E+00    0.50249E-02  911.58         test_N    
.2600E+00     2.000  0.657E+01   0.24649E+00   0.00000E+00   0.10000E+00    0.50249E-02  849.90         test_N    
.2700E+00     2.000  0.629E+01   0.24124E+00   0.00000E+00   0.10000E+00    0.50249E-02  790.00         test_N    
.2800E+00     2.000  0.602E+01   0.23594E+00   0.00000E+00   0.10000E+00    0.50249E-02  731.90         test_N    
.2900E+00     2.000  0.578E+01   0.23061E+00   0.00000E+00   0.10000E+00    0.50249E-02  675.63         test_N    
.3000E+00     2.000  0.555E+01   0.22524E+00   0.00000E+00   0.10000E+00    0.18868E-02 4405.98         test_N    
.3100E+00     2.000  0.533E+01   0.21981E+00   0.00000E+00   0.10000E+00    0.50249E-02  568.51         test_N    
.3200E+00     2.000  0.513E+01   0.21433E+00   0.00000E+00   0.10000E+00    0.50249E-02  517.66         test_N    
.3300E+00     2.000  0.494E+01   0.20878E+00   0.00000E+00   0.10000E+00    0.50249E-02  468.63         test_N    
.3400E+00     2.000  0.476E+01   0.20316E+00   0.00000E+00   0.10000E+00    0.50249E-02  421.43         test_N    
.3500E+00     2.000  0.460E+01   0.19746E+00   0.00000E+00   0.10000E+00    0.50249E-02  376.21         test_N    
.3600E+00     2.000  0.444E+01   0.19169E+00   0.00000E+00   0.10000E+00    0.50249E-02  332.94         test_N    
.3700E+00     2.000  0.429E+01   0.18584E+00   0.00000E+00   0.10000E+00    0.50249E-02  291.83         test_N    
.3800E+00     2.000  0.414E+01   0.17992E+00   0.00000E+00   0.10000E+00    0.50249E-02  252.97         test_N    
.3900E+00     2.000  0.401E+01   0.17393E+00   0.00000E+00   0.10000E+00    0.50249E-02  216.48         test_N    
.4000E+00     2.000  0.388E+01   0.16789E+00   0.00000E+00   0.10000E+00    0.17692E-02 1472.52         test_N    
.4100E+00     2.000  0.376E+01   0.16180E+00   0.00000E+00   0.10000E+00    0.50249E-02  151.23         test_N    
.4200E+00     2.000  0.364E+01   0.15566E+00   0.00000E+00   0.10000E+00    0.50249E-02  122.72         test_N    
.4300E+00     2.000  0.353E+01   0.14951E+00   0.00000E+00   0.10000E+00    0.50249E-02   97.08         test_N    
.4400E+00     2.000  0.343E+01   0.14335E+00   0.00000E+00   0.10000E+00    0.50249E-02   74.42         test_N    
.4500E+00     2.000  0.333E+01   0.13719E+00   0.00000E+00   0.10000E+00    0.50249E-02   54.78         test_N    
.4600E+00     2.000  0.323E+01   0.13106E+00   0.00000E+00   0.10000E+00    0.50249E-02   38.21         test_N    
.4700E+00     2.000  0.314E+01   0.12497E+00   0.00000E+00   0.10000E+00    0.50249E-02   24.69         test_N    
.4800E+00     2.000  0.305E+01   0.11893E+00   0.00000E+00   0.10000E+00    0.50249E-02   14.19         test_N    
.4900E+00     2.000  0.296E+01   0.11296E+00   0.00000E+00   0.10000E+00    0.50249E-02    6.66         test_N    
.5000E+00     2.000  0.288E+01   0.10708E+00   0.00000E+00   0.10000E+00    0.17692E-02   16.01         test_N    
.5100E+00     2.000  0.280E+01   0.10131E+00   0.00000E+00   0.10000E+00    0.50249E-02    0.07         test_N    
.5200E+00     2.000  0.273E+01   0.95644E-01   0.00000E+00   0.10000E+00    0.50249E-02   -0.75         test_N    
.5300E+00     2.000  0.266E+01   0.90111E-01   0.00000E+00   0.10000E+00    0.50249E-02   -3.87         test_N    
.5400E+00     2.000  0.259E+01   0.84723E-01   0.00000E+00   0.10000E+00    0.50249E-02   -9.24         test_N    
.5500E+00     2.000  0.252E+01   0.79481E-01   0.00000E+00   0.10000E+00    0.50249E-02  -16.67         test_N    
.5600E+00     2.000  0.245E+01   0.74410E-01   0.00000E+00   0.10000E+00    0.50249E-02  -25.93         test_N    
.5700E+00     2.000  0.239E+01   0.69506E-01   0.00000E+00   0.10000E+00    0.50249E-02  -36.83         test_N    
.5800E+00     2.000  0.233E+01   0.64780E-01   0.00000E+00   0.10000E+00    0.50249E-02  -49.13         test_N    
.5900E+00     2.000  0.227E+01   0.60240E-01   0.00000E+00   0.10000E+00    0.50249E-02  -62.61         test_N    
.6000E+00     2.000  0.222E+01   0.55885E-01   0.00000E+00   0.10000E+00    0.17692E-02 -621.76         test_N    
.6100E+00     2.000  0.216E+01   0.51728E-01   0.00000E+00   0.10000E+00    0.50249E-02  -92.29         test_N    
.6200E+00     2.000  0.211E+01   0.47763E-01   0.00000E+00   0.10000E+00    0.50249E-02 -108.07         test_N    
.6300E+00     2.000  0.206E+01   0.43992E-01   0.00000E+00   0.10000E+00    0.50249E-02 -124.23         test_N    
.6400E+00     2.000  0.201E+01   0.40419E-01   0.00000E+00   0.10000E+00    0.50249E-02 -140.59         test_N    
.6500E+00     2.000  0.196E+01   0.37038E-01   0.00000E+00   0.10000E+00    0.50249E-02 -157.00         test_N    
.6600E+00     2.000  0.191E+01   0.33851E-01   0.00000E+00   0.10000E+00    0.50249E-02 -173.30         test_N    
.6700E+00     2.000  0.187E+01   0.30852E-01   0.00000E+00   0.10000E+00    0.50249E-02 -189.36         test_N    
.6800E+00     2.000  0.182E+01   0.28038E-01   0.00000E+00   0.10000E+00    0.50249E-02 -205.09         test_N    
.6900E+00     2.000  0.178E+01   0.25405E-01   0.00000E+00   0.10000E+00    0.50249E-02 -220.37         test_N    
.7000E+00     2.000  0.174E+01   0.22948E-01   0.00000E+00   0.10000E+00    0.17692E-02 *******         test_N    
.7100E+00     2.000  0.170E+01   0.20659E-01   0.00000E+00   0.10000E+00    0.50249E-02 -249.30         test_N    
.7200E+00     2.000  0.166E+01   0.18535E-01   0.00000E+00   0.10000E+00    0.50249E-02 -262.83         test_N    
.7300E+00     2.000  0.162E+01   0.16569E-01   0.00000E+00   0.10000E+00    0.50249E-02 -275.67         test_N    
.7400E+00     2.000  0.158E+01   0.14752E-01   0.00000E+00   0.10000E+00    0.50249E-02 -287.81         test_N    
.7500E+00     2.000  0.155E+01   0.13081E-01   0.00000E+00   0.10000E+00    0.50249E-02 -299.21         test_N    
.7600E+00     2.000  0.151E+01   0.11544E-01   0.00000E+00   0.10000E+00    0.50249E-02 -309.88         test_N    
.7700E+00     2.000  0.148E+01   0.10139E-01   0.00000E+00   0.10000E+00    0.50249E-02 -319.80         test_N    
.7800E+00     2.000  0.145E+01   0.88566E-02   0.00000E+00   0.10000E+00    0.50249E-02 -328.99         test_N    
.7900E+00     2.000  0.141E+01   0.76903E-02   0.00000E+00   0.10000E+00    0.50249E-02 -337.47         test_N    
.8000E+00     2.000  0.138E+01   0.66329E-02   0.00000E+00   0.10000E+00    0.17692E-02 *******         test_N    
.8100E+00     2.000  0.135E+01   0.56797E-02   0.00000E+00   0.10000E+00    0.50249E-02 -352.33         test_N    
.8200E+00     2.000  0.132E+01   0.48246E-02   0.00000E+00   0.10000E+00    0.50249E-02 -358.75         test_N    
.8300E+00     2.000  0.129E+01   0.40610E-02   0.00000E+00   0.10000E+00    0.50249E-02 -364.53         test_N    
.8400E+00     2.000  0.126E+01   0.33820E-02   0.00000E+00   0.10000E+00    0.50249E-02 -369.70         test_N    
.8500E+00     2.000  0.123E+01   0.27844E-02   0.00000E+00   0.10000E+00    0.50249E-02 -374.29         test_N    
.8600E+00     2.000  0.121E+01   0.22599E-02   0.00000E+00   0.10000E+00    0.50249E-02 -378.34         test_N    
.8700E+00     2.000  0.118E+01   0.18057E-02   0.00000E+00   0.10000E+00    0.50249E-02 -381.87         test_N    
.8800E+00     2.000  0.115E+01   0.14163E-02   0.00000E+00   0.10000E+00    0.50249E-02 -384.90         test_N    
.8900E+00     2.000  0.113E+01   0.10861E-02   0.00000E+00   0.10000E+00    0.50249E-02 -387.48         test_N    
.9000E+00     2.000  0.110E+01   0.81183E-03   0.00000E+00   0.10000E+00    0.17692E-02 *******         test_N    
.9100E+00     2.000  0.108E+01   0.58669E-03   0.00000E+00   0.10000E+00    0.50249E-02 -391.41         test_N    
.9200E+00     2.000  0.106E+01   0.40745E-03   0.00000E+00   0.10000E+00    0.50249E-02 -392.82         test_N    
.9300E+00     2.000  0.103E+01   0.26886E-03   0.00000E+00   0.10000E+00    0.50249E-02 -393.91         test_N    
.9400E+00     2.000  0.101E+01   0.16537E-03   0.00000E+00   0.10000E+00    0.50249E-02 -394.73         test_N    
.9500E+00     2.000  0.987E+00   0.93432E-04   0.00000E+00   0.10000E+00    0.50249E-02 -395.30         test_N    
.9600E+00     2.000  0.965E+00   0.44899E-04   0.00000E+00   0.10000E+00    0.50249E-02 -395.68         test_N    
.9700E+00     2.000  0.944E+00   0.17033E-04   0.00000E+00   0.10000E+00    0.50249E-02 -395.90         test_N    
.9800E+00     2.000  0.923E+00   0.48416E-05   0.00000E+00   0.10000E+00    0.50249E-02 -396.00         test_N    
.9900E+00     2.000  0.902E+00   0.22652E-05   0.00000E+00   0.10000E+00    0.50249E-02 -396.02         test_N    
.1000E+01     2.000  0.882E+00   0.00000E+00   0.00000E+00   0.10000E+00    0.50249E-02 -396.04         test_N    
.1000E+00     5.000  0.459E+02   0.32408E+00   0.00000E+00   0.10000E+00    0.50249E-02 1988.58         test_N    
.1100E+00     5.000  0.413E+02   0.31882E+00   0.00000E+00   0.10000E+00    0.50249E-02 1896.32         test_N    
.1200E+00     5.000  0.375E+02   0.31338E+00   0.00000E+00   0.10000E+00    0.50249E-02 1803.15         test_N    
.1300E+00     5.000  0.343E+02   0.30769E+00   0.00000E+00   0.10000E+00    0.50249E-02 1708.25         test_N    
.1400E+00     5.000  0.316E+02   0.30175E+00   0.00000E+00   0.10000E+00    0.50249E-02 1611.97         test_N    
.1500E+00     5.000  0.292E+02   0.29561E+00   0.00000E+00   0.10000E+00    0.50249E-02 1515.33         test_N    
.1600E+00     5.000  0.271E+02   0.28935E+00   0.00000E+00   0.10000E+00    0.50249E-02 1419.94         test_N    
.1700E+00     5.000  0.253E+02   0.28298E+00   0.00000E+00   0.10000E+00    0.50249E-02 1326.03         test_N    
.1800E+00     5.000  0.237E+02   0.27655E+00   0.00000E+00   0.10000E+00    0.50249E-02 1234.43         test_N    
.1900E+00     5.000  0.222E+02   0.27010E+00   0.00000E+00   0.10000E+00    0.50249E-02 1145.89         test_N    
.2000E+00     5.000  0.209E+02   0.26363E+00   0.00000E+00   0.10000E+00    0.50249E-02 1060.39         test_N    
.2100E+00     5.000  0.197E+02   0.25719E+00   0.00000E+00   0.10000E+00    0.50249E-02  978.55         test_N    
.2200E+00     5.000  0.186E+02   0.25077E+00   0.00000E+00   0.10000E+00    0.50249E-02  900.29         test_N    
.2300E+00     5.000  0.176E+02   0.24439E+00   0.00000E+00   0.10000E+00    0.50249E-02  825.70         test_N    
.2400E+00     5.000  0.167E+02   0.23805E+00   0.00000E+00   0.10000E+00    0.50249E-02  754.77         test_N    
.2500E+00     5.000  0.159E+02   0.23174E+00   0.00000E+00   0.10000E+00    0.50249E-02  687.39         test_N    
.2600E+00     5.000  0.151E+02   0.22547E+00   0.00000E+00   0.10000E+00    0.50249E-02  623.51         test_N    
.2700E+00     5.000  0.144E+02   0.21923E+00   0.00000E+00   0.10000E+00    0.50249E-02  563.04         test_N    
.2800E+00     5.000  0.137E+02   0.21302E+00   0.00000E+00   0.10000E+00    0.50249E-02  505.88         test_N    
.2900E+00     5.000  0.131E+02   0.20682E+00   0.00000E+00   0.10000E+00    0.50249E-02  451.93         test_N    
.3000E+00     5.000  0.125E+02   0.20065E+00   0.00000E+00   0.10000E+00    0.18868E-02 2845.40         test_N    
.3100E+00     5.000  0.120E+02   0.19447E+00   0.00000E+00   0.10000E+00    0.50249E-02  353.45         test_N    
.3200E+00     5.000  0.115E+02   0.18830E+00   0.00000E+00   0.10000E+00    0.50249E-02  308.81         test_N    
.3300E+00     5.000  0.110E+02   0.18214E+00   0.00000E+00   0.10000E+00    0.50249E-02  267.20         test_N    
.3400E+00     5.000  0.106E+02   0.17597E+00   0.00000E+00   0.10000E+00    0.50249E-02  228.58         test_N    
.3500E+00     5.000  0.102E+02   0.16981E+00   0.00000E+00   0.10000E+00    0.50249E-02  193.00         test_N    
.3600E+00     5.000  0.977E+01   0.16364E+00   0.00000E+00   0.10000E+00    0.50249E-02  160.42         test_N    
.3700E+00     5.000  0.940E+01   0.15749E+00   0.00000E+00   0.10000E+00    0.50249E-02  130.90         test_N    
.3800E+00     5.000  0.904E+01   0.15135E+00   0.00000E+00   0.10000E+00    0.50249E-02  104.43         test_N    
.3900E+00     5.000  0.870E+01   0.14523E+00   0.00000E+00   0.10000E+00    0.50249E-02   81.02         test_N    
.4000E+00     5.000  0.838E+01   0.13914E+00   0.00000E+00   0.10000E+00    0.17692E-02  489.50         test_N    
.4100E+00     5.000  0.808E+01   0.13310E+00   0.00000E+00   0.10000E+00    0.50249E-02   43.38         test_N    
.4200E+00     5.000  0.779E+01   0.12710E+00   0.00000E+00   0.10000E+00    0.50249E-02   29.09         test_N    
.4300E+00     5.000  0.751E+01   0.12117E+00   0.00000E+00   0.10000E+00    0.50249E-02   17.75         test_N    
.4400E+00     5.000  0.725E+01   0.11531E+00   0.00000E+00   0.10000E+00    0.50249E-02    9.29         test_N    
.4500E+00     5.000  0.699E+01   0.10954E+00   0.00000E+00   0.10000E+00    0.50249E-02    3.61         test_N    
.4600E+00     5.000  0.675E+01   0.10388E+00   0.00000E+00   0.10000E+00    0.50249E-02    0.59         test_N    
.4700E+00     5.000  0.652E+01   0.98317E-01   0.00000E+00   0.10000E+00    0.50249E-02   -0.11         test_N    
.4800E+00     5.000  0.630E+01   0.92881E-01   0.00000E+00   0.10000E+00    0.50249E-02   -2.01         test_N    
.4900E+00     5.000  0.609E+01   0.87579E-01   0.00000E+00   0.10000E+00    0.50249E-02   -6.11         test_N    
.5000E+00     5.000  0.588E+01   0.82414E-01   0.00000E+00   0.10000E+00    0.17692E-02  -98.80         test_N    
.5100E+00     5.000  0.569E+01   0.77407E-01   0.00000E+00   0.10000E+00    0.50249E-02  -20.22         test_N    
.5200E+00     5.000  0.550E+01   0.72555E-01   0.00000E+00   0.10000E+00    0.50249E-02  -29.83         test_N    
.5300E+00     5.000  0.532E+01   0.67868E-01   0.00000E+00   0.10000E+00    0.50249E-02  -40.89         test_N    
.5400E+00     5.000  0.514E+01   0.63354E-01   0.00000E+00   0.10000E+00    0.50249E-02  -53.18         test_N    
.5500E+00     5.000  0.497E+01   0.59013E-01   0.00000E+00   0.10000E+00    0.50249E-02  -66.53         test_N    
.5600E+00     5.000  0.481E+01   0.54855E-01   0.00000E+00   0.10000E+00    0.50249E-02  -80.72         test_N    
.5700E+00     5.000  0.465E+01   0.50878E-01   0.00000E+00   0.10000E+00    0.50249E-02  -95.56         test_N    
.5800E+00     5.000  0.450E+01   0.47084E-01   0.00000E+00   0.10000E+00    0.50249E-02 -110.90         test_N    
.5900E+00     5.000  0.436E+01   0.43475E-01   0.00000E+00   0.10000E+00    0.50249E-02 -126.54         test_N    
.6000E+00     5.000  0.422E+01   0.40049E-01   0.00000E+00   0.10000E+00    0.17692E-02 *******         test_N    
.6100E+00     5.000  0.408E+01   0.36808E-01   0.00000E+00   0.10000E+00    0.50249E-02 -158.15         test_N    
.6200E+00     5.000  0.395E+01   0.33746E-01   0.00000E+00   0.10000E+00    0.50249E-02 -173.84         test_N    
.6300E+00     5.000  0.382E+01   0.30862E-01   0.00000E+00   0.10000E+00    0.50249E-02 -189.31         test_N    
.6400E+00     5.000  0.369E+01   0.28153E-01   0.00000E+00   0.10000E+00    0.50249E-02 -204.43         test_N    
.6500E+00     5.000  0.357E+01   0.25613E-01   0.00000E+00   0.10000E+00    0.50249E-02 -219.14         test_N    
.6600E+00     5.000  0.346E+01   0.23240E-01   0.00000E+00   0.10000E+00    0.50249E-02 -233.35         test_N    
.6700E+00     5.000  0.334E+01   0.21026E-01   0.00000E+00   0.10000E+00    0.50249E-02 -247.00         test_N    
.6800E+00     5.000  0.323E+01   0.18967E-01   0.00000E+00   0.10000E+00    0.50249E-02 -260.05         test_N    
.6900E+00     5.000  0.313E+01   0.17057E-01   0.00000E+00   0.10000E+00    0.50249E-02 -272.46         test_N    
.7000E+00     5.000  0.302E+01   0.15290E-01   0.00000E+00   0.10000E+00    0.17692E-02 *******         test_N    
.7100E+00     5.000  0.292E+01   0.13658E-01   0.00000E+00   0.10000E+00    0.50249E-02 -295.25         test_N    
.7200E+00     5.000  0.283E+01   0.12156E-01   0.00000E+00   0.10000E+00    0.50249E-02 -305.61         test_N    
.7300E+00     5.000  0.273E+01   0.10778E-01   0.00000E+00   0.10000E+00    0.50249E-02 -315.27         test_N    
.7400E+00     5.000  0.264E+01   0.95155E-02   0.00000E+00   0.10000E+00    0.50249E-02 -324.26         test_N    
.7500E+00     5.000  0.255E+01   0.83648E-02   0.00000E+00   0.10000E+00    0.50249E-02 -332.55         test_N    
.7600E+00     5.000  0.246E+01   0.73164E-02   0.00000E+00   0.10000E+00    0.50249E-02 -340.21         test_N    
.7700E+00     5.000  0.238E+01   0.63665E-02   0.00000E+00   0.10000E+00    0.50249E-02 -347.22         test_N    
.7800E+00     5.000  0.229E+01   0.55083E-02   0.00000E+00   0.10000E+00    0.50249E-02 -353.61         test_N    
.7900E+00     5.000  0.221E+01   0.47351E-02   0.00000E+00   0.10000E+00    0.50249E-02 -359.42         test_N    
.8000E+00     5.000  0.213E+01   0.40421E-02   0.00000E+00   0.10000E+00    0.17692E-02 *******         test_N    
.8100E+00     5.000  0.205E+01   0.34235E-02   0.00000E+00   0.10000E+00    0.50249E-02 -369.39         test_N    
.8200E+00     5.000  0.198E+01   0.28749E-02   0.00000E+00   0.10000E+00    0.50249E-02 -373.60         test_N    
.8300E+00     5.000  0.191E+01   0.23909E-02   0.00000E+00   0.10000E+00    0.50249E-02 -377.33         test_N    
.8400E+00     5.000  0.183E+01   0.19659E-02   0.00000E+00   0.10000E+00    0.50249E-02 -380.62         test_N    
.8500E+00     5.000  0.176E+01   0.15970E-02   0.00000E+00   0.10000E+00    0.50249E-02 -383.49         test_N    
.8600E+00     5.000  0.170E+01   0.12776E-02   0.00000E+00   0.10000E+00    0.50249E-02 -385.98         test_N    
.8700E+00     5.000  0.163E+01   0.10053E-02   0.00000E+00   0.10000E+00    0.50249E-02 -388.12         test_N    
.8800E+00     5.000  0.156E+01   0.77578E-03   0.00000E+00   0.10000E+00    0.50249E-02 -389.92         test_N    
.8900E+00     5.000  0.150E+01   0.58443E-03   0.00000E+00   0.10000E+00    0.50249E-02 -391.42         test_N    
.9000E+00     5.000  0.144E+01   0.42872E-03   0.00000E+00   0.10000E+00    0.17692E-02 *******         test_N    
.9100E+00     5.000  0.138E+01   0.30323E-03   0.00000E+00   0.10000E+00    0.50249E-02 -393.64         test_N    
.9200E+00     5.000  0.132E+01   0.20574E-03   0.00000E+00   0.10000E+00    0.50249E-02 -394.41         test_N    
.9300E+00     5.000  0.126E+01   0.13229E-03   0.00000E+00   0.10000E+00    0.50249E-02 -394.99         test_N    
.9400E+00     5.000  0.120E+01   0.78790E-04   0.00000E+00   0.10000E+00    0.50249E-02 -395.42         test_N    
.9500E+00     5.000  0.114E+01   0.43144E-04   0.00000E+00   0.10000E+00    0.50249E-02 -395.70         test_N    
.9600E+00     5.000  0.109E+01   0.19642E-04   0.00000E+00   0.10000E+00    0.50249E-02 -395.88         test_N    
.9700E+00     5.000  0.104E+01   0.69672E-05   0.00000E+00   0.10000E+00    0.50249E-02 -395.98         test_N    
.9800E+00     5.000  0.984E+00   0.21653E-05   0.00000E+00   0.10000E+00    0.50249E-02 -396.02         test_N    
.9900E+00     5.000  0.932E+00   0.16842E-05   0.00000E+00   0.10000E+00    0.50249E-02 -396.03         test_N    
.1000E+01     5.000  0.882E+00   0.00000E+00   0.00000E+00   0.10000E+00    0.50249E-02 -396.04         test_N    
.1000E+00    10.000  0.909E+02   0.33019E+00   0.00000E+00   0.10000E+00    0.50249E-02 2098.50         test_N    
.1100E+00    10.000  0.818E+02   0.32220E+00   0.00000E+00   0.10000E+00    0.50249E-02 1955.36         test_N    
.1200E+00    10.000  0.742E+02   0.31445E+00   0.00000E+00   0.10000E+00    0.50249E-02 1821.27         test_N    
.1300E+00    10.000  0.678E+02   0.30674E+00   0.00000E+00   0.10000E+00    0.50249E-02 1692.75         test_N    
.1400E+00    10.000  0.623E+02   0.29902E+00   0.00000E+00   0.10000E+00    0.50249E-02 1568.68         test_N    
.1500E+00    10.000  0.575E+02   0.29134E+00   0.00000E+00   0.10000E+00    0.50249E-02 1449.93         test_N    
.1600E+00    10.000  0.534E+02   0.28370E+00   0.00000E+00   0.10000E+00    0.50249E-02 1336.49         test_N    
.1700E+00    10.000  0.497E+02   0.27612E+00   0.00000E+00   0.10000E+00    0.50249E-02 1228.50         test_N    
.1800E+00    10.000  0.464E+02   0.26862E+00   0.00000E+00   0.10000E+00    0.50249E-02 1126.10         test_N    
.1900E+00    10.000  0.435E+02   0.26122E+00   0.00000E+00   0.10000E+00    0.50249E-02 1029.33         test_N    
.2000E+00    10.000  0.409E+02   0.25390E+00   0.00000E+00   0.10000E+00    0.50249E-02  938.04         test_N    
.2100E+00    10.000  0.385E+02   0.24669E+00   0.00000E+00   0.10000E+00    0.50249E-02  852.19         test_N    
.2200E+00    10.000  0.363E+02   0.23958E+00   0.00000E+00   0.10000E+00    0.50249E-02  771.55         test_N    
.2300E+00    10.000  0.344E+02   0.23256E+00   0.00000E+00   0.10000E+00    0.50249E-02  695.95         test_N    
.2400E+00    10.000  0.325E+02   0.22564E+00   0.00000E+00   0.10000E+00    0.50249E-02  625.18         test_N    
.2500E+00    10.000  0.309E+02   0.21881E+00   0.00000E+00   0.10000E+00    0.50249E-02  559.05         test_N    
.2600E+00    10.000  0.293E+02   0.21205E+00   0.00000E+00   0.10000E+00    0.50249E-02  497.28         test_N    
.2700E+00    10.000  0.279E+02   0.20538E+00   0.00000E+00   0.10000E+00    0.50249E-02  439.78         test_N    
.2800E+00    10.000  0.266E+02   0.19878E+00   0.00000E+00   0.10000E+00    0.50249E-02  386.40         test_N    
.2900E+00    10.000  0.254E+02   0.19223E+00   0.00000E+00   0.10000E+00    0.50249E-02  336.88         test_N    
.3000E+00    10.000  0.242E+02   0.18574E+00   0.00000E+00   0.10000E+00    0.18868E-02 2065.14         test_N    
.3100E+00    10.000  0.231E+02   0.17930E+00   0.00000E+00   0.10000E+00    0.50249E-02  249.05         test_N    
.3200E+00    10.000  0.221E+02   0.17290E+00   0.00000E+00   0.10000E+00    0.50249E-02  210.50         test_N    
.3300E+00    10.000  0.212E+02   0.16656E+00   0.00000E+00   0.10000E+00    0.50249E-02  175.43         test_N    
.3400E+00    10.000  0.203E+02   0.16025E+00   0.00000E+00   0.10000E+00    0.50249E-02  143.75         test_N    
.3500E+00    10.000  0.195E+02   0.15399E+00   0.00000E+00   0.10000E+00    0.50249E-02  115.43         test_N    
.3600E+00    10.000  0.187E+02   0.14777E+00   0.00000E+00   0.10000E+00    0.50249E-02   90.39         test_N    
.3700E+00    10.000  0.179E+02   0.14161E+00   0.00000E+00   0.10000E+00    0.50249E-02   68.59         test_N    
.3800E+00    10.000  0.172E+02   0.13552E+00   0.00000E+00   0.10000E+00    0.50249E-02   49.96         test_N    
.3900E+00    10.000  0.165E+02   0.12949E+00   0.00000E+00   0.10000E+00    0.50249E-02   34.43         test_N    
.4000E+00    10.000  0.159E+02   0.12353E+00   0.00000E+00   0.10000E+00    0.17692E-02  176.88         test_N    
.4100E+00    10.000  0.153E+02   0.11766E+00   0.00000E+00   0.10000E+00    0.50249E-02   12.35         test_N    
.4200E+00    10.000  0.147E+02   0.11188E+00   0.00000E+00   0.10000E+00    0.50249E-02    5.59         test_N    
.4300E+00    10.000  0.141E+02   0.10621E+00   0.00000E+00   0.10000E+00    0.50249E-02    1.53         test_N    
.4400E+00    10.000  0.136E+02   0.10065E+00   0.00000E+00   0.10000E+00    0.50249E-02    0.02         test_N    
.4500E+00    10.000  0.131E+02   0.95205E-01   0.00000E+00   0.10000E+00    0.50249E-02   -0.91         test_N    
.4600E+00    10.000  0.126E+02   0.89899E-01   0.00000E+00   0.10000E+00    0.50249E-02   -4.04         test_N    
.4700E+00    10.000  0.122E+02   0.84732E-01   0.00000E+00   0.10000E+00    0.50249E-02   -9.23         test_N    
.4800E+00    10.000  0.117E+02   0.79711E-01   0.00000E+00   0.10000E+00    0.50249E-02  -16.30         test_N    
.4900E+00    10.000  0.113E+02   0.74848E-01   0.00000E+00   0.10000E+00    0.50249E-02  -25.06         test_N    
.5000E+00    10.000  0.109E+02   0.70141E-01   0.00000E+00   0.10000E+00    0.17692E-02 -284.83         test_N    
.5100E+00    10.000  0.105E+02   0.65607E-01   0.00000E+00   0.10000E+00    0.50249E-02  -46.85         test_N    
.5200E+00    10.000  0.101E+02   0.61241E-01   0.00000E+00   0.10000E+00    0.50249E-02  -59.50         test_N    
.5300E+00    10.000  0.975E+01   0.57049E-01   0.00000E+00   0.10000E+00    0.50249E-02  -73.06         test_N    
.5400E+00    10.000  0.940E+01   0.53036E-01   0.00000E+00   0.10000E+00    0.50249E-02  -87.35         test_N    
.5500E+00    10.000  0.906E+01   0.49200E-01   0.00000E+00   0.10000E+00    0.50249E-02 -102.21         test_N    
.5600E+00    10.000  0.874E+01   0.45546E-01   0.00000E+00   0.10000E+00    0.50249E-02 -117.43         test_N    
.5700E+00    10.000  0.843E+01   0.42071E-01   0.00000E+00   0.10000E+00    0.50249E-02 -132.90         test_N    
.5800E+00    10.000  0.812E+01   0.38775E-01   0.00000E+00   0.10000E+00    0.50249E-02 -148.45         test_N    
.5900E+00    10.000  0.783E+01   0.35657E-01   0.00000E+00   0.10000E+00    0.50249E-02 -163.96         test_N    
.6000E+00    10.000  0.755E+01   0.32713E-01   0.00000E+00   0.10000E+00    0.17692E-02 *******         test_N    
.6100E+00    10.000  0.728E+01   0.29942E-01   0.00000E+00   0.10000E+00    0.50249E-02 -194.38         test_N    
.6200E+00    10.000  0.701E+01   0.27338E-01   0.00000E+00   0.10000E+00    0.50249E-02 -209.10         test_N    
.6300E+00    10.000  0.675E+01   0.24898E-01   0.00000E+00   0.10000E+00    0.50249E-02 -223.38         test_N    
.6400E+00    10.000  0.651E+01   0.22618E-01   0.00000E+00   0.10000E+00    0.50249E-02 -237.15         test_N    
.6500E+00    10.000  0.627E+01   0.20491E-01   0.00000E+00   0.10000E+00    0.50249E-02 -250.36         test_N    
.6600E+00    10.000  0.603E+01   0.18513E-01   0.00000E+00   0.10000E+00    0.50249E-02 -262.98         test_N    
.6700E+00    10.000  0.581E+01   0.16677E-01   0.00000E+00   0.10000E+00    0.50249E-02 -274.96         test_N    
.6800E+00    10.000  0.559E+01   0.14978E-01   0.00000E+00   0.10000E+00    0.50249E-02 -286.29         test_N    
.6900E+00    10.000  0.537E+01   0.13410E-01   0.00000E+00   0.10000E+00    0.50249E-02 -296.95         test_N    
.7000E+00    10.000  0.517E+01   0.11966E-01   0.00000E+00   0.10000E+00    0.17692E-02 *******         test_N    
.7100E+00    10.000  0.497E+01   0.10639E-01   0.00000E+00   0.10000E+00    0.50249E-02 -316.25         test_N    
.7200E+00    10.000  0.477E+01   0.94244E-02   0.00000E+00   0.10000E+00    0.50249E-02 -324.91         test_N    
.7300E+00    10.000  0.458E+01   0.83152E-02   0.00000E+00   0.10000E+00    0.50249E-02 -332.92         test_N    
.7400E+00    10.000  0.440E+01   0.73046E-02   0.00000E+00   0.10000E+00    0.50249E-02 -340.29         test_N    
.7500E+00    10.000  0.422E+01   0.63881E-02   0.00000E+00   0.10000E+00    0.50249E-02 -347.06         test_N    
.7600E+00    10.000  0.404E+01   0.55575E-02   0.00000E+00   0.10000E+00    0.50249E-02 -353.24         test_N    
.7700E+00    10.000  0.387E+01   0.48091E-02   0.00000E+00   0.10000E+00    0.50249E-02 -358.86         test_N    
.7800E+00    10.000  0.370E+01   0.41370E-02   0.00000E+00   0.10000E+00    0.50249E-02 -363.95         test_N    
.7900E+00    10.000  0.354E+01   0.35349E-02   0.00000E+00   0.10000E+00    0.50249E-02 -368.54         test_N    
.8000E+00    10.000  0.338E+01   0.29988E-02   0.00000E+00   0.10000E+00    0.17692E-02 *******         test_N    
.8100E+00    10.000  0.323E+01   0.25232E-02   0.00000E+00   0.10000E+00    0.50249E-02 -376.31         test_N    
.8200E+00    10.000  0.308E+01   0.21043E-02   0.00000E+00   0.10000E+00    0.50249E-02 -379.55         test_N    
.8300E+00    10.000  0.293E+01   0.17374E-02   0.00000E+00   0.10000E+00    0.50249E-02 -382.40         test_N    
.8400E+00    10.000  0.279E+01   0.14176E-02   0.00000E+00   0.10000E+00    0.50249E-02 -384.89         test_N    
.8500E+00    10.000  0.265E+01   0.11423E-02   0.00000E+00   0.10000E+00    0.50249E-02 -387.04         test_N    
.8600E+00    10.000  0.251E+01   0.90592E-03   0.00000E+00   0.10000E+00    0.50249E-02 -388.90         test_N    
.8700E+00    10.000  0.238E+01   0.70634E-03   0.00000E+00   0.10000E+00    0.50249E-02 -390.46         test_N    
.8800E+00    10.000  0.225E+01   0.53971E-03   0.00000E+00   0.10000E+00    0.50249E-02 -391.78         test_N    
.8900E+00    10.000  0.212E+01   0.40223E-03   0.00000E+00   0.10000E+00    0.50249E-02 -392.86         test_N    
.9000E+00    10.000  0.199E+01   0.29175E-03   0.00000E+00   0.10000E+00    0.17692E-02 *******         test_N    
.9100E+00    10.000  0.187E+01   0.20366E-03   0.00000E+00   0.10000E+00    0.50249E-02 -394.43         test_N    
.9200E+00    10.000  0.175E+01   0.13625E-03   0.00000E+00   0.10000E+00    0.50249E-02 -394.96         test_N    
.9300E+00    10.000  0.163E+01   0.86233E-04   0.00000E+00   0.10000E+00    0.50249E-02 -395.36         test_N    
.9400E+00    10.000  0.152E+01   0.50352E-04   0.00000E+00   0.10000E+00    0.50249E-02 -395.64         test_N    
.9500E+00    10.000  0.141E+01   0.27067E-04   0.00000E+00   0.10000E+00    0.50249E-02 -395.83         test_N    
.9600E+00    10.000  0.130E+01   0.11920E-04   0.00000E+00   0.10000E+00    0.50249E-02 -395.95         test_N    
.9700E+00    10.000  0.119E+01   0.40770E-05   0.00000E+00   0.10000E+00    0.50249E-02 -396.01         test_N    
.9800E+00    10.000  0.109E+01   0.14071E-05   0.00000E+00   0.10000E+00    0.50249E-02 -396.03         test_N    
.9900E+00    10.000  0.983E+00   0.13668E-05   0.00000E+00   0.10000E+00    0.50249E-02 -396.03         test_N    
.1000E+01    10.000  0.882E+00   0.00000E+00   0.00000E+00   0.10000E+00    0.50249E-02 -396.04         test_N    
.1000E+00    20.000  0.181E+03   0.33419E+00   0.00000E+00   0.10000E+00    0.50249E-02 2172.11         test_N    
.1100E+00    20.000  0.163E+03   0.32402E+00   0.00000E+00   0.10000E+00    0.50249E-02 1987.55         test_N    
.1200E+00    20.000  0.148E+03   0.31430E+00   0.00000E+00   0.10000E+00    0.50249E-02 1818.85         test_N    
.1300E+00    20.000  0.135E+03   0.30491E+00   0.00000E+00   0.10000E+00    0.50249E-02 1662.94         test_N    
.1400E+00    20.000  0.124E+03   0.29572E+00   0.00000E+00   0.10000E+00    0.50249E-02 1517.11         test_N    
.1500E+00    20.000  0.114E+03   0.28679E+00   0.00000E+00   0.10000E+00    0.50249E-02 1381.75         test_N    
.1600E+00    20.000  0.106E+03   0.27804E+00   0.00000E+00   0.10000E+00    0.50249E-02 1255.36         test_N    
.1700E+00    20.000  0.985E+02   0.26950E+00   0.00000E+00   0.10000E+00    0.50249E-02 1137.81         test_N    
.1800E+00    20.000  0.920E+02   0.26116E+00   0.00000E+00   0.10000E+00    0.50249E-02 1028.59         test_N    
.1900E+00    20.000  0.861E+02   0.25300E+00   0.00000E+00   0.10000E+00    0.50249E-02  927.12         test_N    
.2000E+00    20.000  0.809E+02   0.24503E+00   0.00000E+00   0.10000E+00    0.50249E-02  833.07         test_N    
.2100E+00    20.000  0.761E+02   0.23723E+00   0.00000E+00   0.10000E+00    0.50249E-02  745.87         test_N    
.2200E+00    20.000  0.718E+02   0.22960E+00   0.00000E+00   0.10000E+00    0.50249E-02  665.20         test_N    
.2300E+00    20.000  0.678E+02   0.22212E+00   0.00000E+00   0.10000E+00    0.50249E-02  590.65         test_N    
.2400E+00    20.000  0.642E+02   0.21478E+00   0.00000E+00   0.10000E+00    0.50249E-02  521.80         test_N    
.2500E+00    20.000  0.609E+02   0.20758E+00   0.00000E+00   0.10000E+00    0.50249E-02  458.40         test_N    
.2600E+00    20.000  0.578E+02   0.20050E+00   0.00000E+00   0.10000E+00    0.50249E-02  400.02         test_N    
.2700E+00    20.000  0.550E+02   0.19354E+00   0.00000E+00   0.10000E+00    0.50249E-02  346.49         test_N    
.2800E+00    20.000  0.523E+02   0.18667E+00   0.00000E+00   0.10000E+00    0.50249E-02  297.52         test_N    
.2900E+00    20.000  0.498E+02   0.17991E+00   0.00000E+00   0.10000E+00    0.50249E-02  252.88         test_N    
.3000E+00    20.000  0.475E+02   0.17323E+00   0.00000E+00   0.10000E+00    0.18868E-02 1506.46         test_N    
.3100E+00    20.000  0.454E+02   0.16665E+00   0.00000E+00   0.10000E+00    0.50249E-02  175.91         test_N    
.3200E+00    20.000  0.434E+02   0.16015E+00   0.00000E+00   0.10000E+00    0.50249E-02  143.27         test_N    
.3300E+00    20.000  0.415E+02   0.15373E+00   0.00000E+00   0.10000E+00    0.50249E-02  114.32         test_N    
.3400E+00    20.000  0.397E+02   0.14739E+00   0.00000E+00   0.10000E+00    0.50249E-02   88.93         test_N    
.3500E+00    20.000  0.380E+02   0.14113E+00   0.00000E+00   0.10000E+00    0.50249E-02   67.00         test_N    
.3600E+00    20.000  0.364E+02   0.13496E+00   0.00000E+00   0.10000E+00    0.50249E-02   48.40         test_N    
.3700E+00    20.000  0.349E+02   0.12887E+00   0.00000E+00   0.10000E+00    0.50249E-02   33.02         test_N    
.3800E+00    20.000  0.335E+02   0.12289E+00   0.00000E+00   0.10000E+00    0.50249E-02   20.74         test_N    
.3900E+00    20.000  0.322E+02   0.11700E+00   0.00000E+00   0.10000E+00    0.50249E-02   11.45         test_N    
.4000E+00    20.000  0.309E+02   0.11122E+00   0.00000E+00   0.10000E+00    0.17692E-02   40.23         test_N    
.4100E+00    20.000  0.297E+02   0.10556E+00   0.00000E+00   0.10000E+00    0.50249E-02    1.22         test_N    
.4200E+00    20.000  0.285E+02   0.10002E+00   0.00000E+00   0.10000E+00    0.50249E-02    0.00         test_N    
.4300E+00    20.000  0.274E+02   0.94612E-01   0.00000E+00   0.10000E+00    0.50249E-02   -1.15         test_N    
.4400E+00    20.000  0.263E+02   0.89342E-01   0.00000E+00   0.10000E+00    0.50249E-02   -4.50         test_N    
.4500E+00    20.000  0.253E+02   0.84215E-01   0.00000E+00   0.10000E+00    0.50249E-02   -9.87         test_N    
.4600E+00    20.000  0.244E+02   0.79244E-01   0.00000E+00   0.10000E+00    0.50249E-02  -17.06         test_N    
.4700E+00    20.000  0.234E+02   0.74429E-01   0.00000E+00   0.10000E+00    0.50249E-02  -25.90         test_N    
.4800E+00    20.000  0.225E+02   0.69775E-01   0.00000E+00   0.10000E+00    0.50249E-02  -36.18         test_N    
.4900E+00    20.000  0.217E+02   0.65291E-01   0.00000E+00   0.10000E+00    0.50249E-02  -47.71         test_N    
.5000E+00    20.000  0.209E+02   0.60975E-01   0.00000E+00   0.10000E+00    0.17692E-02 -486.57         test_N    
.5100E+00    20.000  0.201E+02   0.56836E-01   0.00000E+00   0.10000E+00    0.50249E-02  -73.79         test_N    
.5200E+00    20.000  0.193E+02   0.52872E-01   0.00000E+00   0.10000E+00    0.50249E-02  -87.96         test_N    
.5300E+00    20.000  0.186E+02   0.49084E-01   0.00000E+00   0.10000E+00    0.50249E-02 -102.67         test_N    
.5400E+00    20.000  0.179E+02   0.45475E-01   0.00000E+00   0.10000E+00    0.50249E-02 -117.74         test_N    
.5500E+00    20.000  0.172E+02   0.42042E-01   0.00000E+00   0.10000E+00    0.50249E-02 -133.03         test_N    
.5600E+00    20.000  0.166E+02   0.38787E-01   0.00000E+00   0.10000E+00    0.50249E-02 -148.40         test_N    
.5700E+00    20.000  0.160E+02   0.35706E-01   0.00000E+00   0.10000E+00    0.50249E-02 -163.71         test_N    
.5800E+00    20.000  0.154E+02   0.32796E-01   0.00000E+00   0.10000E+00    0.50249E-02 -178.87         test_N    
.5900E+00    20.000  0.148E+02   0.30056E-01   0.00000E+00   0.10000E+00    0.50249E-02 -193.75         test_N    
.6000E+00    20.000  0.142E+02   0.27479E-01   0.00000E+00   0.10000E+00    0.17692E-02 *******         test_N    
.6100E+00    20.000  0.137E+02   0.25065E-01   0.00000E+00   0.10000E+00    0.50249E-02 -222.39         test_N    
.6200E+00    20.000  0.131E+02   0.22806E-01   0.00000E+00   0.10000E+00    0.50249E-02 -236.00         test_N    
.6300E+00    20.000  0.126E+02   0.20698E-01   0.00000E+00   0.10000E+00    0.50249E-02 -249.06         test_N    
.6400E+00    20.000  0.121E+02   0.18736E-01   0.00000E+00   0.10000E+00    0.50249E-02 -261.54         test_N    
.6500E+00    20.000  0.117E+02   0.16914E-01   0.00000E+00   0.10000E+00    0.50249E-02 -273.40         test_N    
.6600E+00    20.000  0.112E+02   0.15226E-01   0.00000E+00   0.10000E+00    0.50249E-02 -284.62         test_N    
.6700E+00    20.000  0.107E+02   0.13666E-01   0.00000E+00   0.10000E+00    0.50249E-02 -295.19         test_N    
.6800E+00    20.000  0.103E+02   0.12228E-01   0.00000E+00   0.10000E+00    0.50249E-02 -305.10         test_N    
.6900E+00    20.000  0.987E+01   0.10906E-01   0.00000E+00   0.10000E+00    0.50249E-02 -314.36         test_N    
.7000E+00    20.000  0.945E+01   0.96947E-02   0.00000E+00   0.10000E+00    0.17692E-02 *******         test_N    
.7100E+00    20.000  0.905E+01   0.85856E-02   0.00000E+00   0.10000E+00    0.50249E-02 -330.95         test_N    
.7200E+00    20.000  0.866E+01   0.75746E-02   0.00000E+00   0.10000E+00    0.50249E-02 -338.31         test_N    
.7300E+00    20.000  0.828E+01   0.66554E-02   0.00000E+00   0.10000E+00    0.50249E-02 -345.08         test_N    
.7400E+00    20.000  0.791E+01   0.58214E-02   0.00000E+00   0.10000E+00    0.50249E-02 -351.27         test_N    
.7500E+00    20.000  0.755E+01   0.50686E-02   0.00000E+00   0.10000E+00    0.50249E-02 -356.91         test_N    
.7600E+00    20.000  0.720E+01   0.43893E-02   0.00000E+00   0.10000E+00    0.50249E-02 -362.04         test_N    
.7700E+00    20.000  0.686E+01   0.37802E-02   0.00000E+00   0.10000E+00    0.50249E-02 -366.66         test_N    
.7800E+00    20.000  0.652E+01   0.32358E-02   0.00000E+00   0.10000E+00    0.50249E-02 -370.82         test_N    
.7900E+00    20.000  0.620E+01   0.27507E-02   0.00000E+00   0.10000E+00    0.50249E-02 -374.55         test_N    
.8000E+00    20.000  0.588E+01   0.23211E-02   0.00000E+00   0.10000E+00    0.17692E-02 *******         test_N    
.8100E+00    20.000  0.557E+01   0.19419E-02   0.00000E+00   0.10000E+00    0.50249E-02 -380.81         test_N    
.8200E+00    20.000  0.527E+01   0.16099E-02   0.00000E+00   0.10000E+00    0.50249E-02 -383.39         test_N    
.8300E+00    20.000  0.498E+01   0.13210E-02   0.00000E+00   0.10000E+00    0.50249E-02 -385.65         test_N    
.8400E+00    20.000  0.469E+01   0.10707E-02   0.00000E+00   0.10000E+00    0.50249E-02 -387.60         test_N    
.8500E+00    20.000  0.441E+01   0.85683E-03   0.00000E+00   0.10000E+00    0.50249E-02 -389.28         test_N    
.8600E+00    20.000  0.414E+01   0.67444E-03   0.00000E+00   0.10000E+00    0.50249E-02 -390.72         test_N    
.8700E+00    20.000  0.387E+01   0.52170E-03   0.00000E+00   0.10000E+00    0.50249E-02 -391.92         test_N    
.8800E+00    20.000  0.361E+01   0.39525E-03   0.00000E+00   0.10000E+00    0.50249E-02 -392.92         test_N    
.8900E+00    20.000  0.335E+01   0.29184E-03   0.00000E+00   0.10000E+00    0.50249E-02 -393.73         test_N    
.9000E+00    20.000  0.310E+01   0.20963E-03   0.00000E+00   0.10000E+00    0.17692E-02 *******         test_N    
.9100E+00    20.000  0.286E+01   0.14468E-03   0.00000E+00   0.10000E+00    0.50249E-02 -394.89         test_N    
.9200E+00    20.000  0.262E+01   0.95609E-04   0.00000E+00   0.10000E+00    0.50249E-02 -395.28         test_N    
.9300E+00    20.000  0.239E+01   0.59692E-04   0.00000E+00   0.10000E+00    0.50249E-02 -395.57         test_N    
.9400E+00    20.000  0.216E+01   0.34255E-04   0.00000E+00   0.10000E+00    0.50249E-02 -395.77         test_N    
.9500E+00    20.000  0.193E+01   0.18130E-04   0.00000E+00   0.10000E+00    0.50249E-02 -395.90         test_N    
.9600E+00    20.000  0.172E+01   0.77575E-05   0.00000E+00   0.10000E+00    0.50249E-02 -395.98         test_N    
.9700E+00    20.000  0.150E+01   0.25832E-05   0.00000E+00   0.10000E+00    0.50249E-02 -396.02         test_N    
.9800E+00    20.000  0.129E+01   0.10054E-05   0.00000E+00   0.10000E+00    0.50249E-02 -396.03         test_N    
.9900E+00    20.000  0.108E+01   0.11255E-05   0.00000E+00   0.10000E+00    0.50249E-02 -396.03         test_N    
.1000E+01    20.000  0.882E+00   0.00000E+00   0.00000E+00   0.10000E+00    0.50249E-02 -396.04         test_N    
.1000E+00    50.000  0.451E+03   0.33696E+00   0.00000E+00   0.10000E+00    0.50249E-02 2223.85         test_N    
.1100E+00    50.000  0.405E+03   0.32431E+00   0.00000E+00   0.10000E+00    0.50249E-02 1992.75         test_N    
.1200E+00    50.000  0.368E+03   0.31252E+00   0.00000E+00   0.10000E+00    0.50249E-02 1788.64         test_N    
.1300E+00    50.000  0.335E+03   0.30136E+00   0.00000E+00   0.10000E+00    0.50249E-02 1605.84         test_N    
.1400E+00    50.000  0.308E+03   0.29065E+00   0.00000E+00   0.10000E+00    0.50249E-02 1439.55         test_N    
.1500E+00    50.000  0.284E+03   0.28044E+00   0.00000E+00   0.10000E+00    0.50249E-02 1289.39         test_N    
.1600E+00    50.000  0.263E+03   0.27057E+00   0.00000E+00   0.10000E+00    0.50249E-02 1152.19         test_N    
.1700E+00    50.000  0.245E+03   0.26107E+00   0.00000E+00   0.10000E+00    0.50249E-02 1027.42         test_N    
.1800E+00    50.000  0.229E+03   0.25190E+00   0.00000E+00   0.10000E+00    0.50249E-02  913.77         test_N    
.1900E+00    50.000  0.214E+03   0.24302E+00   0.00000E+00   0.10000E+00    0.50249E-02  810.05         test_N    
.2000E+00    50.000  0.201E+03   0.23442E+00   0.00000E+00   0.10000E+00    0.50249E-02  715.61         test_N    
.2100E+00    50.000  0.189E+03   0.22607E+00   0.00000E+00   0.10000E+00    0.50249E-02  629.44         test_N    
.2200E+00    50.000  0.178E+03   0.21795E+00   0.00000E+00   0.10000E+00    0.50249E-02  551.01         test_N    
.2300E+00    50.000  0.168E+03   0.21006E+00   0.00000E+00   0.10000E+00    0.50249E-02  479.70         test_N    
.2400E+00    50.000  0.159E+03   0.20235E+00   0.00000E+00   0.10000E+00    0.50249E-02  414.90         test_N    
.2500E+00    50.000  0.151E+03   0.19484E+00   0.00000E+00   0.10000E+00    0.50249E-02  356.22         test_N    
.2600E+00    50.000  0.143E+03   0.18749E+00   0.00000E+00   0.10000E+00    0.50249E-02  303.14         test_N    
.2700E+00    50.000  0.136E+03   0.18030E+00   0.00000E+00   0.10000E+00    0.50249E-02  255.36         test_N    
.2800E+00    50.000  0.129E+03   0.17326E+00   0.00000E+00   0.10000E+00    0.50249E-02  212.53         test_N    
.2900E+00    50.000  0.123E+03   0.16635E+00   0.00000E+00   0.10000E+00    0.50249E-02  174.34         test_N    
.3000E+00    50.000  0.118E+03   0.15958E+00   0.00000E+00   0.10000E+00    0.18868E-02  997.02         test_N    
.3100E+00    50.000  0.112E+03   0.15292E+00   0.00000E+00   0.10000E+00    0.50249E-02  110.93         test_N    
.3200E+00    50.000  0.107E+03   0.14640E+00   0.00000E+00   0.10000E+00    0.50249E-02   85.25         test_N    
.3300E+00    50.000  0.102E+03   0.13999E+00   0.00000E+00   0.10000E+00    0.50249E-02   63.33         test_N    
.3400E+00    50.000  0.979E+02   0.13370E+00   0.00000E+00   0.10000E+00    0.50249E-02   44.97         test_N    
.3500E+00    50.000  0.937E+02   0.12753E+00   0.00000E+00   0.10000E+00    0.50249E-02   30.01         test_N    
.3600E+00    50.000  0.898E+02   0.12148E+00   0.00000E+00   0.10000E+00    0.50249E-02   18.27         test_N    
.3700E+00    50.000  0.860E+02   0.11555E+00   0.00000E+00   0.10000E+00    0.50249E-02    9.58         test_N    
.3800E+00    50.000  0.825E+02   0.10976E+00   0.00000E+00   0.10000E+00    0.50249E-02    3.77         test_N    
.3900E+00    50.000  0.791E+02   0.10410E+00   0.00000E+00   0.10000E+00    0.50249E-02    0.67         test_N    
.4000E+00    50.000  0.759E+02   0.98576E-01   0.00000E+00   0.10000E+00    0.17692E-02   -0.65         test_N    
.4100E+00    50.000  0.728E+02   0.93200E-01   0.00000E+00   0.10000E+00    0.50249E-02   -1.83         test_N    
.4200E+00    50.000  0.699E+02   0.87972E-01   0.00000E+00   0.10000E+00    0.50249E-02   -5.73         test_N    
.4300E+00    50.000  0.672E+02   0.82898E-01   0.00000E+00   0.10000E+00    0.50249E-02  -11.58         test_N    
.4400E+00    50.000  0.645E+02   0.77984E-01   0.00000E+00   0.10000E+00    0.50249E-02  -19.20         test_N    
.4500E+00    50.000  0.620E+02   0.73230E-01   0.00000E+00   0.10000E+00    0.50249E-02  -28.38         test_N    
.4600E+00    50.000  0.596E+02   0.68647E-01   0.00000E+00   0.10000E+00    0.50249E-02  -38.93         test_N    
.4700E+00    50.000  0.573E+02   0.64233E-01   0.00000E+00   0.10000E+00    0.50249E-02  -50.66         test_N    
.4800E+00    50.000  0.550E+02   0.59991E-01   0.00000E+00   0.10000E+00    0.50249E-02  -63.39         test_N    
.4900E+00    50.000  0.529E+02   0.55926E-01   0.00000E+00   0.10000E+00    0.50249E-02  -76.93         test_N    
.5000E+00    50.000  0.509E+02   0.52035E-01   0.00000E+00   0.10000E+00    0.17692E-02 -735.04         test_N    
.5100E+00    50.000  0.489E+02   0.48322E-01   0.00000E+00   0.10000E+00    0.50249E-02 -105.77         test_N    
.5200E+00    50.000  0.470E+02   0.44785E-01   0.00000E+00   0.10000E+00    0.50249E-02 -120.74         test_N    
.5300E+00    50.000  0.452E+02   0.41423E-01   0.00000E+00   0.10000E+00    0.50249E-02 -135.89         test_N    
.5400E+00    50.000  0.435E+02   0.38236E-01   0.00000E+00   0.10000E+00    0.50249E-02 -151.08         test_N    
.5500E+00    50.000  0.418E+02   0.35219E-01   0.00000E+00   0.10000E+00    0.50249E-02 -166.20         test_N    
.5600E+00    50.000  0.402E+02   0.32372E-01   0.00000E+00   0.10000E+00    0.50249E-02 -181.13         test_N    
.5700E+00    50.000  0.386E+02   0.29691E-01   0.00000E+00   0.10000E+00    0.50249E-02 -195.78         test_N    
.5800E+00    50.000  0.371E+02   0.27170E-01   0.00000E+00   0.10000E+00    0.50249E-02 -210.07         test_N    
.5900E+00    50.000  0.356E+02   0.24808E-01   0.00000E+00   0.10000E+00    0.50249E-02 -223.92         test_N    
.6000E+00    50.000  0.342E+02   0.22597E-01   0.00000E+00   0.10000E+00    0.17692E-02 *******         test_N    
.6100E+00    50.000  0.328E+02   0.20534E-01   0.00000E+00   0.10000E+00    0.50249E-02 -250.09         test_N    
.6200E+00    50.000  0.315E+02   0.18613E-01   0.00000E+00   0.10000E+00    0.50249E-02 -262.33         test_N    
.6300E+00    50.000  0.302E+02   0.16829E-01   0.00000E+00   0.10000E+00    0.50249E-02 -273.96         test_N    
.6400E+00    50.000  0.290E+02   0.15175E-01   0.00000E+00   0.10000E+00    0.50249E-02 -284.96         test_N    
.6500E+00    50.000  0.278E+02   0.13646E-01   0.00000E+00   0.10000E+00    0.50249E-02 -295.33         test_N    
.6600E+00    50.000  0.266E+02   0.12236E-01   0.00000E+00   0.10000E+00    0.50249E-02 -305.05         test_N    
.6700E+00    50.000  0.255E+02   0.10939E-01   0.00000E+00   0.10000E+00    0.50249E-02 -314.14         test_N    
.6800E+00    50.000  0.244E+02   0.97482E-02   0.00000E+00   0.10000E+00    0.50249E-02 -322.59         test_N    
.6900E+00    50.000  0.233E+02   0.86583E-02   0.00000E+00   0.10000E+00    0.50249E-02 -330.43         test_N    
.7000E+00    50.000  0.223E+02   0.76640E-02   0.00000E+00   0.10000E+00    0.17692E-02 *******         test_N    
.7100E+00    50.000  0.213E+02   0.67577E-02   0.00000E+00   0.10000E+00    0.50249E-02 -344.32         test_N    
.7200E+00    50.000  0.203E+02   0.59355E-02   0.00000E+00   0.10000E+00    0.50249E-02 -350.42         test_N    
.7300E+00    50.000  0.194E+02   0.51914E-02   0.00000E+00   0.10000E+00    0.50249E-02 -355.99         test_N    
.7400E+00    50.000  0.184E+02   0.45194E-02   0.00000E+00   0.10000E+00    0.50249E-02 -361.05         test_N    
.7500E+00    50.000  0.175E+02   0.39160E-02   0.00000E+00   0.10000E+00    0.50249E-02 -365.63         test_N    
.7600E+00    50.000  0.167E+02   0.33740E-02   0.00000E+00   0.10000E+00    0.50249E-02 -369.77         test_N    
.7700E+00    50.000  0.158E+02   0.28906E-02   0.00000E+00   0.10000E+00    0.50249E-02 -373.47         test_N    
.7800E+00    50.000  0.150E+02   0.24609E-02   0.00000E+00   0.10000E+00    0.50249E-02 -376.79         test_N    
.7900E+00    50.000  0.142E+02   0.20800E-02   0.00000E+00   0.10000E+00    0.50249E-02 -379.74         test_N    
.8000E+00    50.000  0.134E+02   0.17448E-02   0.00000E+00   0.10000E+00    0.17692E-02 *******         test_N    
.8100E+00    50.000  0.126E+02   0.14507E-02   0.00000E+00   0.10000E+00    0.50249E-02 -384.63         test_N    
.8200E+00    50.000  0.119E+02   0.11948E-02   0.00000E+00   0.10000E+00    0.50249E-02 -386.63         test_N    
.8300E+00    50.000  0.111E+02   0.97364E-03   0.00000E+00   0.10000E+00    0.50249E-02 -388.37         test_N    
.8400E+00    50.000  0.104E+02   0.78342E-03   0.00000E+00   0.10000E+00    0.50249E-02 -389.86         test_N    
.8500E+00    50.000  0.971E+01   0.62217E-03   0.00000E+00   0.10000E+00    0.50249E-02 -391.13         test_N    
.8600E+00    50.000  0.902E+01   0.48567E-03   0.00000E+00   0.10000E+00    0.50249E-02 -392.20         test_N    
.8700E+00    50.000  0.835E+01   0.37239E-03   0.00000E+00   0.10000E+00    0.50249E-02 -393.10         test_N    
.8800E+00    50.000  0.770E+01   0.27949E-03   0.00000E+00   0.10000E+00    0.50249E-02 -393.83         test_N    
.8900E+00    50.000  0.706E+01   0.20424E-03   0.00000E+00   0.10000E+00    0.50249E-02 -394.42         test_N    
.9000E+00    50.000  0.644E+01   0.14514E-03   0.00000E+00   0.10000E+00    0.17692E-02 *******         test_N    
.9100E+00    50.000  0.583E+01   0.98904E-04   0.00000E+00   0.10000E+00    0.50249E-02 -395.26         test_N    
.9200E+00    50.000  0.523E+01   0.64473E-04   0.00000E+00   0.10000E+00    0.50249E-02 -395.53         test_N    
.9300E+00    50.000  0.465E+01   0.39645E-04   0.00000E+00   0.10000E+00    0.50249E-02 -395.73         test_N    
.9400E+00    50.000  0.407E+01   0.22310E-04   0.00000E+00   0.10000E+00    0.50249E-02 -395.86         test_N    
.9500E+00    50.000  0.351E+01   0.11614E-04   0.00000E+00   0.10000E+00    0.50249E-02 -395.95         test_N    
.9600E+00    50.000  0.297E+01   0.48137E-05   0.00000E+00   0.10000E+00    0.50249E-02 -396.00         test_N    
.9700E+00    50.000  0.243E+01   0.15678E-05   0.00000E+00   0.10000E+00    0.50249E-02 -396.03         test_N    
.9800E+00    50.000  0.190E+01   0.71640E-06   0.00000E+00   0.10000E+00    0.50249E-02 -396.03         test_N    
.9900E+00    50.000  0.139E+01   0.89527E-06   0.00000E+00   0.10000E+00    0.50249E-02 -396.03         test_N    
.1000E+01    50.000  0.882E+00   0.00000E+00   0.00000E+00   0.10000E+00    0.50249E-02 -396.04         test_N    
.1000E+00   100.000  0.901E+03   0.33777E+00   0.00000E+00   0.10000E+00    0.50249E-02 2239.07         test_N    
.1100E+00   100.000  0.810E+03   0.32356E+00   0.00000E+00   0.10000E+00    0.50249E-02 1979.41         test_N    
.1200E+00   100.000  0.734E+03   0.31047E+00   0.00000E+00   0.10000E+00    0.50249E-02 1754.35         test_N    
.1300E+00   100.000  0.670E+03   0.29823E+00   0.00000E+00   0.10000E+00    0.50249E-02 1556.25         test_N    
.1400E+00   100.000  0.615E+03   0.28659E+00   0.00000E+00   0.10000E+00    0.50249E-02 1378.87         test_N    
.1500E+00   100.000  0.568E+03   0.27560E+00   0.00000E+00   0.10000E+00    0.50249E-02 1221.20         test_N    
.1600E+00   100.000  0.526E+03   0.26506E+00   0.00000E+00   0.10000E+00    0.50249E-02 1078.95         test_N    
.1700E+00   100.000  0.489E+03   0.25498E+00   0.00000E+00   0.10000E+00    0.50249E-02  951.29         test_N    
.1800E+00   100.000  0.456E+03   0.24533E+00   0.00000E+00   0.10000E+00    0.50249E-02  836.42         test_N    
.1900E+00   100.000  0.427E+03   0.23602E+00   0.00000E+00   0.10000E+00    0.50249E-02  732.76         test_N    
.2000E+00   100.000  0.401E+03   0.22707E+00   0.00000E+00   0.10000E+00    0.50249E-02  639.49         test_N    
.2100E+00   100.000  0.377E+03   0.21841E+00   0.00000E+00   0.10000E+00    0.50249E-02  555.26         test_N    
.2200E+00   100.000  0.355E+03   0.21003E+00   0.00000E+00   0.10000E+00    0.50249E-02  479.46         test_N    
.2300E+00   100.000  0.336E+03   0.20191E+00   0.00000E+00   0.10000E+00    0.50249E-02  411.29         test_N    
.2400E+00   100.000  0.318E+03   0.19401E+00   0.00000E+00   0.10000E+00    0.50249E-02  350.05         test_N    
.2500E+00   100.000  0.301E+03   0.18635E+00   0.00000E+00   0.10000E+00    0.50249E-02  295.27         test_N    
.2600E+00   100.000  0.285E+03   0.17887E+00   0.00000E+00   0.10000E+00    0.50249E-02  246.34         test_N    
.2700E+00   100.000  0.271E+03   0.17158E+00   0.00000E+00   0.10000E+00    0.50249E-02  202.92         test_N    
.2800E+00   100.000  0.258E+03   0.16447E+00   0.00000E+00   0.10000E+00    0.50249E-02  164.60         test_N    
.2900E+00   100.000  0.246E+03   0.15752E+00   0.00000E+00   0.10000E+00    0.50249E-02  131.01         test_N    
.3000E+00   100.000  0.234E+03   0.15073E+00   0.00000E+00   0.10000E+00    0.18868E-02  722.78         test_N    
.3100E+00   100.000  0.223E+03   0.14408E+00   0.00000E+00   0.10000E+00    0.50249E-02   76.95         test_N    
.3200E+00   100.000  0.213E+03   0.13758E+00   0.00000E+00   0.10000E+00    0.50249E-02   55.94         test_N    
.3300E+00   100.000  0.204E+03   0.13123E+00   0.00000E+00   0.10000E+00    0.50249E-02   38.62         test_N    
.3400E+00   100.000  0.195E+03   0.12501E+00   0.00000E+00   0.10000E+00    0.50249E-02   24.78         test_N    
.3500E+00   100.000  0.187E+03   0.11894E+00   0.00000E+00   0.10000E+00    0.50249E-02   14.21         test_N    
.3600E+00   100.000  0.179E+03   0.11301E+00   0.00000E+00   0.10000E+00    0.50249E-02    6.71         test_N    
.3700E+00   100.000  0.171E+03   0.10723E+00   0.00000E+00   0.10000E+00    0.50249E-02    2.07         test_N    
.3800E+00   100.000  0.164E+03   0.10160E+00   0.00000E+00   0.10000E+00    0.50249E-02    0.10         test_N    
.3900E+00   100.000  0.157E+03   0.96114E-01   0.00000E+00   0.10000E+00    0.50249E-02   -0.60         test_N    
.4000E+00   100.000  0.151E+03   0.90786E-01   0.00000E+00   0.10000E+00    0.17692E-02  -27.12         test_N    
.4100E+00   100.000  0.145E+03   0.85618E-01   0.00000E+00   0.10000E+00    0.50249E-02   -8.19         test_N    
.4200E+00   100.000  0.139E+03   0.80612E-01   0.00000E+00   0.10000E+00    0.50249E-02  -14.89         test_N    
.4300E+00   100.000  0.133E+03   0.75772E-01   0.00000E+00   0.10000E+00    0.50249E-02  -23.25         test_N    
.4400E+00   100.000  0.128E+03   0.71102E-01   0.00000E+00   0.10000E+00    0.50249E-02  -33.07         test_N    
.4500E+00   100.000  0.123E+03   0.66602E-01   0.00000E+00   0.10000E+00    0.50249E-02  -44.17         test_N    
.4600E+00   100.000  0.118E+03   0.62279E-01   0.00000E+00   0.10000E+00    0.50249E-02  -56.35         test_N    
.4700E+00   100.000  0.114E+03   0.58130E-01   0.00000E+00   0.10000E+00    0.50249E-02  -69.43         test_N    
.4800E+00   100.000  0.109E+03   0.54158E-01   0.00000E+00   0.10000E+00    0.50249E-02  -83.23         test_N    
.4900E+00   100.000  0.105E+03   0.50364E-01   0.00000E+00   0.10000E+00    0.50249E-02  -97.57         test_N    
.5000E+00   100.000  0.101E+03   0.46745E-01   0.00000E+00   0.10000E+00    0.17692E-02 -906.09         test_N    
.5100E+00   100.000  0.970E+02   0.43305E-01   0.00000E+00   0.10000E+00    0.50249E-02 -127.30         test_N    
.5200E+00   100.000  0.932E+02   0.40037E-01   0.00000E+00   0.10000E+00    0.50249E-02 -142.40         test_N    
.5300E+00   100.000  0.896E+02   0.36942E-01   0.00000E+00   0.10000E+00    0.50249E-02 -157.48         test_N    
.5400E+00   100.000  0.861E+02   0.34017E-01   0.00000E+00   0.10000E+00    0.50249E-02 -172.43         test_N    
.5500E+00   100.000  0.827E+02   0.31257E-01   0.00000E+00   0.10000E+00    0.50249E-02 -187.15         test_N    
.5600E+00   100.000  0.795E+02   0.28661E-01   0.00000E+00   0.10000E+00    0.50249E-02 -201.55         test_N    
.5700E+00   100.000  0.763E+02   0.26223E-01   0.00000E+00   0.10000E+00    0.50249E-02 -215.57         test_N    
.5800E+00   100.000  0.733E+02   0.23938E-01   0.00000E+00   0.10000E+00    0.50249E-02 -229.12         test_N    
.5900E+00   100.000  0.704E+02   0.21803E-01   0.00000E+00   0.10000E+00    0.50249E-02 -242.17         test_N    
.6000E+00   100.000  0.675E+02   0.19812E-01   0.00000E+00   0.10000E+00    0.17692E-02 *******         test_N    
.6100E+00   100.000  0.648E+02   0.17958E-01   0.00000E+00   0.10000E+00    0.50249E-02 -266.57         test_N    
.6200E+00   100.000  0.622E+02   0.16238E-01   0.00000E+00   0.10000E+00    0.50249E-02 -277.87         test_N    
.6300E+00   100.000  0.596E+02   0.14644E-01   0.00000E+00   0.10000E+00    0.50249E-02 -288.54         test_N    
.6400E+00   100.000  0.571E+02   0.13172E-01   0.00000E+00   0.10000E+00    0.50249E-02 -298.58         test_N    
.6500E+00   100.000  0.547E+02   0.11814E-01   0.00000E+00   0.10000E+00    0.50249E-02 -307.99         test_N    
.6600E+00   100.000  0.524E+02   0.10566E-01   0.00000E+00   0.10000E+00    0.50249E-02 -316.77         test_N    
.6700E+00   100.000  0.501E+02   0.94205E-02   0.00000E+00   0.10000E+00    0.50249E-02 -324.94         test_N    
.6800E+00   100.000  0.479E+02   0.83726E-02   0.00000E+00   0.10000E+00    0.50249E-02 -332.50         test_N    
.6900E+00   100.000  0.458E+02   0.74160E-02   0.00000E+00   0.10000E+00    0.50249E-02 -339.48         test_N    
.7000E+00   100.000  0.437E+02   0.65460E-02   0.00000E+00   0.10000E+00    0.17692E-02 *******         test_N    
.7100E+00   100.000  0.417E+02   0.57553E-02   0.00000E+00   0.10000E+00    0.50249E-02 -351.77         test_N    
.7200E+00   100.000  0.398E+02   0.50401E-02   0.00000E+00   0.10000E+00    0.50249E-02 -357.12         test_N    
.7300E+00   100.000  0.379E+02   0.43948E-02   0.00000E+00   0.10000E+00    0.50249E-02 -361.99         test_N    
.7400E+00   100.000  0.360E+02   0.38139E-02   0.00000E+00   0.10000E+00    0.50249E-02 -366.41         test_N    
.7500E+00   100.000  0.342E+02   0.32940E-02   0.00000E+00   0.10000E+00    0.50249E-02 -370.38         test_N    
.7600E+00   100.000  0.325E+02   0.28285E-02   0.00000E+00   0.10000E+00    0.50249E-02 -373.95         test_N    
.7700E+00   100.000  0.308E+02   0.24148E-02   0.00000E+00   0.10000E+00    0.50249E-02 -377.14         test_N    
.7800E+00   100.000  0.291E+02   0.20484E-02   0.00000E+00   0.10000E+00    0.50249E-02 -379.98         test_N    
.7900E+00   100.000  0.275E+02   0.17248E-02   0.00000E+00   0.10000E+00    0.50249E-02 -382.50         test_N    
.8000E+00   100.000  0.259E+02   0.14412E-02   0.00000E+00   0.10000E+00    0.17692E-02 *******         test_N    
.8100E+00   100.000  0.243E+02   0.11932E-02   0.00000E+00   0.10000E+00    0.50249E-02 -386.65         test_N    
.8200E+00   100.000  0.228E+02   0.97848E-03   0.00000E+00   0.10000E+00    0.50249E-02 -388.33         test_N    
.8300E+00   100.000  0.214E+02   0.79368E-03   0.00000E+00   0.10000E+00    0.50249E-02 -389.78         test_N    
.8400E+00   100.000  0.199E+02   0.63550E-03   0.00000E+00   0.10000E+00    0.50249E-02 -391.02         test_N    
.8500E+00   100.000  0.185E+02   0.50213E-03   0.00000E+00   0.10000E+00    0.50249E-02 -392.07         test_N    
.8600E+00   100.000  0.172E+02   0.38979E-03   0.00000E+00   0.10000E+00    0.50249E-02 -392.96         test_N    
.8700E+00   100.000  0.158E+02   0.29713E-03   0.00000E+00   0.10000E+00    0.50249E-02 -393.69         test_N    
.8800E+00   100.000  0.145E+02   0.22161E-03   0.00000E+00   0.10000E+00    0.50249E-02 -394.29         test_N    
.8900E+00   100.000  0.132E+02   0.16082E-03   0.00000E+00   0.10000E+00    0.50249E-02 -394.77         test_N    
.9000E+00   100.000  0.120E+02   0.11347E-03   0.00000E+00   0.10000E+00    0.17692E-02 *******         test_N    
.9100E+00   100.000  0.108E+02   0.76663E-04   0.00000E+00   0.10000E+00    0.50249E-02 -395.43         test_N    
.9200E+00   100.000  0.958E+01   0.49519E-04   0.00000E+00   0.10000E+00    0.50249E-02 -395.65         test_N    
.9300E+00   100.000  0.841E+01   0.30141E-04   0.00000E+00   0.10000E+00    0.50249E-02 -395.80         test_N    
.9400E+00   100.000  0.726E+01   0.16740E-04   0.00000E+00   0.10000E+00    0.50249E-02 -395.91         test_N    
.9500E+00   100.000  0.614E+01   0.86217E-05   0.00000E+00   0.10000E+00    0.50249E-02 -395.97         test_N    
.9600E+00   100.000  0.505E+01   0.35001E-05   0.00000E+00   0.10000E+00    0.50249E-02 -396.01         test_N    
.9700E+00   100.000  0.397E+01   0.11304E-05   0.00000E+00   0.10000E+00    0.50249E-02 -396.03         test_N    
.9800E+00   100.000  0.292E+01   0.58100E-06   0.00000E+00   0.10000E+00    0.50249E-02 -396.04         test_N    
.9900E+00   100.000  0.189E+01   0.76191E-06   0.00000E+00   0.10000E+00    0.50249E-02 -396.03         test_N    
.1000E+01   100.000  0.882E+00   0.00000E+00   0.00000E+00   0.10000E+00    0.50249E-02 -396.04         test_N    



 CHI SQUARE=******** FOR  546 POINTS   CHISQ/NPTS=  540.29
 Signed chisquare total = 1446.29
 Modified residual =********


Summary normalization chi2 contributions

 data set     normalization        error         chisq


Summary chi2 per data set

 data set      chisq    _w     signd    _w     resid     _w   npts   chisq/pts  _w
test_N      294999.8          1446.3        ********           546  540.29
------------------------------------------------------------------------------------
TOTAL       294999.8294999.8  1446.3     0.0****************   546  540.29  540.29
TOTAL+norm  294999.8294999.8                                   546  540.29  540.29



            Momentum Sum Rule Check


      q2      alphas      xuv       xdv       xub       xdb       xsb       xcb       xbb      xglue     total
      1.69    0.3845    0.3222    0.1370    0.0551    0.0716    0.0253    0.0000    0.0000    0.3890    1.0002
    100.00    0.1784    0.2270    0.0966    0.0645    0.0761    0.0436    0.0257    0.0087    0.4549    0.9972
   1000.00    0.1407    0.0000    0.0000    0.0000    0.0000    0.0000    0.0000    0.0000    0.0000    0.0000
   8315.00    0.1180    0.0000    0.0000    0.0000    0.0000    0.0000    0.0000    0.0000    0.0000    0.0000


 Vector Boson Cross Sections

 sqrt(s)   sigma(W)    error    theory

   1960.     2.865     0.063       0.000     D0

   1960.     2.749     0.054       0.000     CDF

   7000.     9.95      0.29        0.000     CMS

   7000.     9.96      0.55        0.000     ATLAS

 sqrt(s)   sigma(Z)    error    theory

   1960.     .2649     .0094       0.000     D0

   1960.     .2549     .0057       0.000     CDF

   7000.     .931      0.035       0.000     CMS

   7000.     .82       0.08        0.000     ATLAS


