 Correlated errors added in quadrature with statistical errors
 test_P_all DIS data with   1.69< Q2 < 0.500D+03 and 0.000 < xB < 1.000 and   0.00< W2 < 0.100D+05 and 0.000 < y < 1.000
   No TMC applied
   HT corrections, additive C=C(xB)

# fitpack15: fit output
# CJ15 AV18 final data choices                                                 

Parametrization   7 used here

 S-ACOT scheme used  for NC DIS

 charm mass =     1.30 GeV     bottom mass =     4.50 GeV



 THIS IS A NEXT TO LEADING ORDER FIT

 Q02=    1.69
         1  LAMBDA      VALUE=   0.22680      WEIGHT=    0.0000    
         2  a0uv        VALUE=    1.9042      WEIGHT=    0.0000    
         3  a1uv        VALUE=   0.55764      WEIGHT=   0.21506E-01
         4  a2uv        VALUE=    3.4753      WEIGHT=   0.12252E-01
         5  a3uv        VALUE=    0.0000      WEIGHT=    0.0000    
         6  a4uv        VALUE=    4.3113      WEIGHT=   0.56402    
         7  a5uv        VALUE=    0.0000      WEIGHT=    0.0000    
         8  a0dv        VALUE=    28.902      WEIGHT=    0.0000    
         9  a1dv        VALUE=    1.1785      WEIGHT=   0.28946E-01
        10  a2dv        VALUE=    6.7673      WEIGHT=   0.15101    
        11  a3dv        VALUE=   -3.6831      WEIGHT=   0.72594E-01
        12  a4dv        VALUE=    4.8771      WEIGHT=   0.12781    
        13  a5dv        VALUE=    0.0000      WEIGHT=    0.0000    
        14  a0ud        VALUE=   0.14106      WEIGHT=   0.48853E-02
        15  a1ud        VALUE=  -0.21130      WEIGHT=   0.37708E-02
        16  a2ud        VALUE=    8.3071      WEIGHT=   0.19210    
        17  a3ud        VALUE=    0.0000      WEIGHT=    0.0000    
        18  a4ud        VALUE=    14.490      WEIGHT=    1.1972    
        19  a5ud        VALUE=    0.0000      WEIGHT=    0.0000    
        20  a0du        VALUE=    35712.      WEIGHT=    0.0000    
        21  a1du        VALUE=    4.1743      WEIGHT=   0.79953E-01
        22  a2du        VALUE=    18.646      WEIGHT=   0.84912    
        23  a3du        VALUE=    17.000      WEIGHT=    0.0000    
        24  a4du        VALUE=    56.315      WEIGHT=    8.4022    
        25  a0g         VALUE=    60.434      WEIGHT=    0.0000    
        26  a1g         VALUE=   0.65191      WEIGHT=   0.34275E-01
        27  a2g         VALUE=    7.5089      WEIGHT=   0.74258    
        28  a3g         VALUE=   -3.8044      WEIGHT=   0.15493    
        29  a4g         VALUE=    4.3685      WEIGHT=   0.40526    
        30  a5g         VALUE=    0.0000      WEIGHT=    0.0000    
        31  kappa       VALUE=   0.40000      WEIGHT=    0.0000    
        32  a6dv        VALUE=  -0.39542E-02  WEIGHT=   0.58935E-03
        33  a7dv        VALUE=    2.0000      WEIGHT=    0.0000    
        34  off1        VALUE=    0.0000      WEIGHT=    0.0000    
        35  off2        VALUE=    0.0000      WEIGHT=    0.0000    
        36  off3        VALUE=    0.0000      WEIGHT=    0.0000    
        37  ht1         VALUE=   -29.253      WEIGHT=    1.4985    
        38  ht2         VALUE=    4.3631      WEIGHT=   0.10915    
        39  ht3         VALUE=   -1.8902      WEIGHT=   0.15519E-01
        40  ht4         VALUE=    0.0000      WEIGHT=    0.0000    
        41  ht1n        VALUE=   -16.587      WEIGHT=    2.1349    
        42  ht2n        VALUE=    2.8652      WEIGHT=   0.18233    
        43  ht3n        VALUE=   -2.0691      WEIGHT=   0.32327E-01
        44  ht4n        VALUE=    0.0000      WEIGHT=    0.0000    
        45  dummy45     VALUE=    0.0000      WEIGHT=    0.0000    
        46  dummy46     VALUE=    0.0000      WEIGHT=    0.0000    
        47  dummy47     VALUE=    0.0000      WEIGHT=    0.0000    
        48  dummy48     VALUE=    0.0000      WEIGHT=    0.0000    
        49  dummy49     VALUE=    0.0000      WEIGHT=    0.0000    
        50  bcdmsh2     VALUE=   0.95658      WEIGHT=   0.46542E-02
        51  bcdmsd2     VALUE=   0.97906      WEIGHT=   0.55330E-02
        52  ccfr        VALUE=    1.0000      WEIGHT=    0.0000    
        53  nutev       VALUE=    1.0000      WEIGHT=    0.0000    
        54  zeus        VALUE=   0.97998      WEIGHT=    0.0000    
        55  h1          VALUE=    1.0162      WEIGHT=    0.0000    
        56  e605        VALUE=    1.0319      WEIGHT=    0.0000    
        57  NmcH2       VALUE=   0.99476      WEIGHT=   0.69955E-02
        58  ntv_nu      VALUE=    1.0000      WEIGHT=    0.0000    
        59  ntv_nubar   VALUE=    1.0000      WEIGHT=    0.0000    
        60  cdf_jet     VALUE=   0.98910      WEIGHT=    0.0000    
        61  d0_jet      VALUE=   0.83504      WEIGHT=    0.0000    
        62  slac_p      VALUE=   0.99959      WEIGHT=   0.50581E-02
        63  slac_d      VALUE=   0.98882      WEIGHT=   0.50354E-02
        64  e866pp      VALUE=   0.95746      WEIGHT=   0.19468E-01
        65  e866pd      VALUE=   0.94470      WEIGHT=   0.15260E-01
        66  d0_gamjet   VALUE=    1.0366      WEIGHT=   0.16420E-01
        67  h1b         VALUE=   0.97608      WEIGHT=    0.0000    
        68  jlab_p      VALUE=   0.99064      WEIGHT=   0.63474E-02
        69  jlab_d      VALUE=   0.96615      WEIGHT=   0.59357E-02
        70  blank       VALUE=    1.0000      WEIGHT=    0.0000    
        71  d0run2      VALUE=   0.97876      WEIGHT=   0.14220E-01
        72  cdfrun2     VALUE=   0.96185      WEIGHT=   0.17466E-01
        73  HERA_el     VALUE=    1.0000      WEIGHT=    0.0000    
        74  HERA_ps     VALUE=    1.0000      WEIGHT=    0.0000    
        75  CDF_Z       VALUE=   0.94123      WEIGHT=   0.58500E-02
        76  NmcRat      VALUE=    1.0000      WEIGHT=    0.0000    
        77  BNS_F2nd    VALUE=   0.94580      WEIGHT=   0.94564E-02
        78  HERMES_F2p  VALUE=   0.98876      WEIGHT=   0.56557E-02
        79  HERMES_F2d  VALUE=   0.96503      WEIGHT=   0.56545E-02
0THE TOLERANCE IS    0.1000
 THE MAXIMUM NUMBER OF STEPS IS 100
0THE INITIAL CHI SQUARED IS  7.54957E+07



     X        Q2         W2       THEORY        error         DATA           ERROR        chi^2     _w    ITYPE
.1000E-01     2.000  0.199E+03   0.35029E+00   0.00000E+00   0.10000E+00    0.50249E-02 2481.02         test_P_all
.2000E-01     2.000  0.989E+02   0.33083E+00   0.00000E+00   0.10000E+00    0.50249E-02 2110.22         test_P_all
.3000E-01     2.000  0.655E+02   0.32663E+00   0.00000E+00   0.10000E+00    0.50249E-02 2034.17         test_P_all
.4000E-01     2.000  0.489E+02   0.33003E+00   0.00000E+00   0.10000E+00    0.50249E-02 2095.52         test_P_all
.5000E-01     2.000  0.389E+02   0.33386E+00   0.00000E+00   0.10000E+00    0.50249E-02 2165.90         test_P_all
.6000E-01     2.000  0.322E+02   0.33869E+00   0.00000E+00   0.10000E+00    0.50249E-02 2256.31         test_P_all
.7000E-01     2.000  0.275E+02   0.34258E+00   0.00000E+00   0.10000E+00    0.50249E-02 2330.49         test_P_all
.8000E-01     2.000  0.239E+02   0.34557E+00   0.00000E+00   0.10000E+00    0.50249E-02 2388.39         test_P_all
.9000E-01     2.000  0.211E+02   0.34778E+00   0.00000E+00   0.10000E+00    0.50249E-02 2431.50         test_P_all
.1000E+00     2.000  0.189E+02   0.34905E+00   0.00000E+00   0.10000E+00    0.50249E-02 2456.39         test_P_all
.1100E+00     2.000  0.171E+02   0.34983E+00   0.00000E+00   0.10000E+00    0.50249E-02 2471.88         test_P_all
.1200E+00     2.000  0.155E+02   0.34999E+00   0.00000E+00   0.10000E+00    0.50249E-02 2475.12         test_P_all
.1300E+00     2.000  0.143E+02   0.34967E+00   0.00000E+00   0.10000E+00    0.50249E-02 2468.76         test_P_all
.1400E+00     2.000  0.132E+02   0.34905E+00   0.00000E+00   0.10000E+00    0.50249E-02 2456.43         test_P_all
.1500E+00     2.000  0.122E+02   0.34801E+00   0.00000E+00   0.10000E+00    0.50249E-02 2435.95         test_P_all
.1600E+00     2.000  0.114E+02   0.34668E+00   0.00000E+00   0.10000E+00    0.50249E-02 2410.04         test_P_all
.1700E+00     2.000  0.106E+02   0.34502E+00   0.00000E+00   0.10000E+00    0.50249E-02 2377.64         test_P_all
.1800E+00     2.000  0.999E+01   0.34301E+00   0.00000E+00   0.10000E+00    0.50249E-02 2338.83         test_P_all
.1900E+00     2.000  0.941E+01   0.34066E+00   0.00000E+00   0.10000E+00    0.50249E-02 2293.67         test_P_all
.2000E+00     2.000  0.888E+01   0.33794E+00   0.00000E+00   0.10000E+00    0.50249E-02 2242.13         test_P_all
.2100E+00     2.000  0.841E+01   0.33481E+00   0.00000E+00   0.10000E+00    0.50249E-02 2183.61         test_P_all
.2200E+00     2.000  0.797E+01   0.33128E+00   0.00000E+00   0.10000E+00    0.50249E-02 2118.46         test_P_all
.2300E+00     2.000  0.758E+01   0.32733E+00   0.00000E+00   0.10000E+00    0.50249E-02 2046.61         test_P_all
.2400E+00     2.000  0.722E+01   0.32291E+00   0.00000E+00   0.10000E+00    0.50249E-02 1967.95         test_P_all
.2500E+00     2.000  0.688E+01   0.31806E+00   0.00000E+00   0.10000E+00    0.50249E-02 1883.15         test_P_all
.2600E+00     2.000  0.657E+01   0.31272E+00   0.00000E+00   0.10000E+00    0.50249E-02 1792.08         test_P_all
.2700E+00     2.000  0.629E+01   0.30692E+00   0.00000E+00   0.10000E+00    0.50249E-02 1695.71         test_P_all
.2800E+00     2.000  0.602E+01   0.30066E+00   0.00000E+00   0.10000E+00    0.50249E-02 1594.67         test_P_all
.2900E+00     2.000  0.578E+01   0.29394E+00   0.00000E+00   0.10000E+00    0.50249E-02 1489.67         test_P_all
.3000E+00     2.000  0.555E+01   0.28680E+00   0.00000E+00   0.10000E+00    0.18868E-02 9801.68         test_P_all
.3100E+00     2.000  0.533E+01   0.27924E+00   0.00000E+00   0.10000E+00    0.50249E-02 1272.35         test_P_all
.3200E+00     2.000  0.513E+01   0.27131E+00   0.00000E+00   0.10000E+00    0.50249E-02 1162.25         test_P_all
.3300E+00     2.000  0.494E+01   0.26305E+00   0.00000E+00   0.10000E+00    0.50249E-02 1052.89         test_P_all
.3400E+00     2.000  0.476E+01   0.25451E+00   0.00000E+00   0.10000E+00    0.50249E-02  945.50         test_P_all
.3500E+00     2.000  0.460E+01   0.24575E+00   0.00000E+00   0.10000E+00    0.50249E-02  841.36         test_P_all
.3600E+00     2.000  0.444E+01   0.23685E+00   0.00000E+00   0.10000E+00    0.50249E-02  741.69         test_P_all
.3700E+00     2.000  0.429E+01   0.22787E+00   0.00000E+00   0.10000E+00    0.50249E-02  647.56         test_P_all
.3800E+00     2.000  0.414E+01   0.21890E+00   0.00000E+00   0.10000E+00    0.50249E-02  559.93         test_P_all
.3900E+00     2.000  0.401E+01   0.21005E+00   0.00000E+00   0.10000E+00    0.50249E-02  479.65         test_P_all
.4000E+00     2.000  0.388E+01   0.20141E+00   0.00000E+00   0.10000E+00    0.17692E-02 3285.37         test_P_all
.4100E+00     2.000  0.376E+01   0.19310E+00   0.00000E+00   0.10000E+00    0.50249E-02  343.24         test_P_all
.4200E+00     2.000  0.364E+01   0.18524E+00   0.00000E+00   0.10000E+00    0.50249E-02  287.73         test_P_all
.4300E+00     2.000  0.353E+01   0.17796E+00   0.00000E+00   0.10000E+00    0.50249E-02  240.72         test_P_all
.4400E+00     2.000  0.343E+01   0.17142E+00   0.00000E+00   0.10000E+00    0.50249E-02  202.04         test_P_all
.4500E+00     2.000  0.333E+01   0.16577E+00   0.00000E+00   0.10000E+00    0.50249E-02  171.33         test_P_all
.4600E+00     2.000  0.323E+01   0.16119E+00   0.00000E+00   0.10000E+00    0.50249E-02  148.26         test_P_all
.4700E+00     2.000  0.314E+01   0.15783E+00   0.00000E+00   0.10000E+00    0.50249E-02  132.47         test_P_all
.4800E+00     2.000  0.305E+01   0.15592E+00   0.00000E+00   0.10000E+00    0.50249E-02  123.83         test_P_all
.4900E+00     2.000  0.296E+01   0.15564E+00   0.00000E+00   0.10000E+00    0.50249E-02  122.60         test_P_all
.5000E+00     2.000  0.288E+01   0.15722E+00   0.00000E+00   0.10000E+00    0.17692E-02 1045.98         test_P_all
.5100E+00     2.000  0.280E+01   0.16090E+00   0.00000E+00   0.10000E+00    0.50249E-02  146.86         test_P_all
.5200E+00     2.000  0.273E+01   0.16691E+00   0.00000E+00   0.10000E+00    0.50249E-02  177.33         test_P_all
.5300E+00     2.000  0.266E+01   0.17554E+00   0.00000E+00   0.10000E+00    0.50249E-02  225.97         test_P_all
.5400E+00     2.000  0.259E+01   0.18705E+00   0.00000E+00   0.10000E+00    0.50249E-02  300.09         test_P_all
.5500E+00     2.000  0.252E+01   0.20173E+00   0.00000E+00   0.10000E+00    0.50249E-02  409.89         test_P_all
.5600E+00     2.000  0.245E+01   0.21992E+00   0.00000E+00   0.10000E+00    0.50249E-02  569.51         test_P_all
.5700E+00     2.000  0.239E+01   0.24192E+00   0.00000E+00   0.10000E+00    0.50249E-02  797.66         test_P_all
.5800E+00     2.000  0.233E+01   0.26808E+00   0.00000E+00   0.10000E+00    0.50249E-02 1118.90         test_P_all
.5900E+00     2.000  0.227E+01   0.29878E+00   0.00000E+00   0.10000E+00    0.50249E-02 1564.91         test_P_all
.6000E+00     2.000  0.222E+01   0.33438E+00   0.00000E+00   0.10000E+00    0.17692E-02 *******         test_P_all
.6100E+00     2.000  0.216E+01   0.37531E+00   0.00000E+00   0.10000E+00    0.50249E-02 3001.70         test_P_all
.6200E+00     2.000  0.211E+01   0.42195E+00   0.00000E+00   0.10000E+00    0.50249E-02 4105.13         test_P_all
.6300E+00     2.000  0.206E+01   0.47477E+00   0.00000E+00   0.10000E+00    0.50249E-02 5562.59         test_P_all
.6400E+00     2.000  0.201E+01   0.53423E+00   0.00000E+00   0.10000E+00    0.50249E-02 7467.46         test_P_all
.6500E+00     2.000  0.196E+01   0.60079E+00   0.00000E+00   0.10000E+00    0.50249E-02 9932.29         test_P_all
.6600E+00     2.000  0.191E+01   0.67497E+00   0.00000E+00   0.10000E+00    0.50249E-02 *******         test_P_all
.6700E+00     2.000  0.187E+01   0.75729E+00   0.00000E+00   0.10000E+00    0.50249E-02 *******         test_P_all
.6800E+00     2.000  0.182E+01   0.84830E+00   0.00000E+00   0.10000E+00    0.50249E-02 *******         test_P_all
.6900E+00     2.000  0.178E+01   0.94857E+00   0.00000E+00   0.10000E+00    0.50249E-02 *******         test_P_all
.7000E+00     2.000  0.174E+01   0.10587E+01   0.00000E+00   0.10000E+00    0.17692E-02 *******         test_P_all
.7100E+00     2.000  0.170E+01   0.11793E+01   0.00000E+00   0.10000E+00    0.50249E-02 *******         test_P_all
.7200E+00     2.000  0.166E+01   0.13110E+01   0.00000E+00   0.10000E+00    0.50249E-02 *******         test_P_all
.7300E+00     2.000  0.162E+01   0.14545E+01   0.00000E+00   0.10000E+00    0.50249E-02 *******         test_P_all
.7400E+00     2.000  0.158E+01   0.16104E+01   0.00000E+00   0.10000E+00    0.50249E-02 *******         test_P_all
.7500E+00     2.000  0.155E+01   0.17796E+01   0.00000E+00   0.10000E+00    0.50249E-02 *******         test_P_all
.7600E+00     2.000  0.151E+01   0.19627E+01   0.00000E+00   0.10000E+00    0.50249E-02 *******         test_P_all
.7700E+00     2.000  0.148E+01   0.21605E+01   0.00000E+00   0.10000E+00    0.50249E-02 *******         test_P_all
.7800E+00     2.000  0.145E+01   0.23739E+01   0.00000E+00   0.10000E+00    0.50249E-02 *******         test_P_all
.7900E+00     2.000  0.141E+01   0.26036E+01   0.00000E+00   0.10000E+00    0.50249E-02 *******         test_P_all
.8000E+00     2.000  0.138E+01   0.28505E+01   0.00000E+00   0.10000E+00    0.17692E-02 *******         test_P_all
.8100E+00     2.000  0.135E+01   0.31156E+01   0.00000E+00   0.10000E+00    0.50249E-02 *******         test_P_all
.8200E+00     2.000  0.132E+01   0.33997E+01   0.00000E+00   0.10000E+00    0.50249E-02 *******         test_P_all
.8300E+00     2.000  0.129E+01   0.37037E+01   0.00000E+00   0.10000E+00    0.50249E-02 *******         test_P_all
.8400E+00     2.000  0.126E+01   0.40288E+01   0.00000E+00   0.10000E+00    0.50249E-02 *******         test_P_all
.8500E+00     2.000  0.123E+01   0.43758E+01   0.00000E+00   0.10000E+00    0.50249E-02 *******         test_P_all
.8600E+00     2.000  0.121E+01   0.47459E+01   0.00000E+00   0.10000E+00    0.50249E-02 *******         test_P_all
.8700E+00     2.000  0.118E+01   0.51402E+01   0.00000E+00   0.10000E+00    0.50249E-02 *******         test_P_all
.8800E+00     2.000  0.115E+01   0.55597E+01   0.00000E+00   0.10000E+00    0.50249E-02 *******         test_P_all
.8900E+00     2.000  0.113E+01   0.60056E+01   0.00000E+00   0.10000E+00    0.50249E-02 *******         test_P_all
.9000E+00     2.000  0.110E+01   0.64791E+01   0.00000E+00   0.10000E+00    0.17692E-02 *******         test_P_all
.9100E+00     2.000  0.108E+01   0.69814E+01   0.00000E+00   0.10000E+00    0.50249E-02 *******         test_P_all
.9200E+00     2.000  0.106E+01   0.75138E+01   0.00000E+00   0.10000E+00    0.50249E-02 *******         test_P_all
.9300E+00     2.000  0.103E+01   0.80776E+01   0.00000E+00   0.10000E+00    0.50249E-02 *******         test_P_all
.9400E+00     2.000  0.101E+01   0.86741E+01   0.00000E+00   0.10000E+00    0.50249E-02 *******         test_P_all
.9500E+00     2.000  0.987E+00   0.93048E+01   0.00000E+00   0.10000E+00    0.50249E-02 *******         test_P_all
.9600E+00     2.000  0.965E+00   0.99709E+01   0.00000E+00   0.10000E+00    0.50249E-02 *******         test_P_all
.9700E+00     2.000  0.944E+00   0.10674E+02   0.00000E+00   0.10000E+00    0.50249E-02 *******         test_P_all
.9800E+00     2.000  0.923E+00   0.11416E+02   0.00000E+00   0.10000E+00    0.50249E-02 *******         test_P_all
.9900E+00     2.000  0.902E+00   0.12197E+02   0.00000E+00   0.10000E+00    0.50249E-02 *******         test_P_all
.1000E+01     2.000  0.882E+00   0.13021E+02   0.00000E+00   0.10000E+00    0.50249E-02 *******         test_P_all
.1000E-01     5.000  0.496E+03   0.45629E+00   0.00000E+00   0.10000E+00    0.50249E-02 5027.45         test_P_all
.2000E-01     5.000  0.246E+03   0.41021E+00   0.00000E+00   0.10000E+00    0.50249E-02 3811.09         test_P_all
.3000E-01     5.000  0.163E+03   0.39114E+00   0.00000E+00   0.10000E+00    0.50249E-02 3356.98         test_P_all
.4000E-01     5.000  0.121E+03   0.38478E+00   0.00000E+00   0.10000E+00    0.50249E-02 3211.80         test_P_all
.5000E-01     5.000  0.959E+02   0.38000E+00   0.00000E+00   0.10000E+00    0.50249E-02 3104.88         test_P_all
.6000E-01     5.000  0.792E+02   0.37777E+00   0.00000E+00   0.10000E+00    0.50249E-02 3055.74         test_P_all
.7000E-01     5.000  0.673E+02   0.37532E+00   0.00000E+00   0.10000E+00    0.50249E-02 3002.09         test_P_all
.8000E-01     5.000  0.584E+02   0.37301E+00   0.00000E+00   0.10000E+00    0.50249E-02 2951.84         test_P_all
.9000E-01     5.000  0.514E+02   0.37051E+00   0.00000E+00   0.10000E+00    0.50249E-02 2898.04         test_P_all
.1000E+00     5.000  0.459E+02   0.36783E+00   0.00000E+00   0.10000E+00    0.50249E-02 2840.83         test_P_all
.1100E+00     5.000  0.413E+02   0.36509E+00   0.00000E+00   0.10000E+00    0.50249E-02 2783.13         test_P_all
.1200E+00     5.000  0.375E+02   0.36231E+00   0.00000E+00   0.10000E+00    0.50249E-02 2725.01         test_P_all
.1300E+00     5.000  0.343E+02   0.35943E+00   0.00000E+00   0.10000E+00    0.50249E-02 2665.56         test_P_all
.1400E+00     5.000  0.316E+02   0.35648E+00   0.00000E+00   0.10000E+00    0.50249E-02 2605.31         test_P_all
.1500E+00     5.000  0.292E+02   0.35344E+00   0.00000E+00   0.10000E+00    0.50249E-02 2543.76         test_P_all
.1600E+00     5.000  0.271E+02   0.35025E+00   0.00000E+00   0.10000E+00    0.50249E-02 2480.26         test_P_all
.1700E+00     5.000  0.253E+02   0.34693E+00   0.00000E+00   0.10000E+00    0.50249E-02 2414.78         test_P_all
.1800E+00     5.000  0.237E+02   0.34343E+00   0.00000E+00   0.10000E+00    0.50249E-02 2346.78         test_P_all
.1900E+00     5.000  0.222E+02   0.33971E+00   0.00000E+00   0.10000E+00    0.50249E-02 2275.59         test_P_all
.2000E+00     5.000  0.209E+02   0.33577E+00   0.00000E+00   0.10000E+00    0.50249E-02 2201.51         test_P_all
.2100E+00     5.000  0.197E+02   0.33155E+00   0.00000E+00   0.10000E+00    0.50249E-02 2123.44         test_P_all
.2200E+00     5.000  0.186E+02   0.32708E+00   0.00000E+00   0.10000E+00    0.50249E-02 2042.10         test_P_all
.2300E+00     5.000  0.176E+02   0.32231E+00   0.00000E+00   0.10000E+00    0.50249E-02 1957.36         test_P_all
.2400E+00     5.000  0.167E+02   0.31724E+00   0.00000E+00   0.10000E+00    0.50249E-02 1869.00         test_P_all
.2500E+00     5.000  0.159E+02   0.31186E+00   0.00000E+00   0.10000E+00    0.50249E-02 1777.66         test_P_all
.2600E+00     5.000  0.151E+02   0.30616E+00   0.00000E+00   0.10000E+00    0.50249E-02 1683.24         test_P_all
.2700E+00     5.000  0.144E+02   0.30015E+00   0.00000E+00   0.10000E+00    0.50249E-02 1586.53         test_P_all
.2800E+00     5.000  0.137E+02   0.29383E+00   0.00000E+00   0.10000E+00    0.50249E-02 1488.00         test_P_all
.2900E+00     5.000  0.131E+02   0.28722E+00   0.00000E+00   0.10000E+00    0.50249E-02 1388.16         test_P_all
.3000E+00     5.000  0.125E+02   0.28033E+00   0.00000E+00   0.10000E+00    0.18868E-02 9134.30         test_P_all
.3100E+00     5.000  0.120E+02   0.27317E+00   0.00000E+00   0.10000E+00    0.50249E-02 1187.65         test_P_all
.3200E+00     5.000  0.115E+02   0.26578E+00   0.00000E+00   0.10000E+00    0.50249E-02 1088.39         test_P_all
.3300E+00     5.000  0.110E+02   0.25817E+00   0.00000E+00   0.10000E+00    0.50249E-02  990.83         test_P_all
.3400E+00     5.000  0.106E+02   0.25039E+00   0.00000E+00   0.10000E+00    0.50249E-02  895.71         test_P_all
.3500E+00     5.000  0.102E+02   0.24246E+00   0.00000E+00   0.10000E+00    0.50249E-02  803.73         test_P_all
.3600E+00     5.000  0.977E+01   0.23442E+00   0.00000E+00   0.10000E+00    0.50249E-02  715.64         test_P_all
.3700E+00     5.000  0.940E+01   0.22632E+00   0.00000E+00   0.10000E+00    0.50249E-02  632.00         test_P_all
.3800E+00     5.000  0.904E+01   0.21821E+00   0.00000E+00   0.10000E+00    0.50249E-02  553.36         test_P_all
.3900E+00     5.000  0.870E+01   0.21012E+00   0.00000E+00   0.10000E+00    0.50249E-02  480.23         test_P_all
.4000E+00     5.000  0.838E+01   0.20211E+00   0.00000E+00   0.10000E+00    0.17692E-02 3330.91         test_P_all
.4100E+00     5.000  0.808E+01   0.19424E+00   0.00000E+00   0.10000E+00    0.50249E-02  351.71         test_P_all
.4200E+00     5.000  0.779E+01   0.18656E+00   0.00000E+00   0.10000E+00    0.50249E-02  296.76         test_P_all
.4300E+00     5.000  0.751E+01   0.17915E+00   0.00000E+00   0.10000E+00    0.50249E-02  248.08         test_P_all
.4400E+00     5.000  0.725E+01   0.17206E+00   0.00000E+00   0.10000E+00    0.50249E-02  205.62         test_P_all
.4500E+00     5.000  0.699E+01   0.16536E+00   0.00000E+00   0.10000E+00    0.50249E-02  169.18         test_P_all
.4600E+00     5.000  0.675E+01   0.15914E+00   0.00000E+00   0.10000E+00    0.50249E-02  138.51         test_P_all
.4700E+00     5.000  0.652E+01   0.15347E+00   0.00000E+00   0.10000E+00    0.50249E-02  113.21         test_P_all
.4800E+00     5.000  0.630E+01   0.14843E+00   0.00000E+00   0.10000E+00    0.50249E-02   92.89         test_P_all
.4900E+00     5.000  0.609E+01   0.14412E+00   0.00000E+00   0.10000E+00    0.50249E-02   77.09         test_P_all
.5000E+00     5.000  0.588E+01   0.14063E+00   0.00000E+00   0.10000E+00    0.17692E-02  527.28         test_P_all
.5100E+00     5.000  0.569E+01   0.13805E+00   0.00000E+00   0.10000E+00    0.50249E-02   57.35         test_P_all
.5200E+00     5.000  0.550E+01   0.13650E+00   0.00000E+00   0.10000E+00    0.50249E-02   52.77         test_P_all
.5300E+00     5.000  0.532E+01   0.13609E+00   0.00000E+00   0.10000E+00    0.50249E-02   51.58         test_P_all
.5400E+00     5.000  0.514E+01   0.13692E+00   0.00000E+00   0.10000E+00    0.50249E-02   54.00         test_P_all
.5500E+00     5.000  0.497E+01   0.13913E+00   0.00000E+00   0.10000E+00    0.50249E-02   60.64         test_P_all
.5600E+00     5.000  0.481E+01   0.14284E+00   0.00000E+00   0.10000E+00    0.50249E-02   72.69         test_P_all
.5700E+00     5.000  0.465E+01   0.14819E+00   0.00000E+00   0.10000E+00    0.50249E-02   91.97         test_P_all
.5800E+00     5.000  0.450E+01   0.15531E+00   0.00000E+00   0.10000E+00    0.50249E-02  121.16         test_P_all
.5900E+00     5.000  0.436E+01   0.16436E+00   0.00000E+00   0.10000E+00    0.50249E-02  164.06         test_P_all
.6000E+00     5.000  0.422E+01   0.17549E+00   0.00000E+00   0.10000E+00    0.17692E-02 1820.75         test_P_all
.6100E+00     5.000  0.408E+01   0.18887E+00   0.00000E+00   0.10000E+00    0.50249E-02  312.77         test_P_all
.6200E+00     5.000  0.395E+01   0.20465E+00   0.00000E+00   0.10000E+00    0.50249E-02  433.76         test_P_all
.6300E+00     5.000  0.382E+01   0.22303E+00   0.00000E+00   0.10000E+00    0.50249E-02  599.46         test_P_all
.6400E+00     5.000  0.369E+01   0.24418E+00   0.00000E+00   0.10000E+00    0.50249E-02  823.32         test_P_all
.6500E+00     5.000  0.357E+01   0.26830E+00   0.00000E+00   0.10000E+00    0.50249E-02 1121.80         test_P_all
.6600E+00     5.000  0.346E+01   0.29559E+00   0.00000E+00   0.10000E+00    0.50249E-02 1515.11         test_P_all
.6700E+00     5.000  0.334E+01   0.32626E+00   0.00000E+00   0.10000E+00    0.50249E-02 2027.50         test_P_all
.6800E+00     5.000  0.323E+01   0.36053E+00   0.00000E+00   0.10000E+00    0.50249E-02 2688.10         test_P_all
.6900E+00     5.000  0.313E+01   0.39862E+00   0.00000E+00   0.10000E+00    0.50249E-02 3531.62         test_P_all
.7000E+00     5.000  0.302E+01   0.44077E+00   0.00000E+00   0.10000E+00    0.17692E-02 *******         test_P_all
.7100E+00     5.000  0.292E+01   0.48723E+00   0.00000E+00   0.10000E+00    0.50249E-02 5938.55         test_P_all
.7200E+00     5.000  0.283E+01   0.53825E+00   0.00000E+00   0.10000E+00    0.50249E-02 7606.60         test_P_all
.7300E+00     5.000  0.273E+01   0.59410E+00   0.00000E+00   0.10000E+00    0.50249E-02 9668.87         test_P_all
.7400E+00     5.000  0.264E+01   0.65506E+00   0.00000E+00   0.10000E+00    0.50249E-02 *******         test_P_all
.7500E+00     5.000  0.255E+01   0.72140E+00   0.00000E+00   0.10000E+00    0.50249E-02 *******         test_P_all
.7600E+00     5.000  0.246E+01   0.79343E+00   0.00000E+00   0.10000E+00    0.50249E-02 *******         test_P_all
.7700E+00     5.000  0.238E+01   0.87145E+00   0.00000E+00   0.10000E+00    0.50249E-02 *******         test_P_all
.7800E+00     5.000  0.229E+01   0.95578E+00   0.00000E+00   0.10000E+00    0.50249E-02 *******         test_P_all
.7900E+00     5.000  0.221E+01   0.10468E+01   0.00000E+00   0.10000E+00    0.50249E-02 *******         test_P_all
.8000E+00     5.000  0.213E+01   0.11447E+01   0.00000E+00   0.10000E+00    0.17692E-02 *******         test_P_all
.8100E+00     5.000  0.205E+01   0.12500E+01   0.00000E+00   0.10000E+00    0.50249E-02 *******         test_P_all
.8200E+00     5.000  0.198E+01   0.13630E+01   0.00000E+00   0.10000E+00    0.50249E-02 *******         test_P_all
.8300E+00     5.000  0.191E+01   0.14840E+01   0.00000E+00   0.10000E+00    0.50249E-02 *******         test_P_all
.8400E+00     5.000  0.183E+01   0.16136E+01   0.00000E+00   0.10000E+00    0.50249E-02 *******         test_P_all
.8500E+00     5.000  0.176E+01   0.17520E+01   0.00000E+00   0.10000E+00    0.50249E-02 *******         test_P_all
.8600E+00     5.000  0.170E+01   0.18997E+01   0.00000E+00   0.10000E+00    0.50249E-02 *******         test_P_all
.8700E+00     5.000  0.163E+01   0.20570E+01   0.00000E+00   0.10000E+00    0.50249E-02 *******         test_P_all
.8800E+00     5.000  0.156E+01   0.22246E+01   0.00000E+00   0.10000E+00    0.50249E-02 *******         test_P_all
.8900E+00     5.000  0.150E+01   0.24028E+01   0.00000E+00   0.10000E+00    0.50249E-02 *******         test_P_all
.9000E+00     5.000  0.144E+01   0.25920E+01   0.00000E+00   0.10000E+00    0.17692E-02 *******         test_P_all
.9100E+00     5.000  0.138E+01   0.27928E+01   0.00000E+00   0.10000E+00    0.50249E-02 *******         test_P_all
.9200E+00     5.000  0.132E+01   0.30057E+01   0.00000E+00   0.10000E+00    0.50249E-02 *******         test_P_all
.9300E+00     5.000  0.126E+01   0.32311E+01   0.00000E+00   0.10000E+00    0.50249E-02 *******         test_P_all
.9400E+00     5.000  0.120E+01   0.34697E+01   0.00000E+00   0.10000E+00    0.50249E-02 *******         test_P_all
.9500E+00     5.000  0.114E+01   0.37219E+01   0.00000E+00   0.10000E+00    0.50249E-02 *******         test_P_all
.9600E+00     5.000  0.109E+01   0.39884E+01   0.00000E+00   0.10000E+00    0.50249E-02 *******         test_P_all
.9700E+00     5.000  0.104E+01   0.42696E+01   0.00000E+00   0.10000E+00    0.50249E-02 *******         test_P_all
.9800E+00     5.000  0.984E+00   0.45663E+01   0.00000E+00   0.10000E+00    0.50249E-02 *******         test_P_all
.9900E+00     5.000  0.932E+00   0.48789E+01   0.00000E+00   0.10000E+00    0.50249E-02 *******         test_P_all
.1000E+01     5.000  0.882E+00   0.52082E+01   0.00000E+00   0.10000E+00    0.50249E-02 *******         test_P_all
.1000E-01    10.000  0.991E+03   0.53589E+00   0.00000E+00   0.10000E+00    0.50249E-02 7524.69         test_P_all
.2000E-01    10.000  0.491E+03   0.46664E+00   0.00000E+00   0.10000E+00    0.50249E-02 5323.82         test_P_all
.3000E-01    10.000  0.324E+03   0.43422E+00   0.00000E+00   0.10000E+00    0.50249E-02 4423.76         test_P_all
.4000E-01    10.000  0.241E+03   0.41972E+00   0.00000E+00   0.10000E+00    0.50249E-02 4048.30         test_P_all
.5000E-01    10.000  0.191E+03   0.40789E+00   0.00000E+00   0.10000E+00    0.50249E-02 3754.33         test_P_all
.6000E-01    10.000  0.158E+03   0.40051E+00   0.00000E+00   0.10000E+00    0.50249E-02 3576.53         test_P_all
.7000E-01    10.000  0.134E+03   0.39358E+00   0.00000E+00   0.10000E+00    0.50249E-02 3413.47         test_P_all
.8000E-01    10.000  0.116E+03   0.38769E+00   0.00000E+00   0.10000E+00    0.50249E-02 3277.76         test_P_all
.9000E-01    10.000  0.102E+03   0.38209E+00   0.00000E+00   0.10000E+00    0.50249E-02 3151.47         test_P_all
.1000E+00    10.000  0.909E+02   0.37686E+00   0.00000E+00   0.10000E+00    0.50249E-02 3035.80         test_P_all
.1100E+00    10.000  0.818E+02   0.37180E+00   0.00000E+00   0.10000E+00    0.50249E-02 2925.69         test_P_all
.1200E+00    10.000  0.742E+02   0.36706E+00   0.00000E+00   0.10000E+00    0.50249E-02 2824.57         test_P_all
.1300E+00    10.000  0.678E+02   0.36246E+00   0.00000E+00   0.10000E+00    0.50249E-02 2728.17         test_P_all
.1400E+00    10.000  0.623E+02   0.35794E+00   0.00000E+00   0.10000E+00    0.50249E-02 2634.88         test_P_all
.1500E+00    10.000  0.575E+02   0.35348E+00   0.00000E+00   0.10000E+00    0.50249E-02 2544.63         test_P_all
.1600E+00    10.000  0.534E+02   0.34898E+00   0.00000E+00   0.10000E+00    0.50249E-02 2455.00         test_P_all
.1700E+00    10.000  0.497E+02   0.34444E+00   0.00000E+00   0.10000E+00    0.50249E-02 2366.30         test_P_all
.1800E+00    10.000  0.464E+02   0.33981E+00   0.00000E+00   0.10000E+00    0.50249E-02 2277.62         test_P_all
.1900E+00    10.000  0.435E+02   0.33504E+00   0.00000E+00   0.10000E+00    0.50249E-02 2187.96         test_P_all
.2000E+00    10.000  0.409E+02   0.33015E+00   0.00000E+00   0.10000E+00    0.50249E-02 2097.70         test_P_all
.2100E+00    10.000  0.385E+02   0.32504E+00   0.00000E+00   0.10000E+00    0.50249E-02 2005.64         test_P_all
.2200E+00    10.000  0.363E+02   0.31974E+00   0.00000E+00   0.10000E+00    0.50249E-02 1912.36         test_P_all
.2300E+00    10.000  0.344E+02   0.31424E+00   0.00000E+00   0.10000E+00    0.50249E-02 1817.76         test_P_all
.2400E+00    10.000  0.325E+02   0.30850E+00   0.00000E+00   0.10000E+00    0.50249E-02 1721.71         test_P_all
.2500E+00    10.000  0.309E+02   0.30255E+00   0.00000E+00   0.10000E+00    0.50249E-02 1624.79         test_P_all
.2600E+00    10.000  0.293E+02   0.29635E+00   0.00000E+00   0.10000E+00    0.50249E-02 1526.90         test_P_all
.2700E+00    10.000  0.279E+02   0.28994E+00   0.00000E+00   0.10000E+00    0.50249E-02 1428.75         test_P_all
.2800E+00    10.000  0.266E+02   0.28331E+00   0.00000E+00   0.10000E+00    0.50249E-02 1330.82         test_P_all
.2900E+00    10.000  0.254E+02   0.27647E+00   0.00000E+00   0.10000E+00    0.50249E-02 1233.39         test_P_all
.3000E+00    10.000  0.242E+02   0.26944E+00   0.00000E+00   0.10000E+00    0.18868E-02 8064.93         test_P_all
.3100E+00    10.000  0.231E+02   0.26223E+00   0.00000E+00   0.10000E+00    0.50249E-02 1042.35         test_P_all
.3200E+00    10.000  0.221E+02   0.25486E+00   0.00000E+00   0.10000E+00    0.50249E-02  949.78         test_P_all
.3300E+00    10.000  0.212E+02   0.24735E+00   0.00000E+00   0.10000E+00    0.50249E-02  859.90         test_P_all
.3400E+00    10.000  0.203E+02   0.23973E+00   0.00000E+00   0.10000E+00    0.50249E-02  773.23         test_P_all
.3500E+00    10.000  0.195E+02   0.23201E+00   0.00000E+00   0.10000E+00    0.50249E-02  690.20         test_P_all
.3600E+00    10.000  0.187E+02   0.22424E+00   0.00000E+00   0.10000E+00    0.50249E-02  611.31         test_P_all
.3700E+00    10.000  0.179E+02   0.21643E+00   0.00000E+00   0.10000E+00    0.50249E-02  536.88         test_P_all
.3800E+00    10.000  0.172E+02   0.20862E+00   0.00000E+00   0.10000E+00    0.50249E-02  467.26         test_P_all
.3900E+00    10.000  0.165E+02   0.20084E+00   0.00000E+00   0.10000E+00    0.50249E-02  402.71         test_P_all
.4000E+00    10.000  0.159E+02   0.19312E+00   0.00000E+00   0.10000E+00    0.17692E-02 2770.19         test_P_all
.4100E+00    10.000  0.153E+02   0.18549E+00   0.00000E+00   0.10000E+00    0.50249E-02  289.48         test_P_all
.4200E+00    10.000  0.147E+02   0.17800E+00   0.00000E+00   0.10000E+00    0.50249E-02  240.96         test_P_all
.4300E+00    10.000  0.141E+02   0.17068E+00   0.00000E+00   0.10000E+00    0.50249E-02  197.84         test_P_all
.4400E+00    10.000  0.136E+02   0.16356E+00   0.00000E+00   0.10000E+00    0.50249E-02  160.02         test_P_all
.4500E+00    10.000  0.131E+02   0.15670E+00   0.00000E+00   0.10000E+00    0.50249E-02  127.31         test_P_all
.4600E+00    10.000  0.126E+02   0.15013E+00   0.00000E+00   0.10000E+00    0.50249E-02   99.51         test_P_all
.4700E+00    10.000  0.122E+02   0.14389E+00   0.00000E+00   0.10000E+00    0.50249E-02   76.29         test_P_all
.4800E+00    10.000  0.117E+02   0.13803E+00   0.00000E+00   0.10000E+00    0.50249E-02   57.29         test_P_all
.4900E+00    10.000  0.113E+02   0.13261E+00   0.00000E+00   0.10000E+00    0.50249E-02   42.13         test_P_all
.5000E+00    10.000  0.109E+02   0.12767E+00   0.00000E+00   0.10000E+00    0.17692E-02  244.67         test_P_all
.5100E+00    10.000  0.105E+02   0.12327E+00   0.00000E+00   0.10000E+00    0.50249E-02   21.45         test_P_all
.5200E+00    10.000  0.101E+02   0.11946E+00   0.00000E+00   0.10000E+00    0.50249E-02   15.00         test_P_all
.5300E+00    10.000  0.975E+01   0.11630E+00   0.00000E+00   0.10000E+00    0.50249E-02   10.52         test_P_all
.5400E+00    10.000  0.940E+01   0.11385E+00   0.00000E+00   0.10000E+00    0.50249E-02    7.60         test_P_all
.5500E+00    10.000  0.906E+01   0.11218E+00   0.00000E+00   0.10000E+00    0.50249E-02    5.87         test_P_all
.5600E+00    10.000  0.874E+01   0.11134E+00   0.00000E+00   0.10000E+00    0.50249E-02    5.10         test_P_all
.5700E+00    10.000  0.843E+01   0.11142E+00   0.00000E+00   0.10000E+00    0.50249E-02    5.16         test_P_all
.5800E+00    10.000  0.812E+01   0.11248E+00   0.00000E+00   0.10000E+00    0.50249E-02    6.16         test_P_all
.5900E+00    10.000  0.783E+01   0.11459E+00   0.00000E+00   0.10000E+00    0.50249E-02    8.43         test_P_all
.6000E+00    10.000  0.755E+01   0.11784E+00   0.00000E+00   0.10000E+00    0.17692E-02  101.71         test_P_all
.6100E+00    10.000  0.728E+01   0.12231E+00   0.00000E+00   0.10000E+00    0.50249E-02   19.72         test_P_all
.6200E+00    10.000  0.701E+01   0.12809E+00   0.00000E+00   0.10000E+00    0.50249E-02   31.24         test_P_all
.6300E+00    10.000  0.675E+01   0.13525E+00   0.00000E+00   0.10000E+00    0.50249E-02   49.21         test_P_all
.6400E+00    10.000  0.651E+01   0.14390E+00   0.00000E+00   0.10000E+00    0.50249E-02   76.32         test_P_all
.6500E+00    10.000  0.627E+01   0.15413E+00   0.00000E+00   0.10000E+00    0.50249E-02  116.03         test_P_all
.6600E+00    10.000  0.603E+01   0.16604E+00   0.00000E+00   0.10000E+00    0.50249E-02  172.72         test_P_all
.6700E+00    10.000  0.581E+01   0.17973E+00   0.00000E+00   0.10000E+00    0.50249E-02  251.78         test_P_all
.6800E+00    10.000  0.559E+01   0.19532E+00   0.00000E+00   0.10000E+00    0.50249E-02  359.84         test_P_all
.6900E+00    10.000  0.537E+01   0.21291E+00   0.00000E+00   0.10000E+00    0.50249E-02  504.93         test_P_all
.7000E+00    10.000  0.517E+01   0.23263E+00   0.00000E+00   0.10000E+00    0.17692E-02 5619.71         test_P_all
.7100E+00    10.000  0.497E+01   0.25458E+00   0.00000E+00   0.10000E+00    0.50249E-02  946.39         test_P_all
.7200E+00    10.000  0.477E+01   0.27891E+00   0.00000E+00   0.10000E+00    0.50249E-02 1267.68         test_P_all
.7300E+00    10.000  0.458E+01   0.30574E+00   0.00000E+00   0.10000E+00    0.50249E-02 1676.32         test_P_all
.7400E+00    10.000  0.440E+01   0.33520E+00   0.00000E+00   0.10000E+00    0.50249E-02 2190.78         test_P_all
.7500E+00    10.000  0.422E+01   0.36743E+00   0.00000E+00   0.10000E+00    0.50249E-02 2832.45         test_P_all
.7600E+00    10.000  0.404E+01   0.40259E+00   0.00000E+00   0.10000E+00    0.50249E-02 3626.12         test_P_all
.7700E+00    10.000  0.387E+01   0.44082E+00   0.00000E+00   0.10000E+00    0.50249E-02 4600.22         test_P_all
.7800E+00    10.000  0.370E+01   0.48227E+00   0.00000E+00   0.10000E+00    0.50249E-02 5787.40         test_P_all
.7900E+00    10.000  0.354E+01   0.52712E+00   0.00000E+00   0.10000E+00    0.50249E-02 7224.92         test_P_all
.8000E+00    10.000  0.338E+01   0.57552E+00   0.00000E+00   0.10000E+00    0.17692E-02 *******         test_P_all
.8100E+00    10.000  0.323E+01   0.62765E+00   0.00000E+00   0.10000E+00    0.50249E-02 *******         test_P_all
.8200E+00    10.000  0.308E+01   0.68369E+00   0.00000E+00   0.10000E+00    0.50249E-02 *******         test_P_all
.8300E+00    10.000  0.293E+01   0.74383E+00   0.00000E+00   0.10000E+00    0.50249E-02 *******         test_P_all
.8400E+00    10.000  0.279E+01   0.80824E+00   0.00000E+00   0.10000E+00    0.50249E-02 *******         test_P_all
.8500E+00    10.000  0.265E+01   0.87715E+00   0.00000E+00   0.10000E+00    0.50249E-02 *******         test_P_all
.8600E+00    10.000  0.251E+01   0.95073E+00   0.00000E+00   0.10000E+00    0.50249E-02 *******         test_P_all
.8700E+00    10.000  0.238E+01   0.10292E+01   0.00000E+00   0.10000E+00    0.50249E-02 *******         test_P_all
.8800E+00    10.000  0.225E+01   0.11128E+01   0.00000E+00   0.10000E+00    0.50249E-02 *******         test_P_all
.8900E+00    10.000  0.212E+01   0.12018E+01   0.00000E+00   0.10000E+00    0.50249E-02 *******         test_P_all
.9000E+00    10.000  0.199E+01   0.12963E+01   0.00000E+00   0.10000E+00    0.17692E-02 *******         test_P_all
.9100E+00    10.000  0.187E+01   0.13966E+01   0.00000E+00   0.10000E+00    0.50249E-02 *******         test_P_all
.9200E+00    10.000  0.175E+01   0.15030E+01   0.00000E+00   0.10000E+00    0.50249E-02 *******         test_P_all
.9300E+00    10.000  0.163E+01   0.16156E+01   0.00000E+00   0.10000E+00    0.50249E-02 *******         test_P_all
.9400E+00    10.000  0.152E+01   0.17349E+01   0.00000E+00   0.10000E+00    0.50249E-02 *******         test_P_all
.9500E+00    10.000  0.141E+01   0.18610E+01   0.00000E+00   0.10000E+00    0.50249E-02 *******         test_P_all
.9600E+00    10.000  0.130E+01   0.19942E+01   0.00000E+00   0.10000E+00    0.50249E-02 *******         test_P_all
.9700E+00    10.000  0.119E+01   0.21348E+01   0.00000E+00   0.10000E+00    0.50249E-02 *******         test_P_all
.9800E+00    10.000  0.109E+01   0.22831E+01   0.00000E+00   0.10000E+00    0.50249E-02 *******         test_P_all
.9900E+00    10.000  0.983E+00   0.24395E+01   0.00000E+00   0.10000E+00    0.50249E-02 *******         test_P_all
.1000E+01    10.000  0.882E+00   0.26041E+01   0.00000E+00   0.10000E+00    0.50249E-02 *******         test_P_all
.1000E-01    20.000  0.198E+04   0.61451E+00   0.00000E+00   0.10000E+00    0.50249E-02 *******         test_P_all
.2000E-01    20.000  0.981E+03   0.51983E+00   0.00000E+00   0.10000E+00    0.50249E-02 6980.61         test_P_all
.3000E-01    20.000  0.648E+03   0.47331E+00   0.00000E+00   0.10000E+00    0.50249E-02 5519.09         test_P_all
.4000E-01    20.000  0.481E+03   0.45067E+00   0.00000E+00   0.10000E+00    0.50249E-02 4870.08         test_P_all
.5000E-01    20.000  0.381E+03   0.43189E+00   0.00000E+00   0.10000E+00    0.50249E-02 4362.30         test_P_all
.6000E-01    20.000  0.314E+03   0.41957E+00   0.00000E+00   0.10000E+00    0.50249E-02 4044.44         test_P_all
.7000E-01    20.000  0.267E+03   0.40833E+00   0.00000E+00   0.10000E+00    0.50249E-02 3765.13         test_P_all
.8000E-01    20.000  0.231E+03   0.39923E+00   0.00000E+00   0.10000E+00    0.50249E-02 3546.09         test_P_all
.9000E-01    20.000  0.203E+03   0.39089E+00   0.00000E+00   0.10000E+00    0.50249E-02 3351.20         test_P_all
.1000E+00    20.000  0.181E+03   0.38343E+00   0.00000E+00   0.10000E+00    0.50249E-02 3181.49         test_P_all
.1100E+00    20.000  0.163E+03   0.37644E+00   0.00000E+00   0.10000E+00    0.50249E-02 3026.49         test_P_all
.1200E+00    20.000  0.148E+03   0.36993E+00   0.00000E+00   0.10000E+00    0.50249E-02 2885.57         test_P_all
.1300E+00    20.000  0.135E+03   0.36376E+00   0.00000E+00   0.10000E+00    0.50249E-02 2755.30         test_P_all
.1400E+00    20.000  0.124E+03   0.35780E+00   0.00000E+00   0.10000E+00    0.50249E-02 2632.18         test_P_all
.1500E+00    20.000  0.114E+03   0.35206E+00   0.00000E+00   0.10000E+00    0.50249E-02 2516.13         test_P_all
.1600E+00    20.000  0.106E+03   0.34634E+00   0.00000E+00   0.10000E+00    0.50249E-02 2403.33         test_P_all
.1700E+00    20.000  0.985E+02   0.34068E+00   0.00000E+00   0.10000E+00    0.50249E-02 2294.20         test_P_all
.1800E+00    20.000  0.920E+02   0.33502E+00   0.00000E+00   0.10000E+00    0.50249E-02 2187.47         test_P_all
.1900E+00    20.000  0.861E+02   0.32928E+00   0.00000E+00   0.10000E+00    0.50249E-02 2081.86         test_P_all
.2000E+00    20.000  0.809E+02   0.32347E+00   0.00000E+00   0.10000E+00    0.50249E-02 1977.76         test_P_all
.2100E+00    20.000  0.761E+02   0.31752E+00   0.00000E+00   0.10000E+00    0.50249E-02 1873.85         test_P_all
.2200E+00    20.000  0.718E+02   0.31145E+00   0.00000E+00   0.10000E+00    0.50249E-02 1770.67         test_P_all
.2300E+00    20.000  0.678E+02   0.30523E+00   0.00000E+00   0.10000E+00    0.50249E-02 1668.10         test_P_all
.2400E+00    20.000  0.642E+02   0.29885E+00   0.00000E+00   0.10000E+00    0.50249E-02 1565.98         test_P_all
.2500E+00    20.000  0.609E+02   0.29232E+00   0.00000E+00   0.10000E+00    0.50249E-02 1464.81         test_P_all
.2600E+00    20.000  0.578E+02   0.28562E+00   0.00000E+00   0.10000E+00    0.50249E-02 1364.53         test_P_all
.2700E+00    20.000  0.550E+02   0.27877E+00   0.00000E+00   0.10000E+00    0.50249E-02 1265.66         test_P_all
.2800E+00    20.000  0.523E+02   0.27177E+00   0.00000E+00   0.10000E+00    0.50249E-02 1168.51         test_P_all
.2900E+00    20.000  0.498E+02   0.26463E+00   0.00000E+00   0.10000E+00    0.50249E-02 1073.38         test_P_all
.3000E+00    20.000  0.475E+02   0.25736E+00   0.00000E+00   0.10000E+00    0.18868E-02 6955.88         test_P_all
.3100E+00    20.000  0.454E+02   0.25000E+00   0.00000E+00   0.10000E+00    0.50249E-02  891.03         test_P_all
.3200E+00    20.000  0.434E+02   0.24253E+00   0.00000E+00   0.10000E+00    0.50249E-02  804.57         test_P_all
.3300E+00    20.000  0.415E+02   0.23499E+00   0.00000E+00   0.10000E+00    0.50249E-02  721.69         test_P_all
.3400E+00    20.000  0.397E+02   0.22739E+00   0.00000E+00   0.10000E+00    0.50249E-02  642.73         test_P_all
.3500E+00    20.000  0.380E+02   0.21975E+00   0.00000E+00   0.10000E+00    0.50249E-02  567.96         test_P_all
.3600E+00    20.000  0.364E+02   0.21210E+00   0.00000E+00   0.10000E+00    0.50249E-02  497.67         test_P_all
.3700E+00    20.000  0.349E+02   0.20445E+00   0.00000E+00   0.10000E+00    0.50249E-02  432.04         test_P_all
.3800E+00    20.000  0.335E+02   0.19682E+00   0.00000E+00   0.10000E+00    0.50249E-02  371.23         test_P_all
.3900E+00    20.000  0.322E+02   0.18924E+00   0.00000E+00   0.10000E+00    0.50249E-02  315.38         test_P_all
.4000E+00    20.000  0.309E+02   0.18172E+00   0.00000E+00   0.10000E+00    0.17692E-02 2133.75         test_P_all
.4100E+00    20.000  0.297E+02   0.17430E+00   0.00000E+00   0.10000E+00    0.50249E-02  218.66         test_P_all
.4200E+00    20.000  0.285E+02   0.16700E+00   0.00000E+00   0.10000E+00    0.50249E-02  177.78         test_P_all
.4300E+00    20.000  0.274E+02   0.15983E+00   0.00000E+00   0.10000E+00    0.50249E-02  141.78         test_P_all
.4400E+00    20.000  0.263E+02   0.15283E+00   0.00000E+00   0.10000E+00    0.50249E-02  110.54         test_P_all
.4500E+00    20.000  0.253E+02   0.14601E+00   0.00000E+00   0.10000E+00    0.50249E-02   83.85         test_P_all
.4600E+00    20.000  0.244E+02   0.13941E+00   0.00000E+00   0.10000E+00    0.50249E-02   61.53         test_P_all
.4700E+00    20.000  0.234E+02   0.13305E+00   0.00000E+00   0.10000E+00    0.50249E-02   43.27         test_P_all
.4800E+00    20.000  0.225E+02   0.12696E+00   0.00000E+00   0.10000E+00    0.50249E-02   28.78         test_P_all
.4900E+00    20.000  0.217E+02   0.12115E+00   0.00000E+00   0.10000E+00    0.50249E-02   17.72         test_P_all
.5000E+00    20.000  0.209E+02   0.11567E+00   0.00000E+00   0.10000E+00    0.17692E-02   78.47         test_P_all
.5100E+00    20.000  0.201E+02   0.11054E+00   0.00000E+00   0.10000E+00    0.50249E-02    4.40         test_P_all
.5200E+00    20.000  0.193E+02   0.10580E+00   0.00000E+00   0.10000E+00    0.50249E-02    1.33         test_P_all
.5300E+00    20.000  0.186E+02   0.10146E+00   0.00000E+00   0.10000E+00    0.50249E-02    0.08         test_P_all
.5400E+00    20.000  0.179E+02   0.97568E-01   0.00000E+00   0.10000E+00    0.50249E-02   -0.23         test_P_all
.5500E+00    20.000  0.172E+02   0.94153E-01   0.00000E+00   0.10000E+00    0.50249E-02   -1.35         test_P_all
.5600E+00    20.000  0.166E+02   0.91252E-01   0.00000E+00   0.10000E+00    0.50249E-02   -3.03         test_P_all
.5700E+00    20.000  0.160E+02   0.88899E-01   0.00000E+00   0.10000E+00    0.50249E-02   -4.88         test_P_all
.5800E+00    20.000  0.154E+02   0.87129E-01   0.00000E+00   0.10000E+00    0.50249E-02   -6.56         test_P_all
.5900E+00    20.000  0.148E+02   0.85984E-01   0.00000E+00   0.10000E+00    0.50249E-02   -7.78         test_P_all
.6000E+00    20.000  0.142E+02   0.85499E-01   0.00000E+00   0.10000E+00    0.17692E-02  -67.18         test_P_all
.6100E+00    20.000  0.137E+02   0.85720E-01   0.00000E+00   0.10000E+00    0.50249E-02   -8.08         test_P_all
.6200E+00    20.000  0.131E+02   0.86685E-01   0.00000E+00   0.10000E+00    0.50249E-02   -7.02         test_P_all
.6300E+00    20.000  0.126E+02   0.88439E-01   0.00000E+00   0.10000E+00    0.50249E-02   -5.29         test_P_all
.6400E+00    20.000  0.121E+02   0.91029E-01   0.00000E+00   0.10000E+00    0.50249E-02   -3.19         test_P_all
.6500E+00    20.000  0.117E+02   0.94500E-01   0.00000E+00   0.10000E+00    0.50249E-02   -1.20         test_P_all
.6600E+00    20.000  0.112E+02   0.98904E-01   0.00000E+00   0.10000E+00    0.50249E-02   -0.05         test_P_all
.6700E+00    20.000  0.107E+02   0.10429E+00   0.00000E+00   0.10000E+00    0.50249E-02    0.73         test_P_all
.6800E+00    20.000  0.103E+02   0.11071E+00   0.00000E+00   0.10000E+00    0.50249E-02    4.54         test_P_all
.6900E+00    20.000  0.987E+01   0.11822E+00   0.00000E+00   0.10000E+00    0.50249E-02   13.14         test_P_all
.7000E+00    20.000  0.945E+01   0.12687E+00   0.00000E+00   0.10000E+00    0.17692E-02  230.65         test_P_all
.7100E+00    20.000  0.905E+01   0.13673E+00   0.00000E+00   0.10000E+00    0.50249E-02   53.42         test_P_all
.7200E+00    20.000  0.866E+01   0.14785E+00   0.00000E+00   0.10000E+00    0.50249E-02   90.68         test_P_all
.7300E+00    20.000  0.828E+01   0.16030E+00   0.00000E+00   0.10000E+00    0.50249E-02  144.01         test_P_all
.7400E+00    20.000  0.791E+01   0.17414E+00   0.00000E+00   0.10000E+00    0.50249E-02  217.72         test_P_all
.7500E+00    20.000  0.755E+01   0.18945E+00   0.00000E+00   0.10000E+00    0.50249E-02  316.87         test_P_all
.7600E+00    20.000  0.720E+01   0.20628E+00   0.00000E+00   0.10000E+00    0.50249E-02  447.38         test_P_all
.7700E+00    20.000  0.686E+01   0.22472E+00   0.00000E+00   0.10000E+00    0.50249E-02  616.07         test_P_all
.7800E+00    20.000  0.652E+01   0.24484E+00   0.00000E+00   0.10000E+00    0.50249E-02  830.82         test_P_all
.7900E+00    20.000  0.620E+01   0.26671E+00   0.00000E+00   0.10000E+00    0.50249E-02 1100.71         test_P_all
.8000E+00    20.000  0.588E+01   0.29042E+00   0.00000E+00   0.10000E+00    0.17692E-02 *******         test_P_all
.8100E+00    20.000  0.557E+01   0.31605E+00   0.00000E+00   0.10000E+00    0.50249E-02 1848.63         test_P_all
.8200E+00    20.000  0.527E+01   0.34369E+00   0.00000E+00   0.10000E+00    0.50249E-02 2351.80         test_P_all
.8300E+00    20.000  0.498E+01   0.37342E+00   0.00000E+00   0.10000E+00    0.50249E-02 2960.67         test_P_all
.8400E+00    20.000  0.469E+01   0.40534E+00   0.00000E+00   0.10000E+00    0.50249E-02 3692.28         test_P_all
.8500E+00    20.000  0.441E+01   0.43954E+00   0.00000E+00   0.10000E+00    0.50249E-02 4565.77         test_P_all
.8600E+00    20.000  0.414E+01   0.47612E+00   0.00000E+00   0.10000E+00    0.50249E-02 5602.62         test_P_all
.8700E+00    20.000  0.387E+01   0.51519E+00   0.00000E+00   0.10000E+00    0.50249E-02 6826.91         test_P_all
.8800E+00    20.000  0.361E+01   0.55684E+00   0.00000E+00   0.10000E+00    0.50249E-02 8265.49         test_P_all
.8900E+00    20.000  0.335E+01   0.60119E+00   0.00000E+00   0.10000E+00    0.50249E-02 9948.27         test_P_all
.9000E+00    20.000  0.310E+01   0.64835E+00   0.00000E+00   0.10000E+00    0.17692E-02 *******         test_P_all
.9100E+00    20.000  0.286E+01   0.69844E+00   0.00000E+00   0.10000E+00    0.50249E-02 *******         test_P_all
.9200E+00    20.000  0.262E+01   0.75157E+00   0.00000E+00   0.10000E+00    0.50249E-02 *******         test_P_all
.9300E+00    20.000  0.239E+01   0.80788E+00   0.00000E+00   0.10000E+00    0.50249E-02 *******         test_P_all
.9400E+00    20.000  0.216E+01   0.86748E+00   0.00000E+00   0.10000E+00    0.50249E-02 *******         test_P_all
.9500E+00    20.000  0.193E+01   0.93051E+00   0.00000E+00   0.10000E+00    0.50249E-02 *******         test_P_all
.9600E+00    20.000  0.172E+01   0.99710E+00   0.00000E+00   0.10000E+00    0.50249E-02 *******         test_P_all
.9700E+00    20.000  0.150E+01   0.10674E+01   0.00000E+00   0.10000E+00    0.50249E-02 *******         test_P_all
.9800E+00    20.000  0.129E+01   0.11416E+01   0.00000E+00   0.10000E+00    0.50249E-02 *******         test_P_all
.9900E+00    20.000  0.108E+01   0.12197E+01   0.00000E+00   0.10000E+00    0.50249E-02 *******         test_P_all
.1000E+01    20.000  0.882E+00   0.13021E+01   0.00000E+00   0.10000E+00    0.50249E-02 *******         test_P_all
.1000E+00    50.000  0.451E+03   0.38899E+00   0.00000E+00   0.10000E+00    0.50249E-02 3307.53         test_P_all
.1100E+00    50.000  0.405E+03   0.37966E+00   0.00000E+00   0.10000E+00    0.50249E-02 3097.43         test_P_all
.1200E+00    50.000  0.368E+03   0.37114E+00   0.00000E+00   0.10000E+00    0.50249E-02 2911.54         test_P_all
.1300E+00    50.000  0.335E+03   0.36320E+00   0.00000E+00   0.10000E+00    0.50249E-02 2743.61         test_P_all
.1400E+00    50.000  0.308E+03   0.35563E+00   0.00000E+00   0.10000E+00    0.50249E-02 2587.91         test_P_all
.1500E+00    50.000  0.284E+03   0.34842E+00   0.00000E+00   0.10000E+00    0.50249E-02 2444.12         test_P_all
.1600E+00    50.000  0.263E+03   0.34135E+00   0.00000E+00   0.10000E+00    0.50249E-02 2306.95         test_P_all
.1700E+00    50.000  0.245E+03   0.33444E+00   0.00000E+00   0.10000E+00    0.50249E-02 2176.77         test_P_all
.1800E+00    50.000  0.229E+03   0.32762E+00   0.00000E+00   0.10000E+00    0.50249E-02 2051.85         test_P_all
.1900E+00    50.000  0.214E+03   0.32079E+00   0.00000E+00   0.10000E+00    0.50249E-02 1930.62         test_P_all
.2000E+00    50.000  0.201E+03   0.31398E+00   0.00000E+00   0.10000E+00    0.50249E-02 1813.34         test_P_all
.2100E+00    50.000  0.189E+03   0.30710E+00   0.00000E+00   0.10000E+00    0.50249E-02 1698.56         test_P_all
.2200E+00    50.000  0.178E+03   0.30016E+00   0.00000E+00   0.10000E+00    0.50249E-02 1586.75         test_P_all
.2300E+00    50.000  0.168E+03   0.29316E+00   0.00000E+00   0.10000E+00    0.50249E-02 1477.68         test_P_all
.2400E+00    50.000  0.159E+03   0.28607E+00   0.00000E+00   0.10000E+00    0.50249E-02 1371.14         test_P_all
.2500E+00    50.000  0.151E+03   0.27890E+00   0.00000E+00   0.10000E+00    0.50249E-02 1267.52         test_P_all
.2600E+00    50.000  0.143E+03   0.27164E+00   0.00000E+00   0.10000E+00    0.50249E-02 1166.68         test_P_all
.2700E+00    50.000  0.136E+03   0.26429E+00   0.00000E+00   0.10000E+00    0.50249E-02 1069.02         test_P_all
.2800E+00    50.000  0.129E+03   0.25688E+00   0.00000E+00   0.10000E+00    0.50249E-02  974.72         test_P_all
.2900E+00    50.000  0.123E+03   0.24940E+00   0.00000E+00   0.10000E+00    0.50249E-02  883.99         test_P_all
.3000E+00    50.000  0.118E+03   0.24187E+00   0.00000E+00   0.10000E+00    0.18868E-02 5653.63         test_P_all
.3100E+00    50.000  0.112E+03   0.23430E+00   0.00000E+00   0.10000E+00    0.50249E-02  714.27         test_P_all
.3200E+00    50.000  0.107E+03   0.22669E+00   0.00000E+00   0.10000E+00    0.50249E-02  635.71         test_P_all
.3300E+00    50.000  0.102E+03   0.21908E+00   0.00000E+00   0.10000E+00    0.50249E-02  561.60         test_P_all
.3400E+00    50.000  0.979E+02   0.21147E+00   0.00000E+00   0.10000E+00    0.50249E-02  492.10         test_P_all
.3500E+00    50.000  0.937E+02   0.20387E+00   0.00000E+00   0.10000E+00    0.50249E-02  427.32         test_P_all
.3600E+00    50.000  0.898E+02   0.19631E+00   0.00000E+00   0.10000E+00    0.50249E-02  367.38         test_P_all
.3700E+00    50.000  0.860E+02   0.18880E+00   0.00000E+00   0.10000E+00    0.50249E-02  312.29         test_P_all
.3800E+00    50.000  0.825E+02   0.18135E+00   0.00000E+00   0.10000E+00    0.50249E-02  262.07         test_P_all
.3900E+00    50.000  0.791E+02   0.17398E+00   0.00000E+00   0.10000E+00    0.50249E-02  216.73         test_P_all
.4000E+00    50.000  0.759E+02   0.16670E+00   0.00000E+00   0.10000E+00    0.17692E-02 1421.21         test_P_all
.4100E+00    50.000  0.728E+02   0.15953E+00   0.00000E+00   0.10000E+00    0.50249E-02  140.33         test_P_all
.4200E+00    50.000  0.699E+02   0.15248E+00   0.00000E+00   0.10000E+00    0.50249E-02  109.06         test_P_all
.4300E+00    50.000  0.672E+02   0.14556E+00   0.00000E+00   0.10000E+00    0.50249E-02   82.22         test_P_all
.4400E+00    50.000  0.645E+02   0.13880E+00   0.00000E+00   0.10000E+00    0.50249E-02   59.62         test_P_all
.4500E+00    50.000  0.620E+02   0.13220E+00   0.00000E+00   0.10000E+00    0.50249E-02   41.05         test_P_all
.4600E+00    50.000  0.596E+02   0.12577E+00   0.00000E+00   0.10000E+00    0.50249E-02   26.31         test_P_all
.4700E+00    50.000  0.573E+02   0.11954E+00   0.00000E+00   0.10000E+00    0.50249E-02   15.12         test_P_all
.4800E+00    50.000  0.550E+02   0.11351E+00   0.00000E+00   0.10000E+00    0.50249E-02    7.23         test_P_all
.4900E+00    50.000  0.529E+02   0.10770E+00   0.00000E+00   0.10000E+00    0.50249E-02    2.35         test_P_all
.5000E+00    50.000  0.509E+02   0.10212E+00   0.00000E+00   0.10000E+00    0.17692E-02    1.44         test_P_all
.5100E+00    50.000  0.489E+02   0.96787E-01   0.00000E+00   0.10000E+00    0.50249E-02   -0.41         test_P_all
.5200E+00    50.000  0.470E+02   0.91712E-01   0.00000E+00   0.10000E+00    0.50249E-02   -2.72         test_P_all
.5300E+00    50.000  0.452E+02   0.86911E-01   0.00000E+00   0.10000E+00    0.50249E-02   -6.79         test_P_all
.5400E+00    50.000  0.435E+02   0.82397E-01   0.00000E+00   0.10000E+00    0.50249E-02  -12.27         test_P_all
.5500E+00    50.000  0.418E+02   0.78183E-01   0.00000E+00   0.10000E+00    0.50249E-02  -18.85         test_P_all
.5600E+00    50.000  0.402E+02   0.74287E-01   0.00000E+00   0.10000E+00    0.50249E-02  -26.18         test_P_all
.5700E+00    50.000  0.386E+02   0.70720E-01   0.00000E+00   0.10000E+00    0.50249E-02  -33.95         test_P_all
.5800E+00    50.000  0.371E+02   0.67498E-01   0.00000E+00   0.10000E+00    0.50249E-02  -41.84         test_P_all
.5900E+00    50.000  0.356E+02   0.64636E-01   0.00000E+00   0.10000E+00    0.50249E-02  -49.53         test_P_all
.6000E+00    50.000  0.342E+02   0.62149E-01   0.00000E+00   0.10000E+00    0.17692E-02 -457.74         test_P_all
.6100E+00    50.000  0.328E+02   0.60054E-01   0.00000E+00   0.10000E+00    0.50249E-02  -63.20         test_P_all
.6200E+00    50.000  0.315E+02   0.58365E-01   0.00000E+00   0.10000E+00    0.50249E-02  -68.65         test_P_all
.6300E+00    50.000  0.302E+02   0.57099E-01   0.00000E+00   0.10000E+00    0.50249E-02  -72.89         test_P_all
.6400E+00    50.000  0.290E+02   0.56274E-01   0.00000E+00   0.10000E+00    0.50249E-02  -75.72         test_P_all
.6500E+00    50.000  0.278E+02   0.55905E-01   0.00000E+00   0.10000E+00    0.50249E-02  -77.01         test_P_all
.6600E+00    50.000  0.266E+02   0.56012E-01   0.00000E+00   0.10000E+00    0.50249E-02  -76.63         test_P_all
.6700E+00    50.000  0.255E+02   0.56612E-01   0.00000E+00   0.10000E+00    0.50249E-02  -74.55         test_P_all
.6800E+00    50.000  0.244E+02   0.57725E-01   0.00000E+00   0.10000E+00    0.50249E-02  -70.78         test_P_all
.6900E+00    50.000  0.233E+02   0.59369E-01   0.00000E+00   0.10000E+00    0.50249E-02  -65.38         test_P_all
.7000E+00    50.000  0.223E+02   0.61565E-01   0.00000E+00   0.10000E+00    0.17692E-02 -471.98         test_P_all
.7100E+00    50.000  0.213E+02   0.64333E-01   0.00000E+00   0.10000E+00    0.50249E-02  -50.38         test_P_all
.7200E+00    50.000  0.203E+02   0.67696E-01   0.00000E+00   0.10000E+00    0.50249E-02  -41.33         test_P_all
.7300E+00    50.000  0.194E+02   0.71674E-01   0.00000E+00   0.10000E+00    0.50249E-02  -31.78         test_P_all
.7400E+00    50.000  0.184E+02   0.76292E-01   0.00000E+00   0.10000E+00    0.50249E-02  -22.26         test_P_all
.7500E+00    50.000  0.175E+02   0.81572E-01   0.00000E+00   0.10000E+00    0.50249E-02  -13.45         test_P_all
.7600E+00    50.000  0.167E+02   0.87541E-01   0.00000E+00   0.10000E+00    0.50249E-02   -6.15         test_P_all
.7700E+00    50.000  0.158E+02   0.94222E-01   0.00000E+00   0.10000E+00    0.50249E-02   -1.32         test_P_all
.7800E+00    50.000  0.150E+02   0.10164E+00   0.00000E+00   0.10000E+00    0.50249E-02    0.11         test_P_all
.7900E+00    50.000  0.142E+02   0.10983E+00   0.00000E+00   0.10000E+00    0.50249E-02    3.83         test_P_all
.8000E+00    50.000  0.134E+02   0.11882E+00   0.00000E+00   0.10000E+00    0.17692E-02  113.13         test_P_all
.8100E+00    50.000  0.126E+02   0.12863E+00   0.00000E+00   0.10000E+00    0.50249E-02   32.46         test_P_all
.8200E+00    50.000  0.119E+02   0.13929E+00   0.00000E+00   0.10000E+00    0.50249E-02   61.15         test_P_all
.8300E+00    50.000  0.111E+02   0.15085E+00   0.00000E+00   0.10000E+00    0.50249E-02  102.40         test_P_all
.8400E+00    50.000  0.104E+02   0.16333E+00   0.00000E+00   0.10000E+00    0.50249E-02  158.82         test_P_all
.8500E+00    50.000  0.971E+01   0.17676E+00   0.00000E+00   0.10000E+00    0.50249E-02  233.34         test_P_all
.8600E+00    50.000  0.902E+01   0.19118E+00   0.00000E+00   0.10000E+00    0.50249E-02  329.28         test_P_all
.8700E+00    50.000  0.835E+01   0.20663E+00   0.00000E+00   0.10000E+00    0.50249E-02  450.34         test_P_all
.8800E+00    50.000  0.770E+01   0.22315E+00   0.00000E+00   0.10000E+00    0.50249E-02  600.67         test_P_all
.8900E+00    50.000  0.706E+01   0.24078E+00   0.00000E+00   0.10000E+00    0.50249E-02  784.91         test_P_all
.9000E+00    50.000  0.644E+01   0.25956E+00   0.00000E+00   0.10000E+00    0.17692E-02 8133.51         test_P_all
.9100E+00    50.000  0.583E+01   0.27952E+00   0.00000E+00   0.10000E+00    0.50249E-02 1276.34         test_P_all
.9200E+00    50.000  0.523E+01   0.30072E+00   0.00000E+00   0.10000E+00    0.50249E-02 1595.62         test_P_all
.9300E+00    50.000  0.465E+01   0.32321E+00   0.00000E+00   0.10000E+00    0.50249E-02 1973.12         test_P_all
.9400E+00    50.000  0.407E+01   0.34702E+00   0.00000E+00   0.10000E+00    0.50249E-02 2416.63         test_P_all
.9500E+00    50.000  0.351E+01   0.37222E+00   0.00000E+00   0.10000E+00    0.50249E-02 2934.79         test_P_all
.9600E+00    50.000  0.297E+01   0.39885E+00   0.00000E+00   0.10000E+00    0.50249E-02 3537.03         test_P_all
.9700E+00    50.000  0.243E+01   0.42697E+00   0.00000E+00   0.10000E+00    0.50249E-02 4233.91         test_P_all
.9800E+00    50.000  0.190E+01   0.45663E+00   0.00000E+00   0.10000E+00    0.50249E-02 5036.98         test_P_all
.9900E+00    50.000  0.139E+01   0.48789E+00   0.00000E+00   0.10000E+00    0.50249E-02 5958.89         test_P_all
.1000E+01    50.000  0.882E+00   0.52082E+00   0.00000E+00   0.10000E+00    0.50249E-02 7013.46         test_P_all
.1000E+00   100.000  0.901E+03   0.39160E+00   0.00000E+00   0.10000E+00    0.50249E-02 3367.58         test_P_all
.1100E+00   100.000  0.810E+03   0.38073E+00   0.00000E+00   0.10000E+00    0.50249E-02 3121.21         test_P_all
.1200E+00   100.000  0.734E+03   0.37089E+00   0.00000E+00   0.10000E+00    0.50249E-02 2906.17         test_P_all
.1300E+00   100.000  0.670E+03   0.36179E+00   0.00000E+00   0.10000E+00    0.50249E-02 2714.17         test_P_all
.1400E+00   100.000  0.615E+03   0.35315E+00   0.00000E+00   0.10000E+00    0.50249E-02 2538.02         test_P_all
.1500E+00   100.000  0.568E+03   0.34500E+00   0.00000E+00   0.10000E+00    0.50249E-02 2377.14         test_P_all
.1600E+00   100.000  0.526E+03   0.33704E+00   0.00000E+00   0.10000E+00    0.50249E-02 2225.24         test_P_all
.1700E+00   100.000  0.489E+03   0.32932E+00   0.00000E+00   0.10000E+00    0.50249E-02 2082.61         test_P_all
.1800E+00   100.000  0.456E+03   0.32174E+00   0.00000E+00   0.10000E+00    0.50249E-02 1947.20         test_P_all
.1900E+00   100.000  0.427E+03   0.31421E+00   0.00000E+00   0.10000E+00    0.50249E-02 1817.30         test_P_all
.2000E+00   100.000  0.401E+03   0.30676E+00   0.00000E+00   0.10000E+00    0.50249E-02 1693.05         test_P_all
.2100E+00   100.000  0.377E+03   0.29929E+00   0.00000E+00   0.10000E+00    0.50249E-02 1572.85         test_P_all
.2200E+00   100.000  0.355E+03   0.29181E+00   0.00000E+00   0.10000E+00    0.50249E-02 1457.08         test_P_all
.2300E+00   100.000  0.336E+03   0.28431E+00   0.00000E+00   0.10000E+00    0.50249E-02 1345.42         test_P_all
.2400E+00   100.000  0.318E+03   0.27678E+00   0.00000E+00   0.10000E+00    0.50249E-02 1237.61         test_P_all
.2500E+00   100.000  0.301E+03   0.26921E+00   0.00000E+00   0.10000E+00    0.50249E-02 1133.92         test_P_all
.2600E+00   100.000  0.285E+03   0.26159E+00   0.00000E+00   0.10000E+00    0.50249E-02 1034.17         test_P_all
.2700E+00   100.000  0.271E+03   0.25395E+00   0.00000E+00   0.10000E+00    0.50249E-02  938.65         test_P_all
.2800E+00   100.000  0.258E+03   0.24628E+00   0.00000E+00   0.10000E+00    0.50249E-02  847.45         test_P_all
.2900E+00   100.000  0.246E+03   0.23859E+00   0.00000E+00   0.10000E+00    0.50249E-02  760.69         test_P_all
.3000E+00   100.000  0.234E+03   0.23089E+00   0.00000E+00   0.10000E+00    0.18868E-02 4812.57         test_P_all
.3100E+00   100.000  0.223E+03   0.22320E+00   0.00000E+00   0.10000E+00    0.50249E-02  601.08         test_P_all
.3200E+00   100.000  0.213E+03   0.21551E+00   0.00000E+00   0.10000E+00    0.50249E-02  528.45         test_P_all
.3300E+00   100.000  0.204E+03   0.20786E+00   0.00000E+00   0.10000E+00    0.50249E-02  460.73         test_P_all
.3400E+00   100.000  0.195E+03   0.20024E+00   0.00000E+00   0.10000E+00    0.50249E-02  397.97         test_P_all
.3500E+00   100.000  0.187E+03   0.19268E+00   0.00000E+00   0.10000E+00    0.50249E-02  340.17         test_P_all
.3600E+00   100.000  0.179E+03   0.18518E+00   0.00000E+00   0.10000E+00    0.50249E-02  287.37         test_P_all
.3700E+00   100.000  0.171E+03   0.17776E+00   0.00000E+00   0.10000E+00    0.50249E-02  239.48         test_P_all
.3800E+00   100.000  0.164E+03   0.17043E+00   0.00000E+00   0.10000E+00    0.50249E-02  196.45         test_P_all
.3900E+00   100.000  0.157E+03   0.16320E+00   0.00000E+00   0.10000E+00    0.50249E-02  158.20         test_P_all
.4000E+00   100.000  0.151E+03   0.15608E+00   0.00000E+00   0.10000E+00    0.17692E-02 1004.89         test_P_all
.4100E+00   100.000  0.145E+03   0.14909E+00   0.00000E+00   0.10000E+00    0.50249E-02   95.44         test_P_all
.4200E+00   100.000  0.139E+03   0.14223E+00   0.00000E+00   0.10000E+00    0.50249E-02   70.63         test_P_all
.4300E+00   100.000  0.133E+03   0.13552E+00   0.00000E+00   0.10000E+00    0.50249E-02   49.95         test_P_all
.4400E+00   100.000  0.128E+03   0.12895E+00   0.00000E+00   0.10000E+00    0.50249E-02   33.20         test_P_all
.4500E+00   100.000  0.123E+03   0.12255E+00   0.00000E+00   0.10000E+00    0.50249E-02   20.15         test_P_all
.4600E+00   100.000  0.118E+03   0.11633E+00   0.00000E+00   0.10000E+00    0.50249E-02   10.56         test_P_all
.4700E+00   100.000  0.114E+03   0.11028E+00   0.00000E+00   0.10000E+00    0.50249E-02    4.19         test_P_all
.4800E+00   100.000  0.109E+03   0.10443E+00   0.00000E+00   0.10000E+00    0.50249E-02    0.78         test_P_all
.4900E+00   100.000  0.105E+03   0.98768E-01   0.00000E+00   0.10000E+00    0.50249E-02   -0.06         test_P_all
.5000E+00   100.000  0.101E+03   0.93314E-01   0.00000E+00   0.10000E+00    0.17692E-02  -14.28         test_P_all
.5100E+00   100.000  0.970E+02   0.88076E-01   0.00000E+00   0.10000E+00    0.50249E-02   -5.63         test_P_all
.5200E+00   100.000  0.932E+02   0.83057E-01   0.00000E+00   0.10000E+00    0.50249E-02  -11.37         test_P_all
.5300E+00   100.000  0.896E+02   0.78267E-01   0.00000E+00   0.10000E+00    0.50249E-02  -18.71         test_P_all
.5400E+00   100.000  0.861E+02   0.73714E-01   0.00000E+00   0.10000E+00    0.50249E-02  -27.36         test_P_all
.5500E+00   100.000  0.827E+02   0.69402E-01   0.00000E+00   0.10000E+00    0.50249E-02  -37.08         test_P_all
.5600E+00   100.000  0.795E+02   0.65341E-01   0.00000E+00   0.10000E+00    0.50249E-02  -47.57         test_P_all
.5700E+00   100.000  0.763E+02   0.61537E-01   0.00000E+00   0.10000E+00    0.50249E-02  -58.59         test_P_all
.5800E+00   100.000  0.733E+02   0.57997E-01   0.00000E+00   0.10000E+00    0.50249E-02  -69.87         test_P_all
.5900E+00   100.000  0.704E+02   0.54727E-01   0.00000E+00   0.10000E+00    0.50249E-02  -81.17         test_P_all
.6000E+00   100.000  0.675E+02   0.51734E-01   0.00000E+00   0.10000E+00    0.17692E-02 -744.29         test_P_all
.6100E+00   100.000  0.648E+02   0.49026E-01   0.00000E+00   0.10000E+00    0.50249E-02 -102.90         test_P_all
.6200E+00   100.000  0.622E+02   0.46609E-01   0.00000E+00   0.10000E+00    0.50249E-02 -112.90         test_P_all
.6300E+00   100.000  0.596E+02   0.44489E-01   0.00000E+00   0.10000E+00    0.50249E-02 -122.04         test_P_all
.6400E+00   100.000  0.571E+02   0.42673E-01   0.00000E+00   0.10000E+00    0.50249E-02 -130.15         test_P_all
.6500E+00   100.000  0.547E+02   0.41169E-01   0.00000E+00   0.10000E+00    0.50249E-02 -137.07         test_P_all
.6600E+00   100.000  0.524E+02   0.39984E-01   0.00000E+00   0.10000E+00    0.50249E-02 -142.65         test_P_all
.6700E+00   100.000  0.501E+02   0.39124E-01   0.00000E+00   0.10000E+00    0.50249E-02 -146.77         test_P_all
.6800E+00   100.000  0.479E+02   0.38598E-01   0.00000E+00   0.10000E+00    0.50249E-02 -149.32         test_P_all
.6900E+00   100.000  0.458E+02   0.38412E-01   0.00000E+00   0.10000E+00    0.50249E-02 -150.22         test_P_all
.7000E+00   100.000  0.437E+02   0.38573E-01   0.00000E+00   0.10000E+00    0.17692E-02 *******         test_P_all
.7100E+00   100.000  0.417E+02   0.39092E-01   0.00000E+00   0.10000E+00    0.50249E-02 -146.92         test_P_all
.7200E+00   100.000  0.398E+02   0.39975E-01   0.00000E+00   0.10000E+00    0.50249E-02 -142.69         test_P_all
.7300E+00   100.000  0.379E+02   0.41231E-01   0.00000E+00   0.10000E+00    0.50249E-02 -136.79         test_P_all
.7400E+00   100.000  0.360E+02   0.42868E-01   0.00000E+00   0.10000E+00    0.50249E-02 -129.27         test_P_all
.7500E+00   100.000  0.342E+02   0.44897E-01   0.00000E+00   0.10000E+00    0.50249E-02 -120.25         test_P_all
.7600E+00   100.000  0.325E+02   0.47327E-01   0.00000E+00   0.10000E+00    0.50249E-02 -109.88         test_P_all
.7700E+00   100.000  0.308E+02   0.50167E-01   0.00000E+00   0.10000E+00    0.50249E-02  -98.35         test_P_all
.7800E+00   100.000  0.291E+02   0.53428E-01   0.00000E+00   0.10000E+00    0.50249E-02  -85.90         test_P_all
.7900E+00   100.000  0.275E+02   0.57121E-01   0.00000E+00   0.10000E+00    0.50249E-02  -72.82         test_P_all
.8000E+00   100.000  0.259E+02   0.61257E-01   0.00000E+00   0.10000E+00    0.17692E-02 -479.55         test_P_all
.8100E+00   100.000  0.243E+02   0.65849E-01   0.00000E+00   0.10000E+00    0.50249E-02  -46.19         test_P_all
.8200E+00   100.000  0.228E+02   0.70908E-01   0.00000E+00   0.10000E+00    0.50249E-02  -33.52         test_P_all
.8300E+00   100.000  0.214E+02   0.76448E-01   0.00000E+00   0.10000E+00    0.50249E-02  -21.97         test_P_all
.8400E+00   100.000  0.199E+02   0.82482E-01   0.00000E+00   0.10000E+00    0.50249E-02  -12.15         test_P_all
.8500E+00   100.000  0.185E+02   0.89026E-01   0.00000E+00   0.10000E+00    0.50249E-02   -4.77         test_P_all
.8600E+00   100.000  0.172E+02   0.96092E-01   0.00000E+00   0.10000E+00    0.50249E-02   -0.60         test_P_all
.8700E+00   100.000  0.158E+02   0.10370E+00   0.00000E+00   0.10000E+00    0.50249E-02    0.54         test_P_all
.8800E+00   100.000  0.145E+02   0.11186E+00   0.00000E+00   0.10000E+00    0.50249E-02    5.57         test_P_all
.8900E+00   100.000  0.132E+02   0.12059E+00   0.00000E+00   0.10000E+00    0.50249E-02   16.80         test_P_all
.9000E+00   100.000  0.120E+02   0.12992E+00   0.00000E+00   0.10000E+00    0.17692E-02  286.01         test_P_all
.9100E+00   100.000  0.108E+02   0.13986E+00   0.00000E+00   0.10000E+00    0.50249E-02   62.91         test_P_all
.9200E+00   100.000  0.958E+01   0.15042E+00   0.00000E+00   0.10000E+00    0.50249E-02  100.69         test_P_all
.9300E+00   100.000  0.841E+01   0.16164E+00   0.00000E+00   0.10000E+00    0.50249E-02  150.48         test_P_all
.9400E+00   100.000  0.726E+01   0.17353E+00   0.00000E+00   0.10000E+00    0.50249E-02  214.13         test_P_all
.9500E+00   100.000  0.614E+01   0.18612E+00   0.00000E+00   0.10000E+00    0.50249E-02  293.73         test_P_all
.9600E+00   100.000  0.505E+01   0.19943E+00   0.00000E+00   0.10000E+00    0.50249E-02  391.52         test_P_all
.9700E+00   100.000  0.397E+01   0.21348E+00   0.00000E+00   0.10000E+00    0.50249E-02  510.04         test_P_all
.9800E+00   100.000  0.292E+01   0.22831E+00   0.00000E+00   0.10000E+00    0.50249E-02  652.07         test_P_all
.9900E+00   100.000  0.189E+01   0.24395E+00   0.00000E+00   0.10000E+00    0.50249E-02  820.64         test_P_all
.1000E+01   100.000  0.882E+00   0.26041E+00   0.00000E+00   0.10000E+00    0.50249E-02 1019.07         test_P_all



 CHI SQUARE=******** FOR  582 POINTS   CHISQ/NPTS=********
 Signed chisquare total =********
 Modified residual =********


Summary normalization chi2 contributions

 data set     normalization        error         chisq


Summary chi2 per data set

 data set      chisq    _w     signd    _w     resid     _w   npts   chisq/pts  _w
test_P_all  ********        ********        ********           582********
------------------------------------------------------------------------------------
TOTAL       ************************     0.0****************   582****************
TOTAL+norm  ****************                                   582****************



            Momentum Sum Rule Check


      q2      alphas      xuv       xdv       xub       xdb       xsb       xcb       xbb      xglue     total
      1.69    0.3845    0.3169    0.1347    0.0537    0.0692    0.0246    0.0000    0.0000    0.4011    1.0002
    100.00    0.1784    0.2233    0.0949    0.0640    0.0749    0.0435    0.0262    0.0088    0.4615    0.9973
   1000.00    0.1407    0.0000    0.0000    0.0000    0.0000    0.0000    0.0000    0.0000    0.0000    0.0000
   8315.00    0.1180    0.0000    0.0000    0.0000    0.0000    0.0000    0.0000    0.0000    0.0000    0.0000


 Vector Boson Cross Sections

 sqrt(s)   sigma(W)    error    theory

   1960.     2.865     0.063       0.000     D0

   1960.     2.749     0.054       0.000     CDF

   7000.     9.95      0.29        0.000     CMS

   7000.     9.96      0.55        0.000     ATLAS

 sqrt(s)   sigma(Z)    error    theory

   1960.     .2649     .0094       0.000     D0

   1960.     .2549     .0057       0.000     CDF

   7000.     .931      0.035       0.000     CMS

   7000.     .82       0.08        0.000     ATLAS


