 Correlated errors added in quadrature with statistical errors
 test_N_all DIS data with   1.69< Q2 < 0.500D+03 and 0.000 < xB < 1.000 and   0.00< W2 < 0.100D+05 and 0.000 < y < 1.000
   No TMC applied
   HT corrections, multiplicative C=C(xB)

# fitpack15: fit output
# CJ15 AV18 final data choices                                                 

Parametrization   7 used here

 S-ACOT scheme used  for NC DIS

 charm mass =     1.30 GeV     bottom mass =     4.50 GeV



 THIS IS A NEXT TO LEADING ORDER FIT

 Q02=    1.69
         1  LAMBDA      VALUE=   0.22680      WEIGHT=    0.0000    
         2  a0uv        VALUE=    1.9042      WEIGHT=    0.0000    
         3  a1uv        VALUE=   0.55764      WEIGHT=   0.21506E-01
         4  a2uv        VALUE=    3.4753      WEIGHT=   0.12252E-01
         5  a3uv        VALUE=    0.0000      WEIGHT=    0.0000    
         6  a4uv        VALUE=    4.3113      WEIGHT=   0.56402    
         7  a5uv        VALUE=    0.0000      WEIGHT=    0.0000    
         8  a0dv        VALUE=    28.902      WEIGHT=    0.0000    
         9  a1dv        VALUE=    1.1785      WEIGHT=   0.28946E-01
        10  a2dv        VALUE=    6.7673      WEIGHT=   0.15101    
        11  a3dv        VALUE=   -3.6831      WEIGHT=   0.72594E-01
        12  a4dv        VALUE=    4.8771      WEIGHT=   0.12781    
        13  a5dv        VALUE=    0.0000      WEIGHT=    0.0000    
        14  a0ud        VALUE=   0.14106      WEIGHT=   0.48853E-02
        15  a1ud        VALUE=  -0.21130      WEIGHT=   0.37708E-02
        16  a2ud        VALUE=    8.3071      WEIGHT=   0.19210    
        17  a3ud        VALUE=    0.0000      WEIGHT=    0.0000    
        18  a4ud        VALUE=    14.490      WEIGHT=    1.1972    
        19  a5ud        VALUE=    0.0000      WEIGHT=    0.0000    
        20  a0du        VALUE=    35712.      WEIGHT=    0.0000    
        21  a1du        VALUE=    4.1743      WEIGHT=   0.79953E-01
        22  a2du        VALUE=    18.646      WEIGHT=   0.84912    
        23  a3du        VALUE=    17.000      WEIGHT=    0.0000    
        24  a4du        VALUE=    56.315      WEIGHT=    8.4022    
        25  a0g         VALUE=    60.434      WEIGHT=    0.0000    
        26  a1g         VALUE=   0.65191      WEIGHT=   0.34275E-01
        27  a2g         VALUE=    7.5089      WEIGHT=   0.74258    
        28  a3g         VALUE=   -3.8044      WEIGHT=   0.15493    
        29  a4g         VALUE=    4.3685      WEIGHT=   0.40526    
        30  a5g         VALUE=    0.0000      WEIGHT=    0.0000    
        31  kappa       VALUE=   0.40000      WEIGHT=    0.0000    
        32  a6dv        VALUE=  -0.39542E-02  WEIGHT=   0.58935E-03
        33  a7dv        VALUE=    2.0000      WEIGHT=    0.0000    
        34  off1        VALUE=    0.0000      WEIGHT=    0.0000    
        35  off2        VALUE=    0.0000      WEIGHT=    0.0000    
        36  off3        VALUE=    0.0000      WEIGHT=    0.0000    
        37  ht1         VALUE=   -29.253      WEIGHT=    1.4985    
        38  ht2         VALUE=    4.3631      WEIGHT=   0.10915    
        39  ht3         VALUE=   -1.8902      WEIGHT=   0.15519E-01
        40  ht4         VALUE=    0.0000      WEIGHT=    0.0000    
        41  ht1n        VALUE=   -16.587      WEIGHT=    2.1349    
        42  ht2n        VALUE=    2.8652      WEIGHT=   0.18233    
        43  ht3n        VALUE=   -2.0691      WEIGHT=   0.32327E-01
        44  ht4n        VALUE=    0.0000      WEIGHT=    0.0000    
        45  dummy45     VALUE=    0.0000      WEIGHT=    0.0000    
        46  dummy46     VALUE=    0.0000      WEIGHT=    0.0000    
        47  dummy47     VALUE=    0.0000      WEIGHT=    0.0000    
        48  dummy48     VALUE=    0.0000      WEIGHT=    0.0000    
        49  dummy49     VALUE=    0.0000      WEIGHT=    0.0000    
        50  bcdmsh2     VALUE=   0.95658      WEIGHT=   0.46542E-02
        51  bcdmsd2     VALUE=   0.97906      WEIGHT=   0.55330E-02
        52  ccfr        VALUE=    1.0000      WEIGHT=    0.0000    
        53  nutev       VALUE=    1.0000      WEIGHT=    0.0000    
        54  zeus        VALUE=   0.97998      WEIGHT=    0.0000    
        55  h1          VALUE=    1.0162      WEIGHT=    0.0000    
        56  e605        VALUE=    1.0319      WEIGHT=    0.0000    
        57  NmcH2       VALUE=   0.99476      WEIGHT=   0.69955E-02
        58  ntv_nu      VALUE=    1.0000      WEIGHT=    0.0000    
        59  ntv_nubar   VALUE=    1.0000      WEIGHT=    0.0000    
        60  cdf_jet     VALUE=   0.98910      WEIGHT=    0.0000    
        61  d0_jet      VALUE=   0.83504      WEIGHT=    0.0000    
        62  slac_p      VALUE=   0.99959      WEIGHT=   0.50581E-02
        63  slac_d      VALUE=   0.98882      WEIGHT=   0.50354E-02
        64  e866pp      VALUE=   0.95746      WEIGHT=   0.19468E-01
        65  e866pd      VALUE=   0.94470      WEIGHT=   0.15260E-01
        66  d0_gamjet   VALUE=    1.0366      WEIGHT=   0.16420E-01
        67  h1b         VALUE=   0.97608      WEIGHT=    0.0000    
        68  jlab_p      VALUE=   0.99064      WEIGHT=   0.63474E-02
        69  jlab_d      VALUE=   0.96615      WEIGHT=   0.59357E-02
        70  blank       VALUE=    1.0000      WEIGHT=    0.0000    
        71  d0run2      VALUE=   0.97876      WEIGHT=   0.14220E-01
        72  cdfrun2     VALUE=   0.96185      WEIGHT=   0.17466E-01
        73  HERA_el     VALUE=    1.0000      WEIGHT=    0.0000    
        74  HERA_ps     VALUE=    1.0000      WEIGHT=    0.0000    
        75  CDF_Z       VALUE=   0.94123      WEIGHT=   0.58500E-02
        76  NmcRat      VALUE=    1.0000      WEIGHT=    0.0000    
        77  BNS_F2nd    VALUE=   0.94580      WEIGHT=   0.94564E-02
        78  HERMES_F2p  VALUE=   0.98876      WEIGHT=   0.56557E-02
        79  HERMES_F2d  VALUE=   0.96503      WEIGHT=   0.56545E-02
0THE TOLERANCE IS    0.1000
 THE MAXIMUM NUMBER OF STEPS IS 100
0THE INITIAL CHI SQUARED IS  3.73905E+05



     X        Q2         W2       THEORY        error         DATA           ERROR        chi^2     _w    ITYPE
.1000E-01     2.000  0.199E+03   0.33669E+00   0.00000E+00   0.10000E+00    0.50249E-02 2218.61         test_N_all
.2000E-01     2.000  0.989E+02   0.31439E+00   0.00000E+00   0.10000E+00    0.50249E-02 1820.38         test_N_all
.3000E-01     2.000  0.655E+02   0.30612E+00   0.00000E+00   0.10000E+00    0.50249E-02 1682.61         test_N_all
.4000E-01     2.000  0.489E+02   0.30426E+00   0.00000E+00   0.10000E+00    0.50249E-02 1652.36         test_N_all
.5000E-01     2.000  0.389E+02   0.30333E+00   0.00000E+00   0.10000E+00    0.50249E-02 1637.41         test_N_all
.6000E-01     2.000  0.322E+02   0.30336E+00   0.00000E+00   0.10000E+00    0.50249E-02 1637.77         test_N_all
.7000E-01     2.000  0.275E+02   0.30333E+00   0.00000E+00   0.10000E+00    0.50249E-02 1637.36         test_N_all
.8000E-01     2.000  0.239E+02   0.30291E+00   0.00000E+00   0.10000E+00    0.50249E-02 1630.53         test_N_all
.9000E-01     2.000  0.211E+02   0.30197E+00   0.00000E+00   0.10000E+00    0.50249E-02 1615.56         test_N_all
.1000E+00     2.000  0.189E+02   0.30036E+00   0.00000E+00   0.10000E+00    0.50249E-02 1589.88         test_N_all
.1100E+00     2.000  0.171E+02   0.29805E+00   0.00000E+00   0.10000E+00    0.50249E-02 1553.41         test_N_all
.1200E+00     2.000  0.155E+02   0.29502E+00   0.00000E+00   0.10000E+00    0.50249E-02 1506.27         test_N_all
.1300E+00     2.000  0.143E+02   0.29135E+00   0.00000E+00   0.10000E+00    0.50249E-02 1450.05         test_N_all
.1400E+00     2.000  0.132E+02   0.28712E+00   0.00000E+00   0.10000E+00    0.50249E-02 1386.68         test_N_all
.1500E+00     2.000  0.122E+02   0.28235E+00   0.00000E+00   0.10000E+00    0.50249E-02 1316.90         test_N_all
.1600E+00     2.000  0.114E+02   0.27725E+00   0.00000E+00   0.10000E+00    0.50249E-02 1244.30         test_N_all
.1700E+00     2.000  0.106E+02   0.27182E+00   0.00000E+00   0.10000E+00    0.50249E-02 1169.24         test_N_all
.1800E+00     2.000  0.999E+01   0.26616E+00   0.00000E+00   0.10000E+00    0.50249E-02 1093.40         test_N_all
.1900E+00     2.000  0.941E+01   0.26036E+00   0.00000E+00   0.10000E+00    0.50249E-02 1018.48         test_N_all
.2000E+00     2.000  0.888E+01   0.25444E+00   0.00000E+00   0.10000E+00    0.50249E-02  944.65         test_N_all
.2100E+00     2.000  0.841E+01   0.24850E+00   0.00000E+00   0.10000E+00    0.50249E-02  873.40         test_N_all
.2200E+00     2.000  0.797E+01   0.24254E+00   0.00000E+00   0.10000E+00    0.50249E-02  804.68         test_N_all
.2300E+00     2.000  0.758E+01   0.23659E+00   0.00000E+00   0.10000E+00    0.50249E-02  738.90         test_N_all
.2400E+00     2.000  0.722E+01   0.23069E+00   0.00000E+00   0.10000E+00    0.50249E-02  676.40         test_N_all
.2500E+00     2.000  0.688E+01   0.22483E+00   0.00000E+00   0.10000E+00    0.50249E-02  617.15         test_N_all
.2600E+00     2.000  0.657E+01   0.21905E+00   0.00000E+00   0.10000E+00    0.50249E-02  561.28         test_N_all
.2700E+00     2.000  0.629E+01   0.21334E+00   0.00000E+00   0.10000E+00    0.50249E-02  508.72         test_N_all
.2800E+00     2.000  0.602E+01   0.20771E+00   0.00000E+00   0.10000E+00    0.50249E-02  459.43         test_N_all
.2900E+00     2.000  0.578E+01   0.20216E+00   0.00000E+00   0.10000E+00    0.50249E-02  413.33         test_N_all
.3000E+00     2.000  0.555E+01   0.19671E+00   0.00000E+00   0.10000E+00    0.18868E-02 2626.97         test_N_all
.3100E+00     2.000  0.533E+01   0.19134E+00   0.00000E+00   0.10000E+00    0.50249E-02  330.38         test_N_all
.3200E+00     2.000  0.513E+01   0.18606E+00   0.00000E+00   0.10000E+00    0.50249E-02  293.32         test_N_all
.3300E+00     2.000  0.494E+01   0.18088E+00   0.00000E+00   0.10000E+00    0.50249E-02  259.07         test_N_all
.3400E+00     2.000  0.476E+01   0.17579E+00   0.00000E+00   0.10000E+00    0.50249E-02  227.51         test_N_all
.3500E+00     2.000  0.460E+01   0.17081E+00   0.00000E+00   0.10000E+00    0.50249E-02  198.58         test_N_all
.3600E+00     2.000  0.444E+01   0.16592E+00   0.00000E+00   0.10000E+00    0.50249E-02  172.12         test_N_all
.3700E+00     2.000  0.429E+01   0.16115E+00   0.00000E+00   0.10000E+00    0.50249E-02  148.07         test_N_all
.3800E+00     2.000  0.414E+01   0.15648E+00   0.00000E+00   0.10000E+00    0.50249E-02  126.33         test_N_all
.3900E+00     2.000  0.401E+01   0.15192E+00   0.00000E+00   0.10000E+00    0.50249E-02  106.77         test_N_all
.4000E+00     2.000  0.388E+01   0.14748E+00   0.00000E+00   0.10000E+00    0.17692E-02  720.35         test_N_all
.4100E+00     2.000  0.376E+01   0.14316E+00   0.00000E+00   0.10000E+00    0.50249E-02   73.79         test_N_all
.4200E+00     2.000  0.364E+01   0.13897E+00   0.00000E+00   0.10000E+00    0.50249E-02   60.14         test_N_all
.4300E+00     2.000  0.353E+01   0.13490E+00   0.00000E+00   0.10000E+00    0.50249E-02   48.23         test_N_all
.4400E+00     2.000  0.343E+01   0.13095E+00   0.00000E+00   0.10000E+00    0.50249E-02   37.95         test_N_all
.4500E+00     2.000  0.333E+01   0.12713E+00   0.00000E+00   0.10000E+00    0.50249E-02   29.15         test_N_all
.4600E+00     2.000  0.323E+01   0.12344E+00   0.00000E+00   0.10000E+00    0.50249E-02   21.76         test_N_all
.4700E+00     2.000  0.314E+01   0.11987E+00   0.00000E+00   0.10000E+00    0.50249E-02   15.63         test_N_all
.4800E+00     2.000  0.305E+01   0.11641E+00   0.00000E+00   0.10000E+00    0.50249E-02   10.67         test_N_all
.4900E+00     2.000  0.296E+01   0.11307E+00   0.00000E+00   0.10000E+00    0.50249E-02    6.77         test_N_all
.5000E+00     2.000  0.288E+01   0.10983E+00   0.00000E+00   0.10000E+00    0.17692E-02   30.87         test_N_all
.5100E+00     2.000  0.280E+01   0.10670E+00   0.00000E+00   0.10000E+00    0.50249E-02    1.78         test_N_all
.5200E+00     2.000  0.273E+01   0.10365E+00   0.00000E+00   0.10000E+00    0.50249E-02    0.53         test_N_all
.5300E+00     2.000  0.266E+01   0.10069E+00   0.00000E+00   0.10000E+00    0.50249E-02    0.02         test_N_all
.5400E+00     2.000  0.259E+01   0.97798E-01   0.00000E+00   0.10000E+00    0.50249E-02   -0.19         test_N_all
.5500E+00     2.000  0.252E+01   0.94965E-01   0.00000E+00   0.10000E+00    0.50249E-02   -1.00         test_N_all
.5600E+00     2.000  0.245E+01   0.92196E-01   0.00000E+00   0.10000E+00    0.50249E-02   -2.41         test_N_all
.5700E+00     2.000  0.239E+01   0.89466E-01   0.00000E+00   0.10000E+00    0.50249E-02   -4.39         test_N_all
.5800E+00     2.000  0.233E+01   0.86769E-01   0.00000E+00   0.10000E+00    0.50249E-02   -6.93         test_N_all
.5900E+00     2.000  0.227E+01   0.84103E-01   0.00000E+00   0.10000E+00    0.50249E-02  -10.01         test_N_all
.6000E+00     2.000  0.222E+01   0.81449E-01   0.00000E+00   0.10000E+00    0.17692E-02 -109.95         test_N_all
.6100E+00     2.000  0.216E+01   0.78813E-01   0.00000E+00   0.10000E+00    0.50249E-02  -17.78         test_N_all
.6200E+00     2.000  0.211E+01   0.76179E-01   0.00000E+00   0.10000E+00    0.50249E-02  -22.47         test_N_all
.6300E+00     2.000  0.206E+01   0.73542E-01   0.00000E+00   0.10000E+00    0.50249E-02  -27.72         test_N_all
.6400E+00     2.000  0.201E+01   0.70902E-01   0.00000E+00   0.10000E+00    0.50249E-02  -33.53         test_N_all
.6500E+00     2.000  0.196E+01   0.68249E-01   0.00000E+00   0.10000E+00    0.50249E-02  -39.92         test_N_all
.6600E+00     2.000  0.191E+01   0.65588E-01   0.00000E+00   0.10000E+00    0.50249E-02  -46.90         test_N_all
.6700E+00     2.000  0.187E+01   0.62912E-01   0.00000E+00   0.10000E+00    0.50249E-02  -54.48         test_N_all
.6800E+00     2.000  0.182E+01   0.60221E-01   0.00000E+00   0.10000E+00    0.50249E-02  -62.67         test_N_all
.6900E+00     2.000  0.178E+01   0.57515E-01   0.00000E+00   0.10000E+00    0.50249E-02  -71.48         test_N_all
.7000E+00     2.000  0.174E+01   0.54797E-01   0.00000E+00   0.10000E+00    0.17692E-02 -652.82         test_N_all
.7100E+00     2.000  0.170E+01   0.52065E-01   0.00000E+00   0.10000E+00    0.50249E-02  -91.00         test_N_all
.7200E+00     2.000  0.166E+01   0.49324E-01   0.00000E+00   0.10000E+00    0.50249E-02 -101.70         test_N_all
.7300E+00     2.000  0.162E+01   0.46578E-01   0.00000E+00   0.10000E+00    0.50249E-02 -113.03         test_N_all
.7400E+00     2.000  0.158E+01   0.43827E-01   0.00000E+00   0.10000E+00    0.50249E-02 -124.97         test_N_all
.7500E+00     2.000  0.155E+01   0.41083E-01   0.00000E+00   0.10000E+00    0.50249E-02 -137.48         test_N_all
.7600E+00     2.000  0.151E+01   0.38340E-01   0.00000E+00   0.10000E+00    0.50249E-02 -150.57         test_N_all
.7700E+00     2.000  0.148E+01   0.35615E-01   0.00000E+00   0.10000E+00    0.50249E-02 -164.18         test_N_all
.7800E+00     2.000  0.145E+01   0.32912E-01   0.00000E+00   0.10000E+00    0.50249E-02 -178.25         test_N_all
.7900E+00     2.000  0.141E+01   0.30235E-01   0.00000E+00   0.10000E+00    0.50249E-02 -192.76         test_N_all
.8000E+00     2.000  0.138E+01   0.27592E-01   0.00000E+00   0.10000E+00    0.17692E-02 *******         test_N_all
.8100E+00     2.000  0.135E+01   0.25000E-01   0.00000E+00   0.10000E+00    0.50249E-02 -222.77         test_N_all
.8200E+00     2.000  0.132E+01   0.22470E-01   0.00000E+00   0.10000E+00    0.50249E-02 -238.06         test_N_all
.8300E+00     2.000  0.129E+01   0.20011E-01   0.00000E+00   0.10000E+00    0.50249E-02 -253.39         test_N_all
.8400E+00     2.000  0.126E+01   0.17632E-01   0.00000E+00   0.10000E+00    0.50249E-02 -268.69         test_N_all
.8500E+00     2.000  0.123E+01   0.15356E-01   0.00000E+00   0.10000E+00    0.50249E-02 -283.75         test_N_all
.8600E+00     2.000  0.121E+01   0.13185E-01   0.00000E+00   0.10000E+00    0.50249E-02 -298.49         test_N_all
.8700E+00     2.000  0.118E+01   0.11143E-01   0.00000E+00   0.10000E+00    0.50249E-02 -312.69         test_N_all
.8800E+00     2.000  0.115E+01   0.92443E-02   0.00000E+00   0.10000E+00    0.50249E-02 -326.20         test_N_all
.8900E+00     2.000  0.113E+01   0.74992E-02   0.00000E+00   0.10000E+00    0.50249E-02 -338.87         test_N_all
.9000E+00     2.000  0.110E+01   0.59267E-02   0.00000E+00   0.10000E+00    0.17692E-02 *******         test_N_all
.9100E+00     2.000  0.108E+01   0.45328E-02   0.00000E+00   0.10000E+00    0.50249E-02 -360.95         test_N_all
.9200E+00     2.000  0.106E+01   0.33315E-02   0.00000E+00   0.10000E+00    0.50249E-02 -370.09         test_N_all
.9300E+00     2.000  0.103E+01   0.23270E-02   0.00000E+00   0.10000E+00    0.50249E-02 -377.82         test_N_all
.9400E+00     2.000  0.101E+01   0.15184E-02   0.00000E+00   0.10000E+00    0.50249E-02 -384.10         test_N_all
.9500E+00     2.000  0.987E+00   0.90819E-03   0.00000E+00   0.10000E+00    0.50249E-02 -388.88         test_N_all
.9600E+00     2.000  0.965E+00   0.46717E-03   0.00000E+00   0.10000E+00    0.50249E-02 -392.35         test_N_all
.9700E+00     2.000  0.944E+00   0.19174E-03   0.00000E+00   0.10000E+00    0.50249E-02 -394.52         test_N_all
.9800E+00     2.000  0.923E+00   0.57403E-04   0.00000E+00   0.10000E+00    0.50249E-02 -395.59         test_N_all
.9900E+00     2.000  0.902E+00   0.21781E-04   0.00000E+00   0.10000E+00    0.50249E-02 -395.87         test_N_all
.1000E+01     2.000  0.882E+00   0.00000E+00   0.00000E+00   0.10000E+00    0.50249E-02 -396.04         test_N_all
.1000E-01     5.000  0.496E+03   0.44205E+00   0.00000E+00   0.10000E+00    0.50249E-02 4633.50         test_N_all
.2000E-01     5.000  0.246E+03   0.39213E+00   0.00000E+00   0.10000E+00    0.50249E-02 3379.70         test_N_all
.3000E-01     5.000  0.163E+03   0.36814E+00   0.00000E+00   0.10000E+00    0.50249E-02 2847.49         test_N_all
.4000E-01     5.000  0.121E+03   0.35607E+00   0.00000E+00   0.10000E+00    0.50249E-02 2596.82         test_N_all
.5000E-01     5.000  0.959E+02   0.34630E+00   0.00000E+00   0.10000E+00    0.50249E-02 2402.45         test_N_all
.6000E-01     5.000  0.792E+02   0.33931E+00   0.00000E+00   0.10000E+00    0.50249E-02 2268.09         test_N_all
.7000E-01     5.000  0.673E+02   0.33291E+00   0.00000E+00   0.10000E+00    0.50249E-02 2148.46         test_N_all
.8000E-01     5.000  0.584E+02   0.32714E+00   0.00000E+00   0.10000E+00    0.50249E-02 2043.27         test_N_all
.9000E-01     5.000  0.514E+02   0.32138E+00   0.00000E+00   0.10000E+00    0.50249E-02 1940.98         test_N_all
.1000E+00     5.000  0.459E+02   0.31564E+00   0.00000E+00   0.10000E+00    0.50249E-02 1841.66         test_N_all
.1100E+00     5.000  0.413E+02   0.30970E+00   0.00000E+00   0.10000E+00    0.50249E-02 1741.53         test_N_all
.1200E+00     5.000  0.375E+02   0.30365E+00   0.00000E+00   0.10000E+00    0.50249E-02 1642.58         test_N_all
.1300E+00     5.000  0.343E+02   0.29743E+00   0.00000E+00   0.10000E+00    0.50249E-02 1543.76         test_N_all
.1400E+00     5.000  0.316E+02   0.29103E+00   0.00000E+00   0.10000E+00    0.50249E-02 1445.22         test_N_all
.1500E+00     5.000  0.292E+02   0.28450E+00   0.00000E+00   0.10000E+00    0.50249E-02 1348.06         test_N_all
.1600E+00     5.000  0.271E+02   0.27789E+00   0.00000E+00   0.10000E+00    0.50249E-02 1253.28         test_N_all
.1700E+00     5.000  0.253E+02   0.27123E+00   0.00000E+00   0.10000E+00    0.50249E-02 1161.21         test_N_all
.1800E+00     5.000  0.237E+02   0.26456E+00   0.00000E+00   0.10000E+00    0.50249E-02 1072.48         test_N_all
.1900E+00     5.000  0.222E+02   0.25791E+00   0.00000E+00   0.10000E+00    0.50249E-02  987.57         test_N_all
.2000E+00     5.000  0.209E+02   0.25129E+00   0.00000E+00   0.10000E+00    0.50249E-02  906.46         test_N_all
.2100E+00     5.000  0.197E+02   0.24472E+00   0.00000E+00   0.10000E+00    0.50249E-02  829.47         test_N_all
.2200E+00     5.000  0.186E+02   0.23822E+00   0.00000E+00   0.10000E+00    0.50249E-02  756.58         test_N_all
.2300E+00     5.000  0.176E+02   0.23178E+00   0.00000E+00   0.10000E+00    0.50249E-02  687.74         test_N_all
.2400E+00     5.000  0.167E+02   0.22541E+00   0.00000E+00   0.10000E+00    0.50249E-02  622.85         test_N_all
.2500E+00     5.000  0.159E+02   0.21910E+00   0.00000E+00   0.10000E+00    0.50249E-02  561.79         test_N_all
.2600E+00     5.000  0.151E+02   0.21286E+00   0.00000E+00   0.10000E+00    0.50249E-02  504.43         test_N_all
.2700E+00     5.000  0.144E+02   0.20668E+00   0.00000E+00   0.10000E+00    0.50249E-02  450.69         test_N_all
.2800E+00     5.000  0.137E+02   0.20056E+00   0.00000E+00   0.10000E+00    0.50249E-02  400.46         test_N_all
.2900E+00     5.000  0.131E+02   0.19449E+00   0.00000E+00   0.10000E+00    0.50249E-02  353.58         test_N_all
.3000E+00     5.000  0.125E+02   0.18848E+00   0.00000E+00   0.10000E+00    0.18868E-02 2199.00         test_N_all
.3100E+00     5.000  0.120E+02   0.18251E+00   0.00000E+00   0.10000E+00    0.50249E-02  269.65         test_N_all
.3200E+00     5.000  0.115E+02   0.17660E+00   0.00000E+00   0.10000E+00    0.50249E-02  232.40         test_N_all
.3300E+00     5.000  0.110E+02   0.17074E+00   0.00000E+00   0.10000E+00    0.50249E-02  198.20         test_N_all
.3400E+00     5.000  0.106E+02   0.16493E+00   0.00000E+00   0.10000E+00    0.50249E-02  166.97         test_N_all
.3500E+00     5.000  0.102E+02   0.15918E+00   0.00000E+00   0.10000E+00    0.50249E-02  138.69         test_N_all
.3600E+00     5.000  0.977E+01   0.15347E+00   0.00000E+00   0.10000E+00    0.50249E-02  113.24         test_N_all
.3700E+00     5.000  0.940E+01   0.14783E+00   0.00000E+00   0.10000E+00    0.50249E-02   90.61         test_N_all
.3800E+00     5.000  0.904E+01   0.14226E+00   0.00000E+00   0.10000E+00    0.50249E-02   70.72         test_N_all
.3900E+00     5.000  0.870E+01   0.13675E+00   0.00000E+00   0.10000E+00    0.50249E-02   53.50         test_N_all
.4000E+00     5.000  0.838E+01   0.13133E+00   0.00000E+00   0.10000E+00    0.17692E-02  313.55         test_N_all
.4100E+00     5.000  0.808E+01   0.12599E+00   0.00000E+00   0.10000E+00    0.50249E-02   26.75         test_N_all
.4200E+00     5.000  0.779E+01   0.12074E+00   0.00000E+00   0.10000E+00    0.50249E-02   17.03         test_N_all
.4300E+00     5.000  0.751E+01   0.11559E+00   0.00000E+00   0.10000E+00    0.50249E-02    9.62         test_N_all
.4400E+00     5.000  0.725E+01   0.11055E+00   0.00000E+00   0.10000E+00    0.50249E-02    4.40         test_N_all
.4500E+00     5.000  0.699E+01   0.10561E+00   0.00000E+00   0.10000E+00    0.50249E-02    1.25         test_N_all
.4600E+00     5.000  0.675E+01   0.10080E+00   0.00000E+00   0.10000E+00    0.50249E-02    0.03         test_N_all
.4700E+00     5.000  0.652E+01   0.96113E-01   0.00000E+00   0.10000E+00    0.50249E-02   -0.60         test_N_all
.4800E+00     5.000  0.630E+01   0.91552E-01   0.00000E+00   0.10000E+00    0.50249E-02   -2.83         test_N_all
.4900E+00     5.000  0.609E+01   0.87125E-01   0.00000E+00   0.10000E+00    0.50249E-02   -6.56         test_N_all
.5000E+00     5.000  0.588E+01   0.82829E-01   0.00000E+00   0.10000E+00    0.17692E-02  -94.20         test_N_all
.5100E+00     5.000  0.569E+01   0.78676E-01   0.00000E+00   0.10000E+00    0.50249E-02  -18.01         test_N_all
.5200E+00     5.000  0.550E+01   0.74659E-01   0.00000E+00   0.10000E+00    0.50249E-02  -25.43         test_N_all
.5300E+00     5.000  0.532E+01   0.70780E-01   0.00000E+00   0.10000E+00    0.50249E-02  -33.81         test_N_all
.5400E+00     5.000  0.514E+01   0.67043E-01   0.00000E+00   0.10000E+00    0.50249E-02  -43.02         test_N_all
.5500E+00     5.000  0.497E+01   0.63439E-01   0.00000E+00   0.10000E+00    0.50249E-02  -52.94         test_N_all
.5600E+00     5.000  0.481E+01   0.59977E-01   0.00000E+00   0.10000E+00    0.50249E-02  -63.44         test_N_all
.5700E+00     5.000  0.465E+01   0.56647E-01   0.00000E+00   0.10000E+00    0.50249E-02  -74.43         test_N_all
.5800E+00     5.000  0.450E+01   0.53449E-01   0.00000E+00   0.10000E+00    0.50249E-02  -85.82         test_N_all
.5900E+00     5.000  0.436E+01   0.50381E-01   0.00000E+00   0.10000E+00    0.50249E-02  -97.51         test_N_all
.6000E+00     5.000  0.422E+01   0.47437E-01   0.00000E+00   0.10000E+00    0.17692E-02 -882.72         test_N_all
.6100E+00     5.000  0.408E+01   0.44617E-01   0.00000E+00   0.10000E+00    0.50249E-02 -121.47         test_N_all
.6200E+00     5.000  0.395E+01   0.41915E-01   0.00000E+00   0.10000E+00    0.50249E-02 -133.62         test_N_all
.6300E+00     5.000  0.382E+01   0.39328E-01   0.00000E+00   0.10000E+00    0.50249E-02 -145.79         test_N_all
.6400E+00     5.000  0.369E+01   0.36852E-01   0.00000E+00   0.10000E+00    0.50249E-02 -157.93         test_N_all
.6500E+00     5.000  0.357E+01   0.34482E-01   0.00000E+00   0.10000E+00    0.50249E-02 -170.00         test_N_all
.6600E+00     5.000  0.346E+01   0.32216E-01   0.00000E+00   0.10000E+00    0.50249E-02 -181.97         test_N_all
.6700E+00     5.000  0.334E+01   0.30048E-01   0.00000E+00   0.10000E+00    0.50249E-02 -193.79         test_N_all
.6800E+00     5.000  0.323E+01   0.27975E-01   0.00000E+00   0.10000E+00    0.50249E-02 -205.45         test_N_all
.6900E+00     5.000  0.313E+01   0.25994E-01   0.00000E+00   0.10000E+00    0.50249E-02 -216.91         test_N_all
.7000E+00     5.000  0.302E+01   0.24101E-01   0.00000E+00   0.10000E+00    0.17692E-02 *******         test_N_all
.7100E+00     5.000  0.292E+01   0.22292E-01   0.00000E+00   0.10000E+00    0.50249E-02 -239.15         test_N_all
.7200E+00     5.000  0.283E+01   0.20564E-01   0.00000E+00   0.10000E+00    0.50249E-02 -249.90         test_N_all
.7300E+00     5.000  0.273E+01   0.18916E-01   0.00000E+00   0.10000E+00    0.50249E-02 -260.38         test_N_all
.7400E+00     5.000  0.264E+01   0.17342E-01   0.00000E+00   0.10000E+00    0.50249E-02 -270.59         test_N_all
.7500E+00     5.000  0.255E+01   0.15844E-01   0.00000E+00   0.10000E+00    0.50249E-02 -280.48         test_N_all
.7600E+00     5.000  0.246E+01   0.14414E-01   0.00000E+00   0.10000E+00    0.50249E-02 -290.09         test_N_all
.7700E+00     5.000  0.238E+01   0.13056E-01   0.00000E+00   0.10000E+00    0.50249E-02 -299.37         test_N_all
.7800E+00     5.000  0.229E+01   0.11767E-01   0.00000E+00   0.10000E+00    0.50249E-02 -308.32         test_N_all
.7900E+00     5.000  0.221E+01   0.10544E-01   0.00000E+00   0.10000E+00    0.50249E-02 -316.92         test_N_all
.8000E+00     5.000  0.213E+01   0.93881E-02   0.00000E+00   0.10000E+00    0.17692E-02 *******         test_N_all
.8100E+00     5.000  0.205E+01   0.82982E-02   0.00000E+00   0.10000E+00    0.50249E-02 -333.04         test_N_all
.8200E+00     5.000  0.198E+01   0.72761E-02   0.00000E+00   0.10000E+00    0.50249E-02 -340.50         test_N_all
.8300E+00     5.000  0.191E+01   0.63213E-02   0.00000E+00   0.10000E+00    0.50249E-02 -347.55         test_N_all
.8400E+00     5.000  0.183E+01   0.54323E-02   0.00000E+00   0.10000E+00    0.50249E-02 -354.18         test_N_all
.8500E+00     5.000  0.176E+01   0.46135E-02   0.00000E+00   0.10000E+00    0.50249E-02 -360.34         test_N_all
.8600E+00     5.000  0.170E+01   0.38610E-02   0.00000E+00   0.10000E+00    0.50249E-02 -366.05         test_N_all
.8700E+00     5.000  0.163E+01   0.31793E-02   0.00000E+00   0.10000E+00    0.50249E-02 -371.26         test_N_all
.8800E+00     5.000  0.156E+01   0.25681E-02   0.00000E+00   0.10000E+00    0.50249E-02 -375.96         test_N_all
.8900E+00     5.000  0.150E+01   0.20265E-02   0.00000E+00   0.10000E+00    0.50249E-02 -380.15         test_N_all
.9000E+00     5.000  0.144E+01   0.15570E-02   0.00000E+00   0.10000E+00    0.17692E-02 *******         test_N_all
.9100E+00     5.000  0.138E+01   0.11552E-02   0.00000E+00   0.10000E+00    0.50249E-02 -386.94         test_N_all
.9200E+00     5.000  0.132E+01   0.82243E-03   0.00000E+00   0.10000E+00    0.50249E-02 -389.55         test_N_all
.9300E+00     5.000  0.126E+01   0.55521E-03   0.00000E+00   0.10000E+00    0.50249E-02 -391.65         test_N_all
.9400E+00     5.000  0.120E+01   0.34825E-03   0.00000E+00   0.10000E+00    0.50249E-02 -393.29         test_N_all
.9500E+00     5.000  0.114E+01   0.20034E-03   0.00000E+00   0.10000E+00    0.50249E-02 -394.45         test_N_all
.9600E+00     5.000  0.109E+01   0.97070E-04   0.00000E+00   0.10000E+00    0.50249E-02 -395.27         test_N_all
.9700E+00     5.000  0.104E+01   0.37018E-04   0.00000E+00   0.10000E+00    0.50249E-02 -395.75         test_N_all
.9800E+00     5.000  0.984E+00   0.11601E-04   0.00000E+00   0.10000E+00    0.50249E-02 -395.95         test_N_all
.9900E+00     5.000  0.932E+00   0.76220E-05   0.00000E+00   0.10000E+00    0.50249E-02 -395.98         test_N_all
.1000E+01     5.000  0.882E+00   0.00000E+00   0.00000E+00   0.10000E+00    0.50249E-02 -396.04         test_N_all
.1000E-01    10.000  0.991E+03   0.52109E+00   0.00000E+00   0.10000E+00    0.50249E-02 7022.60         test_N_all
.2000E-01    10.000  0.491E+03   0.44736E+00   0.00000E+00   0.10000E+00    0.50249E-02 4778.57         test_N_all
.3000E-01    10.000  0.324E+03   0.40954E+00   0.00000E+00   0.10000E+00    0.50249E-02 3794.61         test_N_all
.4000E-01    10.000  0.241E+03   0.38910E+00   0.00000E+00   0.10000E+00    0.50249E-02 3310.10         test_N_all
.5000E-01    10.000  0.191E+03   0.37216E+00   0.00000E+00   0.10000E+00    0.50249E-02 2933.61         test_N_all
.6000E-01    10.000  0.158E+03   0.36004E+00   0.00000E+00   0.10000E+00    0.50249E-02 2677.99         test_N_all
.7000E-01    10.000  0.134E+03   0.34913E+00   0.00000E+00   0.10000E+00    0.50249E-02 2457.98         test_N_all
.8000E-01    10.000  0.116E+03   0.33973E+00   0.00000E+00   0.10000E+00    0.50249E-02 2276.12         test_N_all
.9000E-01    10.000  0.102E+03   0.33081E+00   0.00000E+00   0.10000E+00    0.50249E-02 2109.92         test_N_all
.1000E+00    10.000  0.909E+02   0.32246E+00   0.00000E+00   0.10000E+00    0.50249E-02 1959.94         test_N_all
.1100E+00    10.000  0.818E+02   0.31416E+00   0.00000E+00   0.10000E+00    0.50249E-02 1816.38         test_N_all
.1200E+00    10.000  0.742E+02   0.30617E+00   0.00000E+00   0.10000E+00    0.50249E-02 1683.46         test_N_all
.1300E+00    10.000  0.678E+02   0.29830E+00   0.00000E+00   0.10000E+00    0.50249E-02 1557.41         test_N_all
.1400E+00    10.000  0.623E+02   0.29047E+00   0.00000E+00   0.10000E+00    0.50249E-02 1436.80         test_N_all
.1500E+00    10.000  0.575E+02   0.28274E+00   0.00000E+00   0.10000E+00    0.50249E-02 1322.50         test_N_all
.1600E+00    10.000  0.534E+02   0.27508E+00   0.00000E+00   0.10000E+00    0.50249E-02 1213.97         test_N_all
.1700E+00    10.000  0.497E+02   0.26752E+00   0.00000E+00   0.10000E+00    0.50249E-02 1111.40         test_N_all
.1800E+00    10.000  0.464E+02   0.26007E+00   0.00000E+00   0.10000E+00    0.50249E-02 1014.74         test_N_all
.1900E+00    10.000  0.435E+02   0.25273E+00   0.00000E+00   0.10000E+00    0.50249E-02  923.83         test_N_all
.2000E+00    10.000  0.409E+02   0.24551E+00   0.00000E+00   0.10000E+00    0.50249E-02  838.51         test_N_all
.2100E+00    10.000  0.385E+02   0.23840E+00   0.00000E+00   0.10000E+00    0.50249E-02  758.58         test_N_all
.2200E+00    10.000  0.363E+02   0.23140E+00   0.00000E+00   0.10000E+00    0.50249E-02  683.82         test_N_all
.2300E+00    10.000  0.344E+02   0.22451E+00   0.00000E+00   0.10000E+00    0.50249E-02  613.99         test_N_all
.2400E+00    10.000  0.325E+02   0.21772E+00   0.00000E+00   0.10000E+00    0.50249E-02  548.85         test_N_all
.2500E+00    10.000  0.309E+02   0.21103E+00   0.00000E+00   0.10000E+00    0.50249E-02  488.22         test_N_all
.2600E+00    10.000  0.293E+02   0.20442E+00   0.00000E+00   0.10000E+00    0.50249E-02  431.80         test_N_all
.2700E+00    10.000  0.279E+02   0.19789E+00   0.00000E+00   0.10000E+00    0.50249E-02  379.51         test_N_all
.2800E+00    10.000  0.266E+02   0.19145E+00   0.00000E+00   0.10000E+00    0.50249E-02  331.21         test_N_all
.2900E+00    10.000  0.254E+02   0.18507E+00   0.00000E+00   0.10000E+00    0.50249E-02  286.64         test_N_all
.3000E+00    10.000  0.242E+02   0.17877E+00   0.00000E+00   0.10000E+00    0.18868E-02 1742.90         test_N_all
.3100E+00    10.000  0.231E+02   0.17252E+00   0.00000E+00   0.10000E+00    0.50249E-02  208.30         test_N_all
.3200E+00    10.000  0.221E+02   0.16634E+00   0.00000E+00   0.10000E+00    0.50249E-02  174.31         test_N_all
.3300E+00    10.000  0.212E+02   0.16022E+00   0.00000E+00   0.10000E+00    0.50249E-02  143.63         test_N_all
.3400E+00    10.000  0.203E+02   0.15416E+00   0.00000E+00   0.10000E+00    0.50249E-02  116.18         test_N_all
.3500E+00    10.000  0.195E+02   0.14817E+00   0.00000E+00   0.10000E+00    0.50249E-02   91.90         test_N_all
.3600E+00    10.000  0.187E+02   0.14225E+00   0.00000E+00   0.10000E+00    0.50249E-02   70.68         test_N_all
.3700E+00    10.000  0.179E+02   0.13640E+00   0.00000E+00   0.10000E+00    0.50249E-02   52.46         test_N_all
.3800E+00    10.000  0.172E+02   0.13062E+00   0.00000E+00   0.10000E+00    0.50249E-02   37.14         test_N_all
.3900E+00    10.000  0.165E+02   0.12494E+00   0.00000E+00   0.10000E+00    0.50249E-02   24.63         test_N_all
.4000E+00    10.000  0.159E+02   0.11934E+00   0.00000E+00   0.10000E+00    0.17692E-02  119.53         test_N_all
.4100E+00    10.000  0.153E+02   0.11385E+00   0.00000E+00   0.10000E+00    0.50249E-02    7.60         test_N_all
.4200E+00    10.000  0.147E+02   0.10846E+00   0.00000E+00   0.10000E+00    0.50249E-02    2.84         test_N_all
.4300E+00    10.000  0.141E+02   0.10319E+00   0.00000E+00   0.10000E+00    0.50249E-02    0.40         test_N_all
.4400E+00    10.000  0.136E+02   0.98038E-01   0.00000E+00   0.10000E+00    0.50249E-02   -0.15         test_N_all
.4500E+00    10.000  0.131E+02   0.93013E-01   0.00000E+00   0.10000E+00    0.50249E-02   -1.93         test_N_all
.4600E+00    10.000  0.126E+02   0.88129E-01   0.00000E+00   0.10000E+00    0.50249E-02   -5.58         test_N_all
.4700E+00    10.000  0.122E+02   0.83384E-01   0.00000E+00   0.10000E+00    0.50249E-02  -10.93         test_N_all
.4800E+00    10.000  0.117E+02   0.78784E-01   0.00000E+00   0.10000E+00    0.50249E-02  -17.83         test_N_all
.4900E+00    10.000  0.113E+02   0.74337E-01   0.00000E+00   0.10000E+00    0.50249E-02  -26.08         test_N_all
.5000E+00    10.000  0.109E+02   0.70041E-01   0.00000E+00   0.10000E+00    0.17692E-02 -286.76         test_N_all
.5100E+00    10.000  0.105E+02   0.65906E-01   0.00000E+00   0.10000E+00    0.50249E-02  -46.04         test_N_all
.5200E+00    10.000  0.101E+02   0.61928E-01   0.00000E+00   0.10000E+00    0.50249E-02  -57.41         test_N_all
.5300E+00    10.000  0.975E+01   0.58109E-01   0.00000E+00   0.10000E+00    0.50249E-02  -69.50         test_N_all
.5400E+00    10.000  0.940E+01   0.54452E-01   0.00000E+00   0.10000E+00    0.50249E-02  -82.16         test_N_all
.5500E+00    10.000  0.906E+01   0.50952E-01   0.00000E+00   0.10000E+00    0.50249E-02  -95.28         test_N_all
.5600E+00    10.000  0.874E+01   0.47614E-01   0.00000E+00   0.10000E+00    0.50249E-02 -108.69         test_N_all
.5700E+00    10.000  0.843E+01   0.44430E-01   0.00000E+00   0.10000E+00    0.50249E-02 -122.30         test_N_all
.5800E+00    10.000  0.812E+01   0.41400E-01   0.00000E+00   0.10000E+00    0.50249E-02 -136.00         test_N_all
.5900E+00    10.000  0.783E+01   0.38523E-01   0.00000E+00   0.10000E+00    0.50249E-02 -149.68         test_N_all
.6000E+00    10.000  0.755E+01   0.35791E-01   0.00000E+00   0.10000E+00    0.17692E-02 *******         test_N_all
.6100E+00    10.000  0.728E+01   0.33204E-01   0.00000E+00   0.10000E+00    0.50249E-02 -176.70         test_N_all
.6200E+00    10.000  0.701E+01   0.30757E-01   0.00000E+00   0.10000E+00    0.50249E-02 -189.89         test_N_all
.6300E+00    10.000  0.675E+01   0.28444E-01   0.00000E+00   0.10000E+00    0.50249E-02 -202.78         test_N_all
.6400E+00    10.000  0.651E+01   0.26261E-01   0.00000E+00   0.10000E+00    0.50249E-02 -215.34         test_N_all
.6500E+00    10.000  0.627E+01   0.24204E-01   0.00000E+00   0.10000E+00    0.50249E-02 -227.53         test_N_all
.6600E+00    10.000  0.603E+01   0.22267E-01   0.00000E+00   0.10000E+00    0.50249E-02 -239.30         test_N_all
.6700E+00    10.000  0.581E+01   0.20446E-01   0.00000E+00   0.10000E+00    0.50249E-02 -250.65         test_N_all
.6800E+00    10.000  0.559E+01   0.18734E-01   0.00000E+00   0.10000E+00    0.50249E-02 -261.55         test_N_all
.6900E+00    10.000  0.537E+01   0.17128E-01   0.00000E+00   0.10000E+00    0.50249E-02 -271.99         test_N_all
.7000E+00    10.000  0.517E+01   0.15623E-01   0.00000E+00   0.10000E+00    0.17692E-02 *******         test_N_all
.7100E+00    10.000  0.497E+01   0.14212E-01   0.00000E+00   0.10000E+00    0.50249E-02 -291.47         test_N_all
.7200E+00    10.000  0.477E+01   0.12893E-01   0.00000E+00   0.10000E+00    0.50249E-02 -300.50         test_N_all
.7300E+00    10.000  0.458E+01   0.11661E-01   0.00000E+00   0.10000E+00    0.50249E-02 -309.06         test_N_all
.7400E+00    10.000  0.440E+01   0.10509E-01   0.00000E+00   0.10000E+00    0.50249E-02 -317.17         test_N_all
.7500E+00    10.000  0.422E+01   0.94378E-02   0.00000E+00   0.10000E+00    0.50249E-02 -324.81         test_N_all
.7600E+00    10.000  0.404E+01   0.84386E-02   0.00000E+00   0.10000E+00    0.50249E-02 -332.02         test_N_all
.7700E+00    10.000  0.387E+01   0.75111E-02   0.00000E+00   0.10000E+00    0.50249E-02 -338.78         test_N_all
.7800E+00    10.000  0.370E+01   0.66515E-02   0.00000E+00   0.10000E+00    0.50249E-02 -345.11         test_N_all
.7900E+00    10.000  0.354E+01   0.58554E-02   0.00000E+00   0.10000E+00    0.50249E-02 -351.02         test_N_all
.8000E+00    10.000  0.338E+01   0.51213E-02   0.00000E+00   0.10000E+00    0.17692E-02 *******         test_N_all
.8100E+00    10.000  0.323E+01   0.44460E-02   0.00000E+00   0.10000E+00    0.50249E-02 -361.61         test_N_all
.8200E+00    10.000  0.308E+01   0.38283E-02   0.00000E+00   0.10000E+00    0.50249E-02 -366.30         test_N_all
.8300E+00    10.000  0.293E+01   0.32655E-02   0.00000E+00   0.10000E+00    0.50249E-02 -370.60         test_N_all
.8400E+00    10.000  0.279E+01   0.27547E-02   0.00000E+00   0.10000E+00    0.50249E-02 -374.52         test_N_all
.8500E+00    10.000  0.265E+01   0.22961E-02   0.00000E+00   0.10000E+00    0.50249E-02 -378.06         test_N_all
.8600E+00    10.000  0.251E+01   0.18853E-02   0.00000E+00   0.10000E+00    0.50249E-02 -381.25         test_N_all
.8700E+00    10.000  0.238E+01   0.15226E-02   0.00000E+00   0.10000E+00    0.50249E-02 -384.07         test_N_all
.8800E+00    10.000  0.225E+01   0.12057E-02   0.00000E+00   0.10000E+00    0.50249E-02 -386.55         test_N_all
.8900E+00    10.000  0.212E+01   0.93224E-03   0.00000E+00   0.10000E+00    0.50249E-02 -388.69         test_N_all
.9000E+00    10.000  0.199E+01   0.70155E-03   0.00000E+00   0.10000E+00    0.17692E-02 *******         test_N_all
.9100E+00    10.000  0.187E+01   0.50905E-03   0.00000E+00   0.10000E+00    0.50249E-02 -392.02         test_N_all
.9200E+00    10.000  0.175E+01   0.35418E-03   0.00000E+00   0.10000E+00    0.50249E-02 -393.24         test_N_all
.9300E+00    10.000  0.163E+01   0.23334E-03   0.00000E+00   0.10000E+00    0.50249E-02 -394.19         test_N_all
.9400E+00    10.000  0.152E+01   0.14233E-03   0.00000E+00   0.10000E+00    0.50249E-02 -394.91         test_N_all
.9500E+00    10.000  0.141E+01   0.79717E-04   0.00000E+00   0.10000E+00    0.50249E-02 -395.41         test_N_all
.9600E+00    10.000  0.130E+01   0.37093E-04   0.00000E+00   0.10000E+00    0.50249E-02 -395.75         test_N_all
.9700E+00    10.000  0.119E+01   0.13522E-04   0.00000E+00   0.10000E+00    0.50249E-02 -395.93         test_N_all
.9800E+00    10.000  0.109E+01   0.45479E-05   0.00000E+00   0.10000E+00    0.50249E-02 -396.00         test_N_all
.9900E+00    10.000  0.983E+00   0.38445E-05   0.00000E+00   0.10000E+00    0.50249E-02 -396.01         test_N_all
.1000E+01    10.000  0.882E+00   0.00000E+00   0.00000E+00   0.10000E+00    0.50249E-02 -396.04         test_N_all
.1000E-01    20.000  0.198E+04   0.59916E+00   0.00000E+00   0.10000E+00    0.50249E-02 9867.75         test_N_all
.2000E-01    20.000  0.981E+03   0.49943E+00   0.00000E+00   0.10000E+00    0.50249E-02 6318.57         test_N_all
.3000E-01    20.000  0.648E+03   0.44712E+00   0.00000E+00   0.10000E+00    0.50249E-02 4772.11         test_N_all
.4000E-01    20.000  0.481E+03   0.41838E+00   0.00000E+00   0.10000E+00    0.50249E-02 4014.59         test_N_all
.5000E-01    20.000  0.381E+03   0.39440E+00   0.00000E+00   0.10000E+00    0.50249E-02 3432.60         test_N_all
.6000E-01    20.000  0.314E+03   0.37735E+00   0.00000E+00   0.10000E+00    0.50249E-02 3046.36         test_N_all
.7000E-01    20.000  0.267E+03   0.36211E+00   0.00000E+00   0.10000E+00    0.50249E-02 2720.87         test_N_all
.8000E-01    20.000  0.231E+03   0.34948E+00   0.00000E+00   0.10000E+00    0.50249E-02 2465.02         test_N_all
.9000E-01    20.000  0.203E+03   0.33779E+00   0.00000E+00   0.10000E+00    0.50249E-02 2239.32         test_N_all
.1000E+00    20.000  0.181E+03   0.32716E+00   0.00000E+00   0.10000E+00    0.50249E-02 2043.67         test_N_all
.1100E+00    20.000  0.163E+03   0.31695E+00   0.00000E+00   0.10000E+00    0.50249E-02 1864.05         test_N_all
.1200E+00    20.000  0.148E+03   0.30724E+00   0.00000E+00   0.10000E+00    0.50249E-02 1700.97         test_N_all
.1300E+00    20.000  0.135E+03   0.29791E+00   0.00000E+00   0.10000E+00    0.50249E-02 1551.21         test_N_all
.1400E+00    20.000  0.124E+03   0.28880E+00   0.00000E+00   0.10000E+00    0.50249E-02 1411.77         test_N_all
.1500E+00    20.000  0.114E+03   0.27999E+00   0.00000E+00   0.10000E+00    0.50249E-02 1283.06         test_N_all
.1600E+00    20.000  0.106E+03   0.27138E+00   0.00000E+00   0.10000E+00    0.50249E-02 1163.22         test_N_all
.1700E+00    20.000  0.985E+02   0.26300E+00   0.00000E+00   0.10000E+00    0.50249E-02 1052.17         test_N_all
.1800E+00    20.000  0.920E+02   0.25482E+00   0.00000E+00   0.10000E+00    0.50249E-02  949.30         test_N_all
.1900E+00    20.000  0.861E+02   0.24684E+00   0.00000E+00   0.10000E+00    0.50249E-02  853.92         test_N_all
.2000E+00    20.000  0.809E+02   0.23905E+00   0.00000E+00   0.10000E+00    0.50249E-02  765.70         test_N_all
.2100E+00    20.000  0.761E+02   0.23142E+00   0.00000E+00   0.10000E+00    0.50249E-02  684.04         test_N_all
.2200E+00    20.000  0.718E+02   0.22396E+00   0.00000E+00   0.10000E+00    0.50249E-02  608.60         test_N_all
.2300E+00    20.000  0.678E+02   0.21666E+00   0.00000E+00   0.10000E+00    0.50249E-02  538.97         test_N_all
.2400E+00    20.000  0.642E+02   0.20949E+00   0.00000E+00   0.10000E+00    0.50249E-02  474.75         test_N_all
.2500E+00    20.000  0.609E+02   0.20245E+00   0.00000E+00   0.10000E+00    0.50249E-02  415.69         test_N_all
.2600E+00    20.000  0.578E+02   0.19553E+00   0.00000E+00   0.10000E+00    0.50249E-02  361.41         test_N_all
.2700E+00    20.000  0.550E+02   0.18872E+00   0.00000E+00   0.10000E+00    0.50249E-02  311.72         test_N_all
.2800E+00    20.000  0.523E+02   0.18201E+00   0.00000E+00   0.10000E+00    0.50249E-02  266.38         test_N_all
.2900E+00    20.000  0.498E+02   0.17540E+00   0.00000E+00   0.10000E+00    0.50249E-02  225.15         test_N_all
.3000E+00    20.000  0.475E+02   0.16888E+00   0.00000E+00   0.10000E+00    0.18868E-02 1332.71         test_N_all
.3100E+00    20.000  0.454E+02   0.16246E+00   0.00000E+00   0.10000E+00    0.50249E-02  154.48         test_N_all
.3200E+00    20.000  0.434E+02   0.15612E+00   0.00000E+00   0.10000E+00    0.50249E-02  124.73         test_N_all
.3300E+00    20.000  0.415E+02   0.14987E+00   0.00000E+00   0.10000E+00    0.50249E-02   98.50         test_N_all
.3400E+00    20.000  0.397E+02   0.14371E+00   0.00000E+00   0.10000E+00    0.50249E-02   75.65         test_N_all
.3500E+00    20.000  0.380E+02   0.13763E+00   0.00000E+00   0.10000E+00    0.50249E-02   56.08         test_N_all
.3600E+00    20.000  0.364E+02   0.13165E+00   0.00000E+00   0.10000E+00    0.50249E-02   39.67         test_N_all
.3700E+00    20.000  0.349E+02   0.12576E+00   0.00000E+00   0.10000E+00    0.50249E-02   26.28         test_N_all
.3800E+00    20.000  0.335E+02   0.11998E+00   0.00000E+00   0.10000E+00    0.50249E-02   15.80         test_N_all
.3900E+00    20.000  0.322E+02   0.11430E+00   0.00000E+00   0.10000E+00    0.50249E-02    8.10         test_N_all
.4000E+00    20.000  0.309E+02   0.10873E+00   0.00000E+00   0.10000E+00    0.17692E-02   24.36         test_N_all
.4100E+00    20.000  0.297E+02   0.10329E+00   0.00000E+00   0.10000E+00    0.50249E-02    0.43         test_N_all
.4200E+00    20.000  0.285E+02   0.97972E-01   0.00000E+00   0.10000E+00    0.50249E-02   -0.16         test_N_all
.4300E+00    20.000  0.274E+02   0.92788E-01   0.00000E+00   0.10000E+00    0.50249E-02   -2.06         test_N_all
.4400E+00    20.000  0.263E+02   0.87745E-01   0.00000E+00   0.10000E+00    0.50249E-02   -5.95         test_N_all
.4500E+00    20.000  0.253E+02   0.82845E-01   0.00000E+00   0.10000E+00    0.50249E-02  -11.65         test_N_all
.4600E+00    20.000  0.244E+02   0.78101E-01   0.00000E+00   0.10000E+00    0.50249E-02  -18.99         test_N_all
.4700E+00    20.000  0.234E+02   0.73511E-01   0.00000E+00   0.10000E+00    0.50249E-02  -27.79         test_N_all
.4800E+00    20.000  0.225E+02   0.69080E-01   0.00000E+00   0.10000E+00    0.50249E-02  -37.86         test_N_all
.4900E+00    20.000  0.217E+02   0.64815E-01   0.00000E+00   0.10000E+00    0.50249E-02  -49.03         test_N_all
.5000E+00    20.000  0.209E+02   0.60712E-01   0.00000E+00   0.10000E+00    0.17692E-02 -493.14         test_N_all
.5100E+00    20.000  0.201E+02   0.56781E-01   0.00000E+00   0.10000E+00    0.50249E-02  -73.98         test_N_all
.5200E+00    20.000  0.193E+02   0.53017E-01   0.00000E+00   0.10000E+00    0.50249E-02  -87.42         test_N_all
.5300E+00    20.000  0.186E+02   0.49421E-01   0.00000E+00   0.10000E+00    0.50249E-02 -101.32         test_N_all
.5400E+00    20.000  0.179E+02   0.45994E-01   0.00000E+00   0.10000E+00    0.50249E-02 -115.51         test_N_all
.5500E+00    20.000  0.172E+02   0.42732E-01   0.00000E+00   0.10000E+00    0.50249E-02 -129.89         test_N_all
.5600E+00    20.000  0.166E+02   0.39637E-01   0.00000E+00   0.10000E+00    0.50249E-02 -144.30         test_N_all
.5700E+00    20.000  0.160E+02   0.36704E-01   0.00000E+00   0.10000E+00    0.50249E-02 -158.67         test_N_all
.5800E+00    20.000  0.154E+02   0.33929E-01   0.00000E+00   0.10000E+00    0.50249E-02 -172.89         test_N_all
.5900E+00    20.000  0.148E+02   0.31309E-01   0.00000E+00   0.10000E+00    0.50249E-02 -186.87         test_N_all
.6000E+00    20.000  0.142E+02   0.28840E-01   0.00000E+00   0.10000E+00    0.17692E-02 *******         test_N_all
.6100E+00    20.000  0.137E+02   0.26519E-01   0.00000E+00   0.10000E+00    0.50249E-02 -213.84         test_N_all
.6200E+00    20.000  0.131E+02   0.24338E-01   0.00000E+00   0.10000E+00    0.50249E-02 -226.72         test_N_all
.6300E+00    20.000  0.126E+02   0.22295E-01   0.00000E+00   0.10000E+00    0.50249E-02 -239.13         test_N_all
.6400E+00    20.000  0.121E+02   0.20382E-01   0.00000E+00   0.10000E+00    0.50249E-02 -251.05         test_N_all
.6500E+00    20.000  0.117E+02   0.18595E-01   0.00000E+00   0.10000E+00    0.50249E-02 -262.45         test_N_all
.6600E+00    20.000  0.112E+02   0.16928E-01   0.00000E+00   0.10000E+00    0.50249E-02 -273.30         test_N_all
.6700E+00    20.000  0.107E+02   0.15376E-01   0.00000E+00   0.10000E+00    0.50249E-02 -283.61         test_N_all
.6800E+00    20.000  0.103E+02   0.13933E-01   0.00000E+00   0.10000E+00    0.50249E-02 -293.37         test_N_all
.6900E+00    20.000  0.987E+01   0.12593E-01   0.00000E+00   0.10000E+00    0.50249E-02 -302.57         test_N_all
.7000E+00    20.000  0.945E+01   0.11352E-01   0.00000E+00   0.10000E+00    0.17692E-02 *******         test_N_all
.7100E+00    20.000  0.905E+01   0.10202E-01   0.00000E+00   0.10000E+00    0.50249E-02 -319.35         test_N_all
.7200E+00    20.000  0.866E+01   0.91411E-02   0.00000E+00   0.10000E+00    0.50249E-02 -326.94         test_N_all
.7300E+00    20.000  0.828E+01   0.81625E-02   0.00000E+00   0.10000E+00    0.50249E-02 -334.02         test_N_all
.7400E+00    20.000  0.791E+01   0.72612E-02   0.00000E+00   0.10000E+00    0.50249E-02 -340.61         test_N_all
.7500E+00    20.000  0.755E+01   0.64343E-02   0.00000E+00   0.10000E+00    0.50249E-02 -346.71         test_N_all
.7600E+00    20.000  0.720E+01   0.56747E-02   0.00000E+00   0.10000E+00    0.50249E-02 -352.37         test_N_all
.7700E+00    20.000  0.686E+01   0.49808E-02   0.00000E+00   0.10000E+00    0.50249E-02 -357.57         test_N_all
.7800E+00    20.000  0.652E+01   0.43481E-02   0.00000E+00   0.10000E+00    0.50249E-02 -362.35         test_N_all
.7900E+00    20.000  0.620E+01   0.37721E-02   0.00000E+00   0.10000E+00    0.50249E-02 -366.73         test_N_all
.8000E+00    20.000  0.588E+01   0.32504E-02   0.00000E+00   0.10000E+00    0.17692E-02 *******         test_N_all
.8100E+00    20.000  0.557E+01   0.27789E-02   0.00000E+00   0.10000E+00    0.50249E-02 -374.33         test_N_all
.8200E+00    20.000  0.527E+01   0.23558E-02   0.00000E+00   0.10000E+00    0.50249E-02 -377.60         test_N_all
.8300E+00    20.000  0.498E+01   0.19777E-02   0.00000E+00   0.10000E+00    0.50249E-02 -380.53         test_N_all
.8400E+00    20.000  0.469E+01   0.16413E-02   0.00000E+00   0.10000E+00    0.50249E-02 -383.15         test_N_all
.8500E+00    20.000  0.441E+01   0.13454E-02   0.00000E+00   0.10000E+00    0.50249E-02 -385.45         test_N_all
.8600E+00    20.000  0.414E+01   0.10858E-02   0.00000E+00   0.10000E+00    0.50249E-02 -387.49         test_N_all
.8700E+00    20.000  0.387E+01   0.86163E-03   0.00000E+00   0.10000E+00    0.50249E-02 -389.24         test_N_all
.8800E+00    20.000  0.361E+01   0.67009E-03   0.00000E+00   0.10000E+00    0.50249E-02 -390.75         test_N_all
.8900E+00    20.000  0.335E+01   0.50840E-03   0.00000E+00   0.10000E+00    0.50249E-02 -392.02         test_N_all
.9000E+00    20.000  0.310E+01   0.37530E-03   0.00000E+00   0.10000E+00    0.17692E-02 *******         test_N_all
.9100E+00    20.000  0.286E+01   0.26674E-03   0.00000E+00   0.10000E+00    0.50249E-02 -393.93         test_N_all
.9200E+00    20.000  0.262E+01   0.18163E-03   0.00000E+00   0.10000E+00    0.50249E-02 -394.60         test_N_all
.9300E+00    20.000  0.239E+01   0.11696E-03   0.00000E+00   0.10000E+00    0.50249E-02 -395.11         test_N_all
.9400E+00    20.000  0.216E+01   0.69501E-04   0.00000E+00   0.10000E+00    0.50249E-02 -395.49         test_N_all
.9500E+00    20.000  0.193E+01   0.37973E-04   0.00000E+00   0.10000E+00    0.50249E-02 -395.74         test_N_all
.9600E+00    20.000  0.172E+01   0.17024E-04   0.00000E+00   0.10000E+00    0.50249E-02 -395.90         test_N_all
.9700E+00    20.000  0.150E+01   0.59766E-05   0.00000E+00   0.10000E+00    0.50249E-02 -395.99         test_N_all
.9800E+00    20.000  0.129E+01   0.21971E-05   0.00000E+00   0.10000E+00    0.50249E-02 -396.02         test_N_all
.9900E+00    20.000  0.108E+01   0.21935E-05   0.00000E+00   0.10000E+00    0.50249E-02 -396.02         test_N_all
.1000E+01    20.000  0.882E+00   0.00000E+00   0.00000E+00   0.10000E+00    0.50249E-02 -396.04         test_N_all
.1000E+00    50.000  0.451E+03   0.33080E+00   0.00000E+00   0.10000E+00    0.50249E-02 2109.71         test_N_all
.1100E+00    50.000  0.405E+03   0.31832E+00   0.00000E+00   0.10000E+00    0.50249E-02 1887.65         test_N_all
.1200E+00    50.000  0.368E+03   0.30672E+00   0.00000E+00   0.10000E+00    0.50249E-02 1692.33         test_N_all
.1300E+00    50.000  0.335E+03   0.29578E+00   0.00000E+00   0.10000E+00    0.50249E-02 1517.96         test_N_all
.1400E+00    50.000  0.308E+03   0.28528E+00   0.00000E+00   0.10000E+00    0.50249E-02 1359.61         test_N_all
.1500E+00    50.000  0.284E+03   0.27530E+00   0.00000E+00   0.10000E+00    0.50249E-02 1216.97         test_N_all
.1600E+00    50.000  0.263E+03   0.26565E+00   0.00000E+00   0.10000E+00    0.50249E-02 1086.70         test_N_all
.1700E+00    50.000  0.245E+03   0.25637E+00   0.00000E+00   0.10000E+00    0.50249E-02  968.35         test_N_all
.1800E+00    50.000  0.229E+03   0.24741E+00   0.00000E+00   0.10000E+00    0.50249E-02  860.62         test_N_all
.1900E+00    50.000  0.214E+03   0.23874E+00   0.00000E+00   0.10000E+00    0.50249E-02  762.29         test_N_all
.2000E+00    50.000  0.201E+03   0.23034E+00   0.00000E+00   0.10000E+00    0.50249E-02  672.79         test_N_all
.2100E+00    50.000  0.189E+03   0.22217E+00   0.00000E+00   0.10000E+00    0.50249E-02  591.10         test_N_all
.2200E+00    50.000  0.178E+03   0.21423E+00   0.00000E+00   0.10000E+00    0.50249E-02  516.75         test_N_all
.2300E+00    50.000  0.168E+03   0.20649E+00   0.00000E+00   0.10000E+00    0.50249E-02  449.14         test_N_all
.2400E+00    50.000  0.159E+03   0.19894E+00   0.00000E+00   0.10000E+00    0.50249E-02  387.71         test_N_all
.2500E+00    50.000  0.151E+03   0.19157E+00   0.00000E+00   0.10000E+00    0.50249E-02  332.10         test_N_all
.2600E+00    50.000  0.143E+03   0.18436E+00   0.00000E+00   0.10000E+00    0.50249E-02  281.82         test_N_all
.2700E+00    50.000  0.136E+03   0.17729E+00   0.00000E+00   0.10000E+00    0.50249E-02  236.60         test_N_all
.2800E+00    50.000  0.129E+03   0.17037E+00   0.00000E+00   0.10000E+00    0.50249E-02  196.13         test_N_all
.2900E+00    50.000  0.123E+03   0.16358E+00   0.00000E+00   0.10000E+00    0.50249E-02  160.10         test_N_all
.3000E+00    50.000  0.118E+03   0.15692E+00   0.00000E+00   0.10000E+00    0.18868E-02  910.20         test_N_all
.3100E+00    50.000  0.112E+03   0.15038E+00   0.00000E+00   0.10000E+00    0.50249E-02  100.54         test_N_all
.3200E+00    50.000  0.107E+03   0.14397E+00   0.00000E+00   0.10000E+00    0.50249E-02   76.57         test_N_all
.3300E+00    50.000  0.102E+03   0.13767E+00   0.00000E+00   0.10000E+00    0.50249E-02   56.21         test_N_all
.3400E+00    50.000  0.979E+02   0.13150E+00   0.00000E+00   0.10000E+00    0.50249E-02   39.29         test_N_all
.3500E+00    50.000  0.937E+02   0.12544E+00   0.00000E+00   0.10000E+00    0.50249E-02   25.64         test_N_all
.3600E+00    50.000  0.898E+02   0.11951E+00   0.00000E+00   0.10000E+00    0.50249E-02   15.08         test_N_all
.3700E+00    50.000  0.860E+02   0.11371E+00   0.00000E+00   0.10000E+00    0.50249E-02    7.44         test_N_all
.3800E+00    50.000  0.825E+02   0.10803E+00   0.00000E+00   0.10000E+00    0.50249E-02    2.55         test_N_all
.3900E+00    50.000  0.791E+02   0.10249E+00   0.00000E+00   0.10000E+00    0.50249E-02    0.25         test_N_all
.4000E+00    50.000  0.759E+02   0.97094E-01   0.00000E+00   0.10000E+00    0.17692E-02   -2.70         test_N_all
.4100E+00    50.000  0.728E+02   0.91841E-01   0.00000E+00   0.10000E+00    0.50249E-02   -2.64         test_N_all
.4200E+00    50.000  0.699E+02   0.86737E-01   0.00000E+00   0.10000E+00    0.50249E-02   -6.97         test_N_all
.4300E+00    50.000  0.672E+02   0.81786E-01   0.00000E+00   0.10000E+00    0.50249E-02  -13.14         test_N_all
.4400E+00    50.000  0.645E+02   0.76994E-01   0.00000E+00   0.10000E+00    0.50249E-02  -20.96         test_N_all
.4500E+00    50.000  0.620E+02   0.72363E-01   0.00000E+00   0.10000E+00    0.50249E-02  -30.25         test_N_all
.4600E+00    50.000  0.596E+02   0.67900E-01   0.00000E+00   0.10000E+00    0.50249E-02  -40.81         test_N_all
.4700E+00    50.000  0.573E+02   0.63604E-01   0.00000E+00   0.10000E+00    0.50249E-02  -52.46         test_N_all
.4800E+00    50.000  0.550E+02   0.59478E-01   0.00000E+00   0.10000E+00    0.50249E-02  -65.03         test_N_all
.4900E+00    50.000  0.529E+02   0.55526E-01   0.00000E+00   0.10000E+00    0.50249E-02  -78.34         test_N_all
.5000E+00    50.000  0.509E+02   0.51744E-01   0.00000E+00   0.10000E+00    0.17692E-02 -743.97         test_N_all
.5100E+00    50.000  0.489E+02   0.48138E-01   0.00000E+00   0.10000E+00    0.50249E-02 -106.52         test_N_all
.5200E+00    50.000  0.470E+02   0.44703E-01   0.00000E+00   0.10000E+00    0.50249E-02 -121.10         test_N_all
.5300E+00    50.000  0.452E+02   0.41438E-01   0.00000E+00   0.10000E+00    0.50249E-02 -135.82         test_N_all
.5400E+00    50.000  0.435E+02   0.38343E-01   0.00000E+00   0.10000E+00    0.50249E-02 -150.56         test_N_all
.5500E+00    50.000  0.418E+02   0.35413E-01   0.00000E+00   0.10000E+00    0.50249E-02 -165.21         test_N_all
.5600E+00    50.000  0.402E+02   0.32647E-01   0.00000E+00   0.10000E+00    0.50249E-02 -179.66         test_N_all
.5700E+00    50.000  0.386E+02   0.30040E-01   0.00000E+00   0.10000E+00    0.50249E-02 -193.84         test_N_all
.5800E+00    50.000  0.371E+02   0.27588E-01   0.00000E+00   0.10000E+00    0.50249E-02 -207.66         test_N_all
.5900E+00    50.000  0.356E+02   0.25287E-01   0.00000E+00   0.10000E+00    0.50249E-02 -221.07         test_N_all
.6000E+00    50.000  0.342E+02   0.23131E-01   0.00000E+00   0.10000E+00    0.17692E-02 *******         test_N_all
.6100E+00    50.000  0.328E+02   0.21115E-01   0.00000E+00   0.10000E+00    0.50249E-02 -246.45         test_N_all
.6200E+00    50.000  0.315E+02   0.19235E-01   0.00000E+00   0.10000E+00    0.50249E-02 -258.34         test_N_all
.6300E+00    50.000  0.302E+02   0.17484E-01   0.00000E+00   0.10000E+00    0.50249E-02 -269.66         test_N_all
.6400E+00    50.000  0.290E+02   0.15856E-01   0.00000E+00   0.10000E+00    0.50249E-02 -280.40         test_N_all
.6500E+00    50.000  0.278E+02   0.14347E-01   0.00000E+00   0.10000E+00    0.50249E-02 -290.55         test_N_all
.6600E+00    50.000  0.266E+02   0.12948E-01   0.00000E+00   0.10000E+00    0.50249E-02 -300.12         test_N_all
.6700E+00    50.000  0.255E+02   0.11657E-01   0.00000E+00   0.10000E+00    0.50249E-02 -309.09         test_N_all
.6800E+00    50.000  0.244E+02   0.10466E-01   0.00000E+00   0.10000E+00    0.50249E-02 -317.48         test_N_all
.6900E+00    50.000  0.233E+02   0.93693E-02   0.00000E+00   0.10000E+00    0.50249E-02 -325.30         test_N_all
.7000E+00    50.000  0.223E+02   0.83629E-02   0.00000E+00   0.10000E+00    0.17692E-02 *******         test_N_all
.7100E+00    50.000  0.213E+02   0.74392E-02   0.00000E+00   0.10000E+00    0.50249E-02 -339.31         test_N_all
.7200E+00    50.000  0.203E+02   0.65950E-02   0.00000E+00   0.10000E+00    0.50249E-02 -345.52         test_N_all
.7300E+00    50.000  0.194E+02   0.58246E-02   0.00000E+00   0.10000E+00    0.50249E-02 -351.25         test_N_all
.7400E+00    50.000  0.184E+02   0.51227E-02   0.00000E+00   0.10000E+00    0.50249E-02 -356.50         test_N_all
.7500E+00    50.000  0.175E+02   0.44862E-02   0.00000E+00   0.10000E+00    0.50249E-02 -361.30         test_N_all
.7600E+00    50.000  0.167E+02   0.39087E-02   0.00000E+00   0.10000E+00    0.50249E-02 -365.68         test_N_all
.7700E+00    50.000  0.158E+02   0.33877E-02   0.00000E+00   0.10000E+00    0.50249E-02 -369.66         test_N_all
.7800E+00    50.000  0.150E+02   0.29190E-02   0.00000E+00   0.10000E+00    0.50249E-02 -373.26         test_N_all
.7900E+00    50.000  0.142E+02   0.24983E-02   0.00000E+00   0.10000E+00    0.50249E-02 -376.50         test_N_all
.8000E+00    50.000  0.134E+02   0.21229E-02   0.00000E+00   0.10000E+00    0.17692E-02 *******         test_N_all
.8100E+00    50.000  0.126E+02   0.17889E-02   0.00000E+00   0.10000E+00    0.50249E-02 -382.00         test_N_all
.8200E+00    50.000  0.119E+02   0.14940E-02   0.00000E+00   0.10000E+00    0.50249E-02 -384.29         test_N_all
.8300E+00    50.000  0.111E+02   0.12349E-02   0.00000E+00   0.10000E+00    0.50249E-02 -386.32         test_N_all
.8400E+00    50.000  0.104E+02   0.10085E-02   0.00000E+00   0.10000E+00    0.50249E-02 -388.09         test_N_all
.8500E+00    50.000  0.971E+01   0.81306E-03   0.00000E+00   0.10000E+00    0.50249E-02 -389.63         test_N_all
.8600E+00    50.000  0.902E+01   0.64486E-03   0.00000E+00   0.10000E+00    0.50249E-02 -390.95         test_N_all
.8700E+00    50.000  0.835E+01   0.50257E-03   0.00000E+00   0.10000E+00    0.50249E-02 -392.07         test_N_all
.8800E+00    50.000  0.770E+01   0.38358E-03   0.00000E+00   0.10000E+00    0.50249E-02 -393.01         test_N_all
.8900E+00    50.000  0.706E+01   0.28531E-03   0.00000E+00   0.10000E+00    0.50249E-02 -393.78         test_N_all
.9000E+00    50.000  0.644E+01   0.20637E-03   0.00000E+00   0.10000E+00    0.17692E-02 *******         test_N_all
.9100E+00    50.000  0.583E+01   0.14344E-03   0.00000E+00   0.10000E+00    0.50249E-02 -394.90         test_N_all
.9200E+00    50.000  0.523E+01   0.95418E-04   0.00000E+00   0.10000E+00    0.50249E-02 -395.28         test_N_all
.9300E+00    50.000  0.465E+01   0.59927E-04   0.00000E+00   0.10000E+00    0.50249E-02 -395.57         test_N_all
.9400E+00    50.000  0.407E+01   0.34586E-04   0.00000E+00   0.10000E+00    0.50249E-02 -395.77         test_N_all
.9500E+00    50.000  0.351E+01   0.18395E-04   0.00000E+00   0.10000E+00    0.50249E-02 -395.89         test_N_all
.9600E+00    50.000  0.297E+01   0.79107E-05   0.00000E+00   0.10000E+00    0.50249E-02 -395.98         test_N_all
.9700E+00    50.000  0.243E+01   0.26781E-05   0.00000E+00   0.10000E+00    0.50249E-02 -396.02         test_N_all
.9800E+00    50.000  0.190E+01   0.11198E-05   0.00000E+00   0.10000E+00    0.50249E-02 -396.03         test_N_all
.9900E+00    50.000  0.139E+01   0.12790E-05   0.00000E+00   0.10000E+00    0.50249E-02 -396.03         test_N_all
.1000E+01    50.000  0.882E+00   0.00000E+00   0.00000E+00   0.10000E+00    0.50249E-02 -396.04         test_N_all
.1000E+00   100.000  0.901E+03   0.33225E+00   0.00000E+00   0.10000E+00    0.50249E-02 2136.15         test_N_all
.1100E+00   100.000  0.810E+03   0.31829E+00   0.00000E+00   0.10000E+00    0.50249E-02 1887.19         test_N_all
.1200E+00   100.000  0.734E+03   0.30547E+00   0.00000E+00   0.10000E+00    0.50249E-02 1671.97         test_N_all
.1300E+00   100.000  0.670E+03   0.29350E+00   0.00000E+00   0.10000E+00    0.50249E-02 1482.86         test_N_all
.1400E+00   100.000  0.615E+03   0.28212E+00   0.00000E+00   0.10000E+00    0.50249E-02 1313.60         test_N_all
.1500E+00   100.000  0.568E+03   0.27139E+00   0.00000E+00   0.10000E+00    0.50249E-02 1163.29         test_N_all
.1600E+00   100.000  0.526E+03   0.26108E+00   0.00000E+00   0.10000E+00    0.50249E-02 1027.60         test_N_all
.1700E+00   100.000  0.489E+03   0.25123E+00   0.00000E+00   0.10000E+00    0.50249E-02  905.82         test_N_all
.1800E+00   100.000  0.456E+03   0.24179E+00   0.00000E+00   0.10000E+00    0.50249E-02  796.19         test_N_all
.1900E+00   100.000  0.427E+03   0.23268E+00   0.00000E+00   0.10000E+00    0.50249E-02  697.19         test_N_all
.2000E+00   100.000  0.401E+03   0.22391E+00   0.00000E+00   0.10000E+00    0.50249E-02  608.06         test_N_all
.2100E+00   100.000  0.377E+03   0.21541E+00   0.00000E+00   0.10000E+00    0.50249E-02  527.52         test_N_all
.2200E+00   100.000  0.355E+03   0.20719E+00   0.00000E+00   0.10000E+00    0.50249E-02  455.00         test_N_all
.2300E+00   100.000  0.336E+03   0.19920E+00   0.00000E+00   0.10000E+00    0.50249E-02  389.75         test_N_all
.2400E+00   100.000  0.318E+03   0.19144E+00   0.00000E+00   0.10000E+00    0.50249E-02  331.12         test_N_all
.2500E+00   100.000  0.301E+03   0.18389E+00   0.00000E+00   0.10000E+00    0.50249E-02  278.68         test_N_all
.2600E+00   100.000  0.285E+03   0.17652E+00   0.00000E+00   0.10000E+00    0.50249E-02  231.86         test_N_all
.2700E+00   100.000  0.271E+03   0.16933E+00   0.00000E+00   0.10000E+00    0.50249E-02  190.35         test_N_all
.2800E+00   100.000  0.258E+03   0.16231E+00   0.00000E+00   0.10000E+00    0.50249E-02  153.76         test_N_all
.2900E+00   100.000  0.246E+03   0.15545E+00   0.00000E+00   0.10000E+00    0.50249E-02  121.76         test_N_all
.3000E+00   100.000  0.234E+03   0.14874E+00   0.00000E+00   0.10000E+00    0.18868E-02  667.40         test_N_all
.3100E+00   100.000  0.223E+03   0.14218E+00   0.00000E+00   0.10000E+00    0.50249E-02   70.47         test_N_all
.3200E+00   100.000  0.213E+03   0.13577E+00   0.00000E+00   0.10000E+00    0.50249E-02   50.67         test_N_all
.3300E+00   100.000  0.204E+03   0.12950E+00   0.00000E+00   0.10000E+00    0.50249E-02   34.47         test_N_all
.3400E+00   100.000  0.195E+03   0.12337E+00   0.00000E+00   0.10000E+00    0.50249E-02   21.63         test_N_all
.3500E+00   100.000  0.187E+03   0.11739E+00   0.00000E+00   0.10000E+00    0.50249E-02   11.97         test_N_all
.3600E+00   100.000  0.179E+03   0.11155E+00   0.00000E+00   0.10000E+00    0.50249E-02    5.28         test_N_all
.3700E+00   100.000  0.171E+03   0.10585E+00   0.00000E+00   0.10000E+00    0.50249E-02    1.36         test_N_all
.3800E+00   100.000  0.164E+03   0.10031E+00   0.00000E+00   0.10000E+00    0.50249E-02    0.00         test_N_all
.3900E+00   100.000  0.157E+03   0.94912E-01   0.00000E+00   0.10000E+00    0.50249E-02   -1.03         test_N_all
.4000E+00   100.000  0.151E+03   0.89673E-01   0.00000E+00   0.10000E+00    0.17692E-02  -34.07         test_N_all
.4100E+00   100.000  0.145E+03   0.84594E-01   0.00000E+00   0.10000E+00    0.50249E-02   -9.40         test_N_all
.4200E+00   100.000  0.139E+03   0.79677E-01   0.00000E+00   0.10000E+00    0.50249E-02  -16.36         test_N_all
.4300E+00   100.000  0.133E+03   0.74926E-01   0.00000E+00   0.10000E+00    0.50249E-02  -24.90         test_N_all
.4400E+00   100.000  0.128E+03   0.70344E-01   0.00000E+00   0.10000E+00    0.50249E-02  -34.83         test_N_all
.4500E+00   100.000  0.123E+03   0.65930E-01   0.00000E+00   0.10000E+00    0.50249E-02  -45.97         test_N_all
.4600E+00   100.000  0.118E+03   0.61692E-01   0.00000E+00   0.10000E+00    0.50249E-02  -58.12         test_N_all
.4700E+00   100.000  0.114E+03   0.57627E-01   0.00000E+00   0.10000E+00    0.50249E-02  -71.11         test_N_all
.4800E+00   100.000  0.109E+03   0.53736E-01   0.00000E+00   0.10000E+00    0.50249E-02  -84.77         test_N_all
.4900E+00   100.000  0.105E+03   0.50022E-01   0.00000E+00   0.10000E+00    0.50249E-02  -98.92         test_N_all
.5000E+00   100.000  0.101E+03   0.46480E-01   0.00000E+00   0.10000E+00    0.17692E-02 -915.13         test_N_all
.5100E+00   100.000  0.970E+02   0.43114E-01   0.00000E+00   0.10000E+00    0.50249E-02 -128.16         test_N_all
.5200E+00   100.000  0.932E+02   0.39918E-01   0.00000E+00   0.10000E+00    0.50249E-02 -142.97         test_N_all
.5300E+00   100.000  0.896E+02   0.36890E-01   0.00000E+00   0.10000E+00    0.50249E-02 -157.74         test_N_all
.5400E+00   100.000  0.861E+02   0.34029E-01   0.00000E+00   0.10000E+00    0.50249E-02 -172.36         test_N_all
.5500E+00   100.000  0.827E+02   0.31330E-01   0.00000E+00   0.10000E+00    0.50249E-02 -186.76         test_N_all
.5600E+00   100.000  0.795E+02   0.28790E-01   0.00000E+00   0.10000E+00    0.50249E-02 -200.83         test_N_all
.5700E+00   100.000  0.763E+02   0.26404E-01   0.00000E+00   0.10000E+00    0.50249E-02 -214.51         test_N_all
.5800E+00   100.000  0.733E+02   0.24167E-01   0.00000E+00   0.10000E+00    0.50249E-02 -227.75         test_N_all
.5900E+00   100.000  0.704E+02   0.22075E-01   0.00000E+00   0.10000E+00    0.50249E-02 -240.49         test_N_all
.6000E+00   100.000  0.675E+02   0.20121E-01   0.00000E+00   0.10000E+00    0.17692E-02 *******         test_N_all
.6100E+00   100.000  0.648E+02   0.18301E-01   0.00000E+00   0.10000E+00    0.50249E-02 -264.35         test_N_all
.6200E+00   100.000  0.622E+02   0.16609E-01   0.00000E+00   0.10000E+00    0.50249E-02 -275.41         test_N_all
.6300E+00   100.000  0.596E+02   0.15038E-01   0.00000E+00   0.10000E+00    0.50249E-02 -285.88         test_N_all
.6400E+00   100.000  0.571E+02   0.13584E-01   0.00000E+00   0.10000E+00    0.50249E-02 -295.75         test_N_all
.6500E+00   100.000  0.547E+02   0.12241E-01   0.00000E+00   0.10000E+00    0.50249E-02 -305.02         test_N_all
.6600E+00   100.000  0.524E+02   0.11001E-01   0.00000E+00   0.10000E+00    0.50249E-02 -313.70         test_N_all
.6700E+00   100.000  0.501E+02   0.98603E-02   0.00000E+00   0.10000E+00    0.50249E-02 -321.79         test_N_all
.6800E+00   100.000  0.479E+02   0.88127E-02   0.00000E+00   0.10000E+00    0.50249E-02 -329.31         test_N_all
.6900E+00   100.000  0.458E+02   0.78523E-02   0.00000E+00   0.10000E+00    0.50249E-02 -336.29         test_N_all
.7000E+00   100.000  0.437E+02   0.69748E-02   0.00000E+00   0.10000E+00    0.17692E-02 *******         test_N_all
.7100E+00   100.000  0.417E+02   0.61731E-02   0.00000E+00   0.10000E+00    0.50249E-02 -348.65         test_N_all
.7200E+00   100.000  0.398E+02   0.54439E-02   0.00000E+00   0.10000E+00    0.50249E-02 -354.09         test_N_all
.7300E+00   100.000  0.379E+02   0.47818E-02   0.00000E+00   0.10000E+00    0.50249E-02 -359.07         test_N_all
.7400E+00   100.000  0.360E+02   0.41818E-02   0.00000E+00   0.10000E+00    0.50249E-02 -363.61         test_N_all
.7500E+00   100.000  0.342E+02   0.36407E-02   0.00000E+00   0.10000E+00    0.50249E-02 -367.73         test_N_all
.7600E+00   100.000  0.325E+02   0.31526E-02   0.00000E+00   0.10000E+00    0.50249E-02 -371.46         test_N_all
.7700E+00   100.000  0.308E+02   0.27150E-02   0.00000E+00   0.10000E+00    0.50249E-02 -374.83         test_N_all
.7800E+00   100.000  0.291E+02   0.23239E-02   0.00000E+00   0.10000E+00    0.50249E-02 -377.85         test_N_all
.7900E+00   100.000  0.275E+02   0.19752E-02   0.00000E+00   0.10000E+00    0.50249E-02 -380.55         test_N_all
.8000E+00   100.000  0.259E+02   0.16664E-02   0.00000E+00   0.10000E+00    0.17692E-02 *******         test_N_all
.8100E+00   100.000  0.243E+02   0.13936E-02   0.00000E+00   0.10000E+00    0.50249E-02 -385.08         test_N_all
.8200E+00   100.000  0.228E+02   0.11547E-02   0.00000E+00   0.10000E+00    0.50249E-02 -386.95         test_N_all
.8300E+00   100.000  0.214E+02   0.94668E-03   0.00000E+00   0.10000E+00    0.50249E-02 -388.58         test_N_all
.8400E+00   100.000  0.199E+02   0.76646E-03   0.00000E+00   0.10000E+00    0.50249E-02 -389.99         test_N_all
.8500E+00   100.000  0.185E+02   0.61244E-03   0.00000E+00   0.10000E+00    0.50249E-02 -391.20         test_N_all
.8600E+00   100.000  0.172E+02   0.48114E-03   0.00000E+00   0.10000E+00    0.50249E-02 -392.24         test_N_all
.8700E+00   100.000  0.158E+02   0.37127E-03   0.00000E+00   0.10000E+00    0.50249E-02 -393.10         test_N_all
.8800E+00   100.000  0.145E+02   0.28041E-03   0.00000E+00   0.10000E+00    0.50249E-02 -393.82         test_N_all
.8900E+00   100.000  0.132E+02   0.20625E-03   0.00000E+00   0.10000E+00    0.50249E-02 -394.41         test_N_all
.9000E+00   100.000  0.120E+02   0.14747E-03   0.00000E+00   0.10000E+00    0.17692E-02 *******         test_N_all
.9100E+00   100.000  0.108E+02   0.10117E-03   0.00000E+00   0.10000E+00    0.50249E-02 -395.24         test_N_all
.9200E+00   100.000  0.958E+01   0.66385E-04   0.00000E+00   0.10000E+00    0.50249E-02 -395.51         test_N_all
.9300E+00   100.000  0.841E+01   0.41077E-04   0.00000E+00   0.10000E+00    0.50249E-02 -395.71         test_N_all
.9400E+00   100.000  0.726E+01   0.23289E-04   0.00000E+00   0.10000E+00    0.50249E-02 -395.86         test_N_all
.9500E+00   100.000  0.614E+01   0.12191E-04   0.00000E+00   0.10000E+00    0.50249E-02 -395.94         test_N_all
.9600E+00   100.000  0.505E+01   0.51093E-05   0.00000E+00   0.10000E+00    0.50249E-02 -396.00         test_N_all
.9700E+00   100.000  0.397E+01   0.16995E-05   0.00000E+00   0.10000E+00    0.50249E-02 -396.03         test_N_all
.9800E+00   100.000  0.292E+01   0.78659E-06   0.00000E+00   0.10000E+00    0.50249E-02 -396.03         test_N_all
.9900E+00   100.000  0.189E+01   0.95747E-06   0.00000E+00   0.10000E+00    0.50249E-02 -396.03         test_N_all
.1000E+01   100.000  0.882E+00   0.00000E+00   0.00000E+00   0.10000E+00    0.50249E-02 -396.04         test_N_all



 CHI SQUARE=******** FOR  582 POINTS   CHISQ/NPTS=  642.45
 Signed chisquare total =********
 Modified residual =********


Summary normalization chi2 contributions

 data set     normalization        error         chisq


Summary chi2 per data set

 data set      chisq    _w     signd    _w     resid     _w   npts   chisq/pts  _w
test_N_all  373905.3        101998.9        ********           582  642.45
------------------------------------------------------------------------------------
TOTAL       373905.3373905.3101998.9     0.0****************   582  642.45  642.45
TOTAL+norm  373905.3373905.3                                   582  642.45  642.45



            Momentum Sum Rule Check


      q2      alphas      xuv       xdv       xub       xdb       xsb       xcb       xbb      xglue     total
      1.69    0.3845    0.3169    0.1347    0.0537    0.0692    0.0246    0.0000    0.0000    0.4011    1.0002
    100.00    0.1784    0.2233    0.0949    0.0640    0.0749    0.0435    0.0262    0.0088    0.4615    0.9973
   1000.00    0.1407    0.0000    0.0000    0.0000    0.0000    0.0000    0.0000    0.0000    0.0000    0.0000
   8315.00    0.1180    0.0000    0.0000    0.0000    0.0000    0.0000    0.0000    0.0000    0.0000    0.0000


 Vector Boson Cross Sections

 sqrt(s)   sigma(W)    error    theory

   1960.     2.865     0.063       0.000     D0

   1960.     2.749     0.054       0.000     CDF

   7000.     9.95      0.29        0.000     CMS

   7000.     9.96      0.55        0.000     ATLAS

 sqrt(s)   sigma(Z)    error    theory

   1960.     .2649     .0094       0.000     D0

   1960.     .2549     .0057       0.000     CDF

   7000.     .931      0.035       0.000     CMS

   7000.     .82       0.08        0.000     ATLAS


