 Correlated errors added in quadrature with statistical errors
 test_N_all DIS data with   1.69< Q2 < 0.500D+03 and 0.000 < xB < 1.000 and   0.00< W2 < 0.100D+05 and 0.000 < y < 1.000
   No TMC applied
   no HT corrections

# fitpack15: fit output
# CJ15 AV18 final data choices                                                 

Parametrization   7 used here

 S-ACOT scheme used  for NC DIS

 charm mass =     1.30 GeV     bottom mass =     4.50 GeV



 THIS IS A NEXT TO LEADING ORDER FIT

 Q02=    1.69
         1  LAMBDA      VALUE=   0.22680      WEIGHT=    0.0000    
         2  a0uv        VALUE=    1.9042      WEIGHT=    0.0000    
         3  a1uv        VALUE=   0.55764      WEIGHT=   0.21506E-01
         4  a2uv        VALUE=    3.4753      WEIGHT=   0.12252E-01
         5  a3uv        VALUE=    0.0000      WEIGHT=    0.0000    
         6  a4uv        VALUE=    4.3113      WEIGHT=   0.56402    
         7  a5uv        VALUE=    0.0000      WEIGHT=    0.0000    
         8  a0dv        VALUE=    28.902      WEIGHT=    0.0000    
         9  a1dv        VALUE=    1.1785      WEIGHT=   0.28946E-01
        10  a2dv        VALUE=    6.7673      WEIGHT=   0.15101    
        11  a3dv        VALUE=   -3.6831      WEIGHT=   0.72594E-01
        12  a4dv        VALUE=    4.8771      WEIGHT=   0.12781    
        13  a5dv        VALUE=    0.0000      WEIGHT=    0.0000    
        14  a0ud        VALUE=   0.14106      WEIGHT=   0.48853E-02
        15  a1ud        VALUE=  -0.21130      WEIGHT=   0.37708E-02
        16  a2ud        VALUE=    8.3071      WEIGHT=   0.19210    
        17  a3ud        VALUE=    0.0000      WEIGHT=    0.0000    
        18  a4ud        VALUE=    14.490      WEIGHT=    1.1972    
        19  a5ud        VALUE=    0.0000      WEIGHT=    0.0000    
        20  a0du        VALUE=    35712.      WEIGHT=    0.0000    
        21  a1du        VALUE=    4.1743      WEIGHT=   0.79953E-01
        22  a2du        VALUE=    18.646      WEIGHT=   0.84912    
        23  a3du        VALUE=    17.000      WEIGHT=    0.0000    
        24  a4du        VALUE=    56.315      WEIGHT=    8.4022    
        25  a0g         VALUE=    60.434      WEIGHT=    0.0000    
        26  a1g         VALUE=   0.65191      WEIGHT=   0.34275E-01
        27  a2g         VALUE=    7.5089      WEIGHT=   0.74258    
        28  a3g         VALUE=   -3.8044      WEIGHT=   0.15493    
        29  a4g         VALUE=    4.3685      WEIGHT=   0.40526    
        30  a5g         VALUE=    0.0000      WEIGHT=    0.0000    
        31  kappa       VALUE=   0.40000      WEIGHT=    0.0000    
        32  a6dv        VALUE=  -0.39542E-02  WEIGHT=   0.58935E-03
        33  a7dv        VALUE=    2.0000      WEIGHT=    0.0000    
        34  off1        VALUE=    0.0000      WEIGHT=    0.0000    
        35  off2        VALUE=    0.0000      WEIGHT=    0.0000    
        36  off3        VALUE=    0.0000      WEIGHT=    0.0000    
        37  ht1         VALUE=   -29.253      WEIGHT=    1.4985    
        38  ht2         VALUE=    4.3631      WEIGHT=   0.10915    
        39  ht3         VALUE=   -1.8902      WEIGHT=   0.15519E-01
        40  ht4         VALUE=    0.0000      WEIGHT=    0.0000    
        41  ht1n        VALUE=   -16.587      WEIGHT=    2.1349    
        42  ht2n        VALUE=    2.8652      WEIGHT=   0.18233    
        43  ht3n        VALUE=   -2.0691      WEIGHT=   0.32327E-01
        44  ht4n        VALUE=    0.0000      WEIGHT=    0.0000    
        45  dummy45     VALUE=    0.0000      WEIGHT=    0.0000    
        46  dummy46     VALUE=    0.0000      WEIGHT=    0.0000    
        47  dummy47     VALUE=    0.0000      WEIGHT=    0.0000    
        48  dummy48     VALUE=    0.0000      WEIGHT=    0.0000    
        49  dummy49     VALUE=    0.0000      WEIGHT=    0.0000    
        50  bcdmsh2     VALUE=   0.95658      WEIGHT=   0.46542E-02
        51  bcdmsd2     VALUE=   0.97906      WEIGHT=   0.55330E-02
        52  ccfr        VALUE=    1.0000      WEIGHT=    0.0000    
        53  nutev       VALUE=    1.0000      WEIGHT=    0.0000    
        54  zeus        VALUE=   0.97998      WEIGHT=    0.0000    
        55  h1          VALUE=    1.0162      WEIGHT=    0.0000    
        56  e605        VALUE=    1.0319      WEIGHT=    0.0000    
        57  NmcH2       VALUE=   0.99476      WEIGHT=   0.69955E-02
        58  ntv_nu      VALUE=    1.0000      WEIGHT=    0.0000    
        59  ntv_nubar   VALUE=    1.0000      WEIGHT=    0.0000    
        60  cdf_jet     VALUE=   0.98910      WEIGHT=    0.0000    
        61  d0_jet      VALUE=   0.83504      WEIGHT=    0.0000    
        62  slac_p      VALUE=   0.99959      WEIGHT=   0.50581E-02
        63  slac_d      VALUE=   0.98882      WEIGHT=   0.50354E-02
        64  e866pp      VALUE=   0.95746      WEIGHT=   0.19468E-01
        65  e866pd      VALUE=   0.94470      WEIGHT=   0.15260E-01
        66  d0_gamjet   VALUE=    1.0366      WEIGHT=   0.16420E-01
        67  h1b         VALUE=   0.97608      WEIGHT=    0.0000    
        68  jlab_p      VALUE=   0.99064      WEIGHT=   0.63474E-02
        69  jlab_d      VALUE=   0.96615      WEIGHT=   0.59357E-02
        70  blank       VALUE=    1.0000      WEIGHT=    0.0000    
        71  d0run2      VALUE=   0.97876      WEIGHT=   0.14220E-01
        72  cdfrun2     VALUE=   0.96185      WEIGHT=   0.17466E-01
        73  HERA_el     VALUE=    1.0000      WEIGHT=    0.0000    
        74  HERA_ps     VALUE=    1.0000      WEIGHT=    0.0000    
        75  CDF_Z       VALUE=   0.94123      WEIGHT=   0.58500E-02
        76  NmcRat      VALUE=    1.0000      WEIGHT=    0.0000    
        77  BNS_F2nd    VALUE=   0.94580      WEIGHT=   0.94564E-02
        78  HERMES_F2p  VALUE=   0.98876      WEIGHT=   0.56557E-02
        79  HERMES_F2d  VALUE=   0.96503      WEIGHT=   0.56545E-02
0THE TOLERANCE IS    0.1000
 THE MAXIMUM NUMBER OF STEPS IS 100
0THE INITIAL CHI SQUARED IS  3.93735E+05



     X        Q2         W2       THEORY        error         DATA           ERROR        chi^2     _w    ITYPE
.1000E-01     2.000  0.199E+03   0.33669E+00   0.00000E+00   0.10000E+00    0.50249E-02 2218.69         test_N_all
.2000E-01     2.000  0.989E+02   0.31442E+00   0.00000E+00   0.10000E+00    0.50249E-02 1820.91         test_N_all
.3000E-01     2.000  0.655E+02   0.30622E+00   0.00000E+00   0.10000E+00    0.50249E-02 1684.18         test_N_all
.4000E-01     2.000  0.489E+02   0.30447E+00   0.00000E+00   0.10000E+00    0.50249E-02 1655.82         test_N_all
.5000E-01     2.000  0.389E+02   0.30373E+00   0.00000E+00   0.10000E+00    0.50249E-02 1643.82         test_N_all
.6000E-01     2.000  0.322E+02   0.30401E+00   0.00000E+00   0.10000E+00    0.50249E-02 1648.40         test_N_all
.7000E-01     2.000  0.275E+02   0.30434E+00   0.00000E+00   0.10000E+00    0.50249E-02 1653.60         test_N_all
.8000E-01     2.000  0.239E+02   0.30435E+00   0.00000E+00   0.10000E+00    0.50249E-02 1653.83         test_N_all
.9000E-01     2.000  0.211E+02   0.30395E+00   0.00000E+00   0.10000E+00    0.50249E-02 1647.35         test_N_all
.1000E+00     2.000  0.189E+02   0.30297E+00   0.00000E+00   0.10000E+00    0.50249E-02 1631.49         test_N_all
.1100E+00     2.000  0.171E+02   0.30137E+00   0.00000E+00   0.10000E+00    0.50249E-02 1606.01         test_N_all
.1200E+00     2.000  0.155E+02   0.29915E+00   0.00000E+00   0.10000E+00    0.50249E-02 1570.76         test_N_all
.1300E+00     2.000  0.143E+02   0.29636E+00   0.00000E+00   0.10000E+00    0.50249E-02 1527.06         test_N_all
.1400E+00     2.000  0.132E+02   0.29309E+00   0.00000E+00   0.10000E+00    0.50249E-02 1476.59         test_N_all
.1500E+00     2.000  0.122E+02   0.28934E+00   0.00000E+00   0.10000E+00    0.50249E-02 1419.73         test_N_all
.1600E+00     2.000  0.114E+02   0.28530E+00   0.00000E+00   0.10000E+00    0.50249E-02 1359.91         test_N_all
.1700E+00     2.000  0.106E+02   0.28098E+00   0.00000E+00   0.10000E+00    0.50249E-02 1297.16         test_N_all
.1800E+00     2.000  0.999E+01   0.27644E+00   0.00000E+00   0.10000E+00    0.50249E-02 1232.97         test_N_all
.1900E+00     2.000  0.941E+01   0.27180E+00   0.00000E+00   0.10000E+00    0.50249E-02 1168.90         test_N_all
.2000E+00     2.000  0.888E+01   0.26703E+00   0.00000E+00   0.10000E+00    0.50249E-02 1104.88         test_N_all
.2100E+00     2.000  0.841E+01   0.26223E+00   0.00000E+00   0.10000E+00    0.50249E-02 1042.35         test_N_all
.2200E+00     2.000  0.797E+01   0.25739E+00   0.00000E+00   0.10000E+00    0.50249E-02  981.10         test_N_all
.2300E+00     2.000  0.758E+01   0.25253E+00   0.00000E+00   0.10000E+00    0.50249E-02  921.43         test_N_all
.2400E+00     2.000  0.722E+01   0.24767E+00   0.00000E+00   0.10000E+00    0.50249E-02  863.64         test_N_all
.2500E+00     2.000  0.688E+01   0.24280E+00   0.00000E+00   0.10000E+00    0.50249E-02  807.59         test_N_all
.2600E+00     2.000  0.657E+01   0.23792E+00   0.00000E+00   0.10000E+00    0.50249E-02  753.38         test_N_all
.2700E+00     2.000  0.629E+01   0.23303E+00   0.00000E+00   0.10000E+00    0.50249E-02  700.92         test_N_all
.2800E+00     2.000  0.602E+01   0.22812E+00   0.00000E+00   0.10000E+00    0.50249E-02  650.13         test_N_all
.2900E+00     2.000  0.578E+01   0.22318E+00   0.00000E+00   0.10000E+00    0.50249E-02  600.94         test_N_all
.3000E+00     2.000  0.555E+01   0.21820E+00   0.00000E+00   0.10000E+00    0.18868E-02 3924.73         test_N_all
.3100E+00     2.000  0.533E+01   0.21317E+00   0.00000E+00   0.10000E+00    0.50249E-02  507.19         test_N_all
.3200E+00     2.000  0.513E+01   0.20807E+00   0.00000E+00   0.10000E+00    0.50249E-02  462.54         test_N_all
.3300E+00     2.000  0.494E+01   0.20290E+00   0.00000E+00   0.10000E+00    0.50249E-02  419.38         test_N_all
.3400E+00     2.000  0.476E+01   0.19766E+00   0.00000E+00   0.10000E+00    0.50249E-02  377.69         test_N_all
.3500E+00     2.000  0.460E+01   0.19233E+00   0.00000E+00   0.10000E+00    0.50249E-02  337.62         test_N_all
.3600E+00     2.000  0.444E+01   0.18691E+00   0.00000E+00   0.10000E+00    0.50249E-02  299.13         test_N_all
.3700E+00     2.000  0.429E+01   0.18140E+00   0.00000E+00   0.10000E+00    0.50249E-02  262.42         test_N_all
.3800E+00     2.000  0.414E+01   0.17581E+00   0.00000E+00   0.10000E+00    0.50249E-02  227.61         test_N_all
.3900E+00     2.000  0.401E+01   0.17013E+00   0.00000E+00   0.10000E+00    0.50249E-02  194.80         test_N_all
.4000E+00     2.000  0.388E+01   0.16439E+00   0.00000E+00   0.10000E+00    0.17692E-02 1324.45         test_N_all
.4100E+00     2.000  0.376E+01   0.15857E+00   0.00000E+00   0.10000E+00    0.50249E-02  135.87         test_N_all
.4200E+00     2.000  0.364E+01   0.15270E+00   0.00000E+00   0.10000E+00    0.50249E-02  110.01         test_N_all
.4300E+00     2.000  0.353E+01   0.14680E+00   0.00000E+00   0.10000E+00    0.50249E-02   86.73         test_N_all
.4400E+00     2.000  0.343E+01   0.14086E+00   0.00000E+00   0.10000E+00    0.50249E-02   66.14         test_N_all
.4500E+00     2.000  0.333E+01   0.13492E+00   0.00000E+00   0.10000E+00    0.50249E-02   48.30         test_N_all
.4600E+00     2.000  0.323E+01   0.12899E+00   0.00000E+00   0.10000E+00    0.50249E-02   33.29         test_N_all
.4700E+00     2.000  0.314E+01   0.12308E+00   0.00000E+00   0.10000E+00    0.50249E-02   21.10         test_N_all
.4800E+00     2.000  0.305E+01   0.11722E+00   0.00000E+00   0.10000E+00    0.50249E-02   11.74         test_N_all
.4900E+00     2.000  0.296E+01   0.11142E+00   0.00000E+00   0.10000E+00    0.50249E-02    5.16         test_N_all
.5000E+00     2.000  0.288E+01   0.10569E+00   0.00000E+00   0.10000E+00    0.17692E-02   10.33         test_N_all
.5100E+00     2.000  0.280E+01   0.10006E+00   0.00000E+00   0.10000E+00    0.50249E-02    0.00         test_N_all
.5200E+00     2.000  0.273E+01   0.94532E-01   0.00000E+00   0.10000E+00    0.50249E-02   -1.18         test_N_all
.5300E+00     2.000  0.266E+01   0.89128E-01   0.00000E+00   0.10000E+00    0.50249E-02   -4.68         test_N_all
.5400E+00     2.000  0.259E+01   0.83865E-01   0.00000E+00   0.10000E+00    0.50249E-02  -10.31         test_N_all
.5500E+00     2.000  0.252E+01   0.78742E-01   0.00000E+00   0.10000E+00    0.50249E-02  -17.90         test_N_all
.5600E+00     2.000  0.245E+01   0.73785E-01   0.00000E+00   0.10000E+00    0.50249E-02  -27.22         test_N_all
.5700E+00     2.000  0.239E+01   0.68991E-01   0.00000E+00   0.10000E+00    0.50249E-02  -38.08         test_N_all
.5800E+00     2.000  0.233E+01   0.64370E-01   0.00000E+00   0.10000E+00    0.50249E-02  -50.28         test_N_all
.5900E+00     2.000  0.227E+01   0.59933E-01   0.00000E+00   0.10000E+00    0.50249E-02  -63.58         test_N_all
.6000E+00     2.000  0.222E+01   0.55676E-01   0.00000E+00   0.10000E+00    0.17692E-02 -627.67         test_N_all
.6100E+00     2.000  0.216E+01   0.51613E-01   0.00000E+00   0.10000E+00    0.50249E-02  -92.73         test_N_all
.6200E+00     2.000  0.211E+01   0.47738E-01   0.00000E+00   0.10000E+00    0.50249E-02 -108.17         test_N_all
.6300E+00     2.000  0.206E+01   0.44052E-01   0.00000E+00   0.10000E+00    0.50249E-02 -123.97         test_N_all
.6400E+00     2.000  0.201E+01   0.40559E-01   0.00000E+00   0.10000E+00    0.50249E-02 -139.93         test_N_all
.6500E+00     2.000  0.196E+01   0.37252E-01   0.00000E+00   0.10000E+00    0.50249E-02 -155.93         test_N_all
.6600E+00     2.000  0.191E+01   0.34134E-01   0.00000E+00   0.10000E+00    0.50249E-02 -171.82         test_N_all
.6700E+00     2.000  0.187E+01   0.31197E-01   0.00000E+00   0.10000E+00    0.50249E-02 -187.48         test_N_all
.6800E+00     2.000  0.182E+01   0.28439E-01   0.00000E+00   0.10000E+00    0.50249E-02 -202.81         test_N_all
.6900E+00     2.000  0.178E+01   0.25854E-01   0.00000E+00   0.10000E+00    0.50249E-02 -217.73         test_N_all
.7000E+00     2.000  0.174E+01   0.23438E-01   0.00000E+00   0.10000E+00    0.17692E-02 *******         test_N_all
.7100E+00     2.000  0.170E+01   0.21184E-01   0.00000E+00   0.10000E+00    0.50249E-02 -246.02         test_N_all
.7200E+00     2.000  0.166E+01   0.19086E-01   0.00000E+00   0.10000E+00    0.50249E-02 -259.29         test_N_all
.7300E+00     2.000  0.162E+01   0.17137E-01   0.00000E+00   0.10000E+00    0.50249E-02 -271.93         test_N_all
.7400E+00     2.000  0.158E+01   0.15331E-01   0.00000E+00   0.10000E+00    0.50249E-02 -283.91         test_N_all
.7500E+00     2.000  0.155E+01   0.13663E-01   0.00000E+00   0.10000E+00    0.50249E-02 -295.21         test_N_all
.7600E+00     2.000  0.151E+01   0.12123E-01   0.00000E+00   0.10000E+00    0.50249E-02 -305.84         test_N_all
.7700E+00     2.000  0.148E+01   0.10707E-01   0.00000E+00   0.10000E+00    0.50249E-02 -315.77         test_N_all
.7800E+00     2.000  0.145E+01   0.94080E-02   0.00000E+00   0.10000E+00    0.50249E-02 -325.03         test_N_all
.7900E+00     2.000  0.141E+01   0.82193E-02   0.00000E+00   0.10000E+00    0.50249E-02 -333.61         test_N_all
.8000E+00     2.000  0.138E+01   0.71346E-02   0.00000E+00   0.10000E+00    0.17692E-02 *******         test_N_all
.8100E+00     2.000  0.135E+01   0.61499E-02   0.00000E+00   0.10000E+00    0.50249E-02 -348.83         test_N_all
.8200E+00     2.000  0.132E+01   0.52598E-02   0.00000E+00   0.10000E+00    0.50249E-02 -355.47         test_N_all
.8300E+00     2.000  0.129E+01   0.44586E-02   0.00000E+00   0.10000E+00    0.50249E-02 -361.51         test_N_all
.8400E+00     2.000  0.126E+01   0.37403E-02   0.00000E+00   0.10000E+00    0.50249E-02 -366.97         test_N_all
.8500E+00     2.000  0.123E+01   0.31022E-02   0.00000E+00   0.10000E+00    0.50249E-02 -371.85         test_N_all
.8600E+00     2.000  0.121E+01   0.25376E-02   0.00000E+00   0.10000E+00    0.50249E-02 -376.20         test_N_all
.8700E+00     2.000  0.118E+01   0.20438E-02   0.00000E+00   0.10000E+00    0.50249E-02 -380.02         test_N_all
.8800E+00     2.000  0.115E+01   0.16162E-02   0.00000E+00   0.10000E+00    0.50249E-02 -383.34         test_N_all
.8900E+00     2.000  0.113E+01   0.12503E-02   0.00000E+00   0.10000E+00    0.50249E-02 -386.20         test_N_all
.9000E+00     2.000  0.110E+01   0.94264E-03   0.00000E+00   0.10000E+00    0.17692E-02 *******         test_N_all
.9100E+00     2.000  0.108E+01   0.68801E-03   0.00000E+00   0.10000E+00    0.50249E-02 -390.61         test_N_all
.9200E+00     2.000  0.106E+01   0.48273E-03   0.00000E+00   0.10000E+00    0.50249E-02 -392.23         test_N_all
.9300E+00     2.000  0.103E+01   0.32202E-03   0.00000E+00   0.10000E+00    0.50249E-02 -393.49         test_N_all
.9400E+00     2.000  0.101E+01   0.20074E-03   0.00000E+00   0.10000E+00    0.50249E-02 -394.45         test_N_all
.9500E+00     2.000  0.987E+00   0.11476E-03   0.00000E+00   0.10000E+00    0.50249E-02 -395.13         test_N_all
.9600E+00     2.000  0.965E+00   0.56440E-04   0.00000E+00   0.10000E+00    0.50249E-02 -395.59         test_N_all
.9700E+00     2.000  0.944E+00   0.22157E-04   0.00000E+00   0.10000E+00    0.50249E-02 -395.86         test_N_all
.9800E+00     2.000  0.923E+00   0.63471E-05   0.00000E+00   0.10000E+00    0.50249E-02 -395.99         test_N_all
.9900E+00     2.000  0.902E+00   0.23054E-05   0.00000E+00   0.10000E+00    0.50249E-02 -396.02         test_N_all
.1000E+01     2.000  0.882E+00   0.00000E+00   0.00000E+00   0.10000E+00    0.50249E-02 -396.04         test_N_all
.1000E-01     5.000  0.496E+03   0.44205E+00   0.00000E+00   0.10000E+00    0.50249E-02 4633.56         test_N_all
.2000E-01     5.000  0.246E+03   0.39214E+00   0.00000E+00   0.10000E+00    0.50249E-02 3380.01         test_N_all
.3000E-01     5.000  0.163E+03   0.36818E+00   0.00000E+00   0.10000E+00    0.50249E-02 2848.37         test_N_all
.4000E-01     5.000  0.121E+03   0.35616E+00   0.00000E+00   0.10000E+00    0.50249E-02 2598.67         test_N_all
.5000E-01     5.000  0.959E+02   0.34646E+00   0.00000E+00   0.10000E+00    0.50249E-02 2405.73         test_N_all
.6000E-01     5.000  0.792E+02   0.33959E+00   0.00000E+00   0.10000E+00    0.50249E-02 2273.32         test_N_all
.7000E-01     5.000  0.673E+02   0.33333E+00   0.00000E+00   0.10000E+00    0.50249E-02 2156.15         test_N_all
.8000E-01     5.000  0.584E+02   0.32773E+00   0.00000E+00   0.10000E+00    0.50249E-02 2053.94         test_N_all
.9000E-01     5.000  0.514E+02   0.32218E+00   0.00000E+00   0.10000E+00    0.50249E-02 1955.09         test_N_all
.1000E+00     5.000  0.459E+02   0.31669E+00   0.00000E+00   0.10000E+00    0.50249E-02 1859.62         test_N_all
.1100E+00     5.000  0.413E+02   0.31103E+00   0.00000E+00   0.10000E+00    0.50249E-02 1763.65         test_N_all
.1200E+00     5.000  0.375E+02   0.30529E+00   0.00000E+00   0.10000E+00    0.50249E-02 1669.08         test_N_all
.1300E+00     5.000  0.343E+02   0.29941E+00   0.00000E+00   0.10000E+00    0.50249E-02 1574.76         test_N_all
.1400E+00     5.000  0.316E+02   0.29336E+00   0.00000E+00   0.10000E+00    0.50249E-02 1480.73         test_N_all
.1500E+00     5.000  0.292E+02   0.28721E+00   0.00000E+00   0.10000E+00    0.50249E-02 1387.98         test_N_all
.1600E+00     5.000  0.271E+02   0.28100E+00   0.00000E+00   0.10000E+00    0.50249E-02 1297.44         test_N_all
.1700E+00     5.000  0.253E+02   0.27475E+00   0.00000E+00   0.10000E+00    0.50249E-02 1209.36         test_N_all
.1800E+00     5.000  0.237E+02   0.26849E+00   0.00000E+00   0.10000E+00    0.50249E-02 1124.28         test_N_all
.1900E+00     5.000  0.222E+02   0.26225E+00   0.00000E+00   0.10000E+00    0.50249E-02 1042.63         test_N_all
.2000E+00     5.000  0.209E+02   0.25604E+00   0.00000E+00   0.10000E+00    0.50249E-02  964.34         test_N_all
.2100E+00     5.000  0.197E+02   0.24988E+00   0.00000E+00   0.10000E+00    0.50249E-02  889.69         test_N_all
.2200E+00     5.000  0.186E+02   0.24377E+00   0.00000E+00   0.10000E+00    0.50249E-02  818.61         test_N_all
.2300E+00     5.000  0.176E+02   0.23771E+00   0.00000E+00   0.10000E+00    0.50249E-02  751.03         test_N_all
.2400E+00     5.000  0.167E+02   0.23169E+00   0.00000E+00   0.10000E+00    0.50249E-02  686.83         test_N_all
.2500E+00     5.000  0.159E+02   0.22571E+00   0.00000E+00   0.10000E+00    0.50249E-02  625.89         test_N_all
.2600E+00     5.000  0.151E+02   0.21976E+00   0.00000E+00   0.10000E+00    0.50249E-02  568.06         test_N_all
.2700E+00     5.000  0.144E+02   0.21384E+00   0.00000E+00   0.10000E+00    0.50249E-02  513.27         test_N_all
.2800E+00     5.000  0.137E+02   0.20794E+00   0.00000E+00   0.10000E+00    0.50249E-02  461.41         test_N_all
.2900E+00     5.000  0.131E+02   0.20204E+00   0.00000E+00   0.10000E+00    0.50249E-02  412.37         test_N_all
.3000E+00     5.000  0.125E+02   0.19615E+00   0.00000E+00   0.10000E+00    0.18868E-02 2596.97         test_N_all
.3100E+00     5.000  0.120E+02   0.19026E+00   0.00000E+00   0.10000E+00    0.50249E-02  322.61         test_N_all
.3200E+00     5.000  0.115E+02   0.18435E+00   0.00000E+00   0.10000E+00    0.50249E-02  281.81         test_N_all
.3300E+00     5.000  0.110E+02   0.17845E+00   0.00000E+00   0.10000E+00    0.50249E-02  243.71         test_N_all
.3400E+00     5.000  0.106E+02   0.17252E+00   0.00000E+00   0.10000E+00    0.50249E-02  208.30         test_N_all
.3500E+00     5.000  0.102E+02   0.16659E+00   0.00000E+00   0.10000E+00    0.50249E-02  175.64         test_N_all
.3600E+00     5.000  0.977E+01   0.16065E+00   0.00000E+00   0.10000E+00    0.50249E-02  145.70         test_N_all
.3700E+00     5.000  0.940E+01   0.15471E+00   0.00000E+00   0.10000E+00    0.50249E-02  118.56         test_N_all
.3800E+00     5.000  0.904E+01   0.14878E+00   0.00000E+00   0.10000E+00    0.50249E-02   94.22         test_N_all
.3900E+00     5.000  0.870E+01   0.14285E+00   0.00000E+00   0.10000E+00    0.50249E-02   72.71         test_N_all
.4000E+00     5.000  0.838E+01   0.13694E+00   0.00000E+00   0.10000E+00    0.17692E-02  435.99         test_N_all
.4100E+00     5.000  0.808E+01   0.13107E+00   0.00000E+00   0.10000E+00    0.50249E-02   38.22         test_N_all
.4200E+00     5.000  0.779E+01   0.12523E+00   0.00000E+00   0.10000E+00    0.50249E-02   25.21         test_N_all
.4300E+00     5.000  0.751E+01   0.11945E+00   0.00000E+00   0.10000E+00    0.50249E-02   14.98         test_N_all
.4400E+00     5.000  0.725E+01   0.11374E+00   0.00000E+00   0.10000E+00    0.50249E-02    7.48         test_N_all
.4500E+00     5.000  0.699E+01   0.10810E+00   0.00000E+00   0.10000E+00    0.50249E-02    2.60         test_N_all
.4600E+00     5.000  0.675E+01   0.10256E+00   0.00000E+00   0.10000E+00    0.50249E-02    0.26         test_N_all
.4700E+00     5.000  0.652E+01   0.97127E-01   0.00000E+00   0.10000E+00    0.50249E-02   -0.33         test_N_all
.4800E+00     5.000  0.630E+01   0.91805E-01   0.00000E+00   0.10000E+00    0.50249E-02   -2.66         test_N_all
.4900E+00     5.000  0.609E+01   0.86612E-01   0.00000E+00   0.10000E+00    0.50249E-02   -7.10         test_N_all
.5000E+00     5.000  0.588E+01   0.81552E-01   0.00000E+00   0.10000E+00    0.17692E-02 -108.74         test_N_all
.5100E+00     5.000  0.569E+01   0.76644E-01   0.00000E+00   0.10000E+00    0.50249E-02  -21.60         test_N_all
.5200E+00     5.000  0.550E+01   0.71888E-01   0.00000E+00   0.10000E+00    0.50249E-02  -31.30         test_N_all
.5300E+00     5.000  0.532E+01   0.67292E-01   0.00000E+00   0.10000E+00    0.50249E-02  -42.37         test_N_all
.5400E+00     5.000  0.514E+01   0.62868E-01   0.00000E+00   0.10000E+00    0.50249E-02  -54.61         test_N_all
.5500E+00     5.000  0.497E+01   0.58612E-01   0.00000E+00   0.10000E+00    0.50249E-02  -67.84         test_N_all
.5600E+00     5.000  0.481E+01   0.54537E-01   0.00000E+00   0.10000E+00    0.50249E-02  -81.86         test_N_all
.5700E+00     5.000  0.465E+01   0.50639E-01   0.00000E+00   0.10000E+00    0.50249E-02  -96.50         test_N_all
.5800E+00     5.000  0.450E+01   0.46920E-01   0.00000E+00   0.10000E+00    0.50249E-02 -111.58         test_N_all
.5900E+00     5.000  0.436E+01   0.43385E-01   0.00000E+00   0.10000E+00    0.50249E-02 -126.94         test_N_all
.6000E+00     5.000  0.422E+01   0.40027E-01   0.00000E+00   0.10000E+00    0.17692E-02 *******         test_N_all
.6100E+00     5.000  0.408E+01   0.36851E-01   0.00000E+00   0.10000E+00    0.50249E-02 -157.93         test_N_all
.6200E+00     5.000  0.395E+01   0.33850E-01   0.00000E+00   0.10000E+00    0.50249E-02 -173.30         test_N_all
.6300E+00     5.000  0.382E+01   0.31022E-01   0.00000E+00   0.10000E+00    0.50249E-02 -188.43         test_N_all
.6400E+00     5.000  0.369E+01   0.28365E-01   0.00000E+00   0.10000E+00    0.50249E-02 -203.23         test_N_all
.6500E+00     5.000  0.357E+01   0.25872E-01   0.00000E+00   0.10000E+00    0.50249E-02 -217.62         test_N_all
.6600E+00     5.000  0.346E+01   0.23539E-01   0.00000E+00   0.10000E+00    0.50249E-02 -231.53         test_N_all
.6700E+00     5.000  0.334E+01   0.21362E-01   0.00000E+00   0.10000E+00    0.50249E-02 -244.91         test_N_all
.6800E+00     5.000  0.323E+01   0.19333E-01   0.00000E+00   0.10000E+00    0.50249E-02 -257.71         test_N_all
.6900E+00     5.000  0.313E+01   0.17448E-01   0.00000E+00   0.10000E+00    0.50249E-02 -269.90         test_N_all
.7000E+00     5.000  0.302E+01   0.15699E-01   0.00000E+00   0.10000E+00    0.17692E-02 *******         test_N_all
.7100E+00     5.000  0.292E+01   0.14081E-01   0.00000E+00   0.10000E+00    0.50249E-02 -292.36         test_N_all
.7200E+00     5.000  0.283E+01   0.12587E-01   0.00000E+00   0.10000E+00    0.50249E-02 -302.61         test_N_all
.7300E+00     5.000  0.273E+01   0.11211E-01   0.00000E+00   0.10000E+00    0.50249E-02 -312.21         test_N_all
.7400E+00     5.000  0.264E+01   0.99467E-02   0.00000E+00   0.10000E+00    0.50249E-02 -321.17         test_N_all
.7500E+00     5.000  0.255E+01   0.87887E-02   0.00000E+00   0.10000E+00    0.50249E-02 -329.48         test_N_all
.7600E+00     5.000  0.246E+01   0.77286E-02   0.00000E+00   0.10000E+00    0.50249E-02 -337.19         test_N_all
.7700E+00     5.000  0.238E+01   0.67629E-02   0.00000E+00   0.10000E+00    0.50249E-02 -344.28         test_N_all
.7800E+00     5.000  0.229E+01   0.58857E-02   0.00000E+00   0.10000E+00    0.50249E-02 -350.79         test_N_all
.7900E+00     5.000  0.221E+01   0.50904E-02   0.00000E+00   0.10000E+00    0.50249E-02 -356.75         test_N_all
.8000E+00     5.000  0.213E+01   0.43727E-02   0.00000E+00   0.10000E+00    0.17692E-02 *******         test_N_all
.8100E+00     5.000  0.205E+01   0.37278E-02   0.00000E+00   0.10000E+00    0.50249E-02 -367.06         test_N_all
.8200E+00     5.000  0.198E+01   0.31515E-02   0.00000E+00   0.10000E+00    0.50249E-02 -371.47         test_N_all
.8300E+00     5.000  0.191E+01   0.26390E-02   0.00000E+00   0.10000E+00    0.50249E-02 -375.41         test_N_all
.8400E+00     5.000  0.183E+01   0.21855E-02   0.00000E+00   0.10000E+00    0.50249E-02 -378.92         test_N_all
.8500E+00     5.000  0.176E+01   0.17882E-02   0.00000E+00   0.10000E+00    0.50249E-02 -382.00         test_N_all
.8600E+00     5.000  0.170E+01   0.14415E-02   0.00000E+00   0.10000E+00    0.50249E-02 -384.70         test_N_all
.8700E+00     5.000  0.163E+01   0.11432E-02   0.00000E+00   0.10000E+00    0.50249E-02 -387.04         test_N_all
.8800E+00     5.000  0.156E+01   0.88926E-03   0.00000E+00   0.10000E+00    0.50249E-02 -389.03         test_N_all
.8900E+00     5.000  0.150E+01   0.67570E-03   0.00000E+00   0.10000E+00    0.50249E-02 -390.71         test_N_all
.9000E+00     5.000  0.144E+01   0.49986E-03   0.00000E+00   0.10000E+00    0.17692E-02 *******         test_N_all
.9100E+00     5.000  0.138E+01   0.35705E-03   0.00000E+00   0.10000E+00    0.50249E-02 -393.22         test_N_all
.9200E+00     5.000  0.132E+01   0.24473E-03   0.00000E+00   0.10000E+00    0.50249E-02 -394.10         test_N_all
.9300E+00     5.000  0.126E+01   0.15906E-03   0.00000E+00   0.10000E+00    0.50249E-02 -394.78         test_N_all
.9400E+00     5.000  0.120E+01   0.96055E-04   0.00000E+00   0.10000E+00    0.50249E-02 -395.28         test_N_all
.9500E+00     5.000  0.114E+01   0.53203E-04   0.00000E+00   0.10000E+00    0.50249E-02 -395.62         test_N_all
.9600E+00     5.000  0.109E+01   0.24820E-04   0.00000E+00   0.10000E+00    0.50249E-02 -395.84         test_N_all
.9700E+00     5.000  0.104E+01   0.91143E-05   0.00000E+00   0.10000E+00    0.50249E-02 -395.97         test_N_all
.9800E+00     5.000  0.984E+00   0.27507E-05   0.00000E+00   0.10000E+00    0.50249E-02 -396.02         test_N_all
.9900E+00     5.000  0.932E+00   0.17405E-05   0.00000E+00   0.10000E+00    0.50249E-02 -396.03         test_N_all
.1000E+01     5.000  0.882E+00   0.00000E+00   0.00000E+00   0.10000E+00    0.50249E-02 -396.04         test_N_all
.1000E-01    10.000  0.991E+03   0.52110E+00   0.00000E+00   0.10000E+00    0.50249E-02 7022.63         test_N_all
.2000E-01    10.000  0.491E+03   0.44737E+00   0.00000E+00   0.10000E+00    0.50249E-02 4778.77         test_N_all
.3000E-01    10.000  0.324E+03   0.40956E+00   0.00000E+00   0.10000E+00    0.50249E-02 3795.15         test_N_all
.4000E-01    10.000  0.241E+03   0.38915E+00   0.00000E+00   0.10000E+00    0.50249E-02 3311.20         test_N_all
.5000E-01    10.000  0.191E+03   0.37225E+00   0.00000E+00   0.10000E+00    0.50249E-02 2935.49         test_N_all
.6000E-01    10.000  0.158E+03   0.36018E+00   0.00000E+00   0.10000E+00    0.50249E-02 2680.91         test_N_all
.7000E-01    10.000  0.134E+03   0.34934E+00   0.00000E+00   0.10000E+00    0.50249E-02 2462.18         test_N_all
.8000E-01    10.000  0.116E+03   0.34003E+00   0.00000E+00   0.10000E+00    0.50249E-02 2281.83         test_N_all
.9000E-01    10.000  0.102E+03   0.33122E+00   0.00000E+00   0.10000E+00    0.50249E-02 2117.33         test_N_all
.1000E+00    10.000  0.909E+02   0.32299E+00   0.00000E+00   0.10000E+00    0.50249E-02 1969.21         test_N_all
.1100E+00    10.000  0.818E+02   0.31482E+00   0.00000E+00   0.10000E+00    0.50249E-02 1827.62         test_N_all
.1200E+00    10.000  0.742E+02   0.30698E+00   0.00000E+00   0.10000E+00    0.50249E-02 1696.74         test_N_all
.1300E+00    10.000  0.678E+02   0.29928E+00   0.00000E+00   0.10000E+00    0.50249E-02 1572.74         test_N_all
.1400E+00    10.000  0.623E+02   0.29162E+00   0.00000E+00   0.10000E+00    0.50249E-02 1454.14         test_N_all
.1500E+00    10.000  0.575E+02   0.28407E+00   0.00000E+00   0.10000E+00    0.50249E-02 1341.78         test_N_all
.1600E+00    10.000  0.534E+02   0.27659E+00   0.00000E+00   0.10000E+00    0.50249E-02 1235.07         test_N_all
.1700E+00    10.000  0.497E+02   0.26923E+00   0.00000E+00   0.10000E+00    0.50249E-02 1134.16         test_N_all
.1800E+00    10.000  0.464E+02   0.26197E+00   0.00000E+00   0.10000E+00    0.50249E-02 1038.97         test_N_all
.1900E+00    10.000  0.435E+02   0.25482E+00   0.00000E+00   0.10000E+00    0.50249E-02  949.33         test_N_all
.2000E+00    10.000  0.409E+02   0.24779E+00   0.00000E+00   0.10000E+00    0.50249E-02  865.06         test_N_all
.2100E+00    10.000  0.385E+02   0.24087E+00   0.00000E+00   0.10000E+00    0.50249E-02  785.92         test_N_all
.2200E+00    10.000  0.363E+02   0.23405E+00   0.00000E+00   0.10000E+00    0.50249E-02  711.68         test_N_all
.2300E+00    10.000  0.344E+02   0.22733E+00   0.00000E+00   0.10000E+00    0.50249E-02  642.12         test_N_all
.2400E+00    10.000  0.325E+02   0.22070E+00   0.00000E+00   0.10000E+00    0.50249E-02  576.97         test_N_all
.2500E+00    10.000  0.309E+02   0.21415E+00   0.00000E+00   0.10000E+00    0.50249E-02  516.06         test_N_all
.2600E+00    10.000  0.293E+02   0.20767E+00   0.00000E+00   0.10000E+00    0.50249E-02  459.09         test_N_all
.2700E+00    10.000  0.279E+02   0.20125E+00   0.00000E+00   0.10000E+00    0.50249E-02  405.99         test_N_all
.2800E+00    10.000  0.266E+02   0.19490E+00   0.00000E+00   0.10000E+00    0.50249E-02  356.64         test_N_all
.2900E+00    10.000  0.254E+02   0.18859E+00   0.00000E+00   0.10000E+00    0.50249E-02  310.80         test_N_all
.3000E+00    10.000  0.242E+02   0.18233E+00   0.00000E+00   0.10000E+00    0.18868E-02 1903.77         test_N_all
.3100E+00    10.000  0.231E+02   0.17610E+00   0.00000E+00   0.10000E+00    0.50249E-02  229.33         test_N_all
.3200E+00    10.000  0.221E+02   0.16990E+00   0.00000E+00   0.10000E+00    0.50249E-02  193.53         test_N_all
.3300E+00    10.000  0.212E+02   0.16375E+00   0.00000E+00   0.10000E+00    0.50249E-02  160.94         test_N_all
.3400E+00    10.000  0.203E+02   0.15762E+00   0.00000E+00   0.10000E+00    0.50249E-02  131.50         test_N_all
.3500E+00    10.000  0.195E+02   0.15154E+00   0.00000E+00   0.10000E+00    0.50249E-02  105.20         test_N_all
.3600E+00    10.000  0.187E+02   0.14549E+00   0.00000E+00   0.10000E+00    0.50249E-02   81.96         test_N_all
.3700E+00    10.000  0.179E+02   0.13949E+00   0.00000E+00   0.10000E+00    0.50249E-02   61.77         test_N_all
.3800E+00    10.000  0.172E+02   0.13354E+00   0.00000E+00   0.10000E+00    0.50249E-02   44.56         test_N_all
.3900E+00    10.000  0.165E+02   0.12766E+00   0.00000E+00   0.10000E+00    0.50249E-02   30.29         test_N_all
.4000E+00    10.000  0.159E+02   0.12184E+00   0.00000E+00   0.10000E+00    0.17692E-02  152.34         test_N_all
.4100E+00    10.000  0.153E+02   0.11609E+00   0.00000E+00   0.10000E+00    0.50249E-02   10.26         test_N_all
.4200E+00    10.000  0.147E+02   0.11044E+00   0.00000E+00   0.10000E+00    0.50249E-02    4.32         test_N_all
.4300E+00    10.000  0.141E+02   0.10488E+00   0.00000E+00   0.10000E+00    0.50249E-02    0.94         test_N_all
.4400E+00    10.000  0.136E+02   0.99432E-01   0.00000E+00   0.10000E+00    0.50249E-02   -0.01         test_N_all
.4500E+00    10.000  0.131E+02   0.94097E-01   0.00000E+00   0.10000E+00    0.50249E-02   -1.38         test_N_all
.4600E+00    10.000  0.126E+02   0.88892E-01   0.00000E+00   0.10000E+00    0.50249E-02   -4.89         test_N_all
.4700E+00    10.000  0.122E+02   0.83821E-01   0.00000E+00   0.10000E+00    0.50249E-02  -10.37         test_N_all
.4800E+00    10.000  0.117E+02   0.78893E-01   0.00000E+00   0.10000E+00    0.50249E-02  -17.64         test_N_all
.4900E+00    10.000  0.113E+02   0.74118E-01   0.00000E+00   0.10000E+00    0.50249E-02  -26.53         test_N_all
.5000E+00    10.000  0.109E+02   0.69497E-01   0.00000E+00   0.10000E+00    0.17692E-02 -297.27         test_N_all
.5100E+00    10.000  0.105E+02   0.65044E-01   0.00000E+00   0.10000E+00    0.50249E-02  -48.39         test_N_all
.5200E+00    10.000  0.101E+02   0.60757E-01   0.00000E+00   0.10000E+00    0.50249E-02  -60.99         test_N_all
.5300E+00    10.000  0.975E+01   0.56642E-01   0.00000E+00   0.10000E+00    0.50249E-02  -74.45         test_N_all
.5400E+00    10.000  0.940E+01   0.52703E-01   0.00000E+00   0.10000E+00    0.50249E-02  -88.59         test_N_all
.5500E+00    10.000  0.906E+01   0.48937E-01   0.00000E+00   0.10000E+00    0.50249E-02 -103.26         test_N_all
.5600E+00    10.000  0.874E+01   0.45352E-01   0.00000E+00   0.10000E+00    0.50249E-02 -118.27         test_N_all
.5700E+00    10.000  0.843E+01   0.41942E-01   0.00000E+00   0.10000E+00    0.50249E-02 -133.49         test_N_all
.5800E+00    10.000  0.812E+01   0.38708E-01   0.00000E+00   0.10000E+00    0.50249E-02 -148.78         test_N_all
.5900E+00    10.000  0.783E+01   0.35649E-01   0.00000E+00   0.10000E+00    0.50249E-02 -164.00         test_N_all
.6000E+00    10.000  0.755E+01   0.32759E-01   0.00000E+00   0.10000E+00    0.17692E-02 *******         test_N_all
.6100E+00    10.000  0.728E+01   0.30039E-01   0.00000E+00   0.10000E+00    0.50249E-02 -193.84         test_N_all
.6200E+00    10.000  0.701E+01   0.27483E-01   0.00000E+00   0.10000E+00    0.50249E-02 -208.27         test_N_all
.6300E+00    10.000  0.675E+01   0.25086E-01   0.00000E+00   0.10000E+00    0.50249E-02 -222.26         test_N_all
.6400E+00    10.000  0.651E+01   0.22844E-01   0.00000E+00   0.10000E+00    0.50249E-02 -235.76         test_N_all
.6500E+00    10.000  0.627E+01   0.20751E-01   0.00000E+00   0.10000E+00    0.50249E-02 -248.73         test_N_all
.6600E+00    10.000  0.603E+01   0.18802E-01   0.00000E+00   0.10000E+00    0.50249E-02 -261.11         test_N_all
.6700E+00    10.000  0.581E+01   0.16991E-01   0.00000E+00   0.10000E+00    0.50249E-02 -272.89         test_N_all
.6800E+00    10.000  0.559E+01   0.15312E-01   0.00000E+00   0.10000E+00    0.50249E-02 -284.04         test_N_all
.6900E+00    10.000  0.537E+01   0.13759E-01   0.00000E+00   0.10000E+00    0.50249E-02 -294.56         test_N_all
.7000E+00    10.000  0.517E+01   0.12325E-01   0.00000E+00   0.10000E+00    0.17692E-02 *******         test_N_all
.7100E+00    10.000  0.497E+01   0.11004E-01   0.00000E+00   0.10000E+00    0.50249E-02 -313.67         test_N_all
.7200E+00    10.000  0.477E+01   0.97908E-02   0.00000E+00   0.10000E+00    0.50249E-02 -322.29         test_N_all
.7300E+00    10.000  0.458E+01   0.86787E-02   0.00000E+00   0.10000E+00    0.50249E-02 -330.28         test_N_all
.7400E+00    10.000  0.440E+01   0.76614E-02   0.00000E+00   0.10000E+00    0.50249E-02 -337.68         test_N_all
.7500E+00    10.000  0.422E+01   0.67347E-02   0.00000E+00   0.10000E+00    0.50249E-02 -344.49         test_N_all
.7600E+00    10.000  0.404E+01   0.58906E-02   0.00000E+00   0.10000E+00    0.50249E-02 -350.76         test_N_all
.7700E+00    10.000  0.387E+01   0.51260E-02   0.00000E+00   0.10000E+00    0.50249E-02 -356.48         test_N_all
.7800E+00    10.000  0.370E+01   0.44353E-02   0.00000E+00   0.10000E+00    0.50249E-02 -361.69         test_N_all
.7900E+00    10.000  0.354E+01   0.38129E-02   0.00000E+00   0.10000E+00    0.50249E-02 -366.41         test_N_all
.8000E+00    10.000  0.338E+01   0.32548E-02   0.00000E+00   0.10000E+00    0.17692E-02 *******         test_N_all
.8100E+00    10.000  0.323E+01   0.27563E-02   0.00000E+00   0.10000E+00    0.50249E-02 -374.51         test_N_all
.8200E+00    10.000  0.308E+01   0.23140E-02   0.00000E+00   0.10000E+00    0.50249E-02 -377.92         test_N_all
.8300E+00    10.000  0.293E+01   0.19235E-02   0.00000E+00   0.10000E+00    0.50249E-02 -380.95         test_N_all
.8400E+00    10.000  0.279E+01   0.15806E-02   0.00000E+00   0.10000E+00    0.50249E-02 -383.62         test_N_all
.8500E+00    10.000  0.265E+01   0.12827E-02   0.00000E+00   0.10000E+00    0.50249E-02 -385.94         test_N_all
.8600E+00    10.000  0.251E+01   0.10250E-02   0.00000E+00   0.10000E+00    0.50249E-02 -387.96         test_N_all
.8700E+00    10.000  0.238E+01   0.80537E-03   0.00000E+00   0.10000E+00    0.50249E-02 -389.69         test_N_all
.8800E+00    10.000  0.225E+01   0.62026E-03   0.00000E+00   0.10000E+00    0.50249E-02 -391.14         test_N_all
.8900E+00    10.000  0.212E+01   0.46622E-03   0.00000E+00   0.10000E+00    0.50249E-02 -392.36         test_N_all
.9000E+00    10.000  0.199E+01   0.34098E-03   0.00000E+00   0.10000E+00    0.17692E-02 *******         test_N_all
.9100E+00    10.000  0.187E+01   0.24038E-03   0.00000E+00   0.10000E+00    0.50249E-02 -394.14         test_N_all
.9200E+00    10.000  0.175E+01   0.16245E-03   0.00000E+00   0.10000E+00    0.50249E-02 -394.75         test_N_all
.9300E+00    10.000  0.163E+01   0.10393E-03   0.00000E+00   0.10000E+00    0.50249E-02 -395.22         test_N_all
.9400E+00    10.000  0.152E+01   0.61543E-04   0.00000E+00   0.10000E+00    0.50249E-02 -395.55         test_N_all
.9500E+00    10.000  0.141E+01   0.33455E-04   0.00000E+00   0.10000E+00    0.50249E-02 -395.77         test_N_all
.9600E+00    10.000  0.130E+01   0.15106E-04   0.00000E+00   0.10000E+00    0.50249E-02 -395.92         test_N_all
.9700E+00    10.000  0.119E+01   0.53430E-05   0.00000E+00   0.10000E+00    0.50249E-02 -396.00         test_N_all
.9800E+00    10.000  0.109E+01   0.17433E-05   0.00000E+00   0.10000E+00    0.50249E-02 -396.03         test_N_all
.9900E+00    10.000  0.983E+00   0.14294E-05   0.00000E+00   0.10000E+00    0.50249E-02 -396.03         test_N_all
.1000E+01    10.000  0.882E+00   0.00000E+00   0.00000E+00   0.10000E+00    0.50249E-02 -396.04         test_N_all
.1000E-01    20.000  0.198E+04   0.59916E+00   0.00000E+00   0.10000E+00    0.50249E-02 9867.78         test_N_all
.2000E-01    20.000  0.981E+03   0.49943E+00   0.00000E+00   0.10000E+00    0.50249E-02 6318.69         test_N_all
.3000E-01    20.000  0.648E+03   0.44714E+00   0.00000E+00   0.10000E+00    0.50249E-02 4772.43         test_N_all
.4000E-01    20.000  0.481E+03   0.41841E+00   0.00000E+00   0.10000E+00    0.50249E-02 4015.22         test_N_all
.5000E-01    20.000  0.381E+03   0.39445E+00   0.00000E+00   0.10000E+00    0.50249E-02 3433.66         test_N_all
.6000E-01    20.000  0.314E+03   0.37742E+00   0.00000E+00   0.10000E+00    0.50249E-02 3047.96         test_N_all
.7000E-01    20.000  0.267E+03   0.36222E+00   0.00000E+00   0.10000E+00    0.50249E-02 2723.12         test_N_all
.8000E-01    20.000  0.231E+03   0.34963E+00   0.00000E+00   0.10000E+00    0.50249E-02 2468.03         test_N_all
.9000E-01    20.000  0.203E+03   0.33799E+00   0.00000E+00   0.10000E+00    0.50249E-02 2243.17         test_N_all
.1000E+00    20.000  0.181E+03   0.32743E+00   0.00000E+00   0.10000E+00    0.50249E-02 2048.41         test_N_all
.1100E+00    20.000  0.163E+03   0.31728E+00   0.00000E+00   0.10000E+00    0.50249E-02 1869.72         test_N_all
.1200E+00    20.000  0.148E+03   0.30765E+00   0.00000E+00   0.10000E+00    0.50249E-02 1707.59         test_N_all
.1300E+00    20.000  0.135E+03   0.29839E+00   0.00000E+00   0.10000E+00    0.50249E-02 1558.75         test_N_all
.1400E+00    20.000  0.124E+03   0.28937E+00   0.00000E+00   0.10000E+00    0.50249E-02 1420.22         test_N_all
.1500E+00    20.000  0.114E+03   0.28064E+00   0.00000E+00   0.10000E+00    0.50249E-02 1292.36         test_N_all
.1600E+00    20.000  0.106E+03   0.27212E+00   0.00000E+00   0.10000E+00    0.50249E-02 1173.29         test_N_all
.1700E+00    20.000  0.985E+02   0.26383E+00   0.00000E+00   0.10000E+00    0.50249E-02 1062.93         test_N_all
.1800E+00    20.000  0.920E+02   0.25574E+00   0.00000E+00   0.10000E+00    0.50249E-02  960.64         test_N_all
.1900E+00    20.000  0.861E+02   0.24785E+00   0.00000E+00   0.10000E+00    0.50249E-02  865.74         test_N_all
.2000E+00    20.000  0.809E+02   0.24015E+00   0.00000E+00   0.10000E+00    0.50249E-02  777.89         test_N_all
.2100E+00    20.000  0.761E+02   0.23261E+00   0.00000E+00   0.10000E+00    0.50249E-02  696.46         test_N_all
.2200E+00    20.000  0.718E+02   0.22523E+00   0.00000E+00   0.10000E+00    0.50249E-02  621.13         test_N_all
.2300E+00    20.000  0.678E+02   0.21800E+00   0.00000E+00   0.10000E+00    0.50249E-02  551.48         test_N_all
.2400E+00    20.000  0.642E+02   0.21090E+00   0.00000E+00   0.10000E+00    0.50249E-02  487.12         test_N_all
.2500E+00    20.000  0.609E+02   0.20393E+00   0.00000E+00   0.10000E+00    0.50249E-02  427.80         test_N_all
.2600E+00    20.000  0.578E+02   0.19706E+00   0.00000E+00   0.10000E+00    0.50249E-02  373.13         test_N_all
.2700E+00    20.000  0.550E+02   0.19030E+00   0.00000E+00   0.10000E+00    0.50249E-02  322.94         test_N_all
.2800E+00    20.000  0.523E+02   0.18363E+00   0.00000E+00   0.10000E+00    0.50249E-02  277.00         test_N_all
.2900E+00    20.000  0.498E+02   0.17704E+00   0.00000E+00   0.10000E+00    0.50249E-02  235.08         test_N_all
.3000E+00    20.000  0.475E+02   0.17054E+00   0.00000E+00   0.10000E+00    0.18868E-02 1397.68         test_N_all
.3100E+00    20.000  0.454E+02   0.16412E+00   0.00000E+00   0.10000E+00    0.50249E-02  162.81         test_N_all
.3200E+00    20.000  0.434E+02   0.15777E+00   0.00000E+00   0.10000E+00    0.50249E-02  132.18         test_N_all
.3300E+00    20.000  0.415E+02   0.15150E+00   0.00000E+00   0.10000E+00    0.50249E-02  105.03         test_N_all
.3400E+00    20.000  0.397E+02   0.14530E+00   0.00000E+00   0.10000E+00    0.50249E-02   81.26         test_N_all
.3500E+00    20.000  0.380E+02   0.13918E+00   0.00000E+00   0.10000E+00    0.50249E-02   60.78         test_N_all
.3600E+00    20.000  0.364E+02   0.13313E+00   0.00000E+00   0.10000E+00    0.50249E-02   43.47         test_N_all
.3700E+00    20.000  0.349E+02   0.12717E+00   0.00000E+00   0.10000E+00    0.50249E-02   29.24         test_N_all
.3800E+00    20.000  0.335E+02   0.12130E+00   0.00000E+00   0.10000E+00    0.50249E-02   17.97         test_N_all
.3900E+00    20.000  0.322E+02   0.11553E+00   0.00000E+00   0.10000E+00    0.50249E-02    9.55         test_N_all
.4000E+00    20.000  0.309E+02   0.10986E+00   0.00000E+00   0.10000E+00    0.17692E-02   31.03         test_N_all
.4100E+00    20.000  0.297E+02   0.10430E+00   0.00000E+00   0.10000E+00    0.50249E-02    0.73         test_N_all
.4200E+00    20.000  0.285E+02   0.98857E-01   0.00000E+00   0.10000E+00    0.50249E-02   -0.05         test_N_all
.4300E+00    20.000  0.274E+02   0.93543E-01   0.00000E+00   0.10000E+00    0.50249E-02   -1.65         test_N_all
.4400E+00    20.000  0.263E+02   0.88364E-01   0.00000E+00   0.10000E+00    0.50249E-02   -5.36         test_N_all
.4500E+00    20.000  0.253E+02   0.83325E-01   0.00000E+00   0.10000E+00    0.50249E-02  -11.01         test_N_all
.4600E+00    20.000  0.244E+02   0.78438E-01   0.00000E+00   0.10000E+00    0.50249E-02  -18.41         test_N_all
.4700E+00    20.000  0.234E+02   0.73703E-01   0.00000E+00   0.10000E+00    0.50249E-02  -27.39         test_N_all
.4800E+00    20.000  0.225E+02   0.69128E-01   0.00000E+00   0.10000E+00    0.50249E-02  -37.75         test_N_all
.4900E+00    20.000  0.217E+02   0.64719E-01   0.00000E+00   0.10000E+00    0.50249E-02  -49.30         test_N_all
.5000E+00    20.000  0.209E+02   0.60476E-01   0.00000E+00   0.10000E+00    0.17692E-02 -499.10         test_N_all
.5100E+00    20.000  0.201E+02   0.56407E-01   0.00000E+00   0.10000E+00    0.50249E-02  -75.26         test_N_all
.5200E+00    20.000  0.193E+02   0.52511E-01   0.00000E+00   0.10000E+00    0.50249E-02  -89.32         test_N_all
.5300E+00    20.000  0.186E+02   0.48789E-01   0.00000E+00   0.10000E+00    0.50249E-02 -103.86         test_N_all
.5400E+00    20.000  0.179E+02   0.45243E-01   0.00000E+00   0.10000E+00    0.50249E-02 -118.74         test_N_all
.5500E+00    20.000  0.172E+02   0.41870E-01   0.00000E+00   0.10000E+00    0.50249E-02 -133.82         test_N_all
.5600E+00    20.000  0.166E+02   0.38673E-01   0.00000E+00   0.10000E+00    0.50249E-02 -148.95         test_N_all
.5700E+00    20.000  0.160E+02   0.35647E-01   0.00000E+00   0.10000E+00    0.50249E-02 -164.01         test_N_all
.5800E+00    20.000  0.154E+02   0.32788E-01   0.00000E+00   0.10000E+00    0.50249E-02 -178.91         test_N_all
.5900E+00    20.000  0.148E+02   0.30096E-01   0.00000E+00   0.10000E+00    0.50249E-02 -193.52         test_N_all
.6000E+00    20.000  0.142E+02   0.27565E-01   0.00000E+00   0.10000E+00    0.17692E-02 *******         test_N_all
.6100E+00    20.000  0.137E+02   0.25192E-01   0.00000E+00   0.10000E+00    0.50249E-02 -221.63         test_N_all
.6200E+00    20.000  0.131E+02   0.22970E-01   0.00000E+00   0.10000E+00    0.50249E-02 -234.99         test_N_all
.6300E+00    20.000  0.126E+02   0.20896E-01   0.00000E+00   0.10000E+00    0.50249E-02 -247.82         test_N_all
.6400E+00    20.000  0.121E+02   0.18964E-01   0.00000E+00   0.10000E+00    0.50249E-02 -260.08         test_N_all
.6500E+00    20.000  0.117E+02   0.17167E-01   0.00000E+00   0.10000E+00    0.50249E-02 -271.73         test_N_all
.6600E+00    20.000  0.112E+02   0.15500E-01   0.00000E+00   0.10000E+00    0.50249E-02 -282.78         test_N_all
.6700E+00    20.000  0.107E+02   0.13957E-01   0.00000E+00   0.10000E+00    0.50249E-02 -293.20         test_N_all
.6800E+00    20.000  0.103E+02   0.12533E-01   0.00000E+00   0.10000E+00    0.50249E-02 -302.99         test_N_all
.6900E+00    20.000  0.987E+01   0.11219E-01   0.00000E+00   0.10000E+00    0.50249E-02 -312.16         test_N_all
.7000E+00    20.000  0.945E+01   0.10012E-01   0.00000E+00   0.10000E+00    0.17692E-02 *******         test_N_all
.7100E+00    20.000  0.905E+01   0.89044E-02   0.00000E+00   0.10000E+00    0.50249E-02 -328.65         test_N_all
.7200E+00    20.000  0.866E+01   0.78909E-02   0.00000E+00   0.10000E+00    0.50249E-02 -336.00         test_N_all
.7300E+00    20.000  0.828E+01   0.69659E-02   0.00000E+00   0.10000E+00    0.50249E-02 -342.79         test_N_all
.7400E+00    20.000  0.791E+01   0.61231E-02   0.00000E+00   0.10000E+00    0.50249E-02 -349.02         test_N_all
.7500E+00    20.000  0.755E+01   0.53588E-02   0.00000E+00   0.10000E+00    0.50249E-02 -354.73         test_N_all
.7600E+00    20.000  0.720E+01   0.46657E-02   0.00000E+00   0.10000E+00    0.50249E-02 -359.95         test_N_all
.7700E+00    20.000  0.686E+01   0.40408E-02   0.00000E+00   0.10000E+00    0.50249E-02 -364.68         test_N_all
.7800E+00    20.000  0.652E+01   0.34790E-02   0.00000E+00   0.10000E+00    0.50249E-02 -368.96         test_N_all
.7900E+00    20.000  0.620E+01   0.29752E-02   0.00000E+00   0.10000E+00    0.50249E-02 -372.82         test_N_all
.8000E+00    20.000  0.588E+01   0.25261E-02   0.00000E+00   0.10000E+00    0.17692E-02 *******         test_N_all
.8100E+00    20.000  0.557E+01   0.21270E-02   0.00000E+00   0.10000E+00    0.50249E-02 -379.37         test_N_all
.8200E+00    20.000  0.527E+01   0.17750E-02   0.00000E+00   0.10000E+00    0.50249E-02 -382.10         test_N_all
.8300E+00    20.000  0.498E+01   0.14662E-02   0.00000E+00   0.10000E+00    0.50249E-02 -384.51         test_N_all
.8400E+00    20.000  0.469E+01   0.11968E-02   0.00000E+00   0.10000E+00    0.50249E-02 -386.62         test_N_all
.8500E+00    20.000  0.441E+01   0.96447E-03   0.00000E+00   0.10000E+00    0.50249E-02 -388.44         test_N_all
.8600E+00    20.000  0.414E+01   0.76489E-03   0.00000E+00   0.10000E+00    0.50249E-02 -390.00         test_N_all
.8700E+00    20.000  0.387E+01   0.59618E-03   0.00000E+00   0.10000E+00    0.50249E-02 -391.33         test_N_all
.8800E+00    20.000  0.361E+01   0.45523E-03   0.00000E+00   0.10000E+00    0.50249E-02 -392.44         test_N_all
.8900E+00    20.000  0.335E+01   0.33898E-03   0.00000E+00   0.10000E+00    0.50249E-02 -393.36         test_N_all
.9000E+00    20.000  0.310E+01   0.24550E-03   0.00000E+00   0.10000E+00    0.17692E-02 *******         test_N_all
.9100E+00    20.000  0.286E+01   0.17111E-03   0.00000E+00   0.10000E+00    0.50249E-02 -394.69         test_N_all
.9200E+00    20.000  0.262E+01   0.11423E-03   0.00000E+00   0.10000E+00    0.50249E-02 -395.14         test_N_all
.9300E+00    20.000  0.239E+01   0.72082E-04   0.00000E+00   0.10000E+00    0.50249E-02 -395.47         test_N_all
.9400E+00    20.000  0.216E+01   0.41959E-04   0.00000E+00   0.10000E+00    0.50249E-02 -395.71         test_N_all
.9500E+00    20.000  0.193E+01   0.22451E-04   0.00000E+00   0.10000E+00    0.50249E-02 -395.86         test_N_all
.9600E+00    20.000  0.172E+01   0.98532E-05   0.00000E+00   0.10000E+00    0.50249E-02 -395.96         test_N_all
.9700E+00    20.000  0.150E+01   0.33855E-05   0.00000E+00   0.10000E+00    0.50249E-02 -396.01         test_N_all
.9800E+00    20.000  0.129E+01   0.12176E-05   0.00000E+00   0.10000E+00    0.50249E-02 -396.03         test_N_all
.9900E+00    20.000  0.108E+01   0.11890E-05   0.00000E+00   0.10000E+00    0.50249E-02 -396.03         test_N_all
.1000E+01    20.000  0.882E+00   0.00000E+00   0.00000E+00   0.10000E+00    0.50249E-02 -396.04         test_N_all
.1000E+00    50.000  0.451E+03   0.33091E+00   0.00000E+00   0.10000E+00    0.50249E-02 2111.62         test_N_all
.1100E+00    50.000  0.405E+03   0.31845E+00   0.00000E+00   0.10000E+00    0.50249E-02 1889.91         test_N_all
.1200E+00    50.000  0.368E+03   0.30687E+00   0.00000E+00   0.10000E+00    0.50249E-02 1694.93         test_N_all
.1300E+00    50.000  0.335E+03   0.29597E+00   0.00000E+00   0.10000E+00    0.50249E-02 1520.89         test_N_all
.1400E+00    50.000  0.308E+03   0.28550E+00   0.00000E+00   0.10000E+00    0.50249E-02 1362.85         test_N_all
.1500E+00    50.000  0.284E+03   0.27555E+00   0.00000E+00   0.10000E+00    0.50249E-02 1220.49         test_N_all
.1600E+00    50.000  0.263E+03   0.26593E+00   0.00000E+00   0.10000E+00    0.50249E-02 1090.47         test_N_all
.1700E+00    50.000  0.245E+03   0.25669E+00   0.00000E+00   0.10000E+00    0.50249E-02  972.33         test_N_all
.1800E+00    50.000  0.229E+03   0.24777E+00   0.00000E+00   0.10000E+00    0.50249E-02  864.76         test_N_all
.1900E+00    50.000  0.214E+03   0.23912E+00   0.00000E+00   0.10000E+00    0.50249E-02  766.56         test_N_all
.2000E+00    50.000  0.201E+03   0.23076E+00   0.00000E+00   0.10000E+00    0.50249E-02  677.14         test_N_all
.2100E+00    50.000  0.189E+03   0.22262E+00   0.00000E+00   0.10000E+00    0.50249E-02  595.48         test_N_all
.2200E+00    50.000  0.178E+03   0.21471E+00   0.00000E+00   0.10000E+00    0.50249E-02  521.12         test_N_all
.2300E+00    50.000  0.168E+03   0.20700E+00   0.00000E+00   0.10000E+00    0.50249E-02  453.45         test_N_all
.2400E+00    50.000  0.159E+03   0.19948E+00   0.00000E+00   0.10000E+00    0.50249E-02  391.91         test_N_all
.2500E+00    50.000  0.151E+03   0.19213E+00   0.00000E+00   0.10000E+00    0.50249E-02  336.15         test_N_all
.2600E+00    50.000  0.143E+03   0.18493E+00   0.00000E+00   0.10000E+00    0.50249E-02  285.67         test_N_all
.2700E+00    50.000  0.136E+03   0.17788E+00   0.00000E+00   0.10000E+00    0.50249E-02  240.23         test_N_all
.2800E+00    50.000  0.129E+03   0.17097E+00   0.00000E+00   0.10000E+00    0.50249E-02  199.49         test_N_all
.2900E+00    50.000  0.123E+03   0.16419E+00   0.00000E+00   0.10000E+00    0.50249E-02  163.18         test_N_all
.3000E+00    50.000  0.118E+03   0.15754E+00   0.00000E+00   0.10000E+00    0.18868E-02  929.86         test_N_all
.3100E+00    50.000  0.112E+03   0.15099E+00   0.00000E+00   0.10000E+00    0.50249E-02  102.99         test_N_all
.3200E+00    50.000  0.107E+03   0.14457E+00   0.00000E+00   0.10000E+00    0.50249E-02   78.68         test_N_all
.3300E+00    50.000  0.102E+03   0.13827E+00   0.00000E+00   0.10000E+00    0.50249E-02   58.00         test_N_all
.3400E+00    50.000  0.979E+02   0.13208E+00   0.00000E+00   0.10000E+00    0.50249E-02   40.75         test_N_all
.3500E+00    50.000  0.937E+02   0.12600E+00   0.00000E+00   0.10000E+00    0.50249E-02   26.78         test_N_all
.3600E+00    50.000  0.898E+02   0.12005E+00   0.00000E+00   0.10000E+00    0.50249E-02   15.91         test_N_all
.3700E+00    50.000  0.860E+02   0.11421E+00   0.00000E+00   0.10000E+00    0.50249E-02    8.00         test_N_all
.3800E+00    50.000  0.825E+02   0.10850E+00   0.00000E+00   0.10000E+00    0.50249E-02    2.86         test_N_all
.3900E+00    50.000  0.791E+02   0.10293E+00   0.00000E+00   0.10000E+00    0.50249E-02    0.34         test_N_all
.4000E+00    50.000  0.759E+02   0.97492E-01   0.00000E+00   0.10000E+00    0.17692E-02   -2.01         test_N_all
.4100E+00    50.000  0.728E+02   0.92197E-01   0.00000E+00   0.10000E+00    0.50249E-02   -2.41         test_N_all
.4200E+00    50.000  0.699E+02   0.87048E-01   0.00000E+00   0.10000E+00    0.50249E-02   -6.64         test_N_all
.4300E+00    50.000  0.672E+02   0.82051E-01   0.00000E+00   0.10000E+00    0.50249E-02  -12.76         test_N_all
.4400E+00    50.000  0.645E+02   0.77211E-01   0.00000E+00   0.10000E+00    0.50249E-02  -20.57         test_N_all
.4500E+00    50.000  0.620E+02   0.72529E-01   0.00000E+00   0.10000E+00    0.50249E-02  -29.89         test_N_all
.4600E+00    50.000  0.596E+02   0.68016E-01   0.00000E+00   0.10000E+00    0.50249E-02  -40.51         test_N_all
.4700E+00    50.000  0.573E+02   0.63670E-01   0.00000E+00   0.10000E+00    0.50249E-02  -52.27         test_N_all
.4800E+00    50.000  0.550E+02   0.59494E-01   0.00000E+00   0.10000E+00    0.50249E-02  -64.98         test_N_all
.4900E+00    50.000  0.529E+02   0.55493E-01   0.00000E+00   0.10000E+00    0.50249E-02  -78.45         test_N_all
.5000E+00    50.000  0.509E+02   0.51663E-01   0.00000E+00   0.10000E+00    0.17692E-02 -746.47         test_N_all
.5100E+00    50.000  0.489E+02   0.48011E-01   0.00000E+00   0.10000E+00    0.50249E-02 -107.04         test_N_all
.5200E+00    50.000  0.470E+02   0.44531E-01   0.00000E+00   0.10000E+00    0.50249E-02 -121.85         test_N_all
.5300E+00    50.000  0.452E+02   0.41225E-01   0.00000E+00   0.10000E+00    0.50249E-02 -136.81         test_N_all
.5400E+00    50.000  0.435E+02   0.38090E-01   0.00000E+00   0.10000E+00    0.50249E-02 -151.79         test_N_all
.5500E+00    50.000  0.418E+02   0.35124E-01   0.00000E+00   0.10000E+00    0.50249E-02 -166.69         test_N_all
.5600E+00    50.000  0.402E+02   0.32325E-01   0.00000E+00   0.10000E+00    0.50249E-02 -181.38         test_N_all
.5700E+00    50.000  0.386E+02   0.29688E-01   0.00000E+00   0.10000E+00    0.50249E-02 -195.79         test_N_all
.5800E+00    50.000  0.371E+02   0.27210E-01   0.00000E+00   0.10000E+00    0.50249E-02 -209.84         test_N_all
.5900E+00    50.000  0.356E+02   0.24886E-01   0.00000E+00   0.10000E+00    0.50249E-02 -223.45         test_N_all
.6000E+00    50.000  0.342E+02   0.22711E-01   0.00000E+00   0.10000E+00    0.17692E-02 *******         test_N_all
.6100E+00    50.000  0.328E+02   0.20680E-01   0.00000E+00   0.10000E+00    0.50249E-02 -249.18         test_N_all
.6200E+00    50.000  0.315E+02   0.18787E-01   0.00000E+00   0.10000E+00    0.50249E-02 -261.21         test_N_all
.6300E+00    50.000  0.302E+02   0.17028E-01   0.00000E+00   0.10000E+00    0.50249E-02 -272.65         test_N_all
.6400E+00    50.000  0.290E+02   0.15396E-01   0.00000E+00   0.10000E+00    0.50249E-02 -283.48         test_N_all
.6500E+00    50.000  0.278E+02   0.13885E-01   0.00000E+00   0.10000E+00    0.50249E-02 -293.70         test_N_all
.6600E+00    50.000  0.266E+02   0.12488E-01   0.00000E+00   0.10000E+00    0.50249E-02 -303.30         test_N_all
.6700E+00    50.000  0.255E+02   0.11202E-01   0.00000E+00   0.10000E+00    0.50249E-02 -312.28         test_N_all
.6800E+00    50.000  0.244E+02   0.10018E-01   0.00000E+00   0.10000E+00    0.50249E-02 -320.66         test_N_all
.6900E+00    50.000  0.233E+02   0.89319E-02   0.00000E+00   0.10000E+00    0.50249E-02 -328.45         test_N_all
.7000E+00    50.000  0.223E+02   0.79381E-02   0.00000E+00   0.10000E+00    0.17692E-02 *******         test_N_all
.7100E+00    50.000  0.213E+02   0.70294E-02   0.00000E+00   0.10000E+00    0.50249E-02 -342.32         test_N_all
.7200E+00    50.000  0.203E+02   0.62019E-02   0.00000E+00   0.10000E+00    0.50249E-02 -348.44         test_N_all
.7300E+00    50.000  0.194E+02   0.54501E-02   0.00000E+00   0.10000E+00    0.50249E-02 -354.05         test_N_all
.7400E+00    50.000  0.184E+02   0.47682E-02   0.00000E+00   0.10000E+00    0.50249E-02 -359.17         test_N_all
.7500E+00    50.000  0.175E+02   0.41529E-02   0.00000E+00   0.10000E+00    0.50249E-02 -363.83         test_N_all
.7600E+00    50.000  0.167E+02   0.35975E-02   0.00000E+00   0.10000E+00    0.50249E-02 -368.06         test_N_all
.7700E+00    50.000  0.158E+02   0.30993E-02   0.00000E+00   0.10000E+00    0.50249E-02 -371.87         test_N_all
.7800E+00    50.000  0.150E+02   0.26538E-02   0.00000E+00   0.10000E+00    0.50249E-02 -375.30         test_N_all
.7900E+00    50.000  0.142E+02   0.22565E-02   0.00000E+00   0.10000E+00    0.50249E-02 -378.37         test_N_all
.8000E+00    50.000  0.134E+02   0.19045E-02   0.00000E+00   0.10000E+00    0.17692E-02 *******         test_N_all
.8100E+00    50.000  0.126E+02   0.15935E-02   0.00000E+00   0.10000E+00    0.50249E-02 -383.52         test_N_all
.8200E+00    50.000  0.119E+02   0.13211E-02   0.00000E+00   0.10000E+00    0.50249E-02 -385.64         test_N_all
.8300E+00    50.000  0.111E+02   0.10837E-02   0.00000E+00   0.10000E+00    0.50249E-02 -387.50         test_N_all
.8400E+00    50.000  0.104E+02   0.87802E-03   0.00000E+00   0.10000E+00    0.50249E-02 -389.12         test_N_all
.8500E+00    50.000  0.971E+01   0.70212E-03   0.00000E+00   0.10000E+00    0.50249E-02 -390.50         test_N_all
.8600E+00    50.000  0.902E+01   0.55218E-03   0.00000E+00   0.10000E+00    0.50249E-02 -391.68         test_N_all
.8700E+00    50.000  0.835E+01   0.42659E-03   0.00000E+00   0.10000E+00    0.50249E-02 -392.67         test_N_all
.8800E+00    50.000  0.770E+01   0.32266E-03   0.00000E+00   0.10000E+00    0.50249E-02 -393.49         test_N_all
.8900E+00    50.000  0.706E+01   0.23778E-03   0.00000E+00   0.10000E+00    0.50249E-02 -394.16         test_N_all
.9000E+00    50.000  0.644E+01   0.17035E-03   0.00000E+00   0.10000E+00    0.17692E-02 *******         test_N_all
.9100E+00    50.000  0.583E+01   0.11723E-03   0.00000E+00   0.10000E+00    0.50249E-02 -395.11         test_N_all
.9200E+00    50.000  0.523E+01   0.77196E-04   0.00000E+00   0.10000E+00    0.50249E-02 -395.43         test_N_all
.9300E+00    50.000  0.465E+01   0.47978E-04   0.00000E+00   0.10000E+00    0.50249E-02 -395.66         test_N_all
.9400E+00    50.000  0.407E+01   0.27394E-04   0.00000E+00   0.10000E+00    0.50249E-02 -395.82         test_N_all
.9500E+00    50.000  0.351E+01   0.14410E-04   0.00000E+00   0.10000E+00    0.50249E-02 -395.93         test_N_all
.9600E+00    50.000  0.297E+01   0.61272E-05   0.00000E+00   0.10000E+00    0.50249E-02 -395.99         test_N_all
.9700E+00    50.000  0.243E+01   0.20504E-05   0.00000E+00   0.10000E+00    0.50249E-02 -396.02         test_N_all
.9800E+00    50.000  0.190E+01   0.84718E-06   0.00000E+00   0.10000E+00    0.50249E-02 -396.03         test_N_all
.9900E+00    50.000  0.139E+01   0.95599E-06   0.00000E+00   0.10000E+00    0.50249E-02 -396.03         test_N_all
.1000E+01    50.000  0.882E+00   0.00000E+00   0.00000E+00   0.10000E+00    0.50249E-02 -396.04         test_N_all
.1000E+00   100.000  0.901E+03   0.33230E+00   0.00000E+00   0.10000E+00    0.50249E-02 2137.11         test_N_all
.1100E+00   100.000  0.810E+03   0.31836E+00   0.00000E+00   0.10000E+00    0.50249E-02 1888.31         test_N_all
.1200E+00   100.000  0.734E+03   0.30555E+00   0.00000E+00   0.10000E+00    0.50249E-02 1673.25         test_N_all
.1300E+00   100.000  0.670E+03   0.29359E+00   0.00000E+00   0.10000E+00    0.50249E-02 1484.29         test_N_all
.1400E+00   100.000  0.615E+03   0.28223E+00   0.00000E+00   0.10000E+00    0.50249E-02 1315.16         test_N_all
.1500E+00   100.000  0.568E+03   0.27151E+00   0.00000E+00   0.10000E+00    0.50249E-02 1164.97         test_N_all
.1600E+00   100.000  0.526E+03   0.26122E+00   0.00000E+00   0.10000E+00    0.50249E-02 1029.39         test_N_all
.1700E+00   100.000  0.489E+03   0.25139E+00   0.00000E+00   0.10000E+00    0.50249E-02  907.69         test_N_all
.1800E+00   100.000  0.456E+03   0.24196E+00   0.00000E+00   0.10000E+00    0.50249E-02  798.13         test_N_all
.1900E+00   100.000  0.427E+03   0.23287E+00   0.00000E+00   0.10000E+00    0.50249E-02  699.17         test_N_all
.2000E+00   100.000  0.401E+03   0.22411E+00   0.00000E+00   0.10000E+00    0.50249E-02  610.07         test_N_all
.2100E+00   100.000  0.377E+03   0.21563E+00   0.00000E+00   0.10000E+00    0.50249E-02  529.52         test_N_all
.2200E+00   100.000  0.355E+03   0.20742E+00   0.00000E+00   0.10000E+00    0.50249E-02  456.97         test_N_all
.2300E+00   100.000  0.336E+03   0.19945E+00   0.00000E+00   0.10000E+00    0.50249E-02  391.68         test_N_all
.2400E+00   100.000  0.318E+03   0.19169E+00   0.00000E+00   0.10000E+00    0.50249E-02  332.98         test_N_all
.2500E+00   100.000  0.301E+03   0.18415E+00   0.00000E+00   0.10000E+00    0.50249E-02  280.45         test_N_all
.2600E+00   100.000  0.285E+03   0.17679E+00   0.00000E+00   0.10000E+00    0.50249E-02  233.53         test_N_all
.2700E+00   100.000  0.271E+03   0.16961E+00   0.00000E+00   0.10000E+00    0.50249E-02  191.89         test_N_all
.2800E+00   100.000  0.258E+03   0.16259E+00   0.00000E+00   0.10000E+00    0.50249E-02  155.17         test_N_all
.2900E+00   100.000  0.246E+03   0.15574E+00   0.00000E+00   0.10000E+00    0.50249E-02  123.03         test_N_all
.3000E+00   100.000  0.234E+03   0.14903E+00   0.00000E+00   0.10000E+00    0.18868E-02  675.33         test_N_all
.3100E+00   100.000  0.223E+03   0.14247E+00   0.00000E+00   0.10000E+00    0.50249E-02   71.44         test_N_all
.3200E+00   100.000  0.213E+03   0.13605E+00   0.00000E+00   0.10000E+00    0.50249E-02   51.48         test_N_all
.3300E+00   100.000  0.204E+03   0.12978E+00   0.00000E+00   0.10000E+00    0.50249E-02   35.12         test_N_all
.3400E+00   100.000  0.195E+03   0.12364E+00   0.00000E+00   0.10000E+00    0.50249E-02   22.14         test_N_all
.3500E+00   100.000  0.187E+03   0.11765E+00   0.00000E+00   0.10000E+00    0.50249E-02   12.34         test_N_all
.3600E+00   100.000  0.179E+03   0.11179E+00   0.00000E+00   0.10000E+00    0.50249E-02    5.51         test_N_all
.3700E+00   100.000  0.171E+03   0.10609E+00   0.00000E+00   0.10000E+00    0.50249E-02    1.47         test_N_all
.3800E+00   100.000  0.164E+03   0.10052E+00   0.00000E+00   0.10000E+00    0.50249E-02    0.01         test_N_all
.3900E+00   100.000  0.157E+03   0.95114E-01   0.00000E+00   0.10000E+00    0.50249E-02   -0.95         test_N_all
.4000E+00   100.000  0.151E+03   0.89857E-01   0.00000E+00   0.10000E+00    0.17692E-02  -32.87         test_N_all
.4100E+00   100.000  0.145E+03   0.84758E-01   0.00000E+00   0.10000E+00    0.50249E-02   -9.20         test_N_all
.4200E+00   100.000  0.139E+03   0.79820E-01   0.00000E+00   0.10000E+00    0.50249E-02  -16.13         test_N_all
.4300E+00   100.000  0.133E+03   0.75047E-01   0.00000E+00   0.10000E+00    0.50249E-02  -24.66         test_N_all
.4400E+00   100.000  0.128E+03   0.70442E-01   0.00000E+00   0.10000E+00    0.50249E-02  -34.60         test_N_all
.4500E+00   100.000  0.123E+03   0.66006E-01   0.00000E+00   0.10000E+00    0.50249E-02  -45.77         test_N_all
.4600E+00   100.000  0.118E+03   0.61745E-01   0.00000E+00   0.10000E+00    0.50249E-02  -57.96         test_N_all
.4700E+00   100.000  0.114E+03   0.57657E-01   0.00000E+00   0.10000E+00    0.50249E-02  -71.01         test_N_all
.4800E+00   100.000  0.109E+03   0.53744E-01   0.00000E+00   0.10000E+00    0.50249E-02  -84.74         test_N_all
.4900E+00   100.000  0.105E+03   0.50007E-01   0.00000E+00   0.10000E+00    0.50249E-02  -98.98         test_N_all
.5000E+00   100.000  0.101E+03   0.46444E-01   0.00000E+00   0.10000E+00    0.17692E-02 -916.38         test_N_all
.5100E+00   100.000  0.970E+02   0.43057E-01   0.00000E+00   0.10000E+00    0.50249E-02 -128.42         test_N_all
.5200E+00   100.000  0.932E+02   0.39841E-01   0.00000E+00   0.10000E+00    0.50249E-02 -143.33         test_N_all
.5300E+00   100.000  0.896E+02   0.36795E-01   0.00000E+00   0.10000E+00    0.50249E-02 -158.21         test_N_all
.5400E+00   100.000  0.861E+02   0.33917E-01   0.00000E+00   0.10000E+00    0.50249E-02 -172.95         test_N_all
.5500E+00   100.000  0.827E+02   0.31202E-01   0.00000E+00   0.10000E+00    0.50249E-02 -187.45         test_N_all
.5600E+00   100.000  0.795E+02   0.28647E-01   0.00000E+00   0.10000E+00    0.50249E-02 -201.63         test_N_all
.5700E+00   100.000  0.763E+02   0.26248E-01   0.00000E+00   0.10000E+00    0.50249E-02 -215.42         test_N_all
.5800E+00   100.000  0.733E+02   0.24000E-01   0.00000E+00   0.10000E+00    0.50249E-02 -228.75         test_N_all
.5900E+00   100.000  0.704E+02   0.21898E-01   0.00000E+00   0.10000E+00    0.50249E-02 -241.58         test_N_all
.6000E+00   100.000  0.675E+02   0.19937E-01   0.00000E+00   0.10000E+00    0.17692E-02 *******         test_N_all
.6100E+00   100.000  0.648E+02   0.18110E-01   0.00000E+00   0.10000E+00    0.50249E-02 -265.58         test_N_all
.6200E+00   100.000  0.622E+02   0.16413E-01   0.00000E+00   0.10000E+00    0.50249E-02 -276.70         test_N_all
.6300E+00   100.000  0.596E+02   0.14840E-01   0.00000E+00   0.10000E+00    0.50249E-02 -287.22         test_N_all
.6400E+00   100.000  0.571E+02   0.13384E-01   0.00000E+00   0.10000E+00    0.50249E-02 -297.12         test_N_all
.6500E+00   100.000  0.547E+02   0.12040E-01   0.00000E+00   0.10000E+00    0.50249E-02 -306.41         test_N_all
.6600E+00   100.000  0.524E+02   0.10802E-01   0.00000E+00   0.10000E+00    0.50249E-02 -315.10         test_N_all
.6700E+00   100.000  0.501E+02   0.96639E-02   0.00000E+00   0.10000E+00    0.50249E-02 -323.19         test_N_all
.6800E+00   100.000  0.479E+02   0.86201E-02   0.00000E+00   0.10000E+00    0.50249E-02 -330.70         test_N_all
.6900E+00   100.000  0.458E+02   0.76646E-02   0.00000E+00   0.10000E+00    0.50249E-02 -337.66         test_N_all
.7000E+00   100.000  0.437E+02   0.67931E-02   0.00000E+00   0.10000E+00    0.17692E-02 *******         test_N_all
.7100E+00   100.000  0.417E+02   0.59982E-02   0.00000E+00   0.10000E+00    0.50249E-02 -349.95         test_N_all
.7200E+00   100.000  0.398E+02   0.52767E-02   0.00000E+00   0.10000E+00    0.50249E-02 -355.35         test_N_all
.7300E+00   100.000  0.379E+02   0.46230E-02   0.00000E+00   0.10000E+00    0.50249E-02 -360.27         test_N_all
.7400E+00   100.000  0.360E+02   0.40319E-02   0.00000E+00   0.10000E+00    0.50249E-02 -364.75         test_N_all
.7500E+00   100.000  0.342E+02   0.35003E-02   0.00000E+00   0.10000E+00    0.50249E-02 -368.80         test_N_all
.7600E+00   100.000  0.325E+02   0.30219E-02   0.00000E+00   0.10000E+00    0.50249E-02 -372.47         test_N_all
.7700E+00   100.000  0.308E+02   0.25943E-02   0.00000E+00   0.10000E+00    0.50249E-02 -375.76         test_N_all
.7800E+00   100.000  0.291E+02   0.22133E-02   0.00000E+00   0.10000E+00    0.50249E-02 -378.70         test_N_all
.7900E+00   100.000  0.275E+02   0.18748E-02   0.00000E+00   0.10000E+00    0.50249E-02 -381.33         test_N_all
.8000E+00   100.000  0.259E+02   0.15760E-02   0.00000E+00   0.10000E+00    0.17692E-02 *******         test_N_all
.8100E+00   100.000  0.243E+02   0.13131E-02   0.00000E+00   0.10000E+00    0.50249E-02 -385.71         test_N_all
.8200E+00   100.000  0.228E+02   0.10838E-02   0.00000E+00   0.10000E+00    0.50249E-02 -387.50         test_N_all
.8300E+00   100.000  0.214E+02   0.88494E-03   0.00000E+00   0.10000E+00    0.50249E-02 -389.06         test_N_all
.8400E+00   100.000  0.199E+02   0.71347E-03   0.00000E+00   0.10000E+00    0.50249E-02 -390.41         test_N_all
.8500E+00   100.000  0.185E+02   0.56760E-03   0.00000E+00   0.10000E+00    0.50249E-02 -391.56         test_N_all
.8600E+00   100.000  0.172E+02   0.44389E-03   0.00000E+00   0.10000E+00    0.50249E-02 -392.53         test_N_all
.8700E+00   100.000  0.158E+02   0.34091E-03   0.00000E+00   0.10000E+00    0.50249E-02 -393.34         test_N_all
.8800E+00   100.000  0.145E+02   0.25622E-03   0.00000E+00   0.10000E+00    0.50249E-02 -394.01         test_N_all
.8900E+00   100.000  0.132E+02   0.18751E-03   0.00000E+00   0.10000E+00    0.50249E-02 -394.56         test_N_all
.9000E+00   100.000  0.120E+02   0.13337E-03   0.00000E+00   0.10000E+00    0.17692E-02 *******         test_N_all
.9100E+00   100.000  0.108E+02   0.91001E-04   0.00000E+00   0.10000E+00    0.50249E-02 -395.32         test_N_all
.9200E+00   100.000  0.958E+01   0.59377E-04   0.00000E+00   0.10000E+00    0.50249E-02 -395.57         test_N_all
.9300E+00   100.000  0.841E+01   0.36528E-04   0.00000E+00   0.10000E+00    0.50249E-02 -395.75         test_N_all
.9400E+00   100.000  0.726E+01   0.20586E-04   0.00000E+00   0.10000E+00    0.50249E-02 -395.88         test_N_all
.9500E+00   100.000  0.614E+01   0.10710E-04   0.00000E+00   0.10000E+00    0.50249E-02 -395.95         test_N_all
.9600E+00   100.000  0.505E+01   0.44602E-05   0.00000E+00   0.10000E+00    0.50249E-02 -396.00         test_N_all
.9700E+00   100.000  0.397E+01   0.14738E-05   0.00000E+00   0.10000E+00    0.50249E-02 -396.03         test_N_all
.9800E+00   100.000  0.292E+01   0.67758E-06   0.00000E+00   0.10000E+00    0.50249E-02 -396.03         test_N_all
.9900E+00   100.000  0.189E+01   0.81908E-06   0.00000E+00   0.10000E+00    0.50249E-02 -396.03         test_N_all
.1000E+01   100.000  0.882E+00   0.00000E+00   0.00000E+00   0.10000E+00    0.50249E-02 -396.04         test_N_all



 CHI SQUARE=******** FOR  582 POINTS   CHISQ/NPTS=  676.52
 Signed chisquare total =********
 Modified residual =********


Summary normalization chi2 contributions

 data set     normalization        error         chisq


Summary chi2 per data set

 data set      chisq    _w     signd    _w     resid     _w   npts   chisq/pts  _w
test_N_all  393734.6        100942.8        ********           582  676.52
------------------------------------------------------------------------------------
TOTAL       393734.6393734.6100942.8     0.0****************   582  676.52  676.52
TOTAL+norm  393734.6393734.6                                   582  676.52  676.52



            Momentum Sum Rule Check


      q2      alphas      xuv       xdv       xub       xdb       xsb       xcb       xbb      xglue     total
      1.69    0.3845    0.3169    0.1347    0.0537    0.0692    0.0246    0.0000    0.0000    0.4011    1.0002
    100.00    0.1784    0.2233    0.0949    0.0640    0.0749    0.0435    0.0262    0.0088    0.4615    0.9973
   1000.00    0.1407    0.0000    0.0000    0.0000    0.0000    0.0000    0.0000    0.0000    0.0000    0.0000
   8315.00    0.1180    0.0000    0.0000    0.0000    0.0000    0.0000    0.0000    0.0000    0.0000    0.0000


 Vector Boson Cross Sections

 sqrt(s)   sigma(W)    error    theory

   1960.     2.865     0.063       0.000     D0

   1960.     2.749     0.054       0.000     CDF

   7000.     9.95      0.29        0.000     CMS

   7000.     9.96      0.55        0.000     ATLAS

 sqrt(s)   sigma(Z)    error    theory

   1960.     .2649     .0094       0.000     D0

   1960.     .2549     .0057       0.000     CDF

   7000.     .931      0.035       0.000     CMS

   7000.     .82       0.08        0.000     ATLAS


