 Correlated errors added in quadrature with statistical errors
 test_N_all DIS data with   1.69< Q2 < 0.500D+03 and 0.000 < xB < 1.000 and   0.00< W2 < 0.100D+05 and 0.000 < y < 1.000
   No TMC applied
   HT corrections, additive C=C(xB)

# fitpack15: fit output
# CJ15 AV18 final data choices                                                 

Parametrization   7 used here

 S-ACOT scheme used  for NC DIS

 charm mass =     1.30 GeV     bottom mass =     4.50 GeV



 THIS IS A NEXT TO LEADING ORDER FIT

 Q02=    1.69
         1  LAMBDA      VALUE=   0.22680      WEIGHT=    0.0000    
         2  a0uv        VALUE=    1.9042      WEIGHT=    0.0000    
         3  a1uv        VALUE=   0.55764      WEIGHT=   0.21506E-01
         4  a2uv        VALUE=    3.4753      WEIGHT=   0.12252E-01
         5  a3uv        VALUE=    0.0000      WEIGHT=    0.0000    
         6  a4uv        VALUE=    4.3113      WEIGHT=   0.56402    
         7  a5uv        VALUE=    0.0000      WEIGHT=    0.0000    
         8  a0dv        VALUE=    28.902      WEIGHT=    0.0000    
         9  a1dv        VALUE=    1.1785      WEIGHT=   0.28946E-01
        10  a2dv        VALUE=    6.7673      WEIGHT=   0.15101    
        11  a3dv        VALUE=   -3.6831      WEIGHT=   0.72594E-01
        12  a4dv        VALUE=    4.8771      WEIGHT=   0.12781    
        13  a5dv        VALUE=    0.0000      WEIGHT=    0.0000    
        14  a0ud        VALUE=   0.14106      WEIGHT=   0.48853E-02
        15  a1ud        VALUE=  -0.21130      WEIGHT=   0.37708E-02
        16  a2ud        VALUE=    8.3071      WEIGHT=   0.19210    
        17  a3ud        VALUE=    0.0000      WEIGHT=    0.0000    
        18  a4ud        VALUE=    14.490      WEIGHT=    1.1972    
        19  a5ud        VALUE=    0.0000      WEIGHT=    0.0000    
        20  a0du        VALUE=    35712.      WEIGHT=    0.0000    
        21  a1du        VALUE=    4.1743      WEIGHT=   0.79953E-01
        22  a2du        VALUE=    18.646      WEIGHT=   0.84912    
        23  a3du        VALUE=    17.000      WEIGHT=    0.0000    
        24  a4du        VALUE=    56.315      WEIGHT=    8.4022    
        25  a0g         VALUE=    60.434      WEIGHT=    0.0000    
        26  a1g         VALUE=   0.65191      WEIGHT=   0.34275E-01
        27  a2g         VALUE=    7.5089      WEIGHT=   0.74258    
        28  a3g         VALUE=   -3.8044      WEIGHT=   0.15493    
        29  a4g         VALUE=    4.3685      WEIGHT=   0.40526    
        30  a5g         VALUE=    0.0000      WEIGHT=    0.0000    
        31  kappa       VALUE=   0.40000      WEIGHT=    0.0000    
        32  a6dv        VALUE=  -0.39542E-02  WEIGHT=   0.58935E-03
        33  a7dv        VALUE=    2.0000      WEIGHT=    0.0000    
        34  off1        VALUE=    0.0000      WEIGHT=    0.0000    
        35  off2        VALUE=    0.0000      WEIGHT=    0.0000    
        36  off3        VALUE=    0.0000      WEIGHT=    0.0000    
        37  ht1         VALUE=   -29.253      WEIGHT=    1.4985    
        38  ht2         VALUE=    4.3631      WEIGHT=   0.10915    
        39  ht3         VALUE=   -1.8902      WEIGHT=   0.15519E-01
        40  ht4         VALUE=    0.0000      WEIGHT=    0.0000    
        41  ht1n        VALUE=   -16.587      WEIGHT=    2.1349    
        42  ht2n        VALUE=    2.8652      WEIGHT=   0.18233    
        43  ht3n        VALUE=   -2.0691      WEIGHT=   0.32327E-01
        44  ht4n        VALUE=    0.0000      WEIGHT=    0.0000    
        45  dummy45     VALUE=    0.0000      WEIGHT=    0.0000    
        46  dummy46     VALUE=    0.0000      WEIGHT=    0.0000    
        47  dummy47     VALUE=    0.0000      WEIGHT=    0.0000    
        48  dummy48     VALUE=    0.0000      WEIGHT=    0.0000    
        49  dummy49     VALUE=    0.0000      WEIGHT=    0.0000    
        50  bcdmsh2     VALUE=   0.95658      WEIGHT=   0.46542E-02
        51  bcdmsd2     VALUE=   0.97906      WEIGHT=   0.55330E-02
        52  ccfr        VALUE=    1.0000      WEIGHT=    0.0000    
        53  nutev       VALUE=    1.0000      WEIGHT=    0.0000    
        54  zeus        VALUE=   0.97998      WEIGHT=    0.0000    
        55  h1          VALUE=    1.0162      WEIGHT=    0.0000    
        56  e605        VALUE=    1.0319      WEIGHT=    0.0000    
        57  NmcH2       VALUE=   0.99476      WEIGHT=   0.69955E-02
        58  ntv_nu      VALUE=    1.0000      WEIGHT=    0.0000    
        59  ntv_nubar   VALUE=    1.0000      WEIGHT=    0.0000    
        60  cdf_jet     VALUE=   0.98910      WEIGHT=    0.0000    
        61  d0_jet      VALUE=   0.83504      WEIGHT=    0.0000    
        62  slac_p      VALUE=   0.99959      WEIGHT=   0.50581E-02
        63  slac_d      VALUE=   0.98882      WEIGHT=   0.50354E-02
        64  e866pp      VALUE=   0.95746      WEIGHT=   0.19468E-01
        65  e866pd      VALUE=   0.94470      WEIGHT=   0.15260E-01
        66  d0_gamjet   VALUE=    1.0366      WEIGHT=   0.16420E-01
        67  h1b         VALUE=   0.97608      WEIGHT=    0.0000    
        68  jlab_p      VALUE=   0.99064      WEIGHT=   0.63474E-02
        69  jlab_d      VALUE=   0.96615      WEIGHT=   0.59357E-02
        70  blank       VALUE=    1.0000      WEIGHT=    0.0000    
        71  d0run2      VALUE=   0.97876      WEIGHT=   0.14220E-01
        72  cdfrun2     VALUE=   0.96185      WEIGHT=   0.17466E-01
        73  HERA_el     VALUE=    1.0000      WEIGHT=    0.0000    
        74  HERA_ps     VALUE=    1.0000      WEIGHT=    0.0000    
        75  CDF_Z       VALUE=   0.94123      WEIGHT=   0.58500E-02
        76  NmcRat      VALUE=    1.0000      WEIGHT=    0.0000    
        77  BNS_F2nd    VALUE=   0.94580      WEIGHT=   0.94564E-02
        78  HERMES_F2p  VALUE=   0.98876      WEIGHT=   0.56557E-02
        79  HERMES_F2d  VALUE=   0.96503      WEIGHT=   0.56545E-02
0THE TOLERANCE IS    0.1000
 THE MAXIMUM NUMBER OF STEPS IS 100
0THE INITIAL CHI SQUARED IS  4.65983E+07



     X        Q2         W2       THEORY        error         DATA           ERROR        chi^2     _w    ITYPE
.1000E-01     2.000  0.199E+03   0.33667E+00   0.00000E+00   0.10000E+00    0.50249E-02 2218.41         test_N_all
.2000E-01     2.000  0.989E+02   0.31432E+00   0.00000E+00   0.10000E+00    0.50249E-02 1819.08         test_N_all
.3000E-01     2.000  0.655E+02   0.30588E+00   0.00000E+00   0.10000E+00    0.50249E-02 1678.68         test_N_all
.4000E-01     2.000  0.489E+02   0.30372E+00   0.00000E+00   0.10000E+00    0.50249E-02 1643.67         test_N_all
.5000E-01     2.000  0.389E+02   0.30234E+00   0.00000E+00   0.10000E+00    0.50249E-02 1621.44         test_N_all
.6000E-01     2.000  0.322E+02   0.30172E+00   0.00000E+00   0.10000E+00    0.50249E-02 1611.56         test_N_all
.7000E-01     2.000  0.275E+02   0.30086E+00   0.00000E+00   0.10000E+00    0.50249E-02 1597.73         test_N_all
.8000E-01     2.000  0.239E+02   0.29937E+00   0.00000E+00   0.10000E+00    0.50249E-02 1574.19         test_N_all
.9000E-01     2.000  0.211E+02   0.29714E+00   0.00000E+00   0.10000E+00    0.50249E-02 1539.22         test_N_all
.1000E+00     2.000  0.189E+02   0.29399E+00   0.00000E+00   0.10000E+00    0.50249E-02 1490.45         test_N_all
.1100E+00     2.000  0.171E+02   0.28989E+00   0.00000E+00   0.10000E+00    0.50249E-02 1428.10         test_N_all
.1200E+00     2.000  0.155E+02   0.28482E+00   0.00000E+00   0.10000E+00    0.50249E-02 1352.74         test_N_all
.1300E+00     2.000  0.143E+02   0.27883E+00   0.00000E+00   0.10000E+00    0.50249E-02 1266.49         test_N_all
.1400E+00     2.000  0.132E+02   0.27202E+00   0.00000E+00   0.10000E+00    0.50249E-02 1171.91         test_N_all
.1500E+00     2.000  0.122E+02   0.26441E+00   0.00000E+00   0.10000E+00    0.50249E-02 1070.49         test_N_all
.1600E+00     2.000  0.114E+02   0.25621E+00   0.00000E+00   0.10000E+00    0.50249E-02  966.43         test_N_all
.1700E+00     2.000  0.106E+02   0.24744E+00   0.00000E+00   0.10000E+00    0.50249E-02  860.92         test_N_all
.1800E+00     2.000  0.999E+01   0.23820E+00   0.00000E+00   0.10000E+00    0.50249E-02  756.37         test_N_all
.1900E+00     2.000  0.941E+01   0.22861E+00   0.00000E+00   0.10000E+00    0.50249E-02  655.12         test_N_all
.2000E+00     2.000  0.888E+01   0.21871E+00   0.00000E+00   0.10000E+00    0.50249E-02  558.13         test_N_all
.2100E+00     2.000  0.841E+01   0.20863E+00   0.00000E+00   0.10000E+00    0.50249E-02  467.35         test_N_all
.2200E+00     2.000  0.797E+01   0.19839E+00   0.00000E+00   0.10000E+00    0.50249E-02  383.39         test_N_all
.2300E+00     2.000  0.758E+01   0.18806E+00   0.00000E+00   0.10000E+00    0.50249E-02  307.10         test_N_all
.2400E+00     2.000  0.722E+01   0.17771E+00   0.00000E+00   0.10000E+00    0.50249E-02  239.17         test_N_all
.2500E+00     2.000  0.688E+01   0.16739E+00   0.00000E+00   0.10000E+00    0.50249E-02  179.87         test_N_all
.2600E+00     2.000  0.657E+01   0.15716E+00   0.00000E+00   0.10000E+00    0.50249E-02  129.41         test_N_all
.2700E+00     2.000  0.629E+01   0.14708E+00   0.00000E+00   0.10000E+00    0.50249E-02   87.79         test_N_all
.2800E+00     2.000  0.602E+01   0.13720E+00   0.00000E+00   0.10000E+00    0.50249E-02   54.82         test_N_all
.2900E+00     2.000  0.578E+01   0.12759E+00   0.00000E+00   0.10000E+00    0.50249E-02   30.15         test_N_all
.3000E+00     2.000  0.555E+01   0.11831E+00   0.00000E+00   0.10000E+00    0.18868E-02   94.18         test_N_all
.3100E+00     2.000  0.533E+01   0.10942E+00   0.00000E+00   0.10000E+00    0.50249E-02    3.51         test_N_all
.3200E+00     2.000  0.513E+01   0.10100E+00   0.00000E+00   0.10000E+00    0.50249E-02    0.04         test_N_all
.3300E+00     2.000  0.494E+01   0.93127E-01   0.00000E+00   0.10000E+00    0.50249E-02   -1.87         test_N_all
.3400E+00     2.000  0.476E+01   0.85876E-01   0.00000E+00   0.10000E+00    0.50249E-02   -7.90         test_N_all
.3500E+00     2.000  0.460E+01   0.79345E-01   0.00000E+00   0.10000E+00    0.50249E-02  -16.90         test_N_all
.3600E+00     2.000  0.444E+01   0.73614E-01   0.00000E+00   0.10000E+00    0.50249E-02  -27.57         test_N_all
.3700E+00     2.000  0.429E+01   0.68794E-01   0.00000E+00   0.10000E+00    0.50249E-02  -38.57         test_N_all
.3800E+00     2.000  0.414E+01   0.64989E-01   0.00000E+00   0.10000E+00    0.50249E-02  -48.55         test_N_all
.3900E+00     2.000  0.401E+01   0.62307E-01   0.00000E+00   0.10000E+00    0.50249E-02  -56.27         test_N_all
.4000E+00     2.000  0.388E+01   0.60872E-01   0.00000E+00   0.10000E+00    0.17692E-02 -489.13         test_N_all
.4100E+00     2.000  0.376E+01   0.60806E-01   0.00000E+00   0.10000E+00    0.50249E-02  -60.84         test_N_all
.4200E+00     2.000  0.364E+01   0.62241E-01   0.00000E+00   0.10000E+00    0.50249E-02  -56.47         test_N_all
.4300E+00     2.000  0.353E+01   0.65311E-01   0.00000E+00   0.10000E+00    0.50249E-02  -47.66         test_N_all
.4400E+00     2.000  0.343E+01   0.70160E-01   0.00000E+00   0.10000E+00    0.50249E-02  -35.26         test_N_all
.4500E+00     2.000  0.333E+01   0.76928E-01   0.00000E+00   0.10000E+00    0.50249E-02  -21.08         test_N_all
.4600E+00     2.000  0.323E+01   0.85775E-01   0.00000E+00   0.10000E+00    0.50249E-02   -8.01         test_N_all
.4700E+00     2.000  0.314E+01   0.96846E-01   0.00000E+00   0.10000E+00    0.50249E-02   -0.39         test_N_all
.4800E+00     2.000  0.305E+01   0.11030E+00   0.00000E+00   0.10000E+00    0.50249E-02    4.20         test_N_all
.4900E+00     2.000  0.296E+01   0.12630E+00   0.00000E+00   0.10000E+00    0.50249E-02   27.40         test_N_all
.5000E+00     2.000  0.288E+01   0.14501E+00   0.00000E+00   0.10000E+00    0.17692E-02  647.28         test_N_all
.5100E+00     2.000  0.280E+01   0.16660E+00   0.00000E+00   0.10000E+00    0.50249E-02  175.68         test_N_all
.5200E+00     2.000  0.273E+01   0.19124E+00   0.00000E+00   0.10000E+00    0.50249E-02  329.68         test_N_all
.5300E+00     2.000  0.266E+01   0.21909E+00   0.00000E+00   0.10000E+00    0.50249E-02  561.67         test_N_all
.5400E+00     2.000  0.259E+01   0.25034E+00   0.00000E+00   0.10000E+00    0.50249E-02  895.10         test_N_all
.5500E+00     2.000  0.252E+01   0.28515E+00   0.00000E+00   0.10000E+00    0.50249E-02 1357.59         test_N_all
.5600E+00     2.000  0.245E+01   0.32371E+00   0.00000E+00   0.10000E+00    0.50249E-02 1982.05         test_N_all
.5700E+00     2.000  0.239E+01   0.36620E+00   0.00000E+00   0.10000E+00    0.50249E-02 2806.43         test_N_all
.5800E+00     2.000  0.233E+01   0.41280E+00   0.00000E+00   0.10000E+00    0.50249E-02 3874.92         test_N_all
.5900E+00     2.000  0.227E+01   0.46369E+00   0.00000E+00   0.10000E+00    0.50249E-02 5238.46         test_N_all
.6000E+00     2.000  0.222E+01   0.51906E+00   0.00000E+00   0.10000E+00    0.17692E-02 *******         test_N_all
.6100E+00     2.000  0.216E+01   0.57911E+00   0.00000E+00   0.10000E+00    0.50249E-02 9090.78         test_N_all
.6200E+00     2.000  0.211E+01   0.64401E+00   0.00000E+00   0.10000E+00    0.50249E-02 *******         test_N_all
.6300E+00     2.000  0.206E+01   0.71396E+00   0.00000E+00   0.10000E+00    0.50249E-02 *******         test_N_all
.6400E+00     2.000  0.201E+01   0.78916E+00   0.00000E+00   0.10000E+00    0.50249E-02 *******         test_N_all
.6500E+00     2.000  0.196E+01   0.86980E+00   0.00000E+00   0.10000E+00    0.50249E-02 *******         test_N_all
.6600E+00     2.000  0.191E+01   0.95609E+00   0.00000E+00   0.10000E+00    0.50249E-02 *******         test_N_all
.6700E+00     2.000  0.187E+01   0.10482E+01   0.00000E+00   0.10000E+00    0.50249E-02 *******         test_N_all
.6800E+00     2.000  0.182E+01   0.11464E+01   0.00000E+00   0.10000E+00    0.50249E-02 *******         test_N_all
.6900E+00     2.000  0.178E+01   0.12508E+01   0.00000E+00   0.10000E+00    0.50249E-02 *******         test_N_all
.7000E+00     2.000  0.174E+01   0.13617E+01   0.00000E+00   0.10000E+00    0.17692E-02 *******         test_N_all
.7100E+00     2.000  0.170E+01   0.14793E+01   0.00000E+00   0.10000E+00    0.50249E-02 *******         test_N_all
.7200E+00     2.000  0.166E+01   0.16038E+01   0.00000E+00   0.10000E+00    0.50249E-02 *******         test_N_all
.7300E+00     2.000  0.162E+01   0.17354E+01   0.00000E+00   0.10000E+00    0.50249E-02 *******         test_N_all
.7400E+00     2.000  0.158E+01   0.18743E+01   0.00000E+00   0.10000E+00    0.50249E-02 *******         test_N_all
.7500E+00     2.000  0.155E+01   0.20207E+01   0.00000E+00   0.10000E+00    0.50249E-02 *******         test_N_all
.7600E+00     2.000  0.151E+01   0.21750E+01   0.00000E+00   0.10000E+00    0.50249E-02 *******         test_N_all
.7700E+00     2.000  0.148E+01   0.23373E+01   0.00000E+00   0.10000E+00    0.50249E-02 *******         test_N_all
.7800E+00     2.000  0.145E+01   0.25078E+01   0.00000E+00   0.10000E+00    0.50249E-02 *******         test_N_all
.7900E+00     2.000  0.141E+01   0.26868E+01   0.00000E+00   0.10000E+00    0.50249E-02 *******         test_N_all
.8000E+00     2.000  0.138E+01   0.28746E+01   0.00000E+00   0.10000E+00    0.17692E-02 *******         test_N_all
.8100E+00     2.000  0.135E+01   0.30713E+01   0.00000E+00   0.10000E+00    0.50249E-02 *******         test_N_all
.8200E+00     2.000  0.132E+01   0.32773E+01   0.00000E+00   0.10000E+00    0.50249E-02 *******         test_N_all
.8300E+00     2.000  0.129E+01   0.34928E+01   0.00000E+00   0.10000E+00    0.50249E-02 *******         test_N_all
.8400E+00     2.000  0.126E+01   0.37179E+01   0.00000E+00   0.10000E+00    0.50249E-02 *******         test_N_all
.8500E+00     2.000  0.123E+01   0.39531E+01   0.00000E+00   0.10000E+00    0.50249E-02 *******         test_N_all
.8600E+00     2.000  0.121E+01   0.41986E+01   0.00000E+00   0.10000E+00    0.50249E-02 *******         test_N_all
.8700E+00     2.000  0.118E+01   0.44545E+01   0.00000E+00   0.10000E+00    0.50249E-02 *******         test_N_all
.8800E+00     2.000  0.115E+01   0.47213E+01   0.00000E+00   0.10000E+00    0.50249E-02 *******         test_N_all
.8900E+00     2.000  0.113E+01   0.49991E+01   0.00000E+00   0.10000E+00    0.50249E-02 *******         test_N_all
.9000E+00     2.000  0.110E+01   0.52883E+01   0.00000E+00   0.10000E+00    0.17692E-02 *******         test_N_all
.9100E+00     2.000  0.108E+01   0.55891E+01   0.00000E+00   0.10000E+00    0.50249E-02 *******         test_N_all
.9200E+00     2.000  0.106E+01   0.59018E+01   0.00000E+00   0.10000E+00    0.50249E-02 *******         test_N_all
.9300E+00     2.000  0.103E+01   0.62266E+01   0.00000E+00   0.10000E+00    0.50249E-02 *******         test_N_all
.9400E+00     2.000  0.101E+01   0.65640E+01   0.00000E+00   0.10000E+00    0.50249E-02 *******         test_N_all
.9500E+00     2.000  0.987E+00   0.69141E+01   0.00000E+00   0.10000E+00    0.50249E-02 *******         test_N_all
.9600E+00     2.000  0.965E+00   0.72773E+01   0.00000E+00   0.10000E+00    0.50249E-02 *******         test_N_all
.9700E+00     2.000  0.944E+00   0.76538E+01   0.00000E+00   0.10000E+00    0.50249E-02 *******         test_N_all
.9800E+00     2.000  0.923E+00   0.80440E+01   0.00000E+00   0.10000E+00    0.50249E-02 *******         test_N_all
.9900E+00     2.000  0.902E+00   0.84482E+01   0.00000E+00   0.10000E+00    0.50249E-02 *******         test_N_all
.1000E+01     2.000  0.882E+00   0.88666E+01   0.00000E+00   0.10000E+00    0.50249E-02 *******         test_N_all
.1000E-01     5.000  0.496E+03   0.44204E+00   0.00000E+00   0.10000E+00    0.50249E-02 4633.39         test_N_all
.2000E-01     5.000  0.246E+03   0.39210E+00   0.00000E+00   0.10000E+00    0.50249E-02 3379.01         test_N_all
.3000E-01     5.000  0.163E+03   0.36805E+00   0.00000E+00   0.10000E+00    0.50249E-02 2845.50         test_N_all
.4000E-01     5.000  0.121E+03   0.35586E+00   0.00000E+00   0.10000E+00    0.50249E-02 2592.58         test_N_all
.5000E-01     5.000  0.959E+02   0.34591E+00   0.00000E+00   0.10000E+00    0.50249E-02 2394.87         test_N_all
.6000E-01     5.000  0.792E+02   0.33867E+00   0.00000E+00   0.10000E+00    0.50249E-02 2255.95         test_N_all
.7000E-01     5.000  0.673E+02   0.33194E+00   0.00000E+00   0.10000E+00    0.50249E-02 2130.49         test_N_all
.8000E-01     5.000  0.584E+02   0.32574E+00   0.00000E+00   0.10000E+00    0.50249E-02 2018.17         test_N_all
.9000E-01     5.000  0.514E+02   0.31946E+00   0.00000E+00   0.10000E+00    0.50249E-02 1907.47         test_N_all
.1000E+00     5.000  0.459E+02   0.31310E+00   0.00000E+00   0.10000E+00    0.50249E-02 1798.54         test_N_all
.1100E+00     5.000  0.413E+02   0.30643E+00   0.00000E+00   0.10000E+00    0.50249E-02 1687.72         test_N_all
.1200E+00     5.000  0.375E+02   0.29956E+00   0.00000E+00   0.10000E+00    0.50249E-02 1577.13         test_N_all
.1300E+00     5.000  0.343E+02   0.29239E+00   0.00000E+00   0.10000E+00    0.50249E-02 1465.92         test_N_all
.1400E+00     5.000  0.316E+02   0.28493E+00   0.00000E+00   0.10000E+00    0.50249E-02 1354.46         test_N_all
.1500E+00     5.000  0.292E+02   0.27724E+00   0.00000E+00   0.10000E+00    0.50249E-02 1244.06         test_N_all
.1600E+00     5.000  0.271E+02   0.26936E+00   0.00000E+00   0.10000E+00    0.50249E-02 1135.97         test_N_all
.1700E+00     5.000  0.253E+02   0.26133E+00   0.00000E+00   0.10000E+00    0.50249E-02 1030.79         test_N_all
.1800E+00     5.000  0.237E+02   0.25319E+00   0.00000E+00   0.10000E+00    0.50249E-02  929.38         test_N_all
.1900E+00     5.000  0.222E+02   0.24498E+00   0.00000E+00   0.10000E+00    0.50249E-02  832.45         test_N_all
.2000E+00     5.000  0.209E+02   0.23672E+00   0.00000E+00   0.10000E+00    0.50249E-02  740.26         test_N_all
.2100E+00     5.000  0.197E+02   0.22844E+00   0.00000E+00   0.10000E+00    0.50249E-02  653.35         test_N_all
.2200E+00     5.000  0.186E+02   0.22017E+00   0.00000E+00   0.10000E+00    0.50249E-02  571.90         test_N_all
.2300E+00     5.000  0.176E+02   0.21192E+00   0.00000E+00   0.10000E+00    0.50249E-02  496.07         test_N_all
.2400E+00     5.000  0.167E+02   0.20371E+00   0.00000E+00   0.10000E+00    0.50249E-02  425.95         test_N_all
.2500E+00     5.000  0.159E+02   0.19555E+00   0.00000E+00   0.10000E+00    0.50249E-02  361.58         test_N_all
.2600E+00     5.000  0.151E+02   0.18746E+00   0.00000E+00   0.10000E+00    0.50249E-02  302.94         test_N_all
.2700E+00     5.000  0.144E+02   0.17946E+00   0.00000E+00   0.10000E+00    0.50249E-02  250.06         test_N_all
.2800E+00     5.000  0.137E+02   0.17157E+00   0.00000E+00   0.10000E+00    0.50249E-02  202.86         test_N_all
.2900E+00     5.000  0.131E+02   0.16380E+00   0.00000E+00   0.10000E+00    0.50249E-02  161.23         test_N_all
.3000E+00     5.000  0.125E+02   0.15619E+00   0.00000E+00   0.10000E+00    0.18868E-02  887.04         test_N_all
.3100E+00     5.000  0.120E+02   0.14876E+00   0.00000E+00   0.10000E+00    0.50249E-02   94.15         test_N_all
.3200E+00     5.000  0.115E+02   0.14153E+00   0.00000E+00   0.10000E+00    0.50249E-02   68.30         test_N_all
.3300E+00     5.000  0.110E+02   0.13453E+00   0.00000E+00   0.10000E+00    0.50249E-02   47.23         test_N_all
.3400E+00     5.000  0.106E+02   0.12781E+00   0.00000E+00   0.10000E+00    0.50249E-02   30.63         test_N_all
.3500E+00     5.000  0.102E+02   0.12140E+00   0.00000E+00   0.10000E+00    0.50249E-02   18.14         test_N_all
.3600E+00     5.000  0.977E+01   0.11534E+00   0.00000E+00   0.10000E+00    0.50249E-02    9.32         test_N_all
.3700E+00     5.000  0.940E+01   0.10967E+00   0.00000E+00   0.10000E+00    0.50249E-02    3.70         test_N_all
.3800E+00     5.000  0.904E+01   0.10445E+00   0.00000E+00   0.10000E+00    0.50249E-02    0.78         test_N_all
.3900E+00     5.000  0.870E+01   0.99717E-01   0.00000E+00   0.10000E+00    0.50249E-02   -0.00         test_N_all
.4000E+00     5.000  0.838E+01   0.95536E-01   0.00000E+00   0.10000E+00    0.17692E-02   -6.37         test_N_all
.4100E+00     5.000  0.808E+01   0.91960E-01   0.00000E+00   0.10000E+00    0.50249E-02   -2.56         test_N_all
.4200E+00     5.000  0.779E+01   0.89047E-01   0.00000E+00   0.10000E+00    0.50249E-02   -4.75         test_N_all
.4300E+00     5.000  0.751E+01   0.86858E-01   0.00000E+00   0.10000E+00    0.50249E-02   -6.84         test_N_all
.4400E+00     5.000  0.725E+01   0.85458E-01   0.00000E+00   0.10000E+00    0.50249E-02   -8.38         test_N_all
.4500E+00     5.000  0.699E+01   0.84906E-01   0.00000E+00   0.10000E+00    0.50249E-02   -9.02         test_N_all
.4600E+00     5.000  0.675E+01   0.85278E-01   0.00000E+00   0.10000E+00    0.50249E-02   -8.58         test_N_all
.4700E+00     5.000  0.652E+01   0.86632E-01   0.00000E+00   0.10000E+00    0.50249E-02   -7.08         test_N_all
.4800E+00     5.000  0.630E+01   0.89037E-01   0.00000E+00   0.10000E+00    0.50249E-02   -4.76         test_N_all
.4900E+00     5.000  0.609E+01   0.92567E-01   0.00000E+00   0.10000E+00    0.50249E-02   -2.19         test_N_all
.5000E+00     5.000  0.588E+01   0.97282E-01   0.00000E+00   0.10000E+00    0.17692E-02   -2.36         test_N_all
.5100E+00     5.000  0.569E+01   0.10326E+00   0.00000E+00   0.10000E+00    0.50249E-02    0.42         test_N_all
.5200E+00     5.000  0.550E+01   0.11057E+00   0.00000E+00   0.10000E+00    0.50249E-02    4.42         test_N_all
.5300E+00     5.000  0.532E+01   0.11928E+00   0.00000E+00   0.10000E+00    0.50249E-02   14.72         test_N_all
.5400E+00     5.000  0.514E+01   0.12946E+00   0.00000E+00   0.10000E+00    0.50249E-02   34.36         test_N_all
.5500E+00     5.000  0.497E+01   0.14117E+00   0.00000E+00   0.10000E+00    0.50249E-02   67.14         test_N_all
.5600E+00     5.000  0.481E+01   0.15451E+00   0.00000E+00   0.10000E+00    0.50249E-02  117.67         test_N_all
.5700E+00     5.000  0.465E+01   0.16952E+00   0.00000E+00   0.10000E+00    0.50249E-02  191.42         test_N_all
.5800E+00     5.000  0.450E+01   0.18629E+00   0.00000E+00   0.10000E+00    0.50249E-02  294.90         test_N_all
.5900E+00     5.000  0.436E+01   0.20489E+00   0.00000E+00   0.10000E+00    0.50249E-02  435.70         test_N_all
.6000E+00     5.000  0.422E+01   0.22538E+00   0.00000E+00   0.10000E+00    0.17692E-02 5022.50         test_N_all
.6100E+00     5.000  0.408E+01   0.24785E+00   0.00000E+00   0.10000E+00    0.50249E-02  865.70         test_N_all
.6200E+00     5.000  0.395E+01   0.27236E+00   0.00000E+00   0.10000E+00    0.50249E-02 1176.52         test_N_all
.6300E+00     5.000  0.382E+01   0.29898E+00   0.00000E+00   0.10000E+00    0.50249E-02 1568.12         test_N_all
.6400E+00     5.000  0.369E+01   0.32780E+00   0.00000E+00   0.10000E+00    0.50249E-02 2055.25         test_N_all
.6500E+00     5.000  0.357E+01   0.35889E+00   0.00000E+00   0.10000E+00    0.50249E-02 2654.44         test_N_all
.6600E+00     5.000  0.346E+01   0.39232E+00   0.00000E+00   0.10000E+00    0.50249E-02 3384.20         test_N_all
.6700E+00     5.000  0.334E+01   0.42817E+00   0.00000E+00   0.10000E+00    0.50249E-02 4265.15         test_N_all
.6800E+00     5.000  0.323E+01   0.46651E+00   0.00000E+00   0.10000E+00    0.50249E-02 5320.12         test_N_all
.6900E+00     5.000  0.313E+01   0.50744E+00   0.00000E+00   0.10000E+00    0.50249E-02 6574.43         test_N_all
.7000E+00     5.000  0.302E+01   0.55101E+00   0.00000E+00   0.10000E+00    0.17692E-02 *******         test_N_all
.7100E+00     5.000  0.292E+01   0.59733E+00   0.00000E+00   0.10000E+00    0.50249E-02 9795.45         test_N_all
.7200E+00     5.000  0.283E+01   0.64646E+00   0.00000E+00   0.10000E+00    0.50249E-02 *******         test_N_all
.7300E+00     5.000  0.273E+01   0.69850E+00   0.00000E+00   0.10000E+00    0.50249E-02 *******         test_N_all
.7400E+00     5.000  0.264E+01   0.75352E+00   0.00000E+00   0.10000E+00    0.50249E-02 *******         test_N_all
.7500E+00     5.000  0.255E+01   0.81162E+00   0.00000E+00   0.10000E+00    0.50249E-02 *******         test_N_all
.7600E+00     5.000  0.246E+01   0.87288E+00   0.00000E+00   0.10000E+00    0.50249E-02 *******         test_N_all
.7700E+00     5.000  0.238E+01   0.93739E+00   0.00000E+00   0.10000E+00    0.50249E-02 *******         test_N_all
.7800E+00     5.000  0.229E+01   0.10052E+01   0.00000E+00   0.10000E+00    0.50249E-02 *******         test_N_all
.7900E+00     5.000  0.221E+01   0.10765E+01   0.00000E+00   0.10000E+00    0.50249E-02 *******         test_N_all
.8000E+00     5.000  0.213E+01   0.11514E+01   0.00000E+00   0.10000E+00    0.17692E-02 *******         test_N_all
.8100E+00     5.000  0.205E+01   0.12298E+01   0.00000E+00   0.10000E+00    0.50249E-02 *******         test_N_all
.8200E+00     5.000  0.198E+01   0.13120E+01   0.00000E+00   0.10000E+00    0.50249E-02 *******         test_N_all
.8300E+00     5.000  0.191E+01   0.13980E+01   0.00000E+00   0.10000E+00    0.50249E-02 *******         test_N_all
.8400E+00     5.000  0.183E+01   0.14879E+01   0.00000E+00   0.10000E+00    0.50249E-02 *******         test_N_all
.8500E+00     5.000  0.176E+01   0.15818E+01   0.00000E+00   0.10000E+00    0.50249E-02 *******         test_N_all
.8600E+00     5.000  0.170E+01   0.16799E+01   0.00000E+00   0.10000E+00    0.50249E-02 *******         test_N_all
.8700E+00     5.000  0.163E+01   0.17821E+01   0.00000E+00   0.10000E+00    0.50249E-02 *******         test_N_all
.8800E+00     5.000  0.156E+01   0.18888E+01   0.00000E+00   0.10000E+00    0.50249E-02 *******         test_N_all
.8900E+00     5.000  0.150E+01   0.19998E+01   0.00000E+00   0.10000E+00    0.50249E-02 *******         test_N_all
.9000E+00     5.000  0.144E+01   0.21154E+01   0.00000E+00   0.10000E+00    0.17692E-02 *******         test_N_all
.9100E+00     5.000  0.138E+01   0.22357E+01   0.00000E+00   0.10000E+00    0.50249E-02 *******         test_N_all
.9200E+00     5.000  0.132E+01   0.23608E+01   0.00000E+00   0.10000E+00    0.50249E-02 *******         test_N_all
.9300E+00     5.000  0.126E+01   0.24907E+01   0.00000E+00   0.10000E+00    0.50249E-02 *******         test_N_all
.9400E+00     5.000  0.120E+01   0.26256E+01   0.00000E+00   0.10000E+00    0.50249E-02 *******         test_N_all
.9500E+00     5.000  0.114E+01   0.27657E+01   0.00000E+00   0.10000E+00    0.50249E-02 *******         test_N_all
.9600E+00     5.000  0.109E+01   0.29109E+01   0.00000E+00   0.10000E+00    0.50249E-02 *******         test_N_all
.9700E+00     5.000  0.104E+01   0.30615E+01   0.00000E+00   0.10000E+00    0.50249E-02 *******         test_N_all
.9800E+00     5.000  0.984E+00   0.32176E+01   0.00000E+00   0.10000E+00    0.50249E-02 *******         test_N_all
.9900E+00     5.000  0.932E+00   0.33793E+01   0.00000E+00   0.10000E+00    0.50249E-02 *******         test_N_all
.1000E+01     5.000  0.882E+00   0.35466E+01   0.00000E+00   0.10000E+00    0.50249E-02 *******         test_N_all
.1000E-01    10.000  0.991E+03   0.52109E+00   0.00000E+00   0.10000E+00    0.50249E-02 7022.53         test_N_all
.2000E-01    10.000  0.491E+03   0.44735E+00   0.00000E+00   0.10000E+00    0.50249E-02 4778.17         test_N_all
.3000E-01    10.000  0.324E+03   0.40949E+00   0.00000E+00   0.10000E+00    0.50249E-02 3793.50         test_N_all
.4000E-01    10.000  0.241E+03   0.38900E+00   0.00000E+00   0.10000E+00    0.50249E-02 3307.76         test_N_all
.5000E-01    10.000  0.191E+03   0.37197E+00   0.00000E+00   0.10000E+00    0.50249E-02 2929.49         test_N_all
.6000E-01    10.000  0.158E+03   0.35972E+00   0.00000E+00   0.10000E+00    0.50249E-02 2671.47         test_N_all
.7000E-01    10.000  0.134E+03   0.34864E+00   0.00000E+00   0.10000E+00    0.50249E-02 2448.45         test_N_all
.8000E-01    10.000  0.116E+03   0.33904E+00   0.00000E+00   0.10000E+00    0.50249E-02 2262.93         test_N_all
.9000E-01    10.000  0.102E+03   0.32986E+00   0.00000E+00   0.10000E+00    0.50249E-02 2092.47         test_N_all
.1000E+00    10.000  0.909E+02   0.32119E+00   0.00000E+00   0.10000E+00    0.50249E-02 1937.65         test_N_all
.1100E+00    10.000  0.818E+02   0.31252E+00   0.00000E+00   0.10000E+00    0.50249E-02 1788.76         test_N_all
.1200E+00    10.000  0.742E+02   0.30412E+00   0.00000E+00   0.10000E+00    0.50249E-02 1650.05         test_N_all
.1300E+00    10.000  0.678E+02   0.29577E+00   0.00000E+00   0.10000E+00    0.50249E-02 1517.87         test_N_all
.1400E+00    10.000  0.623E+02   0.28740E+00   0.00000E+00   0.10000E+00    0.50249E-02 1390.89         test_N_all
.1500E+00    10.000  0.575E+02   0.27908E+00   0.00000E+00   0.10000E+00    0.50249E-02 1270.08         test_N_all
.1600E+00    10.000  0.534E+02   0.27078E+00   0.00000E+00   0.10000E+00    0.50249E-02 1155.02         test_N_all
.1700E+00    10.000  0.497E+02   0.26252E+00   0.00000E+00   0.10000E+00    0.50249E-02 1046.02         test_N_all
.1800E+00    10.000  0.464E+02   0.25432E+00   0.00000E+00   0.10000E+00    0.50249E-02  943.15         test_N_all
.1900E+00    10.000  0.435E+02   0.24619E+00   0.00000E+00   0.10000E+00    0.50249E-02  846.37         test_N_all
.2000E+00    10.000  0.409E+02   0.23813E+00   0.00000E+00   0.10000E+00    0.50249E-02  755.64         test_N_all
.2100E+00    10.000  0.385E+02   0.23015E+00   0.00000E+00   0.10000E+00    0.50249E-02  670.85         test_N_all
.2200E+00    10.000  0.363E+02   0.22225E+00   0.00000E+00   0.10000E+00    0.50249E-02  591.90         test_N_all
.2300E+00    10.000  0.344E+02   0.21444E+00   0.00000E+00   0.10000E+00    0.50249E-02  518.65         test_N_all
.2400E+00    10.000  0.325E+02   0.20671E+00   0.00000E+00   0.10000E+00    0.50249E-02  450.95         test_N_all
.2500E+00    10.000  0.309E+02   0.19907E+00   0.00000E+00   0.10000E+00    0.50249E-02  388.70         test_N_all
.2600E+00    10.000  0.293E+02   0.19151E+00   0.00000E+00   0.10000E+00    0.50249E-02  331.68         test_N_all
.2700E+00    10.000  0.279E+02   0.18406E+00   0.00000E+00   0.10000E+00    0.50249E-02  279.83         test_N_all
.2800E+00    10.000  0.266E+02   0.17671E+00   0.00000E+00   0.10000E+00    0.50249E-02  233.06         test_N_all
.2900E+00    10.000  0.254E+02   0.16947E+00   0.00000E+00   0.10000E+00    0.50249E-02  191.13         test_N_all
.3000E+00    10.000  0.242E+02   0.16235E+00   0.00000E+00   0.10000E+00    0.18868E-02 1091.88         test_N_all
.3100E+00    10.000  0.231E+02   0.15535E+00   0.00000E+00   0.10000E+00    0.50249E-02  121.32         test_N_all
.3200E+00    10.000  0.221E+02   0.14849E+00   0.00000E+00   0.10000E+00    0.50249E-02   93.12         test_N_all
.3300E+00    10.000  0.212E+02   0.14179E+00   0.00000E+00   0.10000E+00    0.50249E-02   69.17         test_N_all
.3400E+00    10.000  0.203E+02   0.13527E+00   0.00000E+00   0.10000E+00    0.50249E-02   49.26         test_N_all
.3500E+00    10.000  0.195E+02   0.12894E+00   0.00000E+00   0.10000E+00    0.50249E-02   33.17         test_N_all
.3600E+00    10.000  0.187E+02   0.12283E+00   0.00000E+00   0.10000E+00    0.50249E-02   20.65         test_N_all
.3700E+00    10.000  0.179E+02   0.11697E+00   0.00000E+00   0.10000E+00    0.50249E-02   11.40         test_N_all
.3800E+00    10.000  0.172E+02   0.11138E+00   0.00000E+00   0.10000E+00    0.50249E-02    5.13         test_N_all
.3900E+00    10.000  0.165E+02   0.10609E+00   0.00000E+00   0.10000E+00    0.50249E-02    1.47         test_N_all
.4000E+00    10.000  0.159E+02   0.10113E+00   0.00000E+00   0.10000E+00    0.17692E-02    0.41         test_N_all
.4100E+00    10.000  0.153E+02   0.96542E-01   0.00000E+00   0.10000E+00    0.50249E-02   -0.47         test_N_all
.4200E+00    10.000  0.147E+02   0.92347E-01   0.00000E+00   0.10000E+00    0.50249E-02   -2.32         test_N_all
.4300E+00    10.000  0.141E+02   0.88585E-01   0.00000E+00   0.10000E+00    0.50249E-02   -5.16         test_N_all
.4400E+00    10.000  0.136E+02   0.85292E-01   0.00000E+00   0.10000E+00    0.50249E-02   -8.57         test_N_all
.4500E+00    10.000  0.131E+02   0.82498E-01   0.00000E+00   0.10000E+00    0.50249E-02  -12.13         test_N_all
.4600E+00    10.000  0.126E+02   0.80249E-01   0.00000E+00   0.10000E+00    0.50249E-02  -15.45         test_N_all
.4700E+00    10.000  0.122E+02   0.78573E-01   0.00000E+00   0.10000E+00    0.50249E-02  -18.18         test_N_all
.4800E+00    10.000  0.117E+02   0.77509E-01   0.00000E+00   0.10000E+00    0.50249E-02  -20.03         test_N_all
.4900E+00    10.000  0.113E+02   0.77095E-01   0.00000E+00   0.10000E+00    0.50249E-02  -20.78         test_N_all
.5000E+00    10.000  0.109E+02   0.77362E-01   0.00000E+00   0.10000E+00    0.17692E-02 -163.73         test_N_all
.5100E+00    10.000  0.105E+02   0.78353E-01   0.00000E+00   0.10000E+00    0.50249E-02  -18.56         test_N_all
.5200E+00    10.000  0.101E+02   0.80099E-01   0.00000E+00   0.10000E+00    0.50249E-02  -15.69         test_N_all
.5300E+00    10.000  0.975E+01   0.82634E-01   0.00000E+00   0.10000E+00    0.50249E-02  -11.94         test_N_all
.5400E+00    10.000  0.940E+01   0.85997E-01   0.00000E+00   0.10000E+00    0.50249E-02   -7.77         test_N_all
.5500E+00    10.000  0.906E+01   0.90218E-01   0.00000E+00   0.10000E+00    0.50249E-02   -3.79         test_N_all
.5600E+00    10.000  0.874E+01   0.95337E-01   0.00000E+00   0.10000E+00    0.50249E-02   -0.86         test_N_all
.5700E+00    10.000  0.843E+01   0.10138E+00   0.00000E+00   0.10000E+00    0.50249E-02    0.08         test_N_all
.5800E+00    10.000  0.812E+01   0.10839E+00   0.00000E+00   0.10000E+00    0.50249E-02    2.79         test_N_all
.5900E+00    10.000  0.783E+01   0.11640E+00   0.00000E+00   0.10000E+00    0.50249E-02   10.65         test_N_all
.6000E+00    10.000  0.755E+01   0.12544E+00   0.00000E+00   0.10000E+00    0.17692E-02  206.71         test_N_all
.6100E+00    10.000  0.728E+01   0.13554E+00   0.00000E+00   0.10000E+00    0.50249E-02   50.02         test_N_all
.6200E+00    10.000  0.701E+01   0.14674E+00   0.00000E+00   0.10000E+00    0.50249E-02   86.51         test_N_all
.6300E+00    10.000  0.675E+01   0.15907E+00   0.00000E+00   0.10000E+00    0.50249E-02  138.18         test_N_all
.6400E+00    10.000  0.651E+01   0.17256E+00   0.00000E+00   0.10000E+00    0.50249E-02  208.54         test_N_all
.6500E+00    10.000  0.627E+01   0.18726E+00   0.00000E+00   0.10000E+00    0.50249E-02  301.56         test_N_all
.6600E+00    10.000  0.603E+01   0.20319E+00   0.00000E+00   0.10000E+00    0.50249E-02  421.73         test_N_all
.6700E+00    10.000  0.581E+01   0.22040E+00   0.00000E+00   0.10000E+00    0.50249E-02  574.06         test_N_all
.6800E+00    10.000  0.559E+01   0.23890E+00   0.00000E+00   0.10000E+00    0.50249E-02  764.12         test_N_all
.6900E+00    10.000  0.537E+01   0.25875E+00   0.00000E+00   0.10000E+00    0.50249E-02  998.12         test_N_all
.7000E+00    10.000  0.517E+01   0.27998E+00   0.00000E+00   0.10000E+00    0.17692E-02 *******         test_N_all
.7100E+00    10.000  0.497E+01   0.30263E+00   0.00000E+00   0.10000E+00    0.50249E-02 1626.06         test_N_all
.7200E+00    10.000  0.477E+01   0.32673E+00   0.00000E+00   0.10000E+00    0.50249E-02 2035.86         test_N_all
.7300E+00    10.000  0.458E+01   0.35232E+00   0.00000E+00   0.10000E+00    0.50249E-02 2521.44         test_N_all
.7400E+00    10.000  0.440E+01   0.37945E+00   0.00000E+00   0.10000E+00    0.50249E-02 3092.74         test_N_all
.7500E+00    10.000  0.422E+01   0.40815E+00   0.00000E+00   0.10000E+00    0.50249E-02 3760.67         test_N_all
.7600E+00    10.000  0.404E+01   0.43847E+00   0.00000E+00   0.10000E+00    0.50249E-02 4537.02         test_N_all
.7700E+00    10.000  0.387E+01   0.47044E+00   0.00000E+00   0.10000E+00    0.50249E-02 5434.72         test_N_all
.7800E+00    10.000  0.370E+01   0.50412E+00   0.00000E+00   0.10000E+00    0.50249E-02 6467.75         test_N_all
.7900E+00    10.000  0.354E+01   0.53954E+00   0.00000E+00   0.10000E+00    0.50249E-02 7651.21         test_N_all
.8000E+00    10.000  0.338E+01   0.57675E+00   0.00000E+00   0.10000E+00    0.17692E-02 *******         test_N_all
.8100E+00    10.000  0.323E+01   0.61579E+00   0.00000E+00   0.10000E+00    0.50249E-02 *******         test_N_all
.8200E+00    10.000  0.308E+01   0.65672E+00   0.00000E+00   0.10000E+00    0.50249E-02 *******         test_N_all
.8300E+00    10.000  0.293E+01   0.69958E+00   0.00000E+00   0.10000E+00    0.50249E-02 *******         test_N_all
.8400E+00    10.000  0.279E+01   0.74442E+00   0.00000E+00   0.10000E+00    0.50249E-02 *******         test_N_all
.8500E+00    10.000  0.265E+01   0.79129E+00   0.00000E+00   0.10000E+00    0.50249E-02 *******         test_N_all
.8600E+00    10.000  0.251E+01   0.84023E+00   0.00000E+00   0.10000E+00    0.50249E-02 *******         test_N_all
.8700E+00    10.000  0.238E+01   0.89130E+00   0.00000E+00   0.10000E+00    0.50249E-02 *******         test_N_all
.8800E+00    10.000  0.225E+01   0.94455E+00   0.00000E+00   0.10000E+00    0.50249E-02 *******         test_N_all
.8900E+00    10.000  0.212E+01   0.10000E+01   0.00000E+00   0.10000E+00    0.50249E-02 *******         test_N_all
.9000E+00    10.000  0.199E+01   0.10578E+01   0.00000E+00   0.10000E+00    0.17692E-02 *******         test_N_all
.9100E+00    10.000  0.187E+01   0.11179E+01   0.00000E+00   0.10000E+00    0.50249E-02 *******         test_N_all
.9200E+00    10.000  0.175E+01   0.11804E+01   0.00000E+00   0.10000E+00    0.50249E-02 *******         test_N_all
.9300E+00    10.000  0.163E+01   0.12454E+01   0.00000E+00   0.10000E+00    0.50249E-02 *******         test_N_all
.9400E+00    10.000  0.152E+01   0.13128E+01   0.00000E+00   0.10000E+00    0.50249E-02 *******         test_N_all
.9500E+00    10.000  0.141E+01   0.13828E+01   0.00000E+00   0.10000E+00    0.50249E-02 *******         test_N_all
.9600E+00    10.000  0.130E+01   0.14555E+01   0.00000E+00   0.10000E+00    0.50249E-02 *******         test_N_all
.9700E+00    10.000  0.119E+01   0.15308E+01   0.00000E+00   0.10000E+00    0.50249E-02 *******         test_N_all
.9800E+00    10.000  0.109E+01   0.16088E+01   0.00000E+00   0.10000E+00    0.50249E-02 *******         test_N_all
.9900E+00    10.000  0.983E+00   0.16896E+01   0.00000E+00   0.10000E+00    0.50249E-02 *******         test_N_all
.1000E+01    10.000  0.882E+00   0.17733E+01   0.00000E+00   0.10000E+00    0.50249E-02 *******         test_N_all
.1000E-01    20.000  0.198E+04   0.59916E+00   0.00000E+00   0.10000E+00    0.50249E-02 9867.72         test_N_all
.2000E-01    20.000  0.981E+03   0.49942E+00   0.00000E+00   0.10000E+00    0.50249E-02 6318.35         test_N_all
.3000E-01    20.000  0.648E+03   0.44710E+00   0.00000E+00   0.10000E+00    0.50249E-02 4771.50         test_N_all
.4000E-01    20.000  0.481E+03   0.41833E+00   0.00000E+00   0.10000E+00    0.50249E-02 4013.32         test_N_all
.5000E-01    20.000  0.381E+03   0.39431E+00   0.00000E+00   0.10000E+00    0.50249E-02 3430.41         test_N_all
.6000E-01    20.000  0.314E+03   0.37719E+00   0.00000E+00   0.10000E+00    0.50249E-02 3042.93         test_N_all
.7000E-01    20.000  0.267E+03   0.36187E+00   0.00000E+00   0.10000E+00    0.50249E-02 2715.90         test_N_all
.8000E-01    20.000  0.231E+03   0.34914E+00   0.00000E+00   0.10000E+00    0.50249E-02 2458.19         test_N_all
.9000E-01    20.000  0.203E+03   0.33731E+00   0.00000E+00   0.10000E+00    0.50249E-02 2230.35         test_N_all
.1000E+00    20.000  0.181E+03   0.32653E+00   0.00000E+00   0.10000E+00    0.50249E-02 2032.28         test_N_all
.1100E+00    20.000  0.163E+03   0.31613E+00   0.00000E+00   0.10000E+00    0.50249E-02 1850.01         test_N_all
.1200E+00    20.000  0.148E+03   0.30621E+00   0.00000E+00   0.10000E+00    0.50249E-02 1684.09         test_N_all
.1300E+00    20.000  0.135E+03   0.29664E+00   0.00000E+00   0.10000E+00    0.50249E-02 1531.32         test_N_all
.1400E+00    20.000  0.124E+03   0.28726E+00   0.00000E+00   0.10000E+00    0.50249E-02 1388.79         test_N_all
.1500E+00    20.000  0.114E+03   0.27815E+00   0.00000E+00   0.10000E+00    0.50249E-02 1256.93         test_N_all
.1600E+00    20.000  0.106E+03   0.26921E+00   0.00000E+00   0.10000E+00    0.50249E-02 1133.96         test_N_all
.1700E+00    20.000  0.985E+02   0.26047E+00   0.00000E+00   0.10000E+00    0.50249E-02 1019.85         test_N_all
.1800E+00    20.000  0.920E+02   0.25192E+00   0.00000E+00   0.10000E+00    0.50249E-02  914.03         test_N_all
.1900E+00    20.000  0.861E+02   0.24353E+00   0.00000E+00   0.10000E+00    0.50249E-02  815.91         test_N_all
.2000E+00    20.000  0.809E+02   0.23532E+00   0.00000E+00   0.10000E+00    0.50249E-02  725.18         test_N_all
.2100E+00    20.000  0.761E+02   0.22725E+00   0.00000E+00   0.10000E+00    0.50249E-02  641.29         test_N_all
.2200E+00    20.000  0.718E+02   0.21933E+00   0.00000E+00   0.10000E+00    0.50249E-02  563.98         test_N_all
.2300E+00    20.000  0.678E+02   0.21156E+00   0.00000E+00   0.10000E+00    0.50249E-02  492.87         test_N_all
.2400E+00    20.000  0.642E+02   0.20391E+00   0.00000E+00   0.10000E+00    0.50249E-02  427.61         test_N_all
.2500E+00    20.000  0.609E+02   0.19639E+00   0.00000E+00   0.10000E+00    0.50249E-02  367.97         test_N_all
.2600E+00    20.000  0.578E+02   0.18899E+00   0.00000E+00   0.10000E+00    0.50249E-02  313.62         test_N_all
.2700E+00    20.000  0.550E+02   0.18171E+00   0.00000E+00   0.10000E+00    0.50249E-02  264.39         test_N_all
.2800E+00    20.000  0.523E+02   0.17454E+00   0.00000E+00   0.10000E+00    0.50249E-02  220.05         test_N_all
.2900E+00    20.000  0.498E+02   0.16749E+00   0.00000E+00   0.10000E+00    0.50249E-02  180.37         test_N_all
.3000E+00    20.000  0.475E+02   0.16055E+00   0.00000E+00   0.10000E+00    0.18868E-02 1029.85         test_N_all
.3100E+00    20.000  0.454E+02   0.15374E+00   0.00000E+00   0.10000E+00    0.50249E-02  114.38         test_N_all
.3200E+00    20.000  0.434E+02   0.14706E+00   0.00000E+00   0.10000E+00    0.50249E-02   87.72         test_N_all
.3300E+00    20.000  0.415E+02   0.14052E+00   0.00000E+00   0.10000E+00    0.50249E-02   65.03         test_N_all
.3400E+00    20.000  0.397E+02   0.13412E+00   0.00000E+00   0.10000E+00    0.50249E-02   46.10         test_N_all
.3500E+00    20.000  0.380E+02   0.12788E+00   0.00000E+00   0.10000E+00    0.50249E-02   30.78         test_N_all
.3600E+00    20.000  0.364E+02   0.12180E+00   0.00000E+00   0.10000E+00    0.50249E-02   18.82         test_N_all
.3700E+00    20.000  0.349E+02   0.11591E+00   0.00000E+00   0.10000E+00    0.50249E-02   10.02         test_N_all
.3800E+00    20.000  0.335E+02   0.11022E+00   0.00000E+00   0.10000E+00    0.50249E-02    4.14         test_N_all
.3900E+00    20.000  0.322E+02   0.10474E+00   0.00000E+00   0.10000E+00    0.50249E-02    0.89         test_N_all
.4000E+00    20.000  0.309E+02   0.99504E-01   0.00000E+00   0.10000E+00    0.17692E-02   -0.08         test_N_all
.4100E+00    20.000  0.297E+02   0.94521E-01   0.00000E+00   0.10000E+00    0.50249E-02   -1.19         test_N_all
.4200E+00    20.000  0.285E+02   0.89811E-01   0.00000E+00   0.10000E+00    0.50249E-02   -4.11         test_N_all
.4300E+00    20.000  0.274E+02   0.85394E-01   0.00000E+00   0.10000E+00    0.50249E-02   -8.45         test_N_all
.4400E+00    20.000  0.263E+02   0.81294E-01   0.00000E+00   0.10000E+00    0.50249E-02  -13.86         test_N_all
.4500E+00    20.000  0.253E+02   0.77525E-01   0.00000E+00   0.10000E+00    0.50249E-02  -20.00         test_N_all
.4600E+00    20.000  0.244E+02   0.74116E-01   0.00000E+00   0.10000E+00    0.50249E-02  -26.53         test_N_all
.4700E+00    20.000  0.234E+02   0.71079E-01   0.00000E+00   0.10000E+00    0.50249E-02  -33.13         test_N_all
.4800E+00    20.000  0.225E+02   0.68436E-01   0.00000E+00   0.10000E+00    0.50249E-02  -39.46         test_N_all
.4900E+00    20.000  0.217E+02   0.66208E-01   0.00000E+00   0.10000E+00    0.50249E-02  -45.22         test_N_all
.5000E+00    20.000  0.209E+02   0.64408E-01   0.00000E+00   0.10000E+00    0.17692E-02 -404.72         test_N_all
.5100E+00    20.000  0.201E+02   0.63062E-01   0.00000E+00   0.10000E+00    0.50249E-02  -54.04         test_N_all
.5200E+00    20.000  0.193E+02   0.62182E-01   0.00000E+00   0.10000E+00    0.50249E-02  -56.64         test_N_all
.5300E+00    20.000  0.186E+02   0.61785E-01   0.00000E+00   0.10000E+00    0.50249E-02  -57.84         test_N_all
.5400E+00    20.000  0.179E+02   0.61890E-01   0.00000E+00   0.10000E+00    0.50249E-02  -57.52         test_N_all
.5500E+00    20.000  0.172E+02   0.62511E-01   0.00000E+00   0.10000E+00    0.50249E-02  -55.66         test_N_all
.5600E+00    20.000  0.166E+02   0.63666E-01   0.00000E+00   0.10000E+00    0.50249E-02  -52.28         test_N_all
.5700E+00    20.000  0.160E+02   0.65368E-01   0.00000E+00   0.10000E+00    0.50249E-02  -47.50         test_N_all
.5800E+00    20.000  0.154E+02   0.67631E-01   0.00000E+00   0.10000E+00    0.50249E-02  -41.49         test_N_all
.5900E+00    20.000  0.148E+02   0.70472E-01   0.00000E+00   0.10000E+00    0.50249E-02  -34.53         test_N_all
.6000E+00    20.000  0.142E+02   0.73904E-01   0.00000E+00   0.10000E+00    0.17692E-02 -217.58         test_N_all
.6100E+00    20.000  0.137E+02   0.77941E-01   0.00000E+00   0.10000E+00    0.50249E-02  -19.27         test_N_all
.6200E+00    20.000  0.131E+02   0.82597E-01   0.00000E+00   0.10000E+00    0.50249E-02  -11.99         test_N_all
.6300E+00    20.000  0.126E+02   0.87887E-01   0.00000E+00   0.10000E+00    0.50249E-02   -5.81         test_N_all
.6400E+00    20.000  0.121E+02   0.93824E-01   0.00000E+00   0.10000E+00    0.50249E-02   -1.51         test_N_all
.6500E+00    20.000  0.117E+02   0.10042E+00   0.00000E+00   0.10000E+00    0.50249E-02    0.01         test_N_all
.6600E+00    20.000  0.112E+02   0.10770E+00   0.00000E+00   0.10000E+00    0.50249E-02    2.35         test_N_all
.6700E+00    20.000  0.107E+02   0.11566E+00   0.00000E+00   0.10000E+00    0.50249E-02    9.71         test_N_all
.6800E+00    20.000  0.103E+02   0.12433E+00   0.00000E+00   0.10000E+00    0.50249E-02   23.44         test_N_all
.6900E+00    20.000  0.987E+01   0.13372E+00   0.00000E+00   0.10000E+00    0.50249E-02   45.02         test_N_all
.7000E+00    20.000  0.945E+01   0.14384E+00   0.00000E+00   0.10000E+00    0.17692E-02  614.07         test_N_all
.7100E+00    20.000  0.905E+01   0.15472E+00   0.00000E+00   0.10000E+00    0.50249E-02  118.57         test_N_all
.7200E+00    20.000  0.866E+01   0.16636E+00   0.00000E+00   0.10000E+00    0.50249E-02  174.40         test_N_all
.7300E+00    20.000  0.828E+01   0.17879E+00   0.00000E+00   0.10000E+00    0.50249E-02  245.84         test_N_all
.7400E+00    20.000  0.791E+01   0.19202E+00   0.00000E+00   0.10000E+00    0.50249E-02  335.33         test_N_all
.7500E+00    20.000  0.755E+01   0.20607E+00   0.00000E+00   0.10000E+00    0.50249E-02  445.55         test_N_all
.7600E+00    20.000  0.720E+01   0.22095E+00   0.00000E+00   0.10000E+00    0.50249E-02  579.40         test_N_all
.7700E+00    20.000  0.686E+01   0.23670E+00   0.00000E+00   0.10000E+00    0.50249E-02  740.06         test_N_all
.7800E+00    20.000  0.652E+01   0.25332E+00   0.00000E+00   0.10000E+00    0.50249E-02  930.97         test_N_all
.7900E+00    20.000  0.620E+01   0.27084E+00   0.00000E+00   0.10000E+00    0.50249E-02 1155.86         test_N_all
.8000E+00    20.000  0.588E+01   0.28927E+00   0.00000E+00   0.10000E+00    0.17692E-02 *******         test_N_all
.8100E+00    20.000  0.557E+01   0.30865E+00   0.00000E+00   0.10000E+00    0.50249E-02 1724.08         test_N_all
.8200E+00    20.000  0.527E+01   0.32898E+00   0.00000E+00   0.10000E+00    0.50249E-02 2076.50         test_N_all
.8300E+00    20.000  0.498E+01   0.35030E+00   0.00000E+00   0.10000E+00    0.50249E-02 2481.11         test_N_all
.8400E+00    20.000  0.469E+01   0.37262E+00   0.00000E+00   0.10000E+00    0.50249E-02 2943.36         test_N_all
.8500E+00    20.000  0.441E+01   0.39597E+00   0.00000E+00   0.10000E+00    0.50249E-02 3469.15         test_N_all
.8600E+00    20.000  0.414E+01   0.42037E+00   0.00000E+00   0.10000E+00    0.50249E-02 4064.75         test_N_all
.8700E+00    20.000  0.387E+01   0.44584E+00   0.00000E+00   0.10000E+00    0.50249E-02 4736.96         test_N_all
.8800E+00    20.000  0.361E+01   0.47242E+00   0.00000E+00   0.10000E+00    0.50249E-02 5492.99         test_N_all
.8900E+00    20.000  0.335E+01   0.50012E+00   0.00000E+00   0.10000E+00    0.50249E-02 6340.58         test_N_all
.9000E+00    20.000  0.310E+01   0.52898E+00   0.00000E+00   0.10000E+00    0.17692E-02 *******         test_N_all
.9100E+00    20.000  0.286E+01   0.55901E+00   0.00000E+00   0.10000E+00    0.50249E-02 8344.11         test_N_all
.9200E+00    20.000  0.262E+01   0.59024E+00   0.00000E+00   0.10000E+00    0.50249E-02 9518.28         test_N_all
.9300E+00    20.000  0.239E+01   0.62270E+00   0.00000E+00   0.10000E+00    0.50249E-02 *******         test_N_all
.9400E+00    20.000  0.216E+01   0.65642E+00   0.00000E+00   0.10000E+00    0.50249E-02 *******         test_N_all
.9500E+00    20.000  0.193E+01   0.69142E+00   0.00000E+00   0.10000E+00    0.50249E-02 *******         test_N_all
.9600E+00    20.000  0.172E+01   0.72773E+00   0.00000E+00   0.10000E+00    0.50249E-02 *******         test_N_all
.9700E+00    20.000  0.150E+01   0.76538E+00   0.00000E+00   0.10000E+00    0.50249E-02 *******         test_N_all
.9800E+00    20.000  0.129E+01   0.80440E+00   0.00000E+00   0.10000E+00    0.50249E-02 *******         test_N_all
.9900E+00    20.000  0.108E+01   0.84482E+00   0.00000E+00   0.10000E+00    0.50249E-02 *******         test_N_all
.1000E+01    20.000  0.882E+00   0.88666E+00   0.00000E+00   0.10000E+00    0.50249E-02 *******         test_N_all
.1000E+00    50.000  0.451E+03   0.33055E+00   0.00000E+00   0.10000E+00    0.50249E-02 2105.06         test_N_all
.1100E+00    50.000  0.405E+03   0.31799E+00   0.00000E+00   0.10000E+00    0.50249E-02 1881.97         test_N_all
.1200E+00    50.000  0.368E+03   0.30630E+00   0.00000E+00   0.10000E+00    0.50249E-02 1685.55         test_N_all
.1300E+00    50.000  0.335E+03   0.29526E+00   0.00000E+00   0.10000E+00    0.50249E-02 1510.02         test_N_all
.1400E+00    50.000  0.308E+03   0.28466E+00   0.00000E+00   0.10000E+00    0.50249E-02 1350.49         test_N_all
.1500E+00    50.000  0.284E+03   0.27455E+00   0.00000E+00   0.10000E+00    0.50249E-02 1206.66         test_N_all
.1600E+00    50.000  0.263E+03   0.26477E+00   0.00000E+00   0.10000E+00    0.50249E-02 1075.22         test_N_all
.1700E+00    50.000  0.245E+03   0.25535E+00   0.00000E+00   0.10000E+00    0.50249E-02  955.75         test_N_all
.1800E+00    50.000  0.229E+03   0.24624E+00   0.00000E+00   0.10000E+00    0.50249E-02  846.95         test_N_all
.1900E+00    50.000  0.214E+03   0.23740E+00   0.00000E+00   0.10000E+00    0.50249E-02  747.65         test_N_all
.2000E+00    50.000  0.201E+03   0.22883E+00   0.00000E+00   0.10000E+00    0.50249E-02  657.28         test_N_all
.2100E+00    50.000  0.189E+03   0.22048E+00   0.00000E+00   0.10000E+00    0.50249E-02  574.84         test_N_all
.2200E+00    50.000  0.178E+03   0.21235E+00   0.00000E+00   0.10000E+00    0.50249E-02  499.90         test_N_all
.2300E+00    50.000  0.168E+03   0.20442E+00   0.00000E+00   0.10000E+00    0.50249E-02  431.85         test_N_all
.2400E+00    50.000  0.159E+03   0.19668E+00   0.00000E+00   0.10000E+00    0.50249E-02  370.17         test_N_all
.2500E+00    50.000  0.151E+03   0.18911E+00   0.00000E+00   0.10000E+00    0.50249E-02  314.49         test_N_all
.2600E+00    50.000  0.143E+03   0.18170E+00   0.00000E+00   0.10000E+00    0.50249E-02  264.35         test_N_all
.2700E+00    50.000  0.136E+03   0.17444E+00   0.00000E+00   0.10000E+00    0.50249E-02  219.48         test_N_all
.2800E+00    50.000  0.129E+03   0.16734E+00   0.00000E+00   0.10000E+00    0.50249E-02  179.57         test_N_all
.2900E+00    50.000  0.123E+03   0.16037E+00   0.00000E+00   0.10000E+00    0.50249E-02  144.32         test_N_all
.3000E+00    50.000  0.118E+03   0.15354E+00   0.00000E+00   0.10000E+00    0.18868E-02  805.19         test_N_all
.3100E+00    50.000  0.112E+03   0.14684E+00   0.00000E+00   0.10000E+00    0.50249E-02   86.91         test_N_all
.3200E+00    50.000  0.107E+03   0.14029E+00   0.00000E+00   0.10000E+00    0.50249E-02   64.29         test_N_all
.3300E+00    50.000  0.102E+03   0.13388E+00   0.00000E+00   0.10000E+00    0.50249E-02   45.45         test_N_all
.3400E+00    50.000  0.979E+02   0.12760E+00   0.00000E+00   0.10000E+00    0.50249E-02   30.18         test_N_all
.3500E+00    50.000  0.937E+02   0.12148E+00   0.00000E+00   0.10000E+00    0.50249E-02   18.28         test_N_all
.3600E+00    50.000  0.898E+02   0.11551E+00   0.00000E+00   0.10000E+00    0.50249E-02    9.53         test_N_all
.3700E+00    50.000  0.860E+02   0.10971E+00   0.00000E+00   0.10000E+00    0.50249E-02    3.73         test_N_all
.3800E+00    50.000  0.825E+02   0.10407E+00   0.00000E+00   0.10000E+00    0.50249E-02    0.66         test_N_all
.3900E+00    50.000  0.791E+02   0.98617E-01   0.00000E+00   0.10000E+00    0.50249E-02   -0.08         test_N_all
.4000E+00    50.000  0.759E+02   0.93352E-01   0.00000E+00   0.10000E+00    0.17692E-02  -14.12         test_N_all
.4100E+00    50.000  0.728E+02   0.88287E-01   0.00000E+00   0.10000E+00    0.50249E-02   -5.43         test_N_all
.4200E+00    50.000  0.699E+02   0.83430E-01   0.00000E+00   0.10000E+00    0.50249E-02  -10.87         test_N_all
.4300E+00    50.000  0.672E+02   0.78791E-01   0.00000E+00   0.10000E+00    0.50249E-02  -17.81         test_N_all
.4400E+00    50.000  0.645E+02   0.74382E-01   0.00000E+00   0.10000E+00    0.50249E-02  -25.99         test_N_all
.4500E+00    50.000  0.620E+02   0.70210E-01   0.00000E+00   0.10000E+00    0.50249E-02  -35.15         test_N_all
.4600E+00    50.000  0.596E+02   0.66288E-01   0.00000E+00   0.10000E+00    0.50249E-02  -45.01         test_N_all
.4700E+00    50.000  0.573E+02   0.62621E-01   0.00000E+00   0.10000E+00    0.50249E-02  -55.34         test_N_all
.4800E+00    50.000  0.550E+02   0.59218E-01   0.00000E+00   0.10000E+00    0.50249E-02  -65.87         test_N_all
.4900E+00    50.000  0.529E+02   0.56088E-01   0.00000E+00   0.10000E+00    0.50249E-02  -76.37         test_N_all
.5000E+00    50.000  0.509E+02   0.53236E-01   0.00000E+00   0.10000E+00    0.17692E-02 -698.67         test_N_all
.5100E+00    50.000  0.489E+02   0.50673E-01   0.00000E+00   0.10000E+00    0.50249E-02  -96.36         test_N_all
.5200E+00    50.000  0.470E+02   0.48400E-01   0.00000E+00   0.10000E+00    0.50249E-02 -105.45         test_N_all
.5300E+00    50.000  0.452E+02   0.46423E-01   0.00000E+00   0.10000E+00    0.50249E-02 -113.68         test_N_all
.5400E+00    50.000  0.435E+02   0.44749E-01   0.00000E+00   0.10000E+00    0.50249E-02 -120.90         test_N_all
.5500E+00    50.000  0.418E+02   0.43380E-01   0.00000E+00   0.10000E+00    0.50249E-02 -126.96         test_N_all
.5600E+00    50.000  0.402E+02   0.42322E-01   0.00000E+00   0.10000E+00    0.50249E-02 -131.75         test_N_all
.5700E+00    50.000  0.386E+02   0.41576E-01   0.00000E+00   0.10000E+00    0.50249E-02 -135.18         test_N_all
.5800E+00    50.000  0.371E+02   0.41147E-01   0.00000E+00   0.10000E+00    0.50249E-02 -137.18         test_N_all
.5900E+00    50.000  0.356E+02   0.41036E-01   0.00000E+00   0.10000E+00    0.50249E-02 -137.69         test_N_all
.6000E+00    50.000  0.342E+02   0.41246E-01   0.00000E+00   0.10000E+00    0.17692E-02 *******         test_N_all
.6100E+00    50.000  0.328E+02   0.41779E-01   0.00000E+00   0.10000E+00    0.50249E-02 -134.24         test_N_all
.6200E+00    50.000  0.315E+02   0.42638E-01   0.00000E+00   0.10000E+00    0.50249E-02 -130.31         test_N_all
.6300E+00    50.000  0.302E+02   0.43824E-01   0.00000E+00   0.10000E+00    0.50249E-02 -124.98         test_N_all
.6400E+00    50.000  0.290E+02   0.45340E-01   0.00000E+00   0.10000E+00    0.50249E-02 -118.33         test_N_all
.6500E+00    50.000  0.278E+02   0.47187E-01   0.00000E+00   0.10000E+00    0.50249E-02 -110.47         test_N_all
.6600E+00    50.000  0.266E+02   0.49366E-01   0.00000E+00   0.10000E+00    0.50249E-02 -101.54         test_N_all
.6700E+00    50.000  0.255E+02   0.51882E-01   0.00000E+00   0.10000E+00    0.50249E-02  -91.70         test_N_all
.6800E+00    50.000  0.244E+02   0.54736E-01   0.00000E+00   0.10000E+00    0.50249E-02  -81.14         test_N_all
.6900E+00    50.000  0.233E+02   0.57931E-01   0.00000E+00   0.10000E+00    0.50249E-02  -70.09         test_N_all
.7000E+00    50.000  0.223E+02   0.61470E-01   0.00000E+00   0.10000E+00    0.17692E-02 -474.31         test_N_all
.7100E+00    50.000  0.213E+02   0.65354E-01   0.00000E+00   0.10000E+00    0.50249E-02  -47.54         test_N_all
.7200E+00    50.000  0.203E+02   0.69589E-01   0.00000E+00   0.10000E+00    0.50249E-02  -36.63         test_N_all
.7300E+00    50.000  0.194E+02   0.74179E-01   0.00000E+00   0.10000E+00    0.50249E-02  -26.41         test_N_all
.7400E+00    50.000  0.184E+02   0.79126E-01   0.00000E+00   0.10000E+00    0.50249E-02  -17.26         test_N_all
.7500E+00    50.000  0.175E+02   0.84436E-01   0.00000E+00   0.10000E+00    0.50249E-02   -9.59         test_N_all
.7600E+00    50.000  0.167E+02   0.90113E-01   0.00000E+00   0.10000E+00    0.50249E-02   -3.87         test_N_all
.7700E+00    50.000  0.158E+02   0.96162E-01   0.00000E+00   0.10000E+00    0.50249E-02   -0.58         test_N_all
.7800E+00    50.000  0.150E+02   0.10259E+00   0.00000E+00   0.10000E+00    0.50249E-02    0.27         test_N_all
.7900E+00    50.000  0.142E+02   0.10940E+00   0.00000E+00   0.10000E+00    0.50249E-02    3.50         test_N_all
.8000E+00    50.000  0.134E+02   0.11660E+00   0.00000E+00   0.10000E+00    0.17692E-02   88.07         test_N_all
.8100E+00    50.000  0.126E+02   0.12420E+00   0.00000E+00   0.10000E+00    0.50249E-02   23.20         test_N_all
.8200E+00    50.000  0.119E+02   0.13220E+00   0.00000E+00   0.10000E+00    0.50249E-02   41.07         test_N_all
.8300E+00    50.000  0.111E+02   0.14062E+00   0.00000E+00   0.10000E+00    0.50249E-02   65.33         test_N_all
.8400E+00    50.000  0.104E+02   0.14945E+00   0.00000E+00   0.10000E+00    0.50249E-02   96.83         test_N_all
.8500E+00    50.000  0.971E+01   0.15870E+00   0.00000E+00   0.10000E+00    0.50249E-02  136.48         test_N_all
.8600E+00    50.000  0.902E+01   0.16839E+00   0.00000E+00   0.10000E+00    0.50249E-02  185.25         test_N_all
.8700E+00    50.000  0.835E+01   0.17853E+00   0.00000E+00   0.10000E+00    0.50249E-02  244.21         test_N_all
.8800E+00    50.000  0.770E+01   0.18911E+00   0.00000E+00   0.10000E+00    0.50249E-02  314.47         test_N_all
.8900E+00    50.000  0.706E+01   0.20015E+00   0.00000E+00   0.10000E+00    0.50249E-02  397.24         test_N_all
.9000E+00    50.000  0.644E+01   0.21166E+00   0.00000E+00   0.10000E+00    0.17692E-02 3983.63         test_N_all
.9100E+00    50.000  0.583E+01   0.22365E+00   0.00000E+00   0.10000E+00    0.50249E-02  605.54         test_N_all
.9200E+00    50.000  0.523E+01   0.23613E+00   0.00000E+00   0.10000E+00    0.50249E-02  733.89         test_N_all
.9300E+00    50.000  0.465E+01   0.24910E+00   0.00000E+00   0.10000E+00    0.50249E-02  880.43         test_N_all
.9400E+00    50.000  0.407E+01   0.26258E+00   0.00000E+00   0.10000E+00    0.50249E-02 1046.81         test_N_all
.9500E+00    50.000  0.351E+01   0.27657E+00   0.00000E+00   0.10000E+00    0.50249E-02 1234.79         test_N_all
.9600E+00    50.000  0.297E+01   0.29110E+00   0.00000E+00   0.10000E+00    0.50249E-02 1446.24         test_N_all
.9700E+00    50.000  0.243E+01   0.30615E+00   0.00000E+00   0.10000E+00    0.50249E-02 1683.15         test_N_all
.9800E+00    50.000  0.190E+01   0.32176E+00   0.00000E+00   0.10000E+00    0.50249E-02 1947.65         test_N_all
.9900E+00    50.000  0.139E+01   0.33793E+00   0.00000E+00   0.10000E+00    0.50249E-02 2241.96         test_N_all
.1000E+01    50.000  0.882E+00   0.35466E+00   0.00000E+00   0.10000E+00    0.50249E-02 2568.45         test_N_all
.1000E+00   100.000  0.901E+03   0.33212E+00   0.00000E+00   0.10000E+00    0.50249E-02 2133.81         test_N_all
.1100E+00   100.000  0.810E+03   0.31813E+00   0.00000E+00   0.10000E+00    0.50249E-02 1884.34         test_N_all
.1200E+00   100.000  0.734E+03   0.30526E+00   0.00000E+00   0.10000E+00    0.50249E-02 1668.59         test_N_all
.1300E+00   100.000  0.670E+03   0.29324E+00   0.00000E+00   0.10000E+00    0.50249E-02 1478.92         test_N_all
.1400E+00   100.000  0.615E+03   0.28181E+00   0.00000E+00   0.10000E+00    0.50249E-02 1309.08         test_N_all
.1500E+00   100.000  0.568E+03   0.27101E+00   0.00000E+00   0.10000E+00    0.50249E-02 1158.21         test_N_all
.1600E+00   100.000  0.526E+03   0.26064E+00   0.00000E+00   0.10000E+00    0.50249E-02 1021.98         test_N_all
.1700E+00   100.000  0.489E+03   0.25072E+00   0.00000E+00   0.10000E+00    0.50249E-02  899.67         test_N_all
.1800E+00   100.000  0.456E+03   0.24120E+00   0.00000E+00   0.10000E+00    0.50249E-02  789.55         test_N_all
.1900E+00   100.000  0.427E+03   0.23200E+00   0.00000E+00   0.10000E+00    0.50249E-02  690.11         test_N_all
.2000E+00   100.000  0.401E+03   0.22315E+00   0.00000E+00   0.10000E+00    0.50249E-02  600.60         test_N_all
.2100E+00   100.000  0.377E+03   0.21456E+00   0.00000E+00   0.10000E+00    0.50249E-02  519.75         test_N_all
.2200E+00   100.000  0.355E+03   0.20624E+00   0.00000E+00   0.10000E+00    0.50249E-02  446.99         test_N_all
.2300E+00   100.000  0.336E+03   0.19816E+00   0.00000E+00   0.10000E+00    0.50249E-02  381.59         test_N_all
.2400E+00   100.000  0.318E+03   0.19029E+00   0.00000E+00   0.10000E+00    0.50249E-02  322.90         test_N_all
.2500E+00   100.000  0.301E+03   0.18264E+00   0.00000E+00   0.10000E+00    0.50249E-02  270.49         test_N_all
.2600E+00   100.000  0.285E+03   0.17517E+00   0.00000E+00   0.10000E+00    0.50249E-02  223.81         test_N_all
.2700E+00   100.000  0.271E+03   0.16789E+00   0.00000E+00   0.10000E+00    0.50249E-02  182.53         test_N_all
.2800E+00   100.000  0.258E+03   0.16078E+00   0.00000E+00   0.10000E+00    0.50249E-02  146.29         test_N_all
.2900E+00   100.000  0.246E+03   0.15382E+00   0.00000E+00   0.10000E+00    0.50249E-02  114.73         test_N_all
.3000E+00   100.000  0.234E+03   0.14703E+00   0.00000E+00   0.10000E+00    0.18868E-02  621.42         test_N_all
.3100E+00   100.000  0.223E+03   0.14040E+00   0.00000E+00   0.10000E+00    0.50249E-02   64.63         test_N_all
.3200E+00   100.000  0.213E+03   0.13391E+00   0.00000E+00   0.10000E+00    0.50249E-02   45.55         test_N_all
.3300E+00   100.000  0.204E+03   0.12758E+00   0.00000E+00   0.10000E+00    0.50249E-02   30.13         test_N_all
.3400E+00   100.000  0.195E+03   0.12141E+00   0.00000E+00   0.10000E+00    0.50249E-02   18.15         test_N_all
.3500E+00   100.000  0.187E+03   0.11539E+00   0.00000E+00   0.10000E+00    0.50249E-02    9.38         test_N_all
.3600E+00   100.000  0.179E+03   0.10953E+00   0.00000E+00   0.10000E+00    0.50249E-02    3.60         test_N_all
.3700E+00   100.000  0.171E+03   0.10383E+00   0.00000E+00   0.10000E+00    0.50249E-02    0.58         test_N_all
.3800E+00   100.000  0.164E+03   0.98308E-01   0.00000E+00   0.10000E+00    0.50249E-02   -0.11         test_N_all
.3900E+00   100.000  0.157E+03   0.92957E-01   0.00000E+00   0.10000E+00    0.50249E-02   -1.96         test_N_all
.4000E+00   100.000  0.151E+03   0.87786E-01   0.00000E+00   0.10000E+00    0.17692E-02  -47.66         test_N_all
.4100E+00   100.000  0.145E+03   0.82803E-01   0.00000E+00   0.10000E+00    0.50249E-02  -11.71         test_N_all
.4200E+00   100.000  0.139E+03   0.78011E-01   0.00000E+00   0.10000E+00    0.50249E-02  -19.15         test_N_all
.4300E+00   100.000  0.133E+03   0.73417E-01   0.00000E+00   0.10000E+00    0.50249E-02  -27.99         test_N_all
.4400E+00   100.000  0.128E+03   0.69028E-01   0.00000E+00   0.10000E+00    0.50249E-02  -37.99         test_N_all
.4500E+00   100.000  0.123E+03   0.64846E-01   0.00000E+00   0.10000E+00    0.50249E-02  -48.94         test_N_all
.4600E+00   100.000  0.118E+03   0.60881E-01   0.00000E+00   0.10000E+00    0.50249E-02  -60.61         test_N_all
.4700E+00   100.000  0.114E+03   0.57132E-01   0.00000E+00   0.10000E+00    0.50249E-02  -72.78         test_N_all
.4800E+00   100.000  0.109E+03   0.53605E-01   0.00000E+00   0.10000E+00    0.50249E-02  -85.25         test_N_all
.4900E+00   100.000  0.105E+03   0.50305E-01   0.00000E+00   0.10000E+00    0.50249E-02  -97.81         test_N_all
.5000E+00   100.000  0.101E+03   0.47230E-01   0.00000E+00   0.10000E+00    0.17692E-02 -889.66         test_N_all
.5100E+00   100.000  0.970E+02   0.44388E-01   0.00000E+00   0.10000E+00    0.50249E-02 -122.48         test_N_all
.5200E+00   100.000  0.932E+02   0.41775E-01   0.00000E+00   0.10000E+00    0.50249E-02 -134.26         test_N_all
.5300E+00   100.000  0.896E+02   0.39394E-01   0.00000E+00   0.10000E+00    0.50249E-02 -145.47         test_N_all
.5400E+00   100.000  0.861E+02   0.37246E-01   0.00000E+00   0.10000E+00    0.50249E-02 -155.96         test_N_all
.5500E+00   100.000  0.827E+02   0.35330E-01   0.00000E+00   0.10000E+00    0.50249E-02 -165.63         test_N_all
.5600E+00   100.000  0.795E+02   0.33646E-01   0.00000E+00   0.10000E+00    0.50249E-02 -174.37         test_N_all
.5700E+00   100.000  0.763E+02   0.32193E-01   0.00000E+00   0.10000E+00    0.50249E-02 -182.09         test_N_all
.5800E+00   100.000  0.733E+02   0.30969E-01   0.00000E+00   0.10000E+00    0.50249E-02 -188.73         test_N_all
.5900E+00   100.000  0.704E+02   0.29973E-01   0.00000E+00   0.10000E+00    0.50249E-02 -194.21         test_N_all
.6000E+00   100.000  0.675E+02   0.29204E-01   0.00000E+00   0.10000E+00    0.17692E-02 *******         test_N_all
.6100E+00   100.000  0.648E+02   0.28660E-01   0.00000E+00   0.10000E+00    0.50249E-02 -201.56         test_N_all
.6200E+00   100.000  0.622E+02   0.28339E-01   0.00000E+00   0.10000E+00    0.50249E-02 -203.38         test_N_all
.6300E+00   100.000  0.596E+02   0.28238E-01   0.00000E+00   0.10000E+00    0.50249E-02 -203.95         test_N_all
.6400E+00   100.000  0.571E+02   0.28356E-01   0.00000E+00   0.10000E+00    0.50249E-02 -203.28         test_N_all
.6500E+00   100.000  0.547E+02   0.28691E-01   0.00000E+00   0.10000E+00    0.50249E-02 -201.38         test_N_all
.6600E+00   100.000  0.524E+02   0.29241E-01   0.00000E+00   0.10000E+00    0.50249E-02 -198.29         test_N_all
.6700E+00   100.000  0.501E+02   0.30004E-01   0.00000E+00   0.10000E+00    0.50249E-02 -194.04         test_N_all
.6800E+00   100.000  0.479E+02   0.30979E-01   0.00000E+00   0.10000E+00    0.50249E-02 -188.67         test_N_all
.6900E+00   100.000  0.458E+02   0.32164E-01   0.00000E+00   0.10000E+00    0.50249E-02 -182.25         test_N_all
.7000E+00   100.000  0.437E+02   0.33559E-01   0.00000E+00   0.10000E+00    0.17692E-02 *******         test_N_all
.7100E+00   100.000  0.417E+02   0.35161E-01   0.00000E+00   0.10000E+00    0.50249E-02 -166.50         test_N_all
.7200E+00   100.000  0.398E+02   0.36970E-01   0.00000E+00   0.10000E+00    0.50249E-02 -157.34         test_N_all
.7300E+00   100.000  0.379E+02   0.38987E-01   0.00000E+00   0.10000E+00    0.50249E-02 -147.43         test_N_all
.7400E+00   100.000  0.360E+02   0.41211E-01   0.00000E+00   0.10000E+00    0.50249E-02 -136.88         test_N_all
.7500E+00   100.000  0.342E+02   0.43642E-01   0.00000E+00   0.10000E+00    0.50249E-02 -125.79         test_N_all
.7600E+00   100.000  0.325E+02   0.46279E-01   0.00000E+00   0.10000E+00    0.50249E-02 -114.29         test_N_all
.7700E+00   100.000  0.308E+02   0.49126E-01   0.00000E+00   0.10000E+00    0.50249E-02 -102.50         test_N_all
.7800E+00   100.000  0.291E+02   0.52181E-01   0.00000E+00   0.10000E+00    0.50249E-02  -90.56         test_N_all
.7900E+00   100.000  0.275E+02   0.55447E-01   0.00000E+00   0.10000E+00    0.50249E-02  -78.61         test_N_all
.8000E+00   100.000  0.259E+02   0.58925E-01   0.00000E+00   0.10000E+00    0.17692E-02 -539.02         test_N_all
.8100E+00   100.000  0.243E+02   0.62617E-01   0.00000E+00   0.10000E+00    0.50249E-02  -55.35         test_N_all
.8200E+00   100.000  0.228E+02   0.66525E-01   0.00000E+00   0.10000E+00    0.50249E-02  -44.38         test_N_all
.8300E+00   100.000  0.214E+02   0.70651E-01   0.00000E+00   0.10000E+00    0.50249E-02  -34.11         test_N_all
.8400E+00   100.000  0.199E+02   0.74997E-01   0.00000E+00   0.10000E+00    0.50249E-02  -24.76         test_N_all
.8500E+00   100.000  0.185E+02   0.79568E-01   0.00000E+00   0.10000E+00    0.50249E-02  -16.53         test_N_all
.8600E+00   100.000  0.172E+02   0.84364E-01   0.00000E+00   0.10000E+00    0.50249E-02   -9.68         test_N_all
.8700E+00   100.000  0.158E+02   0.89390E-01   0.00000E+00   0.10000E+00    0.50249E-02   -4.46         test_N_all
.8800E+00   100.000  0.145E+02   0.94650E-01   0.00000E+00   0.10000E+00    0.50249E-02   -1.13         test_N_all
.8900E+00   100.000  0.132E+02   0.10014E+00   0.00000E+00   0.10000E+00    0.50249E-02    0.00         test_N_all
.9000E+00   100.000  0.120E+02   0.10588E+00   0.00000E+00   0.10000E+00    0.17692E-02   11.05         test_N_all
.9100E+00   100.000  0.108E+02   0.11186E+00   0.00000E+00   0.10000E+00    0.50249E-02    5.57         test_N_all
.9200E+00   100.000  0.958E+01   0.11808E+00   0.00000E+00   0.10000E+00    0.50249E-02   12.95         test_N_all
.9300E+00   100.000  0.841E+01   0.12456E+00   0.00000E+00   0.10000E+00    0.50249E-02   23.89         test_N_all
.9400E+00   100.000  0.726E+01   0.13130E+00   0.00000E+00   0.10000E+00    0.50249E-02   38.79         test_N_all
.9500E+00   100.000  0.614E+01   0.13829E+00   0.00000E+00   0.10000E+00    0.50249E-02   58.07         test_N_all
.9600E+00   100.000  0.505E+01   0.14555E+00   0.00000E+00   0.10000E+00    0.50249E-02   82.17         test_N_all
.9700E+00   100.000  0.397E+01   0.15308E+00   0.00000E+00   0.10000E+00    0.50249E-02  111.57         test_N_all
.9800E+00   100.000  0.292E+01   0.16088E+00   0.00000E+00   0.10000E+00    0.50249E-02  146.79         test_N_all
.9900E+00   100.000  0.189E+01   0.16896E+00   0.00000E+00   0.10000E+00    0.50249E-02  188.36         test_N_all
.1000E+01   100.000  0.882E+00   0.17733E+00   0.00000E+00   0.10000E+00    0.50249E-02  236.84         test_N_all



 CHI SQUARE=******** FOR  582 POINTS   CHISQ/NPTS=80065.75
 Signed chisquare total =********
 Modified residual =********


Summary normalization chi2 contributions

 data set     normalization        error         chisq


Summary chi2 per data set

 data set      chisq    _w     signd    _w     resid     _w   npts   chisq/pts  _w
test_N_all  ********        ********        ********           58280065.75
------------------------------------------------------------------------------------
TOTAL       ************************     0.0****************   58280065.7580065.75
TOTAL+norm  ****************                                   58280065.7580065.75



            Momentum Sum Rule Check


      q2      alphas      xuv       xdv       xub       xdb       xsb       xcb       xbb      xglue     total
      1.69    0.3845    0.3169    0.1347    0.0537    0.0692    0.0246    0.0000    0.0000    0.4011    1.0002
    100.00    0.1784    0.2233    0.0949    0.0640    0.0749    0.0435    0.0262    0.0088    0.4615    0.9973
   1000.00    0.1407    0.0000    0.0000    0.0000    0.0000    0.0000    0.0000    0.0000    0.0000    0.0000
   8315.00    0.1180    0.0000    0.0000    0.0000    0.0000    0.0000    0.0000    0.0000    0.0000    0.0000


 Vector Boson Cross Sections

 sqrt(s)   sigma(W)    error    theory

   1960.     2.865     0.063       0.000     D0

   1960.     2.749     0.054       0.000     CDF

   7000.     9.95      0.29        0.000     CMS

   7000.     9.96      0.55        0.000     ATLAS

 sqrt(s)   sigma(Z)    error    theory

   1960.     .2649     .0094       0.000     D0

   1960.     .2549     .0057       0.000     CDF

   7000.     .931      0.035       0.000     CMS

   7000.     .82       0.08        0.000     ATLAS


