 Correlated errors added in quadrature with statistical errors
 test_P_all DIS data with   1.69< Q2 < 0.500D+03 and 0.000 < xB < 1.000 and   0.00< W2 < 0.100D+05 and 0.000 < y < 1.000
   No TMC applied
   no HT corrections

# fitpack15: fit output
# CJ15 AV18 final data choices                                                 

Parametrization   7 used here

 S-ACOT scheme used  for NC DIS

 charm mass =     1.30 GeV     bottom mass =     4.50 GeV



 THIS IS A NEXT TO LEADING ORDER FIT

 Q02=    1.69
         1  LAMBDA      VALUE=   0.22680      WEIGHT=    0.0000    
         2  a0uv        VALUE=    1.9042      WEIGHT=    0.0000    
         3  a1uv        VALUE=   0.55764      WEIGHT=   0.21506E-01
         4  a2uv        VALUE=    3.4753      WEIGHT=   0.12252E-01
         5  a3uv        VALUE=    0.0000      WEIGHT=    0.0000    
         6  a4uv        VALUE=    4.3113      WEIGHT=   0.56402    
         7  a5uv        VALUE=    0.0000      WEIGHT=    0.0000    
         8  a0dv        VALUE=    28.902      WEIGHT=    0.0000    
         9  a1dv        VALUE=    1.1785      WEIGHT=   0.28946E-01
        10  a2dv        VALUE=    6.7673      WEIGHT=   0.15101    
        11  a3dv        VALUE=   -3.6831      WEIGHT=   0.72594E-01
        12  a4dv        VALUE=    4.8771      WEIGHT=   0.12781    
        13  a5dv        VALUE=    0.0000      WEIGHT=    0.0000    
        14  a0ud        VALUE=   0.14106      WEIGHT=   0.48853E-02
        15  a1ud        VALUE=  -0.21130      WEIGHT=   0.37708E-02
        16  a2ud        VALUE=    8.3071      WEIGHT=   0.19210    
        17  a3ud        VALUE=    0.0000      WEIGHT=    0.0000    
        18  a4ud        VALUE=    14.490      WEIGHT=    1.1972    
        19  a5ud        VALUE=    0.0000      WEIGHT=    0.0000    
        20  a0du        VALUE=    35712.      WEIGHT=    0.0000    
        21  a1du        VALUE=    4.1743      WEIGHT=   0.79953E-01
        22  a2du        VALUE=    18.646      WEIGHT=   0.84912    
        23  a3du        VALUE=    17.000      WEIGHT=    0.0000    
        24  a4du        VALUE=    56.315      WEIGHT=    8.4022    
        25  a0g         VALUE=    60.434      WEIGHT=    0.0000    
        26  a1g         VALUE=   0.65191      WEIGHT=   0.34275E-01
        27  a2g         VALUE=    7.5089      WEIGHT=   0.74258    
        28  a3g         VALUE=   -3.8044      WEIGHT=   0.15493    
        29  a4g         VALUE=    4.3685      WEIGHT=   0.40526    
        30  a5g         VALUE=    0.0000      WEIGHT=    0.0000    
        31  kappa       VALUE=   0.40000      WEIGHT=    0.0000    
        32  a6dv        VALUE=  -0.39542E-02  WEIGHT=   0.58935E-03
        33  a7dv        VALUE=    2.0000      WEIGHT=    0.0000    
        34  off1        VALUE=    0.0000      WEIGHT=    0.0000    
        35  off2        VALUE=    0.0000      WEIGHT=    0.0000    
        36  off3        VALUE=    0.0000      WEIGHT=    0.0000    
        37  ht1         VALUE=   -29.253      WEIGHT=    1.4985    
        38  ht2         VALUE=    4.3631      WEIGHT=   0.10915    
        39  ht3         VALUE=   -1.8902      WEIGHT=   0.15519E-01
        40  ht4         VALUE=    0.0000      WEIGHT=    0.0000    
        41  ht1n        VALUE=   -16.587      WEIGHT=    2.1349    
        42  ht2n        VALUE=    2.8652      WEIGHT=   0.18233    
        43  ht3n        VALUE=   -2.0691      WEIGHT=   0.32327E-01
        44  ht4n        VALUE=    0.0000      WEIGHT=    0.0000    
        45  dummy45     VALUE=    0.0000      WEIGHT=    0.0000    
        46  dummy46     VALUE=    0.0000      WEIGHT=    0.0000    
        47  dummy47     VALUE=    0.0000      WEIGHT=    0.0000    
        48  dummy48     VALUE=    0.0000      WEIGHT=    0.0000    
        49  dummy49     VALUE=    0.0000      WEIGHT=    0.0000    
        50  bcdmsh2     VALUE=   0.95658      WEIGHT=   0.46542E-02
        51  bcdmsd2     VALUE=   0.97906      WEIGHT=   0.55330E-02
        52  ccfr        VALUE=    1.0000      WEIGHT=    0.0000    
        53  nutev       VALUE=    1.0000      WEIGHT=    0.0000    
        54  zeus        VALUE=   0.97998      WEIGHT=    0.0000    
        55  h1          VALUE=    1.0162      WEIGHT=    0.0000    
        56  e605        VALUE=    1.0319      WEIGHT=    0.0000    
        57  NmcH2       VALUE=   0.99476      WEIGHT=   0.69955E-02
        58  ntv_nu      VALUE=    1.0000      WEIGHT=    0.0000    
        59  ntv_nubar   VALUE=    1.0000      WEIGHT=    0.0000    
        60  cdf_jet     VALUE=   0.98910      WEIGHT=    0.0000    
        61  d0_jet      VALUE=   0.83504      WEIGHT=    0.0000    
        62  slac_p      VALUE=   0.99959      WEIGHT=   0.50581E-02
        63  slac_d      VALUE=   0.98882      WEIGHT=   0.50354E-02
        64  e866pp      VALUE=   0.95746      WEIGHT=   0.19468E-01
        65  e866pd      VALUE=   0.94470      WEIGHT=   0.15260E-01
        66  d0_gamjet   VALUE=    1.0366      WEIGHT=   0.16420E-01
        67  h1b         VALUE=   0.97608      WEIGHT=    0.0000    
        68  jlab_p      VALUE=   0.99064      WEIGHT=   0.63474E-02
        69  jlab_d      VALUE=   0.96615      WEIGHT=   0.59357E-02
        70  blank       VALUE=    1.0000      WEIGHT=    0.0000    
        71  d0run2      VALUE=   0.97876      WEIGHT=   0.14220E-01
        72  cdfrun2     VALUE=   0.96185      WEIGHT=   0.17466E-01
        73  HERA_el     VALUE=    1.0000      WEIGHT=    0.0000    
        74  HERA_ps     VALUE=    1.0000      WEIGHT=    0.0000    
        75  CDF_Z       VALUE=   0.94123      WEIGHT=   0.58500E-02
        76  NmcRat      VALUE=    1.0000      WEIGHT=    0.0000    
        77  BNS_F2nd    VALUE=   0.94580      WEIGHT=   0.94564E-02
        78  HERMES_F2p  VALUE=   0.98876      WEIGHT=   0.56557E-02
        79  HERMES_F2d  VALUE=   0.96503      WEIGHT=   0.56545E-02
0THE TOLERANCE IS    0.1000
 THE MAXIMUM NUMBER OF STEPS IS 100
0THE INITIAL CHI SQUARED IS  6.34843E+05



     X        Q2         W2       THEORY        error         DATA           ERROR        chi^2     _w    ITYPE
.1000E-01     2.000  0.199E+03   0.35029E+00   0.00000E+00   0.10000E+00    0.50249E-02 2481.02         test_P_all
.2000E-01     2.000  0.989E+02   0.33083E+00   0.00000E+00   0.10000E+00    0.50249E-02 2110.23         test_P_all
.3000E-01     2.000  0.655E+02   0.32664E+00   0.00000E+00   0.10000E+00    0.50249E-02 2034.22         test_P_all
.4000E-01     2.000  0.489E+02   0.33004E+00   0.00000E+00   0.10000E+00    0.50249E-02 2095.72         test_P_all
.5000E-01     2.000  0.389E+02   0.33388E+00   0.00000E+00   0.10000E+00    0.50249E-02 2166.42         test_P_all
.6000E-01     2.000  0.322E+02   0.33875E+00   0.00000E+00   0.10000E+00    0.50249E-02 2257.45         test_P_all
.7000E-01     2.000  0.275E+02   0.34270E+00   0.00000E+00   0.10000E+00    0.50249E-02 2332.72         test_P_all
.8000E-01     2.000  0.239E+02   0.34578E+00   0.00000E+00   0.10000E+00    0.50249E-02 2392.35         test_P_all
.9000E-01     2.000  0.211E+02   0.34811E+00   0.00000E+00   0.10000E+00    0.50249E-02 2438.02         test_P_all
.1000E+00     2.000  0.189E+02   0.34956E+00   0.00000E+00   0.10000E+00    0.50249E-02 2466.54         test_P_all
.1100E+00     2.000  0.171E+02   0.35059E+00   0.00000E+00   0.10000E+00    0.50249E-02 2486.96         test_P_all
.1200E+00     2.000  0.155E+02   0.35108E+00   0.00000E+00   0.10000E+00    0.50249E-02 2496.67         test_P_all
.1300E+00     2.000  0.143E+02   0.35117E+00   0.00000E+00   0.10000E+00    0.50249E-02 2498.56         test_P_all
.1400E+00     2.000  0.132E+02   0.35107E+00   0.00000E+00   0.10000E+00    0.50249E-02 2496.51         test_P_all
.1500E+00     2.000  0.122E+02   0.35067E+00   0.00000E+00   0.10000E+00    0.50249E-02 2488.57         test_P_all
.1600E+00     2.000  0.114E+02   0.35012E+00   0.00000E+00   0.10000E+00    0.50249E-02 2477.67         test_P_all
.1700E+00     2.000  0.106E+02   0.34938E+00   0.00000E+00   0.10000E+00    0.50249E-02 2462.94         test_P_all
.1800E+00     2.000  0.999E+01   0.34845E+00   0.00000E+00   0.10000E+00    0.50249E-02 2444.62         test_P_all
.1900E+00     2.000  0.941E+01   0.34734E+00   0.00000E+00   0.10000E+00    0.50249E-02 2422.85         test_P_all
.2000E+00     2.000  0.888E+01   0.34605E+00   0.00000E+00   0.10000E+00    0.50249E-02 2397.65         test_P_all
.2100E+00     2.000  0.841E+01   0.34454E+00   0.00000E+00   0.10000E+00    0.50249E-02 2368.40         test_P_all
.2200E+00     2.000  0.797E+01   0.34283E+00   0.00000E+00   0.10000E+00    0.50249E-02 2335.33         test_P_all
.2300E+00     2.000  0.758E+01   0.34089E+00   0.00000E+00   0.10000E+00    0.50249E-02 2298.22         test_P_all
.2400E+00     2.000  0.722E+01   0.33871E+00   0.00000E+00   0.10000E+00    0.50249E-02 2256.64         test_P_all
.2500E+00     2.000  0.688E+01   0.33628E+00   0.00000E+00   0.10000E+00    0.50249E-02 2210.94         test_P_all
.2600E+00     2.000  0.657E+01   0.33356E+00   0.00000E+00   0.10000E+00    0.50249E-02 2160.46         test_P_all
.2700E+00     2.000  0.629E+01   0.33058E+00   0.00000E+00   0.10000E+00    0.50249E-02 2105.65         test_P_all
.2800E+00     2.000  0.602E+01   0.32732E+00   0.00000E+00   0.10000E+00    0.50249E-02 2046.51         test_P_all
.2900E+00     2.000  0.578E+01   0.32376E+00   0.00000E+00   0.10000E+00    0.50249E-02 1982.99         test_P_all
.3000E+00     2.000  0.555E+01   0.31993E+00   0.00000E+00   0.10000E+00    0.18868E-02 *******         test_P_all
.3100E+00     2.000  0.533E+01   0.31579E+00   0.00000E+00   0.10000E+00    0.50249E-02 1844.24         test_P_all
.3200E+00     2.000  0.513E+01   0.31138E+00   0.00000E+00   0.10000E+00    0.50249E-02 1769.53         test_P_all
.3300E+00     2.000  0.494E+01   0.30668E+00   0.00000E+00   0.10000E+00    0.50249E-02 1691.83         test_P_all
.3400E+00     2.000  0.476E+01   0.30172E+00   0.00000E+00   0.10000E+00    0.50249E-02 1611.51         test_P_all
.3500E+00     2.000  0.460E+01   0.29649E+00   0.00000E+00   0.10000E+00    0.50249E-02 1529.08         test_P_all
.3600E+00     2.000  0.444E+01   0.29102E+00   0.00000E+00   0.10000E+00    0.50249E-02 1445.07         test_P_all
.3700E+00     2.000  0.429E+01   0.28531E+00   0.00000E+00   0.10000E+00    0.50249E-02 1359.94         test_P_all
.3800E+00     2.000  0.414E+01   0.27937E+00   0.00000E+00   0.10000E+00    0.50249E-02 1274.22         test_P_all
.3900E+00     2.000  0.401E+01   0.27323E+00   0.00000E+00   0.10000E+00    0.50249E-02 1188.46         test_P_all
.4000E+00     2.000  0.388E+01   0.26689E+00   0.00000E+00   0.10000E+00    0.17692E-02 8898.51         test_P_all
.4100E+00     2.000  0.376E+01   0.26038E+00   0.00000E+00   0.10000E+00    0.50249E-02 1018.64         test_P_all
.4200E+00     2.000  0.364E+01   0.25370E+00   0.00000E+00   0.10000E+00    0.50249E-02  935.57         test_P_all
.4300E+00     2.000  0.353E+01   0.24687E+00   0.00000E+00   0.10000E+00    0.50249E-02  854.28         test_P_all
.4400E+00     2.000  0.343E+01   0.23991E+00   0.00000E+00   0.10000E+00    0.50249E-02  775.25         test_P_all
.4500E+00     2.000  0.333E+01   0.23283E+00   0.00000E+00   0.10000E+00    0.50249E-02  698.78         test_P_all
.4600E+00     2.000  0.323E+01   0.22566E+00   0.00000E+00   0.10000E+00    0.50249E-02  625.32         test_P_all
.4700E+00     2.000  0.314E+01   0.21839E+00   0.00000E+00   0.10000E+00    0.50249E-02  555.11         test_P_all
.4800E+00     2.000  0.305E+01   0.21106E+00   0.00000E+00   0.10000E+00    0.50249E-02  488.45         test_P_all
.4900E+00     2.000  0.296E+01   0.20367E+00   0.00000E+00   0.10000E+00    0.50249E-02  425.63         test_P_all
.5000E+00     2.000  0.288E+01   0.19624E+00   0.00000E+00   0.10000E+00    0.17692E-02 2959.05         test_P_all
.5100E+00     2.000  0.280E+01   0.18879E+00   0.00000E+00   0.10000E+00    0.50249E-02  312.23         test_P_all
.5200E+00     2.000  0.273E+01   0.18133E+00   0.00000E+00   0.10000E+00    0.50249E-02  261.98         test_P_all
.5300E+00     2.000  0.266E+01   0.17388E+00   0.00000E+00   0.10000E+00    0.50249E-02  216.18         test_P_all
.5400E+00     2.000  0.259E+01   0.16646E+00   0.00000E+00   0.10000E+00    0.50249E-02  174.91         test_P_all
.5500E+00     2.000  0.252E+01   0.15906E+00   0.00000E+00   0.10000E+00    0.50249E-02  138.16         test_P_all
.5600E+00     2.000  0.245E+01   0.15173E+00   0.00000E+00   0.10000E+00    0.50249E-02  105.98         test_P_all
.5700E+00     2.000  0.239E+01   0.14446E+00   0.00000E+00   0.10000E+00    0.50249E-02   78.29         test_P_all
.5800E+00     2.000  0.233E+01   0.13727E+00   0.00000E+00   0.10000E+00    0.50249E-02   55.01         test_P_all
.5900E+00     2.000  0.227E+01   0.13018E+00   0.00000E+00   0.10000E+00    0.50249E-02   36.07         test_P_all
.6000E+00     2.000  0.222E+01   0.12319E+00   0.00000E+00   0.10000E+00    0.17692E-02  171.79         test_P_all
.6100E+00     2.000  0.216E+01   0.11632E+00   0.00000E+00   0.10000E+00    0.50249E-02   10.55         test_P_all
.6200E+00     2.000  0.211E+01   0.10959E+00   0.00000E+00   0.10000E+00    0.50249E-02    3.64         test_P_all
.6300E+00     2.000  0.206E+01   0.10300E+00   0.00000E+00   0.10000E+00    0.50249E-02    0.36         test_P_all
.6400E+00     2.000  0.201E+01   0.96564E-01   0.00000E+00   0.10000E+00    0.50249E-02   -0.47         test_P_all
.6500E+00     2.000  0.196E+01   0.90290E-01   0.00000E+00   0.10000E+00    0.50249E-02   -3.73         test_P_all
.6600E+00     2.000  0.191E+01   0.84195E-01   0.00000E+00   0.10000E+00    0.50249E-02   -9.89         test_P_all
.6700E+00     2.000  0.187E+01   0.78282E-01   0.00000E+00   0.10000E+00    0.50249E-02  -18.68         test_P_all
.6800E+00     2.000  0.182E+01   0.72560E-01   0.00000E+00   0.10000E+00    0.50249E-02  -29.82         test_P_all
.6900E+00     2.000  0.178E+01   0.67040E-01   0.00000E+00   0.10000E+00    0.50249E-02  -43.02         test_P_all
.7000E+00     2.000  0.174E+01   0.61723E-01   0.00000E+00   0.10000E+00    0.17692E-02 -468.10         test_P_all
.7100E+00     2.000  0.170E+01   0.56623E-01   0.00000E+00   0.10000E+00    0.50249E-02  -74.52         test_P_all
.7200E+00     2.000  0.166E+01   0.51740E-01   0.00000E+00   0.10000E+00    0.50249E-02  -92.24         test_P_all
.7300E+00     2.000  0.162E+01   0.47079E-01   0.00000E+00   0.10000E+00    0.50249E-02 -110.92         test_P_all
.7400E+00     2.000  0.158E+01   0.42648E-01   0.00000E+00   0.10000E+00    0.50249E-02 -130.27         test_P_all
.7500E+00     2.000  0.155E+01   0.38445E-01   0.00000E+00   0.10000E+00    0.50249E-02 -150.06         test_P_all
.7600E+00     2.000  0.151E+01   0.34479E-01   0.00000E+00   0.10000E+00    0.50249E-02 -170.02         test_P_all
.7700E+00     2.000  0.148E+01   0.30746E-01   0.00000E+00   0.10000E+00    0.50249E-02 -189.95         test_P_all
.7800E+00     2.000  0.145E+01   0.27248E-01   0.00000E+00   0.10000E+00    0.50249E-02 -209.62         test_P_all
.7900E+00     2.000  0.141E+01   0.23989E-01   0.00000E+00   0.10000E+00    0.50249E-02 -228.82         test_P_all
.8000E+00     2.000  0.138E+01   0.20959E-01   0.00000E+00   0.10000E+00    0.17692E-02 *******         test_P_all
.8100E+00     2.000  0.135E+01   0.18169E-01   0.00000E+00   0.10000E+00    0.50249E-02 -265.20         test_P_all
.8200E+00     2.000  0.132E+01   0.15608E-01   0.00000E+00   0.10000E+00    0.50249E-02 -282.06         test_P_all
.8300E+00     2.000  0.129E+01   0.13274E-01   0.00000E+00   0.10000E+00    0.50249E-02 -297.87         test_P_all
.8400E+00     2.000  0.126E+01   0.11165E-01   0.00000E+00   0.10000E+00    0.50249E-02 -312.54         test_P_all
.8500E+00     2.000  0.123E+01   0.92701E-02   0.00000E+00   0.10000E+00    0.50249E-02 -326.02         test_P_all
.8600E+00     2.000  0.121E+01   0.75888E-02   0.00000E+00   0.10000E+00    0.50249E-02 -338.21         test_P_all
.8700E+00     2.000  0.118E+01   0.61098E-02   0.00000E+00   0.10000E+00    0.50249E-02 -349.12         test_P_all
.8800E+00     2.000  0.115E+01   0.48251E-02   0.00000E+00   0.10000E+00    0.50249E-02 -358.74         test_P_all
.8900E+00     2.000  0.113E+01   0.37261E-02   0.00000E+00   0.10000E+00    0.50249E-02 -367.08         test_P_all
.9000E+00     2.000  0.110E+01   0.28006E-02   0.00000E+00   0.10000E+00    0.17692E-02 *******         test_P_all
.9100E+00     2.000  0.108E+01   0.20377E-02   0.00000E+00   0.10000E+00    0.50249E-02 -380.06         test_P_all
.9200E+00     2.000  0.106E+01   0.14242E-02   0.00000E+00   0.10000E+00    0.50249E-02 -384.84         test_P_all
.9300E+00     2.000  0.103E+01   0.94561E-03   0.00000E+00   0.10000E+00    0.50249E-02 -388.59         test_P_all
.9400E+00     2.000  0.101E+01   0.58646E-03   0.00000E+00   0.10000E+00    0.50249E-02 -391.41         test_P_all
.9500E+00     2.000  0.987E+00   0.33374E-03   0.00000E+00   0.10000E+00    0.50249E-02 -393.40         test_P_all
.9600E+00     2.000  0.965E+00   0.16276E-03   0.00000E+00   0.10000E+00    0.50249E-02 -394.75         test_P_all
.9700E+00     2.000  0.944E+00   0.63173E-04   0.00000E+00   0.10000E+00    0.50249E-02 -395.54         test_P_all
.9800E+00     2.000  0.923E+00   0.18162E-04   0.00000E+00   0.10000E+00    0.50249E-02 -395.90         test_P_all
.9900E+00     2.000  0.902E+00   0.73731E-05   0.00000E+00   0.10000E+00    0.50249E-02 -395.98         test_P_all
.1000E+01     2.000  0.882E+00   0.00000E+00   0.00000E+00   0.10000E+00    0.50249E-02 -396.04         test_P_all
.1000E-01     5.000  0.496E+03   0.45629E+00   0.00000E+00   0.10000E+00    0.50249E-02 5027.45         test_P_all
.2000E-01     5.000  0.246E+03   0.41021E+00   0.00000E+00   0.10000E+00    0.50249E-02 3811.09         test_P_all
.3000E-01     5.000  0.163E+03   0.39114E+00   0.00000E+00   0.10000E+00    0.50249E-02 3357.01         test_P_all
.4000E-01     5.000  0.121E+03   0.38478E+00   0.00000E+00   0.10000E+00    0.50249E-02 3211.89         test_P_all
.5000E-01     5.000  0.959E+02   0.38001E+00   0.00000E+00   0.10000E+00    0.50249E-02 3105.13         test_P_all
.6000E-01     5.000  0.792E+02   0.37780E+00   0.00000E+00   0.10000E+00    0.50249E-02 3056.27         test_P_all
.7000E-01     5.000  0.673E+02   0.37537E+00   0.00000E+00   0.10000E+00    0.50249E-02 3003.10         test_P_all
.8000E-01     5.000  0.584E+02   0.37309E+00   0.00000E+00   0.10000E+00    0.50249E-02 2953.60         test_P_all
.9000E-01     5.000  0.514E+02   0.37064E+00   0.00000E+00   0.10000E+00    0.50249E-02 2900.89         test_P_all
.1000E+00     5.000  0.459E+02   0.36803E+00   0.00000E+00   0.10000E+00    0.50249E-02 2845.19         test_P_all
.1100E+00     5.000  0.413E+02   0.36540E+00   0.00000E+00   0.10000E+00    0.50249E-02 2789.52         test_P_all
.1200E+00     5.000  0.375E+02   0.36274E+00   0.00000E+00   0.10000E+00    0.50249E-02 2734.04         test_P_all
.1300E+00     5.000  0.343E+02   0.36003E+00   0.00000E+00   0.10000E+00    0.50249E-02 2677.92         test_P_all
.1400E+00     5.000  0.316E+02   0.35729E+00   0.00000E+00   0.10000E+00    0.50249E-02 2621.78         test_P_all
.1500E+00     5.000  0.292E+02   0.35450E+00   0.00000E+00   0.10000E+00    0.50249E-02 2565.20         test_P_all
.1600E+00     5.000  0.271E+02   0.35163E+00   0.00000E+00   0.10000E+00    0.50249E-02 2507.59         test_P_all
.1700E+00     5.000  0.253E+02   0.34867E+00   0.00000E+00   0.10000E+00    0.50249E-02 2448.98         test_P_all
.1800E+00     5.000  0.237E+02   0.34560E+00   0.00000E+00   0.10000E+00    0.50249E-02 2388.89         test_P_all
.1900E+00     5.000  0.222E+02   0.34238E+00   0.00000E+00   0.10000E+00    0.50249E-02 2326.63         test_P_all
.2000E+00     5.000  0.209E+02   0.33902E+00   0.00000E+00   0.10000E+00    0.50249E-02 2262.54         test_P_all
.2100E+00     5.000  0.197E+02   0.33545E+00   0.00000E+00   0.10000E+00    0.50249E-02 2195.45         test_P_all
.2200E+00     5.000  0.186E+02   0.33170E+00   0.00000E+00   0.10000E+00    0.50249E-02 2126.04         test_P_all
.2300E+00     5.000  0.176E+02   0.32774E+00   0.00000E+00   0.10000E+00    0.50249E-02 2054.10         test_P_all
.2400E+00     5.000  0.167E+02   0.32355E+00   0.00000E+00   0.10000E+00    0.50249E-02 1979.27         test_P_all
.2500E+00     5.000  0.159E+02   0.31915E+00   0.00000E+00   0.10000E+00    0.50249E-02 1902.04         test_P_all
.2600E+00     5.000  0.151E+02   0.31450E+00   0.00000E+00   0.10000E+00    0.50249E-02 1822.13         test_P_all
.2700E+00     5.000  0.144E+02   0.30961E+00   0.00000E+00   0.10000E+00    0.50249E-02 1740.11         test_P_all
.2800E+00     5.000  0.137E+02   0.30450E+00   0.00000E+00   0.10000E+00    0.50249E-02 1656.21         test_P_all
.2900E+00     5.000  0.131E+02   0.29915E+00   0.00000E+00   0.10000E+00    0.50249E-02 1570.68         test_P_all
.3000E+00     5.000  0.125E+02   0.29358E+00   0.00000E+00   0.10000E+00    0.18868E-02 *******         test_P_all
.3100E+00     5.000  0.120E+02   0.28779E+00   0.00000E+00   0.10000E+00    0.50249E-02 1396.68         test_P_all
.3200E+00     5.000  0.115E+02   0.28180E+00   0.00000E+00   0.10000E+00    0.50249E-02 1309.02         test_P_all
.3300E+00     5.000  0.110E+02   0.27563E+00   0.00000E+00   0.10000E+00    0.50249E-02 1221.56         test_P_all
.3400E+00     5.000  0.106E+02   0.26927E+00   0.00000E+00   0.10000E+00    0.50249E-02 1134.76         test_P_all
.3500E+00     5.000  0.102E+02   0.26275E+00   0.00000E+00   0.10000E+00    0.50249E-02 1049.05         test_P_all
.3600E+00     5.000  0.977E+01   0.25609E+00   0.00000E+00   0.10000E+00    0.50249E-02  964.94         test_P_all
.3700E+00     5.000  0.940E+01   0.24930E+00   0.00000E+00   0.10000E+00    0.50249E-02  882.78         test_P_all
.3800E+00     5.000  0.904E+01   0.24239E+00   0.00000E+00   0.10000E+00    0.50249E-02  802.99         test_P_all
.3900E+00     5.000  0.870E+01   0.23539E+00   0.00000E+00   0.10000E+00    0.50249E-02  725.95         test_P_all
.4000E+00     5.000  0.838E+01   0.22830E+00   0.00000E+00   0.10000E+00    0.17692E-02 5259.08         test_P_all
.4100E+00     5.000  0.808E+01   0.22115E+00   0.00000E+00   0.10000E+00    0.50249E-02  581.28         test_P_all
.4200E+00     5.000  0.779E+01   0.21395E+00   0.00000E+00   0.10000E+00    0.50249E-02  514.22         test_P_all
.4300E+00     5.000  0.751E+01   0.20671E+00   0.00000E+00   0.10000E+00    0.50249E-02  450.95         test_P_all
.4400E+00     5.000  0.725E+01   0.19945E+00   0.00000E+00   0.10000E+00    0.50249E-02  391.70         test_P_all
.4500E+00     5.000  0.699E+01   0.19218E+00   0.00000E+00   0.10000E+00    0.50249E-02  336.53         test_P_all
.4600E+00     5.000  0.675E+01   0.18493E+00   0.00000E+00   0.10000E+00    0.50249E-02  285.64         test_P_all
.4700E+00     5.000  0.652E+01   0.17769E+00   0.00000E+00   0.10000E+00    0.50249E-02  239.03         test_P_all
.4800E+00     5.000  0.630E+01   0.17048E+00   0.00000E+00   0.10000E+00    0.50249E-02  196.76         test_P_all
.4900E+00     5.000  0.609E+01   0.16333E+00   0.00000E+00   0.10000E+00    0.50249E-02  158.84         test_P_all
.5000E+00     5.000  0.588E+01   0.15623E+00   0.00000E+00   0.10000E+00    0.17692E-02 1010.27         test_P_all
.5100E+00     5.000  0.569E+01   0.14921E+00   0.00000E+00   0.10000E+00    0.50249E-02   95.91         test_P_all
.5200E+00     5.000  0.550E+01   0.14227E+00   0.00000E+00   0.10000E+00    0.50249E-02   70.77         test_P_all
.5300E+00     5.000  0.532E+01   0.13543E+00   0.00000E+00   0.10000E+00    0.50249E-02   49.70         test_P_all
.5400E+00     5.000  0.514E+01   0.12869E+00   0.00000E+00   0.10000E+00    0.50249E-02   32.59         test_P_all
.5500E+00     5.000  0.497E+01   0.12206E+00   0.00000E+00   0.10000E+00    0.50249E-02   19.28         test_P_all
.5600E+00     5.000  0.481E+01   0.11557E+00   0.00000E+00   0.10000E+00    0.50249E-02    9.60         test_P_all
.5700E+00     5.000  0.465E+01   0.10921E+00   0.00000E+00   0.10000E+00    0.50249E-02    3.36         test_P_all
.5800E+00     5.000  0.450E+01   0.10299E+00   0.00000E+00   0.10000E+00    0.50249E-02    0.35         test_P_all
.5900E+00     5.000  0.436E+01   0.96921E-01   0.00000E+00   0.10000E+00    0.50249E-02   -0.38         test_P_all
.6000E+00     5.000  0.422E+01   0.91013E-01   0.00000E+00   0.10000E+00    0.17692E-02  -25.80         test_P_all
.6100E+00     5.000  0.408E+01   0.85275E-01   0.00000E+00   0.10000E+00    0.50249E-02   -8.59         test_P_all
.6200E+00     5.000  0.395E+01   0.79708E-01   0.00000E+00   0.10000E+00    0.50249E-02  -16.31         test_P_all
.6300E+00     5.000  0.382E+01   0.74320E-01   0.00000E+00   0.10000E+00    0.50249E-02  -26.12         test_P_all
.6400E+00     5.000  0.369E+01   0.69118E-01   0.00000E+00   0.10000E+00    0.50249E-02  -37.77         test_P_all
.6500E+00     5.000  0.357E+01   0.64102E-01   0.00000E+00   0.10000E+00    0.50249E-02  -51.04         test_P_all
.6600E+00     5.000  0.346E+01   0.59282E-01   0.00000E+00   0.10000E+00    0.50249E-02  -65.66         test_P_all
.6700E+00     5.000  0.334E+01   0.54657E-01   0.00000E+00   0.10000E+00    0.50249E-02  -81.43         test_P_all
.6800E+00     5.000  0.323E+01   0.50231E-01   0.00000E+00   0.10000E+00    0.50249E-02  -98.10         test_P_all
.6900E+00     5.000  0.313E+01   0.46008E-01   0.00000E+00   0.10000E+00    0.50249E-02 -115.45         test_P_all
.7000E+00     5.000  0.302E+01   0.41986E-01   0.00000E+00   0.10000E+00    0.17692E-02 *******         test_P_all
.7100E+00     5.000  0.292E+01   0.38171E-01   0.00000E+00   0.10000E+00    0.50249E-02 -151.40         test_P_all
.7200E+00     5.000  0.283E+01   0.34559E-01   0.00000E+00   0.10000E+00    0.50249E-02 -169.60         test_P_all
.7300E+00     5.000  0.273E+01   0.31151E-01   0.00000E+00   0.10000E+00    0.50249E-02 -187.73         test_P_all
.7400E+00     5.000  0.264E+01   0.27949E-01   0.00000E+00   0.10000E+00    0.50249E-02 -205.60         test_P_all
.7500E+00     5.000  0.255E+01   0.24947E-01   0.00000E+00   0.10000E+00    0.50249E-02 -223.09         test_P_all
.7600E+00     5.000  0.246E+01   0.22147E-01   0.00000E+00   0.10000E+00    0.50249E-02 -240.04         test_P_all
.7700E+00     5.000  0.238E+01   0.19544E-01   0.00000E+00   0.10000E+00    0.50249E-02 -256.36         test_P_all
.7800E+00     5.000  0.229E+01   0.17136E-01   0.00000E+00   0.10000E+00    0.50249E-02 -271.94         test_P_all
.7900E+00     5.000  0.221E+01   0.14919E-01   0.00000E+00   0.10000E+00    0.50249E-02 -286.68         test_P_all
.8000E+00     5.000  0.213E+01   0.12887E-01   0.00000E+00   0.10000E+00    0.17692E-02 *******         test_P_all
.8100E+00     5.000  0.205E+01   0.11039E-01   0.00000E+00   0.10000E+00    0.50249E-02 -313.43         test_P_all
.8200E+00     5.000  0.198E+01   0.93665E-02   0.00000E+00   0.10000E+00    0.50249E-02 -325.32         test_P_all
.8300E+00     5.000  0.191E+01   0.78639E-02   0.00000E+00   0.10000E+00    0.50249E-02 -336.20         test_P_all
.8400E+00     5.000  0.183E+01   0.65253E-02   0.00000E+00   0.10000E+00    0.50249E-02 -346.04         test_P_all
.8500E+00     5.000  0.176E+01   0.53423E-02   0.00000E+00   0.10000E+00    0.50249E-02 -354.85         test_P_all
.8600E+00     5.000  0.170E+01   0.43083E-02   0.00000E+00   0.10000E+00    0.50249E-02 -362.65         test_P_all
.8700E+00     5.000  0.163E+01   0.34143E-02   0.00000E+00   0.10000E+00    0.50249E-02 -369.46         test_P_all
.8800E+00     5.000  0.156E+01   0.26516E-02   0.00000E+00   0.10000E+00    0.50249E-02 -375.32         test_P_all
.8900E+00     5.000  0.150E+01   0.20109E-02   0.00000E+00   0.10000E+00    0.50249E-02 -380.27         test_P_all
.9000E+00     5.000  0.144E+01   0.14830E-02   0.00000E+00   0.10000E+00    0.17692E-02 *******         test_P_all
.9100E+00     5.000  0.138E+01   0.10559E-02   0.00000E+00   0.10000E+00    0.50249E-02 -387.72         test_P_all
.9200E+00     5.000  0.132E+01   0.72091E-03   0.00000E+00   0.10000E+00    0.50249E-02 -390.35         test_P_all
.9300E+00     5.000  0.126E+01   0.46639E-03   0.00000E+00   0.10000E+00    0.50249E-02 -392.35         test_P_all
.9400E+00     5.000  0.120E+01   0.28017E-03   0.00000E+00   0.10000E+00    0.50249E-02 -393.82         test_P_all
.9500E+00     5.000  0.114E+01   0.15451E-03   0.00000E+00   0.10000E+00    0.50249E-02 -394.82         test_P_all
.9600E+00     5.000  0.109E+01   0.71455E-04   0.00000E+00   0.10000E+00    0.50249E-02 -395.47         test_P_all
.9700E+00     5.000  0.104E+01   0.25953E-04   0.00000E+00   0.10000E+00    0.50249E-02 -395.83         test_P_all
.9800E+00     5.000  0.984E+00   0.79747E-05   0.00000E+00   0.10000E+00    0.50249E-02 -395.98         test_P_all
.9900E+00     5.000  0.932E+00   0.54925E-05   0.00000E+00   0.10000E+00    0.50249E-02 -396.00         test_P_all
.1000E+01     5.000  0.882E+00   0.00000E+00   0.00000E+00   0.10000E+00    0.50249E-02 -396.04         test_P_all
.1000E-01    10.000  0.991E+03   0.53589E+00   0.00000E+00   0.10000E+00    0.50249E-02 7524.69         test_P_all
.2000E-01    10.000  0.491E+03   0.46664E+00   0.00000E+00   0.10000E+00    0.50249E-02 5323.82         test_P_all
.3000E-01    10.000  0.324E+03   0.43422E+00   0.00000E+00   0.10000E+00    0.50249E-02 4423.78         test_P_all
.4000E-01    10.000  0.241E+03   0.41972E+00   0.00000E+00   0.10000E+00    0.50249E-02 4048.35         test_P_all
.5000E-01    10.000  0.191E+03   0.40790E+00   0.00000E+00   0.10000E+00    0.50249E-02 3754.47         test_P_all
.6000E-01    10.000  0.158E+03   0.40052E+00   0.00000E+00   0.10000E+00    0.50249E-02 3576.82         test_P_all
.7000E-01    10.000  0.134E+03   0.39360E+00   0.00000E+00   0.10000E+00    0.50249E-02 3414.01         test_P_all
.8000E-01    10.000  0.116E+03   0.38773E+00   0.00000E+00   0.10000E+00    0.50249E-02 3278.69         test_P_all
.9000E-01    10.000  0.102E+03   0.38216E+00   0.00000E+00   0.10000E+00    0.50249E-02 3152.95         test_P_all
.1000E+00    10.000  0.909E+02   0.37697E+00   0.00000E+00   0.10000E+00    0.50249E-02 3038.06         test_P_all
.1100E+00    10.000  0.818E+02   0.37195E+00   0.00000E+00   0.10000E+00    0.50249E-02 2928.97         test_P_all
.1200E+00    10.000  0.742E+02   0.36728E+00   0.00000E+00   0.10000E+00    0.50249E-02 2829.17         test_P_all
.1300E+00    10.000  0.678E+02   0.36276E+00   0.00000E+00   0.10000E+00    0.50249E-02 2734.42         test_P_all
.1400E+00    10.000  0.623E+02   0.35834E+00   0.00000E+00   0.10000E+00    0.50249E-02 2643.16         test_P_all
.1500E+00    10.000  0.575E+02   0.35401E+00   0.00000E+00   0.10000E+00    0.50249E-02 2555.34         test_P_all
.1600E+00    10.000  0.534E+02   0.34966E+00   0.00000E+00   0.10000E+00    0.50249E-02 2468.58         test_P_all
.1700E+00    10.000  0.497E+02   0.34531E+00   0.00000E+00   0.10000E+00    0.50249E-02 2383.20         test_P_all
.1800E+00    10.000  0.464E+02   0.34090E+00   0.00000E+00   0.10000E+00    0.50249E-02 2298.32         test_P_all
.1900E+00    10.000  0.435E+02   0.33638E+00   0.00000E+00   0.10000E+00    0.50249E-02 2212.92         test_P_all
.2000E+00    10.000  0.409E+02   0.33177E+00   0.00000E+00   0.10000E+00    0.50249E-02 2127.39         test_P_all
.2100E+00    10.000  0.385E+02   0.32699E+00   0.00000E+00   0.10000E+00    0.50249E-02 2040.49         test_P_all
.2200E+00    10.000  0.363E+02   0.32205E+00   0.00000E+00   0.10000E+00    0.50249E-02 1952.78         test_P_all
.2300E+00    10.000  0.344E+02   0.31695E+00   0.00000E+00   0.10000E+00    0.50249E-02 1864.10         test_P_all
.2400E+00    10.000  0.325E+02   0.31166E+00   0.00000E+00   0.10000E+00    0.50249E-02 1774.27         test_P_all
.2500E+00    10.000  0.309E+02   0.30619E+00   0.00000E+00   0.10000E+00    0.50249E-02 1683.77         test_P_all
.2600E+00    10.000  0.293E+02   0.30052E+00   0.00000E+00   0.10000E+00    0.50249E-02 1592.42         test_P_all
.2700E+00    10.000  0.279E+02   0.29467E+00   0.00000E+00   0.10000E+00    0.50249E-02 1500.82         test_P_all
.2800E+00    10.000  0.266E+02   0.28864E+00   0.00000E+00   0.10000E+00    0.50249E-02 1409.36         test_P_all
.2900E+00    10.000  0.254E+02   0.28244E+00   0.00000E+00   0.10000E+00    0.50249E-02 1318.17         test_P_all
.3000E+00    10.000  0.242E+02   0.27607E+00   0.00000E+00   0.10000E+00    0.18868E-02 8707.97         test_P_all
.3100E+00    10.000  0.231E+02   0.26954E+00   0.00000E+00   0.10000E+00    0.50249E-02 1138.41         test_P_all
.3200E+00    10.000  0.221E+02   0.26287E+00   0.00000E+00   0.10000E+00    0.50249E-02 1050.62         test_P_all
.3300E+00    10.000  0.212E+02   0.25608E+00   0.00000E+00   0.10000E+00    0.50249E-02  964.77         test_P_all
.3400E+00    10.000  0.203E+02   0.24917E+00   0.00000E+00   0.10000E+00    0.50249E-02  881.25         test_P_all
.3500E+00    10.000  0.195E+02   0.24216E+00   0.00000E+00   0.10000E+00    0.50249E-02  800.39         test_P_all
.3600E+00    10.000  0.187E+02   0.23507E+00   0.00000E+00   0.10000E+00    0.50249E-02  722.57         test_P_all
.3700E+00    10.000  0.179E+02   0.22792E+00   0.00000E+00   0.10000E+00    0.50249E-02  648.05         test_P_all
.3800E+00    10.000  0.172E+02   0.22071E+00   0.00000E+00   0.10000E+00    0.50249E-02  577.10         test_P_all
.3900E+00    10.000  0.165E+02   0.21348E+00   0.00000E+00   0.10000E+00    0.50249E-02  509.96         test_P_all
.4000E+00    10.000  0.159E+02   0.20621E+00   0.00000E+00   0.10000E+00    0.17692E-02 3604.24         test_P_all
.4100E+00    10.000  0.153E+02   0.19895E+00   0.00000E+00   0.10000E+00    0.50249E-02  387.77         test_P_all
.4200E+00    10.000  0.147E+02   0.19169E+00   0.00000E+00   0.10000E+00    0.50249E-02  332.98         test_P_all
.4300E+00    10.000  0.141E+02   0.18446E+00   0.00000E+00   0.10000E+00    0.50249E-02  282.51         test_P_all
.4400E+00    10.000  0.136E+02   0.17726E+00   0.00000E+00   0.10000E+00    0.50249E-02  236.41         test_P_all
.4500E+00    10.000  0.131E+02   0.17011E+00   0.00000E+00   0.10000E+00    0.50249E-02  194.66         test_P_all
.4600E+00    10.000  0.126E+02   0.16302E+00   0.00000E+00   0.10000E+00    0.50249E-02  157.29         test_P_all
.4700E+00    10.000  0.122E+02   0.15600E+00   0.00000E+00   0.10000E+00    0.50249E-02  124.20         test_P_all
.4800E+00    10.000  0.117E+02   0.14906E+00   0.00000E+00   0.10000E+00    0.50249E-02   95.33         test_P_all
.4900E+00    10.000  0.113E+02   0.14222E+00   0.00000E+00   0.10000E+00    0.50249E-02   70.59         test_P_all
.5000E+00    10.000  0.109E+02   0.13548E+00   0.00000E+00   0.10000E+00    0.17692E-02  402.12         test_P_all
.5100E+00    10.000  0.105E+02   0.12885E+00   0.00000E+00   0.10000E+00    0.50249E-02   32.97         test_P_all
.5200E+00    10.000  0.101E+02   0.12235E+00   0.00000E+00   0.10000E+00    0.50249E-02   19.77         test_P_all
.5300E+00    10.000  0.975E+01   0.11597E+00   0.00000E+00   0.10000E+00    0.50249E-02   10.10         test_P_all
.5400E+00    10.000  0.940E+01   0.10973E+00   0.00000E+00   0.10000E+00    0.50249E-02    3.75         test_P_all
.5500E+00    10.000  0.906E+01   0.10364E+00   0.00000E+00   0.10000E+00    0.50249E-02    0.53         test_P_all
.5600E+00    10.000  0.874E+01   0.97705E-01   0.00000E+00   0.10000E+00    0.50249E-02   -0.21         test_P_all
.5700E+00    10.000  0.843E+01   0.91927E-01   0.00000E+00   0.10000E+00    0.50249E-02   -2.58         test_P_all
.5800E+00    10.000  0.812E+01   0.86313E-01   0.00000E+00   0.10000E+00    0.50249E-02   -7.42         test_P_all
.5900E+00    10.000  0.783E+01   0.80872E-01   0.00000E+00   0.10000E+00    0.50249E-02  -14.49         test_P_all
.6000E+00    10.000  0.755E+01   0.75603E-01   0.00000E+00   0.10000E+00    0.17692E-02 -190.16         test_P_all
.6100E+00    10.000  0.728E+01   0.70517E-01   0.00000E+00   0.10000E+00    0.50249E-02  -34.42         test_P_all
.6200E+00    10.000  0.701E+01   0.65613E-01   0.00000E+00   0.10000E+00    0.50249E-02  -46.83         test_P_all
.6300E+00    10.000  0.675E+01   0.60895E-01   0.00000E+00   0.10000E+00    0.50249E-02  -60.56         test_P_all
.6400E+00    10.000  0.651E+01   0.56367E-01   0.00000E+00   0.10000E+00    0.50249E-02  -75.40         test_P_all
.6500E+00    10.000  0.627E+01   0.52028E-01   0.00000E+00   0.10000E+00    0.50249E-02  -91.14         test_P_all
.6600E+00    10.000  0.603E+01   0.47884E-01   0.00000E+00   0.10000E+00    0.50249E-02 -107.57         test_P_all
.6700E+00    10.000  0.581E+01   0.43931E-01   0.00000E+00   0.10000E+00    0.50249E-02 -124.50         test_P_all
.6800E+00    10.000  0.559E+01   0.40172E-01   0.00000E+00   0.10000E+00    0.50249E-02 -141.76         test_P_all
.6900E+00    10.000  0.537E+01   0.36607E-01   0.00000E+00   0.10000E+00    0.50249E-02 -159.15         test_P_all
.7000E+00    10.000  0.517E+01   0.33234E-01   0.00000E+00   0.10000E+00    0.17692E-02 *******         test_P_all
.7100E+00    10.000  0.497E+01   0.30054E-01   0.00000E+00   0.10000E+00    0.50249E-02 -193.76         test_P_all
.7200E+00    10.000  0.477E+01   0.27063E-01   0.00000E+00   0.10000E+00    0.50249E-02 -210.69         test_P_all
.7300E+00    10.000  0.458E+01   0.24259E-01   0.00000E+00   0.10000E+00    0.50249E-02 -227.20         test_P_all
.7400E+00    10.000  0.440E+01   0.21641E-01   0.00000E+00   0.10000E+00    0.50249E-02 -243.17         test_P_all
.7500E+00    10.000  0.422E+01   0.19204E-01   0.00000E+00   0.10000E+00    0.50249E-02 -258.54         test_P_all
.7600E+00    10.000  0.404E+01   0.16946E-01   0.00000E+00   0.10000E+00    0.50249E-02 -273.19         test_P_all
.7700E+00    10.000  0.387E+01   0.14862E-01   0.00000E+00   0.10000E+00    0.50249E-02 -287.07         test_P_all
.7800E+00    10.000  0.370E+01   0.12948E-01   0.00000E+00   0.10000E+00    0.50249E-02 -300.12         test_P_all
.7900E+00    10.000  0.354E+01   0.11199E-01   0.00000E+00   0.10000E+00    0.50249E-02 -312.30         test_P_all
.8000E+00    10.000  0.338E+01   0.96074E-02   0.00000E+00   0.10000E+00    0.17692E-02 *******         test_P_all
.8100E+00    10.000  0.323E+01   0.81714E-02   0.00000E+00   0.10000E+00    0.50249E-02 -333.96         test_P_all
.8200E+00    10.000  0.308E+01   0.68824E-02   0.00000E+00   0.10000E+00    0.50249E-02 -343.40         test_P_all
.8300E+00    10.000  0.293E+01   0.57340E-02   0.00000E+00   0.10000E+00    0.50249E-02 -351.92         test_P_all
.8400E+00    10.000  0.279E+01   0.47195E-02   0.00000E+00   0.10000E+00    0.50249E-02 -359.54         test_P_all
.8500E+00    10.000  0.265E+01   0.38315E-02   0.00000E+00   0.10000E+00    0.50249E-02 -366.27         test_P_all
.8600E+00    10.000  0.251E+01   0.30622E-02   0.00000E+00   0.10000E+00    0.50249E-02 -372.16         test_P_all
.8700E+00    10.000  0.238E+01   0.24039E-02   0.00000E+00   0.10000E+00    0.50249E-02 -377.23         test_P_all
.8800E+00    10.000  0.225E+01   0.18482E-02   0.00000E+00   0.10000E+00    0.50249E-02 -381.54         test_P_all
.8900E+00    10.000  0.212E+01   0.13863E-02   0.00000E+00   0.10000E+00    0.50249E-02 -385.14         test_P_all
.9000E+00    10.000  0.199E+01   0.10107E-02   0.00000E+00   0.10000E+00    0.17692E-02 *******         test_P_all
.9100E+00    10.000  0.187E+01   0.71021E-03   0.00000E+00   0.10000E+00    0.50249E-02 -390.43         test_P_all
.9200E+00    10.000  0.175E+01   0.47809E-03   0.00000E+00   0.10000E+00    0.50249E-02 -392.26         test_P_all
.9300E+00    10.000  0.163E+01   0.30446E-03   0.00000E+00   0.10000E+00    0.50249E-02 -393.63         test_P_all
.9400E+00    10.000  0.152E+01   0.17933E-03   0.00000E+00   0.10000E+00    0.50249E-02 -394.62         test_P_all
.9500E+00    10.000  0.141E+01   0.97085E-04   0.00000E+00   0.10000E+00    0.50249E-02 -395.27         test_P_all
.9600E+00    10.000  0.130E+01   0.43451E-04   0.00000E+00   0.10000E+00    0.50249E-02 -395.70         test_P_all
.9700E+00    10.000  0.119E+01   0.15212E-04   0.00000E+00   0.10000E+00    0.50249E-02 -395.92         test_P_all
.9800E+00    10.000  0.109E+01   0.51043E-05   0.00000E+00   0.10000E+00    0.50249E-02 -396.00         test_P_all
.9900E+00    10.000  0.983E+00   0.44763E-05   0.00000E+00   0.10000E+00    0.50249E-02 -396.00         test_P_all
.1000E+01    10.000  0.882E+00   0.00000E+00   0.00000E+00   0.10000E+00    0.50249E-02 -396.04         test_P_all
.1000E-01    20.000  0.198E+04   0.61451E+00   0.00000E+00   0.10000E+00    0.50249E-02 *******         test_P_all
.2000E-01    20.000  0.981E+03   0.51983E+00   0.00000E+00   0.10000E+00    0.50249E-02 6980.62         test_P_all
.3000E-01    20.000  0.648E+03   0.47331E+00   0.00000E+00   0.10000E+00    0.50249E-02 5519.10         test_P_all
.4000E-01    20.000  0.481E+03   0.45067E+00   0.00000E+00   0.10000E+00    0.50249E-02 4870.11         test_P_all
.5000E-01    20.000  0.381E+03   0.43189E+00   0.00000E+00   0.10000E+00    0.50249E-02 4362.37         test_P_all
.6000E-01    20.000  0.314E+03   0.41957E+00   0.00000E+00   0.10000E+00    0.50249E-02 4044.59         test_P_all
.7000E-01    20.000  0.267E+03   0.40835E+00   0.00000E+00   0.10000E+00    0.50249E-02 3765.41         test_P_all
.8000E-01    20.000  0.231E+03   0.39925E+00   0.00000E+00   0.10000E+00    0.50249E-02 3546.57         test_P_all
.9000E-01    20.000  0.203E+03   0.39092E+00   0.00000E+00   0.10000E+00    0.50249E-02 3351.96         test_P_all
.1000E+00    20.000  0.181E+03   0.38348E+00   0.00000E+00   0.10000E+00    0.50249E-02 3182.65         test_P_all
.1100E+00    20.000  0.163E+03   0.37652E+00   0.00000E+00   0.10000E+00    0.50249E-02 3028.15         test_P_all
.1200E+00    20.000  0.148E+03   0.37004E+00   0.00000E+00   0.10000E+00    0.50249E-02 2887.89         test_P_all
.1300E+00    20.000  0.135E+03   0.36391E+00   0.00000E+00   0.10000E+00    0.50249E-02 2758.44         test_P_all
.1400E+00    20.000  0.124E+03   0.35801E+00   0.00000E+00   0.10000E+00    0.50249E-02 2636.31         test_P_all
.1500E+00    20.000  0.114E+03   0.35232E+00   0.00000E+00   0.10000E+00    0.50249E-02 2521.45         test_P_all
.1600E+00    20.000  0.106E+03   0.34669E+00   0.00000E+00   0.10000E+00    0.50249E-02 2410.05         test_P_all
.1700E+00    20.000  0.985E+02   0.34112E+00   0.00000E+00   0.10000E+00    0.50249E-02 2302.51         test_P_all
.1800E+00    20.000  0.920E+02   0.33556E+00   0.00000E+00   0.10000E+00    0.50249E-02 2197.60         test_P_all
.1900E+00    20.000  0.861E+02   0.32994E+00   0.00000E+00   0.10000E+00    0.50249E-02 2094.02         test_P_all
.2000E+00    20.000  0.809E+02   0.32428E+00   0.00000E+00   0.10000E+00    0.50249E-02 1992.15         test_P_all
.2100E+00    20.000  0.761E+02   0.31849E+00   0.00000E+00   0.10000E+00    0.50249E-02 1890.66         test_P_all
.2200E+00    20.000  0.718E+02   0.31260E+00   0.00000E+00   0.10000E+00    0.50249E-02 1790.07         test_P_all
.2300E+00    20.000  0.678E+02   0.30659E+00   0.00000E+00   0.10000E+00    0.50249E-02 1690.23         test_P_all
.2400E+00    20.000  0.642E+02   0.30043E+00   0.00000E+00   0.10000E+00    0.50249E-02 1590.95         test_P_all
.2500E+00    20.000  0.609E+02   0.29414E+00   0.00000E+00   0.10000E+00    0.50249E-02 1492.70         test_P_all
.2600E+00    20.000  0.578E+02   0.28770E+00   0.00000E+00   0.10000E+00    0.50249E-02 1395.35         test_P_all
.2700E+00    20.000  0.550E+02   0.28113E+00   0.00000E+00   0.10000E+00    0.50249E-02 1299.38         test_P_all
.2800E+00    20.000  0.523E+02   0.27444E+00   0.00000E+00   0.10000E+00    0.50249E-02 1205.06         test_P_all
.2900E+00    20.000  0.498E+02   0.26761E+00   0.00000E+00   0.10000E+00    0.50249E-02 1112.62         test_P_all
.3000E+00    20.000  0.475E+02   0.26068E+00   0.00000E+00   0.10000E+00    0.18868E-02 7251.84         test_P_all
.3100E+00    20.000  0.454E+02   0.25365E+00   0.00000E+00   0.10000E+00    0.50249E-02  934.99         test_P_all
.3200E+00    20.000  0.434E+02   0.24654E+00   0.00000E+00   0.10000E+00    0.50249E-02  850.44         test_P_all
.3300E+00    20.000  0.415E+02   0.23936E+00   0.00000E+00   0.10000E+00    0.50249E-02  769.10         test_P_all
.3400E+00    20.000  0.397E+02   0.23211E+00   0.00000E+00   0.10000E+00    0.50249E-02  691.25         test_P_all
.3500E+00    20.000  0.380E+02   0.22483E+00   0.00000E+00   0.10000E+00    0.50249E-02  617.10         test_P_all
.3600E+00    20.000  0.364E+02   0.21752E+00   0.00000E+00   0.10000E+00    0.50249E-02  546.93         test_P_all
.3700E+00    20.000  0.349E+02   0.21019E+00   0.00000E+00   0.10000E+00    0.50249E-02  480.86         test_P_all
.3800E+00    20.000  0.335E+02   0.20286E+00   0.00000E+00   0.10000E+00    0.50249E-02  419.05         test_P_all
.3900E+00    20.000  0.322E+02   0.19556E+00   0.00000E+00   0.10000E+00    0.50249E-02  361.61         test_P_all
.4000E+00    20.000  0.309E+02   0.18827E+00   0.00000E+00   0.10000E+00    0.17692E-02 2489.40         test_P_all
.4100E+00    20.000  0.297E+02   0.18103E+00   0.00000E+00   0.10000E+00    0.50249E-02  260.05         test_P_all
.4200E+00    20.000  0.285E+02   0.17385E+00   0.00000E+00   0.10000E+00    0.50249E-02  215.97         test_P_all
.4300E+00    20.000  0.274E+02   0.16672E+00   0.00000E+00   0.10000E+00    0.50249E-02  176.32         test_P_all
.4400E+00    20.000  0.263E+02   0.15968E+00   0.00000E+00   0.10000E+00    0.50249E-02  141.06         test_P_all
.4500E+00    20.000  0.253E+02   0.15272E+00   0.00000E+00   0.10000E+00    0.50249E-02  110.08         test_P_all
.4600E+00    20.000  0.244E+02   0.14586E+00   0.00000E+00   0.10000E+00    0.50249E-02   83.30         test_P_all
.4700E+00    20.000  0.234E+02   0.13911E+00   0.00000E+00   0.10000E+00    0.50249E-02   60.57         test_P_all
.4800E+00    20.000  0.225E+02   0.13247E+00   0.00000E+00   0.10000E+00    0.50249E-02   41.75         test_P_all
.4900E+00    20.000  0.217E+02   0.12596E+00   0.00000E+00   0.10000E+00    0.50249E-02   26.68         test_P_all
.5000E+00    20.000  0.209E+02   0.11957E+00   0.00000E+00   0.10000E+00    0.17692E-02  122.41         test_P_all
.5100E+00    20.000  0.201E+02   0.11333E+00   0.00000E+00   0.10000E+00    0.50249E-02    7.04         test_P_all
.5200E+00    20.000  0.193E+02   0.10724E+00   0.00000E+00   0.10000E+00    0.50249E-02    2.07         test_P_all
.5300E+00    20.000  0.186E+02   0.10129E+00   0.00000E+00   0.10000E+00    0.50249E-02    0.07         test_P_all
.5400E+00    20.000  0.179E+02   0.95508E-01   0.00000E+00   0.10000E+00    0.50249E-02   -0.80         test_P_all
.5500E+00    20.000  0.172E+02   0.89886E-01   0.00000E+00   0.10000E+00    0.50249E-02   -4.05         test_P_all
.5600E+00    20.000  0.166E+02   0.84434E-01   0.00000E+00   0.10000E+00    0.50249E-02   -9.60         test_P_all
.5700E+00    20.000  0.160E+02   0.79153E-01   0.00000E+00   0.10000E+00    0.50249E-02  -17.21         test_P_all
.5800E+00    20.000  0.154E+02   0.74048E-01   0.00000E+00   0.10000E+00    0.50249E-02  -26.67         test_P_all
.5900E+00    20.000  0.148E+02   0.69124E-01   0.00000E+00   0.10000E+00    0.50249E-02  -37.76         test_P_all
.6000E+00    20.000  0.142E+02   0.64379E-01   0.00000E+00   0.10000E+00    0.17692E-02 -405.37         test_P_all
.6100E+00    20.000  0.137E+02   0.59822E-01   0.00000E+00   0.10000E+00    0.50249E-02  -63.93         test_P_all
.6200E+00    20.000  0.131E+02   0.55448E-01   0.00000E+00   0.10000E+00    0.50249E-02  -78.61         test_P_all
.6300E+00    20.000  0.126E+02   0.51261E-01   0.00000E+00   0.10000E+00    0.50249E-02  -94.08         test_P_all
.6400E+00    20.000  0.121E+02   0.47262E-01   0.00000E+00   0.10000E+00    0.50249E-02 -110.15         test_P_all
.6500E+00    20.000  0.117E+02   0.43450E-01   0.00000E+00   0.10000E+00    0.50249E-02 -126.65         test_P_all
.6600E+00    20.000  0.112E+02   0.39826E-01   0.00000E+00   0.10000E+00    0.50249E-02 -143.40         test_P_all
.6700E+00    20.000  0.107E+02   0.36387E-01   0.00000E+00   0.10000E+00    0.50249E-02 -160.26         test_P_all
.6800E+00    20.000  0.103E+02   0.33133E-01   0.00000E+00   0.10000E+00    0.50249E-02 -177.08         test_P_all
.6900E+00    20.000  0.987E+01   0.30063E-01   0.00000E+00   0.10000E+00    0.50249E-02 -193.71         test_P_all
.7000E+00    20.000  0.945E+01   0.27173E-01   0.00000E+00   0.10000E+00    0.17692E-02 *******         test_P_all
.7100E+00    20.000  0.905E+01   0.24462E-01   0.00000E+00   0.10000E+00    0.50249E-02 -225.98         test_P_all
.7200E+00    20.000  0.866E+01   0.21927E-01   0.00000E+00   0.10000E+00    0.50249E-02 -241.40         test_P_all
.7300E+00    20.000  0.828E+01   0.19563E-01   0.00000E+00   0.10000E+00    0.50249E-02 -256.25         test_P_all
.7400E+00    20.000  0.791E+01   0.17367E-01   0.00000E+00   0.10000E+00    0.50249E-02 -270.42         test_P_all
.7500E+00    20.000  0.755E+01   0.15335E-01   0.00000E+00   0.10000E+00    0.50249E-02 -283.89         test_P_all
.7600E+00    20.000  0.720E+01   0.13463E-01   0.00000E+00   0.10000E+00    0.50249E-02 -296.58         test_P_all
.7700E+00    20.000  0.686E+01   0.11745E-01   0.00000E+00   0.10000E+00    0.50249E-02 -308.47         test_P_all
.7800E+00    20.000  0.652E+01   0.10177E-01   0.00000E+00   0.10000E+00    0.50249E-02 -319.53         test_P_all
.7900E+00    20.000  0.620E+01   0.87526E-02   0.00000E+00   0.10000E+00    0.50249E-02 -329.75         test_P_all
.8000E+00    20.000  0.588E+01   0.74654E-02   0.00000E+00   0.10000E+00    0.17692E-02 *******         test_P_all
.8100E+00    20.000  0.557E+01   0.63110E-02   0.00000E+00   0.10000E+00    0.50249E-02 -347.63         test_P_all
.8200E+00    20.000  0.527E+01   0.52820E-02   0.00000E+00   0.10000E+00    0.50249E-02 -355.31         test_P_all
.8300E+00    20.000  0.498E+01   0.43717E-02   0.00000E+00   0.10000E+00    0.50249E-02 -362.17         test_P_all
.8400E+00    20.000  0.469E+01   0.35734E-02   0.00000E+00   0.10000E+00    0.50249E-02 -368.24         test_P_all
.8500E+00    20.000  0.441E+01   0.28802E-02   0.00000E+00   0.10000E+00    0.50249E-02 -373.55         test_P_all
.8600E+00    20.000  0.414E+01   0.22841E-02   0.00000E+00   0.10000E+00    0.50249E-02 -378.15         test_P_all
.8700E+00    20.000  0.387E+01   0.17785E-02   0.00000E+00   0.10000E+00    0.50249E-02 -382.08         test_P_all
.8800E+00    20.000  0.361E+01   0.13556E-02   0.00000E+00   0.10000E+00    0.50249E-02 -385.38         test_P_all
.8900E+00    20.000  0.335E+01   0.10073E-02   0.00000E+00   0.10000E+00    0.50249E-02 -388.10         test_P_all
.9000E+00    20.000  0.310E+01   0.72720E-03   0.00000E+00   0.10000E+00    0.17692E-02 *******         test_P_all
.9100E+00    20.000  0.286E+01   0.50517E-03   0.00000E+00   0.10000E+00    0.50249E-02 -392.05         test_P_all
.9200E+00    20.000  0.262E+01   0.33591E-03   0.00000E+00   0.10000E+00    0.50249E-02 -393.38         test_P_all
.9300E+00    20.000  0.239E+01   0.21101E-03   0.00000E+00   0.10000E+00    0.50249E-02 -394.37         test_P_all
.9400E+00    20.000  0.216E+01   0.12217E-03   0.00000E+00   0.10000E+00    0.50249E-02 -395.07         test_P_all
.9500E+00    20.000  0.193E+01   0.65110E-04   0.00000E+00   0.10000E+00    0.50249E-02 -395.52         test_P_all
.9600E+00    20.000  0.172E+01   0.28323E-04   0.00000E+00   0.10000E+00    0.50249E-02 -395.82         test_P_all
.9700E+00    20.000  0.150E+01   0.96441E-05   0.00000E+00   0.10000E+00    0.50249E-02 -395.96         test_P_all
.9800E+00    20.000  0.129E+01   0.35964E-05   0.00000E+00   0.10000E+00    0.50249E-02 -396.01         test_P_all
.9900E+00    20.000  0.108E+01   0.37013E-05   0.00000E+00   0.10000E+00    0.50249E-02 -396.01         test_P_all
.1000E+01    20.000  0.882E+00   0.00000E+00   0.00000E+00   0.10000E+00    0.50249E-02 -396.04         test_P_all
.1000E+00    50.000  0.451E+03   0.38901E+00   0.00000E+00   0.10000E+00    0.50249E-02 3308.00         test_P_all
.1100E+00    50.000  0.405E+03   0.37969E+00   0.00000E+00   0.10000E+00    0.50249E-02 3098.10         test_P_all
.1200E+00    50.000  0.368E+03   0.37118E+00   0.00000E+00   0.10000E+00    0.50249E-02 2912.47         test_P_all
.1300E+00    50.000  0.335E+03   0.36326E+00   0.00000E+00   0.10000E+00    0.50249E-02 2744.87         test_P_all
.1400E+00    50.000  0.308E+03   0.35571E+00   0.00000E+00   0.10000E+00    0.50249E-02 2589.55         test_P_all
.1500E+00    50.000  0.284E+03   0.34853E+00   0.00000E+00   0.10000E+00    0.50249E-02 2446.22         test_P_all
.1600E+00    50.000  0.263E+03   0.34149E+00   0.00000E+00   0.10000E+00    0.50249E-02 2309.58         test_P_all
.1700E+00    50.000  0.245E+03   0.33462E+00   0.00000E+00   0.10000E+00    0.50249E-02 2180.01         test_P_all
.1800E+00    50.000  0.229E+03   0.32783E+00   0.00000E+00   0.10000E+00    0.50249E-02 2055.77         test_P_all
.1900E+00    50.000  0.214E+03   0.32106E+00   0.00000E+00   0.10000E+00    0.50249E-02 1935.30         test_P_all
.2000E+00    50.000  0.201E+03   0.31430E+00   0.00000E+00   0.10000E+00    0.50249E-02 1818.84         test_P_all
.2100E+00    50.000  0.189E+03   0.30749E+00   0.00000E+00   0.10000E+00    0.50249E-02 1704.96         test_P_all
.2200E+00    50.000  0.178E+03   0.30063E+00   0.00000E+00   0.10000E+00    0.50249E-02 1594.09         test_P_all
.2300E+00    50.000  0.168E+03   0.29370E+00   0.00000E+00   0.10000E+00    0.50249E-02 1486.00         test_P_all
.2400E+00    50.000  0.159E+03   0.28670E+00   0.00000E+00   0.10000E+00    0.50249E-02 1380.47         test_P_all
.2500E+00    50.000  0.151E+03   0.27963E+00   0.00000E+00   0.10000E+00    0.50249E-02 1277.86         test_P_all
.2600E+00    50.000  0.143E+03   0.27247E+00   0.00000E+00   0.10000E+00    0.50249E-02 1178.04         test_P_all
.2700E+00    50.000  0.136E+03   0.26524E+00   0.00000E+00   0.10000E+00    0.50249E-02 1081.37         test_P_all
.2800E+00    50.000  0.129E+03   0.25795E+00   0.00000E+00   0.10000E+00    0.50249E-02  988.02         test_P_all
.2900E+00    50.000  0.123E+03   0.25059E+00   0.00000E+00   0.10000E+00    0.50249E-02  898.16         test_P_all
.3000E+00    50.000  0.118E+03   0.24319E+00   0.00000E+00   0.10000E+00    0.18868E-02 5759.74         test_P_all
.3100E+00    50.000  0.112E+03   0.23576E+00   0.00000E+00   0.10000E+00    0.50249E-02  729.91         test_P_all
.3200E+00    50.000  0.107E+03   0.22830E+00   0.00000E+00   0.10000E+00    0.50249E-02  651.89         test_P_all
.3300E+00    50.000  0.102E+03   0.22083E+00   0.00000E+00   0.10000E+00    0.50249E-02  578.18         test_P_all
.3400E+00    50.000  0.979E+02   0.21336E+00   0.00000E+00   0.10000E+00    0.50249E-02  508.92         test_P_all
.3500E+00    50.000  0.937E+02   0.20590E+00   0.00000E+00   0.10000E+00    0.50249E-02  444.18         test_P_all
.3600E+00    50.000  0.898E+02   0.19848E+00   0.00000E+00   0.10000E+00    0.50249E-02  384.09         test_P_all
.3700E+00    50.000  0.860E+02   0.19110E+00   0.00000E+00   0.10000E+00    0.50249E-02  328.66         test_P_all
.3800E+00    50.000  0.825E+02   0.18376E+00   0.00000E+00   0.10000E+00    0.50249E-02  277.88         test_P_all
.3900E+00    50.000  0.791E+02   0.17650E+00   0.00000E+00   0.10000E+00    0.50249E-02  231.79         test_P_all
.4000E+00    50.000  0.759E+02   0.16932E+00   0.00000E+00   0.10000E+00    0.17692E-02 1535.04         test_P_all
.4100E+00    50.000  0.728E+02   0.16222E+00   0.00000E+00   0.10000E+00    0.50249E-02  153.31         test_P_all
.4200E+00    50.000  0.699E+02   0.15522E+00   0.00000E+00   0.10000E+00    0.50249E-02  120.74         test_P_all
.4300E+00    50.000  0.672E+02   0.14832E+00   0.00000E+00   0.10000E+00    0.50249E-02   92.46         test_P_all
.4400E+00    50.000  0.645E+02   0.14154E+00   0.00000E+00   0.10000E+00    0.50249E-02   68.33         test_P_all
.4500E+00    50.000  0.620E+02   0.13488E+00   0.00000E+00   0.10000E+00    0.50249E-02   48.18         test_P_all
.4600E+00    50.000  0.596E+02   0.12835E+00   0.00000E+00   0.10000E+00    0.50249E-02   31.83         test_P_all
.4700E+00    50.000  0.573E+02   0.12196E+00   0.00000E+00   0.10000E+00    0.50249E-02   19.10         test_P_all
.4800E+00    50.000  0.550E+02   0.11572E+00   0.00000E+00   0.10000E+00    0.50249E-02    9.78         test_P_all
.4900E+00    50.000  0.529E+02   0.10962E+00   0.00000E+00   0.10000E+00    0.50249E-02    3.67         test_P_all
.5000E+00    50.000  0.509E+02   0.10368E+00   0.00000E+00   0.10000E+00    0.17692E-02    4.33         test_P_all
.5100E+00    50.000  0.489E+02   0.97903E-01   0.00000E+00   0.10000E+00    0.50249E-02   -0.17         test_P_all
.5200E+00    50.000  0.470E+02   0.92289E-01   0.00000E+00   0.10000E+00    0.50249E-02   -2.35         test_P_all
.5300E+00    50.000  0.452E+02   0.86845E-01   0.00000E+00   0.10000E+00    0.50249E-02   -6.85         test_P_all
.5400E+00    50.000  0.435E+02   0.81574E-01   0.00000E+00   0.10000E+00    0.50249E-02  -13.45         test_P_all
.5500E+00    50.000  0.418E+02   0.76477E-01   0.00000E+00   0.10000E+00    0.50249E-02  -21.91         test_P_all
.5600E+00    50.000  0.402E+02   0.71560E-01   0.00000E+00   0.10000E+00    0.50249E-02  -32.03         test_P_all
.5700E+00    50.000  0.386E+02   0.66822E-01   0.00000E+00   0.10000E+00    0.50249E-02  -43.60         test_P_all
.5800E+00    50.000  0.371E+02   0.62265E-01   0.00000E+00   0.10000E+00    0.50249E-02  -56.39         test_P_all
.5900E+00    50.000  0.356E+02   0.57892E-01   0.00000E+00   0.10000E+00    0.50249E-02  -70.22         test_P_all
.6000E+00    50.000  0.342E+02   0.53701E-01   0.00000E+00   0.10000E+00    0.17692E-02 -684.86         test_P_all
.6100E+00    50.000  0.328E+02   0.49694E-01   0.00000E+00   0.10000E+00    0.50249E-02 -100.22         test_P_all
.6200E+00    50.000  0.315E+02   0.45870E-01   0.00000E+00   0.10000E+00    0.50249E-02 -116.04         test_P_all
.6300E+00    50.000  0.302E+02   0.42228E-01   0.00000E+00   0.10000E+00    0.50249E-02 -132.18         test_P_all
.6400E+00    50.000  0.290E+02   0.38767E-01   0.00000E+00   0.10000E+00    0.50249E-02 -148.49         test_P_all
.6500E+00    50.000  0.278E+02   0.35485E-01   0.00000E+00   0.10000E+00    0.50249E-02 -164.84         test_P_all
.6600E+00    50.000  0.266E+02   0.32381E-01   0.00000E+00   0.10000E+00    0.50249E-02 -181.08         test_P_all
.6700E+00    50.000  0.255E+02   0.29452E-01   0.00000E+00   0.10000E+00    0.50249E-02 -197.11         test_P_all
.6800E+00    50.000  0.244E+02   0.26695E-01   0.00000E+00   0.10000E+00    0.50249E-02 -212.82         test_P_all
.6900E+00    50.000  0.233E+02   0.24108E-01   0.00000E+00   0.10000E+00    0.50249E-02 -228.10         test_P_all
.7000E+00    50.000  0.223E+02   0.21686E-01   0.00000E+00   0.10000E+00    0.17692E-02 *******         test_P_all
.7100E+00    50.000  0.213E+02   0.19427E-01   0.00000E+00   0.10000E+00    0.50249E-02 -257.11         test_P_all
.7200E+00    50.000  0.203E+02   0.17326E-01   0.00000E+00   0.10000E+00    0.50249E-02 -270.69         test_P_all
.7300E+00    50.000  0.194E+02   0.15379E-01   0.00000E+00   0.10000E+00    0.50249E-02 -283.60         test_P_all
.7400E+00    50.000  0.184E+02   0.13581E-01   0.00000E+00   0.10000E+00    0.50249E-02 -295.77         test_P_all
.7500E+00    50.000  0.175E+02   0.11927E-01   0.00000E+00   0.10000E+00    0.50249E-02 -307.20         test_P_all
.7600E+00    50.000  0.167E+02   0.10412E-01   0.00000E+00   0.10000E+00    0.50249E-02 -317.86         test_P_all
.7700E+00    50.000  0.158E+02   0.90314E-02   0.00000E+00   0.10000E+00    0.50249E-02 -327.73         test_P_all
.7800E+00    50.000  0.150E+02   0.77789E-02   0.00000E+00   0.10000E+00    0.50249E-02 -336.82         test_P_all
.7900E+00    50.000  0.142E+02   0.66489E-02   0.00000E+00   0.10000E+00    0.50249E-02 -345.13         test_P_all
.8000E+00    50.000  0.134E+02   0.56351E-02   0.00000E+00   0.10000E+00    0.17692E-02 *******         test_P_all
.8100E+00    50.000  0.126E+02   0.47319E-02   0.00000E+00   0.10000E+00    0.50249E-02 -359.45         test_P_all
.8200E+00    50.000  0.119E+02   0.39330E-02   0.00000E+00   0.10000E+00    0.50249E-02 -365.50         test_P_all
.8300E+00    50.000  0.111E+02   0.32317E-02   0.00000E+00   0.10000E+00    0.50249E-02 -370.86         test_P_all
.8400E+00    50.000  0.104E+02   0.26214E-02   0.00000E+00   0.10000E+00    0.50249E-02 -375.55         test_P_all
.8500E+00    50.000  0.971E+01   0.20962E-02   0.00000E+00   0.10000E+00    0.50249E-02 -379.61         test_P_all
.8600E+00    50.000  0.902E+01   0.16482E-02   0.00000E+00   0.10000E+00    0.50249E-02 -383.09         test_P_all
.8700E+00    50.000  0.835E+01   0.12719E-02   0.00000E+00   0.10000E+00    0.50249E-02 -386.03         test_P_all
.8800E+00    50.000  0.770E+01   0.96015E-03   0.00000E+00   0.10000E+00    0.50249E-02 -388.47         test_P_all
.8900E+00    50.000  0.706E+01   0.70600E-03   0.00000E+00   0.10000E+00    0.50249E-02 -390.47         test_P_all
.9000E+00    50.000  0.644E+01   0.50419E-03   0.00000E+00   0.10000E+00    0.17692E-02 *******         test_P_all
.9100E+00    50.000  0.583E+01   0.34581E-03   0.00000E+00   0.10000E+00    0.50249E-02 -393.31         test_P_all
.9200E+00    50.000  0.523E+01   0.22682E-03   0.00000E+00   0.10000E+00    0.50249E-02 -394.25         test_P_all
.9300E+00    50.000  0.465E+01   0.14034E-03   0.00000E+00   0.10000E+00    0.50249E-02 -394.93         test_P_all
.9400E+00    50.000  0.407E+01   0.79690E-04   0.00000E+00   0.10000E+00    0.50249E-02 -395.41         test_P_all
.9500E+00    50.000  0.351E+01   0.41763E-04   0.00000E+00   0.10000E+00    0.50249E-02 -395.71         test_P_all
.9600E+00    50.000  0.297E+01   0.17603E-04   0.00000E+00   0.10000E+00    0.50249E-02 -395.90         test_P_all
.9700E+00    50.000  0.243E+01   0.58492E-05   0.00000E+00   0.10000E+00    0.50249E-02 -395.99         test_P_all
.9800E+00    50.000  0.190E+01   0.25246E-05   0.00000E+00   0.10000E+00    0.50249E-02 -396.02         test_P_all
.9900E+00    50.000  0.139E+01   0.29583E-05   0.00000E+00   0.10000E+00    0.50249E-02 -396.02         test_P_all
.1000E+01    50.000  0.882E+00   0.00000E+00   0.00000E+00   0.10000E+00    0.50249E-02 -396.04         test_P_all
.1000E+00   100.000  0.901E+03   0.39161E+00   0.00000E+00   0.10000E+00    0.50249E-02 3367.82         test_P_all
.1100E+00   100.000  0.810E+03   0.38075E+00   0.00000E+00   0.10000E+00    0.50249E-02 3121.55         test_P_all
.1200E+00   100.000  0.734E+03   0.37091E+00   0.00000E+00   0.10000E+00    0.50249E-02 2906.63         test_P_all
.1300E+00   100.000  0.670E+03   0.36182E+00   0.00000E+00   0.10000E+00    0.50249E-02 2714.80         test_P_all
.1400E+00   100.000  0.615E+03   0.35319E+00   0.00000E+00   0.10000E+00    0.50249E-02 2538.83         test_P_all
.1500E+00   100.000  0.568E+03   0.34505E+00   0.00000E+00   0.10000E+00    0.50249E-02 2378.18         test_P_all
.1600E+00   100.000  0.526E+03   0.33711E+00   0.00000E+00   0.10000E+00    0.50249E-02 2226.53         test_P_all
.1700E+00   100.000  0.489E+03   0.32940E+00   0.00000E+00   0.10000E+00    0.50249E-02 2084.19         test_P_all
.1800E+00   100.000  0.456E+03   0.32184E+00   0.00000E+00   0.10000E+00    0.50249E-02 1949.11         test_P_all
.1900E+00   100.000  0.427E+03   0.31435E+00   0.00000E+00   0.10000E+00    0.50249E-02 1819.57         test_P_all
.2000E+00   100.000  0.401E+03   0.30692E+00   0.00000E+00   0.10000E+00    0.50249E-02 1695.71         test_P_all
.2100E+00   100.000  0.377E+03   0.29948E+00   0.00000E+00   0.10000E+00    0.50249E-02 1575.93         test_P_all
.2200E+00   100.000  0.355E+03   0.29204E+00   0.00000E+00   0.10000E+00    0.50249E-02 1460.59         test_P_all
.2300E+00   100.000  0.336E+03   0.28459E+00   0.00000E+00   0.10000E+00    0.50249E-02 1349.38         test_P_all
.2400E+00   100.000  0.318E+03   0.27709E+00   0.00000E+00   0.10000E+00    0.50249E-02 1242.04         test_P_all
.2500E+00   100.000  0.301E+03   0.26957E+00   0.00000E+00   0.10000E+00    0.50249E-02 1138.81         test_P_all
.2600E+00   100.000  0.285E+03   0.26201E+00   0.00000E+00   0.10000E+00    0.50249E-02 1039.52         test_P_all
.2700E+00   100.000  0.271E+03   0.25442E+00   0.00000E+00   0.10000E+00    0.50249E-02  944.43         test_P_all
.2800E+00   100.000  0.258E+03   0.24681E+00   0.00000E+00   0.10000E+00    0.50249E-02  853.64         test_P_all
.2900E+00   100.000  0.246E+03   0.23919E+00   0.00000E+00   0.10000E+00    0.50249E-02  767.25         test_P_all
.3000E+00   100.000  0.234E+03   0.23155E+00   0.00000E+00   0.10000E+00    0.18868E-02 4861.42         test_P_all
.3100E+00   100.000  0.223E+03   0.22393E+00   0.00000E+00   0.10000E+00    0.50249E-02  608.23         test_P_all
.3200E+00   100.000  0.213E+03   0.21632E+00   0.00000E+00   0.10000E+00    0.50249E-02  535.81         test_P_all
.3300E+00   100.000  0.204E+03   0.20873E+00   0.00000E+00   0.10000E+00    0.50249E-02  468.22         test_P_all
.3400E+00   100.000  0.195E+03   0.20119E+00   0.00000E+00   0.10000E+00    0.50249E-02  405.50         test_P_all
.3500E+00   100.000  0.187E+03   0.19369E+00   0.00000E+00   0.10000E+00    0.50249E-02  347.66         test_P_all
.3600E+00   100.000  0.179E+03   0.18627E+00   0.00000E+00   0.10000E+00    0.50249E-02  294.72         test_P_all
.3700E+00   100.000  0.171E+03   0.17891E+00   0.00000E+00   0.10000E+00    0.50249E-02  246.61         test_P_all
.3800E+00   100.000  0.164E+03   0.17164E+00   0.00000E+00   0.10000E+00    0.50249E-02  203.26         test_P_all
.3900E+00   100.000  0.157E+03   0.16447E+00   0.00000E+00   0.10000E+00    0.50249E-02  164.58         test_P_all
.4000E+00   100.000  0.151E+03   0.15739E+00   0.00000E+00   0.10000E+00    0.17692E-02 1052.38         test_P_all
.4100E+00   100.000  0.145E+03   0.15044E+00   0.00000E+00   0.10000E+00    0.50249E-02  100.75         test_P_all
.4200E+00   100.000  0.139E+03   0.14360E+00   0.00000E+00   0.10000E+00    0.50249E-02   75.29         test_P_all
.4300E+00   100.000  0.133E+03   0.13689E+00   0.00000E+00   0.10000E+00    0.50249E-02   53.91         test_P_all
.4400E+00   100.000  0.128E+03   0.13032E+00   0.00000E+00   0.10000E+00    0.50249E-02   36.42         test_P_all
.4500E+00   100.000  0.123E+03   0.12390E+00   0.00000E+00   0.10000E+00    0.50249E-02   22.61         test_P_all
.4600E+00   100.000  0.118E+03   0.11762E+00   0.00000E+00   0.10000E+00    0.50249E-02   12.29         test_P_all
.4700E+00   100.000  0.114E+03   0.11149E+00   0.00000E+00   0.10000E+00    0.50249E-02    5.23         test_P_all
.4800E+00   100.000  0.109E+03   0.10553E+00   0.00000E+00   0.10000E+00    0.50249E-02    1.21         test_P_all
.4900E+00   100.000  0.105E+03   0.99729E-01   0.00000E+00   0.10000E+00    0.50249E-02   -0.00         test_P_all
.5000E+00   100.000  0.101E+03   0.94095E-01   0.00000E+00   0.10000E+00    0.17692E-02  -11.14         test_P_all
.5100E+00   100.000  0.970E+02   0.88634E-01   0.00000E+00   0.10000E+00    0.50249E-02   -5.12         test_P_all
.5200E+00   100.000  0.932E+02   0.83346E-01   0.00000E+00   0.10000E+00    0.50249E-02  -10.98         test_P_all
.5300E+00   100.000  0.896E+02   0.78234E-01   0.00000E+00   0.10000E+00    0.50249E-02  -18.76         test_P_all
.5400E+00   100.000  0.861E+02   0.73302E-01   0.00000E+00   0.10000E+00    0.50249E-02  -28.23         test_P_all
.5500E+00   100.000  0.827E+02   0.68548E-01   0.00000E+00   0.10000E+00    0.50249E-02  -39.18         test_P_all
.5600E+00   100.000  0.795E+02   0.63978E-01   0.00000E+00   0.10000E+00    0.50249E-02  -51.39         test_P_all
.5700E+00   100.000  0.763E+02   0.59588E-01   0.00000E+00   0.10000E+00    0.50249E-02  -64.68         test_P_all
.5800E+00   100.000  0.733E+02   0.55380E-01   0.00000E+00   0.10000E+00    0.50249E-02  -78.85         test_P_all
.5900E+00   100.000  0.704E+02   0.51355E-01   0.00000E+00   0.10000E+00    0.50249E-02  -93.72         test_P_all
.6000E+00   100.000  0.675E+02   0.47510E-01   0.00000E+00   0.10000E+00    0.17692E-02 -880.26         test_P_all
.6100E+00   100.000  0.648E+02   0.43847E-01   0.00000E+00   0.10000E+00    0.50249E-02 -124.88         test_P_all
.6200E+00   100.000  0.622E+02   0.40361E-01   0.00000E+00   0.10000E+00    0.50249E-02 -140.86         test_P_all
.6300E+00   100.000  0.596E+02   0.37053E-01   0.00000E+00   0.10000E+00    0.50249E-02 -156.92         test_P_all
.6400E+00   100.000  0.571E+02   0.33920E-01   0.00000E+00   0.10000E+00    0.50249E-02 -172.93         test_P_all
.6500E+00   100.000  0.547E+02   0.30959E-01   0.00000E+00   0.10000E+00    0.50249E-02 -188.78         test_P_all
.6600E+00   100.000  0.524E+02   0.28169E-01   0.00000E+00   0.10000E+00    0.50249E-02 -204.35         test_P_all
.6700E+00   100.000  0.501E+02   0.25544E-01   0.00000E+00   0.10000E+00    0.50249E-02 -219.55         test_P_all
.6800E+00   100.000  0.479E+02   0.23083E-01   0.00000E+00   0.10000E+00    0.50249E-02 -234.31         test_P_all
.6900E+00   100.000  0.458E+02   0.20781E-01   0.00000E+00   0.10000E+00    0.50249E-02 -248.54         test_P_all
.7000E+00   100.000  0.437E+02   0.18634E-01   0.00000E+00   0.10000E+00    0.17692E-02 *******         test_P_all
.7100E+00   100.000  0.417E+02   0.16639E-01   0.00000E+00   0.10000E+00    0.50249E-02 -275.21         test_P_all
.7200E+00   100.000  0.398E+02   0.14790E-01   0.00000E+00   0.10000E+00    0.50249E-02 -287.55         test_P_all
.7300E+00   100.000  0.379E+02   0.13083E-01   0.00000E+00   0.10000E+00    0.50249E-02 -299.19         test_P_all
.7400E+00   100.000  0.360E+02   0.11513E-01   0.00000E+00   0.10000E+00    0.50249E-02 -310.10         test_P_all
.7500E+00   100.000  0.342E+02   0.10075E-01   0.00000E+00   0.10000E+00    0.50249E-02 -320.26         test_P_all
.7600E+00   100.000  0.325E+02   0.87626E-02   0.00000E+00   0.10000E+00    0.50249E-02 -329.67         test_P_all
.7700E+00   100.000  0.308E+02   0.75715E-02   0.00000E+00   0.10000E+00    0.50249E-02 -338.34         test_P_all
.7800E+00   100.000  0.291E+02   0.64957E-02   0.00000E+00   0.10000E+00    0.50249E-02 -346.26         test_P_all
.7900E+00   100.000  0.275E+02   0.55293E-02   0.00000E+00   0.10000E+00    0.50249E-02 -353.45         test_P_all
.8000E+00   100.000  0.259E+02   0.46664E-02   0.00000E+00   0.10000E+00    0.17692E-02 *******         test_P_all
.8100E+00   100.000  0.243E+02   0.39011E-02   0.00000E+00   0.10000E+00    0.50249E-02 -365.74         test_P_all
.8200E+00   100.000  0.228E+02   0.32275E-02   0.00000E+00   0.10000E+00    0.50249E-02 -370.89         test_P_all
.8300E+00   100.000  0.214E+02   0.26392E-02   0.00000E+00   0.10000E+00    0.50249E-02 -375.41         test_P_all
.8400E+00   100.000  0.199E+02   0.21300E-02   0.00000E+00   0.10000E+00    0.50249E-02 -379.35         test_P_all
.8500E+00   100.000  0.185E+02   0.16942E-02   0.00000E+00   0.10000E+00    0.50249E-02 -382.73         test_P_all
.8600E+00   100.000  0.172E+02   0.13245E-02   0.00000E+00   0.10000E+00    0.50249E-02 -385.62         test_P_all
.8700E+00   100.000  0.158E+02   0.10160E-02   0.00000E+00   0.10000E+00    0.50249E-02 -388.03         test_P_all
.8800E+00   100.000  0.145E+02   0.76210E-03   0.00000E+00   0.10000E+00    0.50249E-02 -390.03         test_P_all
.8900E+00   100.000  0.132E+02   0.55645E-03   0.00000E+00   0.10000E+00    0.50249E-02 -391.64         test_P_all
.9000E+00   100.000  0.120E+02   0.39453E-03   0.00000E+00   0.10000E+00    0.17692E-02 *******         test_P_all
.9100E+00   100.000  0.108E+02   0.26828E-03   0.00000E+00   0.10000E+00    0.50249E-02 -393.92         test_P_all
.9200E+00   100.000  0.958E+01   0.17437E-03   0.00000E+00   0.10000E+00    0.50249E-02 -394.66         test_P_all
.9300E+00   100.000  0.841E+01   0.10679E-03   0.00000E+00   0.10000E+00    0.50249E-02 -395.19         test_P_all
.9400E+00   100.000  0.726E+01   0.59852E-04   0.00000E+00   0.10000E+00    0.50249E-02 -395.57         test_P_all
.9500E+00   100.000  0.614E+01   0.31030E-04   0.00000E+00   0.10000E+00    0.50249E-02 -395.79         test_P_all
.9600E+00   100.000  0.505E+01   0.12811E-04   0.00000E+00   0.10000E+00    0.50249E-02 -395.94         test_P_all
.9700E+00   100.000  0.397E+01   0.42112E-05   0.00000E+00   0.10000E+00    0.50249E-02 -396.01         test_P_all
.9800E+00   100.000  0.292E+01   0.20294E-05   0.00000E+00   0.10000E+00    0.50249E-02 -396.02         test_P_all
.9900E+00   100.000  0.189E+01   0.25255E-05   0.00000E+00   0.10000E+00    0.50249E-02 -396.02         test_P_all
.1000E+01   100.000  0.882E+00   0.00000E+00   0.00000E+00   0.10000E+00    0.50249E-02 -396.04         test_P_all



 CHI SQUARE=******** FOR  582 POINTS   CHISQ/NPTS= 1090.80
 Signed chisquare total =********
 Modified residual =********


Summary normalization chi2 contributions

 data set     normalization        error         chisq


Summary chi2 per data set

 data set      chisq    _w     signd    _w     resid     _w   npts   chisq/pts  _w
test_P_all  634842.7        417529.9        ********           582 1090.80
------------------------------------------------------------------------------------
TOTAL       634842.7634842.7417529.9     0.0****************   582 1090.80 1090.80
TOTAL+norm  634842.7634842.7                                   582 1090.80 1090.80



            Momentum Sum Rule Check


      q2      alphas      xuv       xdv       xub       xdb       xsb       xcb       xbb      xglue     total
      1.69    0.3845    0.3169    0.1347    0.0537    0.0692    0.0246    0.0000    0.0000    0.4011    1.0002
    100.00    0.1784    0.2233    0.0949    0.0640    0.0749    0.0435    0.0262    0.0088    0.4615    0.9973
   1000.00    0.1407    0.0000    0.0000    0.0000    0.0000    0.0000    0.0000    0.0000    0.0000    0.0000
   8315.00    0.1180    0.0000    0.0000    0.0000    0.0000    0.0000    0.0000    0.0000    0.0000    0.0000


 Vector Boson Cross Sections

 sqrt(s)   sigma(W)    error    theory

   1960.     2.865     0.063       0.000     D0

   1960.     2.749     0.054       0.000     CDF

   7000.     9.95      0.29        0.000     CMS

   7000.     9.96      0.55        0.000     ATLAS

 sqrt(s)   sigma(Z)    error    theory

   1960.     .2649     .0094       0.000     D0

   1960.     .2549     .0057       0.000     CDF

   7000.     .931      0.035       0.000     CMS

   7000.     .82       0.08        0.000     ATLAS


