 Correlated errors added in quadrature with statistical errors
 test_N_all           DIS data with   1.69< Q2 < 0.500D+03 and 0.000 < xB < 1.000 and   0.00< W2 < 0.100D+05 and 0.000 < y < 1.000
   GP TMC applied
   no HT corrections

# fitpack15: fit output
# CJ15 AV18 final data choices                                                 

Parametrization   7 used here

 S-ACOT scheme used  for NC DIS

 charm mass =     1.30 GeV     bottom mass =     4.50 GeV



 THIS IS A NEXT TO LEADING ORDER FIT

 Q02=    1.69
         1  LAMBDA      VALUE=   0.22680      WEIGHT=    0.0000    
         2  a0uv        VALUE=    2.0685      WEIGHT=    0.0000    
         3  a1uv        VALUE=   0.58052      WEIGHT=   0.22314E-01
         4  a2uv        VALUE=    3.5574      WEIGHT=   0.11281E-01
         5  a3uv        VALUE=    0.0000      WEIGHT=    0.0000    
         6  a4uv        VALUE=    4.2396      WEIGHT=   0.55893    
         7  a5uv        VALUE=    0.0000      WEIGHT=    0.0000    
         8  a0dv        VALUE=    25.285      WEIGHT=    0.0000    
         9  a1dv        VALUE=    1.1610      WEIGHT=   0.32201E-01
        10  a2dv        VALUE=    6.6125      WEIGHT=   0.15810    
        11  a3dv        VALUE=   -3.5295      WEIGHT=   0.82942E-01
        12  a4dv        VALUE=    4.7056      WEIGHT=   0.13574    
        13  a5dv        VALUE=    0.0000      WEIGHT=    0.0000    
        14  a0ud        VALUE=   0.14315      WEIGHT=   0.49651E-02
        15  a1ud        VALUE=  -0.21001      WEIGHT=   0.37769E-02
        16  a2ud        VALUE=    8.4273      WEIGHT=   0.18804    
        17  a3ud        VALUE=    0.0000      WEIGHT=    0.0000    
        18  a4ud        VALUE=    15.082      WEIGHT=    1.2574    
        19  a5ud        VALUE=    0.0000      WEIGHT=    0.0000    
        20  a0du        VALUE=    35712.      WEIGHT=    0.0000    
        21  a1du        VALUE=    4.1225      WEIGHT=   0.10195    
        22  a2du        VALUE=    20.796      WEIGHT=    1.0774    
        23  a3du        VALUE=    17.000      WEIGHT=    0.0000    
        24  a4du        VALUE=    60.728      WEIGHT=    15.409    
        25  a0g         VALUE=    46.780      WEIGHT=    0.0000    
        26  a1g         VALUE=   0.60695      WEIGHT=   0.30496E-01
        27  a2g         VALUE=    6.2620      WEIGHT=   0.86905    
        28  a3g         VALUE=   -3.3974      WEIGHT=   0.12596    
        29  a4g         VALUE=    3.3203      WEIGHT=   0.30129    
        30  a5g         VALUE=    0.0000      WEIGHT=    0.0000    
        31  kappa       VALUE=   0.40000      WEIGHT=    0.0000    
        32  a6dv        VALUE=  -0.39392E-02  WEIGHT=   0.69410E-03
        33  a7dv        VALUE=    2.0000      WEIGHT=    0.0000    
        34  off1        VALUE=  -0.14913      WEIGHT=   0.12152    
        35  off2        VALUE=   0.42604      WEIGHT=   0.74190    
        36  off3        VALUE=  -0.96196      WEIGHT=    1.0363    
        37  ht1         VALUE=   -3.3310      WEIGHT=   0.27807    
        38  ht2         VALUE=    1.9623      WEIGHT=   0.11462    
        39  ht3         VALUE=   -2.1060      WEIGHT=   0.29604E-01
        40  ht4         VALUE=    0.0000      WEIGHT=    0.0000    
        41  dummy41     VALUE=    0.0000      WEIGHT=    0.0000    
        42  dummy42     VALUE=    0.0000      WEIGHT=    0.0000    
        43  dummy43     VALUE=    0.0000      WEIGHT=    0.0000    
        44  dummy44     VALUE=    0.0000      WEIGHT=    0.0000    
        45  dummy45     VALUE=    0.0000      WEIGHT=    0.0000    
        46  dummy46     VALUE=    0.0000      WEIGHT=    0.0000    
        47  dummy47     VALUE=    0.0000      WEIGHT=    0.0000    
        48  dummy48     VALUE=    0.0000      WEIGHT=    0.0000    
        49  dummy49     VALUE=    0.0000      WEIGHT=    0.0000    
        50  bcdmsh2     VALUE=   0.96921      WEIGHT=   0.48672E-02
        51  bcdmsd2     VALUE=   0.99198      WEIGHT=   0.58579E-02
        52  ccfr        VALUE=    1.0000      WEIGHT=    0.0000    
        53  nutev       VALUE=    1.0000      WEIGHT=    0.0000    
        54  zeus        VALUE=   0.97998      WEIGHT=    0.0000    
        55  h1          VALUE=    1.0162      WEIGHT=    0.0000    
        56  e605        VALUE=    1.0319      WEIGHT=    0.0000    
        57  NmcH2       VALUE=    1.0062      WEIGHT=   0.71152E-02
        58  ntv_nu      VALUE=    1.0000      WEIGHT=    0.0000    
        59  ntv_nuba    VALUE=    1.0000      WEIGHT=    0.0000    
        60  cdf_jet     VALUE=   0.98910      WEIGHT=    0.0000    
        61  d0_jet      VALUE=   0.83504      WEIGHT=    0.0000    
        62  slac_p      VALUE=    1.0013      WEIGHT=   0.48757E-02
        63  slac_d      VALUE=    1.0024      WEIGHT=   0.53157E-02
        64  e866pp      VALUE=   0.97829      WEIGHT=   0.19497E-01
        65  e866pd      VALUE=   0.95227      WEIGHT=   0.17263E-01
        66  d0_gamje    VALUE=    1.0389      WEIGHT=   0.16508E-01
        67  h1b         VALUE=   0.97608      WEIGHT=    0.0000    
        68  jlab_p      VALUE=   0.99385      WEIGHT=   0.58436E-02
        69  jlab_d      VALUE=   0.97528      WEIGHT=   0.59577E-02
        70  blank       VALUE=    1.0000      WEIGHT=    0.0000    
        71  d0run2      VALUE=   0.95252      WEIGHT=   0.14857E-01
        72  cdfrun2     VALUE=   0.93718      WEIGHT=   0.17613E-01
        73  HERA_el     VALUE=    1.0000      WEIGHT=    0.0000    
        74  HERA_ps     VALUE=    1.0000      WEIGHT=    0.0000    
        75  CDF_Z       VALUE=   0.95552      WEIGHT=   0.66114E-02
        76  NmcRat      VALUE=    1.0000      WEIGHT=    0.0000    
        77  BNS_F2nd    VALUE=   0.97328      WEIGHT=   0.72912E-02
        78  HERMES_F    VALUE=   0.99450      WEIGHT=   0.56152E-02
        79  HERMES_F    VALUE=   0.97845      WEIGHT=   0.58502E-02
0THE TOLERANCE IS    0.1000
 THE MAXIMUM NUMBER OF STEPS IS 100
0THE INITIAL CHI SQUARED IS  3.91870E+05



     X        Q2         W2       THEORY        error         DATA           ERROR        chi^2     _w    ITYPE
.1000E-01     2.000  0.199E+03   0.33965E+00   0.00000E+00   0.10000E+00    0.50249E-02 2274.58         test_N_all          
.2000E-01     2.000  0.989E+02   0.31680E+00   0.00000E+00   0.10000E+00    0.50249E-02 1861.46         test_N_all          
.3000E-01     2.000  0.655E+02   0.30787E+00   0.00000E+00   0.10000E+00    0.50249E-02 1711.23         test_N_all          
.4000E-01     2.000  0.489E+02   0.30562E+00   0.00000E+00   0.10000E+00    0.50249E-02 1674.36         test_N_all          
.5000E-01     2.000  0.389E+02   0.30472E+00   0.00000E+00   0.10000E+00    0.50249E-02 1659.79         test_N_all          
.6000E-01     2.000  0.322E+02   0.30516E+00   0.00000E+00   0.10000E+00    0.50249E-02 1667.02         test_N_all          
.7000E-01     2.000  0.275E+02   0.30580E+00   0.00000E+00   0.10000E+00    0.50249E-02 1677.31         test_N_all          
.8000E-01     2.000  0.239E+02   0.30630E+00   0.00000E+00   0.10000E+00    0.50249E-02 1685.58         test_N_all          
.9000E-01     2.000  0.211E+02   0.30642E+00   0.00000E+00   0.10000E+00    0.50249E-02 1687.48         test_N_all          
.1000E+00     2.000  0.189E+02   0.30599E+00   0.00000E+00   0.10000E+00    0.50249E-02 1680.49         test_N_all          
.1100E+00     2.000  0.171E+02   0.30494E+00   0.00000E+00   0.10000E+00    0.50249E-02 1663.33         test_N_all          
.1200E+00     2.000  0.155E+02   0.30322E+00   0.00000E+00   0.10000E+00    0.50249E-02 1635.57         test_N_all          
.1300E+00     2.000  0.143E+02   0.30087E+00   0.00000E+00   0.10000E+00    0.50249E-02 1597.94         test_N_all          
.1400E+00     2.000  0.132E+02   0.29798E+00   0.00000E+00   0.10000E+00    0.50249E-02 1552.30         test_N_all          
.1500E+00     2.000  0.122E+02   0.29453E+00   0.00000E+00   0.10000E+00    0.50249E-02 1498.68         test_N_all          
.1600E+00     2.000  0.114E+02   0.29067E+00   0.00000E+00   0.10000E+00    0.50249E-02 1439.88         test_N_all          
.1700E+00     2.000  0.106E+02   0.28645E+00   0.00000E+00   0.10000E+00    0.50249E-02 1376.77         test_N_all          
.1800E+00     2.000  0.999E+01   0.28189E+00   0.00000E+00   0.10000E+00    0.50249E-02 1310.20         test_N_all          
.1900E+00     2.000  0.941E+01   0.27713E+00   0.00000E+00   0.10000E+00    0.50249E-02 1242.52         test_N_all          
.2000E+00     2.000  0.888E+01   0.27215E+00   0.00000E+00   0.10000E+00    0.50249E-02 1173.63         test_N_all          
.2100E+00     2.000  0.841E+01   0.26701E+00   0.00000E+00   0.10000E+00    0.50249E-02 1104.68         test_N_all          
.2200E+00     2.000  0.797E+01   0.26177E+00   0.00000E+00   0.10000E+00    0.50249E-02 1036.48         test_N_all          
.2300E+00     2.000  0.758E+01   0.25642E+00   0.00000E+00   0.10000E+00    0.50249E-02  969.06         test_N_all          
.2400E+00     2.000  0.722E+01   0.25102E+00   0.00000E+00   0.10000E+00    0.50249E-02  903.27         test_N_all          
.2500E+00     2.000  0.688E+01   0.24556E+00   0.00000E+00   0.10000E+00    0.50249E-02  839.09         test_N_all          
.2600E+00     2.000  0.657E+01   0.24004E+00   0.00000E+00   0.10000E+00    0.50249E-02  776.71         test_N_all          
.2700E+00     2.000  0.629E+01   0.23449E+00   0.00000E+00   0.10000E+00    0.50249E-02  716.38         test_N_all          
.2800E+00     2.000  0.602E+01   0.22891E+00   0.00000E+00   0.10000E+00    0.50249E-02  658.15         test_N_all          
.2900E+00     2.000  0.578E+01   0.22330E+00   0.00000E+00   0.10000E+00    0.50249E-02  602.07         test_N_all          
.3000E+00     2.000  0.555E+01   0.21765E+00   0.00000E+00   0.10000E+00    0.18868E-02 3888.35         test_N_all          
.3100E+00     2.000  0.533E+01   0.21199E+00   0.00000E+00   0.10000E+00    0.50249E-02  496.68         test_N_all          
.3200E+00     2.000  0.513E+01   0.20629E+00   0.00000E+00   0.10000E+00    0.50249E-02  447.45         test_N_all          
.3300E+00     2.000  0.494E+01   0.20057E+00   0.00000E+00   0.10000E+00    0.50249E-02  400.60         test_N_all          
.3400E+00     2.000  0.476E+01   0.19484E+00   0.00000E+00   0.10000E+00    0.50249E-02  356.24         test_N_all          
.3500E+00     2.000  0.460E+01   0.18909E+00   0.00000E+00   0.10000E+00    0.50249E-02  314.33         test_N_all          
.3600E+00     2.000  0.444E+01   0.18333E+00   0.00000E+00   0.10000E+00    0.50249E-02  274.98         test_N_all          
.3700E+00     2.000  0.429E+01   0.17757E+00   0.00000E+00   0.10000E+00    0.50249E-02  238.28         test_N_all          
.3800E+00     2.000  0.414E+01   0.17180E+00   0.00000E+00   0.10000E+00    0.50249E-02  204.19         test_N_all          
.3900E+00     2.000  0.401E+01   0.16606E+00   0.00000E+00   0.10000E+00    0.50249E-02  172.81         test_N_all          
.4000E+00     2.000  0.388E+01   0.16034E+00   0.00000E+00   0.10000E+00    0.17692E-02 1163.05         test_N_all          
.4100E+00     2.000  0.376E+01   0.15464E+00   0.00000E+00   0.10000E+00    0.50249E-02  118.25         test_N_all          
.4200E+00     2.000  0.364E+01   0.14899E+00   0.00000E+00   0.10000E+00    0.50249E-02   95.07         test_N_all          
.4300E+00     2.000  0.353E+01   0.14340E+00   0.00000E+00   0.10000E+00    0.50249E-02   74.60         test_N_all          
.4400E+00     2.000  0.343E+01   0.13787E+00   0.00000E+00   0.10000E+00    0.50249E-02   56.80         test_N_all          
.4500E+00     2.000  0.333E+01   0.13241E+00   0.00000E+00   0.10000E+00    0.50249E-02   41.61         test_N_all          
.4600E+00     2.000  0.323E+01   0.12704E+00   0.00000E+00   0.10000E+00    0.50249E-02   28.96         test_N_all          
.4700E+00     2.000  0.314E+01   0.12177E+00   0.00000E+00   0.10000E+00    0.50249E-02   18.76         test_N_all          
.4800E+00     2.000  0.305E+01   0.11659E+00   0.00000E+00   0.10000E+00    0.50249E-02   10.90         test_N_all          
.4900E+00     2.000  0.296E+01   0.11153E+00   0.00000E+00   0.10000E+00    0.50249E-02    5.26         test_N_all          
.5000E+00     2.000  0.288E+01   0.10658E+00   0.00000E+00   0.10000E+00    0.17692E-02   13.82         test_N_all          
.5100E+00     2.000  0.280E+01   0.10176E+00   0.00000E+00   0.10000E+00    0.50249E-02    0.12         test_N_all          
.5200E+00     2.000  0.273E+01   0.97063E-01   0.00000E+00   0.10000E+00    0.50249E-02   -0.34         test_N_all          
.5300E+00     2.000  0.266E+01   0.92501E-01   0.00000E+00   0.10000E+00    0.50249E-02   -2.23         test_N_all          
.5400E+00     2.000  0.259E+01   0.88083E-01   0.00000E+00   0.10000E+00    0.50249E-02   -5.62         test_N_all          
.5500E+00     2.000  0.252E+01   0.83804E-01   0.00000E+00   0.10000E+00    0.50249E-02  -10.39         test_N_all          
.5600E+00     2.000  0.245E+01   0.79667E-01   0.00000E+00   0.10000E+00    0.50249E-02  -16.37         test_N_all          
.5700E+00     2.000  0.239E+01   0.75676E-01   0.00000E+00   0.10000E+00    0.50249E-02  -23.43         test_N_all          
.5800E+00     2.000  0.233E+01   0.71833E-01   0.00000E+00   0.10000E+00    0.50249E-02  -31.42         test_N_all          
.5900E+00     2.000  0.227E+01   0.68134E-01   0.00000E+00   0.10000E+00    0.50249E-02  -40.22         test_N_all          
.6000E+00     2.000  0.222E+01   0.64577E-01   0.00000E+00   0.10000E+00    0.17692E-02 -400.88         test_N_all          
.6100E+00     2.000  0.216E+01   0.61170E-01   0.00000E+00   0.10000E+00    0.50249E-02  -59.71         test_N_all          
.6200E+00     2.000  0.211E+01   0.57903E-01   0.00000E+00   0.10000E+00    0.50249E-02  -70.18         test_N_all          
.6300E+00     2.000  0.206E+01   0.54776E-01   0.00000E+00   0.10000E+00    0.50249E-02  -81.00         test_N_all          
.6400E+00     2.000  0.201E+01   0.51786E-01   0.00000E+00   0.10000E+00    0.50249E-02  -92.06         test_N_all          
.6500E+00     2.000  0.196E+01   0.48934E-01   0.00000E+00   0.10000E+00    0.50249E-02 -103.28         test_N_all          
.6600E+00     2.000  0.191E+01   0.46213E-01   0.00000E+00   0.10000E+00    0.50249E-02 -114.58         test_N_all          
.6700E+00     2.000  0.187E+01   0.43618E-01   0.00000E+00   0.10000E+00    0.50249E-02 -125.90         test_N_all          
.6800E+00     2.000  0.182E+01   0.41150E-01   0.00000E+00   0.10000E+00    0.50249E-02 -137.16         test_N_all          
.6900E+00     2.000  0.178E+01   0.38803E-01   0.00000E+00   0.10000E+00    0.50249E-02 -148.32         test_N_all          
.7000E+00     2.000  0.174E+01   0.36573E-01   0.00000E+00   0.10000E+00    0.17692E-02 *******         test_N_all          
.7100E+00     2.000  0.170E+01   0.34455E-01   0.00000E+00   0.10000E+00    0.50249E-02 -170.14         test_N_all          
.7200E+00     2.000  0.166E+01   0.32447E-01   0.00000E+00   0.10000E+00    0.50249E-02 -180.73         test_N_all          
.7300E+00     2.000  0.162E+01   0.30544E-01   0.00000E+00   0.10000E+00    0.50249E-02 -191.06         test_N_all          
.7400E+00     2.000  0.158E+01   0.28741E-01   0.00000E+00   0.10000E+00    0.50249E-02 -201.10         test_N_all          
.7500E+00     2.000  0.155E+01   0.27034E-01   0.00000E+00   0.10000E+00    0.50249E-02 -210.85         test_N_all          
.7600E+00     2.000  0.151E+01   0.25420E-01   0.00000E+00   0.10000E+00    0.50249E-02 -220.29         test_N_all          
.7700E+00     2.000  0.148E+01   0.23894E-01   0.00000E+00   0.10000E+00    0.50249E-02 -229.39         test_N_all          
.7800E+00     2.000  0.145E+01   0.22453E-01   0.00000E+00   0.10000E+00    0.50249E-02 -238.16         test_N_all          
.7900E+00     2.000  0.141E+01   0.21092E-01   0.00000E+00   0.10000E+00    0.50249E-02 -246.59         test_N_all          
.8000E+00     2.000  0.138E+01   0.19807E-01   0.00000E+00   0.10000E+00    0.17692E-02 *******         test_N_all          
.8100E+00     2.000  0.135E+01   0.18595E-01   0.00000E+00   0.10000E+00    0.50249E-02 -262.45         test_N_all          
.8200E+00     2.000  0.132E+01   0.17453E-01   0.00000E+00   0.10000E+00    0.50249E-02 -269.86         test_N_all          
.8300E+00     2.000  0.129E+01   0.16376E-01   0.00000E+00   0.10000E+00    0.50249E-02 -276.95         test_N_all          
.8400E+00     2.000  0.126E+01   0.15362E-01   0.00000E+00   0.10000E+00    0.50249E-02 -283.71         test_N_all          
.8500E+00     2.000  0.123E+01   0.14406E-01   0.00000E+00   0.10000E+00    0.50249E-02 -290.15         test_N_all          
.8600E+00     2.000  0.121E+01   0.13507E-01   0.00000E+00   0.10000E+00    0.50249E-02 -296.28         test_N_all          
.8700E+00     2.000  0.118E+01   0.12661E-01   0.00000E+00   0.10000E+00    0.50249E-02 -302.11         test_N_all          
.8800E+00     2.000  0.115E+01   0.11864E-01   0.00000E+00   0.10000E+00    0.50249E-02 -307.64         test_N_all          
.8900E+00     2.000  0.113E+01   0.11116E-01   0.00000E+00   0.10000E+00    0.50249E-02 -312.89         test_N_all          
.9000E+00     2.000  0.110E+01   0.10412E-01   0.00000E+00   0.10000E+00    0.17692E-02 *******         test_N_all          
.9100E+00     2.000  0.108E+01   0.97496E-02   0.00000E+00   0.10000E+00    0.50249E-02 -322.58         test_N_all          
.9200E+00     2.000  0.106E+01   0.91276E-02   0.00000E+00   0.10000E+00    0.50249E-02 -327.04         test_N_all          
.9300E+00     2.000  0.103E+01   0.85432E-02   0.00000E+00   0.10000E+00    0.50249E-02 -331.26         test_N_all          
.9400E+00     2.000  0.101E+01   0.79944E-02   0.00000E+00   0.10000E+00    0.50249E-02 -335.25         test_N_all          
.9500E+00     2.000  0.987E+00   0.74788E-02   0.00000E+00   0.10000E+00    0.50249E-02 -339.02         test_N_all          
.9600E+00     2.000  0.965E+00   0.69946E-02   0.00000E+00   0.10000E+00    0.50249E-02 -342.57         test_N_all          
.9700E+00     2.000  0.944E+00   0.65400E-02   0.00000E+00   0.10000E+00    0.50249E-02 -345.93         test_N_all          
.9800E+00     2.000  0.923E+00   0.61134E-02   0.00000E+00   0.10000E+00    0.50249E-02 -349.10         test_N_all          
.9900E+00     2.000  0.902E+00   0.57131E-02   0.00000E+00   0.10000E+00    0.50249E-02 -352.08         test_N_all          
.1000E+01     2.000  0.882E+00   0.53376E-02   0.00000E+00   0.10000E+00    0.50249E-02 -354.89         test_N_all          
.1000E-01     5.000  0.496E+03   0.44617E+00   0.00000E+00   0.10000E+00    0.50249E-02 4745.97         test_N_all          
.2000E-01     5.000  0.246E+03   0.39528E+00   0.00000E+00   0.10000E+00    0.50249E-02 3453.16         test_N_all          
.3000E-01     5.000  0.163E+03   0.37056E+00   0.00000E+00   0.10000E+00    0.50249E-02 2899.07         test_N_all          
.4000E-01     5.000  0.121E+03   0.35816E+00   0.00000E+00   0.10000E+00    0.50249E-02 2639.49         test_N_all          
.5000E-01     5.000  0.959E+02   0.34840E+00   0.00000E+00   0.10000E+00    0.50249E-02 2443.65         test_N_all          
.6000E-01     5.000  0.792E+02   0.34171E+00   0.00000E+00   0.10000E+00    0.50249E-02 2313.86         test_N_all          
.7000E-01     5.000  0.673E+02   0.33575E+00   0.00000E+00   0.10000E+00    0.50249E-02 2201.02         test_N_all          
.8000E-01     5.000  0.584E+02   0.33049E+00   0.00000E+00   0.10000E+00    0.50249E-02 2104.05         test_N_all          
.9000E-01     5.000  0.514E+02   0.32528E+00   0.00000E+00   0.10000E+00    0.50249E-02 2009.91         test_N_all          
.1000E+00     5.000  0.459E+02   0.32008E+00   0.00000E+00   0.10000E+00    0.50249E-02 1918.19         test_N_all          
.1100E+00     5.000  0.413E+02   0.31467E+00   0.00000E+00   0.10000E+00    0.50249E-02 1825.07         test_N_all          
.1200E+00     5.000  0.375E+02   0.30912E+00   0.00000E+00   0.10000E+00    0.50249E-02 1731.92         test_N_all          
.1300E+00     5.000  0.343E+02   0.30337E+00   0.00000E+00   0.10000E+00    0.50249E-02 1637.92         test_N_all          
.1400E+00     5.000  0.316E+02   0.29741E+00   0.00000E+00   0.10000E+00    0.50249E-02 1543.37         test_N_all          
.1500E+00     5.000  0.292E+02   0.29128E+00   0.00000E+00   0.10000E+00    0.50249E-02 1449.10         test_N_all          
.1600E+00     5.000  0.271E+02   0.28506E+00   0.00000E+00   0.10000E+00    0.50249E-02 1356.34         test_N_all          
.1700E+00     5.000  0.253E+02   0.27875E+00   0.00000E+00   0.10000E+00    0.50249E-02 1265.41         test_N_all          
.1800E+00     5.000  0.237E+02   0.27239E+00   0.00000E+00   0.10000E+00    0.50249E-02 1176.90         test_N_all          
.1900E+00     5.000  0.222E+02   0.26601E+00   0.00000E+00   0.10000E+00    0.50249E-02 1091.50         test_N_all          
.2000E+00     5.000  0.209E+02   0.25963E+00   0.00000E+00   0.10000E+00    0.50249E-02 1009.17         test_N_all          
.2100E+00     5.000  0.197E+02   0.25326E+00   0.00000E+00   0.10000E+00    0.50249E-02  930.30         test_N_all          
.2200E+00     5.000  0.186E+02   0.24693E+00   0.00000E+00   0.10000E+00    0.50249E-02  854.95         test_N_all          
.2300E+00     5.000  0.176E+02   0.24062E+00   0.00000E+00   0.10000E+00    0.50249E-02  783.16         test_N_all          
.2400E+00     5.000  0.167E+02   0.23435E+00   0.00000E+00   0.10000E+00    0.50249E-02  714.88         test_N_all          
.2500E+00     5.000  0.159E+02   0.22811E+00   0.00000E+00   0.10000E+00    0.50249E-02  650.03         test_N_all          
.2600E+00     5.000  0.151E+02   0.22190E+00   0.00000E+00   0.10000E+00    0.50249E-02  588.53         test_N_all          
.2700E+00     5.000  0.144E+02   0.21572E+00   0.00000E+00   0.10000E+00    0.50249E-02  530.32         test_N_all          
.2800E+00     5.000  0.137E+02   0.20956E+00   0.00000E+00   0.10000E+00    0.50249E-02  475.36         test_N_all          
.2900E+00     5.000  0.131E+02   0.20341E+00   0.00000E+00   0.10000E+00    0.50249E-02  423.50         test_N_all          
.3000E+00     5.000  0.125E+02   0.19728E+00   0.00000E+00   0.10000E+00    0.18868E-02 2658.12         test_N_all          
.3100E+00     5.000  0.120E+02   0.19116E+00   0.00000E+00   0.10000E+00    0.50249E-02  329.11         test_N_all          
.3200E+00     5.000  0.115E+02   0.18505E+00   0.00000E+00   0.10000E+00    0.50249E-02  286.47         test_N_all          
.3300E+00     5.000  0.110E+02   0.17895E+00   0.00000E+00   0.10000E+00    0.50249E-02  246.88         test_N_all          
.3400E+00     5.000  0.106E+02   0.17287E+00   0.00000E+00   0.10000E+00    0.50249E-02  210.28         test_N_all          
.3500E+00     5.000  0.102E+02   0.16680E+00   0.00000E+00   0.10000E+00    0.50249E-02  176.71         test_N_all          
.3600E+00     5.000  0.977E+01   0.16075E+00   0.00000E+00   0.10000E+00    0.50249E-02  146.17         test_N_all          
.3700E+00     5.000  0.940E+01   0.15473E+00   0.00000E+00   0.10000E+00    0.50249E-02  118.63         test_N_all          
.3800E+00     5.000  0.904E+01   0.14875E+00   0.00000E+00   0.10000E+00    0.50249E-02   94.10         test_N_all          
.3900E+00     5.000  0.870E+01   0.14281E+00   0.00000E+00   0.10000E+00    0.50249E-02   72.57         test_N_all          
.4000E+00     5.000  0.838E+01   0.13692E+00   0.00000E+00   0.10000E+00    0.17692E-02  435.47         test_N_all          
.4100E+00     5.000  0.808E+01   0.13110E+00   0.00000E+00   0.10000E+00    0.50249E-02   38.30         test_N_all          
.4200E+00     5.000  0.779E+01   0.12535E+00   0.00000E+00   0.10000E+00    0.50249E-02   25.45         test_N_all          
.4300E+00     5.000  0.751E+01   0.11968E+00   0.00000E+00   0.10000E+00    0.50249E-02   15.35         test_N_all          
.4400E+00     5.000  0.725E+01   0.11411E+00   0.00000E+00   0.10000E+00    0.50249E-02    7.89         test_N_all          
.4500E+00     5.000  0.699E+01   0.10865E+00   0.00000E+00   0.10000E+00    0.50249E-02    2.97         test_N_all          
.4600E+00     5.000  0.675E+01   0.10330E+00   0.00000E+00   0.10000E+00    0.50249E-02    0.43         test_N_all          
.4700E+00     5.000  0.652E+01   0.98078E-01   0.00000E+00   0.10000E+00    0.50249E-02   -0.15         test_N_all          
.4800E+00     5.000  0.630E+01   0.92986E-01   0.00000E+00   0.10000E+00    0.50249E-02   -1.95         test_N_all          
.4900E+00     5.000  0.609E+01   0.88032E-01   0.00000E+00   0.10000E+00    0.50249E-02   -5.67         test_N_all          
.5000E+00     5.000  0.588E+01   0.83224E-01   0.00000E+00   0.10000E+00    0.17692E-02  -89.92         test_N_all          
.5100E+00     5.000  0.569E+01   0.78569E-01   0.00000E+00   0.10000E+00    0.50249E-02  -18.19         test_N_all          
.5200E+00     5.000  0.550E+01   0.74068E-01   0.00000E+00   0.10000E+00    0.50249E-02  -26.63         test_N_all          
.5300E+00     5.000  0.532E+01   0.69728E-01   0.00000E+00   0.10000E+00    0.50249E-02  -36.29         test_N_all          
.5400E+00     5.000  0.514E+01   0.65553E-01   0.00000E+00   0.10000E+00    0.50249E-02  -46.99         test_N_all          
.5500E+00     5.000  0.497E+01   0.61540E-01   0.00000E+00   0.10000E+00    0.50249E-02  -58.58         test_N_all          
.5600E+00     5.000  0.481E+01   0.57695E-01   0.00000E+00   0.10000E+00    0.50249E-02  -70.88         test_N_all          
.5700E+00     5.000  0.465E+01   0.54017E-01   0.00000E+00   0.10000E+00    0.50249E-02  -83.74         test_N_all          
.5800E+00     5.000  0.450E+01   0.50503E-01   0.00000E+00   0.10000E+00    0.50249E-02  -97.03         test_N_all          
.5900E+00     5.000  0.436E+01   0.47156E-01   0.00000E+00   0.10000E+00    0.50249E-02 -110.59         test_N_all          
.6000E+00     5.000  0.422E+01   0.43971E-01   0.00000E+00   0.10000E+00    0.17692E-02 *******         test_N_all          
.6100E+00     5.000  0.408E+01   0.40945E-01   0.00000E+00   0.10000E+00    0.50249E-02 -138.12         test_N_all          
.6200E+00     5.000  0.395E+01   0.38079E-01   0.00000E+00   0.10000E+00    0.50249E-02 -151.85         test_N_all          
.6300E+00     5.000  0.382E+01   0.35366E-01   0.00000E+00   0.10000E+00    0.50249E-02 -165.45         test_N_all          
.6400E+00     5.000  0.369E+01   0.32802E-01   0.00000E+00   0.10000E+00    0.50249E-02 -178.83         test_N_all          
.6500E+00     5.000  0.357E+01   0.30385E-01   0.00000E+00   0.10000E+00    0.50249E-02 -191.93         test_N_all          
.6600E+00     5.000  0.346E+01   0.28109E-01   0.00000E+00   0.10000E+00    0.50249E-02 -204.68         test_N_all          
.6700E+00     5.000  0.334E+01   0.25969E-01   0.00000E+00   0.10000E+00    0.50249E-02 -217.06         test_N_all          
.6800E+00     5.000  0.323E+01   0.23960E-01   0.00000E+00   0.10000E+00    0.50249E-02 -228.99         test_N_all          
.6900E+00     5.000  0.313E+01   0.22077E-01   0.00000E+00   0.10000E+00    0.50249E-02 -240.47         test_N_all          
.7000E+00     5.000  0.302E+01   0.20315E-01   0.00000E+00   0.10000E+00    0.17692E-02 *******         test_N_all          
.7100E+00     5.000  0.292E+01   0.18668E-01   0.00000E+00   0.10000E+00    0.50249E-02 -261.98         test_N_all          
.7200E+00     5.000  0.283E+01   0.17131E-01   0.00000E+00   0.10000E+00    0.50249E-02 -271.97         test_N_all          
.7300E+00     5.000  0.273E+01   0.15698E-01   0.00000E+00   0.10000E+00    0.50249E-02 -281.46         test_N_all          
.7400E+00     5.000  0.264E+01   0.14365E-01   0.00000E+00   0.10000E+00    0.50249E-02 -290.43         test_N_all          
.7500E+00     5.000  0.255E+01   0.13126E-01   0.00000E+00   0.10000E+00    0.50249E-02 -298.89         test_N_all          
.7600E+00     5.000  0.246E+01   0.11977E-01   0.00000E+00   0.10000E+00    0.50249E-02 -306.86         test_N_all          
.7700E+00     5.000  0.238E+01   0.10911E-01   0.00000E+00   0.10000E+00    0.50249E-02 -314.33         test_N_all          
.7800E+00     5.000  0.229E+01   0.99241E-02   0.00000E+00   0.10000E+00    0.50249E-02 -321.33         test_N_all          
.7900E+00     5.000  0.221E+01   0.90119E-02   0.00000E+00   0.10000E+00    0.50249E-02 -327.87         test_N_all          
.8000E+00     5.000  0.213E+01   0.81701E-02   0.00000E+00   0.10000E+00    0.17692E-02 *******         test_N_all          
.8100E+00     5.000  0.205E+01   0.73932E-02   0.00000E+00   0.10000E+00    0.50249E-02 -339.64         test_N_all          
.8200E+00     5.000  0.198E+01   0.66779E-02   0.00000E+00   0.10000E+00    0.50249E-02 -344.91         test_N_all          
.8300E+00     5.000  0.191E+01   0.60207E-02   0.00000E+00   0.10000E+00    0.50249E-02 -349.79         test_N_all          
.8400E+00     5.000  0.183E+01   0.54167E-02   0.00000E+00   0.10000E+00    0.50249E-02 -354.30         test_N_all          
.8500E+00     5.000  0.176E+01   0.48627E-02   0.00000E+00   0.10000E+00    0.50249E-02 -358.46         test_N_all          
.8600E+00     5.000  0.170E+01   0.43557E-02   0.00000E+00   0.10000E+00    0.50249E-02 -362.29         test_N_all          
.8700E+00     5.000  0.163E+01   0.38924E-02   0.00000E+00   0.10000E+00    0.50249E-02 -365.81         test_N_all          
.8800E+00     5.000  0.156E+01   0.34688E-02   0.00000E+00   0.10000E+00    0.50249E-02 -369.04         test_N_all          
.8900E+00     5.000  0.150E+01   0.30831E-02   0.00000E+00   0.10000E+00    0.50249E-02 -372.00         test_N_all          
.9000E+00     5.000  0.144E+01   0.27328E-02   0.00000E+00   0.10000E+00    0.17692E-02 *******         test_N_all          
.9100E+00     5.000  0.138E+01   0.24136E-02   0.00000E+00   0.10000E+00    0.50249E-02 -377.15         test_N_all          
.9200E+00     5.000  0.132E+01   0.21249E-02   0.00000E+00   0.10000E+00    0.50249E-02 -379.39         test_N_all          
.9300E+00     5.000  0.126E+01   0.18642E-02   0.00000E+00   0.10000E+00    0.50249E-02 -381.41         test_N_all          
.9400E+00     5.000  0.120E+01   0.16293E-02   0.00000E+00   0.10000E+00    0.50249E-02 -383.24         test_N_all          
.9500E+00     5.000  0.114E+01   0.14174E-02   0.00000E+00   0.10000E+00    0.50249E-02 -384.89         test_N_all          
.9600E+00     5.000  0.109E+01   0.12275E-02   0.00000E+00   0.10000E+00    0.50249E-02 -386.38         test_N_all          
.9700E+00     5.000  0.104E+01   0.10580E-02   0.00000E+00   0.10000E+00    0.50249E-02 -387.70         test_N_all          
.9800E+00     5.000  0.984E+00   0.90681E-03   0.00000E+00   0.10000E+00    0.50249E-02 -388.89         test_N_all          
.9900E+00     5.000  0.932E+00   0.77235E-03   0.00000E+00   0.10000E+00    0.50249E-02 -389.95         test_N_all          
.1000E+01     5.000  0.882E+00   0.65360E-03   0.00000E+00   0.10000E+00    0.50249E-02 -390.88         test_N_all          
.1000E-01    10.000  0.991E+03   0.52608E+00   0.00000E+00   0.10000E+00    0.50249E-02 7190.00         test_N_all          
.2000E-01    10.000  0.491E+03   0.45123E+00   0.00000E+00   0.10000E+00    0.50249E-02 4885.60         test_N_all          
.3000E-01    10.000  0.324E+03   0.41265E+00   0.00000E+00   0.10000E+00    0.50249E-02 3871.34         test_N_all          
.4000E-01    10.000  0.241E+03   0.39186E+00   0.00000E+00   0.10000E+00    0.50249E-02 3373.55         test_N_all          
.5000E-01    10.000  0.191E+03   0.37480E+00   0.00000E+00   0.10000E+00    0.50249E-02 2990.65         test_N_all          
.6000E-01    10.000  0.158E+03   0.36276E+00   0.00000E+00   0.10000E+00    0.50249E-02 2734.29         test_N_all          
.7000E-01    10.000  0.134E+03   0.35201E+00   0.00000E+00   0.10000E+00    0.50249E-02 2515.29         test_N_all          
.8000E-01    10.000  0.116E+03   0.34283E+00   0.00000E+00   0.10000E+00    0.50249E-02 2335.38         test_N_all          
.9000E-01    10.000  0.102E+03   0.33414E+00   0.00000E+00   0.10000E+00    0.50249E-02 2171.11         test_N_all          
.1000E+00    10.000  0.909E+02   0.32598E+00   0.00000E+00   0.10000E+00    0.50249E-02 2022.53         test_N_all          
.1100E+00    10.000  0.818E+02   0.31789E+00   0.00000E+00   0.10000E+00    0.50249E-02 1880.28         test_N_all          
.1200E+00    10.000  0.742E+02   0.31008E+00   0.00000E+00   0.10000E+00    0.50249E-02 1747.89         test_N_all          
.1300E+00    10.000  0.678E+02   0.30237E+00   0.00000E+00   0.10000E+00    0.50249E-02 1621.88         test_N_all          
.1400E+00    10.000  0.623E+02   0.29468E+00   0.00000E+00   0.10000E+00    0.50249E-02 1500.99         test_N_all          
.1500E+00    10.000  0.575E+02   0.28707E+00   0.00000E+00   0.10000E+00    0.50249E-02 1385.91         test_N_all          
.1600E+00    10.000  0.534E+02   0.27952E+00   0.00000E+00   0.10000E+00    0.50249E-02 1276.38         test_N_all          
.1700E+00    10.000  0.497E+02   0.27206E+00   0.00000E+00   0.10000E+00    0.50249E-02 1172.46         test_N_all          
.1800E+00    10.000  0.464E+02   0.26469E+00   0.00000E+00   0.10000E+00    0.50249E-02 1074.17         test_N_all          
.1900E+00    10.000  0.435E+02   0.25742E+00   0.00000E+00   0.10000E+00    0.50249E-02  981.43         test_N_all          
.2000E+00    10.000  0.409E+02   0.25025E+00   0.00000E+00   0.10000E+00    0.50249E-02  894.08         test_N_all          
.2100E+00    10.000  0.385E+02   0.24319E+00   0.00000E+00   0.10000E+00    0.50249E-02  811.98         test_N_all          
.2200E+00    10.000  0.363E+02   0.23622E+00   0.00000E+00   0.10000E+00    0.50249E-02  734.91         test_N_all          
.2300E+00    10.000  0.344E+02   0.22935E+00   0.00000E+00   0.10000E+00    0.50249E-02  662.66         test_N_all          
.2400E+00    10.000  0.325E+02   0.22257E+00   0.00000E+00   0.10000E+00    0.50249E-02  595.01         test_N_all          
.2500E+00    10.000  0.309E+02   0.21588E+00   0.00000E+00   0.10000E+00    0.50249E-02  531.77         test_N_all          
.2600E+00    10.000  0.293E+02   0.20925E+00   0.00000E+00   0.10000E+00    0.50249E-02  472.70         test_N_all          
.2700E+00    10.000  0.279E+02   0.20269E+00   0.00000E+00   0.10000E+00    0.50249E-02  417.65         test_N_all          
.2800E+00    10.000  0.266E+02   0.19621E+00   0.00000E+00   0.10000E+00    0.50249E-02  366.56         test_N_all          
.2900E+00    10.000  0.254E+02   0.18977E+00   0.00000E+00   0.10000E+00    0.50249E-02  319.15         test_N_all          
.3000E+00    10.000  0.242E+02   0.18338E+00   0.00000E+00   0.10000E+00    0.18868E-02 1953.07         test_N_all          
.3100E+00    10.000  0.231E+02   0.17704E+00   0.00000E+00   0.10000E+00    0.50249E-02  235.07         test_N_all          
.3200E+00    10.000  0.221E+02   0.17074E+00   0.00000E+00   0.10000E+00    0.50249E-02  198.21         test_N_all          
.3300E+00    10.000  0.212E+02   0.16449E+00   0.00000E+00   0.10000E+00    0.50249E-02  164.72         test_N_all          
.3400E+00    10.000  0.203E+02   0.15828E+00   0.00000E+00   0.10000E+00    0.50249E-02  134.52         test_N_all          
.3500E+00    10.000  0.195E+02   0.15212E+00   0.00000E+00   0.10000E+00    0.50249E-02  107.58         test_N_all          
.3600E+00    10.000  0.187E+02   0.14601E+00   0.00000E+00   0.10000E+00    0.50249E-02   83.85         test_N_all          
.3700E+00    10.000  0.179E+02   0.13996E+00   0.00000E+00   0.10000E+00    0.50249E-02   63.25         test_N_all          
.3800E+00    10.000  0.172E+02   0.13398E+00   0.00000E+00   0.10000E+00    0.50249E-02   45.73         test_N_all          
.3900E+00    10.000  0.165E+02   0.12807E+00   0.00000E+00   0.10000E+00    0.50249E-02   31.21         test_N_all          
.4000E+00    10.000  0.159E+02   0.12225E+00   0.00000E+00   0.10000E+00    0.17692E-02  158.15         test_N_all          
.4100E+00    10.000  0.153E+02   0.11652E+00   0.00000E+00   0.10000E+00    0.50249E-02   10.80         test_N_all          
.4200E+00    10.000  0.147E+02   0.11089E+00   0.00000E+00   0.10000E+00    0.50249E-02    4.69         test_N_all          
.4300E+00    10.000  0.141E+02   0.10537E+00   0.00000E+00   0.10000E+00    0.50249E-02    1.14         test_N_all          
.4400E+00    10.000  0.136E+02   0.99965E-01   0.00000E+00   0.10000E+00    0.50249E-02   -0.00         test_N_all          
.4500E+00    10.000  0.131E+02   0.94693E-01   0.00000E+00   0.10000E+00    0.50249E-02   -1.12         test_N_all          
.4600E+00    10.000  0.126E+02   0.89554E-01   0.00000E+00   0.10000E+00    0.50249E-02   -4.32         test_N_all          
.4700E+00    10.000  0.122E+02   0.84563E-01   0.00000E+00   0.10000E+00    0.50249E-02   -9.44         test_N_all          
.4800E+00    10.000  0.117E+02   0.79719E-01   0.00000E+00   0.10000E+00    0.50249E-02  -16.29         test_N_all          
.4900E+00    10.000  0.113E+02   0.75030E-01   0.00000E+00   0.10000E+00    0.50249E-02  -24.69         test_N_all          
.5000E+00    10.000  0.109E+02   0.70505E-01   0.00000E+00   0.10000E+00    0.17692E-02 -277.95         test_N_all          
.5100E+00    10.000  0.105E+02   0.66141E-01   0.00000E+00   0.10000E+00    0.50249E-02  -45.40         test_N_all          
.5200E+00    10.000  0.101E+02   0.61947E-01   0.00000E+00   0.10000E+00    0.50249E-02  -57.35         test_N_all          
.5300E+00    10.000  0.975E+01   0.57923E-01   0.00000E+00   0.10000E+00    0.50249E-02  -70.12         test_N_all          
.5400E+00    10.000  0.940E+01   0.54069E-01   0.00000E+00   0.10000E+00    0.50249E-02  -83.55         test_N_all          
.5500E+00    10.000  0.906E+01   0.50389E-01   0.00000E+00   0.10000E+00    0.50249E-02  -97.47         test_N_all          
.5600E+00    10.000  0.874E+01   0.46880E-01   0.00000E+00   0.10000E+00    0.50249E-02 -111.75         test_N_all          
.5700E+00    10.000  0.843E+01   0.43541E-01   0.00000E+00   0.10000E+00    0.50249E-02 -126.24         test_N_all          
.5800E+00    10.000  0.812E+01   0.40373E-01   0.00000E+00   0.10000E+00    0.50249E-02 -140.81         test_N_all          
.5900E+00    10.000  0.783E+01   0.37370E-01   0.00000E+00   0.10000E+00    0.50249E-02 -155.35         test_N_all          
.6000E+00    10.000  0.755E+01   0.34532E-01   0.00000E+00   0.10000E+00    0.17692E-02 *******         test_N_all          
.6100E+00    10.000  0.728E+01   0.31853E-01   0.00000E+00   0.10000E+00    0.50249E-02 -183.92         test_N_all          
.6200E+00    10.000  0.701E+01   0.29330E-01   0.00000E+00   0.10000E+00    0.50249E-02 -197.79         test_N_all          
.6300E+00    10.000  0.675E+01   0.26960E-01   0.00000E+00   0.10000E+00    0.50249E-02 -211.28         test_N_all          
.6400E+00    10.000  0.651E+01   0.24736E-01   0.00000E+00   0.10000E+00    0.50249E-02 -224.34         test_N_all          
.6500E+00    10.000  0.627E+01   0.22654E-01   0.00000E+00   0.10000E+00    0.50249E-02 -236.93         test_N_all          
.6600E+00    10.000  0.603E+01   0.20708E-01   0.00000E+00   0.10000E+00    0.50249E-02 -249.00         test_N_all          
.6700E+00    10.000  0.581E+01   0.18894E-01   0.00000E+00   0.10000E+00    0.50249E-02 -260.52         test_N_all          
.6800E+00    10.000  0.559E+01   0.17204E-01   0.00000E+00   0.10000E+00    0.50249E-02 -271.49         test_N_all          
.6900E+00    10.000  0.537E+01   0.15635E-01   0.00000E+00   0.10000E+00    0.50249E-02 -281.88         test_N_all          
.7000E+00    10.000  0.517E+01   0.14179E-01   0.00000E+00   0.10000E+00    0.17692E-02 *******         test_N_all          
.7100E+00    10.000  0.497E+01   0.12832E-01   0.00000E+00   0.10000E+00    0.50249E-02 -300.92         test_N_all          
.7200E+00    10.000  0.477E+01   0.11586E-01   0.00000E+00   0.10000E+00    0.50249E-02 -309.58         test_N_all          
.7300E+00    10.000  0.458E+01   0.10438E-01   0.00000E+00   0.10000E+00    0.50249E-02 -317.68         test_N_all          
.7400E+00    10.000  0.440E+01   0.93809E-02   0.00000E+00   0.10000E+00    0.50249E-02 -325.22         test_N_all          
.7500E+00    10.000  0.422E+01   0.84095E-02   0.00000E+00   0.10000E+00    0.50249E-02 -332.23         test_N_all          
.7600E+00    10.000  0.404E+01   0.75194E-02   0.00000E+00   0.10000E+00    0.50249E-02 -338.72         test_N_all          
.7700E+00    10.000  0.387E+01   0.67039E-02   0.00000E+00   0.10000E+00    0.50249E-02 -344.72         test_N_all          
.7800E+00    10.000  0.370E+01   0.59593E-02   0.00000E+00   0.10000E+00    0.50249E-02 -350.24         test_N_all          
.7900E+00    10.000  0.354E+01   0.52814E-02   0.00000E+00   0.10000E+00    0.50249E-02 -355.31         test_N_all          
.8000E+00    10.000  0.338E+01   0.46641E-02   0.00000E+00   0.10000E+00    0.17692E-02 *******         test_N_all          
.8100E+00    10.000  0.323E+01   0.41044E-02   0.00000E+00   0.10000E+00    0.50249E-02 -364.20         test_N_all          
.8200E+00    10.000  0.308E+01   0.35984E-02   0.00000E+00   0.10000E+00    0.50249E-02 -368.05         test_N_all          
.8300E+00    10.000  0.293E+01   0.31409E-02   0.00000E+00   0.10000E+00    0.50249E-02 -371.55         test_N_all          
.8400E+00    10.000  0.279E+01   0.27294E-02   0.00000E+00   0.10000E+00    0.50249E-02 -374.72         test_N_all          
.8500E+00    10.000  0.265E+01   0.23602E-02   0.00000E+00   0.10000E+00    0.50249E-02 -377.57         test_N_all          
.8600E+00    10.000  0.251E+01   0.20298E-02   0.00000E+00   0.10000E+00    0.50249E-02 -380.13         test_N_all          
.8700E+00    10.000  0.238E+01   0.17356E-02   0.00000E+00   0.10000E+00    0.50249E-02 -382.41         test_N_all          
.8800E+00    10.000  0.225E+01   0.14749E-02   0.00000E+00   0.10000E+00    0.50249E-02 -384.44         test_N_all          
.8900E+00    10.000  0.212E+01   0.12438E-02   0.00000E+00   0.10000E+00    0.50249E-02 -386.25         test_N_all          
.9000E+00    10.000  0.199E+01   0.10410E-02   0.00000E+00   0.10000E+00    0.17692E-02 *******         test_N_all          
.9100E+00    10.000  0.187E+01   0.86386E-03   0.00000E+00   0.10000E+00    0.50249E-02 -389.23         test_N_all          
.9200E+00    10.000  0.175E+01   0.70942E-03   0.00000E+00   0.10000E+00    0.50249E-02 -390.44         test_N_all          
.9300E+00    10.000  0.163E+01   0.57634E-03   0.00000E+00   0.10000E+00    0.50249E-02 -391.49         test_N_all          
.9400E+00    10.000  0.152E+01   0.46273E-03   0.00000E+00   0.10000E+00    0.50249E-02 -392.38         test_N_all          
.9500E+00    10.000  0.141E+01   0.36585E-03   0.00000E+00   0.10000E+00    0.50249E-02 -393.15         test_N_all          
.9600E+00    10.000  0.130E+01   0.28468E-03   0.00000E+00   0.10000E+00    0.50249E-02 -393.79         test_N_all          
.9700E+00    10.000  0.119E+01   0.21768E-03   0.00000E+00   0.10000E+00    0.50249E-02 -394.32         test_N_all          
.9800E+00    10.000  0.109E+01   0.16241E-03   0.00000E+00   0.10000E+00    0.50249E-02 -394.75         test_N_all          
.9900E+00    10.000  0.983E+00   0.11810E-03   0.00000E+00   0.10000E+00    0.50249E-02 -395.10         test_N_all          
.1000E+01    10.000  0.882E+00   0.83507E-04   0.00000E+00   0.10000E+00    0.50249E-02 -395.38         test_N_all          
.1000E-01    20.000  0.198E+04   0.60499E+00   0.00000E+00   0.10000E+00    0.50249E-02 *******         test_N_all          
.2000E-01    20.000  0.981E+03   0.50394E+00   0.00000E+00   0.10000E+00    0.50249E-02 6462.15         test_N_all          
.3000E-01    20.000  0.648E+03   0.45083E+00   0.00000E+00   0.10000E+00    0.50249E-02 4874.51         test_N_all          
.4000E-01    20.000  0.481E+03   0.42167E+00   0.00000E+00   0.10000E+00    0.50249E-02 4097.89         test_N_all          
.5000E-01    20.000  0.381E+03   0.39743E+00   0.00000E+00   0.10000E+00    0.50249E-02 3503.47         test_N_all          
.6000E-01    20.000  0.314E+03   0.38026E+00   0.00000E+00   0.10000E+00    0.50249E-02 3110.77         test_N_all          
.7000E-01    20.000  0.267E+03   0.36497E+00   0.00000E+00   0.10000E+00    0.50249E-02 2780.56         test_N_all          
.8000E-01    20.000  0.231E+03   0.35232E+00   0.00000E+00   0.10000E+00    0.50249E-02 2521.30         test_N_all          
.9000E-01    20.000  0.203E+03   0.34060E+00   0.00000E+00   0.10000E+00    0.50249E-02 2292.65         test_N_all          
.1000E+00    20.000  0.181E+03   0.32995E+00   0.00000E+00   0.10000E+00    0.50249E-02 2094.06         test_N_all          
.1100E+00    20.000  0.163E+03   0.31972E+00   0.00000E+00   0.10000E+00    0.50249E-02 1911.92         test_N_all          
.1200E+00    20.000  0.148E+03   0.30999E+00   0.00000E+00   0.10000E+00    0.50249E-02 1746.32         test_N_all          
.1300E+00    20.000  0.135E+03   0.30063E+00   0.00000E+00   0.10000E+00    0.50249E-02 1594.16         test_N_all          
.1400E+00    20.000  0.124E+03   0.29151E+00   0.00000E+00   0.10000E+00    0.50249E-02 1452.54         test_N_all          
.1500E+00    20.000  0.114E+03   0.28268E+00   0.00000E+00   0.10000E+00    0.50249E-02 1321.68         test_N_all          
.1600E+00    20.000  0.106E+03   0.27406E+00   0.00000E+00   0.10000E+00    0.50249E-02 1199.89         test_N_all          
.1700E+00    20.000  0.985E+02   0.26567E+00   0.00000E+00   0.10000E+00    0.50249E-02 1086.94         test_N_all          
.1800E+00    20.000  0.920E+02   0.25748E+00   0.00000E+00   0.10000E+00    0.50249E-02  982.23         test_N_all          
.1900E+00    20.000  0.861E+02   0.24949E+00   0.00000E+00   0.10000E+00    0.50249E-02  885.10         test_N_all          
.2000E+00    20.000  0.809E+02   0.24170E+00   0.00000E+00   0.10000E+00    0.50249E-02  795.18         test_N_all          
.2100E+00    20.000  0.761E+02   0.23407E+00   0.00000E+00   0.10000E+00    0.50249E-02  711.86         test_N_all          
.2200E+00    20.000  0.718E+02   0.22660E+00   0.00000E+00   0.10000E+00    0.50249E-02  634.80         test_N_all          
.2300E+00    20.000  0.678E+02   0.21929E+00   0.00000E+00   0.10000E+00    0.50249E-02  563.59         test_N_all          
.2400E+00    20.000  0.642E+02   0.21211E+00   0.00000E+00   0.10000E+00    0.50249E-02  497.81         test_N_all          
.2500E+00    20.000  0.609E+02   0.20507E+00   0.00000E+00   0.10000E+00    0.50249E-02  437.20         test_N_all          
.2600E+00    20.000  0.578E+02   0.19813E+00   0.00000E+00   0.10000E+00    0.50249E-02  381.37         test_N_all          
.2700E+00    20.000  0.550E+02   0.19130E+00   0.00000E+00   0.10000E+00    0.50249E-02  330.12         test_N_all          
.2800E+00    20.000  0.523E+02   0.18457E+00   0.00000E+00   0.10000E+00    0.50249E-02  283.23         test_N_all          
.2900E+00    20.000  0.498E+02   0.17792E+00   0.00000E+00   0.10000E+00    0.50249E-02  240.43         test_N_all          
.3000E+00    20.000  0.475E+02   0.17135E+00   0.00000E+00   0.10000E+00    0.18868E-02 1429.96         test_N_all          
.3100E+00    20.000  0.454E+02   0.16487E+00   0.00000E+00   0.10000E+00    0.50249E-02  166.65         test_N_all          
.3200E+00    20.000  0.434E+02   0.15846E+00   0.00000E+00   0.10000E+00    0.50249E-02  135.37         test_N_all          
.3300E+00    20.000  0.415E+02   0.15214E+00   0.00000E+00   0.10000E+00    0.50249E-02  107.66         test_N_all          
.3400E+00    20.000  0.397E+02   0.14589E+00   0.00000E+00   0.10000E+00    0.50249E-02   83.39         test_N_all          
.3500E+00    20.000  0.380E+02   0.13972E+00   0.00000E+00   0.10000E+00    0.50249E-02   62.47         test_N_all          
.3600E+00    20.000  0.364E+02   0.13363E+00   0.00000E+00   0.10000E+00    0.50249E-02   44.79         test_N_all          
.3700E+00    20.000  0.349E+02   0.12763E+00   0.00000E+00   0.10000E+00    0.50249E-02   30.24         test_N_all          
.3800E+00    20.000  0.335E+02   0.12173E+00   0.00000E+00   0.10000E+00    0.50249E-02   18.70         test_N_all          
.3900E+00    20.000  0.322E+02   0.11593E+00   0.00000E+00   0.10000E+00    0.50249E-02   10.05         test_N_all          
.4000E+00    20.000  0.309E+02   0.11024E+00   0.00000E+00   0.10000E+00    0.17692E-02   33.52         test_N_all          
.4100E+00    20.000  0.297E+02   0.10467E+00   0.00000E+00   0.10000E+00    0.50249E-02    0.86         test_N_all          
.4200E+00    20.000  0.285E+02   0.99226E-01   0.00000E+00   0.10000E+00    0.50249E-02   -0.02         test_N_all          
.4300E+00    20.000  0.274E+02   0.93912E-01   0.00000E+00   0.10000E+00    0.50249E-02   -1.47         test_N_all          
.4400E+00    20.000  0.263E+02   0.88739E-01   0.00000E+00   0.10000E+00    0.50249E-02   -5.02         test_N_all          
.4500E+00    20.000  0.253E+02   0.83712E-01   0.00000E+00   0.10000E+00    0.50249E-02  -10.51         test_N_all          
.4600E+00    20.000  0.244E+02   0.78838E-01   0.00000E+00   0.10000E+00    0.50249E-02  -17.74         test_N_all          
.4700E+00    20.000  0.234E+02   0.74123E-01   0.00000E+00   0.10000E+00    0.50249E-02  -26.52         test_N_all          
.4800E+00    20.000  0.225E+02   0.69568E-01   0.00000E+00   0.10000E+00    0.50249E-02  -36.68         test_N_all          
.4900E+00    20.000  0.217E+02   0.65183E-01   0.00000E+00   0.10000E+00    0.50249E-02  -48.01         test_N_all          
.5000E+00    20.000  0.209E+02   0.60967E-01   0.00000E+00   0.10000E+00    0.17692E-02 -486.77         test_N_all          
.5100E+00    20.000  0.201E+02   0.56921E-01   0.00000E+00   0.10000E+00    0.50249E-02  -73.50         test_N_all          
.5200E+00    20.000  0.193E+02   0.53050E-01   0.00000E+00   0.10000E+00    0.50249E-02  -87.30         test_N_all          
.5300E+00    20.000  0.186E+02   0.49352E-01   0.00000E+00   0.10000E+00    0.50249E-02 -101.59         test_N_all          
.5400E+00    20.000  0.179E+02   0.45829E-01   0.00000E+00   0.10000E+00    0.50249E-02 -116.22         test_N_all          
.5500E+00    20.000  0.172E+02   0.42479E-01   0.00000E+00   0.10000E+00    0.50249E-02 -131.04         test_N_all          
.5600E+00    20.000  0.166E+02   0.39299E-01   0.00000E+00   0.10000E+00    0.50249E-02 -145.93         test_N_all          
.5700E+00    20.000  0.160E+02   0.36289E-01   0.00000E+00   0.10000E+00    0.50249E-02 -160.75         test_N_all          
.5800E+00    20.000  0.154E+02   0.33445E-01   0.00000E+00   0.10000E+00    0.50249E-02 -175.43         test_N_all          
.5900E+00    20.000  0.148E+02   0.30764E-01   0.00000E+00   0.10000E+00    0.50249E-02 -189.85         test_N_all          
.6000E+00    20.000  0.142E+02   0.28242E-01   0.00000E+00   0.10000E+00    0.17692E-02 *******         test_N_all          
.6100E+00    20.000  0.137E+02   0.25874E-01   0.00000E+00   0.10000E+00    0.50249E-02 -217.61         test_N_all          
.6200E+00    20.000  0.131E+02   0.23657E-01   0.00000E+00   0.10000E+00    0.50249E-02 -230.82         test_N_all          
.6300E+00    20.000  0.126E+02   0.21583E-01   0.00000E+00   0.10000E+00    0.50249E-02 -243.53         test_N_all          
.6400E+00    20.000  0.121E+02   0.19649E-01   0.00000E+00   0.10000E+00    0.50249E-02 -255.69         test_N_all          
.6500E+00    20.000  0.117E+02   0.17849E-01   0.00000E+00   0.10000E+00    0.50249E-02 -267.28         test_N_all          
.6600E+00    20.000  0.112E+02   0.16177E-01   0.00000E+00   0.10000E+00    0.50249E-02 -278.27         test_N_all          
.6700E+00    20.000  0.107E+02   0.14626E-01   0.00000E+00   0.10000E+00    0.50249E-02 -288.66         test_N_all          
.6800E+00    20.000  0.103E+02   0.13193E-01   0.00000E+00   0.10000E+00    0.50249E-02 -298.44         test_N_all          
.6900E+00    20.000  0.987E+01   0.11869E-01   0.00000E+00   0.10000E+00    0.50249E-02 -307.60         test_N_all          
.7000E+00    20.000  0.945E+01   0.10650E-01   0.00000E+00   0.10000E+00    0.17692E-02 *******         test_N_all          
.7100E+00    20.000  0.905E+01   0.95298E-02   0.00000E+00   0.10000E+00    0.50249E-02 -324.15         test_N_all          
.7200E+00    20.000  0.866E+01   0.85027E-02   0.00000E+00   0.10000E+00    0.50249E-02 -331.55         test_N_all          
.7300E+00    20.000  0.828E+01   0.75626E-02   0.00000E+00   0.10000E+00    0.50249E-02 -338.40         test_N_all          
.7400E+00    20.000  0.791E+01   0.67051E-02   0.00000E+00   0.10000E+00    0.50249E-02 -344.71         test_N_all          
.7500E+00    20.000  0.755E+01   0.59238E-02   0.00000E+00   0.10000E+00    0.50249E-02 -350.51         test_N_all          
.7600E+00    20.000  0.720E+01   0.52142E-02   0.00000E+00   0.10000E+00    0.50249E-02 -355.82         test_N_all          
.7700E+00    20.000  0.686E+01   0.45721E-02   0.00000E+00   0.10000E+00    0.50249E-02 -360.65         test_N_all          
.7800E+00    20.000  0.652E+01   0.39910E-02   0.00000E+00   0.10000E+00    0.50249E-02 -365.06         test_N_all          
.7900E+00    20.000  0.620E+01   0.34682E-02   0.00000E+00   0.10000E+00    0.50249E-02 -369.05         test_N_all          
.8000E+00    20.000  0.588E+01   0.29991E-02   0.00000E+00   0.10000E+00    0.17692E-02 *******         test_N_all          
.8100E+00    20.000  0.557E+01   0.25787E-02   0.00000E+00   0.10000E+00    0.50249E-02 -375.88         test_N_all          
.8200E+00    20.000  0.527E+01   0.22047E-02   0.00000E+00   0.10000E+00    0.50249E-02 -378.77         test_N_all          
.8300E+00    20.000  0.498E+01   0.18719E-02   0.00000E+00   0.10000E+00    0.50249E-02 -381.35         test_N_all          
.8400E+00    20.000  0.469E+01   0.15780E-02   0.00000E+00   0.10000E+00    0.50249E-02 -383.64         test_N_all          
.8500E+00    20.000  0.441E+01   0.13202E-02   0.00000E+00   0.10000E+00    0.50249E-02 -385.65         test_N_all          
.8600E+00    20.000  0.414E+01   0.10941E-02   0.00000E+00   0.10000E+00    0.50249E-02 -387.42         test_N_all          
.8700E+00    20.000  0.387E+01   0.89782E-03   0.00000E+00   0.10000E+00    0.50249E-02 -388.96         test_N_all          
.8800E+00    20.000  0.361E+01   0.72883E-03   0.00000E+00   0.10000E+00    0.50249E-02 -390.29         test_N_all          
.8900E+00    20.000  0.335E+01   0.58367E-03   0.00000E+00   0.10000E+00    0.50249E-02 -391.43         test_N_all          
.9000E+00    20.000  0.310E+01   0.46088E-03   0.00000E+00   0.10000E+00    0.17692E-02 *******         test_N_all          
.9100E+00    20.000  0.286E+01   0.35799E-03   0.00000E+00   0.10000E+00    0.50249E-02 -393.21         test_N_all          
.9200E+00    20.000  0.262E+01   0.27244E-03   0.00000E+00   0.10000E+00    0.50249E-02 -393.88         test_N_all          
.9300E+00    20.000  0.239E+01   0.20291E-03   0.00000E+00   0.10000E+00    0.50249E-02 -394.43         test_N_all          
.9400E+00    20.000  0.216E+01   0.14702E-03   0.00000E+00   0.10000E+00    0.50249E-02 -394.88         test_N_all          
.9500E+00    20.000  0.193E+01   0.10296E-03   0.00000E+00   0.10000E+00    0.50249E-02 -395.22         test_N_all          
.9600E+00    20.000  0.172E+01   0.69572E-04   0.00000E+00   0.10000E+00    0.50249E-02 -395.49         test_N_all          
.9700E+00    20.000  0.150E+01   0.44432E-04   0.00000E+00   0.10000E+00    0.50249E-02 -395.69         test_N_all          
.9800E+00    20.000  0.129E+01   0.26545E-04   0.00000E+00   0.10000E+00    0.50249E-02 -395.83         test_N_all          
.9900E+00    20.000  0.108E+01   0.14867E-04   0.00000E+00   0.10000E+00    0.50249E-02 -395.92         test_N_all          
.1000E+01    20.000  0.882E+00   0.69839E-05   0.00000E+00   0.10000E+00    0.50249E-02 -395.98         test_N_all          
.1000E+00    50.000  0.451E+03   0.33281E+00   0.00000E+00   0.10000E+00    0.50249E-02 2146.55         test_N_all          
.1100E+00    50.000  0.405E+03   0.32015E+00   0.00000E+00   0.10000E+00    0.50249E-02 1919.41         test_N_all          
.1200E+00    50.000  0.368E+03   0.30838E+00   0.00000E+00   0.10000E+00    0.50249E-02 1719.74         test_N_all          
.1300E+00    50.000  0.335E+03   0.29730E+00   0.00000E+00   0.10000E+00    0.50249E-02 1541.75         test_N_all          
.1400E+00    50.000  0.308E+03   0.28670E+00   0.00000E+00   0.10000E+00    0.50249E-02 1380.49         test_N_all          
.1500E+00    50.000  0.284E+03   0.27662E+00   0.00000E+00   0.10000E+00    0.50249E-02 1235.43         test_N_all          
.1600E+00    50.000  0.263E+03   0.26690E+00   0.00000E+00   0.10000E+00    0.50249E-02 1103.22         test_N_all          
.1700E+00    50.000  0.245E+03   0.25757E+00   0.00000E+00   0.10000E+00    0.50249E-02  983.28         test_N_all          
.1800E+00    50.000  0.229E+03   0.24858E+00   0.00000E+00   0.10000E+00    0.50249E-02  874.24         test_N_all          
.1900E+00    50.000  0.214E+03   0.23987E+00   0.00000E+00   0.10000E+00    0.50249E-02  774.83         test_N_all          
.2000E+00    50.000  0.201E+03   0.23146E+00   0.00000E+00   0.10000E+00    0.50249E-02  684.42         test_N_all          
.2100E+00    50.000  0.189E+03   0.22328E+00   0.00000E+00   0.10000E+00    0.50249E-02  601.93         test_N_all          
.2200E+00    50.000  0.178E+03   0.21534E+00   0.00000E+00   0.10000E+00    0.50249E-02  526.88         test_N_all          
.2300E+00    50.000  0.168E+03   0.20761E+00   0.00000E+00   0.10000E+00    0.50249E-02  458.63         test_N_all          
.2400E+00    50.000  0.159E+03   0.20007E+00   0.00000E+00   0.10000E+00    0.50249E-02  396.57         test_N_all          
.2500E+00    50.000  0.151E+03   0.19271E+00   0.00000E+00   0.10000E+00    0.50249E-02  340.37         test_N_all          
.2600E+00    50.000  0.143E+03   0.18549E+00   0.00000E+00   0.10000E+00    0.50249E-02  289.48         test_N_all          
.2700E+00    50.000  0.136E+03   0.17843E+00   0.00000E+00   0.10000E+00    0.50249E-02  243.64         test_N_all          
.2800E+00    50.000  0.129E+03   0.17151E+00   0.00000E+00   0.10000E+00    0.50249E-02  202.54         test_N_all          
.2900E+00    50.000  0.123E+03   0.16472E+00   0.00000E+00   0.10000E+00    0.50249E-02  165.87         test_N_all          
.3000E+00    50.000  0.118E+03   0.15805E+00   0.00000E+00   0.10000E+00    0.18868E-02  946.42         test_N_all          
.3100E+00    50.000  0.112E+03   0.15149E+00   0.00000E+00   0.10000E+00    0.50249E-02  104.98         test_N_all          
.3200E+00    50.000  0.107E+03   0.14504E+00   0.00000E+00   0.10000E+00    0.50249E-02   80.35         test_N_all          
.3300E+00    50.000  0.102E+03   0.13871E+00   0.00000E+00   0.10000E+00    0.50249E-02   59.35         test_N_all          
.3400E+00    50.000  0.979E+02   0.13249E+00   0.00000E+00   0.10000E+00    0.50249E-02   41.82         test_N_all          
.3500E+00    50.000  0.937E+02   0.12639E+00   0.00000E+00   0.10000E+00    0.50249E-02   27.59         test_N_all          
.3600E+00    50.000  0.898E+02   0.12041E+00   0.00000E+00   0.10000E+00    0.50249E-02   16.50         test_N_all          
.3700E+00    50.000  0.860E+02   0.11455E+00   0.00000E+00   0.10000E+00    0.50249E-02    8.38         test_N_all          
.3800E+00    50.000  0.825E+02   0.10881E+00   0.00000E+00   0.10000E+00    0.50249E-02    3.08         test_N_all          
.3900E+00    50.000  0.791E+02   0.10321E+00   0.00000E+00   0.10000E+00    0.50249E-02    0.41         test_N_all          
.4000E+00    50.000  0.759E+02   0.97751E-01   0.00000E+00   0.10000E+00    0.17692E-02   -1.62         test_N_all          
.4100E+00    50.000  0.728E+02   0.92434E-01   0.00000E+00   0.10000E+00    0.50249E-02   -2.27         test_N_all          
.4200E+00    50.000  0.699E+02   0.87265E-01   0.00000E+00   0.10000E+00    0.50249E-02   -6.42         test_N_all          
.4300E+00    50.000  0.672E+02   0.82249E-01   0.00000E+00   0.10000E+00    0.50249E-02  -12.48         test_N_all          
.4400E+00    50.000  0.645E+02   0.77393E-01   0.00000E+00   0.10000E+00    0.50249E-02  -20.24         test_N_all          
.4500E+00    50.000  0.620E+02   0.72699E-01   0.00000E+00   0.10000E+00    0.50249E-02  -29.52         test_N_all          
.4600E+00    50.000  0.596E+02   0.68173E-01   0.00000E+00   0.10000E+00    0.50249E-02  -40.12         test_N_all          
.4700E+00    50.000  0.573E+02   0.63817E-01   0.00000E+00   0.10000E+00    0.50249E-02  -51.85         test_N_all          
.4800E+00    50.000  0.550E+02   0.59632E-01   0.00000E+00   0.10000E+00    0.50249E-02  -64.54         test_N_all          
.4900E+00    50.000  0.529E+02   0.55623E-01   0.00000E+00   0.10000E+00    0.50249E-02  -77.99         test_N_all          
.5000E+00    50.000  0.509E+02   0.51787E-01   0.00000E+00   0.10000E+00    0.17692E-02 -742.65         test_N_all          
.5100E+00    50.000  0.489E+02   0.48127E-01   0.00000E+00   0.10000E+00    0.50249E-02 -106.57         test_N_all          
.5200E+00    50.000  0.470E+02   0.44642E-01   0.00000E+00   0.10000E+00    0.50249E-02 -121.37         test_N_all          
.5300E+00    50.000  0.452E+02   0.41329E-01   0.00000E+00   0.10000E+00    0.50249E-02 -136.33         test_N_all          
.5400E+00    50.000  0.435E+02   0.38189E-01   0.00000E+00   0.10000E+00    0.50249E-02 -151.31         test_N_all          
.5500E+00    50.000  0.418E+02   0.35218E-01   0.00000E+00   0.10000E+00    0.50249E-02 -166.21         test_N_all          
.5600E+00    50.000  0.402E+02   0.32412E-01   0.00000E+00   0.10000E+00    0.50249E-02 -180.91         test_N_all          
.5700E+00    50.000  0.386E+02   0.29770E-01   0.00000E+00   0.10000E+00    0.50249E-02 -195.34         test_N_all          
.5800E+00    50.000  0.371E+02   0.27286E-01   0.00000E+00   0.10000E+00    0.50249E-02 -209.40         test_N_all          
.5900E+00    50.000  0.356E+02   0.24957E-01   0.00000E+00   0.10000E+00    0.50249E-02 -223.03         test_N_all          
.6000E+00    50.000  0.342E+02   0.22776E-01   0.00000E+00   0.10000E+00    0.17692E-02 *******         test_N_all          
.6100E+00    50.000  0.328E+02   0.20740E-01   0.00000E+00   0.10000E+00    0.50249E-02 -248.80         test_N_all          
.6200E+00    50.000  0.315E+02   0.18843E-01   0.00000E+00   0.10000E+00    0.50249E-02 -260.85         test_N_all          
.6300E+00    50.000  0.302E+02   0.17079E-01   0.00000E+00   0.10000E+00    0.50249E-02 -272.31         test_N_all          
.6400E+00    50.000  0.290E+02   0.15442E-01   0.00000E+00   0.10000E+00    0.50249E-02 -283.17         test_N_all          
.6500E+00    50.000  0.278E+02   0.13927E-01   0.00000E+00   0.10000E+00    0.50249E-02 -293.41         test_N_all          
.6600E+00    50.000  0.266E+02   0.12528E-01   0.00000E+00   0.10000E+00    0.50249E-02 -303.02         test_N_all          
.6700E+00    50.000  0.255E+02   0.11239E-01   0.00000E+00   0.10000E+00    0.50249E-02 -312.02         test_N_all          
.6800E+00    50.000  0.244E+02   0.10054E-01   0.00000E+00   0.10000E+00    0.50249E-02 -320.41         test_N_all          
.6900E+00    50.000  0.233E+02   0.89666E-02   0.00000E+00   0.10000E+00    0.50249E-02 -328.20         test_N_all          
.7000E+00    50.000  0.223E+02   0.79720E-02   0.00000E+00   0.10000E+00    0.17692E-02 *******         test_N_all          
.7100E+00    50.000  0.213E+02   0.70644E-02   0.00000E+00   0.10000E+00    0.50249E-02 -342.06         test_N_all          
.7200E+00    50.000  0.203E+02   0.62376E-02   0.00000E+00   0.10000E+00    0.50249E-02 -348.17         test_N_all          
.7300E+00    50.000  0.194E+02   0.54875E-02   0.00000E+00   0.10000E+00    0.50249E-02 -353.77         test_N_all          
.7400E+00    50.000  0.184E+02   0.48077E-02   0.00000E+00   0.10000E+00    0.50249E-02 -358.87         test_N_all          
.7500E+00    50.000  0.175E+02   0.41940E-02   0.00000E+00   0.10000E+00    0.50249E-02 -363.52         test_N_all          
.7600E+00    50.000  0.167E+02   0.36421E-02   0.00000E+00   0.10000E+00    0.50249E-02 -367.72         test_N_all          
.7700E+00    50.000  0.158E+02   0.31462E-02   0.00000E+00   0.10000E+00    0.50249E-02 -371.51         test_N_all          
.7800E+00    50.000  0.150E+02   0.27035E-02   0.00000E+00   0.10000E+00    0.50249E-02 -374.92         test_N_all          
.7900E+00    50.000  0.142E+02   0.23090E-02   0.00000E+00   0.10000E+00    0.50249E-02 -377.96         test_N_all          
.8000E+00    50.000  0.134E+02   0.19589E-02   0.00000E+00   0.10000E+00    0.17692E-02 *******         test_N_all          
.8100E+00    50.000  0.126E+02   0.16503E-02   0.00000E+00   0.10000E+00    0.50249E-02 -383.08         test_N_all          
.8200E+00    50.000  0.119E+02   0.13787E-02   0.00000E+00   0.10000E+00    0.50249E-02 -385.19         test_N_all          
.8300E+00    50.000  0.111E+02   0.11418E-02   0.00000E+00   0.10000E+00    0.50249E-02 -387.05         test_N_all          
.8400E+00    50.000  0.104E+02   0.93629E-03   0.00000E+00   0.10000E+00    0.50249E-02 -388.66         test_N_all          
.8500E+00    50.000  0.971E+01   0.75888E-03   0.00000E+00   0.10000E+00    0.50249E-02 -390.05         test_N_all          
.8600E+00    50.000  0.902E+01   0.60770E-03   0.00000E+00   0.10000E+00    0.50249E-02 -391.24         test_N_all          
.8700E+00    50.000  0.835E+01   0.47926E-03   0.00000E+00   0.10000E+00    0.50249E-02 -392.25         test_N_all          
.8800E+00    50.000  0.770E+01   0.37179E-03   0.00000E+00   0.10000E+00    0.50249E-02 -393.10         test_N_all          
.8900E+00    50.000  0.706E+01   0.28311E-03   0.00000E+00   0.10000E+00    0.50249E-02 -393.80         test_N_all          
.9000E+00    50.000  0.644E+01   0.21043E-03   0.00000E+00   0.10000E+00    0.17692E-02 *******         test_N_all          
.9100E+00    50.000  0.583E+01   0.15251E-03   0.00000E+00   0.10000E+00    0.50249E-02 -394.83         test_N_all          
.9200E+00    50.000  0.523E+01   0.10692E-03   0.00000E+00   0.10000E+00    0.50249E-02 -395.19         test_N_all          
.9300E+00    50.000  0.465E+01   0.71971E-04   0.00000E+00   0.10000E+00    0.50249E-02 -395.47         test_N_all          
.9400E+00    50.000  0.407E+01   0.46421E-04   0.00000E+00   0.10000E+00    0.50249E-02 -395.67         test_N_all          
.9500E+00    50.000  0.351E+01   0.27723E-04   0.00000E+00   0.10000E+00    0.50249E-02 -395.82         test_N_all          
.9600E+00    50.000  0.297E+01   0.15302E-04   0.00000E+00   0.10000E+00    0.50249E-02 -395.92         test_N_all          
.9700E+00    50.000  0.243E+01   0.75747E-05   0.00000E+00   0.10000E+00    0.50249E-02 -395.98         test_N_all          
.9800E+00    50.000  0.190E+01   0.29502E-05   0.00000E+00   0.10000E+00    0.50249E-02 -396.02         test_N_all          
.9900E+00    50.000  0.139E+01   0.98828E-06   0.00000E+00   0.10000E+00    0.50249E-02 -396.03         test_N_all          
.1000E+01    50.000  0.882E+00   0.68711E-06   0.00000E+00   0.10000E+00    0.50249E-02 -396.03         test_N_all          
.1000E+00   100.000  0.901E+03   0.33374E+00   0.00000E+00   0.10000E+00    0.50249E-02 2163.83         test_N_all          
.1100E+00   100.000  0.810E+03   0.31955E+00   0.00000E+00   0.10000E+00    0.50249E-02 1909.01         test_N_all          
.1200E+00   100.000  0.734E+03   0.30652E+00   0.00000E+00   0.10000E+00    0.50249E-02 1689.10         test_N_all          
.1300E+00   100.000  0.670E+03   0.29438E+00   0.00000E+00   0.10000E+00    0.50249E-02 1496.32         test_N_all          
.1400E+00   100.000  0.615E+03   0.28286E+00   0.00000E+00   0.10000E+00    0.50249E-02 1324.31         test_N_all          
.1500E+00   100.000  0.568E+03   0.27202E+00   0.00000E+00   0.10000E+00    0.50249E-02 1171.93         test_N_all          
.1600E+00   100.000  0.526E+03   0.26164E+00   0.00000E+00   0.10000E+00    0.50249E-02 1034.76         test_N_all          
.1700E+00   100.000  0.489E+03   0.25174E+00   0.00000E+00   0.10000E+00    0.50249E-02  911.91         test_N_all          
.1800E+00   100.000  0.456E+03   0.24226E+00   0.00000E+00   0.10000E+00    0.50249E-02  801.54         test_N_all          
.1900E+00   100.000  0.427E+03   0.23314E+00   0.00000E+00   0.10000E+00    0.50249E-02  702.02         test_N_all          
.2000E+00   100.000  0.401E+03   0.22437E+00   0.00000E+00   0.10000E+00    0.50249E-02  612.57         test_N_all          
.2100E+00   100.000  0.377E+03   0.21588E+00   0.00000E+00   0.10000E+00    0.50249E-02  531.79         test_N_all          
.2200E+00   100.000  0.355E+03   0.20767E+00   0.00000E+00   0.10000E+00    0.50249E-02  459.11         test_N_all          
.2300E+00   100.000  0.336E+03   0.19971E+00   0.00000E+00   0.10000E+00    0.50249E-02  393.73         test_N_all          
.2400E+00   100.000  0.318E+03   0.19197E+00   0.00000E+00   0.10000E+00    0.50249E-02  334.97         test_N_all          
.2500E+00   100.000  0.301E+03   0.18444E+00   0.00000E+00   0.10000E+00    0.50249E-02  282.39         test_N_all          
.2600E+00   100.000  0.285E+03   0.17710E+00   0.00000E+00   0.10000E+00    0.50249E-02  235.39         test_N_all          
.2700E+00   100.000  0.271E+03   0.16993E+00   0.00000E+00   0.10000E+00    0.50249E-02  193.67         test_N_all          
.2800E+00   100.000  0.258E+03   0.16293E+00   0.00000E+00   0.10000E+00    0.50249E-02  156.83         test_N_all          
.2900E+00   100.000  0.246E+03   0.15608E+00   0.00000E+00   0.10000E+00    0.50249E-02  124.54         test_N_all          
.3000E+00   100.000  0.234E+03   0.14938E+00   0.00000E+00   0.10000E+00    0.18868E-02  684.87         test_N_all          
.3100E+00   100.000  0.223E+03   0.14281E+00   0.00000E+00   0.10000E+00    0.50249E-02   72.60         test_N_all          
.3200E+00   100.000  0.213E+03   0.13639E+00   0.00000E+00   0.10000E+00    0.50249E-02   52.45         test_N_all          
.3300E+00   100.000  0.204E+03   0.13011E+00   0.00000E+00   0.10000E+00    0.50249E-02   35.90         test_N_all          
.3400E+00   100.000  0.195E+03   0.12396E+00   0.00000E+00   0.10000E+00    0.50249E-02   22.73         test_N_all          
.3500E+00   100.000  0.187E+03   0.11794E+00   0.00000E+00   0.10000E+00    0.50249E-02   12.75         test_N_all          
.3600E+00   100.000  0.179E+03   0.11207E+00   0.00000E+00   0.10000E+00    0.50249E-02    5.77         test_N_all          
.3700E+00   100.000  0.171E+03   0.10634E+00   0.00000E+00   0.10000E+00    0.50249E-02    1.59         test_N_all          
.3800E+00   100.000  0.164E+03   0.10075E+00   0.00000E+00   0.10000E+00    0.50249E-02    0.02         test_N_all          
.3900E+00   100.000  0.157E+03   0.95320E-01   0.00000E+00   0.10000E+00    0.50249E-02   -0.87         test_N_all          
.4000E+00   100.000  0.151E+03   0.90039E-01   0.00000E+00   0.10000E+00    0.17692E-02  -31.70         test_N_all          
.4100E+00   100.000  0.145E+03   0.84918E-01   0.00000E+00   0.10000E+00    0.50249E-02   -9.01         test_N_all          
.4200E+00   100.000  0.139E+03   0.79957E-01   0.00000E+00   0.10000E+00    0.50249E-02  -15.91         test_N_all          
.4300E+00   100.000  0.133E+03   0.75162E-01   0.00000E+00   0.10000E+00    0.50249E-02  -24.43         test_N_all          
.4400E+00   100.000  0.128E+03   0.70537E-01   0.00000E+00   0.10000E+00    0.50249E-02  -34.38         test_N_all          
.4500E+00   100.000  0.123E+03   0.66082E-01   0.00000E+00   0.10000E+00    0.50249E-02  -45.56         test_N_all          
.4600E+00   100.000  0.118E+03   0.61802E-01   0.00000E+00   0.10000E+00    0.50249E-02  -57.78         test_N_all          
.4700E+00   100.000  0.114E+03   0.57697E-01   0.00000E+00   0.10000E+00    0.50249E-02  -70.87         test_N_all          
.4800E+00   100.000  0.109E+03   0.53767E-01   0.00000E+00   0.10000E+00    0.50249E-02  -84.65         test_N_all          
.4900E+00   100.000  0.105E+03   0.50015E-01   0.00000E+00   0.10000E+00    0.50249E-02  -98.95         test_N_all          
.5000E+00   100.000  0.101E+03   0.46437E-01   0.00000E+00   0.10000E+00    0.17692E-02 -916.60         test_N_all          
.5100E+00   100.000  0.970E+02   0.43036E-01   0.00000E+00   0.10000E+00    0.50249E-02 -128.51         test_N_all          
.5200E+00   100.000  0.932E+02   0.39807E-01   0.00000E+00   0.10000E+00    0.50249E-02 -143.49         test_N_all          
.5300E+00   100.000  0.896E+02   0.36748E-01   0.00000E+00   0.10000E+00    0.50249E-02 -158.45         test_N_all          
.5400E+00   100.000  0.861E+02   0.33859E-01   0.00000E+00   0.10000E+00    0.50249E-02 -173.25         test_N_all          
.5500E+00   100.000  0.827E+02   0.31133E-01   0.00000E+00   0.10000E+00    0.50249E-02 -187.83         test_N_all          
.5600E+00   100.000  0.795E+02   0.28568E-01   0.00000E+00   0.10000E+00    0.50249E-02 -202.08         test_N_all          
.5700E+00   100.000  0.763E+02   0.26159E-01   0.00000E+00   0.10000E+00    0.50249E-02 -215.94         test_N_all          
.5800E+00   100.000  0.733E+02   0.23902E-01   0.00000E+00   0.10000E+00    0.50249E-02 -229.34         test_N_all          
.5900E+00   100.000  0.704E+02   0.21792E-01   0.00000E+00   0.10000E+00    0.50249E-02 -242.24         test_N_all          
.6000E+00   100.000  0.675E+02   0.19824E-01   0.00000E+00   0.10000E+00    0.17692E-02 *******         test_N_all          
.6100E+00   100.000  0.648E+02   0.17991E-01   0.00000E+00   0.10000E+00    0.50249E-02 -266.35         test_N_all          
.6200E+00   100.000  0.622E+02   0.16290E-01   0.00000E+00   0.10000E+00    0.50249E-02 -277.52         test_N_all          
.6300E+00   100.000  0.596E+02   0.14713E-01   0.00000E+00   0.10000E+00    0.50249E-02 -288.08         test_N_all          
.6400E+00   100.000  0.571E+02   0.13254E-01   0.00000E+00   0.10000E+00    0.50249E-02 -298.01         test_N_all          
.6500E+00   100.000  0.547E+02   0.11909E-01   0.00000E+00   0.10000E+00    0.50249E-02 -307.33         test_N_all          
.6600E+00   100.000  0.524E+02   0.10670E-01   0.00000E+00   0.10000E+00    0.50249E-02 -316.03         test_N_all          
.6700E+00   100.000  0.501E+02   0.95333E-02   0.00000E+00   0.10000E+00    0.50249E-02 -324.13         test_N_all          
.6800E+00   100.000  0.479E+02   0.84919E-02   0.00000E+00   0.10000E+00    0.50249E-02 -331.63         test_N_all          
.6900E+00   100.000  0.458E+02   0.75396E-02   0.00000E+00   0.10000E+00    0.50249E-02 -338.57         test_N_all          
.7000E+00   100.000  0.437E+02   0.66721E-02   0.00000E+00   0.10000E+00    0.17692E-02 *******         test_N_all          
.7100E+00   100.000  0.417E+02   0.58831E-02   0.00000E+00   0.10000E+00    0.50249E-02 -350.81         test_N_all          
.7200E+00   100.000  0.398E+02   0.51676E-02   0.00000E+00   0.10000E+00    0.50249E-02 -356.17         test_N_all          
.7300E+00   100.000  0.379E+02   0.45212E-02   0.00000E+00   0.10000E+00    0.50249E-02 -361.04         test_N_all          
.7400E+00   100.000  0.360E+02   0.39377E-02   0.00000E+00   0.10000E+00    0.50249E-02 -365.46         test_N_all          
.7500E+00   100.000  0.342E+02   0.34139E-02   0.00000E+00   0.10000E+00    0.50249E-02 -369.46         test_N_all          
.7600E+00   100.000  0.325E+02   0.29445E-02   0.00000E+00   0.10000E+00    0.50249E-02 -373.06         test_N_all          
.7700E+00   100.000  0.308E+02   0.25255E-02   0.00000E+00   0.10000E+00    0.50249E-02 -376.29         test_N_all          
.7800E+00   100.000  0.291E+02   0.21535E-02   0.00000E+00   0.10000E+00    0.50249E-02 -379.17         test_N_all          
.7900E+00   100.000  0.275E+02   0.18235E-02   0.00000E+00   0.10000E+00    0.50249E-02 -381.73         test_N_all          
.8000E+00   100.000  0.259E+02   0.15332E-02   0.00000E+00   0.10000E+00    0.17692E-02 *******         test_N_all          
.8100E+00   100.000  0.243E+02   0.12785E-02   0.00000E+00   0.10000E+00    0.50249E-02 -385.98         test_N_all          
.8200E+00   100.000  0.228E+02   0.10565E-02   0.00000E+00   0.10000E+00    0.50249E-02 -387.72         test_N_all          
.8300E+00   100.000  0.214E+02   0.86487E-03   0.00000E+00   0.10000E+00    0.50249E-02 -389.22         test_N_all          
.8400E+00   100.000  0.199E+02   0.69939E-03   0.00000E+00   0.10000E+00    0.50249E-02 -390.52         test_N_all          
.8500E+00   100.000  0.185E+02   0.55861E-03   0.00000E+00   0.10000E+00    0.50249E-02 -391.63         test_N_all          
.8600E+00   100.000  0.172E+02   0.43980E-03   0.00000E+00   0.10000E+00    0.50249E-02 -392.56         test_N_all          
.8700E+00   100.000  0.158E+02   0.34026E-03   0.00000E+00   0.10000E+00    0.50249E-02 -393.35         test_N_all          
.8800E+00   100.000  0.145E+02   0.25852E-03   0.00000E+00   0.10000E+00    0.50249E-02 -393.99         test_N_all          
.8900E+00   100.000  0.132E+02   0.19172E-03   0.00000E+00   0.10000E+00    0.50249E-02 -394.52         test_N_all          
.9000E+00   100.000  0.120E+02   0.13847E-03   0.00000E+00   0.10000E+00    0.17692E-02 *******         test_N_all          
.9100E+00   100.000  0.108E+02   0.96992E-04   0.00000E+00   0.10000E+00    0.50249E-02 -395.27         test_N_all          
.9200E+00   100.000  0.958E+01   0.65065E-04   0.00000E+00   0.10000E+00    0.50249E-02 -395.52         test_N_all          
.9300E+00   100.000  0.841E+01   0.41769E-04   0.00000E+00   0.10000E+00    0.50249E-02 -395.71         test_N_all          
.9400E+00   100.000  0.726E+01   0.25012E-04   0.00000E+00   0.10000E+00    0.50249E-02 -395.84         test_N_all          
.9500E+00   100.000  0.614E+01   0.13726E-04   0.00000E+00   0.10000E+00    0.50249E-02 -395.93         test_N_all          
.9600E+00   100.000  0.505E+01   0.68875E-05   0.00000E+00   0.10000E+00    0.50249E-02 -395.99         test_N_all          
.9700E+00   100.000  0.397E+01   0.26972E-05   0.00000E+00   0.10000E+00    0.50249E-02 -396.02         test_N_all          
.9800E+00   100.000  0.292E+01   0.88239E-06   0.00000E+00   0.10000E+00    0.50249E-02 -396.03         test_N_all          
.9900E+00   100.000  0.189E+01   0.57505E-06   0.00000E+00   0.10000E+00    0.50249E-02 -396.04         test_N_all          
.1000E+01   100.000  0.882E+00   0.75232E-06   0.00000E+00   0.10000E+00    0.50249E-02 -396.03         test_N_all          



 CHI SQUARE=******** FOR  582 POINTS   CHISQ/NPTS=  673.32
 Signed chisquare total =********
 Modified residual =********


Summary normalization chi2 contributions

 data set     normalization        error         chisq


Summary chi2 per data set

 data set                chisq    _w     signd    _w     resid     _w   npts   chisq/pts  _w
test_N_all            391870.0        113672.2        ********           582  673.32
------------------------------------------------------------------------------------
          TOTAL       391870.0391870.0113672.2     0.0****************   582  673.32  673.32
          TOTAL+norm  391870.0391870.0                                   582  673.32  673.32



            Momentum Sum Rule Check


      q2      alphas      xuv       xdv       xub       xdb       xsb       xcb       xbb      xglue     total
      1.69    0.3845    0.3196    0.1360    0.0562    0.0688    0.0250    0.0000    0.0000    0.3947    1.0002
    100.00    0.1784    0.2252    0.0958    0.0655    0.0744    0.0436    0.0260    0.0088    0.4580    0.9972
   1000.00    0.1407    0.0000    0.0000    0.0000    0.0000    0.0000    0.0000    0.0000    0.0000    0.0000
   8315.00    0.1180    0.0000    0.0000    0.0000    0.0000    0.0000    0.0000    0.0000    0.0000    0.0000


 Vector Boson Cross Sections

 sqrt(s)   sigma(W)    error    theory

   1960.     2.865     0.063       0.000     D0

   1960.     2.749     0.054       0.000     CDF

   7000.     9.95      0.29        0.000     CMS

   7000.     9.96      0.55        0.000     ATLAS

 sqrt(s)   sigma(Z)    error    theory

   1960.     .2649     .0094       0.000     D0

   1960.     .2549     .0057       0.000     CDF

   7000.     .931      0.035       0.000     CMS

   7000.     .82       0.08        0.000     ATLAS


