 Correlated errors added in quadrature with statistical errors
 test_P_all           DIS data with   1.69< Q2 < 0.500D+03 and 0.000 < xB < 1.000 and   0.00< W2 < 0.100D+05 and 0.000 < y < 1.000
   GP TMC applied
   no HT corrections

# fitpack15: fit output
# CJ15 AV18 final data choices                                                 

Parametrization   7 used here

 S-ACOT scheme used  for NC DIS

 charm mass =     1.30 GeV     bottom mass =     4.50 GeV



 THIS IS A NEXT TO LEADING ORDER FIT

 Q02=    1.69
         1  LAMBDA      VALUE=   0.22680      WEIGHT=    0.0000    
         2  a0uv        VALUE=    1.7457      WEIGHT=    0.0000    
         3  a1uv        VALUE=   0.54764      WEIGHT=   0.26959E-01
         4  a2uv        VALUE=    3.6306      WEIGHT=   0.13650E-01
         5  a3uv        VALUE=    0.0000      WEIGHT=    0.0000    
         6  a4uv        VALUE=    5.5917      WEIGHT=   0.84809    
         7  a5uv        VALUE=    0.0000      WEIGHT=    0.0000    
         8  a0dv        VALUE=    25.577      WEIGHT=    0.0000    
         9  a1dv        VALUE=    1.1700      WEIGHT=   0.36402E-01
        10  a2dv        VALUE=    6.6136      WEIGHT=   0.20188    
        11  a3dv        VALUE=   -3.4801      WEIGHT=   0.10840    
        12  a4dv        VALUE=    4.6254      WEIGHT=   0.16564    
        13  a5dv        VALUE=    0.0000      WEIGHT=    0.0000    
        14  a0ud        VALUE=   0.14138      WEIGHT=   0.49857E-02
        15  a1ud        VALUE=  -0.21122      WEIGHT=   0.38239E-02
        16  a2ud        VALUE=    8.7281      WEIGHT=   0.19840    
        17  a3ud        VALUE=    0.0000      WEIGHT=    0.0000    
        18  a4ud        VALUE=    16.500      WEIGHT=    1.3887    
        19  a5ud        VALUE=    0.0000      WEIGHT=    0.0000    
        20  a0du        VALUE=    35712.      WEIGHT=    0.0000    
        21  a1du        VALUE=    4.2615      WEIGHT=   0.13411    
        22  a2du        VALUE=    20.308      WEIGHT=    1.3016    
        23  a3du        VALUE=    17.000      WEIGHT=    0.0000    
        24  a4du        VALUE=    63.487      WEIGHT=    17.001    
        25  a0g         VALUE=    44.064      WEIGHT=    0.0000    
        26  a1g         VALUE=   0.59687      WEIGHT=   0.28051E-01
        27  a2g         VALUE=    5.5504      WEIGHT=   0.74913    
        28  a3g         VALUE=   -3.3487      WEIGHT=   0.11406    
        29  a4g         VALUE=    3.1108      WEIGHT=   0.23372    
        30  a5g         VALUE=    0.0000      WEIGHT=    0.0000    
        31  kappa       VALUE=   0.40000      WEIGHT=    0.0000    
        32  a6dv        VALUE=  -0.36490E-02  WEIGHT=   0.74460E-03
        33  a7dv        VALUE=    2.0000      WEIGHT=    0.0000    
        34  off1        VALUE=  -0.11492      WEIGHT=   0.12672    
        35  off2        VALUE=  -0.10958      WEIGHT=   0.86942    
        36  off3        VALUE=   0.27576      WEIGHT=    1.4024    
        37  ht1         VALUE=   -5.1455      WEIGHT=    1.4308    
        38  ht2         VALUE=    2.3971      WEIGHT=   0.22287    
        39  ht3         VALUE=   -2.0803      WEIGHT=   0.38163E-01
        40  ht4         VALUE=    2.6917      WEIGHT=   0.16065    
        41  ht1n        VALUE=   -7.7187      WEIGHT=    7.4089    
        42  ht2n        VALUE=    2.7142      WEIGHT=   0.67060    
        43  ht3n        VALUE=   -2.2403      WEIGHT=   0.85440E-01
        44  ht4n        VALUE=    3.4486      WEIGHT=   0.66644    
        45  dummy45     VALUE=    0.0000      WEIGHT=    0.0000    
        46  dummy46     VALUE=    0.0000      WEIGHT=    0.0000    
        47  dummy47     VALUE=    0.0000      WEIGHT=    0.0000    
        48  dummy48     VALUE=    0.0000      WEIGHT=    0.0000    
        49  dummy49     VALUE=    0.0000      WEIGHT=    0.0000    
        50  bcdmsh2     VALUE=   0.97134      WEIGHT=   0.49270E-02
        51  bcdmsd2     VALUE=   0.99272      WEIGHT=   0.59376E-02
        52  ccfr        VALUE=    1.0000      WEIGHT=    0.0000    
        53  nutev       VALUE=    1.0000      WEIGHT=    0.0000    
        54  zeus        VALUE=   0.97998      WEIGHT=    0.0000    
        55  h1          VALUE=    1.0162      WEIGHT=    0.0000    
        56  e605        VALUE=    1.0319      WEIGHT=    0.0000    
        57  NmcH2       VALUE=    1.0072      WEIGHT=   0.71660E-02
        58  ntv_nu      VALUE=    1.0000      WEIGHT=    0.0000    
        59  ntv_nubar   VALUE=    1.0000      WEIGHT=    0.0000    
        60  cdf_jet     VALUE=   0.98910      WEIGHT=    0.0000    
        61  d0_jet      VALUE=   0.83504      WEIGHT=    0.0000    
        62  slac_p      VALUE=   0.99973      WEIGHT=   0.52696E-02
        63  slac_d      VALUE=    1.0035      WEIGHT=   0.54461E-02
        64  e866pp      VALUE=   0.99052      WEIGHT=   0.19934E-01
        65  e866pd      VALUE=   0.95016      WEIGHT=   0.17833E-01
        66  d0_gamjet   VALUE=    1.0388      WEIGHT=   0.16537E-01
        67  h1b         VALUE=   0.97608      WEIGHT=    0.0000    
        68  jlab_p      VALUE=   0.98575      WEIGHT=   0.64287E-02
        69  jlab_d      VALUE=   0.97604      WEIGHT=   0.61830E-02
        70  blank       VALUE=    1.0000      WEIGHT=    0.0000    
        71  d0run2      VALUE=   0.95120      WEIGHT=   0.15423E-01
        72  cdfrun2     VALUE=   0.93580      WEIGHT=   0.17814E-01
        73  HERA_el     VALUE=    1.0000      WEIGHT=    0.0000    
        74  HERA_ps     VALUE=    1.0000      WEIGHT=    0.0000    
        75  CDF_Z       VALUE=   0.95581      WEIGHT=   0.67502E-02
        76  NmcRat      VALUE=    1.0000      WEIGHT=    0.0000    
        77  BNS_F2nd    VALUE=   0.97628      WEIGHT=   0.12771E-01
        78  HERMES_F2p  VALUE=   0.99364      WEIGHT=   0.57957E-02
        79  HERMES_F2d  VALUE=   0.97918      WEIGHT=   0.59284E-02
0THE TOLERANCE IS    0.1000
 THE MAXIMUM NUMBER OF STEPS IS 100
0THE INITIAL CHI SQUARED IS  6.46011E+05



     X        Q2         W2       THEORY        error         DATA           ERROR        chi^2     _w    ITYPE
.1000E-01     2.000  0.199E+03   0.35389E+00   0.00000E+00   0.10000E+00    0.50249E-02 2552.81         test_P_all          
.2000E-01     2.000  0.989E+02   0.33514E+00   0.00000E+00   0.10000E+00    0.50249E-02 2189.71         test_P_all          
.3000E-01     2.000  0.655E+02   0.33089E+00   0.00000E+00   0.10000E+00    0.50249E-02 2111.26         test_P_all          
.4000E-01     2.000  0.489E+02   0.33398E+00   0.00000E+00   0.10000E+00    0.50249E-02 2168.15         test_P_all          
.5000E-01     2.000  0.389E+02   0.33767E+00   0.00000E+00   0.10000E+00    0.50249E-02 2237.11         test_P_all          
.6000E-01     2.000  0.322E+02   0.34248E+00   0.00000E+00   0.10000E+00    0.50249E-02 2328.54         test_P_all          
.7000E-01     2.000  0.275E+02   0.34671E+00   0.00000E+00   0.10000E+00    0.50249E-02 2410.47         test_P_all          
.8000E-01     2.000  0.239E+02   0.35033E+00   0.00000E+00   0.10000E+00    0.50249E-02 2481.78         test_P_all          
.9000E-01     2.000  0.211E+02   0.35341E+00   0.00000E+00   0.10000E+00    0.50249E-02 2543.23         test_P_all          
.1000E+00     2.000  0.189E+02   0.35580E+00   0.00000E+00   0.10000E+00    0.50249E-02 2591.37         test_P_all          
.1100E+00     2.000  0.171E+02   0.35777E+00   0.00000E+00   0.10000E+00    0.50249E-02 2631.46         test_P_all          
.1200E+00     2.000  0.155E+02   0.35924E+00   0.00000E+00   0.10000E+00    0.50249E-02 2661.53         test_P_all          
.1300E+00     2.000  0.143E+02   0.36024E+00   0.00000E+00   0.10000E+00    0.50249E-02 2682.17         test_P_all          
.1400E+00     2.000  0.132E+02   0.36095E+00   0.00000E+00   0.10000E+00    0.50249E-02 2696.80         test_P_all          
.1500E+00     2.000  0.122E+02   0.36124E+00   0.00000E+00   0.10000E+00    0.50249E-02 2702.76         test_P_all          
.1600E+00     2.000  0.114E+02   0.36118E+00   0.00000E+00   0.10000E+00    0.50249E-02 2701.53         test_P_all          
.1700E+00     2.000  0.106E+02   0.36076E+00   0.00000E+00   0.10000E+00    0.50249E-02 2692.89         test_P_all          
.1800E+00     2.000  0.999E+01   0.35996E+00   0.00000E+00   0.10000E+00    0.50249E-02 2676.43         test_P_all          
.1900E+00     2.000  0.941E+01   0.35879E+00   0.00000E+00   0.10000E+00    0.50249E-02 2652.37         test_P_all          
.2000E+00     2.000  0.888E+01   0.35724E+00   0.00000E+00   0.10000E+00    0.50249E-02 2620.63         test_P_all          
.2100E+00     2.000  0.841E+01   0.35529E+00   0.00000E+00   0.10000E+00    0.50249E-02 2581.15         test_P_all          
.2200E+00     2.000  0.797E+01   0.35295E+00   0.00000E+00   0.10000E+00    0.50249E-02 2534.00         test_P_all          
.2300E+00     2.000  0.758E+01   0.35023E+00   0.00000E+00   0.10000E+00    0.50249E-02 2479.71         test_P_all          
.2400E+00     2.000  0.722E+01   0.34709E+00   0.00000E+00   0.10000E+00    0.50249E-02 2418.05         test_P_all          
.2500E+00     2.000  0.688E+01   0.34358E+00   0.00000E+00   0.10000E+00    0.50249E-02 2349.83         test_P_all          
.2600E+00     2.000  0.657E+01   0.33971E+00   0.00000E+00   0.10000E+00    0.50249E-02 2275.59         test_P_all          
.2700E+00     2.000  0.629E+01   0.33545E+00   0.00000E+00   0.10000E+00    0.50249E-02 2195.56         test_P_all          
.2800E+00     2.000  0.602E+01   0.33086E+00   0.00000E+00   0.10000E+00    0.50249E-02 2110.71         test_P_all          
.2900E+00     2.000  0.578E+01   0.32593E+00   0.00000E+00   0.10000E+00    0.50249E-02 2021.65         test_P_all          
.3000E+00     2.000  0.555E+01   0.32070E+00   0.00000E+00   0.10000E+00    0.18868E-02 *******         test_P_all          
.3100E+00     2.000  0.533E+01   0.31518E+00   0.00000E+00   0.10000E+00    0.50249E-02 1833.71         test_P_all          
.3200E+00     2.000  0.513E+01   0.30939E+00   0.00000E+00   0.10000E+00    0.50249E-02 1736.42         test_P_all          
.3300E+00     2.000  0.494E+01   0.30336E+00   0.00000E+00   0.10000E+00    0.50249E-02 1637.89         test_P_all          
.3400E+00     2.000  0.476E+01   0.29712E+00   0.00000E+00   0.10000E+00    0.50249E-02 1538.88         test_P_all          
.3500E+00     2.000  0.460E+01   0.29069E+00   0.00000E+00   0.10000E+00    0.50249E-02 1440.07         test_P_all          
.3600E+00     2.000  0.444E+01   0.28409E+00   0.00000E+00   0.10000E+00    0.50249E-02 1342.10         test_P_all          
.3700E+00     2.000  0.429E+01   0.27734E+00   0.00000E+00   0.10000E+00    0.50249E-02 1245.56         test_P_all          
.3800E+00     2.000  0.414E+01   0.27048E+00   0.00000E+00   0.10000E+00    0.50249E-02 1151.06         test_P_all          
.3900E+00     2.000  0.401E+01   0.26352E+00   0.00000E+00   0.10000E+00    0.50249E-02 1059.02         test_P_all          
.4000E+00     2.000  0.388E+01   0.25649E+00   0.00000E+00   0.10000E+00    0.17692E-02 7823.98         test_P_all          
.4100E+00     2.000  0.376E+01   0.24941E+00   0.00000E+00   0.10000E+00    0.50249E-02  884.04         test_P_all          
.4200E+00     2.000  0.364E+01   0.24229E+00   0.00000E+00   0.10000E+00    0.50249E-02  801.79         test_P_all          
.4300E+00     2.000  0.353E+01   0.23515E+00   0.00000E+00   0.10000E+00    0.50249E-02  723.39         test_P_all          
.4400E+00     2.000  0.343E+01   0.22802E+00   0.00000E+00   0.10000E+00    0.50249E-02  649.08         test_P_all          
.4500E+00     2.000  0.333E+01   0.22091E+00   0.00000E+00   0.10000E+00    0.50249E-02  578.98         test_P_all          
.4600E+00     2.000  0.323E+01   0.21383E+00   0.00000E+00   0.10000E+00    0.50249E-02  513.19         test_P_all          
.4700E+00     2.000  0.314E+01   0.20681E+00   0.00000E+00   0.10000E+00    0.50249E-02  451.81         test_P_all          
.4800E+00     2.000  0.305E+01   0.19985E+00   0.00000E+00   0.10000E+00    0.50249E-02  394.84         test_P_all          
.4900E+00     2.000  0.296E+01   0.19296E+00   0.00000E+00   0.10000E+00    0.50249E-02  342.27         test_P_all          
.5000E+00     2.000  0.288E+01   0.18617E+00   0.00000E+00   0.10000E+00    0.17692E-02 2372.17         test_P_all          
.5100E+00     2.000  0.280E+01   0.17947E+00   0.00000E+00   0.10000E+00    0.50249E-02  250.13         test_P_all          
.5200E+00     2.000  0.273E+01   0.17288E+00   0.00000E+00   0.10000E+00    0.50249E-02  210.37         test_P_all          
.5300E+00     2.000  0.266E+01   0.16641E+00   0.00000E+00   0.10000E+00    0.50249E-02  174.66         test_P_all          
.5400E+00     2.000  0.259E+01   0.16006E+00   0.00000E+00   0.10000E+00    0.50249E-02  142.87         test_P_all          
.5500E+00     2.000  0.252E+01   0.15385E+00   0.00000E+00   0.10000E+00    0.50249E-02  114.83         test_P_all          
.5600E+00     2.000  0.245E+01   0.14777E+00   0.00000E+00   0.10000E+00    0.50249E-02   90.36         test_P_all          
.5700E+00     2.000  0.239E+01   0.14183E+00   0.00000E+00   0.10000E+00    0.50249E-02   69.30         test_P_all          
.5800E+00     2.000  0.233E+01   0.13604E+00   0.00000E+00   0.10000E+00    0.50249E-02   51.44         test_P_all          
.5900E+00     2.000  0.227E+01   0.13040E+00   0.00000E+00   0.10000E+00    0.50249E-02   36.60         test_P_all          
.6000E+00     2.000  0.222E+01   0.12491E+00   0.00000E+00   0.10000E+00    0.17692E-02  198.28         test_P_all          
.6100E+00     2.000  0.216E+01   0.11958E+00   0.00000E+00   0.10000E+00    0.50249E-02   15.19         test_P_all          
.6200E+00     2.000  0.211E+01   0.11441E+00   0.00000E+00   0.10000E+00    0.50249E-02    8.22         test_P_all          
.6300E+00     2.000  0.206E+01   0.10939E+00   0.00000E+00   0.10000E+00    0.50249E-02    3.49         test_P_all          
.6400E+00     2.000  0.201E+01   0.10452E+00   0.00000E+00   0.10000E+00    0.50249E-02    0.81         test_P_all          
.6500E+00     2.000  0.196E+01   0.99822E-01   0.00000E+00   0.10000E+00    0.50249E-02   -0.00         test_P_all          
.6600E+00     2.000  0.191E+01   0.95275E-01   0.00000E+00   0.10000E+00    0.50249E-02   -0.88         test_P_all          
.6700E+00     2.000  0.187E+01   0.90883E-01   0.00000E+00   0.10000E+00    0.50249E-02   -3.29         test_P_all          
.6800E+00     2.000  0.182E+01   0.86646E-01   0.00000E+00   0.10000E+00    0.50249E-02   -7.06         test_P_all          
.6900E+00     2.000  0.178E+01   0.82562E-01   0.00000E+00   0.10000E+00    0.50249E-02  -12.04         test_P_all          
.7000E+00     2.000  0.174E+01   0.78628E-01   0.00000E+00   0.10000E+00    0.17692E-02 -145.93         test_P_all          
.7100E+00     2.000  0.170E+01   0.74840E-01   0.00000E+00   0.10000E+00    0.50249E-02  -25.07         test_P_all          
.7200E+00     2.000  0.166E+01   0.71199E-01   0.00000E+00   0.10000E+00    0.50249E-02  -32.85         test_P_all          
.7300E+00     2.000  0.162E+01   0.67701E-01   0.00000E+00   0.10000E+00    0.50249E-02  -41.32         test_P_all          
.7400E+00     2.000  0.158E+01   0.64342E-01   0.00000E+00   0.10000E+00    0.50249E-02  -50.36         test_P_all          
.7500E+00     2.000  0.155E+01   0.61117E-01   0.00000E+00   0.10000E+00    0.50249E-02  -59.88         test_P_all          
.7600E+00     2.000  0.151E+01   0.58026E-01   0.00000E+00   0.10000E+00    0.50249E-02  -69.78         test_P_all          
.7700E+00     2.000  0.148E+01   0.55065E-01   0.00000E+00   0.10000E+00    0.50249E-02  -79.97         test_P_all          
.7800E+00     2.000  0.145E+01   0.52230E-01   0.00000E+00   0.10000E+00    0.50249E-02  -90.38         test_P_all          
.7900E+00     2.000  0.141E+01   0.49516E-01   0.00000E+00   0.10000E+00    0.50249E-02 -100.94         test_P_all          
.8000E+00     2.000  0.138E+01   0.46920E-01   0.00000E+00   0.10000E+00    0.17692E-02 -900.17         test_P_all          
.8100E+00     2.000  0.135E+01   0.44440E-01   0.00000E+00   0.10000E+00    0.50249E-02 -122.25         test_P_all          
.8200E+00     2.000  0.132E+01   0.42072E-01   0.00000E+00   0.10000E+00    0.50249E-02 -132.90         test_P_all          
.8300E+00     2.000  0.129E+01   0.39811E-01   0.00000E+00   0.10000E+00    0.50249E-02 -143.48         test_P_all          
.8400E+00     2.000  0.126E+01   0.37652E-01   0.00000E+00   0.10000E+00    0.50249E-02 -153.95         test_P_all          
.8500E+00     2.000  0.123E+01   0.35595E-01   0.00000E+00   0.10000E+00    0.50249E-02 -164.28         test_P_all          
.8600E+00     2.000  0.121E+01   0.33635E-01   0.00000E+00   0.10000E+00    0.50249E-02 -174.43         test_P_all          
.8700E+00     2.000  0.118E+01   0.31767E-01   0.00000E+00   0.10000E+00    0.50249E-02 -184.38         test_P_all          
.8800E+00     2.000  0.115E+01   0.29989E-01   0.00000E+00   0.10000E+00    0.50249E-02 -194.12         test_P_all          
.8900E+00     2.000  0.113E+01   0.28296E-01   0.00000E+00   0.10000E+00    0.50249E-02 -203.62         test_P_all          
.9000E+00     2.000  0.110E+01   0.26687E-01   0.00000E+00   0.10000E+00    0.17692E-02 *******         test_P_all          
.9100E+00     2.000  0.108E+01   0.25158E-01   0.00000E+00   0.10000E+00    0.50249E-02 -221.83         test_P_all          
.9200E+00     2.000  0.106E+01   0.23705E-01   0.00000E+00   0.10000E+00    0.50249E-02 -230.53         test_P_all          
.9300E+00     2.000  0.103E+01   0.22325E-01   0.00000E+00   0.10000E+00    0.50249E-02 -238.95         test_P_all          
.9400E+00     2.000  0.101E+01   0.21014E-01   0.00000E+00   0.10000E+00    0.50249E-02 -247.08         test_P_all          
.9500E+00     2.000  0.987E+00   0.19771E-01   0.00000E+00   0.10000E+00    0.50249E-02 -254.92         test_P_all          
.9600E+00     2.000  0.965E+00   0.18593E-01   0.00000E+00   0.10000E+00    0.50249E-02 -262.46         test_P_all          
.9700E+00     2.000  0.944E+00   0.17476E-01   0.00000E+00   0.10000E+00    0.50249E-02 -269.71         test_P_all          
.9800E+00     2.000  0.923E+00   0.16417E-01   0.00000E+00   0.10000E+00    0.50249E-02 -276.68         test_P_all          
.9900E+00     2.000  0.902E+00   0.15414E-01   0.00000E+00   0.10000E+00    0.50249E-02 -283.36         test_P_all          
.1000E+01     2.000  0.882E+00   0.14465E-01   0.00000E+00   0.10000E+00    0.50249E-02 -289.75         test_P_all          
.1000E-01     5.000  0.496E+03   0.46137E+00   0.00000E+00   0.10000E+00    0.50249E-02 5171.78         test_P_all          
.2000E-01     5.000  0.246E+03   0.41557E+00   0.00000E+00   0.10000E+00    0.50249E-02 3943.85         test_P_all          
.3000E-01     5.000  0.163E+03   0.39634E+00   0.00000E+00   0.10000E+00    0.50249E-02 3477.91         test_P_all          
.4000E-01     5.000  0.121E+03   0.38978E+00   0.00000E+00   0.10000E+00    0.50249E-02 3325.61         test_P_all          
.5000E-01     5.000  0.959E+02   0.38498E+00   0.00000E+00   0.10000E+00    0.50249E-02 3216.49         test_P_all          
.6000E-01     5.000  0.792E+02   0.38288E+00   0.00000E+00   0.10000E+00    0.50249E-02 3169.13         test_P_all          
.7000E-01     5.000  0.673E+02   0.38083E+00   0.00000E+00   0.10000E+00    0.50249E-02 3123.47         test_P_all          
.8000E-01     5.000  0.584E+02   0.37907E+00   0.00000E+00   0.10000E+00    0.50249E-02 3084.34         test_P_all          
.9000E-01     5.000  0.514E+02   0.37725E+00   0.00000E+00   0.10000E+00    0.50249E-02 3044.33         test_P_all          
.1000E+00     5.000  0.459E+02   0.37533E+00   0.00000E+00   0.10000E+00    0.50249E-02 3002.16         test_P_all          
.1100E+00     5.000  0.413E+02   0.37335E+00   0.00000E+00   0.10000E+00    0.50249E-02 2959.22         test_P_all          
.1200E+00     5.000  0.375E+02   0.37130E+00   0.00000E+00   0.10000E+00    0.50249E-02 2915.02         test_P_all          
.1300E+00     5.000  0.343E+02   0.36912E+00   0.00000E+00   0.10000E+00    0.50249E-02 2868.34         test_P_all          
.1400E+00     5.000  0.316E+02   0.36682E+00   0.00000E+00   0.10000E+00    0.50249E-02 2819.50         test_P_all          
.1500E+00     5.000  0.292E+02   0.36436E+00   0.00000E+00   0.10000E+00    0.50249E-02 2767.87         test_P_all          
.1600E+00     5.000  0.271E+02   0.36173E+00   0.00000E+00   0.10000E+00    0.50249E-02 2712.92         test_P_all          
.1700E+00     5.000  0.253E+02   0.35890E+00   0.00000E+00   0.10000E+00    0.50249E-02 2654.57         test_P_all          
.1800E+00     5.000  0.237E+02   0.35585E+00   0.00000E+00   0.10000E+00    0.50249E-02 2592.50         test_P_all          
.1900E+00     5.000  0.222E+02   0.35255E+00   0.00000E+00   0.10000E+00    0.50249E-02 2526.03         test_P_all          
.2000E+00     5.000  0.209E+02   0.34901E+00   0.00000E+00   0.10000E+00    0.50249E-02 2455.64         test_P_all          
.2100E+00     5.000  0.197E+02   0.34518E+00   0.00000E+00   0.10000E+00    0.50249E-02 2380.66         test_P_all          
.2200E+00     5.000  0.186E+02   0.34107E+00   0.00000E+00   0.10000E+00    0.50249E-02 2301.53         test_P_all          
.2300E+00     5.000  0.176E+02   0.33669E+00   0.00000E+00   0.10000E+00    0.50249E-02 2218.71         test_P_all          
.2400E+00     5.000  0.167E+02   0.33201E+00   0.00000E+00   0.10000E+00    0.50249E-02 2131.81         test_P_all          
.2500E+00     5.000  0.159E+02   0.32705E+00   0.00000E+00   0.10000E+00    0.50249E-02 2041.67         test_P_all          
.2600E+00     5.000  0.151E+02   0.32181E+00   0.00000E+00   0.10000E+00    0.50249E-02 1948.51         test_P_all          
.2700E+00     5.000  0.144E+02   0.31630E+00   0.00000E+00   0.10000E+00    0.50249E-02 1852.83         test_P_all          
.2800E+00     5.000  0.137E+02   0.31053E+00   0.00000E+00   0.10000E+00    0.50249E-02 1755.34         test_P_all          
.2900E+00     5.000  0.131E+02   0.30451E+00   0.00000E+00   0.10000E+00    0.50249E-02 1656.42         test_P_all          
.3000E+00     5.000  0.125E+02   0.29827E+00   0.00000E+00   0.10000E+00    0.18868E-02 *******         test_P_all          
.3100E+00     5.000  0.120E+02   0.29182E+00   0.00000E+00   0.10000E+00    0.50249E-02 1457.17         test_P_all          
.3200E+00     5.000  0.115E+02   0.28517E+00   0.00000E+00   0.10000E+00    0.50249E-02 1357.99         test_P_all          
.3300E+00     5.000  0.110E+02   0.27836E+00   0.00000E+00   0.10000E+00    0.50249E-02 1259.88         test_P_all          
.3400E+00     5.000  0.106E+02   0.27139E+00   0.00000E+00   0.10000E+00    0.50249E-02 1163.40         test_P_all          
.3500E+00     5.000  0.102E+02   0.26430E+00   0.00000E+00   0.10000E+00    0.50249E-02 1069.06         test_P_all          
.3600E+00     5.000  0.977E+01   0.25709E+00   0.00000E+00   0.10000E+00    0.50249E-02  977.30         test_P_all          
.3700E+00     5.000  0.940E+01   0.24979E+00   0.00000E+00   0.10000E+00    0.50249E-02  888.61         test_P_all          
.3800E+00     5.000  0.904E+01   0.24242E+00   0.00000E+00   0.10000E+00    0.50249E-02  803.31         test_P_all          
.3900E+00     5.000  0.870E+01   0.23500E+00   0.00000E+00   0.10000E+00    0.50249E-02  721.74         test_P_all          
.4000E+00     5.000  0.838E+01   0.22754E+00   0.00000E+00   0.10000E+00    0.17692E-02 5196.84         test_P_all          
.4100E+00     5.000  0.808E+01   0.22006E+00   0.00000E+00   0.10000E+00    0.50249E-02  570.89         test_P_all          
.4200E+00     5.000  0.779E+01   0.21259E+00   0.00000E+00   0.10000E+00    0.50249E-02  502.01         test_P_all          
.4300E+00     5.000  0.751E+01   0.20513E+00   0.00000E+00   0.10000E+00    0.50249E-02  437.70         test_P_all          
.4400E+00     5.000  0.725E+01   0.19770E+00   0.00000E+00   0.10000E+00    0.50249E-02  378.02         test_P_all          
.4500E+00     5.000  0.699E+01   0.19032E+00   0.00000E+00   0.10000E+00    0.50249E-02  323.07         test_P_all          
.4600E+00     5.000  0.675E+01   0.18300E+00   0.00000E+00   0.10000E+00    0.50249E-02  272.83         test_P_all          
.4700E+00     5.000  0.652E+01   0.17575E+00   0.00000E+00   0.10000E+00    0.50249E-02  227.27         test_P_all          
.4800E+00     5.000  0.630E+01   0.16860E+00   0.00000E+00   0.10000E+00    0.50249E-02  186.35         test_P_all          
.4900E+00     5.000  0.609E+01   0.16154E+00   0.00000E+00   0.10000E+00    0.50249E-02  149.97         test_P_all          
.5000E+00     5.000  0.588E+01   0.15459E+00   0.00000E+00   0.10000E+00    0.17692E-02  951.94         test_P_all          
.5100E+00     5.000  0.569E+01   0.14776E+00   0.00000E+00   0.10000E+00    0.50249E-02   90.33         test_P_all          
.5200E+00     5.000  0.550E+01   0.14106E+00   0.00000E+00   0.10000E+00    0.50249E-02   66.76         test_P_all          
.5300E+00     5.000  0.532E+01   0.13450E+00   0.00000E+00   0.10000E+00    0.50249E-02   47.13         test_P_all          
.5400E+00     5.000  0.514E+01   0.12808E+00   0.00000E+00   0.10000E+00    0.50249E-02   31.24         test_P_all          
.5500E+00     5.000  0.497E+01   0.12182E+00   0.00000E+00   0.10000E+00    0.50249E-02   18.86         test_P_all          
.5600E+00     5.000  0.481E+01   0.11572E+00   0.00000E+00   0.10000E+00    0.50249E-02    9.79         test_P_all          
.5700E+00     5.000  0.465E+01   0.10979E+00   0.00000E+00   0.10000E+00    0.50249E-02    3.79         test_P_all          
.5800E+00     5.000  0.450E+01   0.10402E+00   0.00000E+00   0.10000E+00    0.50249E-02    0.64         test_P_all          
.5900E+00     5.000  0.436E+01   0.98432E-01   0.00000E+00   0.10000E+00    0.50249E-02   -0.10         test_P_all          
.6000E+00     5.000  0.422E+01   0.93019E-01   0.00000E+00   0.10000E+00    0.17692E-02  -15.57         test_P_all          
.6100E+00     5.000  0.408E+01   0.87784E-01   0.00000E+00   0.10000E+00    0.50249E-02   -5.91         test_P_all          
.6200E+00     5.000  0.395E+01   0.82733E-01   0.00000E+00   0.10000E+00    0.50249E-02  -11.81         test_P_all          
.6300E+00     5.000  0.382E+01   0.77865E-01   0.00000E+00   0.10000E+00    0.50249E-02  -19.40         test_P_all          
.6400E+00     5.000  0.369E+01   0.73178E-01   0.00000E+00   0.10000E+00    0.50249E-02  -28.49         test_P_all          
.6500E+00     5.000  0.357E+01   0.68677E-01   0.00000E+00   0.10000E+00    0.50249E-02  -38.86         test_P_all          
.6600E+00     5.000  0.346E+01   0.64359E-01   0.00000E+00   0.10000E+00    0.50249E-02  -50.31         test_P_all          
.6700E+00     5.000  0.334E+01   0.60221E-01   0.00000E+00   0.10000E+00    0.50249E-02  -62.67         test_P_all          
.6800E+00     5.000  0.323E+01   0.56265E-01   0.00000E+00   0.10000E+00    0.50249E-02  -75.75         test_P_all          
.6900E+00     5.000  0.313E+01   0.52487E-01   0.00000E+00   0.10000E+00    0.50249E-02  -89.41         test_P_all          
.7000E+00     5.000  0.302E+01   0.48884E-01   0.00000E+00   0.10000E+00    0.17692E-02 -834.78         test_P_all          
.7100E+00     5.000  0.292E+01   0.45454E-01   0.00000E+00   0.10000E+00    0.50249E-02 -117.83         test_P_all          
.7200E+00     5.000  0.283E+01   0.42195E-01   0.00000E+00   0.10000E+00    0.50249E-02 -132.33         test_P_all          
.7300E+00     5.000  0.273E+01   0.39101E-01   0.00000E+00   0.10000E+00    0.50249E-02 -146.88         test_P_all          
.7400E+00     5.000  0.264E+01   0.36170E-01   0.00000E+00   0.10000E+00    0.50249E-02 -161.36         test_P_all          
.7500E+00     5.000  0.255E+01   0.33399E-01   0.00000E+00   0.10000E+00    0.50249E-02 -175.67         test_P_all          
.7600E+00     5.000  0.246E+01   0.30780E-01   0.00000E+00   0.10000E+00    0.50249E-02 -189.76         test_P_all          
.7700E+00     5.000  0.238E+01   0.28312E-01   0.00000E+00   0.10000E+00    0.50249E-02 -203.53         test_P_all          
.7800E+00     5.000  0.229E+01   0.25990E-01   0.00000E+00   0.10000E+00    0.50249E-02 -216.93         test_P_all          
.7900E+00     5.000  0.221E+01   0.23808E-01   0.00000E+00   0.10000E+00    0.50249E-02 -229.91         test_P_all          
.8000E+00     5.000  0.213E+01   0.21760E-01   0.00000E+00   0.10000E+00    0.17692E-02 *******         test_P_all          
.8100E+00     5.000  0.205E+01   0.19845E-01   0.00000E+00   0.10000E+00    0.50249E-02 -254.45         test_P_all          
.8200E+00     5.000  0.198E+01   0.18056E-01   0.00000E+00   0.10000E+00    0.50249E-02 -265.93         test_P_all          
.8300E+00     5.000  0.191E+01   0.16387E-01   0.00000E+00   0.10000E+00    0.50249E-02 -276.88         test_P_all          
.8400E+00     5.000  0.183E+01   0.14835E-01   0.00000E+00   0.10000E+00    0.50249E-02 -287.25         test_P_all          
.8500E+00     5.000  0.176E+01   0.13393E-01   0.00000E+00   0.10000E+00    0.50249E-02 -297.06         test_P_all          
.8600E+00     5.000  0.170E+01   0.12057E-01   0.00000E+00   0.10000E+00    0.50249E-02 -306.29         test_P_all          
.8700E+00     5.000  0.163E+01   0.10822E-01   0.00000E+00   0.10000E+00    0.50249E-02 -314.96         test_P_all          
.8800E+00     5.000  0.156E+01   0.96838E-02   0.00000E+00   0.10000E+00    0.50249E-02 -323.05         test_P_all          
.8900E+00     5.000  0.150E+01   0.86363E-02   0.00000E+00   0.10000E+00    0.50249E-02 -330.59         test_P_all          
.9000E+00     5.000  0.144E+01   0.76749E-02   0.00000E+00   0.10000E+00    0.17692E-02 *******         test_P_all          
.9100E+00     5.000  0.138E+01   0.67952E-02   0.00000E+00   0.10000E+00    0.50249E-02 -344.05         test_P_all          
.9200E+00     5.000  0.132E+01   0.59929E-02   0.00000E+00   0.10000E+00    0.50249E-02 -349.99         test_P_all          
.9300E+00     5.000  0.126E+01   0.52631E-02   0.00000E+00   0.10000E+00    0.50249E-02 -355.45         test_P_all          
.9400E+00     5.000  0.120E+01   0.46012E-02   0.00000E+00   0.10000E+00    0.50249E-02 -360.43         test_P_all          
.9500E+00     5.000  0.114E+01   0.40034E-02   0.00000E+00   0.10000E+00    0.50249E-02 -364.96         test_P_all          
.9600E+00     5.000  0.109E+01   0.34653E-02   0.00000E+00   0.10000E+00    0.50249E-02 -369.07         test_P_all          
.9700E+00     5.000  0.104E+01   0.29828E-02   0.00000E+00   0.10000E+00    0.50249E-02 -372.77         test_P_all          
.9800E+00     5.000  0.984E+00   0.25520E-02   0.00000E+00   0.10000E+00    0.50249E-02 -376.08         test_P_all          
.9900E+00     5.000  0.932E+00   0.21691E-02   0.00000E+00   0.10000E+00    0.50249E-02 -379.04         test_P_all          
.1000E+01     5.000  0.882E+00   0.18306E-02   0.00000E+00   0.10000E+00    0.50249E-02 -381.67         test_P_all          
.1000E-01    10.000  0.991E+03   0.54205E+00   0.00000E+00   0.10000E+00    0.50249E-02 7738.90         test_P_all          
.2000E-01    10.000  0.491E+03   0.47293E+00   0.00000E+00   0.10000E+00    0.50249E-02 5508.10         test_P_all          
.3000E-01    10.000  0.324E+03   0.44033E+00   0.00000E+00   0.10000E+00    0.50249E-02 4587.13         test_P_all          
.4000E-01    10.000  0.241E+03   0.42560E+00   0.00000E+00   0.10000E+00    0.50249E-02 4198.74         test_P_all          
.5000E-01    10.000  0.191E+03   0.41367E+00   0.00000E+00   0.10000E+00    0.50249E-02 3896.49         test_P_all          
.6000E-01    10.000  0.158E+03   0.40626E+00   0.00000E+00   0.10000E+00    0.50249E-02 3714.69         test_P_all          
.7000E-01    10.000  0.134E+03   0.39954E+00   0.00000E+00   0.10000E+00    0.50249E-02 3553.55         test_P_all          
.8000E-01    10.000  0.116E+03   0.39397E+00   0.00000E+00   0.10000E+00    0.50249E-02 3422.51         test_P_all          
.9000E-01    10.000  0.102E+03   0.38880E+00   0.00000E+00   0.10000E+00    0.50249E-02 3303.29         test_P_all          
.1000E+00    10.000  0.909E+02   0.38405E+00   0.00000E+00   0.10000E+00    0.50249E-02 3195.52         test_P_all          
.1100E+00    10.000  0.818E+02   0.37948E+00   0.00000E+00   0.10000E+00    0.50249E-02 3093.34         test_P_all          
.1200E+00    10.000  0.742E+02   0.37520E+00   0.00000E+00   0.10000E+00    0.50249E-02 2999.30         test_P_all          
.1300E+00    10.000  0.678E+02   0.37102E+00   0.00000E+00   0.10000E+00    0.50249E-02 2908.98         test_P_all          
.1400E+00    10.000  0.623E+02   0.36687E+00   0.00000E+00   0.10000E+00    0.50249E-02 2820.58         test_P_all          
.1500E+00    10.000  0.575E+02   0.36274E+00   0.00000E+00   0.10000E+00    0.50249E-02 2733.95         test_P_all          
.1600E+00    10.000  0.534E+02   0.35852E+00   0.00000E+00   0.10000E+00    0.50249E-02 2646.86         test_P_all          
.1700E+00    10.000  0.497E+02   0.35422E+00   0.00000E+00   0.10000E+00    0.50249E-02 2559.52         test_P_all          
.1800E+00    10.000  0.464E+02   0.34980E+00   0.00000E+00   0.10000E+00    0.50249E-02 2471.22         test_P_all          
.1900E+00    10.000  0.435E+02   0.34519E+00   0.00000E+00   0.10000E+00    0.50249E-02 2380.95         test_P_all          
.2000E+00    10.000  0.409E+02   0.34043E+00   0.00000E+00   0.10000E+00    0.50249E-02 2289.28         test_P_all          
.2100E+00    10.000  0.385E+02   0.33544E+00   0.00000E+00   0.10000E+00    0.50249E-02 2195.26         test_P_all          
.2200E+00    10.000  0.363E+02   0.33024E+00   0.00000E+00   0.10000E+00    0.50249E-02 2099.40         test_P_all          
.2300E+00    10.000  0.344E+02   0.32483E+00   0.00000E+00   0.10000E+00    0.50249E-02 2001.87         test_P_all          
.2400E+00    10.000  0.325E+02   0.31918E+00   0.00000E+00   0.10000E+00    0.50249E-02 1902.55         test_P_all          
.2500E+00    10.000  0.309E+02   0.31332E+00   0.00000E+00   0.10000E+00    0.50249E-02 1802.16         test_P_all          
.2600E+00    10.000  0.293E+02   0.30723E+00   0.00000E+00   0.10000E+00    0.50249E-02 1700.80         test_P_all          
.2700E+00    10.000  0.279E+02   0.30094E+00   0.00000E+00   0.10000E+00    0.50249E-02 1599.05         test_P_all          
.2800E+00    10.000  0.266E+02   0.29446E+00   0.00000E+00   0.10000E+00    0.50249E-02 1497.62         test_P_all          
.2900E+00    10.000  0.254E+02   0.28779E+00   0.00000E+00   0.10000E+00    0.50249E-02 1396.70         test_P_all          
.3000E+00    10.000  0.242E+02   0.28096E+00   0.00000E+00   0.10000E+00    0.18868E-02 9198.61         test_P_all          
.3100E+00    10.000  0.231E+02   0.27398E+00   0.00000E+00   0.10000E+00    0.50249E-02 1198.72         test_P_all          
.3200E+00    10.000  0.221E+02   0.26685E+00   0.00000E+00   0.10000E+00    0.50249E-02 1102.60         test_P_all          
.3300E+00    10.000  0.212E+02   0.25962E+00   0.00000E+00   0.10000E+00    0.50249E-02 1009.00         test_P_all          
.3400E+00    10.000  0.203E+02   0.25228E+00   0.00000E+00   0.10000E+00    0.50249E-02  918.38         test_P_all          
.3500E+00    10.000  0.195E+02   0.24486E+00   0.00000E+00   0.10000E+00    0.50249E-02  831.07         test_P_all          
.3600E+00    10.000  0.187E+02   0.23738E+00   0.00000E+00   0.10000E+00    0.50249E-02  747.43         test_P_all          
.3700E+00    10.000  0.179E+02   0.22985E+00   0.00000E+00   0.10000E+00    0.50249E-02  667.76         test_P_all          
.3800E+00    10.000  0.172E+02   0.22229E+00   0.00000E+00   0.10000E+00    0.50249E-02  592.28         test_P_all          
.3900E+00    10.000  0.165E+02   0.21473E+00   0.00000E+00   0.10000E+00    0.50249E-02  521.26         test_P_all          
.4000E+00    10.000  0.159E+02   0.20716E+00   0.00000E+00   0.10000E+00    0.17692E-02 3668.90         test_P_all          
.4100E+00    10.000  0.153E+02   0.19962E+00   0.00000E+00   0.10000E+00    0.50249E-02  393.01         test_P_all          
.4200E+00    10.000  0.147E+02   0.19211E+00   0.00000E+00   0.10000E+00    0.50249E-02  336.00         test_P_all          
.4300E+00    10.000  0.141E+02   0.18465E+00   0.00000E+00   0.10000E+00    0.50249E-02  283.76         test_P_all          
.4400E+00    10.000  0.136E+02   0.17725E+00   0.00000E+00   0.10000E+00    0.50249E-02  236.33         test_P_all          
.4500E+00    10.000  0.131E+02   0.16993E+00   0.00000E+00   0.10000E+00    0.50249E-02  193.65         test_P_all          
.4600E+00    10.000  0.126E+02   0.16269E+00   0.00000E+00   0.10000E+00    0.50249E-02  155.65         test_P_all          
.4700E+00    10.000  0.122E+02   0.15556E+00   0.00000E+00   0.10000E+00    0.50249E-02  122.24         test_P_all          
.4800E+00    10.000  0.117E+02   0.14853E+00   0.00000E+00   0.10000E+00    0.50249E-02   93.29         test_P_all          
.4900E+00    10.000  0.113E+02   0.14163E+00   0.00000E+00   0.10000E+00    0.50249E-02   68.64         test_P_all          
.5000E+00    10.000  0.109E+02   0.13486E+00   0.00000E+00   0.10000E+00    0.17692E-02  388.26         test_P_all          
.5100E+00    10.000  0.105E+02   0.12823E+00   0.00000E+00   0.10000E+00    0.50249E-02   31.56         test_P_all          
.5200E+00    10.000  0.101E+02   0.12175E+00   0.00000E+00   0.10000E+00    0.50249E-02   18.73         test_P_all          
.5300E+00    10.000  0.975E+01   0.11542E+00   0.00000E+00   0.10000E+00    0.50249E-02    9.42         test_P_all          
.5400E+00    10.000  0.940E+01   0.10926E+00   0.00000E+00   0.10000E+00    0.50249E-02    3.39         test_P_all          
.5500E+00    10.000  0.906E+01   0.10326E+00   0.00000E+00   0.10000E+00    0.50249E-02    0.42         test_P_all          
.5600E+00    10.000  0.874E+01   0.97441E-01   0.00000E+00   0.10000E+00    0.50249E-02   -0.26         test_P_all          
.5700E+00    10.000  0.843E+01   0.91799E-01   0.00000E+00   0.10000E+00    0.50249E-02   -2.66         test_P_all          
.5800E+00    10.000  0.812E+01   0.86342E-01   0.00000E+00   0.10000E+00    0.50249E-02   -7.39         test_P_all          
.5900E+00    10.000  0.783E+01   0.81069E-01   0.00000E+00   0.10000E+00    0.50249E-02  -14.19         test_P_all          
.6000E+00    10.000  0.755E+01   0.75986E-01   0.00000E+00   0.10000E+00    0.17692E-02 -184.24         test_P_all          
.6100E+00    10.000  0.728E+01   0.71093E-01   0.00000E+00   0.10000E+00    0.50249E-02  -33.09         test_P_all          
.6200E+00    10.000  0.701E+01   0.66391E-01   0.00000E+00   0.10000E+00    0.50249E-02  -44.74         test_P_all          
.6300E+00    10.000  0.675E+01   0.61884E-01   0.00000E+00   0.10000E+00    0.50249E-02  -57.54         test_P_all          
.6400E+00    10.000  0.651E+01   0.57568E-01   0.00000E+00   0.10000E+00    0.50249E-02  -71.31         test_P_all          
.6500E+00    10.000  0.627E+01   0.53443E-01   0.00000E+00   0.10000E+00    0.50249E-02  -85.84         test_P_all          
.6600E+00    10.000  0.603E+01   0.49511E-01   0.00000E+00   0.10000E+00    0.50249E-02 -100.95         test_P_all          
.6700E+00    10.000  0.581E+01   0.45768E-01   0.00000E+00   0.10000E+00    0.50249E-02 -116.48         test_P_all          
.6800E+00    10.000  0.559E+01   0.42211E-01   0.00000E+00   0.10000E+00    0.50249E-02 -132.26         test_P_all          
.6900E+00    10.000  0.537E+01   0.38840E-01   0.00000E+00   0.10000E+00    0.50249E-02 -148.14         test_P_all          
.7000E+00    10.000  0.517E+01   0.35650E-01   0.00000E+00   0.10000E+00    0.17692E-02 *******         test_P_all          
.7100E+00    10.000  0.497E+01   0.32638E-01   0.00000E+00   0.10000E+00    0.50249E-02 -179.71         test_P_all          
.7200E+00    10.000  0.477E+01   0.29802E-01   0.00000E+00   0.10000E+00    0.50249E-02 -195.16         test_P_all          
.7300E+00    10.000  0.458E+01   0.27135E-01   0.00000E+00   0.10000E+00    0.50249E-02 -210.27         test_P_all          
.7400E+00    10.000  0.440E+01   0.24636E-01   0.00000E+00   0.10000E+00    0.50249E-02 -224.94         test_P_all          
.7500E+00    10.000  0.422E+01   0.22298E-01   0.00000E+00   0.10000E+00    0.50249E-02 -239.12         test_P_all          
.7600E+00    10.000  0.404E+01   0.20115E-01   0.00000E+00   0.10000E+00    0.50249E-02 -252.74         test_P_all          
.7700E+00    10.000  0.387E+01   0.18086E-01   0.00000E+00   0.10000E+00    0.50249E-02 -265.74         test_P_all          
.7800E+00    10.000  0.370E+01   0.16202E-01   0.00000E+00   0.10000E+00    0.50249E-02 -278.10         test_P_all          
.7900E+00    10.000  0.354E+01   0.14459E-01   0.00000E+00   0.10000E+00    0.50249E-02 -289.79         test_P_all          
.8000E+00    10.000  0.338E+01   0.12851E-01   0.00000E+00   0.10000E+00    0.17692E-02 *******         test_P_all          
.8100E+00    10.000  0.323E+01   0.11373E-01   0.00000E+00   0.10000E+00    0.50249E-02 -311.08         test_P_all          
.8200E+00    10.000  0.308E+01   0.10019E-01   0.00000E+00   0.10000E+00    0.50249E-02 -320.66         test_P_all          
.8300E+00    10.000  0.293E+01   0.87826E-02   0.00000E+00   0.10000E+00    0.50249E-02 -329.53         test_P_all          
.8400E+00    10.000  0.279E+01   0.76582E-02   0.00000E+00   0.10000E+00    0.50249E-02 -337.70         test_P_all          
.8500E+00    10.000  0.265E+01   0.66396E-02   0.00000E+00   0.10000E+00    0.50249E-02 -345.19         test_P_all          
.8600E+00    10.000  0.251E+01   0.57216E-02   0.00000E+00   0.10000E+00    0.50249E-02 -352.02         test_P_all          
.8700E+00    10.000  0.238E+01   0.48977E-02   0.00000E+00   0.10000E+00    0.50249E-02 -358.20         test_P_all          
.8800E+00    10.000  0.225E+01   0.41623E-02   0.00000E+00   0.10000E+00    0.50249E-02 -363.76         test_P_all          
.8900E+00    10.000  0.212E+01   0.35093E-02   0.00000E+00   0.10000E+00    0.50249E-02 -368.73         test_P_all          
.9000E+00    10.000  0.199E+01   0.29332E-02   0.00000E+00   0.10000E+00    0.17692E-02 *******         test_P_all          
.9100E+00    10.000  0.187E+01   0.24286E-02   0.00000E+00   0.10000E+00    0.50249E-02 -377.04         test_P_all          
.9200E+00    10.000  0.175E+01   0.19891E-02   0.00000E+00   0.10000E+00    0.50249E-02 -380.44         test_P_all          
.9300E+00    10.000  0.163E+01   0.16102E-02   0.00000E+00   0.10000E+00    0.50249E-02 -383.39         test_P_all          
.9400E+00    10.000  0.152E+01   0.12867E-02   0.00000E+00   0.10000E+00    0.50249E-02 -385.91         test_P_all          
.9500E+00    10.000  0.141E+01   0.10121E-02   0.00000E+00   0.10000E+00    0.50249E-02 -388.06         test_P_all          
.9600E+00    10.000  0.130E+01   0.78284E-03   0.00000E+00   0.10000E+00    0.50249E-02 -389.86         test_P_all          
.9700E+00    10.000  0.119E+01   0.59435E-03   0.00000E+00   0.10000E+00    0.50249E-02 -391.35         test_P_all          
.9800E+00    10.000  0.109E+01   0.43994E-03   0.00000E+00   0.10000E+00    0.50249E-02 -392.56         test_P_all          
.9900E+00    10.000  0.983E+00   0.31711E-03   0.00000E+00   0.10000E+00    0.50249E-02 -393.53         test_P_all          
.1000E+01    10.000  0.882E+00   0.22210E-03   0.00000E+00   0.10000E+00    0.50249E-02 -394.28         test_P_all          
.1000E-01    20.000  0.198E+04   0.62172E+00   0.00000E+00   0.10000E+00    0.50249E-02 *******         test_P_all          
.2000E-01    20.000  0.981E+03   0.52696E+00   0.00000E+00   0.10000E+00    0.50249E-02 7219.73         test_P_all          
.3000E-01    20.000  0.648E+03   0.48019E+00   0.00000E+00   0.10000E+00    0.50249E-02 5724.65         test_P_all          
.4000E-01    20.000  0.481E+03   0.45726E+00   0.00000E+00   0.10000E+00    0.50249E-02 5054.77         test_P_all          
.5000E-01    20.000  0.381E+03   0.43824E+00   0.00000E+00   0.10000E+00    0.50249E-02 4530.83         test_P_all          
.6000E-01    20.000  0.314E+03   0.42572E+00   0.00000E+00   0.10000E+00    0.50249E-02 4201.84         test_P_all          
.7000E-01    20.000  0.267E+03   0.41451E+00   0.00000E+00   0.10000E+00    0.50249E-02 3917.40         test_P_all          
.8000E-01    20.000  0.231E+03   0.40551E+00   0.00000E+00   0.10000E+00    0.50249E-02 3696.47         test_P_all          
.9000E-01    20.000  0.203E+03   0.39738E+00   0.00000E+00   0.10000E+00    0.50249E-02 3502.26         test_P_all          
.1000E+00    20.000  0.181E+03   0.39016E+00   0.00000E+00   0.10000E+00    0.50249E-02 3334.35         test_P_all          
.1100E+00    20.000  0.163E+03   0.38343E+00   0.00000E+00   0.10000E+00    0.50249E-02 3181.49         test_P_all          
.1200E+00    20.000  0.148E+03   0.37717E+00   0.00000E+00   0.10000E+00    0.50249E-02 3042.55         test_P_all          
.1300E+00    20.000  0.135E+03   0.37124E+00   0.00000E+00   0.10000E+00    0.50249E-02 2913.78         test_P_all          
.1400E+00    20.000  0.124E+03   0.36549E+00   0.00000E+00   0.10000E+00    0.50249E-02 2791.45         test_P_all          
.1500E+00    20.000  0.114E+03   0.35991E+00   0.00000E+00   0.10000E+00    0.50249E-02 2675.44         test_P_all          
.1600E+00    20.000  0.106E+03   0.35434E+00   0.00000E+00   0.10000E+00    0.50249E-02 2561.94         test_P_all          
.1700E+00    20.000  0.985E+02   0.34879E+00   0.00000E+00   0.10000E+00    0.50249E-02 2451.30         test_P_all          
.1800E+00    20.000  0.920E+02   0.34320E+00   0.00000E+00   0.10000E+00    0.50249E-02 2342.37         test_P_all          
.1900E+00    20.000  0.861E+02   0.33750E+00   0.00000E+00   0.10000E+00    0.50249E-02 2233.86         test_P_all          
.2000E+00    20.000  0.809E+02   0.33171E+00   0.00000E+00   0.10000E+00    0.50249E-02 2126.27         test_P_all          
.2100E+00    20.000  0.761E+02   0.32575E+00   0.00000E+00   0.10000E+00    0.50249E-02 2018.38         test_P_all          
.2200E+00    20.000  0.718E+02   0.31965E+00   0.00000E+00   0.10000E+00    0.50249E-02 1910.79         test_P_all          
.2300E+00    20.000  0.678E+02   0.31340E+00   0.00000E+00   0.10000E+00    0.50249E-02 1803.51         test_P_all          
.2400E+00    20.000  0.642E+02   0.30697E+00   0.00000E+00   0.10000E+00    0.50249E-02 1696.42         test_P_all          
.2500E+00    20.000  0.609E+02   0.30038E+00   0.00000E+00   0.10000E+00    0.50249E-02 1590.16         test_P_all          
.2600E+00    20.000  0.578E+02   0.29362E+00   0.00000E+00   0.10000E+00    0.50249E-02 1484.75         test_P_all          
.2700E+00    20.000  0.550E+02   0.28672E+00   0.00000E+00   0.10000E+00    0.50249E-02 1380.73         test_P_all          
.2800E+00    20.000  0.523E+02   0.27967E+00   0.00000E+00   0.10000E+00    0.50249E-02 1278.51         test_P_all          
.2900E+00    20.000  0.498E+02   0.27250E+00   0.00000E+00   0.10000E+00    0.50249E-02 1178.40         test_P_all          
.3000E+00    20.000  0.475E+02   0.26520E+00   0.00000E+00   0.10000E+00    0.18868E-02 7665.98         test_P_all          
.3100E+00    20.000  0.454E+02   0.25782E+00   0.00000E+00   0.10000E+00    0.50249E-02  986.38         test_P_all          
.3200E+00    20.000  0.434E+02   0.25035E+00   0.00000E+00   0.10000E+00    0.50249E-02  895.26         test_P_all          
.3300E+00    20.000  0.415E+02   0.24282E+00   0.00000E+00   0.10000E+00    0.50249E-02  807.78         test_P_all          
.3400E+00    20.000  0.397E+02   0.23523E+00   0.00000E+00   0.10000E+00    0.50249E-02  724.27         test_P_all          
.3500E+00    20.000  0.380E+02   0.22761E+00   0.00000E+00   0.10000E+00    0.50249E-02  644.95         test_P_all          
.3600E+00    20.000  0.364E+02   0.21998E+00   0.00000E+00   0.10000E+00    0.50249E-02  570.07         test_P_all          
.3700E+00    20.000  0.349E+02   0.21234E+00   0.00000E+00   0.10000E+00    0.50249E-02  499.79         test_P_all          
.3800E+00    20.000  0.335E+02   0.20471E+00   0.00000E+00   0.10000E+00    0.50249E-02  434.22         test_P_all          
.3900E+00    20.000  0.322E+02   0.19711E+00   0.00000E+00   0.10000E+00    0.50249E-02  373.49         test_P_all          
.4000E+00    20.000  0.309E+02   0.18955E+00   0.00000E+00   0.10000E+00    0.17692E-02 2562.24         test_P_all          
.4100E+00    20.000  0.297E+02   0.18205E+00   0.00000E+00   0.10000E+00    0.50249E-02  266.63         test_P_all          
.4200E+00    20.000  0.285E+02   0.17462E+00   0.00000E+00   0.10000E+00    0.50249E-02  220.52         test_P_all          
.4300E+00    20.000  0.274E+02   0.16727E+00   0.00000E+00   0.10000E+00    0.50249E-02  179.19         test_P_all          
.4400E+00    20.000  0.263E+02   0.16001E+00   0.00000E+00   0.10000E+00    0.50249E-02  142.61         test_P_all          
.4500E+00    20.000  0.253E+02   0.15285E+00   0.00000E+00   0.10000E+00    0.50249E-02  110.62         test_P_all          
.4600E+00    20.000  0.244E+02   0.14581E+00   0.00000E+00   0.10000E+00    0.50249E-02   83.11         test_P_all          
.4700E+00    20.000  0.234E+02   0.13890E+00   0.00000E+00   0.10000E+00    0.50249E-02   59.92         test_P_all          
.4800E+00    20.000  0.225E+02   0.13211E+00   0.00000E+00   0.10000E+00    0.50249E-02   40.84         test_P_all          
.4900E+00    20.000  0.217E+02   0.12548E+00   0.00000E+00   0.10000E+00    0.50249E-02   25.70         test_P_all          
.5000E+00    20.000  0.209E+02   0.11899E+00   0.00000E+00   0.10000E+00    0.17692E-02  115.18         test_P_all          
.5100E+00    20.000  0.201E+02   0.11266E+00   0.00000E+00   0.10000E+00    0.50249E-02    6.34         test_P_all          
.5200E+00    20.000  0.193E+02   0.10649E+00   0.00000E+00   0.10000E+00    0.50249E-02    1.67         test_P_all          
.5300E+00    20.000  0.186E+02   0.10050E+00   0.00000E+00   0.10000E+00    0.50249E-02    0.01         test_P_all          
.5400E+00    20.000  0.179E+02   0.94678E-01   0.00000E+00   0.10000E+00    0.50249E-02   -1.12         test_P_all          
.5500E+00    20.000  0.172E+02   0.89041E-01   0.00000E+00   0.10000E+00    0.50249E-02   -4.76         test_P_all          
.5600E+00    20.000  0.166E+02   0.83587E-01   0.00000E+00   0.10000E+00    0.50249E-02  -10.67         test_P_all          
.5700E+00    20.000  0.160E+02   0.78324E-01   0.00000E+00   0.10000E+00    0.50249E-02  -18.61         test_P_all          
.5800E+00    20.000  0.154E+02   0.73250E-01   0.00000E+00   0.10000E+00    0.50249E-02  -28.34         test_P_all          
.5900E+00    20.000  0.148E+02   0.68369E-01   0.00000E+00   0.10000E+00    0.50249E-02  -39.63         test_P_all          
.6000E+00    20.000  0.142E+02   0.63683E-01   0.00000E+00   0.10000E+00    0.17692E-02 -421.38         test_P_all          
.6100E+00    20.000  0.137E+02   0.59191E-01   0.00000E+00   0.10000E+00    0.50249E-02  -65.96         test_P_all          
.6200E+00    20.000  0.131E+02   0.54896E-01   0.00000E+00   0.10000E+00    0.50249E-02  -80.57         test_P_all          
.6300E+00    20.000  0.126E+02   0.50796E-01   0.00000E+00   0.10000E+00    0.50249E-02  -95.88         test_P_all          
.6400E+00    20.000  0.121E+02   0.46889E-01   0.00000E+00   0.10000E+00    0.50249E-02 -111.71         test_P_all          
.6500E+00    20.000  0.117E+02   0.43177E-01   0.00000E+00   0.10000E+00    0.50249E-02 -127.88         test_P_all          
.6600E+00    20.000  0.112E+02   0.39654E-01   0.00000E+00   0.10000E+00    0.50249E-02 -144.22         test_P_all          
.6700E+00    20.000  0.107E+02   0.36321E-01   0.00000E+00   0.10000E+00    0.50249E-02 -160.60         test_P_all          
.6800E+00    20.000  0.103E+02   0.33173E-01   0.00000E+00   0.10000E+00    0.50249E-02 -176.86         test_P_all          
.6900E+00    20.000  0.987E+01   0.30207E-01   0.00000E+00   0.10000E+00    0.50249E-02 -192.91         test_P_all          
.7000E+00    20.000  0.945E+01   0.27422E-01   0.00000E+00   0.10000E+00    0.17692E-02 *******         test_P_all          
.7100E+00    20.000  0.905E+01   0.24810E-01   0.00000E+00   0.10000E+00    0.50249E-02 -223.90         test_P_all          
.7200E+00    20.000  0.866E+01   0.22369E-01   0.00000E+00   0.10000E+00    0.50249E-02 -238.67         test_P_all          
.7300E+00    20.000  0.828E+01   0.20095E-01   0.00000E+00   0.10000E+00    0.50249E-02 -252.86         test_P_all          
.7400E+00    20.000  0.791E+01   0.17981E-01   0.00000E+00   0.10000E+00    0.50249E-02 -266.42         test_P_all          
.7500E+00    20.000  0.755E+01   0.16023E-01   0.00000E+00   0.10000E+00    0.50249E-02 -279.29         test_P_all          
.7600E+00    20.000  0.720E+01   0.14215E-01   0.00000E+00   0.10000E+00    0.50249E-02 -291.45         test_P_all          
.7700E+00    20.000  0.686E+01   0.12552E-01   0.00000E+00   0.10000E+00    0.50249E-02 -302.86         test_P_all          
.7800E+00    20.000  0.652E+01   0.11027E-01   0.00000E+00   0.10000E+00    0.50249E-02 -313.51         test_P_all          
.7900E+00    20.000  0.620E+01   0.96358E-02   0.00000E+00   0.10000E+00    0.50249E-02 -323.39         test_P_all          
.8000E+00    20.000  0.588E+01   0.83707E-02   0.00000E+00   0.10000E+00    0.17692E-02 *******         test_P_all          
.8100E+00    20.000  0.557E+01   0.72261E-02   0.00000E+00   0.10000E+00    0.50249E-02 -340.87         test_P_all          
.8200E+00    20.000  0.527E+01   0.61955E-02   0.00000E+00   0.10000E+00    0.50249E-02 -348.49         test_P_all          
.8300E+00    20.000  0.498E+01   0.52723E-02   0.00000E+00   0.10000E+00    0.50249E-02 -355.38         test_P_all          
.8400E+00    20.000  0.469E+01   0.44504E-02   0.00000E+00   0.10000E+00    0.50249E-02 -361.57         test_P_all          
.8500E+00    20.000  0.441E+01   0.37235E-02   0.00000E+00   0.10000E+00    0.50249E-02 -367.10         test_P_all          
.8600E+00    20.000  0.414E+01   0.30844E-02   0.00000E+00   0.10000E+00    0.50249E-02 -371.99         test_P_all          
.8700E+00    20.000  0.387E+01   0.25273E-02   0.00000E+00   0.10000E+00    0.50249E-02 -376.27         test_P_all          
.8800E+00    20.000  0.361E+01   0.20460E-02   0.00000E+00   0.10000E+00    0.50249E-02 -380.00         test_P_all          
.8900E+00    20.000  0.335E+01   0.16333E-02   0.00000E+00   0.10000E+00    0.50249E-02 -383.21         test_P_all          
.9000E+00    20.000  0.310E+01   0.12841E-02   0.00000E+00   0.10000E+00    0.17692E-02 *******         test_P_all          
.9100E+00    20.000  0.286E+01   0.99196E-03   0.00000E+00   0.10000E+00    0.50249E-02 -388.22         test_P_all          
.9200E+00    20.000  0.262E+01   0.75026E-03   0.00000E+00   0.10000E+00    0.50249E-02 -390.12         test_P_all          
.9300E+00    20.000  0.239E+01   0.55467E-03   0.00000E+00   0.10000E+00    0.50249E-02 -391.66         test_P_all          
.9400E+00    20.000  0.216E+01   0.39845E-03   0.00000E+00   0.10000E+00    0.50249E-02 -392.89         test_P_all          
.9500E+00    20.000  0.193E+01   0.27634E-03   0.00000E+00   0.10000E+00    0.50249E-02 -393.85         test_P_all          
.9600E+00    20.000  0.172E+01   0.18476E-03   0.00000E+00   0.10000E+00    0.50249E-02 -394.58         test_P_all          
.9700E+00    20.000  0.150E+01   0.11642E-03   0.00000E+00   0.10000E+00    0.50249E-02 -395.12         test_P_all          
.9800E+00    20.000  0.129E+01   0.68454E-04   0.00000E+00   0.10000E+00    0.50249E-02 -395.50         test_P_all          
.9900E+00    20.000  0.108E+01   0.37856E-04   0.00000E+00   0.10000E+00    0.50249E-02 -395.74         test_P_all          
.1000E+01    20.000  0.882E+00   0.17264E-04   0.00000E+00   0.10000E+00    0.50249E-02 -395.90         test_P_all          
.1000E+00    50.000  0.451E+03   0.39508E+00   0.00000E+00   0.10000E+00    0.50249E-02 3448.45         test_P_all          
.1100E+00    50.000  0.405E+03   0.38583E+00   0.00000E+00   0.10000E+00    0.50249E-02 3235.54         test_P_all          
.1200E+00    50.000  0.368E+03   0.37739E+00   0.00000E+00   0.10000E+00    0.50249E-02 3047.38         test_P_all          
.1300E+00    50.000  0.335E+03   0.36954E+00   0.00000E+00   0.10000E+00    0.50249E-02 2877.35         test_P_all          
.1400E+00    50.000  0.308E+03   0.36204E+00   0.00000E+00   0.10000E+00    0.50249E-02 2719.41         test_P_all          
.1500E+00    50.000  0.284E+03   0.35490E+00   0.00000E+00   0.10000E+00    0.50249E-02 2573.21         test_P_all          
.1600E+00    50.000  0.263E+03   0.34787E+00   0.00000E+00   0.10000E+00    0.50249E-02 2433.25         test_P_all          
.1700E+00    50.000  0.245E+03   0.34098E+00   0.00000E+00   0.10000E+00    0.50249E-02 2299.92         test_P_all          
.1800E+00    50.000  0.229E+03   0.33416E+00   0.00000E+00   0.10000E+00    0.50249E-02 2171.48         test_P_all          
.1900E+00    50.000  0.214E+03   0.32731E+00   0.00000E+00   0.10000E+00    0.50249E-02 2046.28         test_P_all          
.2000E+00    50.000  0.201E+03   0.32045E+00   0.00000E+00   0.10000E+00    0.50249E-02 1924.71         test_P_all          
.2100E+00    50.000  0.189E+03   0.31350E+00   0.00000E+00   0.10000E+00    0.50249E-02 1805.26         test_P_all          
.2200E+00    50.000  0.178E+03   0.30648E+00   0.00000E+00   0.10000E+00    0.50249E-02 1688.51         test_P_all          
.2300E+00    50.000  0.168E+03   0.29938E+00   0.00000E+00   0.10000E+00    0.50249E-02 1574.30         test_P_all          
.2400E+00    50.000  0.159E+03   0.29216E+00   0.00000E+00   0.10000E+00    0.50249E-02 1462.44         test_P_all          
.2500E+00    50.000  0.151E+03   0.28486E+00   0.00000E+00   0.10000E+00    0.50249E-02 1353.43         test_P_all          
.2600E+00    50.000  0.143E+03   0.27746E+00   0.00000E+00   0.10000E+00    0.50249E-02 1247.20         test_P_all          
.2700E+00    50.000  0.136E+03   0.26997E+00   0.00000E+00   0.10000E+00    0.50249E-02 1144.18         test_P_all          
.2800E+00    50.000  0.129E+03   0.26241E+00   0.00000E+00   0.10000E+00    0.50249E-02 1044.62         test_P_all          
.2900E+00    50.000  0.123E+03   0.25478E+00   0.00000E+00   0.10000E+00    0.50249E-02  948.76         test_P_all          
.3000E+00    50.000  0.118E+03   0.24710E+00   0.00000E+00   0.10000E+00    0.18868E-02 6077.80         test_P_all          
.3100E+00    50.000  0.112E+03   0.23937E+00   0.00000E+00   0.10000E+00    0.50249E-02  769.30         test_P_all          
.3200E+00    50.000  0.107E+03   0.23163E+00   0.00000E+00   0.10000E+00    0.50249E-02  686.15         test_P_all          
.3300E+00    50.000  0.102E+03   0.22387E+00   0.00000E+00   0.10000E+00    0.50249E-02  607.66         test_P_all          
.3400E+00    50.000  0.979E+02   0.21612E+00   0.00000E+00   0.10000E+00    0.50249E-02  533.98         test_P_all          
.3500E+00    50.000  0.937E+02   0.20838E+00   0.00000E+00   0.10000E+00    0.50249E-02  465.20         test_P_all          
.3600E+00    50.000  0.898E+02   0.20068E+00   0.00000E+00   0.10000E+00    0.50249E-02  401.45         test_P_all          
.3700E+00    50.000  0.860E+02   0.19302E+00   0.00000E+00   0.10000E+00    0.50249E-02  342.72         test_P_all          
.3800E+00    50.000  0.825E+02   0.18543E+00   0.00000E+00   0.10000E+00    0.50249E-02  289.01         test_P_all          
.3900E+00    50.000  0.791E+02   0.17791E+00   0.00000E+00   0.10000E+00    0.50249E-02  240.37         test_P_all          
.4000E+00    50.000  0.759E+02   0.17047E+00   0.00000E+00   0.10000E+00    0.17692E-02 1586.45         test_P_all          
.4100E+00    50.000  0.728E+02   0.16313E+00   0.00000E+00   0.10000E+00    0.50249E-02  157.81         test_P_all          
.4200E+00    50.000  0.699E+02   0.15589E+00   0.00000E+00   0.10000E+00    0.50249E-02  123.71         test_P_all          
.4300E+00    50.000  0.672E+02   0.14877E+00   0.00000E+00   0.10000E+00    0.50249E-02   94.19         test_P_all          
.4400E+00    50.000  0.645E+02   0.14177E+00   0.00000E+00   0.10000E+00    0.50249E-02   69.11         test_P_all          
.4500E+00    50.000  0.620E+02   0.13491E+00   0.00000E+00   0.10000E+00    0.50249E-02   48.27         test_P_all          
.4600E+00    50.000  0.596E+02   0.12820E+00   0.00000E+00   0.10000E+00    0.50249E-02   31.49         test_P_all          
.4700E+00    50.000  0.573E+02   0.12163E+00   0.00000E+00   0.10000E+00    0.50249E-02   18.53         test_P_all          
.4800E+00    50.000  0.550E+02   0.11522E+00   0.00000E+00   0.10000E+00    0.50249E-02    9.17         test_P_all          
.4900E+00    50.000  0.529E+02   0.10898E+00   0.00000E+00   0.10000E+00    0.50249E-02    3.19         test_P_all          
.5000E+00    50.000  0.509E+02   0.10290E+00   0.00000E+00   0.10000E+00    0.17692E-02    2.69         test_P_all          
.5100E+00    50.000  0.489E+02   0.97002E-01   0.00000E+00   0.10000E+00    0.50249E-02   -0.36         test_P_all          
.5200E+00    50.000  0.470E+02   0.91284E-01   0.00000E+00   0.10000E+00    0.50249E-02   -3.01         test_P_all          
.5300E+00    50.000  0.452E+02   0.85747E-01   0.00000E+00   0.10000E+00    0.50249E-02   -8.04         test_P_all          
.5400E+00    50.000  0.435E+02   0.80401E-01   0.00000E+00   0.10000E+00    0.50249E-02  -15.21         test_P_all          
.5500E+00    50.000  0.418E+02   0.75243E-01   0.00000E+00   0.10000E+00    0.50249E-02  -24.27         test_P_all          
.5600E+00    50.000  0.402E+02   0.70277E-01   0.00000E+00   0.10000E+00    0.50249E-02  -34.99         test_P_all          
.5700E+00    50.000  0.386E+02   0.65506E-01   0.00000E+00   0.10000E+00    0.50249E-02  -47.12         test_P_all          
.5800E+00    50.000  0.371E+02   0.60928E-01   0.00000E+00   0.10000E+00    0.50249E-02  -60.46         test_P_all          
.5900E+00    50.000  0.356E+02   0.56548E-01   0.00000E+00   0.10000E+00    0.50249E-02  -74.78         test_P_all          
.6000E+00    50.000  0.342E+02   0.52362E-01   0.00000E+00   0.10000E+00    0.17692E-02 -725.05         test_P_all          
.6100E+00    50.000  0.328E+02   0.48370E-01   0.00000E+00   0.10000E+00    0.50249E-02 -105.57         test_P_all          
.6200E+00    50.000  0.315E+02   0.44572E-01   0.00000E+00   0.10000E+00    0.50249E-02 -121.67         test_P_all          
.6300E+00    50.000  0.302E+02   0.40965E-01   0.00000E+00   0.10000E+00    0.50249E-02 -138.03         test_P_all          
.6400E+00    50.000  0.290E+02   0.37549E-01   0.00000E+00   0.10000E+00    0.50249E-02 -154.46         test_P_all          
.6500E+00    50.000  0.278E+02   0.34319E-01   0.00000E+00   0.10000E+00    0.50249E-02 -170.85         test_P_all          
.6600E+00    50.000  0.266E+02   0.31273E-01   0.00000E+00   0.10000E+00    0.50249E-02 -187.06         test_P_all          
.6700E+00    50.000  0.255E+02   0.28409E-01   0.00000E+00   0.10000E+00    0.50249E-02 -202.98         test_P_all          
.6800E+00    50.000  0.244E+02   0.25721E-01   0.00000E+00   0.10000E+00    0.50249E-02 -218.51         test_P_all          
.6900E+00    50.000  0.233E+02   0.23206E-01   0.00000E+00   0.10000E+00    0.50249E-02 -233.56         test_P_all          
.7000E+00    50.000  0.223E+02   0.20860E-01   0.00000E+00   0.10000E+00    0.17692E-02 *******         test_P_all          
.7100E+00    50.000  0.213E+02   0.18677E-01   0.00000E+00   0.10000E+00    0.50249E-02 -261.92         test_P_all          
.7200E+00    50.000  0.203E+02   0.16653E-01   0.00000E+00   0.10000E+00    0.50249E-02 -275.12         test_P_all          
.7300E+00    50.000  0.194E+02   0.14783E-01   0.00000E+00   0.10000E+00    0.50249E-02 -287.60         test_P_all          
.7400E+00    50.000  0.184E+02   0.13060E-01   0.00000E+00   0.10000E+00    0.50249E-02 -299.35         test_P_all          
.7500E+00    50.000  0.175E+02   0.11480E-01   0.00000E+00   0.10000E+00    0.50249E-02 -310.33         test_P_all          
.7600E+00    50.000  0.167E+02   0.10036E-01   0.00000E+00   0.10000E+00    0.50249E-02 -320.54         test_P_all          
.7700E+00    50.000  0.158E+02   0.87220E-02   0.00000E+00   0.10000E+00    0.50249E-02 -329.97         test_P_all          
.7800E+00    50.000  0.150E+02   0.75322E-02   0.00000E+00   0.10000E+00    0.50249E-02 -338.63         test_P_all          
.7900E+00    50.000  0.142E+02   0.64600E-02   0.00000E+00   0.10000E+00    0.50249E-02 -346.52         test_P_all          
.8000E+00    50.000  0.134E+02   0.54991E-02   0.00000E+00   0.10000E+00    0.17692E-02 *******         test_P_all          
.8100E+00    50.000  0.126E+02   0.46430E-02   0.00000E+00   0.10000E+00    0.50249E-02 -360.12         test_P_all          
.8200E+00    50.000  0.119E+02   0.38849E-02   0.00000E+00   0.10000E+00    0.50249E-02 -365.87         test_P_all          
.8300E+00    50.000  0.111E+02   0.32188E-02   0.00000E+00   0.10000E+00    0.50249E-02 -370.95         test_P_all          
.8400E+00    50.000  0.104E+02   0.26377E-02   0.00000E+00   0.10000E+00    0.50249E-02 -375.42         test_P_all          
.8500E+00    50.000  0.971E+01   0.21350E-02   0.00000E+00   0.10000E+00    0.50249E-02 -379.31         test_P_all          
.8600E+00    50.000  0.902E+01   0.17050E-02   0.00000E+00   0.10000E+00    0.50249E-02 -382.65         test_P_all          
.8700E+00    50.000  0.835E+01   0.13400E-02   0.00000E+00   0.10000E+00    0.50249E-02 -385.50         test_P_all          
.8800E+00    50.000  0.770E+01   0.10348E-02   0.00000E+00   0.10000E+00    0.50249E-02 -387.89         test_P_all          
.8900E+00    50.000  0.706E+01   0.78337E-03   0.00000E+00   0.10000E+00    0.50249E-02 -389.86         test_P_all          
.9000E+00    50.000  0.644E+01   0.57841E-03   0.00000E+00   0.10000E+00    0.17692E-02 *******         test_P_all          
.9100E+00    50.000  0.583E+01   0.41589E-03   0.00000E+00   0.10000E+00    0.50249E-02 -392.75         test_P_all          
.9200E+00    50.000  0.523E+01   0.28888E-03   0.00000E+00   0.10000E+00    0.50249E-02 -393.75         test_P_all          
.9300E+00    50.000  0.465E+01   0.19237E-03   0.00000E+00   0.10000E+00    0.50249E-02 -394.52         test_P_all          
.9400E+00    50.000  0.407E+01   0.12268E-03   0.00000E+00   0.10000E+00    0.50249E-02 -395.07         test_P_all          
.9500E+00    50.000  0.351E+01   0.72109E-04   0.00000E+00   0.10000E+00    0.50249E-02 -395.47         test_P_all          
.9600E+00    50.000  0.297E+01   0.39117E-04   0.00000E+00   0.10000E+00    0.50249E-02 -395.73         test_P_all          
.9700E+00    50.000  0.243E+01   0.19020E-04   0.00000E+00   0.10000E+00    0.50249E-02 -395.89         test_P_all          
.9800E+00    50.000  0.190E+01   0.71289E-05   0.00000E+00   0.10000E+00    0.50249E-02 -395.98         test_P_all          
.9900E+00    50.000  0.139E+01   0.23818E-05   0.00000E+00   0.10000E+00    0.50249E-02 -396.02         test_P_all          
.1000E+01    50.000  0.882E+00   0.19817E-05   0.00000E+00   0.10000E+00    0.50249E-02 -396.02         test_P_all          
.1000E+00   100.000  0.901E+03   0.39721E+00   0.00000E+00   0.10000E+00    0.50249E-02 3498.27         test_P_all          
.1100E+00   100.000  0.810E+03   0.38633E+00   0.00000E+00   0.10000E+00    0.50249E-02 3246.84         test_P_all          
.1200E+00   100.000  0.734E+03   0.37650E+00   0.00000E+00   0.10000E+00    0.50249E-02 3027.73         test_P_all          
.1300E+00   100.000  0.670E+03   0.36742E+00   0.00000E+00   0.10000E+00    0.50249E-02 2832.23         test_P_all          
.1400E+00   100.000  0.615E+03   0.35881E+00   0.00000E+00   0.10000E+00    0.50249E-02 2652.76         test_P_all          
.1500E+00   100.000  0.568E+03   0.35068E+00   0.00000E+00   0.10000E+00    0.50249E-02 2488.67         test_P_all          
.1600E+00   100.000  0.526E+03   0.34273E+00   0.00000E+00   0.10000E+00    0.50249E-02 2333.39         test_P_all          
.1700E+00   100.000  0.489E+03   0.33500E+00   0.00000E+00   0.10000E+00    0.50249E-02 2187.22         test_P_all          
.1800E+00   100.000  0.456E+03   0.32741E+00   0.00000E+00   0.10000E+00    0.50249E-02 2048.06         test_P_all          
.1900E+00   100.000  0.427E+03   0.31984E+00   0.00000E+00   0.10000E+00    0.50249E-02 1914.07         test_P_all          
.2000E+00   100.000  0.401E+03   0.31233E+00   0.00000E+00   0.10000E+00    0.50249E-02 1785.53         test_P_all          
.2100E+00   100.000  0.377E+03   0.30478E+00   0.00000E+00   0.10000E+00    0.50249E-02 1660.74         test_P_all          
.2200E+00   100.000  0.355E+03   0.29720E+00   0.00000E+00   0.10000E+00    0.50249E-02 1540.18         test_P_all          
.2300E+00   100.000  0.336E+03   0.28959E+00   0.00000E+00   0.10000E+00    0.50249E-02 1423.57         test_P_all          
.2400E+00   100.000  0.318E+03   0.28192E+00   0.00000E+00   0.10000E+00    0.50249E-02 1310.69         test_P_all          
.2500E+00   100.000  0.301E+03   0.27421E+00   0.00000E+00   0.10000E+00    0.50249E-02 1201.90         test_P_all          
.2600E+00   100.000  0.285E+03   0.26643E+00   0.00000E+00   0.10000E+00    0.50249E-02 1097.05         test_P_all          
.2700E+00   100.000  0.271E+03   0.25862E+00   0.00000E+00   0.10000E+00    0.50249E-02  996.49         test_P_all          
.2800E+00   100.000  0.258E+03   0.25078E+00   0.00000E+00   0.10000E+00    0.50249E-02  900.37         test_P_all          
.2900E+00   100.000  0.246E+03   0.24291E+00   0.00000E+00   0.10000E+00    0.50249E-02  808.82         test_P_all          
.3000E+00   100.000  0.234E+03   0.23503E+00   0.00000E+00   0.10000E+00    0.18868E-02 5121.40         test_P_all          
.3100E+00   100.000  0.223E+03   0.22715E+00   0.00000E+00   0.10000E+00    0.50249E-02  640.24         test_P_all          
.3200E+00   100.000  0.213E+03   0.21928E+00   0.00000E+00   0.10000E+00    0.50249E-02  563.45         test_P_all          
.3300E+00   100.000  0.204E+03   0.21144E+00   0.00000E+00   0.10000E+00    0.50249E-02  491.81         test_P_all          
.3400E+00   100.000  0.195E+03   0.20364E+00   0.00000E+00   0.10000E+00    0.50249E-02  425.36         test_P_all          
.3500E+00   100.000  0.187E+03   0.19589E+00   0.00000E+00   0.10000E+00    0.50249E-02  364.13         test_P_all          
.3600E+00   100.000  0.179E+03   0.18820E+00   0.00000E+00   0.10000E+00    0.50249E-02  308.12         test_P_all          
.3700E+00   100.000  0.171E+03   0.18060E+00   0.00000E+00   0.10000E+00    0.50249E-02  257.27         test_P_all          
.3800E+00   100.000  0.164E+03   0.17308E+00   0.00000E+00   0.10000E+00    0.50249E-02  211.52         test_P_all          
.3900E+00   100.000  0.157E+03   0.16567E+00   0.00000E+00   0.10000E+00    0.50249E-02  170.77         test_P_all          
.4000E+00   100.000  0.151E+03   0.15836E+00   0.00000E+00   0.10000E+00    0.17692E-02 1088.03         test_P_all          
.4100E+00   100.000  0.145E+03   0.15117E+00   0.00000E+00   0.10000E+00    0.50249E-02  103.70         test_P_all          
.4200E+00   100.000  0.139E+03   0.14411E+00   0.00000E+00   0.10000E+00    0.50249E-02   77.07         test_P_all          
.4300E+00   100.000  0.133E+03   0.13719E+00   0.00000E+00   0.10000E+00    0.50249E-02   54.79         test_P_all          
.4400E+00   100.000  0.128E+03   0.13042E+00   0.00000E+00   0.10000E+00    0.50249E-02   36.65         test_P_all          
.4500E+00   100.000  0.123E+03   0.12380E+00   0.00000E+00   0.10000E+00    0.50249E-02   22.43         test_P_all          
.4600E+00   100.000  0.118E+03   0.11734E+00   0.00000E+00   0.10000E+00    0.50249E-02   11.90         test_P_all          
.4700E+00   100.000  0.114E+03   0.11104E+00   0.00000E+00   0.10000E+00    0.50249E-02    4.83         test_P_all          
.4800E+00   100.000  0.109E+03   0.10492E+00   0.00000E+00   0.10000E+00    0.50249E-02    0.96         test_P_all          
.4900E+00   100.000  0.105E+03   0.98970E-01   0.00000E+00   0.10000E+00    0.50249E-02   -0.04         test_P_all          
.5000E+00   100.000  0.101E+03   0.93203E-01   0.00000E+00   0.10000E+00    0.17692E-02  -14.76         test_P_all          
.5100E+00   100.000  0.970E+02   0.87622E-01   0.00000E+00   0.10000E+00    0.50249E-02   -6.07         test_P_all          
.5200E+00   100.000  0.932E+02   0.82228E-01   0.00000E+00   0.10000E+00    0.50249E-02  -12.51         test_P_all          
.5300E+00   100.000  0.896E+02   0.77023E-01   0.00000E+00   0.10000E+00    0.50249E-02  -20.91         test_P_all          
.5400E+00   100.000  0.861E+02   0.72012E-01   0.00000E+00   0.10000E+00    0.50249E-02  -31.02         test_P_all          
.5500E+00   100.000  0.827E+02   0.67193E-01   0.00000E+00   0.10000E+00    0.50249E-02  -42.63         test_P_all          
.5600E+00   100.000  0.795E+02   0.62569E-01   0.00000E+00   0.10000E+00    0.50249E-02  -55.49         test_P_all          
.5700E+00   100.000  0.763E+02   0.58140E-01   0.00000E+00   0.10000E+00    0.50249E-02  -69.40         test_P_all          
.5800E+00   100.000  0.733E+02   0.53905E-01   0.00000E+00   0.10000E+00    0.50249E-02  -84.15         test_P_all          
.5900E+00   100.000  0.704E+02   0.49865E-01   0.00000E+00   0.10000E+00    0.50249E-02  -99.54         test_P_all          
.6000E+00   100.000  0.675E+02   0.46017E-01   0.00000E+00   0.10000E+00    0.17692E-02 -931.03         test_P_all          
.6100E+00   100.000  0.648E+02   0.42361E-01   0.00000E+00   0.10000E+00    0.50249E-02 -131.57         test_P_all          
.6200E+00   100.000  0.622E+02   0.38894E-01   0.00000E+00   0.10000E+00    0.50249E-02 -147.88         test_P_all          
.6300E+00   100.000  0.596E+02   0.35612E-01   0.00000E+00   0.10000E+00    0.50249E-02 -164.19         test_P_all          
.6400E+00   100.000  0.571E+02   0.32515E-01   0.00000E+00   0.10000E+00    0.50249E-02 -180.36         test_P_all          
.6500E+00   100.000  0.547E+02   0.29598E-01   0.00000E+00   0.10000E+00    0.50249E-02 -196.30         test_P_all          
.6600E+00   100.000  0.524E+02   0.26857E-01   0.00000E+00   0.10000E+00    0.50249E-02 -211.87         test_P_all          
.6700E+00   100.000  0.501E+02   0.24290E-01   0.00000E+00   0.10000E+00    0.50249E-02 -227.01         test_P_all          
.6800E+00   100.000  0.479E+02   0.21890E-01   0.00000E+00   0.10000E+00    0.50249E-02 -241.63         test_P_all          
.6900E+00   100.000  0.458E+02   0.19654E-01   0.00000E+00   0.10000E+00    0.50249E-02 -255.66         test_P_all          
.7000E+00   100.000  0.437E+02   0.17577E-01   0.00000E+00   0.10000E+00    0.17692E-02 *******         test_P_all          
.7100E+00   100.000  0.417E+02   0.15654E-01   0.00000E+00   0.10000E+00    0.50249E-02 -281.76         test_P_all          
.7200E+00   100.000  0.398E+02   0.13878E-01   0.00000E+00   0.10000E+00    0.50249E-02 -293.74         test_P_all          
.7300E+00   100.000  0.379E+02   0.12246E-01   0.00000E+00   0.10000E+00    0.50249E-02 -304.98         test_P_all          
.7400E+00   100.000  0.360E+02   0.10750E-01   0.00000E+00   0.10000E+00    0.50249E-02 -315.47         test_P_all          
.7500E+00   100.000  0.342E+02   0.93850E-02   0.00000E+00   0.10000E+00    0.50249E-02 -325.19         test_P_all          
.7600E+00   100.000  0.325E+02   0.81450E-02   0.00000E+00   0.10000E+00    0.50249E-02 -334.15         test_P_all          
.7700E+00   100.000  0.308E+02   0.70237E-02   0.00000E+00   0.10000E+00    0.50249E-02 -342.36         test_P_all          
.7800E+00   100.000  0.291E+02   0.60151E-02   0.00000E+00   0.10000E+00    0.50249E-02 -349.83         test_P_all          
.7900E+00   100.000  0.275E+02   0.51123E-02   0.00000E+00   0.10000E+00    0.50249E-02 -356.58         test_P_all          
.8000E+00   100.000  0.259E+02   0.43096E-02   0.00000E+00   0.10000E+00    0.17692E-02 *******         test_P_all          
.8100E+00   100.000  0.243E+02   0.36000E-02   0.00000E+00   0.10000E+00    0.50249E-02 -368.04         test_P_all          
.8200E+00   100.000  0.228E+02   0.29773E-02   0.00000E+00   0.10000E+00    0.50249E-02 -372.81         test_P_all          
.8300E+00   100.000  0.214E+02   0.24358E-02   0.00000E+00   0.10000E+00    0.50249E-02 -376.98         test_P_all          
.8400E+00   100.000  0.199E+02   0.19677E-02   0.00000E+00   0.10000E+00    0.50249E-02 -380.61         test_P_all          
.8500E+00   100.000  0.185E+02   0.15680E-02   0.00000E+00   0.10000E+00    0.50249E-02 -383.72         test_P_all          
.8600E+00   100.000  0.172E+02   0.12303E-02   0.00000E+00   0.10000E+00    0.50249E-02 -386.35         test_P_all          
.8700E+00   100.000  0.158E+02   0.94783E-03   0.00000E+00   0.10000E+00    0.50249E-02 -388.57         test_P_all          
.8800E+00   100.000  0.145E+02   0.71609E-03   0.00000E+00   0.10000E+00    0.50249E-02 -390.39         test_P_all          
.8900E+00   100.000  0.132E+02   0.52761E-03   0.00000E+00   0.10000E+00    0.50249E-02 -391.87         test_P_all          
.9000E+00   100.000  0.120E+02   0.37816E-03   0.00000E+00   0.10000E+00    0.17692E-02 *******         test_P_all          
.9100E+00   100.000  0.108E+02   0.26250E-03   0.00000E+00   0.10000E+00    0.50249E-02 -393.96         test_P_all          
.9200E+00   100.000  0.958E+01   0.17422E-03   0.00000E+00   0.10000E+00    0.50249E-02 -394.66         test_P_all          
.9300E+00   100.000  0.841E+01   0.11056E-03   0.00000E+00   0.10000E+00    0.50249E-02 -395.16         test_P_all          
.9400E+00   100.000  0.726E+01   0.65234E-04   0.00000E+00   0.10000E+00    0.50249E-02 -395.52         test_P_all          
.9500E+00   100.000  0.614E+01   0.35158E-04   0.00000E+00   0.10000E+00    0.50249E-02 -395.76         test_P_all          
.9600E+00   100.000  0.505E+01   0.17380E-04   0.00000E+00   0.10000E+00    0.50249E-02 -395.90         test_P_all          
.9700E+00   100.000  0.397E+01   0.65642E-05   0.00000E+00   0.10000E+00    0.50249E-02 -395.99         test_P_all          
.9800E+00   100.000  0.292E+01   0.21218E-05   0.00000E+00   0.10000E+00    0.50249E-02 -396.02         test_P_all          
.9900E+00   100.000  0.189E+01   0.16384E-05   0.00000E+00   0.10000E+00    0.50249E-02 -396.03         test_P_all          
.1000E+01   100.000  0.882E+00   0.22579E-05   0.00000E+00   0.10000E+00    0.50249E-02 -396.02         test_P_all          



 CHI SQUARE=******** FOR  582 POINTS   CHISQ/NPTS= 1109.98
 Signed chisquare total =********
 Modified residual =********


Summary normalization chi2 contributions

 data set     normalization        error         chisq


Summary chi2 per data set

 data set                chisq    _w     signd    _w     resid     _w   npts   chisq/pts  _w
test_P_all            646011.1        447498.4        ********           582 1109.98
------------------------------------------------------------------------------------
          TOTAL       646011.1646011.1447498.4     0.0****************   582 1109.98 1109.98
          TOTAL+norm  646011.1646011.1                                   582 1109.98 1109.98



            Momentum Sum Rule Check


      q2      alphas      xuv       xdv       xub       xdb       xsb       xcb       xbb      xglue     total
      1.69    0.3845    0.3191    0.1366    0.0570    0.0678    0.0250    0.0000    0.0000    0.3948    1.0002
    100.00    0.1784    0.2248    0.0963    0.0660    0.0737    0.0435    0.0260    0.0088    0.4581    0.9972
   1000.00    0.1407    0.0000    0.0000    0.0000    0.0000    0.0000    0.0000    0.0000    0.0000    0.0000
   8315.00    0.1180    0.0000    0.0000    0.0000    0.0000    0.0000    0.0000    0.0000    0.0000    0.0000


 Vector Boson Cross Sections

 sqrt(s)   sigma(W)    error    theory

   1960.     2.865     0.063       0.000     D0

   1960.     2.749     0.054       0.000     CDF

   7000.     9.95      0.29        0.000     CMS

   7000.     9.96      0.55        0.000     ATLAS

 sqrt(s)   sigma(Z)    error    theory

   1960.     .2649     .0094       0.000     D0

   1960.     .2549     .0057       0.000     CDF

   7000.     .931      0.035       0.000     CMS

   7000.     .82       0.08        0.000     ATLAS


