 Correlated errors added in quadrature with statistical errors
 test_P_all           DIS data with   1.69< Q2 < 0.500D+03 and 0.000 < xB < 1.000 and   0.00< W2 < 0.100D+05 and 0.000 < y < 1.000
   GP TMC applied
   no HT corrections

# fitpack15: fit output
# CJ15 AV18 final data choices                                                 

Parametrization   7 used here

 S-ACOT scheme used  for NC DIS

 charm mass =     1.30 GeV     bottom mass =     4.50 GeV



 THIS IS A NEXT TO LEADING ORDER FIT

 Q02=    1.69
         1  LAMBDA      VALUE=   0.22680      WEIGHT=    0.0000    
         2  a0uv        VALUE=    2.0538      WEIGHT=    0.0000    
         3  a1uv        VALUE=   0.57891      WEIGHT=   0.22474E-01
         4  a2uv        VALUE=    3.5569      WEIGHT=   0.11264E-01
         5  a3uv        VALUE=    0.0000      WEIGHT=    0.0000    
         6  a4uv        VALUE=    4.2755      WEIGHT=   0.56669    
         7  a5uv        VALUE=    0.0000      WEIGHT=    0.0000    
         8  a0dv        VALUE=    24.991      WEIGHT=    0.0000    
         9  a1dv        VALUE=    1.1562      WEIGHT=   0.32486E-01
        10  a2dv        VALUE=    6.6675      WEIGHT=   0.16526    
        11  a3dv        VALUE=   -3.5536      WEIGHT=   0.86448E-01
        12  a4dv        VALUE=    4.7888      WEIGHT=   0.15187    
        13  a5dv        VALUE=    0.0000      WEIGHT=    0.0000    
        14  a0ud        VALUE=   0.14191      WEIGHT=   0.50143E-02
        15  a1ud        VALUE=  -0.21086      WEIGHT=   0.38387E-02
        16  a2ud        VALUE=    8.4437      WEIGHT=   0.18509    
        17  a3ud        VALUE=    0.0000      WEIGHT=    0.0000    
        18  a4ud        VALUE=    15.554      WEIGHT=    1.2997    
        19  a5ud        VALUE=    0.0000      WEIGHT=    0.0000    
        20  a0du        VALUE=    35712.      WEIGHT=    0.0000    
        21  a1du        VALUE=    4.0929      WEIGHT=   0.96547E-01
        22  a2du        VALUE=    20.602      WEIGHT=    1.0149    
        23  a3du        VALUE=    17.000      WEIGHT=    0.0000    
        24  a4du        VALUE=    60.872      WEIGHT=    15.472    
        25  a0g         VALUE=    47.055      WEIGHT=    0.0000    
        26  a1g         VALUE=   0.60682      WEIGHT=   0.30464E-01
        27  a2g         VALUE=    6.2877      WEIGHT=   0.86617    
        28  a3g         VALUE=   -3.4110      WEIGHT=   0.12679    
        29  a4g         VALUE=    3.3447      WEIGHT=   0.30382    
        30  a5g         VALUE=    0.0000      WEIGHT=    0.0000    
        31  kappa       VALUE=   0.40000      WEIGHT=    0.0000    
        32  a6dv        VALUE=  -0.44316E-02  WEIGHT=   0.77170E-03
        33  a7dv        VALUE=    2.0000      WEIGHT=    0.0000    
        34  off1        VALUE=  -0.19616      WEIGHT=   0.12913    
        35  off2        VALUE=    2.1133      WEIGHT=    1.4498    
        36  off3        VALUE=   -8.2545      WEIGHT=    5.2623    
        37  off4        VALUE=    7.5572      WEIGHT=    5.2487    
        38  ht1         VALUE=   -3.3418      WEIGHT=   0.28015    
        39  ht2         VALUE=    1.9691      WEIGHT=   0.11521    
        40  ht3         VALUE=   -2.1031      WEIGHT=   0.29638E-01
        41  ht4         VALUE=    0.0000      WEIGHT=    0.0000    
        42  dummy42     VALUE=    0.0000      WEIGHT=    0.0000    
        43  dummy43     VALUE=    0.0000      WEIGHT=    0.0000    
        44  dummy44     VALUE=    0.0000      WEIGHT=    0.0000    
        45  dummy45     VALUE=    0.0000      WEIGHT=    0.0000    
        46  dummy46     VALUE=    0.0000      WEIGHT=    0.0000    
        47  dummy47     VALUE=    0.0000      WEIGHT=    0.0000    
        48  dummy48     VALUE=    0.0000      WEIGHT=    0.0000    
        49  dummy49     VALUE=    0.0000      WEIGHT=    0.0000    
        50  bcdmsh2     VALUE=   0.96925      WEIGHT=   0.48698E-02
        51  bcdmsd2     VALUE=   0.99215      WEIGHT=   0.58613E-02
        52  ccfr        VALUE=    1.0000      WEIGHT=    0.0000    
        53  nutev       VALUE=    1.0000      WEIGHT=    0.0000    
        54  zeus        VALUE=   0.97998      WEIGHT=    0.0000    
        55  h1          VALUE=    1.0162      WEIGHT=    0.0000    
        56  e605        VALUE=    1.0319      WEIGHT=    0.0000    
        57  NmcH2       VALUE=    1.0070      WEIGHT=   0.71484E-02
        58  ntv_nu      VALUE=    1.0000      WEIGHT=    0.0000    
        59  ntv_nuba    VALUE=    1.0000      WEIGHT=    0.0000    
        60  cdf_jet     VALUE=   0.98910      WEIGHT=    0.0000    
        61  d0_jet      VALUE=   0.83504      WEIGHT=    0.0000    
        62  slac_p      VALUE=    1.0014      WEIGHT=   0.48784E-02
        63  slac_d      VALUE=    1.0033      WEIGHT=   0.53483E-02
        64  e866pp      VALUE=   0.97840      WEIGHT=   0.19581E-01
        65  e866pd      VALUE=   0.95892      WEIGHT=   0.17749E-01
        66  d0_gamje    VALUE=    1.0378      WEIGHT=   0.16508E-01
        67  h1b         VALUE=   0.97608      WEIGHT=    0.0000    
        68  jlab_p      VALUE=   0.99336      WEIGHT=   0.58505E-02
        69  jlab_d      VALUE=   0.97642      WEIGHT=   0.60110E-02
        70  blank       VALUE=    1.0000      WEIGHT=    0.0000    
        71  d0run2      VALUE=   0.95164      WEIGHT=   0.14837E-01
        72  cdfrun2     VALUE=   0.93624      WEIGHT=   0.17599E-01
        73  HERA_el     VALUE=    1.0000      WEIGHT=    0.0000    
        74  HERA_ps     VALUE=    1.0000      WEIGHT=    0.0000    
        75  CDF_Z       VALUE=   0.95691      WEIGHT=   0.67024E-02
        76  NmcRat      VALUE=    1.0000      WEIGHT=    0.0000    
        77  BNS_F2nd    VALUE=   0.97422      WEIGHT=   0.73479E-02
        78  HERMES_F    VALUE=   0.99495      WEIGHT=   0.56302E-02
        79  HERMES_F    VALUE=   0.97909      WEIGHT=   0.58713E-02
0THE TOLERANCE IS    0.1000
 THE MAXIMUM NUMBER OF STEPS IS 100
0THE INITIAL CHI SQUARED IS  6.40580E+05



     X        Q2         W2       THEORY        error         DATA           ERROR        chi^2     _w    ITYPE
.1000E-01     2.000  0.199E+03   0.35323E+00   0.00000E+00   0.10000E+00    0.50249E-02 2539.65         test_P_all          
.2000E-01     2.000  0.989E+02   0.33476E+00   0.00000E+00   0.10000E+00    0.50249E-02 2182.72         test_P_all          
.3000E-01     2.000  0.655E+02   0.33089E+00   0.00000E+00   0.10000E+00    0.50249E-02 2111.26         test_P_all          
.4000E-01     2.000  0.489E+02   0.33430E+00   0.00000E+00   0.10000E+00    0.50249E-02 2174.07         test_P_all          
.5000E-01     2.000  0.389E+02   0.33812E+00   0.00000E+00   0.10000E+00    0.50249E-02 2245.56         test_P_all          
.6000E-01     2.000  0.322E+02   0.34289E+00   0.00000E+00   0.10000E+00    0.50249E-02 2336.46         test_P_all          
.7000E-01     2.000  0.275E+02   0.34695E+00   0.00000E+00   0.10000E+00    0.50249E-02 2415.22         test_P_all          
.8000E-01     2.000  0.239E+02   0.35028E+00   0.00000E+00   0.10000E+00    0.50249E-02 2480.82         test_P_all          
.9000E-01     2.000  0.211E+02   0.35307E+00   0.00000E+00   0.10000E+00    0.50249E-02 2536.42         test_P_all          
.1000E+00     2.000  0.189E+02   0.35515E+00   0.00000E+00   0.10000E+00    0.50249E-02 2578.33         test_P_all          
.1100E+00     2.000  0.171E+02   0.35687E+00   0.00000E+00   0.10000E+00    0.50249E-02 2613.09         test_P_all          
.1200E+00     2.000  0.155E+02   0.35812E+00   0.00000E+00   0.10000E+00    0.50249E-02 2638.71         test_P_all          
.1300E+00     2.000  0.143E+02   0.35895E+00   0.00000E+00   0.10000E+00    0.50249E-02 2655.68         test_P_all          
.1400E+00     2.000  0.132E+02   0.35952E+00   0.00000E+00   0.10000E+00    0.50249E-02 2667.38         test_P_all          
.1500E+00     2.000  0.122E+02   0.35971E+00   0.00000E+00   0.10000E+00    0.50249E-02 2671.24         test_P_all          
.1600E+00     2.000  0.114E+02   0.35957E+00   0.00000E+00   0.10000E+00    0.50249E-02 2668.36         test_P_all          
.1700E+00     2.000  0.106E+02   0.35909E+00   0.00000E+00   0.10000E+00    0.50249E-02 2658.54         test_P_all          
.1800E+00     2.000  0.999E+01   0.35825E+00   0.00000E+00   0.10000E+00    0.50249E-02 2641.41         test_P_all          
.1900E+00     2.000  0.941E+01   0.35705E+00   0.00000E+00   0.10000E+00    0.50249E-02 2616.87         test_P_all          
.2000E+00     2.000  0.888E+01   0.35548E+00   0.00000E+00   0.10000E+00    0.50249E-02 2585.01         test_P_all          
.2100E+00     2.000  0.841E+01   0.35353E+00   0.00000E+00   0.10000E+00    0.50249E-02 2545.66         test_P_all          
.2200E+00     2.000  0.797E+01   0.35119E+00   0.00000E+00   0.10000E+00    0.50249E-02 2498.83         test_P_all          
.2300E+00     2.000  0.758E+01   0.34847E+00   0.00000E+00   0.10000E+00    0.50249E-02 2445.10         test_P_all          
.2400E+00     2.000  0.722E+01   0.34536E+00   0.00000E+00   0.10000E+00    0.50249E-02 2384.13         test_P_all          
.2500E+00     2.000  0.688E+01   0.34186E+00   0.00000E+00   0.10000E+00    0.50249E-02 2316.75         test_P_all          
.2600E+00     2.000  0.657E+01   0.33801E+00   0.00000E+00   0.10000E+00    0.50249E-02 2243.48         test_P_all          
.2700E+00     2.000  0.629E+01   0.33378E+00   0.00000E+00   0.10000E+00    0.50249E-02 2164.50         test_P_all          
.2800E+00     2.000  0.602E+01   0.32922E+00   0.00000E+00   0.10000E+00    0.50249E-02 2080.79         test_P_all          
.2900E+00     2.000  0.578E+01   0.32433E+00   0.00000E+00   0.10000E+00    0.50249E-02 1992.94         test_P_all          
.3000E+00     2.000  0.555E+01   0.31912E+00   0.00000E+00   0.10000E+00    0.18868E-02 *******         test_P_all          
.3100E+00     2.000  0.533E+01   0.31364E+00   0.00000E+00   0.10000E+00    0.50249E-02 1807.60         test_P_all          
.3200E+00     2.000  0.513E+01   0.30789E+00   0.00000E+00   0.10000E+00    0.50249E-02 1711.69         test_P_all          
.3300E+00     2.000  0.494E+01   0.30191E+00   0.00000E+00   0.10000E+00    0.50249E-02 1614.58         test_P_all          
.3400E+00     2.000  0.476E+01   0.29572E+00   0.00000E+00   0.10000E+00    0.50249E-02 1517.01         test_P_all          
.3500E+00     2.000  0.460E+01   0.28933E+00   0.00000E+00   0.10000E+00    0.50249E-02 1419.69         test_P_all          
.3600E+00     2.000  0.444E+01   0.28279E+00   0.00000E+00   0.10000E+00    0.50249E-02 1323.23         test_P_all          
.3700E+00     2.000  0.429E+01   0.27610E+00   0.00000E+00   0.10000E+00    0.50249E-02 1228.19         test_P_all          
.3800E+00     2.000  0.414E+01   0.26930E+00   0.00000E+00   0.10000E+00    0.50249E-02 1135.20         test_P_all          
.3900E+00     2.000  0.401E+01   0.26241E+00   0.00000E+00   0.10000E+00    0.50249E-02 1044.66         test_P_all          
.4000E+00     2.000  0.388E+01   0.25545E+00   0.00000E+00   0.10000E+00    0.17692E-02 7719.99         test_P_all          
.4100E+00     2.000  0.376E+01   0.24843E+00   0.00000E+00   0.10000E+00    0.50249E-02  872.59         test_P_all          
.4200E+00     2.000  0.364E+01   0.24139E+00   0.00000E+00   0.10000E+00    0.50249E-02  791.74         test_P_all          
.4300E+00     2.000  0.353E+01   0.23433E+00   0.00000E+00   0.10000E+00    0.50249E-02  714.66         test_P_all          
.4400E+00     2.000  0.343E+01   0.22728E+00   0.00000E+00   0.10000E+00    0.50249E-02  641.61         test_P_all          
.4500E+00     2.000  0.333E+01   0.22025E+00   0.00000E+00   0.10000E+00    0.50249E-02  572.70         test_P_all          
.4600E+00     2.000  0.323E+01   0.21326E+00   0.00000E+00   0.10000E+00    0.50249E-02  508.01         test_P_all          
.4700E+00     2.000  0.314E+01   0.20632E+00   0.00000E+00   0.10000E+00    0.50249E-02  447.64         test_P_all          
.4800E+00     2.000  0.305E+01   0.19944E+00   0.00000E+00   0.10000E+00    0.50249E-02  391.60         test_P_all          
.4900E+00     2.000  0.296E+01   0.19263E+00   0.00000E+00   0.10000E+00    0.50249E-02  339.85         test_P_all          
.5000E+00     2.000  0.288E+01   0.18592E+00   0.00000E+00   0.10000E+00    0.17692E-02 2358.52         test_P_all          
.5100E+00     2.000  0.280E+01   0.17930E+00   0.00000E+00   0.10000E+00    0.50249E-02  249.07         test_P_all          
.5200E+00     2.000  0.273E+01   0.17279E+00   0.00000E+00   0.10000E+00    0.50249E-02  209.85         test_P_all          
.5300E+00     2.000  0.266E+01   0.16640E+00   0.00000E+00   0.10000E+00    0.50249E-02  174.59         test_P_all          
.5400E+00     2.000  0.259E+01   0.16012E+00   0.00000E+00   0.10000E+00    0.50249E-02  143.16         test_P_all          
.5500E+00     2.000  0.252E+01   0.15398E+00   0.00000E+00   0.10000E+00    0.50249E-02  115.40         test_P_all          
.5600E+00     2.000  0.245E+01   0.14797E+00   0.00000E+00   0.10000E+00    0.50249E-02   91.13         test_P_all          
.5700E+00     2.000  0.239E+01   0.14210E+00   0.00000E+00   0.10000E+00    0.50249E-02   70.19         test_P_all          
.5800E+00     2.000  0.233E+01   0.13637E+00   0.00000E+00   0.10000E+00    0.50249E-02   52.40         test_P_all          
.5900E+00     2.000  0.227E+01   0.13079E+00   0.00000E+00   0.10000E+00    0.50249E-02   37.55         test_P_all          
.6000E+00     2.000  0.222E+01   0.12536E+00   0.00000E+00   0.10000E+00    0.17692E-02  205.50         test_P_all          
.6100E+00     2.000  0.216E+01   0.12008E+00   0.00000E+00   0.10000E+00    0.50249E-02   15.98         test_P_all          
.6200E+00     2.000  0.211E+01   0.11496E+00   0.00000E+00   0.10000E+00    0.50249E-02    8.86         test_P_all          
.6300E+00     2.000  0.206E+01   0.10999E+00   0.00000E+00   0.10000E+00    0.50249E-02    3.95         test_P_all          
.6400E+00     2.000  0.201E+01   0.10517E+00   0.00000E+00   0.10000E+00    0.50249E-02    1.06         test_P_all          
.6500E+00     2.000  0.196E+01   0.10051E+00   0.00000E+00   0.10000E+00    0.50249E-02    0.01         test_P_all          
.6600E+00     2.000  0.191E+01   0.95996E-01   0.00000E+00   0.10000E+00    0.50249E-02   -0.63         test_P_all          
.6700E+00     2.000  0.187E+01   0.91637E-01   0.00000E+00   0.10000E+00    0.50249E-02   -2.77         test_P_all          
.6800E+00     2.000  0.182E+01   0.87429E-01   0.00000E+00   0.10000E+00    0.50249E-02   -6.26         test_P_all          
.6900E+00     2.000  0.178E+01   0.83372E-01   0.00000E+00   0.10000E+00    0.50249E-02  -10.95         test_P_all          
.7000E+00     2.000  0.174E+01   0.79461E-01   0.00000E+00   0.10000E+00    0.17692E-02 -134.77         test_P_all          
.7100E+00     2.000  0.170E+01   0.75694E-01   0.00000E+00   0.10000E+00    0.50249E-02  -23.40         test_P_all          
.7200E+00     2.000  0.166E+01   0.72070E-01   0.00000E+00   0.10000E+00    0.50249E-02  -30.89         test_P_all          
.7300E+00     2.000  0.162E+01   0.68586E-01   0.00000E+00   0.10000E+00    0.50249E-02  -39.08         test_P_all          
.7400E+00     2.000  0.158E+01   0.65239E-01   0.00000E+00   0.10000E+00    0.50249E-02  -47.86         test_P_all          
.7500E+00     2.000  0.155E+01   0.62023E-01   0.00000E+00   0.10000E+00    0.50249E-02  -57.12         test_P_all          
.7600E+00     2.000  0.151E+01   0.58938E-01   0.00000E+00   0.10000E+00    0.50249E-02  -66.77         test_P_all          
.7700E+00     2.000  0.148E+01   0.55982E-01   0.00000E+00   0.10000E+00    0.50249E-02  -76.74         test_P_all          
.7800E+00     2.000  0.145E+01   0.53148E-01   0.00000E+00   0.10000E+00    0.50249E-02  -86.94         test_P_all          
.7900E+00     2.000  0.141E+01   0.50434E-01   0.00000E+00   0.10000E+00    0.50249E-02  -97.30         test_P_all          
.8000E+00     2.000  0.138E+01   0.47835E-01   0.00000E+00   0.10000E+00    0.17692E-02 -869.39         test_P_all          
.8100E+00     2.000  0.135E+01   0.45351E-01   0.00000E+00   0.10000E+00    0.50249E-02 -118.28         test_P_all          
.8200E+00     2.000  0.132E+01   0.42976E-01   0.00000E+00   0.10000E+00    0.50249E-02 -128.78         test_P_all          
.8300E+00     2.000  0.129E+01   0.40707E-01   0.00000E+00   0.10000E+00    0.50249E-02 -139.23         test_P_all          
.8400E+00     2.000  0.126E+01   0.38540E-01   0.00000E+00   0.10000E+00    0.50249E-02 -149.60         test_P_all          
.8500E+00     2.000  0.123E+01   0.36471E-01   0.00000E+00   0.10000E+00    0.50249E-02 -159.84         test_P_all          
.8600E+00     2.000  0.121E+01   0.34499E-01   0.00000E+00   0.10000E+00    0.50249E-02 -169.92         test_P_all          
.8700E+00     2.000  0.118E+01   0.32618E-01   0.00000E+00   0.10000E+00    0.50249E-02 -179.81         test_P_all          
.8800E+00     2.000  0.115E+01   0.30826E-01   0.00000E+00   0.10000E+00    0.50249E-02 -189.51         test_P_all          
.8900E+00     2.000  0.113E+01   0.29118E-01   0.00000E+00   0.10000E+00    0.50249E-02 -198.98         test_P_all          
.9000E+00     2.000  0.110E+01   0.27492E-01   0.00000E+00   0.10000E+00    0.17692E-02 *******         test_P_all          
.9100E+00     2.000  0.108E+01   0.25946E-01   0.00000E+00   0.10000E+00    0.50249E-02 -217.19         test_P_all          
.9200E+00     2.000  0.106E+01   0.24475E-01   0.00000E+00   0.10000E+00    0.50249E-02 -225.90         test_P_all          
.9300E+00     2.000  0.103E+01   0.23077E-01   0.00000E+00   0.10000E+00    0.50249E-02 -234.34         test_P_all          
.9400E+00     2.000  0.101E+01   0.21748E-01   0.00000E+00   0.10000E+00    0.50249E-02 -242.51         test_P_all          
.9500E+00     2.000  0.987E+00   0.20485E-01   0.00000E+00   0.10000E+00    0.50249E-02 -250.40         test_P_all          
.9600E+00     2.000  0.965E+00   0.19287E-01   0.00000E+00   0.10000E+00    0.50249E-02 -258.00         test_P_all          
.9700E+00     2.000  0.944E+00   0.18151E-01   0.00000E+00   0.10000E+00    0.50249E-02 -265.32         test_P_all          
.9800E+00     2.000  0.923E+00   0.17072E-01   0.00000E+00   0.10000E+00    0.50249E-02 -272.36         test_P_all          
.9900E+00     2.000  0.902E+00   0.16049E-01   0.00000E+00   0.10000E+00    0.50249E-02 -279.12         test_P_all          
.1000E+01     2.000  0.882E+00   0.15080E-01   0.00000E+00   0.10000E+00    0.50249E-02 -285.60         test_P_all          
.1000E-01     5.000  0.496E+03   0.46075E+00   0.00000E+00   0.10000E+00    0.50249E-02 5154.10         test_P_all          
.2000E-01     5.000  0.246E+03   0.41520E+00   0.00000E+00   0.10000E+00    0.50249E-02 3934.68         test_P_all          
.3000E-01     5.000  0.163E+03   0.39624E+00   0.00000E+00   0.10000E+00    0.50249E-02 3475.65         test_P_all          
.4000E-01     5.000  0.121E+03   0.38984E+00   0.00000E+00   0.10000E+00    0.50249E-02 3326.96         test_P_all          
.5000E-01     5.000  0.959E+02   0.38503E+00   0.00000E+00   0.10000E+00    0.50249E-02 3217.47         test_P_all          
.6000E-01     5.000  0.792E+02   0.38277E+00   0.00000E+00   0.10000E+00    0.50249E-02 3166.66         test_P_all          
.7000E-01     5.000  0.673E+02   0.38049E+00   0.00000E+00   0.10000E+00    0.50249E-02 3115.89         test_P_all          
.8000E-01     5.000  0.584E+02   0.37844E+00   0.00000E+00   0.10000E+00    0.50249E-02 3070.51         test_P_all          
.9000E-01     5.000  0.514E+02   0.37638E+00   0.00000E+00   0.10000E+00    0.50249E-02 3025.23         test_P_all          
.1000E+00     5.000  0.459E+02   0.37424E+00   0.00000E+00   0.10000E+00    0.50249E-02 2978.47         test_P_all          
.1100E+00     5.000  0.413E+02   0.37211E+00   0.00000E+00   0.10000E+00    0.50249E-02 2932.34         test_P_all          
.1200E+00     5.000  0.375E+02   0.36996E+00   0.00000E+00   0.10000E+00    0.50249E-02 2886.20         test_P_all          
.1300E+00     5.000  0.343E+02   0.36772E+00   0.00000E+00   0.10000E+00    0.50249E-02 2838.54         test_P_all          
.1400E+00     5.000  0.316E+02   0.36539E+00   0.00000E+00   0.10000E+00    0.50249E-02 2789.36         test_P_all          
.1500E+00     5.000  0.292E+02   0.36294E+00   0.00000E+00   0.10000E+00    0.50249E-02 2738.09         test_P_all          
.1600E+00     5.000  0.271E+02   0.36031E+00   0.00000E+00   0.10000E+00    0.50249E-02 2683.67         test_P_all          
.1700E+00     5.000  0.253E+02   0.35750E+00   0.00000E+00   0.10000E+00    0.50249E-02 2626.08         test_P_all          
.1800E+00     5.000  0.237E+02   0.35449E+00   0.00000E+00   0.10000E+00    0.50249E-02 2564.95         test_P_all          
.1900E+00     5.000  0.222E+02   0.35122E+00   0.00000E+00   0.10000E+00    0.50249E-02 2499.38         test_P_all          
.2000E+00     5.000  0.209E+02   0.34770E+00   0.00000E+00   0.10000E+00    0.50249E-02 2429.96         test_P_all          
.2100E+00     5.000  0.197E+02   0.34390E+00   0.00000E+00   0.10000E+00    0.50249E-02 2355.93         test_P_all          
.2200E+00     5.000  0.186E+02   0.33982E+00   0.00000E+00   0.10000E+00    0.50249E-02 2277.72         test_P_all          
.2300E+00     5.000  0.176E+02   0.33546E+00   0.00000E+00   0.10000E+00    0.50249E-02 2195.76         test_P_all          
.2400E+00     5.000  0.167E+02   0.33080E+00   0.00000E+00   0.10000E+00    0.50249E-02 2109.71         test_P_all          
.2500E+00     5.000  0.159E+02   0.32586E+00   0.00000E+00   0.10000E+00    0.50249E-02 2020.39         test_P_all          
.2600E+00     5.000  0.151E+02   0.32064E+00   0.00000E+00   0.10000E+00    0.50249E-02 1928.04         test_P_all          
.2700E+00     5.000  0.144E+02   0.31515E+00   0.00000E+00   0.10000E+00    0.50249E-02 1833.17         test_P_all          
.2800E+00     5.000  0.137E+02   0.30940E+00   0.00000E+00   0.10000E+00    0.50249E-02 1736.50         test_P_all          
.2900E+00     5.000  0.131E+02   0.30340E+00   0.00000E+00   0.10000E+00    0.50249E-02 1638.43         test_P_all          
.3000E+00     5.000  0.125E+02   0.29717E+00   0.00000E+00   0.10000E+00    0.18868E-02 *******         test_P_all          
.3100E+00     5.000  0.120E+02   0.29075E+00   0.00000E+00   0.10000E+00    0.50249E-02 1440.96         test_P_all          
.3200E+00     5.000  0.115E+02   0.28413E+00   0.00000E+00   0.10000E+00    0.50249E-02 1342.73         test_P_all          
.3300E+00     5.000  0.110E+02   0.27735E+00   0.00000E+00   0.10000E+00    0.50249E-02 1245.60         test_P_all          
.3400E+00     5.000  0.106E+02   0.27042E+00   0.00000E+00   0.10000E+00    0.50249E-02 1150.18         test_P_all          
.3500E+00     5.000  0.102E+02   0.26336E+00   0.00000E+00   0.10000E+00    0.50249E-02 1056.91         test_P_all          
.3600E+00     5.000  0.977E+01   0.25620E+00   0.00000E+00   0.10000E+00    0.50249E-02  966.27         test_P_all          
.3700E+00     5.000  0.940E+01   0.24895E+00   0.00000E+00   0.10000E+00    0.50249E-02  878.71         test_P_all          
.3800E+00     5.000  0.904E+01   0.24164E+00   0.00000E+00   0.10000E+00    0.50249E-02  794.55         test_P_all          
.3900E+00     5.000  0.870E+01   0.23428E+00   0.00000E+00   0.10000E+00    0.50249E-02  714.11         test_P_all          
.4000E+00     5.000  0.838E+01   0.22689E+00   0.00000E+00   0.10000E+00    0.17692E-02 5144.21         test_P_all          
.4100E+00     5.000  0.808E+01   0.21949E+00   0.00000E+00   0.10000E+00    0.50249E-02  565.43         test_P_all          
.4200E+00     5.000  0.779E+01   0.21209E+00   0.00000E+00   0.10000E+00    0.50249E-02  497.58         test_P_all          
.4300E+00     5.000  0.751E+01   0.20471E+00   0.00000E+00   0.10000E+00    0.50249E-02  434.23         test_P_all          
.4400E+00     5.000  0.725E+01   0.19736E+00   0.00000E+00   0.10000E+00    0.50249E-02  375.43         test_P_all          
.4500E+00     5.000  0.699E+01   0.19007E+00   0.00000E+00   0.10000E+00    0.50249E-02  321.28         test_P_all          
.4600E+00     5.000  0.675E+01   0.18284E+00   0.00000E+00   0.10000E+00    0.50249E-02  271.75         test_P_all          
.4700E+00     5.000  0.652E+01   0.17567E+00   0.00000E+00   0.10000E+00    0.50249E-02  226.80         test_P_all          
.4800E+00     5.000  0.630E+01   0.16860E+00   0.00000E+00   0.10000E+00    0.50249E-02  186.40         test_P_all          
.4900E+00     5.000  0.609E+01   0.16163E+00   0.00000E+00   0.10000E+00    0.50249E-02  150.43         test_P_all          
.5000E+00     5.000  0.588E+01   0.15477E+00   0.00000E+00   0.10000E+00    0.17692E-02  958.23         test_P_all          
.5100E+00     5.000  0.569E+01   0.14802E+00   0.00000E+00   0.10000E+00    0.50249E-02   91.33         test_P_all          
.5200E+00     5.000  0.550E+01   0.14140E+00   0.00000E+00   0.10000E+00    0.50249E-02   67.88         test_P_all          
.5300E+00     5.000  0.532E+01   0.13492E+00   0.00000E+00   0.10000E+00    0.50249E-02   48.29         test_P_all          
.5400E+00     5.000  0.514E+01   0.12858E+00   0.00000E+00   0.10000E+00    0.50249E-02   32.35         test_P_all          
.5500E+00     5.000  0.497E+01   0.12239E+00   0.00000E+00   0.10000E+00    0.50249E-02   19.85         test_P_all          
.5600E+00     5.000  0.481E+01   0.11636E+00   0.00000E+00   0.10000E+00    0.50249E-02   10.59         test_P_all          
.5700E+00     5.000  0.465E+01   0.11048E+00   0.00000E+00   0.10000E+00    0.50249E-02    4.35         test_P_all          
.5800E+00     5.000  0.450E+01   0.10477E+00   0.00000E+00   0.10000E+00    0.50249E-02    0.90         test_P_all          
.5900E+00     5.000  0.436E+01   0.99237E-01   0.00000E+00   0.10000E+00    0.50249E-02   -0.02         test_P_all          
.6000E+00     5.000  0.422E+01   0.93872E-01   0.00000E+00   0.10000E+00    0.17692E-02  -12.00         test_P_all          
.6100E+00     5.000  0.408E+01   0.88680E-01   0.00000E+00   0.10000E+00    0.50249E-02   -5.08         test_P_all          
.6200E+00     5.000  0.395E+01   0.83666E-01   0.00000E+00   0.10000E+00    0.50249E-02  -10.57         test_P_all          
.6300E+00     5.000  0.382E+01   0.78830E-01   0.00000E+00   0.10000E+00    0.50249E-02  -17.75         test_P_all          
.6400E+00     5.000  0.369E+01   0.74171E-01   0.00000E+00   0.10000E+00    0.50249E-02  -26.42         test_P_all          
.6500E+00     5.000  0.357E+01   0.69692E-01   0.00000E+00   0.10000E+00    0.50249E-02  -36.38         test_P_all          
.6600E+00     5.000  0.346E+01   0.65390E-01   0.00000E+00   0.10000E+00    0.50249E-02  -47.44         test_P_all          
.6700E+00     5.000  0.334E+01   0.61264E-01   0.00000E+00   0.10000E+00    0.50249E-02  -59.42         test_P_all          
.6800E+00     5.000  0.323E+01   0.57315E-01   0.00000E+00   0.10000E+00    0.50249E-02  -72.16         test_P_all          
.6900E+00     5.000  0.313E+01   0.53540E-01   0.00000E+00   0.10000E+00    0.50249E-02  -85.49         test_P_all          
.7000E+00     5.000  0.302E+01   0.49934E-01   0.00000E+00   0.10000E+00    0.17692E-02 -800.82         test_P_all          
.7100E+00     5.000  0.292E+01   0.46499E-01   0.00000E+00   0.10000E+00    0.50249E-02 -113.36         test_P_all          
.7200E+00     5.000  0.283E+01   0.43229E-01   0.00000E+00   0.10000E+00    0.50249E-02 -127.64         test_P_all          
.7300E+00     5.000  0.273E+01   0.40122E-01   0.00000E+00   0.10000E+00    0.50249E-02 -142.00         test_P_all          
.7400E+00     5.000  0.264E+01   0.37173E-01   0.00000E+00   0.10000E+00    0.50249E-02 -156.33         test_P_all          
.7500E+00     5.000  0.255E+01   0.34381E-01   0.00000E+00   0.10000E+00    0.50249E-02 -170.53         test_P_all          
.7600E+00     5.000  0.246E+01   0.31739E-01   0.00000E+00   0.10000E+00    0.50249E-02 -184.54         test_P_all          
.7700E+00     5.000  0.238E+01   0.29244E-01   0.00000E+00   0.10000E+00    0.50249E-02 -198.27         test_P_all          
.7800E+00     5.000  0.229E+01   0.26894E-01   0.00000E+00   0.10000E+00    0.50249E-02 -211.67         test_P_all          
.7900E+00     5.000  0.221E+01   0.24681E-01   0.00000E+00   0.10000E+00    0.50249E-02 -224.67         test_P_all          
.8000E+00     5.000  0.213E+01   0.22601E-01   0.00000E+00   0.10000E+00    0.17692E-02 *******         test_P_all          
.8100E+00     5.000  0.205E+01   0.20652E-01   0.00000E+00   0.10000E+00    0.50249E-02 -249.35         test_P_all          
.8200E+00     5.000  0.198E+01   0.18828E-01   0.00000E+00   0.10000E+00    0.50249E-02 -260.95         test_P_all          
.8300E+00     5.000  0.191E+01   0.17123E-01   0.00000E+00   0.10000E+00    0.50249E-02 -272.02         test_P_all          
.8400E+00     5.000  0.183E+01   0.15533E-01   0.00000E+00   0.10000E+00    0.50249E-02 -282.56         test_P_all          
.8500E+00     5.000  0.176E+01   0.14055E-01   0.00000E+00   0.10000E+00    0.50249E-02 -292.54         test_P_all          
.8600E+00     5.000  0.170E+01   0.12681E-01   0.00000E+00   0.10000E+00    0.50249E-02 -301.96         test_P_all          
.8700E+00     5.000  0.163E+01   0.11408E-01   0.00000E+00   0.10000E+00    0.50249E-02 -310.83         test_P_all          
.8800E+00     5.000  0.156E+01   0.10233E-01   0.00000E+00   0.10000E+00    0.50249E-02 -319.14         test_P_all          
.8900E+00     5.000  0.150E+01   0.91482E-02   0.00000E+00   0.10000E+00    0.50249E-02 -326.89         test_P_all          
.9000E+00     5.000  0.144E+01   0.81504E-02   0.00000E+00   0.10000E+00    0.17692E-02 *******         test_P_all          
.9100E+00     5.000  0.138E+01   0.72347E-02   0.00000E+00   0.10000E+00    0.50249E-02 -340.81         test_P_all          
.9200E+00     5.000  0.132E+01   0.63977E-02   0.00000E+00   0.10000E+00    0.50249E-02 -346.99         test_P_all          
.9300E+00     5.000  0.126E+01   0.56342E-02   0.00000E+00   0.10000E+00    0.50249E-02 -352.67         test_P_all          
.9400E+00     5.000  0.120E+01   0.49398E-02   0.00000E+00   0.10000E+00    0.50249E-02 -357.88         test_P_all          
.9500E+00     5.000  0.114E+01   0.43109E-02   0.00000E+00   0.10000E+00    0.50249E-02 -362.63         test_P_all          
.9600E+00     5.000  0.109E+01   0.37430E-02   0.00000E+00   0.10000E+00    0.50249E-02 -366.95         test_P_all          
.9700E+00     5.000  0.104E+01   0.32321E-02   0.00000E+00   0.10000E+00    0.50249E-02 -370.85         test_P_all          
.9800E+00     5.000  0.984E+00   0.27746E-02   0.00000E+00   0.10000E+00    0.50249E-02 -374.37         test_P_all          
.9900E+00     5.000  0.932E+00   0.23666E-02   0.00000E+00   0.10000E+00    0.50249E-02 -377.52         test_P_all          
.1000E+01     5.000  0.882E+00   0.20045E-02   0.00000E+00   0.10000E+00    0.50249E-02 -380.32         test_P_all          
.1000E-01    10.000  0.991E+03   0.54142E+00   0.00000E+00   0.10000E+00    0.50249E-02 7716.96         test_P_all          
.2000E-01    10.000  0.491E+03   0.47248E+00   0.00000E+00   0.10000E+00    0.50249E-02 5494.75         test_P_all          
.3000E-01    10.000  0.324E+03   0.44006E+00   0.00000E+00   0.10000E+00    0.50249E-02 4579.77         test_P_all          
.4000E-01    10.000  0.241E+03   0.42541E+00   0.00000E+00   0.10000E+00    0.50249E-02 4193.85         test_P_all          
.5000E-01    10.000  0.191E+03   0.41343E+00   0.00000E+00   0.10000E+00    0.50249E-02 3890.53         test_P_all          
.6000E-01    10.000  0.158E+03   0.40587E+00   0.00000E+00   0.10000E+00    0.50249E-02 3705.17         test_P_all          
.7000E-01    10.000  0.134E+03   0.39895E+00   0.00000E+00   0.10000E+00    0.50249E-02 3539.54         test_P_all          
.8000E-01    10.000  0.116E+03   0.39315E+00   0.00000E+00   0.10000E+00    0.50249E-02 3403.51         test_P_all          
.9000E-01    10.000  0.102E+03   0.38781E+00   0.00000E+00   0.10000E+00    0.50249E-02 3280.55         test_P_all          
.1000E+00    10.000  0.909E+02   0.38291E+00   0.00000E+00   0.10000E+00    0.50249E-02 3169.93         test_P_all          
.1100E+00    10.000  0.818E+02   0.37824E+00   0.00000E+00   0.10000E+00    0.50249E-02 3066.12         test_P_all          
.1200E+00    10.000  0.742E+02   0.37392E+00   0.00000E+00   0.10000E+00    0.50249E-02 2971.52         test_P_all          
.1300E+00    10.000  0.678E+02   0.36973E+00   0.00000E+00   0.10000E+00    0.50249E-02 2881.39         test_P_all          
.1400E+00    10.000  0.623E+02   0.36559E+00   0.00000E+00   0.10000E+00    0.50249E-02 2793.61         test_P_all          
.1500E+00    10.000  0.575E+02   0.36149E+00   0.00000E+00   0.10000E+00    0.50249E-02 2708.06         test_P_all          
.1600E+00    10.000  0.534E+02   0.35731E+00   0.00000E+00   0.10000E+00    0.50249E-02 2622.03         test_P_all          
.1700E+00    10.000  0.497E+02   0.35304E+00   0.00000E+00   0.10000E+00    0.50249E-02 2535.83         test_P_all          
.1800E+00    10.000  0.464E+02   0.34866E+00   0.00000E+00   0.10000E+00    0.50249E-02 2448.69         test_P_all          
.1900E+00    10.000  0.435E+02   0.34408E+00   0.00000E+00   0.10000E+00    0.50249E-02 2359.47         test_P_all          
.2000E+00    10.000  0.409E+02   0.33935E+00   0.00000E+00   0.10000E+00    0.50249E-02 2268.80         test_P_all          
.2100E+00    10.000  0.385E+02   0.33438E+00   0.00000E+00   0.10000E+00    0.50249E-02 2175.68         test_P_all          
.2200E+00    10.000  0.363E+02   0.32921E+00   0.00000E+00   0.10000E+00    0.50249E-02 2080.65         test_P_all          
.2300E+00    10.000  0.344E+02   0.32381E+00   0.00000E+00   0.10000E+00    0.50249E-02 1983.88         test_P_all          
.2400E+00    10.000  0.325E+02   0.31818E+00   0.00000E+00   0.10000E+00    0.50249E-02 1885.28         test_P_all          
.2500E+00    10.000  0.309E+02   0.31233E+00   0.00000E+00   0.10000E+00    0.50249E-02 1785.56         test_P_all          
.2600E+00    10.000  0.293E+02   0.30626E+00   0.00000E+00   0.10000E+00    0.50249E-02 1684.88         test_P_all          
.2700E+00    10.000  0.279E+02   0.29998E+00   0.00000E+00   0.10000E+00    0.50249E-02 1583.79         test_P_all          
.2800E+00    10.000  0.266E+02   0.29351E+00   0.00000E+00   0.10000E+00    0.50249E-02 1483.02         test_P_all          
.2900E+00    10.000  0.254E+02   0.28686E+00   0.00000E+00   0.10000E+00    0.50249E-02 1382.80         test_P_all          
.3000E+00    10.000  0.242E+02   0.28004E+00   0.00000E+00   0.10000E+00    0.18868E-02 9105.17         test_P_all          
.3100E+00    10.000  0.231E+02   0.27307E+00   0.00000E+00   0.10000E+00    0.50249E-02 1186.32         test_P_all          
.3200E+00    10.000  0.221E+02   0.26598E+00   0.00000E+00   0.10000E+00    0.50249E-02 1091.02         test_P_all          
.3300E+00    10.000  0.212E+02   0.25877E+00   0.00000E+00   0.10000E+00    0.50249E-02  998.29         test_P_all          
.3400E+00    10.000  0.203E+02   0.25147E+00   0.00000E+00   0.10000E+00    0.50249E-02  908.58         test_P_all          
.3500E+00    10.000  0.195E+02   0.24409E+00   0.00000E+00   0.10000E+00    0.50249E-02  822.22         test_P_all          
.3600E+00    10.000  0.187E+02   0.23665E+00   0.00000E+00   0.10000E+00    0.50249E-02  739.55         test_P_all          
.3700E+00    10.000  0.179E+02   0.22918E+00   0.00000E+00   0.10000E+00    0.50249E-02  660.87         test_P_all          
.3800E+00    10.000  0.172E+02   0.22168E+00   0.00000E+00   0.10000E+00    0.50249E-02  586.36         test_P_all          
.3900E+00    10.000  0.165E+02   0.21418E+00   0.00000E+00   0.10000E+00    0.50249E-02  516.29         test_P_all          
.4000E+00    10.000  0.159E+02   0.20668E+00   0.00000E+00   0.10000E+00    0.17692E-02 3636.19         test_P_all          
.4100E+00    10.000  0.153E+02   0.19921E+00   0.00000E+00   0.10000E+00    0.50249E-02  389.82         test_P_all          
.4200E+00    10.000  0.147E+02   0.19178E+00   0.00000E+00   0.10000E+00    0.50249E-02  333.62         test_P_all          
.4300E+00    10.000  0.141E+02   0.18440E+00   0.00000E+00   0.10000E+00    0.50249E-02  282.12         test_P_all          
.4400E+00    10.000  0.136E+02   0.17709E+00   0.00000E+00   0.10000E+00    0.50249E-02  235.34         test_P_all          
.4500E+00    10.000  0.131E+02   0.16985E+00   0.00000E+00   0.10000E+00    0.50249E-02  193.22         test_P_all          
.4600E+00    10.000  0.126E+02   0.16270E+00   0.00000E+00   0.10000E+00    0.50249E-02  155.69         test_P_all          
.4700E+00    10.000  0.122E+02   0.15565E+00   0.00000E+00   0.10000E+00    0.50249E-02  122.66         test_P_all          
.4800E+00    10.000  0.117E+02   0.14871E+00   0.00000E+00   0.10000E+00    0.50249E-02   93.98         test_P_all          
.4900E+00    10.000  0.113E+02   0.14189E+00   0.00000E+00   0.10000E+00    0.50249E-02   69.51         test_P_all          
.5000E+00    10.000  0.109E+02   0.13521E+00   0.00000E+00   0.10000E+00    0.17692E-02  395.98         test_P_all          
.5100E+00    10.000  0.105E+02   0.12865E+00   0.00000E+00   0.10000E+00    0.50249E-02   32.51         test_P_all          
.5200E+00    10.000  0.101E+02   0.12225E+00   0.00000E+00   0.10000E+00    0.50249E-02   19.60         test_P_all          
.5300E+00    10.000  0.975E+01   0.11599E+00   0.00000E+00   0.10000E+00    0.50249E-02   10.13         test_P_all          
.5400E+00    10.000  0.940E+01   0.10989E+00   0.00000E+00   0.10000E+00    0.50249E-02    3.88         test_P_all          
.5500E+00    10.000  0.906E+01   0.10396E+00   0.00000E+00   0.10000E+00    0.50249E-02    0.62         test_P_all          
.5600E+00    10.000  0.874E+01   0.98202E-01   0.00000E+00   0.10000E+00    0.50249E-02   -0.13         test_P_all          
.5700E+00    10.000  0.843E+01   0.92613E-01   0.00000E+00   0.10000E+00    0.50249E-02   -2.16         test_P_all          
.5800E+00    10.000  0.812E+01   0.87203E-01   0.00000E+00   0.10000E+00    0.50249E-02   -6.49         test_P_all          
.5900E+00    10.000  0.783E+01   0.81972E-01   0.00000E+00   0.10000E+00    0.50249E-02  -12.87         test_P_all          
.6000E+00    10.000  0.755E+01   0.76925E-01   0.00000E+00   0.10000E+00    0.17692E-02 -170.12         test_P_all          
.6100E+00    10.000  0.728E+01   0.72063E-01   0.00000E+00   0.10000E+00    0.50249E-02  -30.91         test_P_all          
.6200E+00    10.000  0.701E+01   0.67385E-01   0.00000E+00   0.10000E+00    0.50249E-02  -42.13         test_P_all          
.6300E+00    10.000  0.675E+01   0.62896E-01   0.00000E+00   0.10000E+00    0.50249E-02  -54.52         test_P_all          
.6400E+00    10.000  0.651E+01   0.58593E-01   0.00000E+00   0.10000E+00    0.50249E-02  -67.90         test_P_all          
.6500E+00    10.000  0.627E+01   0.54475E-01   0.00000E+00   0.10000E+00    0.50249E-02  -82.08         test_P_all          
.6600E+00    10.000  0.603E+01   0.50545E-01   0.00000E+00   0.10000E+00    0.50249E-02  -96.86         test_P_all          
.6700E+00    10.000  0.581E+01   0.46798E-01   0.00000E+00   0.10000E+00    0.50249E-02 -112.10         test_P_all          
.6800E+00    10.000  0.559E+01   0.43233E-01   0.00000E+00   0.10000E+00    0.50249E-02 -127.63         test_P_all          
.6900E+00    10.000  0.537E+01   0.39848E-01   0.00000E+00   0.10000E+00    0.50249E-02 -143.30         test_P_all          
.7000E+00    10.000  0.517E+01   0.36640E-01   0.00000E+00   0.10000E+00    0.17692E-02 *******         test_P_all          
.7100E+00    10.000  0.497E+01   0.33607E-01   0.00000E+00   0.10000E+00    0.50249E-02 -174.57         test_P_all          
.7200E+00    10.000  0.477E+01   0.30745E-01   0.00000E+00   0.10000E+00    0.50249E-02 -189.95         test_P_all          
.7300E+00    10.000  0.458E+01   0.28049E-01   0.00000E+00   0.10000E+00    0.50249E-02 -205.03         test_P_all          
.7400E+00    10.000  0.440E+01   0.25518E-01   0.00000E+00   0.10000E+00    0.50249E-02 -219.71         test_P_all          
.7500E+00    10.000  0.422E+01   0.23145E-01   0.00000E+00   0.10000E+00    0.50249E-02 -233.93         test_P_all          
.7600E+00    10.000  0.404E+01   0.20925E-01   0.00000E+00   0.10000E+00    0.50249E-02 -247.64         test_P_all          
.7700E+00    10.000  0.387E+01   0.18857E-01   0.00000E+00   0.10000E+00    0.50249E-02 -260.76         test_P_all          
.7800E+00    10.000  0.370E+01   0.16933E-01   0.00000E+00   0.10000E+00    0.50249E-02 -273.28         test_P_all          
.7900E+00    10.000  0.354E+01   0.15147E-01   0.00000E+00   0.10000E+00    0.50249E-02 -285.15         test_P_all          
.8000E+00    10.000  0.338E+01   0.13498E-01   0.00000E+00   0.10000E+00    0.17692E-02 *******         test_P_all          
.8100E+00    10.000  0.323E+01   0.11977E-01   0.00000E+00   0.10000E+00    0.50249E-02 -306.86         test_P_all          
.8200E+00    10.000  0.308E+01   0.10579E-01   0.00000E+00   0.10000E+00    0.50249E-02 -316.68         test_P_all          
.8300E+00    10.000  0.293E+01   0.92998E-02   0.00000E+00   0.10000E+00    0.50249E-02 -325.80         test_P_all          
.8400E+00    10.000  0.279E+01   0.81330E-02   0.00000E+00   0.10000E+00    0.50249E-02 -334.24         test_P_all          
.8500E+00    10.000  0.265E+01   0.70725E-02   0.00000E+00   0.10000E+00    0.50249E-02 -342.00         test_P_all          
.8600E+00    10.000  0.251E+01   0.61141E-02   0.00000E+00   0.10000E+00    0.50249E-02 -349.09         test_P_all          
.8700E+00    10.000  0.238E+01   0.52511E-02   0.00000E+00   0.10000E+00    0.50249E-02 -355.54         test_P_all          
.8800E+00    10.000  0.225E+01   0.44780E-02   0.00000E+00   0.10000E+00    0.50249E-02 -361.36         test_P_all          
.8900E+00    10.000  0.212E+01   0.37893E-02   0.00000E+00   0.10000E+00    0.50249E-02 -366.59         test_P_all          
.9000E+00    10.000  0.199E+01   0.31794E-02   0.00000E+00   0.10000E+00    0.17692E-02 *******         test_P_all          
.9100E+00    10.000  0.187E+01   0.26428E-02   0.00000E+00   0.10000E+00    0.50249E-02 -375.38         test_P_all          
.9200E+00    10.000  0.175E+01   0.21739E-02   0.00000E+00   0.10000E+00    0.50249E-02 -379.01         test_P_all          
.9300E+00    10.000  0.163E+01   0.17677E-02   0.00000E+00   0.10000E+00    0.50249E-02 -382.16         test_P_all          
.9400E+00    10.000  0.152E+01   0.14191E-02   0.00000E+00   0.10000E+00    0.50249E-02 -384.88         test_P_all          
.9500E+00    10.000  0.141E+01   0.11220E-02   0.00000E+00   0.10000E+00    0.50249E-02 -387.20         test_P_all          
.9600E+00    10.000  0.130E+01   0.87260E-03   0.00000E+00   0.10000E+00    0.50249E-02 -389.16         test_P_all          
.9700E+00    10.000  0.119E+01   0.66619E-03   0.00000E+00   0.10000E+00    0.50249E-02 -390.78         test_P_all          
.9800E+00    10.000  0.109E+01   0.49638E-03   0.00000E+00   0.10000E+00    0.50249E-02 -392.12         test_P_all          
.9900E+00    10.000  0.983E+00   0.36032E-03   0.00000E+00   0.10000E+00    0.50249E-02 -393.19         test_P_all          
.1000E+01    10.000  0.882E+00   0.25413E-03   0.00000E+00   0.10000E+00    0.50249E-02 -394.03         test_P_all          
.1000E-01    20.000  0.198E+04   0.62105E+00   0.00000E+00   0.10000E+00    0.50249E-02 *******         test_P_all          
.2000E-01    20.000  0.981E+03   0.52641E+00   0.00000E+00   0.10000E+00    0.50249E-02 7200.98         test_P_all          
.3000E-01    20.000  0.648E+03   0.47975E+00   0.00000E+00   0.10000E+00    0.50249E-02 5711.28         test_P_all          
.4000E-01    20.000  0.481E+03   0.45685E+00   0.00000E+00   0.10000E+00    0.50249E-02 5043.30         test_P_all          
.5000E-01    20.000  0.381E+03   0.43777E+00   0.00000E+00   0.10000E+00    0.50249E-02 4518.29         test_P_all          
.6000E-01    20.000  0.314E+03   0.42512E+00   0.00000E+00   0.10000E+00    0.50249E-02 4186.38         test_P_all          
.7000E-01    20.000  0.267E+03   0.41375E+00   0.00000E+00   0.10000E+00    0.50249E-02 3898.60         test_P_all          
.8000E-01    20.000  0.231E+03   0.40459E+00   0.00000E+00   0.10000E+00    0.50249E-02 3674.23         test_P_all          
.9000E-01    20.000  0.203E+03   0.39634E+00   0.00000E+00   0.10000E+00    0.50249E-02 3477.87         test_P_all          
.1000E+00    20.000  0.181E+03   0.38904E+00   0.00000E+00   0.10000E+00    0.50249E-02 3308.70         test_P_all          
.1100E+00    20.000  0.163E+03   0.38227E+00   0.00000E+00   0.10000E+00    0.50249E-02 3155.58         test_P_all          
.1200E+00    20.000  0.148E+03   0.37601E+00   0.00000E+00   0.10000E+00    0.50249E-02 3017.16         test_P_all          
.1300E+00    20.000  0.135E+03   0.37011E+00   0.00000E+00   0.10000E+00    0.50249E-02 2889.40         test_P_all          
.1400E+00    20.000  0.124E+03   0.36438E+00   0.00000E+00   0.10000E+00    0.50249E-02 2768.25         test_P_all          
.1500E+00    20.000  0.114E+03   0.35885E+00   0.00000E+00   0.10000E+00    0.50249E-02 2653.64         test_P_all          
.1600E+00    20.000  0.106E+03   0.35332E+00   0.00000E+00   0.10000E+00    0.50249E-02 2541.38         test_P_all          
.1700E+00    20.000  0.985E+02   0.34780E+00   0.00000E+00   0.10000E+00    0.50249E-02 2431.94         test_P_all          
.1800E+00    20.000  0.920E+02   0.34225E+00   0.00000E+00   0.10000E+00    0.50249E-02 2324.11         test_P_all          
.1900E+00    20.000  0.861E+02   0.33657E+00   0.00000E+00   0.10000E+00    0.50249E-02 2216.51         test_P_all          
.2000E+00    20.000  0.809E+02   0.33081E+00   0.00000E+00   0.10000E+00    0.50249E-02 2109.75         test_P_all          
.2100E+00    20.000  0.761E+02   0.32487E+00   0.00000E+00   0.10000E+00    0.50249E-02 2002.57         test_P_all          
.2200E+00    20.000  0.718E+02   0.31878E+00   0.00000E+00   0.10000E+00    0.50249E-02 1895.60         test_P_all          
.2300E+00    20.000  0.678E+02   0.31253E+00   0.00000E+00   0.10000E+00    0.50249E-02 1788.88         test_P_all          
.2400E+00    20.000  0.642E+02   0.30610E+00   0.00000E+00   0.10000E+00    0.50249E-02 1682.32         test_P_all          
.2500E+00    20.000  0.609E+02   0.29952E+00   0.00000E+00   0.10000E+00    0.50249E-02 1576.55         test_P_all          
.2600E+00    20.000  0.578E+02   0.29277E+00   0.00000E+00   0.10000E+00    0.50249E-02 1471.66         test_P_all          
.2700E+00    20.000  0.550E+02   0.28587E+00   0.00000E+00   0.10000E+00    0.50249E-02 1368.17         test_P_all          
.2800E+00    20.000  0.523E+02   0.27883E+00   0.00000E+00   0.10000E+00    0.50249E-02 1266.51         test_P_all          
.2900E+00    20.000  0.498E+02   0.27166E+00   0.00000E+00   0.10000E+00    0.50249E-02 1167.01         test_P_all          
.3000E+00    20.000  0.475E+02   0.26438E+00   0.00000E+00   0.10000E+00    0.18868E-02 7589.85         test_P_all          
.3100E+00    20.000  0.454E+02   0.25701E+00   0.00000E+00   0.10000E+00    0.50249E-02  976.36         test_P_all          
.3200E+00    20.000  0.434E+02   0.24957E+00   0.00000E+00   0.10000E+00    0.50249E-02  885.99         test_P_all          
.3300E+00    20.000  0.415E+02   0.24207E+00   0.00000E+00   0.10000E+00    0.50249E-02  799.31         test_P_all          
.3400E+00    20.000  0.397E+02   0.23452E+00   0.00000E+00   0.10000E+00    0.50249E-02  716.64         test_P_all          
.3500E+00    20.000  0.380E+02   0.22694E+00   0.00000E+00   0.10000E+00    0.50249E-02  638.18         test_P_all          
.3600E+00    20.000  0.364E+02   0.21935E+00   0.00000E+00   0.10000E+00    0.50249E-02  564.17         test_P_all          
.3700E+00    20.000  0.349E+02   0.21177E+00   0.00000E+00   0.10000E+00    0.50249E-02  494.75         test_P_all          
.3800E+00    20.000  0.335E+02   0.20420E+00   0.00000E+00   0.10000E+00    0.50249E-02  430.03         test_P_all          
.3900E+00    20.000  0.322E+02   0.19667E+00   0.00000E+00   0.10000E+00    0.50249E-02  370.12         test_P_all          
.4000E+00    20.000  0.309E+02   0.18918E+00   0.00000E+00   0.10000E+00    0.17692E-02 2541.20         test_P_all          
.4100E+00    20.000  0.297E+02   0.18176E+00   0.00000E+00   0.10000E+00    0.50249E-02  264.73         test_P_all          
.4200E+00    20.000  0.285E+02   0.17440E+00   0.00000E+00   0.10000E+00    0.50249E-02  219.25         test_P_all          
.4300E+00    20.000  0.274E+02   0.16713E+00   0.00000E+00   0.10000E+00    0.50249E-02  178.48         test_P_all          
.4400E+00    20.000  0.263E+02   0.15995E+00   0.00000E+00   0.10000E+00    0.50249E-02  142.36         test_P_all          
.4500E+00    20.000  0.253E+02   0.15288E+00   0.00000E+00   0.10000E+00    0.50249E-02  110.75         test_P_all          
.4600E+00    20.000  0.244E+02   0.14592E+00   0.00000E+00   0.10000E+00    0.50249E-02   83.53         test_P_all          
.4700E+00    20.000  0.234E+02   0.13909E+00   0.00000E+00   0.10000E+00    0.50249E-02   60.52         test_P_all          
.4800E+00    20.000  0.225E+02   0.13239E+00   0.00000E+00   0.10000E+00    0.50249E-02   41.55         test_P_all          
.4900E+00    20.000  0.217E+02   0.12583E+00   0.00000E+00   0.10000E+00    0.50249E-02   26.42         test_P_all          
.5000E+00    20.000  0.209E+02   0.11942E+00   0.00000E+00   0.10000E+00    0.17692E-02  120.47         test_P_all          
.5100E+00    20.000  0.201E+02   0.11316E+00   0.00000E+00   0.10000E+00    0.50249E-02    6.86         test_P_all          
.5200E+00    20.000  0.193E+02   0.10706E+00   0.00000E+00   0.10000E+00    0.50249E-02    1.98         test_P_all          
.5300E+00    20.000  0.186E+02   0.10113E+00   0.00000E+00   0.10000E+00    0.50249E-02    0.05         test_P_all          
.5400E+00    20.000  0.179E+02   0.95373E-01   0.00000E+00   0.10000E+00    0.50249E-02   -0.85         test_P_all          
.5500E+00    20.000  0.172E+02   0.89790E-01   0.00000E+00   0.10000E+00    0.50249E-02   -4.13         test_P_all          
.5600E+00    20.000  0.166E+02   0.84384E-01   0.00000E+00   0.10000E+00    0.50249E-02   -9.66         test_P_all          
.5700E+00    20.000  0.160E+02   0.79164E-01   0.00000E+00   0.10000E+00    0.50249E-02  -17.19         test_P_all          
.5800E+00    20.000  0.154E+02   0.74127E-01   0.00000E+00   0.10000E+00    0.50249E-02  -26.51         test_P_all          
.5900E+00    20.000  0.148E+02   0.69277E-01   0.00000E+00   0.10000E+00    0.50249E-02  -37.38         test_P_all          
.6000E+00    20.000  0.142E+02   0.64617E-01   0.00000E+00   0.10000E+00    0.17692E-02 -399.99         test_P_all          
.6100E+00    20.000  0.137E+02   0.60144E-01   0.00000E+00   0.10000E+00    0.50249E-02  -62.91         test_P_all          
.6200E+00    20.000  0.131E+02   0.55862E-01   0.00000E+00   0.10000E+00    0.50249E-02  -77.15         test_P_all          
.6300E+00    20.000  0.126E+02   0.51769E-01   0.00000E+00   0.10000E+00    0.50249E-02  -92.13         test_P_all          
.6400E+00    20.000  0.121E+02   0.47865E-01   0.00000E+00   0.10000E+00    0.50249E-02 -107.65         test_P_all          
.6500E+00    20.000  0.117E+02   0.44148E-01   0.00000E+00   0.10000E+00    0.50249E-02 -123.54         test_P_all          
.6600E+00    20.000  0.112E+02   0.40617E-01   0.00000E+00   0.10000E+00    0.50249E-02 -139.66         test_P_all          
.6700E+00    20.000  0.107E+02   0.37270E-01   0.00000E+00   0.10000E+00    0.50249E-02 -155.85         test_P_all          
.6800E+00    20.000  0.103E+02   0.34104E-01   0.00000E+00   0.10000E+00    0.50249E-02 -171.97         test_P_all          
.6900E+00    20.000  0.987E+01   0.31115E-01   0.00000E+00   0.10000E+00    0.50249E-02 -187.92         test_P_all          
.7000E+00    20.000  0.945E+01   0.28303E-01   0.00000E+00   0.10000E+00    0.17692E-02 *******         test_P_all          
.7100E+00    20.000  0.905E+01   0.25662E-01   0.00000E+00   0.10000E+00    0.50249E-02 -218.86         test_P_all          
.7200E+00    20.000  0.866E+01   0.23187E-01   0.00000E+00   0.10000E+00    0.50249E-02 -233.67         test_P_all          
.7300E+00    20.000  0.828E+01   0.20877E-01   0.00000E+00   0.10000E+00    0.50249E-02 -247.94         test_P_all          
.7400E+00    20.000  0.791E+01   0.18725E-01   0.00000E+00   0.10000E+00    0.50249E-02 -261.61         test_P_all          
.7500E+00    20.000  0.755E+01   0.16726E-01   0.00000E+00   0.10000E+00    0.50249E-02 -274.63         test_P_all          
.7600E+00    20.000  0.720E+01   0.14877E-01   0.00000E+00   0.10000E+00    0.50249E-02 -286.97         test_P_all          
.7700E+00    20.000  0.686E+01   0.13171E-01   0.00000E+00   0.10000E+00    0.50249E-02 -298.59         test_P_all          
.7800E+00    20.000  0.652E+01   0.11603E-01   0.00000E+00   0.10000E+00    0.50249E-02 -309.46         test_P_all          
.7900E+00    20.000  0.620E+01   0.10168E-01   0.00000E+00   0.10000E+00    0.50249E-02 -319.60         test_P_all          
.8000E+00    20.000  0.588E+01   0.88594E-02   0.00000E+00   0.10000E+00    0.17692E-02 *******         test_P_all          
.8100E+00    20.000  0.557E+01   0.76719E-02   0.00000E+00   0.10000E+00    0.50249E-02 -337.60         test_P_all          
.8200E+00    20.000  0.527E+01   0.65992E-02   0.00000E+00   0.10000E+00    0.50249E-02 -345.49         test_P_all          
.8300E+00    20.000  0.498E+01   0.56347E-02   0.00000E+00   0.10000E+00    0.50249E-02 -352.67         test_P_all          
.8400E+00    20.000  0.469E+01   0.47734E-02   0.00000E+00   0.10000E+00    0.50249E-02 -359.13         test_P_all          
.8500E+00    20.000  0.441E+01   0.40086E-02   0.00000E+00   0.10000E+00    0.50249E-02 -364.92         test_P_all          
.8600E+00    20.000  0.414E+01   0.33337E-02   0.00000E+00   0.10000E+00    0.50249E-02 -370.07         test_P_all          
.8700E+00    20.000  0.387E+01   0.27430E-02   0.00000E+00   0.10000E+00    0.50249E-02 -374.61         test_P_all          
.8800E+00    20.000  0.361E+01   0.22304E-02   0.00000E+00   0.10000E+00    0.50249E-02 -378.57         test_P_all          
.8900E+00    20.000  0.335E+01   0.17890E-02   0.00000E+00   0.10000E+00    0.50249E-02 -382.00         test_P_all          
.9000E+00    20.000  0.310E+01   0.14135E-02   0.00000E+00   0.10000E+00    0.17692E-02 *******         test_P_all          
.9100E+00    20.000  0.286E+01   0.10977E-02   0.00000E+00   0.10000E+00    0.50249E-02 -387.39         test_P_all          
.9200E+00    20.000  0.262E+01   0.83517E-03   0.00000E+00   0.10000E+00    0.50249E-02 -389.45         test_P_all          
.9300E+00    20.000  0.239E+01   0.62126E-03   0.00000E+00   0.10000E+00    0.50249E-02 -391.13         test_P_all          
.9400E+00    20.000  0.216E+01   0.44935E-03   0.00000E+00   0.10000E+00    0.50249E-02 -392.49         test_P_all          
.9500E+00    20.000  0.193E+01   0.31410E-03   0.00000E+00   0.10000E+00    0.50249E-02 -393.56         test_P_all          
.9600E+00    20.000  0.172E+01   0.21166E-03   0.00000E+00   0.10000E+00    0.50249E-02 -394.36         test_P_all          
.9700E+00    20.000  0.150E+01   0.13475E-03   0.00000E+00   0.10000E+00    0.50249E-02 -394.97         test_P_all          
.9800E+00    20.000  0.129E+01   0.80209E-04   0.00000E+00   0.10000E+00    0.50249E-02 -395.40         test_P_all          
.9900E+00    20.000  0.108E+01   0.44786E-04   0.00000E+00   0.10000E+00    0.50249E-02 -395.68         test_P_all          
.1000E+01    20.000  0.882E+00   0.20902E-04   0.00000E+00   0.10000E+00    0.50249E-02 -395.87         test_P_all          
.1000E+00    50.000  0.451E+03   0.39403E+00   0.00000E+00   0.10000E+00    0.50249E-02 3423.89         test_P_all          
.1100E+00    50.000  0.405E+03   0.38478E+00   0.00000E+00   0.10000E+00    0.50249E-02 3211.93         test_P_all          
.1200E+00    50.000  0.368E+03   0.37638E+00   0.00000E+00   0.10000E+00    0.50249E-02 3025.21         test_P_all          
.1300E+00    50.000  0.335E+03   0.36858E+00   0.00000E+00   0.10000E+00    0.50249E-02 2856.81         test_P_all          
.1400E+00    50.000  0.308E+03   0.36112E+00   0.00000E+00   0.10000E+00    0.50249E-02 2700.42         test_P_all          
.1500E+00    50.000  0.284E+03   0.35403E+00   0.00000E+00   0.10000E+00    0.50249E-02 2555.78         test_P_all          
.1600E+00    50.000  0.263E+03   0.34705E+00   0.00000E+00   0.10000E+00    0.50249E-02 2417.09         test_P_all          
.1700E+00    50.000  0.245E+03   0.34019E+00   0.00000E+00   0.10000E+00    0.50249E-02 2284.86         test_P_all          
.1800E+00    50.000  0.229E+03   0.33339E+00   0.00000E+00   0.10000E+00    0.50249E-02 2157.32         test_P_all          
.1900E+00    50.000  0.214E+03   0.32656E+00   0.00000E+00   0.10000E+00    0.50249E-02 2032.84         test_P_all          
.2000E+00    50.000  0.201E+03   0.31971E+00   0.00000E+00   0.10000E+00    0.50249E-02 1911.85         test_P_all          
.2100E+00    50.000  0.189E+03   0.31277E+00   0.00000E+00   0.10000E+00    0.50249E-02 1792.88         test_P_all          
.2200E+00    50.000  0.178E+03   0.30575E+00   0.00000E+00   0.10000E+00    0.50249E-02 1676.53         test_P_all          
.2300E+00    50.000  0.168E+03   0.29864E+00   0.00000E+00   0.10000E+00    0.50249E-02 1562.67         test_P_all          
.2400E+00    50.000  0.159E+03   0.29142E+00   0.00000E+00   0.10000E+00    0.50249E-02 1451.16         test_P_all          
.2500E+00    50.000  0.151E+03   0.28411E+00   0.00000E+00   0.10000E+00    0.50249E-02 1342.49         test_P_all          
.2600E+00    50.000  0.143E+03   0.27671E+00   0.00000E+00   0.10000E+00    0.50249E-02 1236.64         test_P_all          
.2700E+00    50.000  0.136E+03   0.26922E+00   0.00000E+00   0.10000E+00    0.50249E-02 1134.04         test_P_all          
.2800E+00    50.000  0.129E+03   0.26166E+00   0.00000E+00   0.10000E+00    0.50249E-02 1034.95         test_P_all          
.2900E+00    50.000  0.123E+03   0.25403E+00   0.00000E+00   0.10000E+00    0.50249E-02  939.63         test_P_all          
.3000E+00    50.000  0.118E+03   0.24636E+00   0.00000E+00   0.10000E+00    0.18868E-02 6017.18         test_P_all          
.3100E+00    50.000  0.112E+03   0.23866E+00   0.00000E+00   0.10000E+00    0.50249E-02  761.40         test_P_all          
.3200E+00    50.000  0.107E+03   0.23093E+00   0.00000E+00   0.10000E+00    0.50249E-02  678.95         test_P_all          
.3300E+00    50.000  0.102E+03   0.22321E+00   0.00000E+00   0.10000E+00    0.50249E-02  601.18         test_P_all          
.3400E+00    50.000  0.979E+02   0.21549E+00   0.00000E+00   0.10000E+00    0.50249E-02  528.26         test_P_all          
.3500E+00    50.000  0.937E+02   0.20780E+00   0.00000E+00   0.10000E+00    0.50249E-02  460.24         test_P_all          
.3600E+00    50.000  0.898E+02   0.20015E+00   0.00000E+00   0.10000E+00    0.50249E-02  397.25         test_P_all          
.3700E+00    50.000  0.860E+02   0.19255E+00   0.00000E+00   0.10000E+00    0.50249E-02  339.25         test_P_all          
.3800E+00    50.000  0.825E+02   0.18502E+00   0.00000E+00   0.10000E+00    0.50249E-02  286.26         test_P_all          
.3900E+00    50.000  0.791E+02   0.17756E+00   0.00000E+00   0.10000E+00    0.50249E-02  238.27         test_P_all          
.4000E+00    50.000  0.759E+02   0.17020E+00   0.00000E+00   0.10000E+00    0.17692E-02 1574.28         test_P_all          
.4100E+00    50.000  0.728E+02   0.16293E+00   0.00000E+00   0.10000E+00    0.50249E-02  156.83         test_P_all          
.4200E+00    50.000  0.699E+02   0.15577E+00   0.00000E+00   0.10000E+00    0.50249E-02  123.17         test_P_all          
.4300E+00    50.000  0.672E+02   0.14872E+00   0.00000E+00   0.10000E+00    0.50249E-02   94.02         test_P_all          
.4400E+00    50.000  0.645E+02   0.14181E+00   0.00000E+00   0.10000E+00    0.50249E-02   69.23         test_P_all          
.4500E+00    50.000  0.620E+02   0.13503E+00   0.00000E+00   0.10000E+00    0.50249E-02   48.59         test_P_all          
.4600E+00    50.000  0.596E+02   0.12839E+00   0.00000E+00   0.10000E+00    0.50249E-02   31.91         test_P_all          
.4700E+00    50.000  0.573E+02   0.12190E+00   0.00000E+00   0.10000E+00    0.50249E-02   18.99         test_P_all          
.4800E+00    50.000  0.550E+02   0.11556E+00   0.00000E+00   0.10000E+00    0.50249E-02    9.59         test_P_all          
.4900E+00    50.000  0.529E+02   0.10939E+00   0.00000E+00   0.10000E+00    0.50249E-02    3.49         test_P_all          
.5000E+00    50.000  0.509E+02   0.10338E+00   0.00000E+00   0.10000E+00    0.17692E-02    3.65         test_P_all          
.5100E+00    50.000  0.489E+02   0.97544E-01   0.00000E+00   0.10000E+00    0.50249E-02   -0.24         test_P_all          
.5200E+00    50.000  0.470E+02   0.91884E-01   0.00000E+00   0.10000E+00    0.50249E-02   -2.61         test_P_all          
.5300E+00    50.000  0.452E+02   0.86401E-01   0.00000E+00   0.10000E+00    0.50249E-02   -7.32         test_P_all          
.5400E+00    50.000  0.435E+02   0.81103E-01   0.00000E+00   0.10000E+00    0.50249E-02  -14.14         test_P_all          
.5500E+00    50.000  0.418E+02   0.75988E-01   0.00000E+00   0.10000E+00    0.50249E-02  -22.83         test_P_all          
.5600E+00    50.000  0.402E+02   0.71060E-01   0.00000E+00   0.10000E+00    0.50249E-02  -33.17         test_P_all          
.5700E+00    50.000  0.386E+02   0.66321E-01   0.00000E+00   0.10000E+00    0.50249E-02  -44.92         test_P_all          
.5800E+00    50.000  0.371E+02   0.61770E-01   0.00000E+00   0.10000E+00    0.50249E-02  -57.88         test_P_all          
.5900E+00    50.000  0.356E+02   0.57409E-01   0.00000E+00   0.10000E+00    0.50249E-02  -71.84         test_P_all          
.6000E+00    50.000  0.342E+02   0.53238E-01   0.00000E+00   0.10000E+00    0.17692E-02 -698.63         test_P_all          
.6100E+00    50.000  0.328E+02   0.49255E-01   0.00000E+00   0.10000E+00    0.50249E-02 -101.98         test_P_all          
.6200E+00    50.000  0.315E+02   0.45460E-01   0.00000E+00   0.10000E+00    0.50249E-02 -117.81         test_P_all          
.6300E+00    50.000  0.302E+02   0.41851E-01   0.00000E+00   0.10000E+00    0.50249E-02 -133.91         test_P_all          
.6400E+00    50.000  0.290E+02   0.38428E-01   0.00000E+00   0.10000E+00    0.50249E-02 -150.14         test_P_all          
.6500E+00    50.000  0.278E+02   0.35186E-01   0.00000E+00   0.10000E+00    0.50249E-02 -166.37         test_P_all          
.6600E+00    50.000  0.266E+02   0.32124E-01   0.00000E+00   0.10000E+00    0.50249E-02 -182.46         test_P_all          
.6700E+00    50.000  0.255E+02   0.29238E-01   0.00000E+00   0.10000E+00    0.50249E-02 -198.30         test_P_all          
.6800E+00    50.000  0.244E+02   0.26526E-01   0.00000E+00   0.10000E+00    0.50249E-02 -213.80         test_P_all          
.6900E+00    50.000  0.233E+02   0.23983E-01   0.00000E+00   0.10000E+00    0.50249E-02 -228.85         test_P_all          
.7000E+00    50.000  0.223E+02   0.21606E-01   0.00000E+00   0.10000E+00    0.17692E-02 *******         test_P_all          
.7100E+00    50.000  0.213E+02   0.19389E-01   0.00000E+00   0.10000E+00    0.50249E-02 -257.35         test_P_all          
.7200E+00    50.000  0.203E+02   0.17330E-01   0.00000E+00   0.10000E+00    0.50249E-02 -270.67         test_P_all          
.7300E+00    50.000  0.194E+02   0.15421E-01   0.00000E+00   0.10000E+00    0.50249E-02 -283.31         test_P_all          
.7400E+00    50.000  0.184E+02   0.13659E-01   0.00000E+00   0.10000E+00    0.50249E-02 -295.24         test_P_all          
.7500E+00    50.000  0.175E+02   0.12039E-01   0.00000E+00   0.10000E+00    0.50249E-02 -306.42         test_P_all          
.7600E+00    50.000  0.167E+02   0.10554E-01   0.00000E+00   0.10000E+00    0.50249E-02 -316.86         test_P_all          
.7700E+00    50.000  0.158E+02   0.91990E-02   0.00000E+00   0.10000E+00    0.50249E-02 -326.53         test_P_all          
.7800E+00    50.000  0.150E+02   0.79683E-02   0.00000E+00   0.10000E+00    0.50249E-02 -335.44         test_P_all          
.7900E+00    50.000  0.142E+02   0.68558E-02   0.00000E+00   0.10000E+00    0.50249E-02 -343.60         test_P_all          
.8000E+00    50.000  0.134E+02   0.58555E-02   0.00000E+00   0.10000E+00    0.17692E-02 *******         test_P_all          
.8100E+00    50.000  0.126E+02   0.49610E-02   0.00000E+00   0.10000E+00    0.50249E-02 -357.72         test_P_all          
.8200E+00    50.000  0.119E+02   0.41664E-02   0.00000E+00   0.10000E+00    0.50249E-02 -363.73         test_P_all          
.8300E+00    50.000  0.111E+02   0.34653E-02   0.00000E+00   0.10000E+00    0.50249E-02 -369.07         test_P_all          
.8400E+00    50.000  0.104E+02   0.28513E-02   0.00000E+00   0.10000E+00    0.50249E-02 -373.78         test_P_all          
.8500E+00    50.000  0.971E+01   0.23179E-02   0.00000E+00   0.10000E+00    0.50249E-02 -377.89         test_P_all          
.8600E+00    50.000  0.902E+01   0.18594E-02   0.00000E+00   0.10000E+00    0.50249E-02 -381.45         test_P_all          
.8700E+00    50.000  0.835E+01   0.14687E-02   0.00000E+00   0.10000E+00    0.50249E-02 -384.49         test_P_all          
.8800E+00    50.000  0.770E+01   0.11401E-02   0.00000E+00   0.10000E+00    0.50249E-02 -387.06         test_P_all          
.8900E+00    50.000  0.706E+01   0.86791E-03   0.00000E+00   0.10000E+00    0.50249E-02 -389.19         test_P_all          
.9000E+00    50.000  0.644E+01   0.64486E-03   0.00000E+00   0.10000E+00    0.17692E-02 *******         test_P_all          
.9100E+00    50.000  0.583E+01   0.46672E-03   0.00000E+00   0.10000E+00    0.50249E-02 -392.35         test_P_all          
.9200E+00    50.000  0.523E+01   0.32660E-03   0.00000E+00   0.10000E+00    0.50249E-02 -393.46         test_P_all          
.9300E+00    50.000  0.465E+01   0.21935E-03   0.00000E+00   0.10000E+00    0.50249E-02 -394.30         test_P_all          
.9400E+00    50.000  0.407E+01   0.14105E-03   0.00000E+00   0.10000E+00    0.50249E-02 -394.92         test_P_all          
.9500E+00    50.000  0.351E+01   0.83932E-04   0.00000E+00   0.10000E+00    0.50249E-02 -395.38         test_P_all          
.9600E+00    50.000  0.297E+01   0.46145E-04   0.00000E+00   0.10000E+00    0.50249E-02 -395.67         test_P_all          
.9700E+00    50.000  0.243E+01   0.22748E-04   0.00000E+00   0.10000E+00    0.50249E-02 -395.86         test_P_all          
.9800E+00    50.000  0.190E+01   0.87899E-05   0.00000E+00   0.10000E+00    0.50249E-02 -395.97         test_P_all          
.9900E+00    50.000  0.139E+01   0.29500E-05   0.00000E+00   0.10000E+00    0.50249E-02 -396.02         test_P_all          
.1000E+01    50.000  0.882E+00   0.21433E-05   0.00000E+00   0.10000E+00    0.50249E-02 -396.02         test_P_all          
.1000E+00   100.000  0.901E+03   0.39622E+00   0.00000E+00   0.10000E+00    0.50249E-02 3475.04         test_P_all          
.1100E+00   100.000  0.810E+03   0.38537E+00   0.00000E+00   0.10000E+00    0.50249E-02 3225.15         test_P_all          
.1200E+00   100.000  0.734E+03   0.37559E+00   0.00000E+00   0.10000E+00    0.50249E-02 3007.86         test_P_all          
.1300E+00   100.000  0.670E+03   0.36657E+00   0.00000E+00   0.10000E+00    0.50249E-02 2814.19         test_P_all          
.1400E+00   100.000  0.615E+03   0.35801E+00   0.00000E+00   0.10000E+00    0.50249E-02 2636.35         test_P_all          
.1500E+00   100.000  0.568E+03   0.34993E+00   0.00000E+00   0.10000E+00    0.50249E-02 2473.79         test_P_all          
.1600E+00   100.000  0.526E+03   0.34202E+00   0.00000E+00   0.10000E+00    0.50249E-02 2319.69         test_P_all          
.1700E+00   100.000  0.489E+03   0.33432E+00   0.00000E+00   0.10000E+00    0.50249E-02 2174.49         test_P_all          
.1800E+00   100.000  0.456E+03   0.32674E+00   0.00000E+00   0.10000E+00    0.50249E-02 2036.09         test_P_all          
.1900E+00   100.000  0.427E+03   0.31919E+00   0.00000E+00   0.10000E+00    0.50249E-02 1902.67         test_P_all          
.2000E+00   100.000  0.401E+03   0.31168E+00   0.00000E+00   0.10000E+00    0.50249E-02 1774.56         test_P_all          
.2100E+00   100.000  0.377E+03   0.30412E+00   0.00000E+00   0.10000E+00    0.50249E-02 1650.11         test_P_all          
.2200E+00   100.000  0.355E+03   0.29654E+00   0.00000E+00   0.10000E+00    0.50249E-02 1529.83         test_P_all          
.2300E+00   100.000  0.336E+03   0.28892E+00   0.00000E+00   0.10000E+00    0.50249E-02 1413.49         test_P_all          
.2400E+00   100.000  0.318E+03   0.28124E+00   0.00000E+00   0.10000E+00    0.50249E-02 1300.87         test_P_all          
.2500E+00   100.000  0.301E+03   0.27351E+00   0.00000E+00   0.10000E+00    0.50249E-02 1192.36         test_P_all          
.2600E+00   100.000  0.285E+03   0.26574E+00   0.00000E+00   0.10000E+00    0.50249E-02 1087.85         test_P_all          
.2700E+00   100.000  0.271E+03   0.25792E+00   0.00000E+00   0.10000E+00    0.50249E-02  987.67         test_P_all          
.2800E+00   100.000  0.258E+03   0.25008E+00   0.00000E+00   0.10000E+00    0.50249E-02  891.99         test_P_all          
.2900E+00   100.000  0.246E+03   0.24221E+00   0.00000E+00   0.10000E+00    0.50249E-02  800.96         test_P_all          
.3000E+00   100.000  0.234E+03   0.23434E+00   0.00000E+00   0.10000E+00    0.18868E-02 5069.59         test_P_all          
.3100E+00   100.000  0.223E+03   0.22648E+00   0.00000E+00   0.10000E+00    0.50249E-02  633.55         test_P_all          
.3200E+00   100.000  0.213E+03   0.21864E+00   0.00000E+00   0.10000E+00    0.50249E-02  557.42         test_P_all          
.3300E+00   100.000  0.204E+03   0.21083E+00   0.00000E+00   0.10000E+00    0.50249E-02  486.45         test_P_all          
.3400E+00   100.000  0.195E+03   0.20307E+00   0.00000E+00   0.10000E+00    0.50249E-02  420.71         test_P_all          
.3500E+00   100.000  0.187E+03   0.19536E+00   0.00000E+00   0.10000E+00    0.50249E-02  360.16         test_P_all          
.3600E+00   100.000  0.179E+03   0.18773E+00   0.00000E+00   0.10000E+00    0.50249E-02  304.84         test_P_all          
.3700E+00   100.000  0.171E+03   0.18018E+00   0.00000E+00   0.10000E+00    0.50249E-02  254.64         test_P_all          
.3800E+00   100.000  0.164E+03   0.17273E+00   0.00000E+00   0.10000E+00    0.50249E-02  209.49         test_P_all          
.3900E+00   100.000  0.157E+03   0.16538E+00   0.00000E+00   0.10000E+00    0.50249E-02  169.29         test_P_all          
.4000E+00   100.000  0.151E+03   0.15814E+00   0.00000E+00   0.10000E+00    0.17692E-02 1080.02         test_P_all          
.4100E+00   100.000  0.145E+03   0.15103E+00   0.00000E+00   0.10000E+00    0.50249E-02  103.12         test_P_all          
.4200E+00   100.000  0.139E+03   0.14404E+00   0.00000E+00   0.10000E+00    0.50249E-02   76.83         test_P_all          
.4300E+00   100.000  0.133E+03   0.13720E+00   0.00000E+00   0.10000E+00    0.50249E-02   54.80         test_P_all          
.4400E+00   100.000  0.128E+03   0.13050E+00   0.00000E+00   0.10000E+00    0.50249E-02   36.84         test_P_all          
.4500E+00   100.000  0.123E+03   0.12395E+00   0.00000E+00   0.10000E+00    0.50249E-02   22.72         test_P_all          
.4600E+00   100.000  0.118E+03   0.11756E+00   0.00000E+00   0.10000E+00    0.50249E-02   12.22         test_P_all          
.4700E+00   100.000  0.114E+03   0.11134E+00   0.00000E+00   0.10000E+00    0.50249E-02    5.09         test_P_all          
.4800E+00   100.000  0.109E+03   0.10528E+00   0.00000E+00   0.10000E+00    0.50249E-02    1.11         test_P_all          
.4900E+00   100.000  0.105E+03   0.99401E-01   0.00000E+00   0.10000E+00    0.50249E-02   -0.01         test_P_all          
.5000E+00   100.000  0.101E+03   0.93694E-01   0.00000E+00   0.10000E+00    0.17692E-02  -12.70         test_P_all          
.5100E+00   100.000  0.970E+02   0.88170E-01   0.00000E+00   0.10000E+00    0.50249E-02   -5.54         test_P_all          
.5200E+00   100.000  0.932E+02   0.82827E-01   0.00000E+00   0.10000E+00    0.50249E-02  -11.68         test_P_all          
.5300E+00   100.000  0.896E+02   0.77669E-01   0.00000E+00   0.10000E+00    0.50249E-02  -19.75         test_P_all          
.5400E+00   100.000  0.861E+02   0.72700E-01   0.00000E+00   0.10000E+00    0.50249E-02  -29.52         test_P_all          
.5500E+00   100.000  0.827E+02   0.67917E-01   0.00000E+00   0.10000E+00    0.50249E-02  -40.77         test_P_all          
.5600E+00   100.000  0.795E+02   0.63324E-01   0.00000E+00   0.10000E+00    0.50249E-02  -53.27         test_P_all          
.5700E+00   100.000  0.763E+02   0.58920E-01   0.00000E+00   0.10000E+00    0.50249E-02  -66.83         test_P_all          
.5800E+00   100.000  0.733E+02   0.54705E-01   0.00000E+00   0.10000E+00    0.50249E-02  -81.25         test_P_all          
.5900E+00   100.000  0.704E+02   0.50679E-01   0.00000E+00   0.10000E+00    0.50249E-02  -96.34         test_P_all          
.6000E+00   100.000  0.675E+02   0.46839E-01   0.00000E+00   0.10000E+00    0.17692E-02 -902.90         test_P_all          
.6100E+00   100.000  0.648E+02   0.43186E-01   0.00000E+00   0.10000E+00    0.50249E-02 -127.83         test_P_all          
.6200E+00   100.000  0.622E+02   0.39717E-01   0.00000E+00   0.10000E+00    0.50249E-02 -143.92         test_P_all          
.6300E+00   100.000  0.596E+02   0.36429E-01   0.00000E+00   0.10000E+00    0.50249E-02 -160.05         test_P_all          
.6400E+00   100.000  0.571E+02   0.33321E-01   0.00000E+00   0.10000E+00    0.50249E-02 -176.08         test_P_all          
.6500E+00   100.000  0.547E+02   0.30388E-01   0.00000E+00   0.10000E+00    0.50249E-02 -191.91         test_P_all          
.6600E+00   100.000  0.524E+02   0.27628E-01   0.00000E+00   0.10000E+00    0.50249E-02 -207.43         test_P_all          
.6700E+00   100.000  0.501E+02   0.25037E-01   0.00000E+00   0.10000E+00    0.50249E-02 -222.55         test_P_all          
.6800E+00   100.000  0.479E+02   0.22611E-01   0.00000E+00   0.10000E+00    0.50249E-02 -237.19         test_P_all          
.6900E+00   100.000  0.458E+02   0.20346E-01   0.00000E+00   0.10000E+00    0.50249E-02 -251.28         test_P_all          
.7000E+00   100.000  0.437E+02   0.18237E-01   0.00000E+00   0.10000E+00    0.17692E-02 *******         test_P_all          
.7100E+00   100.000  0.417E+02   0.16280E-01   0.00000E+00   0.10000E+00    0.50249E-02 -277.59         test_P_all          
.7200E+00   100.000  0.398E+02   0.14469E-01   0.00000E+00   0.10000E+00    0.50249E-02 -289.72         test_P_all          
.7300E+00   100.000  0.379E+02   0.12799E-01   0.00000E+00   0.10000E+00    0.50249E-02 -301.15         test_P_all          
.7400E+00   100.000  0.360E+02   0.11266E-01   0.00000E+00   0.10000E+00    0.50249E-02 -311.83         test_P_all          
.7500E+00   100.000  0.342E+02   0.98630E-02   0.00000E+00   0.10000E+00    0.50249E-02 -321.77         test_P_all          
.7600E+00   100.000  0.325E+02   0.85846E-02   0.00000E+00   0.10000E+00    0.50249E-02 -330.96         test_P_all          
.7700E+00   100.000  0.308E+02   0.74253E-02   0.00000E+00   0.10000E+00    0.50249E-02 -339.41         test_P_all          
.7800E+00   100.000  0.291E+02   0.63790E-02   0.00000E+00   0.10000E+00    0.50249E-02 -347.12         test_P_all          
.7900E+00   100.000  0.275E+02   0.54396E-02   0.00000E+00   0.10000E+00    0.50249E-02 -354.13         test_P_all          
.8000E+00   100.000  0.259E+02   0.46014E-02   0.00000E+00   0.10000E+00    0.17692E-02 *******         test_P_all          
.8100E+00   100.000  0.243E+02   0.38577E-02   0.00000E+00   0.10000E+00    0.50249E-02 -366.07         test_P_all          
.8200E+00   100.000  0.228E+02   0.32027E-02   0.00000E+00   0.10000E+00    0.50249E-02 -371.08         test_P_all          
.8300E+00   100.000  0.214E+02   0.26307E-02   0.00000E+00   0.10000E+00    0.50249E-02 -375.48         test_P_all          
.8400E+00   100.000  0.199E+02   0.21343E-02   0.00000E+00   0.10000E+00    0.50249E-02 -379.31         test_P_all          
.8500E+00   100.000  0.185E+02   0.17086E-02   0.00000E+00   0.10000E+00    0.50249E-02 -382.62         test_P_all          
.8600E+00   100.000  0.172E+02   0.13470E-02   0.00000E+00   0.10000E+00    0.50249E-02 -385.44         test_P_all          
.8700E+00   100.000  0.158E+02   0.10432E-02   0.00000E+00   0.10000E+00    0.50249E-02 -387.82         test_P_all          
.8800E+00   100.000  0.145E+02   0.79250E-03   0.00000E+00   0.10000E+00    0.50249E-02 -389.79         test_P_all          
.8900E+00   100.000  0.132E+02   0.58752E-03   0.00000E+00   0.10000E+00    0.50249E-02 -391.40         test_P_all          
.9000E+00   100.000  0.120E+02   0.42391E-03   0.00000E+00   0.10000E+00    0.17692E-02 *******         test_P_all          
.9100E+00   100.000  0.108E+02   0.29634E-03   0.00000E+00   0.10000E+00    0.50249E-02 -393.70         test_P_all          
.9200E+00   100.000  0.958E+01   0.19838E-03   0.00000E+00   0.10000E+00    0.50249E-02 -394.47         test_P_all          
.9300E+00   100.000  0.841E+01   0.12699E-03   0.00000E+00   0.10000E+00    0.50249E-02 -395.03         test_P_all          
.9400E+00   100.000  0.726E+01   0.75771E-04   0.00000E+00   0.10000E+00    0.50249E-02 -395.44         test_P_all          
.9500E+00   100.000  0.614E+01   0.41412E-04   0.00000E+00   0.10000E+00    0.50249E-02 -395.71         test_P_all          
.9600E+00   100.000  0.505E+01   0.20708E-04   0.00000E+00   0.10000E+00    0.50249E-02 -395.88         test_P_all          
.9700E+00   100.000  0.397E+01   0.80479E-05   0.00000E+00   0.10000E+00    0.50249E-02 -395.98         test_P_all          
.9800E+00   100.000  0.292E+01   0.26317E-05   0.00000E+00   0.10000E+00    0.50249E-02 -396.02         test_P_all          
.9900E+00   100.000  0.189E+01   0.17880E-05   0.00000E+00   0.10000E+00    0.50249E-02 -396.03         test_P_all          
.1000E+01   100.000  0.882E+00   0.23658E-05   0.00000E+00   0.10000E+00    0.50249E-02 -396.02         test_P_all          



 CHI SQUARE=******** FOR  582 POINTS   CHISQ/NPTS= 1100.65
 Signed chisquare total =********
 Modified residual =********


Summary normalization chi2 contributions

 data set     normalization        error         chisq


Summary chi2 per data set

 data set                chisq    _w     signd    _w     resid     _w   npts   chisq/pts  _w
test_P_all            640579.5        444532.9        ********           582 1100.65
------------------------------------------------------------------------------------
          TOTAL       640579.5640579.5444532.9     0.0****************   582 1100.65 1100.65
          TOTAL+norm  640579.5640579.5                                   582 1100.65 1100.65



            Momentum Sum Rule Check


      q2      alphas      xuv       xdv       xub       xdb       xsb       xcb       xbb      xglue     total
      1.69    0.3845    0.3195    0.1358    0.0561    0.0698    0.0252    0.0000    0.0000    0.3938    1.0002
    100.00    0.1784    0.2251    0.0957    0.0654    0.0751    0.0437    0.0259    0.0088    0.4575    0.9972
   1000.00    0.1407    0.0000    0.0000    0.0000    0.0000    0.0000    0.0000    0.0000    0.0000    0.0000
   8315.00    0.1180    0.0000    0.0000    0.0000    0.0000    0.0000    0.0000    0.0000    0.0000    0.0000


 Vector Boson Cross Sections

 sqrt(s)   sigma(W)    error    theory

   1960.     2.865     0.063       0.000     D0

   1960.     2.749     0.054       0.000     CDF

   7000.     9.95      0.29        0.000     CMS

   7000.     9.96      0.55        0.000     ATLAS

 sqrt(s)   sigma(Z)    error    theory

   1960.     .2649     .0094       0.000     D0

   1960.     .2549     .0057       0.000     CDF

   7000.     .931      0.035       0.000     CMS

   7000.     .82       0.08        0.000     ATLAS


