 No correlated errors used
 test_SK    DIS data with  10.00< Q2 < 0.110D+02 and 0.000 < xB < 1.000 and   0.90< W2 < 0.100D+10 and 0.000 < y < 1.000
   WBA smearing    (AV18) nuke corrections
   No TMC applied
   no HT corrections

# fitpack15: fit output
# CJ15 AV18 final data choices                                                 

Parametrization   7 used here

 S-ACOT scheme used  for NC DIS

 charm mass =     3.16 GeV     bottom mass = ******** GeV



 THIS IS A LEADING ORDER FIT

 Q02=   10.00
         1  LAMBDA      VALUE=   0.22680      WEIGHT=    0.0000    
         2  a0uv        VALUE=   0.88819E-01  WEIGHT=    0.0000    
         3  a1uv        VALUE=    0.0000      WEIGHT=   0.20395E-01
         4  a2uv        VALUE=    3.0000      WEIGHT=   0.12297E-01
         5  a3uv        VALUE=    0.0000      WEIGHT=    0.0000    
         6  a4uv        VALUE=    0.0000      WEIGHT=   0.43683    
         7  a5uv        VALUE=    0.0000      WEIGHT=    0.0000    
         8  a0dv        VALUE=   0.44410E-01  WEIGHT=    0.0000    
         9  a1dv        VALUE=    0.0000      WEIGHT=   0.33842E-01
        10  a2dv        VALUE=    3.0000      WEIGHT=   0.15967    
        11  a3dv        VALUE=    0.0000      WEIGHT=   0.87255E-01
        12  a4dv        VALUE=    0.0000      WEIGHT=   0.14394    
        13  a5dv        VALUE=    0.0000      WEIGHT=    0.0000    
        14  a0ud        VALUE=    0.0000      WEIGHT=   0.50263E-02
        15  a1ud        VALUE=    0.0000      WEIGHT=   0.37519E-02
        16  a2ud        VALUE=    0.0000      WEIGHT=   0.18523    
        17  a3ud        VALUE=    0.0000      WEIGHT=    0.0000    
        18  a4ud        VALUE=    0.0000      WEIGHT=    1.2107    
        19  a5ud        VALUE=    0.0000      WEIGHT=    0.0000    
        20  a0du        VALUE=    0.0000      WEIGHT=    0.0000    
        21  a1du        VALUE=    0.0000      WEIGHT=   0.71322E-01
        22  a2du        VALUE=    0.0000      WEIGHT=   0.86082    
        23  a3du        VALUE=    0.0000      WEIGHT=    0.0000    
        24  a4du        VALUE=    0.0000      WEIGHT=    9.0827    
        25  a0g         VALUE=    113.25      WEIGHT=    0.0000    
        26  a1g         VALUE=   0.60307      WEIGHT=   0.31731E-01
        27  a2g         VALUE=    6.4812      WEIGHT=    1.0043    
        28  a3g         VALUE=   -3.3064      WEIGHT=   0.13891    
        29  a4g         VALUE=    3.1721      WEIGHT=   0.30059    
        30  a5g         VALUE=    0.0000      WEIGHT=    0.0000    
        31  kappa       VALUE=    0.0000      WEIGHT=    0.0000    
        32  a6dv        VALUE=  -0.36574E-02  WEIGHT=   0.67517E-03
        33  a7dv        VALUE=    2.0000      WEIGHT=    0.0000    
        34  off1        VALUE=   -3.5009      WEIGHT=    1.4769    
        35  off2        VALUE=   0.56166E-01  WEIGHT=   0.58667E-01
        36  ht1         VALUE=   -3.2479      WEIGHT=   0.26672    
        37  ht2         VALUE=    1.9154      WEIGHT=   0.10687    
        38  ht3         VALUE=   -2.0748      WEIGHT=   0.22824E-01
        39  ht4         VALUE=    0.0000      WEIGHT=    0.0000    
        40  dummy40     VALUE=    0.0000      WEIGHT=    0.0000    
        41  dummy41     VALUE=    0.0000      WEIGHT=    0.0000    
        42  dummy42     VALUE=    0.0000      WEIGHT=    0.0000    
        43  dummy43     VALUE=    0.0000      WEIGHT=    0.0000    
        44  dummy44     VALUE=    0.0000      WEIGHT=    0.0000    
        45  dummy45     VALUE=    0.0000      WEIGHT=    0.0000    
        46  dummy46     VALUE=    0.0000      WEIGHT=    0.0000    
        47  dummy47     VALUE=    0.0000      WEIGHT=    0.0000    
        48  dummy48     VALUE=    0.0000      WEIGHT=    0.0000    
        49  dummy49     VALUE=    0.0000      WEIGHT=    0.0000    
        50  bcdmsh2     VALUE=   0.97285      WEIGHT=   0.48427E-02
        51  bcdmsd2     VALUE=   0.99317      WEIGHT=   0.57972E-02
        52  ccfr        VALUE=    1.0000      WEIGHT=    0.0000    
        53  nutev       VALUE=    1.0000      WEIGHT=    0.0000    
        54  zeus        VALUE=   0.97998      WEIGHT=    0.0000    
        55  h1          VALUE=    1.0162      WEIGHT=    0.0000    
        56  e605        VALUE=    1.0319      WEIGHT=    0.0000    
        57  NmcH2       VALUE=    1.0095      WEIGHT=   0.71200E-02
        58  ntv_nu      VALUE=    1.0000      WEIGHT=    0.0000    
        59  ntv_nubar   VALUE=    1.0000      WEIGHT=    0.0000    
        60  cdf_jet     VALUE=   0.98910      WEIGHT=    0.0000    
        61  d0_jet      VALUE=   0.83504      WEIGHT=    0.0000    
        62  slac_p      VALUE=    1.0048      WEIGHT=   0.48232E-02
        63  slac_d      VALUE=    1.0042      WEIGHT=   0.52625E-02
        64  e866pp      VALUE=   0.96438      WEIGHT=   0.19188E-01
        65  e866pd      VALUE=   0.96857      WEIGHT=   0.16516E-01
        66  d0_gamjet   VALUE=    1.0391      WEIGHT=   0.16482E-01
        67  h1b         VALUE=   0.97608      WEIGHT=    0.0000    
        68  jlab_p      VALUE=   0.99439      WEIGHT=   0.57989E-02
        69  jlab_d      VALUE=   0.97560      WEIGHT=   0.58777E-02
        70  blank       VALUE=    1.0000      WEIGHT=    0.0000    
        71  d0run2      VALUE=   0.94153      WEIGHT=   0.14203E-01
        72  cdfrun2     VALUE=   0.92693      WEIGHT=   0.17236E-01
        73  HERA_el     VALUE=    1.0000      WEIGHT=    0.0000    
        74  HERA_ps     VALUE=    1.0000      WEIGHT=    0.0000    
        75  CDF_Z       VALUE=   0.96573      WEIGHT=   0.64152E-02
        76  NmcRat      VALUE=    1.0000      WEIGHT=    0.0000    
        77  BNS_F2nd    VALUE=   0.98244      WEIGHT=   0.67043E-02
        78  HERMES_F2p  VALUE=   0.99812      WEIGHT=   0.55759E-02
        79  HERMES_F2d  VALUE=   0.98034      WEIGHT=   0.58160E-02
0THE TOLERANCE IS    0.5000
 THE MAXIMUM NUMBER OF STEPS IS 100
0THE INITIAL CHI SQUARED IS  4.49683E+04



     X        Q2         W2       THEORY        error         DATA           ERROR        chi^2     _w    ITYPE
.1000E-03    10.000  0.100E+06   0.10000E+01   0.00000E+00   0.10000E+00    0.10000E+01    0.81         test_SK   
.1274E-03    10.000  0.785E+05   0.10000E+01   0.00000E+00   0.10000E+00    0.10000E+01    0.81         test_SK   
.1624E-03    10.000  0.616E+05   0.10000E+01   0.00000E+00   0.10000E+00    0.10000E+01    0.81         test_SK   
.2069E-03    10.000  0.483E+05   0.10000E+01   0.00000E+00   0.10000E+00    0.10000E+01    0.81         test_SK   
.2637E-03    10.000  0.379E+05   0.10000E+01   0.00000E+00   0.10000E+00    0.10000E+01    0.81         test_SK   
.3360E-03    10.000  0.298E+05   0.10000E+01   0.00000E+00   0.10000E+00    0.10000E+01    0.81         test_SK   
.4281E-03    10.000  0.233E+05   0.10000E+01   0.00000E+00   0.10000E+00    0.10000E+01    0.81         test_SK   
.5456E-03    10.000  0.183E+05   0.10000E+01   0.00000E+00   0.10000E+00    0.10000E+01    0.81         test_SK   
.6952E-03    10.000  0.144E+05   0.99998E+00   0.00000E+00   0.10000E+00    0.10000E+01    0.81         test_SK   
.8859E-03    10.000  0.113E+05   0.99994E+00   0.00000E+00   0.10000E+00    0.10000E+01    0.81         test_SK   
.1129E-02    10.000  0.885E+04   0.99989E+00   0.00000E+00   0.10000E+00    0.10000E+01    0.81         test_SK   
.1438E-02    10.000  0.694E+04   0.99983E+00   0.00000E+00   0.10000E+00    0.10000E+01    0.81         test_SK   
.1833E-02    10.000  0.545E+04   0.99979E+00   0.00000E+00   0.10000E+00    0.10000E+01    0.81         test_SK   
.2336E-02    10.000  0.427E+04   0.99976E+00   0.00000E+00   0.10000E+00    0.10000E+01    0.81         test_SK   
.2976E-02    10.000  0.335E+04   0.99977E+00   0.00000E+00   0.10000E+00    0.10000E+01    0.81         test_SK   
.3793E-02    10.000  0.263E+04   0.99980E+00   0.00000E+00   0.10000E+00    0.10000E+01    0.81         test_SK   
.4833E-02    10.000  0.206E+04   0.99974E+00   0.00000E+00   0.10000E+00    0.10000E+01    0.81         test_SK   
.6158E-02    10.000  0.161E+04   0.99961E+00   0.00000E+00   0.10000E+00    0.10000E+01    0.81         test_SK   
.7848E-02    10.000  0.127E+04   0.99971E+00   0.00000E+00   0.10000E+00    0.10000E+01    0.81         test_SK   
.1000E-01    10.000  0.991E+03   0.99951E+00   0.00000E+00   0.10000E+00    0.10000E+01    0.81         test_SK   
.2237E-01    10.000  0.438E+03   0.99873E+00   0.00000E+00   0.10000E+00    0.10000E+01    0.81         test_SK   
.3475E-01    10.000  0.279E+03   0.99812E+00   0.00000E+00   0.10000E+00    0.10000E+01    0.81         test_SK   
.4713E-01    10.000  0.203E+03   0.99812E+00   0.00000E+00   0.10000E+00    0.10000E+01    0.81         test_SK   
.5950E-01    10.000  0.159E+03   0.99747E+00   0.00000E+00   0.10000E+00    0.10000E+01    0.81         test_SK   
.7187E-01    10.000  0.130E+03   0.99699E+00   0.00000E+00   0.10000E+00    0.10000E+01    0.80         test_SK   
.8425E-01    10.000  0.110E+03   0.99616E+00   0.00000E+00   0.10000E+00    0.10000E+01    0.80         test_SK   
.9663E-01    10.000  0.944E+02   0.99583E+00   0.00000E+00   0.10000E+00    0.10000E+01    0.80         test_SK   
.1090E+00    10.000  0.826E+02   0.99572E+00   0.00000E+00   0.10000E+00    0.10000E+01    0.80         test_SK   
.1214E+00    10.000  0.733E+02   0.99514E+00   0.00000E+00   0.10000E+00    0.10000E+01    0.80         test_SK   
.1338E+00    10.000  0.656E+02   0.99469E+00   0.00000E+00   0.10000E+00    0.10000E+01    0.80         test_SK   
.1461E+00    10.000  0.593E+02   0.99393E+00   0.00000E+00   0.10000E+00    0.10000E+01    0.80         test_SK   
.1585E+00    10.000  0.540E+02   0.99371E+00   0.00000E+00   0.10000E+00    0.10000E+01    0.80         test_SK   
.1709E+00    10.000  0.494E+02   0.99344E+00   0.00000E+00   0.10000E+00    0.10000E+01    0.80         test_SK   
.1832E+00    10.000  0.455E+02   0.99305E+00   0.00000E+00   0.10000E+00    0.10000E+01    0.80         test_SK   
.1956E+00    10.000  0.420E+02   0.99229E+00   0.00000E+00   0.10000E+00    0.10000E+01    0.80         test_SK   
.2080E+00    10.000  0.390E+02   0.99197E+00   0.00000E+00   0.10000E+00    0.10000E+01    0.80         test_SK   
.2204E+00    10.000  0.363E+02   0.99183E+00   0.00000E+00   0.10000E+00    0.10000E+01    0.80         test_SK   
.2328E+00    10.000  0.338E+02   0.99153E+00   0.00000E+00   0.10000E+00    0.10000E+01    0.79         test_SK   
.2451E+00    10.000  0.317E+02   0.99087E+00   0.00000E+00   0.10000E+00    0.10000E+01    0.79         test_SK   
.2575E+00    10.000  0.297E+02   0.99035E+00   0.00000E+00   0.10000E+00    0.10000E+01    0.79         test_SK   
.2699E+00    10.000  0.279E+02   0.99038E+00   0.00000E+00   0.10000E+00    0.10000E+01    0.79         test_SK   
.2823E+00    10.000  0.263E+02   0.99016E+00   0.00000E+00   0.10000E+00    0.10000E+01    0.79         test_SK   
.2946E+00    10.000  0.248E+02   0.98941E+00   0.00000E+00   0.10000E+00    0.10000E+01    0.79         test_SK   
.3070E+00    10.000  0.235E+02   0.98916E+00   0.00000E+00   0.10000E+00    0.10000E+01    0.79         test_SK   
.3194E+00    10.000  0.222E+02   0.98926E+00   0.00000E+00   0.10000E+00    0.10000E+01    0.79         test_SK   
.3317E+00    10.000  0.210E+02   0.98873E+00   0.00000E+00   0.10000E+00    0.10000E+01    0.79         test_SK   
.3441E+00    10.000  0.199E+02   0.98835E+00   0.00000E+00   0.10000E+00    0.10000E+01    0.79         test_SK   
.3565E+00    10.000  0.189E+02   0.98841E+00   0.00000E+00   0.10000E+00    0.10000E+01    0.79         test_SK   
.3689E+00    10.000  0.180E+02   0.98822E+00   0.00000E+00   0.10000E+00    0.10000E+01    0.79         test_SK   
.3812E+00    10.000  0.171E+02   0.98777E+00   0.00000E+00   0.10000E+00    0.10000E+01    0.79         test_SK   
.3936E+00    10.000  0.163E+02   0.98771E+00   0.00000E+00   0.10000E+00    0.10000E+01    0.79         test_SK   
.4060E+00    10.000  0.155E+02   0.98800E+00   0.00000E+00   0.10000E+00    0.10000E+01    0.79         test_SK   
.4184E+00    10.000  0.148E+02   0.98767E+00   0.00000E+00   0.10000E+00    0.10000E+01    0.79         test_SK   
.4308E+00    10.000  0.141E+02   0.98752E+00   0.00000E+00   0.10000E+00    0.10000E+01    0.79         test_SK   
.4431E+00    10.000  0.134E+02   0.98794E+00   0.00000E+00   0.10000E+00    0.10000E+01    0.79         test_SK   
.4555E+00    10.000  0.128E+02   0.98792E+00   0.00000E+00   0.10000E+00    0.10000E+01    0.79         test_SK   
.4679E+00    10.000  0.123E+02   0.98796E+00   0.00000E+00   0.10000E+00    0.10000E+01    0.79         test_SK   
.4803E+00    10.000  0.117E+02   0.98860E+00   0.00000E+00   0.10000E+00    0.10000E+01    0.79         test_SK   
.4926E+00    10.000  0.112E+02   0.98875E+00   0.00000E+00   0.10000E+00    0.10000E+01    0.79         test_SK   
.5050E+00    10.000  0.107E+02   0.98918E+00   0.00000E+00   0.10000E+00    0.10000E+01    0.79         test_SK   
.5174E+00    10.000  0.102E+02   0.99015E+00   0.00000E+00   0.10000E+00    0.10000E+01    0.79         test_SK   
.5298E+00    10.000  0.976E+01   0.99055E+00   0.00000E+00   0.10000E+00    0.10000E+01    0.79         test_SK   
.5421E+00    10.000  0.933E+01   0.99147E+00   0.00000E+00   0.10000E+00    0.10000E+01    0.79         test_SK   
.5545E+00    10.000  0.892E+01   0.99255E+00   0.00000E+00   0.10000E+00    0.10000E+01    0.80         test_SK   
.5669E+00    10.000  0.852E+01   0.99364E+00   0.00000E+00   0.10000E+00    0.10000E+01    0.80         test_SK   
.5793E+00    10.000  0.815E+01   0.99537E+00   0.00000E+00   0.10000E+00    0.10000E+01    0.80         test_SK   
.5916E+00    10.000  0.778E+01   0.99690E+00   0.00000E+00   0.10000E+00    0.10000E+01    0.80         test_SK   
.6040E+00    10.000  0.744E+01   0.99894E+00   0.00000E+00   0.10000E+00    0.10000E+01    0.81         test_SK   
.6164E+00    10.000  0.711E+01   0.10013E+01   0.00000E+00   0.10000E+00    0.10000E+01    0.81         test_SK   
.6288E+00    10.000  0.679E+01   0.10039E+01   0.00000E+00   0.10000E+00    0.10000E+01    0.82         test_SK   
.6411E+00    10.000  0.648E+01   0.10073E+01   0.00000E+00   0.10000E+00    0.10000E+01    0.82         test_SK   
.6535E+00    10.000  0.618E+01   0.10107E+01   0.00000E+00   0.10000E+00    0.10000E+01    0.83         test_SK   
.6659E+00    10.000  0.590E+01   0.10153E+01   0.00000E+00   0.10000E+00    0.10000E+01    0.84         test_SK   
.6783E+00    10.000  0.563E+01   0.10201E+01   0.00000E+00   0.10000E+00    0.10000E+01    0.85         test_SK   
.6906E+00    10.000  0.536E+01   0.10262E+01   0.00000E+00   0.10000E+00    0.10000E+01    0.86         test_SK   
.7030E+00    10.000  0.511E+01   0.10329E+01   0.00000E+00   0.10000E+00    0.10000E+01    0.87         test_SK   
.7154E+00    10.000  0.486E+01   0.10411E+01   0.00000E+00   0.10000E+00    0.10000E+01    0.89         test_SK   
.7278E+00    10.000  0.462E+01   0.10506E+01   0.00000E+00   0.10000E+00    0.10000E+01    0.90         test_SK   
.7401E+00    10.000  0.439E+01   0.10618E+01   0.00000E+00   0.10000E+00    0.10000E+01    0.93         test_SK   
.7525E+00    10.000  0.417E+01   0.10754E+01   0.00000E+00   0.10000E+00    0.10000E+01    0.95         test_SK   
.7649E+00    10.000  0.396E+01   0.10912E+01   0.00000E+00   0.10000E+00    0.10000E+01    0.98         test_SK   
.7772E+00    10.000  0.375E+01   0.11107E+01   0.00000E+00   0.10000E+00    0.10000E+01    1.02         test_SK   
.7896E+00    10.000  0.355E+01   0.11342E+01   0.00000E+00   0.10000E+00    0.10000E+01    1.07         test_SK   
.8020E+00    10.000  0.335E+01   0.11627E+01   0.00000E+00   0.10000E+00    0.10000E+01    1.13         test_SK   
.8144E+00    10.000  0.316E+01   0.11982E+01   0.00000E+00   0.10000E+00    0.10000E+01    1.21         test_SK   
.8267E+00    10.000  0.298E+01   0.12426E+01   0.00000E+00   0.10000E+00    0.10000E+01    1.31         test_SK   
.8391E+00    10.000  0.280E+01   0.12990E+01   0.00000E+00   0.10000E+00    0.10000E+01    1.44         test_SK   
.8515E+00    10.000  0.263E+01   0.13715E+01   0.00000E+00   0.10000E+00    0.10000E+01    1.62         test_SK   
.8639E+00    10.000  0.246E+01   0.14672E+01   0.00000E+00   0.10000E+00    0.10000E+01    1.87         test_SK   
.8762E+00    10.000  0.229E+01   0.15964E+01   0.00000E+00   0.10000E+00    0.10000E+01    2.24         test_SK   
.8886E+00    10.000  0.214E+01   0.17759E+01   0.00000E+00   0.10000E+00    0.10000E+01    2.81         test_SK   
.9010E+00    10.000  0.198E+01   0.20353E+01   0.00000E+00   0.10000E+00    0.10000E+01    3.75         test_SK   
.9134E+00    10.000  0.183E+01   0.24288E+01   0.00000E+00   0.10000E+00    0.10000E+01    5.42         test_SK   
.9257E+00    10.000  0.168E+01   0.30663E+01   0.00000E+00   0.10000E+00    0.10000E+01    8.80         test_SK   
.9381E+00    10.000  0.154E+01   0.41966E+01   0.00000E+00   0.10000E+00    0.10000E+01   16.78         test_SK   
.9505E+00    10.000  0.140E+01   0.64822E+01   0.00000E+00   0.10000E+00    0.10000E+01   40.73         test_SK   
.9629E+00    10.000  0.127E+01   0.12165E+02   0.00000E+00   0.10000E+00    0.10000E+01  145.58         test_SK   
.9752E+00    10.000  0.114E+01   0.32639E+02   0.00000E+00   0.10000E+00    0.10000E+01 1058.79         test_SK   
.9876E+00    10.000  0.101E+01   0.20892E+03   0.00000E+00   0.10000E+00    0.10000E+01 *******         test_SK   



 CHI SQUARE=44968.31 FOR   99 POINTS   CHISQ/NPTS=  454.23
 Signed chisquare total =44968.31
 Modified residual =********


Summary normalization chi2 contributions

 data set     normalization        error         chisq


Summary chi2 per data set

 data set      chisq    _w     signd    _w     resid     _w   npts   chisq/pts  _w
test_SK      44968.3         44968.3        -45004.0            99  454.23
------------------------------------------------------------------------------------
TOTAL        44968.3 44968.3 44968.3     0.0-45004.0-45004.0    99  454.23  454.23
TOTAL+norm   44968.3 44968.3                                    99  454.23  454.23



            Momentum Sum Rule Check


      q2      alphas      xuv       xdv       xub       xdb       xsb       xcb       xbb      xglue     total
     10.00    0.4726    0.0171    0.0086    0.0379    0.0379    0.0379    0.0379    0.0000    0.8196    0.9971
    100.00    0.2745    0.0140    0.0070    0.0570    0.0570    0.0570    0.0570    0.0000    0.7386    0.9877
   1000.00    0.1934    0.0123    0.0061    0.0664    0.0664    0.0664    0.0664    0.0000    0.6936    0.9777
   8315.00    0.1521    0.0112    0.0056    0.0717    0.0717    0.0717    0.0717    0.0000    0.6656    0.9690


 Vector Boson Cross Sections

 sqrt(s)   sigma(W)    error    theory

   1960.     2.865     0.063       0.641     D0

   1960.     2.749     0.054       0.641     CDF

   7000.     9.95      0.29        5.664     CMS

   7000.     9.96      0.55        5.664     ATLAS

 sqrt(s)   sigma(Z)    error    theory

   1960.     .2649     .0094       0.050     D0

   1960.     .2549     .0057       0.050     CDF

   7000.     .931      0.035       0.498     CMS

   7000.     .82       0.08        0.498     ATLAS


