 Correlated errors added in quadrature with statistical errors
 test_P_all DIS data with   1.69< Q2 < 0.500D+03 and 0.000 < xB < 1.000 and   0.00< W2 < 0.100D+05 and 0.000 < y < 1.000
   No TMC applied
   HT corrections, additive C=C(xB)

# fitpack15: fit output
# CJ15 AV18 final data choices                                                 

Parametrization   7 used here

 S-ACOT scheme used  for NC DIS

 charm mass =     1.30 GeV     bottom mass =     4.50 GeV



 THIS IS A NEXT TO LEADING ORDER FIT

 Q02=    1.69
         1  LAMBDA      VALUE=   0.22680      WEIGHT=    0.0000    
         2  a0uv        VALUE=    1.9792      WEIGHT=    0.0000    
         3  a1uv        VALUE=   0.57091      WEIGHT=   0.22811E-01
         4  a2uv        VALUE=    3.5529      WEIGHT=   0.11410E-01
         5  a3uv        VALUE=    0.0000      WEIGHT=    0.0000    
         6  a4uv        VALUE=    4.4738      WEIGHT=   0.60118    
         7  a5uv        VALUE=    0.0000      WEIGHT=    0.0000    
         8  a0dv        VALUE=    24.969      WEIGHT=    0.0000    
         9  a1dv        VALUE=    1.1566      WEIGHT=   0.32679E-01
        10  a2dv        VALUE=    6.6796      WEIGHT=   0.15768    
        11  a3dv        VALUE=   -3.5557      WEIGHT=   0.85869E-01
        12  a4dv        VALUE=    4.8052      WEIGHT=   0.13991    
        13  a5dv        VALUE=    0.0000      WEIGHT=    0.0000    
        14  a0ud        VALUE=   0.14212      WEIGHT=   0.49836E-02
        15  a1ud        VALUE=  -0.21069      WEIGHT=   0.38126E-02
        16  a2ud        VALUE=    8.4747      WEIGHT=   0.17405    
        17  a3ud        VALUE=    0.0000      WEIGHT=    0.0000    
        18  a4ud        VALUE=    15.862      WEIGHT=    1.2274    
        19  a5ud        VALUE=    0.0000      WEIGHT=    0.0000    
        20  a0du        VALUE=    35712.      WEIGHT=    0.0000    
        21  a1du        VALUE=    4.0887      WEIGHT=   0.78554E-01
        22  a2du        VALUE=    20.484      WEIGHT=   0.95277    
        23  a3du        VALUE=    17.000      WEIGHT=    0.0000    
        24  a4du        VALUE=    51.722      WEIGHT=    7.3285    
        25  a0g         VALUE=    45.662      WEIGHT=    0.0000    
        26  a1g         VALUE=   0.60317      WEIGHT=   0.30289E-01
        27  a2g         VALUE=    6.1755      WEIGHT=   0.87950    
        28  a3g         VALUE=   -3.3705      WEIGHT=   0.12545    
        29  a4g         VALUE=    3.2542      WEIGHT=   0.29247    
        30  a5g         VALUE=    0.0000      WEIGHT=    0.0000    
        31  kappa       VALUE=   0.40000      WEIGHT=    0.0000    
        32  a6dv        VALUE=  -0.46741E-02  WEIGHT=   0.70835E-03
        33  a7dv        VALUE=    2.0000      WEIGHT=    0.0000    
        34  off1        VALUE=    0.0000      WEIGHT=    0.0000    
        35  off2        VALUE=    0.0000      WEIGHT=    0.0000    
        36  off3        VALUE=    0.0000      WEIGHT=    0.0000    
        37  ht1         VALUE=   -3.2761      WEIGHT=   0.30923    
        38  ht2         VALUE=    1.9549      WEIGHT=   0.12450    
        39  ht3         VALUE=   -2.0653      WEIGHT=   0.35581E-01
        40  ht4         VALUE=    0.0000      WEIGHT=    0.0000    
        41  ht1n        VALUE=   -3.7951      WEIGHT=   0.77517    
        42  ht2n        VALUE=    1.9150      WEIGHT=   0.23965    
        43  ht3n        VALUE=   -2.2326      WEIGHT=   0.80644E-01
        44  ht4n        VALUE=    0.0000      WEIGHT=    0.0000    
        45  dummy45     VALUE=    0.0000      WEIGHT=    0.0000    
        46  dummy46     VALUE=    0.0000      WEIGHT=    0.0000    
        47  dummy47     VALUE=    0.0000      WEIGHT=    0.0000    
        48  dummy48     VALUE=    0.0000      WEIGHT=    0.0000    
        49  dummy49     VALUE=    0.0000      WEIGHT=    0.0000    
        50  bcdmsh2     VALUE=   0.96943      WEIGHT=   0.48132E-02
        51  bcdmsd2     VALUE=   0.98941      WEIGHT=   0.56589E-02
        52  ccfr        VALUE=    1.0000      WEIGHT=    0.0000    
        53  nutev       VALUE=    1.0000      WEIGHT=    0.0000    
        54  zeus        VALUE=   0.97998      WEIGHT=    0.0000    
        55  h1          VALUE=    1.0162      WEIGHT=    0.0000    
        56  e605        VALUE=    1.0319      WEIGHT=    0.0000    
        57  NmcH2       VALUE=    1.0062      WEIGHT=   0.71130E-02
        58  ntv_nu      VALUE=    1.0000      WEIGHT=    0.0000    
        59  ntv_nubar   VALUE=    1.0000      WEIGHT=    0.0000    
        60  cdf_jet     VALUE=   0.98910      WEIGHT=    0.0000    
        61  d0_jet      VALUE=   0.83504      WEIGHT=    0.0000    
        62  slac_p      VALUE=    1.0005      WEIGHT=   0.51037E-02
        63  slac_d      VALUE=   0.99991      WEIGHT=   0.51370E-02
        64  e866pp      VALUE=   0.98259      WEIGHT=   0.19880E-01
        65  e866pd      VALUE=   0.96770      WEIGHT=   0.15813E-01
        66  d0_gamjet   VALUE=    1.0367      WEIGHT=   0.16420E-01
        67  h1b         VALUE=   0.97608      WEIGHT=    0.0000    
        68  jlab_p      VALUE=   0.98972      WEIGHT=   0.63056E-02
        69  jlab_d      VALUE=   0.97497      WEIGHT=   0.59753E-02
        70  blank       VALUE=    1.0000      WEIGHT=    0.0000    
        71  d0run2      VALUE=   0.95191      WEIGHT=   0.14762E-01
        72  cdfrun2     VALUE=   0.93581      WEIGHT=   0.17509E-01
        73  HERA_el     VALUE=    1.0000      WEIGHT=    0.0000    
        74  HERA_ps     VALUE=    1.0000      WEIGHT=    0.0000    
        75  CDF_Z       VALUE=   0.95834      WEIGHT=   0.62515E-02
        76  NmcRat      VALUE=    1.0000      WEIGHT=    0.0000    
        77  BNS_F2nd    VALUE=   0.98568      WEIGHT=   0.96582E-02
        78  HERMES_F2p  VALUE=   0.99433      WEIGHT=   0.57110E-02
        79  HERMES_F2d  VALUE=   0.97605      WEIGHT=   0.57625E-02
0THE TOLERANCE IS    0.1000
 THE MAXIMUM NUMBER OF STEPS IS 100
0THE INITIAL CHI SQUARED IS  2.33100E+06



     X        Q2         W2       THEORY        error         DATA           ERROR        chi^2     _w    ITYPE
.1000E-01     2.000  0.199E+03   0.35329E+00   0.00000E+00   0.10000E+00    0.50249E-02 2540.87         test_P_all
.2000E-01     2.000  0.989E+02   0.33392E+00   0.00000E+00   0.10000E+00    0.50249E-02 2167.02         test_P_all
.3000E-01     2.000  0.655E+02   0.32881E+00   0.00000E+00   0.10000E+00    0.50249E-02 2073.37         test_P_all
.4000E-01     2.000  0.489E+02   0.33081E+00   0.00000E+00   0.10000E+00    0.50249E-02 2109.80         test_P_all
.5000E-01     2.000  0.389E+02   0.33302E+00   0.00000E+00   0.10000E+00    0.50249E-02 2150.35         test_P_all
.6000E-01     2.000  0.322E+02   0.33607E+00   0.00000E+00   0.10000E+00    0.50249E-02 2207.05         test_P_all
.7000E-01     2.000  0.275E+02   0.33814E+00   0.00000E+00   0.10000E+00    0.50249E-02 2245.94         test_P_all
.8000E-01     2.000  0.239E+02   0.33931E+00   0.00000E+00   0.10000E+00    0.50249E-02 2268.07         test_P_all
.9000E-01     2.000  0.211E+02   0.33977E+00   0.00000E+00   0.10000E+00    0.50249E-02 2276.74         test_P_all
.1000E+00     2.000  0.189E+02   0.33934E+00   0.00000E+00   0.10000E+00    0.50249E-02 2268.75         test_P_all
.1100E+00     2.000  0.171E+02   0.33852E+00   0.00000E+00   0.10000E+00    0.50249E-02 2253.23         test_P_all
.1200E+00     2.000  0.155E+02   0.33715E+00   0.00000E+00   0.10000E+00    0.50249E-02 2227.41         test_P_all
.1300E+00     2.000  0.143E+02   0.33536E+00   0.00000E+00   0.10000E+00    0.50249E-02 2193.85         test_P_all
.1400E+00     2.000  0.132E+02   0.33332E+00   0.00000E+00   0.10000E+00    0.50249E-02 2155.93         test_P_all
.1500E+00     2.000  0.122E+02   0.33093E+00   0.00000E+00   0.10000E+00    0.50249E-02 2111.96         test_P_all
.1600E+00     2.000  0.114E+02   0.32831E+00   0.00000E+00   0.10000E+00    0.50249E-02 2064.30         test_P_all
.1700E+00     2.000  0.106E+02   0.32543E+00   0.00000E+00   0.10000E+00    0.50249E-02 2012.54         test_P_all
.1800E+00     2.000  0.999E+01   0.32230E+00   0.00000E+00   0.10000E+00    0.50249E-02 1957.10         test_P_all
.1900E+00     2.000  0.941E+01   0.31894E+00   0.00000E+00   0.10000E+00    0.50249E-02 1898.36         test_P_all
.2000E+00     2.000  0.888E+01   0.31536E+00   0.00000E+00   0.10000E+00    0.50249E-02 1836.85         test_P_all
.2100E+00     2.000  0.841E+01   0.31155E+00   0.00000E+00   0.10000E+00    0.50249E-02 1772.35         test_P_all
.2200E+00     2.000  0.797E+01   0.30753E+00   0.00000E+00   0.10000E+00    0.50249E-02 1705.66         test_P_all
.2300E+00     2.000  0.758E+01   0.30331E+00   0.00000E+00   0.10000E+00    0.50249E-02 1637.09         test_P_all
.2400E+00     2.000  0.722E+01   0.29890E+00   0.00000E+00   0.10000E+00    0.50249E-02 1566.79         test_P_all
.2500E+00     2.000  0.688E+01   0.29433E+00   0.00000E+00   0.10000E+00    0.50249E-02 1495.60         test_P_all
.2600E+00     2.000  0.657E+01   0.28959E+00   0.00000E+00   0.10000E+00    0.50249E-02 1423.52         test_P_all
.2700E+00     2.000  0.629E+01   0.28472E+00   0.00000E+00   0.10000E+00    0.50249E-02 1351.38         test_P_all
.2800E+00     2.000  0.602E+01   0.27975E+00   0.00000E+00   0.10000E+00    0.50249E-02 1279.64         test_P_all
.2900E+00     2.000  0.578E+01   0.27470E+00   0.00000E+00   0.10000E+00    0.50249E-02 1208.67         test_P_all
.3000E+00     2.000  0.555E+01   0.26960E+00   0.00000E+00   0.10000E+00    0.18868E-02 8079.48         test_P_all
.3100E+00     2.000  0.533E+01   0.26448E+00   0.00000E+00   0.10000E+00    0.50249E-02 1071.38         test_P_all
.3200E+00     2.000  0.513E+01   0.25937E+00   0.00000E+00   0.10000E+00    0.50249E-02 1005.91         test_P_all
.3300E+00     2.000  0.494E+01   0.25432E+00   0.00000E+00   0.10000E+00    0.50249E-02  943.14         test_P_all
.3400E+00     2.000  0.476E+01   0.24935E+00   0.00000E+00   0.10000E+00    0.50249E-02  883.43         test_P_all
.3500E+00     2.000  0.460E+01   0.24451E+00   0.00000E+00   0.10000E+00    0.50249E-02  827.04         test_P_all
.3600E+00     2.000  0.444E+01   0.23983E+00   0.00000E+00   0.10000E+00    0.50249E-02  774.32         test_P_all
.3700E+00     2.000  0.429E+01   0.23534E+00   0.00000E+00   0.10000E+00    0.50249E-02  725.39         test_P_all
.3800E+00     2.000  0.414E+01   0.23108E+00   0.00000E+00   0.10000E+00    0.50249E-02  680.45         test_P_all
.3900E+00     2.000  0.401E+01   0.22709E+00   0.00000E+00   0.10000E+00    0.50249E-02  639.65         test_P_all
.4000E+00     2.000  0.388E+01   0.22339E+00   0.00000E+00   0.10000E+00    0.17692E-02 4864.58         test_P_all
.4100E+00     2.000  0.376E+01   0.22004E+00   0.00000E+00   0.10000E+00    0.50249E-02  570.71         test_P_all
.4200E+00     2.000  0.364E+01   0.21706E+00   0.00000E+00   0.10000E+00    0.50249E-02  542.71         test_P_all
.4300E+00     2.000  0.353E+01   0.21449E+00   0.00000E+00   0.10000E+00    0.50249E-02  519.08         test_P_all
.4400E+00     2.000  0.343E+01   0.21235E+00   0.00000E+00   0.10000E+00    0.50249E-02  499.93         test_P_all
.4500E+00     2.000  0.333E+01   0.21069E+00   0.00000E+00   0.10000E+00    0.50249E-02  485.26         test_P_all
.4600E+00     2.000  0.323E+01   0.20955E+00   0.00000E+00   0.10000E+00    0.50249E-02  475.27         test_P_all
.4700E+00     2.000  0.314E+01   0.20895E+00   0.00000E+00   0.10000E+00    0.50249E-02  470.06         test_P_all
.4800E+00     2.000  0.305E+01   0.20892E+00   0.00000E+00   0.10000E+00    0.50249E-02  469.87         test_P_all
.4900E+00     2.000  0.296E+01   0.20952E+00   0.00000E+00   0.10000E+00    0.50249E-02  475.01         test_P_all
.5000E+00     2.000  0.288E+01   0.21076E+00   0.00000E+00   0.10000E+00    0.17692E-02 3919.22         test_P_all
.5100E+00     2.000  0.280E+01   0.21269E+00   0.00000E+00   0.10000E+00    0.50249E-02  502.90         test_P_all
.5200E+00     2.000  0.273E+01   0.21533E+00   0.00000E+00   0.10000E+00    0.50249E-02  526.80         test_P_all
.5300E+00     2.000  0.266E+01   0.21873E+00   0.00000E+00   0.10000E+00    0.50249E-02  558.30         test_P_all
.5400E+00     2.000  0.259E+01   0.22292E+00   0.00000E+00   0.10000E+00    0.50249E-02  598.40         test_P_all
.5500E+00     2.000  0.252E+01   0.22793E+00   0.00000E+00   0.10000E+00    0.50249E-02  648.13         test_P_all
.5600E+00     2.000  0.245E+01   0.23379E+00   0.00000E+00   0.10000E+00    0.50249E-02  708.95         test_P_all
.5700E+00     2.000  0.239E+01   0.24055E+00   0.00000E+00   0.10000E+00    0.50249E-02  782.34         test_P_all
.5800E+00     2.000  0.233E+01   0.24822E+00   0.00000E+00   0.10000E+00    0.50249E-02  870.12         test_P_all
.5900E+00     2.000  0.227E+01   0.25686E+00   0.00000E+00   0.10000E+00    0.50249E-02  974.44         test_P_all
.6000E+00     2.000  0.222E+01   0.26648E+00   0.00000E+00   0.10000E+00    0.17692E-02 8854.31         test_P_all
.6100E+00     2.000  0.216E+01   0.27712E+00   0.00000E+00   0.10000E+00    0.50249E-02 1242.39         test_P_all
.6200E+00     2.000  0.211E+01   0.28881E+00   0.00000E+00   0.10000E+00    0.50249E-02 1411.79         test_P_all
.6300E+00     2.000  0.206E+01   0.30158E+00   0.00000E+00   0.10000E+00    0.50249E-02 1609.22         test_P_all
.6400E+00     2.000  0.201E+01   0.31546E+00   0.00000E+00   0.10000E+00    0.50249E-02 1838.52         test_P_all
.6500E+00     2.000  0.196E+01   0.33048E+00   0.00000E+00   0.10000E+00    0.50249E-02 2103.79         test_P_all
.6600E+00     2.000  0.191E+01   0.34667E+00   0.00000E+00   0.10000E+00    0.50249E-02 2409.83         test_P_all
.6700E+00     2.000  0.187E+01   0.36406E+00   0.00000E+00   0.10000E+00    0.50249E-02 2761.59         test_P_all
.6800E+00     2.000  0.182E+01   0.38268E+00   0.00000E+00   0.10000E+00    0.50249E-02 3164.66         test_P_all
.6900E+00     2.000  0.178E+01   0.40255E+00   0.00000E+00   0.10000E+00    0.50249E-02 3625.17         test_P_all
.7000E+00     2.000  0.174E+01   0.42369E+00   0.00000E+00   0.10000E+00    0.17692E-02 *******         test_P_all
.7100E+00     2.000  0.170E+01   0.44614E+00   0.00000E+00   0.10000E+00    0.50249E-02 4745.11         test_P_all
.7200E+00     2.000  0.166E+01   0.46992E+00   0.00000E+00   0.10000E+00    0.50249E-02 5419.36         test_P_all
.7300E+00     2.000  0.162E+01   0.49504E+00   0.00000E+00   0.10000E+00    0.50249E-02 6180.56         test_P_all
.7400E+00     2.000  0.158E+01   0.52154E+00   0.00000E+00   0.10000E+00    0.50249E-02 7037.62         test_P_all
.7500E+00     2.000  0.155E+01   0.54944E+00   0.00000E+00   0.10000E+00    0.50249E-02 7999.79         test_P_all
.7600E+00     2.000  0.151E+01   0.57875E+00   0.00000E+00   0.10000E+00    0.50249E-02 9077.38         test_P_all
.7700E+00     2.000  0.148E+01   0.60950E+00   0.00000E+00   0.10000E+00    0.50249E-02 *******         test_P_all
.7800E+00     2.000  0.145E+01   0.64171E+00   0.00000E+00   0.10000E+00    0.50249E-02 *******         test_P_all
.7900E+00     2.000  0.141E+01   0.67538E+00   0.00000E+00   0.10000E+00    0.50249E-02 *******         test_P_all
.8000E+00     2.000  0.138E+01   0.71055E+00   0.00000E+00   0.10000E+00    0.17692E-02 *******         test_P_all
.8100E+00     2.000  0.135E+01   0.74723E+00   0.00000E+00   0.10000E+00    0.50249E-02 *******         test_P_all
.8200E+00     2.000  0.132E+01   0.78543E+00   0.00000E+00   0.10000E+00    0.50249E-02 *******         test_P_all
.8300E+00     2.000  0.129E+01   0.82517E+00   0.00000E+00   0.10000E+00    0.50249E-02 *******         test_P_all
.8400E+00     2.000  0.126E+01   0.86646E+00   0.00000E+00   0.10000E+00    0.50249E-02 *******         test_P_all
.8500E+00     2.000  0.123E+01   0.90931E+00   0.00000E+00   0.10000E+00    0.50249E-02 *******         test_P_all
.8600E+00     2.000  0.121E+01   0.95374E+00   0.00000E+00   0.10000E+00    0.50249E-02 *******         test_P_all
.8700E+00     2.000  0.118E+01   0.99975E+00   0.00000E+00   0.10000E+00    0.50249E-02 *******         test_P_all
.8800E+00     2.000  0.115E+01   0.10474E+01   0.00000E+00   0.10000E+00    0.50249E-02 *******         test_P_all
.8900E+00     2.000  0.113E+01   0.10966E+01   0.00000E+00   0.10000E+00    0.50249E-02 *******         test_P_all
.9000E+00     2.000  0.110E+01   0.11474E+01   0.00000E+00   0.10000E+00    0.17692E-02 *******         test_P_all
.9100E+00     2.000  0.108E+01   0.11998E+01   0.00000E+00   0.10000E+00    0.50249E-02 *******         test_P_all
.9200E+00     2.000  0.106E+01   0.12539E+01   0.00000E+00   0.10000E+00    0.50249E-02 *******         test_P_all
.9300E+00     2.000  0.103E+01   0.13095E+01   0.00000E+00   0.10000E+00    0.50249E-02 *******         test_P_all
.9400E+00     2.000  0.101E+01   0.13669E+01   0.00000E+00   0.10000E+00    0.50249E-02 *******         test_P_all
.9500E+00     2.000  0.987E+00   0.14258E+01   0.00000E+00   0.10000E+00    0.50249E-02 *******         test_P_all
.9600E+00     2.000  0.965E+00   0.14864E+01   0.00000E+00   0.10000E+00    0.50249E-02 *******         test_P_all
.9700E+00     2.000  0.944E+00   0.15486E+01   0.00000E+00   0.10000E+00    0.50249E-02 *******         test_P_all
.9800E+00     2.000  0.923E+00   0.16124E+01   0.00000E+00   0.10000E+00    0.50249E-02 *******         test_P_all
.9900E+00     2.000  0.902E+00   0.16779E+01   0.00000E+00   0.10000E+00    0.50249E-02 *******         test_P_all
.1000E+01     2.000  0.882E+00   0.17450E+01   0.00000E+00   0.10000E+00    0.50249E-02 *******         test_P_all
.1000E-01     5.000  0.496E+03   0.46061E+00   0.00000E+00   0.10000E+00    0.50249E-02 5150.11         test_P_all
.2000E-01     5.000  0.246E+03   0.41459E+00   0.00000E+00   0.10000E+00    0.50249E-02 3919.55         test_P_all
.3000E-01     5.000  0.163E+03   0.39508E+00   0.00000E+00   0.10000E+00    0.50249E-02 3448.41         test_P_all
.4000E-01     5.000  0.121E+03   0.38813E+00   0.00000E+00   0.10000E+00    0.50249E-02 3287.89         test_P_all
.5000E-01     5.000  0.959E+02   0.38271E+00   0.00000E+00   0.10000E+00    0.50249E-02 3165.36         test_P_all
.6000E-01     5.000  0.792E+02   0.37984E+00   0.00000E+00   0.10000E+00    0.50249E-02 3101.31         test_P_all
.7000E-01     5.000  0.673E+02   0.37679E+00   0.00000E+00   0.10000E+00    0.50249E-02 3034.24         test_P_all
.8000E-01     5.000  0.584E+02   0.37390E+00   0.00000E+00   0.10000E+00    0.50249E-02 2971.13         test_P_all
.9000E-01     5.000  0.514E+02   0.37090E+00   0.00000E+00   0.10000E+00    0.50249E-02 2906.30         test_P_all
.1000E+00     5.000  0.459E+02   0.36773E+00   0.00000E+00   0.10000E+00    0.50249E-02 2838.83         test_P_all
.1100E+00     5.000  0.413E+02   0.36455E+00   0.00000E+00   0.10000E+00    0.50249E-02 2771.77         test_P_all
.1200E+00     5.000  0.375E+02   0.36132E+00   0.00000E+00   0.10000E+00    0.50249E-02 2704.44         test_P_all
.1300E+00     5.000  0.343E+02   0.35799E+00   0.00000E+00   0.10000E+00    0.50249E-02 2635.92         test_P_all
.1400E+00     5.000  0.316E+02   0.35458E+00   0.00000E+00   0.10000E+00    0.50249E-02 2566.67         test_P_all
.1500E+00     5.000  0.292E+02   0.35106E+00   0.00000E+00   0.10000E+00    0.50249E-02 2496.25         test_P_all
.1600E+00     5.000  0.271E+02   0.34739E+00   0.00000E+00   0.10000E+00    0.50249E-02 2423.86         test_P_all
.1700E+00     5.000  0.253E+02   0.34358E+00   0.00000E+00   0.10000E+00    0.50249E-02 2349.77         test_P_all
.1800E+00     5.000  0.237E+02   0.33960E+00   0.00000E+00   0.10000E+00    0.50249E-02 2273.61         test_P_all
.1900E+00     5.000  0.222E+02   0.33542E+00   0.00000E+00   0.10000E+00    0.50249E-02 2194.87         test_P_all
.2000E+00     5.000  0.209E+02   0.33105E+00   0.00000E+00   0.10000E+00    0.50249E-02 2114.22         test_P_all
.2100E+00     5.000  0.197E+02   0.32644E+00   0.00000E+00   0.10000E+00    0.50249E-02 2030.68         test_P_all
.2200E+00     5.000  0.186E+02   0.32163E+00   0.00000E+00   0.10000E+00    0.50249E-02 1945.29         test_P_all
.2300E+00     5.000  0.176E+02   0.31661E+00   0.00000E+00   0.10000E+00    0.50249E-02 1858.15         test_P_all
.2400E+00     5.000  0.167E+02   0.31136E+00   0.00000E+00   0.10000E+00    0.50249E-02 1769.20         test_P_all
.2500E+00     5.000  0.159E+02   0.30591E+00   0.00000E+00   0.10000E+00    0.50249E-02 1679.22         test_P_all
.2600E+00     5.000  0.151E+02   0.30026E+00   0.00000E+00   0.10000E+00    0.50249E-02 1588.24         test_P_all
.2700E+00     5.000  0.144E+02   0.29442E+00   0.00000E+00   0.10000E+00    0.50249E-02 1497.04         test_P_all
.2800E+00     5.000  0.137E+02   0.28842E+00   0.00000E+00   0.10000E+00    0.50249E-02 1406.10         test_P_all
.2900E+00     5.000  0.131E+02   0.28228E+00   0.00000E+00   0.10000E+00    0.50249E-02 1315.82         test_P_all
.3000E+00     5.000  0.125E+02   0.27601E+00   0.00000E+00   0.10000E+00    0.18868E-02 8701.69         test_P_all
.3100E+00     5.000  0.120E+02   0.26963E+00   0.00000E+00   0.10000E+00    0.50249E-02 1139.62         test_P_all
.3200E+00     5.000  0.115E+02   0.26318E+00   0.00000E+00   0.10000E+00    0.50249E-02 1054.61         test_P_all
.3300E+00     5.000  0.110E+02   0.25668E+00   0.00000E+00   0.10000E+00    0.50249E-02  972.26         test_P_all
.3400E+00     5.000  0.106E+02   0.25016E+00   0.00000E+00   0.10000E+00    0.50249E-02  892.96         test_P_all
.3500E+00     5.000  0.102E+02   0.24363E+00   0.00000E+00   0.10000E+00    0.50249E-02  816.98         test_P_all
.3600E+00     5.000  0.977E+01   0.23713E+00   0.00000E+00   0.10000E+00    0.50249E-02  744.70         test_P_all
.3700E+00     5.000  0.940E+01   0.23067E+00   0.00000E+00   0.10000E+00    0.50249E-02  676.26         test_P_all
.3800E+00     5.000  0.904E+01   0.22429E+00   0.00000E+00   0.10000E+00    0.50249E-02  611.84         test_P_all
.3900E+00     5.000  0.870E+01   0.21802E+00   0.00000E+00   0.10000E+00    0.50249E-02  551.59         test_P_all
.4000E+00     5.000  0.838E+01   0.21186E+00   0.00000E+00   0.10000E+00    0.17692E-02 3997.36         test_P_all
.4100E+00     5.000  0.808E+01   0.20585E+00   0.00000E+00   0.10000E+00    0.50249E-02  443.70         test_P_all
.4200E+00     5.000  0.779E+01   0.20000E+00   0.00000E+00   0.10000E+00    0.50249E-02  396.07         test_P_all
.4300E+00     5.000  0.751E+01   0.19435E+00   0.00000E+00   0.10000E+00    0.50249E-02  352.57         test_P_all
.4400E+00     5.000  0.725E+01   0.18892E+00   0.00000E+00   0.10000E+00    0.50249E-02  313.11         test_P_all
.4500E+00     5.000  0.699E+01   0.18371E+00   0.00000E+00   0.10000E+00    0.50249E-02  277.53         test_P_all
.4600E+00     5.000  0.675E+01   0.17877E+00   0.00000E+00   0.10000E+00    0.50249E-02  245.73         test_P_all
.4700E+00     5.000  0.652E+01   0.17410E+00   0.00000E+00   0.10000E+00    0.50249E-02  217.47         test_P_all
.4800E+00     5.000  0.630E+01   0.16974E+00   0.00000E+00   0.10000E+00    0.50249E-02  192.59         test_P_all
.4900E+00     5.000  0.609E+01   0.16569E+00   0.00000E+00   0.10000E+00    0.50249E-02  170.90         test_P_all
.5000E+00     5.000  0.588E+01   0.16198E+00   0.00000E+00   0.10000E+00    0.17692E-02 1227.33         test_P_all
.5100E+00     5.000  0.569E+01   0.15864E+00   0.00000E+00   0.10000E+00    0.50249E-02  136.16         test_P_all
.5200E+00     5.000  0.550E+01   0.15567E+00   0.00000E+00   0.10000E+00    0.50249E-02  122.73         test_P_all
.5300E+00     5.000  0.532E+01   0.15310E+00   0.00000E+00   0.10000E+00    0.50249E-02  111.66         test_P_all
.5400E+00     5.000  0.514E+01   0.15095E+00   0.00000E+00   0.10000E+00    0.50249E-02  102.80         test_P_all
.5500E+00     5.000  0.497E+01   0.14923E+00   0.00000E+00   0.10000E+00    0.50249E-02   95.98         test_P_all
.5600E+00     5.000  0.481E+01   0.14797E+00   0.00000E+00   0.10000E+00    0.50249E-02   91.12         test_P_all
.5700E+00     5.000  0.465E+01   0.14717E+00   0.00000E+00   0.10000E+00    0.50249E-02   88.12         test_P_all
.5800E+00     5.000  0.450E+01   0.14686E+00   0.00000E+00   0.10000E+00    0.50249E-02   86.97         test_P_all
.5900E+00     5.000  0.436E+01   0.14705E+00   0.00000E+00   0.10000E+00    0.50249E-02   87.69         test_P_all
.6000E+00     5.000  0.422E+01   0.14776E+00   0.00000E+00   0.10000E+00    0.17692E-02  728.81         test_P_all
.6100E+00     5.000  0.408E+01   0.14900E+00   0.00000E+00   0.10000E+00    0.50249E-02   95.11         test_P_all
.6200E+00     5.000  0.395E+01   0.15079E+00   0.00000E+00   0.10000E+00    0.50249E-02  102.17         test_P_all
.6300E+00     5.000  0.382E+01   0.15314E+00   0.00000E+00   0.10000E+00    0.50249E-02  111.82         test_P_all
.6400E+00     5.000  0.369E+01   0.15606E+00   0.00000E+00   0.10000E+00    0.50249E-02  124.45         test_P_all
.6500E+00     5.000  0.357E+01   0.15956E+00   0.00000E+00   0.10000E+00    0.50249E-02  140.47         test_P_all
.6600E+00     5.000  0.346E+01   0.16366E+00   0.00000E+00   0.10000E+00    0.50249E-02  160.47         test_P_all
.6700E+00     5.000  0.334E+01   0.16836E+00   0.00000E+00   0.10000E+00    0.50249E-02  185.07         test_P_all
.6800E+00     5.000  0.323E+01   0.17368E+00   0.00000E+00   0.10000E+00    0.50249E-02  214.99         test_P_all
.6900E+00     5.000  0.313E+01   0.17963E+00   0.00000E+00   0.10000E+00    0.50249E-02  251.10         test_P_all
.7000E+00     5.000  0.302E+01   0.18621E+00   0.00000E+00   0.10000E+00    0.17692E-02 2374.28         test_P_all
.7100E+00     5.000  0.292E+01   0.19343E+00   0.00000E+00   0.10000E+00    0.50249E-02  345.73         test_P_all
.7200E+00     5.000  0.283E+01   0.20131E+00   0.00000E+00   0.10000E+00    0.50249E-02  406.47         test_P_all
.7300E+00     5.000  0.273E+01   0.20984E+00   0.00000E+00   0.10000E+00    0.50249E-02  477.82         test_P_all
.7400E+00     5.000  0.264E+01   0.21904E+00   0.00000E+00   0.10000E+00    0.50249E-02  561.20         test_P_all
.7500E+00     5.000  0.255E+01   0.22891E+00   0.00000E+00   0.10000E+00    0.50249E-02  658.09         test_P_all
.7600E+00     5.000  0.246E+01   0.23945E+00   0.00000E+00   0.10000E+00    0.50249E-02  770.14         test_P_all
.7700E+00     5.000  0.238E+01   0.25067E+00   0.00000E+00   0.10000E+00    0.50249E-02  899.08         test_P_all
.7800E+00     5.000  0.229E+01   0.26258E+00   0.00000E+00   0.10000E+00    0.50249E-02 1046.76         test_P_all
.7900E+00     5.000  0.221E+01   0.27517E+00   0.00000E+00   0.10000E+00    0.50249E-02 1215.18         test_P_all
.8000E+00     5.000  0.213E+01   0.28844E+00   0.00000E+00   0.10000E+00    0.17692E-02 *******         test_P_all
.8100E+00     5.000  0.205E+01   0.30242E+00   0.00000E+00   0.10000E+00    0.50249E-02 1622.65         test_P_all
.8200E+00     5.000  0.198E+01   0.31708E+00   0.00000E+00   0.10000E+00    0.50249E-02 1866.25         test_P_all
.8300E+00     5.000  0.191E+01   0.33243E+00   0.00000E+00   0.10000E+00    0.50249E-02 2139.60         test_P_all
.8400E+00     5.000  0.183E+01   0.34848E+00   0.00000E+00   0.10000E+00    0.50249E-02 2445.27         test_P_all
.8500E+00     5.000  0.176E+01   0.36522E+00   0.00000E+00   0.10000E+00    0.50249E-02 2785.86         test_P_all
.8600E+00     5.000  0.170E+01   0.38266E+00   0.00000E+00   0.10000E+00    0.50249E-02 3164.12         test_P_all
.8700E+00     5.000  0.163E+01   0.40078E+00   0.00000E+00   0.10000E+00    0.50249E-02 3582.89         test_P_all
.8800E+00     5.000  0.156E+01   0.41959E+00   0.00000E+00   0.10000E+00    0.50249E-02 4045.10         test_P_all
.8900E+00     5.000  0.150E+01   0.43909E+00   0.00000E+00   0.10000E+00    0.50249E-02 4553.75         test_P_all
.9000E+00     5.000  0.144E+01   0.45927E+00   0.00000E+00   0.10000E+00    0.17692E-02 *******         test_P_all
.9100E+00     5.000  0.138E+01   0.48014E+00   0.00000E+00   0.10000E+00    0.50249E-02 5722.93         test_P_all
.9200E+00     5.000  0.132E+01   0.50168E+00   0.00000E+00   0.10000E+00    0.50249E-02 6389.92         test_P_all
.9300E+00     5.000  0.126E+01   0.52389E+00   0.00000E+00   0.10000E+00    0.50249E-02 7116.29         test_P_all
.9400E+00     5.000  0.120E+01   0.54678E+00   0.00000E+00   0.10000E+00    0.50249E-02 7905.42         test_P_all
.9500E+00     5.000  0.114E+01   0.57033E+00   0.00000E+00   0.10000E+00    0.50249E-02 8760.99         test_P_all
.9600E+00     5.000  0.109E+01   0.59455E+00   0.00000E+00   0.10000E+00    0.50249E-02 9686.31         test_P_all
.9700E+00     5.000  0.104E+01   0.61943E+00   0.00000E+00   0.10000E+00    0.50249E-02 *******         test_P_all
.9800E+00     5.000  0.984E+00   0.64497E+00   0.00000E+00   0.10000E+00    0.50249E-02 *******         test_P_all
.9900E+00     5.000  0.932E+00   0.67116E+00   0.00000E+00   0.10000E+00    0.50249E-02 *******         test_P_all
.1000E+01     5.000  0.882E+00   0.69801E+00   0.00000E+00   0.10000E+00    0.50249E-02 *******         test_P_all
.1000E-01    10.000  0.991E+03   0.54112E+00   0.00000E+00   0.10000E+00    0.50249E-02 7706.35         test_P_all
.2000E-01    10.000  0.491E+03   0.47192E+00   0.00000E+00   0.10000E+00    0.50249E-02 5478.23         test_P_all
.3000E-01    10.000  0.324E+03   0.43922E+00   0.00000E+00   0.10000E+00    0.50249E-02 4557.22         test_P_all
.4000E-01    10.000  0.241E+03   0.42435E+00   0.00000E+00   0.10000E+00    0.50249E-02 4166.44         test_P_all
.5000E-01    10.000  0.191E+03   0.41210E+00   0.00000E+00   0.10000E+00    0.50249E-02 3857.73         test_P_all
.6000E-01    10.000  0.158E+03   0.40430E+00   0.00000E+00   0.10000E+00    0.50249E-02 3667.16         test_P_all
.7000E-01    10.000  0.134E+03   0.39702E+00   0.00000E+00   0.10000E+00    0.50249E-02 3493.91         test_P_all
.8000E-01    10.000  0.116E+03   0.39081E+00   0.00000E+00   0.10000E+00    0.50249E-02 3349.31         test_P_all
.9000E-01    10.000  0.102E+03   0.38499E+00   0.00000E+00   0.10000E+00    0.50249E-02 3216.50         test_P_all
.1000E+00    10.000  0.909E+02   0.37957E+00   0.00000E+00   0.10000E+00    0.50249E-02 3095.32         test_P_all
.1100E+00    10.000  0.818E+02   0.37435E+00   0.00000E+00   0.10000E+00    0.50249E-02 2980.91         test_P_all
.1200E+00    10.000  0.742E+02   0.36946E+00   0.00000E+00   0.10000E+00    0.50249E-02 2875.66         test_P_all
.1300E+00    10.000  0.678E+02   0.36471E+00   0.00000E+00   0.10000E+00    0.50249E-02 2775.14         test_P_all
.1400E+00    10.000  0.623E+02   0.36002E+00   0.00000E+00   0.10000E+00    0.50249E-02 2677.56         test_P_all
.1500E+00    10.000  0.575E+02   0.35537E+00   0.00000E+00   0.10000E+00    0.50249E-02 2582.82         test_P_all
.1600E+00    10.000  0.534E+02   0.35066E+00   0.00000E+00   0.10000E+00    0.50249E-02 2488.26         test_P_all
.1700E+00    10.000  0.497E+02   0.34588E+00   0.00000E+00   0.10000E+00    0.50249E-02 2394.41         test_P_all
.1800E+00    10.000  0.464E+02   0.34101E+00   0.00000E+00   0.10000E+00    0.50249E-02 2300.42         test_P_all
.1900E+00    10.000  0.435E+02   0.33598E+00   0.00000E+00   0.10000E+00    0.50249E-02 2205.35         test_P_all
.2000E+00    10.000  0.409E+02   0.33081E+00   0.00000E+00   0.10000E+00    0.50249E-02 2109.86         test_P_all
.2100E+00    10.000  0.385E+02   0.32544E+00   0.00000E+00   0.10000E+00    0.50249E-02 2012.78         test_P_all
.2200E+00    10.000  0.363E+02   0.31989E+00   0.00000E+00   0.10000E+00    0.50249E-02 1914.93         test_P_all
.2300E+00    10.000  0.344E+02   0.31416E+00   0.00000E+00   0.10000E+00    0.50249E-02 1816.38         test_P_all
.2400E+00    10.000  0.325E+02   0.30822E+00   0.00000E+00   0.10000E+00    0.50249E-02 1717.10         test_P_all
.2500E+00    10.000  0.309E+02   0.30211E+00   0.00000E+00   0.10000E+00    0.50249E-02 1617.81         test_P_all
.2600E+00    10.000  0.293E+02   0.29581E+00   0.00000E+00   0.10000E+00    0.50249E-02 1518.49         test_P_all
.2700E+00    10.000  0.279E+02   0.28935E+00   0.00000E+00   0.10000E+00    0.50249E-02 1419.92         test_P_all
.2800E+00    10.000  0.266E+02   0.28274E+00   0.00000E+00   0.10000E+00    0.50249E-02 1322.60         test_P_all
.2900E+00    10.000  0.254E+02   0.27600E+00   0.00000E+00   0.10000E+00    0.50249E-02 1226.80         test_P_all
.3000E+00    10.000  0.242E+02   0.26914E+00   0.00000E+00   0.10000E+00    0.18868E-02 8036.48         test_P_all
.3100E+00    10.000  0.231E+02   0.26219E+00   0.00000E+00   0.10000E+00    0.50249E-02 1041.80         test_P_all
.3200E+00    10.000  0.221E+02   0.25516E+00   0.00000E+00   0.10000E+00    0.50249E-02  953.43         test_P_all
.3300E+00    10.000  0.212E+02   0.24807E+00   0.00000E+00   0.10000E+00    0.50249E-02  868.32         test_P_all
.3400E+00    10.000  0.203E+02   0.24095E+00   0.00000E+00   0.10000E+00    0.50249E-02  786.83         test_P_all
.3500E+00    10.000  0.195E+02   0.23382E+00   0.00000E+00   0.10000E+00    0.50249E-02  709.19         test_P_all
.3600E+00    10.000  0.187E+02   0.22669E+00   0.00000E+00   0.10000E+00    0.50249E-02  635.70         test_P_all
.3700E+00    10.000  0.179E+02   0.21960E+00   0.00000E+00   0.10000E+00    0.50249E-02  566.48         test_P_all
.3800E+00    10.000  0.172E+02   0.21255E+00   0.00000E+00   0.10000E+00    0.50249E-02  501.68         test_P_all
.3900E+00    10.000  0.165E+02   0.20557E+00   0.00000E+00   0.10000E+00    0.50249E-02  441.39         test_P_all
.4000E+00    10.000  0.159E+02   0.19868E+00   0.00000E+00   0.10000E+00    0.17692E-02 3110.79         test_P_all
.4100E+00    10.000  0.153E+02   0.19189E+00   0.00000E+00   0.10000E+00    0.50249E-02  334.39         test_P_all
.4200E+00    10.000  0.147E+02   0.18522E+00   0.00000E+00   0.10000E+00    0.50249E-02  287.63         test_P_all
.4300E+00    10.000  0.141E+02   0.17869E+00   0.00000E+00   0.10000E+00    0.50249E-02  245.26         test_P_all
.4400E+00    10.000  0.136E+02   0.17233E+00   0.00000E+00   0.10000E+00    0.50249E-02  207.17         test_P_all
.4500E+00    10.000  0.131E+02   0.16613E+00   0.00000E+00   0.10000E+00    0.50249E-02  173.17         test_P_all
.4600E+00    10.000  0.126E+02   0.16012E+00   0.00000E+00   0.10000E+00    0.50249E-02  143.14         test_P_all
.4700E+00    10.000  0.122E+02   0.15431E+00   0.00000E+00   0.10000E+00    0.50249E-02  116.83         test_P_all
.4800E+00    10.000  0.117E+02   0.14873E+00   0.00000E+00   0.10000E+00    0.50249E-02   94.03         test_P_all
.4900E+00    10.000  0.113E+02   0.14338E+00   0.00000E+00   0.10000E+00    0.50249E-02   74.51         test_P_all
.5000E+00    10.000  0.109E+02   0.13827E+00   0.00000E+00   0.10000E+00    0.17692E-02  467.90         test_P_all
.5100E+00    10.000  0.105E+02   0.13343E+00   0.00000E+00   0.10000E+00    0.50249E-02   44.25         test_P_all
.5200E+00    10.000  0.101E+02   0.12886E+00   0.00000E+00   0.10000E+00    0.50249E-02   32.98         test_P_all
.5300E+00    10.000  0.975E+01   0.12457E+00   0.00000E+00   0.10000E+00    0.50249E-02   23.92         test_P_all
.5400E+00    10.000  0.940E+01   0.12059E+00   0.00000E+00   0.10000E+00    0.50249E-02   16.79         test_P_all
.5500E+00    10.000  0.906E+01   0.11691E+00   0.00000E+00   0.10000E+00    0.50249E-02   11.33         test_P_all
.5600E+00    10.000  0.874E+01   0.11356E+00   0.00000E+00   0.10000E+00    0.50249E-02    7.28         test_P_all
.5700E+00    10.000  0.843E+01   0.11054E+00   0.00000E+00   0.10000E+00    0.50249E-02    4.40         test_P_all
.5800E+00    10.000  0.812E+01   0.10785E+00   0.00000E+00   0.10000E+00    0.50249E-02    2.44         test_P_all
.5900E+00    10.000  0.783E+01   0.10552E+00   0.00000E+00   0.10000E+00    0.50249E-02    1.21         test_P_all
.6000E+00    10.000  0.755E+01   0.10354E+00   0.00000E+00   0.10000E+00    0.17692E-02    4.01         test_P_all
.6100E+00    10.000  0.728E+01   0.10194E+00   0.00000E+00   0.10000E+00    0.50249E-02    0.15         test_P_all
.6200E+00    10.000  0.701E+01   0.10070E+00   0.00000E+00   0.10000E+00    0.50249E-02    0.02         test_P_all
.6300E+00    10.000  0.675E+01   0.99845E-01   0.00000E+00   0.10000E+00    0.50249E-02   -0.00         test_P_all
.6400E+00    10.000  0.651E+01   0.99376E-01   0.00000E+00   0.10000E+00    0.50249E-02   -0.02         test_P_all
.6500E+00    10.000  0.627E+01   0.99297E-01   0.00000E+00   0.10000E+00    0.50249E-02   -0.02         test_P_all
.6600E+00    10.000  0.603E+01   0.99617E-01   0.00000E+00   0.10000E+00    0.50249E-02   -0.01         test_P_all
.6700E+00    10.000  0.581E+01   0.10034E+00   0.00000E+00   0.10000E+00    0.50249E-02    0.00         test_P_all
.6800E+00    10.000  0.559E+01   0.10146E+00   0.00000E+00   0.10000E+00    0.50249E-02    0.08         test_P_all
.6900E+00    10.000  0.537E+01   0.10299E+00   0.00000E+00   0.10000E+00    0.50249E-02    0.35         test_P_all
.7000E+00    10.000  0.517E+01   0.10494E+00   0.00000E+00   0.10000E+00    0.17692E-02    7.78         test_P_all
.7100E+00    10.000  0.497E+01   0.10729E+00   0.00000E+00   0.10000E+00    0.50249E-02    2.11         test_P_all
.7200E+00    10.000  0.477E+01   0.11006E+00   0.00000E+00   0.10000E+00    0.50249E-02    4.01         test_P_all
.7300E+00    10.000  0.458E+01   0.11325E+00   0.00000E+00   0.10000E+00    0.50249E-02    6.95         test_P_all
.7400E+00    10.000  0.440E+01   0.11685E+00   0.00000E+00   0.10000E+00    0.50249E-02   11.25         test_P_all
.7500E+00    10.000  0.422E+01   0.12087E+00   0.00000E+00   0.10000E+00    0.50249E-02   17.26         test_P_all
.7600E+00    10.000  0.404E+01   0.12531E+00   0.00000E+00   0.10000E+00    0.50249E-02   25.37         test_P_all
.7700E+00    10.000  0.387E+01   0.13016E+00   0.00000E+00   0.10000E+00    0.50249E-02   36.03         test_P_all
.7800E+00    10.000  0.370E+01   0.13543E+00   0.00000E+00   0.10000E+00    0.50249E-02   49.71         test_P_all
.7900E+00    10.000  0.354E+01   0.14110E+00   0.00000E+00   0.10000E+00    0.50249E-02   66.91         test_P_all
.8000E+00    10.000  0.338E+01   0.14719E+00   0.00000E+00   0.10000E+00    0.17692E-02  711.50         test_P_all
.8100E+00    10.000  0.323E+01   0.15369E+00   0.00000E+00   0.10000E+00    0.50249E-02  114.15         test_P_all
.8200E+00    10.000  0.308E+01   0.16059E+00   0.00000E+00   0.10000E+00    0.50249E-02  145.37         test_P_all
.8300E+00    10.000  0.293E+01   0.16789E+00   0.00000E+00   0.10000E+00    0.50249E-02  182.52         test_P_all
.8400E+00    10.000  0.279E+01   0.17558E+00   0.00000E+00   0.10000E+00    0.50249E-02  226.26         test_P_all
.8500E+00    10.000  0.265E+01   0.18368E+00   0.00000E+00   0.10000E+00    0.50249E-02  277.30         test_P_all
.8600E+00    10.000  0.251E+01   0.19216E+00   0.00000E+00   0.10000E+00    0.50249E-02  336.35         test_P_all
.8700E+00    10.000  0.238E+01   0.20102E+00   0.00000E+00   0.10000E+00    0.50249E-02  404.18         test_P_all
.8800E+00    10.000  0.225E+01   0.21027E+00   0.00000E+00   0.10000E+00    0.50249E-02  481.54         test_P_all
.8900E+00    10.000  0.212E+01   0.21989E+00   0.00000E+00   0.10000E+00    0.50249E-02  569.22         test_P_all
.9000E+00    10.000  0.199E+01   0.22988E+00   0.00000E+00   0.10000E+00    0.17692E-02 5389.10         test_P_all
.9100E+00    10.000  0.187E+01   0.24023E+00   0.00000E+00   0.10000E+00    0.50249E-02  778.78         test_P_all
.9200E+00    10.000  0.175E+01   0.25094E+00   0.00000E+00   0.10000E+00    0.50249E-02  902.31         test_P_all
.9300E+00    10.000  0.163E+01   0.26201E+00   0.00000E+00   0.10000E+00    0.50249E-02 1039.48         test_P_all
.9400E+00    10.000  0.152E+01   0.27342E+00   0.00000E+00   0.10000E+00    0.50249E-02 1191.11         test_P_all
.9500E+00    10.000  0.141E+01   0.28518E+00   0.00000E+00   0.10000E+00    0.50249E-02 1358.14         test_P_all
.9600E+00    10.000  0.130E+01   0.29728E+00   0.00000E+00   0.10000E+00    0.50249E-02 1541.38         test_P_all
.9700E+00    10.000  0.119E+01   0.30972E+00   0.00000E+00   0.10000E+00    0.50249E-02 1741.80         test_P_all
.9800E+00    10.000  0.109E+01   0.32248E+00   0.00000E+00   0.10000E+00    0.50249E-02 1960.36         test_P_all
.9900E+00    10.000  0.983E+00   0.33558E+00   0.00000E+00   0.10000E+00    0.50249E-02 2197.99         test_P_all
.1000E+01    10.000  0.882E+00   0.34900E+00   0.00000E+00   0.10000E+00    0.50249E-02 2455.54         test_P_all
.1000E-01    20.000  0.198E+04   0.62060E+00   0.00000E+00   0.10000E+00    0.50249E-02 *******         test_P_all
.2000E-01    20.000  0.981E+03   0.52585E+00   0.00000E+00   0.10000E+00    0.50249E-02 7182.08         test_P_all
.3000E-01    20.000  0.648E+03   0.47908E+00   0.00000E+00   0.10000E+00    0.50249E-02 5691.21         test_P_all
.4000E-01    20.000  0.481E+03   0.45613E+00   0.00000E+00   0.10000E+00    0.50249E-02 5022.92         test_P_all
.5000E-01    20.000  0.381E+03   0.43697E+00   0.00000E+00   0.10000E+00    0.50249E-02 4496.99         test_P_all
.6000E-01    20.000  0.314E+03   0.42426E+00   0.00000E+00   0.10000E+00    0.50249E-02 4164.10         test_P_all
.7000E-01    20.000  0.267E+03   0.41273E+00   0.00000E+00   0.10000E+00    0.50249E-02 3873.19         test_P_all
.8000E-01    20.000  0.231E+03   0.40336E+00   0.00000E+00   0.10000E+00    0.50249E-02 3644.76         test_P_all
.9000E-01    20.000  0.203E+03   0.39486E+00   0.00000E+00   0.10000E+00    0.50249E-02 3443.36         test_P_all
.1000E+00    20.000  0.181E+03   0.38729E+00   0.00000E+00   0.10000E+00    0.50249E-02 3268.63         test_P_all
.1100E+00    20.000  0.163E+03   0.38023E+00   0.00000E+00   0.10000E+00    0.50249E-02 3109.98         test_P_all
.1200E+00    20.000  0.148E+03   0.37367E+00   0.00000E+00   0.10000E+00    0.50249E-02 2966.09         test_P_all
.1300E+00    20.000  0.135E+03   0.36746E+00   0.00000E+00   0.10000E+00    0.50249E-02 2833.10         test_P_all
.1400E+00    20.000  0.124E+03   0.36145E+00   0.00000E+00   0.10000E+00    0.50249E-02 2707.20         test_P_all
.1500E+00    20.000  0.114E+03   0.35564E+00   0.00000E+00   0.10000E+00    0.50249E-02 2588.26         test_P_all
.1600E+00    20.000  0.106E+03   0.34984E+00   0.00000E+00   0.10000E+00    0.50249E-02 2472.10         test_P_all
.1700E+00    20.000  0.985E+02   0.34407E+00   0.00000E+00   0.10000E+00    0.50249E-02 2359.29         test_P_all
.1800E+00    20.000  0.920E+02   0.33828E+00   0.00000E+00   0.10000E+00    0.50249E-02 2248.56         test_P_all
.1900E+00    20.000  0.861E+02   0.33238E+00   0.00000E+00   0.10000E+00    0.50249E-02 2138.62         test_P_all
.2000E+00    20.000  0.809E+02   0.32640E+00   0.00000E+00   0.10000E+00    0.50249E-02 2030.06         test_P_all
.2100E+00    20.000  0.761E+02   0.32027E+00   0.00000E+00   0.10000E+00    0.50249E-02 1921.50         test_P_all
.2200E+00    20.000  0.718E+02   0.31400E+00   0.00000E+00   0.10000E+00    0.50249E-02 1813.74         test_P_all
.2300E+00    20.000  0.678E+02   0.30759E+00   0.00000E+00   0.10000E+00    0.50249E-02 1706.73         test_P_all
.2400E+00    20.000  0.642E+02   0.30102E+00   0.00000E+00   0.10000E+00    0.50249E-02 1600.40         test_P_all
.2500E+00    20.000  0.609E+02   0.29432E+00   0.00000E+00   0.10000E+00    0.50249E-02 1495.38         test_P_all
.2600E+00    20.000  0.578E+02   0.28746E+00   0.00000E+00   0.10000E+00    0.50249E-02 1391.67         test_P_all
.2700E+00    20.000  0.550E+02   0.28047E+00   0.00000E+00   0.10000E+00    0.50249E-02 1289.87         test_P_all
.2800E+00    20.000  0.523E+02   0.27337E+00   0.00000E+00   0.10000E+00    0.50249E-02 1190.33         test_P_all
.2900E+00    20.000  0.498E+02   0.26616E+00   0.00000E+00   0.10000E+00    0.50249E-02 1093.38         test_P_all
.3000E+00    20.000  0.475E+02   0.25886E+00   0.00000E+00   0.10000E+00    0.18868E-02 7088.61         test_P_all
.3100E+00    20.000  0.454E+02   0.25150E+00   0.00000E+00   0.10000E+00    0.50249E-02  908.99         test_P_all
.3200E+00    20.000  0.434E+02   0.24409E+00   0.00000E+00   0.10000E+00    0.50249E-02  822.24         test_P_all
.3300E+00    20.000  0.415E+02   0.23665E+00   0.00000E+00   0.10000E+00    0.50249E-02  739.48         test_P_all
.3400E+00    20.000  0.397E+02   0.22919E+00   0.00000E+00   0.10000E+00    0.50249E-02  660.97         test_P_all
.3500E+00    20.000  0.380E+02   0.22173E+00   0.00000E+00   0.10000E+00    0.50249E-02  586.86         test_P_all
.3600E+00    20.000  0.364E+02   0.21430E+00   0.00000E+00   0.10000E+00    0.50249E-02  517.37         test_P_all
.3700E+00    20.000  0.349E+02   0.20690E+00   0.00000E+00   0.10000E+00    0.50249E-02  452.56         test_P_all
.3800E+00    20.000  0.335E+02   0.19955E+00   0.00000E+00   0.10000E+00    0.50249E-02  392.51         test_P_all
.3900E+00    20.000  0.322E+02   0.19228E+00   0.00000E+00   0.10000E+00    0.50249E-02  337.25         test_P_all
.4000E+00    20.000  0.309E+02   0.18509E+00   0.00000E+00   0.10000E+00    0.17692E-02 2313.17         test_P_all
.4100E+00    20.000  0.297E+02   0.17800E+00   0.00000E+00   0.10000E+00    0.50249E-02  240.97         test_P_all
.4200E+00    20.000  0.285E+02   0.17103E+00   0.00000E+00   0.10000E+00    0.50249E-02  199.80         test_P_all
.4300E+00    20.000  0.274E+02   0.16418E+00   0.00000E+00   0.10000E+00    0.50249E-02  163.13         test_P_all
.4400E+00    20.000  0.263E+02   0.15747E+00   0.00000E+00   0.10000E+00    0.50249E-02  130.82         test_P_all
.4500E+00    20.000  0.253E+02   0.15092E+00   0.00000E+00   0.10000E+00    0.50249E-02  102.69         test_P_all
.4600E+00    20.000  0.244E+02   0.14454E+00   0.00000E+00   0.10000E+00    0.50249E-02   78.55         test_P_all
.4700E+00    20.000  0.234E+02   0.13833E+00   0.00000E+00   0.10000E+00    0.50249E-02   58.17         test_P_all
.4800E+00    20.000  0.225E+02   0.13230E+00   0.00000E+00   0.10000E+00    0.50249E-02   41.32         test_P_all
.4900E+00    20.000  0.217E+02   0.12648E+00   0.00000E+00   0.10000E+00    0.50249E-02   27.77         test_P_all
.5000E+00    20.000  0.209E+02   0.12086E+00   0.00000E+00   0.10000E+00    0.17692E-02  139.05         test_P_all
.5100E+00    20.000  0.201E+02   0.11547E+00   0.00000E+00   0.10000E+00    0.50249E-02    9.47         test_P_all
.5200E+00    20.000  0.193E+02   0.11029E+00   0.00000E+00   0.10000E+00    0.50249E-02    4.20         test_P_all
.5300E+00    20.000  0.186E+02   0.10536E+00   0.00000E+00   0.10000E+00    0.50249E-02    1.14         test_P_all
.5400E+00    20.000  0.179E+02   0.10066E+00   0.00000E+00   0.10000E+00    0.50249E-02    0.02         test_P_all
.5500E+00    20.000  0.172E+02   0.96216E-01   0.00000E+00   0.10000E+00    0.50249E-02   -0.57         test_P_all
.5600E+00    20.000  0.166E+02   0.92029E-01   0.00000E+00   0.10000E+00    0.50249E-02   -2.52         test_P_all
.5700E+00    20.000  0.160E+02   0.88102E-01   0.00000E+00   0.10000E+00    0.50249E-02   -5.61         test_P_all
.5800E+00    20.000  0.154E+02   0.84443E-01   0.00000E+00   0.10000E+00    0.50249E-02   -9.59         test_P_all
.5900E+00    20.000  0.148E+02   0.81057E-01   0.00000E+00   0.10000E+00    0.50249E-02  -14.21         test_P_all
.6000E+00    20.000  0.142E+02   0.77946E-01   0.00000E+00   0.10000E+00    0.17692E-02 -155.39         test_P_all
.6100E+00    20.000  0.137E+02   0.75119E-01   0.00000E+00   0.10000E+00    0.50249E-02  -24.52         test_P_all
.6200E+00    20.000  0.131E+02   0.72574E-01   0.00000E+00   0.10000E+00    0.50249E-02  -29.79         test_P_all
.6300E+00    20.000  0.126E+02   0.70316E-01   0.00000E+00   0.10000E+00    0.50249E-02  -34.90         test_P_all
.6400E+00    20.000  0.121E+02   0.68348E-01   0.00000E+00   0.10000E+00    0.50249E-02  -39.68         test_P_all
.6500E+00    20.000  0.117E+02   0.66669E-01   0.00000E+00   0.10000E+00    0.50249E-02  -44.00         test_P_all
.6600E+00    20.000  0.112E+02   0.65284E-01   0.00000E+00   0.10000E+00    0.50249E-02  -47.73         test_P_all
.6700E+00    20.000  0.107E+02   0.64190E-01   0.00000E+00   0.10000E+00    0.50249E-02  -50.79         test_P_all
.6800E+00    20.000  0.103E+02   0.63389E-01   0.00000E+00   0.10000E+00    0.50249E-02  -53.08         test_P_all
.6900E+00    20.000  0.987E+01   0.62881E-01   0.00000E+00   0.10000E+00    0.50249E-02  -54.57         test_P_all
.7000E+00    20.000  0.945E+01   0.62664E-01   0.00000E+00   0.10000E+00    0.17692E-02 -445.37         test_P_all
.7100E+00    20.000  0.905E+01   0.62738E-01   0.00000E+00   0.10000E+00    0.50249E-02  -54.99         test_P_all
.7200E+00    20.000  0.866E+01   0.63101E-01   0.00000E+00   0.10000E+00    0.50249E-02  -53.92         test_P_all
.7300E+00    20.000  0.828E+01   0.63751E-01   0.00000E+00   0.10000E+00    0.50249E-02  -52.04         test_P_all
.7400E+00    20.000  0.791E+01   0.64686E-01   0.00000E+00   0.10000E+00    0.50249E-02  -49.39         test_P_all
.7500E+00    20.000  0.755E+01   0.65902E-01   0.00000E+00   0.10000E+00    0.50249E-02  -46.05         test_P_all
.7600E+00    20.000  0.720E+01   0.67398E-01   0.00000E+00   0.10000E+00    0.50249E-02  -42.09         test_P_all
.7700E+00    20.000  0.686E+01   0.69168E-01   0.00000E+00   0.10000E+00    0.50249E-02  -37.65         test_P_all
.7800E+00    20.000  0.652E+01   0.71210E-01   0.00000E+00   0.10000E+00    0.50249E-02  -32.83         test_P_all
.7900E+00    20.000  0.620E+01   0.73520E-01   0.00000E+00   0.10000E+00    0.50249E-02  -27.77         test_P_all
.8000E+00    20.000  0.588E+01   0.76091E-01   0.00000E+00   0.10000E+00    0.17692E-02 -182.63         test_P_all
.8100E+00    20.000  0.557E+01   0.78922E-01   0.00000E+00   0.10000E+00    0.50249E-02  -17.60         test_P_all
.8200E+00    20.000  0.527E+01   0.82005E-01   0.00000E+00   0.10000E+00    0.50249E-02  -12.82         test_P_all
.8300E+00    20.000  0.498E+01   0.85337E-01   0.00000E+00   0.10000E+00    0.50249E-02   -8.51         test_P_all
.8400E+00    20.000  0.469E+01   0.88911E-01   0.00000E+00   0.10000E+00    0.50249E-02   -4.87         test_P_all
.8500E+00    20.000  0.441E+01   0.92723E-01   0.00000E+00   0.10000E+00    0.50249E-02   -2.10         test_P_all
.8600E+00    20.000  0.414E+01   0.96766E-01   0.00000E+00   0.10000E+00    0.50249E-02   -0.41         test_P_all
.8700E+00    20.000  0.387E+01   0.10103E+00   0.00000E+00   0.10000E+00    0.50249E-02    0.04         test_P_all
.8800E+00    20.000  0.361E+01   0.10552E+00   0.00000E+00   0.10000E+00    0.50249E-02    1.21         test_P_all
.8900E+00    20.000  0.335E+01   0.11022E+00   0.00000E+00   0.10000E+00    0.50249E-02    4.14         test_P_all
.9000E+00    20.000  0.310E+01   0.11514E+00   0.00000E+00   0.10000E+00    0.17692E-02   73.19         test_P_all
.9100E+00    20.000  0.286E+01   0.12025E+00   0.00000E+00   0.10000E+00    0.50249E-02   16.23         test_P_all
.9200E+00    20.000  0.262E+01   0.12556E+00   0.00000E+00   0.10000E+00    0.50249E-02   25.86         test_P_all
.9300E+00    20.000  0.239E+01   0.13106E+00   0.00000E+00   0.10000E+00    0.50249E-02   38.19         test_P_all
.9400E+00    20.000  0.216E+01   0.13674E+00   0.00000E+00   0.10000E+00    0.50249E-02   53.46         test_P_all
.9500E+00    20.000  0.193E+01   0.14261E+00   0.00000E+00   0.10000E+00    0.50249E-02   71.89         test_P_all
.9600E+00    20.000  0.172E+01   0.14865E+00   0.00000E+00   0.10000E+00    0.50249E-02   93.72         test_P_all
.9700E+00    20.000  0.150E+01   0.15486E+00   0.00000E+00   0.10000E+00    0.50249E-02  119.19         test_P_all
.9800E+00    20.000  0.129E+01   0.16124E+00   0.00000E+00   0.10000E+00    0.50249E-02  148.54         test_P_all
.9900E+00    20.000  0.108E+01   0.16779E+00   0.00000E+00   0.10000E+00    0.50249E-02  182.01         test_P_all
.1000E+01    20.000  0.882E+00   0.17450E+00   0.00000E+00   0.10000E+00    0.50249E-02  219.82         test_P_all
.1000E+00    50.000  0.451E+03   0.39323E+00   0.00000E+00   0.10000E+00    0.50249E-02 3405.34         test_P_all
.1100E+00    50.000  0.405E+03   0.38385E+00   0.00000E+00   0.10000E+00    0.50249E-02 3190.86         test_P_all
.1200E+00    50.000  0.368E+03   0.37531E+00   0.00000E+00   0.10000E+00    0.50249E-02 3001.71         test_P_all
.1300E+00    50.000  0.335E+03   0.36737E+00   0.00000E+00   0.10000E+00    0.50249E-02 2831.09         test_P_all
.1400E+00    50.000  0.308E+03   0.35979E+00   0.00000E+00   0.10000E+00    0.50249E-02 2672.88         test_P_all
.1500E+00    50.000  0.284E+03   0.35258E+00   0.00000E+00   0.10000E+00    0.50249E-02 2526.69         test_P_all
.1600E+00    50.000  0.263E+03   0.34549E+00   0.00000E+00   0.10000E+00    0.50249E-02 2386.74         test_P_all
.1700E+00    50.000  0.245E+03   0.33854E+00   0.00000E+00   0.10000E+00    0.50249E-02 2253.56         test_P_all
.1800E+00    50.000  0.229E+03   0.33166E+00   0.00000E+00   0.10000E+00    0.50249E-02 2125.33         test_P_all
.1900E+00    50.000  0.214E+03   0.32475E+00   0.00000E+00   0.10000E+00    0.50249E-02 2000.41         test_P_all
.2000E+00    50.000  0.201E+03   0.31783E+00   0.00000E+00   0.10000E+00    0.50249E-02 1879.23         test_P_all
.2100E+00    50.000  0.189E+03   0.31082E+00   0.00000E+00   0.10000E+00    0.50249E-02 1760.25         test_P_all
.2200E+00    50.000  0.178E+03   0.30375E+00   0.00000E+00   0.10000E+00    0.50249E-02 1644.10         test_P_all
.2300E+00    50.000  0.168E+03   0.29659E+00   0.00000E+00   0.10000E+00    0.50249E-02 1530.62         test_P_all
.2400E+00    50.000  0.159E+03   0.28933E+00   0.00000E+00   0.10000E+00    0.50249E-02 1419.67         test_P_all
.2500E+00    50.000  0.151E+03   0.28199E+00   0.00000E+00   0.10000E+00    0.50249E-02 1311.74         test_P_all
.2600E+00    50.000  0.143E+03   0.27456E+00   0.00000E+00   0.10000E+00    0.50249E-02 1206.75         test_P_all
.2700E+00    50.000  0.136E+03   0.26705E+00   0.00000E+00   0.10000E+00    0.50249E-02 1105.17         test_P_all
.2800E+00    50.000  0.129E+03   0.25948E+00   0.00000E+00   0.10000E+00    0.50249E-02 1007.23         test_P_all
.2900E+00    50.000  0.123E+03   0.25185E+00   0.00000E+00   0.10000E+00    0.50249E-02  913.16         test_P_all
.3000E+00    50.000  0.118E+03   0.24418E+00   0.00000E+00   0.10000E+00    0.18868E-02 5839.18         test_P_all
.3100E+00    50.000  0.112E+03   0.23649E+00   0.00000E+00   0.10000E+00    0.50249E-02  737.77         test_P_all
.3200E+00    50.000  0.107E+03   0.22879E+00   0.00000E+00   0.10000E+00    0.50249E-02  656.86         test_P_all
.3300E+00    50.000  0.102E+03   0.22109E+00   0.00000E+00   0.10000E+00    0.50249E-02  580.71         test_P_all
.3400E+00    50.000  0.979E+02   0.21342E+00   0.00000E+00   0.10000E+00    0.50249E-02  509.46         test_P_all
.3500E+00    50.000  0.937E+02   0.20578E+00   0.00000E+00   0.10000E+00    0.50249E-02  443.15         test_P_all
.3600E+00    50.000  0.898E+02   0.19820E+00   0.00000E+00   0.10000E+00    0.50249E-02  381.89         test_P_all
.3700E+00    50.000  0.860E+02   0.19068E+00   0.00000E+00   0.10000E+00    0.50249E-02  325.63         test_P_all
.3800E+00    50.000  0.825E+02   0.18323E+00   0.00000E+00   0.10000E+00    0.50249E-02  274.36         test_P_all
.3900E+00    50.000  0.791E+02   0.17588E+00   0.00000E+00   0.10000E+00    0.50249E-02  228.05         test_P_all
.4000E+00    50.000  0.759E+02   0.16864E+00   0.00000E+00   0.10000E+00    0.17692E-02 1505.08         test_P_all
.4100E+00    50.000  0.728E+02   0.16151E+00   0.00000E+00   0.10000E+00    0.50249E-02  149.82         test_P_all
.4200E+00    50.000  0.699E+02   0.15450E+00   0.00000E+00   0.10000E+00    0.50249E-02  117.63         test_P_all
.4300E+00    50.000  0.672E+02   0.14763E+00   0.00000E+00   0.10000E+00    0.50249E-02   89.83         test_P_all
.4400E+00    50.000  0.645E+02   0.14090E+00   0.00000E+00   0.10000E+00    0.50249E-02   66.25         test_P_all
.4500E+00    50.000  0.620E+02   0.13432E+00   0.00000E+00   0.10000E+00    0.50249E-02   46.66         test_P_all
.4600E+00    50.000  0.596E+02   0.12791E+00   0.00000E+00   0.10000E+00    0.50249E-02   30.86         test_P_all
.4700E+00    50.000  0.573E+02   0.12167E+00   0.00000E+00   0.10000E+00    0.50249E-02   18.60         test_P_all
.4800E+00    50.000  0.550E+02   0.11561E+00   0.00000E+00   0.10000E+00    0.50249E-02    9.65         test_P_all
.4900E+00    50.000  0.529E+02   0.10973E+00   0.00000E+00   0.10000E+00    0.50249E-02    3.75         test_P_all
.5000E+00    50.000  0.509E+02   0.10404E+00   0.00000E+00   0.10000E+00    0.17692E-02    5.22         test_P_all
.5100E+00    50.000  0.489E+02   0.98552E-01   0.00000E+00   0.10000E+00    0.50249E-02   -0.08         test_P_all
.5200E+00    50.000  0.470E+02   0.93263E-01   0.00000E+00   0.10000E+00    0.50249E-02   -1.80         test_P_all
.5300E+00    50.000  0.452E+02   0.88181E-01   0.00000E+00   0.10000E+00    0.50249E-02   -5.53         test_P_all
.5400E+00    50.000  0.435E+02   0.83310E-01   0.00000E+00   0.10000E+00    0.50249E-02  -11.03         test_P_all
.5500E+00    50.000  0.418E+02   0.78652E-01   0.00000E+00   0.10000E+00    0.50249E-02  -18.05         test_P_all
.5600E+00    50.000  0.402E+02   0.74214E-01   0.00000E+00   0.10000E+00    0.50249E-02  -26.33         test_P_all
.5700E+00    50.000  0.386E+02   0.69995E-01   0.00000E+00   0.10000E+00    0.50249E-02  -35.65         test_P_all
.5800E+00    50.000  0.371E+02   0.65999E-01   0.00000E+00   0.10000E+00    0.50249E-02  -45.78         test_P_all
.5900E+00    50.000  0.356E+02   0.62227E-01   0.00000E+00   0.10000E+00    0.50249E-02  -56.51         test_P_all
.6000E+00    50.000  0.342E+02   0.58679E-01   0.00000E+00   0.10000E+00    0.17692E-02 -545.50         test_P_all
.6100E+00    50.000  0.328E+02   0.55359E-01   0.00000E+00   0.10000E+00    0.50249E-02  -78.92         test_P_all
.6200E+00    50.000  0.315E+02   0.52263E-01   0.00000E+00   0.10000E+00    0.50249E-02  -90.25         test_P_all
.6300E+00    50.000  0.302E+02   0.49393E-01   0.00000E+00   0.10000E+00    0.50249E-02 -101.43         test_P_all
.6400E+00    50.000  0.290E+02   0.46748E-01   0.00000E+00   0.10000E+00    0.50249E-02 -112.31         test_P_all
.6500E+00    50.000  0.278E+02   0.44326E-01   0.00000E+00   0.10000E+00    0.50249E-02 -122.76         test_P_all
.6600E+00    50.000  0.266E+02   0.42127E-01   0.00000E+00   0.10000E+00    0.50249E-02 -132.65         test_P_all
.6700E+00    50.000  0.255E+02   0.40147E-01   0.00000E+00   0.10000E+00    0.50249E-02 -141.88         test_P_all
.6800E+00    50.000  0.244E+02   0.38385E-01   0.00000E+00   0.10000E+00    0.50249E-02 -150.35         test_P_all
.6900E+00    50.000  0.233E+02   0.36839E-01   0.00000E+00   0.10000E+00    0.50249E-02 -157.99         test_P_all
.7000E+00    50.000  0.223E+02   0.35504E-01   0.00000E+00   0.10000E+00    0.17692E-02 *******         test_P_all
.7100E+00    50.000  0.213E+02   0.34378E-01   0.00000E+00   0.10000E+00    0.50249E-02 -170.55         test_P_all
.7200E+00    50.000  0.203E+02   0.33456E-01   0.00000E+00   0.10000E+00    0.50249E-02 -175.37         test_P_all
.7300E+00    50.000  0.194E+02   0.32735E-01   0.00000E+00   0.10000E+00    0.50249E-02 -179.19         test_P_all
.7400E+00    50.000  0.184E+02   0.32211E-01   0.00000E+00   0.10000E+00    0.50249E-02 -182.00         test_P_all
.7500E+00    50.000  0.175E+02   0.31878E-01   0.00000E+00   0.10000E+00    0.50249E-02 -183.79         test_P_all
.7600E+00    50.000  0.167E+02   0.31733E-01   0.00000E+00   0.10000E+00    0.50249E-02 -184.57         test_P_all
.7700E+00    50.000  0.158E+02   0.31770E-01   0.00000E+00   0.10000E+00    0.50249E-02 -184.37         test_P_all
.7800E+00    50.000  0.150E+02   0.31983E-01   0.00000E+00   0.10000E+00    0.50249E-02 -183.22         test_P_all
.7900E+00    50.000  0.142E+02   0.32368E-01   0.00000E+00   0.10000E+00    0.50249E-02 -181.15         test_P_all
.8000E+00    50.000  0.134E+02   0.32918E-01   0.00000E+00   0.10000E+00    0.17692E-02 *******         test_P_all
.8100E+00    50.000  0.126E+02   0.33629E-01   0.00000E+00   0.10000E+00    0.50249E-02 -174.46         test_P_all
.8200E+00    50.000  0.119E+02   0.34494E-01   0.00000E+00   0.10000E+00    0.50249E-02 -169.94         test_P_all
.8300E+00    50.000  0.111E+02   0.35507E-01   0.00000E+00   0.10000E+00    0.50249E-02 -164.72         test_P_all
.8400E+00    50.000  0.104E+02   0.36663E-01   0.00000E+00   0.10000E+00    0.50249E-02 -158.88         test_P_all
.8500E+00    50.000  0.971E+01   0.37955E-01   0.00000E+00   0.10000E+00    0.50249E-02 -152.46         test_P_all
.8600E+00    50.000  0.902E+01   0.39376E-01   0.00000E+00   0.10000E+00    0.50249E-02 -145.55         test_P_all
.8700E+00    50.000  0.835E+01   0.40922E-01   0.00000E+00   0.10000E+00    0.50249E-02 -138.23         test_P_all
.8800E+00    50.000  0.770E+01   0.42586E-01   0.00000E+00   0.10000E+00    0.50249E-02 -130.55         test_P_all
.8900E+00    50.000  0.706E+01   0.44361E-01   0.00000E+00   0.10000E+00    0.50249E-02 -122.60         test_P_all
.9000E+00    50.000  0.644E+01   0.46244E-01   0.00000E+00   0.10000E+00    0.17692E-02 -923.24         test_P_all
.9100E+00    50.000  0.583E+01   0.48225E-01   0.00000E+00   0.10000E+00    0.50249E-02 -106.16         test_P_all
.9200E+00    50.000  0.523E+01   0.50303E-01   0.00000E+00   0.10000E+00    0.50249E-02  -97.81         test_P_all
.9300E+00    50.000  0.465E+01   0.52470E-01   0.00000E+00   0.10000E+00    0.50249E-02  -89.47         test_P_all
.9400E+00    50.000  0.407E+01   0.54722E-01   0.00000E+00   0.10000E+00    0.50249E-02  -81.19         test_P_all
.9500E+00    50.000  0.351E+01   0.57056E-01   0.00000E+00   0.10000E+00    0.50249E-02  -73.04         test_P_all
.9600E+00    50.000  0.297E+01   0.59464E-01   0.00000E+00   0.10000E+00    0.50249E-02  -65.08         test_P_all
.9700E+00    50.000  0.243E+01   0.61945E-01   0.00000E+00   0.10000E+00    0.50249E-02  -57.35         test_P_all
.9800E+00    50.000  0.190E+01   0.64498E-01   0.00000E+00   0.10000E+00    0.50249E-02  -49.92         test_P_all
.9900E+00    50.000  0.139E+01   0.67119E-01   0.00000E+00   0.10000E+00    0.50249E-02  -42.82         test_P_all
.1000E+01    50.000  0.882E+00   0.69801E-01   0.00000E+00   0.10000E+00    0.50249E-02  -36.12         test_P_all
.1000E+00   100.000  0.901E+03   0.39573E+00   0.00000E+00   0.10000E+00    0.50249E-02 3463.71         test_P_all
.1100E+00   100.000  0.810E+03   0.38480E+00   0.00000E+00   0.10000E+00    0.50249E-02 3212.27         test_P_all
.1200E+00   100.000  0.734E+03   0.37493E+00   0.00000E+00   0.10000E+00    0.50249E-02 2993.55         test_P_all
.1300E+00   100.000  0.670E+03   0.36583E+00   0.00000E+00   0.10000E+00    0.50249E-02 2798.67         test_P_all
.1400E+00   100.000  0.615E+03   0.35720E+00   0.00000E+00   0.10000E+00    0.50249E-02 2619.96         test_P_all
.1500E+00   100.000  0.568E+03   0.34906E+00   0.00000E+00   0.10000E+00    0.50249E-02 2456.75         test_P_all
.1600E+00   100.000  0.526E+03   0.34111E+00   0.00000E+00   0.10000E+00    0.50249E-02 2302.24         test_P_all
.1700E+00   100.000  0.489E+03   0.33337E+00   0.00000E+00   0.10000E+00    0.50249E-02 2156.85         test_P_all
.1800E+00   100.000  0.456E+03   0.32576E+00   0.00000E+00   0.10000E+00    0.50249E-02 2018.43         test_P_all
.1900E+00   100.000  0.427E+03   0.31817E+00   0.00000E+00   0.10000E+00    0.50249E-02 1885.16         test_P_all
.2000E+00   100.000  0.401E+03   0.31065E+00   0.00000E+00   0.10000E+00    0.50249E-02 1757.32         test_P_all
.2100E+00   100.000  0.377E+03   0.30307E+00   0.00000E+00   0.10000E+00    0.50249E-02 1633.22         test_P_all
.2200E+00   100.000  0.355E+03   0.29548E+00   0.00000E+00   0.10000E+00    0.50249E-02 1513.39         test_P_all
.2300E+00   100.000  0.336E+03   0.28785E+00   0.00000E+00   0.10000E+00    0.50249E-02 1397.57         test_P_all
.2400E+00   100.000  0.318E+03   0.28017E+00   0.00000E+00   0.10000E+00    0.50249E-02 1285.54         test_P_all
.2500E+00   100.000  0.301E+03   0.27244E+00   0.00000E+00   0.10000E+00    0.50249E-02 1177.67         test_P_all
.2600E+00   100.000  0.285E+03   0.26466E+00   0.00000E+00   0.10000E+00    0.50249E-02 1073.83         test_P_all
.2700E+00   100.000  0.271E+03   0.25685E+00   0.00000E+00   0.10000E+00    0.50249E-02  974.37         test_P_all
.2800E+00   100.000  0.258E+03   0.24902E+00   0.00000E+00   0.10000E+00    0.50249E-02  879.43         test_P_all
.2900E+00   100.000  0.246E+03   0.24116E+00   0.00000E+00   0.10000E+00    0.50249E-02  789.17         test_P_all
.3000E+00   100.000  0.234E+03   0.23330E+00   0.00000E+00   0.10000E+00    0.18868E-02 4991.56         test_P_all
.3100E+00   100.000  0.223E+03   0.22546E+00   0.00000E+00   0.10000E+00    0.50249E-02  623.35         test_P_all
.3200E+00   100.000  0.213E+03   0.21763E+00   0.00000E+00   0.10000E+00    0.50249E-02  548.04         test_P_all
.3300E+00   100.000  0.204E+03   0.20985E+00   0.00000E+00   0.10000E+00    0.50249E-02  477.90         test_P_all
.3400E+00   100.000  0.195E+03   0.20212E+00   0.00000E+00   0.10000E+00    0.50249E-02  412.98         test_P_all
.3500E+00   100.000  0.187E+03   0.19444E+00   0.00000E+00   0.10000E+00    0.50249E-02  353.25         test_P_all
.3600E+00   100.000  0.179E+03   0.18685E+00   0.00000E+00   0.10000E+00    0.50249E-02  298.74         test_P_all
.3700E+00   100.000  0.171E+03   0.17935E+00   0.00000E+00   0.10000E+00    0.50249E-02  249.34         test_P_all
.3800E+00   100.000  0.164E+03   0.17194E+00   0.00000E+00   0.10000E+00    0.50249E-02  204.97         test_P_all
.3900E+00   100.000  0.157E+03   0.16465E+00   0.00000E+00   0.10000E+00    0.50249E-02  165.51         test_P_all
.4000E+00   100.000  0.151E+03   0.15747E+00   0.00000E+00   0.10000E+00    0.17692E-02 1055.18         test_P_all
.4100E+00   100.000  0.145E+03   0.15043E+00   0.00000E+00   0.10000E+00    0.50249E-02  100.70         test_P_all
.4200E+00   100.000  0.139E+03   0.14352E+00   0.00000E+00   0.10000E+00    0.50249E-02   75.01         test_P_all
.4300E+00   100.000  0.133E+03   0.13676E+00   0.00000E+00   0.10000E+00    0.50249E-02   53.52         test_P_all
.4400E+00   100.000  0.128E+03   0.13016E+00   0.00000E+00   0.10000E+00    0.50249E-02   36.02         test_P_all
.4500E+00   100.000  0.123E+03   0.12371E+00   0.00000E+00   0.10000E+00    0.50249E-02   22.27         test_P_all
.4600E+00   100.000  0.118E+03   0.11744E+00   0.00000E+00   0.10000E+00    0.50249E-02   12.04         test_P_all
.4700E+00   100.000  0.114E+03   0.11134E+00   0.00000E+00   0.10000E+00    0.50249E-02    5.09         test_P_all
.4800E+00   100.000  0.109E+03   0.10542E+00   0.00000E+00   0.10000E+00    0.50249E-02    1.16         test_P_all
.4900E+00   100.000  0.105E+03   0.99680E-01   0.00000E+00   0.10000E+00    0.50249E-02   -0.00         test_P_all
.5000E+00   100.000  0.101E+03   0.94132E-01   0.00000E+00   0.10000E+00    0.17692E-02  -11.00         test_P_all
.5100E+00   100.000  0.970E+02   0.88778E-01   0.00000E+00   0.10000E+00    0.50249E-02   -4.99         test_P_all
.5200E+00   100.000  0.932E+02   0.83620E-01   0.00000E+00   0.10000E+00    0.50249E-02  -10.63         test_P_all
.5300E+00   100.000  0.896E+02   0.78661E-01   0.00000E+00   0.10000E+00    0.50249E-02  -18.03         test_P_all
.5400E+00   100.000  0.861E+02   0.73903E-01   0.00000E+00   0.10000E+00    0.50249E-02  -26.97         test_P_all
.5500E+00   100.000  0.827E+02   0.69347E-01   0.00000E+00   0.10000E+00    0.50249E-02  -37.21         test_P_all
.5600E+00   100.000  0.795E+02   0.64998E-01   0.00000E+00   0.10000E+00    0.50249E-02  -48.52         test_P_all
.5700E+00   100.000  0.763E+02   0.60853E-01   0.00000E+00   0.10000E+00    0.50249E-02  -60.69         test_P_all
.5800E+00   100.000  0.733E+02   0.56913E-01   0.00000E+00   0.10000E+00    0.50249E-02  -73.52         test_P_all
.5900E+00   100.000  0.704E+02   0.53180E-01   0.00000E+00   0.10000E+00    0.50249E-02  -86.82         test_P_all
.6000E+00   100.000  0.675E+02   0.49651E-01   0.00000E+00   0.10000E+00    0.17692E-02 -809.91         test_P_all
.6100E+00   100.000  0.648E+02   0.46328E-01   0.00000E+00   0.10000E+00    0.50249E-02 -114.09         test_P_all
.6200E+00   100.000  0.622E+02   0.43207E-01   0.00000E+00   0.10000E+00    0.50249E-02 -127.74         test_P_all
.6300E+00   100.000  0.596E+02   0.40287E-01   0.00000E+00   0.10000E+00    0.50249E-02 -141.22         test_P_all
.6400E+00   100.000  0.571E+02   0.37566E-01   0.00000E+00   0.10000E+00    0.50249E-02 -154.38         test_P_all
.6500E+00   100.000  0.547E+02   0.35042E-01   0.00000E+00   0.10000E+00    0.50249E-02 -167.11         test_P_all
.6600E+00   100.000  0.524E+02   0.32712E-01   0.00000E+00   0.10000E+00    0.50249E-02 -179.31         test_P_all
.6700E+00   100.000  0.501E+02   0.30573E-01   0.00000E+00   0.10000E+00    0.50249E-02 -190.90         test_P_all
.6800E+00   100.000  0.479E+02   0.28621E-01   0.00000E+00   0.10000E+00    0.50249E-02 -201.78         test_P_all
.6900E+00   100.000  0.458E+02   0.26852E-01   0.00000E+00   0.10000E+00    0.50249E-02 -211.90         test_P_all
.7000E+00   100.000  0.437E+02   0.25263E-01   0.00000E+00   0.10000E+00    0.17692E-02 *******         test_P_all
.7100E+00   100.000  0.417E+02   0.23849E-01   0.00000E+00   0.10000E+00    0.50249E-02 -229.66         test_P_all
.7200E+00   100.000  0.398E+02   0.22606E-01   0.00000E+00   0.10000E+00    0.50249E-02 -237.22         test_P_all
.7300E+00   100.000  0.379E+02   0.21528E-01   0.00000E+00   0.10000E+00    0.50249E-02 -243.87         test_P_all
.7400E+00   100.000  0.360E+02   0.20612E-01   0.00000E+00   0.10000E+00    0.50249E-02 -249.60         test_P_all
.7500E+00   100.000  0.342E+02   0.19851E-01   0.00000E+00   0.10000E+00    0.50249E-02 -254.41         test_P_all
.7600E+00   100.000  0.325E+02   0.19240E-01   0.00000E+00   0.10000E+00    0.50249E-02 -258.30         test_P_all
.7700E+00   100.000  0.308E+02   0.18775E-01   0.00000E+00   0.10000E+00    0.50249E-02 -261.29         test_P_all
.7800E+00   100.000  0.291E+02   0.18448E-01   0.00000E+00   0.10000E+00    0.50249E-02 -263.39         test_P_all
.7900E+00   100.000  0.275E+02   0.18255E-01   0.00000E+00   0.10000E+00    0.50249E-02 -264.64         test_P_all
.8000E+00   100.000  0.259E+02   0.18190E-01   0.00000E+00   0.10000E+00    0.17692E-02 *******         test_P_all
.8100E+00   100.000  0.243E+02   0.18246E-01   0.00000E+00   0.10000E+00    0.50249E-02 -264.70         test_P_all
.8200E+00   100.000  0.228E+02   0.18418E-01   0.00000E+00   0.10000E+00    0.50249E-02 -263.59         test_P_all
.8300E+00   100.000  0.214E+02   0.18700E-01   0.00000E+00   0.10000E+00    0.50249E-02 -261.77         test_P_all
.8400E+00   100.000  0.199E+02   0.19085E-01   0.00000E+00   0.10000E+00    0.50249E-02 -259.29         test_P_all
.8500E+00   100.000  0.185E+02   0.19569E-01   0.00000E+00   0.10000E+00    0.50249E-02 -256.20         test_P_all
.8600E+00   100.000  0.172E+02   0.20144E-01   0.00000E+00   0.10000E+00    0.50249E-02 -252.55         test_P_all
.8700E+00   100.000  0.158E+02   0.20805E-01   0.00000E+00   0.10000E+00    0.50249E-02 -248.39         test_P_all
.8800E+00   100.000  0.145E+02   0.21547E-01   0.00000E+00   0.10000E+00    0.50249E-02 -243.76         test_P_all
.8900E+00   100.000  0.132E+02   0.22363E-01   0.00000E+00   0.10000E+00    0.50249E-02 -238.72         test_P_all
.9000E+00   100.000  0.120E+02   0.23248E-01   0.00000E+00   0.10000E+00    0.17692E-02 *******         test_P_all
.9100E+00   100.000  0.108E+02   0.24197E-01   0.00000E+00   0.10000E+00    0.50249E-02 -227.57         test_P_all
.9200E+00   100.000  0.958E+01   0.25205E-01   0.00000E+00   0.10000E+00    0.50249E-02 -221.56         test_P_all
.9300E+00   100.000  0.841E+01   0.26267E-01   0.00000E+00   0.10000E+00    0.50249E-02 -215.31         test_P_all
.9400E+00   100.000  0.726E+01   0.27378E-01   0.00000E+00   0.10000E+00    0.50249E-02 -208.87         test_P_all
.9500E+00   100.000  0.614E+01   0.28536E-01   0.00000E+00   0.10000E+00    0.50249E-02 -202.26         test_P_all
.9600E+00   100.000  0.505E+01   0.29735E-01   0.00000E+00   0.10000E+00    0.50249E-02 -195.53         test_P_all
.9700E+00   100.000  0.397E+01   0.30974E-01   0.00000E+00   0.10000E+00    0.50249E-02 -188.70         test_P_all
.9800E+00   100.000  0.292E+01   0.32250E-01   0.00000E+00   0.10000E+00    0.50249E-02 -181.79         test_P_all
.9900E+00   100.000  0.189E+01   0.33560E-01   0.00000E+00   0.10000E+00    0.50249E-02 -174.82         test_P_all
.1000E+01   100.000  0.882E+00   0.34900E-01   0.00000E+00   0.10000E+00    0.50249E-02 -167.84         test_P_all



 CHI SQUARE=******** FOR  582 POINTS   CHISQ/NPTS= 4005.15
 Signed chisquare total =********
 Modified residual =********


Summary normalization chi2 contributions

 data set     normalization        error         chisq


Summary chi2 per data set

 data set      chisq    _w     signd    _w     resid     _w   npts   chisq/pts  _w
test_P_all  ********        ********        ********           582 4005.15
------------------------------------------------------------------------------------
TOTAL       ************************     0.0****************   582 4005.15 4005.15
TOTAL+norm  ****************                                   582 4005.15 4005.15



            Momentum Sum Rule Check


      q2      alphas      xuv       xdv       xub       xdb       xsb       xcb       xbb      xglue     total
      1.69    0.3845    0.3194    0.1361    0.0562    0.0707    0.0254    0.0000    0.0000    0.3925    1.0002
    100.00    0.1784    0.2250    0.0959    0.0654    0.0756    0.0437    0.0259    0.0087    0.4568    0.9972
   1000.00    0.1407    0.0000    0.0000    0.0000    0.0000    0.0000    0.0000    0.0000    0.0000    0.0000
   8315.00    0.1180    0.0000    0.0000    0.0000    0.0000    0.0000    0.0000    0.0000    0.0000    0.0000


 Vector Boson Cross Sections

 sqrt(s)   sigma(W)    error    theory

   1960.     2.865     0.063       0.000     D0

   1960.     2.749     0.054       0.000     CDF

   7000.     9.95      0.29        0.000     CMS

   7000.     9.96      0.55        0.000     ATLAS

 sqrt(s)   sigma(Z)    error    theory

   1960.     .2649     .0094       0.000     D0

   1960.     .2549     .0057       0.000     CDF

   7000.     .931      0.035       0.000     CMS

   7000.     .82       0.08        0.000     ATLAS


