 Correlated errors added in quadrature with statistical errors
 test_N_all DIS data with   1.69< Q2 < 0.500D+03 and 0.000 < xB < 1.000 and   0.00< W2 < 0.100D+05 and 0.000 < y < 1.000
   No TMC applied
   no HT corrections

# fitpack15: fit output
# CJ15 AV18 final data choices                                                 

Parametrization   7 used here

 S-ACOT scheme used  for NC DIS

 charm mass =     1.30 GeV     bottom mass =     4.50 GeV



 THIS IS A NEXT TO LEADING ORDER FIT

 Q02=    1.69
         1  LAMBDA      VALUE=   0.22680      WEIGHT=    0.0000    
         2  a0uv        VALUE=    1.9792      WEIGHT=    0.0000    
         3  a1uv        VALUE=   0.57091      WEIGHT=   0.22811E-01
         4  a2uv        VALUE=    3.5529      WEIGHT=   0.11410E-01
         5  a3uv        VALUE=    0.0000      WEIGHT=    0.0000    
         6  a4uv        VALUE=    4.4738      WEIGHT=   0.60118    
         7  a5uv        VALUE=    0.0000      WEIGHT=    0.0000    
         8  a0dv        VALUE=    24.969      WEIGHT=    0.0000    
         9  a1dv        VALUE=    1.1566      WEIGHT=   0.32679E-01
        10  a2dv        VALUE=    6.6796      WEIGHT=   0.15768    
        11  a3dv        VALUE=   -3.5557      WEIGHT=   0.85869E-01
        12  a4dv        VALUE=    4.8052      WEIGHT=   0.13991    
        13  a5dv        VALUE=    0.0000      WEIGHT=    0.0000    
        14  a0ud        VALUE=   0.14212      WEIGHT=   0.49836E-02
        15  a1ud        VALUE=  -0.21069      WEIGHT=   0.38126E-02
        16  a2ud        VALUE=    8.4747      WEIGHT=   0.17405    
        17  a3ud        VALUE=    0.0000      WEIGHT=    0.0000    
        18  a4ud        VALUE=    15.862      WEIGHT=    1.2274    
        19  a5ud        VALUE=    0.0000      WEIGHT=    0.0000    
        20  a0du        VALUE=    35712.      WEIGHT=    0.0000    
        21  a1du        VALUE=    4.0887      WEIGHT=   0.78554E-01
        22  a2du        VALUE=    20.484      WEIGHT=   0.95277    
        23  a3du        VALUE=    17.000      WEIGHT=    0.0000    
        24  a4du        VALUE=    51.722      WEIGHT=    7.3285    
        25  a0g         VALUE=    45.662      WEIGHT=    0.0000    
        26  a1g         VALUE=   0.60317      WEIGHT=   0.30289E-01
        27  a2g         VALUE=    6.1755      WEIGHT=   0.87950    
        28  a3g         VALUE=   -3.3705      WEIGHT=   0.12545    
        29  a4g         VALUE=    3.2542      WEIGHT=   0.29247    
        30  a5g         VALUE=    0.0000      WEIGHT=    0.0000    
        31  kappa       VALUE=   0.40000      WEIGHT=    0.0000    
        32  a6dv        VALUE=  -0.46741E-02  WEIGHT=   0.70835E-03
        33  a7dv        VALUE=    2.0000      WEIGHT=    0.0000    
        34  off1        VALUE=    0.0000      WEIGHT=    0.0000    
        35  off2        VALUE=    0.0000      WEIGHT=    0.0000    
        36  off3        VALUE=    0.0000      WEIGHT=    0.0000    
        37  ht1         VALUE=   -3.2761      WEIGHT=   0.30923    
        38  ht2         VALUE=    1.9549      WEIGHT=   0.12450    
        39  ht3         VALUE=   -2.0653      WEIGHT=   0.35581E-01
        40  ht4         VALUE=    0.0000      WEIGHT=    0.0000    
        41  ht1n        VALUE=   -3.7951      WEIGHT=   0.77517    
        42  ht2n        VALUE=    1.9150      WEIGHT=   0.23965    
        43  ht3n        VALUE=   -2.2326      WEIGHT=   0.80644E-01
        44  ht4n        VALUE=    0.0000      WEIGHT=    0.0000    
        45  dummy45     VALUE=    0.0000      WEIGHT=    0.0000    
        46  dummy46     VALUE=    0.0000      WEIGHT=    0.0000    
        47  dummy47     VALUE=    0.0000      WEIGHT=    0.0000    
        48  dummy48     VALUE=    0.0000      WEIGHT=    0.0000    
        49  dummy49     VALUE=    0.0000      WEIGHT=    0.0000    
        50  bcdmsh2     VALUE=   0.96943      WEIGHT=   0.48132E-02
        51  bcdmsd2     VALUE=   0.98941      WEIGHT=   0.56589E-02
        52  ccfr        VALUE=    1.0000      WEIGHT=    0.0000    
        53  nutev       VALUE=    1.0000      WEIGHT=    0.0000    
        54  zeus        VALUE=   0.97998      WEIGHT=    0.0000    
        55  h1          VALUE=    1.0162      WEIGHT=    0.0000    
        56  e605        VALUE=    1.0319      WEIGHT=    0.0000    
        57  NmcH2       VALUE=    1.0062      WEIGHT=   0.71130E-02
        58  ntv_nu      VALUE=    1.0000      WEIGHT=    0.0000    
        59  ntv_nubar   VALUE=    1.0000      WEIGHT=    0.0000    
        60  cdf_jet     VALUE=   0.98910      WEIGHT=    0.0000    
        61  d0_jet      VALUE=   0.83504      WEIGHT=    0.0000    
        62  slac_p      VALUE=    1.0005      WEIGHT=   0.51037E-02
        63  slac_d      VALUE=   0.99991      WEIGHT=   0.51370E-02
        64  e866pp      VALUE=   0.98259      WEIGHT=   0.19880E-01
        65  e866pd      VALUE=   0.96770      WEIGHT=   0.15813E-01
        66  d0_gamjet   VALUE=    1.0367      WEIGHT=   0.16420E-01
        67  h1b         VALUE=   0.97608      WEIGHT=    0.0000    
        68  jlab_p      VALUE=   0.98972      WEIGHT=   0.63056E-02
        69  jlab_d      VALUE=   0.97497      WEIGHT=   0.59753E-02
        70  blank       VALUE=    1.0000      WEIGHT=    0.0000    
        71  d0run2      VALUE=   0.95191      WEIGHT=   0.14762E-01
        72  cdfrun2     VALUE=   0.93581      WEIGHT=   0.17509E-01
        73  HERA_el     VALUE=    1.0000      WEIGHT=    0.0000    
        74  HERA_ps     VALUE=    1.0000      WEIGHT=    0.0000    
        75  CDF_Z       VALUE=   0.95834      WEIGHT=   0.62515E-02
        76  NmcRat      VALUE=    1.0000      WEIGHT=    0.0000    
        77  BNS_F2nd    VALUE=   0.98568      WEIGHT=   0.96582E-02
        78  HERMES_F2p  VALUE=   0.99433      WEIGHT=   0.57110E-02
        79  HERMES_F2d  VALUE=   0.97605      WEIGHT=   0.57625E-02
0THE TOLERANCE IS    0.1000
 THE MAXIMUM NUMBER OF STEPS IS 100
0THE INITIAL CHI SQUARED IS  4.05838E+05



     X        Q2         W2       THEORY        error         DATA           ERROR        chi^2     _w    ITYPE
.1000E-01     2.000  0.199E+03   0.34083E+00   0.00000E+00   0.10000E+00    0.50249E-02 2297.07         test_N_all
.2000E-01     2.000  0.989E+02   0.31901E+00   0.00000E+00   0.10000E+00    0.50249E-02 1899.60         test_N_all
.3000E-01     2.000  0.655E+02   0.31056E+00   0.00000E+00   0.10000E+00    0.50249E-02 1755.79         test_N_all
.4000E-01     2.000  0.489E+02   0.30838E+00   0.00000E+00   0.10000E+00    0.50249E-02 1719.61         test_N_all
.5000E-01     2.000  0.389E+02   0.30737E+00   0.00000E+00   0.10000E+00    0.50249E-02 1702.98         test_N_all
.6000E-01     2.000  0.322E+02   0.30753E+00   0.00000E+00   0.10000E+00    0.50249E-02 1705.73         test_N_all
.7000E-01     2.000  0.275E+02   0.30795E+00   0.00000E+00   0.10000E+00    0.50249E-02 1712.55         test_N_all
.8000E-01     2.000  0.239E+02   0.30825E+00   0.00000E+00   0.10000E+00    0.50249E-02 1717.54         test_N_all
.9000E-01     2.000  0.211E+02   0.30824E+00   0.00000E+00   0.10000E+00    0.50249E-02 1717.32         test_N_all
.1000E+00     2.000  0.189E+02   0.30773E+00   0.00000E+00   0.10000E+00    0.50249E-02 1709.02         test_N_all
.1100E+00     2.000  0.171E+02   0.30664E+00   0.00000E+00   0.10000E+00    0.50249E-02 1691.04         test_N_all
.1200E+00     2.000  0.155E+02   0.30491E+00   0.00000E+00   0.10000E+00    0.50249E-02 1662.91         test_N_all
.1300E+00     2.000  0.143E+02   0.30259E+00   0.00000E+00   0.10000E+00    0.50249E-02 1625.47         test_N_all
.1400E+00     2.000  0.132E+02   0.29974E+00   0.00000E+00   0.10000E+00    0.50249E-02 1580.10         test_N_all
.1500E+00     2.000  0.122E+02   0.29635E+00   0.00000E+00   0.10000E+00    0.50249E-02 1526.83         test_N_all
.1600E+00     2.000  0.114E+02   0.29261E+00   0.00000E+00   0.10000E+00    0.50249E-02 1469.27         test_N_all
.1700E+00     2.000  0.106E+02   0.28850E+00   0.00000E+00   0.10000E+00    0.50249E-02 1407.25         test_N_all
.1800E+00     2.000  0.999E+01   0.28410E+00   0.00000E+00   0.10000E+00    0.50249E-02 1342.35         test_N_all
.1900E+00     2.000  0.941E+01   0.27952E+00   0.00000E+00   0.10000E+00    0.50249E-02 1276.37         test_N_all
.2000E+00     2.000  0.888E+01   0.27474E+00   0.00000E+00   0.10000E+00    0.50249E-02 1209.21         test_N_all
.2100E+00     2.000  0.841E+01   0.26987E+00   0.00000E+00   0.10000E+00    0.50249E-02 1142.74         test_N_all
.2200E+00     2.000  0.797E+01   0.26489E+00   0.00000E+00   0.10000E+00    0.50249E-02 1076.74         test_N_all
.2300E+00     2.000  0.758E+01   0.25983E+00   0.00000E+00   0.10000E+00    0.50249E-02 1011.74         test_N_all
.2400E+00     2.000  0.722E+01   0.25474E+00   0.00000E+00   0.10000E+00    0.50249E-02  948.25         test_N_all
.2500E+00     2.000  0.688E+01   0.24959E+00   0.00000E+00   0.10000E+00    0.50249E-02  886.20         test_N_all
.2600E+00     2.000  0.657E+01   0.24441E+00   0.00000E+00   0.10000E+00    0.50249E-02  825.91         test_N_all
.2700E+00     2.000  0.629E+01   0.23919E+00   0.00000E+00   0.10000E+00    0.50249E-02  767.32         test_N_all
.2800E+00     2.000  0.602E+01   0.23394E+00   0.00000E+00   0.10000E+00    0.50249E-02  710.45         test_N_all
.2900E+00     2.000  0.578E+01   0.22863E+00   0.00000E+00   0.10000E+00    0.50249E-02  655.31         test_N_all
.3000E+00     2.000  0.555E+01   0.22328E+00   0.00000E+00   0.10000E+00    0.18868E-02 4269.39         test_N_all
.3100E+00     2.000  0.533E+01   0.21787E+00   0.00000E+00   0.10000E+00    0.50249E-02  550.22         test_N_all
.3200E+00     2.000  0.513E+01   0.21239E+00   0.00000E+00   0.10000E+00    0.50249E-02  500.27         test_N_all
.3300E+00     2.000  0.494E+01   0.20685E+00   0.00000E+00   0.10000E+00    0.50249E-02  452.11         test_N_all
.3400E+00     2.000  0.476E+01   0.20122E+00   0.00000E+00   0.10000E+00    0.50249E-02  405.75         test_N_all
.3500E+00     2.000  0.460E+01   0.19552E+00   0.00000E+00   0.10000E+00    0.50249E-02  361.35         test_N_all
.3600E+00     2.000  0.444E+01   0.18974E+00   0.00000E+00   0.10000E+00    0.50249E-02  318.91         test_N_all
.3700E+00     2.000  0.429E+01   0.18388E+00   0.00000E+00   0.10000E+00    0.50249E-02  278.63         test_N_all
.3800E+00     2.000  0.414E+01   0.17795E+00   0.00000E+00   0.10000E+00    0.50249E-02  240.65         test_N_all
.3900E+00     2.000  0.401E+01   0.17196E+00   0.00000E+00   0.10000E+00    0.50249E-02  205.07         test_N_all
.4000E+00     2.000  0.388E+01   0.16591E+00   0.00000E+00   0.10000E+00    0.17692E-02 1387.98         test_N_all
.4100E+00     2.000  0.376E+01   0.15982E+00   0.00000E+00   0.10000E+00    0.50249E-02  141.73         test_N_all
.4200E+00     2.000  0.364E+01   0.15370E+00   0.00000E+00   0.10000E+00    0.50249E-02  114.22         test_N_all
.4300E+00     2.000  0.353E+01   0.14757E+00   0.00000E+00   0.10000E+00    0.50249E-02   89.60         test_N_all
.4400E+00     2.000  0.343E+01   0.14143E+00   0.00000E+00   0.10000E+00    0.50249E-02   67.98         test_N_all
.4500E+00     2.000  0.333E+01   0.13530E+00   0.00000E+00   0.10000E+00    0.50249E-02   49.36         test_N_all
.4600E+00     2.000  0.323E+01   0.12922E+00   0.00000E+00   0.10000E+00    0.50249E-02   33.80         test_N_all
.4700E+00     2.000  0.314E+01   0.12317E+00   0.00000E+00   0.10000E+00    0.50249E-02   21.26         test_N_all
.4800E+00     2.000  0.305E+01   0.11719E+00   0.00000E+00   0.10000E+00    0.50249E-02   11.70         test_N_all
.4900E+00     2.000  0.296E+01   0.11129E+00   0.00000E+00   0.10000E+00    0.50249E-02    5.05         test_N_all
.5000E+00     2.000  0.288E+01   0.10548E+00   0.00000E+00   0.10000E+00    0.17692E-02    9.59         test_N_all
.5100E+00     2.000  0.280E+01   0.99783E-01   0.00000E+00   0.10000E+00    0.50249E-02   -0.00         test_N_all
.5200E+00     2.000  0.273E+01   0.94206E-01   0.00000E+00   0.10000E+00    0.50249E-02   -1.33         test_N_all
.5300E+00     2.000  0.266E+01   0.88762E-01   0.00000E+00   0.10000E+00    0.50249E-02   -5.00         test_N_all
.5400E+00     2.000  0.259E+01   0.83468E-01   0.00000E+00   0.10000E+00    0.50249E-02  -10.82         test_N_all
.5500E+00     2.000  0.252E+01   0.78323E-01   0.00000E+00   0.10000E+00    0.50249E-02  -18.61         test_N_all
.5600E+00     2.000  0.245E+01   0.73351E-01   0.00000E+00   0.10000E+00    0.50249E-02  -28.13         test_N_all
.5700E+00     2.000  0.239E+01   0.68547E-01   0.00000E+00   0.10000E+00    0.50249E-02  -39.18         test_N_all
.5800E+00     2.000  0.233E+01   0.63921E-01   0.00000E+00   0.10000E+00    0.50249E-02  -51.55         test_N_all
.5900E+00     2.000  0.227E+01   0.59482E-01   0.00000E+00   0.10000E+00    0.50249E-02  -65.02         test_N_all
.6000E+00     2.000  0.222E+01   0.55225E-01   0.00000E+00   0.10000E+00    0.17692E-02 -640.51         test_N_all
.6100E+00     2.000  0.216E+01   0.51163E-01   0.00000E+00   0.10000E+00    0.50249E-02  -94.46         test_N_all
.6200E+00     2.000  0.211E+01   0.47291E-01   0.00000E+00   0.10000E+00    0.50249E-02 -110.03         test_N_all
.6300E+00     2.000  0.206E+01   0.43609E-01   0.00000E+00   0.10000E+00    0.50249E-02 -125.94         test_N_all
.6400E+00     2.000  0.201E+01   0.40120E-01   0.00000E+00   0.10000E+00    0.50249E-02 -142.01         test_N_all
.6500E+00     2.000  0.196E+01   0.36817E-01   0.00000E+00   0.10000E+00    0.50249E-02 -158.10         test_N_all
.6600E+00     2.000  0.191E+01   0.33702E-01   0.00000E+00   0.10000E+00    0.50249E-02 -174.07         test_N_all
.6700E+00     2.000  0.187E+01   0.30770E-01   0.00000E+00   0.10000E+00    0.50249E-02 -189.82         test_N_all
.6800E+00     2.000  0.182E+01   0.28015E-01   0.00000E+00   0.10000E+00    0.50249E-02 -205.22         test_N_all
.6900E+00     2.000  0.178E+01   0.25435E-01   0.00000E+00   0.10000E+00    0.50249E-02 -220.19         test_N_all
.7000E+00     2.000  0.174E+01   0.23024E-01   0.00000E+00   0.10000E+00    0.17692E-02 *******         test_N_all
.7100E+00     2.000  0.170E+01   0.20774E-01   0.00000E+00   0.10000E+00    0.50249E-02 -248.58         test_N_all
.7200E+00     2.000  0.166E+01   0.18682E-01   0.00000E+00   0.10000E+00    0.50249E-02 -261.88         test_N_all
.7300E+00     2.000  0.162E+01   0.16741E-01   0.00000E+00   0.10000E+00    0.50249E-02 -274.54         test_N_all
.7400E+00     2.000  0.158E+01   0.14943E-01   0.00000E+00   0.10000E+00    0.50249E-02 -286.52         test_N_all
.7500E+00     2.000  0.155E+01   0.13285E-01   0.00000E+00   0.10000E+00    0.50249E-02 -297.80         test_N_all
.7600E+00     2.000  0.151E+01   0.11756E-01   0.00000E+00   0.10000E+00    0.50249E-02 -308.40         test_N_all
.7700E+00     2.000  0.148E+01   0.10353E-01   0.00000E+00   0.10000E+00    0.50249E-02 -318.28         test_N_all
.7800E+00     2.000  0.145E+01   0.90684E-02   0.00000E+00   0.10000E+00    0.50249E-02 -327.47         test_N_all
.7900E+00     2.000  0.141E+01   0.78957E-02   0.00000E+00   0.10000E+00    0.50249E-02 -335.97         test_N_all
.8000E+00     2.000  0.138E+01   0.68290E-02   0.00000E+00   0.10000E+00    0.17692E-02 *******         test_N_all
.8100E+00     2.000  0.135E+01   0.58635E-02   0.00000E+00   0.10000E+00    0.50249E-02 -350.96         test_N_all
.8200E+00     2.000  0.132E+01   0.49938E-02   0.00000E+00   0.10000E+00    0.50249E-02 -357.47         test_N_all
.8300E+00     2.000  0.129E+01   0.42140E-02   0.00000E+00   0.10000E+00    0.50249E-02 -363.36         test_N_all
.8400E+00     2.000  0.126E+01   0.35181E-02   0.00000E+00   0.10000E+00    0.50249E-02 -368.66         test_N_all
.8500E+00     2.000  0.123E+01   0.29029E-02   0.00000E+00   0.10000E+00    0.50249E-02 -373.38         test_N_all
.8600E+00     2.000  0.121E+01   0.23614E-02   0.00000E+00   0.10000E+00    0.50249E-02 -377.56         test_N_all
.8700E+00     2.000  0.118E+01   0.18906E-02   0.00000E+00   0.10000E+00    0.50249E-02 -381.21         test_N_all
.8800E+00     2.000  0.115E+01   0.14856E-02   0.00000E+00   0.10000E+00    0.50249E-02 -384.36         test_N_all
.8900E+00     2.000  0.113E+01   0.11412E-02   0.00000E+00   0.10000E+00    0.50249E-02 -387.05         test_N_all
.9000E+00     2.000  0.110E+01   0.85402E-03   0.00000E+00   0.10000E+00    0.17692E-02 *******         test_N_all
.9100E+00     2.000  0.108E+01   0.61801E-03   0.00000E+00   0.10000E+00    0.50249E-02 -391.16         test_N_all
.9200E+00     2.000  0.106E+01   0.42960E-03   0.00000E+00   0.10000E+00    0.50249E-02 -392.64         test_N_all
.9300E+00     2.000  0.103E+01   0.28361E-03   0.00000E+00   0.10000E+00    0.50249E-02 -393.80         test_N_all
.9400E+00     2.000  0.101E+01   0.17454E-03   0.00000E+00   0.10000E+00    0.50249E-02 -394.66         test_N_all
.9500E+00     2.000  0.987E+00   0.98549E-04   0.00000E+00   0.10000E+00    0.50249E-02 -395.26         test_N_all
.9600E+00     2.000  0.965E+00   0.47352E-04   0.00000E+00   0.10000E+00    0.50249E-02 -395.66         test_N_all
.9700E+00     2.000  0.944E+00   0.17949E-04   0.00000E+00   0.10000E+00    0.50249E-02 -395.90         test_N_all
.9800E+00     2.000  0.923E+00   0.50794E-05   0.00000E+00   0.10000E+00    0.50249E-02 -396.00         test_N_all
.9900E+00     2.000  0.902E+00   0.23608E-05   0.00000E+00   0.10000E+00    0.50249E-02 -396.02         test_N_all
.1000E+01     2.000  0.882E+00   0.00000E+00   0.00000E+00   0.10000E+00    0.50249E-02 -396.04         test_N_all
.1000E-01     5.000  0.496E+03   0.44736E+00   0.00000E+00   0.10000E+00    0.50249E-02 4778.47         test_N_all
.2000E-01     5.000  0.246E+03   0.39751E+00   0.00000E+00   0.10000E+00    0.50249E-02 3505.35         test_N_all
.3000E-01     5.000  0.163E+03   0.37325E+00   0.00000E+00   0.10000E+00    0.50249E-02 2957.03         test_N_all
.4000E-01     5.000  0.121E+03   0.36093E+00   0.00000E+00   0.10000E+00    0.50249E-02 2696.50         test_N_all
.5000E-01     5.000  0.959E+02   0.35112E+00   0.00000E+00   0.10000E+00    0.50249E-02 2497.42         test_N_all
.6000E-01     5.000  0.792E+02   0.34426E+00   0.00000E+00   0.10000E+00    0.50249E-02 2362.85         test_N_all
.7000E-01     5.000  0.673E+02   0.33816E+00   0.00000E+00   0.10000E+00    0.50249E-02 2246.43         test_N_all
.8000E-01     5.000  0.584E+02   0.33281E+00   0.00000E+00   0.10000E+00    0.50249E-02 2146.53         test_N_all
.9000E-01     5.000  0.514E+02   0.32752E+00   0.00000E+00   0.10000E+00    0.50249E-02 2050.16         test_N_all
.1000E+00     5.000  0.459E+02   0.32229E+00   0.00000E+00   0.10000E+00    0.50249E-02 1956.87         test_N_all
.1100E+00     5.000  0.413E+02   0.31684E+00   0.00000E+00   0.10000E+00    0.50249E-02 1862.17         test_N_all
.1200E+00     5.000  0.375E+02   0.31126E+00   0.00000E+00   0.10000E+00    0.50249E-02 1767.60         test_N_all
.1300E+00     5.000  0.343E+02   0.30548E+00   0.00000E+00   0.10000E+00    0.50249E-02 1672.18         test_N_all
.1400E+00     5.000  0.316E+02   0.29949E+00   0.00000E+00   0.10000E+00    0.50249E-02 1576.12         test_N_all
.1500E+00     5.000  0.292E+02   0.29333E+00   0.00000E+00   0.10000E+00    0.50249E-02 1480.31         test_N_all
.1600E+00     5.000  0.271E+02   0.28708E+00   0.00000E+00   0.10000E+00    0.50249E-02 1386.09         test_N_all
.1700E+00     5.000  0.253E+02   0.28073E+00   0.00000E+00   0.10000E+00    0.50249E-02 1293.67         test_N_all
.1800E+00     5.000  0.237E+02   0.27434E+00   0.00000E+00   0.10000E+00    0.50249E-02 1203.76         test_N_all
.1900E+00     5.000  0.222E+02   0.26794E+00   0.00000E+00   0.10000E+00    0.50249E-02 1117.00         test_N_all
.2000E+00     5.000  0.209E+02   0.26153E+00   0.00000E+00   0.10000E+00    0.50249E-02 1033.36         test_N_all
.2100E+00     5.000  0.197E+02   0.25515E+00   0.00000E+00   0.10000E+00    0.50249E-02  953.33         test_N_all
.2200E+00     5.000  0.186E+02   0.24880E+00   0.00000E+00   0.10000E+00    0.50249E-02  876.88         test_N_all
.2300E+00     5.000  0.176E+02   0.24248E+00   0.00000E+00   0.10000E+00    0.50249E-02  804.04         test_N_all
.2400E+00     5.000  0.167E+02   0.23621E+00   0.00000E+00   0.10000E+00    0.50249E-02  734.75         test_N_all
.2500E+00     5.000  0.159E+02   0.22996E+00   0.00000E+00   0.10000E+00    0.50249E-02  668.93         test_N_all
.2600E+00     5.000  0.151E+02   0.22375E+00   0.00000E+00   0.10000E+00    0.50249E-02  606.47         test_N_all
.2700E+00     5.000  0.144E+02   0.21756E+00   0.00000E+00   0.10000E+00    0.50249E-02  547.32         test_N_all
.2800E+00     5.000  0.137E+02   0.21139E+00   0.00000E+00   0.10000E+00    0.50249E-02  491.38         test_N_all
.2900E+00     5.000  0.131E+02   0.20523E+00   0.00000E+00   0.10000E+00    0.50249E-02  438.53         test_N_all
.3000E+00     5.000  0.125E+02   0.19908E+00   0.00000E+00   0.10000E+00    0.18868E-02 2757.59         test_N_all
.3100E+00     5.000  0.120E+02   0.19293E+00   0.00000E+00   0.10000E+00    0.50249E-02  342.01         test_N_all
.3200E+00     5.000  0.115E+02   0.18678E+00   0.00000E+00   0.10000E+00    0.50249E-02  298.24         test_N_all
.3300E+00     5.000  0.110E+02   0.18063E+00   0.00000E+00   0.10000E+00    0.50249E-02  257.46         test_N_all
.3400E+00     5.000  0.106E+02   0.17447E+00   0.00000E+00   0.10000E+00    0.50249E-02  219.63         test_N_all
.3500E+00     5.000  0.102E+02   0.16831E+00   0.00000E+00   0.10000E+00    0.50249E-02  184.82         test_N_all
.3600E+00     5.000  0.977E+01   0.16216E+00   0.00000E+00   0.10000E+00    0.50249E-02  153.00         test_N_all
.3700E+00     5.000  0.940E+01   0.15601E+00   0.00000E+00   0.10000E+00    0.50249E-02  124.23         test_N_all
.3800E+00     5.000  0.904E+01   0.14988E+00   0.00000E+00   0.10000E+00    0.50249E-02   98.52         test_N_all
.3900E+00     5.000  0.870E+01   0.14377E+00   0.00000E+00   0.10000E+00    0.50249E-02   75.86         test_N_all
.4000E+00     5.000  0.838E+01   0.13769E+00   0.00000E+00   0.10000E+00    0.17692E-02  453.87         test_N_all
.4100E+00     5.000  0.808E+01   0.13166E+00   0.00000E+00   0.10000E+00    0.50249E-02   39.70         test_N_all
.4200E+00     5.000  0.779E+01   0.12569E+00   0.00000E+00   0.10000E+00    0.50249E-02   26.14         test_N_all
.4300E+00     5.000  0.751E+01   0.11978E+00   0.00000E+00   0.10000E+00    0.50249E-02   15.50         test_N_all
.4400E+00     5.000  0.725E+01   0.11396E+00   0.00000E+00   0.10000E+00    0.50249E-02    7.72         test_N_all
.4500E+00     5.000  0.699E+01   0.10823E+00   0.00000E+00   0.10000E+00    0.50249E-02    2.68         test_N_all
.4600E+00     5.000  0.675E+01   0.10261E+00   0.00000E+00   0.10000E+00    0.50249E-02    0.27         test_N_all
.4700E+00     5.000  0.652E+01   0.97096E-01   0.00000E+00   0.10000E+00    0.50249E-02   -0.33         test_N_all
.4800E+00     5.000  0.630E+01   0.91713E-01   0.00000E+00   0.10000E+00    0.50249E-02   -2.72         test_N_all
.4900E+00     5.000  0.609E+01   0.86469E-01   0.00000E+00   0.10000E+00    0.50249E-02   -7.25         test_N_all
.5000E+00     5.000  0.588E+01   0.81367E-01   0.00000E+00   0.10000E+00    0.17692E-02 -110.93         test_N_all
.5100E+00     5.000  0.569E+01   0.76424E-01   0.00000E+00   0.10000E+00    0.50249E-02  -22.01         test_N_all
.5200E+00     5.000  0.550E+01   0.71641E-01   0.00000E+00   0.10000E+00    0.50249E-02  -31.85         test_N_all
.5300E+00     5.000  0.532E+01   0.67024E-01   0.00000E+00   0.10000E+00    0.50249E-02  -43.07         test_N_all
.5400E+00     5.000  0.514E+01   0.62582E-01   0.00000E+00   0.10000E+00    0.50249E-02  -55.45         test_N_all
.5500E+00     5.000  0.497E+01   0.58313E-01   0.00000E+00   0.10000E+00    0.50249E-02  -68.82         test_N_all
.5600E+00     5.000  0.481E+01   0.54229E-01   0.00000E+00   0.10000E+00    0.50249E-02  -82.97         test_N_all
.5700E+00     5.000  0.465E+01   0.50324E-01   0.00000E+00   0.10000E+00    0.50249E-02  -97.73         test_N_all
.5800E+00     5.000  0.450E+01   0.46601E-01   0.00000E+00   0.10000E+00    0.50249E-02 -112.93         test_N_all
.5900E+00     5.000  0.436E+01   0.43062E-01   0.00000E+00   0.10000E+00    0.50249E-02 -128.39         test_N_all
.6000E+00     5.000  0.422E+01   0.39702E-01   0.00000E+00   0.10000E+00    0.17692E-02 *******         test_N_all
.6100E+00     5.000  0.408E+01   0.36525E-01   0.00000E+00   0.10000E+00    0.50249E-02 -159.57         test_N_all
.6200E+00     5.000  0.395E+01   0.33524E-01   0.00000E+00   0.10000E+00    0.50249E-02 -175.01         test_N_all
.6300E+00     5.000  0.382E+01   0.30697E-01   0.00000E+00   0.10000E+00    0.50249E-02 -190.22         test_N_all
.6400E+00     5.000  0.369E+01   0.28040E-01   0.00000E+00   0.10000E+00    0.50249E-02 -205.08         test_N_all
.6500E+00     5.000  0.357E+01   0.25549E-01   0.00000E+00   0.10000E+00    0.50249E-02 -219.52         test_N_all
.6600E+00     5.000  0.346E+01   0.23218E-01   0.00000E+00   0.10000E+00    0.50249E-02 -233.48         test_N_all
.6700E+00     5.000  0.334E+01   0.21043E-01   0.00000E+00   0.10000E+00    0.50249E-02 -246.90         test_N_all
.6800E+00     5.000  0.323E+01   0.19018E-01   0.00000E+00   0.10000E+00    0.50249E-02 -259.73         test_N_all
.6900E+00     5.000  0.313E+01   0.17136E-01   0.00000E+00   0.10000E+00    0.50249E-02 -271.94         test_N_all
.7000E+00     5.000  0.302E+01   0.15393E-01   0.00000E+00   0.10000E+00    0.17692E-02 *******         test_N_all
.7100E+00     5.000  0.292E+01   0.13780E-01   0.00000E+00   0.10000E+00    0.50249E-02 -294.41         test_N_all
.7200E+00     5.000  0.283E+01   0.12293E-01   0.00000E+00   0.10000E+00    0.50249E-02 -304.66         test_N_all
.7300E+00     5.000  0.273E+01   0.10925E-01   0.00000E+00   0.10000E+00    0.50249E-02 -314.23         test_N_all
.7400E+00     5.000  0.264E+01   0.96688E-02   0.00000E+00   0.10000E+00    0.50249E-02 -323.16         test_N_all
.7500E+00     5.000  0.255E+01   0.85208E-02   0.00000E+00   0.10000E+00    0.50249E-02 -331.42         test_N_all
.7600E+00     5.000  0.246E+01   0.74719E-02   0.00000E+00   0.10000E+00    0.50249E-02 -339.07         test_N_all
.7700E+00     5.000  0.238E+01   0.65185E-02   0.00000E+00   0.10000E+00    0.50249E-02 -346.09         test_N_all
.7800E+00     5.000  0.229E+01   0.56544E-02   0.00000E+00   0.10000E+00    0.50249E-02 -352.52         test_N_all
.7900E+00     5.000  0.221E+01   0.48732E-02   0.00000E+00   0.10000E+00    0.50249E-02 -358.38         test_N_all
.8000E+00     5.000  0.213E+01   0.41708E-02   0.00000E+00   0.10000E+00    0.17692E-02 *******         test_N_all
.8100E+00     5.000  0.205E+01   0.35414E-02   0.00000E+00   0.10000E+00    0.50249E-02 -368.49         test_N_all
.8200E+00     5.000  0.198E+01   0.29812E-02   0.00000E+00   0.10000E+00    0.50249E-02 -372.78         test_N_all
.8300E+00     5.000  0.191E+01   0.24851E-02   0.00000E+00   0.10000E+00    0.50249E-02 -376.60         test_N_all
.8400E+00     5.000  0.183E+01   0.20480E-02   0.00000E+00   0.10000E+00    0.50249E-02 -379.98         test_N_all
.8500E+00     5.000  0.176E+01   0.16671E-02   0.00000E+00   0.10000E+00    0.50249E-02 -382.95         test_N_all
.8600E+00     5.000  0.170E+01   0.13364E-02   0.00000E+00   0.10000E+00    0.50249E-02 -385.52         test_N_all
.8700E+00     5.000  0.163E+01   0.10536E-02   0.00000E+00   0.10000E+00    0.50249E-02 -387.74         test_N_all
.8800E+00     5.000  0.156E+01   0.81431E-03   0.00000E+00   0.10000E+00    0.50249E-02 -389.62         test_N_all
.8900E+00     5.000  0.150E+01   0.61442E-03   0.00000E+00   0.10000E+00    0.50249E-02 -391.19         test_N_all
.9000E+00     5.000  0.144E+01   0.45119E-03   0.00000E+00   0.10000E+00    0.17692E-02 *******         test_N_all
.9100E+00     5.000  0.138E+01   0.31952E-03   0.00000E+00   0.10000E+00    0.50249E-02 -393.51         test_N_all
.9200E+00     5.000  0.132E+01   0.21697E-03   0.00000E+00   0.10000E+00    0.50249E-02 -394.32         test_N_all
.9300E+00     5.000  0.126E+01   0.13956E-03   0.00000E+00   0.10000E+00    0.50249E-02 -394.93         test_N_all
.9400E+00     5.000  0.120E+01   0.83162E-04   0.00000E+00   0.10000E+00    0.50249E-02 -395.38         test_N_all
.9500E+00     5.000  0.114E+01   0.45504E-04   0.00000E+00   0.10000E+00    0.50249E-02 -395.68         test_N_all
.9600E+00     5.000  0.109E+01   0.20710E-04   0.00000E+00   0.10000E+00    0.50249E-02 -395.88         test_N_all
.9700E+00     5.000  0.104E+01   0.73370E-05   0.00000E+00   0.10000E+00    0.50249E-02 -395.98         test_N_all
.9800E+00     5.000  0.984E+00   0.22697E-05   0.00000E+00   0.10000E+00    0.50249E-02 -396.02         test_N_all
.9900E+00     5.000  0.932E+00   0.17641E-05   0.00000E+00   0.10000E+00    0.50249E-02 -396.03         test_N_all
.1000E+01     5.000  0.882E+00   0.00000E+00   0.00000E+00   0.10000E+00    0.50249E-02 -396.04         test_N_all
.1000E-01    10.000  0.991E+03   0.52725E+00   0.00000E+00   0.10000E+00    0.50249E-02 7229.27         test_N_all
.2000E-01    10.000  0.491E+03   0.45344E+00   0.00000E+00   0.10000E+00    0.50249E-02 4947.23         test_N_all
.3000E-01    10.000  0.324E+03   0.41533E+00   0.00000E+00   0.10000E+00    0.50249E-02 3937.85         test_N_all
.4000E-01    10.000  0.241E+03   0.39462E+00   0.00000E+00   0.10000E+00    0.50249E-02 3437.61         test_N_all
.5000E-01    10.000  0.191E+03   0.37753E+00   0.00000E+00   0.10000E+00    0.50249E-02 3050.34         test_N_all
.6000E-01    10.000  0.158E+03   0.36535E+00   0.00000E+00   0.10000E+00    0.50249E-02 2788.56         test_N_all
.7000E-01    10.000  0.134E+03   0.35452E+00   0.00000E+00   0.10000E+00    0.50249E-02 2565.54         test_N_all
.8000E-01    10.000  0.116E+03   0.34527E+00   0.00000E+00   0.10000E+00    0.50249E-02 2382.41         test_N_all
.9000E-01    10.000  0.102E+03   0.33652E+00   0.00000E+00   0.10000E+00    0.50249E-02 2215.55         test_N_all
.1000E+00    10.000  0.909E+02   0.32834E+00   0.00000E+00   0.10000E+00    0.50249E-02 2064.96         test_N_all
.1100E+00    10.000  0.818E+02   0.32022E+00   0.00000E+00   0.10000E+00    0.50249E-02 1920.61         test_N_all
.1200E+00    10.000  0.742E+02   0.31237E+00   0.00000E+00   0.10000E+00    0.50249E-02 1786.23         test_N_all
.1300E+00    10.000  0.678E+02   0.30462E+00   0.00000E+00   0.10000E+00    0.50249E-02 1658.18         test_N_all
.1400E+00    10.000  0.623E+02   0.29688E+00   0.00000E+00   0.10000E+00    0.50249E-02 1535.14         test_N_all
.1500E+00    10.000  0.575E+02   0.28921E+00   0.00000E+00   0.10000E+00    0.50249E-02 1417.89         test_N_all
.1600E+00    10.000  0.534E+02   0.28160E+00   0.00000E+00   0.10000E+00    0.50249E-02 1306.14         test_N_all
.1700E+00    10.000  0.497E+02   0.27407E+00   0.00000E+00   0.10000E+00    0.50249E-02 1200.03         test_N_all
.1800E+00    10.000  0.464E+02   0.26663E+00   0.00000E+00   0.10000E+00    0.50249E-02 1099.60         test_N_all
.1900E+00    10.000  0.435E+02   0.25928E+00   0.00000E+00   0.10000E+00    0.50249E-02 1004.79         test_N_all
.2000E+00    10.000  0.409E+02   0.25204E+00   0.00000E+00   0.10000E+00    0.50249E-02  915.45         test_N_all
.2100E+00    10.000  0.385E+02   0.24489E+00   0.00000E+00   0.10000E+00    0.50249E-02  831.45         test_N_all
.2200E+00    10.000  0.363E+02   0.23785E+00   0.00000E+00   0.10000E+00    0.50249E-02  752.58         test_N_all
.2300E+00    10.000  0.344E+02   0.23090E+00   0.00000E+00   0.10000E+00    0.50249E-02  678.64         test_N_all
.2400E+00    10.000  0.325E+02   0.22405E+00   0.00000E+00   0.10000E+00    0.50249E-02  609.40         test_N_all
.2500E+00    10.000  0.309E+02   0.21727E+00   0.00000E+00   0.10000E+00    0.50249E-02  544.68         test_N_all
.2600E+00    10.000  0.293E+02   0.21057E+00   0.00000E+00   0.10000E+00    0.50249E-02  484.20         test_N_all
.2700E+00    10.000  0.279E+02   0.20394E+00   0.00000E+00   0.10000E+00    0.50249E-02  427.87         test_N_all
.2800E+00    10.000  0.266E+02   0.19738E+00   0.00000E+00   0.10000E+00    0.50249E-02  375.56         test_N_all
.2900E+00    10.000  0.254E+02   0.19087E+00   0.00000E+00   0.10000E+00    0.50249E-02  327.01         test_N_all
.3000E+00    10.000  0.242E+02   0.18441E+00   0.00000E+00   0.10000E+00    0.18868E-02 2001.44         test_N_all
.3100E+00    10.000  0.231E+02   0.17799E+00   0.00000E+00   0.10000E+00    0.50249E-02  240.88         test_N_all
.3200E+00    10.000  0.221E+02   0.17161E+00   0.00000E+00   0.10000E+00    0.50249E-02  203.10         test_N_all
.3300E+00    10.000  0.212E+02   0.16528E+00   0.00000E+00   0.10000E+00    0.50249E-02  168.75         test_N_all
.3400E+00    10.000  0.203E+02   0.15898E+00   0.00000E+00   0.10000E+00    0.50249E-02  137.76         test_N_all
.3500E+00    10.000  0.195E+02   0.15273E+00   0.00000E+00   0.10000E+00    0.50249E-02  110.11         test_N_all
.3600E+00    10.000  0.187E+02   0.14652E+00   0.00000E+00   0.10000E+00    0.50249E-02   85.72         test_N_all
.3700E+00    10.000  0.179E+02   0.14037E+00   0.00000E+00   0.10000E+00    0.50249E-02   64.56         test_N_all
.3800E+00    10.000  0.172E+02   0.13429E+00   0.00000E+00   0.10000E+00    0.50249E-02   46.56         test_N_all
.3900E+00    10.000  0.165E+02   0.12827E+00   0.00000E+00   0.10000E+00    0.50249E-02   31.65         test_N_all
.4000E+00    10.000  0.159E+02   0.12233E+00   0.00000E+00   0.10000E+00    0.17692E-02  159.32         test_N_all
.4100E+00    10.000  0.153E+02   0.11648E+00   0.00000E+00   0.10000E+00    0.50249E-02   10.76         test_N_all
.4200E+00    10.000  0.147E+02   0.11073E+00   0.00000E+00   0.10000E+00    0.50249E-02    4.56         test_N_all
.4300E+00    10.000  0.141E+02   0.10508E+00   0.00000E+00   0.10000E+00    0.50249E-02    1.02         test_N_all
.4400E+00    10.000  0.136E+02   0.99554E-01   0.00000E+00   0.10000E+00    0.50249E-02   -0.01         test_N_all
.4500E+00    10.000  0.131E+02   0.94150E-01   0.00000E+00   0.10000E+00    0.50249E-02   -1.36         test_N_all
.4600E+00    10.000  0.126E+02   0.88887E-01   0.00000E+00   0.10000E+00    0.50249E-02   -4.89         test_N_all
.4700E+00    10.000  0.122E+02   0.83764E-01   0.00000E+00   0.10000E+00    0.50249E-02  -10.44         test_N_all
.4800E+00    10.000  0.117E+02   0.78793E-01   0.00000E+00   0.10000E+00    0.50249E-02  -17.81         test_N_all
.4900E+00    10.000  0.113E+02   0.73982E-01   0.00000E+00   0.10000E+00    0.50249E-02  -26.81         test_N_all
.5000E+00    10.000  0.109E+02   0.69331E-01   0.00000E+00   0.10000E+00    0.17692E-02 -300.51         test_N_all
.5100E+00    10.000  0.105E+02   0.64853E-01   0.00000E+00   0.10000E+00    0.50249E-02  -48.92         test_N_all
.5200E+00    10.000  0.101E+02   0.60546E-01   0.00000E+00   0.10000E+00    0.50249E-02  -61.65         test_N_all
.5300E+00    10.000  0.975E+01   0.56415E-01   0.00000E+00   0.10000E+00    0.50249E-02  -75.24         test_N_all
.5400E+00    10.000  0.940E+01   0.52463E-01   0.00000E+00   0.10000E+00    0.50249E-02  -89.50         test_N_all
.5500E+00    10.000  0.906E+01   0.48687E-01   0.00000E+00   0.10000E+00    0.50249E-02 -104.28         test_N_all
.5600E+00    10.000  0.874E+01   0.45094E-01   0.00000E+00   0.10000E+00    0.50249E-02 -119.39         test_N_all
.5700E+00    10.000  0.843E+01   0.41678E-01   0.00000E+00   0.10000E+00    0.50249E-02 -134.71         test_N_all
.5800E+00    10.000  0.812E+01   0.38439E-01   0.00000E+00   0.10000E+00    0.50249E-02 -150.09         test_N_all
.5900E+00    10.000  0.783E+01   0.35376E-01   0.00000E+00   0.10000E+00    0.50249E-02 -165.40         test_N_all
.6000E+00    10.000  0.755E+01   0.32485E-01   0.00000E+00   0.10000E+00    0.17692E-02 *******         test_N_all
.6100E+00    10.000  0.728E+01   0.29763E-01   0.00000E+00   0.10000E+00    0.50249E-02 -195.37         test_N_all
.6200E+00    10.000  0.701E+01   0.27206E-01   0.00000E+00   0.10000E+00    0.50249E-02 -209.86         test_N_all
.6300E+00    10.000  0.675E+01   0.24809E-01   0.00000E+00   0.10000E+00    0.50249E-02 -223.91         test_N_all
.6400E+00    10.000  0.651E+01   0.22568E-01   0.00000E+00   0.10000E+00    0.50249E-02 -237.45         test_N_all
.6500E+00    10.000  0.627E+01   0.20477E-01   0.00000E+00   0.10000E+00    0.50249E-02 -250.45         test_N_all
.6600E+00    10.000  0.603E+01   0.18530E-01   0.00000E+00   0.10000E+00    0.50249E-02 -262.87         test_N_all
.6700E+00    10.000  0.581E+01   0.16722E-01   0.00000E+00   0.10000E+00    0.50249E-02 -274.66         test_N_all
.6800E+00    10.000  0.559E+01   0.15046E-01   0.00000E+00   0.10000E+00    0.50249E-02 -285.83         test_N_all
.6900E+00    10.000  0.537E+01   0.13497E-01   0.00000E+00   0.10000E+00    0.50249E-02 -296.35         test_N_all
.7000E+00    10.000  0.517E+01   0.12069E-01   0.00000E+00   0.10000E+00    0.17692E-02 *******         test_N_all
.7100E+00    10.000  0.497E+01   0.10754E-01   0.00000E+00   0.10000E+00    0.50249E-02 -315.44         test_N_all
.7200E+00    10.000  0.477E+01   0.95473E-02   0.00000E+00   0.10000E+00    0.50249E-02 -324.03         test_N_all
.7300E+00    10.000  0.458E+01   0.84432E-02   0.00000E+00   0.10000E+00    0.50249E-02 -331.99         test_N_all
.7400E+00    10.000  0.440E+01   0.74347E-02   0.00000E+00   0.10000E+00    0.50249E-02 -339.34         test_N_all
.7500E+00    10.000  0.422E+01   0.65177E-02   0.00000E+00   0.10000E+00    0.50249E-02 -346.10         test_N_all
.7600E+00    10.000  0.404E+01   0.56843E-02   0.00000E+00   0.10000E+00    0.50249E-02 -352.30         test_N_all
.7700E+00    10.000  0.387E+01   0.49311E-02   0.00000E+00   0.10000E+00    0.50249E-02 -357.94         test_N_all
.7800E+00    10.000  0.370E+01   0.42525E-02   0.00000E+00   0.10000E+00    0.50249E-02 -363.07         test_N_all
.7900E+00    10.000  0.354E+01   0.36427E-02   0.00000E+00   0.10000E+00    0.50249E-02 -367.71         test_N_all
.8000E+00    10.000  0.338E+01   0.30980E-02   0.00000E+00   0.10000E+00    0.17692E-02 *******         test_N_all
.8100E+00    10.000  0.323E+01   0.26129E-02   0.00000E+00   0.10000E+00    0.50249E-02 -375.61         test_N_all
.8200E+00    10.000  0.308E+01   0.21842E-02   0.00000E+00   0.10000E+00    0.50249E-02 -378.93         test_N_all
.8300E+00    10.000  0.293E+01   0.18074E-02   0.00000E+00   0.10000E+00    0.50249E-02 -381.85         test_N_all
.8400E+00    10.000  0.279E+01   0.14779E-02   0.00000E+00   0.10000E+00    0.50249E-02 -384.42         test_N_all
.8500E+00    10.000  0.265E+01   0.11933E-02   0.00000E+00   0.10000E+00    0.50249E-02 -386.64         test_N_all
.8600E+00    10.000  0.251E+01   0.94819E-03   0.00000E+00   0.10000E+00    0.50249E-02 -388.56         test_N_all
.8700E+00    10.000  0.238E+01   0.74058E-03   0.00000E+00   0.10000E+00    0.50249E-02 -390.20         test_N_all
.8800E+00    10.000  0.225E+01   0.56674E-03   0.00000E+00   0.10000E+00    0.50249E-02 -391.56         test_N_all
.8900E+00    10.000  0.212E+01   0.42300E-03   0.00000E+00   0.10000E+00    0.50249E-02 -392.70         test_N_all
.9000E+00    10.000  0.199E+01   0.30711E-03   0.00000E+00   0.10000E+00    0.17692E-02 *******         test_N_all
.9100E+00    10.000  0.187E+01   0.21464E-03   0.00000E+00   0.10000E+00    0.50249E-02 -394.34         test_N_all
.9200E+00    10.000  0.175E+01   0.14370E-03   0.00000E+00   0.10000E+00    0.50249E-02 -394.90         test_N_all
.9300E+00    10.000  0.163E+01   0.90977E-04   0.00000E+00   0.10000E+00    0.50249E-02 -395.32         test_N_all
.9400E+00    10.000  0.152E+01   0.53146E-04   0.00000E+00   0.10000E+00    0.50249E-02 -395.62         test_N_all
.9500E+00    10.000  0.141E+01   0.28547E-04   0.00000E+00   0.10000E+00    0.50249E-02 -395.81         test_N_all
.9600E+00    10.000  0.130E+01   0.12566E-04   0.00000E+00   0.10000E+00    0.50249E-02 -395.94         test_N_all
.9700E+00    10.000  0.119E+01   0.42914E-05   0.00000E+00   0.10000E+00    0.50249E-02 -396.01         test_N_all
.9800E+00    10.000  0.109E+01   0.14748E-05   0.00000E+00   0.10000E+00    0.50249E-02 -396.03         test_N_all
.9900E+00    10.000  0.983E+00   0.14343E-05   0.00000E+00   0.10000E+00    0.50249E-02 -396.03         test_N_all
.1000E+01    10.000  0.882E+00   0.00000E+00   0.00000E+00   0.10000E+00    0.50249E-02 -396.04         test_N_all
.1000E-01    20.000  0.198E+04   0.60612E+00   0.00000E+00   0.10000E+00    0.50249E-02 *******         test_N_all
.2000E-01    20.000  0.981E+03   0.50613E+00   0.00000E+00   0.10000E+00    0.50249E-02 6532.18         test_N_all
.3000E-01    20.000  0.648E+03   0.45347E+00   0.00000E+00   0.10000E+00    0.50249E-02 4948.22         test_N_all
.4000E-01    20.000  0.481E+03   0.42439E+00   0.00000E+00   0.10000E+00    0.50249E-02 4167.54         test_N_all
.5000E-01    20.000  0.381E+03   0.40013E+00   0.00000E+00   0.10000E+00    0.50249E-02 3567.55         test_N_all
.6000E-01    20.000  0.314E+03   0.38286E+00   0.00000E+00   0.10000E+00    0.50249E-02 3168.60         test_N_all
.7000E-01    20.000  0.267E+03   0.36749E+00   0.00000E+00   0.10000E+00    0.50249E-02 2833.76         test_N_all
.8000E-01    20.000  0.231E+03   0.35478E+00   0.00000E+00   0.10000E+00    0.50249E-02 2570.81         test_N_all
.9000E-01    20.000  0.203E+03   0.34303E+00   0.00000E+00   0.10000E+00    0.50249E-02 2339.09         test_N_all
.1000E+00    20.000  0.181E+03   0.33234E+00   0.00000E+00   0.10000E+00    0.50249E-02 2137.97         test_N_all
.1100E+00    20.000  0.163E+03   0.32208E+00   0.00000E+00   0.10000E+00    0.50249E-02 1953.22         test_N_all
.1200E+00    20.000  0.148E+03   0.31231E+00   0.00000E+00   0.10000E+00    0.50249E-02 1785.14         test_N_all
.1300E+00    20.000  0.135E+03   0.30290E+00   0.00000E+00   0.10000E+00    0.50249E-02 1630.46         test_N_all
.1400E+00    20.000  0.124E+03   0.29372E+00   0.00000E+00   0.10000E+00    0.50249E-02 1486.26         test_N_all
.1500E+00    20.000  0.114E+03   0.28482E+00   0.00000E+00   0.10000E+00    0.50249E-02 1352.85         test_N_all
.1600E+00    20.000  0.106E+03   0.27612E+00   0.00000E+00   0.10000E+00    0.50249E-02 1228.49         test_N_all
.1700E+00    20.000  0.985E+02   0.26764E+00   0.00000E+00   0.10000E+00    0.50249E-02 1113.04         test_N_all
.1800E+00    20.000  0.920E+02   0.25937E+00   0.00000E+00   0.10000E+00    0.50249E-02 1005.91         test_N_all
.1900E+00    20.000  0.861E+02   0.25129E+00   0.00000E+00   0.10000E+00    0.50249E-02  906.45         test_N_all
.2000E+00    20.000  0.809E+02   0.24339E+00   0.00000E+00   0.10000E+00    0.50249E-02  814.31         test_N_all
.2100E+00    20.000  0.761E+02   0.23566E+00   0.00000E+00   0.10000E+00    0.50249E-02  728.90         test_N_all
.2200E+00    20.000  0.718E+02   0.22810E+00   0.00000E+00   0.10000E+00    0.50249E-02  649.89         test_N_all
.2300E+00    20.000  0.678E+02   0.22069E+00   0.00000E+00   0.10000E+00    0.50249E-02  576.86         test_N_all
.2400E+00    20.000  0.642E+02   0.21341E+00   0.00000E+00   0.10000E+00    0.50249E-02  509.39         test_N_all
.2500E+00    20.000  0.609E+02   0.20627E+00   0.00000E+00   0.10000E+00    0.50249E-02  447.24         test_N_all
.2600E+00    20.000  0.578E+02   0.19923E+00   0.00000E+00   0.10000E+00    0.50249E-02  389.98         test_N_all
.2700E+00    20.000  0.550E+02   0.19231E+00   0.00000E+00   0.10000E+00    0.50249E-02  337.46         test_N_all
.2800E+00    20.000  0.523E+02   0.18548E+00   0.00000E+00   0.10000E+00    0.50249E-02  289.40         test_N_all
.2900E+00    20.000  0.498E+02   0.17874E+00   0.00000E+00   0.10000E+00    0.50249E-02  245.57         test_N_all
.3000E+00    20.000  0.475E+02   0.17209E+00   0.00000E+00   0.10000E+00    0.18868E-02 1459.92         test_N_all
.3100E+00    20.000  0.454E+02   0.16553E+00   0.00000E+00   0.10000E+00    0.50249E-02  170.05         test_N_all
.3200E+00    20.000  0.434E+02   0.15904E+00   0.00000E+00   0.10000E+00    0.50249E-02  138.05         test_N_all
.3300E+00    20.000  0.415E+02   0.15263E+00   0.00000E+00   0.10000E+00    0.50249E-02  109.71         test_N_all
.3400E+00    20.000  0.397E+02   0.14630E+00   0.00000E+00   0.10000E+00    0.50249E-02   84.91         test_N_all
.3500E+00    20.000  0.380E+02   0.14006E+00   0.00000E+00   0.10000E+00    0.50249E-02   63.54         test_N_all
.3600E+00    20.000  0.364E+02   0.13389E+00   0.00000E+00   0.10000E+00    0.50249E-02   45.49         test_N_all
.3700E+00    20.000  0.349E+02   0.12782E+00   0.00000E+00   0.10000E+00    0.50249E-02   30.65         test_N_all
.3800E+00    20.000  0.335E+02   0.12184E+00   0.00000E+00   0.10000E+00    0.50249E-02   18.90         test_N_all
.3900E+00    20.000  0.322E+02   0.11597E+00   0.00000E+00   0.10000E+00    0.50249E-02   10.10         test_N_all
.4000E+00    20.000  0.309E+02   0.11021E+00   0.00000E+00   0.10000E+00    0.17692E-02   33.30         test_N_all
.4100E+00    20.000  0.297E+02   0.10457E+00   0.00000E+00   0.10000E+00    0.50249E-02    0.83         test_N_all
.4200E+00    20.000  0.285E+02   0.99054E-01   0.00000E+00   0.10000E+00    0.50249E-02   -0.04         test_N_all
.4300E+00    20.000  0.274E+02   0.93673E-01   0.00000E+00   0.10000E+00    0.50249E-02   -1.59         test_N_all
.4400E+00    20.000  0.263E+02   0.88435E-01   0.00000E+00   0.10000E+00    0.50249E-02   -5.30         test_N_all
.4500E+00    20.000  0.253E+02   0.83343E-01   0.00000E+00   0.10000E+00    0.50249E-02  -10.99         test_N_all
.4600E+00    20.000  0.244E+02   0.78411E-01   0.00000E+00   0.10000E+00    0.50249E-02  -18.46         test_N_all
.4700E+00    20.000  0.234E+02   0.73638E-01   0.00000E+00   0.10000E+00    0.50249E-02  -27.52         test_N_all
.4800E+00    20.000  0.225E+02   0.69029E-01   0.00000E+00   0.10000E+00    0.50249E-02  -37.99         test_N_all
.4900E+00    20.000  0.217E+02   0.64592E-01   0.00000E+00   0.10000E+00    0.50249E-02  -49.65         test_N_all
.5000E+00    20.000  0.209E+02   0.60325E-01   0.00000E+00   0.10000E+00    0.17692E-02 -502.90         test_N_all
.5100E+00    20.000  0.201E+02   0.56237E-01   0.00000E+00   0.10000E+00    0.50249E-02  -75.85         test_N_all
.5200E+00    20.000  0.193E+02   0.52325E-01   0.00000E+00   0.10000E+00    0.50249E-02  -90.02         test_N_all
.5300E+00    20.000  0.186E+02   0.48589E-01   0.00000E+00   0.10000E+00    0.50249E-02 -104.68         test_N_all
.5400E+00    20.000  0.179E+02   0.45033E-01   0.00000E+00   0.10000E+00    0.50249E-02 -119.66         test_N_all
.5500E+00    20.000  0.172E+02   0.41651E-01   0.00000E+00   0.10000E+00    0.50249E-02 -134.84         test_N_all
.5600E+00    20.000  0.166E+02   0.38447E-01   0.00000E+00   0.10000E+00    0.50249E-02 -150.05         test_N_all
.5700E+00    20.000  0.160E+02   0.35415E-01   0.00000E+00   0.10000E+00    0.50249E-02 -165.20         test_N_all
.5800E+00    20.000  0.154E+02   0.32553E-01   0.00000E+00   0.10000E+00    0.50249E-02 -180.16         test_N_all
.5900E+00    20.000  0.148E+02   0.29858E-01   0.00000E+00   0.10000E+00    0.50249E-02 -194.85         test_N_all
.6000E+00    20.000  0.142E+02   0.27324E-01   0.00000E+00   0.10000E+00    0.17692E-02 *******         test_N_all
.6100E+00    20.000  0.137E+02   0.24950E-01   0.00000E+00   0.10000E+00    0.50249E-02 -223.07         test_N_all
.6200E+00    20.000  0.131E+02   0.22728E-01   0.00000E+00   0.10000E+00    0.50249E-02 -236.48         test_N_all
.6300E+00    20.000  0.126E+02   0.20654E-01   0.00000E+00   0.10000E+00    0.50249E-02 -249.34         test_N_all
.6400E+00    20.000  0.121E+02   0.18722E-01   0.00000E+00   0.10000E+00    0.50249E-02 -261.63         test_N_all
.6500E+00    20.000  0.117E+02   0.16927E-01   0.00000E+00   0.10000E+00    0.50249E-02 -273.31         test_N_all
.6600E+00    20.000  0.112E+02   0.15263E-01   0.00000E+00   0.10000E+00    0.50249E-02 -284.37         test_N_all
.6700E+00    20.000  0.107E+02   0.13723E-01   0.00000E+00   0.10000E+00    0.50249E-02 -294.80         test_N_all
.6800E+00    20.000  0.103E+02   0.12302E-01   0.00000E+00   0.10000E+00    0.50249E-02 -304.59         test_N_all
.6900E+00    20.000  0.987E+01   0.10994E-01   0.00000E+00   0.10000E+00    0.50249E-02 -313.75         test_N_all
.7000E+00    20.000  0.945E+01   0.97924E-02   0.00000E+00   0.10000E+00    0.17692E-02 *******         test_N_all
.7100E+00    20.000  0.905E+01   0.86906E-02   0.00000E+00   0.10000E+00    0.50249E-02 -330.19         test_N_all
.7200E+00    20.000  0.866E+01   0.76843E-02   0.00000E+00   0.10000E+00    0.50249E-02 -337.51         test_N_all
.7300E+00    20.000  0.828E+01   0.67672E-02   0.00000E+00   0.10000E+00    0.50249E-02 -344.25         test_N_all
.7400E+00    20.000  0.791E+01   0.59331E-02   0.00000E+00   0.10000E+00    0.50249E-02 -350.44         test_N_all
.7500E+00    20.000  0.755E+01   0.51781E-02   0.00000E+00   0.10000E+00    0.50249E-02 -356.09         test_N_all
.7600E+00    20.000  0.720E+01   0.44950E-02   0.00000E+00   0.10000E+00    0.50249E-02 -361.24         test_N_all
.7700E+00    20.000  0.686E+01   0.38806E-02   0.00000E+00   0.10000E+00    0.50249E-02 -365.90         test_N_all
.7800E+00    20.000  0.652E+01   0.33298E-02   0.00000E+00   0.10000E+00    0.50249E-02 -370.10         test_N_all
.7900E+00    20.000  0.620E+01   0.28374E-02   0.00000E+00   0.10000E+00    0.50249E-02 -373.88         test_N_all
.8000E+00    20.000  0.588E+01   0.24001E-02   0.00000E+00   0.10000E+00    0.17692E-02 *******         test_N_all
.8100E+00    20.000  0.557E+01   0.20127E-02   0.00000E+00   0.10000E+00    0.50249E-02 -380.26         test_N_all
.8200E+00    20.000  0.527E+01   0.16724E-02   0.00000E+00   0.10000E+00    0.50249E-02 -382.90         test_N_all
.8300E+00    20.000  0.498E+01   0.13751E-02   0.00000E+00   0.10000E+00    0.50249E-02 -385.22         test_N_all
.8400E+00    20.000  0.469E+01   0.11170E-02   0.00000E+00   0.10000E+00    0.50249E-02 -387.24         test_N_all
.8500E+00    20.000  0.441E+01   0.89553E-03   0.00000E+00   0.10000E+00    0.50249E-02 -388.98         test_N_all
.8600E+00    20.000  0.414E+01   0.70623E-03   0.00000E+00   0.10000E+00    0.50249E-02 -390.47         test_N_all
.8700E+00    20.000  0.387E+01   0.54720E-03   0.00000E+00   0.10000E+00    0.50249E-02 -391.72         test_N_all
.8800E+00    20.000  0.361E+01   0.41518E-03   0.00000E+00   0.10000E+00    0.50249E-02 -392.76         test_N_all
.8900E+00    20.000  0.335E+01   0.30699E-03   0.00000E+00   0.10000E+00    0.50249E-02 -393.61         test_N_all
.9000E+00    20.000  0.310E+01   0.22071E-03   0.00000E+00   0.10000E+00    0.17692E-02 *******         test_N_all
.9100E+00    20.000  0.286E+01   0.15250E-03   0.00000E+00   0.10000E+00    0.50249E-02 -394.83         test_N_all
.9200E+00    20.000  0.262E+01   0.10085E-03   0.00000E+00   0.10000E+00    0.50249E-02 -395.24         test_N_all
.9300E+00    20.000  0.239E+01   0.62978E-04   0.00000E+00   0.10000E+00    0.50249E-02 -395.54         test_N_all
.9400E+00    20.000  0.216E+01   0.36156E-04   0.00000E+00   0.10000E+00    0.50249E-02 -395.75         test_N_all
.9500E+00    20.000  0.193E+01   0.19120E-04   0.00000E+00   0.10000E+00    0.50249E-02 -395.89         test_N_all
.9600E+00    20.000  0.172E+01   0.81767E-05   0.00000E+00   0.10000E+00    0.50249E-02 -395.97         test_N_all
.9700E+00    20.000  0.150E+01   0.27179E-05   0.00000E+00   0.10000E+00    0.50249E-02 -396.02         test_N_all
.9800E+00    20.000  0.129E+01   0.10540E-05   0.00000E+00   0.10000E+00    0.50249E-02 -396.03         test_N_all
.9900E+00    20.000  0.108E+01   0.11825E-05   0.00000E+00   0.10000E+00    0.50249E-02 -396.03         test_N_all
.1000E+01    20.000  0.882E+00   0.00000E+00   0.00000E+00   0.10000E+00    0.50249E-02 -396.04         test_N_all
.1000E+00    50.000  0.451E+03   0.33517E+00   0.00000E+00   0.10000E+00    0.50249E-02 2190.31         test_N_all
.1100E+00    50.000  0.405E+03   0.32246E+00   0.00000E+00   0.10000E+00    0.50249E-02 1960.03         test_N_all
.1200E+00    50.000  0.368E+03   0.31065E+00   0.00000E+00   0.10000E+00    0.50249E-02 1757.37         test_N_all
.1300E+00    50.000  0.335E+03   0.29951E+00   0.00000E+00   0.10000E+00    0.50249E-02 1576.44         test_N_all
.1400E+00    50.000  0.308E+03   0.28884E+00   0.00000E+00   0.10000E+00    0.50249E-02 1412.26         test_N_all
.1500E+00    50.000  0.284E+03   0.27868E+00   0.00000E+00   0.10000E+00    0.50249E-02 1264.37         test_N_all
.1600E+00    50.000  0.263E+03   0.26887E+00   0.00000E+00   0.10000E+00    0.50249E-02 1129.40         test_N_all
.1700E+00    50.000  0.245E+03   0.25944E+00   0.00000E+00   0.10000E+00    0.50249E-02 1006.81         test_N_all
.1800E+00    50.000  0.229E+03   0.25035E+00   0.00000E+00   0.10000E+00    0.50249E-02  895.25         test_N_all
.1900E+00    50.000  0.214E+03   0.24154E+00   0.00000E+00   0.10000E+00    0.50249E-02  793.46         test_N_all
.2000E+00    50.000  0.201E+03   0.23303E+00   0.00000E+00   0.10000E+00    0.50249E-02  700.84         test_N_all
.2100E+00    50.000  0.189E+03   0.22474E+00   0.00000E+00   0.10000E+00    0.50249E-02  616.28         test_N_all
.2200E+00    50.000  0.178E+03   0.21670E+00   0.00000E+00   0.10000E+00    0.50249E-02  539.33         test_N_all
.2300E+00    50.000  0.168E+03   0.20886E+00   0.00000E+00   0.10000E+00    0.50249E-02  469.34         test_N_all
.2400E+00    50.000  0.159E+03   0.20121E+00   0.00000E+00   0.10000E+00    0.50249E-02  405.71         test_N_all
.2500E+00    50.000  0.151E+03   0.19375E+00   0.00000E+00   0.10000E+00    0.50249E-02  348.08         test_N_all
.2600E+00    50.000  0.143E+03   0.18644E+00   0.00000E+00   0.10000E+00    0.50249E-02  295.92         test_N_all
.2700E+00    50.000  0.136E+03   0.17929E+00   0.00000E+00   0.10000E+00    0.50249E-02  248.96         test_N_all
.2800E+00    50.000  0.129E+03   0.17227E+00   0.00000E+00   0.10000E+00    0.50249E-02  206.87         test_N_all
.2900E+00    50.000  0.123E+03   0.16539E+00   0.00000E+00   0.10000E+00    0.50249E-02  169.34         test_N_all
.3000E+00    50.000  0.118E+03   0.15864E+00   0.00000E+00   0.10000E+00    0.18868E-02  965.80         test_N_all
.3100E+00    50.000  0.112E+03   0.15200E+00   0.00000E+00   0.10000E+00    0.50249E-02  107.08         test_N_all
.3200E+00    50.000  0.107E+03   0.14548E+00   0.00000E+00   0.10000E+00    0.50249E-02   81.92         test_N_all
.3300E+00    50.000  0.102E+03   0.13908E+00   0.00000E+00   0.10000E+00    0.50249E-02   60.49         test_N_all
.3400E+00    50.000  0.979E+02   0.13280E+00   0.00000E+00   0.10000E+00    0.50249E-02   42.60         test_N_all
.3500E+00    50.000  0.937E+02   0.12664E+00   0.00000E+00   0.10000E+00    0.50249E-02   28.10         test_N_all
.3600E+00    50.000  0.898E+02   0.12059E+00   0.00000E+00   0.10000E+00    0.50249E-02   16.80         test_N_all
.3700E+00    50.000  0.860E+02   0.11468E+00   0.00000E+00   0.10000E+00    0.50249E-02    8.53         test_N_all
.3800E+00    50.000  0.825E+02   0.10889E+00   0.00000E+00   0.10000E+00    0.50249E-02    3.13         test_N_all
.3900E+00    50.000  0.791E+02   0.10325E+00   0.00000E+00   0.10000E+00    0.50249E-02    0.42         test_N_all
.4000E+00    50.000  0.759E+02   0.97743E-01   0.00000E+00   0.10000E+00    0.17692E-02   -1.63         test_N_all
.4100E+00    50.000  0.728E+02   0.92387E-01   0.00000E+00   0.10000E+00    0.50249E-02   -2.30         test_N_all
.4200E+00    50.000  0.699E+02   0.87182E-01   0.00000E+00   0.10000E+00    0.50249E-02   -6.51         test_N_all
.4300E+00    50.000  0.672E+02   0.82134E-01   0.00000E+00   0.10000E+00    0.50249E-02  -12.64         test_N_all
.4400E+00    50.000  0.645E+02   0.77249E-01   0.00000E+00   0.10000E+00    0.50249E-02  -20.50         test_N_all
.4500E+00    50.000  0.620E+02   0.72528E-01   0.00000E+00   0.10000E+00    0.50249E-02  -29.89         test_N_all
.4600E+00    50.000  0.596E+02   0.67980E-01   0.00000E+00   0.10000E+00    0.50249E-02  -40.60         test_N_all
.4700E+00    50.000  0.573E+02   0.63604E-01   0.00000E+00   0.10000E+00    0.50249E-02  -52.46         test_N_all
.4800E+00    50.000  0.550E+02   0.59402E-01   0.00000E+00   0.10000E+00    0.50249E-02  -65.27         test_N_all
.4900E+00    50.000  0.529E+02   0.55378E-01   0.00000E+00   0.10000E+00    0.50249E-02  -78.86         test_N_all
.5000E+00    50.000  0.509E+02   0.51530E-01   0.00000E+00   0.10000E+00    0.17692E-02 -750.60         test_N_all
.5100E+00    50.000  0.489E+02   0.47861E-01   0.00000E+00   0.10000E+00    0.50249E-02 -107.66         test_N_all
.5200E+00    50.000  0.470E+02   0.44368E-01   0.00000E+00   0.10000E+00    0.50249E-02 -122.57         test_N_all
.5300E+00    50.000  0.452E+02   0.41050E-01   0.00000E+00   0.10000E+00    0.50249E-02 -137.63         test_N_all
.5400E+00    50.000  0.435E+02   0.37907E-01   0.00000E+00   0.10000E+00    0.50249E-02 -152.70         test_N_all
.5500E+00    50.000  0.418E+02   0.34933E-01   0.00000E+00   0.10000E+00    0.50249E-02 -167.67         test_N_all
.5600E+00    50.000  0.402E+02   0.32128E-01   0.00000E+00   0.10000E+00    0.50249E-02 -182.44         test_N_all
.5700E+00    50.000  0.386E+02   0.29486E-01   0.00000E+00   0.10000E+00    0.50249E-02 -196.92         test_N_all
.5800E+00    50.000  0.371E+02   0.27004E-01   0.00000E+00   0.10000E+00    0.50249E-02 -211.03         test_N_all
.5900E+00    50.000  0.356E+02   0.24677E-01   0.00000E+00   0.10000E+00    0.50249E-02 -224.69         test_N_all
.6000E+00    50.000  0.342E+02   0.22501E-01   0.00000E+00   0.10000E+00    0.17692E-02 *******         test_N_all
.6100E+00    50.000  0.328E+02   0.20469E-01   0.00000E+00   0.10000E+00    0.50249E-02 -250.50         test_N_all
.6200E+00    50.000  0.315E+02   0.18576E-01   0.00000E+00   0.10000E+00    0.50249E-02 -262.57         test_N_all
.6300E+00    50.000  0.302E+02   0.16818E-01   0.00000E+00   0.10000E+00    0.50249E-02 -274.03         test_N_all
.6400E+00    50.000  0.290E+02   0.15187E-01   0.00000E+00   0.10000E+00    0.50249E-02 -284.88         test_N_all
.6500E+00    50.000  0.278E+02   0.13678E-01   0.00000E+00   0.10000E+00    0.50249E-02 -295.11         test_N_all
.6600E+00    50.000  0.266E+02   0.12284E-01   0.00000E+00   0.10000E+00    0.50249E-02 -304.71         test_N_all
.6700E+00    50.000  0.255E+02   0.11001E-01   0.00000E+00   0.10000E+00    0.50249E-02 -313.69         test_N_all
.6800E+00    50.000  0.244E+02   0.98222E-02   0.00000E+00   0.10000E+00    0.50249E-02 -322.06         test_N_all
.6900E+00    50.000  0.233E+02   0.87410E-02   0.00000E+00   0.10000E+00    0.50249E-02 -329.83         test_N_all
.7000E+00    50.000  0.223E+02   0.77530E-02   0.00000E+00   0.10000E+00    0.17692E-02 *******         test_N_all
.7100E+00    50.000  0.213E+02   0.68507E-02   0.00000E+00   0.10000E+00    0.50249E-02 -343.64         test_N_all
.7200E+00    50.000  0.203E+02   0.60303E-02   0.00000E+00   0.10000E+00    0.50249E-02 -349.71         test_N_all
.7300E+00    50.000  0.194E+02   0.52862E-02   0.00000E+00   0.10000E+00    0.50249E-02 -355.28         test_N_all
.7400E+00    50.000  0.184E+02   0.46125E-02   0.00000E+00   0.10000E+00    0.50249E-02 -360.35         test_N_all
.7500E+00    50.000  0.175E+02   0.40059E-02   0.00000E+00   0.10000E+00    0.50249E-02 -364.95         test_N_all
.7600E+00    50.000  0.167E+02   0.34597E-02   0.00000E+00   0.10000E+00    0.50249E-02 -369.11         test_N_all
.7700E+00    50.000  0.158E+02   0.29710E-02   0.00000E+00   0.10000E+00    0.50249E-02 -372.86         test_N_all
.7800E+00    50.000  0.150E+02   0.25352E-02   0.00000E+00   0.10000E+00    0.50249E-02 -376.21         test_N_all
.7900E+00    50.000  0.142E+02   0.21479E-02   0.00000E+00   0.10000E+00    0.50249E-02 -379.21         test_N_all
.8000E+00    50.000  0.134E+02   0.18060E-02   0.00000E+00   0.10000E+00    0.17692E-02 *******         test_N_all
.8100E+00    50.000  0.126E+02   0.15049E-02   0.00000E+00   0.10000E+00    0.50249E-02 -384.21         test_N_all
.8200E+00    50.000  0.119E+02   0.12422E-02   0.00000E+00   0.10000E+00    0.50249E-02 -386.26         test_N_all
.8300E+00    50.000  0.111E+02   0.10143E-02   0.00000E+00   0.10000E+00    0.50249E-02 -388.05         test_N_all
.8400E+00    50.000  0.104E+02   0.81780E-03   0.00000E+00   0.10000E+00    0.50249E-02 -389.59         test_N_all
.8500E+00    50.000  0.971E+01   0.65063E-03   0.00000E+00   0.10000E+00    0.50249E-02 -390.90         test_N_all
.8600E+00    50.000  0.902E+01   0.50881E-03   0.00000E+00   0.10000E+00    0.50249E-02 -392.02         test_N_all
.8700E+00    50.000  0.835E+01   0.39076E-03   0.00000E+00   0.10000E+00    0.50249E-02 -392.95         test_N_all
.8800E+00    50.000  0.770E+01   0.29368E-03   0.00000E+00   0.10000E+00    0.50249E-02 -393.72         test_N_all
.8900E+00    50.000  0.706E+01   0.21490E-03   0.00000E+00   0.10000E+00    0.50249E-02 -394.34         test_N_all
.9000E+00    50.000  0.644E+01   0.15284E-03   0.00000E+00   0.10000E+00    0.17692E-02 *******         test_N_all
.9100E+00    50.000  0.583E+01   0.10426E-03   0.00000E+00   0.10000E+00    0.50249E-02 -395.21         test_N_all
.9200E+00    50.000  0.523E+01   0.68012E-04   0.00000E+00   0.10000E+00    0.50249E-02 -395.50         test_N_all
.9300E+00    50.000  0.465E+01   0.41829E-04   0.00000E+00   0.10000E+00    0.50249E-02 -395.71         test_N_all
.9400E+00    50.000  0.407E+01   0.23548E-04   0.00000E+00   0.10000E+00    0.50249E-02 -395.85         test_N_all
.9500E+00    50.000  0.351E+01   0.12247E-04   0.00000E+00   0.10000E+00    0.50249E-02 -395.94         test_N_all
.9600E+00    50.000  0.297E+01   0.50728E-05   0.00000E+00   0.10000E+00    0.50249E-02 -396.00         test_N_all
.9700E+00    50.000  0.243E+01   0.16487E-05   0.00000E+00   0.10000E+00    0.50249E-02 -396.03         test_N_all
.9800E+00    50.000  0.190E+01   0.75134E-06   0.00000E+00   0.10000E+00    0.50249E-02 -396.03         test_N_all
.9900E+00    50.000  0.139E+01   0.94160E-06   0.00000E+00   0.10000E+00    0.50249E-02 -396.03         test_N_all
.1000E+01    50.000  0.882E+00   0.00000E+00   0.00000E+00   0.10000E+00    0.50249E-02 -396.04         test_N_all
.1000E+00   100.000  0.901E+03   0.33605E+00   0.00000E+00   0.10000E+00    0.50249E-02 2206.63         test_N_all
.1100E+00   100.000  0.810E+03   0.32180E+00   0.00000E+00   0.10000E+00    0.50249E-02 1948.35         test_N_all
.1200E+00   100.000  0.734E+03   0.30871E+00   0.00000E+00   0.10000E+00    0.50249E-02 1725.17         test_N_all
.1300E+00   100.000  0.670E+03   0.29650E+00   0.00000E+00   0.10000E+00    0.50249E-02 1529.25         test_N_all
.1400E+00   100.000  0.615E+03   0.28491E+00   0.00000E+00   0.10000E+00    0.50249E-02 1354.18         test_N_all
.1500E+00   100.000  0.568E+03   0.27399E+00   0.00000E+00   0.10000E+00    0.50249E-02 1198.87         test_N_all
.1600E+00   100.000  0.526E+03   0.26351E+00   0.00000E+00   0.10000E+00    0.50249E-02 1058.88         test_N_all
.1700E+00   100.000  0.489E+03   0.25352E+00   0.00000E+00   0.10000E+00    0.50249E-02  933.38         test_N_all
.1800E+00   100.000  0.456E+03   0.24394E+00   0.00000E+00   0.10000E+00    0.50249E-02  820.52         test_N_all
.1900E+00   100.000  0.427E+03   0.23471E+00   0.00000E+00   0.10000E+00    0.50249E-02  718.69         test_N_all
.2000E+00   100.000  0.401E+03   0.22583E+00   0.00000E+00   0.10000E+00    0.50249E-02  627.09         test_N_all
.2100E+00   100.000  0.377E+03   0.21724E+00   0.00000E+00   0.10000E+00    0.50249E-02  544.35         test_N_all
.2200E+00   100.000  0.355E+03   0.20892E+00   0.00000E+00   0.10000E+00    0.50249E-02  469.87         test_N_all
.2300E+00   100.000  0.336E+03   0.20086E+00   0.00000E+00   0.10000E+00    0.50249E-02  402.88         test_N_all
.2400E+00   100.000  0.318E+03   0.19302E+00   0.00000E+00   0.10000E+00    0.50249E-02  342.67         test_N_all
.2500E+00   100.000  0.301E+03   0.18539E+00   0.00000E+00   0.10000E+00    0.50249E-02  288.80         test_N_all
.2600E+00   100.000  0.285E+03   0.17795E+00   0.00000E+00   0.10000E+00    0.50249E-02  240.66         test_N_all
.2700E+00   100.000  0.271E+03   0.17070E+00   0.00000E+00   0.10000E+00    0.50249E-02  197.94         test_N_all
.2800E+00   100.000  0.258E+03   0.16361E+00   0.00000E+00   0.10000E+00    0.50249E-02  160.24         test_N_all
.2900E+00   100.000  0.246E+03   0.15668E+00   0.00000E+00   0.10000E+00    0.50249E-02  127.22         test_N_all
.3000E+00   100.000  0.234E+03   0.14990E+00   0.00000E+00   0.10000E+00    0.18868E-02  699.48         test_N_all
.3100E+00   100.000  0.223E+03   0.14327E+00   0.00000E+00   0.10000E+00    0.50249E-02   74.14         test_N_all
.3200E+00   100.000  0.213E+03   0.13678E+00   0.00000E+00   0.10000E+00    0.50249E-02   53.57         test_N_all
.3300E+00   100.000  0.204E+03   0.13043E+00   0.00000E+00   0.10000E+00    0.50249E-02   36.67         test_N_all
.3400E+00   100.000  0.195E+03   0.12422E+00   0.00000E+00   0.10000E+00    0.50249E-02   23.24         test_N_all
.3500E+00   100.000  0.187E+03   0.11816E+00   0.00000E+00   0.10000E+00    0.50249E-02   13.06         test_N_all
.3600E+00   100.000  0.179E+03   0.11224E+00   0.00000E+00   0.10000E+00    0.50249E-02    5.93         test_N_all
.3700E+00   100.000  0.171E+03   0.10646E+00   0.00000E+00   0.10000E+00    0.50249E-02    1.65         test_N_all
.3800E+00   100.000  0.164E+03   0.10084E+00   0.00000E+00   0.10000E+00    0.50249E-02    0.03         test_N_all
.3900E+00   100.000  0.157E+03   0.95369E-01   0.00000E+00   0.10000E+00    0.50249E-02   -0.85         test_N_all
.4000E+00   100.000  0.151E+03   0.90057E-01   0.00000E+00   0.10000E+00    0.17692E-02  -31.59         test_N_all
.4100E+00   100.000  0.145E+03   0.84908E-01   0.00000E+00   0.10000E+00    0.50249E-02   -9.02         test_N_all
.4200E+00   100.000  0.139E+03   0.79924E-01   0.00000E+00   0.10000E+00    0.50249E-02  -15.96         test_N_all
.4300E+00   100.000  0.133E+03   0.75108E-01   0.00000E+00   0.10000E+00    0.50249E-02  -24.54         test_N_all
.4400E+00   100.000  0.128E+03   0.70466E-01   0.00000E+00   0.10000E+00    0.50249E-02  -34.54         test_N_all
.4500E+00   100.000  0.123E+03   0.65997E-01   0.00000E+00   0.10000E+00    0.50249E-02  -45.79         test_N_all
.4600E+00   100.000  0.118E+03   0.61706E-01   0.00000E+00   0.10000E+00    0.50249E-02  -58.08         test_N_all
.4700E+00   100.000  0.114E+03   0.57592E-01   0.00000E+00   0.10000E+00    0.50249E-02  -71.23         test_N_all
.4800E+00   100.000  0.109E+03   0.53656E-01   0.00000E+00   0.10000E+00    0.50249E-02  -85.06         test_N_all
.4900E+00   100.000  0.105E+03   0.49900E-01   0.00000E+00   0.10000E+00    0.50249E-02  -99.41         test_N_all
.5000E+00   100.000  0.101E+03   0.46320E-01   0.00000E+00   0.10000E+00    0.17692E-02 -920.63         test_N_all
.5100E+00   100.000  0.970E+02   0.42919E-01   0.00000E+00   0.10000E+00    0.50249E-02 -129.04         test_N_all
.5200E+00   100.000  0.932E+02   0.39691E-01   0.00000E+00   0.10000E+00    0.50249E-02 -144.05         test_N_all
.5300E+00   100.000  0.896E+02   0.36635E-01   0.00000E+00   0.10000E+00    0.50249E-02 -159.02         test_N_all
.5400E+00   100.000  0.861E+02   0.33748E-01   0.00000E+00   0.10000E+00    0.50249E-02 -173.83         test_N_all
.5500E+00   100.000  0.827E+02   0.31026E-01   0.00000E+00   0.10000E+00    0.50249E-02 -188.41         test_N_all
.5600E+00   100.000  0.795E+02   0.28467E-01   0.00000E+00   0.10000E+00    0.50249E-02 -202.66         test_N_all
.5700E+00   100.000  0.763E+02   0.26063E-01   0.00000E+00   0.10000E+00    0.50249E-02 -216.50         test_N_all
.5800E+00   100.000  0.733E+02   0.23812E-01   0.00000E+00   0.10000E+00    0.50249E-02 -229.89         test_N_all
.5900E+00   100.000  0.704E+02   0.21708E-01   0.00000E+00   0.10000E+00    0.50249E-02 -242.76         test_N_all
.6000E+00   100.000  0.675E+02   0.19745E-01   0.00000E+00   0.10000E+00    0.17692E-02 *******         test_N_all
.6100E+00   100.000  0.648E+02   0.17918E-01   0.00000E+00   0.10000E+00    0.50249E-02 -266.83         test_N_all
.6200E+00   100.000  0.622E+02   0.16221E-01   0.00000E+00   0.10000E+00    0.50249E-02 -277.98         test_N_all
.6300E+00   100.000  0.596E+02   0.14649E-01   0.00000E+00   0.10000E+00    0.50249E-02 -288.51         test_N_all
.6400E+00   100.000  0.571E+02   0.13195E-01   0.00000E+00   0.10000E+00    0.50249E-02 -298.42         test_N_all
.6500E+00   100.000  0.547E+02   0.11853E-01   0.00000E+00   0.10000E+00    0.50249E-02 -307.72         test_N_all
.6600E+00   100.000  0.524E+02   0.10618E-01   0.00000E+00   0.10000E+00    0.50249E-02 -316.40         test_N_all
.6700E+00   100.000  0.501E+02   0.94838E-02   0.00000E+00   0.10000E+00    0.50249E-02 -324.48         test_N_all
.6800E+00   100.000  0.479E+02   0.84445E-02   0.00000E+00   0.10000E+00    0.50249E-02 -331.98         test_N_all
.6900E+00   100.000  0.458E+02   0.74942E-02   0.00000E+00   0.10000E+00    0.50249E-02 -338.90         test_N_all
.7000E+00   100.000  0.437E+02   0.66284E-02   0.00000E+00   0.10000E+00    0.17692E-02 *******         test_N_all
.7100E+00   100.000  0.417E+02   0.58400E-02   0.00000E+00   0.10000E+00    0.50249E-02 -351.13         test_N_all
.7200E+00   100.000  0.398E+02   0.51254E-02   0.00000E+00   0.10000E+00    0.50249E-02 -356.48         test_N_all
.7300E+00   100.000  0.379E+02   0.44791E-02   0.00000E+00   0.10000E+00    0.50249E-02 -361.36         test_N_all
.7400E+00   100.000  0.360E+02   0.38959E-02   0.00000E+00   0.10000E+00    0.50249E-02 -365.78         test_N_all
.7500E+00   100.000  0.342E+02   0.33725E-02   0.00000E+00   0.10000E+00    0.50249E-02 -369.78         test_N_all
.7600E+00   100.000  0.325E+02   0.29027E-02   0.00000E+00   0.10000E+00    0.50249E-02 -373.38         test_N_all
.7700E+00   100.000  0.308E+02   0.24839E-02   0.00000E+00   0.10000E+00    0.50249E-02 -376.61         test_N_all
.7800E+00   100.000  0.291E+02   0.21118E-02   0.00000E+00   0.10000E+00    0.50249E-02 -379.49         test_N_all
.7900E+00   100.000  0.275E+02   0.17823E-02   0.00000E+00   0.10000E+00    0.50249E-02 -382.05         test_N_all
.8000E+00   100.000  0.259E+02   0.14926E-02   0.00000E+00   0.10000E+00    0.17692E-02 *******         test_N_all
.8100E+00   100.000  0.243E+02   0.12385E-02   0.00000E+00   0.10000E+00    0.50249E-02 -386.29         test_N_all
.8200E+00   100.000  0.228E+02   0.10178E-02   0.00000E+00   0.10000E+00    0.50249E-02 -388.02         test_N_all
.8300E+00   100.000  0.214E+02   0.82723E-03   0.00000E+00   0.10000E+00    0.50249E-02 -389.51         test_N_all
.8400E+00   100.000  0.199E+02   0.66366E-03   0.00000E+00   0.10000E+00    0.50249E-02 -390.80         test_N_all
.8500E+00   100.000  0.185E+02   0.52528E-03   0.00000E+00   0.10000E+00    0.50249E-02 -391.89         test_N_all
.8600E+00   100.000  0.172E+02   0.40849E-03   0.00000E+00   0.10000E+00    0.50249E-02 -392.81         test_N_all
.8700E+00   100.000  0.158E+02   0.31186E-03   0.00000E+00   0.10000E+00    0.50249E-02 -393.57         test_N_all
.8800E+00   100.000  0.145E+02   0.23290E-03   0.00000E+00   0.10000E+00    0.50249E-02 -394.20         test_N_all
.8900E+00   100.000  0.132E+02   0.16924E-03   0.00000E+00   0.10000E+00    0.50249E-02 -394.70         test_N_all
.9000E+00   100.000  0.120E+02   0.11951E-03   0.00000E+00   0.10000E+00    0.17692E-02 *******         test_N_all
.9100E+00   100.000  0.108E+02   0.80824E-04   0.00000E+00   0.10000E+00    0.50249E-02 -395.40         test_N_all
.9200E+00   100.000  0.958E+01   0.52240E-04   0.00000E+00   0.10000E+00    0.50249E-02 -395.63         test_N_all
.9300E+00   100.000  0.841E+01   0.31802E-04   0.00000E+00   0.10000E+00    0.50249E-02 -395.79         test_N_all
.9400E+00   100.000  0.726E+01   0.17668E-04   0.00000E+00   0.10000E+00    0.50249E-02 -395.90         test_N_all
.9500E+00   100.000  0.614E+01   0.90913E-05   0.00000E+00   0.10000E+00    0.50249E-02 -395.97         test_N_all
.9600E+00   100.000  0.505E+01   0.36880E-05   0.00000E+00   0.10000E+00    0.50249E-02 -396.01         test_N_all
.9700E+00   100.000  0.397E+01   0.11883E-05   0.00000E+00   0.10000E+00    0.50249E-02 -396.03         test_N_all
.9800E+00   100.000  0.292E+01   0.60960E-06   0.00000E+00   0.10000E+00    0.50249E-02 -396.03         test_N_all
.9900E+00   100.000  0.189E+01   0.80179E-06   0.00000E+00   0.10000E+00    0.50249E-02 -396.03         test_N_all
.1000E+01   100.000  0.882E+00   0.00000E+00   0.00000E+00   0.10000E+00    0.50249E-02 -396.04         test_N_all



 CHI SQUARE=******** FOR  582 POINTS   CHISQ/NPTS=  697.32
 Signed chisquare total =********
 Modified residual =********


Summary normalization chi2 contributions

 data set     normalization        error         chisq


Summary chi2 per data set

 data set      chisq    _w     signd    _w     resid     _w   npts   chisq/pts  _w
test_N_all  405838.5        112018.8        ********           582  697.32
------------------------------------------------------------------------------------
TOTAL       405838.5405838.5112018.8     0.0****************   582  697.32  697.32
TOTAL+norm  405838.5405838.5                                   582  697.32  697.32



            Momentum Sum Rule Check


      q2      alphas      xuv       xdv       xub       xdb       xsb       xcb       xbb      xglue     total
      1.69    0.3845    0.3194    0.1361    0.0562    0.0707    0.0254    0.0000    0.0000    0.3925    1.0002
    100.00    0.1784    0.2250    0.0959    0.0654    0.0756    0.0437    0.0259    0.0087    0.4568    0.9972
   1000.00    0.1407    0.0000    0.0000    0.0000    0.0000    0.0000    0.0000    0.0000    0.0000    0.0000
   8315.00    0.1180    0.0000    0.0000    0.0000    0.0000    0.0000    0.0000    0.0000    0.0000    0.0000


 Vector Boson Cross Sections

 sqrt(s)   sigma(W)    error    theory

   1960.     2.865     0.063       0.000     D0

   1960.     2.749     0.054       0.000     CDF

   7000.     9.95      0.29        0.000     CMS

   7000.     9.96      0.55        0.000     ATLAS

 sqrt(s)   sigma(Z)    error    theory

   1960.     .2649     .0094       0.000     D0

   1960.     .2549     .0057       0.000     CDF

   7000.     .931      0.035       0.000     CMS

   7000.     .82       0.08        0.000     ATLAS


