 Correlated errors added in quadrature with statistical errors
 test_N_all DIS data with   1.69< Q2 < 0.500D+03 and 0.000 < xB < 1.000 and   0.00< W2 < 0.100D+05 and 0.000 < y < 1.000
   No TMC applied
   HT corrections, additive C=C(xB)

# fitpack15: fit output
# CJ15 AV18 final data choices                                                 

Parametrization   7 used here

 S-ACOT scheme used  for NC DIS

 charm mass =     1.30 GeV     bottom mass =     4.50 GeV



 THIS IS A NEXT TO LEADING ORDER FIT

 Q02=    1.69
         1  LAMBDA      VALUE=   0.22680      WEIGHT=    0.0000    
         2  a0uv        VALUE=    1.9792      WEIGHT=    0.0000    
         3  a1uv        VALUE=   0.57091      WEIGHT=   0.22811E-01
         4  a2uv        VALUE=    3.5529      WEIGHT=   0.11410E-01
         5  a3uv        VALUE=    0.0000      WEIGHT=    0.0000    
         6  a4uv        VALUE=    4.4738      WEIGHT=   0.60118    
         7  a5uv        VALUE=    0.0000      WEIGHT=    0.0000    
         8  a0dv        VALUE=    24.969      WEIGHT=    0.0000    
         9  a1dv        VALUE=    1.1566      WEIGHT=   0.32679E-01
        10  a2dv        VALUE=    6.6796      WEIGHT=   0.15768    
        11  a3dv        VALUE=   -3.5557      WEIGHT=   0.85869E-01
        12  a4dv        VALUE=    4.8052      WEIGHT=   0.13991    
        13  a5dv        VALUE=    0.0000      WEIGHT=    0.0000    
        14  a0ud        VALUE=   0.14212      WEIGHT=   0.49836E-02
        15  a1ud        VALUE=  -0.21069      WEIGHT=   0.38126E-02
        16  a2ud        VALUE=    8.4747      WEIGHT=   0.17405    
        17  a3ud        VALUE=    0.0000      WEIGHT=    0.0000    
        18  a4ud        VALUE=    15.862      WEIGHT=    1.2274    
        19  a5ud        VALUE=    0.0000      WEIGHT=    0.0000    
        20  a0du        VALUE=    35712.      WEIGHT=    0.0000    
        21  a1du        VALUE=    4.0887      WEIGHT=   0.78554E-01
        22  a2du        VALUE=    20.484      WEIGHT=   0.95277    
        23  a3du        VALUE=    17.000      WEIGHT=    0.0000    
        24  a4du        VALUE=    51.722      WEIGHT=    7.3285    
        25  a0g         VALUE=    45.662      WEIGHT=    0.0000    
        26  a1g         VALUE=   0.60317      WEIGHT=   0.30289E-01
        27  a2g         VALUE=    6.1755      WEIGHT=   0.87950    
        28  a3g         VALUE=   -3.3705      WEIGHT=   0.12545    
        29  a4g         VALUE=    3.2542      WEIGHT=   0.29247    
        30  a5g         VALUE=    0.0000      WEIGHT=    0.0000    
        31  kappa       VALUE=   0.40000      WEIGHT=    0.0000    
        32  a6dv        VALUE=  -0.46741E-02  WEIGHT=   0.70835E-03
        33  a7dv        VALUE=    2.0000      WEIGHT=    0.0000    
        34  off1        VALUE=    0.0000      WEIGHT=    0.0000    
        35  off2        VALUE=    0.0000      WEIGHT=    0.0000    
        36  off3        VALUE=    0.0000      WEIGHT=    0.0000    
        37  ht1         VALUE=   -3.2761      WEIGHT=   0.30923    
        38  ht2         VALUE=    1.9549      WEIGHT=   0.12450    
        39  ht3         VALUE=   -2.0653      WEIGHT=   0.35581E-01
        40  ht4         VALUE=    0.0000      WEIGHT=    0.0000    
        41  ht1n        VALUE=   -3.7951      WEIGHT=   0.77517    
        42  ht2n        VALUE=    1.9150      WEIGHT=   0.23965    
        43  ht3n        VALUE=   -2.2326      WEIGHT=   0.80644E-01
        44  ht4n        VALUE=    0.0000      WEIGHT=    0.0000    
        45  dummy45     VALUE=    0.0000      WEIGHT=    0.0000    
        46  dummy46     VALUE=    0.0000      WEIGHT=    0.0000    
        47  dummy47     VALUE=    0.0000      WEIGHT=    0.0000    
        48  dummy48     VALUE=    0.0000      WEIGHT=    0.0000    
        49  dummy49     VALUE=    0.0000      WEIGHT=    0.0000    
        50  bcdmsh2     VALUE=   0.96943      WEIGHT=   0.48132E-02
        51  bcdmsd2     VALUE=   0.98941      WEIGHT=   0.56589E-02
        52  ccfr        VALUE=    1.0000      WEIGHT=    0.0000    
        53  nutev       VALUE=    1.0000      WEIGHT=    0.0000    
        54  zeus        VALUE=   0.97998      WEIGHT=    0.0000    
        55  h1          VALUE=    1.0162      WEIGHT=    0.0000    
        56  e605        VALUE=    1.0319      WEIGHT=    0.0000    
        57  NmcH2       VALUE=    1.0062      WEIGHT=   0.71130E-02
        58  ntv_nu      VALUE=    1.0000      WEIGHT=    0.0000    
        59  ntv_nubar   VALUE=    1.0000      WEIGHT=    0.0000    
        60  cdf_jet     VALUE=   0.98910      WEIGHT=    0.0000    
        61  d0_jet      VALUE=   0.83504      WEIGHT=    0.0000    
        62  slac_p      VALUE=    1.0005      WEIGHT=   0.51037E-02
        63  slac_d      VALUE=   0.99991      WEIGHT=   0.51370E-02
        64  e866pp      VALUE=   0.98259      WEIGHT=   0.19880E-01
        65  e866pd      VALUE=   0.96770      WEIGHT=   0.15813E-01
        66  d0_gamjet   VALUE=    1.0367      WEIGHT=   0.16420E-01
        67  h1b         VALUE=   0.97608      WEIGHT=    0.0000    
        68  jlab_p      VALUE=   0.98972      WEIGHT=   0.63056E-02
        69  jlab_d      VALUE=   0.97497      WEIGHT=   0.59753E-02
        70  blank       VALUE=    1.0000      WEIGHT=    0.0000    
        71  d0run2      VALUE=   0.95191      WEIGHT=   0.14762E-01
        72  cdfrun2     VALUE=   0.93581      WEIGHT=   0.17509E-01
        73  HERA_el     VALUE=    1.0000      WEIGHT=    0.0000    
        74  HERA_ps     VALUE=    1.0000      WEIGHT=    0.0000    
        75  CDF_Z       VALUE=   0.95834      WEIGHT=   0.62515E-02
        76  NmcRat      VALUE=    1.0000      WEIGHT=    0.0000    
        77  BNS_F2nd    VALUE=   0.98568      WEIGHT=   0.96582E-02
        78  HERMES_F2p  VALUE=   0.99433      WEIGHT=   0.57110E-02
        79  HERMES_F2d  VALUE=   0.97605      WEIGHT=   0.57625E-02
0THE TOLERANCE IS    0.1000
 THE MAXIMUM NUMBER OF STEPS IS 100
0THE INITIAL CHI SQUARED IS  3.83613E+06



     X        Q2         W2       THEORY        error         DATA           ERROR        chi^2     _w    ITYPE
.1000E-01     2.000  0.199E+03   0.34056E+00   0.00000E+00   0.10000E+00    0.50249E-02 2291.84         test_N_all
.2000E-01     2.000  0.989E+02   0.31800E+00   0.00000E+00   0.10000E+00    0.50249E-02 1882.10         test_N_all
.3000E-01     2.000  0.655E+02   0.30841E+00   0.00000E+00   0.10000E+00    0.50249E-02 1720.17         test_N_all
.4000E-01     2.000  0.489E+02   0.30474E+00   0.00000E+00   0.10000E+00    0.50249E-02 1660.14         test_N_all
.5000E-01     2.000  0.389E+02   0.30193E+00   0.00000E+00   0.10000E+00    0.50249E-02 1614.86         test_N_all
.6000E-01     2.000  0.322E+02   0.30002E+00   0.00000E+00   0.10000E+00    0.50249E-02 1584.45         test_N_all
.7000E-01     2.000  0.275E+02   0.29811E+00   0.00000E+00   0.10000E+00    0.50249E-02 1554.40         test_N_all
.8000E-01     2.000  0.239E+02   0.29589E+00   0.00000E+00   0.10000E+00    0.50249E-02 1519.65         test_N_all
.9000E-01     2.000  0.211E+02   0.29316E+00   0.00000E+00   0.10000E+00    0.50249E-02 1477.73         test_N_all
.1000E+00     2.000  0.189E+02   0.28981E+00   0.00000E+00   0.10000E+00    0.50249E-02 1426.80         test_N_all
.1100E+00     2.000  0.171E+02   0.28574E+00   0.00000E+00   0.10000E+00    0.50249E-02 1366.32         test_N_all
.1200E+00     2.000  0.155E+02   0.28096E+00   0.00000E+00   0.10000E+00    0.50249E-02 1296.84         test_N_all
.1300E+00     2.000  0.143E+02   0.27552E+00   0.00000E+00   0.10000E+00    0.50249E-02 1220.09         test_N_all
.1400E+00     2.000  0.132E+02   0.26953E+00   0.00000E+00   0.10000E+00    0.50249E-02 1138.18         test_N_all
.1500E+00     2.000  0.122E+02   0.26298E+00   0.00000E+00   0.10000E+00    0.50249E-02 1052.01         test_N_all
.1600E+00     2.000  0.114E+02   0.25612E+00   0.00000E+00   0.10000E+00    0.50249E-02  965.33         test_N_all
.1700E+00     2.000  0.106E+02   0.24895E+00   0.00000E+00   0.10000E+00    0.50249E-02  878.61         test_N_all
.1800E+00     2.000  0.999E+01   0.24156E+00   0.00000E+00   0.10000E+00    0.50249E-02  793.63         test_N_all
.1900E+00     2.000  0.941E+01   0.23410E+00   0.00000E+00   0.10000E+00    0.50249E-02  712.17         test_N_all
.2000E+00     2.000  0.888E+01   0.22657E+00   0.00000E+00   0.10000E+00    0.50249E-02  634.42         test_N_all
.2100E+00     2.000  0.841E+01   0.21911E+00   0.00000E+00   0.10000E+00    0.50249E-02  561.89         test_N_all
.2200E+00     2.000  0.797E+01   0.21174E+00   0.00000E+00   0.10000E+00    0.50249E-02  494.46         test_N_all
.2300E+00     2.000  0.758E+01   0.20450E+00   0.00000E+00   0.10000E+00    0.50249E-02  432.48         test_N_all
.2400E+00     2.000  0.722E+01   0.19746E+00   0.00000E+00   0.10000E+00    0.50249E-02  376.17         test_N_all
.2500E+00     2.000  0.688E+01   0.19063E+00   0.00000E+00   0.10000E+00    0.50249E-02  325.32         test_N_all
.2600E+00     2.000  0.657E+01   0.18407E+00   0.00000E+00   0.10000E+00    0.50249E-02  279.89         test_N_all
.2700E+00     2.000  0.629E+01   0.17778E+00   0.00000E+00   0.10000E+00    0.50249E-02  239.59         test_N_all
.2800E+00     2.000  0.602E+01   0.17179E+00   0.00000E+00   0.10000E+00    0.50249E-02  204.13         test_N_all
.2900E+00     2.000  0.578E+01   0.16613E+00   0.00000E+00   0.10000E+00    0.50249E-02  173.20         test_N_all
.3000E+00     2.000  0.555E+01   0.16081E+00   0.00000E+00   0.10000E+00    0.18868E-02 1038.81         test_N_all
.3100E+00     2.000  0.533E+01   0.15585E+00   0.00000E+00   0.10000E+00    0.50249E-02  123.51         test_N_all
.3200E+00     2.000  0.513E+01   0.15126E+00   0.00000E+00   0.10000E+00    0.50249E-02  104.06         test_N_all
.3300E+00     2.000  0.494E+01   0.14707E+00   0.00000E+00   0.10000E+00    0.50249E-02   87.76         test_N_all
.3400E+00     2.000  0.476E+01   0.14330E+00   0.00000E+00   0.10000E+00    0.50249E-02   74.24         test_N_all
.3500E+00     2.000  0.460E+01   0.13997E+00   0.00000E+00   0.10000E+00    0.50249E-02   63.26         test_N_all
.3600E+00     2.000  0.444E+01   0.13709E+00   0.00000E+00   0.10000E+00    0.50249E-02   54.48         test_N_all
.3700E+00     2.000  0.429E+01   0.13471E+00   0.00000E+00   0.10000E+00    0.50249E-02   47.71         test_N_all
.3800E+00     2.000  0.414E+01   0.13285E+00   0.00000E+00   0.10000E+00    0.50249E-02   42.73         test_N_all
.3900E+00     2.000  0.401E+01   0.13153E+00   0.00000E+00   0.10000E+00    0.50249E-02   39.38         test_N_all
.4000E+00     2.000  0.388E+01   0.13081E+00   0.00000E+00   0.10000E+00    0.17692E-02  303.23         test_N_all
.4100E+00     2.000  0.376E+01   0.13070E+00   0.00000E+00   0.10000E+00    0.50249E-02   37.33         test_N_all
.4200E+00     2.000  0.364E+01   0.13125E+00   0.00000E+00   0.10000E+00    0.50249E-02   38.68         test_N_all
.4300E+00     2.000  0.353E+01   0.13249E+00   0.00000E+00   0.10000E+00    0.50249E-02   41.82         test_N_all
.4400E+00     2.000  0.343E+01   0.13447E+00   0.00000E+00   0.10000E+00    0.50249E-02   47.07         test_N_all
.4500E+00     2.000  0.333E+01   0.13722E+00   0.00000E+00   0.10000E+00    0.50249E-02   54.88         test_N_all
.4600E+00     2.000  0.323E+01   0.14079E+00   0.00000E+00   0.10000E+00    0.50249E-02   65.91         test_N_all
.4700E+00     2.000  0.314E+01   0.14522E+00   0.00000E+00   0.10000E+00    0.50249E-02   80.97         test_N_all
.4800E+00     2.000  0.305E+01   0.15053E+00   0.00000E+00   0.10000E+00    0.50249E-02  101.12         test_N_all
.4900E+00     2.000  0.296E+01   0.15678E+00   0.00000E+00   0.10000E+00    0.50249E-02  127.69         test_N_all
.5000E+00     2.000  0.288E+01   0.16400E+00   0.00000E+00   0.10000E+00    0.17692E-02 1308.52         test_N_all
.5100E+00     2.000  0.280E+01   0.17223E+00   0.00000E+00   0.10000E+00    0.50249E-02  206.63         test_N_all
.5200E+00     2.000  0.273E+01   0.18151E+00   0.00000E+00   0.10000E+00    0.50249E-02  263.13         test_N_all
.5300E+00     2.000  0.266E+01   0.19187E+00   0.00000E+00   0.10000E+00    0.50249E-02  334.26         test_N_all
.5400E+00     2.000  0.259E+01   0.20335E+00   0.00000E+00   0.10000E+00    0.50249E-02  423.03         test_N_all
.5500E+00     2.000  0.252E+01   0.21598E+00   0.00000E+00   0.10000E+00    0.50249E-02  532.70         test_N_all
.5600E+00     2.000  0.245E+01   0.22979E+00   0.00000E+00   0.10000E+00    0.50249E-02  667.19         test_N_all
.5700E+00     2.000  0.239E+01   0.24482E+00   0.00000E+00   0.10000E+00    0.50249E-02  830.63         test_N_all
.5800E+00     2.000  0.233E+01   0.26109E+00   0.00000E+00   0.10000E+00    0.50249E-02 1027.76         test_N_all
.5900E+00     2.000  0.227E+01   0.27864E+00   0.00000E+00   0.10000E+00    0.50249E-02 1263.83         test_N_all
.6000E+00     2.000  0.222E+01   0.29748E+00   0.00000E+00   0.10000E+00    0.17692E-02 *******         test_N_all
.6100E+00     2.000  0.216E+01   0.31765E+00   0.00000E+00   0.10000E+00    0.50249E-02 1876.06         test_N_all
.6200E+00     2.000  0.211E+01   0.33916E+00   0.00000E+00   0.10000E+00    0.50249E-02 2265.33         test_N_all
.6300E+00     2.000  0.206E+01   0.36205E+00   0.00000E+00   0.10000E+00    0.50249E-02 2719.65         test_N_all
.6400E+00     2.000  0.201E+01   0.38634E+00   0.00000E+00   0.10000E+00    0.50249E-02 3247.06         test_N_all
.6500E+00     2.000  0.196E+01   0.41203E+00   0.00000E+00   0.10000E+00    0.50249E-02 3856.03         test_N_all
.6600E+00     2.000  0.191E+01   0.43917E+00   0.00000E+00   0.10000E+00    0.50249E-02 4555.85         test_N_all
.6700E+00     2.000  0.187E+01   0.46776E+00   0.00000E+00   0.10000E+00    0.50249E-02 5356.27         test_N_all
.6800E+00     2.000  0.182E+01   0.49782E+00   0.00000E+00   0.10000E+00    0.50249E-02 6267.79         test_N_all
.6900E+00     2.000  0.178E+01   0.52938E+00   0.00000E+00   0.10000E+00    0.50249E-02 7301.56         test_N_all
.7000E+00     2.000  0.174E+01   0.56244E+00   0.00000E+00   0.10000E+00    0.17692E-02 *******         test_N_all
.7100E+00     2.000  0.170E+01   0.59703E+00   0.00000E+00   0.10000E+00    0.50249E-02 9783.82         test_N_all
.7200E+00     2.000  0.166E+01   0.63317E+00   0.00000E+00   0.10000E+00    0.50249E-02 *******         test_N_all
.7300E+00     2.000  0.162E+01   0.67086E+00   0.00000E+00   0.10000E+00    0.50249E-02 *******         test_N_all
.7400E+00     2.000  0.158E+01   0.71013E+00   0.00000E+00   0.10000E+00    0.50249E-02 *******         test_N_all
.7500E+00     2.000  0.155E+01   0.75099E+00   0.00000E+00   0.10000E+00    0.50249E-02 *******         test_N_all
.7600E+00     2.000  0.151E+01   0.79346E+00   0.00000E+00   0.10000E+00    0.50249E-02 *******         test_N_all
.7700E+00     2.000  0.148E+01   0.83756E+00   0.00000E+00   0.10000E+00    0.50249E-02 *******         test_N_all
.7800E+00     2.000  0.145E+01   0.88329E+00   0.00000E+00   0.10000E+00    0.50249E-02 *******         test_N_all
.7900E+00     2.000  0.141E+01   0.93069E+00   0.00000E+00   0.10000E+00    0.50249E-02 *******         test_N_all
.8000E+00     2.000  0.138E+01   0.97975E+00   0.00000E+00   0.10000E+00    0.17692E-02 *******         test_N_all
.8100E+00     2.000  0.135E+01   0.10305E+01   0.00000E+00   0.10000E+00    0.50249E-02 *******         test_N_all
.8200E+00     2.000  0.132E+01   0.10830E+01   0.00000E+00   0.10000E+00    0.50249E-02 *******         test_N_all
.8300E+00     2.000  0.129E+01   0.11372E+01   0.00000E+00   0.10000E+00    0.50249E-02 *******         test_N_all
.8400E+00     2.000  0.126E+01   0.11931E+01   0.00000E+00   0.10000E+00    0.50249E-02 *******         test_N_all
.8500E+00     2.000  0.123E+01   0.12508E+01   0.00000E+00   0.10000E+00    0.50249E-02 *******         test_N_all
.8600E+00     2.000  0.121E+01   0.13102E+01   0.00000E+00   0.10000E+00    0.50249E-02 *******         test_N_all
.8700E+00     2.000  0.118E+01   0.13715E+01   0.00000E+00   0.10000E+00    0.50249E-02 *******         test_N_all
.8800E+00     2.000  0.115E+01   0.14345E+01   0.00000E+00   0.10000E+00    0.50249E-02 *******         test_N_all
.8900E+00     2.000  0.113E+01   0.14994E+01   0.00000E+00   0.10000E+00    0.50249E-02 *******         test_N_all
.9000E+00     2.000  0.110E+01   0.15662E+01   0.00000E+00   0.10000E+00    0.17692E-02 *******         test_N_all
.9100E+00     2.000  0.108E+01   0.16348E+01   0.00000E+00   0.10000E+00    0.50249E-02 *******         test_N_all
.9200E+00     2.000  0.106E+01   0.17053E+01   0.00000E+00   0.10000E+00    0.50249E-02 *******         test_N_all
.9300E+00     2.000  0.103E+01   0.17777E+01   0.00000E+00   0.10000E+00    0.50249E-02 *******         test_N_all
.9400E+00     2.000  0.101E+01   0.18520E+01   0.00000E+00   0.10000E+00    0.50249E-02 *******         test_N_all
.9500E+00     2.000  0.987E+00   0.19282E+01   0.00000E+00   0.10000E+00    0.50249E-02 *******         test_N_all
.9600E+00     2.000  0.965E+00   0.20064E+01   0.00000E+00   0.10000E+00    0.50249E-02 *******         test_N_all
.9700E+00     2.000  0.944E+00   0.20865E+01   0.00000E+00   0.10000E+00    0.50249E-02 *******         test_N_all
.9800E+00     2.000  0.923E+00   0.21687E+01   0.00000E+00   0.10000E+00    0.50249E-02 *******         test_N_all
.9900E+00     2.000  0.902E+00   0.22528E+01   0.00000E+00   0.10000E+00    0.50249E-02 *******         test_N_all
.1000E+01     2.000  0.882E+00   0.23389E+01   0.00000E+00   0.10000E+00    0.50249E-02 *******         test_N_all
.1000E-01     5.000  0.496E+03   0.44725E+00   0.00000E+00   0.10000E+00    0.50249E-02 4775.45         test_N_all
.2000E-01     5.000  0.246E+03   0.39710E+00   0.00000E+00   0.10000E+00    0.50249E-02 3495.82         test_N_all
.3000E-01     5.000  0.163E+03   0.37239E+00   0.00000E+00   0.10000E+00    0.50249E-02 2938.48         test_N_all
.4000E-01     5.000  0.121E+03   0.35948E+00   0.00000E+00   0.10000E+00    0.50249E-02 2666.53         test_N_all
.5000E-01     5.000  0.959E+02   0.34894E+00   0.00000E+00   0.10000E+00    0.50249E-02 2454.35         test_N_all
.6000E-01     5.000  0.792E+02   0.34125E+00   0.00000E+00   0.10000E+00    0.50249E-02 2305.06         test_N_all
.7000E-01     5.000  0.673E+02   0.33423E+00   0.00000E+00   0.10000E+00    0.50249E-02 2172.83         test_N_all
.8000E-01     5.000  0.584E+02   0.32786E+00   0.00000E+00   0.10000E+00    0.50249E-02 2056.30         test_N_all
.9000E-01     5.000  0.514E+02   0.32149E+00   0.00000E+00   0.10000E+00    0.50249E-02 1942.96         test_N_all
.1000E+00     5.000  0.459E+02   0.31512E+00   0.00000E+00   0.10000E+00    0.50249E-02 1832.67         test_N_all
.1100E+00     5.000  0.413E+02   0.30848E+00   0.00000E+00   0.10000E+00    0.50249E-02 1721.38         test_N_all
.1200E+00     5.000  0.375E+02   0.30168E+00   0.00000E+00   0.10000E+00    0.50249E-02 1610.90         test_N_all
.1300E+00     5.000  0.343E+02   0.29465E+00   0.00000E+00   0.10000E+00    0.50249E-02 1500.59         test_N_all
.1400E+00     5.000  0.316E+02   0.28740E+00   0.00000E+00   0.10000E+00    0.50249E-02 1390.91         test_N_all
.1500E+00     5.000  0.292E+02   0.27999E+00   0.00000E+00   0.10000E+00    0.50249E-02 1282.99         test_N_all
.1600E+00     5.000  0.271E+02   0.27248E+00   0.00000E+00   0.10000E+00    0.50249E-02 1178.25         test_N_all
.1700E+00     5.000  0.253E+02   0.26491E+00   0.00000E+00   0.10000E+00    0.50249E-02 1077.07         test_N_all
.1800E+00     5.000  0.237E+02   0.25732E+00   0.00000E+00   0.10000E+00    0.50249E-02  980.23         test_N_all
.1900E+00     5.000  0.222E+02   0.24977E+00   0.00000E+00   0.10000E+00    0.50249E-02  888.38         test_N_all
.2000E+00     5.000  0.209E+02   0.24226E+00   0.00000E+00   0.10000E+00    0.50249E-02  801.54         test_N_all
.2100E+00     5.000  0.197E+02   0.23485E+00   0.00000E+00   0.10000E+00    0.50249E-02  720.17         test_N_all
.2200E+00     5.000  0.186E+02   0.22754E+00   0.00000E+00   0.10000E+00    0.50249E-02  644.21         test_N_all
.2300E+00     5.000  0.176E+02   0.22035E+00   0.00000E+00   0.10000E+00    0.50249E-02  573.64         test_N_all
.2400E+00     5.000  0.167E+02   0.21330E+00   0.00000E+00   0.10000E+00    0.50249E-02  508.36         test_N_all
.2500E+00     5.000  0.159E+02   0.20638E+00   0.00000E+00   0.10000E+00    0.50249E-02  448.20         test_N_all
.2600E+00     5.000  0.151E+02   0.19961E+00   0.00000E+00   0.10000E+00    0.50249E-02  392.96         test_N_all
.2700E+00     5.000  0.144E+02   0.19299E+00   0.00000E+00   0.10000E+00    0.50249E-02  342.48         test_N_all
.2800E+00     5.000  0.137E+02   0.18653E+00   0.00000E+00   0.10000E+00    0.50249E-02  296.54         test_N_all
.2900E+00     5.000  0.131E+02   0.18023E+00   0.00000E+00   0.10000E+00    0.50249E-02  254.90         test_N_all
.3000E+00     5.000  0.125E+02   0.17409E+00   0.00000E+00   0.10000E+00    0.18868E-02 1542.04         test_N_all
.3100E+00     5.000  0.120E+02   0.16812E+00   0.00000E+00   0.10000E+00    0.50249E-02  183.77         test_N_all
.3200E+00     5.000  0.115E+02   0.16233E+00   0.00000E+00   0.10000E+00    0.50249E-02  153.85         test_N_all
.3300E+00     5.000  0.110E+02   0.15672E+00   0.00000E+00   0.10000E+00    0.50249E-02  127.41         test_N_all
.3400E+00     5.000  0.106E+02   0.15130E+00   0.00000E+00   0.10000E+00    0.50249E-02  104.23         test_N_all
.3500E+00     5.000  0.102E+02   0.14609E+00   0.00000E+00   0.10000E+00    0.50249E-02   84.14         test_N_all
.3600E+00     5.000  0.977E+01   0.14110E+00   0.00000E+00   0.10000E+00    0.50249E-02   66.89         test_N_all
.3700E+00     5.000  0.940E+01   0.13634E+00   0.00000E+00   0.10000E+00    0.50249E-02   52.30         test_N_all
.3800E+00     5.000  0.904E+01   0.13183E+00   0.00000E+00   0.10000E+00    0.50249E-02   40.13         test_N_all
.3900E+00     5.000  0.870E+01   0.12760E+00   0.00000E+00   0.10000E+00    0.50249E-02   30.16         test_N_all
.4000E+00     5.000  0.838E+01   0.12365E+00   0.00000E+00   0.10000E+00    0.17692E-02  178.69         test_N_all
.4100E+00     5.000  0.808E+01   0.12001E+00   0.00000E+00   0.10000E+00    0.50249E-02   15.86         test_N_all
.4200E+00     5.000  0.779E+01   0.11671E+00   0.00000E+00   0.10000E+00    0.50249E-02   11.06         test_N_all
.4300E+00     5.000  0.751E+01   0.11376E+00   0.00000E+00   0.10000E+00    0.50249E-02    7.49         test_N_all
.4400E+00     5.000  0.725E+01   0.11118E+00   0.00000E+00   0.10000E+00    0.50249E-02    4.95         test_N_all
.4500E+00     5.000  0.699E+01   0.10900E+00   0.00000E+00   0.10000E+00    0.50249E-02    3.21         test_N_all
.4600E+00     5.000  0.675E+01   0.10724E+00   0.00000E+00   0.10000E+00    0.50249E-02    2.07         test_N_all
.4700E+00     5.000  0.652E+01   0.10591E+00   0.00000E+00   0.10000E+00    0.50249E-02    1.39         test_N_all
.4800E+00     5.000  0.630E+01   0.10505E+00   0.00000E+00   0.10000E+00    0.50249E-02    1.01         test_N_all
.4900E+00     5.000  0.609E+01   0.10467E+00   0.00000E+00   0.10000E+00    0.50249E-02    0.86         test_N_all
.5000E+00     5.000  0.588E+01   0.10477E+00   0.00000E+00   0.10000E+00    0.17692E-02    7.28         test_N_all
.5100E+00     5.000  0.569E+01   0.10540E+00   0.00000E+00   0.10000E+00    0.50249E-02    1.16         test_N_all
.5200E+00     5.000  0.550E+01   0.10656E+00   0.00000E+00   0.10000E+00    0.50249E-02    1.71         test_N_all
.5300E+00     5.000  0.532E+01   0.10827E+00   0.00000E+00   0.10000E+00    0.50249E-02    2.71         test_N_all
.5400E+00     5.000  0.514E+01   0.11054E+00   0.00000E+00   0.10000E+00    0.50249E-02    4.40         test_N_all
.5500E+00     5.000  0.497E+01   0.11338E+00   0.00000E+00   0.10000E+00    0.50249E-02    7.08         test_N_all
.5600E+00     5.000  0.481E+01   0.11681E+00   0.00000E+00   0.10000E+00    0.50249E-02   11.19         test_N_all
.5700E+00     5.000  0.465E+01   0.12083E+00   0.00000E+00   0.10000E+00    0.50249E-02   17.19         test_N_all
.5800E+00     5.000  0.450E+01   0.12547E+00   0.00000E+00   0.10000E+00    0.50249E-02   25.69         test_N_all
.5900E+00     5.000  0.436E+01   0.13072E+00   0.00000E+00   0.10000E+00    0.50249E-02   37.39         test_N_all
.6000E+00     5.000  0.422E+01   0.13660E+00   0.00000E+00   0.10000E+00    0.17692E-02  428.06         test_N_all
.6100E+00     5.000  0.408E+01   0.14312E+00   0.00000E+00   0.10000E+00    0.50249E-02   73.63         test_N_all
.6200E+00     5.000  0.395E+01   0.15027E+00   0.00000E+00   0.10000E+00    0.50249E-02  100.10         test_N_all
.6300E+00     5.000  0.382E+01   0.15807E+00   0.00000E+00   0.10000E+00    0.50249E-02  133.57         test_N_all
.6400E+00     5.000  0.369E+01   0.16653E+00   0.00000E+00   0.10000E+00    0.50249E-02  175.28         test_N_all
.6500E+00     5.000  0.357E+01   0.17564E+00   0.00000E+00   0.10000E+00    0.50249E-02  226.56         test_N_all
.6600E+00     5.000  0.346E+01   0.18540E+00   0.00000E+00   0.10000E+00    0.50249E-02  288.87         test_N_all
.6700E+00     5.000  0.334E+01   0.19584E+00   0.00000E+00   0.10000E+00    0.50249E-02  363.76         test_N_all
.6800E+00     5.000  0.323E+01   0.20694E+00   0.00000E+00   0.10000E+00    0.50249E-02  452.92         test_N_all
.6900E+00     5.000  0.313E+01   0.21871E+00   0.00000E+00   0.10000E+00    0.50249E-02  558.13         test_N_all
.7000E+00     5.000  0.302E+01   0.23116E+00   0.00000E+00   0.10000E+00    0.17692E-02 5496.14         test_N_all
.7100E+00     5.000  0.292E+01   0.24428E+00   0.00000E+00   0.10000E+00    0.50249E-02  824.46         test_N_all
.7200E+00     5.000  0.283E+01   0.25809E+00   0.00000E+00   0.10000E+00    0.50249E-02  989.76         test_N_all
.7300E+00     5.000  0.273E+01   0.27257E+00   0.00000E+00   0.10000E+00    0.50249E-02 1179.46         test_N_all
.7400E+00     5.000  0.264E+01   0.28774E+00   0.00000E+00   0.10000E+00    0.50249E-02 1395.95         test_N_all
.7500E+00     5.000  0.255E+01   0.30360E+00   0.00000E+00   0.10000E+00    0.50249E-02 1641.77         test_N_all
.7600E+00     5.000  0.246E+01   0.32015E+00   0.00000E+00   0.10000E+00    0.50249E-02 1919.53         test_N_all
.7700E+00     5.000  0.238E+01   0.33740E+00   0.00000E+00   0.10000E+00    0.50249E-02 2232.04         test_N_all
.7800E+00     5.000  0.229E+01   0.35534E+00   0.00000E+00   0.10000E+00    0.50249E-02 2582.21         test_N_all
.7900E+00     5.000  0.221E+01   0.37399E+00   0.00000E+00   0.10000E+00    0.50249E-02 2973.07         test_N_all
.8000E+00     5.000  0.213E+01   0.39334E+00   0.00000E+00   0.10000E+00    0.17692E-02 *******         test_N_all
.8100E+00     5.000  0.205E+01   0.41340E+00   0.00000E+00   0.10000E+00    0.50249E-02 3889.83         test_N_all
.8200E+00     5.000  0.198E+01   0.43417E+00   0.00000E+00   0.10000E+00    0.50249E-02 4422.56         test_N_all
.8300E+00     5.000  0.191E+01   0.45566E+00   0.00000E+00   0.10000E+00    0.50249E-02 5009.68         test_N_all
.8400E+00     5.000  0.183E+01   0.47787E+00   0.00000E+00   0.10000E+00    0.50249E-02 5654.95         test_N_all
.8500E+00     5.000  0.176E+01   0.50081E+00   0.00000E+00   0.10000E+00    0.50249E-02 6362.38         test_N_all
.8600E+00     5.000  0.170E+01   0.52448E+00   0.00000E+00   0.10000E+00    0.50249E-02 7136.04         test_N_all
.8700E+00     5.000  0.163E+01   0.54889E+00   0.00000E+00   0.10000E+00    0.50249E-02 7980.26         test_N_all
.8800E+00     5.000  0.156E+01   0.57404E+00   0.00000E+00   0.10000E+00    0.50249E-02 8899.50         test_N_all
.8900E+00     5.000  0.150E+01   0.59993E+00   0.00000E+00   0.10000E+00    0.50249E-02 9898.37         test_N_all
.9000E+00     5.000  0.144E+01   0.62658E+00   0.00000E+00   0.10000E+00    0.17692E-02 *******         test_N_all
.9100E+00     5.000  0.138E+01   0.65399E+00   0.00000E+00   0.10000E+00    0.50249E-02 *******         test_N_all
.9200E+00     5.000  0.132E+01   0.68215E+00   0.00000E+00   0.10000E+00    0.50249E-02 *******         test_N_all
.9300E+00     5.000  0.126E+01   0.71109E+00   0.00000E+00   0.10000E+00    0.50249E-02 *******         test_N_all
.9400E+00     5.000  0.120E+01   0.74080E+00   0.00000E+00   0.10000E+00    0.50249E-02 *******         test_N_all
.9500E+00     5.000  0.114E+01   0.77128E+00   0.00000E+00   0.10000E+00    0.50249E-02 *******         test_N_all
.9600E+00     5.000  0.109E+01   0.80255E+00   0.00000E+00   0.10000E+00    0.50249E-02 *******         test_N_all
.9700E+00     5.000  0.104E+01   0.83461E+00   0.00000E+00   0.10000E+00    0.50249E-02 *******         test_N_all
.9800E+00     5.000  0.984E+00   0.86746E+00   0.00000E+00   0.10000E+00    0.50249E-02 *******         test_N_all
.9900E+00     5.000  0.932E+00   0.90111E+00   0.00000E+00   0.10000E+00    0.50249E-02 *******         test_N_all
.1000E+01     5.000  0.882E+00   0.93557E+00   0.00000E+00   0.10000E+00    0.50249E-02 *******         test_N_all
.1000E-01    10.000  0.991E+03   0.52719E+00   0.00000E+00   0.10000E+00    0.50249E-02 7227.41         test_N_all
.2000E-01    10.000  0.491E+03   0.45323E+00   0.00000E+00   0.10000E+00    0.50249E-02 4941.57         test_N_all
.3000E-01    10.000  0.324E+03   0.41490E+00   0.00000E+00   0.10000E+00    0.50249E-02 3927.13         test_N_all
.4000E-01    10.000  0.241E+03   0.39389E+00   0.00000E+00   0.10000E+00    0.50249E-02 3420.66         test_N_all
.5000E-01    10.000  0.191E+03   0.37644E+00   0.00000E+00   0.10000E+00    0.50249E-02 3026.49         test_N_all
.6000E-01    10.000  0.158E+03   0.36385E+00   0.00000E+00   0.10000E+00    0.50249E-02 2757.06         test_N_all
.7000E-01    10.000  0.134E+03   0.35255E+00   0.00000E+00   0.10000E+00    0.50249E-02 2526.04         test_N_all
.8000E-01    10.000  0.116E+03   0.34279E+00   0.00000E+00   0.10000E+00    0.50249E-02 2334.61         test_N_all
.9000E-01    10.000  0.102E+03   0.33351E+00   0.00000E+00   0.10000E+00    0.50249E-02 2159.43         test_N_all
.1000E+00    10.000  0.909E+02   0.32476E+00   0.00000E+00   0.10000E+00    0.50249E-02 2000.63         test_N_all
.1100E+00    10.000  0.818E+02   0.31604E+00   0.00000E+00   0.10000E+00    0.50249E-02 1848.40         test_N_all
.1200E+00    10.000  0.742E+02   0.30758E+00   0.00000E+00   0.10000E+00    0.50249E-02 1706.55         test_N_all
.1300E+00    10.000  0.678E+02   0.29920E+00   0.00000E+00   0.10000E+00    0.50249E-02 1571.59         test_N_all
.1400E+00    10.000  0.623E+02   0.29084E+00   0.00000E+00   0.10000E+00    0.50249E-02 1442.34         test_N_all
.1500E+00    10.000  0.575E+02   0.28254E+00   0.00000E+00   0.10000E+00    0.50249E-02 1319.64         test_N_all
.1600E+00    10.000  0.534E+02   0.27431E+00   0.00000E+00   0.10000E+00    0.50249E-02 1203.28         test_N_all
.1700E+00    10.000  0.497E+02   0.26616E+00   0.00000E+00   0.10000E+00    0.50249E-02 1093.43         test_N_all
.1800E+00    10.000  0.464E+02   0.25812E+00   0.00000E+00   0.10000E+00    0.50249E-02  990.17         test_N_all
.1900E+00    10.000  0.435E+02   0.25020E+00   0.00000E+00   0.10000E+00    0.50249E-02  893.44         test_N_all
.2000E+00    10.000  0.409E+02   0.24240E+00   0.00000E+00   0.10000E+00    0.50249E-02  803.11         test_N_all
.2100E+00    10.000  0.385E+02   0.23474E+00   0.00000E+00   0.10000E+00    0.50249E-02  719.03         test_N_all
.2200E+00    10.000  0.363E+02   0.22722E+00   0.00000E+00   0.10000E+00    0.50249E-02  640.99         test_N_all
.2300E+00    10.000  0.344E+02   0.21984E+00   0.00000E+00   0.10000E+00    0.50249E-02  568.75         test_N_all
.2400E+00    10.000  0.325E+02   0.21259E+00   0.00000E+00   0.10000E+00    0.50249E-02  502.04         test_N_all
.2500E+00    10.000  0.309E+02   0.20548E+00   0.00000E+00   0.10000E+00    0.50249E-02  440.66         test_N_all
.2600E+00    10.000  0.293E+02   0.19850E+00   0.00000E+00   0.10000E+00    0.50249E-02  384.27         test_N_all
.2700E+00    10.000  0.279E+02   0.19166E+00   0.00000E+00   0.10000E+00    0.50249E-02  332.72         test_N_all
.2800E+00    10.000  0.266E+02   0.18495E+00   0.00000E+00   0.10000E+00    0.50249E-02  285.81         test_N_all
.2900E+00    10.000  0.254E+02   0.17837E+00   0.00000E+00   0.10000E+00    0.50249E-02  243.23         test_N_all
.3000E+00    10.000  0.242E+02   0.17192E+00   0.00000E+00   0.10000E+00    0.18868E-02 1452.79         test_N_all
.3100E+00    10.000  0.231E+02   0.16558E+00   0.00000E+00   0.10000E+00    0.50249E-02  170.35         test_N_all
.3200E+00    10.000  0.221E+02   0.15939E+00   0.00000E+00   0.10000E+00    0.50249E-02  139.67         test_N_all
.3300E+00    10.000  0.212E+02   0.15332E+00   0.00000E+00   0.10000E+00    0.50249E-02  112.60         test_N_all
.3400E+00    10.000  0.203E+02   0.14739E+00   0.00000E+00   0.10000E+00    0.50249E-02   88.96         test_N_all
.3500E+00    10.000  0.195E+02   0.14162E+00   0.00000E+00   0.10000E+00    0.50249E-02   68.60         test_N_all
.3600E+00    10.000  0.187E+02   0.13600E+00   0.00000E+00   0.10000E+00    0.50249E-02   51.31         test_N_all
.3700E+00    10.000  0.179E+02   0.13054E+00   0.00000E+00   0.10000E+00    0.50249E-02   36.94         test_N_all
.3800E+00    10.000  0.172E+02   0.12527E+00   0.00000E+00   0.10000E+00    0.50249E-02   25.28         test_N_all
.3900E+00    10.000  0.165E+02   0.12019E+00   0.00000E+00   0.10000E+00    0.50249E-02   16.14         test_N_all
.4000E+00    10.000  0.159E+02   0.11531E+00   0.00000E+00   0.10000E+00    0.17692E-02   74.89         test_N_all
.4100E+00    10.000  0.153E+02   0.11066E+00   0.00000E+00   0.10000E+00    0.50249E-02    4.50         test_N_all
.4200E+00    10.000  0.147E+02   0.10624E+00   0.00000E+00   0.10000E+00    0.50249E-02    1.54         test_N_all
.4300E+00    10.000  0.141E+02   0.10207E+00   0.00000E+00   0.10000E+00    0.50249E-02    0.17         test_N_all
.4400E+00    10.000  0.136E+02   0.98163E-01   0.00000E+00   0.10000E+00    0.50249E-02   -0.13         test_N_all
.4500E+00    10.000  0.131E+02   0.94534E-01   0.00000E+00   0.10000E+00    0.50249E-02   -1.18         test_N_all
.4600E+00    10.000  0.126E+02   0.91202E-01   0.00000E+00   0.10000E+00    0.50249E-02   -3.07         test_N_all
.4700E+00    10.000  0.122E+02   0.88173E-01   0.00000E+00   0.10000E+00    0.50249E-02   -5.54         test_N_all
.4800E+00    10.000  0.117E+02   0.85461E-01   0.00000E+00   0.10000E+00    0.50249E-02   -8.37         test_N_all
.4900E+00    10.000  0.113E+02   0.83080E-01   0.00000E+00   0.10000E+00    0.50249E-02  -11.34         test_N_all
.5000E+00    10.000  0.109E+02   0.81035E-01   0.00000E+00   0.10000E+00    0.17692E-02 -114.91         test_N_all
.5100E+00    10.000  0.105E+02   0.79343E-01   0.00000E+00   0.10000E+00    0.50249E-02  -16.90         test_N_all
.5200E+00    10.000  0.101E+02   0.78007E-01   0.00000E+00   0.10000E+00    0.50249E-02  -19.16         test_N_all
.5300E+00    10.000  0.975E+01   0.77036E-01   0.00000E+00   0.10000E+00    0.50249E-02  -20.88         test_N_all
.5400E+00    10.000  0.940E+01   0.76439E-01   0.00000E+00   0.10000E+00    0.50249E-02  -21.98         test_N_all
.5500E+00    10.000  0.906E+01   0.76218E-01   0.00000E+00   0.10000E+00    0.50249E-02  -22.40         test_N_all
.5600E+00    10.000  0.874E+01   0.76382E-01   0.00000E+00   0.10000E+00    0.50249E-02  -22.09         test_N_all
.5700E+00    10.000  0.843E+01   0.76933E-01   0.00000E+00   0.10000E+00    0.50249E-02  -21.07         test_N_all
.5800E+00    10.000  0.812E+01   0.77873E-01   0.00000E+00   0.10000E+00    0.50249E-02  -19.39         test_N_all
.5900E+00    10.000  0.783E+01   0.79208E-01   0.00000E+00   0.10000E+00    0.50249E-02  -17.12         test_N_all
.6000E+00    10.000  0.755E+01   0.80935E-01   0.00000E+00   0.10000E+00    0.17692E-02 -116.12         test_N_all
.6100E+00    10.000  0.728E+01   0.83060E-01   0.00000E+00   0.10000E+00    0.50249E-02  -11.36         test_N_all
.6200E+00    10.000  0.701E+01   0.85581E-01   0.00000E+00   0.10000E+00    0.50249E-02   -8.23         test_N_all
.6300E+00    10.000  0.675E+01   0.88498E-01   0.00000E+00   0.10000E+00    0.50249E-02   -5.24         test_N_all
.6400E+00    10.000  0.651E+01   0.91811E-01   0.00000E+00   0.10000E+00    0.50249E-02   -2.66         test_N_all
.6500E+00    10.000  0.627E+01   0.95520E-01   0.00000E+00   0.10000E+00    0.50249E-02   -0.79         test_N_all
.6600E+00    10.000  0.603E+01   0.99623E-01   0.00000E+00   0.10000E+00    0.50249E-02   -0.01         test_N_all
.6700E+00    10.000  0.581E+01   0.10412E+00   0.00000E+00   0.10000E+00    0.50249E-02    0.67         test_N_all
.6800E+00    10.000  0.559E+01   0.10901E+00   0.00000E+00   0.10000E+00    0.50249E-02    3.21         test_N_all
.6900E+00    10.000  0.537E+01   0.11429E+00   0.00000E+00   0.10000E+00    0.50249E-02    8.08         test_N_all
.7000E+00    10.000  0.517E+01   0.11995E+00   0.00000E+00   0.10000E+00    0.17692E-02  127.19         test_N_all
.7100E+00    10.000  0.497E+01   0.12601E+00   0.00000E+00   0.10000E+00    0.50249E-02   26.78         test_N_all
.7200E+00    10.000  0.477E+01   0.13244E+00   0.00000E+00   0.10000E+00    0.50249E-02   41.69         test_N_all
.7300E+00    10.000  0.458E+01   0.13927E+00   0.00000E+00   0.10000E+00    0.50249E-02   61.07         test_N_all
.7400E+00    10.000  0.440E+01   0.14647E+00   0.00000E+00   0.10000E+00    0.50249E-02   85.53         test_N_all
.7500E+00    10.000  0.422E+01   0.15406E+00   0.00000E+00   0.10000E+00    0.50249E-02  115.74         test_N_all
.7600E+00    10.000  0.404E+01   0.16203E+00   0.00000E+00   0.10000E+00    0.50249E-02  152.36         test_N_all
.7700E+00    10.000  0.387E+01   0.17037E+00   0.00000E+00   0.10000E+00    0.50249E-02  196.13         test_N_all
.7800E+00    10.000  0.370E+01   0.17910E+00   0.00000E+00   0.10000E+00    0.50249E-02  247.78         test_N_all
.7900E+00    10.000  0.354E+01   0.18820E+00   0.00000E+00   0.10000E+00    0.50249E-02  308.09         test_N_all
.8000E+00    10.000  0.338E+01   0.19768E+00   0.00000E+00   0.10000E+00    0.17692E-02 3048.49         test_N_all
.8100E+00    10.000  0.323E+01   0.20754E+00   0.00000E+00   0.10000E+00    0.50249E-02  458.02         test_N_all
.8200E+00    10.000  0.308E+01   0.21778E+00   0.00000E+00   0.10000E+00    0.50249E-02  549.38         test_N_all
.8300E+00    10.000  0.293E+01   0.22840E+00   0.00000E+00   0.10000E+00    0.50249E-02  652.88         test_N_all
.8400E+00    10.000  0.279E+01   0.23939E+00   0.00000E+00   0.10000E+00    0.50249E-02  769.49         test_N_all
.8500E+00    10.000  0.265E+01   0.25077E+00   0.00000E+00   0.10000E+00    0.50249E-02  900.21         test_N_all
.8600E+00    10.000  0.251E+01   0.26252E+00   0.00000E+00   0.10000E+00    0.50249E-02 1046.06         test_N_all
.8700E+00    10.000  0.238E+01   0.27466E+00   0.00000E+00   0.10000E+00    0.50249E-02 1208.14         test_N_all
.8800E+00    10.000  0.225E+01   0.28718E+00   0.00000E+00   0.10000E+00    0.50249E-02 1387.56         test_N_all
.8900E+00    10.000  0.212E+01   0.30008E+00   0.00000E+00   0.10000E+00    0.50249E-02 1585.47         test_N_all
.9000E+00    10.000  0.199E+01   0.31337E+00   0.00000E+00   0.10000E+00    0.17692E-02 *******         test_N_all
.9100E+00    10.000  0.187E+01   0.32705E+00   0.00000E+00   0.10000E+00    0.50249E-02 2041.62         test_N_all
.9200E+00    10.000  0.175E+01   0.34111E+00   0.00000E+00   0.10000E+00    0.50249E-02 2302.38         test_N_all
.9300E+00    10.000  0.163E+01   0.35557E+00   0.00000E+00   0.10000E+00    0.50249E-02 2586.69         test_N_all
.9400E+00    10.000  0.152E+01   0.37041E+00   0.00000E+00   0.10000E+00    0.50249E-02 2895.90         test_N_all
.9500E+00    10.000  0.141E+01   0.38565E+00   0.00000E+00   0.10000E+00    0.50249E-02 3231.46         test_N_all
.9600E+00    10.000  0.130E+01   0.40128E+00   0.00000E+00   0.10000E+00    0.50249E-02 3594.78         test_N_all
.9700E+00    10.000  0.119E+01   0.41730E+00   0.00000E+00   0.10000E+00    0.50249E-02 3987.42         test_N_all
.9800E+00    10.000  0.109E+01   0.43373E+00   0.00000E+00   0.10000E+00    0.50249E-02 4410.94         test_N_all
.9900E+00    10.000  0.983E+00   0.45056E+00   0.00000E+00   0.10000E+00    0.50249E-02 4866.94         test_N_all
.1000E+01    10.000  0.882E+00   0.46778E+00   0.00000E+00   0.10000E+00    0.50249E-02 5357.03         test_N_all
.1000E-01    20.000  0.198E+04   0.60610E+00   0.00000E+00   0.10000E+00    0.50249E-02 *******         test_N_all
.2000E-01    20.000  0.981E+03   0.50602E+00   0.00000E+00   0.10000E+00    0.50249E-02 6528.93         test_N_all
.3000E-01    20.000  0.648E+03   0.45326E+00   0.00000E+00   0.10000E+00    0.50249E-02 4942.21         test_N_all
.4000E-01    20.000  0.481E+03   0.42403E+00   0.00000E+00   0.10000E+00    0.50249E-02 4158.20         test_N_all
.5000E-01    20.000  0.381E+03   0.39959E+00   0.00000E+00   0.10000E+00    0.50249E-02 3554.64         test_N_all
.6000E-01    20.000  0.314E+03   0.38210E+00   0.00000E+00   0.10000E+00    0.50249E-02 3151.79         test_N_all
.7000E-01    20.000  0.267E+03   0.36651E+00   0.00000E+00   0.10000E+00    0.50249E-02 2812.97         test_N_all
.8000E-01    20.000  0.231E+03   0.35354E+00   0.00000E+00   0.10000E+00    0.50249E-02 2545.92         test_N_all
.9000E-01    20.000  0.203E+03   0.34152E+00   0.00000E+00   0.10000E+00    0.50249E-02 2310.16         test_N_all
.1000E+00    20.000  0.181E+03   0.33055E+00   0.00000E+00   0.10000E+00    0.50249E-02 2105.11         test_N_all
.1100E+00    20.000  0.163E+03   0.31999E+00   0.00000E+00   0.10000E+00    0.50249E-02 1916.64         test_N_all
.1200E+00    20.000  0.148E+03   0.30991E+00   0.00000E+00   0.10000E+00    0.50249E-02 1745.08         test_N_all
.1300E+00    20.000  0.135E+03   0.30019E+00   0.00000E+00   0.10000E+00    0.50249E-02 1587.24         test_N_all
.1400E+00    20.000  0.124E+03   0.29070E+00   0.00000E+00   0.10000E+00    0.50249E-02 1440.26         test_N_all
.1500E+00    20.000  0.114E+03   0.28149E+00   0.00000E+00   0.10000E+00    0.50249E-02 1304.45         test_N_all
.1600E+00    20.000  0.106E+03   0.27247E+00   0.00000E+00   0.10000E+00    0.50249E-02 1178.11         test_N_all
.1700E+00    20.000  0.985E+02   0.26369E+00   0.00000E+00   0.10000E+00    0.50249E-02 1061.13         test_N_all
.1800E+00    20.000  0.920E+02   0.25512E+00   0.00000E+00   0.10000E+00    0.50249E-02  952.92         test_N_all
.1900E+00    20.000  0.861E+02   0.24674E+00   0.00000E+00   0.10000E+00    0.50249E-02  852.83         test_N_all
.2000E+00    20.000  0.809E+02   0.23858E+00   0.00000E+00   0.10000E+00    0.50249E-02  760.52         test_N_all
.2100E+00    20.000  0.761E+02   0.23059E+00   0.00000E+00   0.10000E+00    0.50249E-02  675.38         test_N_all
.2200E+00    20.000  0.718E+02   0.22279E+00   0.00000E+00   0.10000E+00    0.50249E-02  597.08         test_N_all
.2300E+00    20.000  0.678E+02   0.21515E+00   0.00000E+00   0.10000E+00    0.50249E-02  525.17         test_N_all
.2400E+00    20.000  0.642E+02   0.20768E+00   0.00000E+00   0.10000E+00    0.50249E-02  459.23         test_N_all
.2500E+00    20.000  0.609E+02   0.20037E+00   0.00000E+00   0.10000E+00    0.50249E-02  398.99         test_N_all
.2600E+00    20.000  0.578E+02   0.19320E+00   0.00000E+00   0.10000E+00    0.50249E-02  343.99         test_N_all
.2700E+00    20.000  0.550E+02   0.18617E+00   0.00000E+00   0.10000E+00    0.50249E-02  294.05         test_N_all
.2800E+00    20.000  0.523E+02   0.17927E+00   0.00000E+00   0.10000E+00    0.50249E-02  248.85         test_N_all
.2900E+00    20.000  0.498E+02   0.17249E+00   0.00000E+00   0.10000E+00    0.50249E-02  208.13         test_N_all
.3000E+00    20.000  0.475E+02   0.16585E+00   0.00000E+00   0.10000E+00    0.18868E-02 1217.87         test_N_all
.3100E+00    20.000  0.454E+02   0.15932E+00   0.00000E+00   0.10000E+00    0.50249E-02  139.38         test_N_all
.3200E+00    20.000  0.434E+02   0.15293E+00   0.00000E+00   0.10000E+00    0.50249E-02  110.94         test_N_all
.3300E+00    20.000  0.415E+02   0.14666E+00   0.00000E+00   0.10000E+00    0.50249E-02   86.21         test_N_all
.3400E+00    20.000  0.397E+02   0.14051E+00   0.00000E+00   0.10000E+00    0.50249E-02   64.99         test_N_all
.3500E+00    20.000  0.380E+02   0.13450E+00   0.00000E+00   0.10000E+00    0.50249E-02   47.14         test_N_all
.3600E+00    20.000  0.364E+02   0.12863E+00   0.00000E+00   0.10000E+00    0.50249E-02   32.46         test_N_all
.3700E+00    20.000  0.349E+02   0.12290E+00   0.00000E+00   0.10000E+00    0.50249E-02   20.77         test_N_all
.3800E+00    20.000  0.335E+02   0.11733E+00   0.00000E+00   0.10000E+00    0.50249E-02   11.90         test_N_all
.3900E+00    20.000  0.322E+02   0.11193E+00   0.00000E+00   0.10000E+00    0.50249E-02    5.64         test_N_all
.4000E+00    20.000  0.309E+02   0.10670E+00   0.00000E+00   0.10000E+00    0.17692E-02   14.34         test_N_all
.4100E+00    20.000  0.297E+02   0.10166E+00   0.00000E+00   0.10000E+00    0.50249E-02    0.11         test_N_all
.4200E+00    20.000  0.285E+02   0.96809E-01   0.00000E+00   0.10000E+00    0.50249E-02   -0.40         test_N_all
.4300E+00    20.000  0.274E+02   0.92166E-01   0.00000E+00   0.10000E+00    0.50249E-02   -2.43         test_N_all
.4400E+00    20.000  0.263E+02   0.87739E-01   0.00000E+00   0.10000E+00    0.50249E-02   -5.95         test_N_all
.4500E+00    20.000  0.253E+02   0.83535E-01   0.00000E+00   0.10000E+00    0.50249E-02  -10.74         test_N_all
.4600E+00    20.000  0.244E+02   0.79569E-01   0.00000E+00   0.10000E+00    0.50249E-02  -16.53         test_N_all
.4700E+00    20.000  0.234E+02   0.75842E-01   0.00000E+00   0.10000E+00    0.50249E-02  -23.11         test_N_all
.4800E+00    20.000  0.225E+02   0.72363E-01   0.00000E+00   0.10000E+00    0.50249E-02  -30.25         test_N_all
.4900E+00    20.000  0.217E+02   0.69141E-01   0.00000E+00   0.10000E+00    0.50249E-02  -37.71         test_N_all
.5000E+00    20.000  0.209E+02   0.66177E-01   0.00000E+00   0.10000E+00    0.17692E-02 -365.49         test_N_all
.5100E+00    20.000  0.201E+02   0.63482E-01   0.00000E+00   0.10000E+00    0.50249E-02  -52.81         test_N_all
.5200E+00    20.000  0.193E+02   0.61055E-01   0.00000E+00   0.10000E+00    0.50249E-02  -60.07         test_N_all
.5300E+00    20.000  0.186E+02   0.58900E-01   0.00000E+00   0.10000E+00    0.50249E-02  -66.90         test_N_all
.5400E+00    20.000  0.179E+02   0.57021E-01   0.00000E+00   0.10000E+00    0.50249E-02  -73.16         test_N_all
.5500E+00    20.000  0.172E+02   0.55417E-01   0.00000E+00   0.10000E+00    0.50249E-02  -78.72         test_N_all
.5600E+00    20.000  0.166E+02   0.54091E-01   0.00000E+00   0.10000E+00    0.50249E-02  -83.47         test_N_all
.5700E+00    20.000  0.160E+02   0.53043E-01   0.00000E+00   0.10000E+00    0.50249E-02  -87.33         test_N_all
.5800E+00    20.000  0.154E+02   0.52270E-01   0.00000E+00   0.10000E+00    0.50249E-02  -90.22         test_N_all
.5900E+00    20.000  0.148E+02   0.51773E-01   0.00000E+00   0.10000E+00    0.50249E-02  -92.11         test_N_all
.6000E+00    20.000  0.142E+02   0.51550E-01   0.00000E+00   0.10000E+00    0.17692E-02 -749.98         test_N_all
.6100E+00    20.000  0.137E+02   0.51598E-01   0.00000E+00   0.10000E+00    0.50249E-02  -92.78         test_N_all
.6200E+00    20.000  0.131E+02   0.51915E-01   0.00000E+00   0.10000E+00    0.50249E-02  -91.57         test_N_all
.6300E+00    20.000  0.126E+02   0.52498E-01   0.00000E+00   0.10000E+00    0.50249E-02  -89.36         test_N_all
.6400E+00    20.000  0.121E+02   0.53344E-01   0.00000E+00   0.10000E+00    0.50249E-02  -86.21         test_N_all
.6500E+00    20.000  0.117E+02   0.54449E-01   0.00000E+00   0.10000E+00    0.50249E-02  -82.17         test_N_all
.6600E+00    20.000  0.112E+02   0.55809E-01   0.00000E+00   0.10000E+00    0.50249E-02  -77.34         test_N_all
.6700E+00    20.000  0.107E+02   0.57422E-01   0.00000E+00   0.10000E+00    0.50249E-02  -71.80         test_N_all
.6800E+00    20.000  0.103E+02   0.59283E-01   0.00000E+00   0.10000E+00    0.50249E-02  -65.66         test_N_all
.6900E+00    20.000  0.987E+01   0.61388E-01   0.00000E+00   0.10000E+00    0.50249E-02  -59.05         test_N_all
.7000E+00    20.000  0.945E+01   0.63734E-01   0.00000E+00   0.10000E+00    0.17692E-02 -420.19         test_N_all
.7100E+00    20.000  0.905E+01   0.66316E-01   0.00000E+00   0.10000E+00    0.50249E-02  -44.93         test_N_all
.7200E+00    20.000  0.866E+01   0.69133E-01   0.00000E+00   0.10000E+00    0.50249E-02  -37.73         test_N_all
.7300E+00    20.000  0.828E+01   0.72179E-01   0.00000E+00   0.10000E+00    0.50249E-02  -30.65         test_N_all
.7400E+00    20.000  0.791E+01   0.75452E-01   0.00000E+00   0.10000E+00    0.50249E-02  -23.87         test_N_all
.7500E+00    20.000  0.755E+01   0.78949E-01   0.00000E+00   0.10000E+00    0.50249E-02  -17.55         test_N_all
.7600E+00    20.000  0.720E+01   0.82666E-01   0.00000E+00   0.10000E+00    0.50249E-02  -11.90         test_N_all
.7700E+00    20.000  0.686E+01   0.86601E-01   0.00000E+00   0.10000E+00    0.50249E-02   -7.11         test_N_all
.7800E+00    20.000  0.652E+01   0.90752E-01   0.00000E+00   0.10000E+00    0.50249E-02   -3.39         test_N_all
.7900E+00    20.000  0.620E+01   0.95116E-01   0.00000E+00   0.10000E+00    0.50249E-02   -0.94         test_N_all
.8000E+00    20.000  0.588E+01   0.99692E-01   0.00000E+00   0.10000E+00    0.17692E-02   -0.03         test_N_all
.8100E+00    20.000  0.557E+01   0.10448E+00   0.00000E+00   0.10000E+00    0.50249E-02    0.79         test_N_all
.8200E+00    20.000  0.527E+01   0.10947E+00   0.00000E+00   0.10000E+00    0.50249E-02    3.55         test_N_all
.8300E+00    20.000  0.498E+01   0.11467E+00   0.00000E+00   0.10000E+00    0.50249E-02    8.52         test_N_all
.8400E+00    20.000  0.469E+01   0.12007E+00   0.00000E+00   0.10000E+00    0.50249E-02   15.96         test_N_all
.8500E+00    20.000  0.441E+01   0.12568E+00   0.00000E+00   0.10000E+00    0.50249E-02   26.12         test_N_all
.8600E+00    20.000  0.414E+01   0.13149E+00   0.00000E+00   0.10000E+00    0.50249E-02   39.28         test_N_all
.8700E+00    20.000  0.387E+01   0.13751E+00   0.00000E+00   0.10000E+00    0.50249E-02   55.71         test_N_all
.8800E+00    20.000  0.361E+01   0.14372E+00   0.00000E+00   0.10000E+00    0.50249E-02   75.70         test_N_all
.8900E+00    20.000  0.335E+01   0.15014E+00   0.00000E+00   0.10000E+00    0.50249E-02   99.55         test_N_all
.9000E+00    20.000  0.310E+01   0.15675E+00   0.00000E+00   0.10000E+00    0.17692E-02 1029.06         test_N_all
.9100E+00    20.000  0.286E+01   0.16357E+00   0.00000E+00   0.10000E+00    0.50249E-02  160.04         test_N_all
.9200E+00    20.000  0.262E+01   0.17059E+00   0.00000E+00   0.10000E+00    0.50249E-02  197.32         test_N_all
.9300E+00    20.000  0.239E+01   0.17780E+00   0.00000E+00   0.10000E+00    0.50249E-02  239.72         test_N_all
.9400E+00    20.000  0.216E+01   0.18521E+00   0.00000E+00   0.10000E+00    0.50249E-02  287.58         test_N_all
.9500E+00    20.000  0.193E+01   0.19283E+00   0.00000E+00   0.10000E+00    0.50249E-02  341.27         test_N_all
.9600E+00    20.000  0.172E+01   0.20064E+00   0.00000E+00   0.10000E+00    0.50249E-02  401.13         test_N_all
.9700E+00    20.000  0.150E+01   0.20865E+00   0.00000E+00   0.10000E+00    0.50249E-02  467.54         test_N_all
.9800E+00    20.000  0.129E+01   0.21687E+00   0.00000E+00   0.10000E+00    0.50249E-02  540.89         test_N_all
.9900E+00    20.000  0.108E+01   0.22528E+00   0.00000E+00   0.10000E+00    0.50249E-02  621.58         test_N_all
.1000E+01    20.000  0.882E+00   0.23389E+00   0.00000E+00   0.10000E+00    0.50249E-02  709.98         test_N_all
.1000E+00    50.000  0.451E+03   0.33445E+00   0.00000E+00   0.10000E+00    0.50249E-02 2176.98         test_N_all
.1100E+00    50.000  0.405E+03   0.32163E+00   0.00000E+00   0.10000E+00    0.50249E-02 1945.33         test_N_all
.1200E+00    50.000  0.368E+03   0.30969E+00   0.00000E+00   0.10000E+00    0.50249E-02 1741.42         test_N_all
.1300E+00    50.000  0.335E+03   0.29843E+00   0.00000E+00   0.10000E+00    0.50249E-02 1559.37         test_N_all
.1400E+00    50.000  0.308E+03   0.28763E+00   0.00000E+00   0.10000E+00    0.50249E-02 1394.24         test_N_all
.1500E+00    50.000  0.284E+03   0.27734E+00   0.00000E+00   0.10000E+00    0.50249E-02 1245.55         test_N_all
.1600E+00    50.000  0.263E+03   0.26741E+00   0.00000E+00   0.10000E+00    0.50249E-02 1109.96         test_N_all
.1700E+00    50.000  0.245E+03   0.25786E+00   0.00000E+00   0.10000E+00    0.50249E-02  986.93         test_N_all
.1800E+00    50.000  0.229E+03   0.24865E+00   0.00000E+00   0.10000E+00    0.50249E-02  875.10         test_N_all
.1900E+00    50.000  0.214E+03   0.23973E+00   0.00000E+00   0.10000E+00    0.50249E-02  773.22         test_N_all
.2000E+00    50.000  0.201E+03   0.23110E+00   0.00000E+00   0.10000E+00    0.50249E-02  680.68         test_N_all
.2100E+00    50.000  0.189E+03   0.22271E+00   0.00000E+00   0.10000E+00    0.50249E-02  596.39         test_N_all
.2200E+00    50.000  0.178E+03   0.21457E+00   0.00000E+00   0.10000E+00    0.50249E-02  519.86         test_N_all
.2300E+00    50.000  0.168E+03   0.20665E+00   0.00000E+00   0.10000E+00    0.50249E-02  450.45         test_N_all
.2400E+00    50.000  0.159E+03   0.19892E+00   0.00000E+00   0.10000E+00    0.50249E-02  387.55         test_N_all
.2500E+00    50.000  0.151E+03   0.19139E+00   0.00000E+00   0.10000E+00    0.50249E-02  330.79         test_N_all
.2600E+00    50.000  0.143E+03   0.18403E+00   0.00000E+00   0.10000E+00    0.50249E-02  279.63         test_N_all
.2700E+00    50.000  0.136E+03   0.17683E+00   0.00000E+00   0.10000E+00    0.50249E-02  233.78         test_N_all
.2800E+00    50.000  0.129E+03   0.16979E+00   0.00000E+00   0.10000E+00    0.50249E-02  192.89         test_N_all
.2900E+00    50.000  0.123E+03   0.16289E+00   0.00000E+00   0.10000E+00    0.50249E-02  156.64         test_N_all
.3000E+00    50.000  0.118E+03   0.15614E+00   0.00000E+00   0.10000E+00    0.18868E-02  885.23         test_N_all
.3100E+00    50.000  0.112E+03   0.14952E+00   0.00000E+00   0.10000E+00    0.50249E-02   97.11         test_N_all
.3200E+00    50.000  0.107E+03   0.14304E+00   0.00000E+00   0.10000E+00    0.50249E-02   73.35         test_N_all
.3300E+00    50.000  0.102E+03   0.13669E+00   0.00000E+00   0.10000E+00    0.50249E-02   53.32         test_N_all
.3400E+00    50.000  0.979E+02   0.13048E+00   0.00000E+00   0.10000E+00    0.50249E-02   36.80         test_N_all
.3500E+00    50.000  0.937E+02   0.12441E+00   0.00000E+00   0.10000E+00    0.50249E-02   23.60         test_N_all
.3600E+00    50.000  0.898E+02   0.11849E+00   0.00000E+00   0.10000E+00    0.50249E-02   13.54         test_N_all
.3700E+00    50.000  0.860E+02   0.11271E+00   0.00000E+00   0.10000E+00    0.50249E-02    6.40         test_N_all
.3800E+00    50.000  0.825E+02   0.10709E+00   0.00000E+00   0.10000E+00    0.50249E-02    1.99         test_N_all
.3900E+00    50.000  0.791E+02   0.10163E+00   0.00000E+00   0.10000E+00    0.50249E-02    0.11         test_N_all
.4000E+00    50.000  0.759E+02   0.96339E-01   0.00000E+00   0.10000E+00    0.17692E-02   -4.28         test_N_all
.4100E+00    50.000  0.728E+02   0.91222E-01   0.00000E+00   0.10000E+00    0.50249E-02   -3.05         test_N_all
.4200E+00    50.000  0.699E+02   0.86284E-01   0.00000E+00   0.10000E+00    0.50249E-02   -7.45         test_N_all
.4300E+00    50.000  0.672E+02   0.81531E-01   0.00000E+00   0.10000E+00    0.50249E-02  -13.51         test_N_all
.4400E+00    50.000  0.645E+02   0.76971E-01   0.00000E+00   0.10000E+00    0.50249E-02  -21.00         test_N_all
.4500E+00    50.000  0.620E+02   0.72605E-01   0.00000E+00   0.10000E+00    0.50249E-02  -29.72         test_N_all
.4600E+00    50.000  0.596E+02   0.68444E-01   0.00000E+00   0.10000E+00    0.50249E-02  -39.44         test_N_all
.4700E+00    50.000  0.573E+02   0.64486E-01   0.00000E+00   0.10000E+00    0.50249E-02  -49.95         test_N_all
.4800E+00    50.000  0.550E+02   0.60736E-01   0.00000E+00   0.10000E+00    0.50249E-02  -61.06         test_N_all
.4900E+00    50.000  0.529E+02   0.57198E-01   0.00000E+00   0.10000E+00    0.50249E-02  -72.56         test_N_all
.5000E+00    50.000  0.509E+02   0.53870E-01   0.00000E+00   0.10000E+00    0.17692E-02 -679.85         test_N_all
.5100E+00    50.000  0.489E+02   0.50759E-01   0.00000E+00   0.10000E+00    0.50249E-02  -96.03         test_N_all
.5200E+00    50.000  0.470E+02   0.47860E-01   0.00000E+00   0.10000E+00    0.50249E-02 -107.67         test_N_all
.5300E+00    50.000  0.452E+02   0.45175E-01   0.00000E+00   0.10000E+00    0.50249E-02 -119.04         test_N_all
.5400E+00    50.000  0.435E+02   0.42702E-01   0.00000E+00   0.10000E+00    0.50249E-02 -130.02         test_N_all
.5500E+00    50.000  0.418E+02   0.40439E-01   0.00000E+00   0.10000E+00    0.50249E-02 -140.50         test_N_all
.5600E+00    50.000  0.402E+02   0.38385E-01   0.00000E+00   0.10000E+00    0.50249E-02 -150.35         test_N_all
.5700E+00    50.000  0.386E+02   0.36537E-01   0.00000E+00   0.10000E+00    0.50249E-02 -159.51         test_N_all
.5800E+00    50.000  0.371E+02   0.34891E-01   0.00000E+00   0.10000E+00    0.50249E-02 -167.89         test_N_all
.5900E+00    50.000  0.356E+02   0.33444E-01   0.00000E+00   0.10000E+00    0.50249E-02 -175.44         test_N_all
.6000E+00    50.000  0.342E+02   0.32191E-01   0.00000E+00   0.10000E+00    0.17692E-02 *******         test_N_all
.6100E+00    50.000  0.328E+02   0.31128E-01   0.00000E+00   0.10000E+00    0.50249E-02 -187.85         test_N_all
.6200E+00    50.000  0.315E+02   0.30251E-01   0.00000E+00   0.10000E+00    0.50249E-02 -192.67         test_N_all
.6300E+00    50.000  0.302E+02   0.29555E-01   0.00000E+00   0.10000E+00    0.50249E-02 -196.53         test_N_all
.6400E+00    50.000  0.290E+02   0.29035E-01   0.00000E+00   0.10000E+00    0.50249E-02 -199.45         test_N_all
.6500E+00    50.000  0.278E+02   0.28687E-01   0.00000E+00   0.10000E+00    0.50249E-02 -201.41         test_N_all
.6600E+00    50.000  0.266E+02   0.28503E-01   0.00000E+00   0.10000E+00    0.50249E-02 -202.45         test_N_all
.6700E+00    50.000  0.255E+02   0.28481E-01   0.00000E+00   0.10000E+00    0.50249E-02 -202.57         test_N_all
.6800E+00    50.000  0.244E+02   0.28614E-01   0.00000E+00   0.10000E+00    0.50249E-02 -201.82         test_N_all
.6900E+00    50.000  0.233E+02   0.28899E-01   0.00000E+00   0.10000E+00    0.50249E-02 -200.21         test_N_all
.7000E+00    50.000  0.223E+02   0.29330E-01   0.00000E+00   0.10000E+00    0.17692E-02 *******         test_N_all
.7100E+00    50.000  0.213E+02   0.29901E-01   0.00000E+00   0.10000E+00    0.50249E-02 -194.61         test_N_all
.7200E+00    50.000  0.203E+02   0.30610E-01   0.00000E+00   0.10000E+00    0.50249E-02 -190.69         test_N_all
.7300E+00    50.000  0.194E+02   0.31451E-01   0.00000E+00   0.10000E+00    0.50249E-02 -186.10         test_N_all
.7400E+00    50.000  0.184E+02   0.32420E-01   0.00000E+00   0.10000E+00    0.50249E-02 -180.87         test_N_all
.7500E+00    50.000  0.175E+02   0.33514E-01   0.00000E+00   0.10000E+00    0.50249E-02 -175.06         test_N_all
.7600E+00    50.000  0.167E+02   0.34728E-01   0.00000E+00   0.10000E+00    0.50249E-02 -168.73         test_N_all
.7700E+00    50.000  0.158E+02   0.36059E-01   0.00000E+00   0.10000E+00    0.50249E-02 -161.92         test_N_all
.7800E+00    50.000  0.150E+02   0.37504E-01   0.00000E+00   0.10000E+00    0.50249E-02 -154.68         test_N_all
.7900E+00    50.000  0.142E+02   0.39059E-01   0.00000E+00   0.10000E+00    0.50249E-02 -147.08         test_N_all
.8000E+00    50.000  0.134E+02   0.40723E-01   0.00000E+00   0.10000E+00    0.17692E-02 *******         test_N_all
.8100E+00    50.000  0.126E+02   0.42491E-01   0.00000E+00   0.10000E+00    0.50249E-02 -130.98         test_N_all
.8200E+00    50.000  0.119E+02   0.44361E-01   0.00000E+00   0.10000E+00    0.50249E-02 -122.60         test_N_all
.8300E+00    50.000  0.111E+02   0.46332E-01   0.00000E+00   0.10000E+00    0.50249E-02 -114.07         test_N_all
.8400E+00    50.000  0.104E+02   0.48400E-01   0.00000E+00   0.10000E+00    0.50249E-02 -105.45         test_N_all
.8500E+00    50.000  0.971E+01   0.50565E-01   0.00000E+00   0.10000E+00    0.50249E-02  -96.78         test_N_all
.8600E+00    50.000  0.902E+01   0.52823E-01   0.00000E+00   0.10000E+00    0.50249E-02  -88.14         test_N_all
.8700E+00    50.000  0.835E+01   0.55174E-01   0.00000E+00   0.10000E+00    0.50249E-02  -79.58         test_N_all
.8800E+00    50.000  0.770E+01   0.57616E-01   0.00000E+00   0.10000E+00    0.50249E-02  -71.14         test_N_all
.8900E+00    50.000  0.706E+01   0.60147E-01   0.00000E+00   0.10000E+00    0.50249E-02  -62.90         test_N_all
.9000E+00    50.000  0.644E+01   0.62766E-01   0.00000E+00   0.10000E+00    0.17692E-02 -442.93         test_N_all
.9100E+00    50.000  0.583E+01   0.65471E-01   0.00000E+00   0.10000E+00    0.50249E-02  -47.22         test_N_all
.9200E+00    50.000  0.523E+01   0.68262E-01   0.00000E+00   0.10000E+00    0.50249E-02  -39.89         test_N_all
.9300E+00    50.000  0.465E+01   0.71137E-01   0.00000E+00   0.10000E+00    0.50249E-02  -32.99         test_N_all
.9400E+00    50.000  0.407E+01   0.74095E-01   0.00000E+00   0.10000E+00    0.50249E-02  -26.58         test_N_all
.9500E+00    50.000  0.351E+01   0.77136E-01   0.00000E+00   0.10000E+00    0.50249E-02  -20.70         test_N_all
.9600E+00    50.000  0.297E+01   0.80258E-01   0.00000E+00   0.10000E+00    0.50249E-02  -15.44         test_N_all
.9700E+00    50.000  0.243E+01   0.83462E-01   0.00000E+00   0.10000E+00    0.50249E-02  -10.83         test_N_all
.9800E+00    50.000  0.190E+01   0.86747E-01   0.00000E+00   0.10000E+00    0.50249E-02   -6.96         test_N_all
.9900E+00    50.000  0.139E+01   0.90112E-01   0.00000E+00   0.10000E+00    0.50249E-02   -3.87         test_N_all
.1000E+01    50.000  0.882E+00   0.93557E-01   0.00000E+00   0.10000E+00    0.50249E-02   -1.64         test_N_all
.1000E+00   100.000  0.901E+03   0.33569E+00   0.00000E+00   0.10000E+00    0.50249E-02 2199.93         test_N_all
.1100E+00   100.000  0.810E+03   0.32138E+00   0.00000E+00   0.10000E+00    0.50249E-02 1941.01         test_N_all
.1200E+00   100.000  0.734E+03   0.30823E+00   0.00000E+00   0.10000E+00    0.50249E-02 1717.26         test_N_all
.1300E+00   100.000  0.670E+03   0.29596E+00   0.00000E+00   0.10000E+00    0.50249E-02 1520.84         test_N_all
.1400E+00   100.000  0.615E+03   0.28431E+00   0.00000E+00   0.10000E+00    0.50249E-02 1345.34         test_N_all
.1500E+00   100.000  0.568E+03   0.27332E+00   0.00000E+00   0.10000E+00    0.50249E-02 1189.69         test_N_all
.1600E+00   100.000  0.526E+03   0.26278E+00   0.00000E+00   0.10000E+00    0.50249E-02 1049.45         test_N_all
.1700E+00   100.000  0.489E+03   0.25273E+00   0.00000E+00   0.10000E+00    0.50249E-02  923.79         test_N_all
.1800E+00   100.000  0.456E+03   0.24309E+00   0.00000E+00   0.10000E+00    0.50249E-02  810.85         test_N_all
.1900E+00   100.000  0.427E+03   0.23380E+00   0.00000E+00   0.10000E+00    0.50249E-02  709.03         test_N_all
.2000E+00   100.000  0.401E+03   0.22487E+00   0.00000E+00   0.10000E+00    0.50249E-02  617.53         test_N_all
.2100E+00   100.000  0.377E+03   0.21622E+00   0.00000E+00   0.10000E+00    0.50249E-02  534.96         test_N_all
.2200E+00   100.000  0.355E+03   0.20786E+00   0.00000E+00   0.10000E+00    0.50249E-02  460.75         test_N_all
.2300E+00   100.000  0.336E+03   0.19975E+00   0.00000E+00   0.10000E+00    0.50249E-02  394.09         test_N_all
.2400E+00   100.000  0.318E+03   0.19187E+00   0.00000E+00   0.10000E+00    0.50249E-02  334.28         test_N_all
.2500E+00   100.000  0.301E+03   0.18421E+00   0.00000E+00   0.10000E+00    0.50249E-02  280.88         test_N_all
.2600E+00   100.000  0.285E+03   0.17675E+00   0.00000E+00   0.10000E+00    0.50249E-02  233.27         test_N_all
.2700E+00   100.000  0.271E+03   0.16947E+00   0.00000E+00   0.10000E+00    0.50249E-02  191.12         test_N_all
.2800E+00   100.000  0.258E+03   0.16237E+00   0.00000E+00   0.10000E+00    0.50249E-02  154.04         test_N_all
.2900E+00   100.000  0.246E+03   0.15543E+00   0.00000E+00   0.10000E+00    0.50249E-02  121.67         test_N_all
.3000E+00   100.000  0.234E+03   0.14865E+00   0.00000E+00   0.10000E+00    0.18868E-02  664.89         test_N_all
.3100E+00   100.000  0.223E+03   0.14203E+00   0.00000E+00   0.10000E+00    0.50249E-02   69.95         test_N_all
.3200E+00   100.000  0.213E+03   0.13555E+00   0.00000E+00   0.10000E+00    0.50249E-02   50.07         test_N_all
.3300E+00   100.000  0.204E+03   0.12923E+00   0.00000E+00   0.10000E+00    0.50249E-02   33.85         test_N_all
.3400E+00   100.000  0.195E+03   0.12306E+00   0.00000E+00   0.10000E+00    0.50249E-02   21.07         test_N_all
.3500E+00   100.000  0.187E+03   0.11705E+00   0.00000E+00   0.10000E+00    0.50249E-02   11.51         test_N_all
.3600E+00   100.000  0.179E+03   0.11118E+00   0.00000E+00   0.10000E+00    0.50249E-02    4.95         test_N_all
.3700E+00   100.000  0.171E+03   0.10548E+00   0.00000E+00   0.10000E+00    0.50249E-02    1.19         test_N_all
.3800E+00   100.000  0.164E+03   0.99937E-01   0.00000E+00   0.10000E+00    0.50249E-02   -0.00         test_N_all
.3900E+00   100.000  0.157E+03   0.94561E-01   0.00000E+00   0.10000E+00    0.50249E-02   -1.17         test_N_all
.4000E+00   100.000  0.151E+03   0.89355E-01   0.00000E+00   0.10000E+00    0.17692E-02  -36.20         test_N_all
.4100E+00   100.000  0.145E+03   0.84326E-01   0.00000E+00   0.10000E+00    0.50249E-02   -9.73         test_N_all
.4200E+00   100.000  0.139E+03   0.79475E-01   0.00000E+00   0.10000E+00    0.50249E-02  -16.68         test_N_all
.4300E+00   100.000  0.133E+03   0.74807E-01   0.00000E+00   0.10000E+00    0.50249E-02  -25.14         test_N_all
.4400E+00   100.000  0.128E+03   0.70327E-01   0.00000E+00   0.10000E+00    0.50249E-02  -34.87         test_N_all
.4500E+00   100.000  0.123E+03   0.66035E-01   0.00000E+00   0.10000E+00    0.50249E-02  -45.69         test_N_all
.4600E+00   100.000  0.118E+03   0.61938E-01   0.00000E+00   0.10000E+00    0.50249E-02  -57.38         test_N_all
.4700E+00   100.000  0.114E+03   0.58033E-01   0.00000E+00   0.10000E+00    0.50249E-02  -69.75         test_N_all
.4800E+00   100.000  0.109E+03   0.54323E-01   0.00000E+00   0.10000E+00    0.50249E-02  -82.63         test_N_all
.4900E+00   100.000  0.105E+03   0.50809E-01   0.00000E+00   0.10000E+00    0.50249E-02  -95.83         test_N_all
.5000E+00   100.000  0.101E+03   0.47490E-01   0.00000E+00   0.10000E+00    0.17692E-02 -880.92         test_N_all
.5100E+00   100.000  0.970E+02   0.44368E-01   0.00000E+00   0.10000E+00    0.50249E-02 -122.57         test_N_all
.5200E+00   100.000  0.932E+02   0.41437E-01   0.00000E+00   0.10000E+00    0.50249E-02 -135.83         test_N_all
.5300E+00   100.000  0.896E+02   0.38697E-01   0.00000E+00   0.10000E+00    0.50249E-02 -148.83         test_N_all
.5400E+00   100.000  0.861E+02   0.36146E-01   0.00000E+00   0.10000E+00    0.50249E-02 -161.48         test_N_all
.5500E+00   100.000  0.827E+02   0.33779E-01   0.00000E+00   0.10000E+00    0.50249E-02 -173.67         test_N_all
.5600E+00   100.000  0.795E+02   0.31595E-01   0.00000E+00   0.10000E+00    0.50249E-02 -185.31         test_N_all
.5700E+00   100.000  0.763E+02   0.29589E-01   0.00000E+00   0.10000E+00    0.50249E-02 -196.35         test_N_all
.5800E+00   100.000  0.733E+02   0.27755E-01   0.00000E+00   0.10000E+00    0.50249E-02 -206.71         test_N_all
.5900E+00   100.000  0.704E+02   0.26091E-01   0.00000E+00   0.10000E+00    0.50249E-02 -216.34         test_N_all
.6000E+00   100.000  0.675E+02   0.24590E-01   0.00000E+00   0.10000E+00    0.17692E-02 *******         test_N_all
.6100E+00   100.000  0.648E+02   0.23247E-01   0.00000E+00   0.10000E+00    0.50249E-02 -233.31         test_N_all
.6200E+00   100.000  0.622E+02   0.22058E-01   0.00000E+00   0.10000E+00    0.50249E-02 -240.59         test_N_all
.6300E+00   100.000  0.596E+02   0.21017E-01   0.00000E+00   0.10000E+00    0.50249E-02 -247.06         test_N_all
.6400E+00   100.000  0.571E+02   0.20119E-01   0.00000E+00   0.10000E+00    0.50249E-02 -252.71         test_N_all
.6500E+00   100.000  0.547E+02   0.19358E-01   0.00000E+00   0.10000E+00    0.50249E-02 -257.55         test_N_all
.6600E+00   100.000  0.524E+02   0.18727E-01   0.00000E+00   0.10000E+00    0.50249E-02 -261.59         test_N_all
.6700E+00   100.000  0.501E+02   0.18224E-01   0.00000E+00   0.10000E+00    0.50249E-02 -264.85         test_N_all
.6800E+00   100.000  0.479E+02   0.17841E-01   0.00000E+00   0.10000E+00    0.50249E-02 -267.33         test_N_all
.6900E+00   100.000  0.458E+02   0.17573E-01   0.00000E+00   0.10000E+00    0.50249E-02 -269.08         test_N_all
.7000E+00   100.000  0.437E+02   0.17417E-01   0.00000E+00   0.10000E+00    0.17692E-02 *******         test_N_all
.7100E+00   100.000  0.417E+02   0.17365E-01   0.00000E+00   0.10000E+00    0.50249E-02 -270.44         test_N_all
.7200E+00   100.000  0.398E+02   0.17415E-01   0.00000E+00   0.10000E+00    0.50249E-02 -270.11         test_N_all
.7300E+00   100.000  0.379E+02   0.17562E-01   0.00000E+00   0.10000E+00    0.50249E-02 -269.15         test_N_all
.7400E+00   100.000  0.360E+02   0.17800E-01   0.00000E+00   0.10000E+00    0.50249E-02 -267.60         test_N_all
.7500E+00   100.000  0.342E+02   0.18127E-01   0.00000E+00   0.10000E+00    0.50249E-02 -265.47         test_N_all
.7600E+00   100.000  0.325E+02   0.18537E-01   0.00000E+00   0.10000E+00    0.50249E-02 -262.82         test_N_all
.7700E+00   100.000  0.308E+02   0.19028E-01   0.00000E+00   0.10000E+00    0.50249E-02 -259.66         test_N_all
.7800E+00   100.000  0.291E+02   0.19596E-01   0.00000E+00   0.10000E+00    0.50249E-02 -256.03         test_N_all
.7900E+00   100.000  0.275E+02   0.20238E-01   0.00000E+00   0.10000E+00    0.50249E-02 -251.96         test_N_all
.8000E+00   100.000  0.259E+02   0.20951E-01   0.00000E+00   0.10000E+00    0.17692E-02 *******         test_N_all
.8100E+00   100.000  0.243E+02   0.21731E-01   0.00000E+00   0.10000E+00    0.50249E-02 -242.61         test_N_all
.8200E+00   100.000  0.228E+02   0.22577E-01   0.00000E+00   0.10000E+00    0.50249E-02 -237.40         test_N_all
.8300E+00   100.000  0.214E+02   0.23486E-01   0.00000E+00   0.10000E+00    0.50249E-02 -231.86         test_N_all
.8400E+00   100.000  0.199E+02   0.24455E-01   0.00000E+00   0.10000E+00    0.50249E-02 -226.02         test_N_all
.8500E+00   100.000  0.185E+02   0.25483E-01   0.00000E+00   0.10000E+00    0.50249E-02 -219.92         test_N_all
.8600E+00   100.000  0.172E+02   0.26566E-01   0.00000E+00   0.10000E+00    0.50249E-02 -213.57         test_N_all
.8700E+00   100.000  0.158E+02   0.27704E-01   0.00000E+00   0.10000E+00    0.50249E-02 -207.00         test_N_all
.8800E+00   100.000  0.145E+02   0.28894E-01   0.00000E+00   0.10000E+00    0.50249E-02 -200.24         test_N_all
.8900E+00   100.000  0.132E+02   0.30135E-01   0.00000E+00   0.10000E+00    0.50249E-02 -193.31         test_N_all
.9000E+00   100.000  0.120E+02   0.31426E-01   0.00000E+00   0.10000E+00    0.17692E-02 *******         test_N_all
.9100E+00   100.000  0.108E+02   0.32764E-01   0.00000E+00   0.10000E+00    0.50249E-02 -179.04         test_N_all
.9200E+00   100.000  0.958E+01   0.34149E-01   0.00000E+00   0.10000E+00    0.50249E-02 -171.74         test_N_all
.9300E+00   100.000  0.841E+01   0.35579E-01   0.00000E+00   0.10000E+00    0.50249E-02 -164.36         test_N_all
.9400E+00   100.000  0.726E+01   0.37053E-01   0.00000E+00   0.10000E+00    0.50249E-02 -156.92         test_N_all
.9500E+00   100.000  0.614E+01   0.38571E-01   0.00000E+00   0.10000E+00    0.50249E-02 -149.45         test_N_all
.9600E+00   100.000  0.505E+01   0.40130E-01   0.00000E+00   0.10000E+00    0.50249E-02 -141.96         test_N_all
.9700E+00   100.000  0.397E+01   0.41731E-01   0.00000E+00   0.10000E+00    0.50249E-02 -134.47         test_N_all
.9800E+00   100.000  0.292E+01   0.43374E-01   0.00000E+00   0.10000E+00    0.50249E-02 -126.99         test_N_all
.9900E+00   100.000  0.189E+01   0.45056E-01   0.00000E+00   0.10000E+00    0.50249E-02 -119.56         test_N_all
.1000E+01   100.000  0.882E+00   0.46778E-01   0.00000E+00   0.10000E+00    0.50249E-02 -112.18         test_N_all



 CHI SQUARE=******** FOR  582 POINTS   CHISQ/NPTS= 6591.29
 Signed chisquare total =********
 Modified residual =********


Summary normalization chi2 contributions

 data set     normalization        error         chisq


Summary chi2 per data set

 data set      chisq    _w     signd    _w     resid     _w   npts   chisq/pts  _w
test_N_all  ********        ********        ********           582 6591.29
------------------------------------------------------------------------------------
TOTAL       ************************     0.0****************   582 6591.29 6591.29
TOTAL+norm  ****************                                   582 6591.29 6591.29



            Momentum Sum Rule Check


      q2      alphas      xuv       xdv       xub       xdb       xsb       xcb       xbb      xglue     total
      1.69    0.3845    0.3194    0.1361    0.0562    0.0707    0.0254    0.0000    0.0000    0.3925    1.0002
    100.00    0.1784    0.2250    0.0959    0.0654    0.0756    0.0437    0.0259    0.0087    0.4568    0.9972
   1000.00    0.1407    0.0000    0.0000    0.0000    0.0000    0.0000    0.0000    0.0000    0.0000    0.0000
   8315.00    0.1180    0.0000    0.0000    0.0000    0.0000    0.0000    0.0000    0.0000    0.0000    0.0000


 Vector Boson Cross Sections

 sqrt(s)   sigma(W)    error    theory

   1960.     2.865     0.063       0.000     D0

   1960.     2.749     0.054       0.000     CDF

   7000.     9.95      0.29        0.000     CMS

   7000.     9.96      0.55        0.000     ATLAS

 sqrt(s)   sigma(Z)    error    theory

   1960.     .2649     .0094       0.000     D0

   1960.     .2549     .0057       0.000     CDF

   7000.     .931      0.035       0.000     CMS

   7000.     .82       0.08        0.000     ATLAS


