 Correlated errors added in quadrature with statistical errors
 test_N_all           DIS data with   1.69< Q2 < 0.500D+03 and 0.000 < xB < 1.000 and   0.00< W2 < 0.100D+05 and 0.000 < y < 1.000
   GP TMC applied
   no HT corrections

# fitpack15: fit output
# CJ15 AV18 final data choices                                                 

Parametrization   7 used here

 S-ACOT scheme used  for NC DIS

 charm mass =     1.30 GeV     bottom mass =     4.50 GeV



 THIS IS A NEXT TO LEADING ORDER FIT

 Q02=    1.69
         1  LAMBDA      VALUE=   0.22680      WEIGHT=    0.0000    
         2  a0uv        VALUE=    1.7389      WEIGHT=    0.0000    
         3  a1uv        VALUE=   0.54664      WEIGHT=   0.27067E-01
         4  a2uv        VALUE=    3.6281      WEIGHT=   0.13763E-01
         5  a3uv        VALUE=    0.0000      WEIGHT=    0.0000    
         6  a4uv        VALUE=    5.6030      WEIGHT=   0.85295    
         7  a5uv        VALUE=    0.0000      WEIGHT=    0.0000    
         8  a0dv        VALUE=    24.928      WEIGHT=    0.0000    
         9  a1dv        VALUE=    1.1618      WEIGHT=   0.37000E-01
        10  a2dv        VALUE=    6.6511      WEIGHT=   0.20109    
        11  a3dv        VALUE=   -3.4965      WEIGHT=   0.10889    
        12  a4dv        VALUE=    4.6983      WEIGHT=   0.17054    
        13  a5dv        VALUE=    0.0000      WEIGHT=    0.0000    
        14  a0ud        VALUE=   0.13964      WEIGHT=   0.50550E-02
        15  a1ud        VALUE=  -0.21245      WEIGHT=   0.39130E-02
        16  a2ud        VALUE=    8.7402      WEIGHT=   0.19545    
        17  a3ud        VALUE=    0.0000      WEIGHT=    0.0000    
        18  a4ud        VALUE=    17.109      WEIGHT=    1.4580    
        19  a5ud        VALUE=    0.0000      WEIGHT=    0.0000    
        20  a0du        VALUE=    35712.      WEIGHT=    0.0000    
        21  a1du        VALUE=    4.2138      WEIGHT=   0.12482    
        22  a2du        VALUE=    20.139      WEIGHT=    1.1757    
        23  a3du        VALUE=    17.000      WEIGHT=    0.0000    
        24  a4du        VALUE=    64.504      WEIGHT=    17.514    
        25  a0g         VALUE=    45.228      WEIGHT=    0.0000    
        26  a1g         VALUE=   0.59993      WEIGHT=   0.28071E-01
        27  a2g         VALUE=    5.6280      WEIGHT=   0.73881    
        28  a3g         VALUE=   -3.3841      WEIGHT=   0.11500    
        29  a4g         VALUE=    3.1774      WEIGHT=   0.23941    
        30  a5g         VALUE=    0.0000      WEIGHT=    0.0000    
        31  kappa       VALUE=   0.40000      WEIGHT=    0.0000    
        32  a6dv        VALUE=  -0.41499E-02  WEIGHT=   0.80009E-03
        33  a7dv        VALUE=    2.0000      WEIGHT=    0.0000    
        34  off1        VALUE=  -0.20343      WEIGHT=   0.13402    
        35  off2        VALUE=    2.3597      WEIGHT=    1.5192    
        36  off3        VALUE=   -10.444      WEIGHT=    5.6828    
        37  off4        VALUE=    11.593      WEIGHT=    6.0645    
        38  ht1         VALUE=   -4.8631      WEIGHT=    1.3589    
        39  ht2         VALUE=    2.3571      WEIGHT=   0.22273    
        40  ht3         VALUE=   -2.0785      WEIGHT=   0.38506E-01
        41  ht4         VALUE=    2.6660      WEIGHT=   0.16113    
        42  ht1n        VALUE=   -5.4514      WEIGHT=    5.1548    
        43  ht2n        VALUE=    2.5496      WEIGHT=   0.65400    
        44  ht3n        VALUE=   -2.2309      WEIGHT=   0.87879E-01
        45  ht4n        VALUE=    3.1482      WEIGHT=   0.66310    
        46  dummy46     VALUE=    0.0000      WEIGHT=    0.0000    
        47  dummy47     VALUE=    0.0000      WEIGHT=    0.0000    
        48  dummy48     VALUE=    0.0000      WEIGHT=    0.0000    
        49  dummy49     VALUE=    0.0000      WEIGHT=    0.0000    
        50  bcdmsh2     VALUE=   0.97138      WEIGHT=   0.49300E-02
        51  bcdmsd2     VALUE=   0.99308      WEIGHT=   0.59432E-02
        52  ccfr        VALUE=    1.0000      WEIGHT=    0.0000    
        53  nutev       VALUE=    1.0000      WEIGHT=    0.0000    
        54  zeus        VALUE=   0.97998      WEIGHT=    0.0000    
        55  h1          VALUE=    1.0162      WEIGHT=    0.0000    
        56  e605        VALUE=    1.0319      WEIGHT=    0.0000    
        57  NmcH2       VALUE=    1.0083      WEIGHT=   0.72040E-02
        58  ntv_nu      VALUE=    1.0000      WEIGHT=    0.0000    
        59  ntv_nuba    VALUE=    1.0000      WEIGHT=    0.0000    
        60  cdf_jet     VALUE=   0.98910      WEIGHT=    0.0000    
        61  d0_jet      VALUE=   0.83504      WEIGHT=    0.0000    
        62  slac_p      VALUE=   0.99952      WEIGHT=   0.52707E-02
        63  slac_d      VALUE=    1.0043      WEIGHT=   0.54664E-02
        64  e866pp      VALUE=   0.99110      WEIGHT=   0.20045E-01
        65  e866pd      VALUE=   0.95795      WEIGHT=   0.18513E-01
        66  d0_gamje    VALUE=    1.0376      WEIGHT=   0.16541E-01
        67  h1b         VALUE=   0.97608      WEIGHT=    0.0000    
        68  jlab_p      VALUE=   0.98460      WEIGHT=   0.64485E-02
        69  jlab_d      VALUE=   0.97754      WEIGHT=   0.62370E-02
        70  blank       VALUE=    1.0000      WEIGHT=    0.0000    
        71  d0run2      VALUE=   0.95126      WEIGHT=   0.15399E-01
        72  cdfrun2     VALUE=   0.93551      WEIGHT=   0.17800E-01
        73  HERA_el     VALUE=    1.0000      WEIGHT=    0.0000    
        74  HERA_ps     VALUE=    1.0000      WEIGHT=    0.0000    
        75  CDF_Z       VALUE=   0.95728      WEIGHT=   0.68294E-02
        76  NmcRat      VALUE=    1.0000      WEIGHT=    0.0000    
        77  BNS_F2nd    VALUE=   0.97730      WEIGHT=   0.12767E-01
        78  HERMES_F    VALUE=   0.99393      WEIGHT=   0.58023E-02
        79  HERMES_F    VALUE=   0.97976      WEIGHT=   0.59418E-02
0THE TOLERANCE IS    0.1000
 THE MAXIMUM NUMBER OF STEPS IS 100
0THE INITIAL CHI SQUARED IS  3.96466E+05



     X        Q2         W2       THEORY        error         DATA           ERROR        chi^2     _w    ITYPE
.1000E-01     2.000  0.199E+03   0.33933E+00   0.00000E+00   0.10000E+00    0.50249E-02 2268.51         test_N_all          
.2000E-01     2.000  0.989E+02   0.31723E+00   0.00000E+00   0.10000E+00    0.50249E-02 1868.90         test_N_all          
.3000E-01     2.000  0.655E+02   0.30876E+00   0.00000E+00   0.10000E+00    0.50249E-02 1726.02         test_N_all          
.4000E-01     2.000  0.489E+02   0.30682E+00   0.00000E+00   0.10000E+00    0.50249E-02 1693.98         test_N_all          
.5000E-01     2.000  0.389E+02   0.30614E+00   0.00000E+00   0.10000E+00    0.50249E-02 1682.93         test_N_all          
.6000E-01     2.000  0.322E+02   0.30672E+00   0.00000E+00   0.10000E+00    0.50249E-02 1692.44         test_N_all          
.7000E-01     2.000  0.275E+02   0.30746E+00   0.00000E+00   0.10000E+00    0.50249E-02 1704.61         test_N_all          
.8000E-01     2.000  0.239E+02   0.30806E+00   0.00000E+00   0.10000E+00    0.50249E-02 1714.36         test_N_all          
.9000E-01     2.000  0.211E+02   0.30829E+00   0.00000E+00   0.10000E+00    0.50249E-02 1718.24         test_N_all          
.1000E+00     2.000  0.189E+02   0.30800E+00   0.00000E+00   0.10000E+00    0.50249E-02 1713.40         test_N_all          
.1100E+00     2.000  0.171E+02   0.30711E+00   0.00000E+00   0.10000E+00    0.50249E-02 1698.77         test_N_all          
.1200E+00     2.000  0.155E+02   0.30557E+00   0.00000E+00   0.10000E+00    0.50249E-02 1673.62         test_N_all          
.1300E+00     2.000  0.143E+02   0.30340E+00   0.00000E+00   0.10000E+00    0.50249E-02 1638.49         test_N_all          
.1400E+00     2.000  0.132E+02   0.30068E+00   0.00000E+00   0.10000E+00    0.50249E-02 1594.99         test_N_all          
.1500E+00     2.000  0.122E+02   0.29739E+00   0.00000E+00   0.10000E+00    0.50249E-02 1543.04         test_N_all          
.1600E+00     2.000  0.114E+02   0.29366E+00   0.00000E+00   0.10000E+00    0.50249E-02 1485.24         test_N_all          
.1700E+00     2.000  0.106E+02   0.28952E+00   0.00000E+00   0.10000E+00    0.50249E-02 1422.45         test_N_all          
.1800E+00     2.000  0.999E+01   0.28501E+00   0.00000E+00   0.10000E+00    0.50249E-02 1355.54         test_N_all          
.1900E+00     2.000  0.941E+01   0.28026E+00   0.00000E+00   0.10000E+00    0.50249E-02 1286.89         test_N_all          
.2000E+00     2.000  0.888E+01   0.27526E+00   0.00000E+00   0.10000E+00    0.50249E-02 1216.46         test_N_all          
.2100E+00     2.000  0.841E+01   0.27007E+00   0.00000E+00   0.10000E+00    0.50249E-02 1145.49         test_N_all          
.2200E+00     2.000  0.797E+01   0.26474E+00   0.00000E+00   0.10000E+00    0.50249E-02 1074.87         test_N_all          
.2300E+00     2.000  0.758E+01   0.25928E+00   0.00000E+00   0.10000E+00    0.50249E-02 1004.72         test_N_all          
.2400E+00     2.000  0.722E+01   0.25373E+00   0.00000E+00   0.10000E+00    0.50249E-02  936.00         test_N_all          
.2500E+00     2.000  0.688E+01   0.24811E+00   0.00000E+00   0.10000E+00    0.50249E-02  868.75         test_N_all          
.2600E+00     2.000  0.657E+01   0.24241E+00   0.00000E+00   0.10000E+00    0.50249E-02  803.22         test_N_all          
.2700E+00     2.000  0.629E+01   0.23667E+00   0.00000E+00   0.10000E+00    0.50249E-02  739.78         test_N_all          
.2800E+00     2.000  0.602E+01   0.23089E+00   0.00000E+00   0.10000E+00    0.50249E-02  678.48         test_N_all          
.2900E+00     2.000  0.578E+01   0.22507E+00   0.00000E+00   0.10000E+00    0.50249E-02  619.46         test_N_all          
.3000E+00     2.000  0.555E+01   0.21921E+00   0.00000E+00   0.10000E+00    0.18868E-02 3992.03         test_N_all          
.3100E+00     2.000  0.533E+01   0.21334E+00   0.00000E+00   0.10000E+00    0.50249E-02  508.71         test_N_all          
.3200E+00     2.000  0.513E+01   0.20743E+00   0.00000E+00   0.10000E+00    0.50249E-02  457.11         test_N_all          
.3300E+00     2.000  0.494E+01   0.20152E+00   0.00000E+00   0.10000E+00    0.50249E-02  408.13         test_N_all          
.3400E+00     2.000  0.476E+01   0.19559E+00   0.00000E+00   0.10000E+00    0.50249E-02  361.87         test_N_all          
.3500E+00     2.000  0.460E+01   0.18965E+00   0.00000E+00   0.10000E+00    0.50249E-02  318.30         test_N_all          
.3600E+00     2.000  0.444E+01   0.18371E+00   0.00000E+00   0.10000E+00    0.50249E-02  277.54         test_N_all          
.3700E+00     2.000  0.429E+01   0.17779E+00   0.00000E+00   0.10000E+00    0.50249E-02  239.65         test_N_all          
.3800E+00     2.000  0.414E+01   0.17187E+00   0.00000E+00   0.10000E+00    0.50249E-02  204.59         test_N_all          
.3900E+00     2.000  0.401E+01   0.16599E+00   0.00000E+00   0.10000E+00    0.50249E-02  172.45         test_N_all          
.4000E+00     2.000  0.388E+01   0.16014E+00   0.00000E+00   0.10000E+00    0.17692E-02 1155.43         test_N_all          
.4100E+00     2.000  0.376E+01   0.15433E+00   0.00000E+00   0.10000E+00    0.50249E-02  116.89         test_N_all          
.4200E+00     2.000  0.364E+01   0.14858E+00   0.00000E+00   0.10000E+00    0.50249E-02   93.45         test_N_all          
.4300E+00     2.000  0.353E+01   0.14289E+00   0.00000E+00   0.10000E+00    0.50249E-02   72.85         test_N_all          
.4400E+00     2.000  0.343E+01   0.13727E+00   0.00000E+00   0.10000E+00    0.50249E-02   55.03         test_N_all          
.4500E+00     2.000  0.333E+01   0.13175E+00   0.00000E+00   0.10000E+00    0.50249E-02   39.91         test_N_all          
.4600E+00     2.000  0.323E+01   0.12631E+00   0.00000E+00   0.10000E+00    0.50249E-02   27.42         test_N_all          
.4700E+00     2.000  0.314E+01   0.12098E+00   0.00000E+00   0.10000E+00    0.50249E-02   17.43         test_N_all          
.4800E+00     2.000  0.305E+01   0.11576E+00   0.00000E+00   0.10000E+00    0.50249E-02    9.84         test_N_all          
.4900E+00     2.000  0.296E+01   0.11066E+00   0.00000E+00   0.10000E+00    0.50249E-02    4.50         test_N_all          
.5000E+00     2.000  0.288E+01   0.10568E+00   0.00000E+00   0.10000E+00    0.17692E-02   10.32         test_N_all          
.5100E+00     2.000  0.280E+01   0.10084E+00   0.00000E+00   0.10000E+00    0.50249E-02    0.03         test_N_all          
.5200E+00     2.000  0.273E+01   0.96129E-01   0.00000E+00   0.10000E+00    0.50249E-02   -0.59         test_N_all          
.5300E+00     2.000  0.266E+01   0.91557E-01   0.00000E+00   0.10000E+00    0.50249E-02   -2.82         test_N_all          
.5400E+00     2.000  0.259E+01   0.87133E-01   0.00000E+00   0.10000E+00    0.50249E-02   -6.56         test_N_all          
.5500E+00     2.000  0.252E+01   0.82854E-01   0.00000E+00   0.10000E+00    0.50249E-02  -11.64         test_N_all          
.5600E+00     2.000  0.245E+01   0.78720E-01   0.00000E+00   0.10000E+00    0.50249E-02  -17.93         test_N_all          
.5700E+00     2.000  0.239E+01   0.74736E-01   0.00000E+00   0.10000E+00    0.50249E-02  -25.28         test_N_all          
.5800E+00     2.000  0.233E+01   0.70903E-01   0.00000E+00   0.10000E+00    0.50249E-02  -33.53         test_N_all          
.5900E+00     2.000  0.227E+01   0.67216E-01   0.00000E+00   0.10000E+00    0.50249E-02  -42.56         test_N_all          
.6000E+00     2.000  0.222E+01   0.63676E-01   0.00000E+00   0.10000E+00    0.17692E-02 -421.55         test_N_all          
.6100E+00     2.000  0.216E+01   0.60285E-01   0.00000E+00   0.10000E+00    0.50249E-02  -62.47         test_N_all          
.6200E+00     2.000  0.211E+01   0.57038E-01   0.00000E+00   0.10000E+00    0.50249E-02  -73.10         test_N_all          
.6300E+00     2.000  0.206E+01   0.53931E-01   0.00000E+00   0.10000E+00    0.50249E-02  -84.05         test_N_all          
.6400E+00     2.000  0.201E+01   0.50963E-01   0.00000E+00   0.10000E+00    0.50249E-02  -95.23         test_N_all          
.6500E+00     2.000  0.196E+01   0.48133E-01   0.00000E+00   0.10000E+00    0.50249E-02 -106.54         test_N_all          
.6600E+00     2.000  0.191E+01   0.45435E-01   0.00000E+00   0.10000E+00    0.50249E-02 -117.92         test_N_all          
.6700E+00     2.000  0.187E+01   0.42864E-01   0.00000E+00   0.10000E+00    0.50249E-02 -129.29         test_N_all          
.6800E+00     2.000  0.182E+01   0.40419E-01   0.00000E+00   0.10000E+00    0.50249E-02 -140.59         test_N_all          
.6900E+00     2.000  0.178E+01   0.38097E-01   0.00000E+00   0.10000E+00    0.50249E-02 -151.76         test_N_all          
.7000E+00     2.000  0.174E+01   0.35891E-01   0.00000E+00   0.10000E+00    0.17692E-02 *******         test_N_all          
.7100E+00     2.000  0.170E+01   0.33796E-01   0.00000E+00   0.10000E+00    0.50249E-02 -173.58         test_N_all          
.7200E+00     2.000  0.166E+01   0.31811E-01   0.00000E+00   0.10000E+00    0.50249E-02 -184.15         test_N_all          
.7300E+00     2.000  0.162E+01   0.29932E-01   0.00000E+00   0.10000E+00    0.50249E-02 -194.44         test_N_all          
.7400E+00     2.000  0.158E+01   0.28152E-01   0.00000E+00   0.10000E+00    0.50249E-02 -204.44         test_N_all          
.7500E+00     2.000  0.155E+01   0.26467E-01   0.00000E+00   0.10000E+00    0.50249E-02 -214.14         test_N_all          
.7600E+00     2.000  0.151E+01   0.24875E-01   0.00000E+00   0.10000E+00    0.50249E-02 -223.52         test_N_all          
.7700E+00     2.000  0.148E+01   0.23371E-01   0.00000E+00   0.10000E+00    0.50249E-02 -232.56         test_N_all          
.7800E+00     2.000  0.145E+01   0.21950E-01   0.00000E+00   0.10000E+00    0.50249E-02 -241.26         test_N_all          
.7900E+00     2.000  0.141E+01   0.20609E-01   0.00000E+00   0.10000E+00    0.50249E-02 -249.62         test_N_all          
.8000E+00     2.000  0.138E+01   0.19343E-01   0.00000E+00   0.10000E+00    0.17692E-02 *******         test_N_all          
.8100E+00     2.000  0.135E+01   0.18151E-01   0.00000E+00   0.10000E+00    0.50249E-02 -265.32         test_N_all          
.8200E+00     2.000  0.132E+01   0.17027E-01   0.00000E+00   0.10000E+00    0.50249E-02 -272.66         test_N_all          
.8300E+00     2.000  0.129E+01   0.15968E-01   0.00000E+00   0.10000E+00    0.50249E-02 -279.66         test_N_all          
.8400E+00     2.000  0.126E+01   0.14970E-01   0.00000E+00   0.10000E+00    0.50249E-02 -286.34         test_N_all          
.8500E+00     2.000  0.123E+01   0.14031E-01   0.00000E+00   0.10000E+00    0.50249E-02 -292.70         test_N_all          
.8600E+00     2.000  0.121E+01   0.13148E-01   0.00000E+00   0.10000E+00    0.50249E-02 -298.74         test_N_all          
.8700E+00     2.000  0.118E+01   0.12317E-01   0.00000E+00   0.10000E+00    0.50249E-02 -304.49         test_N_all          
.8800E+00     2.000  0.115E+01   0.11535E-01   0.00000E+00   0.10000E+00    0.50249E-02 -309.94         test_N_all          
.8900E+00     2.000  0.113E+01   0.10801E-01   0.00000E+00   0.10000E+00    0.50249E-02 -315.11         test_N_all          
.9000E+00     2.000  0.110E+01   0.10110E-01   0.00000E+00   0.10000E+00    0.17692E-02 *******         test_N_all          
.9100E+00     2.000  0.108E+01   0.94610E-02   0.00000E+00   0.10000E+00    0.50249E-02 -324.65         test_N_all          
.9200E+00     2.000  0.106E+01   0.88514E-02   0.00000E+00   0.10000E+00    0.50249E-02 -329.03         test_N_all          
.9300E+00     2.000  0.103E+01   0.82790E-02   0.00000E+00   0.10000E+00    0.50249E-02 -333.18         test_N_all          
.9400E+00     2.000  0.101E+01   0.77417E-02   0.00000E+00   0.10000E+00    0.50249E-02 -337.09         test_N_all          
.9500E+00     2.000  0.987E+00   0.72372E-02   0.00000E+00   0.10000E+00    0.50249E-02 -340.79         test_N_all          
.9600E+00     2.000  0.965E+00   0.67635E-02   0.00000E+00   0.10000E+00    0.50249E-02 -344.28         test_N_all          
.9700E+00     2.000  0.944E+00   0.63191E-02   0.00000E+00   0.10000E+00    0.50249E-02 -347.57         test_N_all          
.9800E+00     2.000  0.923E+00   0.59023E-02   0.00000E+00   0.10000E+00    0.50249E-02 -350.67         test_N_all          
.9900E+00     2.000  0.902E+00   0.55114E-02   0.00000E+00   0.10000E+00    0.50249E-02 -353.59         test_N_all          
.1000E+01     2.000  0.882E+00   0.51449E-02   0.00000E+00   0.10000E+00    0.50249E-02 -356.34         test_N_all          
.1000E-01     5.000  0.496E+03   0.44623E+00   0.00000E+00   0.10000E+00    0.50249E-02 4747.61         test_N_all          
.2000E-01     5.000  0.246E+03   0.39602E+00   0.00000E+00   0.10000E+00    0.50249E-02 3470.36         test_N_all          
.3000E-01     5.000  0.163E+03   0.37170E+00   0.00000E+00   0.10000E+00    0.50249E-02 2923.70         test_N_all          
.4000E-01     5.000  0.121E+03   0.35958E+00   0.00000E+00   0.10000E+00    0.50249E-02 2668.50         test_N_all          
.5000E-01     5.000  0.959E+02   0.35000E+00   0.00000E+00   0.10000E+00    0.50249E-02 2475.34         test_N_all          
.6000E-01     5.000  0.792E+02   0.34343E+00   0.00000E+00   0.10000E+00    0.50249E-02 2346.94         test_N_all          
.7000E-01     5.000  0.673E+02   0.33757E+00   0.00000E+00   0.10000E+00    0.50249E-02 2235.14         test_N_all          
.8000E-01     5.000  0.584E+02   0.33238E+00   0.00000E+00   0.10000E+00    0.50249E-02 2138.64         test_N_all          
.9000E-01     5.000  0.514E+02   0.32725E+00   0.00000E+00   0.10000E+00    0.50249E-02 2045.28         test_N_all          
.1000E+00     5.000  0.459E+02   0.32214E+00   0.00000E+00   0.10000E+00    0.50249E-02 1954.22         test_N_all          
.1100E+00     5.000  0.413E+02   0.31682E+00   0.00000E+00   0.10000E+00    0.50249E-02 1861.82         test_N_all          
.1200E+00     5.000  0.375E+02   0.31136E+00   0.00000E+00   0.10000E+00    0.50249E-02 1769.16         test_N_all          
.1300E+00     5.000  0.343E+02   0.30568E+00   0.00000E+00   0.10000E+00    0.50249E-02 1675.36         test_N_all          
.1400E+00     5.000  0.316E+02   0.29978E+00   0.00000E+00   0.10000E+00    0.50249E-02 1580.60         test_N_all          
.1500E+00     5.000  0.292E+02   0.29369E+00   0.00000E+00   0.10000E+00    0.50249E-02 1485.76         test_N_all          
.1600E+00     5.000  0.271E+02   0.28747E+00   0.00000E+00   0.10000E+00    0.50249E-02 1391.94         test_N_all          
.1700E+00     5.000  0.253E+02   0.28115E+00   0.00000E+00   0.10000E+00    0.50249E-02 1299.58         test_N_all          
.1800E+00     5.000  0.237E+02   0.27474E+00   0.00000E+00   0.10000E+00    0.50249E-02 1209.29         test_N_all          
.1900E+00     5.000  0.222E+02   0.26830E+00   0.00000E+00   0.10000E+00    0.50249E-02 1121.82         test_N_all          
.2000E+00     5.000  0.209E+02   0.26183E+00   0.00000E+00   0.10000E+00    0.50249E-02 1037.20         test_N_all          
.2100E+00     5.000  0.197E+02   0.25536E+00   0.00000E+00   0.10000E+00    0.50249E-02  955.89         test_N_all          
.2200E+00     5.000  0.186E+02   0.24890E+00   0.00000E+00   0.10000E+00    0.50249E-02  878.02         test_N_all          
.2300E+00     5.000  0.176E+02   0.24245E+00   0.00000E+00   0.10000E+00    0.50249E-02  803.69         test_N_all          
.2400E+00     5.000  0.167E+02   0.23604E+00   0.00000E+00   0.10000E+00    0.50249E-02  732.90         test_N_all          
.2500E+00     5.000  0.159E+02   0.22964E+00   0.00000E+00   0.10000E+00    0.50249E-02  665.60         test_N_all          
.2600E+00     5.000  0.151E+02   0.22327E+00   0.00000E+00   0.10000E+00    0.50249E-02  601.76         test_N_all          
.2700E+00     5.000  0.144E+02   0.21691E+00   0.00000E+00   0.10000E+00    0.50249E-02  541.34         test_N_all          
.2800E+00     5.000  0.137E+02   0.21059E+00   0.00000E+00   0.10000E+00    0.50249E-02  484.33         test_N_all          
.2900E+00     5.000  0.131E+02   0.20427E+00   0.00000E+00   0.10000E+00    0.50249E-02  430.60         test_N_all          
.3000E+00     5.000  0.125E+02   0.19798E+00   0.00000E+00   0.10000E+00    0.18868E-02 2696.61         test_N_all          
.3100E+00     5.000  0.120E+02   0.19170E+00   0.00000E+00   0.10000E+00    0.50249E-02  333.06         test_N_all          
.3200E+00     5.000  0.115E+02   0.18544E+00   0.00000E+00   0.10000E+00    0.50249E-02  289.14         test_N_all          
.3300E+00     5.000  0.110E+02   0.17921E+00   0.00000E+00   0.10000E+00    0.50249E-02  248.46         test_N_all          
.3400E+00     5.000  0.106E+02   0.17299E+00   0.00000E+00   0.10000E+00    0.50249E-02  210.97         test_N_all          
.3500E+00     5.000  0.102E+02   0.16679E+00   0.00000E+00   0.10000E+00    0.50249E-02  176.68         test_N_all          
.3600E+00     5.000  0.977E+01   0.16063E+00   0.00000E+00   0.10000E+00    0.50249E-02  145.59         test_N_all          
.3700E+00     5.000  0.940E+01   0.15450E+00   0.00000E+00   0.10000E+00    0.50249E-02  117.65         test_N_all          
.3800E+00     5.000  0.904E+01   0.14842E+00   0.00000E+00   0.10000E+00    0.50249E-02   92.86         test_N_all          
.3900E+00     5.000  0.870E+01   0.14240E+00   0.00000E+00   0.10000E+00    0.50249E-02   71.19         test_N_all          
.4000E+00     5.000  0.838E+01   0.13643E+00   0.00000E+00   0.10000E+00    0.17692E-02  424.10         test_N_all          
.4100E+00     5.000  0.808E+01   0.13054E+00   0.00000E+00   0.10000E+00    0.50249E-02   36.95         test_N_all          
.4200E+00     5.000  0.779E+01   0.12474E+00   0.00000E+00   0.10000E+00    0.50249E-02   24.23         test_N_all          
.4300E+00     5.000  0.751E+01   0.11902E+00   0.00000E+00   0.10000E+00    0.50249E-02   14.33         test_N_all          
.4400E+00     5.000  0.725E+01   0.11341E+00   0.00000E+00   0.10000E+00    0.50249E-02    7.12         test_N_all          
.4500E+00     5.000  0.699E+01   0.10791E+00   0.00000E+00   0.10000E+00    0.50249E-02    2.48         test_N_all          
.4600E+00     5.000  0.675E+01   0.10254E+00   0.00000E+00   0.10000E+00    0.50249E-02    0.25         test_N_all          
.4700E+00     5.000  0.652E+01   0.97287E-01   0.00000E+00   0.10000E+00    0.50249E-02   -0.29         test_N_all          
.4800E+00     5.000  0.630E+01   0.92179E-01   0.00000E+00   0.10000E+00    0.50249E-02   -2.42         test_N_all          
.4900E+00     5.000  0.609E+01   0.87214E-01   0.00000E+00   0.10000E+00    0.50249E-02   -6.47         test_N_all          
.5000E+00     5.000  0.588E+01   0.82400E-01   0.00000E+00   0.10000E+00    0.17692E-02  -98.97         test_N_all          
.5100E+00     5.000  0.569E+01   0.77744E-01   0.00000E+00   0.10000E+00    0.50249E-02  -19.62         test_N_all          
.5200E+00     5.000  0.550E+01   0.73245E-01   0.00000E+00   0.10000E+00    0.50249E-02  -28.35         test_N_all          
.5300E+00     5.000  0.532E+01   0.68912E-01   0.00000E+00   0.10000E+00    0.50249E-02  -38.28         test_N_all          
.5400E+00     5.000  0.514E+01   0.64746E-01   0.00000E+00   0.10000E+00    0.50249E-02  -49.22         test_N_all          
.5500E+00     5.000  0.497E+01   0.60746E-01   0.00000E+00   0.10000E+00    0.50249E-02  -61.03         test_N_all          
.5600E+00     5.000  0.481E+01   0.56916E-01   0.00000E+00   0.10000E+00    0.50249E-02  -73.51         test_N_all          
.5700E+00     5.000  0.465E+01   0.53255E-01   0.00000E+00   0.10000E+00    0.50249E-02  -86.54         test_N_all          
.5800E+00     5.000  0.450E+01   0.49759E-01   0.00000E+00   0.10000E+00    0.50249E-02  -99.97         test_N_all          
.5900E+00     5.000  0.436E+01   0.46432E-01   0.00000E+00   0.10000E+00    0.50249E-02 -113.64         test_N_all          
.6000E+00     5.000  0.422E+01   0.43269E-01   0.00000E+00   0.10000E+00    0.17692E-02 *******         test_N_all          
.6100E+00     5.000  0.408E+01   0.40266E-01   0.00000E+00   0.10000E+00    0.50249E-02 -141.31         test_N_all          
.6200E+00     5.000  0.395E+01   0.37422E-01   0.00000E+00   0.10000E+00    0.50249E-02 -155.09         test_N_all          
.6300E+00     5.000  0.382E+01   0.34733E-01   0.00000E+00   0.10000E+00    0.50249E-02 -168.70         test_N_all          
.6400E+00     5.000  0.369E+01   0.32193E-01   0.00000E+00   0.10000E+00    0.50249E-02 -182.09         test_N_all          
.6500E+00     5.000  0.357E+01   0.29800E-01   0.00000E+00   0.10000E+00    0.50249E-02 -195.17         test_N_all          
.6600E+00     5.000  0.346E+01   0.27548E-01   0.00000E+00   0.10000E+00    0.50249E-02 -207.89         test_N_all          
.6700E+00     5.000  0.334E+01   0.25431E-01   0.00000E+00   0.10000E+00    0.50249E-02 -220.22         test_N_all          
.6800E+00     5.000  0.323E+01   0.23446E-01   0.00000E+00   0.10000E+00    0.50249E-02 -232.10         test_N_all          
.6900E+00     5.000  0.313E+01   0.21586E-01   0.00000E+00   0.10000E+00    0.50249E-02 -243.51         test_N_all          
.7000E+00     5.000  0.302E+01   0.19847E-01   0.00000E+00   0.10000E+00    0.17692E-02 *******         test_N_all          
.7100E+00     5.000  0.292E+01   0.18222E-01   0.00000E+00   0.10000E+00    0.50249E-02 -264.86         test_N_all          
.7200E+00     5.000  0.283E+01   0.16707E-01   0.00000E+00   0.10000E+00    0.50249E-02 -274.76         test_N_all          
.7300E+00     5.000  0.273E+01   0.15296E-01   0.00000E+00   0.10000E+00    0.50249E-02 -284.15         test_N_all          
.7400E+00     5.000  0.264E+01   0.13984E-01   0.00000E+00   0.10000E+00    0.50249E-02 -293.02         test_N_all          
.7500E+00     5.000  0.255E+01   0.12765E-01   0.00000E+00   0.10000E+00    0.50249E-02 -301.38         test_N_all          
.7600E+00     5.000  0.246E+01   0.11635E-01   0.00000E+00   0.10000E+00    0.50249E-02 -309.24         test_N_all          
.7700E+00     5.000  0.238E+01   0.10588E-01   0.00000E+00   0.10000E+00    0.50249E-02 -316.61         test_N_all          
.7800E+00     5.000  0.229E+01   0.96194E-02   0.00000E+00   0.10000E+00    0.50249E-02 -323.51         test_N_all          
.7900E+00     5.000  0.221E+01   0.87248E-02   0.00000E+00   0.10000E+00    0.50249E-02 -329.95         test_N_all          
.8000E+00     5.000  0.213E+01   0.79000E-02   0.00000E+00   0.10000E+00    0.17692E-02 *******         test_N_all          
.8100E+00     5.000  0.205E+01   0.71394E-02   0.00000E+00   0.10000E+00    0.50249E-02 -341.51         test_N_all          
.8200E+00     5.000  0.198E+01   0.64399E-02   0.00000E+00   0.10000E+00    0.50249E-02 -346.67         test_N_all          
.8300E+00     5.000  0.191E+01   0.57976E-02   0.00000E+00   0.10000E+00    0.50249E-02 -351.45         test_N_all          
.8400E+00     5.000  0.183E+01   0.52081E-02   0.00000E+00   0.10000E+00    0.50249E-02 -355.86         test_N_all          
.8500E+00     5.000  0.176E+01   0.46681E-02   0.00000E+00   0.10000E+00    0.50249E-02 -359.93         test_N_all          
.8600E+00     5.000  0.170E+01   0.41746E-02   0.00000E+00   0.10000E+00    0.50249E-02 -363.66         test_N_all          
.8700E+00     5.000  0.163E+01   0.37242E-02   0.00000E+00   0.10000E+00    0.50249E-02 -367.09         test_N_all          
.8800E+00     5.000  0.156E+01   0.33129E-02   0.00000E+00   0.10000E+00    0.50249E-02 -370.23         test_N_all          
.8900E+00     5.000  0.150E+01   0.29390E-02   0.00000E+00   0.10000E+00    0.50249E-02 -373.10         test_N_all          
.9000E+00     5.000  0.144E+01   0.25998E-02   0.00000E+00   0.10000E+00    0.17692E-02 *******         test_N_all          
.9100E+00     5.000  0.138E+01   0.22916E-02   0.00000E+00   0.10000E+00    0.50249E-02 -378.10         test_N_all          
.9200E+00     5.000  0.132E+01   0.20132E-02   0.00000E+00   0.10000E+00    0.50249E-02 -380.25         test_N_all          
.9300E+00     5.000  0.126E+01   0.17621E-02   0.00000E+00   0.10000E+00    0.50249E-02 -382.21         test_N_all          
.9400E+00     5.000  0.120E+01   0.15364E-02   0.00000E+00   0.10000E+00    0.50249E-02 -383.96         test_N_all          
.9500E+00     5.000  0.114E+01   0.13333E-02   0.00000E+00   0.10000E+00    0.50249E-02 -385.55         test_N_all          
.9600E+00     5.000  0.109E+01   0.11516E-02   0.00000E+00   0.10000E+00    0.50249E-02 -386.97         test_N_all          
.9700E+00     5.000  0.104E+01   0.98984E-03   0.00000E+00   0.10000E+00    0.50249E-02 -388.24         test_N_all          
.9800E+00     5.000  0.984E+00   0.84598E-03   0.00000E+00   0.10000E+00    0.50249E-02 -389.37         test_N_all          
.9900E+00     5.000  0.932E+00   0.71834E-03   0.00000E+00   0.10000E+00    0.50249E-02 -390.37         test_N_all          
.1000E+01     5.000  0.882E+00   0.60594E-03   0.00000E+00   0.10000E+00    0.50249E-02 -391.25         test_N_all          
.1000E-01    10.000  0.991E+03   0.52639E+00   0.00000E+00   0.10000E+00    0.50249E-02 7200.49         test_N_all          
.2000E-01    10.000  0.491E+03   0.45216E+00   0.00000E+00   0.10000E+00    0.50249E-02 4911.62         test_N_all          
.3000E-01    10.000  0.324E+03   0.41396E+00   0.00000E+00   0.10000E+00    0.50249E-02 3903.75         test_N_all          
.4000E-01    10.000  0.241E+03   0.39338E+00   0.00000E+00   0.10000E+00    0.50249E-02 3408.85         test_N_all          
.5000E-01    10.000  0.191E+03   0.37646E+00   0.00000E+00   0.10000E+00    0.50249E-02 3026.89         test_N_all          
.6000E-01    10.000  0.158E+03   0.36448E+00   0.00000E+00   0.10000E+00    0.50249E-02 2770.25         test_N_all          
.7000E-01    10.000  0.134E+03   0.35379E+00   0.00000E+00   0.10000E+00    0.50249E-02 2550.82         test_N_all          
.8000E-01    10.000  0.116E+03   0.34463E+00   0.00000E+00   0.10000E+00    0.50249E-02 2370.10         test_N_all          
.9000E-01    10.000  0.102E+03   0.33598E+00   0.00000E+00   0.10000E+00    0.50249E-02 2205.46         test_N_all          
.1000E+00    10.000  0.909E+02   0.32787E+00   0.00000E+00   0.10000E+00    0.50249E-02 2056.50         test_N_all          
.1100E+00    10.000  0.818E+02   0.31984E+00   0.00000E+00   0.10000E+00    0.50249E-02 1914.01         test_N_all          
.1200E+00    10.000  0.742E+02   0.31208E+00   0.00000E+00   0.10000E+00    0.50249E-02 1781.22         test_N_all          
.1300E+00    10.000  0.678E+02   0.30440E+00   0.00000E+00   0.10000E+00    0.50249E-02 1654.60         test_N_all          
.1400E+00    10.000  0.623E+02   0.29673E+00   0.00000E+00   0.10000E+00    0.50249E-02 1532.79         test_N_all          
.1500E+00    10.000  0.575E+02   0.28912E+00   0.00000E+00   0.10000E+00    0.50249E-02 1416.54         test_N_all          
.1600E+00    10.000  0.534E+02   0.28156E+00   0.00000E+00   0.10000E+00    0.50249E-02 1305.49         test_N_all          
.1700E+00    10.000  0.497E+02   0.27406E+00   0.00000E+00   0.10000E+00    0.50249E-02 1199.82         test_N_all          
.1800E+00    10.000  0.464E+02   0.26663E+00   0.00000E+00   0.10000E+00    0.50249E-02 1099.58         test_N_all          
.1900E+00    10.000  0.435E+02   0.25928E+00   0.00000E+00   0.10000E+00    0.50249E-02 1004.73         test_N_all          
.2000E+00    10.000  0.409E+02   0.25201E+00   0.00000E+00   0.10000E+00    0.50249E-02  915.18         test_N_all          
.2100E+00    10.000  0.385E+02   0.24484E+00   0.00000E+00   0.10000E+00    0.50249E-02  830.84         test_N_all          
.2200E+00    10.000  0.363E+02   0.23775E+00   0.00000E+00   0.10000E+00    0.50249E-02  751.54         test_N_all          
.2300E+00    10.000  0.344E+02   0.23076E+00   0.00000E+00   0.10000E+00    0.50249E-02  677.11         test_N_all          
.2400E+00    10.000  0.325E+02   0.22384E+00   0.00000E+00   0.10000E+00    0.50249E-02  607.36         test_N_all          
.2500E+00    10.000  0.309E+02   0.21700E+00   0.00000E+00   0.10000E+00    0.50249E-02  542.14         test_N_all          
.2600E+00    10.000  0.293E+02   0.21023E+00   0.00000E+00   0.10000E+00    0.50249E-02  481.22         test_N_all          
.2700E+00    10.000  0.279E+02   0.20353E+00   0.00000E+00   0.10000E+00    0.50249E-02  424.48         test_N_all          
.2800E+00    10.000  0.266E+02   0.19690E+00   0.00000E+00   0.10000E+00    0.50249E-02  371.87         test_N_all          
.2900E+00    10.000  0.254E+02   0.19033E+00   0.00000E+00   0.10000E+00    0.50249E-02  323.11         test_N_all          
.3000E+00    10.000  0.242E+02   0.18381E+00   0.00000E+00   0.10000E+00    0.18868E-02 1972.92         test_N_all          
.3100E+00    10.000  0.231E+02   0.17734E+00   0.00000E+00   0.10000E+00    0.50249E-02  236.88         test_N_all          
.3200E+00    10.000  0.221E+02   0.17092E+00   0.00000E+00   0.10000E+00    0.50249E-02  199.18         test_N_all          
.3300E+00    10.000  0.212E+02   0.16455E+00   0.00000E+00   0.10000E+00    0.50249E-02  165.03         test_N_all          
.3400E+00    10.000  0.203E+02   0.15824E+00   0.00000E+00   0.10000E+00    0.50249E-02  134.31         test_N_all          
.3500E+00    10.000  0.195E+02   0.15198E+00   0.00000E+00   0.10000E+00    0.50249E-02  107.00         test_N_all          
.3600E+00    10.000  0.187E+02   0.14578E+00   0.00000E+00   0.10000E+00    0.50249E-02   83.01         test_N_all          
.3700E+00    10.000  0.179E+02   0.13965E+00   0.00000E+00   0.10000E+00    0.50249E-02   62.27         test_N_all          
.3800E+00    10.000  0.172E+02   0.13360E+00   0.00000E+00   0.10000E+00    0.50249E-02   44.70         test_N_all          
.3900E+00    10.000  0.165E+02   0.12763E+00   0.00000E+00   0.10000E+00    0.50249E-02   30.22         test_N_all          
.4000E+00    10.000  0.159E+02   0.12174E+00   0.00000E+00   0.10000E+00    0.17692E-02  151.06         test_N_all          
.4100E+00    10.000  0.153E+02   0.11596E+00   0.00000E+00   0.10000E+00    0.50249E-02   10.09         test_N_all          
.4200E+00    10.000  0.147E+02   0.11029E+00   0.00000E+00   0.10000E+00    0.50249E-02    4.19         test_N_all          
.4300E+00    10.000  0.141E+02   0.10473E+00   0.00000E+00   0.10000E+00    0.50249E-02    0.89         test_N_all          
.4400E+00    10.000  0.136E+02   0.99305E-01   0.00000E+00   0.10000E+00    0.50249E-02   -0.02         test_N_all          
.4500E+00    10.000  0.131E+02   0.94010E-01   0.00000E+00   0.10000E+00    0.50249E-02   -1.42         test_N_all          
.4600E+00    10.000  0.126E+02   0.88853E-01   0.00000E+00   0.10000E+00    0.50249E-02   -4.92         test_N_all          
.4700E+00    10.000  0.122E+02   0.83849E-01   0.00000E+00   0.10000E+00    0.50249E-02  -10.33         test_N_all          
.4800E+00    10.000  0.117E+02   0.78997E-01   0.00000E+00   0.10000E+00    0.50249E-02  -17.47         test_N_all          
.4900E+00    10.000  0.113E+02   0.74304E-01   0.00000E+00   0.10000E+00    0.50249E-02  -26.15         test_N_all          
.5000E+00    10.000  0.109E+02   0.69779E-01   0.00000E+00   0.10000E+00    0.17692E-02 -291.80         test_N_all          
.5100E+00    10.000  0.105E+02   0.65418E-01   0.00000E+00   0.10000E+00    0.50249E-02  -47.36         test_N_all          
.5200E+00    10.000  0.101E+02   0.61231E-01   0.00000E+00   0.10000E+00    0.50249E-02  -59.53         test_N_all          
.5300E+00    10.000  0.975E+01   0.57217E-01   0.00000E+00   0.10000E+00    0.50249E-02  -72.49         test_N_all          
.5400E+00    10.000  0.940E+01   0.53374E-01   0.00000E+00   0.10000E+00    0.50249E-02  -86.10         test_N_all          
.5500E+00    10.000  0.906E+01   0.49709E-01   0.00000E+00   0.10000E+00    0.50249E-02 -100.17         test_N_all          
.5600E+00    10.000  0.874E+01   0.46215E-01   0.00000E+00   0.10000E+00    0.50249E-02 -114.57         test_N_all          
.5700E+00    10.000  0.843E+01   0.42894E-01   0.00000E+00   0.10000E+00    0.50249E-02 -129.15         test_N_all          
.5800E+00    10.000  0.812E+01   0.39744E-01   0.00000E+00   0.10000E+00    0.50249E-02 -143.79         test_N_all          
.5900E+00    10.000  0.783E+01   0.36761E-01   0.00000E+00   0.10000E+00    0.50249E-02 -158.38         test_N_all          
.6000E+00    10.000  0.755E+01   0.33943E-01   0.00000E+00   0.10000E+00    0.17692E-02 *******         test_N_all          
.6100E+00    10.000  0.728E+01   0.31286E-01   0.00000E+00   0.10000E+00    0.50249E-02 -186.99         test_N_all          
.6200E+00    10.000  0.701E+01   0.28785E-01   0.00000E+00   0.10000E+00    0.50249E-02 -200.85         test_N_all          
.6300E+00    10.000  0.675E+01   0.26437E-01   0.00000E+00   0.10000E+00    0.50249E-02 -214.32         test_N_all          
.6400E+00    10.000  0.651E+01   0.24236E-01   0.00000E+00   0.10000E+00    0.50249E-02 -227.34         test_N_all          
.6500E+00    10.000  0.627E+01   0.22176E-01   0.00000E+00   0.10000E+00    0.50249E-02 -239.87         test_N_all          
.6600E+00    10.000  0.603E+01   0.20252E-01   0.00000E+00   0.10000E+00    0.50249E-02 -251.87         test_N_all          
.6700E+00    10.000  0.581E+01   0.18460E-01   0.00000E+00   0.10000E+00    0.50249E-02 -263.32         test_N_all          
.6800E+00    10.000  0.559E+01   0.16793E-01   0.00000E+00   0.10000E+00    0.50249E-02 -274.20         test_N_all          
.6900E+00    10.000  0.537E+01   0.15244E-01   0.00000E+00   0.10000E+00    0.50249E-02 -284.50         test_N_all          
.7000E+00    10.000  0.517E+01   0.13810E-01   0.00000E+00   0.10000E+00    0.17692E-02 *******         test_N_all          
.7100E+00    10.000  0.497E+01   0.12483E-01   0.00000E+00   0.10000E+00    0.50249E-02 -303.34         test_N_all          
.7200E+00    10.000  0.477E+01   0.11258E-01   0.00000E+00   0.10000E+00    0.50249E-02 -311.89         test_N_all          
.7300E+00    10.000  0.458E+01   0.10129E-01   0.00000E+00   0.10000E+00    0.50249E-02 -319.87         test_N_all          
.7400E+00    10.000  0.440E+01   0.90907E-02   0.00000E+00   0.10000E+00    0.50249E-02 -327.31         test_N_all          
.7500E+00    10.000  0.422E+01   0.81377E-02   0.00000E+00   0.10000E+00    0.50249E-02 -334.21         test_N_all          
.7600E+00    10.000  0.404E+01   0.72655E-02   0.00000E+00   0.10000E+00    0.50249E-02 -340.58         test_N_all          
.7700E+00    10.000  0.387E+01   0.64672E-02   0.00000E+00   0.10000E+00    0.50249E-02 -346.47         test_N_all          
.7800E+00    10.000  0.370E+01   0.57394E-02   0.00000E+00   0.10000E+00    0.50249E-02 -351.88         test_N_all          
.7900E+00    10.000  0.354E+01   0.50776E-02   0.00000E+00   0.10000E+00    0.50249E-02 -356.84         test_N_all          
.8000E+00    10.000  0.338E+01   0.44756E-02   0.00000E+00   0.10000E+00    0.17692E-02 *******         test_N_all          
.8100E+00    10.000  0.323E+01   0.39308E-02   0.00000E+00   0.10000E+00    0.50249E-02 -365.52         test_N_all          
.8200E+00    10.000  0.308E+01   0.34391E-02   0.00000E+00   0.10000E+00    0.50249E-02 -369.27         test_N_all          
.8300E+00    10.000  0.293E+01   0.29952E-02   0.00000E+00   0.10000E+00    0.50249E-02 -372.67         test_N_all          
.8400E+00    10.000  0.279E+01   0.25968E-02   0.00000E+00   0.10000E+00    0.50249E-02 -375.74         test_N_all          
.8500E+00    10.000  0.265E+01   0.22403E-02   0.00000E+00   0.10000E+00    0.50249E-02 -378.49         test_N_all          
.8600E+00    10.000  0.251E+01   0.19216E-02   0.00000E+00   0.10000E+00    0.50249E-02 -380.96         test_N_all          
.8700E+00    10.000  0.238E+01   0.16386E-02   0.00000E+00   0.10000E+00    0.50249E-02 -383.17         test_N_all          
.8800E+00    10.000  0.225E+01   0.13885E-02   0.00000E+00   0.10000E+00    0.50249E-02 -385.12         test_N_all          
.8900E+00    10.000  0.212E+01   0.11673E-02   0.00000E+00   0.10000E+00    0.50249E-02 -386.85         test_N_all          
.9000E+00    10.000  0.199E+01   0.97374E-03   0.00000E+00   0.10000E+00    0.17692E-02 *******         test_N_all          
.9100E+00    10.000  0.187E+01   0.80529E-03   0.00000E+00   0.10000E+00    0.50249E-02 -389.69         test_N_all          
.9200E+00    10.000  0.175E+01   0.65883E-03   0.00000E+00   0.10000E+00    0.50249E-02 -390.84         test_N_all          
.9300E+00    10.000  0.163E+01   0.53312E-03   0.00000E+00   0.10000E+00    0.50249E-02 -391.83         test_N_all          
.9400E+00    10.000  0.152E+01   0.42624E-03   0.00000E+00   0.10000E+00    0.50249E-02 -392.67         test_N_all          
.9500E+00    10.000  0.141E+01   0.33543E-03   0.00000E+00   0.10000E+00    0.50249E-02 -393.39         test_N_all          
.9600E+00    10.000  0.130E+01   0.25972E-03   0.00000E+00   0.10000E+00    0.50249E-02 -393.99         test_N_all          
.9700E+00    10.000  0.119E+01   0.19758E-03   0.00000E+00   0.10000E+00    0.50249E-02 -394.48         test_N_all          
.9800E+00    10.000  0.109E+01   0.14652E-03   0.00000E+00   0.10000E+00    0.50249E-02 -394.88         test_N_all          
.9900E+00    10.000  0.983E+00   0.10586E-03   0.00000E+00   0.10000E+00    0.50249E-02 -395.20         test_N_all          
.1000E+01    10.000  0.882E+00   0.74364E-04   0.00000E+00   0.10000E+00    0.50249E-02 -395.45         test_N_all          
.1000E-01    20.000  0.198E+04   0.60551E+00   0.00000E+00   0.10000E+00    0.50249E-02 *******         test_N_all          
.2000E-01    20.000  0.981E+03   0.50503E+00   0.00000E+00   0.10000E+00    0.50249E-02 6496.91         test_N_all          
.3000E-01    20.000  0.648E+03   0.45224E+00   0.00000E+00   0.10000E+00    0.50249E-02 4913.82         test_N_all          
.4000E-01    20.000  0.481E+03   0.42325E+00   0.00000E+00   0.10000E+00    0.50249E-02 4138.25         test_N_all          
.5000E-01    20.000  0.381E+03   0.39909E+00   0.00000E+00   0.10000E+00    0.50249E-02 3542.86         test_N_all          
.6000E-01    20.000  0.314E+03   0.38194E+00   0.00000E+00   0.10000E+00    0.50249E-02 3148.15         test_N_all          
.7000E-01    20.000  0.267E+03   0.36666E+00   0.00000E+00   0.10000E+00    0.50249E-02 2816.07         test_N_all          
.8000E-01    20.000  0.231E+03   0.35399E+00   0.00000E+00   0.10000E+00    0.50249E-02 2554.86         test_N_all          
.9000E-01    20.000  0.203E+03   0.34228E+00   0.00000E+00   0.10000E+00    0.50249E-02 2324.83         test_N_all          
.1000E+00    20.000  0.181E+03   0.33164E+00   0.00000E+00   0.10000E+00    0.50249E-02 2125.04         test_N_all          
.1100E+00    20.000  0.163E+03   0.32143E+00   0.00000E+00   0.10000E+00    0.50249E-02 1941.91         test_N_all          
.1200E+00    20.000  0.148E+03   0.31172E+00   0.00000E+00   0.10000E+00    0.50249E-02 1775.34         test_N_all          
.1300E+00    20.000  0.135E+03   0.30238E+00   0.00000E+00   0.10000E+00    0.50249E-02 1622.11         test_N_all          
.1400E+00    20.000  0.124E+03   0.29326E+00   0.00000E+00   0.10000E+00    0.50249E-02 1479.24         test_N_all          
.1500E+00    20.000  0.114E+03   0.28442E+00   0.00000E+00   0.10000E+00    0.50249E-02 1346.99         test_N_all          
.1600E+00    20.000  0.106E+03   0.27577E+00   0.00000E+00   0.10000E+00    0.50249E-02 1223.59         test_N_all          
.1700E+00    20.000  0.985E+02   0.26733E+00   0.00000E+00   0.10000E+00    0.50249E-02 1108.89         test_N_all          
.1800E+00    20.000  0.920E+02   0.25909E+00   0.00000E+00   0.10000E+00    0.50249E-02 1002.33         test_N_all          
.1900E+00    20.000  0.861E+02   0.25102E+00   0.00000E+00   0.10000E+00    0.50249E-02  903.26         test_N_all          
.2000E+00    20.000  0.809E+02   0.24314E+00   0.00000E+00   0.10000E+00    0.50249E-02  811.40         test_N_all          
.2100E+00    20.000  0.761E+02   0.23541E+00   0.00000E+00   0.10000E+00    0.50249E-02  726.14         test_N_all          
.2200E+00    20.000  0.718E+02   0.22783E+00   0.00000E+00   0.10000E+00    0.50249E-02  647.20         test_N_all          
.2300E+00    20.000  0.678E+02   0.22041E+00   0.00000E+00   0.10000E+00    0.50249E-02  574.18         test_N_all          
.2400E+00    20.000  0.642E+02   0.21311E+00   0.00000E+00   0.10000E+00    0.50249E-02  506.69         test_N_all          
.2500E+00    20.000  0.609E+02   0.20594E+00   0.00000E+00   0.10000E+00    0.50249E-02  444.50         test_N_all          
.2600E+00    20.000  0.578E+02   0.19888E+00   0.00000E+00   0.10000E+00    0.50249E-02  387.23         test_N_all          
.2700E+00    20.000  0.550E+02   0.19193E+00   0.00000E+00   0.10000E+00    0.50249E-02  334.69         test_N_all          
.2800E+00    20.000  0.523E+02   0.18508E+00   0.00000E+00   0.10000E+00    0.50249E-02  286.64         test_N_all          
.2900E+00    20.000  0.498E+02   0.17831E+00   0.00000E+00   0.10000E+00    0.50249E-02  242.86         test_N_all          
.3000E+00    20.000  0.475E+02   0.17163E+00   0.00000E+00   0.10000E+00    0.18868E-02 1441.22         test_N_all          
.3100E+00    20.000  0.454E+02   0.16504E+00   0.00000E+00   0.10000E+00    0.50249E-02  167.55         test_N_all          
.3200E+00    20.000  0.434E+02   0.15854E+00   0.00000E+00   0.10000E+00    0.50249E-02  135.72         test_N_all          
.3300E+00    20.000  0.415E+02   0.15212E+00   0.00000E+00   0.10000E+00    0.50249E-02  107.58         test_N_all          
.3400E+00    20.000  0.397E+02   0.14578E+00   0.00000E+00   0.10000E+00    0.50249E-02   83.01         test_N_all          
.3500E+00    20.000  0.380E+02   0.13953E+00   0.00000E+00   0.10000E+00    0.50249E-02   61.89         test_N_all          
.3600E+00    20.000  0.364E+02   0.13337E+00   0.00000E+00   0.10000E+00    0.50249E-02   44.11         test_N_all          
.3700E+00    20.000  0.349E+02   0.12731E+00   0.00000E+00   0.10000E+00    0.50249E-02   29.54         test_N_all          
.3800E+00    20.000  0.335E+02   0.12135E+00   0.00000E+00   0.10000E+00    0.50249E-02   18.06         test_N_all          
.3900E+00    20.000  0.322E+02   0.11550E+00   0.00000E+00   0.10000E+00    0.50249E-02    9.52         test_N_all          
.4000E+00    20.000  0.309E+02   0.10977E+00   0.00000E+00   0.10000E+00    0.17692E-02   30.48         test_N_all          
.4100E+00    20.000  0.297E+02   0.10416E+00   0.00000E+00   0.10000E+00    0.50249E-02    0.68         test_N_all          
.4200E+00    20.000  0.285E+02   0.98679E-01   0.00000E+00   0.10000E+00    0.50249E-02   -0.07         test_N_all          
.4300E+00    20.000  0.274E+02   0.93337E-01   0.00000E+00   0.10000E+00    0.50249E-02   -1.76         test_N_all          
.4400E+00    20.000  0.263E+02   0.88143E-01   0.00000E+00   0.10000E+00    0.50249E-02   -5.57         test_N_all          
.4500E+00    20.000  0.253E+02   0.83097E-01   0.00000E+00   0.10000E+00    0.50249E-02  -11.31         test_N_all          
.4600E+00    20.000  0.244E+02   0.78211E-01   0.00000E+00   0.10000E+00    0.50249E-02  -18.80         test_N_all          
.4700E+00    20.000  0.234E+02   0.73488E-01   0.00000E+00   0.10000E+00    0.50249E-02  -27.84         test_N_all          
.4800E+00    20.000  0.225E+02   0.68928E-01   0.00000E+00   0.10000E+00    0.50249E-02  -38.24         test_N_all          
.4900E+00    20.000  0.217E+02   0.64542E-01   0.00000E+00   0.10000E+00    0.50249E-02  -49.79         test_N_all          
.5000E+00    20.000  0.209E+02   0.60328E-01   0.00000E+00   0.10000E+00    0.17692E-02 -502.84         test_N_all          
.5100E+00    20.000  0.201E+02   0.56287E-01   0.00000E+00   0.10000E+00    0.50249E-02  -75.68         test_N_all          
.5200E+00    20.000  0.193E+02   0.52424E-01   0.00000E+00   0.10000E+00    0.50249E-02  -89.64         test_N_all          
.5300E+00    20.000  0.186E+02   0.48736E-01   0.00000E+00   0.10000E+00    0.50249E-02 -104.08         test_N_all          
.5400E+00    20.000  0.179E+02   0.45224E-01   0.00000E+00   0.10000E+00    0.50249E-02 -118.83         test_N_all          
.5500E+00    20.000  0.172E+02   0.41888E-01   0.00000E+00   0.10000E+00    0.50249E-02 -133.74         test_N_all          
.5600E+00    20.000  0.166E+02   0.38723E-01   0.00000E+00   0.10000E+00    0.50249E-02 -148.71         test_N_all          
.5700E+00    20.000  0.160E+02   0.35731E-01   0.00000E+00   0.10000E+00    0.50249E-02 -163.59         test_N_all          
.5800E+00    20.000  0.154E+02   0.32904E-01   0.00000E+00   0.10000E+00    0.50249E-02 -178.29         test_N_all          
.5900E+00    20.000  0.148E+02   0.30242E-01   0.00000E+00   0.10000E+00    0.50249E-02 -192.72         test_N_all          
.6000E+00    20.000  0.142E+02   0.27739E-01   0.00000E+00   0.10000E+00    0.17692E-02 *******         test_N_all          
.6100E+00    20.000  0.137E+02   0.25391E-01   0.00000E+00   0.10000E+00    0.50249E-02 -220.46         test_N_all          
.6200E+00    20.000  0.131E+02   0.23194E-01   0.00000E+00   0.10000E+00    0.50249E-02 -233.63         test_N_all          
.6300E+00    20.000  0.126E+02   0.21141E-01   0.00000E+00   0.10000E+00    0.50249E-02 -246.29         test_N_all          
.6400E+00    20.000  0.121E+02   0.19227E-01   0.00000E+00   0.10000E+00    0.50249E-02 -258.39         test_N_all          
.6500E+00    20.000  0.117E+02   0.17447E-01   0.00000E+00   0.10000E+00    0.50249E-02 -269.90         test_N_all          
.6600E+00    20.000  0.112E+02   0.15796E-01   0.00000E+00   0.10000E+00    0.50249E-02 -280.81         test_N_all          
.6700E+00    20.000  0.107E+02   0.14265E-01   0.00000E+00   0.10000E+00    0.50249E-02 -291.11         test_N_all          
.6800E+00    20.000  0.103E+02   0.12852E-01   0.00000E+00   0.10000E+00    0.50249E-02 -300.79         test_N_all          
.6900E+00    20.000  0.987E+01   0.11548E-01   0.00000E+00   0.10000E+00    0.50249E-02 -309.85         test_N_all          
.7000E+00    20.000  0.945E+01   0.10348E-01   0.00000E+00   0.10000E+00    0.17692E-02 *******         test_N_all          
.7100E+00    20.000  0.905E+01   0.92466E-02   0.00000E+00   0.10000E+00    0.50249E-02 -326.19         test_N_all          
.7200E+00    20.000  0.866E+01   0.82378E-02   0.00000E+00   0.10000E+00    0.50249E-02 -333.48         test_N_all          
.7300E+00    20.000  0.828E+01   0.73155E-02   0.00000E+00   0.10000E+00    0.50249E-02 -340.21         test_N_all          
.7400E+00    20.000  0.791E+01   0.64754E-02   0.00000E+00   0.10000E+00    0.50249E-02 -346.41         test_N_all          
.7500E+00    20.000  0.755E+01   0.57109E-02   0.00000E+00   0.10000E+00    0.50249E-02 -352.10         test_N_all          
.7600E+00    20.000  0.720E+01   0.50175E-02   0.00000E+00   0.10000E+00    0.50249E-02 -357.29         test_N_all          
.7700E+00    20.000  0.686E+01   0.43910E-02   0.00000E+00   0.10000E+00    0.50249E-02 -362.02         test_N_all          
.7800E+00    20.000  0.652E+01   0.38250E-02   0.00000E+00   0.10000E+00    0.50249E-02 -366.32         test_N_all          
.7900E+00    20.000  0.620E+01   0.33166E-02   0.00000E+00   0.10000E+00    0.50249E-02 -370.21         test_N_all          
.8000E+00    20.000  0.588E+01   0.28613E-02   0.00000E+00   0.10000E+00    0.17692E-02 *******         test_N_all          
.8100E+00    20.000  0.557E+01   0.24542E-02   0.00000E+00   0.10000E+00    0.50249E-02 -376.84         test_N_all          
.8200E+00    20.000  0.527E+01   0.20927E-02   0.00000E+00   0.10000E+00    0.50249E-02 -379.64         test_N_all          
.8300E+00    20.000  0.498E+01   0.17720E-02   0.00000E+00   0.10000E+00    0.50249E-02 -382.13         test_N_all          
.8400E+00    20.000  0.469E+01   0.14894E-02   0.00000E+00   0.10000E+00    0.50249E-02 -384.33         test_N_all          
.8500E+00    20.000  0.441E+01   0.12422E-02   0.00000E+00   0.10000E+00    0.50249E-02 -386.26         test_N_all          
.8600E+00    20.000  0.414E+01   0.10260E-02   0.00000E+00   0.10000E+00    0.50249E-02 -387.95         test_N_all          
.8700E+00    20.000  0.387E+01   0.83888E-03   0.00000E+00   0.10000E+00    0.50249E-02 -389.42         test_N_all          
.8800E+00    20.000  0.361E+01   0.67838E-03   0.00000E+00   0.10000E+00    0.50249E-02 -390.68         test_N_all          
.8900E+00    20.000  0.335E+01   0.54100E-03   0.00000E+00   0.10000E+00    0.50249E-02 -391.77         test_N_all          
.9000E+00    20.000  0.310E+01   0.42528E-03   0.00000E+00   0.10000E+00    0.17692E-02 *******         test_N_all          
.9100E+00    20.000  0.286E+01   0.32876E-03   0.00000E+00   0.10000E+00    0.50249E-02 -393.44         test_N_all          
.9200E+00    20.000  0.262E+01   0.24886E-03   0.00000E+00   0.10000E+00    0.50249E-02 -394.07         test_N_all          
.9300E+00    20.000  0.239E+01   0.18430E-03   0.00000E+00   0.10000E+00    0.50249E-02 -394.58         test_N_all          
.9400E+00    20.000  0.216E+01   0.13269E-03   0.00000E+00   0.10000E+00    0.50249E-02 -394.99         test_N_all          
.9500E+00    20.000  0.193E+01   0.92261E-04   0.00000E+00   0.10000E+00    0.50249E-02 -395.31         test_N_all          
.9600E+00    20.000  0.172E+01   0.61884E-04   0.00000E+00   0.10000E+00    0.50249E-02 -395.55         test_N_all          
.9700E+00    20.000  0.150E+01   0.39147E-04   0.00000E+00   0.10000E+00    0.50249E-02 -395.73         test_N_all          
.9800E+00    20.000  0.129E+01   0.23121E-04   0.00000E+00   0.10000E+00    0.50249E-02 -395.86         test_N_all          
.9900E+00    20.000  0.108E+01   0.12830E-04   0.00000E+00   0.10000E+00    0.50249E-02 -395.94         test_N_all          
.1000E+01    20.000  0.882E+00   0.58989E-05   0.00000E+00   0.10000E+00    0.50249E-02 -395.99         test_N_all          
.1000E+00    50.000  0.451E+03   0.33427E+00   0.00000E+00   0.10000E+00    0.50249E-02 2173.58         test_N_all          
.1100E+00    50.000  0.405E+03   0.32161E+00   0.00000E+00   0.10000E+00    0.50249E-02 1944.91         test_N_all          
.1200E+00    50.000  0.368E+03   0.30984E+00   0.00000E+00   0.10000E+00    0.50249E-02 1743.87         test_N_all          
.1300E+00    50.000  0.335E+03   0.29876E+00   0.00000E+00   0.10000E+00    0.50249E-02 1564.54         test_N_all          
.1400E+00    50.000  0.308E+03   0.28814E+00   0.00000E+00   0.10000E+00    0.50249E-02 1401.87         test_N_all          
.1500E+00    50.000  0.284E+03   0.27804E+00   0.00000E+00   0.10000E+00    0.50249E-02 1255.36         test_N_all          
.1600E+00    50.000  0.263E+03   0.26829E+00   0.00000E+00   0.10000E+00    0.50249E-02 1121.59         test_N_all          
.1700E+00    50.000  0.245E+03   0.25891E+00   0.00000E+00   0.10000E+00    0.50249E-02 1000.05         test_N_all          
.1800E+00    50.000  0.229E+03   0.24986E+00   0.00000E+00   0.10000E+00    0.50249E-02  889.38         test_N_all          
.1900E+00    50.000  0.214E+03   0.24108E+00   0.00000E+00   0.10000E+00    0.50249E-02  788.31         test_N_all          
.2000E+00    50.000  0.201E+03   0.23259E+00   0.00000E+00   0.10000E+00    0.50249E-02  696.28         test_N_all          
.2100E+00    50.000  0.189E+03   0.22433E+00   0.00000E+00   0.10000E+00    0.50249E-02  612.22         test_N_all          
.2200E+00    50.000  0.178E+03   0.21630E+00   0.00000E+00   0.10000E+00    0.50249E-02  535.67         test_N_all          
.2300E+00    50.000  0.168E+03   0.20847E+00   0.00000E+00   0.10000E+00    0.50249E-02  466.01         test_N_all          
.2400E+00    50.000  0.159E+03   0.20083E+00   0.00000E+00   0.10000E+00    0.50249E-02  402.65         test_N_all          
.2500E+00    50.000  0.151E+03   0.19337E+00   0.00000E+00   0.10000E+00    0.50249E-02  345.26         test_N_all          
.2600E+00    50.000  0.143E+03   0.18606E+00   0.00000E+00   0.10000E+00    0.50249E-02  293.30         test_N_all          
.2700E+00    50.000  0.136E+03   0.17890E+00   0.00000E+00   0.10000E+00    0.50249E-02  246.53         test_N_all          
.2800E+00    50.000  0.129E+03   0.17188E+00   0.00000E+00   0.10000E+00    0.50249E-02  204.62         test_N_all          
.2900E+00    50.000  0.123E+03   0.16499E+00   0.00000E+00   0.10000E+00    0.50249E-02  167.27         test_N_all          
.3000E+00    50.000  0.118E+03   0.15823E+00   0.00000E+00   0.10000E+00    0.18868E-02  952.37         test_N_all          
.3100E+00    50.000  0.112E+03   0.15158E+00   0.00000E+00   0.10000E+00    0.50249E-02  105.38         test_N_all          
.3200E+00    50.000  0.107E+03   0.14506E+00   0.00000E+00   0.10000E+00    0.50249E-02   80.41         test_N_all          
.3300E+00    50.000  0.102E+03   0.13865E+00   0.00000E+00   0.10000E+00    0.50249E-02   59.18         test_N_all          
.3400E+00    50.000  0.979E+02   0.13237E+00   0.00000E+00   0.10000E+00    0.50249E-02   41.49         test_N_all          
.3500E+00    50.000  0.937E+02   0.12620E+00   0.00000E+00   0.10000E+00    0.50249E-02   27.19         test_N_all          
.3600E+00    50.000  0.898E+02   0.12016E+00   0.00000E+00   0.10000E+00    0.50249E-02   16.10         test_N_all          
.3700E+00    50.000  0.860E+02   0.11425E+00   0.00000E+00   0.10000E+00    0.50249E-02    8.04         test_N_all          
.3800E+00    50.000  0.825E+02   0.10847E+00   0.00000E+00   0.10000E+00    0.50249E-02    2.84         test_N_all          
.3900E+00    50.000  0.791E+02   0.10283E+00   0.00000E+00   0.10000E+00    0.50249E-02    0.32         test_N_all          
.4000E+00    50.000  0.759E+02   0.97328E-01   0.00000E+00   0.10000E+00    0.17692E-02   -2.28         test_N_all          
.4100E+00    50.000  0.728E+02   0.91980E-01   0.00000E+00   0.10000E+00    0.50249E-02   -2.55         test_N_all          
.4200E+00    50.000  0.699E+02   0.86785E-01   0.00000E+00   0.10000E+00    0.50249E-02   -6.92         test_N_all          
.4300E+00    50.000  0.672E+02   0.81747E-01   0.00000E+00   0.10000E+00    0.50249E-02  -13.19         test_N_all          
.4400E+00    50.000  0.645E+02   0.76875E-01   0.00000E+00   0.10000E+00    0.50249E-02  -21.18         test_N_all          
.4500E+00    50.000  0.620E+02   0.72167E-01   0.00000E+00   0.10000E+00    0.50249E-02  -30.68         test_N_all          
.4600E+00    50.000  0.596E+02   0.67632E-01   0.00000E+00   0.10000E+00    0.50249E-02  -41.49         test_N_all          
.4700E+00    50.000  0.573E+02   0.63270E-01   0.00000E+00   0.10000E+00    0.50249E-02  -53.43         test_N_all          
.4800E+00    50.000  0.550E+02   0.59082E-01   0.00000E+00   0.10000E+00    0.50249E-02  -66.31         test_N_all          
.4900E+00    50.000  0.529E+02   0.55073E-01   0.00000E+00   0.10000E+00    0.50249E-02  -79.94         test_N_all          
.5000E+00    50.000  0.509E+02   0.51240E-01   0.00000E+00   0.10000E+00    0.17692E-02 -759.61         test_N_all          
.5100E+00    50.000  0.489E+02   0.47585E-01   0.00000E+00   0.10000E+00    0.50249E-02 -108.80         test_N_all          
.5200E+00    50.000  0.470E+02   0.44107E-01   0.00000E+00   0.10000E+00    0.50249E-02 -123.72         test_N_all          
.5300E+00    50.000  0.452E+02   0.40804E-01   0.00000E+00   0.10000E+00    0.50249E-02 -138.78         test_N_all          
.5400E+00    50.000  0.435E+02   0.37675E-01   0.00000E+00   0.10000E+00    0.50249E-02 -153.84         test_N_all          
.5500E+00    50.000  0.418E+02   0.34716E-01   0.00000E+00   0.10000E+00    0.50249E-02 -168.79         test_N_all          
.5600E+00    50.000  0.402E+02   0.31925E-01   0.00000E+00   0.10000E+00    0.50249E-02 -183.53         test_N_all          
.5700E+00    50.000  0.386E+02   0.29298E-01   0.00000E+00   0.10000E+00    0.50249E-02 -197.97         test_N_all          
.5800E+00    50.000  0.371E+02   0.26830E-01   0.00000E+00   0.10000E+00    0.50249E-02 -212.03         test_N_all          
.5900E+00    50.000  0.356E+02   0.24517E-01   0.00000E+00   0.10000E+00    0.50249E-02 -225.65         test_N_all          
.6000E+00    50.000  0.342E+02   0.22354E-01   0.00000E+00   0.10000E+00    0.17692E-02 *******         test_N_all          
.6100E+00    50.000  0.328E+02   0.20336E-01   0.00000E+00   0.10000E+00    0.50249E-02 -251.34         test_N_all          
.6200E+00    50.000  0.315E+02   0.18457E-01   0.00000E+00   0.10000E+00    0.50249E-02 -263.34         test_N_all          
.6300E+00    50.000  0.302E+02   0.16711E-01   0.00000E+00   0.10000E+00    0.50249E-02 -274.73         test_N_all          
.6400E+00    50.000  0.290E+02   0.15093E-01   0.00000E+00   0.10000E+00    0.50249E-02 -285.51         test_N_all          
.6500E+00    50.000  0.278E+02   0.13596E-01   0.00000E+00   0.10000E+00    0.50249E-02 -295.67         test_N_all          
.6600E+00    50.000  0.266E+02   0.12216E-01   0.00000E+00   0.10000E+00    0.50249E-02 -305.19         test_N_all          
.6700E+00    50.000  0.255E+02   0.10944E-01   0.00000E+00   0.10000E+00    0.50249E-02 -314.10         test_N_all          
.6800E+00    50.000  0.244E+02   0.97773E-02   0.00000E+00   0.10000E+00    0.50249E-02 -322.38         test_N_all          
.6900E+00    50.000  0.233E+02   0.87073E-02   0.00000E+00   0.10000E+00    0.50249E-02 -330.07         test_N_all          
.7000E+00    50.000  0.223E+02   0.77298E-02   0.00000E+00   0.10000E+00    0.17692E-02 *******         test_N_all          
.7100E+00    50.000  0.213E+02   0.68389E-02   0.00000E+00   0.10000E+00    0.50249E-02 -343.72         test_N_all          
.7200E+00    50.000  0.203E+02   0.60283E-02   0.00000E+00   0.10000E+00    0.50249E-02 -349.73         test_N_all          
.7300E+00    50.000  0.194E+02   0.52939E-02   0.00000E+00   0.10000E+00    0.50249E-02 -355.22         test_N_all          
.7400E+00    50.000  0.184E+02   0.46294E-02   0.00000E+00   0.10000E+00    0.50249E-02 -360.22         test_N_all          
.7500E+00    50.000  0.175E+02   0.40304E-02   0.00000E+00   0.10000E+00    0.50249E-02 -364.76         test_N_all          
.7600E+00    50.000  0.167E+02   0.34926E-02   0.00000E+00   0.10000E+00    0.50249E-02 -368.86         test_N_all          
.7700E+00    50.000  0.158E+02   0.30103E-02   0.00000E+00   0.10000E+00    0.50249E-02 -372.55         test_N_all          
.7800E+00    50.000  0.150E+02   0.25805E-02   0.00000E+00   0.10000E+00    0.50249E-02 -375.86         test_N_all          
.7900E+00    50.000  0.142E+02   0.21983E-02   0.00000E+00   0.10000E+00    0.50249E-02 -378.82         test_N_all          
.8000E+00    50.000  0.134E+02   0.18600E-02   0.00000E+00   0.10000E+00    0.17692E-02 *******         test_N_all          
.8100E+00    50.000  0.126E+02   0.15626E-02   0.00000E+00   0.10000E+00    0.50249E-02 -383.76         test_N_all          
.8200E+00    50.000  0.119E+02   0.13014E-02   0.00000E+00   0.10000E+00    0.50249E-02 -385.80         test_N_all          
.8300E+00    50.000  0.111E+02   0.10743E-02   0.00000E+00   0.10000E+00    0.50249E-02 -387.58         test_N_all          
.8400E+00    50.000  0.104E+02   0.87790E-03   0.00000E+00   0.10000E+00    0.50249E-02 -389.12         test_N_all          
.8500E+00    50.000  0.971E+01   0.70889E-03   0.00000E+00   0.10000E+00    0.50249E-02 -390.44         test_N_all          
.8600E+00    50.000  0.902E+01   0.56541E-03   0.00000E+00   0.10000E+00    0.50249E-02 -391.57         test_N_all          
.8700E+00    50.000  0.835E+01   0.44396E-03   0.00000E+00   0.10000E+00    0.50249E-02 -392.53         test_N_all          
.8800E+00    50.000  0.770E+01   0.34278E-03   0.00000E+00   0.10000E+00    0.50249E-02 -393.33         test_N_all          
.8900E+00    50.000  0.706E+01   0.25972E-03   0.00000E+00   0.10000E+00    0.50249E-02 -393.99         test_N_all          
.9000E+00    50.000  0.644E+01   0.19194E-03   0.00000E+00   0.10000E+00    0.17692E-02 *******         test_N_all          
.9100E+00    50.000  0.583E+01   0.13827E-03   0.00000E+00   0.10000E+00    0.50249E-02 -394.95         test_N_all          
.9200E+00    50.000  0.523E+01   0.96284E-04   0.00000E+00   0.10000E+00    0.50249E-02 -395.28         test_N_all          
.9300E+00    50.000  0.465E+01   0.64299E-04   0.00000E+00   0.10000E+00    0.50249E-02 -395.53         test_N_all          
.9400E+00    50.000  0.407E+01   0.41151E-04   0.00000E+00   0.10000E+00    0.50249E-02 -395.71         test_N_all          
.9500E+00    50.000  0.351E+01   0.24297E-04   0.00000E+00   0.10000E+00    0.50249E-02 -395.85         test_N_all          
.9600E+00    50.000  0.297E+01   0.13244E-04   0.00000E+00   0.10000E+00    0.50249E-02 -395.93         test_N_all          
.9700E+00    50.000  0.243E+01   0.64705E-05   0.00000E+00   0.10000E+00    0.50249E-02 -395.99         test_N_all          
.9800E+00    50.000  0.190E+01   0.24500E-05   0.00000E+00   0.10000E+00    0.50249E-02 -396.02         test_N_all          
.9900E+00    50.000  0.139E+01   0.81617E-06   0.00000E+00   0.10000E+00    0.50249E-02 -396.03         test_N_all          
.1000E+01    50.000  0.882E+00   0.64510E-06   0.00000E+00   0.10000E+00    0.50249E-02 -396.03         test_N_all          
.1000E+00   100.000  0.901E+03   0.33505E+00   0.00000E+00   0.10000E+00    0.50249E-02 2188.02         test_N_all          
.1100E+00   100.000  0.810E+03   0.32084E+00   0.00000E+00   0.10000E+00    0.50249E-02 1931.51         test_N_all          
.1200E+00   100.000  0.734E+03   0.30780E+00   0.00000E+00   0.10000E+00    0.50249E-02 1710.13         test_N_all          
.1300E+00   100.000  0.670E+03   0.29565E+00   0.00000E+00   0.10000E+00    0.50249E-02 1515.97         test_N_all          
.1400E+00   100.000  0.615E+03   0.28412E+00   0.00000E+00   0.10000E+00    0.50249E-02 1342.56         test_N_all          
.1500E+00   100.000  0.568E+03   0.27325E+00   0.00000E+00   0.10000E+00    0.50249E-02 1188.80         test_N_all          
.1600E+00   100.000  0.526E+03   0.26284E+00   0.00000E+00   0.10000E+00    0.50249E-02 1050.16         test_N_all          
.1700E+00   100.000  0.489E+03   0.25290E+00   0.00000E+00   0.10000E+00    0.50249E-02  925.84         test_N_all          
.1800E+00   100.000  0.456E+03   0.24337E+00   0.00000E+00   0.10000E+00    0.50249E-02  814.01         test_N_all          
.1900E+00   100.000  0.427E+03   0.23418E+00   0.00000E+00   0.10000E+00    0.50249E-02  713.04         test_N_all          
.2000E+00   100.000  0.401E+03   0.22534E+00   0.00000E+00   0.10000E+00    0.50249E-02  622.17         test_N_all          
.2100E+00   100.000  0.377E+03   0.21677E+00   0.00000E+00   0.10000E+00    0.50249E-02  540.04         test_N_all          
.2200E+00   100.000  0.355E+03   0.20848E+00   0.00000E+00   0.10000E+00    0.50249E-02  466.08         test_N_all          
.2300E+00   100.000  0.336E+03   0.20044E+00   0.00000E+00   0.10000E+00    0.50249E-02  399.53         test_N_all          
.2400E+00   100.000  0.318E+03   0.19261E+00   0.00000E+00   0.10000E+00    0.50249E-02  339.68         test_N_all          
.2500E+00   100.000  0.301E+03   0.18500E+00   0.00000E+00   0.10000E+00    0.50249E-02  286.13         test_N_all          
.2600E+00   100.000  0.285E+03   0.17756E+00   0.00000E+00   0.10000E+00    0.50249E-02  238.27         test_N_all          
.2700E+00   100.000  0.271E+03   0.17031E+00   0.00000E+00   0.10000E+00    0.50249E-02  195.79         test_N_all          
.2800E+00   100.000  0.258E+03   0.16323E+00   0.00000E+00   0.10000E+00    0.50249E-02  158.32         test_N_all          
.2900E+00   100.000  0.246E+03   0.15629E+00   0.00000E+00   0.10000E+00    0.50249E-02  125.50         test_N_all          
.3000E+00   100.000  0.234E+03   0.14952E+00   0.00000E+00   0.10000E+00    0.18868E-02  688.70         test_N_all          
.3100E+00   100.000  0.223E+03   0.14288E+00   0.00000E+00   0.10000E+00    0.50249E-02   72.81         test_N_all          
.3200E+00   100.000  0.213E+03   0.13639E+00   0.00000E+00   0.10000E+00    0.50249E-02   52.43         test_N_all          
.3300E+00   100.000  0.204E+03   0.13004E+00   0.00000E+00   0.10000E+00    0.50249E-02   35.73         test_N_all          
.3400E+00   100.000  0.195E+03   0.12383E+00   0.00000E+00   0.10000E+00    0.50249E-02   22.48         test_N_all          
.3500E+00   100.000  0.187E+03   0.11776E+00   0.00000E+00   0.10000E+00    0.50249E-02   12.49         test_N_all          
.3600E+00   100.000  0.179E+03   0.11184E+00   0.00000E+00   0.10000E+00    0.50249E-02    5.55         test_N_all          
.3700E+00   100.000  0.171E+03   0.10606E+00   0.00000E+00   0.10000E+00    0.50249E-02    1.45         test_N_all          
.3800E+00   100.000  0.164E+03   0.10043E+00   0.00000E+00   0.10000E+00    0.50249E-02    0.01         test_N_all          
.3900E+00   100.000  0.157E+03   0.94965E-01   0.00000E+00   0.10000E+00    0.50249E-02   -1.00         test_N_all          
.4000E+00   100.000  0.151E+03   0.89653E-01   0.00000E+00   0.10000E+00    0.17692E-02  -34.21         test_N_all          
.4100E+00   100.000  0.145E+03   0.84504E-01   0.00000E+00   0.10000E+00    0.50249E-02   -9.51         test_N_all          
.4200E+00   100.000  0.139E+03   0.79522E-01   0.00000E+00   0.10000E+00    0.50249E-02  -16.61         test_N_all          
.4300E+00   100.000  0.133E+03   0.74708E-01   0.00000E+00   0.10000E+00    0.50249E-02  -25.33         test_N_all          
.4400E+00   100.000  0.128E+03   0.70068E-01   0.00000E+00   0.10000E+00    0.50249E-02  -35.48         test_N_all          
.4500E+00   100.000  0.123E+03   0.65602E-01   0.00000E+00   0.10000E+00    0.50249E-02  -46.86         test_N_all          
.4600E+00   100.000  0.118E+03   0.61314E-01   0.00000E+00   0.10000E+00    0.50249E-02  -59.27         test_N_all          
.4700E+00   100.000  0.114E+03   0.57204E-01   0.00000E+00   0.10000E+00    0.50249E-02  -72.54         test_N_all          
.4800E+00   100.000  0.109E+03   0.53271E-01   0.00000E+00   0.10000E+00    0.50249E-02  -86.48         test_N_all          
.4900E+00   100.000  0.105E+03   0.49520E-01   0.00000E+00   0.10000E+00    0.50249E-02 -100.92         test_N_all          
.5000E+00   100.000  0.101E+03   0.45945E-01   0.00000E+00   0.10000E+00    0.17692E-02 -933.52         test_N_all          
.5100E+00   100.000  0.970E+02   0.42549E-01   0.00000E+00   0.10000E+00    0.50249E-02 -130.72         test_N_all          
.5200E+00   100.000  0.932E+02   0.39327E-01   0.00000E+00   0.10000E+00    0.50249E-02 -145.79         test_N_all          
.5300E+00   100.000  0.896E+02   0.36278E-01   0.00000E+00   0.10000E+00    0.50249E-02 -160.81         test_N_all          
.5400E+00   100.000  0.861E+02   0.33398E-01   0.00000E+00   0.10000E+00    0.50249E-02 -175.67         test_N_all          
.5500E+00   100.000  0.827E+02   0.30684E-01   0.00000E+00   0.10000E+00    0.50249E-02 -190.28         test_N_all          
.5600E+00   100.000  0.795E+02   0.28132E-01   0.00000E+00   0.10000E+00    0.50249E-02 -204.55         test_N_all          
.5700E+00   100.000  0.763E+02   0.25738E-01   0.00000E+00   0.10000E+00    0.50249E-02 -218.41         test_N_all          
.5800E+00   100.000  0.733E+02   0.23496E-01   0.00000E+00   0.10000E+00    0.50249E-02 -231.80         test_N_all          
.5900E+00   100.000  0.704E+02   0.21402E-01   0.00000E+00   0.10000E+00    0.50249E-02 -244.66         test_N_all          
.6000E+00   100.000  0.675E+02   0.19449E-01   0.00000E+00   0.10000E+00    0.17692E-02 *******         test_N_all          
.6100E+00   100.000  0.648E+02   0.17633E-01   0.00000E+00   0.10000E+00    0.50249E-02 -268.68         test_N_all          
.6200E+00   100.000  0.622E+02   0.15948E-01   0.00000E+00   0.10000E+00    0.50249E-02 -279.79         test_N_all          
.6300E+00   100.000  0.596E+02   0.14388E-01   0.00000E+00   0.10000E+00    0.50249E-02 -290.27         test_N_all          
.6400E+00   100.000  0.571E+02   0.12946E-01   0.00000E+00   0.10000E+00    0.50249E-02 -300.13         test_N_all          
.6500E+00   100.000  0.547E+02   0.11618E-01   0.00000E+00   0.10000E+00    0.50249E-02 -309.36         test_N_all          
.6600E+00   100.000  0.524E+02   0.10396E-01   0.00000E+00   0.10000E+00    0.50249E-02 -317.97         test_N_all          
.6700E+00   100.000  0.501E+02   0.92758E-02   0.00000E+00   0.10000E+00    0.50249E-02 -325.98         test_N_all          
.6800E+00   100.000  0.479E+02   0.82507E-02   0.00000E+00   0.10000E+00    0.50249E-02 -333.38         test_N_all          
.6900E+00   100.000  0.458E+02   0.73144E-02   0.00000E+00   0.10000E+00    0.50249E-02 -340.22         test_N_all          
.7000E+00   100.000  0.437E+02   0.64625E-02   0.00000E+00   0.10000E+00    0.17692E-02 *******         test_N_all          
.7100E+00   100.000  0.417E+02   0.56887E-02   0.00000E+00   0.10000E+00    0.50249E-02 -352.26         test_N_all          
.7200E+00   100.000  0.398E+02   0.49880E-02   0.00000E+00   0.10000E+00    0.50249E-02 -357.52         test_N_all          
.7300E+00   100.000  0.379E+02   0.43559E-02   0.00000E+00   0.10000E+00    0.50249E-02 -362.29         test_N_all          
.7400E+00   100.000  0.360E+02   0.37861E-02   0.00000E+00   0.10000E+00    0.50249E-02 -366.62         test_N_all          
.7500E+00   100.000  0.342E+02   0.32756E-02   0.00000E+00   0.10000E+00    0.50249E-02 -370.52         test_N_all          
.7600E+00   100.000  0.325E+02   0.28189E-02   0.00000E+00   0.10000E+00    0.50249E-02 -374.03         test_N_all          
.7700E+00   100.000  0.308E+02   0.24120E-02   0.00000E+00   0.10000E+00    0.50249E-02 -377.17         test_N_all          
.7800E+00   100.000  0.291E+02   0.20516E-02   0.00000E+00   0.10000E+00    0.50249E-02 -379.96         test_N_all          
.7900E+00   100.000  0.275E+02   0.17325E-02   0.00000E+00   0.10000E+00    0.50249E-02 -382.44         test_N_all          
.8000E+00   100.000  0.259E+02   0.14526E-02   0.00000E+00   0.10000E+00    0.17692E-02 *******         test_N_all          
.8100E+00   100.000  0.243E+02   0.12077E-02   0.00000E+00   0.10000E+00    0.50249E-02 -386.53         test_N_all          
.8200E+00   100.000  0.228E+02   0.99480E-03   0.00000E+00   0.10000E+00    0.50249E-02 -388.20         test_N_all          
.8300E+00   100.000  0.214E+02   0.81154E-03   0.00000E+00   0.10000E+00    0.50249E-02 -389.64         test_N_all          
.8400E+00   100.000  0.199E+02   0.65382E-03   0.00000E+00   0.10000E+00    0.50249E-02 -390.88         test_N_all          
.8500E+00   100.000  0.185E+02   0.52014E-03   0.00000E+00   0.10000E+00    0.50249E-02 -391.93         test_N_all          
.8600E+00   100.000  0.172E+02   0.40777E-03   0.00000E+00   0.10000E+00    0.50249E-02 -392.82         test_N_all          
.8700E+00   100.000  0.158E+02   0.31400E-03   0.00000E+00   0.10000E+00    0.50249E-02 -393.56         test_N_all          
.8800E+00   100.000  0.145E+02   0.23739E-03   0.00000E+00   0.10000E+00    0.50249E-02 -394.16         test_N_all          
.8900E+00   100.000  0.132E+02   0.17506E-03   0.00000E+00   0.10000E+00    0.50249E-02 -394.65         test_N_all          
.9000E+00   100.000  0.120E+02   0.12567E-03   0.00000E+00   0.10000E+00    0.17692E-02 *******         test_N_all          
.9100E+00   100.000  0.108E+02   0.87456E-04   0.00000E+00   0.10000E+00    0.50249E-02 -395.35         test_N_all          
.9200E+00   100.000  0.958E+01   0.58205E-04   0.00000E+00   0.10000E+00    0.50249E-02 -395.58         test_N_all          
.9300E+00   100.000  0.841E+01   0.37063E-04   0.00000E+00   0.10000E+00    0.50249E-02 -395.75         test_N_all          
.9400E+00   100.000  0.726E+01   0.21963E-04   0.00000E+00   0.10000E+00    0.50249E-02 -395.87         test_N_all          
.9500E+00   100.000  0.614E+01   0.11897E-04   0.00000E+00   0.10000E+00    0.50249E-02 -395.95         test_N_all          
.9600E+00   100.000  0.505E+01   0.59044E-05   0.00000E+00   0.10000E+00    0.50249E-02 -395.99         test_N_all          
.9700E+00   100.000  0.397E+01   0.22515E-05   0.00000E+00   0.10000E+00    0.50249E-02 -396.02         test_N_all          
.9800E+00   100.000  0.292E+01   0.72791E-06   0.00000E+00   0.10000E+00    0.50249E-02 -396.03         test_N_all          
.9900E+00   100.000  0.189E+01   0.53516E-06   0.00000E+00   0.10000E+00    0.50249E-02 -396.04         test_N_all          
.1000E+01   100.000  0.882E+00   0.72980E-06   0.00000E+00   0.10000E+00    0.50249E-02 -396.03         test_N_all          



 CHI SQUARE=******** FOR  582 POINTS   CHISQ/NPTS=  681.21
 Signed chisquare total =********
 Modified residual =********


Summary normalization chi2 contributions

 data set     normalization        error         chisq


Summary chi2 per data set

 data set                chisq    _w     signd    _w     resid     _w   npts   chisq/pts  _w
test_N_all            396466.1        116420.0        ********           582  681.21
------------------------------------------------------------------------------------
          TOTAL       396466.1396466.1116420.0     0.0****************   582  681.21  681.21
          TOTAL+norm  396466.1396466.1                                   582  681.21  681.21



            Momentum Sum Rule Check


      q2      alphas      xuv       xdv       xub       xdb       xsb       xcb       xbb      xglue     total
      1.69    0.3845    0.3190    0.1363    0.0570    0.0690    0.0252    0.0000    0.0000    0.3938    1.0002
    100.00    0.1784    0.2247    0.0960    0.0660    0.0745    0.0437    0.0259    0.0088    0.4575    0.9972
   1000.00    0.1407    0.0000    0.0000    0.0000    0.0000    0.0000    0.0000    0.0000    0.0000    0.0000
   8315.00    0.1180    0.0000    0.0000    0.0000    0.0000    0.0000    0.0000    0.0000    0.0000    0.0000


 Vector Boson Cross Sections

 sqrt(s)   sigma(W)    error    theory

   1960.     2.865     0.063       0.000     D0

   1960.     2.749     0.054       0.000     CDF

   7000.     9.95      0.29        0.000     CMS

   7000.     9.96      0.55        0.000     ATLAS

 sqrt(s)   sigma(Z)    error    theory

   1960.     .2649     .0094       0.000     D0

   1960.     .2549     .0057       0.000     CDF

   7000.     .931      0.035       0.000     CMS

   7000.     .82       0.08        0.000     ATLAS


