 Correlated errors added in quadrature with statistical errors
 test_N_all           DIS data with   1.69< Q2 < 0.500D+03 and 0.000 < xB < 1.000 and   0.00< W2 < 0.100D+05 and 0.000 < y < 1.000
   GP TMC applied
   no HT corrections

# fitpack15: fit output
# CJ15 AV18 final data choices                                                 

Parametrization   7 used here

 S-ACOT scheme used  for NC DIS

 charm mass =     1.30 GeV     bottom mass =     4.50 GeV



 THIS IS A NEXT TO LEADING ORDER FIT

 Q02=    1.69
         1  LAMBDA      VALUE=   0.22680      WEIGHT=    0.0000    
         2  a0uv        VALUE=    1.7672      WEIGHT=    0.0000    
         3  a1uv        VALUE=   0.54899      WEIGHT=   0.26098E-01
         4  a2uv        VALUE=    3.6065      WEIGHT=   0.12060E-01
         5  a3uv        VALUE=    0.0000      WEIGHT=    0.0000    
         6  a4uv        VALUE=    5.3932      WEIGHT=   0.79519    
         7  a5uv        VALUE=    0.0000      WEIGHT=    0.0000    
         8  a0dv        VALUE=    24.265      WEIGHT=    0.0000    
         9  a1dv        VALUE=    1.1534      WEIGHT=   0.35011E-01
        10  a2dv        VALUE=    6.6443      WEIGHT=   0.18248    
        11  a3dv        VALUE=   -3.5121      WEIGHT=   0.10028    
        12  a4dv        VALUE=    4.7520      WEIGHT=   0.16130    
        13  a5dv        VALUE=    0.0000      WEIGHT=    0.0000    
        14  a0ud        VALUE=   0.13890      WEIGHT=   0.50307E-02
        15  a1ud        VALUE=  -0.21300      WEIGHT=   0.39151E-02
        16  a2ud        VALUE=    8.7498      WEIGHT=   0.19278    
        17  a3ud        VALUE=    0.0000      WEIGHT=    0.0000    
        18  a4ud        VALUE=    17.482      WEIGHT=    1.4521    
        19  a5ud        VALUE=    0.0000      WEIGHT=    0.0000    
        20  a0du        VALUE=    35712.      WEIGHT=    0.0000    
        21  a1du        VALUE=    4.1698      WEIGHT=   0.10865    
        22  a2du        VALUE=    20.406      WEIGHT=    1.0797    
        23  a3du        VALUE=    17.000      WEIGHT=    0.0000    
        24  a4du        VALUE=    61.383      WEIGHT=    15.500    
        25  a0g         VALUE=    46.431      WEIGHT=    0.0000    
        26  a1g         VALUE=   0.60364      WEIGHT=   0.28116E-01
        27  a2g         VALUE=    5.7626      WEIGHT=   0.73824    
        28  a3g         VALUE=   -3.4174      WEIGHT=   0.11521    
        29  a4g         VALUE=    3.2530      WEIGHT=   0.24417    
        30  a5g         VALUE=    0.0000      WEIGHT=    0.0000    
        31  kappa       VALUE=   0.40000      WEIGHT=    0.0000    
        32  a6dv        VALUE=  -0.42188E-02  WEIGHT=   0.80327E-03
        33  a7dv        VALUE=    2.0000      WEIGHT=    0.0000    
        34  off1        VALUE=  -0.16924      WEIGHT=   0.12870    
        35  off2        VALUE=    2.2676      WEIGHT=    1.4528    
        36  off3        VALUE=   -12.888      WEIGHT=    5.3588    
        37  off4        VALUE=    17.354      WEIGHT=    5.4538    
        38  ht1         VALUE=   -3.9658      WEIGHT=    1.0678    
        39  ht2         VALUE=    2.2741      WEIGHT=   0.21668    
        40  ht3         VALUE=   -2.1186      WEIGHT=   0.32050E-01
        41  ht4         VALUE=    2.6378      WEIGHT=   0.15976    
        42  dummy42     VALUE=    0.0000      WEIGHT=    0.0000    
        43  dummy43     VALUE=    0.0000      WEIGHT=    0.0000    
        44  dummy44     VALUE=    0.0000      WEIGHT=    0.0000    
        45  dummy45     VALUE=    0.0000      WEIGHT=    0.0000    
        46  dummy46     VALUE=    0.0000      WEIGHT=    0.0000    
        47  dummy47     VALUE=    0.0000      WEIGHT=    0.0000    
        48  dummy48     VALUE=    0.0000      WEIGHT=    0.0000    
        49  dummy49     VALUE=    0.0000      WEIGHT=    0.0000    
        50  bcdmsh2     VALUE=   0.97086      WEIGHT=   0.49177E-02
        51  bcdmsd2     VALUE=   0.99456      WEIGHT=   0.59213E-02
        52  ccfr        VALUE=    1.0000      WEIGHT=    0.0000    
        53  nutev       VALUE=    1.0000      WEIGHT=    0.0000    
        54  zeus        VALUE=   0.97998      WEIGHT=    0.0000    
        55  h1          VALUE=    1.0162      WEIGHT=    0.0000    
        56  e605        VALUE=    1.0319      WEIGHT=    0.0000    
        57  NmcH2       VALUE=    1.0091      WEIGHT=   0.72054E-02
        58  ntv_nu      VALUE=    1.0000      WEIGHT=    0.0000    
        59  ntv_nuba    VALUE=    1.0000      WEIGHT=    0.0000    
        60  cdf_jet     VALUE=   0.98910      WEIGHT=    0.0000    
        61  d0_jet      VALUE=   0.83504      WEIGHT=    0.0000    
        62  slac_p      VALUE=    1.0020      WEIGHT=   0.49635E-02
        63  slac_d      VALUE=    1.0033      WEIGHT=   0.54053E-02
        64  e866pp      VALUE=   0.99446      WEIGHT=   0.20158E-01
        65  e866pd      VALUE=   0.96593      WEIGHT=   0.17939E-01
        66  d0_gamje    VALUE=    1.0369      WEIGHT=   0.16509E-01
        67  h1b         VALUE=   0.97608      WEIGHT=    0.0000    
        68  jlab_p      VALUE=   0.98390      WEIGHT=   0.58498E-02
        69  jlab_d      VALUE=   0.97846      WEIGHT=   0.60959E-02
        70  blank       VALUE=    1.0000      WEIGHT=    0.0000    
        71  d0run2      VALUE=   0.95276      WEIGHT=   0.15343E-01
        72  cdfrun2     VALUE=   0.93627      WEIGHT=   0.17780E-01
        73  HERA_el     VALUE=    1.0000      WEIGHT=    0.0000    
        74  HERA_ps     VALUE=    1.0000      WEIGHT=    0.0000    
        75  CDF_Z       VALUE=   0.95821      WEIGHT=   0.68189E-02
        76  NmcRat      VALUE=    1.0000      WEIGHT=    0.0000    
        77  BNS_F2nd    VALUE=   0.95774      WEIGHT=   0.74381E-02
        78  HERMES_F    VALUE=   0.99575      WEIGHT=   0.56848E-02
        79  HERMES_F    VALUE=   0.97935      WEIGHT=   0.59056E-02
0THE TOLERANCE IS    0.1000
 THE MAXIMUM NUMBER OF STEPS IS 100
0THE INITIAL CHI SQUARED IS  3.97809E+05



     X        Q2         W2       THEORY        error         DATA           ERROR        chi^2     _w    ITYPE
.1000E-01     2.000  0.199E+03   0.33979E+00   0.00000E+00   0.10000E+00    0.50249E-02 2277.13         test_N_all          
.2000E-01     2.000  0.989E+02   0.31802E+00   0.00000E+00   0.10000E+00    0.50249E-02 1882.42         test_N_all          
.3000E-01     2.000  0.655E+02   0.30976E+00   0.00000E+00   0.10000E+00    0.50249E-02 1742.50         test_N_all          
.4000E-01     2.000  0.489E+02   0.30790E+00   0.00000E+00   0.10000E+00    0.50249E-02 1711.72         test_N_all          
.5000E-01     2.000  0.389E+02   0.30730E+00   0.00000E+00   0.10000E+00    0.50249E-02 1701.97         test_N_all          
.6000E-01     2.000  0.322E+02   0.30792E+00   0.00000E+00   0.10000E+00    0.50249E-02 1712.09         test_N_all          
.7000E-01     2.000  0.275E+02   0.30872E+00   0.00000E+00   0.10000E+00    0.50249E-02 1725.24         test_N_all          
.8000E-01     2.000  0.239E+02   0.30936E+00   0.00000E+00   0.10000E+00    0.50249E-02 1735.86         test_N_all          
.9000E-01     2.000  0.211E+02   0.30962E+00   0.00000E+00   0.10000E+00    0.50249E-02 1740.29         test_N_all          
.1000E+00     2.000  0.189E+02   0.30935E+00   0.00000E+00   0.10000E+00    0.50249E-02 1735.68         test_N_all          
.1100E+00     2.000  0.171E+02   0.30844E+00   0.00000E+00   0.10000E+00    0.50249E-02 1720.68         test_N_all          
.1200E+00     2.000  0.155E+02   0.30686E+00   0.00000E+00   0.10000E+00    0.50249E-02 1694.68         test_N_all          
.1300E+00     2.000  0.143E+02   0.30463E+00   0.00000E+00   0.10000E+00    0.50249E-02 1658.30         test_N_all          
.1400E+00     2.000  0.132E+02   0.30183E+00   0.00000E+00   0.10000E+00    0.50249E-02 1613.22         test_N_all          
.1500E+00     2.000  0.122E+02   0.29843E+00   0.00000E+00   0.10000E+00    0.50249E-02 1559.46         test_N_all          
.1600E+00     2.000  0.114E+02   0.29460E+00   0.00000E+00   0.10000E+00    0.50249E-02 1499.77         test_N_all          
.1700E+00     2.000  0.106E+02   0.29036E+00   0.00000E+00   0.10000E+00    0.50249E-02 1435.09         test_N_all          
.1800E+00     2.000  0.999E+01   0.28574E+00   0.00000E+00   0.10000E+00    0.50249E-02 1366.33         test_N_all          
.1900E+00     2.000  0.941E+01   0.28090E+00   0.00000E+00   0.10000E+00    0.50249E-02 1295.97         test_N_all          
.2000E+00     2.000  0.888E+01   0.27580E+00   0.00000E+00   0.10000E+00    0.50249E-02 1223.97         test_N_all          
.2100E+00     2.000  0.841E+01   0.27052E+00   0.00000E+00   0.10000E+00    0.50249E-02 1151.59         test_N_all          
.2200E+00     2.000  0.797E+01   0.26512E+00   0.00000E+00   0.10000E+00    0.50249E-02 1079.74         test_N_all          
.2300E+00     2.000  0.758E+01   0.25958E+00   0.00000E+00   0.10000E+00    0.50249E-02 1008.53         test_N_all          
.2400E+00     2.000  0.722E+01   0.25397E+00   0.00000E+00   0.10000E+00    0.50249E-02  938.92         test_N_all          
.2500E+00     2.000  0.688E+01   0.24829E+00   0.00000E+00   0.10000E+00    0.50249E-02  870.94         test_N_all          
.2600E+00     2.000  0.657E+01   0.24255E+00   0.00000E+00   0.10000E+00    0.50249E-02  804.82         test_N_all          
.2700E+00     2.000  0.629E+01   0.23678E+00   0.00000E+00   0.10000E+00    0.50249E-02  740.90         test_N_all          
.2800E+00     2.000  0.602E+01   0.23096E+00   0.00000E+00   0.10000E+00    0.50249E-02  679.25         test_N_all          
.2900E+00     2.000  0.578E+01   0.22512E+00   0.00000E+00   0.10000E+00    0.50249E-02  619.96         test_N_all          
.3000E+00     2.000  0.555E+01   0.21924E+00   0.00000E+00   0.10000E+00    0.18868E-02 3994.17         test_N_all          
.3100E+00     2.000  0.533E+01   0.21335E+00   0.00000E+00   0.10000E+00    0.50249E-02  508.87         test_N_all          
.3200E+00     2.000  0.513E+01   0.20744E+00   0.00000E+00   0.10000E+00    0.50249E-02  457.19         test_N_all          
.3300E+00     2.000  0.494E+01   0.20152E+00   0.00000E+00   0.10000E+00    0.50249E-02  408.15         test_N_all          
.3400E+00     2.000  0.476E+01   0.19559E+00   0.00000E+00   0.10000E+00    0.50249E-02  361.85         test_N_all          
.3500E+00     2.000  0.460E+01   0.18965E+00   0.00000E+00   0.10000E+00    0.50249E-02  318.28         test_N_all          
.3600E+00     2.000  0.444E+01   0.18371E+00   0.00000E+00   0.10000E+00    0.50249E-02  277.51         test_N_all          
.3700E+00     2.000  0.429E+01   0.17779E+00   0.00000E+00   0.10000E+00    0.50249E-02  239.63         test_N_all          
.3800E+00     2.000  0.414E+01   0.17187E+00   0.00000E+00   0.10000E+00    0.50249E-02  204.58         test_N_all          
.3900E+00     2.000  0.401E+01   0.16599E+00   0.00000E+00   0.10000E+00    0.50249E-02  172.45         test_N_all          
.4000E+00     2.000  0.388E+01   0.16014E+00   0.00000E+00   0.10000E+00    0.17692E-02 1155.54         test_N_all          
.4100E+00     2.000  0.376E+01   0.15433E+00   0.00000E+00   0.10000E+00    0.50249E-02  116.92         test_N_all          
.4200E+00     2.000  0.364E+01   0.14858E+00   0.00000E+00   0.10000E+00    0.50249E-02   93.48         test_N_all          
.4300E+00     2.000  0.353E+01   0.14290E+00   0.00000E+00   0.10000E+00    0.50249E-02   72.89         test_N_all          
.4400E+00     2.000  0.343E+01   0.13729E+00   0.00000E+00   0.10000E+00    0.50249E-02   55.08         test_N_all          
.4500E+00     2.000  0.333E+01   0.13177E+00   0.00000E+00   0.10000E+00    0.50249E-02   39.97         test_N_all          
.4600E+00     2.000  0.323E+01   0.12634E+00   0.00000E+00   0.10000E+00    0.50249E-02   27.47         test_N_all          
.4700E+00     2.000  0.314E+01   0.12101E+00   0.00000E+00   0.10000E+00    0.50249E-02   17.48         test_N_all          
.4800E+00     2.000  0.305E+01   0.11579E+00   0.00000E+00   0.10000E+00    0.50249E-02    9.88         test_N_all          
.4900E+00     2.000  0.296E+01   0.11070E+00   0.00000E+00   0.10000E+00    0.50249E-02    4.53         test_N_all          
.5000E+00     2.000  0.288E+01   0.10572E+00   0.00000E+00   0.10000E+00    0.17692E-02   10.47         test_N_all          
.5100E+00     2.000  0.280E+01   0.10088E+00   0.00000E+00   0.10000E+00    0.50249E-02    0.03         test_N_all          
.5200E+00     2.000  0.273E+01   0.96178E-01   0.00000E+00   0.10000E+00    0.50249E-02   -0.58         test_N_all          
.5300E+00     2.000  0.266E+01   0.91610E-01   0.00000E+00   0.10000E+00    0.50249E-02   -2.79         test_N_all          
.5400E+00     2.000  0.259E+01   0.87190E-01   0.00000E+00   0.10000E+00    0.50249E-02   -6.50         test_N_all          
.5500E+00     2.000  0.252E+01   0.82914E-01   0.00000E+00   0.10000E+00    0.50249E-02  -11.56         test_N_all          
.5600E+00     2.000  0.245E+01   0.78783E-01   0.00000E+00   0.10000E+00    0.50249E-02  -17.83         test_N_all          
.5700E+00     2.000  0.239E+01   0.74803E-01   0.00000E+00   0.10000E+00    0.50249E-02  -25.14         test_N_all          
.5800E+00     2.000  0.233E+01   0.70973E-01   0.00000E+00   0.10000E+00    0.50249E-02  -33.37         test_N_all          
.5900E+00     2.000  0.227E+01   0.67290E-01   0.00000E+00   0.10000E+00    0.50249E-02  -42.38         test_N_all          
.6000E+00     2.000  0.222E+01   0.63752E-01   0.00000E+00   0.10000E+00    0.17692E-02 -419.79         test_N_all          
.6100E+00     2.000  0.216E+01   0.60364E-01   0.00000E+00   0.10000E+00    0.50249E-02  -62.22         test_N_all          
.6200E+00     2.000  0.211E+01   0.57119E-01   0.00000E+00   0.10000E+00    0.50249E-02  -72.82         test_N_all          
.6300E+00     2.000  0.206E+01   0.54013E-01   0.00000E+00   0.10000E+00    0.50249E-02  -83.75         test_N_all          
.6400E+00     2.000  0.201E+01   0.51047E-01   0.00000E+00   0.10000E+00    0.50249E-02  -94.91         test_N_all          
.6500E+00     2.000  0.196E+01   0.48219E-01   0.00000E+00   0.10000E+00    0.50249E-02 -106.19         test_N_all          
.6600E+00     2.000  0.191E+01   0.45522E-01   0.00000E+00   0.10000E+00    0.50249E-02 -117.54         test_N_all          
.6700E+00     2.000  0.187E+01   0.42952E-01   0.00000E+00   0.10000E+00    0.50249E-02 -128.89         test_N_all          
.6800E+00     2.000  0.182E+01   0.40509E-01   0.00000E+00   0.10000E+00    0.50249E-02 -140.17         test_N_all          
.6900E+00     2.000  0.178E+01   0.38187E-01   0.00000E+00   0.10000E+00    0.50249E-02 -151.32         test_N_all          
.7000E+00     2.000  0.174E+01   0.35981E-01   0.00000E+00   0.10000E+00    0.17692E-02 *******         test_N_all          
.7100E+00     2.000  0.170E+01   0.33887E-01   0.00000E+00   0.10000E+00    0.50249E-02 -173.10         test_N_all          
.7200E+00     2.000  0.166E+01   0.31902E-01   0.00000E+00   0.10000E+00    0.50249E-02 -183.65         test_N_all          
.7300E+00     2.000  0.162E+01   0.30023E-01   0.00000E+00   0.10000E+00    0.50249E-02 -193.93         test_N_all          
.7400E+00     2.000  0.158E+01   0.28243E-01   0.00000E+00   0.10000E+00    0.50249E-02 -203.93         test_N_all          
.7500E+00     2.000  0.155E+01   0.26558E-01   0.00000E+00   0.10000E+00    0.50249E-02 -213.61         test_N_all          
.7600E+00     2.000  0.151E+01   0.24965E-01   0.00000E+00   0.10000E+00    0.50249E-02 -222.98         test_N_all          
.7700E+00     2.000  0.148E+01   0.23460E-01   0.00000E+00   0.10000E+00    0.50249E-02 -232.02         test_N_all          
.7800E+00     2.000  0.145E+01   0.22039E-01   0.00000E+00   0.10000E+00    0.50249E-02 -240.71         test_N_all          
.7900E+00     2.000  0.141E+01   0.20697E-01   0.00000E+00   0.10000E+00    0.50249E-02 -249.07         test_N_all          
.8000E+00     2.000  0.138E+01   0.19430E-01   0.00000E+00   0.10000E+00    0.17692E-02 *******         test_N_all          
.8100E+00     2.000  0.135E+01   0.18236E-01   0.00000E+00   0.10000E+00    0.50249E-02 -264.77         test_N_all          
.8200E+00     2.000  0.132E+01   0.17111E-01   0.00000E+00   0.10000E+00    0.50249E-02 -272.10         test_N_all          
.8300E+00     2.000  0.129E+01   0.16050E-01   0.00000E+00   0.10000E+00    0.50249E-02 -279.11         test_N_all          
.8400E+00     2.000  0.126E+01   0.15052E-01   0.00000E+00   0.10000E+00    0.50249E-02 -285.79         test_N_all          
.8500E+00     2.000  0.123E+01   0.14111E-01   0.00000E+00   0.10000E+00    0.50249E-02 -292.15         test_N_all          
.8600E+00     2.000  0.121E+01   0.13226E-01   0.00000E+00   0.10000E+00    0.50249E-02 -298.21         test_N_all          
.8700E+00     2.000  0.118E+01   0.12393E-01   0.00000E+00   0.10000E+00    0.50249E-02 -303.96         test_N_all          
.8800E+00     2.000  0.115E+01   0.11610E-01   0.00000E+00   0.10000E+00    0.50249E-02 -309.42         test_N_all          
.8900E+00     2.000  0.113E+01   0.10874E-01   0.00000E+00   0.10000E+00    0.50249E-02 -314.59         test_N_all          
.9000E+00     2.000  0.110E+01   0.10181E-01   0.00000E+00   0.10000E+00    0.17692E-02 *******         test_N_all          
.9100E+00     2.000  0.108E+01   0.95306E-02   0.00000E+00   0.10000E+00    0.50249E-02 -324.15         test_N_all          
.9200E+00     2.000  0.106E+01   0.89192E-02   0.00000E+00   0.10000E+00    0.50249E-02 -328.54         test_N_all          
.9300E+00     2.000  0.103E+01   0.83450E-02   0.00000E+00   0.10000E+00    0.50249E-02 -332.70         test_N_all          
.9400E+00     2.000  0.101E+01   0.78058E-02   0.00000E+00   0.10000E+00    0.50249E-02 -336.62         test_N_all          
.9500E+00     2.000  0.987E+00   0.72994E-02   0.00000E+00   0.10000E+00    0.50249E-02 -340.33         test_N_all          
.9600E+00     2.000  0.965E+00   0.68239E-02   0.00000E+00   0.10000E+00    0.50249E-02 -343.83         test_N_all          
.9700E+00     2.000  0.944E+00   0.63776E-02   0.00000E+00   0.10000E+00    0.50249E-02 -347.13         test_N_all          
.9800E+00     2.000  0.923E+00   0.59590E-02   0.00000E+00   0.10000E+00    0.50249E-02 -350.25         test_N_all          
.9900E+00     2.000  0.902E+00   0.55662E-02   0.00000E+00   0.10000E+00    0.50249E-02 -353.18         test_N_all          
.1000E+01     2.000  0.882E+00   0.51979E-02   0.00000E+00   0.10000E+00    0.50249E-02 -355.94         test_N_all          
.1000E-01     5.000  0.496E+03   0.44676E+00   0.00000E+00   0.10000E+00    0.50249E-02 4762.07         test_N_all          
.2000E-01     5.000  0.246E+03   0.39682E+00   0.00000E+00   0.10000E+00    0.50249E-02 3489.27         test_N_all          
.3000E-01     5.000  0.163E+03   0.37266E+00   0.00000E+00   0.10000E+00    0.50249E-02 2944.37         test_N_all          
.4000E-01     5.000  0.121E+03   0.36057E+00   0.00000E+00   0.10000E+00    0.50249E-02 2689.00         test_N_all          
.5000E-01     5.000  0.959E+02   0.35104E+00   0.00000E+00   0.10000E+00    0.50249E-02 2495.92         test_N_all          
.6000E-01     5.000  0.792E+02   0.34448E+00   0.00000E+00   0.10000E+00    0.50249E-02 2367.11         test_N_all          
.7000E-01     5.000  0.673E+02   0.33863E+00   0.00000E+00   0.10000E+00    0.50249E-02 2255.22         test_N_all          
.8000E-01     5.000  0.584E+02   0.33346E+00   0.00000E+00   0.10000E+00    0.50249E-02 2158.61         test_N_all          
.9000E-01     5.000  0.514E+02   0.32833E+00   0.00000E+00   0.10000E+00    0.50249E-02 2064.82         test_N_all          
.1000E+00     5.000  0.459E+02   0.32321E+00   0.00000E+00   0.10000E+00    0.50249E-02 1973.11         test_N_all          
.1100E+00     5.000  0.413E+02   0.31786E+00   0.00000E+00   0.10000E+00    0.50249E-02 1879.65         test_N_all          
.1200E+00     5.000  0.375E+02   0.31234E+00   0.00000E+00   0.10000E+00    0.50249E-02 1785.68         test_N_all          
.1300E+00     5.000  0.343E+02   0.30660E+00   0.00000E+00   0.10000E+00    0.50249E-02 1690.40         test_N_all          
.1400E+00     5.000  0.316E+02   0.30062E+00   0.00000E+00   0.10000E+00    0.50249E-02 1594.06         test_N_all          
.1500E+00     5.000  0.292E+02   0.29446E+00   0.00000E+00   0.10000E+00    0.50249E-02 1497.59         test_N_all          
.1600E+00     5.000  0.271E+02   0.28816E+00   0.00000E+00   0.10000E+00    0.50249E-02 1402.22         test_N_all          
.1700E+00     5.000  0.253E+02   0.28176E+00   0.00000E+00   0.10000E+00    0.50249E-02 1308.38         test_N_all          
.1800E+00     5.000  0.237E+02   0.27528E+00   0.00000E+00   0.10000E+00    0.50249E-02 1216.73         test_N_all          
.1900E+00     5.000  0.222E+02   0.26877E+00   0.00000E+00   0.10000E+00    0.50249E-02 1128.05         test_N_all          
.2000E+00     5.000  0.209E+02   0.26223E+00   0.00000E+00   0.10000E+00    0.50249E-02 1042.36         test_N_all          
.2100E+00     5.000  0.197E+02   0.25570E+00   0.00000E+00   0.10000E+00    0.50249E-02  960.13         test_N_all          
.2200E+00     5.000  0.186E+02   0.24919E+00   0.00000E+00   0.10000E+00    0.50249E-02  881.47         test_N_all          
.2300E+00     5.000  0.176E+02   0.24270E+00   0.00000E+00   0.10000E+00    0.50249E-02  806.48         test_N_all          
.2400E+00     5.000  0.167E+02   0.23624E+00   0.00000E+00   0.10000E+00    0.50249E-02  735.14         test_N_all          
.2500E+00     5.000  0.159E+02   0.22981E+00   0.00000E+00   0.10000E+00    0.50249E-02  667.40         test_N_all          
.2600E+00     5.000  0.151E+02   0.22341E+00   0.00000E+00   0.10000E+00    0.50249E-02  603.20         test_N_all          
.2700E+00     5.000  0.144E+02   0.21704E+00   0.00000E+00   0.10000E+00    0.50249E-02  542.50         test_N_all          
.2800E+00     5.000  0.137E+02   0.21069E+00   0.00000E+00   0.10000E+00    0.50249E-02  485.27         test_N_all          
.2900E+00     5.000  0.131E+02   0.20436E+00   0.00000E+00   0.10000E+00    0.50249E-02  431.36         test_N_all          
.3000E+00     5.000  0.125E+02   0.19806E+00   0.00000E+00   0.10000E+00    0.18868E-02 2701.06         test_N_all          
.3100E+00     5.000  0.120E+02   0.19178E+00   0.00000E+00   0.10000E+00    0.50249E-02  333.58         test_N_all          
.3200E+00     5.000  0.115E+02   0.18551E+00   0.00000E+00   0.10000E+00    0.50249E-02  289.57         test_N_all          
.3300E+00     5.000  0.110E+02   0.17927E+00   0.00000E+00   0.10000E+00    0.50249E-02  248.83         test_N_all          
.3400E+00     5.000  0.106E+02   0.17304E+00   0.00000E+00   0.10000E+00    0.50249E-02  211.29         test_N_all          
.3500E+00     5.000  0.102E+02   0.16684E+00   0.00000E+00   0.10000E+00    0.50249E-02  176.95         test_N_all          
.3600E+00     5.000  0.977E+01   0.16068E+00   0.00000E+00   0.10000E+00    0.50249E-02  145.82         test_N_all          
.3700E+00     5.000  0.940E+01   0.15455E+00   0.00000E+00   0.10000E+00    0.50249E-02  117.86         test_N_all          
.3800E+00     5.000  0.904E+01   0.14847E+00   0.00000E+00   0.10000E+00    0.50249E-02   93.04         test_N_all          
.3900E+00     5.000  0.870E+01   0.14244E+00   0.00000E+00   0.10000E+00    0.50249E-02   71.34         test_N_all          
.4000E+00     5.000  0.838E+01   0.13648E+00   0.00000E+00   0.10000E+00    0.17692E-02  425.17         test_N_all          
.4100E+00     5.000  0.808E+01   0.13059E+00   0.00000E+00   0.10000E+00    0.50249E-02   37.06         test_N_all          
.4200E+00     5.000  0.779E+01   0.12478E+00   0.00000E+00   0.10000E+00    0.50249E-02   24.32         test_N_all          
.4300E+00     5.000  0.751E+01   0.11907E+00   0.00000E+00   0.10000E+00    0.50249E-02   14.40         test_N_all          
.4400E+00     5.000  0.725E+01   0.11346E+00   0.00000E+00   0.10000E+00    0.50249E-02    7.17         test_N_all          
.4500E+00     5.000  0.699E+01   0.10796E+00   0.00000E+00   0.10000E+00    0.50249E-02    2.51         test_N_all          
.4600E+00     5.000  0.675E+01   0.10259E+00   0.00000E+00   0.10000E+00    0.50249E-02    0.27         test_N_all          
.4700E+00     5.000  0.652E+01   0.97342E-01   0.00000E+00   0.10000E+00    0.50249E-02   -0.28         test_N_all          
.4800E+00     5.000  0.630E+01   0.92237E-01   0.00000E+00   0.10000E+00    0.50249E-02   -2.39         test_N_all          
.4900E+00     5.000  0.609E+01   0.87275E-01   0.00000E+00   0.10000E+00    0.50249E-02   -6.41         test_N_all          
.5000E+00     5.000  0.588E+01   0.82463E-01   0.00000E+00   0.10000E+00    0.17692E-02  -98.25         test_N_all          
.5100E+00     5.000  0.569E+01   0.77811E-01   0.00000E+00   0.10000E+00    0.50249E-02  -19.50         test_N_all          
.5200E+00     5.000  0.550E+01   0.73316E-01   0.00000E+00   0.10000E+00    0.50249E-02  -28.20         test_N_all          
.5300E+00     5.000  0.532E+01   0.68985E-01   0.00000E+00   0.10000E+00    0.50249E-02  -38.10         test_N_all          
.5400E+00     5.000  0.514E+01   0.64823E-01   0.00000E+00   0.10000E+00    0.50249E-02  -49.01         test_N_all          
.5500E+00     5.000  0.497E+01   0.60825E-01   0.00000E+00   0.10000E+00    0.50249E-02  -60.78         test_N_all          
.5600E+00     5.000  0.481E+01   0.56998E-01   0.00000E+00   0.10000E+00    0.50249E-02  -73.23         test_N_all          
.5700E+00     5.000  0.465E+01   0.53340E-01   0.00000E+00   0.10000E+00    0.50249E-02  -86.23         test_N_all          
.5800E+00     5.000  0.450E+01   0.49846E-01   0.00000E+00   0.10000E+00    0.50249E-02  -99.62         test_N_all          
.5900E+00     5.000  0.436E+01   0.46522E-01   0.00000E+00   0.10000E+00    0.50249E-02 -113.26         test_N_all          
.6000E+00     5.000  0.422E+01   0.43361E-01   0.00000E+00   0.10000E+00    0.17692E-02 *******         test_N_all          
.6100E+00     5.000  0.408E+01   0.40359E-01   0.00000E+00   0.10000E+00    0.50249E-02 -140.87         test_N_all          
.6200E+00     5.000  0.395E+01   0.37517E-01   0.00000E+00   0.10000E+00    0.50249E-02 -154.62         test_N_all          
.6300E+00     5.000  0.382E+01   0.34829E-01   0.00000E+00   0.10000E+00    0.50249E-02 -168.21         test_N_all          
.6400E+00     5.000  0.369E+01   0.32289E-01   0.00000E+00   0.10000E+00    0.50249E-02 -181.57         test_N_all          
.6500E+00     5.000  0.357E+01   0.29897E-01   0.00000E+00   0.10000E+00    0.50249E-02 -194.63         test_N_all          
.6600E+00     5.000  0.346E+01   0.27645E-01   0.00000E+00   0.10000E+00    0.50249E-02 -207.34         test_N_all          
.6700E+00     5.000  0.334E+01   0.25528E-01   0.00000E+00   0.10000E+00    0.50249E-02 -219.65         test_N_all          
.6800E+00     5.000  0.323E+01   0.23542E-01   0.00000E+00   0.10000E+00    0.50249E-02 -231.52         test_N_all          
.6900E+00     5.000  0.313E+01   0.21682E-01   0.00000E+00   0.10000E+00    0.50249E-02 -242.92         test_N_all          
.7000E+00     5.000  0.302E+01   0.19941E-01   0.00000E+00   0.10000E+00    0.17692E-02 *******         test_N_all          
.7100E+00     5.000  0.292E+01   0.18315E-01   0.00000E+00   0.10000E+00    0.50249E-02 -264.25         test_N_all          
.7200E+00     5.000  0.283E+01   0.16799E-01   0.00000E+00   0.10000E+00    0.50249E-02 -274.16         test_N_all          
.7300E+00     5.000  0.273E+01   0.15386E-01   0.00000E+00   0.10000E+00    0.50249E-02 -283.54         test_N_all          
.7400E+00     5.000  0.264E+01   0.14072E-01   0.00000E+00   0.10000E+00    0.50249E-02 -292.42         test_N_all          
.7500E+00     5.000  0.255E+01   0.12851E-01   0.00000E+00   0.10000E+00    0.50249E-02 -300.79         test_N_all          
.7600E+00     5.000  0.246E+01   0.11718E-01   0.00000E+00   0.10000E+00    0.50249E-02 -308.66         test_N_all          
.7700E+00     5.000  0.238E+01   0.10669E-01   0.00000E+00   0.10000E+00    0.50249E-02 -316.04         test_N_all          
.7800E+00     5.000  0.229E+01   0.96972E-02   0.00000E+00   0.10000E+00    0.50249E-02 -322.95         test_N_all          
.7900E+00     5.000  0.221E+01   0.87998E-02   0.00000E+00   0.10000E+00    0.50249E-02 -329.41         test_N_all          
.8000E+00     5.000  0.213E+01   0.79720E-02   0.00000E+00   0.10000E+00    0.17692E-02 *******         test_N_all          
.8100E+00     5.000  0.205E+01   0.72083E-02   0.00000E+00   0.10000E+00    0.50249E-02 -341.00         test_N_all          
.8200E+00     5.000  0.198E+01   0.65057E-02   0.00000E+00   0.10000E+00    0.50249E-02 -346.19         test_N_all          
.8300E+00     5.000  0.191E+01   0.58603E-02   0.00000E+00   0.10000E+00    0.50249E-02 -350.98         test_N_all          
.8400E+00     5.000  0.183E+01   0.52676E-02   0.00000E+00   0.10000E+00    0.50249E-02 -355.41         test_N_all          
.8500E+00     5.000  0.176E+01   0.47243E-02   0.00000E+00   0.10000E+00    0.50249E-02 -359.50         test_N_all          
.8600E+00     5.000  0.170E+01   0.42276E-02   0.00000E+00   0.10000E+00    0.50249E-02 -363.26         test_N_all          
.8700E+00     5.000  0.163E+01   0.37739E-02   0.00000E+00   0.10000E+00    0.50249E-02 -366.71         test_N_all          
.8800E+00     5.000  0.156E+01   0.33595E-02   0.00000E+00   0.10000E+00    0.50249E-02 -369.88         test_N_all          
.8900E+00     5.000  0.150E+01   0.29824E-02   0.00000E+00   0.10000E+00    0.50249E-02 -372.77         test_N_all          
.9000E+00     5.000  0.144E+01   0.26401E-02   0.00000E+00   0.10000E+00    0.17692E-02 *******         test_N_all          
.9100E+00     5.000  0.138E+01   0.23290E-02   0.00000E+00   0.10000E+00    0.50249E-02 -377.81         test_N_all          
.9200E+00     5.000  0.132E+01   0.20476E-02   0.00000E+00   0.10000E+00    0.50249E-02 -379.99         test_N_all          
.9300E+00     5.000  0.126E+01   0.17937E-02   0.00000E+00   0.10000E+00    0.50249E-02 -381.96         test_N_all          
.9400E+00     5.000  0.120E+01   0.15653E-02   0.00000E+00   0.10000E+00    0.50249E-02 -383.74         test_N_all          
.9500E+00     5.000  0.114E+01   0.13595E-02   0.00000E+00   0.10000E+00    0.50249E-02 -385.34         test_N_all          
.9600E+00     5.000  0.109E+01   0.11753E-02   0.00000E+00   0.10000E+00    0.50249E-02 -386.78         test_N_all          
.9700E+00     5.000  0.104E+01   0.10111E-02   0.00000E+00   0.10000E+00    0.50249E-02 -388.07         test_N_all          
.9800E+00     5.000  0.984E+00   0.86503E-03   0.00000E+00   0.10000E+00    0.50249E-02 -389.22         test_N_all          
.9900E+00     5.000  0.932E+00   0.73526E-03   0.00000E+00   0.10000E+00    0.50249E-02 -390.24         test_N_all          
.1000E+01     5.000  0.882E+00   0.62088E-03   0.00000E+00   0.10000E+00    0.50249E-02 -391.14         test_N_all          
.1000E-01    10.000  0.991E+03   0.52695E+00   0.00000E+00   0.10000E+00    0.50249E-02 7219.31         test_N_all          
.2000E-01    10.000  0.491E+03   0.45294E+00   0.00000E+00   0.10000E+00    0.50249E-02 4933.38         test_N_all          
.3000E-01    10.000  0.324E+03   0.41484E+00   0.00000E+00   0.10000E+00    0.50249E-02 3925.75         test_N_all          
.4000E-01    10.000  0.241E+03   0.39427E+00   0.00000E+00   0.10000E+00    0.50249E-02 3429.59         test_N_all          
.5000E-01    10.000  0.191E+03   0.37737E+00   0.00000E+00   0.10000E+00    0.50249E-02 3046.96         test_N_all          
.6000E-01    10.000  0.158E+03   0.36540E+00   0.00000E+00   0.10000E+00    0.50249E-02 2789.52         test_N_all          
.7000E-01    10.000  0.134E+03   0.35472E+00   0.00000E+00   0.10000E+00    0.50249E-02 2569.64         test_N_all          
.8000E-01    10.000  0.116E+03   0.34558E+00   0.00000E+00   0.10000E+00    0.50249E-02 2388.55         test_N_all          
.9000E-01    10.000  0.102E+03   0.33693E+00   0.00000E+00   0.10000E+00    0.50249E-02 2223.22         test_N_all          
.1000E+00    10.000  0.909E+02   0.32881E+00   0.00000E+00   0.10000E+00    0.50249E-02 2073.44         test_N_all          
.1100E+00    10.000  0.818E+02   0.32074E+00   0.00000E+00   0.10000E+00    0.50249E-02 1929.77         test_N_all          
.1200E+00    10.000  0.742E+02   0.31293E+00   0.00000E+00   0.10000E+00    0.50249E-02 1795.64         test_N_all          
.1300E+00    10.000  0.678E+02   0.30520E+00   0.00000E+00   0.10000E+00    0.50249E-02 1667.58         test_N_all          
.1400E+00    10.000  0.623E+02   0.29747E+00   0.00000E+00   0.10000E+00    0.50249E-02 1544.29         test_N_all          
.1500E+00    10.000  0.575E+02   0.28979E+00   0.00000E+00   0.10000E+00    0.50249E-02 1426.56         test_N_all          
.1600E+00    10.000  0.534E+02   0.28216E+00   0.00000E+00   0.10000E+00    0.50249E-02 1314.15         test_N_all          
.1700E+00    10.000  0.497E+02   0.27459E+00   0.00000E+00   0.10000E+00    0.50249E-02 1207.20         test_N_all          
.1800E+00    10.000  0.464E+02   0.26710E+00   0.00000E+00   0.10000E+00    0.50249E-02 1105.81         test_N_all          
.1900E+00    10.000  0.435E+02   0.25969E+00   0.00000E+00   0.10000E+00    0.50249E-02 1009.96         test_N_all          
.2000E+00    10.000  0.409E+02   0.25238E+00   0.00000E+00   0.10000E+00    0.50249E-02  919.53         test_N_all          
.2100E+00    10.000  0.385E+02   0.24515E+00   0.00000E+00   0.10000E+00    0.50249E-02  834.44         test_N_all          
.2200E+00    10.000  0.363E+02   0.23803E+00   0.00000E+00   0.10000E+00    0.50249E-02  754.50         test_N_all          
.2300E+00    10.000  0.344E+02   0.23099E+00   0.00000E+00   0.10000E+00    0.50249E-02  679.54         test_N_all          
.2400E+00    10.000  0.325E+02   0.22404E+00   0.00000E+00   0.10000E+00    0.50249E-02  609.35         test_N_all          
.2500E+00    10.000  0.309E+02   0.21718E+00   0.00000E+00   0.10000E+00    0.50249E-02  543.78         test_N_all          
.2600E+00    10.000  0.293E+02   0.21038E+00   0.00000E+00   0.10000E+00    0.50249E-02  482.57         test_N_all          
.2700E+00    10.000  0.279E+02   0.20366E+00   0.00000E+00   0.10000E+00    0.50249E-02  425.59         test_N_all          
.2800E+00    10.000  0.266E+02   0.19702E+00   0.00000E+00   0.10000E+00    0.50249E-02  372.79         test_N_all          
.2900E+00    10.000  0.254E+02   0.19043E+00   0.00000E+00   0.10000E+00    0.50249E-02  323.88         test_N_all          
.3000E+00    10.000  0.242E+02   0.18390E+00   0.00000E+00   0.10000E+00    0.18868E-02 1977.47         test_N_all          
.3100E+00    10.000  0.231E+02   0.17743E+00   0.00000E+00   0.10000E+00    0.50249E-02  237.41         test_N_all          
.3200E+00    10.000  0.221E+02   0.17100E+00   0.00000E+00   0.10000E+00    0.50249E-02  199.64         test_N_all          
.3300E+00    10.000  0.212E+02   0.16463E+00   0.00000E+00   0.10000E+00    0.50249E-02  165.41         test_N_all          
.3400E+00    10.000  0.203E+02   0.15831E+00   0.00000E+00   0.10000E+00    0.50249E-02  134.63         test_N_all          
.3500E+00    10.000  0.195E+02   0.15204E+00   0.00000E+00   0.10000E+00    0.50249E-02  107.27         test_N_all          
.3600E+00    10.000  0.187E+02   0.14584E+00   0.00000E+00   0.10000E+00    0.50249E-02   83.23         test_N_all          
.3700E+00    10.000  0.179E+02   0.13971E+00   0.00000E+00   0.10000E+00    0.50249E-02   62.45         test_N_all          
.3800E+00    10.000  0.172E+02   0.13365E+00   0.00000E+00   0.10000E+00    0.50249E-02   44.85         test_N_all          
.3900E+00    10.000  0.165E+02   0.12768E+00   0.00000E+00   0.10000E+00    0.50249E-02   30.34         test_N_all          
.4000E+00    10.000  0.159E+02   0.12180E+00   0.00000E+00   0.10000E+00    0.17692E-02  151.81         test_N_all          
.4100E+00    10.000  0.153E+02   0.11602E+00   0.00000E+00   0.10000E+00    0.50249E-02   10.16         test_N_all          
.4200E+00    10.000  0.147E+02   0.11034E+00   0.00000E+00   0.10000E+00    0.50249E-02    4.24         test_N_all          
.4300E+00    10.000  0.141E+02   0.10479E+00   0.00000E+00   0.10000E+00    0.50249E-02    0.91         test_N_all          
.4400E+00    10.000  0.136E+02   0.99359E-01   0.00000E+00   0.10000E+00    0.50249E-02   -0.02         test_N_all          
.4500E+00    10.000  0.131E+02   0.94065E-01   0.00000E+00   0.10000E+00    0.50249E-02   -1.40         test_N_all          
.4600E+00    10.000  0.126E+02   0.88910E-01   0.00000E+00   0.10000E+00    0.50249E-02   -4.87         test_N_all          
.4700E+00    10.000  0.122E+02   0.83908E-01   0.00000E+00   0.10000E+00    0.50249E-02  -10.26         test_N_all          
.4800E+00    10.000  0.117E+02   0.79058E-01   0.00000E+00   0.10000E+00    0.50249E-02  -17.37         test_N_all          
.4900E+00    10.000  0.113E+02   0.74368E-01   0.00000E+00   0.10000E+00    0.50249E-02  -26.02         test_N_all          
.5000E+00    10.000  0.109E+02   0.69845E-01   0.00000E+00   0.10000E+00    0.17692E-02 -290.51         test_N_all          
.5100E+00    10.000  0.105E+02   0.65488E-01   0.00000E+00   0.10000E+00    0.50249E-02  -47.17         test_N_all          
.5200E+00    10.000  0.101E+02   0.61304E-01   0.00000E+00   0.10000E+00    0.50249E-02  -59.30         test_N_all          
.5300E+00    10.000  0.975E+01   0.57292E-01   0.00000E+00   0.10000E+00    0.50249E-02  -72.24         test_N_all          
.5400E+00    10.000  0.940E+01   0.53452E-01   0.00000E+00   0.10000E+00    0.50249E-02  -85.81         test_N_all          
.5500E+00    10.000  0.906E+01   0.49789E-01   0.00000E+00   0.10000E+00    0.50249E-02  -99.85         test_N_all          
.5600E+00    10.000  0.874E+01   0.46299E-01   0.00000E+00   0.10000E+00    0.50249E-02 -114.21         test_N_all          
.5700E+00    10.000  0.843E+01   0.42979E-01   0.00000E+00   0.10000E+00    0.50249E-02 -128.77         test_N_all          
.5800E+00    10.000  0.812E+01   0.39832E-01   0.00000E+00   0.10000E+00    0.50249E-02 -143.37         test_N_all          
.5900E+00    10.000  0.783E+01   0.36851E-01   0.00000E+00   0.10000E+00    0.50249E-02 -157.93         test_N_all          
.6000E+00    10.000  0.755E+01   0.34034E-01   0.00000E+00   0.10000E+00    0.17692E-02 *******         test_N_all          
.6100E+00    10.000  0.728E+01   0.31378E-01   0.00000E+00   0.10000E+00    0.50249E-02 -186.49         test_N_all          
.6200E+00    10.000  0.701E+01   0.28878E-01   0.00000E+00   0.10000E+00    0.50249E-02 -200.33         test_N_all          
.6300E+00    10.000  0.675E+01   0.26530E-01   0.00000E+00   0.10000E+00    0.50249E-02 -213.78         test_N_all          
.6400E+00    10.000  0.651E+01   0.24328E-01   0.00000E+00   0.10000E+00    0.50249E-02 -226.78         test_N_all          
.6500E+00    10.000  0.627E+01   0.22268E-01   0.00000E+00   0.10000E+00    0.50249E-02 -239.30         test_N_all          
.6600E+00    10.000  0.603E+01   0.20344E-01   0.00000E+00   0.10000E+00    0.50249E-02 -251.29         test_N_all          
.6700E+00    10.000  0.581E+01   0.18551E-01   0.00000E+00   0.10000E+00    0.50249E-02 -262.73         test_N_all          
.6800E+00    10.000  0.559E+01   0.16882E-01   0.00000E+00   0.10000E+00    0.50249E-02 -273.61         test_N_all          
.6900E+00    10.000  0.537E+01   0.15332E-01   0.00000E+00   0.10000E+00    0.50249E-02 -283.91         test_N_all          
.7000E+00    10.000  0.517E+01   0.13896E-01   0.00000E+00   0.10000E+00    0.17692E-02 *******         test_N_all          
.7100E+00    10.000  0.497E+01   0.12566E-01   0.00000E+00   0.10000E+00    0.50249E-02 -302.76         test_N_all          
.7200E+00    10.000  0.477E+01   0.11339E-01   0.00000E+00   0.10000E+00    0.50249E-02 -311.32         test_N_all          
.7300E+00    10.000  0.458E+01   0.10207E-01   0.00000E+00   0.10000E+00    0.50249E-02 -319.32         test_N_all          
.7400E+00    10.000  0.440E+01   0.91660E-02   0.00000E+00   0.10000E+00    0.50249E-02 -326.77         test_N_all          
.7500E+00    10.000  0.422E+01   0.82099E-02   0.00000E+00   0.10000E+00    0.50249E-02 -333.68         test_N_all          
.7600E+00    10.000  0.404E+01   0.73343E-02   0.00000E+00   0.10000E+00    0.50249E-02 -340.08         test_N_all          
.7700E+00    10.000  0.387E+01   0.65327E-02   0.00000E+00   0.10000E+00    0.50249E-02 -345.99         test_N_all          
.7800E+00    10.000  0.370E+01   0.58013E-02   0.00000E+00   0.10000E+00    0.50249E-02 -351.42         test_N_all          
.7900E+00    10.000  0.354E+01   0.51359E-02   0.00000E+00   0.10000E+00    0.50249E-02 -356.40         test_N_all          
.8000E+00    10.000  0.338E+01   0.45303E-02   0.00000E+00   0.10000E+00    0.17692E-02 *******         test_N_all          
.8100E+00    10.000  0.323E+01   0.39819E-02   0.00000E+00   0.10000E+00    0.50249E-02 -365.13         test_N_all          
.8200E+00    10.000  0.308E+01   0.34866E-02   0.00000E+00   0.10000E+00    0.50249E-02 -368.90         test_N_all          
.8300E+00    10.000  0.293E+01   0.30391E-02   0.00000E+00   0.10000E+00    0.50249E-02 -372.33         test_N_all          
.8400E+00    10.000  0.279E+01   0.26371E-02   0.00000E+00   0.10000E+00    0.50249E-02 -375.43         test_N_all          
.8500E+00    10.000  0.265E+01   0.22770E-02   0.00000E+00   0.10000E+00    0.50249E-02 -378.21         test_N_all          
.8600E+00    10.000  0.251E+01   0.19550E-02   0.00000E+00   0.10000E+00    0.50249E-02 -380.71         test_N_all          
.8700E+00    10.000  0.238E+01   0.16687E-02   0.00000E+00   0.10000E+00    0.50249E-02 -382.93         test_N_all          
.8800E+00    10.000  0.225E+01   0.14153E-02   0.00000E+00   0.10000E+00    0.50249E-02 -384.91         test_N_all          
.8900E+00    10.000  0.212E+01   0.11912E-02   0.00000E+00   0.10000E+00    0.50249E-02 -386.66         test_N_all          
.9000E+00    10.000  0.199E+01   0.99476E-03   0.00000E+00   0.10000E+00    0.17692E-02 *******         test_N_all          
.9100E+00    10.000  0.187E+01   0.82362E-03   0.00000E+00   0.10000E+00    0.50249E-02 -389.54         test_N_all          
.9200E+00    10.000  0.175E+01   0.67468E-03   0.00000E+00   0.10000E+00    0.50249E-02 -390.71         test_N_all          
.9300E+00    10.000  0.163E+01   0.54666E-03   0.00000E+00   0.10000E+00    0.50249E-02 -391.72         test_N_all          
.9400E+00    10.000  0.152E+01   0.43766E-03   0.00000E+00   0.10000E+00    0.50249E-02 -392.58         test_N_all          
.9500E+00    10.000  0.141E+01   0.34494E-03   0.00000E+00   0.10000E+00    0.50249E-02 -393.31         test_N_all          
.9600E+00    10.000  0.130E+01   0.26750E-03   0.00000E+00   0.10000E+00    0.50249E-02 -393.92         test_N_all          
.9700E+00    10.000  0.119E+01   0.20383E-03   0.00000E+00   0.10000E+00    0.50249E-02 -394.43         test_N_all          
.9800E+00    10.000  0.109E+01   0.15144E-03   0.00000E+00   0.10000E+00    0.50249E-02 -394.84         test_N_all          
.9900E+00    10.000  0.983E+00   0.10964E-03   0.00000E+00   0.10000E+00    0.50249E-02 -395.17         test_N_all          
.1000E+01    10.000  0.882E+00   0.77175E-04   0.00000E+00   0.10000E+00    0.50249E-02 -395.43         test_N_all          
.1000E-01    20.000  0.198E+04   0.60608E+00   0.00000E+00   0.10000E+00    0.50249E-02 *******         test_N_all          
.2000E-01    20.000  0.981E+03   0.50576E+00   0.00000E+00   0.10000E+00    0.50249E-02 6520.54         test_N_all          
.3000E-01    20.000  0.648E+03   0.45304E+00   0.00000E+00   0.10000E+00    0.50249E-02 4936.19         test_N_all          
.4000E-01    20.000  0.481E+03   0.42404E+00   0.00000E+00   0.10000E+00    0.50249E-02 4158.49         test_N_all          
.5000E-01    20.000  0.381E+03   0.39990E+00   0.00000E+00   0.10000E+00    0.50249E-02 3561.90         test_N_all          
.6000E-01    20.000  0.314E+03   0.38275E+00   0.00000E+00   0.10000E+00    0.50249E-02 3166.20         test_N_all          
.7000E-01    20.000  0.267E+03   0.36748E+00   0.00000E+00   0.10000E+00    0.50249E-02 2833.52         test_N_all          
.8000E-01    20.000  0.231E+03   0.35483E+00   0.00000E+00   0.10000E+00    0.50249E-02 2571.83         test_N_all          
.9000E-01    20.000  0.203E+03   0.34313E+00   0.00000E+00   0.10000E+00    0.50249E-02 2341.05         test_N_all          
.1000E+00    20.000  0.181E+03   0.33248E+00   0.00000E+00   0.10000E+00    0.50249E-02 2140.38         test_N_all          
.1100E+00    20.000  0.163E+03   0.32224E+00   0.00000E+00   0.10000E+00    0.50249E-02 1956.09         test_N_all          
.1200E+00    20.000  0.148E+03   0.31249E+00   0.00000E+00   0.10000E+00    0.50249E-02 1788.24         test_N_all          
.1300E+00    20.000  0.135E+03   0.30310E+00   0.00000E+00   0.10000E+00    0.50249E-02 1633.66         test_N_all          
.1400E+00    20.000  0.124E+03   0.29393E+00   0.00000E+00   0.10000E+00    0.50249E-02 1489.43         test_N_all          
.1500E+00    20.000  0.114E+03   0.28503E+00   0.00000E+00   0.10000E+00    0.50249E-02 1355.86         test_N_all          
.1600E+00    20.000  0.106E+03   0.27632E+00   0.00000E+00   0.10000E+00    0.50249E-02 1231.23         test_N_all          
.1700E+00    20.000  0.985E+02   0.26782E+00   0.00000E+00   0.10000E+00    0.50249E-02 1115.41         test_N_all          
.1800E+00    20.000  0.920E+02   0.25952E+00   0.00000E+00   0.10000E+00    0.50249E-02 1007.85         test_N_all          
.1900E+00    20.000  0.861E+02   0.25141E+00   0.00000E+00   0.10000E+00    0.50249E-02  907.90         test_N_all          
.2000E+00    20.000  0.809E+02   0.24348E+00   0.00000E+00   0.10000E+00    0.50249E-02  815.27         test_N_all          
.2100E+00    20.000  0.761E+02   0.23571E+00   0.00000E+00   0.10000E+00    0.50249E-02  729.36         test_N_all          
.2200E+00    20.000  0.718E+02   0.22810E+00   0.00000E+00   0.10000E+00    0.50249E-02  649.87         test_N_all          
.2300E+00    20.000  0.678E+02   0.22064E+00   0.00000E+00   0.10000E+00    0.50249E-02  576.39         test_N_all          
.2400E+00    20.000  0.642E+02   0.21331E+00   0.00000E+00   0.10000E+00    0.50249E-02  508.52         test_N_all          
.2500E+00    20.000  0.609E+02   0.20612E+00   0.00000E+00   0.10000E+00    0.50249E-02  446.01         test_N_all          
.2600E+00    20.000  0.578E+02   0.19904E+00   0.00000E+00   0.10000E+00    0.50249E-02  388.47         test_N_all          
.2700E+00    20.000  0.550E+02   0.19207E+00   0.00000E+00   0.10000E+00    0.50249E-02  335.71         test_N_all          
.2800E+00    20.000  0.523E+02   0.18520E+00   0.00000E+00   0.10000E+00    0.50249E-02  287.50         test_N_all          
.2900E+00    20.000  0.498E+02   0.17842E+00   0.00000E+00   0.10000E+00    0.50249E-02  243.57         test_N_all          
.3000E+00    20.000  0.475E+02   0.17173E+00   0.00000E+00   0.10000E+00    0.18868E-02 1445.37         test_N_all          
.3100E+00    20.000  0.454E+02   0.16514E+00   0.00000E+00   0.10000E+00    0.50249E-02  168.03         test_N_all          
.3200E+00    20.000  0.434E+02   0.15863E+00   0.00000E+00   0.10000E+00    0.50249E-02  136.12         test_N_all          
.3300E+00    20.000  0.415E+02   0.15220E+00   0.00000E+00   0.10000E+00    0.50249E-02  107.91         test_N_all          
.3400E+00    20.000  0.397E+02   0.14586E+00   0.00000E+00   0.10000E+00    0.50249E-02   83.28         test_N_all          
.3500E+00    20.000  0.380E+02   0.13960E+00   0.00000E+00   0.10000E+00    0.50249E-02   62.11         test_N_all          
.3600E+00    20.000  0.364E+02   0.13344E+00   0.00000E+00   0.10000E+00    0.50249E-02   44.28         test_N_all          
.3700E+00    20.000  0.349E+02   0.12737E+00   0.00000E+00   0.10000E+00    0.50249E-02   29.67         test_N_all          
.3800E+00    20.000  0.335E+02   0.12141E+00   0.00000E+00   0.10000E+00    0.50249E-02   18.15         test_N_all          
.3900E+00    20.000  0.322E+02   0.11556E+00   0.00000E+00   0.10000E+00    0.50249E-02    9.59         test_N_all          
.4000E+00    20.000  0.309E+02   0.10982E+00   0.00000E+00   0.10000E+00    0.17692E-02   30.82         test_N_all          
.4100E+00    20.000  0.297E+02   0.10421E+00   0.00000E+00   0.10000E+00    0.50249E-02    0.70         test_N_all          
.4200E+00    20.000  0.285E+02   0.98732E-01   0.00000E+00   0.10000E+00    0.50249E-02   -0.06         test_N_all          
.4300E+00    20.000  0.274E+02   0.93390E-01   0.00000E+00   0.10000E+00    0.50249E-02   -1.73         test_N_all          
.4400E+00    20.000  0.263E+02   0.88196E-01   0.00000E+00   0.10000E+00    0.50249E-02   -5.52         test_N_all          
.4500E+00    20.000  0.253E+02   0.83152E-01   0.00000E+00   0.10000E+00    0.50249E-02  -11.24         test_N_all          
.4600E+00    20.000  0.244E+02   0.78268E-01   0.00000E+00   0.10000E+00    0.50249E-02  -18.71         test_N_all          
.4700E+00    20.000  0.234E+02   0.73546E-01   0.00000E+00   0.10000E+00    0.50249E-02  -27.71         test_N_all          
.4800E+00    20.000  0.225E+02   0.68989E-01   0.00000E+00   0.10000E+00    0.50249E-02  -38.09         test_N_all          
.4900E+00    20.000  0.217E+02   0.64605E-01   0.00000E+00   0.10000E+00    0.50249E-02  -49.62         test_N_all          
.5000E+00    20.000  0.209E+02   0.60393E-01   0.00000E+00   0.10000E+00    0.17692E-02 -501.18         test_N_all          
.5100E+00    20.000  0.201E+02   0.56355E-01   0.00000E+00   0.10000E+00    0.50249E-02  -75.44         test_N_all          
.5200E+00    20.000  0.193E+02   0.52495E-01   0.00000E+00   0.10000E+00    0.50249E-02  -89.38         test_N_all          
.5300E+00    20.000  0.186E+02   0.48809E-01   0.00000E+00   0.10000E+00    0.50249E-02 -103.78         test_N_all          
.5400E+00    20.000  0.179E+02   0.45300E-01   0.00000E+00   0.10000E+00    0.50249E-02 -118.50         test_N_all          
.5500E+00    20.000  0.172E+02   0.41966E-01   0.00000E+00   0.10000E+00    0.50249E-02 -133.38         test_N_all          
.5600E+00    20.000  0.166E+02   0.38804E-01   0.00000E+00   0.10000E+00    0.50249E-02 -148.32         test_N_all          
.5700E+00    20.000  0.160E+02   0.35813E-01   0.00000E+00   0.10000E+00    0.50249E-02 -163.17         test_N_all          
.5800E+00    20.000  0.154E+02   0.32988E-01   0.00000E+00   0.10000E+00    0.50249E-02 -177.85         test_N_all          
.5900E+00    20.000  0.148E+02   0.30327E-01   0.00000E+00   0.10000E+00    0.50249E-02 -192.25         test_N_all          
.6000E+00    20.000  0.142E+02   0.27825E-01   0.00000E+00   0.10000E+00    0.17692E-02 *******         test_N_all          
.6100E+00    20.000  0.137E+02   0.25477E-01   0.00000E+00   0.10000E+00    0.50249E-02 -219.95         test_N_all          
.6200E+00    20.000  0.131E+02   0.23280E-01   0.00000E+00   0.10000E+00    0.50249E-02 -233.11         test_N_all          
.6300E+00    20.000  0.126E+02   0.21227E-01   0.00000E+00   0.10000E+00    0.50249E-02 -245.75         test_N_all          
.6400E+00    20.000  0.121E+02   0.19313E-01   0.00000E+00   0.10000E+00    0.50249E-02 -257.84         test_N_all          
.6500E+00    20.000  0.117E+02   0.17532E-01   0.00000E+00   0.10000E+00    0.50249E-02 -269.34         test_N_all          
.6600E+00    20.000  0.112E+02   0.15879E-01   0.00000E+00   0.10000E+00    0.50249E-02 -280.25         test_N_all          
.6700E+00    20.000  0.107E+02   0.14347E-01   0.00000E+00   0.10000E+00    0.50249E-02 -290.55         test_N_all          
.6800E+00    20.000  0.103E+02   0.12932E-01   0.00000E+00   0.10000E+00    0.50249E-02 -300.23         test_N_all          
.6900E+00    20.000  0.987E+01   0.11626E-01   0.00000E+00   0.10000E+00    0.50249E-02 -309.31         test_N_all          
.7000E+00    20.000  0.945E+01   0.10423E-01   0.00000E+00   0.10000E+00    0.17692E-02 *******         test_N_all          
.7100E+00    20.000  0.905E+01   0.93190E-02   0.00000E+00   0.10000E+00    0.50249E-02 -325.67         test_N_all          
.7200E+00    20.000  0.866E+01   0.83073E-02   0.00000E+00   0.10000E+00    0.50249E-02 -332.97         test_N_all          
.7300E+00    20.000  0.828E+01   0.73818E-02   0.00000E+00   0.10000E+00    0.50249E-02 -339.73         test_N_all          
.7400E+00    20.000  0.791E+01   0.65383E-02   0.00000E+00   0.10000E+00    0.50249E-02 -345.94         test_N_all          
.7500E+00    20.000  0.755E+01   0.57704E-02   0.00000E+00   0.10000E+00    0.50249E-02 -351.65         test_N_all          
.7600E+00    20.000  0.720E+01   0.50735E-02   0.00000E+00   0.10000E+00    0.50249E-02 -356.87         test_N_all          
.7700E+00    20.000  0.686E+01   0.44434E-02   0.00000E+00   0.10000E+00    0.50249E-02 -361.63         test_N_all          
.7800E+00    20.000  0.652E+01   0.38737E-02   0.00000E+00   0.10000E+00    0.50249E-02 -365.95         test_N_all          
.7900E+00    20.000  0.620E+01   0.33616E-02   0.00000E+00   0.10000E+00    0.50249E-02 -369.86         test_N_all          
.8000E+00    20.000  0.588E+01   0.29027E-02   0.00000E+00   0.10000E+00    0.17692E-02 *******         test_N_all          
.8100E+00    20.000  0.557E+01   0.24919E-02   0.00000E+00   0.10000E+00    0.50249E-02 -376.55         test_N_all          
.8200E+00    20.000  0.527E+01   0.21269E-02   0.00000E+00   0.10000E+00    0.50249E-02 -379.37         test_N_all          
.8300E+00    20.000  0.498E+01   0.18028E-02   0.00000E+00   0.10000E+00    0.50249E-02 -381.89         test_N_all          
.8400E+00    20.000  0.469E+01   0.15169E-02   0.00000E+00   0.10000E+00    0.50249E-02 -384.12         test_N_all          
.8500E+00    20.000  0.441E+01   0.12665E-02   0.00000E+00   0.10000E+00    0.50249E-02 -386.07         test_N_all          
.8600E+00    20.000  0.414E+01   0.10472E-02   0.00000E+00   0.10000E+00    0.50249E-02 -387.79         test_N_all          
.8700E+00    20.000  0.387E+01   0.85732E-03   0.00000E+00   0.10000E+00    0.50249E-02 -389.28         test_N_all          
.8800E+00    20.000  0.361E+01   0.69418E-03   0.00000E+00   0.10000E+00    0.50249E-02 -390.56         test_N_all          
.8900E+00    20.000  0.335E+01   0.55436E-03   0.00000E+00   0.10000E+00    0.50249E-02 -391.66         test_N_all          
.9000E+00    20.000  0.310E+01   0.43642E-03   0.00000E+00   0.10000E+00    0.17692E-02 *******         test_N_all          
.9100E+00    20.000  0.286E+01   0.33789E-03   0.00000E+00   0.10000E+00    0.50249E-02 -393.37         test_N_all          
.9200E+00    20.000  0.262E+01   0.25621E-03   0.00000E+00   0.10000E+00    0.50249E-02 -394.01         test_N_all          
.9300E+00    20.000  0.239E+01   0.19009E-03   0.00000E+00   0.10000E+00    0.50249E-02 -394.54         test_N_all          
.9400E+00    20.000  0.216E+01   0.13713E-03   0.00000E+00   0.10000E+00    0.50249E-02 -394.95         test_N_all          
.9500E+00    20.000  0.193E+01   0.95565E-04   0.00000E+00   0.10000E+00    0.50249E-02 -395.28         test_N_all          
.9600E+00    20.000  0.172E+01   0.64246E-04   0.00000E+00   0.10000E+00    0.50249E-02 -395.53         test_N_all          
.9700E+00    20.000  0.150E+01   0.40762E-04   0.00000E+00   0.10000E+00    0.50249E-02 -395.72         test_N_all          
.9800E+00    20.000  0.129E+01   0.24161E-04   0.00000E+00   0.10000E+00    0.50249E-02 -395.85         test_N_all          
.9900E+00    20.000  0.108E+01   0.13445E-04   0.00000E+00   0.10000E+00    0.50249E-02 -395.93         test_N_all          
.1000E+01    20.000  0.882E+00   0.62229E-05   0.00000E+00   0.10000E+00    0.50249E-02 -395.99         test_N_all          
.1000E+00    50.000  0.451E+03   0.33501E+00   0.00000E+00   0.10000E+00    0.50249E-02 2187.30         test_N_all          
.1100E+00    50.000  0.405E+03   0.32232E+00   0.00000E+00   0.10000E+00    0.50249E-02 1957.53         test_N_all          
.1200E+00    50.000  0.368E+03   0.31053E+00   0.00000E+00   0.10000E+00    0.50249E-02 1755.30         test_N_all          
.1300E+00    50.000  0.335E+03   0.29940E+00   0.00000E+00   0.10000E+00    0.50249E-02 1574.73         test_N_all          
.1400E+00    50.000  0.308E+03   0.28874E+00   0.00000E+00   0.10000E+00    0.50249E-02 1410.84         test_N_all          
.1500E+00    50.000  0.284E+03   0.27859E+00   0.00000E+00   0.10000E+00    0.50249E-02 1263.15         test_N_all          
.1600E+00    50.000  0.263E+03   0.26879E+00   0.00000E+00   0.10000E+00    0.50249E-02 1128.31         test_N_all          
.1700E+00    50.000  0.245E+03   0.25936E+00   0.00000E+00   0.10000E+00    0.50249E-02 1005.78         test_N_all          
.1800E+00    50.000  0.229E+03   0.25026E+00   0.00000E+00   0.10000E+00    0.50249E-02  894.23         test_N_all          
.1900E+00    50.000  0.214E+03   0.24145E+00   0.00000E+00   0.10000E+00    0.50249E-02  792.40         test_N_all          
.2000E+00    50.000  0.201E+03   0.23292E+00   0.00000E+00   0.10000E+00    0.50249E-02  699.71         test_N_all          
.2100E+00    50.000  0.189E+03   0.22462E+00   0.00000E+00   0.10000E+00    0.50249E-02  615.08         test_N_all          
.2200E+00    50.000  0.178E+03   0.21656E+00   0.00000E+00   0.10000E+00    0.50249E-02  538.04         test_N_all          
.2300E+00    50.000  0.168E+03   0.20870E+00   0.00000E+00   0.10000E+00    0.50249E-02  467.97         test_N_all          
.2400E+00    50.000  0.159E+03   0.20103E+00   0.00000E+00   0.10000E+00    0.50249E-02  404.28         test_N_all          
.2500E+00    50.000  0.151E+03   0.19355E+00   0.00000E+00   0.10000E+00    0.50249E-02  346.60         test_N_all          
.2600E+00    50.000  0.143E+03   0.18622E+00   0.00000E+00   0.10000E+00    0.50249E-02  294.41         test_N_all          
.2700E+00    50.000  0.136E+03   0.17904E+00   0.00000E+00   0.10000E+00    0.50249E-02  247.44         test_N_all          
.2800E+00    50.000  0.129E+03   0.17201E+00   0.00000E+00   0.10000E+00    0.50249E-02  205.36         test_N_all          
.2900E+00    50.000  0.123E+03   0.16511E+00   0.00000E+00   0.10000E+00    0.50249E-02  167.87         test_N_all          
.3000E+00    50.000  0.118E+03   0.15833E+00   0.00000E+00   0.10000E+00    0.18868E-02  955.84         test_N_all          
.3100E+00    50.000  0.112E+03   0.15168E+00   0.00000E+00   0.10000E+00    0.50249E-02  105.77         test_N_all          
.3200E+00    50.000  0.107E+03   0.14515E+00   0.00000E+00   0.10000E+00    0.50249E-02   80.72         test_N_all          
.3300E+00    50.000  0.102E+03   0.13873E+00   0.00000E+00   0.10000E+00    0.50249E-02   59.42         test_N_all          
.3400E+00    50.000  0.979E+02   0.13244E+00   0.00000E+00   0.10000E+00    0.50249E-02   41.68         test_N_all          
.3500E+00    50.000  0.937E+02   0.12627E+00   0.00000E+00   0.10000E+00    0.50249E-02   27.33         test_N_all          
.3600E+00    50.000  0.898E+02   0.12022E+00   0.00000E+00   0.10000E+00    0.50249E-02   16.20         test_N_all          
.3700E+00    50.000  0.860E+02   0.11431E+00   0.00000E+00   0.10000E+00    0.50249E-02    8.11         test_N_all          
.3800E+00    50.000  0.825E+02   0.10852E+00   0.00000E+00   0.10000E+00    0.50249E-02    2.88         test_N_all          
.3900E+00    50.000  0.791E+02   0.10288E+00   0.00000E+00   0.10000E+00    0.50249E-02    0.33         test_N_all          
.4000E+00    50.000  0.759E+02   0.97379E-01   0.00000E+00   0.10000E+00    0.17692E-02   -2.19         test_N_all          
.4100E+00    50.000  0.728E+02   0.92030E-01   0.00000E+00   0.10000E+00    0.50249E-02   -2.52         test_N_all          
.4200E+00    50.000  0.699E+02   0.86835E-01   0.00000E+00   0.10000E+00    0.50249E-02   -6.86         test_N_all          
.4300E+00    50.000  0.672E+02   0.81798E-01   0.00000E+00   0.10000E+00    0.50249E-02  -13.12         test_N_all          
.4400E+00    50.000  0.645E+02   0.76926E-01   0.00000E+00   0.10000E+00    0.50249E-02  -21.09         test_N_all          
.4500E+00    50.000  0.620E+02   0.72219E-01   0.00000E+00   0.10000E+00    0.50249E-02  -30.56         test_N_all          
.4600E+00    50.000  0.596E+02   0.67686E-01   0.00000E+00   0.10000E+00    0.50249E-02  -41.36         test_N_all          
.4700E+00    50.000  0.573E+02   0.63325E-01   0.00000E+00   0.10000E+00    0.50249E-02  -53.27         test_N_all          
.4800E+00    50.000  0.550E+02   0.59139E-01   0.00000E+00   0.10000E+00    0.50249E-02  -66.12         test_N_all          
.4900E+00    50.000  0.529E+02   0.55133E-01   0.00000E+00   0.10000E+00    0.50249E-02  -79.73         test_N_all          
.5000E+00    50.000  0.509E+02   0.51302E-01   0.00000E+00   0.10000E+00    0.17692E-02 -757.67         test_N_all          
.5100E+00    50.000  0.489E+02   0.47650E-01   0.00000E+00   0.10000E+00    0.50249E-02 -108.54         test_N_all          
.5200E+00    50.000  0.470E+02   0.44174E-01   0.00000E+00   0.10000E+00    0.50249E-02 -123.43         test_N_all          
.5300E+00    50.000  0.452E+02   0.40873E-01   0.00000E+00   0.10000E+00    0.50249E-02 -138.46         test_N_all          
.5400E+00    50.000  0.435E+02   0.37746E-01   0.00000E+00   0.10000E+00    0.50249E-02 -153.49         test_N_all          
.5500E+00    50.000  0.418E+02   0.34789E-01   0.00000E+00   0.10000E+00    0.50249E-02 -168.41         test_N_all          
.5600E+00    50.000  0.402E+02   0.32000E-01   0.00000E+00   0.10000E+00    0.50249E-02 -183.13         test_N_all          
.5700E+00    50.000  0.386E+02   0.29374E-01   0.00000E+00   0.10000E+00    0.50249E-02 -197.55         test_N_all          
.5800E+00    50.000  0.371E+02   0.26907E-01   0.00000E+00   0.10000E+00    0.50249E-02 -211.59         test_N_all          
.5900E+00    50.000  0.356E+02   0.24595E-01   0.00000E+00   0.10000E+00    0.50249E-02 -225.19         test_N_all          
.6000E+00    50.000  0.342E+02   0.22432E-01   0.00000E+00   0.10000E+00    0.17692E-02 *******         test_N_all          
.6100E+00    50.000  0.328E+02   0.20414E-01   0.00000E+00   0.10000E+00    0.50249E-02 -250.85         test_N_all          
.6200E+00    50.000  0.315E+02   0.18534E-01   0.00000E+00   0.10000E+00    0.50249E-02 -262.84         test_N_all          
.6300E+00    50.000  0.302E+02   0.16788E-01   0.00000E+00   0.10000E+00    0.50249E-02 -274.23         test_N_all          
.6400E+00    50.000  0.290E+02   0.15169E-01   0.00000E+00   0.10000E+00    0.50249E-02 -285.00         test_N_all          
.6500E+00    50.000  0.278E+02   0.13671E-01   0.00000E+00   0.10000E+00    0.50249E-02 -295.16         test_N_all          
.6600E+00    50.000  0.266E+02   0.12288E-01   0.00000E+00   0.10000E+00    0.50249E-02 -304.69         test_N_all          
.6700E+00    50.000  0.255E+02   0.11015E-01   0.00000E+00   0.10000E+00    0.50249E-02 -313.60         test_N_all          
.6800E+00    50.000  0.244E+02   0.98457E-02   0.00000E+00   0.10000E+00    0.50249E-02 -321.89         test_N_all          
.6900E+00    50.000  0.233E+02   0.87732E-02   0.00000E+00   0.10000E+00    0.50249E-02 -329.60         test_N_all          
.7000E+00    50.000  0.223E+02   0.77929E-02   0.00000E+00   0.10000E+00    0.17692E-02 *******         test_N_all          
.7100E+00    50.000  0.213E+02   0.68991E-02   0.00000E+00   0.10000E+00    0.50249E-02 -343.28         test_N_all          
.7200E+00    50.000  0.203E+02   0.60854E-02   0.00000E+00   0.10000E+00    0.50249E-02 -349.31         test_N_all          
.7300E+00    50.000  0.194E+02   0.53478E-02   0.00000E+00   0.10000E+00    0.50249E-02 -354.81         test_N_all          
.7400E+00    50.000  0.184E+02   0.46799E-02   0.00000E+00   0.10000E+00    0.50249E-02 -359.84         test_N_all          
.7500E+00    50.000  0.175E+02   0.40775E-02   0.00000E+00   0.10000E+00    0.50249E-02 -364.40         test_N_all          
.7600E+00    50.000  0.167E+02   0.35363E-02   0.00000E+00   0.10000E+00    0.50249E-02 -368.52         test_N_all          
.7700E+00    50.000  0.158E+02   0.30505E-02   0.00000E+00   0.10000E+00    0.50249E-02 -372.25         test_N_all          
.7800E+00    50.000  0.150E+02   0.26173E-02   0.00000E+00   0.10000E+00    0.50249E-02 -375.58         test_N_all          
.7900E+00    50.000  0.142E+02   0.22318E-02   0.00000E+00   0.10000E+00    0.50249E-02 -378.56         test_N_all          
.8000E+00    50.000  0.134E+02   0.18902E-02   0.00000E+00   0.10000E+00    0.17692E-02 *******         test_N_all          
.8100E+00    50.000  0.126E+02   0.15896E-02   0.00000E+00   0.10000E+00    0.50249E-02 -383.55         test_N_all          
.8200E+00    50.000  0.119E+02   0.13253E-02   0.00000E+00   0.10000E+00    0.50249E-02 -385.61         test_N_all          
.8300E+00    50.000  0.111E+02   0.10953E-02   0.00000E+00   0.10000E+00    0.50249E-02 -387.41         test_N_all          
.8400E+00    50.000  0.104E+02   0.89611E-03   0.00000E+00   0.10000E+00    0.50249E-02 -388.97         test_N_all          
.8500E+00    50.000  0.971E+01   0.72451E-03   0.00000E+00   0.10000E+00    0.50249E-02 -390.32         test_N_all          
.8600E+00    50.000  0.902E+01   0.57864E-03   0.00000E+00   0.10000E+00    0.50249E-02 -391.47         test_N_all          
.8700E+00    50.000  0.835E+01   0.45501E-03   0.00000E+00   0.10000E+00    0.50249E-02 -392.44         test_N_all          
.8800E+00    50.000  0.770E+01   0.35186E-03   0.00000E+00   0.10000E+00    0.50249E-02 -393.26         test_N_all          
.8900E+00    50.000  0.706E+01   0.26702E-03   0.00000E+00   0.10000E+00    0.50249E-02 -393.93         test_N_all          
.9000E+00    50.000  0.644E+01   0.19770E-03   0.00000E+00   0.10000E+00    0.17692E-02 *******         test_N_all          
.9100E+00    50.000  0.583E+01   0.14269E-03   0.00000E+00   0.10000E+00    0.50249E-02 -394.91         test_N_all          
.9200E+00    50.000  0.523E+01   0.99577E-04   0.00000E+00   0.10000E+00    0.50249E-02 -395.25         test_N_all          
.9300E+00    50.000  0.465E+01   0.66663E-04   0.00000E+00   0.10000E+00    0.50249E-02 -395.51         test_N_all          
.9400E+00    50.000  0.407E+01   0.42766E-04   0.00000E+00   0.10000E+00    0.50249E-02 -395.70         test_N_all          
.9500E+00    50.000  0.351E+01   0.25340E-04   0.00000E+00   0.10000E+00    0.50249E-02 -395.84         test_N_all          
.9600E+00    50.000  0.297E+01   0.13867E-04   0.00000E+00   0.10000E+00    0.50249E-02 -395.93         test_N_all          
.9700E+00    50.000  0.243E+01   0.68018E-05   0.00000E+00   0.10000E+00    0.50249E-02 -395.99         test_N_all          
.9800E+00    50.000  0.190E+01   0.25983E-05   0.00000E+00   0.10000E+00    0.50249E-02 -396.02         test_N_all          
.9900E+00    50.000  0.139E+01   0.86673E-06   0.00000E+00   0.10000E+00    0.50249E-02 -396.03         test_N_all          
.1000E+01    50.000  0.882E+00   0.65849E-06   0.00000E+00   0.10000E+00    0.50249E-02 -396.03         test_N_all          
.1000E+00   100.000  0.901E+03   0.33573E+00   0.00000E+00   0.10000E+00    0.50249E-02 2200.82         test_N_all          
.1100E+00   100.000  0.810E+03   0.32151E+00   0.00000E+00   0.10000E+00    0.50249E-02 1943.25         test_N_all          
.1200E+00   100.000  0.734E+03   0.30844E+00   0.00000E+00   0.10000E+00    0.50249E-02 1720.73         test_N_all          
.1300E+00   100.000  0.670E+03   0.29626E+00   0.00000E+00   0.10000E+00    0.50249E-02 1525.40         test_N_all          
.1400E+00   100.000  0.615E+03   0.28469E+00   0.00000E+00   0.10000E+00    0.50249E-02 1350.84         test_N_all          
.1500E+00   100.000  0.568E+03   0.27378E+00   0.00000E+00   0.10000E+00    0.50249E-02 1195.98         test_N_all          
.1600E+00   100.000  0.526E+03   0.26332E+00   0.00000E+00   0.10000E+00    0.50249E-02 1056.34         test_N_all          
.1700E+00   100.000  0.489E+03   0.25333E+00   0.00000E+00   0.10000E+00    0.50249E-02  931.12         test_N_all          
.1800E+00   100.000  0.456E+03   0.24376E+00   0.00000E+00   0.10000E+00    0.50249E-02  818.47         test_N_all          
.1900E+00   100.000  0.427E+03   0.23453E+00   0.00000E+00   0.10000E+00    0.50249E-02  716.80         test_N_all          
.2000E+00   100.000  0.401E+03   0.22566E+00   0.00000E+00   0.10000E+00    0.50249E-02  625.32         test_N_all          
.2100E+00   100.000  0.377E+03   0.21706E+00   0.00000E+00   0.10000E+00    0.50249E-02  542.67         test_N_all          
.2200E+00   100.000  0.355E+03   0.20874E+00   0.00000E+00   0.10000E+00    0.50249E-02  468.26         test_N_all          
.2300E+00   100.000  0.336E+03   0.20066E+00   0.00000E+00   0.10000E+00    0.50249E-02  401.32         test_N_all          
.2400E+00   100.000  0.318E+03   0.19281E+00   0.00000E+00   0.10000E+00    0.50249E-02  341.16         test_N_all          
.2500E+00   100.000  0.301E+03   0.18518E+00   0.00000E+00   0.10000E+00    0.50249E-02  287.34         test_N_all          
.2600E+00   100.000  0.285E+03   0.17773E+00   0.00000E+00   0.10000E+00    0.50249E-02  239.26         test_N_all          
.2700E+00   100.000  0.271E+03   0.17046E+00   0.00000E+00   0.10000E+00    0.50249E-02  196.59         test_N_all          
.2800E+00   100.000  0.258E+03   0.16336E+00   0.00000E+00   0.10000E+00    0.50249E-02  158.97         test_N_all          
.2900E+00   100.000  0.246E+03   0.15641E+00   0.00000E+00   0.10000E+00    0.50249E-02  126.02         test_N_all          
.3000E+00   100.000  0.234E+03   0.14962E+00   0.00000E+00   0.10000E+00    0.18868E-02  691.63         test_N_all          
.3100E+00   100.000  0.223E+03   0.14297E+00   0.00000E+00   0.10000E+00    0.50249E-02   73.14         test_N_all          
.3200E+00   100.000  0.213E+03   0.13647E+00   0.00000E+00   0.10000E+00    0.50249E-02   52.68         test_N_all          
.3300E+00   100.000  0.204E+03   0.13011E+00   0.00000E+00   0.10000E+00    0.50249E-02   35.92         test_N_all          
.3400E+00   100.000  0.195E+03   0.12390E+00   0.00000E+00   0.10000E+00    0.50249E-02   22.62         test_N_all          
.3500E+00   100.000  0.187E+03   0.11782E+00   0.00000E+00   0.10000E+00    0.50249E-02   12.58         test_N_all          
.3600E+00   100.000  0.179E+03   0.11190E+00   0.00000E+00   0.10000E+00    0.50249E-02    5.60         test_N_all          
.3700E+00   100.000  0.171E+03   0.10612E+00   0.00000E+00   0.10000E+00    0.50249E-02    1.48         test_N_all          
.3800E+00   100.000  0.164E+03   0.10049E+00   0.00000E+00   0.10000E+00    0.50249E-02    0.01         test_N_all          
.3900E+00   100.000  0.157E+03   0.95016E-01   0.00000E+00   0.10000E+00    0.50249E-02   -0.98         test_N_all          
.4000E+00   100.000  0.151E+03   0.89702E-01   0.00000E+00   0.10000E+00    0.17692E-02  -33.88         test_N_all          
.4100E+00   100.000  0.145E+03   0.84552E-01   0.00000E+00   0.10000E+00    0.50249E-02   -9.45         test_N_all          
.4200E+00   100.000  0.139E+03   0.79569E-01   0.00000E+00   0.10000E+00    0.50249E-02  -16.53         test_N_all          
.4300E+00   100.000  0.133E+03   0.74756E-01   0.00000E+00   0.10000E+00    0.50249E-02  -25.24         test_N_all          
.4400E+00   100.000  0.128E+03   0.70117E-01   0.00000E+00   0.10000E+00    0.50249E-02  -35.37         test_N_all          
.4500E+00   100.000  0.123E+03   0.65651E-01   0.00000E+00   0.10000E+00    0.50249E-02  -46.73         test_N_all          
.4600E+00   100.000  0.118E+03   0.61365E-01   0.00000E+00   0.10000E+00    0.50249E-02  -59.12         test_N_all          
.4700E+00   100.000  0.114E+03   0.57256E-01   0.00000E+00   0.10000E+00    0.50249E-02  -72.36         test_N_all          
.4800E+00   100.000  0.109E+03   0.53326E-01   0.00000E+00   0.10000E+00    0.50249E-02  -86.27         test_N_all          
.4900E+00   100.000  0.105E+03   0.49577E-01   0.00000E+00   0.10000E+00    0.50249E-02 -100.69         test_N_all          
.5000E+00   100.000  0.101E+03   0.46004E-01   0.00000E+00   0.10000E+00    0.17692E-02 -931.48         test_N_all          
.5100E+00   100.000  0.970E+02   0.42610E-01   0.00000E+00   0.10000E+00    0.50249E-02 -130.44         test_N_all          
.5200E+00   100.000  0.932E+02   0.39391E-01   0.00000E+00   0.10000E+00    0.50249E-02 -145.48         test_N_all          
.5300E+00   100.000  0.896E+02   0.36343E-01   0.00000E+00   0.10000E+00    0.50249E-02 -160.48         test_N_all          
.5400E+00   100.000  0.861E+02   0.33466E-01   0.00000E+00   0.10000E+00    0.50249E-02 -175.32         test_N_all          
.5500E+00   100.000  0.827E+02   0.30753E-01   0.00000E+00   0.10000E+00    0.50249E-02 -189.91         test_N_all          
.5600E+00   100.000  0.795E+02   0.28202E-01   0.00000E+00   0.10000E+00    0.50249E-02 -204.15         test_N_all          
.5700E+00   100.000  0.763E+02   0.25809E-01   0.00000E+00   0.10000E+00    0.50249E-02 -217.99         test_N_all          
.5800E+00   100.000  0.733E+02   0.23567E-01   0.00000E+00   0.10000E+00    0.50249E-02 -231.36         test_N_all          
.5900E+00   100.000  0.704E+02   0.21473E-01   0.00000E+00   0.10000E+00    0.50249E-02 -244.21         test_N_all          
.6000E+00   100.000  0.675E+02   0.19521E-01   0.00000E+00   0.10000E+00    0.17692E-02 *******         test_N_all          
.6100E+00   100.000  0.648E+02   0.17705E-01   0.00000E+00   0.10000E+00    0.50249E-02 -268.22         test_N_all          
.6200E+00   100.000  0.622E+02   0.16019E-01   0.00000E+00   0.10000E+00    0.50249E-02 -279.32         test_N_all          
.6300E+00   100.000  0.596E+02   0.14458E-01   0.00000E+00   0.10000E+00    0.50249E-02 -289.80         test_N_all          
.6400E+00   100.000  0.571E+02   0.13015E-01   0.00000E+00   0.10000E+00    0.50249E-02 -299.66         test_N_all          
.6500E+00   100.000  0.547E+02   0.11685E-01   0.00000E+00   0.10000E+00    0.50249E-02 -308.89         test_N_all          
.6600E+00   100.000  0.524E+02   0.10462E-01   0.00000E+00   0.10000E+00    0.50249E-02 -317.51         test_N_all          
.6700E+00   100.000  0.501E+02   0.93391E-02   0.00000E+00   0.10000E+00    0.50249E-02 -325.52         test_N_all          
.6800E+00   100.000  0.479E+02   0.83117E-02   0.00000E+00   0.10000E+00    0.50249E-02 -332.94         test_N_all          
.6900E+00   100.000  0.458E+02   0.73728E-02   0.00000E+00   0.10000E+00    0.50249E-02 -339.79         test_N_all          
.7000E+00   100.000  0.437E+02   0.65182E-02   0.00000E+00   0.10000E+00    0.17692E-02 *******         test_N_all          
.7100E+00   100.000  0.417E+02   0.57415E-02   0.00000E+00   0.10000E+00    0.50249E-02 -351.87         test_N_all          
.7200E+00   100.000  0.398E+02   0.50378E-02   0.00000E+00   0.10000E+00    0.50249E-02 -357.14         test_N_all          
.7300E+00   100.000  0.379E+02   0.44026E-02   0.00000E+00   0.10000E+00    0.50249E-02 -361.94         test_N_all          
.7400E+00   100.000  0.360E+02   0.38296E-02   0.00000E+00   0.10000E+00    0.50249E-02 -366.29         test_N_all          
.7500E+00   100.000  0.342E+02   0.33159E-02   0.00000E+00   0.10000E+00    0.50249E-02 -370.21         test_N_all          
.7600E+00   100.000  0.325E+02   0.28560E-02   0.00000E+00   0.10000E+00    0.50249E-02 -373.74         test_N_all          
.7700E+00   100.000  0.308E+02   0.24459E-02   0.00000E+00   0.10000E+00    0.50249E-02 -376.90         test_N_all          
.7800E+00   100.000  0.291E+02   0.20824E-02   0.00000E+00   0.10000E+00    0.50249E-02 -379.72         test_N_all          
.7900E+00   100.000  0.275E+02   0.17602E-02   0.00000E+00   0.10000E+00    0.50249E-02 -382.22         test_N_all          
.8000E+00   100.000  0.259E+02   0.14773E-02   0.00000E+00   0.10000E+00    0.17692E-02 *******         test_N_all          
.8100E+00   100.000  0.243E+02   0.12296E-02   0.00000E+00   0.10000E+00    0.50249E-02 -386.36         test_N_all          
.8200E+00   100.000  0.228E+02   0.10140E-02   0.00000E+00   0.10000E+00    0.50249E-02 -388.05         test_N_all          
.8300E+00   100.000  0.214E+02   0.82816E-03   0.00000E+00   0.10000E+00    0.50249E-02 -389.51         test_N_all          
.8400E+00   100.000  0.199E+02   0.66805E-03   0.00000E+00   0.10000E+00    0.50249E-02 -390.77         test_N_all          
.8500E+00   100.000  0.185E+02   0.53217E-03   0.00000E+00   0.10000E+00    0.50249E-02 -391.84         test_N_all          
.8600E+00   100.000  0.172E+02   0.41779E-03   0.00000E+00   0.10000E+00    0.50249E-02 -392.74         test_N_all          
.8700E+00   100.000  0.158E+02   0.32222E-03   0.00000E+00   0.10000E+00    0.50249E-02 -393.49         test_N_all          
.8800E+00   100.000  0.145E+02   0.24399E-03   0.00000E+00   0.10000E+00    0.50249E-02 -394.11         test_N_all          
.8900E+00   100.000  0.132E+02   0.18025E-03   0.00000E+00   0.10000E+00    0.50249E-02 -394.61         test_N_all          
.9000E+00   100.000  0.120E+02   0.12965E-03   0.00000E+00   0.10000E+00    0.17692E-02 *******         test_N_all          
.9100E+00   100.000  0.108E+02   0.90409E-04   0.00000E+00   0.10000E+00    0.50249E-02 -395.32         test_N_all          
.9200E+00   100.000  0.958E+01   0.60320E-04   0.00000E+00   0.10000E+00    0.50249E-02 -395.56         test_N_all          
.9300E+00   100.000  0.841E+01   0.38507E-04   0.00000E+00   0.10000E+00    0.50249E-02 -395.73         test_N_all          
.9400E+00   100.000  0.726E+01   0.22893E-04   0.00000E+00   0.10000E+00    0.50249E-02 -395.86         test_N_all          
.9500E+00   100.000  0.614E+01   0.12451E-04   0.00000E+00   0.10000E+00    0.50249E-02 -395.94         test_N_all          
.9600E+00   100.000  0.505E+01   0.61998E-05   0.00000E+00   0.10000E+00    0.50249E-02 -395.99         test_N_all          
.9700E+00   100.000  0.397E+01   0.23838E-05   0.00000E+00   0.10000E+00    0.50249E-02 -396.02         test_N_all          
.9800E+00   100.000  0.292E+01   0.77331E-06   0.00000E+00   0.10000E+00    0.50249E-02 -396.03         test_N_all          
.9900E+00   100.000  0.189E+01   0.54771E-06   0.00000E+00   0.10000E+00    0.50249E-02 -396.04         test_N_all          
.1000E+01   100.000  0.882E+00   0.73820E-06   0.00000E+00   0.10000E+00    0.50249E-02 -396.03         test_N_all          



 CHI SQUARE=******** FOR  582 POINTS   CHISQ/NPTS=  683.52
 Signed chisquare total =********
 Modified residual =********


Summary normalization chi2 contributions

 data set     normalization        error         chisq


Summary chi2 per data set

 data set                chisq    _w     signd    _w     resid     _w   npts   chisq/pts  _w
test_N_all            397809.5        118110.1        ********           582  683.52
------------------------------------------------------------------------------------
          TOTAL       397809.5397809.5118110.1     0.0****************   582  683.52  683.52
          TOTAL+norm  397809.5397809.5                                   582  683.52  683.52



            Momentum Sum Rule Check


      q2      alphas      xuv       xdv       xub       xdb       xsb       xcb       xbb      xglue     total
      1.69    0.3845    0.3189    0.1361    0.0571    0.0697    0.0254    0.0000    0.0000    0.3930    1.0002
    100.00    0.1784    0.2247    0.0959    0.0661    0.0750    0.0438    0.0259    0.0087    0.4571    0.9972
   1000.00    0.1407    0.0000    0.0000    0.0000    0.0000    0.0000    0.0000    0.0000    0.0000    0.0000
   8315.00    0.1180    0.0000    0.0000    0.0000    0.0000    0.0000    0.0000    0.0000    0.0000    0.0000


 Vector Boson Cross Sections

 sqrt(s)   sigma(W)    error    theory

   1960.     2.865     0.063       0.000     D0

   1960.     2.749     0.054       0.000     CDF

   7000.     9.95      0.29        0.000     CMS

   7000.     9.96      0.55        0.000     ATLAS

 sqrt(s)   sigma(Z)    error    theory

   1960.     .2649     .0094       0.000     D0

   1960.     .2549     .0057       0.000     CDF

   7000.     .931      0.035       0.000     CMS

   7000.     .82       0.08        0.000     ATLAS


