 No correlated errors used
 test_SK              DIS data with  10.00< Q2 < 0.110D+02 and 0.000 < xB < 1.000 and   0.90< W2 < 0.100D+10 and 0.000 < y < 1.000
 !! Use toy model F2 = (1-x)^3 !!
   WBArel smearing  (AV18 Calculated) (Bjorken limit) nuke corrections
     Use Pv cut of         1000  MeV
   No TMC applied
   no HT corrections

# fitpack15: fit output
# CJ15 AV18 final data choices                                                 

Parametrization   7 used here

 S-ACOT scheme used  for NC DIS

 charm mass =     3.16 GeV     bottom mass = 10000.00 GeV



 THIS IS A LEADING ORDER FIT

 Q02=   10.00
         1  LAMBDA                VALUE=   0.22680      WEIGHT=    0.0000    
         2  a0uv                  VALUE=   0.88819E-01  WEIGHT=    0.0000    
         3  a1uv                  VALUE=    0.0000      WEIGHT=   0.20395E-01
         4  a2uv                  VALUE=    3.0000      WEIGHT=   0.12297E-01
         5  a3uv                  VALUE=    0.0000      WEIGHT=    0.0000    
         6  a4uv                  VALUE=    0.0000      WEIGHT=   0.43683    
         7  a5uv                  VALUE=    0.0000      WEIGHT=    0.0000    
         8  a0dv                  VALUE=   0.44410E-01  WEIGHT=    0.0000    
         9  a1dv                  VALUE=    0.0000      WEIGHT=   0.33842E-01
        10  a2dv                  VALUE=    3.0000      WEIGHT=   0.15967    
        11  a3dv                  VALUE=    0.0000      WEIGHT=   0.87255E-01
        12  a4dv                  VALUE=    0.0000      WEIGHT=   0.14394    
        13  a5dv                  VALUE=    0.0000      WEIGHT=    0.0000    
        14  a0ud                  VALUE=    0.0000      WEIGHT=   0.50263E-02
        15  a1ud                  VALUE=    0.0000      WEIGHT=   0.37519E-02
        16  a2ud                  VALUE=    0.0000      WEIGHT=   0.18523    
        17  a3ud                  VALUE=    0.0000      WEIGHT=    0.0000    
        18  a4ud                  VALUE=    0.0000      WEIGHT=    1.2107    
        19  a5ud                  VALUE=    0.0000      WEIGHT=    0.0000    
        20  a0du                  VALUE=    0.0000      WEIGHT=    0.0000    
        21  a1du                  VALUE=    0.0000      WEIGHT=   0.71322E-01
        22  a2du                  VALUE=    0.0000      WEIGHT=   0.86082    
        23  a3du                  VALUE=    0.0000      WEIGHT=    0.0000    
        24  a4du                  VALUE=    0.0000      WEIGHT=    9.0827    
        25  a0g                   VALUE=    113.25      WEIGHT=    0.0000    
        26  a1g                   VALUE=   0.60307      WEIGHT=   0.31731E-01
        27  a2g                   VALUE=    6.4812      WEIGHT=    1.0043    
        28  a3g                   VALUE=   -3.3064      WEIGHT=   0.13891    
        29  a4g                   VALUE=    3.1721      WEIGHT=   0.30059    
        30  a5g                   VALUE=    0.0000      WEIGHT=    0.0000    
        31  kappa                 VALUE=    0.0000      WEIGHT=    0.0000    
        32  a6dv                  VALUE=  -0.36574E-02  WEIGHT=   0.67517E-03
        33  a7dv                  VALUE=    2.0000      WEIGHT=    0.0000    
        34  off1                  VALUE=   -3.5009      WEIGHT=    1.4769    
        35  off2                  VALUE=   0.56166E-01  WEIGHT=   0.58667E-01
        36  ht1                   VALUE=   -3.2479      WEIGHT=   0.26672    
        37  ht2                   VALUE=    1.9154      WEIGHT=   0.10687    
        38  ht3                   VALUE=   -2.0748      WEIGHT=   0.22824E-01
        39  ht4                   VALUE=    0.0000      WEIGHT=    0.0000    
        40  dummy40               VALUE=    0.0000      WEIGHT=    0.0000    
        41  dummy41               VALUE=    0.0000      WEIGHT=    0.0000    
        42  dummy42               VALUE=    0.0000      WEIGHT=    0.0000    
        43  dummy43               VALUE=    0.0000      WEIGHT=    0.0000    
        44  dummy44               VALUE=    0.0000      WEIGHT=    0.0000    
        45  dummy45               VALUE=    0.0000      WEIGHT=    0.0000    
        46  dummy46               VALUE=    0.0000      WEIGHT=    0.0000    
        47  dummy47               VALUE=    0.0000      WEIGHT=    0.0000    
        48  dummy48               VALUE=    0.0000      WEIGHT=    0.0000    
        49  dummy49               VALUE=    0.0000      WEIGHT=    0.0000    
        50  bcdmsh2               VALUE=   0.97285      WEIGHT=   0.48427E-02
        51  bcdmsd2               VALUE=   0.99317      WEIGHT=   0.57972E-02
        52  ccfr                  VALUE=    1.0000      WEIGHT=    0.0000    
        53  nutev                 VALUE=    1.0000      WEIGHT=    0.0000    
        54  zeus                  VALUE=   0.97998      WEIGHT=    0.0000    
        55  h1                    VALUE=    1.0162      WEIGHT=    0.0000    
        56  e605                  VALUE=    1.0319      WEIGHT=    0.0000    
        57  NmcH2                 VALUE=    1.0095      WEIGHT=   0.71200E-02
        58  ntv_nu                VALUE=    1.0000      WEIGHT=    0.0000    
        59  ntv_nubar             VALUE=    1.0000      WEIGHT=    0.0000    
        60  cdf_jet               VALUE=   0.98910      WEIGHT=    0.0000    
        61  d0_jet                VALUE=   0.83504      WEIGHT=    0.0000    
        62  slac_p                VALUE=    1.0048      WEIGHT=   0.48232E-02
        63  slac_d                VALUE=    1.0042      WEIGHT=   0.52625E-02
        64  e866pp                VALUE=   0.96438      WEIGHT=   0.19188E-01
        65  e866pd                VALUE=   0.96857      WEIGHT=   0.16516E-01
        66  d0_gamjet             VALUE=    1.0391      WEIGHT=   0.16482E-01
        67  h1b                   VALUE=   0.97608      WEIGHT=    0.0000    
        68  jlab_p                VALUE=   0.99439      WEIGHT=   0.57989E-02
        69  jlab_d                VALUE=   0.97560      WEIGHT=   0.58777E-02
        70  blank                 VALUE=    1.0000      WEIGHT=    0.0000    
        71  d0run2                VALUE=   0.94153      WEIGHT=   0.14203E-01
        72  cdfrun2               VALUE=   0.92693      WEIGHT=   0.17236E-01
        73  HERA_el               VALUE=    1.0000      WEIGHT=    0.0000    
        74  HERA_ps               VALUE=    1.0000      WEIGHT=    0.0000    
        75  CDF_Z                 VALUE=   0.96573      WEIGHT=   0.64152E-02
        76  NmcRat                VALUE=    1.0000      WEIGHT=    0.0000    
        77  BNS_F2nd              VALUE=   0.98244      WEIGHT=   0.67043E-02
        78  HERMES_F2p            VALUE=   0.99812      WEIGHT=   0.55759E-02
        79  HERMES_F2d            VALUE=   0.98034      WEIGHT=   0.58160E-02
0THE TOLERANCE IS    0.5000
 THE MAXIMUM NUMBER OF STEPS IS 100
0THE INITIAL CHI SQUARED IS  2.52070E+04



     X        Q2         W2       THEORY        error         DATA           ERROR        chi^2     _w    ITYPE
.1000E-03    10.000  0.100E+06   0.99976E+00   0.00000E+00   0.10000E+00    0.10000E+01    0.81         test_SK             
.1274E-03    10.000  0.785E+05   0.99976E+00   0.00000E+00   0.10000E+00    0.10000E+01    0.81         test_SK             
.1624E-03    10.000  0.616E+05   0.99976E+00   0.00000E+00   0.10000E+00    0.10000E+01    0.81         test_SK             
.2069E-03    10.000  0.483E+05   0.99976E+00   0.00000E+00   0.10000E+00    0.10000E+01    0.81         test_SK             
.2637E-03    10.000  0.379E+05   0.99976E+00   0.00000E+00   0.10000E+00    0.10000E+01    0.81         test_SK             
.3360E-03    10.000  0.298E+05   0.99975E+00   0.00000E+00   0.10000E+00    0.10000E+01    0.81         test_SK             
.4281E-03    10.000  0.233E+05   0.99975E+00   0.00000E+00   0.10000E+00    0.10000E+01    0.81         test_SK             
.5456E-03    10.000  0.183E+05   0.99974E+00   0.00000E+00   0.10000E+00    0.10000E+01    0.81         test_SK             
.6952E-03    10.000  0.144E+05   0.99972E+00   0.00000E+00   0.10000E+00    0.10000E+01    0.81         test_SK             
.8859E-03    10.000  0.113E+05   0.99969E+00   0.00000E+00   0.10000E+00    0.10000E+01    0.81         test_SK             
.1129E-02    10.000  0.885E+04   0.99965E+00   0.00000E+00   0.10000E+00    0.10000E+01    0.81         test_SK             
.1438E-02    10.000  0.694E+04   0.99961E+00   0.00000E+00   0.10000E+00    0.10000E+01    0.81         test_SK             
.1833E-02    10.000  0.545E+04   0.99958E+00   0.00000E+00   0.10000E+00    0.10000E+01    0.81         test_SK             
.2336E-02    10.000  0.427E+04   0.99957E+00   0.00000E+00   0.10000E+00    0.10000E+01    0.81         test_SK             
.2976E-02    10.000  0.335E+04   0.99961E+00   0.00000E+00   0.10000E+00    0.10000E+01    0.81         test_SK             
.3793E-02    10.000  0.263E+04   0.99966E+00   0.00000E+00   0.10000E+00    0.10000E+01    0.81         test_SK             
.4833E-02    10.000  0.206E+04   0.99959E+00   0.00000E+00   0.10000E+00    0.10000E+01    0.81         test_SK             
.6158E-02    10.000  0.161E+04   0.99940E+00   0.00000E+00   0.10000E+00    0.10000E+01    0.81         test_SK             
.7848E-02    10.000  0.127E+04   0.99943E+00   0.00000E+00   0.10000E+00    0.10000E+01    0.81         test_SK             
.1000E-01    10.000  0.991E+03   0.99929E+00   0.00000E+00   0.10000E+00    0.10000E+01    0.81         test_SK             
.2237E-01    10.000  0.438E+03   0.99912E+00   0.00000E+00   0.10000E+00    0.10000E+01    0.81         test_SK             
.3475E-01    10.000  0.279E+03   0.99881E+00   0.00000E+00   0.10000E+00    0.10000E+01    0.81         test_SK             
.4713E-01    10.000  0.203E+03   0.99799E+00   0.00000E+00   0.10000E+00    0.10000E+01    0.81         test_SK             
.5950E-01    10.000  0.159E+03   0.99735E+00   0.00000E+00   0.10000E+00    0.10000E+01    0.81         test_SK             
.7187E-01    10.000  0.130E+03   0.99671E+00   0.00000E+00   0.10000E+00    0.10000E+01    0.80         test_SK             
.8425E-01    10.000  0.110E+03   0.99654E+00   0.00000E+00   0.10000E+00    0.10000E+01    0.80         test_SK             
.9663E-01    10.000  0.944E+02   0.99627E+00   0.00000E+00   0.10000E+00    0.10000E+01    0.80         test_SK             
.1090E+00    10.000  0.826E+02   0.99557E+00   0.00000E+00   0.10000E+00    0.10000E+01    0.80         test_SK             
.1214E+00    10.000  0.733E+02   0.99485E+00   0.00000E+00   0.10000E+00    0.10000E+01    0.80         test_SK             
.1338E+00    10.000  0.656E+02   0.99451E+00   0.00000E+00   0.10000E+00    0.10000E+01    0.80         test_SK             
.1461E+00    10.000  0.593E+02   0.99432E+00   0.00000E+00   0.10000E+00    0.10000E+01    0.80         test_SK             
.1585E+00    10.000  0.540E+02   0.99375E+00   0.00000E+00   0.10000E+00    0.10000E+01    0.80         test_SK             
.1709E+00    10.000  0.494E+02   0.99319E+00   0.00000E+00   0.10000E+00    0.10000E+01    0.80         test_SK             
.1832E+00    10.000  0.455E+02   0.99264E+00   0.00000E+00   0.10000E+00    0.10000E+01    0.80         test_SK             
.1956E+00    10.000  0.420E+02   0.99228E+00   0.00000E+00   0.10000E+00    0.10000E+01    0.80         test_SK             
.2080E+00    10.000  0.390E+02   0.99205E+00   0.00000E+00   0.10000E+00    0.10000E+01    0.80         test_SK             
.2204E+00    10.000  0.363E+02   0.99147E+00   0.00000E+00   0.10000E+00    0.10000E+01    0.79         test_SK             
.2328E+00    10.000  0.338E+02   0.99103E+00   0.00000E+00   0.10000E+00    0.10000E+01    0.79         test_SK             
.2451E+00    10.000  0.317E+02   0.99070E+00   0.00000E+00   0.10000E+00    0.10000E+01    0.79         test_SK             
.2575E+00    10.000  0.297E+02   0.99035E+00   0.00000E+00   0.10000E+00    0.10000E+01    0.79         test_SK             
.2699E+00    10.000  0.279E+02   0.98999E+00   0.00000E+00   0.10000E+00    0.10000E+01    0.79         test_SK             
.2823E+00    10.000  0.263E+02   0.98946E+00   0.00000E+00   0.10000E+00    0.10000E+01    0.79         test_SK             
.2946E+00    10.000  0.248E+02   0.98928E+00   0.00000E+00   0.10000E+00    0.10000E+01    0.79         test_SK             
.3070E+00    10.000  0.235E+02   0.98884E+00   0.00000E+00   0.10000E+00    0.10000E+01    0.79         test_SK             
.3194E+00    10.000  0.222E+02   0.98863E+00   0.00000E+00   0.10000E+00    0.10000E+01    0.79         test_SK             
.3317E+00    10.000  0.210E+02   0.98814E+00   0.00000E+00   0.10000E+00    0.10000E+01    0.79         test_SK             
.3441E+00    10.000  0.199E+02   0.98795E+00   0.00000E+00   0.10000E+00    0.10000E+01    0.79         test_SK             
.3565E+00    10.000  0.189E+02   0.98787E+00   0.00000E+00   0.10000E+00    0.10000E+01    0.79         test_SK             
.3689E+00    10.000  0.180E+02   0.98741E+00   0.00000E+00   0.10000E+00    0.10000E+01    0.79         test_SK             
.3812E+00    10.000  0.171E+02   0.98732E+00   0.00000E+00   0.10000E+00    0.10000E+01    0.79         test_SK             
.3936E+00    10.000  0.163E+02   0.98715E+00   0.00000E+00   0.10000E+00    0.10000E+01    0.79         test_SK             
.4060E+00    10.000  0.155E+02   0.98708E+00   0.00000E+00   0.10000E+00    0.10000E+01    0.79         test_SK             
.4184E+00    10.000  0.148E+02   0.98694E+00   0.00000E+00   0.10000E+00    0.10000E+01    0.79         test_SK             
.4308E+00    10.000  0.141E+02   0.98685E+00   0.00000E+00   0.10000E+00    0.10000E+01    0.79         test_SK             
.4431E+00    10.000  0.134E+02   0.98692E+00   0.00000E+00   0.10000E+00    0.10000E+01    0.79         test_SK             
.4555E+00    10.000  0.128E+02   0.98689E+00   0.00000E+00   0.10000E+00    0.10000E+01    0.79         test_SK             
.4679E+00    10.000  0.123E+02   0.98699E+00   0.00000E+00   0.10000E+00    0.10000E+01    0.79         test_SK             
.4803E+00    10.000  0.117E+02   0.98734E+00   0.00000E+00   0.10000E+00    0.10000E+01    0.79         test_SK             
.4926E+00    10.000  0.112E+02   0.98751E+00   0.00000E+00   0.10000E+00    0.10000E+01    0.79         test_SK             
.5050E+00    10.000  0.107E+02   0.98785E+00   0.00000E+00   0.10000E+00    0.10000E+01    0.79         test_SK             
.5174E+00    10.000  0.102E+02   0.98830E+00   0.00000E+00   0.10000E+00    0.10000E+01    0.79         test_SK             
.5298E+00    10.000  0.976E+01   0.98876E+00   0.00000E+00   0.10000E+00    0.10000E+01    0.79         test_SK             
.5421E+00    10.000  0.933E+01   0.98946E+00   0.00000E+00   0.10000E+00    0.10000E+01    0.79         test_SK             
.5545E+00    10.000  0.892E+01   0.99036E+00   0.00000E+00   0.10000E+00    0.10000E+01    0.79         test_SK             
.5669E+00    10.000  0.852E+01   0.99138E+00   0.00000E+00   0.10000E+00    0.10000E+01    0.79         test_SK             
.5793E+00    10.000  0.815E+01   0.99243E+00   0.00000E+00   0.10000E+00    0.10000E+01    0.80         test_SK             
.5916E+00    10.000  0.778E+01   0.99372E+00   0.00000E+00   0.10000E+00    0.10000E+01    0.80         test_SK             
.6040E+00    10.000  0.744E+01   0.99542E+00   0.00000E+00   0.10000E+00    0.10000E+01    0.80         test_SK             
.6164E+00    10.000  0.711E+01   0.99747E+00   0.00000E+00   0.10000E+00    0.10000E+01    0.81         test_SK             
.6288E+00    10.000  0.679E+01   0.99957E+00   0.00000E+00   0.10000E+00    0.10000E+01    0.81         test_SK             
.6411E+00    10.000  0.648E+01   0.10022E+01   0.00000E+00   0.10000E+00    0.10000E+01    0.81         test_SK             
.6535E+00    10.000  0.618E+01   0.10053E+01   0.00000E+00   0.10000E+00    0.10000E+01    0.82         test_SK             
.6659E+00    10.000  0.590E+01   0.10087E+01   0.00000E+00   0.10000E+00    0.10000E+01    0.83         test_SK             
.6783E+00    10.000  0.563E+01   0.10128E+01   0.00000E+00   0.10000E+00    0.10000E+01    0.83         test_SK             
.6906E+00    10.000  0.536E+01   0.10176E+01   0.00000E+00   0.10000E+00    0.10000E+01    0.84         test_SK             
.7030E+00    10.000  0.511E+01   0.10233E+01   0.00000E+00   0.10000E+00    0.10000E+01    0.85         test_SK             
.7154E+00    10.000  0.486E+01   0.10299E+01   0.00000E+00   0.10000E+00    0.10000E+01    0.86         test_SK             
.7278E+00    10.000  0.462E+01   0.10377E+01   0.00000E+00   0.10000E+00    0.10000E+01    0.88         test_SK             
.7401E+00    10.000  0.439E+01   0.10468E+01   0.00000E+00   0.10000E+00    0.10000E+01    0.90         test_SK             
.7525E+00    10.000  0.417E+01   0.10577E+01   0.00000E+00   0.10000E+00    0.10000E+01    0.92         test_SK             
.7649E+00    10.000  0.396E+01   0.10709E+01   0.00000E+00   0.10000E+00    0.10000E+01    0.94         test_SK             
.7772E+00    10.000  0.375E+01   0.10866E+01   0.00000E+00   0.10000E+00    0.10000E+01    0.97         test_SK             
.7896E+00    10.000  0.355E+01   0.11057E+01   0.00000E+00   0.10000E+00    0.10000E+01    1.01         test_SK             
.8020E+00    10.000  0.335E+01   0.11290E+01   0.00000E+00   0.10000E+00    0.10000E+01    1.06         test_SK             
.8144E+00    10.000  0.316E+01   0.11578E+01   0.00000E+00   0.10000E+00    0.10000E+01    1.12         test_SK             
.8267E+00    10.000  0.298E+01   0.11939E+01   0.00000E+00   0.10000E+00    0.10000E+01    1.20         test_SK             
.8391E+00    10.000  0.280E+01   0.12393E+01   0.00000E+00   0.10000E+00    0.10000E+01    1.30         test_SK             
.8515E+00    10.000  0.263E+01   0.12979E+01   0.00000E+00   0.10000E+00    0.10000E+01    1.43         test_SK             
.8639E+00    10.000  0.246E+01   0.13749E+01   0.00000E+00   0.10000E+00    0.10000E+01    1.63         test_SK             
.8762E+00    10.000  0.229E+01   0.14786E+01   0.00000E+00   0.10000E+00    0.10000E+01    1.90         test_SK             
.8886E+00    10.000  0.214E+01   0.16225E+01   0.00000E+00   0.10000E+00    0.10000E+01    2.32         test_SK             
.9010E+00    10.000  0.198E+01   0.18292E+01   0.00000E+00   0.10000E+00    0.10000E+01    2.99         test_SK             
.9134E+00    10.000  0.183E+01   0.21417E+01   0.00000E+00   0.10000E+00    0.10000E+01    4.17         test_SK             
.9257E+00    10.000  0.168E+01   0.26448E+01   0.00000E+00   0.10000E+00    0.10000E+01    6.48         test_SK             
.9381E+00    10.000  0.154E+01   0.35301E+01   0.00000E+00   0.10000E+00    0.10000E+01   11.77         test_SK             
.9505E+00    10.000  0.140E+01   0.53038E+01   0.00000E+00   0.10000E+00    0.10000E+01   27.08         test_SK             
.9629E+00    10.000  0.127E+01   0.96643E+01   0.00000E+00   0.10000E+00    0.10000E+01   91.48         test_SK             
.9752E+00    10.000  0.114E+01   0.25150E+02   0.00000E+00   0.10000E+00    0.10000E+01  627.50         test_SK             
.9876E+00    10.000  0.101E+01   0.15616E+03   0.00000E+00   0.10000E+00    0.10000E+01 *******         test_SK             



 CHI SQUARE=25207.03 FOR   99 POINTS   CHISQ/NPTS=  254.62
 Signed chisquare total =25207.03
 Modified residual =********


Summary normalization chi2 contributions

 data set     normalization        error         chisq


Summary chi2 per data set

 data set      chisq    _w     signd    _w     resid     _w   npts   chisq/pts  _w
test_SK      25207.0         25207.0        -25236.0            99  254.62
------------------------------------------------------------------------------------
TOTAL        25207.0 25207.0 25207.0     0.0-25236.0-25236.0    99  254.62  254.62
TOTAL+norm   25207.0 25207.0                                    99  254.62  254.62



            Momentum Sum Rule Check


      q2      alphas      xuv       xdv       xub       xdb       xsb       xcb       xbb      xglue     total
     10.00    0.4237    0.0175    0.0087    0.0354    0.0354    0.0354    0.0354    0.0000    0.8297    0.9976
    100.00    0.2573    0.0145    0.0072    0.0545    0.0545    0.0545    0.0545    0.0000    0.7496    0.9895
   1000.00    0.1847    0.0127    0.0063    0.0643    0.0643    0.0643    0.0643    0.0000    0.7044    0.9806
   8315.00    0.1467    0.0116    0.0058    0.0698    0.0698    0.0698    0.0698    0.0000    0.6762    0.9726


 Vector Boson Cross Sections

 sqrt(s)   sigma(W)    error    theory

   1960.     2.865     0.063       0.602     D0

   1960.     2.749     0.054       0.602     CDF

   7000.     9.95      0.29        5.001     CMS

   7000.     9.96      0.55        5.001     ATLAS

 sqrt(s)   sigma(Z)    error    theory

   1960.     .2649     .0094       0.048     D0

   1960.     .2549     .0057       0.048     CDF

   7000.     .931      0.035       0.445     CMS

   7000.     .82       0.08        0.445     ATLAS


