 Correlated errors added in quadrature with statistical errors
 test_P_all           DIS data with   1.69< Q2 < 0.500D+03 and 0.000 < xB < 1.000 and   0.00< W2 < 0.100D+05 and 0.000 < y < 1.000
   GP TMC applied
   no HT corrections

# fitpack15: fit output
# CJ15 AV18 final data choices                                                 

Parametrization   7 used here

 S-ACOT scheme used  for NC DIS

 charm mass =     1.30 GeV     bottom mass =     4.50 GeV



 THIS IS A NEXT TO LEADING ORDER FIT

 Q02=    1.69
         1  LAMBDA      VALUE=   0.22680      WEIGHT=    0.0000    
         2  a0uv        VALUE=    1.7389      WEIGHT=    0.0000    
         3  a1uv        VALUE=   0.54664      WEIGHT=   0.27067E-01
         4  a2uv        VALUE=    3.6281      WEIGHT=   0.13763E-01
         5  a3uv        VALUE=    0.0000      WEIGHT=    0.0000    
         6  a4uv        VALUE=    5.6030      WEIGHT=   0.85295    
         7  a5uv        VALUE=    0.0000      WEIGHT=    0.0000    
         8  a0dv        VALUE=    24.928      WEIGHT=    0.0000    
         9  a1dv        VALUE=    1.1618      WEIGHT=   0.37000E-01
        10  a2dv        VALUE=    6.6511      WEIGHT=   0.20109    
        11  a3dv        VALUE=   -3.4965      WEIGHT=   0.10889    
        12  a4dv        VALUE=    4.6983      WEIGHT=   0.17054    
        13  a5dv        VALUE=    0.0000      WEIGHT=    0.0000    
        14  a0ud        VALUE=   0.13964      WEIGHT=   0.50550E-02
        15  a1ud        VALUE=  -0.21245      WEIGHT=   0.39130E-02
        16  a2ud        VALUE=    8.7402      WEIGHT=   0.19545    
        17  a3ud        VALUE=    0.0000      WEIGHT=    0.0000    
        18  a4ud        VALUE=    17.109      WEIGHT=    1.4580    
        19  a5ud        VALUE=    0.0000      WEIGHT=    0.0000    
        20  a0du        VALUE=    35712.      WEIGHT=    0.0000    
        21  a1du        VALUE=    4.2138      WEIGHT=   0.12482    
        22  a2du        VALUE=    20.139      WEIGHT=    1.1757    
        23  a3du        VALUE=    17.000      WEIGHT=    0.0000    
        24  a4du        VALUE=    64.504      WEIGHT=    17.514    
        25  a0g         VALUE=    45.228      WEIGHT=    0.0000    
        26  a1g         VALUE=   0.59993      WEIGHT=   0.28071E-01
        27  a2g         VALUE=    5.6280      WEIGHT=   0.73881    
        28  a3g         VALUE=   -3.3841      WEIGHT=   0.11500    
        29  a4g         VALUE=    3.1774      WEIGHT=   0.23941    
        30  a5g         VALUE=    0.0000      WEIGHT=    0.0000    
        31  kappa       VALUE=   0.40000      WEIGHT=    0.0000    
        32  a6dv        VALUE=  -0.41499E-02  WEIGHT=   0.80009E-03
        33  a7dv        VALUE=    2.0000      WEIGHT=    0.0000    
        34  off1        VALUE=  -0.20343      WEIGHT=   0.13402    
        35  off2        VALUE=    2.3597      WEIGHT=    1.5192    
        36  off3        VALUE=   -10.444      WEIGHT=    5.6828    
        37  off4        VALUE=    11.593      WEIGHT=    6.0645    
        38  ht1         VALUE=   -4.8631      WEIGHT=    1.3589    
        39  ht2         VALUE=    2.3571      WEIGHT=   0.22273    
        40  ht3         VALUE=   -2.0785      WEIGHT=   0.38506E-01
        41  ht4         VALUE=    2.6660      WEIGHT=   0.16113    
        42  ht1n        VALUE=   -5.4514      WEIGHT=    5.1548    
        43  ht2n        VALUE=    2.5496      WEIGHT=   0.65400    
        44  ht3n        VALUE=   -2.2309      WEIGHT=   0.87879E-01
        45  ht4n        VALUE=    3.1482      WEIGHT=   0.66310    
        46  dummy46     VALUE=    0.0000      WEIGHT=    0.0000    
        47  dummy47     VALUE=    0.0000      WEIGHT=    0.0000    
        48  dummy48     VALUE=    0.0000      WEIGHT=    0.0000    
        49  dummy49     VALUE=    0.0000      WEIGHT=    0.0000    
        50  bcdmsh2     VALUE=   0.97138      WEIGHT=   0.49300E-02
        51  bcdmsd2     VALUE=   0.99308      WEIGHT=   0.59432E-02
        52  ccfr        VALUE=    1.0000      WEIGHT=    0.0000    
        53  nutev       VALUE=    1.0000      WEIGHT=    0.0000    
        54  zeus        VALUE=   0.97998      WEIGHT=    0.0000    
        55  h1          VALUE=    1.0162      WEIGHT=    0.0000    
        56  e605        VALUE=    1.0319      WEIGHT=    0.0000    
        57  NmcH2       VALUE=    1.0083      WEIGHT=   0.72040E-02
        58  ntv_nu      VALUE=    1.0000      WEIGHT=    0.0000    
        59  ntv_nuba    VALUE=    1.0000      WEIGHT=    0.0000    
        60  cdf_jet     VALUE=   0.98910      WEIGHT=    0.0000    
        61  d0_jet      VALUE=   0.83504      WEIGHT=    0.0000    
        62  slac_p      VALUE=   0.99952      WEIGHT=   0.52707E-02
        63  slac_d      VALUE=    1.0043      WEIGHT=   0.54664E-02
        64  e866pp      VALUE=   0.99110      WEIGHT=   0.20045E-01
        65  e866pd      VALUE=   0.95795      WEIGHT=   0.18513E-01
        66  d0_gamje    VALUE=    1.0376      WEIGHT=   0.16541E-01
        67  h1b         VALUE=   0.97608      WEIGHT=    0.0000    
        68  jlab_p      VALUE=   0.98460      WEIGHT=   0.64485E-02
        69  jlab_d      VALUE=   0.97754      WEIGHT=   0.62370E-02
        70  blank       VALUE=    1.0000      WEIGHT=    0.0000    
        71  d0run2      VALUE=   0.95126      WEIGHT=   0.15399E-01
        72  cdfrun2     VALUE=   0.93551      WEIGHT=   0.17800E-01
        73  HERA_el     VALUE=    1.0000      WEIGHT=    0.0000    
        74  HERA_ps     VALUE=    1.0000      WEIGHT=    0.0000    
        75  CDF_Z       VALUE=   0.95728      WEIGHT=   0.68294E-02
        76  NmcRat      VALUE=    1.0000      WEIGHT=    0.0000    
        77  BNS_F2nd    VALUE=   0.97730      WEIGHT=   0.12767E-01
        78  HERMES_F    VALUE=   0.99393      WEIGHT=   0.58023E-02
        79  HERMES_F    VALUE=   0.97976      WEIGHT=   0.59418E-02
0THE TOLERANCE IS    0.1000
 THE MAXIMUM NUMBER OF STEPS IS 100
0THE INITIAL CHI SQUARED IS  6.46472E+05



     X        Q2         W2       THEORY        error         DATA           ERROR        chi^2     _w    ITYPE
.1000E-01     2.000  0.199E+03   0.35356E+00   0.00000E+00   0.10000E+00    0.50249E-02 2546.22         test_P_all          
.2000E-01     2.000  0.989E+02   0.33515E+00   0.00000E+00   0.10000E+00    0.50249E-02 2189.94         test_P_all          
.3000E-01     2.000  0.655E+02   0.33119E+00   0.00000E+00   0.10000E+00    0.50249E-02 2116.86         test_P_all          
.4000E-01     2.000  0.489E+02   0.33450E+00   0.00000E+00   0.10000E+00    0.50249E-02 2177.88         test_P_all          
.5000E-01     2.000  0.389E+02   0.33834E+00   0.00000E+00   0.10000E+00    0.50249E-02 2249.71         test_P_all          
.6000E-01     2.000  0.322E+02   0.34320E+00   0.00000E+00   0.10000E+00    0.50249E-02 2342.48         test_P_all          
.7000E-01     2.000  0.275E+02   0.34743E+00   0.00000E+00   0.10000E+00    0.50249E-02 2424.71         test_P_all          
.8000E-01     2.000  0.239E+02   0.35101E+00   0.00000E+00   0.10000E+00    0.50249E-02 2495.19         test_P_all          
.9000E-01     2.000  0.211E+02   0.35402E+00   0.00000E+00   0.10000E+00    0.50249E-02 2555.52         test_P_all          
.1000E+00     2.000  0.189E+02   0.35633E+00   0.00000E+00   0.10000E+00    0.50249E-02 2602.11         test_P_all          
.1100E+00     2.000  0.171E+02   0.35823E+00   0.00000E+00   0.10000E+00    0.50249E-02 2640.82         test_P_all          
.1200E+00     2.000  0.155E+02   0.35963E+00   0.00000E+00   0.10000E+00    0.50249E-02 2669.62         test_P_all          
.1300E+00     2.000  0.143E+02   0.36058E+00   0.00000E+00   0.10000E+00    0.50249E-02 2689.13         test_P_all          
.1400E+00     2.000  0.132E+02   0.36124E+00   0.00000E+00   0.10000E+00    0.50249E-02 2702.92         test_P_all          
.1500E+00     2.000  0.122E+02   0.36150E+00   0.00000E+00   0.10000E+00    0.50249E-02 2708.22         test_P_all          
.1600E+00     2.000  0.114E+02   0.36142E+00   0.00000E+00   0.10000E+00    0.50249E-02 2706.48         test_P_all          
.1700E+00     2.000  0.106E+02   0.36098E+00   0.00000E+00   0.10000E+00    0.50249E-02 2697.47         test_P_all          
.1800E+00     2.000  0.999E+01   0.36017E+00   0.00000E+00   0.10000E+00    0.50249E-02 2680.77         test_P_all          
.1900E+00     2.000  0.941E+01   0.35899E+00   0.00000E+00   0.10000E+00    0.50249E-02 2656.49         test_P_all          
.2000E+00     2.000  0.888E+01   0.35743E+00   0.00000E+00   0.10000E+00    0.50249E-02 2624.62         test_P_all          
.2100E+00     2.000  0.841E+01   0.35548E+00   0.00000E+00   0.10000E+00    0.50249E-02 2585.02         test_P_all          
.2200E+00     2.000  0.797E+01   0.35314E+00   0.00000E+00   0.10000E+00    0.50249E-02 2537.75         test_P_all          
.2300E+00     2.000  0.758E+01   0.35041E+00   0.00000E+00   0.10000E+00    0.50249E-02 2483.36         test_P_all          
.2400E+00     2.000  0.722E+01   0.34727E+00   0.00000E+00   0.10000E+00    0.50249E-02 2421.57         test_P_all          
.2500E+00     2.000  0.688E+01   0.34376E+00   0.00000E+00   0.10000E+00    0.50249E-02 2353.21         test_P_all          
.2600E+00     2.000  0.657E+01   0.33987E+00   0.00000E+00   0.10000E+00    0.50249E-02 2278.81         test_P_all          
.2700E+00     2.000  0.629E+01   0.33561E+00   0.00000E+00   0.10000E+00    0.50249E-02 2198.58         test_P_all          
.2800E+00     2.000  0.602E+01   0.33101E+00   0.00000E+00   0.10000E+00    0.50249E-02 2113.50         test_P_all          
.2900E+00     2.000  0.578E+01   0.32608E+00   0.00000E+00   0.10000E+00    0.50249E-02 2024.19         test_P_all          
.3000E+00     2.000  0.555E+01   0.32083E+00   0.00000E+00   0.10000E+00    0.18868E-02 *******         test_P_all          
.3100E+00     2.000  0.533E+01   0.31529E+00   0.00000E+00   0.10000E+00    0.50249E-02 1835.68         test_P_all          
.3200E+00     2.000  0.513E+01   0.30949E+00   0.00000E+00   0.10000E+00    0.50249E-02 1738.09         test_P_all          
.3300E+00     2.000  0.494E+01   0.30345E+00   0.00000E+00   0.10000E+00    0.50249E-02 1639.25         test_P_all          
.3400E+00     2.000  0.476E+01   0.29719E+00   0.00000E+00   0.10000E+00    0.50249E-02 1539.93         test_P_all          
.3500E+00     2.000  0.460E+01   0.29074E+00   0.00000E+00   0.10000E+00    0.50249E-02 1440.83         test_P_all          
.3600E+00     2.000  0.444E+01   0.28412E+00   0.00000E+00   0.10000E+00    0.50249E-02 1342.58         test_P_all          
.3700E+00     2.000  0.429E+01   0.27736E+00   0.00000E+00   0.10000E+00    0.50249E-02 1245.79         test_P_all          
.3800E+00     2.000  0.414E+01   0.27048E+00   0.00000E+00   0.10000E+00    0.50249E-02 1151.05         test_P_all          
.3900E+00     2.000  0.401E+01   0.26351E+00   0.00000E+00   0.10000E+00    0.50249E-02 1058.82         test_P_all          
.4000E+00     2.000  0.388E+01   0.25646E+00   0.00000E+00   0.10000E+00    0.17692E-02 7820.99         test_P_all          
.4100E+00     2.000  0.376E+01   0.24936E+00   0.00000E+00   0.10000E+00    0.50249E-02  883.53         test_P_all          
.4200E+00     2.000  0.364E+01   0.24223E+00   0.00000E+00   0.10000E+00    0.50249E-02  801.18         test_P_all          
.4300E+00     2.000  0.353E+01   0.23509E+00   0.00000E+00   0.10000E+00    0.50249E-02  722.70         test_P_all          
.4400E+00     2.000  0.343E+01   0.22795E+00   0.00000E+00   0.10000E+00    0.50249E-02  648.34         test_P_all          
.4500E+00     2.000  0.333E+01   0.22083E+00   0.00000E+00   0.10000E+00    0.50249E-02  578.21         test_P_all          
.4600E+00     2.000  0.323E+01   0.21375E+00   0.00000E+00   0.10000E+00    0.50249E-02  512.42         test_P_all          
.4700E+00     2.000  0.314E+01   0.20672E+00   0.00000E+00   0.10000E+00    0.50249E-02  451.05         test_P_all          
.4800E+00     2.000  0.305E+01   0.19976E+00   0.00000E+00   0.10000E+00    0.50249E-02  394.11         test_P_all          
.4900E+00     2.000  0.296E+01   0.19287E+00   0.00000E+00   0.10000E+00    0.50249E-02  341.58         test_P_all          
.5000E+00     2.000  0.288E+01   0.18607E+00   0.00000E+00   0.10000E+00    0.17692E-02 2366.97         test_P_all          
.5100E+00     2.000  0.280E+01   0.17938E+00   0.00000E+00   0.10000E+00    0.50249E-02  249.54         test_P_all          
.5200E+00     2.000  0.273E+01   0.17279E+00   0.00000E+00   0.10000E+00    0.50249E-02  209.84         test_P_all          
.5300E+00     2.000  0.266E+01   0.16632E+00   0.00000E+00   0.10000E+00    0.50249E-02  174.19         test_P_all          
.5400E+00     2.000  0.259E+01   0.15998E+00   0.00000E+00   0.10000E+00    0.50249E-02  142.46         test_P_all          
.5500E+00     2.000  0.252E+01   0.15376E+00   0.00000E+00   0.10000E+00    0.50249E-02  114.48         test_P_all          
.5600E+00     2.000  0.245E+01   0.14769E+00   0.00000E+00   0.10000E+00    0.50249E-02   90.06         test_P_all          
.5700E+00     2.000  0.239E+01   0.14176E+00   0.00000E+00   0.10000E+00    0.50249E-02   69.05         test_P_all          
.5800E+00     2.000  0.233E+01   0.13597E+00   0.00000E+00   0.10000E+00    0.50249E-02   51.25         test_P_all          
.5900E+00     2.000  0.227E+01   0.13034E+00   0.00000E+00   0.10000E+00    0.50249E-02   36.45         test_P_all          
.6000E+00     2.000  0.222E+01   0.12485E+00   0.00000E+00   0.10000E+00    0.17692E-02  197.33         test_P_all          
.6100E+00     2.000  0.216E+01   0.11953E+00   0.00000E+00   0.10000E+00    0.50249E-02   15.10         test_P_all          
.6200E+00     2.000  0.211E+01   0.11436E+00   0.00000E+00   0.10000E+00    0.50249E-02    8.16         test_P_all          
.6300E+00     2.000  0.206E+01   0.10934E+00   0.00000E+00   0.10000E+00    0.50249E-02    3.46         test_P_all          
.6400E+00     2.000  0.201E+01   0.10449E+00   0.00000E+00   0.10000E+00    0.50249E-02    0.80         test_P_all          
.6500E+00     2.000  0.196E+01   0.99789E-01   0.00000E+00   0.10000E+00    0.50249E-02   -0.00         test_P_all          
.6600E+00     2.000  0.191E+01   0.95248E-01   0.00000E+00   0.10000E+00    0.50249E-02   -0.89         test_P_all          
.6700E+00     2.000  0.187E+01   0.90861E-01   0.00000E+00   0.10000E+00    0.50249E-02   -3.31         test_P_all          
.6800E+00     2.000  0.182E+01   0.86628E-01   0.00000E+00   0.10000E+00    0.50249E-02   -7.08         test_P_all          
.6900E+00     2.000  0.178E+01   0.82549E-01   0.00000E+00   0.10000E+00    0.50249E-02  -12.06         test_P_all          
.7000E+00     2.000  0.174E+01   0.78620E-01   0.00000E+00   0.10000E+00    0.17692E-02 -146.04         test_P_all          
.7100E+00     2.000  0.170E+01   0.74836E-01   0.00000E+00   0.10000E+00    0.50249E-02  -25.08         test_P_all          
.7200E+00     2.000  0.166E+01   0.71199E-01   0.00000E+00   0.10000E+00    0.50249E-02  -32.85         test_P_all          
.7300E+00     2.000  0.162E+01   0.67705E-01   0.00000E+00   0.10000E+00    0.50249E-02  -41.31         test_P_all          
.7400E+00     2.000  0.158E+01   0.64349E-01   0.00000E+00   0.10000E+00    0.50249E-02  -50.34         test_P_all          
.7500E+00     2.000  0.155E+01   0.61128E-01   0.00000E+00   0.10000E+00    0.50249E-02  -59.84         test_P_all          
.7600E+00     2.000  0.151E+01   0.58039E-01   0.00000E+00   0.10000E+00    0.50249E-02  -69.73         test_P_all          
.7700E+00     2.000  0.148E+01   0.55081E-01   0.00000E+00   0.10000E+00    0.50249E-02  -79.91         test_P_all          
.7800E+00     2.000  0.145E+01   0.52248E-01   0.00000E+00   0.10000E+00    0.50249E-02  -90.31         test_P_all          
.7900E+00     2.000  0.141E+01   0.49537E-01   0.00000E+00   0.10000E+00    0.50249E-02 -100.85         test_P_all          
.8000E+00     2.000  0.138E+01   0.46942E-01   0.00000E+00   0.10000E+00    0.17692E-02 -899.39         test_P_all          
.8100E+00     2.000  0.135E+01   0.44465E-01   0.00000E+00   0.10000E+00    0.50249E-02 -122.14         test_P_all          
.8200E+00     2.000  0.132E+01   0.42098E-01   0.00000E+00   0.10000E+00    0.50249E-02 -132.78         test_P_all          
.8300E+00     2.000  0.129E+01   0.39838E-01   0.00000E+00   0.10000E+00    0.50249E-02 -143.35         test_P_all          
.8400E+00     2.000  0.126E+01   0.37681E-01   0.00000E+00   0.10000E+00    0.50249E-02 -153.81         test_P_all          
.8500E+00     2.000  0.123E+01   0.35624E-01   0.00000E+00   0.10000E+00    0.50249E-02 -164.13         test_P_all          
.8600E+00     2.000  0.121E+01   0.33665E-01   0.00000E+00   0.10000E+00    0.50249E-02 -174.27         test_P_all          
.8700E+00     2.000  0.118E+01   0.31798E-01   0.00000E+00   0.10000E+00    0.50249E-02 -184.22         test_P_all          
.8800E+00     2.000  0.115E+01   0.30021E-01   0.00000E+00   0.10000E+00    0.50249E-02 -193.95         test_P_all          
.8900E+00     2.000  0.113E+01   0.28328E-01   0.00000E+00   0.10000E+00    0.50249E-02 -203.44         test_P_all          
.9000E+00     2.000  0.110E+01   0.26719E-01   0.00000E+00   0.10000E+00    0.17692E-02 *******         test_P_all          
.9100E+00     2.000  0.108E+01   0.25190E-01   0.00000E+00   0.10000E+00    0.50249E-02 -221.64         test_P_all          
.9200E+00     2.000  0.106E+01   0.23737E-01   0.00000E+00   0.10000E+00    0.50249E-02 -230.34         test_P_all          
.9300E+00     2.000  0.103E+01   0.22357E-01   0.00000E+00   0.10000E+00    0.50249E-02 -238.75         test_P_all          
.9400E+00     2.000  0.101E+01   0.21046E-01   0.00000E+00   0.10000E+00    0.50249E-02 -246.88         test_P_all          
.9500E+00     2.000  0.987E+00   0.19802E-01   0.00000E+00   0.10000E+00    0.50249E-02 -254.72         test_P_all          
.9600E+00     2.000  0.965E+00   0.18623E-01   0.00000E+00   0.10000E+00    0.50249E-02 -262.26         test_P_all          
.9700E+00     2.000  0.944E+00   0.17506E-01   0.00000E+00   0.10000E+00    0.50249E-02 -269.52         test_P_all          
.9800E+00     2.000  0.923E+00   0.16447E-01   0.00000E+00   0.10000E+00    0.50249E-02 -276.48         test_P_all          
.9900E+00     2.000  0.902E+00   0.15443E-01   0.00000E+00   0.10000E+00    0.50249E-02 -283.16         test_P_all          
.1000E+01     2.000  0.882E+00   0.14493E-01   0.00000E+00   0.10000E+00    0.50249E-02 -289.56         test_P_all          
.1000E-01     5.000  0.496E+03   0.46125E+00   0.00000E+00   0.10000E+00    0.50249E-02 5168.39         test_P_all          
.2000E-01     5.000  0.246E+03   0.41572E+00   0.00000E+00   0.10000E+00    0.50249E-02 3947.63         test_P_all          
.3000E-01     5.000  0.163E+03   0.39670E+00   0.00000E+00   0.10000E+00    0.50249E-02 3486.47         test_P_all          
.4000E-01     5.000  0.121E+03   0.39027E+00   0.00000E+00   0.10000E+00    0.50249E-02 3336.88         test_P_all          
.5000E-01     5.000  0.959E+02   0.38553E+00   0.00000E+00   0.10000E+00    0.50249E-02 3228.92         test_P_all          
.6000E-01     5.000  0.792E+02   0.38342E+00   0.00000E+00   0.10000E+00    0.50249E-02 3181.19         test_P_all          
.7000E-01     5.000  0.673E+02   0.38132E+00   0.00000E+00   0.10000E+00    0.50249E-02 3134.40         test_P_all          
.8000E-01     5.000  0.584E+02   0.37948E+00   0.00000E+00   0.10000E+00    0.50249E-02 3093.42         test_P_all          
.9000E-01     5.000  0.514E+02   0.37759E+00   0.00000E+00   0.10000E+00    0.50249E-02 3051.67         test_P_all          
.1000E+00     5.000  0.459E+02   0.37558E+00   0.00000E+00   0.10000E+00    0.50249E-02 3007.74         test_P_all          
.1100E+00     5.000  0.413E+02   0.37354E+00   0.00000E+00   0.10000E+00    0.50249E-02 2963.43         test_P_all          
.1200E+00     5.000  0.375E+02   0.37145E+00   0.00000E+00   0.10000E+00    0.50249E-02 2918.18         test_P_all          
.1300E+00     5.000  0.343E+02   0.36923E+00   0.00000E+00   0.10000E+00    0.50249E-02 2870.74         test_P_all          
.1400E+00     5.000  0.316E+02   0.36691E+00   0.00000E+00   0.10000E+00    0.50249E-02 2821.45         test_P_all          
.1500E+00     5.000  0.292E+02   0.36445E+00   0.00000E+00   0.10000E+00    0.50249E-02 2769.61         test_P_all          
.1600E+00     5.000  0.271E+02   0.36181E+00   0.00000E+00   0.10000E+00    0.50249E-02 2714.59         test_P_all          
.1700E+00     5.000  0.253E+02   0.35898E+00   0.00000E+00   0.10000E+00    0.50249E-02 2656.28         test_P_all          
.1800E+00     5.000  0.237E+02   0.35594E+00   0.00000E+00   0.10000E+00    0.50249E-02 2594.34         test_P_all          
.1900E+00     5.000  0.222E+02   0.35265E+00   0.00000E+00   0.10000E+00    0.50249E-02 2528.01         test_P_all          
.2000E+00     5.000  0.209E+02   0.34912E+00   0.00000E+00   0.10000E+00    0.50249E-02 2457.79         test_P_all          
.2100E+00     5.000  0.197E+02   0.34529E+00   0.00000E+00   0.10000E+00    0.50249E-02 2382.94         test_P_all          
.2200E+00     5.000  0.186E+02   0.34119E+00   0.00000E+00   0.10000E+00    0.50249E-02 2303.92         test_P_all          
.2300E+00     5.000  0.176E+02   0.33682E+00   0.00000E+00   0.10000E+00    0.50249E-02 2221.17         test_P_all          
.2400E+00     5.000  0.167E+02   0.33214E+00   0.00000E+00   0.10000E+00    0.50249E-02 2134.29         test_P_all          
.2500E+00     5.000  0.159E+02   0.32719E+00   0.00000E+00   0.10000E+00    0.50249E-02 2044.13         test_P_all          
.2600E+00     5.000  0.151E+02   0.32195E+00   0.00000E+00   0.10000E+00    0.50249E-02 1950.88         test_P_all          
.2700E+00     5.000  0.144E+02   0.31643E+00   0.00000E+00   0.10000E+00    0.50249E-02 1855.08         test_P_all          
.2800E+00     5.000  0.137E+02   0.31065E+00   0.00000E+00   0.10000E+00    0.50249E-02 1757.42         test_P_all          
.2900E+00     5.000  0.131E+02   0.30463E+00   0.00000E+00   0.10000E+00    0.50249E-02 1658.30         test_P_all          
.3000E+00     5.000  0.125E+02   0.29837E+00   0.00000E+00   0.10000E+00    0.18868E-02 *******         test_P_all          
.3100E+00     5.000  0.120E+02   0.29191E+00   0.00000E+00   0.10000E+00    0.50249E-02 1458.58         test_P_all          
.3200E+00     5.000  0.115E+02   0.28525E+00   0.00000E+00   0.10000E+00    0.50249E-02 1359.13         test_P_all          
.3300E+00     5.000  0.110E+02   0.27842E+00   0.00000E+00   0.10000E+00    0.50249E-02 1260.77         test_P_all          
.3400E+00     5.000  0.106E+02   0.27144E+00   0.00000E+00   0.10000E+00    0.50249E-02 1164.05         test_P_all          
.3500E+00     5.000  0.102E+02   0.26433E+00   0.00000E+00   0.10000E+00    0.50249E-02 1069.47         test_P_all          
.3600E+00     5.000  0.977E+01   0.25711E+00   0.00000E+00   0.10000E+00    0.50249E-02  977.51         test_P_all          
.3700E+00     5.000  0.940E+01   0.24979E+00   0.00000E+00   0.10000E+00    0.50249E-02  888.63         test_P_all          
.3800E+00     5.000  0.904E+01   0.24241E+00   0.00000E+00   0.10000E+00    0.50249E-02  803.18         test_P_all          
.3900E+00     5.000  0.870E+01   0.23497E+00   0.00000E+00   0.10000E+00    0.50249E-02  721.48         test_P_all          
.4000E+00     5.000  0.838E+01   0.22750E+00   0.00000E+00   0.10000E+00    0.17692E-02 5193.97         test_P_all          
.4100E+00     5.000  0.808E+01   0.22002E+00   0.00000E+00   0.10000E+00    0.50249E-02  570.46         test_P_all          
.4200E+00     5.000  0.779E+01   0.21253E+00   0.00000E+00   0.10000E+00    0.50249E-02  501.54         test_P_all          
.4300E+00     5.000  0.751E+01   0.20507E+00   0.00000E+00   0.10000E+00    0.50249E-02  437.20         test_P_all          
.4400E+00     5.000  0.725E+01   0.19763E+00   0.00000E+00   0.10000E+00    0.50249E-02  377.52         test_P_all          
.4500E+00     5.000  0.699E+01   0.19025E+00   0.00000E+00   0.10000E+00    0.50249E-02  322.59         test_P_all          
.4600E+00     5.000  0.675E+01   0.18293E+00   0.00000E+00   0.10000E+00    0.50249E-02  272.37         test_P_all          
.4700E+00     5.000  0.652E+01   0.17568E+00   0.00000E+00   0.10000E+00    0.50249E-02  226.84         test_P_all          
.4800E+00     5.000  0.630E+01   0.16853E+00   0.00000E+00   0.10000E+00    0.50249E-02  185.97         test_P_all          
.4900E+00     5.000  0.609E+01   0.16147E+00   0.00000E+00   0.10000E+00    0.50249E-02  149.63         test_P_all          
.5000E+00     5.000  0.588E+01   0.15452E+00   0.00000E+00   0.10000E+00    0.17692E-02  949.64         test_P_all          
.5100E+00     5.000  0.569E+01   0.14770E+00   0.00000E+00   0.10000E+00    0.50249E-02   90.09         test_P_all          
.5200E+00     5.000  0.550E+01   0.14100E+00   0.00000E+00   0.10000E+00    0.50249E-02   66.57         test_P_all          
.5300E+00     5.000  0.532E+01   0.13444E+00   0.00000E+00   0.10000E+00    0.50249E-02   46.98         test_P_all          
.5400E+00     5.000  0.514E+01   0.12804E+00   0.00000E+00   0.10000E+00    0.50249E-02   31.13         test_P_all          
.5500E+00     5.000  0.497E+01   0.12178E+00   0.00000E+00   0.10000E+00    0.50249E-02   18.79         test_P_all          
.5600E+00     5.000  0.481E+01   0.11569E+00   0.00000E+00   0.10000E+00    0.50249E-02    9.74         test_P_all          
.5700E+00     5.000  0.465E+01   0.10976E+00   0.00000E+00   0.10000E+00    0.50249E-02    3.77         test_P_all          
.5800E+00     5.000  0.450E+01   0.10400E+00   0.00000E+00   0.10000E+00    0.50249E-02    0.63         test_P_all          
.5900E+00     5.000  0.436E+01   0.98412E-01   0.00000E+00   0.10000E+00    0.50249E-02   -0.10         test_P_all          
.6000E+00     5.000  0.422E+01   0.93006E-01   0.00000E+00   0.10000E+00    0.17692E-02  -15.63         test_P_all          
.6100E+00     5.000  0.408E+01   0.87776E-01   0.00000E+00   0.10000E+00    0.50249E-02   -5.92         test_P_all          
.6200E+00     5.000  0.395E+01   0.82731E-01   0.00000E+00   0.10000E+00    0.50249E-02  -11.81         test_P_all          
.6300E+00     5.000  0.382E+01   0.77868E-01   0.00000E+00   0.10000E+00    0.50249E-02  -19.40         test_P_all          
.6400E+00     5.000  0.369E+01   0.73186E-01   0.00000E+00   0.10000E+00    0.50249E-02  -28.47         test_P_all          
.6500E+00     5.000  0.357E+01   0.68690E-01   0.00000E+00   0.10000E+00    0.50249E-02  -38.82         test_P_all          
.6600E+00     5.000  0.346E+01   0.64376E-01   0.00000E+00   0.10000E+00    0.50249E-02  -50.26         test_P_all          
.6700E+00     5.000  0.334E+01   0.60242E-01   0.00000E+00   0.10000E+00    0.50249E-02  -62.60         test_P_all          
.6800E+00     5.000  0.323E+01   0.56289E-01   0.00000E+00   0.10000E+00    0.50249E-02  -75.67         test_P_all          
.6900E+00     5.000  0.313E+01   0.52515E-01   0.00000E+00   0.10000E+00    0.50249E-02  -89.30         test_P_all          
.7000E+00     5.000  0.302E+01   0.48914E-01   0.00000E+00   0.10000E+00    0.17692E-02 -833.80         test_P_all          
.7100E+00     5.000  0.292E+01   0.45487E-01   0.00000E+00   0.10000E+00    0.50249E-02 -117.69         test_P_all          
.7200E+00     5.000  0.283E+01   0.42230E-01   0.00000E+00   0.10000E+00    0.50249E-02 -132.18         test_P_all          
.7300E+00     5.000  0.273E+01   0.39137E-01   0.00000E+00   0.10000E+00    0.50249E-02 -146.70         test_P_all          
.7400E+00     5.000  0.264E+01   0.36207E-01   0.00000E+00   0.10000E+00    0.50249E-02 -161.17         test_P_all          
.7500E+00     5.000  0.255E+01   0.33436E-01   0.00000E+00   0.10000E+00    0.50249E-02 -175.47         test_P_all          
.7600E+00     5.000  0.246E+01   0.30819E-01   0.00000E+00   0.10000E+00    0.50249E-02 -189.55         test_P_all          
.7700E+00     5.000  0.238E+01   0.28350E-01   0.00000E+00   0.10000E+00    0.50249E-02 -203.32         test_P_all          
.7800E+00     5.000  0.229E+01   0.26028E-01   0.00000E+00   0.10000E+00    0.50249E-02 -216.71         test_P_all          
.7900E+00     5.000  0.221E+01   0.23845E-01   0.00000E+00   0.10000E+00    0.50249E-02 -229.68         test_P_all          
.8000E+00     5.000  0.213E+01   0.21798E-01   0.00000E+00   0.10000E+00    0.17692E-02 *******         test_P_all          
.8100E+00     5.000  0.205E+01   0.19882E-01   0.00000E+00   0.10000E+00    0.50249E-02 -254.21         test_P_all          
.8200E+00     5.000  0.198E+01   0.18092E-01   0.00000E+00   0.10000E+00    0.50249E-02 -265.70         test_P_all          
.8300E+00     5.000  0.191E+01   0.16421E-01   0.00000E+00   0.10000E+00    0.50249E-02 -276.65         test_P_all          
.8400E+00     5.000  0.183E+01   0.14867E-01   0.00000E+00   0.10000E+00    0.50249E-02 -287.03         test_P_all          
.8500E+00     5.000  0.176E+01   0.13425E-01   0.00000E+00   0.10000E+00    0.50249E-02 -296.84         test_P_all          
.8600E+00     5.000  0.170E+01   0.12087E-01   0.00000E+00   0.10000E+00    0.50249E-02 -306.08         test_P_all          
.8700E+00     5.000  0.163E+01   0.10851E-01   0.00000E+00   0.10000E+00    0.50249E-02 -314.76         test_P_all          
.8800E+00     5.000  0.156E+01   0.97105E-02   0.00000E+00   0.10000E+00    0.50249E-02 -322.86         test_P_all          
.8900E+00     5.000  0.150E+01   0.86613E-02   0.00000E+00   0.10000E+00    0.50249E-02 -330.41         test_P_all          
.9000E+00     5.000  0.144E+01   0.76982E-02   0.00000E+00   0.10000E+00    0.17692E-02 *******         test_P_all          
.9100E+00     5.000  0.138E+01   0.68167E-02   0.00000E+00   0.10000E+00    0.50249E-02 -343.89         test_P_all          
.9200E+00     5.000  0.132E+01   0.60128E-02   0.00000E+00   0.10000E+00    0.50249E-02 -349.85         test_P_all          
.9300E+00     5.000  0.126E+01   0.52813E-02   0.00000E+00   0.10000E+00    0.50249E-02 -355.31         test_P_all          
.9400E+00     5.000  0.120E+01   0.46178E-02   0.00000E+00   0.10000E+00    0.50249E-02 -360.31         test_P_all          
.9500E+00     5.000  0.114E+01   0.40185E-02   0.00000E+00   0.10000E+00    0.50249E-02 -364.85         test_P_all          
.9600E+00     5.000  0.109E+01   0.34788E-02   0.00000E+00   0.10000E+00    0.50249E-02 -368.96         test_P_all          
.9700E+00     5.000  0.104E+01   0.29949E-02   0.00000E+00   0.10000E+00    0.50249E-02 -372.67         test_P_all          
.9800E+00     5.000  0.984E+00   0.25628E-02   0.00000E+00   0.10000E+00    0.50249E-02 -376.00         test_P_all          
.9900E+00     5.000  0.932E+00   0.21786E-02   0.00000E+00   0.10000E+00    0.50249E-02 -378.97         test_P_all          
.1000E+01     5.000  0.882E+00   0.18389E-02   0.00000E+00   0.10000E+00    0.50249E-02 -381.61         test_P_all          
.1000E-01    10.000  0.991E+03   0.54205E+00   0.00000E+00   0.10000E+00    0.50249E-02 7739.02         test_P_all          
.2000E-01    10.000  0.491E+03   0.47313E+00   0.00000E+00   0.10000E+00    0.50249E-02 5513.86         test_P_all          
.3000E-01    10.000  0.324E+03   0.44067E+00   0.00000E+00   0.10000E+00    0.50249E-02 4596.19         test_P_all          
.4000E-01    10.000  0.241E+03   0.42601E+00   0.00000E+00   0.10000E+00    0.50249E-02 4209.13         test_P_all          
.5000E-01    10.000  0.191E+03   0.41408E+00   0.00000E+00   0.10000E+00    0.50249E-02 3906.87         test_P_all          
.6000E-01    10.000  0.158E+03   0.40664E+00   0.00000E+00   0.10000E+00    0.50249E-02 3723.88         test_P_all          
.7000E-01    10.000  0.134E+03   0.39986E+00   0.00000E+00   0.10000E+00    0.50249E-02 3561.14         test_P_all          
.8000E-01    10.000  0.116E+03   0.39421E+00   0.00000E+00   0.10000E+00    0.50249E-02 3428.14         test_P_all          
.9000E-01    10.000  0.102E+03   0.38898E+00   0.00000E+00   0.10000E+00    0.50249E-02 3307.29         test_P_all          
.1000E+00    10.000  0.909E+02   0.38417E+00   0.00000E+00   0.10000E+00    0.50249E-02 3198.06         test_P_all          
.1100E+00    10.000  0.818E+02   0.37955E+00   0.00000E+00   0.10000E+00    0.50249E-02 3094.89         test_P_all          
.1200E+00    10.000  0.742E+02   0.37524E+00   0.00000E+00   0.10000E+00    0.50249E-02 3000.18         test_P_all          
.1300E+00    10.000  0.678E+02   0.37104E+00   0.00000E+00   0.10000E+00    0.50249E-02 2909.50         test_P_all          
.1400E+00    10.000  0.623E+02   0.36689E+00   0.00000E+00   0.10000E+00    0.50249E-02 2820.98         test_P_all          
.1500E+00    10.000  0.575E+02   0.36276E+00   0.00000E+00   0.10000E+00    0.50249E-02 2734.46         test_P_all          
.1600E+00    10.000  0.534E+02   0.35855E+00   0.00000E+00   0.10000E+00    0.50249E-02 2647.54         test_P_all          
.1700E+00    10.000  0.497E+02   0.35427E+00   0.00000E+00   0.10000E+00    0.50249E-02 2560.44         test_P_all          
.1800E+00    10.000  0.464E+02   0.34986E+00   0.00000E+00   0.10000E+00    0.50249E-02 2472.43         test_P_all          
.1900E+00    10.000  0.435E+02   0.34527E+00   0.00000E+00   0.10000E+00    0.50249E-02 2382.43         test_P_all          
.2000E+00    10.000  0.409E+02   0.34052E+00   0.00000E+00   0.10000E+00    0.50249E-02 2291.02         test_P_all          
.2100E+00    10.000  0.385E+02   0.33554E+00   0.00000E+00   0.10000E+00    0.50249E-02 2197.19         test_P_all          
.2200E+00    10.000  0.363E+02   0.33035E+00   0.00000E+00   0.10000E+00    0.50249E-02 2101.47         test_P_all          
.2300E+00    10.000  0.344E+02   0.32495E+00   0.00000E+00   0.10000E+00    0.50249E-02 2004.03         test_P_all          
.2400E+00    10.000  0.325E+02   0.31930E+00   0.00000E+00   0.10000E+00    0.50249E-02 1904.73         test_P_all          
.2500E+00    10.000  0.309E+02   0.31345E+00   0.00000E+00   0.10000E+00    0.50249E-02 1804.32         test_P_all          
.2600E+00    10.000  0.293E+02   0.30736E+00   0.00000E+00   0.10000E+00    0.50249E-02 1702.88         test_P_all          
.2700E+00    10.000  0.279E+02   0.30106E+00   0.00000E+00   0.10000E+00    0.50249E-02 1600.99         test_P_all          
.2800E+00    10.000  0.266E+02   0.29458E+00   0.00000E+00   0.10000E+00    0.50249E-02 1499.40         test_P_all          
.2900E+00    10.000  0.254E+02   0.28790E+00   0.00000E+00   0.10000E+00    0.50249E-02 1398.29         test_P_all          
.3000E+00    10.000  0.242E+02   0.28106E+00   0.00000E+00   0.10000E+00    0.18868E-02 9208.29         test_P_all          
.3100E+00    10.000  0.231E+02   0.27406E+00   0.00000E+00   0.10000E+00    0.50249E-02 1199.86         test_P_all          
.3200E+00    10.000  0.221E+02   0.26692E+00   0.00000E+00   0.10000E+00    0.50249E-02 1103.51         test_P_all          
.3300E+00    10.000  0.212E+02   0.25967E+00   0.00000E+00   0.10000E+00    0.50249E-02 1009.69         test_P_all          
.3400E+00    10.000  0.203E+02   0.25232E+00   0.00000E+00   0.10000E+00    0.50249E-02  918.85         test_P_all          
.3500E+00    10.000  0.195E+02   0.24489E+00   0.00000E+00   0.10000E+00    0.50249E-02  831.35         test_P_all          
.3600E+00    10.000  0.187E+02   0.23739E+00   0.00000E+00   0.10000E+00    0.50249E-02  747.55         test_P_all          
.3700E+00    10.000  0.179E+02   0.22985E+00   0.00000E+00   0.10000E+00    0.50249E-02  667.75         test_P_all          
.3800E+00    10.000  0.172E+02   0.22228E+00   0.00000E+00   0.10000E+00    0.50249E-02  592.15         test_P_all          
.3900E+00    10.000  0.165E+02   0.21470E+00   0.00000E+00   0.10000E+00    0.50249E-02  521.04         test_P_all          
.4000E+00    10.000  0.159E+02   0.20713E+00   0.00000E+00   0.10000E+00    0.17692E-02 3666.59         test_P_all          
.4100E+00    10.000  0.153E+02   0.19958E+00   0.00000E+00   0.10000E+00    0.50249E-02  392.68         test_P_all          
.4200E+00    10.000  0.147E+02   0.19206E+00   0.00000E+00   0.10000E+00    0.50249E-02  335.65         test_P_all          
.4300E+00    10.000  0.141E+02   0.18459E+00   0.00000E+00   0.10000E+00    0.50249E-02  283.41         test_P_all          
.4400E+00    10.000  0.136E+02   0.17719E+00   0.00000E+00   0.10000E+00    0.50249E-02  235.99         test_P_all          
.4500E+00    10.000  0.131E+02   0.16987E+00   0.00000E+00   0.10000E+00    0.50249E-02  193.34         test_P_all          
.4600E+00    10.000  0.126E+02   0.16263E+00   0.00000E+00   0.10000E+00    0.50249E-02  155.36         test_P_all          
.4700E+00    10.000  0.122E+02   0.15550E+00   0.00000E+00   0.10000E+00    0.50249E-02  121.99         test_P_all          
.4800E+00    10.000  0.117E+02   0.14848E+00   0.00000E+00   0.10000E+00    0.50249E-02   93.07         test_P_all          
.4900E+00    10.000  0.113E+02   0.14158E+00   0.00000E+00   0.10000E+00    0.50249E-02   68.46         test_P_all          
.5000E+00    10.000  0.109E+02   0.13481E+00   0.00000E+00   0.10000E+00    0.17692E-02  387.17         test_P_all          
.5100E+00    10.000  0.105E+02   0.12818E+00   0.00000E+00   0.10000E+00    0.50249E-02   31.46         test_P_all          
.5200E+00    10.000  0.101E+02   0.12171E+00   0.00000E+00   0.10000E+00    0.50249E-02   18.66         test_P_all          
.5300E+00    10.000  0.975E+01   0.11539E+00   0.00000E+00   0.10000E+00    0.50249E-02    9.37         test_P_all          
.5400E+00    10.000  0.940E+01   0.10923E+00   0.00000E+00   0.10000E+00    0.50249E-02    3.37         test_P_all          
.5500E+00    10.000  0.906E+01   0.10324E+00   0.00000E+00   0.10000E+00    0.50249E-02    0.42         test_P_all          
.5600E+00    10.000  0.874E+01   0.97423E-01   0.00000E+00   0.10000E+00    0.50249E-02   -0.26         test_P_all          
.5700E+00    10.000  0.843E+01   0.91787E-01   0.00000E+00   0.10000E+00    0.50249E-02   -2.67         test_P_all          
.5800E+00    10.000  0.812E+01   0.86335E-01   0.00000E+00   0.10000E+00    0.50249E-02   -7.39         test_P_all          
.5900E+00    10.000  0.783E+01   0.81068E-01   0.00000E+00   0.10000E+00    0.50249E-02  -14.20         test_P_all          
.6000E+00    10.000  0.755E+01   0.75990E-01   0.00000E+00   0.10000E+00    0.17692E-02 -184.18         test_P_all          
.6100E+00    10.000  0.728E+01   0.71103E-01   0.00000E+00   0.10000E+00    0.50249E-02  -33.07         test_P_all          
.6200E+00    10.000  0.701E+01   0.66405E-01   0.00000E+00   0.10000E+00    0.50249E-02  -44.70         test_P_all          
.6300E+00    10.000  0.675E+01   0.61902E-01   0.00000E+00   0.10000E+00    0.50249E-02  -57.48         test_P_all          
.6400E+00    10.000  0.651E+01   0.57590E-01   0.00000E+00   0.10000E+00    0.50249E-02  -71.23         test_P_all          
.6500E+00    10.000  0.627E+01   0.53469E-01   0.00000E+00   0.10000E+00    0.50249E-02  -85.75         test_P_all          
.6600E+00    10.000  0.603E+01   0.49540E-01   0.00000E+00   0.10000E+00    0.50249E-02 -100.84         test_P_all          
.6700E+00    10.000  0.581E+01   0.45799E-01   0.00000E+00   0.10000E+00    0.50249E-02 -116.35         test_P_all          
.6800E+00    10.000  0.559E+01   0.42244E-01   0.00000E+00   0.10000E+00    0.50249E-02 -132.11         test_P_all          
.6900E+00    10.000  0.537E+01   0.38875E-01   0.00000E+00   0.10000E+00    0.50249E-02 -147.97         test_P_all          
.7000E+00    10.000  0.517E+01   0.35686E-01   0.00000E+00   0.10000E+00    0.17692E-02 *******         test_P_all          
.7100E+00    10.000  0.497E+01   0.32676E-01   0.00000E+00   0.10000E+00    0.50249E-02 -179.51         test_P_all          
.7200E+00    10.000  0.477E+01   0.29840E-01   0.00000E+00   0.10000E+00    0.50249E-02 -194.95         test_P_all          
.7300E+00    10.000  0.458E+01   0.27173E-01   0.00000E+00   0.10000E+00    0.50249E-02 -210.05         test_P_all          
.7400E+00    10.000  0.440E+01   0.24673E-01   0.00000E+00   0.10000E+00    0.50249E-02 -224.72         test_P_all          
.7500E+00    10.000  0.422E+01   0.22335E-01   0.00000E+00   0.10000E+00    0.50249E-02 -238.89         test_P_all          
.7600E+00    10.000  0.404E+01   0.20151E-01   0.00000E+00   0.10000E+00    0.50249E-02 -252.51         test_P_all          
.7700E+00    10.000  0.387E+01   0.18121E-01   0.00000E+00   0.10000E+00    0.50249E-02 -265.51         test_P_all          
.7800E+00    10.000  0.370E+01   0.16236E-01   0.00000E+00   0.10000E+00    0.50249E-02 -277.88         test_P_all          
.7900E+00    10.000  0.354E+01   0.14491E-01   0.00000E+00   0.10000E+00    0.50249E-02 -289.58         test_P_all          
.8000E+00    10.000  0.338E+01   0.12882E-01   0.00000E+00   0.10000E+00    0.17692E-02 *******         test_P_all          
.8100E+00    10.000  0.323E+01   0.11402E-01   0.00000E+00   0.10000E+00    0.50249E-02 -310.87         test_P_all          
.8200E+00    10.000  0.308E+01   0.10046E-01   0.00000E+00   0.10000E+00    0.50249E-02 -320.47         test_P_all          
.8300E+00    10.000  0.293E+01   0.88077E-02   0.00000E+00   0.10000E+00    0.50249E-02 -329.35         test_P_all          
.8400E+00    10.000  0.279E+01   0.76814E-02   0.00000E+00   0.10000E+00    0.50249E-02 -337.53         test_P_all          
.8500E+00    10.000  0.265E+01   0.66607E-02   0.00000E+00   0.10000E+00    0.50249E-02 -345.04         test_P_all          
.8600E+00    10.000  0.251E+01   0.57408E-02   0.00000E+00   0.10000E+00    0.50249E-02 -351.87         test_P_all          
.8700E+00    10.000  0.238E+01   0.49150E-02   0.00000E+00   0.10000E+00    0.50249E-02 -358.07         test_P_all          
.8800E+00    10.000  0.225E+01   0.41777E-02   0.00000E+00   0.10000E+00    0.50249E-02 -363.64         test_P_all          
.8900E+00    10.000  0.212E+01   0.35229E-02   0.00000E+00   0.10000E+00    0.50249E-02 -368.63         test_P_all          
.9000E+00    10.000  0.199E+01   0.29452E-02   0.00000E+00   0.10000E+00    0.17692E-02 *******         test_P_all          
.9100E+00    10.000  0.187E+01   0.24389E-02   0.00000E+00   0.10000E+00    0.50249E-02 -376.96         test_P_all          
.9200E+00    10.000  0.175E+01   0.19980E-02   0.00000E+00   0.10000E+00    0.50249E-02 -380.37         test_P_all          
.9300E+00    10.000  0.163E+01   0.16177E-02   0.00000E+00   0.10000E+00    0.50249E-02 -383.33         test_P_all          
.9400E+00    10.000  0.152E+01   0.12930E-02   0.00000E+00   0.10000E+00    0.50249E-02 -385.86         test_P_all          
.9500E+00    10.000  0.141E+01   0.10173E-02   0.00000E+00   0.10000E+00    0.50249E-02 -388.02         test_P_all          
.9600E+00    10.000  0.130E+01   0.78703E-03   0.00000E+00   0.10000E+00    0.50249E-02 -389.83         test_P_all          
.9700E+00    10.000  0.119E+01   0.59766E-03   0.00000E+00   0.10000E+00    0.50249E-02 -391.32         test_P_all          
.9800E+00    10.000  0.109E+01   0.44252E-03   0.00000E+00   0.10000E+00    0.50249E-02 -392.54         test_P_all          
.9900E+00    10.000  0.983E+00   0.31906E-03   0.00000E+00   0.10000E+00    0.50249E-02 -393.52         test_P_all          
.1000E+01    10.000  0.882E+00   0.22353E-03   0.00000E+00   0.10000E+00    0.50249E-02 -394.27         test_P_all          
.1000E-01    20.000  0.198E+04   0.62181E+00   0.00000E+00   0.10000E+00    0.50249E-02 *******         test_P_all          
.2000E-01    20.000  0.981E+03   0.52717E+00   0.00000E+00   0.10000E+00    0.50249E-02 7226.63         test_P_all          
.3000E-01    20.000  0.648E+03   0.48048E+00   0.00000E+00   0.10000E+00    0.50249E-02 5733.18         test_P_all          
.4000E-01    20.000  0.481E+03   0.45756E+00   0.00000E+00   0.10000E+00    0.50249E-02 5063.40         test_P_all          
.5000E-01    20.000  0.381E+03   0.43852E+00   0.00000E+00   0.10000E+00    0.50249E-02 4538.57         test_P_all          
.6000E-01    20.000  0.314E+03   0.42596E+00   0.00000E+00   0.10000E+00    0.50249E-02 4207.94         test_P_all          
.7000E-01    20.000  0.267E+03   0.41468E+00   0.00000E+00   0.10000E+00    0.50249E-02 3921.76         test_P_all          
.8000E-01    20.000  0.231E+03   0.40561E+00   0.00000E+00   0.10000E+00    0.50249E-02 3699.01         test_P_all          
.9000E-01    20.000  0.203E+03   0.39742E+00   0.00000E+00   0.10000E+00    0.50249E-02 3503.43         test_P_all          
.1000E+00    20.000  0.181E+03   0.39016E+00   0.00000E+00   0.10000E+00    0.50249E-02 3334.46         test_P_all          
.1100E+00    20.000  0.163E+03   0.38341E+00   0.00000E+00   0.10000E+00    0.50249E-02 3181.01         test_P_all          
.1200E+00    20.000  0.148E+03   0.37714E+00   0.00000E+00   0.10000E+00    0.50249E-02 3041.81         test_P_all          
.1300E+00    20.000  0.135E+03   0.37121E+00   0.00000E+00   0.10000E+00    0.50249E-02 2913.06         test_P_all          
.1400E+00    20.000  0.124E+03   0.36546E+00   0.00000E+00   0.10000E+00    0.50249E-02 2790.92         test_P_all          
.1500E+00    20.000  0.114E+03   0.35990E+00   0.00000E+00   0.10000E+00    0.50249E-02 2675.26         test_P_all          
.1600E+00    20.000  0.106E+03   0.35435E+00   0.00000E+00   0.10000E+00    0.50249E-02 2562.13         test_P_all          
.1700E+00    20.000  0.985E+02   0.34882E+00   0.00000E+00   0.10000E+00    0.50249E-02 2451.90         test_P_all          
.1800E+00    20.000  0.920E+02   0.34325E+00   0.00000E+00   0.10000E+00    0.50249E-02 2343.36         test_P_all          
.1900E+00    20.000  0.861E+02   0.33757E+00   0.00000E+00   0.10000E+00    0.50249E-02 2235.17         test_P_all          
.2000E+00    20.000  0.809E+02   0.33179E+00   0.00000E+00   0.10000E+00    0.50249E-02 2127.88         test_P_all          
.2100E+00    20.000  0.761E+02   0.32585E+00   0.00000E+00   0.10000E+00    0.50249E-02 2020.19         test_P_all          
.2200E+00    20.000  0.718E+02   0.31977E+00   0.00000E+00   0.10000E+00    0.50249E-02 1912.74         test_P_all          
.2300E+00    20.000  0.678E+02   0.31352E+00   0.00000E+00   0.10000E+00    0.50249E-02 1805.54         test_P_all          
.2400E+00    20.000  0.642E+02   0.30709E+00   0.00000E+00   0.10000E+00    0.50249E-02 1698.46         test_P_all          
.2500E+00    20.000  0.609E+02   0.30050E+00   0.00000E+00   0.10000E+00    0.50249E-02 1592.14         test_P_all          
.2600E+00    20.000  0.578E+02   0.29375E+00   0.00000E+00   0.10000E+00    0.50249E-02 1486.63         test_P_all          
.2700E+00    20.000  0.550E+02   0.28684E+00   0.00000E+00   0.10000E+00    0.50249E-02 1382.47         test_P_all          
.2800E+00    20.000  0.523E+02   0.27978E+00   0.00000E+00   0.10000E+00    0.50249E-02 1280.07         test_P_all          
.2900E+00    20.000  0.498E+02   0.27260E+00   0.00000E+00   0.10000E+00    0.50249E-02 1179.77         test_P_all          
.3000E+00    20.000  0.475E+02   0.26529E+00   0.00000E+00   0.10000E+00    0.18868E-02 7674.19         test_P_all          
.3100E+00    20.000  0.454E+02   0.25789E+00   0.00000E+00   0.10000E+00    0.50249E-02  987.33         test_P_all          
.3200E+00    20.000  0.434E+02   0.25041E+00   0.00000E+00   0.10000E+00    0.50249E-02  896.00         test_P_all          
.3300E+00    20.000  0.415E+02   0.24286E+00   0.00000E+00   0.10000E+00    0.50249E-02  808.32         test_P_all          
.3400E+00    20.000  0.397E+02   0.23527E+00   0.00000E+00   0.10000E+00    0.50249E-02  724.64         test_P_all          
.3500E+00    20.000  0.380E+02   0.22763E+00   0.00000E+00   0.10000E+00    0.50249E-02  645.16         test_P_all          
.3600E+00    20.000  0.364E+02   0.21998E+00   0.00000E+00   0.10000E+00    0.50249E-02  570.15         test_P_all          
.3700E+00    20.000  0.349E+02   0.21233E+00   0.00000E+00   0.10000E+00    0.50249E-02  499.75         test_P_all          
.3800E+00    20.000  0.335E+02   0.20469E+00   0.00000E+00   0.10000E+00    0.50249E-02  434.10         test_P_all          
.3900E+00    20.000  0.322E+02   0.19709E+00   0.00000E+00   0.10000E+00    0.50249E-02  373.31         test_P_all          
.4000E+00    20.000  0.309E+02   0.18952E+00   0.00000E+00   0.10000E+00    0.17692E-02 2560.45         test_P_all          
.4100E+00    20.000  0.297E+02   0.18201E+00   0.00000E+00   0.10000E+00    0.50249E-02  266.39         test_P_all          
.4200E+00    20.000  0.285E+02   0.17458E+00   0.00000E+00   0.10000E+00    0.50249E-02  220.27         test_P_all          
.4300E+00    20.000  0.274E+02   0.16722E+00   0.00000E+00   0.10000E+00    0.50249E-02  178.95         test_P_all          
.4400E+00    20.000  0.263E+02   0.15996E+00   0.00000E+00   0.10000E+00    0.50249E-02  142.38         test_P_all          
.4500E+00    20.000  0.253E+02   0.15280E+00   0.00000E+00   0.10000E+00    0.50249E-02  110.42         test_P_all          
.4600E+00    20.000  0.244E+02   0.14576E+00   0.00000E+00   0.10000E+00    0.50249E-02   82.94         test_P_all          
.4700E+00    20.000  0.234E+02   0.13885E+00   0.00000E+00   0.10000E+00    0.50249E-02   59.77         test_P_all          
.4800E+00    20.000  0.225E+02   0.13207E+00   0.00000E+00   0.10000E+00    0.50249E-02   40.73         test_P_all          
.4900E+00    20.000  0.217E+02   0.12543E+00   0.00000E+00   0.10000E+00    0.50249E-02   25.62         test_P_all          
.5000E+00    20.000  0.209E+02   0.11895E+00   0.00000E+00   0.10000E+00    0.17692E-02  114.73         test_P_all          
.5100E+00    20.000  0.201E+02   0.11262E+00   0.00000E+00   0.10000E+00    0.50249E-02    6.31         test_P_all          
.5200E+00    20.000  0.193E+02   0.10646E+00   0.00000E+00   0.10000E+00    0.50249E-02    1.65         test_P_all          
.5300E+00    20.000  0.186E+02   0.10047E+00   0.00000E+00   0.10000E+00    0.50249E-02    0.01         test_P_all          
.5400E+00    20.000  0.179E+02   0.94661E-01   0.00000E+00   0.10000E+00    0.50249E-02   -1.13         test_P_all          
.5500E+00    20.000  0.172E+02   0.89029E-01   0.00000E+00   0.10000E+00    0.50249E-02   -4.77         test_P_all          
.5600E+00    20.000  0.166E+02   0.83580E-01   0.00000E+00   0.10000E+00    0.50249E-02  -10.68         test_P_all          
.5700E+00    20.000  0.160E+02   0.78322E-01   0.00000E+00   0.10000E+00    0.50249E-02  -18.61         test_P_all          
.5800E+00    20.000  0.154E+02   0.73253E-01   0.00000E+00   0.10000E+00    0.50249E-02  -28.33         test_P_all          
.5900E+00    20.000  0.148E+02   0.68377E-01   0.00000E+00   0.10000E+00    0.50249E-02  -39.60         test_P_all          
.6000E+00    20.000  0.142E+02   0.63696E-01   0.00000E+00   0.10000E+00    0.17692E-02 -421.08         test_P_all          
.6100E+00    20.000  0.137E+02   0.59208E-01   0.00000E+00   0.10000E+00    0.50249E-02  -65.90         test_P_all          
.6200E+00    20.000  0.131E+02   0.54917E-01   0.00000E+00   0.10000E+00    0.50249E-02  -80.49         test_P_all          
.6300E+00    20.000  0.126E+02   0.50820E-01   0.00000E+00   0.10000E+00    0.50249E-02  -95.79         test_P_all          
.6400E+00    20.000  0.121E+02   0.46916E-01   0.00000E+00   0.10000E+00    0.50249E-02 -111.60         test_P_all          
.6500E+00    20.000  0.117E+02   0.43206E-01   0.00000E+00   0.10000E+00    0.50249E-02 -127.74         test_P_all          
.6600E+00    20.000  0.112E+02   0.39685E-01   0.00000E+00   0.10000E+00    0.50249E-02 -144.07         test_P_all          
.6700E+00    20.000  0.107E+02   0.36354E-01   0.00000E+00   0.10000E+00    0.50249E-02 -160.43         test_P_all          
.6800E+00    20.000  0.103E+02   0.33207E-01   0.00000E+00   0.10000E+00    0.50249E-02 -176.68         test_P_all          
.6900E+00    20.000  0.987E+01   0.30242E-01   0.00000E+00   0.10000E+00    0.50249E-02 -192.72         test_P_all          
.7000E+00    20.000  0.945E+01   0.27457E-01   0.00000E+00   0.10000E+00    0.17692E-02 *******         test_P_all          
.7100E+00    20.000  0.905E+01   0.24846E-01   0.00000E+00   0.10000E+00    0.50249E-02 -223.69         test_P_all          
.7200E+00    20.000  0.866E+01   0.22404E-01   0.00000E+00   0.10000E+00    0.50249E-02 -238.46         test_P_all          
.7300E+00    20.000  0.828E+01   0.20129E-01   0.00000E+00   0.10000E+00    0.50249E-02 -252.65         test_P_all          
.7400E+00    20.000  0.791E+01   0.18014E-01   0.00000E+00   0.10000E+00    0.50249E-02 -266.20         test_P_all          
.7500E+00    20.000  0.755E+01   0.16055E-01   0.00000E+00   0.10000E+00    0.50249E-02 -279.08         test_P_all          
.7600E+00    20.000  0.720E+01   0.14246E-01   0.00000E+00   0.10000E+00    0.50249E-02 -291.24         test_P_all          
.7700E+00    20.000  0.686E+01   0.12581E-01   0.00000E+00   0.10000E+00    0.50249E-02 -302.66         test_P_all          
.7800E+00    20.000  0.652E+01   0.11055E-01   0.00000E+00   0.10000E+00    0.50249E-02 -313.32         test_P_all          
.7900E+00    20.000  0.620E+01   0.96614E-02   0.00000E+00   0.10000E+00    0.50249E-02 -323.21         test_P_all          
.8000E+00    20.000  0.588E+01   0.83943E-02   0.00000E+00   0.10000E+00    0.17692E-02 *******         test_P_all          
.8100E+00    20.000  0.557E+01   0.72478E-02   0.00000E+00   0.10000E+00    0.50249E-02 -340.71         test_P_all          
.8200E+00    20.000  0.527E+01   0.62152E-02   0.00000E+00   0.10000E+00    0.50249E-02 -348.34         test_P_all          
.8300E+00    20.000  0.498E+01   0.52900E-02   0.00000E+00   0.10000E+00    0.50249E-02 -355.25         test_P_all          
.8400E+00    20.000  0.469E+01   0.44662E-02   0.00000E+00   0.10000E+00    0.50249E-02 -361.45         test_P_all          
.8500E+00    20.000  0.441E+01   0.37374E-02   0.00000E+00   0.10000E+00    0.50249E-02 -366.99         test_P_all          
.8600E+00    20.000  0.414E+01   0.30965E-02   0.00000E+00   0.10000E+00    0.50249E-02 -371.89         test_P_all          
.8700E+00    20.000  0.387E+01   0.25378E-02   0.00000E+00   0.10000E+00    0.50249E-02 -376.19         test_P_all          
.8800E+00    20.000  0.361E+01   0.20549E-02   0.00000E+00   0.10000E+00    0.50249E-02 -379.93         test_P_all          
.8900E+00    20.000  0.335E+01   0.16408E-02   0.00000E+00   0.10000E+00    0.50249E-02 -383.15         test_P_all          
.9000E+00    20.000  0.310E+01   0.12903E-02   0.00000E+00   0.10000E+00    0.17692E-02 *******         test_P_all          
.9100E+00    20.000  0.286E+01   0.99695E-03   0.00000E+00   0.10000E+00    0.50249E-02 -388.18         test_P_all          
.9200E+00    20.000  0.262E+01   0.75423E-03   0.00000E+00   0.10000E+00    0.50249E-02 -390.09         test_P_all          
.9300E+00    20.000  0.239E+01   0.55775E-03   0.00000E+00   0.10000E+00    0.50249E-02 -391.63         test_P_all          
.9400E+00    20.000  0.216E+01   0.40077E-03   0.00000E+00   0.10000E+00    0.50249E-02 -392.87         test_P_all          
.9500E+00    20.000  0.193E+01   0.27804E-03   0.00000E+00   0.10000E+00    0.50249E-02 -393.84         test_P_all          
.9600E+00    20.000  0.172E+01   0.18596E-03   0.00000E+00   0.10000E+00    0.50249E-02 -394.57         test_P_all          
.9700E+00    20.000  0.150E+01   0.11722E-03   0.00000E+00   0.10000E+00    0.50249E-02 -395.11         test_P_all          
.9800E+00    20.000  0.129E+01   0.68957E-04   0.00000E+00   0.10000E+00    0.50249E-02 -395.49         test_P_all          
.9900E+00    20.000  0.108E+01   0.38147E-04   0.00000E+00   0.10000E+00    0.50249E-02 -395.74         test_P_all          
.1000E+01    20.000  0.882E+00   0.17412E-04   0.00000E+00   0.10000E+00    0.50249E-02 -395.90         test_P_all          
.1000E+00    50.000  0.451E+03   0.39499E+00   0.00000E+00   0.10000E+00    0.50249E-02 3446.30         test_P_all          
.1100E+00    50.000  0.405E+03   0.38573E+00   0.00000E+00   0.10000E+00    0.50249E-02 3233.28         test_P_all          
.1200E+00    50.000  0.368E+03   0.37730E+00   0.00000E+00   0.10000E+00    0.50249E-02 3045.31         test_P_all          
.1300E+00    50.000  0.335E+03   0.36946E+00   0.00000E+00   0.10000E+00    0.50249E-02 2875.67         test_P_all          
.1400E+00    50.000  0.308E+03   0.36198E+00   0.00000E+00   0.10000E+00    0.50249E-02 2718.22         test_P_all          
.1500E+00    50.000  0.284E+03   0.35487E+00   0.00000E+00   0.10000E+00    0.50249E-02 2572.60         test_P_all          
.1600E+00    50.000  0.263E+03   0.34787E+00   0.00000E+00   0.10000E+00    0.50249E-02 2433.17         test_P_all          
.1700E+00    50.000  0.245E+03   0.34101E+00   0.00000E+00   0.10000E+00    0.50249E-02 2300.36         test_P_all          
.1800E+00    50.000  0.229E+03   0.33421E+00   0.00000E+00   0.10000E+00    0.50249E-02 2172.36         test_P_all          
.1900E+00    50.000  0.214E+03   0.32738E+00   0.00000E+00   0.10000E+00    0.50249E-02 2047.53         test_P_all          
.2000E+00    50.000  0.201E+03   0.32054E+00   0.00000E+00   0.10000E+00    0.50249E-02 1926.25         test_P_all          
.2100E+00    50.000  0.189E+03   0.31360E+00   0.00000E+00   0.10000E+00    0.50249E-02 1807.00         test_P_all          
.2200E+00    50.000  0.178E+03   0.30660E+00   0.00000E+00   0.10000E+00    0.50249E-02 1690.37         test_P_all          
.2300E+00    50.000  0.168E+03   0.29950E+00   0.00000E+00   0.10000E+00    0.50249E-02 1576.20         test_P_all          
.2400E+00    50.000  0.159E+03   0.29229E+00   0.00000E+00   0.10000E+00    0.50249E-02 1464.32         test_P_all          
.2500E+00    50.000  0.151E+03   0.28499E+00   0.00000E+00   0.10000E+00    0.50249E-02 1355.24         test_P_all          
.2600E+00    50.000  0.143E+03   0.27758E+00   0.00000E+00   0.10000E+00    0.50249E-02 1248.88         test_P_all          
.2700E+00    50.000  0.136E+03   0.27009E+00   0.00000E+00   0.10000E+00    0.50249E-02 1145.70         test_P_all          
.2800E+00    50.000  0.129E+03   0.26251E+00   0.00000E+00   0.10000E+00    0.50249E-02 1045.97         test_P_all          
.2900E+00    50.000  0.123E+03   0.25487E+00   0.00000E+00   0.10000E+00    0.50249E-02  949.92         test_P_all          
.3000E+00    50.000  0.118E+03   0.24718E+00   0.00000E+00   0.10000E+00    0.18868E-02 6084.60         test_P_all          
.3100E+00    50.000  0.112E+03   0.23944E+00   0.00000E+00   0.10000E+00    0.50249E-02  770.07         test_P_all          
.3200E+00    50.000  0.107E+03   0.23168E+00   0.00000E+00   0.10000E+00    0.50249E-02  686.74         test_P_all          
.3300E+00    50.000  0.102E+03   0.22391E+00   0.00000E+00   0.10000E+00    0.50249E-02  608.08         test_P_all          
.3400E+00    50.000  0.979E+02   0.21615E+00   0.00000E+00   0.10000E+00    0.50249E-02  534.25         test_P_all          
.3500E+00    50.000  0.937E+02   0.20840E+00   0.00000E+00   0.10000E+00    0.50249E-02  465.35         test_P_all          
.3600E+00    50.000  0.898E+02   0.20069E+00   0.00000E+00   0.10000E+00    0.50249E-02  401.49         test_P_all          
.3700E+00    50.000  0.860E+02   0.19302E+00   0.00000E+00   0.10000E+00    0.50249E-02  342.68         test_P_all          
.3800E+00    50.000  0.825E+02   0.18541E+00   0.00000E+00   0.10000E+00    0.50249E-02  288.92         test_P_all          
.3900E+00    50.000  0.791E+02   0.17788E+00   0.00000E+00   0.10000E+00    0.50249E-02  240.24         test_P_all          
.4000E+00    50.000  0.759E+02   0.17044E+00   0.00000E+00   0.10000E+00    0.17692E-02 1585.21         test_P_all          
.4100E+00    50.000  0.728E+02   0.16309E+00   0.00000E+00   0.10000E+00    0.50249E-02  157.65         test_P_all          
.4200E+00    50.000  0.699E+02   0.15585E+00   0.00000E+00   0.10000E+00    0.50249E-02  123.55         test_P_all          
.4300E+00    50.000  0.672E+02   0.14873E+00   0.00000E+00   0.10000E+00    0.50249E-02   94.04         test_P_all          
.4400E+00    50.000  0.645E+02   0.14173E+00   0.00000E+00   0.10000E+00    0.50249E-02   68.98         test_P_all          
.4500E+00    50.000  0.620E+02   0.13487E+00   0.00000E+00   0.10000E+00    0.50249E-02   48.16         test_P_all          
.4600E+00    50.000  0.596E+02   0.12816E+00   0.00000E+00   0.10000E+00    0.50249E-02   31.40         test_P_all          
.4700E+00    50.000  0.573E+02   0.12159E+00   0.00000E+00   0.10000E+00    0.50249E-02   18.47         test_P_all          
.4800E+00    50.000  0.550E+02   0.11519E+00   0.00000E+00   0.10000E+00    0.50249E-02    9.13         test_P_all          
.4900E+00    50.000  0.529E+02   0.10895E+00   0.00000E+00   0.10000E+00    0.50249E-02    3.17         test_P_all          
.5000E+00    50.000  0.509E+02   0.10287E+00   0.00000E+00   0.10000E+00    0.17692E-02    2.64         test_P_all          
.5100E+00    50.000  0.489E+02   0.96980E-01   0.00000E+00   0.10000E+00    0.50249E-02   -0.36         test_P_all          
.5200E+00    50.000  0.470E+02   0.91266E-01   0.00000E+00   0.10000E+00    0.50249E-02   -3.02         test_P_all          
.5300E+00    50.000  0.452E+02   0.85735E-01   0.00000E+00   0.10000E+00    0.50249E-02   -8.06         test_P_all          
.5400E+00    50.000  0.435E+02   0.80392E-01   0.00000E+00   0.10000E+00    0.50249E-02  -15.23         test_P_all          
.5500E+00    50.000  0.418E+02   0.75239E-01   0.00000E+00   0.10000E+00    0.50249E-02  -24.28         test_P_all          
.5600E+00    50.000  0.402E+02   0.70278E-01   0.00000E+00   0.10000E+00    0.50249E-02  -34.99         test_P_all          
.5700E+00    50.000  0.386E+02   0.65511E-01   0.00000E+00   0.10000E+00    0.50249E-02  -47.11         test_P_all          
.5800E+00    50.000  0.371E+02   0.60938E-01   0.00000E+00   0.10000E+00    0.50249E-02  -60.43         test_P_all          
.5900E+00    50.000  0.356E+02   0.56562E-01   0.00000E+00   0.10000E+00    0.50249E-02  -74.73         test_P_all          
.6000E+00    50.000  0.342E+02   0.52379E-01   0.00000E+00   0.10000E+00    0.17692E-02 -724.53         test_P_all          
.6100E+00    50.000  0.328E+02   0.48390E-01   0.00000E+00   0.10000E+00    0.50249E-02 -105.49         test_P_all          
.6200E+00    50.000  0.315E+02   0.44595E-01   0.00000E+00   0.10000E+00    0.50249E-02 -121.57         test_P_all          
.6300E+00    50.000  0.302E+02   0.40991E-01   0.00000E+00   0.10000E+00    0.50249E-02 -137.91         test_P_all          
.6400E+00    50.000  0.290E+02   0.37577E-01   0.00000E+00   0.10000E+00    0.50249E-02 -154.32         test_P_all          
.6500E+00    50.000  0.278E+02   0.34348E-01   0.00000E+00   0.10000E+00    0.50249E-02 -170.70         test_P_all          
.6600E+00    50.000  0.266E+02   0.31304E-01   0.00000E+00   0.10000E+00    0.50249E-02 -186.90         test_P_all          
.6700E+00    50.000  0.255E+02   0.28440E-01   0.00000E+00   0.10000E+00    0.50249E-02 -202.80         test_P_all          
.6800E+00    50.000  0.244E+02   0.25752E-01   0.00000E+00   0.10000E+00    0.50249E-02 -218.33         test_P_all          
.6900E+00    50.000  0.233E+02   0.23238E-01   0.00000E+00   0.10000E+00    0.50249E-02 -233.36         test_P_all          
.7000E+00    50.000  0.223E+02   0.20891E-01   0.00000E+00   0.10000E+00    0.17692E-02 *******         test_P_all          
.7100E+00    50.000  0.213E+02   0.18708E-01   0.00000E+00   0.10000E+00    0.50249E-02 -261.72         test_P_all          
.7200E+00    50.000  0.203E+02   0.16683E-01   0.00000E+00   0.10000E+00    0.50249E-02 -274.92         test_P_all          
.7300E+00    50.000  0.194E+02   0.14812E-01   0.00000E+00   0.10000E+00    0.50249E-02 -287.41         test_P_all          
.7400E+00    50.000  0.184E+02   0.13088E-01   0.00000E+00   0.10000E+00    0.50249E-02 -299.16         test_P_all          
.7500E+00    50.000  0.175E+02   0.11506E-01   0.00000E+00   0.10000E+00    0.50249E-02 -310.15         test_P_all          
.7600E+00    50.000  0.167E+02   0.10060E-01   0.00000E+00   0.10000E+00    0.50249E-02 -320.36         test_P_all          
.7700E+00    50.000  0.158E+02   0.87448E-02   0.00000E+00   0.10000E+00    0.50249E-02 -329.80         test_P_all          
.7800E+00    50.000  0.150E+02   0.75532E-02   0.00000E+00   0.10000E+00    0.50249E-02 -338.47         test_P_all          
.7900E+00    50.000  0.142E+02   0.64792E-02   0.00000E+00   0.10000E+00    0.50249E-02 -346.38         test_P_all          
.8000E+00    50.000  0.134E+02   0.55164E-02   0.00000E+00   0.10000E+00    0.17692E-02 *******         test_P_all          
.8100E+00    50.000  0.126E+02   0.46585E-02   0.00000E+00   0.10000E+00    0.50249E-02 -360.00         test_P_all          
.8200E+00    50.000  0.119E+02   0.38987E-02   0.00000E+00   0.10000E+00    0.50249E-02 -365.76         test_P_all          
.8300E+00    50.000  0.111E+02   0.32308E-02   0.00000E+00   0.10000E+00    0.50249E-02 -370.86         test_P_all          
.8400E+00    50.000  0.104E+02   0.26481E-02   0.00000E+00   0.10000E+00    0.50249E-02 -375.34         test_P_all          
.8500E+00    50.000  0.971E+01   0.21438E-02   0.00000E+00   0.10000E+00    0.50249E-02 -379.24         test_P_all          
.8600E+00    50.000  0.902E+01   0.17124E-02   0.00000E+00   0.10000E+00    0.50249E-02 -382.59         test_P_all          
.8700E+00    50.000  0.835E+01   0.13462E-02   0.00000E+00   0.10000E+00    0.50249E-02 -385.45         test_P_all          
.8800E+00    50.000  0.770E+01   0.10398E-02   0.00000E+00   0.10000E+00    0.50249E-02 -387.85         test_P_all          
.8900E+00    50.000  0.706E+01   0.78735E-03   0.00000E+00   0.10000E+00    0.50249E-02 -389.83         test_P_all          
.9000E+00    50.000  0.644E+01   0.58151E-03   0.00000E+00   0.10000E+00    0.17692E-02 *******         test_P_all          
.9100E+00    50.000  0.583E+01   0.41823E-03   0.00000E+00   0.10000E+00    0.50249E-02 -392.73         test_P_all          
.9200E+00    50.000  0.523E+01   0.29059E-03   0.00000E+00   0.10000E+00    0.50249E-02 -393.74         test_P_all          
.9300E+00    50.000  0.465E+01   0.19358E-03   0.00000E+00   0.10000E+00    0.50249E-02 -394.51         test_P_all          
.9400E+00    50.000  0.407E+01   0.12349E-03   0.00000E+00   0.10000E+00    0.50249E-02 -395.06         test_P_all          
.9500E+00    50.000  0.351E+01   0.72620E-04   0.00000E+00   0.10000E+00    0.50249E-02 -395.46         test_P_all          
.9600E+00    50.000  0.297E+01   0.39415E-04   0.00000E+00   0.10000E+00    0.50249E-02 -395.73         test_P_all          
.9700E+00    50.000  0.243E+01   0.19174E-04   0.00000E+00   0.10000E+00    0.50249E-02 -395.89         test_P_all          
.9800E+00    50.000  0.190E+01   0.71950E-05   0.00000E+00   0.10000E+00    0.50249E-02 -395.98         test_P_all          
.9900E+00    50.000  0.139E+01   0.24040E-05   0.00000E+00   0.10000E+00    0.50249E-02 -396.02         test_P_all          
.1000E+01    50.000  0.882E+00   0.19899E-05   0.00000E+00   0.10000E+00    0.50249E-02 -396.02         test_P_all          
.1000E+00   100.000  0.901E+03   0.39706E+00   0.00000E+00   0.10000E+00    0.50249E-02 3494.94         test_P_all          
.1100E+00   100.000  0.810E+03   0.38619E+00   0.00000E+00   0.10000E+00    0.50249E-02 3243.72         test_P_all          
.1200E+00   100.000  0.734E+03   0.37637E+00   0.00000E+00   0.10000E+00    0.50249E-02 3025.07         test_P_all          
.1300E+00   100.000  0.670E+03   0.36732E+00   0.00000E+00   0.10000E+00    0.50249E-02 2830.17         test_P_all          
.1400E+00   100.000  0.615E+03   0.35874E+00   0.00000E+00   0.10000E+00    0.50249E-02 2651.34         test_P_all          
.1500E+00   100.000  0.568E+03   0.35064E+00   0.00000E+00   0.10000E+00    0.50249E-02 2487.94         test_P_all          
.1600E+00   100.000  0.526E+03   0.34272E+00   0.00000E+00   0.10000E+00    0.50249E-02 2333.26         test_P_all          
.1700E+00   100.000  0.489E+03   0.33503E+00   0.00000E+00   0.10000E+00    0.50249E-02 2187.64         test_P_all          
.1800E+00   100.000  0.456E+03   0.32745E+00   0.00000E+00   0.10000E+00    0.50249E-02 2048.94         test_P_all          
.1900E+00   100.000  0.427E+03   0.31991E+00   0.00000E+00   0.10000E+00    0.50249E-02 1915.31         test_P_all          
.2000E+00   100.000  0.401E+03   0.31242E+00   0.00000E+00   0.10000E+00    0.50249E-02 1787.05         test_P_all          
.2100E+00   100.000  0.377E+03   0.30488E+00   0.00000E+00   0.10000E+00    0.50249E-02 1662.43         test_P_all          
.2200E+00   100.000  0.355E+03   0.29732E+00   0.00000E+00   0.10000E+00    0.50249E-02 1541.96         test_P_all          
.2300E+00   100.000  0.336E+03   0.28971E+00   0.00000E+00   0.10000E+00    0.50249E-02 1425.38         test_P_all          
.2400E+00   100.000  0.318E+03   0.28204E+00   0.00000E+00   0.10000E+00    0.50249E-02 1312.45         test_P_all          
.2500E+00   100.000  0.301E+03   0.27433E+00   0.00000E+00   0.10000E+00    0.50249E-02 1203.57         test_P_all          
.2600E+00   100.000  0.285E+03   0.26655E+00   0.00000E+00   0.10000E+00    0.50249E-02 1098.59         test_P_all          
.2700E+00   100.000  0.271E+03   0.25873E+00   0.00000E+00   0.10000E+00    0.50249E-02  997.87         test_P_all          
.2800E+00   100.000  0.258E+03   0.25088E+00   0.00000E+00   0.10000E+00    0.50249E-02  901.57         test_P_all          
.2900E+00   100.000  0.246E+03   0.24300E+00   0.00000E+00   0.10000E+00    0.50249E-02  809.84         test_P_all          
.3000E+00   100.000  0.234E+03   0.23510E+00   0.00000E+00   0.10000E+00    0.18868E-02 5127.31         test_P_all          
.3100E+00   100.000  0.223E+03   0.22721E+00   0.00000E+00   0.10000E+00    0.50249E-02  640.90         test_P_all          
.3200E+00   100.000  0.213E+03   0.21933E+00   0.00000E+00   0.10000E+00    0.50249E-02  563.95         test_P_all          
.3300E+00   100.000  0.204E+03   0.21148E+00   0.00000E+00   0.10000E+00    0.50249E-02  492.16         test_P_all          
.3400E+00   100.000  0.195E+03   0.20366E+00   0.00000E+00   0.10000E+00    0.50249E-02  425.59         test_P_all          
.3500E+00   100.000  0.187E+03   0.19590E+00   0.00000E+00   0.10000E+00    0.50249E-02  364.25         test_P_all          
.3600E+00   100.000  0.179E+03   0.18821E+00   0.00000E+00   0.10000E+00    0.50249E-02  308.16         test_P_all          
.3700E+00   100.000  0.171E+03   0.18059E+00   0.00000E+00   0.10000E+00    0.50249E-02  257.25         test_P_all          
.3800E+00   100.000  0.164E+03   0.17307E+00   0.00000E+00   0.10000E+00    0.50249E-02  211.45         test_P_all          
.3900E+00   100.000  0.157E+03   0.16565E+00   0.00000E+00   0.10000E+00    0.50249E-02  170.67         test_P_all          
.4000E+00   100.000  0.151E+03   0.15833E+00   0.00000E+00   0.10000E+00    0.17692E-02 1087.10         test_P_all          
.4100E+00   100.000  0.145E+03   0.15114E+00   0.00000E+00   0.10000E+00    0.50249E-02  103.59         test_P_all          
.4200E+00   100.000  0.139E+03   0.14408E+00   0.00000E+00   0.10000E+00    0.50249E-02   76.96         test_P_all          
.4300E+00   100.000  0.133E+03   0.13716E+00   0.00000E+00   0.10000E+00    0.50249E-02   54.69         test_P_all          
.4400E+00   100.000  0.128E+03   0.13039E+00   0.00000E+00   0.10000E+00    0.50249E-02   36.57         test_P_all          
.4500E+00   100.000  0.123E+03   0.12376E+00   0.00000E+00   0.10000E+00    0.50249E-02   22.37         test_P_all          
.4600E+00   100.000  0.118E+03   0.11730E+00   0.00000E+00   0.10000E+00    0.50249E-02   11.86         test_P_all          
.4700E+00   100.000  0.114E+03   0.11101E+00   0.00000E+00   0.10000E+00    0.50249E-02    4.80         test_P_all          
.4800E+00   100.000  0.109E+03   0.10489E+00   0.00000E+00   0.10000E+00    0.50249E-02    0.95         test_P_all          
.4900E+00   100.000  0.105E+03   0.98946E-01   0.00000E+00   0.10000E+00    0.50249E-02   -0.04         test_P_all          
.5000E+00   100.000  0.101E+03   0.93182E-01   0.00000E+00   0.10000E+00    0.17692E-02  -14.85         test_P_all          
.5100E+00   100.000  0.970E+02   0.87605E-01   0.00000E+00   0.10000E+00    0.50249E-02   -6.08         test_P_all          
.5200E+00   100.000  0.932E+02   0.82215E-01   0.00000E+00   0.10000E+00    0.50249E-02  -12.53         test_P_all          
.5300E+00   100.000  0.896E+02   0.77015E-01   0.00000E+00   0.10000E+00    0.50249E-02  -20.92         test_P_all          
.5400E+00   100.000  0.861E+02   0.72008E-01   0.00000E+00   0.10000E+00    0.50249E-02  -31.03         test_P_all          
.5500E+00   100.000  0.827E+02   0.67193E-01   0.00000E+00   0.10000E+00    0.50249E-02  -42.63         test_P_all          
.5600E+00   100.000  0.795E+02   0.62574E-01   0.00000E+00   0.10000E+00    0.50249E-02  -55.47         test_P_all          
.5700E+00   100.000  0.763E+02   0.58149E-01   0.00000E+00   0.10000E+00    0.50249E-02  -69.37         test_P_all          
.5800E+00   100.000  0.733E+02   0.53917E-01   0.00000E+00   0.10000E+00    0.50249E-02  -84.10         test_P_all          
.5900E+00   100.000  0.704E+02   0.49881E-01   0.00000E+00   0.10000E+00    0.50249E-02  -99.48         test_P_all          
.6000E+00   100.000  0.675E+02   0.46036E-01   0.00000E+00   0.10000E+00    0.17692E-02 -930.40         test_P_all          
.6100E+00   100.000  0.648E+02   0.42382E-01   0.00000E+00   0.10000E+00    0.50249E-02 -131.48         test_P_all          
.6200E+00   100.000  0.622E+02   0.38917E-01   0.00000E+00   0.10000E+00    0.50249E-02 -147.77         test_P_all          
.6300E+00   100.000  0.596E+02   0.35637E-01   0.00000E+00   0.10000E+00    0.50249E-02 -164.06         test_P_all          
.6400E+00   100.000  0.571E+02   0.32542E-01   0.00000E+00   0.10000E+00    0.50249E-02 -180.22         test_P_all          
.6500E+00   100.000  0.547E+02   0.29626E-01   0.00000E+00   0.10000E+00    0.50249E-02 -196.14         test_P_all          
.6600E+00   100.000  0.524E+02   0.26886E-01   0.00000E+00   0.10000E+00    0.50249E-02 -211.71         test_P_all          
.6700E+00   100.000  0.501E+02   0.24319E-01   0.00000E+00   0.10000E+00    0.50249E-02 -226.84         test_P_all          
.6800E+00   100.000  0.479E+02   0.21919E-01   0.00000E+00   0.10000E+00    0.50249E-02 -241.45         test_P_all          
.6900E+00   100.000  0.458E+02   0.19683E-01   0.00000E+00   0.10000E+00    0.50249E-02 -255.48         test_P_all          
.7000E+00   100.000  0.437E+02   0.17605E-01   0.00000E+00   0.10000E+00    0.17692E-02 *******         test_P_all          
.7100E+00   100.000  0.417E+02   0.15681E-01   0.00000E+00   0.10000E+00    0.50249E-02 -281.57         test_P_all          
.7200E+00   100.000  0.398E+02   0.13905E-01   0.00000E+00   0.10000E+00    0.50249E-02 -293.56         test_P_all          
.7300E+00   100.000  0.379E+02   0.12271E-01   0.00000E+00   0.10000E+00    0.50249E-02 -304.81         test_P_all          
.7400E+00   100.000  0.360E+02   0.10774E-01   0.00000E+00   0.10000E+00    0.50249E-02 -315.30         test_P_all          
.7500E+00   100.000  0.342E+02   0.94075E-02   0.00000E+00   0.10000E+00    0.50249E-02 -325.03         test_P_all          
.7600E+00   100.000  0.325E+02   0.81659E-02   0.00000E+00   0.10000E+00    0.50249E-02 -334.00         test_P_all          
.7700E+00   100.000  0.308E+02   0.70430E-02   0.00000E+00   0.10000E+00    0.50249E-02 -342.22         test_P_all          
.7800E+00   100.000  0.291E+02   0.60327E-02   0.00000E+00   0.10000E+00    0.50249E-02 -349.70         test_P_all          
.7900E+00   100.000  0.275E+02   0.51282E-02   0.00000E+00   0.10000E+00    0.50249E-02 -356.46         test_P_all          
.8000E+00   100.000  0.259E+02   0.43237E-02   0.00000E+00   0.10000E+00    0.17692E-02 *******         test_P_all          
.8100E+00   100.000  0.243E+02   0.36125E-02   0.00000E+00   0.10000E+00    0.50249E-02 -367.94         test_P_all          
.8200E+00   100.000  0.228E+02   0.29883E-02   0.00000E+00   0.10000E+00    0.50249E-02 -372.72         test_P_all          
.8300E+00   100.000  0.214E+02   0.24453E-02   0.00000E+00   0.10000E+00    0.50249E-02 -376.91         test_P_all          
.8400E+00   100.000  0.199E+02   0.19758E-02   0.00000E+00   0.10000E+00    0.50249E-02 -380.54         test_P_all          
.8500E+00   100.000  0.185E+02   0.15748E-02   0.00000E+00   0.10000E+00    0.50249E-02 -383.66         test_P_all          
.8600E+00   100.000  0.172E+02   0.12359E-02   0.00000E+00   0.10000E+00    0.50249E-02 -386.31         test_P_all          
.8700E+00   100.000  0.158E+02   0.95236E-03   0.00000E+00   0.10000E+00    0.50249E-02 -388.53         test_P_all          
.8800E+00   100.000  0.145E+02   0.71969E-03   0.00000E+00   0.10000E+00    0.50249E-02 -390.36         test_P_all          
.8900E+00   100.000  0.132E+02   0.53040E-03   0.00000E+00   0.10000E+00    0.50249E-02 -391.85         test_P_all          
.9000E+00   100.000  0.120E+02   0.38027E-03   0.00000E+00   0.10000E+00    0.17692E-02 *******         test_P_all          
.9100E+00   100.000  0.108E+02   0.26404E-03   0.00000E+00   0.10000E+00    0.50249E-02 -393.95         test_P_all          
.9200E+00   100.000  0.958E+01   0.17531E-03   0.00000E+00   0.10000E+00    0.50249E-02 -394.65         test_P_all          
.9300E+00   100.000  0.841E+01   0.11129E-03   0.00000E+00   0.10000E+00    0.50249E-02 -395.16         test_P_all          
.9400E+00   100.000  0.726E+01   0.65691E-04   0.00000E+00   0.10000E+00    0.50249E-02 -395.52         test_P_all          
.9500E+00   100.000  0.614E+01   0.35423E-04   0.00000E+00   0.10000E+00    0.50249E-02 -395.76         test_P_all          
.9600E+00   100.000  0.505E+01   0.17518E-04   0.00000E+00   0.10000E+00    0.50249E-02 -395.90         test_P_all          
.9700E+00   100.000  0.397E+01   0.66236E-05   0.00000E+00   0.10000E+00    0.50249E-02 -395.99         test_P_all          
.9800E+00   100.000  0.292E+01   0.21417E-05   0.00000E+00   0.10000E+00    0.50249E-02 -396.02         test_P_all          
.9900E+00   100.000  0.189E+01   0.16457E-05   0.00000E+00   0.10000E+00    0.50249E-02 -396.03         test_P_all          
.1000E+01   100.000  0.882E+00   0.22650E-05   0.00000E+00   0.10000E+00    0.50249E-02 -396.02         test_P_all          



 CHI SQUARE=******** FOR  582 POINTS   CHISQ/NPTS= 1110.78
 Signed chisquare total =********
 Modified residual =********


Summary normalization chi2 contributions

 data set     normalization        error         chisq


Summary chi2 per data set

 data set                chisq    _w     signd    _w     resid     _w   npts   chisq/pts  _w
test_P_all            646472.0        448049.0        ********           582 1110.78
------------------------------------------------------------------------------------
          TOTAL       646472.0646472.0448049.0     0.0****************   582 1110.78 1110.78
          TOTAL+norm  646472.0646472.0                                   582 1110.78 1110.78



            Momentum Sum Rule Check


      q2      alphas      xuv       xdv       xub       xdb       xsb       xcb       xbb      xglue     total
      1.69    0.3845    0.3190    0.1363    0.0570    0.0690    0.0252    0.0000    0.0000    0.3938    1.0002
    100.00    0.1784    0.2247    0.0960    0.0660    0.0745    0.0437    0.0259    0.0088    0.4575    0.9972
   1000.00    0.1407    0.0000    0.0000    0.0000    0.0000    0.0000    0.0000    0.0000    0.0000    0.0000
   8315.00    0.1180    0.0000    0.0000    0.0000    0.0000    0.0000    0.0000    0.0000    0.0000    0.0000


 Vector Boson Cross Sections

 sqrt(s)   sigma(W)    error    theory

   1960.     2.865     0.063       0.000     D0

   1960.     2.749     0.054       0.000     CDF

   7000.     9.95      0.29        0.000     CMS

   7000.     9.96      0.55        0.000     ATLAS

 sqrt(s)   sigma(Z)    error    theory

   1960.     .2649     .0094       0.000     D0

   1960.     .2549     .0057       0.000     CDF

   7000.     .931      0.035       0.000     CMS

   7000.     .82       0.08        0.000     ATLAS


