 Correlated errors added in quadrature with statistical errors
 test_N_all           DIS data with   1.69< Q2 < 0.500D+03 and 0.000 < xB < 1.000 and   0.00< W2 < 0.100D+05 and 0.000 < y < 1.000
   GP TMC applied
   no HT corrections

# fitpack15: fit output
# CJ15 AV18 final data choices                                                 

Parametrization   7 used here

 S-ACOT scheme used  for NC DIS

 charm mass =     1.30 GeV     bottom mass =     4.50 GeV



 THIS IS A NEXT TO LEADING ORDER FIT

 Q02=    1.69
         1  LAMBDA      VALUE=   0.22680      WEIGHT=    0.0000    
         2  a0uv        VALUE=    1.9979      WEIGHT=    0.0000    
         3  a1uv        VALUE=   0.57295      WEIGHT=   0.23448E-01
         4  a2uv        VALUE=    3.5570      WEIGHT=   0.11870E-01
         5  a3uv        VALUE=    0.0000      WEIGHT=    0.0000    
         6  a4uv        VALUE=    4.4315      WEIGHT=   0.61863    
         7  a5uv        VALUE=    0.0000      WEIGHT=    0.0000    
         8  a0dv        VALUE=    24.660      WEIGHT=    0.0000    
         9  a1dv        VALUE=    1.1548      WEIGHT=   0.34031E-01
        10  a2dv        VALUE=    6.6344      WEIGHT=   0.16636    
        11  a3dv        VALUE=   -3.5314      WEIGHT=   0.89260E-01
        12  a4dv        VALUE=    4.7502      WEIGHT=   0.14374    
        13  a5dv        VALUE=    0.0000      WEIGHT=    0.0000    
        14  a0ud        VALUE=   0.14230      WEIGHT=   0.49913E-02
        15  a1ud        VALUE=  -0.21056      WEIGHT=   0.38122E-02
        16  a2ud        VALUE=    8.4602      WEIGHT=   0.18756    
        17  a3ud        VALUE=    0.0000      WEIGHT=    0.0000    
        18  a4ud        VALUE=    15.554      WEIGHT=    1.3200    
        19  a5ud        VALUE=    0.0000      WEIGHT=    0.0000    
        20  a0du        VALUE=    35712.      WEIGHT=    0.0000    
        21  a1du        VALUE=    4.1065      WEIGHT=   0.97401E-01
        22  a2du        VALUE=    20.579      WEIGHT=    1.0447    
        23  a3du        VALUE=    17.000      WEIGHT=    0.0000    
        24  a4du        VALUE=    54.158      WEIGHT=    12.876    
        25  a0g         VALUE=    46.255      WEIGHT=    0.0000    
        26  a1g         VALUE=   0.60482      WEIGHT=   0.29859E-01
        27  a2g         VALUE=    6.1490      WEIGHT=   0.83608    
        28  a3g         VALUE=   -3.3874      WEIGHT=   0.12344    
        29  a4g         VALUE=    3.2785      WEIGHT=   0.28998    
        30  a5g         VALUE=    0.0000      WEIGHT=    0.0000    
        31  kappa       VALUE=   0.40000      WEIGHT=    0.0000    
        32  a6dv        VALUE=  -0.42862E-02  WEIGHT=   0.74601E-03
        33  a7dv        VALUE=    2.0000      WEIGHT=    0.0000    
        34  off1        VALUE=  -0.10749      WEIGHT=   0.12114    
        35  off2        VALUE=   0.34020      WEIGHT=   0.76238    
        36  off3        VALUE=  -0.73432      WEIGHT=    1.1409    
        37  ht1         VALUE=   -3.3664      WEIGHT=   0.32637    
        38  ht2         VALUE=    1.9717      WEIGHT=   0.12598    
        39  ht3         VALUE=   -2.0676      WEIGHT=   0.36021E-01
        40  ht4         VALUE=    0.0000      WEIGHT=    0.0000    
        41  ht1n        VALUE=   -3.2992      WEIGHT=   0.89361    
        42  ht2n        VALUE=    1.8353      WEIGHT=   0.31125    
        43  ht3n        VALUE=   -2.2413      WEIGHT=   0.90591E-01
        44  ht4n        VALUE=    0.0000      WEIGHT=    0.0000    
        45  dummy45     VALUE=    0.0000      WEIGHT=    0.0000    
        46  dummy46     VALUE=    0.0000      WEIGHT=    0.0000    
        47  dummy47     VALUE=    0.0000      WEIGHT=    0.0000    
        48  dummy48     VALUE=    0.0000      WEIGHT=    0.0000    
        49  dummy49     VALUE=    0.0000      WEIGHT=    0.0000    
        50  bcdmsh2     VALUE=   0.96909      WEIGHT=   0.48724E-02
        51  bcdmsd2     VALUE=   0.99118      WEIGHT=   0.58896E-02
        52  ccfr        VALUE=    1.0000      WEIGHT=    0.0000    
        53  nutev       VALUE=    1.0000      WEIGHT=    0.0000    
        54  zeus        VALUE=   0.97998      WEIGHT=    0.0000    
        55  h1          VALUE=    1.0162      WEIGHT=    0.0000    
        56  e605        VALUE=    1.0319      WEIGHT=    0.0000    
        57  NmcH2       VALUE=    1.0060      WEIGHT=   0.71318E-02
        58  ntv_nu      VALUE=    1.0000      WEIGHT=    0.0000    
        59  ntv_nubar   VALUE=    1.0000      WEIGHT=    0.0000    
        60  cdf_jet     VALUE=   0.98910      WEIGHT=    0.0000    
        61  d0_jet      VALUE=   0.83504      WEIGHT=    0.0000    
        62  slac_p      VALUE=   0.99946      WEIGHT=   0.51566E-02
        63  slac_d      VALUE=    1.0022      WEIGHT=   0.53734E-02
        64  e866pp      VALUE=   0.98103      WEIGHT=   0.19867E-01
        65  e866pd      VALUE=   0.95976      WEIGHT=   0.17993E-01
        66  d0_gamjet   VALUE=    1.0376      WEIGHT=   0.16517E-01
        67  h1b         VALUE=   0.97608      WEIGHT=    0.0000    
        68  jlab_p      VALUE=   0.98942      WEIGHT=   0.63294E-02
        69  jlab_d      VALUE=   0.97663      WEIGHT=   0.61335E-02
        70  blank       VALUE=    1.0000      WEIGHT=    0.0000    
        71  d0run2      VALUE=   0.95294      WEIGHT=   0.15011E-01
        72  cdfrun2     VALUE=   0.93710      WEIGHT=   0.17671E-01
        73  HERA_el     VALUE=    1.0000      WEIGHT=    0.0000    
        74  HERA_ps     VALUE=    1.0000      WEIGHT=    0.0000    
        75  CDF_Z       VALUE=   0.95635      WEIGHT=   0.67566E-02
        76  NmcRat      VALUE=    1.0000      WEIGHT=    0.0000    
        77  BNS_F2nd    VALUE=   0.98332      WEIGHT=   0.11791E-01
        78  HERMES_F2p  VALUE=   0.99384      WEIGHT=   0.57357E-02
        79  HERMES_F2d  VALUE=   0.97772      WEIGHT=   0.58827E-02
0THE TOLERANCE IS    0.1000
 THE MAXIMUM NUMBER OF STEPS IS 100
0THE INITIAL CHI SQUARED IS  3.94788E+05



     X        Q2         W2       THEORY        error         DATA           ERROR        chi^2     _w    ITYPE
.1000E-01     2.000  0.199E+03   0.34028E+00   0.00000E+00   0.10000E+00    0.50249E-02 2286.47         test_N_all          
.2000E-01     2.000  0.989E+02   0.31801E+00   0.00000E+00   0.10000E+00    0.50249E-02 1882.27         test_N_all          
.3000E-01     2.000  0.655E+02   0.30936E+00   0.00000E+00   0.10000E+00    0.50249E-02 1735.91         test_N_all          
.4000E-01     2.000  0.489E+02   0.30716E+00   0.00000E+00   0.10000E+00    0.50249E-02 1699.62         test_N_all          
.5000E-01     2.000  0.389E+02   0.30624E+00   0.00000E+00   0.10000E+00    0.50249E-02 1684.57         test_N_all          
.6000E-01     2.000  0.322E+02   0.30657E+00   0.00000E+00   0.10000E+00    0.50249E-02 1689.98         test_N_all          
.7000E-01     2.000  0.275E+02   0.30715E+00   0.00000E+00   0.10000E+00    0.50249E-02 1699.39         test_N_all          
.8000E-01     2.000  0.239E+02   0.30762E+00   0.00000E+00   0.10000E+00    0.50249E-02 1707.14         test_N_all          
.9000E-01     2.000  0.211E+02   0.30775E+00   0.00000E+00   0.10000E+00    0.50249E-02 1709.29         test_N_all          
.1000E+00     2.000  0.189E+02   0.30737E+00   0.00000E+00   0.10000E+00    0.50249E-02 1703.08         test_N_all          
.1100E+00     2.000  0.171E+02   0.30638E+00   0.00000E+00   0.10000E+00    0.50249E-02 1686.83         test_N_all          
.1200E+00     2.000  0.155E+02   0.30473E+00   0.00000E+00   0.10000E+00    0.50249E-02 1660.04         test_N_all          
.1300E+00     2.000  0.143E+02   0.30246E+00   0.00000E+00   0.10000E+00    0.50249E-02 1623.31         test_N_all          
.1400E+00     2.000  0.132E+02   0.29963E+00   0.00000E+00   0.10000E+00    0.50249E-02 1578.24         test_N_all          
.1500E+00     2.000  0.122E+02   0.29623E+00   0.00000E+00   0.10000E+00    0.50249E-02 1524.94         test_N_all          
.1600E+00     2.000  0.114E+02   0.29240E+00   0.00000E+00   0.10000E+00    0.50249E-02 1466.12         test_N_all          
.1700E+00     2.000  0.106E+02   0.28820E+00   0.00000E+00   0.10000E+00    0.50249E-02 1402.68         test_N_all          
.1800E+00     2.000  0.999E+01   0.28363E+00   0.00000E+00   0.10000E+00    0.50249E-02 1335.50         test_N_all          
.1900E+00     2.000  0.941E+01   0.27886E+00   0.00000E+00   0.10000E+00    0.50249E-02 1266.96         test_N_all          
.2000E+00     2.000  0.888E+01   0.27385E+00   0.00000E+00   0.10000E+00    0.50249E-02 1196.98         test_N_all          
.2100E+00     2.000  0.841E+01   0.26867E+00   0.00000E+00   0.10000E+00    0.50249E-02 1126.77         test_N_all          
.2200E+00     2.000  0.797E+01   0.26338E+00   0.00000E+00   0.10000E+00    0.50249E-02 1057.16         test_N_all          
.2300E+00     2.000  0.758E+01   0.25796E+00   0.00000E+00   0.10000E+00    0.50249E-02  988.22         test_N_all          
.2400E+00     2.000  0.722E+01   0.25249E+00   0.00000E+00   0.10000E+00    0.50249E-02  920.86         test_N_all          
.2500E+00     2.000  0.688E+01   0.24694E+00   0.00000E+00   0.10000E+00    0.50249E-02  855.08         test_N_all          
.2600E+00     2.000  0.657E+01   0.24133E+00   0.00000E+00   0.10000E+00    0.50249E-02  791.09         test_N_all          
.2700E+00     2.000  0.629E+01   0.23569E+00   0.00000E+00   0.10000E+00    0.50249E-02  729.19         test_N_all          
.2800E+00     2.000  0.602E+01   0.23001E+00   0.00000E+00   0.10000E+00    0.50249E-02  669.43         test_N_all          
.2900E+00     2.000  0.578E+01   0.22430E+00   0.00000E+00   0.10000E+00    0.50249E-02  611.90         test_N_all          
.3000E+00     2.000  0.555E+01   0.21856E+00   0.00000E+00   0.10000E+00    0.18868E-02 3948.46         test_N_all          
.3100E+00     2.000  0.533E+01   0.21280E+00   0.00000E+00   0.10000E+00    0.50249E-02  503.89         test_N_all          
.3200E+00     2.000  0.513E+01   0.20701E+00   0.00000E+00   0.10000E+00    0.50249E-02  453.50         test_N_all          
.3300E+00     2.000  0.494E+01   0.20120E+00   0.00000E+00   0.10000E+00    0.50249E-02  405.61         test_N_all          
.3400E+00     2.000  0.476E+01   0.19538E+00   0.00000E+00   0.10000E+00    0.50249E-02  360.30         test_N_all          
.3500E+00     2.000  0.460E+01   0.18955E+00   0.00000E+00   0.10000E+00    0.50249E-02  317.56         test_N_all          
.3600E+00     2.000  0.444E+01   0.18371E+00   0.00000E+00   0.10000E+00    0.50249E-02  277.49         test_N_all          
.3700E+00     2.000  0.429E+01   0.17787E+00   0.00000E+00   0.10000E+00    0.50249E-02  240.17         test_N_all          
.3800E+00     2.000  0.414E+01   0.17204E+00   0.00000E+00   0.10000E+00    0.50249E-02  205.55         test_N_all          
.3900E+00     2.000  0.401E+01   0.16623E+00   0.00000E+00   0.10000E+00    0.50249E-02  173.74         test_N_all          
.4000E+00     2.000  0.388E+01   0.16045E+00   0.00000E+00   0.10000E+00    0.17692E-02 1167.65         test_N_all          
.4100E+00     2.000  0.376E+01   0.15471E+00   0.00000E+00   0.10000E+00    0.50249E-02  118.54         test_N_all          
.4200E+00     2.000  0.364E+01   0.14901E+00   0.00000E+00   0.10000E+00    0.50249E-02   95.15         test_N_all          
.4300E+00     2.000  0.353E+01   0.14338E+00   0.00000E+00   0.10000E+00    0.50249E-02   74.52         test_N_all          
.4400E+00     2.000  0.343E+01   0.13781E+00   0.00000E+00   0.10000E+00    0.50249E-02   56.62         test_N_all          
.4500E+00     2.000  0.333E+01   0.13232E+00   0.00000E+00   0.10000E+00    0.50249E-02   41.37         test_N_all          
.4600E+00     2.000  0.323E+01   0.12692E+00   0.00000E+00   0.10000E+00    0.50249E-02   28.70         test_N_all          
.4700E+00     2.000  0.314E+01   0.12162E+00   0.00000E+00   0.10000E+00    0.50249E-02   18.51         test_N_all          
.4800E+00     2.000  0.305E+01   0.11642E+00   0.00000E+00   0.10000E+00    0.50249E-02   10.68         test_N_all          
.4900E+00     2.000  0.296E+01   0.11134E+00   0.00000E+00   0.10000E+00    0.50249E-02    5.09         test_N_all          
.5000E+00     2.000  0.288E+01   0.10638E+00   0.00000E+00   0.10000E+00    0.17692E-02   13.01         test_N_all          
.5100E+00     2.000  0.280E+01   0.10155E+00   0.00000E+00   0.10000E+00    0.50249E-02    0.09         test_N_all          
.5200E+00     2.000  0.273E+01   0.96848E-01   0.00000E+00   0.10000E+00    0.50249E-02   -0.39         test_N_all          
.5300E+00     2.000  0.266E+01   0.92282E-01   0.00000E+00   0.10000E+00    0.50249E-02   -2.36         test_N_all          
.5400E+00     2.000  0.259E+01   0.87861E-01   0.00000E+00   0.10000E+00    0.50249E-02   -5.84         test_N_all          
.5500E+00     2.000  0.252E+01   0.83582E-01   0.00000E+00   0.10000E+00    0.50249E-02  -10.67         test_N_all          
.5600E+00     2.000  0.245E+01   0.79447E-01   0.00000E+00   0.10000E+00    0.50249E-02  -16.73         test_N_all          
.5700E+00     2.000  0.239E+01   0.75460E-01   0.00000E+00   0.10000E+00    0.50249E-02  -23.85         test_N_all          
.5800E+00     2.000  0.233E+01   0.71621E-01   0.00000E+00   0.10000E+00    0.50249E-02  -31.90         test_N_all          
.5900E+00     2.000  0.227E+01   0.67928E-01   0.00000E+00   0.10000E+00    0.50249E-02  -40.74         test_N_all          
.6000E+00     2.000  0.222E+01   0.64379E-01   0.00000E+00   0.10000E+00    0.17692E-02 -405.38         test_N_all          
.6100E+00     2.000  0.216E+01   0.60979E-01   0.00000E+00   0.10000E+00    0.50249E-02  -60.30         test_N_all          
.6200E+00     2.000  0.211E+01   0.57722E-01   0.00000E+00   0.10000E+00    0.50249E-02  -70.79         test_N_all          
.6300E+00     2.000  0.206E+01   0.54604E-01   0.00000E+00   0.10000E+00    0.50249E-02  -81.62         test_N_all          
.6400E+00     2.000  0.201E+01   0.51624E-01   0.00000E+00   0.10000E+00    0.50249E-02  -92.68         test_N_all          
.6500E+00     2.000  0.196E+01   0.48782E-01   0.00000E+00   0.10000E+00    0.50249E-02 -103.89         test_N_all          
.6600E+00     2.000  0.191E+01   0.46071E-01   0.00000E+00   0.10000E+00    0.50249E-02 -115.18         test_N_all          
.6700E+00     2.000  0.187E+01   0.43487E-01   0.00000E+00   0.10000E+00    0.50249E-02 -126.48         test_N_all          
.6800E+00     2.000  0.182E+01   0.41029E-01   0.00000E+00   0.10000E+00    0.50249E-02 -137.73         test_N_all          
.6900E+00     2.000  0.178E+01   0.38692E-01   0.00000E+00   0.10000E+00    0.50249E-02 -148.86         test_N_all          
.7000E+00     2.000  0.174E+01   0.36472E-01   0.00000E+00   0.10000E+00    0.17692E-02 *******         test_N_all          
.7100E+00     2.000  0.170E+01   0.34364E-01   0.00000E+00   0.10000E+00    0.50249E-02 -170.62         test_N_all          
.7200E+00     2.000  0.166E+01   0.32365E-01   0.00000E+00   0.10000E+00    0.50249E-02 -181.17         test_N_all          
.7300E+00     2.000  0.162E+01   0.30471E-01   0.00000E+00   0.10000E+00    0.50249E-02 -191.46         test_N_all          
.7400E+00     2.000  0.158E+01   0.28677E-01   0.00000E+00   0.10000E+00    0.50249E-02 -201.46         test_N_all          
.7500E+00     2.000  0.155E+01   0.26979E-01   0.00000E+00   0.10000E+00    0.50249E-02 -211.17         test_N_all          
.7600E+00     2.000  0.151E+01   0.25372E-01   0.00000E+00   0.10000E+00    0.50249E-02 -220.57         test_N_all          
.7700E+00     2.000  0.148E+01   0.23854E-01   0.00000E+00   0.10000E+00    0.50249E-02 -229.63         test_N_all          
.7800E+00     2.000  0.145E+01   0.22420E-01   0.00000E+00   0.10000E+00    0.50249E-02 -238.36         test_N_all          
.7900E+00     2.000  0.141E+01   0.21065E-01   0.00000E+00   0.10000E+00    0.50249E-02 -246.76         test_N_all          
.8000E+00     2.000  0.138E+01   0.19786E-01   0.00000E+00   0.10000E+00    0.17692E-02 *******         test_N_all          
.8100E+00     2.000  0.135E+01   0.18581E-01   0.00000E+00   0.10000E+00    0.50249E-02 -262.54         test_N_all          
.8200E+00     2.000  0.132E+01   0.17444E-01   0.00000E+00   0.10000E+00    0.50249E-02 -269.92         test_N_all          
.8300E+00     2.000  0.129E+01   0.16372E-01   0.00000E+00   0.10000E+00    0.50249E-02 -276.98         test_N_all          
.8400E+00     2.000  0.126E+01   0.15362E-01   0.00000E+00   0.10000E+00    0.50249E-02 -283.71         test_N_all          
.8500E+00     2.000  0.123E+01   0.14410E-01   0.00000E+00   0.10000E+00    0.50249E-02 -290.12         test_N_all          
.8600E+00     2.000  0.121E+01   0.13515E-01   0.00000E+00   0.10000E+00    0.50249E-02 -296.23         test_N_all          
.8700E+00     2.000  0.118E+01   0.12672E-01   0.00000E+00   0.10000E+00    0.50249E-02 -302.03         test_N_all          
.8800E+00     2.000  0.115E+01   0.11878E-01   0.00000E+00   0.10000E+00    0.50249E-02 -307.54         test_N_all          
.8900E+00     2.000  0.113E+01   0.11132E-01   0.00000E+00   0.10000E+00    0.50249E-02 -312.77         test_N_all          
.9000E+00     2.000  0.110E+01   0.10430E-01   0.00000E+00   0.10000E+00    0.17692E-02 *******         test_N_all          
.9100E+00     2.000  0.108E+01   0.97701E-02   0.00000E+00   0.10000E+00    0.50249E-02 -322.43         test_N_all          
.9200E+00     2.000  0.106E+01   0.91497E-02   0.00000E+00   0.10000E+00    0.50249E-02 -326.88         test_N_all          
.9300E+00     2.000  0.103E+01   0.85667E-02   0.00000E+00   0.10000E+00    0.50249E-02 -331.09         test_N_all          
.9400E+00     2.000  0.101E+01   0.80191E-02   0.00000E+00   0.10000E+00    0.50249E-02 -335.07         test_N_all          
.9500E+00     2.000  0.987E+00   0.75045E-02   0.00000E+00   0.10000E+00    0.50249E-02 -338.83         test_N_all          
.9600E+00     2.000  0.965E+00   0.70209E-02   0.00000E+00   0.10000E+00    0.50249E-02 -342.38         test_N_all          
.9700E+00     2.000  0.944E+00   0.65668E-02   0.00000E+00   0.10000E+00    0.50249E-02 -345.73         test_N_all          
.9800E+00     2.000  0.923E+00   0.61406E-02   0.00000E+00   0.10000E+00    0.50249E-02 -348.89         test_N_all          
.9900E+00     2.000  0.902E+00   0.57405E-02   0.00000E+00   0.10000E+00    0.50249E-02 -351.88         test_N_all          
.1000E+01     2.000  0.882E+00   0.53650E-02   0.00000E+00   0.10000E+00    0.50249E-02 -354.68         test_N_all          
.1000E-01     5.000  0.496E+03   0.44690E+00   0.00000E+00   0.10000E+00    0.50249E-02 4765.94         test_N_all          
.2000E-01     5.000  0.246E+03   0.39655E+00   0.00000E+00   0.10000E+00    0.50249E-02 3482.77         test_N_all          
.3000E-01     5.000  0.163E+03   0.37205E+00   0.00000E+00   0.10000E+00    0.50249E-02 2931.12         test_N_all          
.4000E-01     5.000  0.121E+03   0.35966E+00   0.00000E+00   0.10000E+00    0.50249E-02 2670.29         test_N_all          
.5000E-01     5.000  0.959E+02   0.34987E+00   0.00000E+00   0.10000E+00    0.50249E-02 2472.65         test_N_all          
.6000E-01     5.000  0.792E+02   0.34309E+00   0.00000E+00   0.10000E+00    0.50249E-02 2340.24         test_N_all          
.7000E-01     5.000  0.673E+02   0.33708E+00   0.00000E+00   0.10000E+00    0.50249E-02 2226.06         test_N_all          
.8000E-01     5.000  0.584E+02   0.33182E+00   0.00000E+00   0.10000E+00    0.50249E-02 2128.25         test_N_all          
.9000E-01     5.000  0.514E+02   0.32662E+00   0.00000E+00   0.10000E+00    0.50249E-02 2033.92         test_N_all          
.1000E+00     5.000  0.459E+02   0.32146E+00   0.00000E+00   0.10000E+00    0.50249E-02 1942.37         test_N_all          
.1100E+00     5.000  0.413E+02   0.31609E+00   0.00000E+00   0.10000E+00    0.50249E-02 1849.38         test_N_all          
.1200E+00     5.000  0.375E+02   0.31059E+00   0.00000E+00   0.10000E+00    0.50249E-02 1756.29         test_N_all          
.1300E+00     5.000  0.343E+02   0.30487E+00   0.00000E+00   0.10000E+00    0.50249E-02 1662.19         test_N_all          
.1400E+00     5.000  0.316E+02   0.29893E+00   0.00000E+00   0.10000E+00    0.50249E-02 1567.23         test_N_all          
.1500E+00     5.000  0.292E+02   0.29281E+00   0.00000E+00   0.10000E+00    0.50249E-02 1472.35         test_N_all          
.1600E+00     5.000  0.271E+02   0.28658E+00   0.00000E+00   0.10000E+00    0.50249E-02 1378.73         test_N_all          
.1700E+00     5.000  0.253E+02   0.28025E+00   0.00000E+00   0.10000E+00    0.50249E-02 1286.74         test_N_all          
.1800E+00     5.000  0.237E+02   0.27385E+00   0.00000E+00   0.10000E+00    0.50249E-02 1197.02         test_N_all          
.1900E+00     5.000  0.222E+02   0.26744E+00   0.00000E+00   0.10000E+00    0.50249E-02 1110.28         test_N_all          
.2000E+00     5.000  0.209E+02   0.26100E+00   0.00000E+00   0.10000E+00    0.50249E-02 1026.52         test_N_all          
.2100E+00     5.000  0.197E+02   0.25457E+00   0.00000E+00   0.10000E+00    0.50249E-02  946.17         test_N_all          
.2200E+00     5.000  0.186E+02   0.24816E+00   0.00000E+00   0.10000E+00    0.50249E-02  869.32         test_N_all          
.2300E+00     5.000  0.176E+02   0.24177E+00   0.00000E+00   0.10000E+00    0.50249E-02  796.04         test_N_all          
.2400E+00     5.000  0.167E+02   0.23542E+00   0.00000E+00   0.10000E+00    0.50249E-02  726.30         test_N_all          
.2500E+00     5.000  0.159E+02   0.22910E+00   0.00000E+00   0.10000E+00    0.50249E-02  660.05         test_N_all          
.2600E+00     5.000  0.151E+02   0.22280E+00   0.00000E+00   0.10000E+00    0.50249E-02  597.21         test_N_all          
.2700E+00     5.000  0.144E+02   0.21653E+00   0.00000E+00   0.10000E+00    0.50249E-02  537.75         test_N_all          
.2800E+00     5.000  0.137E+02   0.21028E+00   0.00000E+00   0.10000E+00    0.50249E-02  481.63         test_N_all          
.2900E+00     5.000  0.131E+02   0.20404E+00   0.00000E+00   0.10000E+00    0.50249E-02  428.71         test_N_all          
.3000E+00     5.000  0.125E+02   0.19783E+00   0.00000E+00   0.10000E+00    0.18868E-02 2688.37         test_N_all          
.3100E+00     5.000  0.120E+02   0.19163E+00   0.00000E+00   0.10000E+00    0.50249E-02  332.53         test_N_all          
.3200E+00     5.000  0.115E+02   0.18545E+00   0.00000E+00   0.10000E+00    0.50249E-02  289.15         test_N_all          
.3300E+00     5.000  0.110E+02   0.17928E+00   0.00000E+00   0.10000E+00    0.50249E-02  248.92         test_N_all          
.3400E+00     5.000  0.106E+02   0.17313E+00   0.00000E+00   0.10000E+00    0.50249E-02  211.78         test_N_all          
.3500E+00     5.000  0.102E+02   0.16699E+00   0.00000E+00   0.10000E+00    0.50249E-02  177.75         test_N_all          
.3600E+00     5.000  0.977E+01   0.16089E+00   0.00000E+00   0.10000E+00    0.50249E-02  146.84         test_N_all          
.3700E+00     5.000  0.940E+01   0.15482E+00   0.00000E+00   0.10000E+00    0.50249E-02  119.01         test_N_all          
.3800E+00     5.000  0.904E+01   0.14879E+00   0.00000E+00   0.10000E+00    0.50249E-02   94.26         test_N_all          
.3900E+00     5.000  0.870E+01   0.14280E+00   0.00000E+00   0.10000E+00    0.50249E-02   72.56         test_N_all          
.4000E+00     5.000  0.838E+01   0.13688E+00   0.00000E+00   0.10000E+00    0.17692E-02  434.55         test_N_all          
.4100E+00     5.000  0.808E+01   0.13102E+00   0.00000E+00   0.10000E+00    0.50249E-02   38.12         test_N_all          
.4200E+00     5.000  0.779E+01   0.12525E+00   0.00000E+00   0.10000E+00    0.50249E-02   25.25         test_N_all          
.4300E+00     5.000  0.751E+01   0.11956E+00   0.00000E+00   0.10000E+00    0.50249E-02   15.15         test_N_all          
.4400E+00     5.000  0.725E+01   0.11397E+00   0.00000E+00   0.10000E+00    0.50249E-02    7.73         test_N_all          
.4500E+00     5.000  0.699E+01   0.10849E+00   0.00000E+00   0.10000E+00    0.50249E-02    2.86         test_N_all          
.4600E+00     5.000  0.675E+01   0.10313E+00   0.00000E+00   0.10000E+00    0.50249E-02    0.39         test_N_all          
.4700E+00     5.000  0.652E+01   0.97897E-01   0.00000E+00   0.10000E+00    0.50249E-02   -0.18         test_N_all          
.4800E+00     5.000  0.630E+01   0.92800E-01   0.00000E+00   0.10000E+00    0.50249E-02   -2.05         test_N_all          
.4900E+00     5.000  0.609E+01   0.87843E-01   0.00000E+00   0.10000E+00    0.50249E-02   -5.85         test_N_all          
.5000E+00     5.000  0.588E+01   0.83034E-01   0.00000E+00   0.10000E+00    0.17692E-02  -91.96         test_N_all          
.5100E+00     5.000  0.569E+01   0.78382E-01   0.00000E+00   0.10000E+00    0.50249E-02  -18.51         test_N_all          
.5200E+00     5.000  0.550E+01   0.73885E-01   0.00000E+00   0.10000E+00    0.50249E-02  -27.01         test_N_all          
.5300E+00     5.000  0.532E+01   0.69551E-01   0.00000E+00   0.10000E+00    0.50249E-02  -36.72         test_N_all          
.5400E+00     5.000  0.514E+01   0.65383E-01   0.00000E+00   0.10000E+00    0.50249E-02  -47.46         test_N_all          
.5500E+00     5.000  0.497E+01   0.61379E-01   0.00000E+00   0.10000E+00    0.50249E-02  -59.07         test_N_all          
.5600E+00     5.000  0.481E+01   0.57544E-01   0.00000E+00   0.10000E+00    0.50249E-02  -71.39         test_N_all          
.5700E+00     5.000  0.465E+01   0.53877E-01   0.00000E+00   0.10000E+00    0.50249E-02  -84.25         test_N_all          
.5800E+00     5.000  0.450E+01   0.50374E-01   0.00000E+00   0.10000E+00    0.50249E-02  -97.53         test_N_all          
.5900E+00     5.000  0.436E+01   0.47038E-01   0.00000E+00   0.10000E+00    0.50249E-02 -111.09         test_N_all          
.6000E+00     5.000  0.422E+01   0.43866E-01   0.00000E+00   0.10000E+00    0.17692E-02 *******         test_N_all          
.6100E+00     5.000  0.408E+01   0.40852E-01   0.00000E+00   0.10000E+00    0.50249E-02 -138.55         test_N_all          
.6200E+00     5.000  0.395E+01   0.37997E-01   0.00000E+00   0.10000E+00    0.50249E-02 -152.25         test_N_all          
.6300E+00     5.000  0.382E+01   0.35296E-01   0.00000E+00   0.10000E+00    0.50249E-02 -165.81         test_N_all          
.6400E+00     5.000  0.369E+01   0.32743E-01   0.00000E+00   0.10000E+00    0.50249E-02 -179.15         test_N_all          
.6500E+00     5.000  0.357E+01   0.30337E-01   0.00000E+00   0.10000E+00    0.50249E-02 -192.19         test_N_all          
.6600E+00     5.000  0.346E+01   0.28071E-01   0.00000E+00   0.10000E+00    0.50249E-02 -204.90         test_N_all          
.6700E+00     5.000  0.334E+01   0.25940E-01   0.00000E+00   0.10000E+00    0.50249E-02 -217.22         test_N_all          
.6800E+00     5.000  0.323E+01   0.23941E-01   0.00000E+00   0.10000E+00    0.50249E-02 -229.11         test_N_all          
.6900E+00     5.000  0.313E+01   0.22066E-01   0.00000E+00   0.10000E+00    0.50249E-02 -240.54         test_N_all          
.7000E+00     5.000  0.302E+01   0.20311E-01   0.00000E+00   0.10000E+00    0.17692E-02 *******         test_N_all          
.7100E+00     5.000  0.292E+01   0.18671E-01   0.00000E+00   0.10000E+00    0.50249E-02 -261.96         test_N_all          
.7200E+00     5.000  0.283E+01   0.17140E-01   0.00000E+00   0.10000E+00    0.50249E-02 -271.91         test_N_all          
.7300E+00     5.000  0.273E+01   0.15714E-01   0.00000E+00   0.10000E+00    0.50249E-02 -281.35         test_N_all          
.7400E+00     5.000  0.264E+01   0.14385E-01   0.00000E+00   0.10000E+00    0.50249E-02 -290.29         test_N_all          
.7500E+00     5.000  0.255E+01   0.13150E-01   0.00000E+00   0.10000E+00    0.50249E-02 -298.73         test_N_all          
.7600E+00     5.000  0.246E+01   0.12004E-01   0.00000E+00   0.10000E+00    0.50249E-02 -306.67         test_N_all          
.7700E+00     5.000  0.238E+01   0.10941E-01   0.00000E+00   0.10000E+00    0.50249E-02 -314.12         test_N_all          
.7800E+00     5.000  0.229E+01   0.99560E-02   0.00000E+00   0.10000E+00    0.50249E-02 -321.11         test_N_all          
.7900E+00     5.000  0.221E+01   0.90453E-02   0.00000E+00   0.10000E+00    0.50249E-02 -327.63         test_N_all          
.8000E+00     5.000  0.213E+01   0.82046E-02   0.00000E+00   0.10000E+00    0.17692E-02 *******         test_N_all          
.8100E+00     5.000  0.205E+01   0.74282E-02   0.00000E+00   0.10000E+00    0.50249E-02 -339.39         test_N_all          
.8200E+00     5.000  0.198E+01   0.67131E-02   0.00000E+00   0.10000E+00    0.50249E-02 -344.65         test_N_all          
.8300E+00     5.000  0.191E+01   0.60555E-02   0.00000E+00   0.10000E+00    0.50249E-02 -349.53         test_N_all          
.8400E+00     5.000  0.183E+01   0.54510E-02   0.00000E+00   0.10000E+00    0.50249E-02 -354.04         test_N_all          
.8500E+00     5.000  0.176E+01   0.48961E-02   0.00000E+00   0.10000E+00    0.50249E-02 -358.21         test_N_all          
.8600E+00     5.000  0.170E+01   0.43880E-02   0.00000E+00   0.10000E+00    0.50249E-02 -362.05         test_N_all          
.8700E+00     5.000  0.163E+01   0.39234E-02   0.00000E+00   0.10000E+00    0.50249E-02 -365.57         test_N_all          
.8800E+00     5.000  0.156E+01   0.34983E-02   0.00000E+00   0.10000E+00    0.50249E-02 -368.81         test_N_all          
.8900E+00     5.000  0.150E+01   0.31110E-02   0.00000E+00   0.10000E+00    0.50249E-02 -371.78         test_N_all          
.9000E+00     5.000  0.144E+01   0.27589E-02   0.00000E+00   0.10000E+00    0.17692E-02 *******         test_N_all          
.9100E+00     5.000  0.138E+01   0.24380E-02   0.00000E+00   0.10000E+00    0.50249E-02 -376.96         test_N_all          
.9200E+00     5.000  0.132E+01   0.21475E-02   0.00000E+00   0.10000E+00    0.50249E-02 -379.21         test_N_all          
.9300E+00     5.000  0.126E+01   0.18849E-02   0.00000E+00   0.10000E+00    0.50249E-02 -381.25         test_N_all          
.9400E+00     5.000  0.120E+01   0.16482E-02   0.00000E+00   0.10000E+00    0.50249E-02 -383.09         test_N_all          
.9500E+00     5.000  0.114E+01   0.14346E-02   0.00000E+00   0.10000E+00    0.50249E-02 -384.76         test_N_all          
.9600E+00     5.000  0.109E+01   0.12430E-02   0.00000E+00   0.10000E+00    0.50249E-02 -386.26         test_N_all          
.9700E+00     5.000  0.104E+01   0.10718E-02   0.00000E+00   0.10000E+00    0.50249E-02 -387.60         test_N_all          
.9800E+00     5.000  0.984E+00   0.91908E-03   0.00000E+00   0.10000E+00    0.50249E-02 -388.79         test_N_all          
.9900E+00     5.000  0.932E+00   0.78315E-03   0.00000E+00   0.10000E+00    0.50249E-02 -389.86         test_N_all          
.1000E+01     5.000  0.882E+00   0.66302E-03   0.00000E+00   0.10000E+00    0.50249E-02 -390.81         test_N_all          
.1000E-01    10.000  0.991E+03   0.52687E+00   0.00000E+00   0.10000E+00    0.50249E-02 7216.53         test_N_all          
.2000E-01    10.000  0.491E+03   0.45252E+00   0.00000E+00   0.10000E+00    0.50249E-02 4921.53         test_N_all          
.3000E-01    10.000  0.324E+03   0.41414E+00   0.00000E+00   0.10000E+00    0.50249E-02 3908.23         test_N_all          
.4000E-01    10.000  0.241E+03   0.39333E+00   0.00000E+00   0.10000E+00    0.50249E-02 3407.71         test_N_all          
.5000E-01    10.000  0.191E+03   0.37623E+00   0.00000E+00   0.10000E+00    0.50249E-02 3021.91         test_N_all          
.6000E-01    10.000  0.158E+03   0.36410E+00   0.00000E+00   0.10000E+00    0.50249E-02 2762.24         test_N_all          
.7000E-01    10.000  0.134E+03   0.35332E+00   0.00000E+00   0.10000E+00    0.50249E-02 2541.39         test_N_all          
.8000E-01    10.000  0.116E+03   0.34412E+00   0.00000E+00   0.10000E+00    0.50249E-02 2360.25         test_N_all          
.9000E-01    10.000  0.102E+03   0.33544E+00   0.00000E+00   0.10000E+00    0.50249E-02 2195.34         test_N_all          
.1000E+00    10.000  0.909E+02   0.32732E+00   0.00000E+00   0.10000E+00    0.50249E-02 2046.47         test_N_all          
.1100E+00    10.000  0.818E+02   0.31925E+00   0.00000E+00   0.10000E+00    0.50249E-02 1903.86         test_N_all          
.1200E+00    10.000  0.742E+02   0.31147E+00   0.00000E+00   0.10000E+00    0.50249E-02 1771.04         test_N_all          
.1300E+00    10.000  0.678E+02   0.30377E+00   0.00000E+00   0.10000E+00    0.50249E-02 1644.46         test_N_all          
.1400E+00    10.000  0.623E+02   0.29609E+00   0.00000E+00   0.10000E+00    0.50249E-02 1522.75         test_N_all          
.1500E+00    10.000  0.575E+02   0.28847E+00   0.00000E+00   0.10000E+00    0.50249E-02 1406.70         test_N_all          
.1600E+00    10.000  0.534E+02   0.28090E+00   0.00000E+00   0.10000E+00    0.50249E-02 1296.01         test_N_all          
.1700E+00    10.000  0.497E+02   0.27340E+00   0.00000E+00   0.10000E+00    0.50249E-02 1190.81         test_N_all          
.1800E+00    10.000  0.464E+02   0.26599E+00   0.00000E+00   0.10000E+00    0.50249E-02 1091.16         test_N_all          
.1900E+00    10.000  0.435E+02   0.25866E+00   0.00000E+00   0.10000E+00    0.50249E-02  996.99         test_N_all          
.2000E+00    10.000  0.409E+02   0.25143E+00   0.00000E+00   0.10000E+00    0.50249E-02  908.20         test_N_all          
.2100E+00    10.000  0.385E+02   0.24430E+00   0.00000E+00   0.10000E+00    0.50249E-02  824.65         test_N_all          
.2200E+00    10.000  0.363E+02   0.23726E+00   0.00000E+00   0.10000E+00    0.50249E-02  746.16         test_N_all          
.2300E+00    10.000  0.344E+02   0.23031E+00   0.00000E+00   0.10000E+00    0.50249E-02  672.55         test_N_all          
.2400E+00    10.000  0.325E+02   0.22345E+00   0.00000E+00   0.10000E+00    0.50249E-02  603.59         test_N_all          
.2500E+00    10.000  0.309E+02   0.21668E+00   0.00000E+00   0.10000E+00    0.50249E-02  539.13         test_N_all          
.2600E+00    10.000  0.293E+02   0.20997E+00   0.00000E+00   0.10000E+00    0.50249E-02  478.93         test_N_all          
.2700E+00    10.000  0.279E+02   0.20333E+00   0.00000E+00   0.10000E+00    0.50249E-02  422.84         test_N_all          
.2800E+00    10.000  0.266E+02   0.19676E+00   0.00000E+00   0.10000E+00    0.50249E-02  370.82         test_N_all          
.2900E+00    10.000  0.254E+02   0.19025E+00   0.00000E+00   0.10000E+00    0.50249E-02  322.58         test_N_all          
.3000E+00    10.000  0.242E+02   0.18379E+00   0.00000E+00   0.10000E+00    0.18868E-02 1972.28         test_N_all          
.3100E+00    10.000  0.231E+02   0.17738E+00   0.00000E+00   0.10000E+00    0.50249E-02  237.15         test_N_all          
.3200E+00    10.000  0.221E+02   0.17102E+00   0.00000E+00   0.10000E+00    0.50249E-02  199.75         test_N_all          
.3300E+00    10.000  0.212E+02   0.16471E+00   0.00000E+00   0.10000E+00    0.50249E-02  165.82         test_N_all          
.3400E+00    10.000  0.203E+02   0.15844E+00   0.00000E+00   0.10000E+00    0.50249E-02  135.26         test_N_all          
.3500E+00    10.000  0.195E+02   0.15223E+00   0.00000E+00   0.10000E+00    0.50249E-02  108.04         test_N_all          
.3600E+00    10.000  0.187E+02   0.14608E+00   0.00000E+00   0.10000E+00    0.50249E-02   84.08         test_N_all          
.3700E+00    10.000  0.179E+02   0.13999E+00   0.00000E+00   0.10000E+00    0.50249E-02   63.32         test_N_all          
.3800E+00    10.000  0.172E+02   0.13397E+00   0.00000E+00   0.10000E+00    0.50249E-02   45.69         test_N_all          
.3900E+00    10.000  0.165E+02   0.12803E+00   0.00000E+00   0.10000E+00    0.50249E-02   31.11         test_N_all          
.4000E+00    10.000  0.159E+02   0.12217E+00   0.00000E+00   0.10000E+00    0.17692E-02  157.10         test_N_all          
.4100E+00    10.000  0.153E+02   0.11642E+00   0.00000E+00   0.10000E+00    0.50249E-02   10.68         test_N_all          
.4200E+00    10.000  0.147E+02   0.11077E+00   0.00000E+00   0.10000E+00    0.50249E-02    4.59         test_N_all          
.4300E+00    10.000  0.141E+02   0.10523E+00   0.00000E+00   0.10000E+00    0.50249E-02    1.08         test_N_all          
.4400E+00    10.000  0.136E+02   0.99820E-01   0.00000E+00   0.10000E+00    0.50249E-02   -0.00         test_N_all          
.4500E+00    10.000  0.131E+02   0.94539E-01   0.00000E+00   0.10000E+00    0.50249E-02   -1.18         test_N_all          
.4600E+00    10.000  0.126E+02   0.89394E-01   0.00000E+00   0.10000E+00    0.50249E-02   -4.45         test_N_all          
.4700E+00    10.000  0.122E+02   0.84399E-01   0.00000E+00   0.10000E+00    0.50249E-02   -9.64         test_N_all          
.4800E+00    10.000  0.117E+02   0.79555E-01   0.00000E+00   0.10000E+00    0.50249E-02  -16.55         test_N_all          
.4900E+00    10.000  0.113E+02   0.74869E-01   0.00000E+00   0.10000E+00    0.50249E-02  -25.01         test_N_all          
.5000E+00    10.000  0.109E+02   0.70347E-01   0.00000E+00   0.10000E+00    0.17692E-02 -280.93         test_N_all          
.5100E+00    10.000  0.105E+02   0.65989E-01   0.00000E+00   0.10000E+00    0.50249E-02  -45.81         test_N_all          
.5200E+00    10.000  0.101E+02   0.61802E-01   0.00000E+00   0.10000E+00    0.50249E-02  -57.78         test_N_all          
.5300E+00    10.000  0.975E+01   0.57787E-01   0.00000E+00   0.10000E+00    0.50249E-02  -70.57         test_N_all          
.5400E+00    10.000  0.940E+01   0.53942E-01   0.00000E+00   0.10000E+00    0.50249E-02  -84.01         test_N_all          
.5500E+00    10.000  0.906E+01   0.50273E-01   0.00000E+00   0.10000E+00    0.50249E-02  -97.93         test_N_all          
.5600E+00    10.000  0.874E+01   0.46775E-01   0.00000E+00   0.10000E+00    0.50249E-02 -112.20         test_N_all          
.5700E+00    10.000  0.843E+01   0.43447E-01   0.00000E+00   0.10000E+00    0.50249E-02 -126.66         test_N_all          
.5800E+00    10.000  0.812E+01   0.40290E-01   0.00000E+00   0.10000E+00    0.50249E-02 -141.20         test_N_all          
.5900E+00    10.000  0.783E+01   0.37299E-01   0.00000E+00   0.10000E+00    0.50249E-02 -155.70         test_N_all          
.6000E+00    10.000  0.755E+01   0.34471E-01   0.00000E+00   0.10000E+00    0.17692E-02 *******         test_N_all          
.6100E+00    10.000  0.728E+01   0.31804E-01   0.00000E+00   0.10000E+00    0.50249E-02 -184.19         test_N_all          
.6200E+00    10.000  0.701E+01   0.29291E-01   0.00000E+00   0.10000E+00    0.50249E-02 -198.01         test_N_all          
.6300E+00    10.000  0.675E+01   0.26931E-01   0.00000E+00   0.10000E+00    0.50249E-02 -211.45         test_N_all          
.6400E+00    10.000  0.651E+01   0.24717E-01   0.00000E+00   0.10000E+00    0.50249E-02 -224.46         test_N_all          
.6500E+00    10.000  0.627E+01   0.22643E-01   0.00000E+00   0.10000E+00    0.50249E-02 -236.99         test_N_all          
.6600E+00    10.000  0.603E+01   0.20706E-01   0.00000E+00   0.10000E+00    0.50249E-02 -249.01         test_N_all          
.6700E+00    10.000  0.581E+01   0.18898E-01   0.00000E+00   0.10000E+00    0.50249E-02 -260.49         test_N_all          
.6800E+00    10.000  0.559E+01   0.17215E-01   0.00000E+00   0.10000E+00    0.50249E-02 -271.42         test_N_all          
.6900E+00    10.000  0.537E+01   0.15651E-01   0.00000E+00   0.10000E+00    0.50249E-02 -281.77         test_N_all          
.7000E+00    10.000  0.517E+01   0.14201E-01   0.00000E+00   0.10000E+00    0.17692E-02 *******         test_N_all          
.7100E+00    10.000  0.497E+01   0.12857E-01   0.00000E+00   0.10000E+00    0.50249E-02 -300.75         test_N_all          
.7200E+00    10.000  0.477E+01   0.11615E-01   0.00000E+00   0.10000E+00    0.50249E-02 -309.38         test_N_all          
.7300E+00    10.000  0.458E+01   0.10470E-01   0.00000E+00   0.10000E+00    0.50249E-02 -317.45         test_N_all          
.7400E+00    10.000  0.440E+01   0.94141E-02   0.00000E+00   0.10000E+00    0.50249E-02 -324.98         test_N_all          
.7500E+00    10.000  0.422E+01   0.84439E-02   0.00000E+00   0.10000E+00    0.50249E-02 -331.98         test_N_all          
.7600E+00    10.000  0.404E+01   0.75545E-02   0.00000E+00   0.10000E+00    0.50249E-02 -338.46         test_N_all          
.7700E+00    10.000  0.387E+01   0.67391E-02   0.00000E+00   0.10000E+00    0.50249E-02 -344.46         test_N_all          
.7800E+00    10.000  0.370E+01   0.59942E-02   0.00000E+00   0.10000E+00    0.50249E-02 -349.98         test_N_all          
.7900E+00    10.000  0.354E+01   0.53156E-02   0.00000E+00   0.10000E+00    0.50249E-02 -355.05         test_N_all          
.8000E+00    10.000  0.338E+01   0.46971E-02   0.00000E+00   0.10000E+00    0.17692E-02 *******         test_N_all          
.8100E+00    10.000  0.323E+01   0.41360E-02   0.00000E+00   0.10000E+00    0.50249E-02 -363.96         test_N_all          
.8200E+00    10.000  0.308E+01   0.36284E-02   0.00000E+00   0.10000E+00    0.50249E-02 -367.82         test_N_all          
.8300E+00    10.000  0.293E+01   0.31690E-02   0.00000E+00   0.10000E+00    0.50249E-02 -371.34         test_N_all          
.8400E+00    10.000  0.279E+01   0.27555E-02   0.00000E+00   0.10000E+00    0.50249E-02 -374.51         test_N_all          
.8500E+00    10.000  0.265E+01   0.23843E-02   0.00000E+00   0.10000E+00    0.50249E-02 -377.38         test_N_all          
.8600E+00    10.000  0.251E+01   0.20517E-02   0.00000E+00   0.10000E+00    0.50249E-02 -379.96         test_N_all          
.8700E+00    10.000  0.238E+01   0.17554E-02   0.00000E+00   0.10000E+00    0.50249E-02 -382.26         test_N_all          
.8800E+00    10.000  0.225E+01   0.14925E-02   0.00000E+00   0.10000E+00    0.50249E-02 -384.31         test_N_all          
.8900E+00    10.000  0.212E+01   0.12594E-02   0.00000E+00   0.10000E+00    0.50249E-02 -386.13         test_N_all          
.9000E+00    10.000  0.199E+01   0.10546E-02   0.00000E+00   0.10000E+00    0.17692E-02 *******         test_N_all          
.9100E+00    10.000  0.187E+01   0.87563E-03   0.00000E+00   0.10000E+00    0.50249E-02 -389.13         test_N_all          
.9200E+00    10.000  0.175E+01   0.71946E-03   0.00000E+00   0.10000E+00    0.50249E-02 -390.36         test_N_all          
.9300E+00    10.000  0.163E+01   0.58479E-03   0.00000E+00   0.10000E+00    0.50249E-02 -391.42         test_N_all          
.9400E+00    10.000  0.152E+01   0.46972E-03   0.00000E+00   0.10000E+00    0.50249E-02 -392.33         test_N_all          
.9500E+00    10.000  0.141E+01   0.37155E-03   0.00000E+00   0.10000E+00    0.50249E-02 -393.10         test_N_all          
.9600E+00    10.000  0.130E+01   0.28925E-03   0.00000E+00   0.10000E+00    0.50249E-02 -393.75         test_N_all          
.9700E+00    10.000  0.119E+01   0.22125E-03   0.00000E+00   0.10000E+00    0.50249E-02 -394.29         test_N_all          
.9800E+00    10.000  0.109E+01   0.16515E-03   0.00000E+00   0.10000E+00    0.50249E-02 -394.73         test_N_all          
.9900E+00    10.000  0.983E+00   0.12015E-03   0.00000E+00   0.10000E+00    0.50249E-02 -395.09         test_N_all          
.1000E+01    10.000  0.882E+00   0.84974E-04   0.00000E+00   0.10000E+00    0.50249E-02 -395.37         test_N_all          
.1000E-01    20.000  0.198E+04   0.60582E+00   0.00000E+00   0.10000E+00    0.50249E-02 *******         test_N_all          
.2000E-01    20.000  0.981E+03   0.50525E+00   0.00000E+00   0.10000E+00    0.50249E-02 6503.92         test_N_all          
.3000E-01    20.000  0.648E+03   0.45230E+00   0.00000E+00   0.10000E+00    0.50249E-02 4915.54         test_N_all          
.4000E-01    20.000  0.481E+03   0.42311E+00   0.00000E+00   0.10000E+00    0.50249E-02 4134.76         test_N_all          
.5000E-01    20.000  0.381E+03   0.39882E+00   0.00000E+00   0.10000E+00    0.50249E-02 3536.40         test_N_all          
.6000E-01    20.000  0.314E+03   0.38156E+00   0.00000E+00   0.10000E+00    0.50249E-02 3139.75         test_N_all          
.7000E-01    20.000  0.267E+03   0.36624E+00   0.00000E+00   0.10000E+00    0.50249E-02 2807.18         test_N_all          
.8000E-01    20.000  0.231E+03   0.35356E+00   0.00000E+00   0.10000E+00    0.50249E-02 2546.32         test_N_all          
.9000E-01    20.000  0.203E+03   0.34186E+00   0.00000E+00   0.10000E+00    0.50249E-02 2316.63         test_N_all          
.1000E+00    20.000  0.181E+03   0.33122E+00   0.00000E+00   0.10000E+00    0.50249E-02 2117.34         test_N_all          
.1100E+00    20.000  0.163E+03   0.32101E+00   0.00000E+00   0.10000E+00    0.50249E-02 1934.44         test_N_all          
.1200E+00    20.000  0.148E+03   0.31129E+00   0.00000E+00   0.10000E+00    0.50249E-02 1768.05         test_N_all          
.1300E+00    20.000  0.135E+03   0.30194E+00   0.00000E+00   0.10000E+00    0.50249E-02 1614.98         test_N_all          
.1400E+00    20.000  0.124E+03   0.29281E+00   0.00000E+00   0.10000E+00    0.50249E-02 1472.28         test_N_all          
.1500E+00    20.000  0.114E+03   0.28396E+00   0.00000E+00   0.10000E+00    0.50249E-02 1340.23         test_N_all          
.1600E+00    20.000  0.106E+03   0.27531E+00   0.00000E+00   0.10000E+00    0.50249E-02 1217.14         test_N_all          
.1700E+00    20.000  0.985E+02   0.26687E+00   0.00000E+00   0.10000E+00    0.50249E-02 1102.82         test_N_all          
.1800E+00    20.000  0.920E+02   0.25864E+00   0.00000E+00   0.10000E+00    0.50249E-02  996.71         test_N_all          
.1900E+00    20.000  0.861E+02   0.25059E+00   0.00000E+00   0.10000E+00    0.50249E-02  898.16         test_N_all          
.2000E+00    20.000  0.809E+02   0.24273E+00   0.00000E+00   0.10000E+00    0.50249E-02  806.84         test_N_all          
.2100E+00    20.000  0.761E+02   0.23504E+00   0.00000E+00   0.10000E+00    0.50249E-02  722.16         test_N_all          
.2200E+00    20.000  0.718E+02   0.22750E+00   0.00000E+00   0.10000E+00    0.50249E-02  643.81         test_N_all          
.2300E+00    20.000  0.678E+02   0.22011E+00   0.00000E+00   0.10000E+00    0.50249E-02  571.37         test_N_all          
.2400E+00    20.000  0.642E+02   0.21286E+00   0.00000E+00   0.10000E+00    0.50249E-02  504.44         test_N_all          
.2500E+00    20.000  0.609E+02   0.20574E+00   0.00000E+00   0.10000E+00    0.50249E-02  442.78         test_N_all          
.2600E+00    20.000  0.578E+02   0.19872E+00   0.00000E+00   0.10000E+00    0.50249E-02  385.99         test_N_all          
.2700E+00    20.000  0.550E+02   0.19182E+00   0.00000E+00   0.10000E+00    0.50249E-02  333.90         test_N_all          
.2800E+00    20.000  0.523E+02   0.18502E+00   0.00000E+00   0.10000E+00    0.50249E-02  286.25         test_N_all          
.2900E+00    20.000  0.498E+02   0.17830E+00   0.00000E+00   0.10000E+00    0.50249E-02  242.80         test_N_all          
.3000E+00    20.000  0.475E+02   0.17167E+00   0.00000E+00   0.10000E+00    0.18868E-02 1442.76         test_N_all          
.3100E+00    20.000  0.454E+02   0.16513E+00   0.00000E+00   0.10000E+00    0.50249E-02  167.98         test_N_all          
.3200E+00    20.000  0.434E+02   0.15867E+00   0.00000E+00   0.10000E+00    0.50249E-02  136.31         test_N_all          
.3300E+00    20.000  0.415E+02   0.15229E+00   0.00000E+00   0.10000E+00    0.50249E-02  108.29         test_N_all          
.3400E+00    20.000  0.397E+02   0.14599E+00   0.00000E+00   0.10000E+00    0.50249E-02   83.77         test_N_all          
.3500E+00    20.000  0.380E+02   0.13978E+00   0.00000E+00   0.10000E+00    0.50249E-02   62.67         test_N_all          
.3600E+00    20.000  0.364E+02   0.13366E+00   0.00000E+00   0.10000E+00    0.50249E-02   44.86         test_N_all          
.3700E+00    20.000  0.349E+02   0.12762E+00   0.00000E+00   0.10000E+00    0.50249E-02   30.22         test_N_all          
.3800E+00    20.000  0.335E+02   0.12169E+00   0.00000E+00   0.10000E+00    0.50249E-02   18.64         test_N_all          
.3900E+00    20.000  0.322E+02   0.11587E+00   0.00000E+00   0.10000E+00    0.50249E-02    9.97         test_N_all          
.4000E+00    20.000  0.309E+02   0.11016E+00   0.00000E+00   0.10000E+00    0.17692E-02   32.97         test_N_all          
.4100E+00    20.000  0.297E+02   0.10457E+00   0.00000E+00   0.10000E+00    0.50249E-02    0.83         test_N_all          
.4200E+00    20.000  0.285E+02   0.99111E-01   0.00000E+00   0.10000E+00    0.50249E-02   -0.03         test_N_all          
.4300E+00    20.000  0.274E+02   0.93785E-01   0.00000E+00   0.10000E+00    0.50249E-02   -1.53         test_N_all          
.4400E+00    20.000  0.263E+02   0.88605E-01   0.00000E+00   0.10000E+00    0.50249E-02   -5.14         test_N_all          
.4500E+00    20.000  0.253E+02   0.83573E-01   0.00000E+00   0.10000E+00    0.50249E-02  -10.69         test_N_all          
.4600E+00    20.000  0.244E+02   0.78697E-01   0.00000E+00   0.10000E+00    0.50249E-02  -17.97         test_N_all          
.4700E+00    20.000  0.234E+02   0.73982E-01   0.00000E+00   0.10000E+00    0.50249E-02  -26.81         test_N_all          
.4800E+00    20.000  0.225E+02   0.69429E-01   0.00000E+00   0.10000E+00    0.50249E-02  -37.01         test_N_all          
.4900E+00    20.000  0.217E+02   0.65048E-01   0.00000E+00   0.10000E+00    0.50249E-02  -48.38         test_N_all          
.5000E+00    20.000  0.209E+02   0.60837E-01   0.00000E+00   0.10000E+00    0.17692E-02 -490.01         test_N_all          
.5100E+00    20.000  0.201E+02   0.56799E-01   0.00000E+00   0.10000E+00    0.50249E-02  -73.92         test_N_all          
.5200E+00    20.000  0.193E+02   0.52936E-01   0.00000E+00   0.10000E+00    0.50249E-02  -87.72         test_N_all          
.5300E+00    20.000  0.186E+02   0.49247E-01   0.00000E+00   0.10000E+00    0.50249E-02 -102.02         test_N_all          
.5400E+00    20.000  0.179E+02   0.45733E-01   0.00000E+00   0.10000E+00    0.50249E-02 -116.63         test_N_all          
.5500E+00    20.000  0.172E+02   0.42393E-01   0.00000E+00   0.10000E+00    0.50249E-02 -131.43         test_N_all          
.5600E+00    20.000  0.166E+02   0.39224E-01   0.00000E+00   0.10000E+00    0.50249E-02 -146.29         test_N_all          
.5700E+00    20.000  0.160E+02   0.36225E-01   0.00000E+00   0.10000E+00    0.50249E-02 -161.08         test_N_all          
.5800E+00    20.000  0.154E+02   0.33391E-01   0.00000E+00   0.10000E+00    0.50249E-02 -175.71         test_N_all          
.5900E+00    20.000  0.148E+02   0.30720E-01   0.00000E+00   0.10000E+00    0.50249E-02 -190.09         test_N_all          
.6000E+00    20.000  0.142E+02   0.28208E-01   0.00000E+00   0.10000E+00    0.17692E-02 *******         test_N_all          
.6100E+00    20.000  0.137E+02   0.25849E-01   0.00000E+00   0.10000E+00    0.50249E-02 -217.75         test_N_all          
.6200E+00    20.000  0.131E+02   0.23641E-01   0.00000E+00   0.10000E+00    0.50249E-02 -230.92         test_N_all          
.6300E+00    20.000  0.126E+02   0.21575E-01   0.00000E+00   0.10000E+00    0.50249E-02 -243.58         test_N_all          
.6400E+00    20.000  0.121E+02   0.19649E-01   0.00000E+00   0.10000E+00    0.50249E-02 -255.70         test_N_all          
.6500E+00    20.000  0.117E+02   0.17855E-01   0.00000E+00   0.10000E+00    0.50249E-02 -267.24         test_N_all          
.6600E+00    20.000  0.112E+02   0.16189E-01   0.00000E+00   0.10000E+00    0.50249E-02 -278.19         test_N_all          
.6700E+00    20.000  0.107E+02   0.14644E-01   0.00000E+00   0.10000E+00    0.50249E-02 -288.54         test_N_all          
.6800E+00    20.000  0.103E+02   0.13214E-01   0.00000E+00   0.10000E+00    0.50249E-02 -298.29         test_N_all          
.6900E+00    20.000  0.987E+01   0.11895E-01   0.00000E+00   0.10000E+00    0.50249E-02 -307.43         test_N_all          
.7000E+00    20.000  0.945E+01   0.10678E-01   0.00000E+00   0.10000E+00    0.17692E-02 *******         test_N_all          
.7100E+00    20.000  0.905E+01   0.95604E-02   0.00000E+00   0.10000E+00    0.50249E-02 -323.93         test_N_all          
.7200E+00    20.000  0.866E+01   0.85348E-02   0.00000E+00   0.10000E+00    0.50249E-02 -331.32         test_N_all          
.7300E+00    20.000  0.828E+01   0.75955E-02   0.00000E+00   0.10000E+00    0.50249E-02 -338.16         test_N_all          
.7400E+00    20.000  0.791E+01   0.67383E-02   0.00000E+00   0.10000E+00    0.50249E-02 -344.46         test_N_all          
.7500E+00    20.000  0.755E+01   0.59569E-02   0.00000E+00   0.10000E+00    0.50249E-02 -350.26         test_N_all          
.7600E+00    20.000  0.720E+01   0.52466E-02   0.00000E+00   0.10000E+00    0.50249E-02 -355.57         test_N_all          
.7700E+00    20.000  0.686E+01   0.46034E-02   0.00000E+00   0.10000E+00    0.50249E-02 -360.42         test_N_all          
.7800E+00    20.000  0.652E+01   0.40210E-02   0.00000E+00   0.10000E+00    0.50249E-02 -364.83         test_N_all          
.7900E+00    20.000  0.620E+01   0.34965E-02   0.00000E+00   0.10000E+00    0.50249E-02 -368.83         test_N_all          
.8000E+00    20.000  0.588E+01   0.30255E-02   0.00000E+00   0.10000E+00    0.17692E-02 *******         test_N_all          
.8100E+00    20.000  0.557E+01   0.26031E-02   0.00000E+00   0.10000E+00    0.50249E-02 -375.69         test_N_all          
.8200E+00    20.000  0.527E+01   0.22270E-02   0.00000E+00   0.10000E+00    0.50249E-02 -378.60         test_N_all          
.8300E+00    20.000  0.498E+01   0.18921E-02   0.00000E+00   0.10000E+00    0.50249E-02 -381.19         test_N_all          
.8400E+00    20.000  0.469E+01   0.15961E-02   0.00000E+00   0.10000E+00    0.50249E-02 -383.50         test_N_all          
.8500E+00    20.000  0.441E+01   0.13361E-02   0.00000E+00   0.10000E+00    0.50249E-02 -385.53         test_N_all          
.8600E+00    20.000  0.414E+01   0.11080E-02   0.00000E+00   0.10000E+00    0.50249E-02 -387.31         test_N_all          
.8700E+00    20.000  0.387E+01   0.90973E-03   0.00000E+00   0.10000E+00    0.50249E-02 -388.87         test_N_all          
.8800E+00    20.000  0.361E+01   0.73890E-03   0.00000E+00   0.10000E+00    0.50249E-02 -390.21         test_N_all          
.8900E+00    20.000  0.335E+01   0.59207E-03   0.00000E+00   0.10000E+00    0.50249E-02 -391.36         test_N_all          
.9000E+00    20.000  0.310E+01   0.46775E-03   0.00000E+00   0.10000E+00    0.17692E-02 *******         test_N_all          
.9100E+00    20.000  0.286E+01   0.36351E-03   0.00000E+00   0.10000E+00    0.50249E-02 -393.17         test_N_all          
.9200E+00    20.000  0.262E+01   0.27678E-03   0.00000E+00   0.10000E+00    0.50249E-02 -393.85         test_N_all          
.9300E+00    20.000  0.239E+01   0.20623E-03   0.00000E+00   0.10000E+00    0.50249E-02 -394.41         test_N_all          
.9400E+00    20.000  0.216E+01   0.14949E-03   0.00000E+00   0.10000E+00    0.50249E-02 -394.86         test_N_all          
.9500E+00    20.000  0.193E+01   0.10474E-03   0.00000E+00   0.10000E+00    0.50249E-02 -395.21         test_N_all          
.9600E+00    20.000  0.172E+01   0.70799E-04   0.00000E+00   0.10000E+00    0.50249E-02 -395.48         test_N_all          
.9700E+00    20.000  0.150E+01   0.45236E-04   0.00000E+00   0.10000E+00    0.50249E-02 -395.68         test_N_all          
.9800E+00    20.000  0.129E+01   0.27038E-04   0.00000E+00   0.10000E+00    0.50249E-02 -395.83         test_N_all          
.9900E+00    20.000  0.108E+01   0.15145E-04   0.00000E+00   0.10000E+00    0.50249E-02 -395.92         test_N_all          
.1000E+01    20.000  0.882E+00   0.71192E-05   0.00000E+00   0.10000E+00    0.50249E-02 -395.98         test_N_all          
.1000E+00    50.000  0.451E+03   0.33401E+00   0.00000E+00   0.10000E+00    0.50249E-02 2168.71         test_N_all          
.1100E+00    50.000  0.405E+03   0.32135E+00   0.00000E+00   0.10000E+00    0.50249E-02 1940.43         test_N_all          
.1200E+00    50.000  0.368E+03   0.30959E+00   0.00000E+00   0.10000E+00    0.50249E-02 1739.64         test_N_all          
.1300E+00    50.000  0.335E+03   0.29850E+00   0.00000E+00   0.10000E+00    0.50249E-02 1560.47         test_N_all          
.1400E+00    50.000  0.308E+03   0.28788E+00   0.00000E+00   0.10000E+00    0.50249E-02 1397.91         test_N_all          
.1500E+00    50.000  0.284E+03   0.27777E+00   0.00000E+00   0.10000E+00    0.50249E-02 1251.52         test_N_all          
.1600E+00    50.000  0.263E+03   0.26801E+00   0.00000E+00   0.10000E+00    0.50249E-02 1117.92         test_N_all          
.1700E+00    50.000  0.245E+03   0.25863E+00   0.00000E+00   0.10000E+00    0.50249E-02  996.59         test_N_all          
.1800E+00    50.000  0.229E+03   0.24959E+00   0.00000E+00   0.10000E+00    0.50249E-02  886.17         test_N_all          
.1900E+00    50.000  0.214E+03   0.24082E+00   0.00000E+00   0.10000E+00    0.50249E-02  785.41         test_N_all          
.2000E+00    50.000  0.201E+03   0.23235E+00   0.00000E+00   0.10000E+00    0.50249E-02  693.70         test_N_all          
.2100E+00    50.000  0.189E+03   0.22411E+00   0.00000E+00   0.10000E+00    0.50249E-02  609.99         test_N_all          
.2200E+00    50.000  0.178E+03   0.21610E+00   0.00000E+00   0.10000E+00    0.50249E-02  533.79         test_N_all          
.2300E+00    50.000  0.168E+03   0.20830E+00   0.00000E+00   0.10000E+00    0.50249E-02  464.49         test_N_all          
.2400E+00    50.000  0.159E+03   0.20068E+00   0.00000E+00   0.10000E+00    0.50249E-02  401.47         test_N_all          
.2500E+00    50.000  0.151E+03   0.19325E+00   0.00000E+00   0.10000E+00    0.50249E-02  344.40         test_N_all          
.2600E+00    50.000  0.143E+03   0.18598E+00   0.00000E+00   0.10000E+00    0.50249E-02  292.74         test_N_all          
.2700E+00    50.000  0.136E+03   0.17885E+00   0.00000E+00   0.10000E+00    0.50249E-02  246.24         test_N_all          
.2800E+00    50.000  0.129E+03   0.17187E+00   0.00000E+00   0.10000E+00    0.50249E-02  204.56         test_N_all          
.2900E+00    50.000  0.123E+03   0.16501E+00   0.00000E+00   0.10000E+00    0.50249E-02  167.39         test_N_all          
.3000E+00    50.000  0.118E+03   0.15829E+00   0.00000E+00   0.10000E+00    0.18868E-02  954.33         test_N_all          
.3100E+00    50.000  0.112E+03   0.15168E+00   0.00000E+00   0.10000E+00    0.50249E-02  105.76         test_N_all          
.3200E+00    50.000  0.107E+03   0.14519E+00   0.00000E+00   0.10000E+00    0.50249E-02   80.87         test_N_all          
.3300E+00    50.000  0.102E+03   0.13882E+00   0.00000E+00   0.10000E+00    0.50249E-02   59.67         test_N_all          
.3400E+00    50.000  0.979E+02   0.13256E+00   0.00000E+00   0.10000E+00    0.50249E-02   41.98         test_N_all          
.3500E+00    50.000  0.937E+02   0.12642E+00   0.00000E+00   0.10000E+00    0.50249E-02   27.65         test_N_all          
.3600E+00    50.000  0.898E+02   0.12041E+00   0.00000E+00   0.10000E+00    0.50249E-02   16.50         test_N_all          
.3700E+00    50.000  0.860E+02   0.11452E+00   0.00000E+00   0.10000E+00    0.50249E-02    8.35         test_N_all          
.3800E+00    50.000  0.825E+02   0.10876E+00   0.00000E+00   0.10000E+00    0.50249E-02    3.04         test_N_all          
.3900E+00    50.000  0.791E+02   0.10315E+00   0.00000E+00   0.10000E+00    0.50249E-02    0.39         test_N_all          
.4000E+00    50.000  0.759E+02   0.97668E-01   0.00000E+00   0.10000E+00    0.17692E-02   -1.74         test_N_all          
.4100E+00    50.000  0.728E+02   0.92338E-01   0.00000E+00   0.10000E+00    0.50249E-02   -2.32         test_N_all          
.4200E+00    50.000  0.699E+02   0.87159E-01   0.00000E+00   0.10000E+00    0.50249E-02   -6.53         test_N_all          
.4300E+00    50.000  0.672E+02   0.82137E-01   0.00000E+00   0.10000E+00    0.50249E-02  -12.64         test_N_all          
.4400E+00    50.000  0.645E+02   0.77277E-01   0.00000E+00   0.10000E+00    0.50249E-02  -20.45         test_N_all          
.4500E+00    50.000  0.620E+02   0.72581E-01   0.00000E+00   0.10000E+00    0.50249E-02  -29.77         test_N_all          
.4600E+00    50.000  0.596E+02   0.68055E-01   0.00000E+00   0.10000E+00    0.50249E-02  -40.41         test_N_all          
.4700E+00    50.000  0.573E+02   0.63701E-01   0.00000E+00   0.10000E+00    0.50249E-02  -52.18         test_N_all          
.4800E+00    50.000  0.550E+02   0.59520E-01   0.00000E+00   0.10000E+00    0.50249E-02  -64.90         test_N_all          
.4900E+00    50.000  0.529E+02   0.55515E-01   0.00000E+00   0.10000E+00    0.50249E-02  -78.37         test_N_all          
.5000E+00    50.000  0.509E+02   0.51686E-01   0.00000E+00   0.10000E+00    0.17692E-02 -745.77         test_N_all          
.5100E+00    50.000  0.489E+02   0.48033E-01   0.00000E+00   0.10000E+00    0.50249E-02 -106.95         test_N_all          
.5200E+00    50.000  0.470E+02   0.44556E-01   0.00000E+00   0.10000E+00    0.50249E-02 -121.74         test_N_all          
.5300E+00    50.000  0.452E+02   0.41252E-01   0.00000E+00   0.10000E+00    0.50249E-02 -136.69         test_N_all          
.5400E+00    50.000  0.435E+02   0.38121E-01   0.00000E+00   0.10000E+00    0.50249E-02 -151.65         test_N_all          
.5500E+00    50.000  0.418E+02   0.35158E-01   0.00000E+00   0.10000E+00    0.50249E-02 -166.51         test_N_all          
.5600E+00    50.000  0.402E+02   0.32362E-01   0.00000E+00   0.10000E+00    0.50249E-02 -181.18         test_N_all          
.5700E+00    50.000  0.386E+02   0.29729E-01   0.00000E+00   0.10000E+00    0.50249E-02 -195.56         test_N_all          
.5800E+00    50.000  0.371E+02   0.27254E-01   0.00000E+00   0.10000E+00    0.50249E-02 -209.59         test_N_all          
.5900E+00    50.000  0.356E+02   0.24933E-01   0.00000E+00   0.10000E+00    0.50249E-02 -223.17         test_N_all          
.6000E+00    50.000  0.342E+02   0.22760E-01   0.00000E+00   0.10000E+00    0.17692E-02 *******         test_N_all          
.6100E+00    50.000  0.328E+02   0.20732E-01   0.00000E+00   0.10000E+00    0.50249E-02 -248.85         test_N_all          
.6200E+00    50.000  0.315E+02   0.18841E-01   0.00000E+00   0.10000E+00    0.50249E-02 -260.86         test_N_all          
.6300E+00    50.000  0.302E+02   0.17083E-01   0.00000E+00   0.10000E+00    0.50249E-02 -272.28         test_N_all          
.6400E+00    50.000  0.290E+02   0.15452E-01   0.00000E+00   0.10000E+00    0.50249E-02 -283.10         test_N_all          
.6500E+00    50.000  0.278E+02   0.13942E-01   0.00000E+00   0.10000E+00    0.50249E-02 -293.30         test_N_all          
.6600E+00    50.000  0.266E+02   0.12547E-01   0.00000E+00   0.10000E+00    0.50249E-02 -302.89         test_N_all          
.6700E+00    50.000  0.255E+02   0.11261E-01   0.00000E+00   0.10000E+00    0.50249E-02 -311.86         test_N_all          
.6800E+00    50.000  0.244E+02   0.10079E-01   0.00000E+00   0.10000E+00    0.50249E-02 -320.23         test_N_all          
.6900E+00    50.000  0.233E+02   0.89940E-02   0.00000E+00   0.10000E+00    0.50249E-02 -328.00         test_N_all          
.7000E+00    50.000  0.223E+02   0.80008E-02   0.00000E+00   0.10000E+00    0.17692E-02 *******         test_N_all          
.7100E+00    50.000  0.213E+02   0.70940E-02   0.00000E+00   0.10000E+00    0.50249E-02 -341.84         test_N_all          
.7200E+00    50.000  0.203E+02   0.62675E-02   0.00000E+00   0.10000E+00    0.50249E-02 -347.95         test_N_all          
.7300E+00    50.000  0.194E+02   0.55172E-02   0.00000E+00   0.10000E+00    0.50249E-02 -353.54         test_N_all          
.7400E+00    50.000  0.184E+02   0.48368E-02   0.00000E+00   0.10000E+00    0.50249E-02 -358.66         test_N_all          
.7500E+00    50.000  0.175E+02   0.42221E-02   0.00000E+00   0.10000E+00    0.50249E-02 -363.30         test_N_all          
.7600E+00    50.000  0.167E+02   0.36689E-02   0.00000E+00   0.10000E+00    0.50249E-02 -367.51         test_N_all          
.7700E+00    50.000  0.158E+02   0.31715E-02   0.00000E+00   0.10000E+00    0.50249E-02 -371.32         test_N_all          
.7800E+00    50.000  0.150E+02   0.27270E-02   0.00000E+00   0.10000E+00    0.50249E-02 -374.73         test_N_all          
.7900E+00    50.000  0.142E+02   0.23306E-02   0.00000E+00   0.10000E+00    0.50249E-02 -377.79         test_N_all          
.8000E+00    50.000  0.134E+02   0.19786E-02   0.00000E+00   0.10000E+00    0.17692E-02 *******         test_N_all          
.8100E+00    50.000  0.126E+02   0.16679E-02   0.00000E+00   0.10000E+00    0.50249E-02 -382.94         test_N_all          
.8200E+00    50.000  0.119E+02   0.13943E-02   0.00000E+00   0.10000E+00    0.50249E-02 -385.07         test_N_all          
.8300E+00    50.000  0.111E+02   0.11555E-02   0.00000E+00   0.10000E+00    0.50249E-02 -386.94         test_N_all          
.8400E+00    50.000  0.104E+02   0.94813E-03   0.00000E+00   0.10000E+00    0.50249E-02 -388.57         test_N_all          
.8500E+00    50.000  0.971E+01   0.76895E-03   0.00000E+00   0.10000E+00    0.50249E-02 -389.97         test_N_all          
.8600E+00    50.000  0.902E+01   0.61612E-03   0.00000E+00   0.10000E+00    0.50249E-02 -391.17         test_N_all          
.8700E+00    50.000  0.835E+01   0.48618E-03   0.00000E+00   0.10000E+00    0.50249E-02 -392.20         test_N_all          
.8800E+00    50.000  0.770E+01   0.37736E-03   0.00000E+00   0.10000E+00    0.50249E-02 -393.06         test_N_all          
.8900E+00    50.000  0.706E+01   0.28750E-03   0.00000E+00   0.10000E+00    0.50249E-02 -393.77         test_N_all          
.9000E+00    50.000  0.644E+01   0.21381E-03   0.00000E+00   0.10000E+00    0.17692E-02 *******         test_N_all          
.9100E+00    50.000  0.583E+01   0.15502E-03   0.00000E+00   0.10000E+00    0.50249E-02 -394.81         test_N_all          
.9200E+00    50.000  0.523E+01   0.10874E-03   0.00000E+00   0.10000E+00    0.50249E-02 -395.18         test_N_all          
.9300E+00    50.000  0.465E+01   0.73227E-04   0.00000E+00   0.10000E+00    0.50249E-02 -395.46         test_N_all          
.9400E+00    50.000  0.407E+01   0.47245E-04   0.00000E+00   0.10000E+00    0.50249E-02 -395.67         test_N_all          
.9500E+00    50.000  0.351E+01   0.28230E-04   0.00000E+00   0.10000E+00    0.50249E-02 -395.82         test_N_all          
.9600E+00    50.000  0.297E+01   0.15589E-04   0.00000E+00   0.10000E+00    0.50249E-02 -395.92         test_N_all          
.9700E+00    50.000  0.243E+01   0.77187E-05   0.00000E+00   0.10000E+00    0.50249E-02 -395.98         test_N_all          
.9800E+00    50.000  0.190E+01   0.30086E-05   0.00000E+00   0.10000E+00    0.50249E-02 -396.02         test_N_all          
.9900E+00    50.000  0.139E+01   0.10074E-05   0.00000E+00   0.10000E+00    0.50249E-02 -396.03         test_N_all          
.1000E+01    50.000  0.882E+00   0.69707E-06   0.00000E+00   0.10000E+00    0.50249E-02 -396.03         test_N_all          
.1000E+00   100.000  0.901E+03   0.33489E+00   0.00000E+00   0.10000E+00    0.50249E-02 2185.07         test_N_all          
.1100E+00   100.000  0.810E+03   0.32069E+00   0.00000E+00   0.10000E+00    0.50249E-02 1928.92         test_N_all          
.1200E+00   100.000  0.734E+03   0.30765E+00   0.00000E+00   0.10000E+00    0.50249E-02 1707.71         test_N_all          
.1300E+00   100.000  0.670E+03   0.29550E+00   0.00000E+00   0.10000E+00    0.50249E-02 1513.63         test_N_all          
.1400E+00   100.000  0.615E+03   0.28396E+00   0.00000E+00   0.10000E+00    0.50249E-02 1340.23         test_N_all          
.1500E+00   100.000  0.568E+03   0.27308E+00   0.00000E+00   0.10000E+00    0.50249E-02 1186.47         test_N_all          
.1600E+00   100.000  0.526E+03   0.26266E+00   0.00000E+00   0.10000E+00    0.50249E-02 1047.89         test_N_all          
.1700E+00   100.000  0.489E+03   0.25272E+00   0.00000E+00   0.10000E+00    0.50249E-02  923.66         test_N_all          
.1800E+00   100.000  0.456E+03   0.24318E+00   0.00000E+00   0.10000E+00    0.50249E-02  811.96         test_N_all          
.1900E+00   100.000  0.427E+03   0.23400E+00   0.00000E+00   0.10000E+00    0.50249E-02  711.16         test_N_all          
.2000E+00   100.000  0.401E+03   0.22517E+00   0.00000E+00   0.10000E+00    0.50249E-02  620.49         test_N_all          
.2100E+00   100.000  0.377E+03   0.21662E+00   0.00000E+00   0.10000E+00    0.50249E-02  538.59         test_N_all          
.2200E+00   100.000  0.355E+03   0.20834E+00   0.00000E+00   0.10000E+00    0.50249E-02  464.87         test_N_all          
.2300E+00   100.000  0.336E+03   0.20032E+00   0.00000E+00   0.10000E+00    0.50249E-02  398.55         test_N_all          
.2400E+00   100.000  0.318E+03   0.19251E+00   0.00000E+00   0.10000E+00    0.50249E-02  338.94         test_N_all          
.2500E+00   100.000  0.301E+03   0.18492E+00   0.00000E+00   0.10000E+00    0.50249E-02  285.61         test_N_all          
.2600E+00   100.000  0.285E+03   0.17751E+00   0.00000E+00   0.10000E+00    0.50249E-02  237.95         test_N_all          
.2700E+00   100.000  0.271E+03   0.17029E+00   0.00000E+00   0.10000E+00    0.50249E-02  195.66         test_N_all          
.2800E+00   100.000  0.258E+03   0.16323E+00   0.00000E+00   0.10000E+00    0.50249E-02  158.34         test_N_all          
.2900E+00   100.000  0.246E+03   0.15633E+00   0.00000E+00   0.10000E+00    0.50249E-02  125.65         test_N_all          
.3000E+00   100.000  0.234E+03   0.14958E+00   0.00000E+00   0.10000E+00    0.18868E-02  690.47         test_N_all          
.3100E+00   100.000  0.223E+03   0.14297E+00   0.00000E+00   0.10000E+00    0.50249E-02   73.13         test_N_all          
.3200E+00   100.000  0.213E+03   0.13651E+00   0.00000E+00   0.10000E+00    0.50249E-02   52.78         test_N_all          
.3300E+00   100.000  0.204E+03   0.13018E+00   0.00000E+00   0.10000E+00    0.50249E-02   36.08         test_N_all          
.3400E+00   100.000  0.195E+03   0.12400E+00   0.00000E+00   0.10000E+00    0.50249E-02   22.81         test_N_all          
.3500E+00   100.000  0.187E+03   0.11796E+00   0.00000E+00   0.10000E+00    0.50249E-02   12.77         test_N_all          
.3600E+00   100.000  0.179E+03   0.11206E+00   0.00000E+00   0.10000E+00    0.50249E-02    5.76         test_N_all          
.3700E+00   100.000  0.171E+03   0.10631E+00   0.00000E+00   0.10000E+00    0.50249E-02    1.58         test_N_all          
.3800E+00   100.000  0.164E+03   0.10070E+00   0.00000E+00   0.10000E+00    0.50249E-02    0.02         test_N_all          
.3900E+00   100.000  0.157E+03   0.95253E-01   0.00000E+00   0.10000E+00    0.50249E-02   -0.89         test_N_all          
.4000E+00   100.000  0.151E+03   0.89960E-01   0.00000E+00   0.10000E+00    0.17692E-02  -32.21         test_N_all          
.4100E+00   100.000  0.145E+03   0.84828E-01   0.00000E+00   0.10000E+00    0.50249E-02   -9.12         test_N_all          
.4200E+00   100.000  0.139E+03   0.79861E-01   0.00000E+00   0.10000E+00    0.50249E-02  -16.06         test_N_all          
.4300E+00   100.000  0.133E+03   0.75061E-01   0.00000E+00   0.10000E+00    0.50249E-02  -24.63         test_N_all          
.4400E+00   100.000  0.128E+03   0.70433E-01   0.00000E+00   0.10000E+00    0.50249E-02  -34.62         test_N_all          
.4500E+00   100.000  0.123E+03   0.65977E-01   0.00000E+00   0.10000E+00    0.50249E-02  -45.84         test_N_all          
.4600E+00   100.000  0.118E+03   0.61699E-01   0.00000E+00   0.10000E+00    0.50249E-02  -58.10         test_N_all          
.4700E+00   100.000  0.114E+03   0.57596E-01   0.00000E+00   0.10000E+00    0.50249E-02  -71.21         test_N_all          
.4800E+00   100.000  0.109E+03   0.53670E-01   0.00000E+00   0.10000E+00    0.50249E-02  -85.01         test_N_all          
.4900E+00   100.000  0.105E+03   0.49923E-01   0.00000E+00   0.10000E+00    0.50249E-02  -99.31         test_N_all          
.5000E+00   100.000  0.101E+03   0.46352E-01   0.00000E+00   0.10000E+00    0.17692E-02 -919.51         test_N_all          
.5100E+00   100.000  0.970E+02   0.42958E-01   0.00000E+00   0.10000E+00    0.50249E-02 -128.86         test_N_all          
.5200E+00   100.000  0.932E+02   0.39737E-01   0.00000E+00   0.10000E+00    0.50249E-02 -143.83         test_N_all          
.5300E+00   100.000  0.896E+02   0.36686E-01   0.00000E+00   0.10000E+00    0.50249E-02 -158.76         test_N_all          
.5400E+00   100.000  0.861E+02   0.33804E-01   0.00000E+00   0.10000E+00    0.50249E-02 -173.54         test_N_all          
.5500E+00   100.000  0.827E+02   0.31087E-01   0.00000E+00   0.10000E+00    0.50249E-02 -188.08         test_N_all          
.5600E+00   100.000  0.795E+02   0.28530E-01   0.00000E+00   0.10000E+00    0.50249E-02 -202.30         test_N_all          
.5700E+00   100.000  0.763E+02   0.26129E-01   0.00000E+00   0.10000E+00    0.50249E-02 -216.11         test_N_all          
.5800E+00   100.000  0.733E+02   0.23880E-01   0.00000E+00   0.10000E+00    0.50249E-02 -229.47         test_N_all          
.5900E+00   100.000  0.704E+02   0.21778E-01   0.00000E+00   0.10000E+00    0.50249E-02 -242.33         test_N_all          
.6000E+00   100.000  0.675E+02   0.19816E-01   0.00000E+00   0.10000E+00    0.17692E-02 *******         test_N_all          
.6100E+00   100.000  0.648E+02   0.17990E-01   0.00000E+00   0.10000E+00    0.50249E-02 -266.36         test_N_all          
.6200E+00   100.000  0.622E+02   0.16294E-01   0.00000E+00   0.10000E+00    0.50249E-02 -277.49         test_N_all          
.6300E+00   100.000  0.596E+02   0.14722E-01   0.00000E+00   0.10000E+00    0.50249E-02 -288.01         test_N_all          
.6400E+00   100.000  0.571E+02   0.13268E-01   0.00000E+00   0.10000E+00    0.50249E-02 -297.92         test_N_all          
.6500E+00   100.000  0.547E+02   0.11926E-01   0.00000E+00   0.10000E+00    0.50249E-02 -307.21         test_N_all          
.6600E+00   100.000  0.524E+02   0.10691E-01   0.00000E+00   0.10000E+00    0.50249E-02 -315.88         test_N_all          
.6700E+00   100.000  0.501E+02   0.95564E-02   0.00000E+00   0.10000E+00    0.50249E-02 -323.96         test_N_all          
.6800E+00   100.000  0.479E+02   0.85169E-02   0.00000E+00   0.10000E+00    0.50249E-02 -331.45         test_N_all          
.6900E+00   100.000  0.458E+02   0.75659E-02   0.00000E+00   0.10000E+00    0.50249E-02 -338.38         test_N_all          
.7000E+00   100.000  0.437E+02   0.66992E-02   0.00000E+00   0.10000E+00    0.17692E-02 *******         test_N_all          
.7100E+00   100.000  0.417E+02   0.59105E-02   0.00000E+00   0.10000E+00    0.50249E-02 -350.61         test_N_all          
.7200E+00   100.000  0.398E+02   0.51948E-02   0.00000E+00   0.10000E+00    0.50249E-02 -355.96         test_N_all          
.7300E+00   100.000  0.379E+02   0.45479E-02   0.00000E+00   0.10000E+00    0.50249E-02 -360.84         test_N_all          
.7400E+00   100.000  0.360E+02   0.39635E-02   0.00000E+00   0.10000E+00    0.50249E-02 -365.27         test_N_all          
.7500E+00   100.000  0.342E+02   0.34384E-02   0.00000E+00   0.10000E+00    0.50249E-02 -369.27         test_N_all          
.7600E+00   100.000  0.325E+02   0.29677E-02   0.00000E+00   0.10000E+00    0.50249E-02 -372.88         test_N_all          
.7700E+00   100.000  0.308E+02   0.25470E-02   0.00000E+00   0.10000E+00    0.50249E-02 -376.12         test_N_all          
.7800E+00   100.000  0.291E+02   0.21734E-02   0.00000E+00   0.10000E+00    0.50249E-02 -379.01         test_N_all          
.7900E+00   100.000  0.275E+02   0.18415E-02   0.00000E+00   0.10000E+00    0.50249E-02 -381.59         test_N_all          
.8000E+00   100.000  0.259E+02   0.15494E-02   0.00000E+00   0.10000E+00    0.17692E-02 *******         test_N_all          
.8100E+00   100.000  0.243E+02   0.12929E-02   0.00000E+00   0.10000E+00    0.50249E-02 -385.87         test_N_all          
.8200E+00   100.000  0.228E+02   0.10691E-02   0.00000E+00   0.10000E+00    0.50249E-02 -387.62         test_N_all          
.8300E+00   100.000  0.214E+02   0.87567E-03   0.00000E+00   0.10000E+00    0.50249E-02 -389.13         test_N_all          
.8400E+00   100.000  0.199E+02   0.70857E-03   0.00000E+00   0.10000E+00    0.50249E-02 -390.45         test_N_all          
.8500E+00   100.000  0.185E+02   0.56627E-03   0.00000E+00   0.10000E+00    0.50249E-02 -391.57         test_N_all          
.8600E+00   100.000  0.172E+02   0.44609E-03   0.00000E+00   0.10000E+00    0.50249E-02 -392.51         test_N_all          
.8700E+00   100.000  0.158E+02   0.34532E-03   0.00000E+00   0.10000E+00    0.50249E-02 -393.31         test_N_all          
.8800E+00   100.000  0.145E+02   0.26249E-03   0.00000E+00   0.10000E+00    0.50249E-02 -393.96         test_N_all          
.8900E+00   100.000  0.132E+02   0.19477E-03   0.00000E+00   0.10000E+00    0.50249E-02 -394.50         test_N_all          
.9000E+00   100.000  0.120E+02   0.14075E-03   0.00000E+00   0.10000E+00    0.17692E-02 *******         test_N_all          
.9100E+00   100.000  0.108E+02   0.98628E-04   0.00000E+00   0.10000E+00    0.50249E-02 -395.26         test_N_all          
.9200E+00   100.000  0.958E+01   0.66195E-04   0.00000E+00   0.10000E+00    0.50249E-02 -395.52         test_N_all          
.9300E+00   100.000  0.841E+01   0.42511E-04   0.00000E+00   0.10000E+00    0.50249E-02 -395.70         test_N_all          
.9400E+00   100.000  0.726E+01   0.25467E-04   0.00000E+00   0.10000E+00    0.50249E-02 -395.84         test_N_all          
.9500E+00   100.000  0.614E+01   0.13984E-04   0.00000E+00   0.10000E+00    0.50249E-02 -395.93         test_N_all          
.9600E+00   100.000  0.505E+01   0.70177E-05   0.00000E+00   0.10000E+00    0.50249E-02 -395.98         test_N_all          
.9700E+00   100.000  0.397E+01   0.27501E-05   0.00000E+00   0.10000E+00    0.50249E-02 -396.02         test_N_all          
.9800E+00   100.000  0.292E+01   0.89958E-06   0.00000E+00   0.10000E+00    0.50249E-02 -396.03         test_N_all          
.9900E+00   100.000  0.189E+01   0.58362E-06   0.00000E+00   0.10000E+00    0.50249E-02 -396.03         test_N_all          
.1000E+01   100.000  0.882E+00   0.76273E-06   0.00000E+00   0.10000E+00    0.50249E-02 -396.03         test_N_all          



 CHI SQUARE=******** FOR  582 POINTS   CHISQ/NPTS=  678.33
 Signed chisquare total =********
 Modified residual =********


Summary normalization chi2 contributions

 data set     normalization        error         chisq


Summary chi2 per data set

 data set                chisq    _w     signd    _w     resid     _w   npts   chisq/pts  _w
test_N_all            394788.5        116528.7        ********           582  678.33
------------------------------------------------------------------------------------
          TOTAL       394788.5394788.5116528.7     0.0****************   582  678.33  678.33
          TOTAL+norm  394788.5394788.5                                   582  678.33  678.33



            Momentum Sum Rule Check


      q2      alphas      xuv       xdv       xub       xdb       xsb       xcb       xbb      xglue     total
      1.69    0.3845    0.3193    0.1359    0.0561    0.0698    0.0252    0.0000    0.0000    0.3939    1.0002
    100.00    0.1784    0.2250    0.0958    0.0654    0.0751    0.0437    0.0259    0.0088    0.4576    0.9972
   1000.00    0.1407    0.0000    0.0000    0.0000    0.0000    0.0000    0.0000    0.0000    0.0000    0.0000
   8315.00    0.1180    0.0000    0.0000    0.0000    0.0000    0.0000    0.0000    0.0000    0.0000    0.0000


 Vector Boson Cross Sections

 sqrt(s)   sigma(W)    error    theory

   1960.     2.865     0.063       0.000     D0

   1960.     2.749     0.054       0.000     CDF

   7000.     9.95      0.29        0.000     CMS

   7000.     9.96      0.55        0.000     ATLAS

 sqrt(s)   sigma(Z)    error    theory

   1960.     .2649     .0094       0.000     D0

   1960.     .2549     .0057       0.000     CDF

   7000.     .931      0.035       0.000     CMS

   7000.     .82       0.08        0.000     ATLAS


