 Correlated errors added in quadrature with statistical errors
 test_P_all           DIS data with   1.69< Q2 < 0.500D+03 and 0.000 < xB < 1.000 and   0.00< W2 < 0.100D+05 and 0.000 < y < 1.000
   GP TMC applied
   no HT corrections

# fitpack15: fit output
# CJ15 AV18 final data choices                                                 

Parametrization   7 used here

 S-ACOT scheme used  for NC DIS

 charm mass =     1.30 GeV     bottom mass =     4.50 GeV



 THIS IS A NEXT TO LEADING ORDER FIT

 Q02=    1.69
         1  LAMBDA      VALUE=   0.22680      WEIGHT=    0.0000    
         2  a0uv        VALUE=    1.9979      WEIGHT=    0.0000    
         3  a1uv        VALUE=   0.57295      WEIGHT=   0.23448E-01
         4  a2uv        VALUE=    3.5570      WEIGHT=   0.11870E-01
         5  a3uv        VALUE=    0.0000      WEIGHT=    0.0000    
         6  a4uv        VALUE=    4.4315      WEIGHT=   0.61863    
         7  a5uv        VALUE=    0.0000      WEIGHT=    0.0000    
         8  a0dv        VALUE=    24.660      WEIGHT=    0.0000    
         9  a1dv        VALUE=    1.1548      WEIGHT=   0.34031E-01
        10  a2dv        VALUE=    6.6344      WEIGHT=   0.16636    
        11  a3dv        VALUE=   -3.5314      WEIGHT=   0.89260E-01
        12  a4dv        VALUE=    4.7502      WEIGHT=   0.14374    
        13  a5dv        VALUE=    0.0000      WEIGHT=    0.0000    
        14  a0ud        VALUE=   0.14230      WEIGHT=   0.49913E-02
        15  a1ud        VALUE=  -0.21056      WEIGHT=   0.38122E-02
        16  a2ud        VALUE=    8.4602      WEIGHT=   0.18756    
        17  a3ud        VALUE=    0.0000      WEIGHT=    0.0000    
        18  a4ud        VALUE=    15.554      WEIGHT=    1.3200    
        19  a5ud        VALUE=    0.0000      WEIGHT=    0.0000    
        20  a0du        VALUE=    35712.      WEIGHT=    0.0000    
        21  a1du        VALUE=    4.1065      WEIGHT=   0.97401E-01
        22  a2du        VALUE=    20.579      WEIGHT=    1.0447    
        23  a3du        VALUE=    17.000      WEIGHT=    0.0000    
        24  a4du        VALUE=    54.158      WEIGHT=    12.876    
        25  a0g         VALUE=    46.255      WEIGHT=    0.0000    
        26  a1g         VALUE=   0.60482      WEIGHT=   0.29859E-01
        27  a2g         VALUE=    6.1490      WEIGHT=   0.83608    
        28  a3g         VALUE=   -3.3874      WEIGHT=   0.12344    
        29  a4g         VALUE=    3.2785      WEIGHT=   0.28998    
        30  a5g         VALUE=    0.0000      WEIGHT=    0.0000    
        31  kappa       VALUE=   0.40000      WEIGHT=    0.0000    
        32  a6dv        VALUE=  -0.42862E-02  WEIGHT=   0.74601E-03
        33  a7dv        VALUE=    2.0000      WEIGHT=    0.0000    
        34  off1        VALUE=  -0.10749      WEIGHT=   0.12114    
        35  off2        VALUE=   0.34020      WEIGHT=   0.76238    
        36  off3        VALUE=  -0.73432      WEIGHT=    1.1409    
        37  ht1         VALUE=   -3.3664      WEIGHT=   0.32637    
        38  ht2         VALUE=    1.9717      WEIGHT=   0.12598    
        39  ht3         VALUE=   -2.0676      WEIGHT=   0.36021E-01
        40  ht4         VALUE=    0.0000      WEIGHT=    0.0000    
        41  ht1n        VALUE=   -3.2992      WEIGHT=   0.89361    
        42  ht2n        VALUE=    1.8353      WEIGHT=   0.31125    
        43  ht3n        VALUE=   -2.2413      WEIGHT=   0.90591E-01
        44  ht4n        VALUE=    0.0000      WEIGHT=    0.0000    
        45  dummy45     VALUE=    0.0000      WEIGHT=    0.0000    
        46  dummy46     VALUE=    0.0000      WEIGHT=    0.0000    
        47  dummy47     VALUE=    0.0000      WEIGHT=    0.0000    
        48  dummy48     VALUE=    0.0000      WEIGHT=    0.0000    
        49  dummy49     VALUE=    0.0000      WEIGHT=    0.0000    
        50  bcdmsh2     VALUE=   0.96909      WEIGHT=   0.48724E-02
        51  bcdmsd2     VALUE=   0.99118      WEIGHT=   0.58896E-02
        52  ccfr        VALUE=    1.0000      WEIGHT=    0.0000    
        53  nutev       VALUE=    1.0000      WEIGHT=    0.0000    
        54  zeus        VALUE=   0.97998      WEIGHT=    0.0000    
        55  h1          VALUE=    1.0162      WEIGHT=    0.0000    
        56  e605        VALUE=    1.0319      WEIGHT=    0.0000    
        57  NmcH2       VALUE=    1.0060      WEIGHT=   0.71318E-02
        58  ntv_nu      VALUE=    1.0000      WEIGHT=    0.0000    
        59  ntv_nubar   VALUE=    1.0000      WEIGHT=    0.0000    
        60  cdf_jet     VALUE=   0.98910      WEIGHT=    0.0000    
        61  d0_jet      VALUE=   0.83504      WEIGHT=    0.0000    
        62  slac_p      VALUE=   0.99946      WEIGHT=   0.51566E-02
        63  slac_d      VALUE=    1.0022      WEIGHT=   0.53734E-02
        64  e866pp      VALUE=   0.98103      WEIGHT=   0.19867E-01
        65  e866pd      VALUE=   0.95976      WEIGHT=   0.17993E-01
        66  d0_gamjet   VALUE=    1.0376      WEIGHT=   0.16517E-01
        67  h1b         VALUE=   0.97608      WEIGHT=    0.0000    
        68  jlab_p      VALUE=   0.98942      WEIGHT=   0.63294E-02
        69  jlab_d      VALUE=   0.97663      WEIGHT=   0.61335E-02
        70  blank       VALUE=    1.0000      WEIGHT=    0.0000    
        71  d0run2      VALUE=   0.95294      WEIGHT=   0.15011E-01
        72  cdfrun2     VALUE=   0.93710      WEIGHT=   0.17671E-01
        73  HERA_el     VALUE=    1.0000      WEIGHT=    0.0000    
        74  HERA_ps     VALUE=    1.0000      WEIGHT=    0.0000    
        75  CDF_Z       VALUE=   0.95635      WEIGHT=   0.67566E-02
        76  NmcRat      VALUE=    1.0000      WEIGHT=    0.0000    
        77  BNS_F2nd    VALUE=   0.98332      WEIGHT=   0.11791E-01
        78  HERMES_F2p  VALUE=   0.99384      WEIGHT=   0.57357E-02
        79  HERMES_F2d  VALUE=   0.97772      WEIGHT=   0.58827E-02
0THE TOLERANCE IS    0.1000
 THE MAXIMUM NUMBER OF STEPS IS 100
0THE INITIAL CHI SQUARED IS  6.39475E+05



     X        Q2         W2       THEORY        error         DATA           ERROR        chi^2     _w    ITYPE
.1000E-01     2.000  0.199E+03   0.35329E+00   0.00000E+00   0.10000E+00    0.50249E-02 2540.73         test_P_all          
.2000E-01     2.000  0.989E+02   0.33437E+00   0.00000E+00   0.10000E+00    0.50249E-02 2175.42         test_P_all          
.3000E-01     2.000  0.655E+02   0.33016E+00   0.00000E+00   0.10000E+00    0.50249E-02 2097.90         test_P_all          
.4000E-01     2.000  0.489E+02   0.33338E+00   0.00000E+00   0.10000E+00    0.50249E-02 2157.17         test_P_all          
.5000E-01     2.000  0.389E+02   0.33716E+00   0.00000E+00   0.10000E+00    0.50249E-02 2227.45         test_P_all          
.6000E-01     2.000  0.322E+02   0.34200E+00   0.00000E+00   0.10000E+00    0.50249E-02 2319.45         test_P_all          
.7000E-01     2.000  0.275E+02   0.34614E+00   0.00000E+00   0.10000E+00    0.50249E-02 2399.47         test_P_all          
.8000E-01     2.000  0.239E+02   0.34958E+00   0.00000E+00   0.10000E+00    0.50249E-02 2466.96         test_P_all          
.9000E-01     2.000  0.211E+02   0.35245E+00   0.00000E+00   0.10000E+00    0.50249E-02 2523.98         test_P_all          
.1000E+00     2.000  0.189E+02   0.35459E+00   0.00000E+00   0.10000E+00    0.50249E-02 2567.06         test_P_all          
.1100E+00     2.000  0.171E+02   0.35636E+00   0.00000E+00   0.10000E+00    0.50249E-02 2602.77         test_P_all          
.1200E+00     2.000  0.155E+02   0.35765E+00   0.00000E+00   0.10000E+00    0.50249E-02 2629.09         test_P_all          
.1300E+00     2.000  0.143E+02   0.35851E+00   0.00000E+00   0.10000E+00    0.50249E-02 2646.63         test_P_all          
.1400E+00     2.000  0.132E+02   0.35911E+00   0.00000E+00   0.10000E+00    0.50249E-02 2658.90         test_P_all          
.1500E+00     2.000  0.122E+02   0.35932E+00   0.00000E+00   0.10000E+00    0.50249E-02 2663.25         test_P_all          
.1600E+00     2.000  0.114E+02   0.35920E+00   0.00000E+00   0.10000E+00    0.50249E-02 2660.88         test_P_all          
.1700E+00     2.000  0.106E+02   0.35875E+00   0.00000E+00   0.10000E+00    0.50249E-02 2651.57         test_P_all          
.1800E+00     2.000  0.999E+01   0.35794E+00   0.00000E+00   0.10000E+00    0.50249E-02 2634.92         test_P_all          
.1900E+00     2.000  0.941E+01   0.35676E+00   0.00000E+00   0.10000E+00    0.50249E-02 2610.88         test_P_all          
.2000E+00     2.000  0.888E+01   0.35521E+00   0.00000E+00   0.10000E+00    0.50249E-02 2579.49         test_P_all          
.2100E+00     2.000  0.841E+01   0.35328E+00   0.00000E+00   0.10000E+00    0.50249E-02 2540.60         test_P_all          
.2200E+00     2.000  0.797E+01   0.35096E+00   0.00000E+00   0.10000E+00    0.50249E-02 2494.22         test_P_all          
.2300E+00     2.000  0.758E+01   0.34826E+00   0.00000E+00   0.10000E+00    0.50249E-02 2440.91         test_P_all          
.2400E+00     2.000  0.722E+01   0.34516E+00   0.00000E+00   0.10000E+00    0.50249E-02 2380.34         test_P_all          
.2500E+00     2.000  0.688E+01   0.34169E+00   0.00000E+00   0.10000E+00    0.50249E-02 2313.34         test_P_all          
.2600E+00     2.000  0.657E+01   0.33785E+00   0.00000E+00   0.10000E+00    0.50249E-02 2240.42         test_P_all          
.2700E+00     2.000  0.629E+01   0.33364E+00   0.00000E+00   0.10000E+00    0.50249E-02 2161.80         test_P_all          
.2800E+00     2.000  0.602E+01   0.32908E+00   0.00000E+00   0.10000E+00    0.50249E-02 2078.41         test_P_all          
.2900E+00     2.000  0.578E+01   0.32421E+00   0.00000E+00   0.10000E+00    0.50249E-02 1990.87         test_P_all          
.3000E+00     2.000  0.555E+01   0.31902E+00   0.00000E+00   0.10000E+00    0.18868E-02 *******         test_P_all          
.3100E+00     2.000  0.533E+01   0.31355E+00   0.00000E+00   0.10000E+00    0.50249E-02 1806.09         test_P_all          
.3200E+00     2.000  0.513E+01   0.30782E+00   0.00000E+00   0.10000E+00    0.50249E-02 1710.44         test_P_all          
.3300E+00     2.000  0.494E+01   0.30185E+00   0.00000E+00   0.10000E+00    0.50249E-02 1613.57         test_P_all          
.3400E+00     2.000  0.476E+01   0.29566E+00   0.00000E+00   0.10000E+00    0.50249E-02 1516.22         test_P_all          
.3500E+00     2.000  0.460E+01   0.28929E+00   0.00000E+00   0.10000E+00    0.50249E-02 1419.11         test_P_all          
.3600E+00     2.000  0.444E+01   0.28276E+00   0.00000E+00   0.10000E+00    0.50249E-02 1322.83         test_P_all          
.3700E+00     2.000  0.429E+01   0.27609E+00   0.00000E+00   0.10000E+00    0.50249E-02 1227.97         test_P_all          
.3800E+00     2.000  0.414E+01   0.26930E+00   0.00000E+00   0.10000E+00    0.50249E-02 1135.13         test_P_all          
.3900E+00     2.000  0.401E+01   0.26242E+00   0.00000E+00   0.10000E+00    0.50249E-02 1044.72         test_P_all          
.4000E+00     2.000  0.388E+01   0.25546E+00   0.00000E+00   0.10000E+00    0.17692E-02 7721.44         test_P_all          
.4100E+00     2.000  0.376E+01   0.24846E+00   0.00000E+00   0.10000E+00    0.50249E-02  872.87         test_P_all          
.4200E+00     2.000  0.364E+01   0.24142E+00   0.00000E+00   0.10000E+00    0.50249E-02  792.10         test_P_all          
.4300E+00     2.000  0.353E+01   0.23437E+00   0.00000E+00   0.10000E+00    0.50249E-02  715.09         test_P_all          
.4400E+00     2.000  0.343E+01   0.22733E+00   0.00000E+00   0.10000E+00    0.50249E-02  642.09         test_P_all          
.4500E+00     2.000  0.333E+01   0.22031E+00   0.00000E+00   0.10000E+00    0.50249E-02  573.22         test_P_all          
.4600E+00     2.000  0.323E+01   0.21332E+00   0.00000E+00   0.10000E+00    0.50249E-02  508.56         test_P_all          
.4700E+00     2.000  0.314E+01   0.20638E+00   0.00000E+00   0.10000E+00    0.50249E-02  448.21         test_P_all          
.4800E+00     2.000  0.305E+01   0.19951E+00   0.00000E+00   0.10000E+00    0.50249E-02  392.17         test_P_all          
.4900E+00     2.000  0.296E+01   0.19271E+00   0.00000E+00   0.10000E+00    0.50249E-02  340.41         test_P_all          
.5000E+00     2.000  0.288E+01   0.18600E+00   0.00000E+00   0.10000E+00    0.17692E-02 2362.96         test_P_all          
.5100E+00     2.000  0.280E+01   0.17939E+00   0.00000E+00   0.10000E+00    0.50249E-02  249.60         test_P_all          
.5200E+00     2.000  0.273E+01   0.17288E+00   0.00000E+00   0.10000E+00    0.50249E-02  210.36         test_P_all          
.5300E+00     2.000  0.266E+01   0.16649E+00   0.00000E+00   0.10000E+00    0.50249E-02  175.06         test_P_all          
.5400E+00     2.000  0.259E+01   0.16022E+00   0.00000E+00   0.10000E+00    0.50249E-02  143.60         test_P_all          
.5500E+00     2.000  0.252E+01   0.15407E+00   0.00000E+00   0.10000E+00    0.50249E-02  115.80         test_P_all          
.5600E+00     2.000  0.245E+01   0.14806E+00   0.00000E+00   0.10000E+00    0.50249E-02   91.49         test_P_all          
.5700E+00     2.000  0.239E+01   0.14220E+00   0.00000E+00   0.10000E+00    0.50249E-02   70.51         test_P_all          
.5800E+00     2.000  0.233E+01   0.13647E+00   0.00000E+00   0.10000E+00    0.50249E-02   52.67         test_P_all          
.5900E+00     2.000  0.227E+01   0.13089E+00   0.00000E+00   0.10000E+00    0.50249E-02   37.79         test_P_all          
.6000E+00     2.000  0.222E+01   0.12546E+00   0.00000E+00   0.10000E+00    0.17692E-02  207.05         test_P_all          
.6100E+00     2.000  0.216E+01   0.12018E+00   0.00000E+00   0.10000E+00    0.50249E-02   16.13         test_P_all          
.6200E+00     2.000  0.211E+01   0.11505E+00   0.00000E+00   0.10000E+00    0.50249E-02    8.97         test_P_all          
.6300E+00     2.000  0.206E+01   0.11008E+00   0.00000E+00   0.10000E+00    0.50249E-02    4.02         test_P_all          
.6400E+00     2.000  0.201E+01   0.10526E+00   0.00000E+00   0.10000E+00    0.50249E-02    1.10         test_P_all          
.6500E+00     2.000  0.196E+01   0.10060E+00   0.00000E+00   0.10000E+00    0.50249E-02    0.01         test_P_all          
.6600E+00     2.000  0.191E+01   0.96083E-01   0.00000E+00   0.10000E+00    0.50249E-02   -0.61         test_P_all          
.6700E+00     2.000  0.187E+01   0.91722E-01   0.00000E+00   0.10000E+00    0.50249E-02   -2.71         test_P_all          
.6800E+00     2.000  0.182E+01   0.87512E-01   0.00000E+00   0.10000E+00    0.50249E-02   -6.18         test_P_all          
.6900E+00     2.000  0.178E+01   0.83453E-01   0.00000E+00   0.10000E+00    0.50249E-02  -10.84         test_P_all          
.7000E+00     2.000  0.174E+01   0.79540E-01   0.00000E+00   0.10000E+00    0.17692E-02 -133.75         test_P_all          
.7100E+00     2.000  0.170E+01   0.75770E-01   0.00000E+00   0.10000E+00    0.50249E-02  -23.25         test_P_all          
.7200E+00     2.000  0.166E+01   0.72143E-01   0.00000E+00   0.10000E+00    0.50249E-02  -30.73         test_P_all          
.7300E+00     2.000  0.162E+01   0.68657E-01   0.00000E+00   0.10000E+00    0.50249E-02  -38.91         test_P_all          
.7400E+00     2.000  0.158E+01   0.65306E-01   0.00000E+00   0.10000E+00    0.50249E-02  -47.67         test_P_all          
.7500E+00     2.000  0.155E+01   0.62088E-01   0.00000E+00   0.10000E+00    0.50249E-02  -56.92         test_P_all          
.7600E+00     2.000  0.151E+01   0.59001E-01   0.00000E+00   0.10000E+00    0.50249E-02  -66.57         test_P_all          
.7700E+00     2.000  0.148E+01   0.56041E-01   0.00000E+00   0.10000E+00    0.50249E-02  -76.53         test_P_all          
.7800E+00     2.000  0.145E+01   0.53205E-01   0.00000E+00   0.10000E+00    0.50249E-02  -86.72         test_P_all          
.7900E+00     2.000  0.141E+01   0.50488E-01   0.00000E+00   0.10000E+00    0.50249E-02  -97.09         test_P_all          
.8000E+00     2.000  0.138E+01   0.47887E-01   0.00000E+00   0.10000E+00    0.17692E-02 -867.67         test_P_all          
.8100E+00     2.000  0.135E+01   0.45400E-01   0.00000E+00   0.10000E+00    0.50249E-02 -118.06         test_P_all          
.8200E+00     2.000  0.132E+01   0.43023E-01   0.00000E+00   0.10000E+00    0.50249E-02 -128.57         test_P_all          
.8300E+00     2.000  0.129E+01   0.40752E-01   0.00000E+00   0.10000E+00    0.50249E-02 -139.02         test_P_all          
.8400E+00     2.000  0.126E+01   0.38582E-01   0.00000E+00   0.10000E+00    0.50249E-02 -149.39         test_P_all          
.8500E+00     2.000  0.123E+01   0.36511E-01   0.00000E+00   0.10000E+00    0.50249E-02 -159.64         test_P_all          
.8600E+00     2.000  0.121E+01   0.34536E-01   0.00000E+00   0.10000E+00    0.50249E-02 -169.72         test_P_all          
.8700E+00     2.000  0.118E+01   0.32654E-01   0.00000E+00   0.10000E+00    0.50249E-02 -179.63         test_P_all          
.8800E+00     2.000  0.115E+01   0.30859E-01   0.00000E+00   0.10000E+00    0.50249E-02 -189.33         test_P_all          
.8900E+00     2.000  0.113E+01   0.29149E-01   0.00000E+00   0.10000E+00    0.50249E-02 -198.81         test_P_all          
.9000E+00     2.000  0.110E+01   0.27522E-01   0.00000E+00   0.10000E+00    0.17692E-02 *******         test_P_all          
.9100E+00     2.000  0.108E+01   0.25974E-01   0.00000E+00   0.10000E+00    0.50249E-02 -217.02         test_P_all          
.9200E+00     2.000  0.106E+01   0.24501E-01   0.00000E+00   0.10000E+00    0.50249E-02 -225.74         test_P_all          
.9300E+00     2.000  0.103E+01   0.23101E-01   0.00000E+00   0.10000E+00    0.50249E-02 -234.19         test_P_all          
.9400E+00     2.000  0.101E+01   0.21770E-01   0.00000E+00   0.10000E+00    0.50249E-02 -242.37         test_P_all          
.9500E+00     2.000  0.987E+00   0.20507E-01   0.00000E+00   0.10000E+00    0.50249E-02 -250.27         test_P_all          
.9600E+00     2.000  0.965E+00   0.19307E-01   0.00000E+00   0.10000E+00    0.50249E-02 -257.87         test_P_all          
.9700E+00     2.000  0.944E+00   0.18169E-01   0.00000E+00   0.10000E+00    0.50249E-02 -265.20         test_P_all          
.9800E+00     2.000  0.923E+00   0.17089E-01   0.00000E+00   0.10000E+00    0.50249E-02 -272.24         test_P_all          
.9900E+00     2.000  0.902E+00   0.16065E-01   0.00000E+00   0.10000E+00    0.50249E-02 -279.01         test_P_all          
.1000E+01     2.000  0.882E+00   0.15095E-01   0.00000E+00   0.10000E+00    0.50249E-02 -285.50         test_P_all          
.1000E-01     5.000  0.496E+03   0.46065E+00   0.00000E+00   0.10000E+00    0.50249E-02 5151.15         test_P_all          
.2000E-01     5.000  0.246E+03   0.41469E+00   0.00000E+00   0.10000E+00    0.50249E-02 3922.07         test_P_all          
.3000E-01     5.000  0.163E+03   0.39548E+00   0.00000E+00   0.10000E+00    0.50249E-02 3457.79         test_P_all          
.4000E-01     5.000  0.121E+03   0.38899E+00   0.00000E+00   0.10000E+00    0.50249E-02 3307.52         test_P_all          
.5000E-01     5.000  0.959E+02   0.38419E+00   0.00000E+00   0.10000E+00    0.50249E-02 3198.67         test_P_all          
.6000E-01     5.000  0.792E+02   0.38204E+00   0.00000E+00   0.10000E+00    0.50249E-02 3150.44         test_P_all          
.7000E-01     5.000  0.673E+02   0.37986E+00   0.00000E+00   0.10000E+00    0.50249E-02 3101.86         test_P_all          
.8000E-01     5.000  0.584E+02   0.37791E+00   0.00000E+00   0.10000E+00    0.50249E-02 3058.74         test_P_all          
.9000E-01     5.000  0.514E+02   0.37592E+00   0.00000E+00   0.10000E+00    0.50249E-02 3015.03         test_P_all          
.1000E+00     5.000  0.459E+02   0.37382E+00   0.00000E+00   0.10000E+00    0.50249E-02 2969.37         test_P_all          
.1100E+00     5.000  0.413E+02   0.37172E+00   0.00000E+00   0.10000E+00    0.50249E-02 2924.04         test_P_all          
.1200E+00     5.000  0.375E+02   0.36959E+00   0.00000E+00   0.10000E+00    0.50249E-02 2878.41         test_P_all          
.1300E+00     5.000  0.343E+02   0.36737E+00   0.00000E+00   0.10000E+00    0.50249E-02 2831.08         test_P_all          
.1400E+00     5.000  0.316E+02   0.36505E+00   0.00000E+00   0.10000E+00    0.50249E-02 2782.24         test_P_all          
.1500E+00     5.000  0.292E+02   0.36261E+00   0.00000E+00   0.10000E+00    0.50249E-02 2731.22         test_P_all          
.1600E+00     5.000  0.271E+02   0.35999E+00   0.00000E+00   0.10000E+00    0.50249E-02 2677.09         test_P_all          
.1700E+00     5.000  0.253E+02   0.35720E+00   0.00000E+00   0.10000E+00    0.50249E-02 2619.80         test_P_all          
.1800E+00     5.000  0.237E+02   0.35419E+00   0.00000E+00   0.10000E+00    0.50249E-02 2558.97         test_P_all          
.1900E+00     5.000  0.222E+02   0.35093E+00   0.00000E+00   0.10000E+00    0.50249E-02 2493.75         test_P_all          
.2000E+00     5.000  0.209E+02   0.34743E+00   0.00000E+00   0.10000E+00    0.50249E-02 2424.69         test_P_all          
.2100E+00     5.000  0.197E+02   0.34365E+00   0.00000E+00   0.10000E+00    0.50249E-02 2351.02         test_P_all          
.2200E+00     5.000  0.186E+02   0.33958E+00   0.00000E+00   0.10000E+00    0.50249E-02 2273.19         test_P_all          
.2300E+00     5.000  0.176E+02   0.33524E+00   0.00000E+00   0.10000E+00    0.50249E-02 2191.63         test_P_all          
.2400E+00     5.000  0.167E+02   0.33060E+00   0.00000E+00   0.10000E+00    0.50249E-02 2105.97         test_P_all          
.2500E+00     5.000  0.159E+02   0.32568E+00   0.00000E+00   0.10000E+00    0.50249E-02 2017.05         test_P_all          
.2600E+00     5.000  0.151E+02   0.32047E+00   0.00000E+00   0.10000E+00    0.50249E-02 1925.09         test_P_all          
.2700E+00     5.000  0.144E+02   0.31499E+00   0.00000E+00   0.10000E+00    0.50249E-02 1830.61         test_P_all          
.2800E+00     5.000  0.137E+02   0.30926E+00   0.00000E+00   0.10000E+00    0.50249E-02 1734.31         test_P_all          
.2900E+00     5.000  0.131E+02   0.30328E+00   0.00000E+00   0.10000E+00    0.50249E-02 1636.60         test_P_all          
.3000E+00     5.000  0.125E+02   0.29708E+00   0.00000E+00   0.10000E+00    0.18868E-02 *******         test_P_all          
.3100E+00     5.000  0.120E+02   0.29067E+00   0.00000E+00   0.10000E+00    0.50249E-02 1439.80         test_P_all          
.3200E+00     5.000  0.115E+02   0.28407E+00   0.00000E+00   0.10000E+00    0.50249E-02 1341.87         test_P_all          
.3300E+00     5.000  0.110E+02   0.27730E+00   0.00000E+00   0.10000E+00    0.50249E-02 1245.03         test_P_all          
.3400E+00     5.000  0.106E+02   0.27039E+00   0.00000E+00   0.10000E+00    0.50249E-02 1149.85         test_P_all          
.3500E+00     5.000  0.102E+02   0.26335E+00   0.00000E+00   0.10000E+00    0.50249E-02 1056.81         test_P_all          
.3600E+00     5.000  0.977E+01   0.25621E+00   0.00000E+00   0.10000E+00    0.50249E-02  966.35         test_P_all          
.3700E+00     5.000  0.940E+01   0.24898E+00   0.00000E+00   0.10000E+00    0.50249E-02  878.96         test_P_all          
.3800E+00     5.000  0.904E+01   0.24168E+00   0.00000E+00   0.10000E+00    0.50249E-02  794.94         test_P_all          
.3900E+00     5.000  0.870E+01   0.23433E+00   0.00000E+00   0.10000E+00    0.50249E-02  714.61         test_P_all          
.4000E+00     5.000  0.838E+01   0.22695E+00   0.00000E+00   0.10000E+00    0.17692E-02 5148.98         test_P_all          
.4100E+00     5.000  0.808E+01   0.21956E+00   0.00000E+00   0.10000E+00    0.50249E-02  566.09         test_P_all          
.4200E+00     5.000  0.779E+01   0.21217E+00   0.00000E+00   0.10000E+00    0.50249E-02  498.28         test_P_all          
.4300E+00     5.000  0.751E+01   0.20480E+00   0.00000E+00   0.10000E+00    0.50249E-02  434.95         test_P_all          
.4400E+00     5.000  0.725E+01   0.19746E+00   0.00000E+00   0.10000E+00    0.50249E-02  376.15         test_P_all          
.4500E+00     5.000  0.699E+01   0.19017E+00   0.00000E+00   0.10000E+00    0.50249E-02  322.00         test_P_all          
.4600E+00     5.000  0.675E+01   0.18294E+00   0.00000E+00   0.10000E+00    0.50249E-02  272.44         test_P_all          
.4700E+00     5.000  0.652E+01   0.17579E+00   0.00000E+00   0.10000E+00    0.50249E-02  227.46         test_P_all          
.4800E+00     5.000  0.630E+01   0.16872E+00   0.00000E+00   0.10000E+00    0.50249E-02  187.02         test_P_all          
.4900E+00     5.000  0.609E+01   0.16175E+00   0.00000E+00   0.10000E+00    0.50249E-02  151.00         test_P_all          
.5000E+00     5.000  0.588E+01   0.15488E+00   0.00000E+00   0.10000E+00    0.17692E-02  962.36         test_P_all          
.5100E+00     5.000  0.569E+01   0.14814E+00   0.00000E+00   0.10000E+00    0.50249E-02   91.78         test_P_all          
.5200E+00     5.000  0.550E+01   0.14152E+00   0.00000E+00   0.10000E+00    0.50249E-02   68.27         test_P_all          
.5300E+00     5.000  0.532E+01   0.13504E+00   0.00000E+00   0.10000E+00    0.50249E-02   48.62         test_P_all          
.5400E+00     5.000  0.514E+01   0.12870E+00   0.00000E+00   0.10000E+00    0.50249E-02   32.62         test_P_all          
.5500E+00     5.000  0.497E+01   0.12250E+00   0.00000E+00   0.10000E+00    0.50249E-02   20.06         test_P_all          
.5600E+00     5.000  0.481E+01   0.11647E+00   0.00000E+00   0.10000E+00    0.50249E-02   10.74         test_P_all          
.5700E+00     5.000  0.465E+01   0.11059E+00   0.00000E+00   0.10000E+00    0.50249E-02    4.45         test_P_all          
.5800E+00     5.000  0.450E+01   0.10488E+00   0.00000E+00   0.10000E+00    0.50249E-02    0.94         test_P_all          
.5900E+00     5.000  0.436E+01   0.99342E-01   0.00000E+00   0.10000E+00    0.50249E-02   -0.02         test_P_all          
.6000E+00     5.000  0.422E+01   0.93973E-01   0.00000E+00   0.10000E+00    0.17692E-02  -11.60         test_P_all          
.6100E+00     5.000  0.408E+01   0.88777E-01   0.00000E+00   0.10000E+00    0.50249E-02   -4.99         test_P_all          
.6200E+00     5.000  0.395E+01   0.83760E-01   0.00000E+00   0.10000E+00    0.50249E-02  -10.45         test_P_all          
.6300E+00     5.000  0.382E+01   0.78919E-01   0.00000E+00   0.10000E+00    0.50249E-02  -17.60         test_P_all          
.6400E+00     5.000  0.369E+01   0.74255E-01   0.00000E+00   0.10000E+00    0.50249E-02  -26.25         test_P_all          
.6500E+00     5.000  0.357E+01   0.69772E-01   0.00000E+00   0.10000E+00    0.50249E-02  -36.19         test_P_all          
.6600E+00     5.000  0.346E+01   0.65466E-01   0.00000E+00   0.10000E+00    0.50249E-02  -47.23         test_P_all          
.6700E+00     5.000  0.334E+01   0.61336E-01   0.00000E+00   0.10000E+00    0.50249E-02  -59.21         test_P_all          
.6800E+00     5.000  0.323E+01   0.57382E-01   0.00000E+00   0.10000E+00    0.50249E-02  -71.93         test_P_all          
.6900E+00     5.000  0.313E+01   0.53602E-01   0.00000E+00   0.10000E+00    0.50249E-02  -85.26         test_P_all          
.7000E+00     5.000  0.302E+01   0.49993E-01   0.00000E+00   0.10000E+00    0.17692E-02 -798.95         test_P_all          
.7100E+00     5.000  0.292E+01   0.46553E-01   0.00000E+00   0.10000E+00    0.50249E-02 -113.13         test_P_all          
.7200E+00     5.000  0.283E+01   0.43280E-01   0.00000E+00   0.10000E+00    0.50249E-02 -127.41         test_P_all          
.7300E+00     5.000  0.273E+01   0.40168E-01   0.00000E+00   0.10000E+00    0.50249E-02 -141.78         test_P_all          
.7400E+00     5.000  0.264E+01   0.37216E-01   0.00000E+00   0.10000E+00    0.50249E-02 -156.11         test_P_all          
.7500E+00     5.000  0.255E+01   0.34420E-01   0.00000E+00   0.10000E+00    0.50249E-02 -170.33         test_P_all          
.7600E+00     5.000  0.246E+01   0.31775E-01   0.00000E+00   0.10000E+00    0.50249E-02 -184.34         test_P_all          
.7700E+00     5.000  0.238E+01   0.29277E-01   0.00000E+00   0.10000E+00    0.50249E-02 -198.09         test_P_all          
.7800E+00     5.000  0.229E+01   0.26923E-01   0.00000E+00   0.10000E+00    0.50249E-02 -211.49         test_P_all          
.7900E+00     5.000  0.221E+01   0.24708E-01   0.00000E+00   0.10000E+00    0.50249E-02 -224.51         test_P_all          
.8000E+00     5.000  0.213E+01   0.22625E-01   0.00000E+00   0.10000E+00    0.17692E-02 *******         test_P_all          
.8100E+00     5.000  0.205E+01   0.20674E-01   0.00000E+00   0.10000E+00    0.50249E-02 -249.21         test_P_all          
.8200E+00     5.000  0.198E+01   0.18847E-01   0.00000E+00   0.10000E+00    0.50249E-02 -260.82         test_P_all          
.8300E+00     5.000  0.191E+01   0.17140E-01   0.00000E+00   0.10000E+00    0.50249E-02 -271.91         test_P_all          
.8400E+00     5.000  0.183E+01   0.15549E-01   0.00000E+00   0.10000E+00    0.50249E-02 -282.46         test_P_all          
.8500E+00     5.000  0.176E+01   0.14068E-01   0.00000E+00   0.10000E+00    0.50249E-02 -292.45         test_P_all          
.8600E+00     5.000  0.170E+01   0.12693E-01   0.00000E+00   0.10000E+00    0.50249E-02 -301.88         test_P_all          
.8700E+00     5.000  0.163E+01   0.11419E-01   0.00000E+00   0.10000E+00    0.50249E-02 -310.76         test_P_all          
.8800E+00     5.000  0.156E+01   0.10242E-01   0.00000E+00   0.10000E+00    0.50249E-02 -319.07         test_P_all          
.8900E+00     5.000  0.150E+01   0.91561E-02   0.00000E+00   0.10000E+00    0.50249E-02 -326.84         test_P_all          
.9000E+00     5.000  0.144E+01   0.81572E-02   0.00000E+00   0.10000E+00    0.17692E-02 *******         test_P_all          
.9100E+00     5.000  0.138E+01   0.72405E-02   0.00000E+00   0.10000E+00    0.50249E-02 -340.77         test_P_all          
.9200E+00     5.000  0.132E+01   0.64027E-02   0.00000E+00   0.10000E+00    0.50249E-02 -346.95         test_P_all          
.9300E+00     5.000  0.126E+01   0.56384E-02   0.00000E+00   0.10000E+00    0.50249E-02 -352.64         test_P_all          
.9400E+00     5.000  0.120E+01   0.49434E-02   0.00000E+00   0.10000E+00    0.50249E-02 -357.85         test_P_all          
.9500E+00     5.000  0.114E+01   0.43139E-02   0.00000E+00   0.10000E+00    0.50249E-02 -362.61         test_P_all          
.9600E+00     5.000  0.109E+01   0.37455E-02   0.00000E+00   0.10000E+00    0.50249E-02 -366.93         test_P_all          
.9700E+00     5.000  0.104E+01   0.32342E-02   0.00000E+00   0.10000E+00    0.50249E-02 -370.84         test_P_all          
.9800E+00     5.000  0.984E+00   0.27763E-02   0.00000E+00   0.10000E+00    0.50249E-02 -374.35         test_P_all          
.9900E+00     5.000  0.932E+00   0.23679E-02   0.00000E+00   0.10000E+00    0.50249E-02 -377.51         test_P_all          
.1000E+01     5.000  0.882E+00   0.20056E-02   0.00000E+00   0.10000E+00    0.50249E-02 -380.31         test_P_all          
.1000E-01    10.000  0.991E+03   0.54123E+00   0.00000E+00   0.10000E+00    0.50249E-02 7710.29         test_P_all          
.2000E-01    10.000  0.491E+03   0.47194E+00   0.00000E+00   0.10000E+00    0.50249E-02 5478.85         test_P_all          
.3000E-01    10.000  0.324E+03   0.43932E+00   0.00000E+00   0.10000E+00    0.50249E-02 4559.98         test_P_all          
.4000E-01    10.000  0.241E+03   0.42464E+00   0.00000E+00   0.10000E+00    0.50249E-02 4173.91         test_P_all          
.5000E-01    10.000  0.191E+03   0.41269E+00   0.00000E+00   0.10000E+00    0.50249E-02 3872.27         test_P_all          
.6000E-01    10.000  0.158E+03   0.40524E+00   0.00000E+00   0.10000E+00    0.50249E-02 3690.01         test_P_all          
.7000E-01    10.000  0.134E+03   0.39841E+00   0.00000E+00   0.10000E+00    0.50249E-02 3526.74         test_P_all          
.8000E-01    10.000  0.116E+03   0.39269E+00   0.00000E+00   0.10000E+00    0.50249E-02 3392.85         test_P_all          
.9000E-01    10.000  0.102E+03   0.38740E+00   0.00000E+00   0.10000E+00    0.50249E-02 3271.28         test_P_all          
.1000E+00    10.000  0.909E+02   0.38254E+00   0.00000E+00   0.10000E+00    0.50249E-02 3161.54         test_P_all          
.1100E+00    10.000  0.818E+02   0.37789E+00   0.00000E+00   0.10000E+00    0.50249E-02 3058.37         test_P_all          
.1200E+00    10.000  0.742E+02   0.37358E+00   0.00000E+00   0.10000E+00    0.50249E-02 2964.14         test_P_all          
.1300E+00    10.000  0.678E+02   0.36940E+00   0.00000E+00   0.10000E+00    0.50249E-02 2874.26         test_P_all          
.1400E+00    10.000  0.623E+02   0.36526E+00   0.00000E+00   0.10000E+00    0.50249E-02 2786.73         test_P_all          
.1500E+00    10.000  0.575E+02   0.36117E+00   0.00000E+00   0.10000E+00    0.50249E-02 2701.39         test_P_all          
.1600E+00    10.000  0.534E+02   0.35699E+00   0.00000E+00   0.10000E+00    0.50249E-02 2615.64         test_P_all          
.1700E+00    10.000  0.497E+02   0.35274E+00   0.00000E+00   0.10000E+00    0.50249E-02 2529.73         test_P_all          
.1800E+00    10.000  0.464E+02   0.34836E+00   0.00000E+00   0.10000E+00    0.50249E-02 2442.91         test_P_all          
.1900E+00    10.000  0.435E+02   0.34380E+00   0.00000E+00   0.10000E+00    0.50249E-02 2354.05         test_P_all          
.2000E+00    10.000  0.409E+02   0.33908E+00   0.00000E+00   0.10000E+00    0.50249E-02 2263.76         test_P_all          
.2100E+00    10.000  0.385E+02   0.33413E+00   0.00000E+00   0.10000E+00    0.50249E-02 2171.04         test_P_all          
.2200E+00    10.000  0.363E+02   0.32898E+00   0.00000E+00   0.10000E+00    0.50249E-02 2076.42         test_P_all          
.2300E+00    10.000  0.344E+02   0.32360E+00   0.00000E+00   0.10000E+00    0.50249E-02 1980.08         test_P_all          
.2400E+00    10.000  0.325E+02   0.31799E+00   0.00000E+00   0.10000E+00    0.50249E-02 1881.90         test_P_all          
.2500E+00    10.000  0.309E+02   0.31216E+00   0.00000E+00   0.10000E+00    0.50249E-02 1782.60         test_P_all          
.2600E+00    10.000  0.293E+02   0.30610E+00   0.00000E+00   0.10000E+00    0.50249E-02 1682.33         test_P_all          
.2700E+00    10.000  0.279E+02   0.29984E+00   0.00000E+00   0.10000E+00    0.50249E-02 1581.64         test_P_all          
.2800E+00    10.000  0.266E+02   0.29340E+00   0.00000E+00   0.10000E+00    0.50249E-02 1481.26         test_P_all          
.2900E+00    10.000  0.254E+02   0.28676E+00   0.00000E+00   0.10000E+00    0.50249E-02 1381.40         test_P_all          
.3000E+00    10.000  0.242E+02   0.27997E+00   0.00000E+00   0.10000E+00    0.18868E-02 9097.65         test_P_all          
.3100E+00    10.000  0.231E+02   0.27302E+00   0.00000E+00   0.10000E+00    0.50249E-02 1185.57         test_P_all          
.3200E+00    10.000  0.221E+02   0.26594E+00   0.00000E+00   0.10000E+00    0.50249E-02 1090.56         test_P_all          
.3300E+00    10.000  0.212E+02   0.25875E+00   0.00000E+00   0.10000E+00    0.50249E-02  998.07         test_P_all          
.3400E+00    10.000  0.203E+02   0.25147E+00   0.00000E+00   0.10000E+00    0.50249E-02  908.58         test_P_all          
.3500E+00    10.000  0.195E+02   0.24410E+00   0.00000E+00   0.10000E+00    0.50249E-02  822.41         test_P_all          
.3600E+00    10.000  0.187E+02   0.23668E+00   0.00000E+00   0.10000E+00    0.50249E-02  739.90         test_P_all          
.3700E+00    10.000  0.179E+02   0.22922E+00   0.00000E+00   0.10000E+00    0.50249E-02  661.34         test_P_all          
.3800E+00    10.000  0.172E+02   0.22174E+00   0.00000E+00   0.10000E+00    0.50249E-02  586.93         test_P_all          
.3900E+00    10.000  0.165E+02   0.21425E+00   0.00000E+00   0.10000E+00    0.50249E-02  516.93         test_P_all          
.4000E+00    10.000  0.159E+02   0.20676E+00   0.00000E+00   0.10000E+00    0.17692E-02 3641.73         test_P_all          
.4100E+00    10.000  0.153E+02   0.19930E+00   0.00000E+00   0.10000E+00    0.50249E-02  390.53         test_P_all          
.4200E+00    10.000  0.147E+02   0.19188E+00   0.00000E+00   0.10000E+00    0.50249E-02  334.34         test_P_all          
.4300E+00    10.000  0.141E+02   0.18451E+00   0.00000E+00   0.10000E+00    0.50249E-02  282.82         test_P_all          
.4400E+00    10.000  0.136E+02   0.17720E+00   0.00000E+00   0.10000E+00    0.50249E-02  236.02         test_P_all          
.4500E+00    10.000  0.131E+02   0.16997E+00   0.00000E+00   0.10000E+00    0.50249E-02  193.87         test_P_all          
.4600E+00    10.000  0.126E+02   0.16282E+00   0.00000E+00   0.10000E+00    0.50249E-02  156.28         test_P_all          
.4700E+00    10.000  0.122E+02   0.15577E+00   0.00000E+00   0.10000E+00    0.50249E-02  123.19         test_P_all          
.4800E+00    10.000  0.117E+02   0.14884E+00   0.00000E+00   0.10000E+00    0.50249E-02   94.45         test_P_all          
.4900E+00    10.000  0.113E+02   0.14202E+00   0.00000E+00   0.10000E+00    0.50249E-02   69.92         test_P_all          
.5000E+00    10.000  0.109E+02   0.13533E+00   0.00000E+00   0.10000E+00    0.17692E-02  398.76         test_P_all          
.5100E+00    10.000  0.105E+02   0.12877E+00   0.00000E+00   0.10000E+00    0.50249E-02   32.79         test_P_all          
.5200E+00    10.000  0.101E+02   0.12237E+00   0.00000E+00   0.10000E+00    0.50249E-02   19.81         test_P_all          
.5300E+00    10.000  0.975E+01   0.11611E+00   0.00000E+00   0.10000E+00    0.50249E-02   10.28         test_P_all          
.5400E+00    10.000  0.940E+01   0.11001E+00   0.00000E+00   0.10000E+00    0.50249E-02    3.97         test_P_all          
.5500E+00    10.000  0.906E+01   0.10408E+00   0.00000E+00   0.10000E+00    0.50249E-02    0.66         test_P_all          
.5600E+00    10.000  0.874E+01   0.98311E-01   0.00000E+00   0.10000E+00    0.50249E-02   -0.11         test_P_all          
.5700E+00    10.000  0.843E+01   0.92718E-01   0.00000E+00   0.10000E+00    0.50249E-02   -2.10         test_P_all          
.5800E+00    10.000  0.812E+01   0.87303E-01   0.00000E+00   0.10000E+00    0.50249E-02   -6.38         test_P_all          
.5900E+00    10.000  0.783E+01   0.82068E-01   0.00000E+00   0.10000E+00    0.50249E-02  -12.74         test_P_all          
.6000E+00    10.000  0.755E+01   0.77016E-01   0.00000E+00   0.10000E+00    0.17692E-02 -168.78         test_P_all          
.6100E+00    10.000  0.728E+01   0.72149E-01   0.00000E+00   0.10000E+00    0.50249E-02  -30.72         test_P_all          
.6200E+00    10.000  0.701E+01   0.67466E-01   0.00000E+00   0.10000E+00    0.50249E-02  -41.92         test_P_all          
.6300E+00    10.000  0.675E+01   0.62972E-01   0.00000E+00   0.10000E+00    0.50249E-02  -54.30         test_P_all          
.6400E+00    10.000  0.651E+01   0.58664E-01   0.00000E+00   0.10000E+00    0.50249E-02  -67.67         test_P_all          
.6500E+00    10.000  0.627E+01   0.54541E-01   0.00000E+00   0.10000E+00    0.50249E-02  -81.84         test_P_all          
.6600E+00    10.000  0.603E+01   0.50606E-01   0.00000E+00   0.10000E+00    0.50249E-02  -96.62         test_P_all          
.6700E+00    10.000  0.581E+01   0.46854E-01   0.00000E+00   0.10000E+00    0.50249E-02 -111.86         test_P_all          
.6800E+00    10.000  0.559E+01   0.43284E-01   0.00000E+00   0.10000E+00    0.50249E-02 -127.39         test_P_all          
.6900E+00    10.000  0.537E+01   0.39896E-01   0.00000E+00   0.10000E+00    0.50249E-02 -143.07         test_P_all          
.7000E+00    10.000  0.517E+01   0.36684E-01   0.00000E+00   0.10000E+00    0.17692E-02 *******         test_P_all          
.7100E+00    10.000  0.497E+01   0.33646E-01   0.00000E+00   0.10000E+00    0.50249E-02 -174.37         test_P_all          
.7200E+00    10.000  0.477E+01   0.30781E-01   0.00000E+00   0.10000E+00    0.50249E-02 -189.76         test_P_all          
.7300E+00    10.000  0.458E+01   0.28081E-01   0.00000E+00   0.10000E+00    0.50249E-02 -204.84         test_P_all          
.7400E+00    10.000  0.440E+01   0.25546E-01   0.00000E+00   0.10000E+00    0.50249E-02 -219.54         test_P_all          
.7500E+00    10.000  0.422E+01   0.23170E-01   0.00000E+00   0.10000E+00    0.50249E-02 -233.78         test_P_all          
.7600E+00    10.000  0.404E+01   0.20948E-01   0.00000E+00   0.10000E+00    0.50249E-02 -247.50         test_P_all          
.7700E+00    10.000  0.387E+01   0.18876E-01   0.00000E+00   0.10000E+00    0.50249E-02 -260.63         test_P_all          
.7800E+00    10.000  0.370E+01   0.16950E-01   0.00000E+00   0.10000E+00    0.50249E-02 -273.16         test_P_all          
.7900E+00    10.000  0.354E+01   0.15162E-01   0.00000E+00   0.10000E+00    0.50249E-02 -285.05         test_P_all          
.8000E+00    10.000  0.338E+01   0.13511E-01   0.00000E+00   0.10000E+00    0.17692E-02 *******         test_P_all          
.8100E+00    10.000  0.323E+01   0.11988E-01   0.00000E+00   0.10000E+00    0.50249E-02 -306.78         test_P_all          
.8200E+00    10.000  0.308E+01   0.10588E-01   0.00000E+00   0.10000E+00    0.50249E-02 -316.61         test_P_all          
.8300E+00    10.000  0.293E+01   0.93079E-02   0.00000E+00   0.10000E+00    0.50249E-02 -325.74         test_P_all          
.8400E+00    10.000  0.279E+01   0.81399E-02   0.00000E+00   0.10000E+00    0.50249E-02 -334.19         test_P_all          
.8500E+00    10.000  0.265E+01   0.70782E-02   0.00000E+00   0.10000E+00    0.50249E-02 -341.96         test_P_all          
.8600E+00    10.000  0.251E+01   0.61188E-02   0.00000E+00   0.10000E+00    0.50249E-02 -349.06         test_P_all          
.8700E+00    10.000  0.238E+01   0.52550E-02   0.00000E+00   0.10000E+00    0.50249E-02 -355.51         test_P_all          
.8800E+00    10.000  0.225E+01   0.44812E-02   0.00000E+00   0.10000E+00    0.50249E-02 -361.34         test_P_all          
.8900E+00    10.000  0.212E+01   0.37918E-02   0.00000E+00   0.10000E+00    0.50249E-02 -366.57         test_P_all          
.9000E+00    10.000  0.199E+01   0.31814E-02   0.00000E+00   0.10000E+00    0.17692E-02 *******         test_P_all          
.9100E+00    10.000  0.187E+01   0.26444E-02   0.00000E+00   0.10000E+00    0.50249E-02 -375.37         test_P_all          
.9200E+00    10.000  0.175E+01   0.21751E-02   0.00000E+00   0.10000E+00    0.50249E-02 -379.00         test_P_all          
.9300E+00    10.000  0.163E+01   0.17686E-02   0.00000E+00   0.10000E+00    0.50249E-02 -382.15         test_P_all          
.9400E+00    10.000  0.152E+01   0.14198E-02   0.00000E+00   0.10000E+00    0.50249E-02 -384.87         test_P_all          
.9500E+00    10.000  0.141E+01   0.11226E-02   0.00000E+00   0.10000E+00    0.50249E-02 -387.20         test_P_all          
.9600E+00    10.000  0.130E+01   0.87297E-03   0.00000E+00   0.10000E+00    0.50249E-02 -389.16         test_P_all          
.9700E+00    10.000  0.119E+01   0.66645E-03   0.00000E+00   0.10000E+00    0.50249E-02 -390.78         test_P_all          
.9800E+00    10.000  0.109E+01   0.49656E-03   0.00000E+00   0.10000E+00    0.50249E-02 -392.12         test_P_all          
.9900E+00    10.000  0.983E+00   0.36044E-03   0.00000E+00   0.10000E+00    0.50249E-02 -393.19         test_P_all          
.1000E+01    10.000  0.882E+00   0.25420E-03   0.00000E+00   0.10000E+00    0.50249E-02 -394.03         test_P_all          
.1000E-01    20.000  0.198E+04   0.62080E+00   0.00000E+00   0.10000E+00    0.50249E-02 *******         test_P_all          
.2000E-01    20.000  0.981E+03   0.52586E+00   0.00000E+00   0.10000E+00    0.50249E-02 7182.36         test_P_all          
.3000E-01    20.000  0.648E+03   0.47905E+00   0.00000E+00   0.10000E+00    0.50249E-02 5690.27         test_P_all          
.4000E-01    20.000  0.481E+03   0.45615E+00   0.00000E+00   0.10000E+00    0.50249E-02 5023.41         test_P_all          
.5000E-01    20.000  0.381E+03   0.43711E+00   0.00000E+00   0.10000E+00    0.50249E-02 4500.85         test_P_all          
.6000E-01    20.000  0.314E+03   0.42458E+00   0.00000E+00   0.10000E+00    0.50249E-02 4172.30         test_P_all          
.7000E-01    20.000  0.267E+03   0.41328E+00   0.00000E+00   0.10000E+00    0.50249E-02 3886.89         test_P_all          
.8000E-01    20.000  0.231E+03   0.40418E+00   0.00000E+00   0.10000E+00    0.50249E-02 3664.43         test_P_all          
.9000E-01    20.000  0.203E+03   0.39597E+00   0.00000E+00   0.10000E+00    0.50249E-02 3469.23         test_P_all          
.1000E+00    20.000  0.181E+03   0.38869E+00   0.00000E+00   0.10000E+00    0.50249E-02 3300.73         test_P_all          
.1100E+00    20.000  0.163E+03   0.38194E+00   0.00000E+00   0.10000E+00    0.50249E-02 3148.08         test_P_all          
.1200E+00    20.000  0.148E+03   0.37568E+00   0.00000E+00   0.10000E+00    0.50249E-02 3009.91         test_P_all          
.1300E+00    20.000  0.135E+03   0.36978E+00   0.00000E+00   0.10000E+00    0.50249E-02 2882.33         test_P_all          
.1400E+00    20.000  0.124E+03   0.36406E+00   0.00000E+00   0.10000E+00    0.50249E-02 2761.41         test_P_all          
.1500E+00    20.000  0.114E+03   0.35853E+00   0.00000E+00   0.10000E+00    0.50249E-02 2647.02         test_P_all          
.1600E+00    20.000  0.106E+03   0.35300E+00   0.00000E+00   0.10000E+00    0.50249E-02 2535.06         test_P_all          
.1700E+00    20.000  0.985E+02   0.34750E+00   0.00000E+00   0.10000E+00    0.50249E-02 2425.94         test_P_all          
.1800E+00    20.000  0.920E+02   0.34195E+00   0.00000E+00   0.10000E+00    0.50249E-02 2318.48         test_P_all          
.1900E+00    20.000  0.861E+02   0.33629E+00   0.00000E+00   0.10000E+00    0.50249E-02 2211.29         test_P_all          
.2000E+00    20.000  0.809E+02   0.33054E+00   0.00000E+00   0.10000E+00    0.50249E-02 2104.96         test_P_all          
.2100E+00    20.000  0.761E+02   0.32462E+00   0.00000E+00   0.10000E+00    0.50249E-02 1998.22         test_P_all          
.2200E+00    20.000  0.718E+02   0.31855E+00   0.00000E+00   0.10000E+00    0.50249E-02 1891.71         test_P_all          
.2300E+00    20.000  0.678E+02   0.31233E+00   0.00000E+00   0.10000E+00    0.50249E-02 1785.45         test_P_all          
.2400E+00    20.000  0.642E+02   0.30592E+00   0.00000E+00   0.10000E+00    0.50249E-02 1679.33         test_P_all          
.2500E+00    20.000  0.609E+02   0.29936E+00   0.00000E+00   0.10000E+00    0.50249E-02 1574.01         test_P_all          
.2600E+00    20.000  0.578E+02   0.29263E+00   0.00000E+00   0.10000E+00    0.50249E-02 1469.54         test_P_all          
.2700E+00    20.000  0.550E+02   0.28575E+00   0.00000E+00   0.10000E+00    0.50249E-02 1366.45         test_P_all          
.2800E+00    20.000  0.523E+02   0.27873E+00   0.00000E+00   0.10000E+00    0.50249E-02 1265.16         test_P_all          
.2900E+00    20.000  0.498E+02   0.27159E+00   0.00000E+00   0.10000E+00    0.50249E-02 1166.01         test_P_all          
.3000E+00    20.000  0.475E+02   0.26432E+00   0.00000E+00   0.10000E+00    0.18868E-02 7584.99         test_P_all          
.3100E+00    20.000  0.454E+02   0.25698E+00   0.00000E+00   0.10000E+00    0.50249E-02  975.96         test_P_all          
.3200E+00    20.000  0.434E+02   0.24956E+00   0.00000E+00   0.10000E+00    0.50249E-02  885.83         test_P_all          
.3300E+00    20.000  0.415E+02   0.24207E+00   0.00000E+00   0.10000E+00    0.50249E-02  799.36         test_P_all          
.3400E+00    20.000  0.397E+02   0.23454E+00   0.00000E+00   0.10000E+00    0.50249E-02  716.87         test_P_all          
.3500E+00    20.000  0.380E+02   0.22698E+00   0.00000E+00   0.10000E+00    0.50249E-02  638.55         test_P_all          
.3600E+00    20.000  0.364E+02   0.21941E+00   0.00000E+00   0.10000E+00    0.50249E-02  564.66         test_P_all          
.3700E+00    20.000  0.349E+02   0.21183E+00   0.00000E+00   0.10000E+00    0.50249E-02  495.33         test_P_all          
.3800E+00    20.000  0.335E+02   0.20428E+00   0.00000E+00   0.10000E+00    0.50249E-02  430.66         test_P_all          
.3900E+00    20.000  0.322E+02   0.19676E+00   0.00000E+00   0.10000E+00    0.50249E-02  370.78         test_P_all          
.4000E+00    20.000  0.309E+02   0.18928E+00   0.00000E+00   0.10000E+00    0.17692E-02 2546.65         test_P_all          
.4100E+00    20.000  0.297E+02   0.18186E+00   0.00000E+00   0.10000E+00    0.50249E-02  265.40         test_P_all          
.4200E+00    20.000  0.285E+02   0.17451E+00   0.00000E+00   0.10000E+00    0.50249E-02  219.89         test_P_all          
.4300E+00    20.000  0.274E+02   0.16725E+00   0.00000E+00   0.10000E+00    0.50249E-02  179.09         test_P_all          
.4400E+00    20.000  0.263E+02   0.16007E+00   0.00000E+00   0.10000E+00    0.50249E-02  142.92         test_P_all          
.4500E+00    20.000  0.253E+02   0.15300E+00   0.00000E+00   0.10000E+00    0.50249E-02  111.26         test_P_all          
.4600E+00    20.000  0.244E+02   0.14605E+00   0.00000E+00   0.10000E+00    0.50249E-02   83.97         test_P_all          
.4700E+00    20.000  0.234E+02   0.13922E+00   0.00000E+00   0.10000E+00    0.50249E-02   60.91         test_P_all          
.4800E+00    20.000  0.225E+02   0.13251E+00   0.00000E+00   0.10000E+00    0.50249E-02   41.87         test_P_all          
.4900E+00    20.000  0.217E+02   0.12595E+00   0.00000E+00   0.10000E+00    0.50249E-02   26.68         test_P_all          
.5000E+00    20.000  0.209E+02   0.11954E+00   0.00000E+00   0.10000E+00    0.17692E-02  121.97         test_P_all          
.5100E+00    20.000  0.201E+02   0.11328E+00   0.00000E+00   0.10000E+00    0.50249E-02    6.98         test_P_all          
.5200E+00    20.000  0.193E+02   0.10718E+00   0.00000E+00   0.10000E+00    0.50249E-02    2.04         test_P_all          
.5300E+00    20.000  0.186E+02   0.10124E+00   0.00000E+00   0.10000E+00    0.50249E-02    0.06         test_P_all          
.5400E+00    20.000  0.179E+02   0.95482E-01   0.00000E+00   0.10000E+00    0.50249E-02   -0.81         test_P_all          
.5500E+00    20.000  0.172E+02   0.89894E-01   0.00000E+00   0.10000E+00    0.50249E-02   -4.04         test_P_all          
.5600E+00    20.000  0.166E+02   0.84484E-01   0.00000E+00   0.10000E+00    0.50249E-02   -9.53         test_P_all          
.5700E+00    20.000  0.160E+02   0.79259E-01   0.00000E+00   0.10000E+00    0.50249E-02  -17.04         test_P_all          
.5800E+00    20.000  0.154E+02   0.74217E-01   0.00000E+00   0.10000E+00    0.50249E-02  -26.33         test_P_all          
.5900E+00    20.000  0.148E+02   0.69362E-01   0.00000E+00   0.10000E+00    0.50249E-02  -37.18         test_P_all          
.6000E+00    20.000  0.142E+02   0.64696E-01   0.00000E+00   0.10000E+00    0.17692E-02 -398.19         test_P_all          
.6100E+00    20.000  0.137E+02   0.60218E-01   0.00000E+00   0.10000E+00    0.50249E-02  -62.68         test_P_all          
.6200E+00    20.000  0.131E+02   0.55932E-01   0.00000E+00   0.10000E+00    0.50249E-02  -76.91         test_P_all          
.6300E+00    20.000  0.126E+02   0.51834E-01   0.00000E+00   0.10000E+00    0.50249E-02  -91.88         test_P_all          
.6400E+00    20.000  0.121E+02   0.47924E-01   0.00000E+00   0.10000E+00    0.50249E-02 -107.40         test_P_all          
.6500E+00    20.000  0.117E+02   0.44203E-01   0.00000E+00   0.10000E+00    0.50249E-02 -123.30         test_P_all          
.6600E+00    20.000  0.112E+02   0.40666E-01   0.00000E+00   0.10000E+00    0.50249E-02 -139.42         test_P_all          
.6700E+00    20.000  0.107E+02   0.37315E-01   0.00000E+00   0.10000E+00    0.50249E-02 -155.62         test_P_all          
.6800E+00    20.000  0.103E+02   0.34145E-01   0.00000E+00   0.10000E+00    0.50249E-02 -171.76         test_P_all          
.6900E+00    20.000  0.987E+01   0.31152E-01   0.00000E+00   0.10000E+00    0.50249E-02 -187.72         test_P_all          
.7000E+00    20.000  0.945E+01   0.28336E-01   0.00000E+00   0.10000E+00    0.17692E-02 *******         test_P_all          
.7100E+00    20.000  0.905E+01   0.25691E-01   0.00000E+00   0.10000E+00    0.50249E-02 -218.69         test_P_all          
.7200E+00    20.000  0.866E+01   0.23213E-01   0.00000E+00   0.10000E+00    0.50249E-02 -233.51         test_P_all          
.7300E+00    20.000  0.828E+01   0.20900E-01   0.00000E+00   0.10000E+00    0.50249E-02 -247.80         test_P_all          
.7400E+00    20.000  0.791E+01   0.18745E-01   0.00000E+00   0.10000E+00    0.50249E-02 -261.48         test_P_all          
.7500E+00    20.000  0.755E+01   0.16744E-01   0.00000E+00   0.10000E+00    0.50249E-02 -274.52         test_P_all          
.7600E+00    20.000  0.720E+01   0.14892E-01   0.00000E+00   0.10000E+00    0.50249E-02 -286.86         test_P_all          
.7700E+00    20.000  0.686E+01   0.13184E-01   0.00000E+00   0.10000E+00    0.50249E-02 -298.50         test_P_all          
.7800E+00    20.000  0.652E+01   0.11614E-01   0.00000E+00   0.10000E+00    0.50249E-02 -309.39         test_P_all          
.7900E+00    20.000  0.620E+01   0.10177E-01   0.00000E+00   0.10000E+00    0.50249E-02 -319.53         test_P_all          
.8000E+00    20.000  0.588E+01   0.88673E-02   0.00000E+00   0.10000E+00    0.17692E-02 *******         test_P_all          
.8100E+00    20.000  0.557E+01   0.76784E-02   0.00000E+00   0.10000E+00    0.50249E-02 -337.56         test_P_all          
.8200E+00    20.000  0.527E+01   0.66045E-02   0.00000E+00   0.10000E+00    0.50249E-02 -345.45         test_P_all          
.8300E+00    20.000  0.498E+01   0.56391E-02   0.00000E+00   0.10000E+00    0.50249E-02 -352.63         test_P_all          
.8400E+00    20.000  0.469E+01   0.47769E-02   0.00000E+00   0.10000E+00    0.50249E-02 -359.11         test_P_all          
.8500E+00    20.000  0.441E+01   0.40114E-02   0.00000E+00   0.10000E+00    0.50249E-02 -364.90         test_P_all          
.8600E+00    20.000  0.414E+01   0.33360E-02   0.00000E+00   0.10000E+00    0.50249E-02 -370.06         test_P_all          
.8700E+00    20.000  0.387E+01   0.27448E-02   0.00000E+00   0.10000E+00    0.50249E-02 -374.60         test_P_all          
.8800E+00    20.000  0.361E+01   0.22317E-02   0.00000E+00   0.10000E+00    0.50249E-02 -378.56         test_P_all          
.8900E+00    20.000  0.335E+01   0.17900E-02   0.00000E+00   0.10000E+00    0.50249E-02 -381.99         test_P_all          
.9000E+00    20.000  0.310E+01   0.14142E-02   0.00000E+00   0.10000E+00    0.17692E-02 *******         test_P_all          
.9100E+00    20.000  0.286E+01   0.10983E-02   0.00000E+00   0.10000E+00    0.50249E-02 -387.39         test_P_all          
.9200E+00    20.000  0.262E+01   0.83553E-03   0.00000E+00   0.10000E+00    0.50249E-02 -389.45         test_P_all          
.9300E+00    20.000  0.239E+01   0.62151E-03   0.00000E+00   0.10000E+00    0.50249E-02 -391.13         test_P_all          
.9400E+00    20.000  0.216E+01   0.44951E-03   0.00000E+00   0.10000E+00    0.50249E-02 -392.49         test_P_all          
.9500E+00    20.000  0.193E+01   0.31420E-03   0.00000E+00   0.10000E+00    0.50249E-02 -393.55         test_P_all          
.9600E+00    20.000  0.172E+01   0.21172E-03   0.00000E+00   0.10000E+00    0.50249E-02 -394.36         test_P_all          
.9700E+00    20.000  0.150E+01   0.13478E-03   0.00000E+00   0.10000E+00    0.50249E-02 -394.97         test_P_all          
.9800E+00    20.000  0.129E+01   0.80224E-04   0.00000E+00   0.10000E+00    0.50249E-02 -395.40         test_P_all          
.9900E+00    20.000  0.108E+01   0.44793E-04   0.00000E+00   0.10000E+00    0.50249E-02 -395.68         test_P_all          
.1000E+01    20.000  0.882E+00   0.20904E-04   0.00000E+00   0.10000E+00    0.50249E-02 -395.87         test_P_all          
.1000E+00    50.000  0.451E+03   0.39370E+00   0.00000E+00   0.10000E+00    0.50249E-02 3416.25         test_P_all          
.1100E+00    50.000  0.405E+03   0.38446E+00   0.00000E+00   0.10000E+00    0.50249E-02 3204.62         test_P_all          
.1200E+00    50.000  0.368E+03   0.37606E+00   0.00000E+00   0.10000E+00    0.50249E-02 3018.07         test_P_all          
.1300E+00    50.000  0.335E+03   0.36825E+00   0.00000E+00   0.10000E+00    0.50249E-02 2849.82         test_P_all          
.1400E+00    50.000  0.308E+03   0.36080E+00   0.00000E+00   0.10000E+00    0.50249E-02 2693.67         test_P_all          
.1500E+00    50.000  0.284E+03   0.35371E+00   0.00000E+00   0.10000E+00    0.50249E-02 2549.28         test_P_all          
.1600E+00    50.000  0.263E+03   0.34673E+00   0.00000E+00   0.10000E+00    0.50249E-02 2410.92         test_P_all          
.1700E+00    50.000  0.245E+03   0.33989E+00   0.00000E+00   0.10000E+00    0.50249E-02 2279.07         test_P_all          
.1800E+00    50.000  0.229E+03   0.33310E+00   0.00000E+00   0.10000E+00    0.50249E-02 2151.96         test_P_all          
.1900E+00    50.000  0.214E+03   0.32629E+00   0.00000E+00   0.10000E+00    0.50249E-02 2027.94         test_P_all          
.2000E+00    50.000  0.201E+03   0.31946E+00   0.00000E+00   0.10000E+00    0.50249E-02 1907.43         test_P_all          
.2100E+00    50.000  0.189E+03   0.31253E+00   0.00000E+00   0.10000E+00    0.50249E-02 1788.95         test_P_all          
.2200E+00    50.000  0.178E+03   0.30554E+00   0.00000E+00   0.10000E+00    0.50249E-02 1673.08         test_P_all          
.2300E+00    50.000  0.168E+03   0.29845E+00   0.00000E+00   0.10000E+00    0.50249E-02 1559.70         test_P_all          
.2400E+00    50.000  0.159E+03   0.29126E+00   0.00000E+00   0.10000E+00    0.50249E-02 1448.65         test_P_all          
.2500E+00    50.000  0.151E+03   0.28397E+00   0.00000E+00   0.10000E+00    0.50249E-02 1340.43         test_P_all          
.2600E+00    50.000  0.143E+03   0.27659E+00   0.00000E+00   0.10000E+00    0.50249E-02 1234.99         test_P_all          
.2700E+00    50.000  0.136E+03   0.26912E+00   0.00000E+00   0.10000E+00    0.50249E-02 1132.77         test_P_all          
.2800E+00    50.000  0.129E+03   0.26158E+00   0.00000E+00   0.10000E+00    0.50249E-02 1034.04         test_P_all          
.2900E+00    50.000  0.123E+03   0.25398E+00   0.00000E+00   0.10000E+00    0.50249E-02  939.02         test_P_all          
.3000E+00    50.000  0.118E+03   0.24633E+00   0.00000E+00   0.10000E+00    0.18868E-02 6014.81         test_P_all          
.3100E+00    50.000  0.112E+03   0.23865E+00   0.00000E+00   0.10000E+00    0.50249E-02  761.30         test_P_all          
.3200E+00    50.000  0.107E+03   0.23094E+00   0.00000E+00   0.10000E+00    0.50249E-02  679.05         test_P_all          
.3300E+00    50.000  0.102E+03   0.22323E+00   0.00000E+00   0.10000E+00    0.50249E-02  601.44         test_P_all          
.3400E+00    50.000  0.979E+02   0.21553E+00   0.00000E+00   0.10000E+00    0.50249E-02  528.64         test_P_all          
.3500E+00    50.000  0.937E+02   0.20786E+00   0.00000E+00   0.10000E+00    0.50249E-02  460.73         test_P_all          
.3600E+00    50.000  0.898E+02   0.20022E+00   0.00000E+00   0.10000E+00    0.50249E-02  397.80         test_P_all          
.3700E+00    50.000  0.860E+02   0.19263E+00   0.00000E+00   0.10000E+00    0.50249E-02  339.85         test_P_all          
.3800E+00    50.000  0.825E+02   0.18511E+00   0.00000E+00   0.10000E+00    0.50249E-02  286.86         test_P_all          
.3900E+00    50.000  0.791E+02   0.17766E+00   0.00000E+00   0.10000E+00    0.50249E-02  238.87         test_P_all          
.4000E+00    50.000  0.759E+02   0.17030E+00   0.00000E+00   0.10000E+00    0.17692E-02 1579.03         test_P_all          
.4100E+00    50.000  0.728E+02   0.16304E+00   0.00000E+00   0.10000E+00    0.50249E-02  157.39         test_P_all          
.4200E+00    50.000  0.699E+02   0.15588E+00   0.00000E+00   0.10000E+00    0.50249E-02  123.68         test_P_all          
.4300E+00    50.000  0.672E+02   0.14884E+00   0.00000E+00   0.10000E+00    0.50249E-02   94.48         test_P_all          
.4400E+00    50.000  0.645E+02   0.14193E+00   0.00000E+00   0.10000E+00    0.50249E-02   69.63         test_P_all          
.4500E+00    50.000  0.620E+02   0.13515E+00   0.00000E+00   0.10000E+00    0.50249E-02   48.93         test_P_all          
.4600E+00    50.000  0.596E+02   0.12851E+00   0.00000E+00   0.10000E+00    0.50249E-02   32.19         test_P_all          
.4700E+00    50.000  0.573E+02   0.12202E+00   0.00000E+00   0.10000E+00    0.50249E-02   19.20         test_P_all          
.4800E+00    50.000  0.550E+02   0.11568E+00   0.00000E+00   0.10000E+00    0.50249E-02    9.74         test_P_all          
.4900E+00    50.000  0.529E+02   0.10950E+00   0.00000E+00   0.10000E+00    0.50249E-02    3.58         test_P_all          
.5000E+00    50.000  0.509E+02   0.10349E+00   0.00000E+00   0.10000E+00    0.17692E-02    3.90         test_P_all          
.5100E+00    50.000  0.489E+02   0.97655E-01   0.00000E+00   0.10000E+00    0.50249E-02   -0.22         test_P_all          
.5200E+00    50.000  0.470E+02   0.91991E-01   0.00000E+00   0.10000E+00    0.50249E-02   -2.54         test_P_all          
.5300E+00    50.000  0.452E+02   0.86504E-01   0.00000E+00   0.10000E+00    0.50249E-02   -7.21         test_P_all          
.5400E+00    50.000  0.435E+02   0.81201E-01   0.00000E+00   0.10000E+00    0.50249E-02  -14.00         test_P_all          
.5500E+00    50.000  0.418E+02   0.76081E-01   0.00000E+00   0.10000E+00    0.50249E-02  -22.66         test_P_all          
.5600E+00    50.000  0.402E+02   0.71149E-01   0.00000E+00   0.10000E+00    0.50249E-02  -32.97         test_P_all          
.5700E+00    50.000  0.386E+02   0.66404E-01   0.00000E+00   0.10000E+00    0.50249E-02  -44.70         test_P_all          
.5800E+00    50.000  0.371E+02   0.61848E-01   0.00000E+00   0.10000E+00    0.50249E-02  -57.65         test_P_all          
.5900E+00    50.000  0.356E+02   0.57482E-01   0.00000E+00   0.10000E+00    0.50249E-02  -71.59         test_P_all          
.6000E+00    50.000  0.342E+02   0.53305E-01   0.00000E+00   0.10000E+00    0.17692E-02 -696.62         test_P_all          
.6100E+00    50.000  0.328E+02   0.49317E-01   0.00000E+00   0.10000E+00    0.50249E-02 -101.73         test_P_all          
.6200E+00    50.000  0.315E+02   0.45518E-01   0.00000E+00   0.10000E+00    0.50249E-02 -117.56         test_P_all          
.6300E+00    50.000  0.302E+02   0.41904E-01   0.00000E+00   0.10000E+00    0.50249E-02 -133.67         test_P_all          
.6400E+00    50.000  0.290E+02   0.38476E-01   0.00000E+00   0.10000E+00    0.50249E-02 -149.91         test_P_all          
.6500E+00    50.000  0.278E+02   0.35229E-01   0.00000E+00   0.10000E+00    0.50249E-02 -166.15         test_P_all          
.6600E+00    50.000  0.266E+02   0.32163E-01   0.00000E+00   0.10000E+00    0.50249E-02 -182.25         test_P_all          
.6700E+00    50.000  0.255E+02   0.29274E-01   0.00000E+00   0.10000E+00    0.50249E-02 -198.11         test_P_all          
.6800E+00    50.000  0.244E+02   0.26557E-01   0.00000E+00   0.10000E+00    0.50249E-02 -213.62         test_P_all          
.6900E+00    50.000  0.233E+02   0.24011E-01   0.00000E+00   0.10000E+00    0.50249E-02 -228.69         test_P_all          
.7000E+00    50.000  0.223E+02   0.21631E-01   0.00000E+00   0.10000E+00    0.17692E-02 *******         test_P_all          
.7100E+00    50.000  0.213E+02   0.19411E-01   0.00000E+00   0.10000E+00    0.50249E-02 -257.21         test_P_all          
.7200E+00    50.000  0.203E+02   0.17348E-01   0.00000E+00   0.10000E+00    0.50249E-02 -270.55         test_P_all          
.7300E+00    50.000  0.194E+02   0.15437E-01   0.00000E+00   0.10000E+00    0.50249E-02 -283.20         test_P_all          
.7400E+00    50.000  0.184E+02   0.13673E-01   0.00000E+00   0.10000E+00    0.50249E-02 -295.14         test_P_all          
.7500E+00    50.000  0.175E+02   0.12051E-01   0.00000E+00   0.10000E+00    0.50249E-02 -306.34         test_P_all          
.7600E+00    50.000  0.167E+02   0.10564E-01   0.00000E+00   0.10000E+00    0.50249E-02 -316.78         test_P_all          
.7700E+00    50.000  0.158E+02   0.92076E-02   0.00000E+00   0.10000E+00    0.50249E-02 -326.47         test_P_all          
.7800E+00    50.000  0.150E+02   0.79755E-02   0.00000E+00   0.10000E+00    0.50249E-02 -335.39         test_P_all          
.7900E+00    50.000  0.142E+02   0.68617E-02   0.00000E+00   0.10000E+00    0.50249E-02 -343.55         test_P_all          
.8000E+00    50.000  0.134E+02   0.58604E-02   0.00000E+00   0.10000E+00    0.17692E-02 *******         test_P_all          
.8100E+00    50.000  0.126E+02   0.49650E-02   0.00000E+00   0.10000E+00    0.50249E-02 -357.69         test_P_all          
.8200E+00    50.000  0.119E+02   0.41695E-02   0.00000E+00   0.10000E+00    0.50249E-02 -363.70         test_P_all          
.8300E+00    50.000  0.111E+02   0.34678E-02   0.00000E+00   0.10000E+00    0.50249E-02 -369.05         test_P_all          
.8400E+00    50.000  0.104E+02   0.28532E-02   0.00000E+00   0.10000E+00    0.50249E-02 -373.76         test_P_all          
.8500E+00    50.000  0.971E+01   0.23194E-02   0.00000E+00   0.10000E+00    0.50249E-02 -377.88         test_P_all          
.8600E+00    50.000  0.902E+01   0.18606E-02   0.00000E+00   0.10000E+00    0.50249E-02 -381.44         test_P_all          
.8700E+00    50.000  0.835E+01   0.14695E-02   0.00000E+00   0.10000E+00    0.50249E-02 -384.49         test_P_all          
.8800E+00    50.000  0.770E+01   0.11407E-02   0.00000E+00   0.10000E+00    0.50249E-02 -387.06         test_P_all          
.8900E+00    50.000  0.706E+01   0.86832E-03   0.00000E+00   0.10000E+00    0.50249E-02 -389.19         test_P_all          
.9000E+00    50.000  0.644E+01   0.64514E-03   0.00000E+00   0.10000E+00    0.17692E-02 *******         test_P_all          
.9100E+00    50.000  0.583E+01   0.46690E-03   0.00000E+00   0.10000E+00    0.50249E-02 -392.35         test_P_all          
.9200E+00    50.000  0.523E+01   0.32671E-03   0.00000E+00   0.10000E+00    0.50249E-02 -393.46         test_P_all          
.9300E+00    50.000  0.465E+01   0.21941E-03   0.00000E+00   0.10000E+00    0.50249E-02 -394.30         test_P_all          
.9400E+00    50.000  0.407E+01   0.14109E-03   0.00000E+00   0.10000E+00    0.50249E-02 -394.92         test_P_all          
.9500E+00    50.000  0.351E+01   0.83950E-04   0.00000E+00   0.10000E+00    0.50249E-02 -395.37         test_P_all          
.9600E+00    50.000  0.297E+01   0.46152E-04   0.00000E+00   0.10000E+00    0.50249E-02 -395.67         test_P_all          
.9700E+00    50.000  0.243E+01   0.22751E-04   0.00000E+00   0.10000E+00    0.50249E-02 -395.86         test_P_all          
.9800E+00    50.000  0.190E+01   0.87900E-05   0.00000E+00   0.10000E+00    0.50249E-02 -395.97         test_P_all          
.9900E+00    50.000  0.139E+01   0.29501E-05   0.00000E+00   0.10000E+00    0.50249E-02 -396.02         test_P_all          
.1000E+01    50.000  0.882E+00   0.21446E-05   0.00000E+00   0.10000E+00    0.50249E-02 -396.02         test_P_all          
.1000E+00   100.000  0.901E+03   0.39590E+00   0.00000E+00   0.10000E+00    0.50249E-02 3467.53         test_P_all          
.1100E+00   100.000  0.810E+03   0.38505E+00   0.00000E+00   0.10000E+00    0.50249E-02 3217.91         test_P_all          
.1200E+00   100.000  0.734E+03   0.37526E+00   0.00000E+00   0.10000E+00    0.50249E-02 3000.78         test_P_all          
.1300E+00   100.000  0.670E+03   0.36624E+00   0.00000E+00   0.10000E+00    0.50249E-02 2807.28         test_P_all          
.1400E+00   100.000  0.615E+03   0.35768E+00   0.00000E+00   0.10000E+00    0.50249E-02 2629.69         test_P_all          
.1500E+00   100.000  0.568E+03   0.34960E+00   0.00000E+00   0.10000E+00    0.50249E-02 2467.42         test_P_all          
.1600E+00   100.000  0.526E+03   0.34170E+00   0.00000E+00   0.10000E+00    0.50249E-02 2313.70         test_P_all          
.1700E+00   100.000  0.489E+03   0.33402E+00   0.00000E+00   0.10000E+00    0.50249E-02 2168.92         test_P_all          
.1800E+00   100.000  0.456E+03   0.32646E+00   0.00000E+00   0.10000E+00    0.50249E-02 2030.98         test_P_all          
.1900E+00   100.000  0.427E+03   0.31892E+00   0.00000E+00   0.10000E+00    0.50249E-02 1898.06         test_P_all          
.2000E+00   100.000  0.401E+03   0.31143E+00   0.00000E+00   0.10000E+00    0.50249E-02 1770.45         test_P_all          
.2100E+00   100.000  0.377E+03   0.30390E+00   0.00000E+00   0.10000E+00    0.50249E-02 1646.51         test_P_all          
.2200E+00   100.000  0.355E+03   0.29634E+00   0.00000E+00   0.10000E+00    0.50249E-02 1526.73         test_P_all          
.2300E+00   100.000  0.336E+03   0.28874E+00   0.00000E+00   0.10000E+00    0.50249E-02 1410.86         test_P_all          
.2400E+00   100.000  0.318E+03   0.28109E+00   0.00000E+00   0.10000E+00    0.50249E-02 1298.71         test_P_all          
.2500E+00   100.000  0.301E+03   0.27339E+00   0.00000E+00   0.10000E+00    0.50249E-02 1190.63         test_P_all          
.2600E+00   100.000  0.285E+03   0.26563E+00   0.00000E+00   0.10000E+00    0.50249E-02 1086.51         test_P_all          
.2700E+00   100.000  0.271E+03   0.25784E+00   0.00000E+00   0.10000E+00    0.50249E-02  986.69         test_P_all          
.2800E+00   100.000  0.258E+03   0.25002E+00   0.00000E+00   0.10000E+00    0.50249E-02  891.33         test_P_all          
.2900E+00   100.000  0.246E+03   0.24218E+00   0.00000E+00   0.10000E+00    0.50249E-02  800.57         test_P_all          
.3000E+00   100.000  0.234E+03   0.23433E+00   0.00000E+00   0.10000E+00    0.18868E-02 5068.55         test_P_all          
.3100E+00   100.000  0.223E+03   0.22649E+00   0.00000E+00   0.10000E+00    0.50249E-02  633.60         test_P_all          
.3200E+00   100.000  0.213E+03   0.21866E+00   0.00000E+00   0.10000E+00    0.50249E-02  557.64         test_P_all          
.3300E+00   100.000  0.204E+03   0.21087E+00   0.00000E+00   0.10000E+00    0.50249E-02  486.80         test_P_all          
.3400E+00   100.000  0.195E+03   0.20312E+00   0.00000E+00   0.10000E+00    0.50249E-02  421.15         test_P_all          
.3500E+00   100.000  0.187E+03   0.19543E+00   0.00000E+00   0.10000E+00    0.50249E-02  360.67         test_P_all          
.3600E+00   100.000  0.179E+03   0.18781E+00   0.00000E+00   0.10000E+00    0.50249E-02  305.38         test_P_all          
.3700E+00   100.000  0.171E+03   0.18027E+00   0.00000E+00   0.10000E+00    0.50249E-02  255.20         test_P_all          
.3800E+00   100.000  0.164E+03   0.17283E+00   0.00000E+00   0.10000E+00    0.50249E-02  210.05         test_P_all          
.3900E+00   100.000  0.157E+03   0.16548E+00   0.00000E+00   0.10000E+00    0.50249E-02  169.83         test_P_all          
.4000E+00   100.000  0.151E+03   0.15825E+00   0.00000E+00   0.10000E+00    0.17692E-02 1084.09         test_P_all          
.4100E+00   100.000  0.145E+03   0.15114E+00   0.00000E+00   0.10000E+00    0.50249E-02  103.59         test_P_all          
.4200E+00   100.000  0.139E+03   0.14416E+00   0.00000E+00   0.10000E+00    0.50249E-02   77.24         test_P_all          
.4300E+00   100.000  0.133E+03   0.13732E+00   0.00000E+00   0.10000E+00    0.50249E-02   55.15         test_P_all          
.4400E+00   100.000  0.128E+03   0.13062E+00   0.00000E+00   0.10000E+00    0.50249E-02   37.13         test_P_all          
.4500E+00   100.000  0.123E+03   0.12407E+00   0.00000E+00   0.10000E+00    0.50249E-02   22.95         test_P_all          
.4600E+00   100.000  0.118E+03   0.11768E+00   0.00000E+00   0.10000E+00    0.50249E-02   12.38         test_P_all          
.4700E+00   100.000  0.114E+03   0.11146E+00   0.00000E+00   0.10000E+00    0.50249E-02    5.20         test_P_all          
.4800E+00   100.000  0.109E+03   0.10540E+00   0.00000E+00   0.10000E+00    0.50249E-02    1.15         test_P_all          
.4900E+00   100.000  0.105E+03   0.99513E-01   0.00000E+00   0.10000E+00    0.50249E-02   -0.01         test_P_all          
.5000E+00   100.000  0.101E+03   0.93803E-01   0.00000E+00   0.10000E+00    0.17692E-02  -12.27         test_P_all          
.5100E+00   100.000  0.970E+02   0.88274E-01   0.00000E+00   0.10000E+00    0.50249E-02   -5.45         test_P_all          
.5200E+00   100.000  0.932E+02   0.82927E-01   0.00000E+00   0.10000E+00    0.50249E-02  -11.54         test_P_all          
.5300E+00   100.000  0.896E+02   0.77765E-01   0.00000E+00   0.10000E+00    0.50249E-02  -19.58         test_P_all          
.5400E+00   100.000  0.861E+02   0.72790E-01   0.00000E+00   0.10000E+00    0.50249E-02  -29.32         test_P_all          
.5500E+00   100.000  0.827E+02   0.68002E-01   0.00000E+00   0.10000E+00    0.50249E-02  -40.55         test_P_all          
.5600E+00   100.000  0.795E+02   0.63404E-01   0.00000E+00   0.10000E+00    0.50249E-02  -53.04         test_P_all          
.5700E+00   100.000  0.763E+02   0.58996E-01   0.00000E+00   0.10000E+00    0.50249E-02  -66.59         test_P_all          
.5800E+00   100.000  0.733E+02   0.54775E-01   0.00000E+00   0.10000E+00    0.50249E-02  -81.00         test_P_all          
.5900E+00   100.000  0.704E+02   0.50744E-01   0.00000E+00   0.10000E+00    0.50249E-02  -96.09         test_P_all          
.6000E+00   100.000  0.675E+02   0.46899E-01   0.00000E+00   0.10000E+00    0.17692E-02 -900.85         test_P_all          
.6100E+00   100.000  0.648E+02   0.43242E-01   0.00000E+00   0.10000E+00    0.50249E-02 -127.58         test_P_all          
.6200E+00   100.000  0.622E+02   0.39768E-01   0.00000E+00   0.10000E+00    0.50249E-02 -143.68         test_P_all          
.6300E+00   100.000  0.596E+02   0.36475E-01   0.00000E+00   0.10000E+00    0.50249E-02 -159.82         test_P_all          
.6400E+00   100.000  0.571E+02   0.33363E-01   0.00000E+00   0.10000E+00    0.50249E-02 -175.86         test_P_all          
.6500E+00   100.000  0.547E+02   0.30426E-01   0.00000E+00   0.10000E+00    0.50249E-02 -191.71         test_P_all          
.6600E+00   100.000  0.524E+02   0.27662E-01   0.00000E+00   0.10000E+00    0.50249E-02 -207.24         test_P_all          
.6700E+00   100.000  0.501E+02   0.25068E-01   0.00000E+00   0.10000E+00    0.50249E-02 -222.37         test_P_all          
.6800E+00   100.000  0.479E+02   0.22638E-01   0.00000E+00   0.10000E+00    0.50249E-02 -237.03         test_P_all          
.6900E+00   100.000  0.458E+02   0.20370E-01   0.00000E+00   0.10000E+00    0.50249E-02 -251.13         test_P_all          
.7000E+00   100.000  0.437E+02   0.18258E-01   0.00000E+00   0.10000E+00    0.17692E-02 *******         test_P_all          
.7100E+00   100.000  0.417E+02   0.16298E-01   0.00000E+00   0.10000E+00    0.50249E-02 -277.47         test_P_all          
.7200E+00   100.000  0.398E+02   0.14485E-01   0.00000E+00   0.10000E+00    0.50249E-02 -289.62         test_P_all          
.7300E+00   100.000  0.379E+02   0.12813E-01   0.00000E+00   0.10000E+00    0.50249E-02 -301.05         test_P_all          
.7400E+00   100.000  0.360E+02   0.11277E-01   0.00000E+00   0.10000E+00    0.50249E-02 -311.75         test_P_all          
.7500E+00   100.000  0.342E+02   0.98727E-02   0.00000E+00   0.10000E+00    0.50249E-02 -321.70         test_P_all          
.7600E+00   100.000  0.325E+02   0.85927E-02   0.00000E+00   0.10000E+00    0.50249E-02 -330.90         test_P_all          
.7700E+00   100.000  0.308E+02   0.74320E-02   0.00000E+00   0.10000E+00    0.50249E-02 -339.36         test_P_all          
.7800E+00   100.000  0.291E+02   0.63846E-02   0.00000E+00   0.10000E+00    0.50249E-02 -347.08         test_P_all          
.7900E+00   100.000  0.275E+02   0.54442E-02   0.00000E+00   0.10000E+00    0.50249E-02 -354.09         test_P_all          
.8000E+00   100.000  0.259E+02   0.46051E-02   0.00000E+00   0.10000E+00    0.17692E-02 *******         test_P_all          
.8100E+00   100.000  0.243E+02   0.38606E-02   0.00000E+00   0.10000E+00    0.50249E-02 -366.05         test_P_all          
.8200E+00   100.000  0.228E+02   0.32051E-02   0.00000E+00   0.10000E+00    0.50249E-02 -371.06         test_P_all          
.8300E+00   100.000  0.214E+02   0.26325E-02   0.00000E+00   0.10000E+00    0.50249E-02 -375.46         test_P_all          
.8400E+00   100.000  0.199E+02   0.21357E-02   0.00000E+00   0.10000E+00    0.50249E-02 -379.30         test_P_all          
.8500E+00   100.000  0.185E+02   0.17096E-02   0.00000E+00   0.10000E+00    0.50249E-02 -382.61         test_P_all          
.8600E+00   100.000  0.172E+02   0.13478E-02   0.00000E+00   0.10000E+00    0.50249E-02 -385.44         test_P_all          
.8700E+00   100.000  0.158E+02   0.10438E-02   0.00000E+00   0.10000E+00    0.50249E-02 -387.82         test_P_all          
.8800E+00   100.000  0.145E+02   0.79288E-03   0.00000E+00   0.10000E+00    0.50249E-02 -389.78         test_P_all          
.8900E+00   100.000  0.132E+02   0.58778E-03   0.00000E+00   0.10000E+00    0.50249E-02 -391.40         test_P_all          
.9000E+00   100.000  0.120E+02   0.42408E-03   0.00000E+00   0.10000E+00    0.17692E-02 *******         test_P_all          
.9100E+00   100.000  0.108E+02   0.29644E-03   0.00000E+00   0.10000E+00    0.50249E-02 -393.70         test_P_all          
.9200E+00   100.000  0.958E+01   0.19844E-03   0.00000E+00   0.10000E+00    0.50249E-02 -394.47         test_P_all          
.9300E+00   100.000  0.841E+01   0.12702E-03   0.00000E+00   0.10000E+00    0.50249E-02 -395.03         test_P_all          
.9400E+00   100.000  0.726E+01   0.75787E-04   0.00000E+00   0.10000E+00    0.50249E-02 -395.44         test_P_all          
.9500E+00   100.000  0.614E+01   0.41419E-04   0.00000E+00   0.10000E+00    0.50249E-02 -395.71         test_P_all          
.9600E+00   100.000  0.505E+01   0.20711E-04   0.00000E+00   0.10000E+00    0.50249E-02 -395.88         test_P_all          
.9700E+00   100.000  0.397E+01   0.80481E-05   0.00000E+00   0.10000E+00    0.50249E-02 -395.98         test_P_all          
.9800E+00   100.000  0.292E+01   0.26318E-05   0.00000E+00   0.10000E+00    0.50249E-02 -396.02         test_P_all          
.9900E+00   100.000  0.189E+01   0.17890E-05   0.00000E+00   0.10000E+00    0.50249E-02 -396.03         test_P_all          
.1000E+01   100.000  0.882E+00   0.23675E-05   0.00000E+00   0.10000E+00    0.50249E-02 -396.02         test_P_all          



 CHI SQUARE=******** FOR  582 POINTS   CHISQ/NPTS= 1098.76
 Signed chisquare total =********
 Modified residual =********


Summary normalization chi2 contributions

 data set     normalization        error         chisq


Summary chi2 per data set

 data set                chisq    _w     signd    _w     resid     _w   npts   chisq/pts  _w
test_P_all            639475.5        443528.1        ********           582 1098.76
------------------------------------------------------------------------------------
          TOTAL       639475.5639475.5443528.1     0.0****************   582 1098.76 1098.76
          TOTAL+norm  639475.5639475.5                                   582 1098.76 1098.76



            Momentum Sum Rule Check


      q2      alphas      xuv       xdv       xub       xdb       xsb       xcb       xbb      xglue     total
      1.69    0.3845    0.3193    0.1359    0.0561    0.0698    0.0252    0.0000    0.0000    0.3939    1.0002
    100.00    0.1784    0.2250    0.0958    0.0654    0.0751    0.0437    0.0259    0.0088    0.4576    0.9972
   1000.00    0.1407    0.0000    0.0000    0.0000    0.0000    0.0000    0.0000    0.0000    0.0000    0.0000
   8315.00    0.1180    0.0000    0.0000    0.0000    0.0000    0.0000    0.0000    0.0000    0.0000    0.0000


 Vector Boson Cross Sections

 sqrt(s)   sigma(W)    error    theory

   1960.     2.865     0.063       0.000     D0

   1960.     2.749     0.054       0.000     CDF

   7000.     9.95      0.29        0.000     CMS

   7000.     9.96      0.55        0.000     ATLAS

 sqrt(s)   sigma(Z)    error    theory

   1960.     .2649     .0094       0.000     D0

   1960.     .2549     .0057       0.000     CDF

   7000.     .931      0.035       0.000     CMS

   7000.     .82       0.08        0.000     ATLAS


