 Correlated errors added in quadrature with statistical errors
 test_N_all           DIS data with   1.69< Q2 < 0.500D+03 and 0.000 < xB < 1.000 and   0.00< W2 < 0.100D+05 and 0.000 < y < 1.000
   GP TMC applied
   no HT corrections

# fitpack15: fit output
# CJ15 AV18 final data choices                                                 

Parametrization   7 used here

 S-ACOT scheme used  for NC DIS

 charm mass =     1.30 GeV     bottom mass =     4.50 GeV



 THIS IS A NEXT TO LEADING ORDER FIT

 Q02=    1.69
         1  LAMBDA      VALUE=   0.22680      WEIGHT=    0.0000    
         2  a0uv        VALUE=    1.7457      WEIGHT=    0.0000    
         3  a1uv        VALUE=   0.54764      WEIGHT=   0.26959E-01
         4  a2uv        VALUE=    3.6306      WEIGHT=   0.13650E-01
         5  a3uv        VALUE=    0.0000      WEIGHT=    0.0000    
         6  a4uv        VALUE=    5.5917      WEIGHT=   0.84809    
         7  a5uv        VALUE=    0.0000      WEIGHT=    0.0000    
         8  a0dv        VALUE=    25.577      WEIGHT=    0.0000    
         9  a1dv        VALUE=    1.1700      WEIGHT=   0.36402E-01
        10  a2dv        VALUE=    6.6136      WEIGHT=   0.20188    
        11  a3dv        VALUE=   -3.4801      WEIGHT=   0.10840    
        12  a4dv        VALUE=    4.6254      WEIGHT=   0.16564    
        13  a5dv        VALUE=    0.0000      WEIGHT=    0.0000    
        14  a0ud        VALUE=   0.14138      WEIGHT=   0.49857E-02
        15  a1ud        VALUE=  -0.21122      WEIGHT=   0.38239E-02
        16  a2ud        VALUE=    8.7281      WEIGHT=   0.19840    
        17  a3ud        VALUE=    0.0000      WEIGHT=    0.0000    
        18  a4ud        VALUE=    16.500      WEIGHT=    1.3887    
        19  a5ud        VALUE=    0.0000      WEIGHT=    0.0000    
        20  a0du        VALUE=    35712.      WEIGHT=    0.0000    
        21  a1du        VALUE=    4.2615      WEIGHT=   0.13411    
        22  a2du        VALUE=    20.308      WEIGHT=    1.3016    
        23  a3du        VALUE=    17.000      WEIGHT=    0.0000    
        24  a4du        VALUE=    63.487      WEIGHT=    17.001    
        25  a0g         VALUE=    44.064      WEIGHT=    0.0000    
        26  a1g         VALUE=   0.59687      WEIGHT=   0.28051E-01
        27  a2g         VALUE=    5.5504      WEIGHT=   0.74913    
        28  a3g         VALUE=   -3.3487      WEIGHT=   0.11406    
        29  a4g         VALUE=    3.1108      WEIGHT=   0.23372    
        30  a5g         VALUE=    0.0000      WEIGHT=    0.0000    
        31  kappa       VALUE=   0.40000      WEIGHT=    0.0000    
        32  a6dv        VALUE=  -0.36490E-02  WEIGHT=   0.74460E-03
        33  a7dv        VALUE=    2.0000      WEIGHT=    0.0000    
        34  off1        VALUE=  -0.11492      WEIGHT=   0.12672    
        35  off2        VALUE=  -0.10958      WEIGHT=   0.86942    
        36  off3        VALUE=   0.27576      WEIGHT=    1.4024    
        37  ht1         VALUE=   -5.1455      WEIGHT=    1.4308    
        38  ht2         VALUE=    2.3971      WEIGHT=   0.22287    
        39  ht3         VALUE=   -2.0803      WEIGHT=   0.38163E-01
        40  ht4         VALUE=    2.6917      WEIGHT=   0.16065    
        41  ht1n        VALUE=   -7.7187      WEIGHT=    7.4089    
        42  ht2n        VALUE=    2.7142      WEIGHT=   0.67060    
        43  ht3n        VALUE=   -2.2403      WEIGHT=   0.85440E-01
        44  ht4n        VALUE=    3.4486      WEIGHT=   0.66644    
        45  dummy45     VALUE=    0.0000      WEIGHT=    0.0000    
        46  dummy46     VALUE=    0.0000      WEIGHT=    0.0000    
        47  dummy47     VALUE=    0.0000      WEIGHT=    0.0000    
        48  dummy48     VALUE=    0.0000      WEIGHT=    0.0000    
        49  dummy49     VALUE=    0.0000      WEIGHT=    0.0000    
        50  bcdmsh2     VALUE=   0.97134      WEIGHT=   0.49270E-02
        51  bcdmsd2     VALUE=   0.99272      WEIGHT=   0.59376E-02
        52  ccfr        VALUE=    1.0000      WEIGHT=    0.0000    
        53  nutev       VALUE=    1.0000      WEIGHT=    0.0000    
        54  zeus        VALUE=   0.97998      WEIGHT=    0.0000    
        55  h1          VALUE=    1.0162      WEIGHT=    0.0000    
        56  e605        VALUE=    1.0319      WEIGHT=    0.0000    
        57  NmcH2       VALUE=    1.0072      WEIGHT=   0.71660E-02
        58  ntv_nu      VALUE=    1.0000      WEIGHT=    0.0000    
        59  ntv_nubar   VALUE=    1.0000      WEIGHT=    0.0000    
        60  cdf_jet     VALUE=   0.98910      WEIGHT=    0.0000    
        61  d0_jet      VALUE=   0.83504      WEIGHT=    0.0000    
        62  slac_p      VALUE=   0.99973      WEIGHT=   0.52696E-02
        63  slac_d      VALUE=    1.0035      WEIGHT=   0.54461E-02
        64  e866pp      VALUE=   0.99052      WEIGHT=   0.19934E-01
        65  e866pd      VALUE=   0.95016      WEIGHT=   0.17833E-01
        66  d0_gamjet   VALUE=    1.0388      WEIGHT=   0.16537E-01
        67  h1b         VALUE=   0.97608      WEIGHT=    0.0000    
        68  jlab_p      VALUE=   0.98575      WEIGHT=   0.64287E-02
        69  jlab_d      VALUE=   0.97604      WEIGHT=   0.61830E-02
        70  blank       VALUE=    1.0000      WEIGHT=    0.0000    
        71  d0run2      VALUE=   0.95120      WEIGHT=   0.15423E-01
        72  cdfrun2     VALUE=   0.93580      WEIGHT=   0.17814E-01
        73  HERA_el     VALUE=    1.0000      WEIGHT=    0.0000    
        74  HERA_ps     VALUE=    1.0000      WEIGHT=    0.0000    
        75  CDF_Z       VALUE=   0.95581      WEIGHT=   0.67502E-02
        76  NmcRat      VALUE=    1.0000      WEIGHT=    0.0000    
        77  BNS_F2nd    VALUE=   0.97628      WEIGHT=   0.12771E-01
        78  HERMES_F2p  VALUE=   0.99364      WEIGHT=   0.57957E-02
        79  HERMES_F2d  VALUE=   0.97918      WEIGHT=   0.59284E-02
0THE TOLERANCE IS    0.1000
 THE MAXIMUM NUMBER OF STEPS IS 100
0THE INITIAL CHI SQUARED IS  3.93589E+05



     X        Q2         W2       THEORY        error         DATA           ERROR        chi^2     _w    ITYPE
.1000E-01     2.000  0.199E+03   0.33949E+00   0.00000E+00   0.10000E+00    0.50249E-02 2271.56         test_N_all          
.2000E-01     2.000  0.989E+02   0.31708E+00   0.00000E+00   0.10000E+00    0.50249E-02 1866.22         test_N_all          
.3000E-01     2.000  0.655E+02   0.30835E+00   0.00000E+00   0.10000E+00    0.50249E-02 1719.15         test_N_all          
.4000E-01     2.000  0.489E+02   0.30620E+00   0.00000E+00   0.10000E+00    0.50249E-02 1683.89         test_N_all          
.5000E-01     2.000  0.389E+02   0.30529E+00   0.00000E+00   0.10000E+00    0.50249E-02 1669.01         test_N_all          
.6000E-01     2.000  0.322E+02   0.30564E+00   0.00000E+00   0.10000E+00    0.50249E-02 1674.84         test_N_all          
.7000E-01     2.000  0.275E+02   0.30615E+00   0.00000E+00   0.10000E+00    0.50249E-02 1683.04         test_N_all          
.8000E-01     2.000  0.239E+02   0.30650E+00   0.00000E+00   0.10000E+00    0.50249E-02 1688.85         test_N_all          
.9000E-01     2.000  0.211E+02   0.30653E+00   0.00000E+00   0.10000E+00    0.50249E-02 1689.25         test_N_all          
.1000E+00     2.000  0.189E+02   0.30605E+00   0.00000E+00   0.10000E+00    0.50249E-02 1681.41         test_N_all          
.1100E+00     2.000  0.171E+02   0.30501E+00   0.00000E+00   0.10000E+00    0.50249E-02 1664.57         test_N_all          
.1200E+00     2.000  0.155E+02   0.30337E+00   0.00000E+00   0.10000E+00    0.50249E-02 1637.98         test_N_all          
.1300E+00     2.000  0.143E+02   0.30113E+00   0.00000E+00   0.10000E+00    0.50249E-02 1602.11         test_N_all          
.1400E+00     2.000  0.132E+02   0.29838E+00   0.00000E+00   0.10000E+00    0.50249E-02 1558.60         test_N_all          
.1500E+00     2.000  0.122E+02   0.29508E+00   0.00000E+00   0.10000E+00    0.50249E-02 1507.25         test_N_all          
.1600E+00     2.000  0.114E+02   0.29138E+00   0.00000E+00   0.10000E+00    0.50249E-02 1450.52         test_N_all          
.1700E+00     2.000  0.106E+02   0.28729E+00   0.00000E+00   0.10000E+00    0.50249E-02 1389.20         test_N_all          
.1800E+00     2.000  0.999E+01   0.28285E+00   0.00000E+00   0.10000E+00    0.50249E-02 1324.09         test_N_all          
.1900E+00     2.000  0.941E+01   0.27819E+00   0.00000E+00   0.10000E+00    0.50249E-02 1257.43         test_N_all          
.2000E+00     2.000  0.888E+01   0.27328E+00   0.00000E+00   0.10000E+00    0.50249E-02 1189.16         test_N_all          
.2100E+00     2.000  0.841E+01   0.26820E+00   0.00000E+00   0.10000E+00    0.50249E-02 1120.44         test_N_all          
.2200E+00     2.000  0.797E+01   0.26299E+00   0.00000E+00   0.10000E+00    0.50249E-02 1052.09         test_N_all          
.2300E+00     2.000  0.758E+01   0.25764E+00   0.00000E+00   0.10000E+00    0.50249E-02  984.21         test_N_all          
.2400E+00     2.000  0.722E+01   0.25222E+00   0.00000E+00   0.10000E+00    0.50249E-02  917.70         test_N_all          
.2500E+00     2.000  0.688E+01   0.24672E+00   0.00000E+00   0.10000E+00    0.50249E-02  852.58         test_N_all          
.2600E+00     2.000  0.657E+01   0.24115E+00   0.00000E+00   0.10000E+00    0.50249E-02  789.09         test_N_all          
.2700E+00     2.000  0.629E+01   0.23554E+00   0.00000E+00   0.10000E+00    0.50249E-02  727.55         test_N_all          
.2800E+00     2.000  0.602E+01   0.22988E+00   0.00000E+00   0.10000E+00    0.50249E-02  668.03         test_N_all          
.2900E+00     2.000  0.578E+01   0.22417E+00   0.00000E+00   0.10000E+00    0.50249E-02  610.64         test_N_all          
.3000E+00     2.000  0.555E+01   0.21843E+00   0.00000E+00   0.10000E+00    0.18868E-02 3940.00         test_N_all          
.3100E+00     2.000  0.533E+01   0.21267E+00   0.00000E+00   0.10000E+00    0.50249E-02  502.71         test_N_all          
.3200E+00     2.000  0.513E+01   0.20687E+00   0.00000E+00   0.10000E+00    0.50249E-02  452.30         test_N_all          
.3300E+00     2.000  0.494E+01   0.20105E+00   0.00000E+00   0.10000E+00    0.50249E-02  404.36         test_N_all          
.3400E+00     2.000  0.476E+01   0.19521E+00   0.00000E+00   0.10000E+00    0.50249E-02  359.01         test_N_all          
.3500E+00     2.000  0.460E+01   0.18936E+00   0.00000E+00   0.10000E+00    0.50249E-02  316.22         test_N_all          
.3600E+00     2.000  0.444E+01   0.18350E+00   0.00000E+00   0.10000E+00    0.50249E-02  276.11         test_N_all          
.3700E+00     2.000  0.429E+01   0.17765E+00   0.00000E+00   0.10000E+00    0.50249E-02  238.77         test_N_all          
.3800E+00     2.000  0.414E+01   0.17180E+00   0.00000E+00   0.10000E+00    0.50249E-02  204.15         test_N_all          
.3900E+00     2.000  0.401E+01   0.16597E+00   0.00000E+00   0.10000E+00    0.50249E-02  172.36         test_N_all          
.4000E+00     2.000  0.388E+01   0.16017E+00   0.00000E+00   0.10000E+00    0.17692E-02 1156.84         test_N_all          
.4100E+00     2.000  0.376E+01   0.15441E+00   0.00000E+00   0.10000E+00    0.50249E-02  117.26         test_N_all          
.4200E+00     2.000  0.364E+01   0.14870E+00   0.00000E+00   0.10000E+00    0.50249E-02   93.94         test_N_all          
.4300E+00     2.000  0.353E+01   0.14305E+00   0.00000E+00   0.10000E+00    0.50249E-02   73.41         test_N_all          
.4400E+00     2.000  0.343E+01   0.13747E+00   0.00000E+00   0.10000E+00    0.50249E-02   55.61         test_N_all          
.4500E+00     2.000  0.333E+01   0.13197E+00   0.00000E+00   0.10000E+00    0.50249E-02   40.49         test_N_all          
.4600E+00     2.000  0.323E+01   0.12656E+00   0.00000E+00   0.10000E+00    0.50249E-02   27.94         test_N_all          
.4700E+00     2.000  0.314E+01   0.12125E+00   0.00000E+00   0.10000E+00    0.50249E-02   17.88         test_N_all          
.4800E+00     2.000  0.305E+01   0.11605E+00   0.00000E+00   0.10000E+00    0.50249E-02   10.20         test_N_all          
.4900E+00     2.000  0.296E+01   0.11096E+00   0.00000E+00   0.10000E+00    0.50249E-02    4.75         test_N_all          
.5000E+00     2.000  0.288E+01   0.10599E+00   0.00000E+00   0.10000E+00    0.17692E-02   11.45         test_N_all          
.5100E+00     2.000  0.280E+01   0.10115E+00   0.00000E+00   0.10000E+00    0.50249E-02    0.05         test_N_all          
.5200E+00     2.000  0.273E+01   0.96441E-01   0.00000E+00   0.10000E+00    0.50249E-02   -0.50         test_N_all          
.5300E+00     2.000  0.266E+01   0.91869E-01   0.00000E+00   0.10000E+00    0.50249E-02   -2.62         test_N_all          
.5400E+00     2.000  0.259E+01   0.87443E-01   0.00000E+00   0.10000E+00    0.50249E-02   -6.25         test_N_all          
.5500E+00     2.000  0.252E+01   0.83158E-01   0.00000E+00   0.10000E+00    0.50249E-02  -11.23         test_N_all          
.5600E+00     2.000  0.245E+01   0.79017E-01   0.00000E+00   0.10000E+00    0.50249E-02  -17.44         test_N_all          
.5700E+00     2.000  0.239E+01   0.75026E-01   0.00000E+00   0.10000E+00    0.50249E-02  -24.70         test_N_all          
.5800E+00     2.000  0.233E+01   0.71182E-01   0.00000E+00   0.10000E+00    0.50249E-02  -32.89         test_N_all          
.5900E+00     2.000  0.227E+01   0.67485E-01   0.00000E+00   0.10000E+00    0.50249E-02  -41.87         test_N_all          
.6000E+00     2.000  0.222E+01   0.63932E-01   0.00000E+00   0.10000E+00    0.17692E-02 -415.62         test_N_all          
.6100E+00     2.000  0.216E+01   0.60529E-01   0.00000E+00   0.10000E+00    0.50249E-02  -61.70         test_N_all          
.6200E+00     2.000  0.211E+01   0.57269E-01   0.00000E+00   0.10000E+00    0.50249E-02  -72.32         test_N_all          
.6300E+00     2.000  0.206E+01   0.54148E-01   0.00000E+00   0.10000E+00    0.50249E-02  -83.26         test_N_all          
.6400E+00     2.000  0.201E+01   0.51165E-01   0.00000E+00   0.10000E+00    0.50249E-02  -94.45         test_N_all          
.6500E+00     2.000  0.196E+01   0.48321E-01   0.00000E+00   0.10000E+00    0.50249E-02 -105.77         test_N_all          
.6600E+00     2.000  0.191E+01   0.45609E-01   0.00000E+00   0.10000E+00    0.50249E-02 -117.16         test_N_all          
.6700E+00     2.000  0.187E+01   0.43024E-01   0.00000E+00   0.10000E+00    0.50249E-02 -128.56         test_N_all          
.6800E+00     2.000  0.182E+01   0.40565E-01   0.00000E+00   0.10000E+00    0.50249E-02 -139.90         test_N_all          
.6900E+00     2.000  0.178E+01   0.38229E-01   0.00000E+00   0.10000E+00    0.50249E-02 -151.11         test_N_all          
.7000E+00     2.000  0.174E+01   0.36010E-01   0.00000E+00   0.10000E+00    0.17692E-02 *******         test_N_all          
.7100E+00     2.000  0.170E+01   0.33902E-01   0.00000E+00   0.10000E+00    0.50249E-02 -173.03         test_N_all          
.7200E+00     2.000  0.166E+01   0.31905E-01   0.00000E+00   0.10000E+00    0.50249E-02 -183.64         test_N_all          
.7300E+00     2.000  0.162E+01   0.30013E-01   0.00000E+00   0.10000E+00    0.50249E-02 -193.98         test_N_all          
.7400E+00     2.000  0.158E+01   0.28222E-01   0.00000E+00   0.10000E+00    0.50249E-02 -204.04         test_N_all          
.7500E+00     2.000  0.155E+01   0.26527E-01   0.00000E+00   0.10000E+00    0.50249E-02 -213.79         test_N_all          
.7600E+00     2.000  0.151E+01   0.24924E-01   0.00000E+00   0.10000E+00    0.50249E-02 -223.23         test_N_all          
.7700E+00     2.000  0.148E+01   0.23410E-01   0.00000E+00   0.10000E+00    0.50249E-02 -232.32         test_N_all          
.7800E+00     2.000  0.145E+01   0.21981E-01   0.00000E+00   0.10000E+00    0.50249E-02 -241.07         test_N_all          
.7900E+00     2.000  0.141E+01   0.20631E-01   0.00000E+00   0.10000E+00    0.50249E-02 -249.48         test_N_all          
.8000E+00     2.000  0.138E+01   0.19358E-01   0.00000E+00   0.10000E+00    0.17692E-02 *******         test_N_all          
.8100E+00     2.000  0.135E+01   0.18158E-01   0.00000E+00   0.10000E+00    0.50249E-02 -265.27         test_N_all          
.8200E+00     2.000  0.132E+01   0.17027E-01   0.00000E+00   0.10000E+00    0.50249E-02 -272.65         test_N_all          
.8300E+00     2.000  0.129E+01   0.15962E-01   0.00000E+00   0.10000E+00    0.50249E-02 -279.70         test_N_all          
.8400E+00     2.000  0.126E+01   0.14959E-01   0.00000E+00   0.10000E+00    0.50249E-02 -286.41         test_N_all          
.8500E+00     2.000  0.123E+01   0.14015E-01   0.00000E+00   0.10000E+00    0.50249E-02 -292.81         test_N_all          
.8600E+00     2.000  0.121E+01   0.13127E-01   0.00000E+00   0.10000E+00    0.50249E-02 -298.89         test_N_all          
.8700E+00     2.000  0.118E+01   0.12292E-01   0.00000E+00   0.10000E+00    0.50249E-02 -304.66         test_N_all          
.8800E+00     2.000  0.115E+01   0.11507E-01   0.00000E+00   0.10000E+00    0.50249E-02 -310.14         test_N_all          
.8900E+00     2.000  0.113E+01   0.10769E-01   0.00000E+00   0.10000E+00    0.50249E-02 -315.33         test_N_all          
.9000E+00     2.000  0.110E+01   0.10076E-01   0.00000E+00   0.10000E+00    0.17692E-02 *******         test_N_all          
.9100E+00     2.000  0.108E+01   0.94248E-02   0.00000E+00   0.10000E+00    0.50249E-02 -324.91         test_N_all          
.9200E+00     2.000  0.106E+01   0.88134E-02   0.00000E+00   0.10000E+00    0.50249E-02 -329.31         test_N_all          
.9300E+00     2.000  0.103E+01   0.82394E-02   0.00000E+00   0.10000E+00    0.50249E-02 -333.47         test_N_all          
.9400E+00     2.000  0.101E+01   0.77008E-02   0.00000E+00   0.10000E+00    0.50249E-02 -337.39         test_N_all          
.9500E+00     2.000  0.987E+00   0.71954E-02   0.00000E+00   0.10000E+00    0.50249E-02 -341.10         test_N_all          
.9600E+00     2.000  0.965E+00   0.67210E-02   0.00000E+00   0.10000E+00    0.50249E-02 -344.59         test_N_all          
.9700E+00     2.000  0.944E+00   0.62762E-02   0.00000E+00   0.10000E+00    0.50249E-02 -347.89         test_N_all          
.9800E+00     2.000  0.923E+00   0.58592E-02   0.00000E+00   0.10000E+00    0.50249E-02 -350.99         test_N_all          
.9900E+00     2.000  0.902E+00   0.54683E-02   0.00000E+00   0.10000E+00    0.50249E-02 -353.91         test_N_all          
.1000E+01     2.000  0.882E+00   0.51020E-02   0.00000E+00   0.10000E+00    0.50249E-02 -356.66         test_N_all          
.1000E-01     5.000  0.496E+03   0.44618E+00   0.00000E+00   0.10000E+00    0.50249E-02 4746.26         test_N_all          
.2000E-01     5.000  0.246E+03   0.39572E+00   0.00000E+00   0.10000E+00    0.50249E-02 3463.27         test_N_all          
.3000E-01     5.000  0.163E+03   0.37118E+00   0.00000E+00   0.10000E+00    0.50249E-02 2912.51         test_N_all          
.4000E-01     5.000  0.121E+03   0.35888E+00   0.00000E+00   0.10000E+00    0.50249E-02 2654.22         test_N_all          
.5000E-01     5.000  0.959E+02   0.34910E+00   0.00000E+00   0.10000E+00    0.50249E-02 2457.50         test_N_all          
.6000E-01     5.000  0.792E+02   0.34233E+00   0.00000E+00   0.10000E+00    0.50249E-02 2325.73         test_N_all          
.7000E-01     5.000  0.673E+02   0.33626E+00   0.00000E+00   0.10000E+00    0.50249E-02 2210.69         test_N_all          
.8000E-01     5.000  0.584E+02   0.33089E+00   0.00000E+00   0.10000E+00    0.50249E-02 2111.23         test_N_all          
.9000E-01     5.000  0.514E+02   0.32560E+00   0.00000E+00   0.10000E+00    0.50249E-02 2015.64         test_N_all          
.1000E+00     5.000  0.459E+02   0.32035E+00   0.00000E+00   0.10000E+00    0.50249E-02 1922.94         test_N_all          
.1100E+00     5.000  0.413E+02   0.31494E+00   0.00000E+00   0.10000E+00    0.50249E-02 1829.73         test_N_all          
.1200E+00     5.000  0.375E+02   0.30942E+00   0.00000E+00   0.10000E+00    0.50249E-02 1736.91         test_N_all          
.1300E+00     5.000  0.343E+02   0.30371E+00   0.00000E+00   0.10000E+00    0.50249E-02 1643.53         test_N_all          
.1400E+00     5.000  0.316E+02   0.29781E+00   0.00000E+00   0.10000E+00    0.50249E-02 1549.72         test_N_all          
.1500E+00     5.000  0.292E+02   0.29175E+00   0.00000E+00   0.10000E+00    0.50249E-02 1456.23         test_N_all          
.1600E+00     5.000  0.271E+02   0.28559E+00   0.00000E+00   0.10000E+00    0.50249E-02 1364.05         test_N_all          
.1700E+00     5.000  0.253E+02   0.27932E+00   0.00000E+00   0.10000E+00    0.50249E-02 1273.53         test_N_all          
.1800E+00     5.000  0.237E+02   0.27300E+00   0.00000E+00   0.10000E+00    0.50249E-02 1185.24         test_N_all          
.1900E+00     5.000  0.222E+02   0.26664E+00   0.00000E+00   0.10000E+00    0.50249E-02 1099.82         test_N_all          
.2000E+00     5.000  0.209E+02   0.26027E+00   0.00000E+00   0.10000E+00    0.50249E-02 1017.29         test_N_all          
.2100E+00     5.000  0.197E+02   0.25390E+00   0.00000E+00   0.10000E+00    0.50249E-02  938.05         test_N_all          
.2200E+00     5.000  0.186E+02   0.24755E+00   0.00000E+00   0.10000E+00    0.50249E-02  862.18         test_N_all          
.2300E+00     5.000  0.176E+02   0.24122E+00   0.00000E+00   0.10000E+00    0.50249E-02  789.79         test_N_all          
.2400E+00     5.000  0.167E+02   0.23491E+00   0.00000E+00   0.10000E+00    0.50249E-02  720.83         test_N_all          
.2500E+00     5.000  0.159E+02   0.22863E+00   0.00000E+00   0.10000E+00    0.50249E-02  655.25         test_N_all          
.2600E+00     5.000  0.151E+02   0.22236E+00   0.00000E+00   0.10000E+00    0.50249E-02  592.99         test_N_all          
.2700E+00     5.000  0.144E+02   0.21612E+00   0.00000E+00   0.10000E+00    0.50249E-02  534.02         test_N_all          
.2800E+00     5.000  0.137E+02   0.20990E+00   0.00000E+00   0.10000E+00    0.50249E-02  478.33         test_N_all          
.2900E+00     5.000  0.131E+02   0.20368E+00   0.00000E+00   0.10000E+00    0.50249E-02  425.76         test_N_all          
.3000E+00     5.000  0.125E+02   0.19749E+00   0.00000E+00   0.10000E+00    0.18868E-02 2669.63         test_N_all          
.3100E+00     5.000  0.120E+02   0.19130E+00   0.00000E+00   0.10000E+00    0.50249E-02  330.16         test_N_all          
.3200E+00     5.000  0.115E+02   0.18513E+00   0.00000E+00   0.10000E+00    0.50249E-02  287.00         test_N_all          
.3300E+00     5.000  0.110E+02   0.17897E+00   0.00000E+00   0.10000E+00    0.50249E-02  246.98         test_N_all          
.3400E+00     5.000  0.106E+02   0.17282E+00   0.00000E+00   0.10000E+00    0.50249E-02  210.02         test_N_all          
.3500E+00     5.000  0.102E+02   0.16669E+00   0.00000E+00   0.10000E+00    0.50249E-02  176.17         test_N_all          
.3600E+00     5.000  0.977E+01   0.16059E+00   0.00000E+00   0.10000E+00    0.50249E-02  145.42         test_N_all          
.3700E+00     5.000  0.940E+01   0.15452E+00   0.00000E+00   0.10000E+00    0.50249E-02  117.73         test_N_all          
.3800E+00     5.000  0.904E+01   0.14849E+00   0.00000E+00   0.10000E+00    0.50249E-02   93.13         test_N_all          
.3900E+00     5.000  0.870E+01   0.14251E+00   0.00000E+00   0.10000E+00    0.50249E-02   71.57         test_N_all          
.4000E+00     5.000  0.838E+01   0.13658E+00   0.00000E+00   0.10000E+00    0.17692E-02  427.61         test_N_all          
.4100E+00     5.000  0.808E+01   0.13073E+00   0.00000E+00   0.10000E+00    0.50249E-02   37.39         test_N_all          
.4200E+00     5.000  0.779E+01   0.12495E+00   0.00000E+00   0.10000E+00    0.50249E-02   24.65         test_N_all          
.4300E+00     5.000  0.751E+01   0.11926E+00   0.00000E+00   0.10000E+00    0.50249E-02   14.68         test_N_all          
.4400E+00     5.000  0.725E+01   0.11366E+00   0.00000E+00   0.10000E+00    0.50249E-02    7.39         test_N_all          
.4500E+00     5.000  0.699E+01   0.10818E+00   0.00000E+00   0.10000E+00    0.50249E-02    2.65         test_N_all          
.4600E+00     5.000  0.675E+01   0.10281E+00   0.00000E+00   0.10000E+00    0.50249E-02    0.31         test_N_all          
.4700E+00     5.000  0.652E+01   0.97567E-01   0.00000E+00   0.10000E+00    0.50249E-02   -0.23         test_N_all          
.4800E+00     5.000  0.630E+01   0.92461E-01   0.00000E+00   0.10000E+00    0.50249E-02   -2.25         test_N_all          
.4900E+00     5.000  0.609E+01   0.87495E-01   0.00000E+00   0.10000E+00    0.50249E-02   -6.19         test_N_all          
.5000E+00     5.000  0.588E+01   0.82677E-01   0.00000E+00   0.10000E+00    0.17692E-02  -95.88         test_N_all          
.5100E+00     5.000  0.569E+01   0.78014E-01   0.00000E+00   0.10000E+00    0.50249E-02  -19.14         test_N_all          
.5200E+00     5.000  0.550E+01   0.73507E-01   0.00000E+00   0.10000E+00    0.50249E-02  -27.80         test_N_all          
.5300E+00     5.000  0.532E+01   0.69162E-01   0.00000E+00   0.10000E+00    0.50249E-02  -37.66         test_N_all          
.5400E+00     5.000  0.514E+01   0.64984E-01   0.00000E+00   0.10000E+00    0.50249E-02  -48.56         test_N_all          
.5500E+00     5.000  0.497E+01   0.60969E-01   0.00000E+00   0.10000E+00    0.50249E-02  -60.33         test_N_all          
.5600E+00     5.000  0.481E+01   0.57124E-01   0.00000E+00   0.10000E+00    0.50249E-02  -72.81         test_N_all          
.5700E+00     5.000  0.465E+01   0.53447E-01   0.00000E+00   0.10000E+00    0.50249E-02  -85.83         test_N_all          
.5800E+00     5.000  0.450E+01   0.49935E-01   0.00000E+00   0.10000E+00    0.50249E-02  -99.27         test_N_all          
.5900E+00     5.000  0.436E+01   0.46591E-01   0.00000E+00   0.10000E+00    0.50249E-02 -112.97         test_N_all          
.6000E+00     5.000  0.422E+01   0.43411E-01   0.00000E+00   0.10000E+00    0.17692E-02 *******         test_N_all          
.6100E+00     5.000  0.408E+01   0.40390E-01   0.00000E+00   0.10000E+00    0.50249E-02 -140.73         test_N_all          
.6200E+00     5.000  0.395E+01   0.37530E-01   0.00000E+00   0.10000E+00    0.50249E-02 -154.56         test_N_all          
.6300E+00     5.000  0.382E+01   0.34824E-01   0.00000E+00   0.10000E+00    0.50249E-02 -168.23         test_N_all          
.6400E+00     5.000  0.369E+01   0.32268E-01   0.00000E+00   0.10000E+00    0.50249E-02 -181.69         test_N_all          
.6500E+00     5.000  0.357E+01   0.29860E-01   0.00000E+00   0.10000E+00    0.50249E-02 -194.84         test_N_all          
.6600E+00     5.000  0.346E+01   0.27594E-01   0.00000E+00   0.10000E+00    0.50249E-02 -207.63         test_N_all          
.6700E+00     5.000  0.334E+01   0.25464E-01   0.00000E+00   0.10000E+00    0.50249E-02 -220.03         test_N_all          
.6800E+00     5.000  0.323E+01   0.23466E-01   0.00000E+00   0.10000E+00    0.50249E-02 -231.98         test_N_all          
.6900E+00     5.000  0.313E+01   0.21595E-01   0.00000E+00   0.10000E+00    0.50249E-02 -243.46         test_N_all          
.7000E+00     5.000  0.302E+01   0.19845E-01   0.00000E+00   0.10000E+00    0.17692E-02 *******         test_N_all          
.7100E+00     5.000  0.292E+01   0.18211E-01   0.00000E+00   0.10000E+00    0.50249E-02 -264.93         test_N_all          
.7200E+00     5.000  0.283E+01   0.16688E-01   0.00000E+00   0.10000E+00    0.50249E-02 -274.89         test_N_all          
.7300E+00     5.000  0.273E+01   0.15269E-01   0.00000E+00   0.10000E+00    0.50249E-02 -284.33         test_N_all          
.7400E+00     5.000  0.264E+01   0.13951E-01   0.00000E+00   0.10000E+00    0.50249E-02 -293.25         test_N_all          
.7500E+00     5.000  0.255E+01   0.12726E-01   0.00000E+00   0.10000E+00    0.50249E-02 -301.65         test_N_all          
.7600E+00     5.000  0.246E+01   0.11592E-01   0.00000E+00   0.10000E+00    0.50249E-02 -309.55         test_N_all          
.7700E+00     5.000  0.238E+01   0.10541E-01   0.00000E+00   0.10000E+00    0.50249E-02 -316.95         test_N_all          
.7800E+00     5.000  0.229E+01   0.95698E-02   0.00000E+00   0.10000E+00    0.50249E-02 -323.87         test_N_all          
.7900E+00     5.000  0.221E+01   0.86733E-02   0.00000E+00   0.10000E+00    0.50249E-02 -330.32         test_N_all          
.8000E+00     5.000  0.213E+01   0.78472E-02   0.00000E+00   0.10000E+00    0.17692E-02 *******         test_N_all          
.8100E+00     5.000  0.205E+01   0.70861E-02   0.00000E+00   0.10000E+00    0.50249E-02 -341.90         test_N_all          
.8200E+00     5.000  0.198E+01   0.63866E-02   0.00000E+00   0.10000E+00    0.50249E-02 -347.07         test_N_all          
.8300E+00     5.000  0.191E+01   0.57449E-02   0.00000E+00   0.10000E+00    0.50249E-02 -351.84         test_N_all          
.8400E+00     5.000  0.183E+01   0.51565E-02   0.00000E+00   0.10000E+00    0.50249E-02 -356.25         test_N_all          
.8500E+00     5.000  0.176E+01   0.46178E-02   0.00000E+00   0.10000E+00    0.50249E-02 -360.31         test_N_all          
.8600E+00     5.000  0.170E+01   0.41261E-02   0.00000E+00   0.10000E+00    0.50249E-02 -364.03         test_N_all          
.8700E+00     5.000  0.163E+01   0.36777E-02   0.00000E+00   0.10000E+00    0.50249E-02 -367.44         test_N_all          
.8800E+00     5.000  0.156E+01   0.32688E-02   0.00000E+00   0.10000E+00    0.50249E-02 -370.57         test_N_all          
.8900E+00     5.000  0.150E+01   0.28973E-02   0.00000E+00   0.10000E+00    0.50249E-02 -373.42         test_N_all          
.9000E+00     5.000  0.144E+01   0.25607E-02   0.00000E+00   0.10000E+00    0.17692E-02 *******         test_N_all          
.9100E+00     5.000  0.138E+01   0.22553E-02   0.00000E+00   0.10000E+00    0.50249E-02 -378.38         test_N_all          
.9200E+00     5.000  0.132E+01   0.19795E-02   0.00000E+00   0.10000E+00    0.50249E-02 -380.52         test_N_all          
.9300E+00     5.000  0.126E+01   0.17312E-02   0.00000E+00   0.10000E+00    0.50249E-02 -382.45         test_N_all          
.9400E+00     5.000  0.120E+01   0.15082E-02   0.00000E+00   0.10000E+00    0.50249E-02 -384.18         test_N_all          
.9500E+00     5.000  0.114E+01   0.13077E-02   0.00000E+00   0.10000E+00    0.50249E-02 -385.75         test_N_all          
.9600E+00     5.000  0.109E+01   0.11286E-02   0.00000E+00   0.10000E+00    0.50249E-02 -387.15         test_N_all          
.9700E+00     5.000  0.104E+01   0.96928E-03   0.00000E+00   0.10000E+00    0.50249E-02 -388.40         test_N_all          
.9800E+00     5.000  0.984E+00   0.82776E-03   0.00000E+00   0.10000E+00    0.50249E-02 -389.51         test_N_all          
.9900E+00     5.000  0.932E+00   0.70230E-03   0.00000E+00   0.10000E+00    0.50249E-02 -390.50         test_N_all          
.1000E+01     5.000  0.882E+00   0.59196E-03   0.00000E+00   0.10000E+00    0.50249E-02 -391.36         test_N_all          
.1000E-01    10.000  0.991E+03   0.52622E+00   0.00000E+00   0.10000E+00    0.50249E-02 7194.60         test_N_all          
.2000E-01    10.000  0.491E+03   0.45180E+00   0.00000E+00   0.10000E+00    0.50249E-02 4901.59         test_N_all          
.3000E-01    10.000  0.324E+03   0.41343E+00   0.00000E+00   0.10000E+00    0.50249E-02 3890.57         test_N_all          
.4000E-01    10.000  0.241E+03   0.39270E+00   0.00000E+00   0.10000E+00    0.50249E-02 3393.07         test_N_all          
.5000E-01    10.000  0.191E+03   0.37559E+00   0.00000E+00   0.10000E+00    0.50249E-02 3007.97         test_N_all          
.6000E-01    10.000  0.158E+03   0.36343E+00   0.00000E+00   0.10000E+00    0.50249E-02 2748.24         test_N_all          
.7000E-01    10.000  0.134E+03   0.35255E+00   0.00000E+00   0.10000E+00    0.50249E-02 2526.01         test_N_all          
.8000E-01    10.000  0.116E+03   0.34322E+00   0.00000E+00   0.10000E+00    0.50249E-02 2342.84         test_N_all          
.9000E-01    10.000  0.102E+03   0.33443E+00   0.00000E+00   0.10000E+00    0.50249E-02 2176.56         test_N_all          
.1000E+00    10.000  0.909E+02   0.32621E+00   0.00000E+00   0.10000E+00    0.50249E-02 2026.56         test_N_all          
.1100E+00    10.000  0.818E+02   0.31810E+00   0.00000E+00   0.10000E+00    0.50249E-02 1883.84         test_N_all          
.1200E+00    10.000  0.742E+02   0.31029E+00   0.00000E+00   0.10000E+00    0.50249E-02 1751.41         test_N_all          
.1300E+00    10.000  0.678E+02   0.30260E+00   0.00000E+00   0.10000E+00    0.50249E-02 1625.65         test_N_all          
.1400E+00    10.000  0.623E+02   0.29495E+00   0.00000E+00   0.10000E+00    0.50249E-02 1505.13         test_N_all          
.1500E+00    10.000  0.575E+02   0.28738E+00   0.00000E+00   0.10000E+00    0.50249E-02 1390.48         test_N_all          
.1600E+00    10.000  0.534E+02   0.27986E+00   0.00000E+00   0.10000E+00    0.50249E-02 1281.23         test_N_all          
.1700E+00    10.000  0.497E+02   0.27243E+00   0.00000E+00   0.10000E+00    0.50249E-02 1177.48         test_N_all          
.1800E+00    10.000  0.464E+02   0.26508E+00   0.00000E+00   0.10000E+00    0.50249E-02 1079.24         test_N_all          
.1900E+00    10.000  0.435E+02   0.25782E+00   0.00000E+00   0.10000E+00    0.50249E-02  986.40         test_N_all          
.2000E+00    10.000  0.409E+02   0.25065E+00   0.00000E+00   0.10000E+00    0.50249E-02  898.84         test_N_all          
.2100E+00    10.000  0.385E+02   0.24358E+00   0.00000E+00   0.10000E+00    0.50249E-02  816.41         test_N_all          
.2200E+00    10.000  0.363E+02   0.23660E+00   0.00000E+00   0.10000E+00    0.50249E-02  738.94         test_N_all          
.2300E+00    10.000  0.344E+02   0.22970E+00   0.00000E+00   0.10000E+00    0.50249E-02  666.25         test_N_all          
.2400E+00    10.000  0.325E+02   0.22289E+00   0.00000E+00   0.10000E+00    0.50249E-02  598.10         test_N_all          
.2500E+00    10.000  0.309E+02   0.21616E+00   0.00000E+00   0.10000E+00    0.50249E-02  534.36         test_N_all          
.2600E+00    10.000  0.293E+02   0.20949E+00   0.00000E+00   0.10000E+00    0.50249E-02  474.77         test_N_all          
.2700E+00    10.000  0.279E+02   0.20289E+00   0.00000E+00   0.10000E+00    0.50249E-02  419.23         test_N_all          
.2800E+00    10.000  0.266E+02   0.19635E+00   0.00000E+00   0.10000E+00    0.50249E-02  367.69         test_N_all          
.2900E+00    10.000  0.254E+02   0.18987E+00   0.00000E+00   0.10000E+00    0.50249E-02  319.86         test_N_all          
.3000E+00    10.000  0.242E+02   0.18344E+00   0.00000E+00   0.10000E+00    0.18868E-02 1955.53         test_N_all          
.3100E+00    10.000  0.231E+02   0.17705E+00   0.00000E+00   0.10000E+00    0.50249E-02  235.10         test_N_all          
.3200E+00    10.000  0.221E+02   0.17070E+00   0.00000E+00   0.10000E+00    0.50249E-02  197.97         test_N_all          
.3300E+00    10.000  0.212E+02   0.16441E+00   0.00000E+00   0.10000E+00    0.50249E-02  164.28         test_N_all          
.3400E+00    10.000  0.203E+02   0.15815E+00   0.00000E+00   0.10000E+00    0.50249E-02  133.93         test_N_all          
.3500E+00    10.000  0.195E+02   0.15195E+00   0.00000E+00   0.10000E+00    0.50249E-02  106.89         test_N_all          
.3600E+00    10.000  0.187E+02   0.14581E+00   0.00000E+00   0.10000E+00    0.50249E-02   83.10         test_N_all          
.3700E+00    10.000  0.179E+02   0.13972E+00   0.00000E+00   0.10000E+00    0.50249E-02   62.49         test_N_all          
.3800E+00    10.000  0.172E+02   0.13371E+00   0.00000E+00   0.10000E+00    0.50249E-02   44.99         test_N_all          
.3900E+00    10.000  0.165E+02   0.12777E+00   0.00000E+00   0.10000E+00    0.50249E-02   30.54         test_N_all          
.4000E+00    10.000  0.159E+02   0.12192E+00   0.00000E+00   0.10000E+00    0.17692E-02  153.49         test_N_all          
.4100E+00    10.000  0.153E+02   0.11616E+00   0.00000E+00   0.10000E+00    0.50249E-02   10.34         test_N_all          
.4200E+00    10.000  0.147E+02   0.11051E+00   0.00000E+00   0.10000E+00    0.50249E-02    4.37         test_N_all          
.4300E+00    10.000  0.141E+02   0.10497E+00   0.00000E+00   0.10000E+00    0.50249E-02    0.98         test_N_all          
.4400E+00    10.000  0.136E+02   0.99550E-01   0.00000E+00   0.10000E+00    0.50249E-02   -0.01         test_N_all          
.4500E+00    10.000  0.131E+02   0.94261E-01   0.00000E+00   0.10000E+00    0.50249E-02   -1.30         test_N_all          
.4600E+00    10.000  0.126E+02   0.89108E-01   0.00000E+00   0.10000E+00    0.50249E-02   -4.70         test_N_all          
.4700E+00    10.000  0.122E+02   0.84103E-01   0.00000E+00   0.10000E+00    0.50249E-02  -10.01         test_N_all          
.4800E+00    10.000  0.117E+02   0.79248E-01   0.00000E+00   0.10000E+00    0.50249E-02  -17.06         test_N_all          
.4900E+00    10.000  0.113E+02   0.74549E-01   0.00000E+00   0.10000E+00    0.50249E-02  -25.65         test_N_all          
.5000E+00    10.000  0.109E+02   0.70015E-01   0.00000E+00   0.10000E+00    0.17692E-02 -287.25         test_N_all          
.5100E+00    10.000  0.105E+02   0.65644E-01   0.00000E+00   0.10000E+00    0.50249E-02  -46.75         test_N_all          
.5200E+00    10.000  0.101E+02   0.61444E-01   0.00000E+00   0.10000E+00    0.50249E-02  -58.87         test_N_all          
.5300E+00    10.000  0.975E+01   0.57416E-01   0.00000E+00   0.10000E+00    0.50249E-02  -71.82         test_N_all          
.5400E+00    10.000  0.940E+01   0.53558E-01   0.00000E+00   0.10000E+00    0.50249E-02  -85.42         test_N_all          
.5500E+00    10.000  0.906E+01   0.49877E-01   0.00000E+00   0.10000E+00    0.50249E-02  -99.50         test_N_all          
.5600E+00    10.000  0.874E+01   0.46367E-01   0.00000E+00   0.10000E+00    0.50249E-02 -113.92         test_N_all          
.5700E+00    10.000  0.843E+01   0.43029E-01   0.00000E+00   0.10000E+00    0.50249E-02 -128.54         test_N_all          
.5800E+00    10.000  0.812E+01   0.39862E-01   0.00000E+00   0.10000E+00    0.50249E-02 -143.23         test_N_all          
.5900E+00    10.000  0.783E+01   0.36862E-01   0.00000E+00   0.10000E+00    0.50249E-02 -157.88         test_N_all          
.6000E+00    10.000  0.755E+01   0.34028E-01   0.00000E+00   0.10000E+00    0.17692E-02 *******         test_N_all          
.6100E+00    10.000  0.728E+01   0.31355E-01   0.00000E+00   0.10000E+00    0.50249E-02 -186.62         test_N_all          
.6200E+00    10.000  0.701E+01   0.28838E-01   0.00000E+00   0.10000E+00    0.50249E-02 -200.55         test_N_all          
.6300E+00    10.000  0.675E+01   0.26476E-01   0.00000E+00   0.10000E+00    0.50249E-02 -214.09         test_N_all          
.6400E+00    10.000  0.651E+01   0.24261E-01   0.00000E+00   0.10000E+00    0.50249E-02 -227.19         test_N_all          
.6500E+00    10.000  0.627E+01   0.22188E-01   0.00000E+00   0.10000E+00    0.50249E-02 -239.79         test_N_all          
.6600E+00    10.000  0.603E+01   0.20254E-01   0.00000E+00   0.10000E+00    0.50249E-02 -251.86         test_N_all          
.6700E+00    10.000  0.581E+01   0.18451E-01   0.00000E+00   0.10000E+00    0.50249E-02 -263.38         test_N_all          
.6800E+00    10.000  0.559E+01   0.16774E-01   0.00000E+00   0.10000E+00    0.50249E-02 -274.32         test_N_all          
.6900E+00    10.000  0.537E+01   0.15218E-01   0.00000E+00   0.10000E+00    0.50249E-02 -284.67         test_N_all          
.7000E+00    10.000  0.517E+01   0.13776E-01   0.00000E+00   0.10000E+00    0.17692E-02 *******         test_N_all          
.7100E+00    10.000  0.497E+01   0.12444E-01   0.00000E+00   0.10000E+00    0.50249E-02 -303.61         test_N_all          
.7200E+00    10.000  0.477E+01   0.11214E-01   0.00000E+00   0.10000E+00    0.50249E-02 -312.20         test_N_all          
.7300E+00    10.000  0.458E+01   0.10082E-01   0.00000E+00   0.10000E+00    0.50249E-02 -320.21         test_N_all          
.7400E+00    10.000  0.440E+01   0.90406E-02   0.00000E+00   0.10000E+00    0.50249E-02 -327.67         test_N_all          
.7500E+00    10.000  0.422E+01   0.80859E-02   0.00000E+00   0.10000E+00    0.50249E-02 -334.58         test_N_all          
.7600E+00    10.000  0.404E+01   0.72128E-02   0.00000E+00   0.10000E+00    0.50249E-02 -340.97         test_N_all          
.7700E+00    10.000  0.387E+01   0.64145E-02   0.00000E+00   0.10000E+00    0.50249E-02 -346.86         test_N_all          
.7800E+00    10.000  0.370E+01   0.56872E-02   0.00000E+00   0.10000E+00    0.50249E-02 -352.27         test_N_all          
.7900E+00    10.000  0.354E+01   0.50266E-02   0.00000E+00   0.10000E+00    0.50249E-02 -357.23         test_N_all          
.8000E+00    10.000  0.338E+01   0.44264E-02   0.00000E+00   0.10000E+00    0.17692E-02 *******         test_N_all          
.8100E+00    10.000  0.323E+01   0.38836E-02   0.00000E+00   0.10000E+00    0.50249E-02 -365.88         test_N_all          
.8200E+00    10.000  0.308E+01   0.33945E-02   0.00000E+00   0.10000E+00    0.50249E-02 -369.61         test_N_all          
.8300E+00    10.000  0.293E+01   0.29534E-02   0.00000E+00   0.10000E+00    0.50249E-02 -372.99         test_N_all          
.8400E+00    10.000  0.279E+01   0.25580E-02   0.00000E+00   0.10000E+00    0.50249E-02 -376.04         test_N_all          
.8500E+00    10.000  0.265E+01   0.22046E-02   0.00000E+00   0.10000E+00    0.50249E-02 -378.77         test_N_all          
.8600E+00    10.000  0.251E+01   0.18891E-02   0.00000E+00   0.10000E+00    0.50249E-02 -381.22         test_N_all          
.8700E+00    10.000  0.238E+01   0.16093E-02   0.00000E+00   0.10000E+00    0.50249E-02 -383.40         test_N_all          
.8800E+00    10.000  0.225E+01   0.13623E-02   0.00000E+00   0.10000E+00    0.50249E-02 -385.32         test_N_all          
.8900E+00    10.000  0.212E+01   0.11442E-02   0.00000E+00   0.10000E+00    0.50249E-02 -387.03         test_N_all          
.9000E+00    10.000  0.199E+01   0.95351E-03   0.00000E+00   0.10000E+00    0.17692E-02 *******         test_N_all          
.9100E+00    10.000  0.187E+01   0.78783E-03   0.00000E+00   0.10000E+00    0.50249E-02 -389.82         test_N_all          
.9200E+00    10.000  0.175E+01   0.64394E-03   0.00000E+00   0.10000E+00    0.50249E-02 -390.96         test_N_all          
.9300E+00    10.000  0.163E+01   0.52059E-03   0.00000E+00   0.10000E+00    0.50249E-02 -391.93         test_N_all          
.9400E+00    10.000  0.152E+01   0.41588E-03   0.00000E+00   0.10000E+00    0.50249E-02 -392.75         test_N_all          
.9500E+00    10.000  0.141E+01   0.32697E-03   0.00000E+00   0.10000E+00    0.50249E-02 -393.45         test_N_all          
.9600E+00    10.000  0.130E+01   0.25295E-03   0.00000E+00   0.10000E+00    0.50249E-02 -394.04         test_N_all          
.9700E+00    10.000  0.119E+01   0.19229E-03   0.00000E+00   0.10000E+00    0.50249E-02 -394.52         test_N_all          
.9800E+00    10.000  0.109E+01   0.14247E-03   0.00000E+00   0.10000E+00    0.50249E-02 -394.91         test_N_all          
.9900E+00    10.000  0.983E+00   0.10284E-03   0.00000E+00   0.10000E+00    0.50249E-02 -395.23         test_N_all          
.1000E+01    10.000  0.882E+00   0.72198E-04   0.00000E+00   0.10000E+00    0.50249E-02 -395.47         test_N_all          
.1000E-01    20.000  0.198E+04   0.60525E+00   0.00000E+00   0.10000E+00    0.50249E-02 *******         test_N_all          
.2000E-01    20.000  0.981E+03   0.50464E+00   0.00000E+00   0.10000E+00    0.50249E-02 6484.58         test_N_all          
.3000E-01    20.000  0.648E+03   0.45173E+00   0.00000E+00   0.10000E+00    0.50249E-02 4899.48         test_N_all          
.4000E-01    20.000  0.481E+03   0.42261E+00   0.00000E+00   0.10000E+00    0.50249E-02 4121.77         test_N_all          
.5000E-01    20.000  0.381E+03   0.39828E+00   0.00000E+00   0.10000E+00    0.50249E-02 3523.61         test_N_all          
.6000E-01    20.000  0.314E+03   0.38095E+00   0.00000E+00   0.10000E+00    0.50249E-02 3126.03         test_N_all          
.7000E-01    20.000  0.267E+03   0.36549E+00   0.00000E+00   0.10000E+00    0.50249E-02 2791.51         test_N_all          
.8000E-01    20.000  0.231E+03   0.35266E+00   0.00000E+00   0.10000E+00    0.50249E-02 2528.21         test_N_all          
.9000E-01    20.000  0.203E+03   0.34083E+00   0.00000E+00   0.10000E+00    0.50249E-02 2296.98         test_N_all          
.1000E+00    20.000  0.181E+03   0.33008E+00   0.00000E+00   0.10000E+00    0.50249E-02 2096.57         test_N_all          
.1100E+00    20.000  0.163E+03   0.31981E+00   0.00000E+00   0.10000E+00    0.50249E-02 1913.59         test_N_all          
.1200E+00    20.000  0.148E+03   0.31007E+00   0.00000E+00   0.10000E+00    0.50249E-02 1747.71         test_N_all          
.1300E+00    20.000  0.135E+03   0.30072E+00   0.00000E+00   0.10000E+00    0.50249E-02 1595.59         test_N_all          
.1400E+00    20.000  0.124E+03   0.29162E+00   0.00000E+00   0.10000E+00    0.50249E-02 1454.20         test_N_all          
.1500E+00    20.000  0.114E+03   0.28282E+00   0.00000E+00   0.10000E+00    0.50249E-02 1323.67         test_N_all          
.1600E+00    20.000  0.106E+03   0.27422E+00   0.00000E+00   0.10000E+00    0.50249E-02 1202.12         test_N_all          
.1700E+00    20.000  0.985E+02   0.26585E+00   0.00000E+00   0.10000E+00    0.50249E-02 1089.37         test_N_all          
.1800E+00    20.000  0.920E+02   0.25769E+00   0.00000E+00   0.10000E+00    0.50249E-02  984.76         test_N_all          
.1900E+00    20.000  0.861E+02   0.24971E+00   0.00000E+00   0.10000E+00    0.50249E-02  887.63         test_N_all          
.2000E+00    20.000  0.809E+02   0.24192E+00   0.00000E+00   0.10000E+00    0.50249E-02  797.63         test_N_all          
.2100E+00    20.000  0.761E+02   0.23428E+00   0.00000E+00   0.10000E+00    0.50249E-02  714.15         test_N_all          
.2200E+00    20.000  0.718E+02   0.22681E+00   0.00000E+00   0.10000E+00    0.50249E-02  636.88         test_N_all          
.2300E+00    20.000  0.678E+02   0.21949E+00   0.00000E+00   0.10000E+00    0.50249E-02  565.42         test_N_all          
.2400E+00    20.000  0.642E+02   0.21229E+00   0.00000E+00   0.10000E+00    0.50249E-02  499.35         test_N_all          
.2500E+00    20.000  0.609E+02   0.20522E+00   0.00000E+00   0.10000E+00    0.50249E-02  438.44         test_N_all          
.2600E+00    20.000  0.578E+02   0.19825E+00   0.00000E+00   0.10000E+00    0.50249E-02  382.31         test_N_all          
.2700E+00    20.000  0.550E+02   0.19139E+00   0.00000E+00   0.10000E+00    0.50249E-02  330.78         test_N_all          
.2800E+00    20.000  0.523E+02   0.18463E+00   0.00000E+00   0.10000E+00    0.50249E-02  283.62         test_N_all          
.2900E+00    20.000  0.498E+02   0.17794E+00   0.00000E+00   0.10000E+00    0.50249E-02  240.59         test_N_all          
.3000E+00    20.000  0.475E+02   0.17134E+00   0.00000E+00   0.10000E+00    0.18868E-02 1429.57         test_N_all          
.3100E+00    20.000  0.454E+02   0.16482E+00   0.00000E+00   0.10000E+00    0.50249E-02  166.42         test_N_all          
.3200E+00    20.000  0.434E+02   0.15839E+00   0.00000E+00   0.10000E+00    0.50249E-02  135.01         test_N_all          
.3300E+00    20.000  0.415E+02   0.15203E+00   0.00000E+00   0.10000E+00    0.50249E-02  107.21         test_N_all          
.3400E+00    20.000  0.397E+02   0.14575E+00   0.00000E+00   0.10000E+00    0.50249E-02   82.88         test_N_all          
.3500E+00    20.000  0.380E+02   0.13955E+00   0.00000E+00   0.10000E+00    0.50249E-02   61.93         test_N_all          
.3600E+00    20.000  0.364E+02   0.13343E+00   0.00000E+00   0.10000E+00    0.50249E-02   44.26         test_N_all          
.3700E+00    20.000  0.349E+02   0.12741E+00   0.00000E+00   0.10000E+00    0.50249E-02   29.75         test_N_all          
.3800E+00    20.000  0.335E+02   0.12148E+00   0.00000E+00   0.10000E+00    0.50249E-02   18.27         test_N_all          
.3900E+00    20.000  0.322E+02   0.11566E+00   0.00000E+00   0.10000E+00    0.50249E-02    9.71         test_N_all          
.4000E+00    20.000  0.309E+02   0.10995E+00   0.00000E+00   0.10000E+00    0.17692E-02   31.61         test_N_all          
.4100E+00    20.000  0.297E+02   0.10436E+00   0.00000E+00   0.10000E+00    0.50249E-02    0.75         test_N_all          
.4200E+00    20.000  0.285E+02   0.98891E-01   0.00000E+00   0.10000E+00    0.50249E-02   -0.05         test_N_all          
.4300E+00    20.000  0.274E+02   0.93558E-01   0.00000E+00   0.10000E+00    0.50249E-02   -1.64         test_N_all          
.4400E+00    20.000  0.263E+02   0.88370E-01   0.00000E+00   0.10000E+00    0.50249E-02   -5.36         test_N_all          
.4500E+00    20.000  0.253E+02   0.83327E-01   0.00000E+00   0.10000E+00    0.50249E-02  -11.01         test_N_all          
.4600E+00    20.000  0.244E+02   0.78440E-01   0.00000E+00   0.10000E+00    0.50249E-02  -18.41         test_N_all          
.4700E+00    20.000  0.234E+02   0.73714E-01   0.00000E+00   0.10000E+00    0.50249E-02  -27.37         test_N_all          
.4800E+00    20.000  0.225E+02   0.69148E-01   0.00000E+00   0.10000E+00    0.50249E-02  -37.70         test_N_all          
.4900E+00    20.000  0.217E+02   0.64753E-01   0.00000E+00   0.10000E+00    0.50249E-02  -49.20         test_N_all          
.5000E+00    20.000  0.209E+02   0.60528E-01   0.00000E+00   0.10000E+00    0.17692E-02 -497.78         test_N_all          
.5100E+00    20.000  0.201E+02   0.56475E-01   0.00000E+00   0.10000E+00    0.50249E-02  -75.03         test_N_all          
.5200E+00    20.000  0.193E+02   0.52599E-01   0.00000E+00   0.10000E+00    0.50249E-02  -88.99         test_N_all          
.5300E+00    20.000  0.186E+02   0.48896E-01   0.00000E+00   0.10000E+00    0.50249E-02 -103.43         test_N_all          
.5400E+00    20.000  0.179E+02   0.45369E-01   0.00000E+00   0.10000E+00    0.50249E-02 -118.20         test_N_all          
.5500E+00    20.000  0.172E+02   0.42017E-01   0.00000E+00   0.10000E+00    0.50249E-02 -133.15         test_N_all          
.5600E+00    20.000  0.166E+02   0.38836E-01   0.00000E+00   0.10000E+00    0.50249E-02 -148.16         test_N_all          
.5700E+00    20.000  0.160E+02   0.35827E-01   0.00000E+00   0.10000E+00    0.50249E-02 -163.09         test_N_all          
.5800E+00    20.000  0.154E+02   0.32985E-01   0.00000E+00   0.10000E+00    0.50249E-02 -177.86         test_N_all          
.5900E+00    20.000  0.148E+02   0.30308E-01   0.00000E+00   0.10000E+00    0.50249E-02 -192.36         test_N_all          
.6000E+00    20.000  0.142E+02   0.27790E-01   0.00000E+00   0.10000E+00    0.17692E-02 *******         test_N_all          
.6100E+00    20.000  0.137E+02   0.25428E-01   0.00000E+00   0.10000E+00    0.50249E-02 -220.24         test_N_all          
.6200E+00    20.000  0.131E+02   0.23217E-01   0.00000E+00   0.10000E+00    0.50249E-02 -233.49         test_N_all          
.6300E+00    20.000  0.126E+02   0.21152E-01   0.00000E+00   0.10000E+00    0.50249E-02 -246.22         test_N_all          
.6400E+00    20.000  0.121E+02   0.19228E-01   0.00000E+00   0.10000E+00    0.50249E-02 -258.38         test_N_all          
.6500E+00    20.000  0.117E+02   0.17438E-01   0.00000E+00   0.10000E+00    0.50249E-02 -269.96         test_N_all          
.6600E+00    20.000  0.112E+02   0.15777E-01   0.00000E+00   0.10000E+00    0.50249E-02 -280.93         test_N_all          
.6700E+00    20.000  0.107E+02   0.14240E-01   0.00000E+00   0.10000E+00    0.50249E-02 -291.28         test_N_all          
.6800E+00    20.000  0.103E+02   0.12819E-01   0.00000E+00   0.10000E+00    0.50249E-02 -301.01         test_N_all          
.6900E+00    20.000  0.987E+01   0.11510E-01   0.00000E+00   0.10000E+00    0.50249E-02 -310.12         test_N_all          
.7000E+00    20.000  0.945E+01   0.10306E-01   0.00000E+00   0.10000E+00    0.17692E-02 *******         test_N_all          
.7100E+00    20.000  0.905E+01   0.92013E-02   0.00000E+00   0.10000E+00    0.50249E-02 -326.51         test_N_all          
.7200E+00    20.000  0.866E+01   0.81903E-02   0.00000E+00   0.10000E+00    0.50249E-02 -333.82         test_N_all          
.7300E+00    20.000  0.828E+01   0.72667E-02   0.00000E+00   0.10000E+00    0.50249E-02 -340.57         test_N_all          
.7400E+00    20.000  0.791E+01   0.64261E-02   0.00000E+00   0.10000E+00    0.50249E-02 -346.78         test_N_all          
.7500E+00    20.000  0.755E+01   0.56619E-02   0.00000E+00   0.10000E+00    0.50249E-02 -352.46         test_N_all          
.7600E+00    20.000  0.720E+01   0.49695E-02   0.00000E+00   0.10000E+00    0.50249E-02 -357.66         test_N_all          
.7700E+00    20.000  0.686E+01   0.43446E-02   0.00000E+00   0.10000E+00    0.50249E-02 -362.37         test_N_all          
.7800E+00    20.000  0.652E+01   0.37806E-02   0.00000E+00   0.10000E+00    0.50249E-02 -366.66         test_N_all          
.7900E+00    20.000  0.620E+01   0.32746E-02   0.00000E+00   0.10000E+00    0.50249E-02 -370.53         test_N_all          
.8000E+00    20.000  0.588E+01   0.28220E-02   0.00000E+00   0.10000E+00    0.17692E-02 *******         test_N_all          
.8100E+00    20.000  0.557E+01   0.24179E-02   0.00000E+00   0.10000E+00    0.50249E-02 -377.12         test_N_all          
.8200E+00    20.000  0.527E+01   0.20595E-02   0.00000E+00   0.10000E+00    0.50249E-02 -379.89         test_N_all          
.8300E+00    20.000  0.498E+01   0.17421E-02   0.00000E+00   0.10000E+00    0.50249E-02 -382.36         test_N_all          
.8400E+00    20.000  0.469E+01   0.14627E-02   0.00000E+00   0.10000E+00    0.50249E-02 -384.54         test_N_all          
.8500E+00    20.000  0.441E+01   0.12186E-02   0.00000E+00   0.10000E+00    0.50249E-02 -386.45         test_N_all          
.8600E+00    20.000  0.414E+01   0.10054E-02   0.00000E+00   0.10000E+00    0.50249E-02 -388.12         test_N_all          
.8700E+00    20.000  0.387E+01   0.82124E-03   0.00000E+00   0.10000E+00    0.50249E-02 -389.56         test_N_all          
.8800E+00    20.000  0.361E+01   0.66346E-03   0.00000E+00   0.10000E+00    0.50249E-02 -390.80         test_N_all          
.8900E+00    20.000  0.335E+01   0.52855E-03   0.00000E+00   0.10000E+00    0.50249E-02 -391.86         test_N_all          
.9000E+00    20.000  0.310E+01   0.41509E-03   0.00000E+00   0.10000E+00    0.17692E-02 *******         test_N_all          
.9100E+00    20.000  0.286E+01   0.32058E-03   0.00000E+00   0.10000E+00    0.50249E-02 -393.50         test_N_all          
.9200E+00    20.000  0.262E+01   0.24243E-03   0.00000E+00   0.10000E+00    0.50249E-02 -394.12         test_N_all          
.9300E+00    20.000  0.239E+01   0.17938E-03   0.00000E+00   0.10000E+00    0.50249E-02 -394.62         test_N_all          
.9400E+00    20.000  0.216E+01   0.12903E-03   0.00000E+00   0.10000E+00    0.50249E-02 -395.02         test_N_all          
.9500E+00    20.000  0.193E+01   0.89629E-04   0.00000E+00   0.10000E+00    0.50249E-02 -395.33         test_N_all          
.9600E+00    20.000  0.172E+01   0.60073E-04   0.00000E+00   0.10000E+00    0.50249E-02 -395.56         test_N_all          
.9700E+00    20.000  0.150E+01   0.37963E-04   0.00000E+00   0.10000E+00    0.50249E-02 -395.74         test_N_all          
.9800E+00    20.000  0.129E+01   0.22396E-04   0.00000E+00   0.10000E+00    0.50249E-02 -395.86         test_N_all          
.9900E+00    20.000  0.108E+01   0.12422E-04   0.00000E+00   0.10000E+00    0.50249E-02 -395.94         test_N_all          
.1000E+01    20.000  0.882E+00   0.57013E-05   0.00000E+00   0.10000E+00    0.50249E-02 -395.99         test_N_all          
.1000E+00    50.000  0.451E+03   0.33283E+00   0.00000E+00   0.10000E+00    0.50249E-02 2146.94         test_N_all          
.1100E+00    50.000  0.405E+03   0.32011E+00   0.00000E+00   0.10000E+00    0.50249E-02 1918.77         test_N_all          
.1200E+00    50.000  0.368E+03   0.30832E+00   0.00000E+00   0.10000E+00    0.50249E-02 1718.70         test_N_all          
.1300E+00    50.000  0.335E+03   0.29724E+00   0.00000E+00   0.10000E+00    0.50249E-02 1540.70         test_N_all          
.1400E+00    50.000  0.308E+03   0.28664E+00   0.00000E+00   0.10000E+00    0.50249E-02 1379.64         test_N_all          
.1500E+00    50.000  0.284E+03   0.27658E+00   0.00000E+00   0.10000E+00    0.50249E-02 1234.92         test_N_all          
.1600E+00    50.000  0.263E+03   0.26689E+00   0.00000E+00   0.10000E+00    0.50249E-02 1103.02         test_N_all          
.1700E+00    50.000  0.245E+03   0.25758E+00   0.00000E+00   0.10000E+00    0.50249E-02  983.38         test_N_all          
.1800E+00    50.000  0.229E+03   0.24860E+00   0.00000E+00   0.10000E+00    0.50249E-02  874.58         test_N_all          
.1900E+00    50.000  0.214E+03   0.23992E+00   0.00000E+00   0.10000E+00    0.50249E-02  775.32         test_N_all          
.2000E+00    50.000  0.201E+03   0.23152E+00   0.00000E+00   0.10000E+00    0.50249E-02  685.01         test_N_all          
.2100E+00    50.000  0.189E+03   0.22335E+00   0.00000E+00   0.10000E+00    0.50249E-02  602.56         test_N_all          
.2200E+00    50.000  0.178E+03   0.21541E+00   0.00000E+00   0.10000E+00    0.50249E-02  527.50         test_N_all          
.2300E+00    50.000  0.168E+03   0.20768E+00   0.00000E+00   0.10000E+00    0.50249E-02  459.19         test_N_all          
.2400E+00    50.000  0.159E+03   0.20013E+00   0.00000E+00   0.10000E+00    0.50249E-02  397.05         test_N_all          
.2500E+00    50.000  0.151E+03   0.19276E+00   0.00000E+00   0.10000E+00    0.50249E-02  340.74         test_N_all          
.2600E+00    50.000  0.143E+03   0.18553E+00   0.00000E+00   0.10000E+00    0.50249E-02  289.73         test_N_all          
.2700E+00    50.000  0.136E+03   0.17846E+00   0.00000E+00   0.10000E+00    0.50249E-02  243.78         test_N_all          
.2800E+00    50.000  0.129E+03   0.17152E+00   0.00000E+00   0.10000E+00    0.50249E-02  202.56         test_N_all          
.2900E+00    50.000  0.123E+03   0.16470E+00   0.00000E+00   0.10000E+00    0.50249E-02  165.78         test_N_all          
.3000E+00    50.000  0.118E+03   0.15801E+00   0.00000E+00   0.10000E+00    0.18868E-02  945.18         test_N_all          
.3100E+00    50.000  0.112E+03   0.15143E+00   0.00000E+00   0.10000E+00    0.50249E-02  104.74         test_N_all          
.3200E+00    50.000  0.107E+03   0.14496E+00   0.00000E+00   0.10000E+00    0.50249E-02   80.05         test_N_all          
.3300E+00    50.000  0.102E+03   0.13861E+00   0.00000E+00   0.10000E+00    0.50249E-02   59.03         test_N_all          
.3400E+00    50.000  0.979E+02   0.13237E+00   0.00000E+00   0.10000E+00    0.50249E-02   41.49         test_N_all          
.3500E+00    50.000  0.937E+02   0.12624E+00   0.00000E+00   0.10000E+00    0.50249E-02   27.28         test_N_all          
.3600E+00    50.000  0.898E+02   0.12024E+00   0.00000E+00   0.10000E+00    0.50249E-02   16.22         test_N_all          
.3700E+00    50.000  0.860E+02   0.11436E+00   0.00000E+00   0.10000E+00    0.50249E-02    8.16         test_N_all          
.3800E+00    50.000  0.825E+02   0.10860E+00   0.00000E+00   0.10000E+00    0.50249E-02    2.93         test_N_all          
.3900E+00    50.000  0.791E+02   0.10298E+00   0.00000E+00   0.10000E+00    0.50249E-02    0.35         test_N_all          
.4000E+00    50.000  0.759E+02   0.97502E-01   0.00000E+00   0.10000E+00    0.17692E-02   -1.99         test_N_all          
.4100E+00    50.000  0.728E+02   0.92167E-01   0.00000E+00   0.10000E+00    0.50249E-02   -2.43         test_N_all          
.4200E+00    50.000  0.699E+02   0.86981E-01   0.00000E+00   0.10000E+00    0.50249E-02   -6.71         test_N_all          
.4300E+00    50.000  0.672E+02   0.81949E-01   0.00000E+00   0.10000E+00    0.50249E-02  -12.90         test_N_all          
.4400E+00    50.000  0.645E+02   0.77078E-01   0.00000E+00   0.10000E+00    0.50249E-02  -20.81         test_N_all          
.4500E+00    50.000  0.620E+02   0.72370E-01   0.00000E+00   0.10000E+00    0.50249E-02  -30.23         test_N_all          
.4600E+00    50.000  0.596E+02   0.67831E-01   0.00000E+00   0.10000E+00    0.50249E-02  -40.98         test_N_all          
.4700E+00    50.000  0.573E+02   0.63463E-01   0.00000E+00   0.10000E+00    0.50249E-02  -52.87         test_N_all          
.4800E+00    50.000  0.550E+02   0.59267E-01   0.00000E+00   0.10000E+00    0.50249E-02  -65.71         test_N_all          
.4900E+00    50.000  0.529E+02   0.55248E-01   0.00000E+00   0.10000E+00    0.50249E-02  -79.32         test_N_all          
.5000E+00    50.000  0.509E+02   0.51404E-01   0.00000E+00   0.10000E+00    0.17692E-02 -754.50         test_N_all          
.5100E+00    50.000  0.489E+02   0.47737E-01   0.00000E+00   0.10000E+00    0.50249E-02 -108.18         test_N_all          
.5200E+00    50.000  0.470E+02   0.44245E-01   0.00000E+00   0.10000E+00    0.50249E-02 -123.11         test_N_all          
.5300E+00    50.000  0.452E+02   0.40928E-01   0.00000E+00   0.10000E+00    0.50249E-02 -138.20         test_N_all          
.5400E+00    50.000  0.435E+02   0.37785E-01   0.00000E+00   0.10000E+00    0.50249E-02 -153.30         test_N_all          
.5500E+00    50.000  0.418E+02   0.34811E-01   0.00000E+00   0.10000E+00    0.50249E-02 -168.30         test_N_all          
.5600E+00    50.000  0.402E+02   0.32006E-01   0.00000E+00   0.10000E+00    0.50249E-02 -183.10         test_N_all          
.5700E+00    50.000  0.386E+02   0.29364E-01   0.00000E+00   0.10000E+00    0.50249E-02 -197.60         test_N_all          
.5800E+00    50.000  0.371E+02   0.26882E-01   0.00000E+00   0.10000E+00    0.50249E-02 -211.73         test_N_all          
.5900E+00    50.000  0.356E+02   0.24557E-01   0.00000E+00   0.10000E+00    0.50249E-02 -225.41         test_N_all          
.6000E+00    50.000  0.342E+02   0.22381E-01   0.00000E+00   0.10000E+00    0.17692E-02 *******         test_N_all          
.6100E+00    50.000  0.328E+02   0.20351E-01   0.00000E+00   0.10000E+00    0.50249E-02 -251.24         test_N_all          
.6200E+00    50.000  0.315E+02   0.18462E-01   0.00000E+00   0.10000E+00    0.50249E-02 -263.31         test_N_all          
.6300E+00    50.000  0.302E+02   0.16706E-01   0.00000E+00   0.10000E+00    0.50249E-02 -274.77         test_N_all          
.6400E+00    50.000  0.290E+02   0.15080E-01   0.00000E+00   0.10000E+00    0.50249E-02 -285.60         test_N_all          
.6500E+00    50.000  0.278E+02   0.13576E-01   0.00000E+00   0.10000E+00    0.50249E-02 -295.81         test_N_all          
.6600E+00    50.000  0.266E+02   0.12189E-01   0.00000E+00   0.10000E+00    0.50249E-02 -305.38         test_N_all          
.6700E+00    50.000  0.255E+02   0.10912E-01   0.00000E+00   0.10000E+00    0.50249E-02 -314.32         test_N_all          
.6800E+00    50.000  0.244E+02   0.97409E-02   0.00000E+00   0.10000E+00    0.50249E-02 -322.64         test_N_all          
.6900E+00    50.000  0.233E+02   0.86677E-02   0.00000E+00   0.10000E+00    0.50249E-02 -330.36         test_N_all          
.7000E+00    50.000  0.223E+02   0.76880E-02   0.00000E+00   0.10000E+00    0.17692E-02 *******         test_N_all          
.7100E+00    50.000  0.213E+02   0.67957E-02   0.00000E+00   0.10000E+00    0.50249E-02 -344.04         test_N_all          
.7200E+00    50.000  0.203E+02   0.59845E-02   0.00000E+00   0.10000E+00    0.50249E-02 -350.06         test_N_all          
.7300E+00    50.000  0.194E+02   0.52503E-02   0.00000E+00   0.10000E+00    0.50249E-02 -355.54         test_N_all          
.7400E+00    50.000  0.184E+02   0.45866E-02   0.00000E+00   0.10000E+00    0.50249E-02 -360.54         test_N_all          
.7500E+00    50.000  0.175E+02   0.39890E-02   0.00000E+00   0.10000E+00    0.50249E-02 -365.07         test_N_all          
.7600E+00    50.000  0.167E+02   0.34531E-02   0.00000E+00   0.10000E+00    0.50249E-02 -369.16         test_N_all          
.7700E+00    50.000  0.158E+02   0.29730E-02   0.00000E+00   0.10000E+00    0.50249E-02 -372.84         test_N_all          
.7800E+00    50.000  0.150E+02   0.25457E-02   0.00000E+00   0.10000E+00    0.50249E-02 -376.13         test_N_all          
.7900E+00    50.000  0.142E+02   0.21663E-02   0.00000E+00   0.10000E+00    0.50249E-02 -379.07         test_N_all          
.8000E+00    50.000  0.134E+02   0.18309E-02   0.00000E+00   0.10000E+00    0.17692E-02 *******         test_N_all          
.8100E+00    50.000  0.126E+02   0.15364E-02   0.00000E+00   0.10000E+00    0.50249E-02 -383.96         test_N_all          
.8200E+00    50.000  0.119E+02   0.12782E-02   0.00000E+00   0.10000E+00    0.50249E-02 -385.98         test_N_all          
.8300E+00    50.000  0.111E+02   0.10540E-02   0.00000E+00   0.10000E+00    0.50249E-02 -387.74         test_N_all          
.8400E+00    50.000  0.104E+02   0.86036E-03   0.00000E+00   0.10000E+00    0.50249E-02 -389.25         test_N_all          
.8500E+00    50.000  0.971E+01   0.69397E-03   0.00000E+00   0.10000E+00    0.50249E-02 -390.56         test_N_all          
.8600E+00    50.000  0.902E+01   0.55294E-03   0.00000E+00   0.10000E+00    0.50249E-02 -391.67         test_N_all          
.8700E+00    50.000  0.835E+01   0.43371E-03   0.00000E+00   0.10000E+00    0.50249E-02 -392.61         test_N_all          
.8800E+00    50.000  0.770E+01   0.33452E-03   0.00000E+00   0.10000E+00    0.50249E-02 -393.39         test_N_all          
.8900E+00    50.000  0.706E+01   0.25322E-03   0.00000E+00   0.10000E+00    0.50249E-02 -394.04         test_N_all          
.9000E+00    50.000  0.644E+01   0.18694E-03   0.00000E+00   0.10000E+00    0.17692E-02 *******         test_N_all          
.9100E+00    50.000  0.583E+01   0.13455E-03   0.00000E+00   0.10000E+00    0.50249E-02 -394.97         test_N_all          
.9200E+00    50.000  0.523E+01   0.93601E-04   0.00000E+00   0.10000E+00    0.50249E-02 -395.30         test_N_all          
.9300E+00    50.000  0.465E+01   0.62444E-04   0.00000E+00   0.10000E+00    0.50249E-02 -395.55         test_N_all          
.9400E+00    50.000  0.407E+01   0.39934E-04   0.00000E+00   0.10000E+00    0.50249E-02 -395.72         test_N_all          
.9500E+00    50.000  0.351E+01   0.23549E-04   0.00000E+00   0.10000E+00    0.50249E-02 -395.85         test_N_all          
.9600E+00    50.000  0.297E+01   0.12823E-04   0.00000E+00   0.10000E+00    0.50249E-02 -395.94         test_N_all          
.9700E+00    50.000  0.243E+01   0.62597E-05   0.00000E+00   0.10000E+00    0.50249E-02 -395.99         test_N_all          
.9800E+00    50.000  0.190E+01   0.23651E-05   0.00000E+00   0.10000E+00    0.50249E-02 -396.02         test_N_all          
.9900E+00    50.000  0.139E+01   0.78847E-06   0.00000E+00   0.10000E+00    0.50249E-02 -396.03         test_N_all          
.1000E+01    50.000  0.882E+00   0.63031E-06   0.00000E+00   0.10000E+00    0.50249E-02 -396.03         test_N_all          
.1000E+00   100.000  0.901E+03   0.33368E+00   0.00000E+00   0.10000E+00    0.50249E-02 2162.61         test_N_all          
.1100E+00   100.000  0.810E+03   0.31942E+00   0.00000E+00   0.10000E+00    0.50249E-02 1906.79         test_N_all          
.1200E+00   100.000  0.734E+03   0.30636E+00   0.00000E+00   0.10000E+00    0.50249E-02 1686.53         test_N_all          
.1300E+00   100.000  0.670E+03   0.29421E+00   0.00000E+00   0.10000E+00    0.50249E-02 1493.81         test_N_all          
.1400E+00   100.000  0.615E+03   0.28271E+00   0.00000E+00   0.10000E+00    0.50249E-02 1322.08         test_N_all          
.1500E+00   100.000  0.568E+03   0.27189E+00   0.00000E+00   0.10000E+00    0.50249E-02 1170.13         test_N_all          
.1600E+00   100.000  0.526E+03   0.26153E+00   0.00000E+00   0.10000E+00    0.50249E-02 1033.35         test_N_all          
.1700E+00   100.000  0.489E+03   0.25166E+00   0.00000E+00   0.10000E+00    0.50249E-02  910.89         test_N_all          
.1800E+00   100.000  0.456E+03   0.24220E+00   0.00000E+00   0.10000E+00    0.50249E-02  800.86         test_N_all          
.1900E+00   100.000  0.427E+03   0.23310E+00   0.00000E+00   0.10000E+00    0.50249E-02  701.61         test_N_all          
.2000E+00   100.000  0.401E+03   0.22435E+00   0.00000E+00   0.10000E+00    0.50249E-02  612.37         test_N_all          
.2100E+00   100.000  0.377E+03   0.21587E+00   0.00000E+00   0.10000E+00    0.50249E-02  531.73         test_N_all          
.2200E+00   100.000  0.355E+03   0.20767E+00   0.00000E+00   0.10000E+00    0.50249E-02  459.14         test_N_all          
.2300E+00   100.000  0.336E+03   0.19972E+00   0.00000E+00   0.10000E+00    0.50249E-02  393.81         test_N_all          
.2400E+00   100.000  0.318E+03   0.19198E+00   0.00000E+00   0.10000E+00    0.50249E-02  335.05         test_N_all          
.2500E+00   100.000  0.301E+03   0.18445E+00   0.00000E+00   0.10000E+00    0.50249E-02  282.45         test_N_all          
.2600E+00   100.000  0.285E+03   0.17710E+00   0.00000E+00   0.10000E+00    0.50249E-02  235.42         test_N_all          
.2700E+00   100.000  0.271E+03   0.16992E+00   0.00000E+00   0.10000E+00    0.50249E-02  193.64         test_N_all          
.2800E+00   100.000  0.258E+03   0.16291E+00   0.00000E+00   0.10000E+00    0.50249E-02  156.75         test_N_all          
.2900E+00   100.000  0.246E+03   0.15605E+00   0.00000E+00   0.10000E+00    0.50249E-02  124.41         test_N_all          
.3000E+00   100.000  0.234E+03   0.14933E+00   0.00000E+00   0.10000E+00    0.18868E-02  683.65         test_N_all          
.3100E+00   100.000  0.223E+03   0.14275E+00   0.00000E+00   0.10000E+00    0.50249E-02   72.39         test_N_all          
.3200E+00   100.000  0.213E+03   0.13631E+00   0.00000E+00   0.10000E+00    0.50249E-02   52.23         test_N_all          
.3300E+00   100.000  0.204E+03   0.13001E+00   0.00000E+00   0.10000E+00    0.50249E-02   35.67         test_N_all          
.3400E+00   100.000  0.195E+03   0.12384E+00   0.00000E+00   0.10000E+00    0.50249E-02   22.51         test_N_all          
.3500E+00   100.000  0.187E+03   0.11781E+00   0.00000E+00   0.10000E+00    0.50249E-02   12.57         test_N_all          
.3600E+00   100.000  0.179E+03   0.11192E+00   0.00000E+00   0.10000E+00    0.50249E-02    5.63         test_N_all          
.3700E+00   100.000  0.171E+03   0.10617E+00   0.00000E+00   0.10000E+00    0.50249E-02    1.51         test_N_all          
.3800E+00   100.000  0.164E+03   0.10057E+00   0.00000E+00   0.10000E+00    0.50249E-02    0.01         test_N_all          
.3900E+00   100.000  0.157E+03   0.95118E-01   0.00000E+00   0.10000E+00    0.50249E-02   -0.94         test_N_all          
.4000E+00   100.000  0.151E+03   0.89820E-01   0.00000E+00   0.10000E+00    0.17692E-02  -33.11         test_N_all          
.4100E+00   100.000  0.145E+03   0.84681E-01   0.00000E+00   0.10000E+00    0.50249E-02   -9.29         test_N_all          
.4200E+00   100.000  0.139E+03   0.79705E-01   0.00000E+00   0.10000E+00    0.50249E-02  -16.31         test_N_all          
.4300E+00   100.000  0.133E+03   0.74895E-01   0.00000E+00   0.10000E+00    0.50249E-02  -24.96         test_N_all          
.4400E+00   100.000  0.128E+03   0.70255E-01   0.00000E+00   0.10000E+00    0.50249E-02  -35.04         test_N_all          
.4500E+00   100.000  0.123E+03   0.65786E-01   0.00000E+00   0.10000E+00    0.50249E-02  -46.36         test_N_all          
.4600E+00   100.000  0.118E+03   0.61494E-01   0.00000E+00   0.10000E+00    0.50249E-02  -58.72         test_N_all          
.4700E+00   100.000  0.114E+03   0.57376E-01   0.00000E+00   0.10000E+00    0.50249E-02  -71.95         test_N_all          
.4800E+00   100.000  0.109E+03   0.53436E-01   0.00000E+00   0.10000E+00    0.50249E-02  -85.87         test_N_all          
.4900E+00   100.000  0.105E+03   0.49674E-01   0.00000E+00   0.10000E+00    0.50249E-02 -100.31         test_N_all          
.5000E+00   100.000  0.101E+03   0.46088E-01   0.00000E+00   0.10000E+00    0.17692E-02 -928.60         test_N_all          
.5100E+00   100.000  0.970E+02   0.42679E-01   0.00000E+00   0.10000E+00    0.50249E-02 -130.12         test_N_all          
.5200E+00   100.000  0.932E+02   0.39445E-01   0.00000E+00   0.10000E+00    0.50249E-02 -145.22         test_N_all          
.5300E+00   100.000  0.896E+02   0.36382E-01   0.00000E+00   0.10000E+00    0.50249E-02 -160.29         test_N_all          
.5400E+00   100.000  0.861E+02   0.33489E-01   0.00000E+00   0.10000E+00    0.50249E-02 -175.20         test_N_all          
.5500E+00   100.000  0.827E+02   0.30761E-01   0.00000E+00   0.10000E+00    0.50249E-02 -189.86         test_N_all          
.5600E+00   100.000  0.795E+02   0.28196E-01   0.00000E+00   0.10000E+00    0.50249E-02 -204.19         test_N_all          
.5700E+00   100.000  0.763E+02   0.25789E-01   0.00000E+00   0.10000E+00    0.50249E-02 -218.11         test_N_all          
.5800E+00   100.000  0.733E+02   0.23535E-01   0.00000E+00   0.10000E+00    0.50249E-02 -231.56         test_N_all          
.5900E+00   100.000  0.704E+02   0.21429E-01   0.00000E+00   0.10000E+00    0.50249E-02 -244.49         test_N_all          
.6000E+00   100.000  0.675E+02   0.19465E-01   0.00000E+00   0.10000E+00    0.17692E-02 *******         test_N_all          
.6100E+00   100.000  0.648E+02   0.17640E-01   0.00000E+00   0.10000E+00    0.50249E-02 -268.64         test_N_all          
.6200E+00   100.000  0.622E+02   0.15946E-01   0.00000E+00   0.10000E+00    0.50249E-02 -279.81         test_N_all          
.6300E+00   100.000  0.596E+02   0.14377E-01   0.00000E+00   0.10000E+00    0.50249E-02 -290.35         test_N_all          
.6400E+00   100.000  0.571E+02   0.12929E-01   0.00000E+00   0.10000E+00    0.50249E-02 -300.25         test_N_all          
.6500E+00   100.000  0.547E+02   0.11594E-01   0.00000E+00   0.10000E+00    0.50249E-02 -309.53         test_N_all          
.6600E+00   100.000  0.524E+02   0.10368E-01   0.00000E+00   0.10000E+00    0.50249E-02 -318.18         test_N_all          
.6700E+00   100.000  0.501E+02   0.92432E-02   0.00000E+00   0.10000E+00    0.50249E-02 -326.21         test_N_all          
.6800E+00   100.000  0.479E+02   0.82150E-02   0.00000E+00   0.10000E+00    0.50249E-02 -333.64         test_N_all          
.6900E+00   100.000  0.458E+02   0.72765E-02   0.00000E+00   0.10000E+00    0.50249E-02 -340.50         test_N_all          
.7000E+00   100.000  0.437E+02   0.64233E-02   0.00000E+00   0.10000E+00    0.17692E-02 *******         test_N_all          
.7100E+00   100.000  0.417E+02   0.56489E-02   0.00000E+00   0.10000E+00    0.50249E-02 -352.56         test_N_all          
.7200E+00   100.000  0.398E+02   0.49482E-02   0.00000E+00   0.10000E+00    0.50249E-02 -357.82         test_N_all          
.7300E+00   100.000  0.379E+02   0.43169E-02   0.00000E+00   0.10000E+00    0.50249E-02 -362.58         test_N_all          
.7400E+00   100.000  0.360E+02   0.37483E-02   0.00000E+00   0.10000E+00    0.50249E-02 -366.91         test_N_all          
.7500E+00   100.000  0.342E+02   0.32394E-02   0.00000E+00   0.10000E+00    0.50249E-02 -370.80         test_N_all          
.7600E+00   100.000  0.325E+02   0.27848E-02   0.00000E+00   0.10000E+00    0.50249E-02 -374.29         test_N_all          
.7700E+00   100.000  0.308E+02   0.23802E-02   0.00000E+00   0.10000E+00    0.50249E-02 -377.41         test_N_all          
.7800E+00   100.000  0.291E+02   0.20224E-02   0.00000E+00   0.10000E+00    0.50249E-02 -380.18         test_N_all          
.7900E+00   100.000  0.275E+02   0.17059E-02   0.00000E+00   0.10000E+00    0.50249E-02 -382.64         test_N_all          
.8000E+00   100.000  0.259E+02   0.14287E-02   0.00000E+00   0.10000E+00    0.17692E-02 *******         test_N_all          
.8100E+00   100.000  0.243E+02   0.11865E-02   0.00000E+00   0.10000E+00    0.50249E-02 -386.70         test_N_all          
.8200E+00   100.000  0.228E+02   0.97624E-03   0.00000E+00   0.10000E+00    0.50249E-02 -388.34         test_N_all          
.8300E+00   100.000  0.214E+02   0.79555E-03   0.00000E+00   0.10000E+00    0.50249E-02 -389.76         test_N_all          
.8400E+00   100.000  0.199E+02   0.64023E-03   0.00000E+00   0.10000E+00    0.50249E-02 -390.98         test_N_all          
.8500E+00   100.000  0.185E+02   0.50878E-03   0.00000E+00   0.10000E+00    0.50249E-02 -392.02         test_N_all          
.8600E+00   100.000  0.172E+02   0.39846E-03   0.00000E+00   0.10000E+00    0.50249E-02 -392.89         test_N_all          
.8700E+00   100.000  0.158E+02   0.30650E-03   0.00000E+00   0.10000E+00    0.50249E-02 -393.62         test_N_all          
.8800E+00   100.000  0.145E+02   0.23150E-03   0.00000E+00   0.10000E+00    0.50249E-02 -394.21         test_N_all          
.8900E+00   100.000  0.132E+02   0.17054E-03   0.00000E+00   0.10000E+00    0.50249E-02 -394.69         test_N_all          
.9000E+00   100.000  0.120E+02   0.12231E-03   0.00000E+00   0.10000E+00    0.17692E-02 *******         test_N_all          
.9100E+00   100.000  0.108E+02   0.85038E-04   0.00000E+00   0.10000E+00    0.50249E-02 -395.37         test_N_all          
.9200E+00   100.000  0.958E+01   0.56535E-04   0.00000E+00   0.10000E+00    0.50249E-02 -395.59         test_N_all          
.9300E+00   100.000  0.841E+01   0.35969E-04   0.00000E+00   0.10000E+00    0.50249E-02 -395.75         test_N_all          
.9400E+00   100.000  0.726E+01   0.21292E-04   0.00000E+00   0.10000E+00    0.50249E-02 -395.87         test_N_all          
.9500E+00   100.000  0.614E+01   0.11519E-04   0.00000E+00   0.10000E+00    0.50249E-02 -395.95         test_N_all          
.9600E+00   100.000  0.505E+01   0.57138E-05   0.00000E+00   0.10000E+00    0.50249E-02 -395.99         test_N_all          
.9700E+00   100.000  0.397E+01   0.21744E-05   0.00000E+00   0.10000E+00    0.50249E-02 -396.02         test_N_all          
.9800E+00   100.000  0.292E+01   0.70304E-06   0.00000E+00   0.10000E+00    0.50249E-02 -396.03         test_N_all          
.9900E+00   100.000  0.189E+01   0.52248E-06   0.00000E+00   0.10000E+00    0.50249E-02 -396.04         test_N_all          
.1000E+01   100.000  0.882E+00   0.71411E-06   0.00000E+00   0.10000E+00    0.50249E-02 -396.03         test_N_all          



 CHI SQUARE=******** FOR  582 POINTS   CHISQ/NPTS=  676.27
 Signed chisquare total =********
 Modified residual =********


Summary normalization chi2 contributions

 data set     normalization        error         chisq


Summary chi2 per data set

 data set                chisq    _w     signd    _w     resid     _w   npts   chisq/pts  _w
test_N_all            393589.2        113627.2        ********           582  676.27
------------------------------------------------------------------------------------
          TOTAL       393589.2393589.2113627.2     0.0****************   582  676.27  676.27
          TOTAL+norm  393589.2393589.2                                   582  676.27  676.27



            Momentum Sum Rule Check


      q2      alphas      xuv       xdv       xub       xdb       xsb       xcb       xbb      xglue     total
      1.69    0.3845    0.3191    0.1366    0.0570    0.0678    0.0250    0.0000    0.0000    0.3948    1.0002
    100.00    0.1784    0.2248    0.0963    0.0660    0.0737    0.0435    0.0260    0.0088    0.4581    0.9972
   1000.00    0.1407    0.0000    0.0000    0.0000    0.0000    0.0000    0.0000    0.0000    0.0000    0.0000
   8315.00    0.1180    0.0000    0.0000    0.0000    0.0000    0.0000    0.0000    0.0000    0.0000    0.0000


 Vector Boson Cross Sections

 sqrt(s)   sigma(W)    error    theory

   1960.     2.865     0.063       0.000     D0

   1960.     2.749     0.054       0.000     CDF

   7000.     9.95      0.29        0.000     CMS

   7000.     9.96      0.55        0.000     ATLAS

 sqrt(s)   sigma(Z)    error    theory

   1960.     .2649     .0094       0.000     D0

   1960.     .2549     .0057       0.000     CDF

   7000.     .931      0.035       0.000     CMS

   7000.     .82       0.08        0.000     ATLAS


