 Correlated errors added in quadrature with statistical errors
 test_N_all           DIS data with   1.69< Q2 < 0.500D+03 and 0.000 < xB < 1.000 and   0.00< W2 < 0.100D+05 and 0.000 < y < 1.000
   GP TMC applied
   no HT corrections

# fitpack15: fit output
# CJ15 AV18 final data choices                                                 

Parametrization   7 used here

 S-ACOT scheme used  for NC DIS

 charm mass =     1.30 GeV     bottom mass =     4.50 GeV



 THIS IS A NEXT TO LEADING ORDER FIT

 Q02=    1.69
         1  LAMBDA      VALUE=   0.22680      WEIGHT=    0.0000    
         2  a0uv        VALUE=    1.8055      WEIGHT=    0.0000    
         3  a1uv        VALUE=   0.55340      WEIGHT=   0.25513E-01
         4  a2uv        VALUE=    3.6036      WEIGHT=   0.12117E-01
         5  a3uv        VALUE=    0.0000      WEIGHT=    0.0000    
         6  a4uv        VALUE=    5.2440      WEIGHT=   0.75956    
         7  a5uv        VALUE=    0.0000      WEIGHT=    0.0000    
         8  a0dv        VALUE=    25.124      WEIGHT=    0.0000    
         9  a1dv        VALUE=    1.1647      WEIGHT=   0.34426E-01
        10  a2dv        VALUE=    6.5607      WEIGHT=   0.18042    
        11  a3dv        VALUE=   -3.4822      WEIGHT=   0.98087E-01
        12  a4dv        VALUE=    4.6200      WEIGHT=   0.15051    
        13  a5dv        VALUE=    0.0000      WEIGHT=    0.0000    
        14  a0ud        VALUE=   0.14154      WEIGHT=   0.49852E-02
        15  a1ud        VALUE=  -0.21115      WEIGHT=   0.38220E-02
        16  a2ud        VALUE=    8.7153      WEIGHT=   0.19772    
        17  a3ud        VALUE=    0.0000      WEIGHT=    0.0000    
        18  a4ud        VALUE=    16.467      WEIGHT=    1.3753    
        19  a5ud        VALUE=    0.0000      WEIGHT=    0.0000    
        20  a0du        VALUE=    35712.      WEIGHT=    0.0000    
        21  a1du        VALUE=    4.2253      WEIGHT=   0.12580    
        22  a2du        VALUE=    20.963      WEIGHT=    1.2689    
        23  a3du        VALUE=    17.000      WEIGHT=    0.0000    
        24  a4du        VALUE=    59.979      WEIGHT=    14.885    
        25  a0g         VALUE=    45.160      WEIGHT=    0.0000    
        26  a1g         VALUE=   0.60099      WEIGHT=   0.28225E-01
        27  a2g         VALUE=    5.6848      WEIGHT=   0.75304    
        28  a3g         VALUE=   -3.3755      WEIGHT=   0.11564    
        29  a4g         VALUE=    3.1771      WEIGHT=   0.24133    
        30  a5g         VALUE=    0.0000      WEIGHT=    0.0000    
        31  kappa       VALUE=   0.40000      WEIGHT=    0.0000    
        32  a6dv        VALUE=  -0.32800E-02  WEIGHT=   0.72346E-03
        33  a7dv        VALUE=    2.0000      WEIGHT=    0.0000    
        34  off1        VALUE=  -0.34627E-01  WEIGHT=   0.12044    
        35  off2        VALUE=   -1.6390      WEIGHT=   0.75571    
        36  off3        VALUE=    3.7599      WEIGHT=    1.0847    
        37  ht1         VALUE=   -4.3718      WEIGHT=    1.1983    
        38  ht2         VALUE=    2.3245      WEIGHT=   0.21992    
        39  ht3         VALUE=   -2.1264      WEIGHT=   0.31816E-01
        40  ht4         VALUE=    2.7170      WEIGHT=   0.16329    
        41  dummy41     VALUE=    0.0000      WEIGHT=    0.0000    
        42  dummy42     VALUE=    0.0000      WEIGHT=    0.0000    
        43  dummy43     VALUE=    0.0000      WEIGHT=    0.0000    
        44  dummy44     VALUE=    0.0000      WEIGHT=    0.0000    
        45  dummy45     VALUE=    0.0000      WEIGHT=    0.0000    
        46  dummy46     VALUE=    0.0000      WEIGHT=    0.0000    
        47  dummy47     VALUE=    0.0000      WEIGHT=    0.0000    
        48  dummy48     VALUE=    0.0000      WEIGHT=    0.0000    
        49  dummy49     VALUE=    0.0000      WEIGHT=    0.0000    
        50  bcdmsh2     VALUE=   0.97059      WEIGHT=   0.49112E-02
        51  bcdmsd2     VALUE=   0.99402      WEIGHT=   0.59135E-02
        52  ccfr        VALUE=    1.0000      WEIGHT=    0.0000    
        53  nutev       VALUE=    1.0000      WEIGHT=    0.0000    
        54  zeus        VALUE=   0.97998      WEIGHT=    0.0000    
        55  h1          VALUE=    1.0162      WEIGHT=    0.0000    
        56  e605        VALUE=    1.0319      WEIGHT=    0.0000    
        57  NmcH2       VALUE=    1.0074      WEIGHT=   0.71637E-02
        58  ntv_nu      VALUE=    1.0000      WEIGHT=    0.0000    
        59  ntv_nuba    VALUE=    1.0000      WEIGHT=    0.0000    
        60  cdf_jet     VALUE=   0.98910      WEIGHT=    0.0000    
        61  d0_jet      VALUE=   0.83504      WEIGHT=    0.0000    
        62  slac_p      VALUE=    1.0020      WEIGHT=   0.49608E-02
        63  slac_d      VALUE=    1.0019      WEIGHT=   0.53802E-02
        64  e866pp      VALUE=   0.99389      WEIGHT=   0.20008E-01
        65  e866pd      VALUE=   0.95381      WEIGHT=   0.17358E-01
        66  d0_gamje    VALUE=    1.0388      WEIGHT=   0.16513E-01
        67  h1b         VALUE=   0.97608      WEIGHT=    0.0000    
        68  jlab_p      VALUE=   0.98523      WEIGHT=   0.58416E-02
        69  jlab_d      VALUE=   0.97622      WEIGHT=   0.60443E-02
        70  blank       VALUE=    1.0000      WEIGHT=    0.0000    
        71  d0run2      VALUE=   0.95359      WEIGHT=   0.15381E-01
        72  cdfrun2     VALUE=   0.93734      WEIGHT=   0.17805E-01
        73  HERA_el     VALUE=    1.0000      WEIGHT=    0.0000    
        74  HERA_ps     VALUE=    1.0000      WEIGHT=    0.0000    
        75  CDF_Z       VALUE=   0.95569      WEIGHT=   0.67294E-02
        76  NmcRat      VALUE=    1.0000      WEIGHT=    0.0000    
        77  BNS_F2nd    VALUE=   0.95667      WEIGHT=   0.73768E-02
        78  HERMES_F    VALUE=   0.99503      WEIGHT=   0.56727E-02
        79  HERMES_F    VALUE=   0.97824      WEIGHT=   0.58879E-02
0THE TOLERANCE IS    0.1000
 THE MAXIMUM NUMBER OF STEPS IS 100
0THE INITIAL CHI SQUARED IS  3.92677E+05



     X        Q2         W2       THEORY        error         DATA           ERROR        chi^2     _w    ITYPE
.1000E-01     2.000  0.199E+03   0.33996E+00   0.00000E+00   0.10000E+00    0.50249E-02 2280.46         test_N_all          
.2000E-01     2.000  0.989E+02   0.31764E+00   0.00000E+00   0.10000E+00    0.50249E-02 1875.86         test_N_all          
.3000E-01     2.000  0.655E+02   0.30896E+00   0.00000E+00   0.10000E+00    0.50249E-02 1729.21         test_N_all          
.4000E-01     2.000  0.489E+02   0.30679E+00   0.00000E+00   0.10000E+00    0.50249E-02 1693.63         test_N_all          
.5000E-01     2.000  0.389E+02   0.30586E+00   0.00000E+00   0.10000E+00    0.50249E-02 1678.36         test_N_all          
.6000E-01     2.000  0.322E+02   0.30616E+00   0.00000E+00   0.10000E+00    0.50249E-02 1683.29         test_N_all          
.7000E-01     2.000  0.275E+02   0.30662E+00   0.00000E+00   0.10000E+00    0.50249E-02 1690.70         test_N_all          
.8000E-01     2.000  0.239E+02   0.30691E+00   0.00000E+00   0.10000E+00    0.50249E-02 1695.54         test_N_all          
.9000E-01     2.000  0.211E+02   0.30686E+00   0.00000E+00   0.10000E+00    0.50249E-02 1694.66         test_N_all          
.1000E+00     2.000  0.189E+02   0.30628E+00   0.00000E+00   0.10000E+00    0.50249E-02 1685.26         test_N_all          
.1100E+00     2.000  0.171E+02   0.30513E+00   0.00000E+00   0.10000E+00    0.50249E-02 1666.53         test_N_all          
.1200E+00     2.000  0.155E+02   0.30336E+00   0.00000E+00   0.10000E+00    0.50249E-02 1637.79         test_N_all          
.1300E+00     2.000  0.143E+02   0.30098E+00   0.00000E+00   0.10000E+00    0.50249E-02 1599.67         test_N_all          
.1400E+00     2.000  0.132E+02   0.29808E+00   0.00000E+00   0.10000E+00    0.50249E-02 1553.92         test_N_all          
.1500E+00     2.000  0.122E+02   0.29464E+00   0.00000E+00   0.10000E+00    0.50249E-02 1500.41         test_N_all          
.1600E+00     2.000  0.114E+02   0.29080E+00   0.00000E+00   0.10000E+00    0.50249E-02 1441.77         test_N_all          
.1700E+00     2.000  0.106E+02   0.28659E+00   0.00000E+00   0.10000E+00    0.50249E-02 1378.82         test_N_all          
.1800E+00     2.000  0.999E+01   0.28204E+00   0.00000E+00   0.10000E+00    0.50249E-02 1312.37         test_N_all          
.1900E+00     2.000  0.941E+01   0.27729E+00   0.00000E+00   0.10000E+00    0.50249E-02 1244.75         test_N_all          
.2000E+00     2.000  0.888E+01   0.27231E+00   0.00000E+00   0.10000E+00    0.50249E-02 1175.85         test_N_all          
.2100E+00     2.000  0.841E+01   0.26717E+00   0.00000E+00   0.10000E+00    0.50249E-02 1106.82         test_N_all          
.2200E+00     2.000  0.797E+01   0.26193E+00   0.00000E+00   0.10000E+00    0.50249E-02 1038.47         test_N_all          
.2300E+00     2.000  0.758E+01   0.25657E+00   0.00000E+00   0.10000E+00    0.50249E-02  970.86         test_N_all          
.2400E+00     2.000  0.722E+01   0.25115E+00   0.00000E+00   0.10000E+00    0.50249E-02  904.85         test_N_all          
.2500E+00     2.000  0.688E+01   0.24567E+00   0.00000E+00   0.10000E+00    0.50249E-02  840.41         test_N_all          
.2600E+00     2.000  0.657E+01   0.24014E+00   0.00000E+00   0.10000E+00    0.50249E-02  777.76         test_N_all          
.2700E+00     2.000  0.629E+01   0.23457E+00   0.00000E+00   0.10000E+00    0.50249E-02  717.14         test_N_all          
.2800E+00     2.000  0.602E+01   0.22896E+00   0.00000E+00   0.10000E+00    0.50249E-02  658.62         test_N_all          
.2900E+00     2.000  0.578E+01   0.22332E+00   0.00000E+00   0.10000E+00    0.50249E-02  602.26         test_N_all          
.3000E+00     2.000  0.555E+01   0.21764E+00   0.00000E+00   0.10000E+00    0.18868E-02 3887.74         test_N_all          
.3100E+00     2.000  0.533E+01   0.21195E+00   0.00000E+00   0.10000E+00    0.50249E-02  496.34         test_N_all          
.3200E+00     2.000  0.513E+01   0.20622E+00   0.00000E+00   0.10000E+00    0.50249E-02  446.88         test_N_all          
.3300E+00     2.000  0.494E+01   0.20048E+00   0.00000E+00   0.10000E+00    0.50249E-02  399.83         test_N_all          
.3400E+00     2.000  0.476E+01   0.19472E+00   0.00000E+00   0.10000E+00    0.50249E-02  355.29         test_N_all          
.3500E+00     2.000  0.460E+01   0.18894E+00   0.00000E+00   0.10000E+00    0.50249E-02  313.25         test_N_all          
.3600E+00     2.000  0.444E+01   0.18315E+00   0.00000E+00   0.10000E+00    0.50249E-02  273.80         test_N_all          
.3700E+00     2.000  0.429E+01   0.17736E+00   0.00000E+00   0.10000E+00    0.50249E-02  237.03         test_N_all          
.3800E+00     2.000  0.414E+01   0.17158E+00   0.00000E+00   0.10000E+00    0.50249E-02  202.91         test_N_all          
.3900E+00     2.000  0.401E+01   0.16581E+00   0.00000E+00   0.10000E+00    0.50249E-02  171.54         test_N_all          
.4000E+00     2.000  0.388E+01   0.16007E+00   0.00000E+00   0.10000E+00    0.17692E-02 1153.01         test_N_all          
.4100E+00     2.000  0.376E+01   0.15437E+00   0.00000E+00   0.10000E+00    0.50249E-02  117.06         test_N_all          
.4200E+00     2.000  0.364E+01   0.14871E+00   0.00000E+00   0.10000E+00    0.50249E-02   93.95         test_N_all          
.4300E+00     2.000  0.353E+01   0.14310E+00   0.00000E+00   0.10000E+00    0.50249E-02   73.58         test_N_all          
.4400E+00     2.000  0.343E+01   0.13756E+00   0.00000E+00   0.10000E+00    0.50249E-02   55.89         test_N_all          
.4500E+00     2.000  0.333E+01   0.13210E+00   0.00000E+00   0.10000E+00    0.50249E-02   40.82         test_N_all          
.4600E+00     2.000  0.323E+01   0.12673E+00   0.00000E+00   0.10000E+00    0.50249E-02   28.29         test_N_all          
.4700E+00     2.000  0.314E+01   0.12145E+00   0.00000E+00   0.10000E+00    0.50249E-02   18.21         test_N_all          
.4800E+00     2.000  0.305E+01   0.11627E+00   0.00000E+00   0.10000E+00    0.50249E-02   10.48         test_N_all          
.4900E+00     2.000  0.296E+01   0.11120E+00   0.00000E+00   0.10000E+00    0.50249E-02    4.97         test_N_all          
.5000E+00     2.000  0.288E+01   0.10625E+00   0.00000E+00   0.10000E+00    0.17692E-02   12.49         test_N_all          
.5100E+00     2.000  0.280E+01   0.10143E+00   0.00000E+00   0.10000E+00    0.50249E-02    0.08         test_N_all          
.5200E+00     2.000  0.273E+01   0.96738E-01   0.00000E+00   0.10000E+00    0.50249E-02   -0.42         test_N_all          
.5300E+00     2.000  0.266E+01   0.92178E-01   0.00000E+00   0.10000E+00    0.50249E-02   -2.42         test_N_all          
.5400E+00     2.000  0.259E+01   0.87760E-01   0.00000E+00   0.10000E+00    0.50249E-02   -5.93         test_N_all          
.5500E+00     2.000  0.252E+01   0.83482E-01   0.00000E+00   0.10000E+00    0.50249E-02  -10.81         test_N_all          
.5600E+00     2.000  0.245E+01   0.79345E-01   0.00000E+00   0.10000E+00    0.50249E-02  -16.90         test_N_all          
.5700E+00     2.000  0.239E+01   0.75355E-01   0.00000E+00   0.10000E+00    0.50249E-02  -24.05         test_N_all          
.5800E+00     2.000  0.233E+01   0.71512E-01   0.00000E+00   0.10000E+00    0.50249E-02  -32.14         test_N_all          
.5900E+00     2.000  0.227E+01   0.67813E-01   0.00000E+00   0.10000E+00    0.50249E-02  -41.03         test_N_all          
.6000E+00     2.000  0.222E+01   0.64256E-01   0.00000E+00   0.10000E+00    0.17692E-02 -408.18         test_N_all          
.6100E+00     2.000  0.216E+01   0.60849E-01   0.00000E+00   0.10000E+00    0.50249E-02  -60.71         test_N_all          
.6200E+00     2.000  0.211E+01   0.57582E-01   0.00000E+00   0.10000E+00    0.50249E-02  -71.26         test_N_all          
.6300E+00     2.000  0.206E+01   0.54454E-01   0.00000E+00   0.10000E+00    0.50249E-02  -82.16         test_N_all          
.6400E+00     2.000  0.201E+01   0.51464E-01   0.00000E+00   0.10000E+00    0.50249E-02  -93.30         test_N_all          
.6500E+00     2.000  0.196E+01   0.48611E-01   0.00000E+00   0.10000E+00    0.50249E-02 -104.59         test_N_all          
.6600E+00     2.000  0.191E+01   0.45890E-01   0.00000E+00   0.10000E+00    0.50249E-02 -115.96         test_N_all          
.6700E+00     2.000  0.187E+01   0.43295E-01   0.00000E+00   0.10000E+00    0.50249E-02 -127.34         test_N_all          
.6800E+00     2.000  0.182E+01   0.40826E-01   0.00000E+00   0.10000E+00    0.50249E-02 -138.68         test_N_all          
.6900E+00     2.000  0.178E+01   0.38480E-01   0.00000E+00   0.10000E+00    0.50249E-02 -149.89         test_N_all          
.7000E+00     2.000  0.174E+01   0.36250E-01   0.00000E+00   0.10000E+00    0.17692E-02 *******         test_N_all          
.7100E+00     2.000  0.170E+01   0.34132E-01   0.00000E+00   0.10000E+00    0.50249E-02 -171.83         test_N_all          
.7200E+00     2.000  0.166E+01   0.32123E-01   0.00000E+00   0.10000E+00    0.50249E-02 -182.46         test_N_all          
.7300E+00     2.000  0.162E+01   0.30221E-01   0.00000E+00   0.10000E+00    0.50249E-02 -192.83         test_N_all          
.7400E+00     2.000  0.158E+01   0.28419E-01   0.00000E+00   0.10000E+00    0.50249E-02 -202.92         test_N_all          
.7500E+00     2.000  0.155E+01   0.26714E-01   0.00000E+00   0.10000E+00    0.50249E-02 -212.71         test_N_all          
.7600E+00     2.000  0.151E+01   0.25101E-01   0.00000E+00   0.10000E+00    0.50249E-02 -222.18         test_N_all          
.7700E+00     2.000  0.148E+01   0.23577E-01   0.00000E+00   0.10000E+00    0.50249E-02 -231.31         test_N_all          
.7800E+00     2.000  0.145E+01   0.22138E-01   0.00000E+00   0.10000E+00    0.50249E-02 -240.10         test_N_all          
.7900E+00     2.000  0.141E+01   0.20779E-01   0.00000E+00   0.10000E+00    0.50249E-02 -248.55         test_N_all          
.8000E+00     2.000  0.138E+01   0.19497E-01   0.00000E+00   0.10000E+00    0.17692E-02 *******         test_N_all          
.8100E+00     2.000  0.135E+01   0.18288E-01   0.00000E+00   0.10000E+00    0.50249E-02 -264.43         test_N_all          
.8200E+00     2.000  0.132E+01   0.17150E-01   0.00000E+00   0.10000E+00    0.50249E-02 -271.85         test_N_all          
.8300E+00     2.000  0.129E+01   0.16077E-01   0.00000E+00   0.10000E+00    0.50249E-02 -278.94         test_N_all          
.8400E+00     2.000  0.126E+01   0.15066E-01   0.00000E+00   0.10000E+00    0.50249E-02 -285.69         test_N_all          
.8500E+00     2.000  0.123E+01   0.14115E-01   0.00000E+00   0.10000E+00    0.50249E-02 -292.13         test_N_all          
.8600E+00     2.000  0.121E+01   0.13220E-01   0.00000E+00   0.10000E+00    0.50249E-02 -298.25         test_N_all          
.8700E+00     2.000  0.118E+01   0.12379E-01   0.00000E+00   0.10000E+00    0.50249E-02 -304.06         test_N_all          
.8800E+00     2.000  0.115E+01   0.11588E-01   0.00000E+00   0.10000E+00    0.50249E-02 -309.57         test_N_all          
.8900E+00     2.000  0.113E+01   0.10844E-01   0.00000E+00   0.10000E+00    0.50249E-02 -314.80         test_N_all          
.9000E+00     2.000  0.110E+01   0.10146E-01   0.00000E+00   0.10000E+00    0.17692E-02 *******         test_N_all          
.9100E+00     2.000  0.108E+01   0.94898E-02   0.00000E+00   0.10000E+00    0.50249E-02 -324.44         test_N_all          
.9200E+00     2.000  0.106E+01   0.88737E-02   0.00000E+00   0.10000E+00    0.50249E-02 -328.87         test_N_all          
.9300E+00     2.000  0.103E+01   0.82954E-02   0.00000E+00   0.10000E+00    0.50249E-02 -333.06         test_N_all          
.9400E+00     2.000  0.101E+01   0.77528E-02   0.00000E+00   0.10000E+00    0.50249E-02 -337.01         test_N_all          
.9500E+00     2.000  0.987E+00   0.72435E-02   0.00000E+00   0.10000E+00    0.50249E-02 -340.74         test_N_all          
.9600E+00     2.000  0.965E+00   0.67657E-02   0.00000E+00   0.10000E+00    0.50249E-02 -344.26         test_N_all          
.9700E+00     2.000  0.944E+00   0.63177E-02   0.00000E+00   0.10000E+00    0.50249E-02 -347.58         test_N_all          
.9800E+00     2.000  0.923E+00   0.58976E-02   0.00000E+00   0.10000E+00    0.50249E-02 -350.70         test_N_all          
.9900E+00     2.000  0.902E+00   0.55040E-02   0.00000E+00   0.10000E+00    0.50249E-02 -353.64         test_N_all          
.1000E+01     2.000  0.882E+00   0.51351E-02   0.00000E+00   0.10000E+00    0.50249E-02 -356.41         test_N_all          
.1000E-01     5.000  0.496E+03   0.44663E+00   0.00000E+00   0.10000E+00    0.50249E-02 4758.57         test_N_all          
.2000E-01     5.000  0.246E+03   0.39624E+00   0.00000E+00   0.10000E+00    0.50249E-02 3475.51         test_N_all          
.3000E-01     5.000  0.163E+03   0.37172E+00   0.00000E+00   0.10000E+00    0.50249E-02 2924.03         test_N_all          
.4000E-01     5.000  0.121E+03   0.35936E+00   0.00000E+00   0.10000E+00    0.50249E-02 2664.08         test_N_all          
.5000E-01     5.000  0.959E+02   0.34952E+00   0.00000E+00   0.10000E+00    0.50249E-02 2465.83         test_N_all          
.6000E-01     5.000  0.792E+02   0.34267E+00   0.00000E+00   0.10000E+00    0.50249E-02 2332.18         test_N_all          
.7000E-01     5.000  0.673E+02   0.33652E+00   0.00000E+00   0.10000E+00    0.50249E-02 2215.46         test_N_all          
.8000E-01     5.000  0.584E+02   0.33106E+00   0.00000E+00   0.10000E+00    0.50249E-02 2114.32         test_N_all          
.9000E-01     5.000  0.514E+02   0.32567E+00   0.00000E+00   0.10000E+00    0.50249E-02 2016.91         test_N_all          
.1000E+00     5.000  0.459E+02   0.32032E+00   0.00000E+00   0.10000E+00    0.50249E-02 1922.36         test_N_all          
.1100E+00     5.000  0.413E+02   0.31480E+00   0.00000E+00   0.10000E+00    0.50249E-02 1827.22         test_N_all          
.1200E+00     5.000  0.375E+02   0.30916E+00   0.00000E+00   0.10000E+00    0.50249E-02 1732.54         test_N_all          
.1300E+00     5.000  0.343E+02   0.30333E+00   0.00000E+00   0.10000E+00    0.50249E-02 1637.42         test_N_all          
.1400E+00     5.000  0.316E+02   0.29733E+00   0.00000E+00   0.10000E+00    0.50249E-02 1542.08         test_N_all          
.1500E+00     5.000  0.292E+02   0.29117E+00   0.00000E+00   0.10000E+00    0.50249E-02 1447.30         test_N_all          
.1600E+00     5.000  0.271E+02   0.28491E+00   0.00000E+00   0.10000E+00    0.50249E-02 1354.15         test_N_all          
.1700E+00     5.000  0.253E+02   0.27858E+00   0.00000E+00   0.10000E+00    0.50249E-02 1262.96         test_N_all          
.1800E+00     5.000  0.237E+02   0.27219E+00   0.00000E+00   0.10000E+00    0.50249E-02 1174.28         test_N_all          
.1900E+00     5.000  0.222E+02   0.26581E+00   0.00000E+00   0.10000E+00    0.50249E-02 1088.77         test_N_all          
.2000E+00     5.000  0.209E+02   0.25941E+00   0.00000E+00   0.10000E+00    0.50249E-02 1006.39         test_N_all          
.2100E+00     5.000  0.197E+02   0.25303E+00   0.00000E+00   0.10000E+00    0.50249E-02  927.51         test_N_all          
.2200E+00     5.000  0.186E+02   0.24669E+00   0.00000E+00   0.10000E+00    0.50249E-02  852.19         test_N_all          
.2300E+00     5.000  0.176E+02   0.24038E+00   0.00000E+00   0.10000E+00    0.50249E-02  780.49         test_N_all          
.2400E+00     5.000  0.167E+02   0.23411E+00   0.00000E+00   0.10000E+00    0.50249E-02  712.31         test_N_all          
.2500E+00     5.000  0.159E+02   0.22787E+00   0.00000E+00   0.10000E+00    0.50249E-02  647.58         test_N_all          
.2600E+00     5.000  0.151E+02   0.22166E+00   0.00000E+00   0.10000E+00    0.50249E-02  586.20         test_N_all          
.2700E+00     5.000  0.144E+02   0.21548E+00   0.00000E+00   0.10000E+00    0.50249E-02  528.13         test_N_all          
.2800E+00     5.000  0.137E+02   0.20932E+00   0.00000E+00   0.10000E+00    0.50249E-02  473.30         test_N_all          
.2900E+00     5.000  0.131E+02   0.20317E+00   0.00000E+00   0.10000E+00    0.50249E-02  421.56         test_N_all          
.3000E+00     5.000  0.125E+02   0.19704E+00   0.00000E+00   0.10000E+00    0.18868E-02 2645.30         test_N_all          
.3100E+00     5.000  0.120E+02   0.19093E+00   0.00000E+00   0.10000E+00    0.50249E-02  327.43         test_N_all          
.3200E+00     5.000  0.115E+02   0.18482E+00   0.00000E+00   0.10000E+00    0.50249E-02  284.91         test_N_all          
.3300E+00     5.000  0.110E+02   0.17872E+00   0.00000E+00   0.10000E+00    0.50249E-02  245.44         test_N_all          
.3400E+00     5.000  0.106E+02   0.17264E+00   0.00000E+00   0.10000E+00    0.50249E-02  208.96         test_N_all          
.3500E+00     5.000  0.102E+02   0.16657E+00   0.00000E+00   0.10000E+00    0.50249E-02  175.50         test_N_all          
.3600E+00     5.000  0.977E+01   0.16052E+00   0.00000E+00   0.10000E+00    0.50249E-02  145.08         test_N_all          
.3700E+00     5.000  0.940E+01   0.15450E+00   0.00000E+00   0.10000E+00    0.50249E-02  117.65         test_N_all          
.3800E+00     5.000  0.904E+01   0.14852E+00   0.00000E+00   0.10000E+00    0.50249E-02   93.24         test_N_all          
.3900E+00     5.000  0.870E+01   0.14258E+00   0.00000E+00   0.10000E+00    0.50249E-02   71.82         test_N_all          
.4000E+00     5.000  0.838E+01   0.13670E+00   0.00000E+00   0.10000E+00    0.17692E-02  430.27         test_N_all          
.4100E+00     5.000  0.808E+01   0.13088E+00   0.00000E+00   0.10000E+00    0.50249E-02   37.76         test_N_all          
.4200E+00     5.000  0.779E+01   0.12513E+00   0.00000E+00   0.10000E+00    0.50249E-02   25.01         test_N_all          
.4300E+00     5.000  0.751E+01   0.11947E+00   0.00000E+00   0.10000E+00    0.50249E-02   15.01         test_N_all          
.4400E+00     5.000  0.725E+01   0.11390E+00   0.00000E+00   0.10000E+00    0.50249E-02    7.65         test_N_all          
.4500E+00     5.000  0.699E+01   0.10843E+00   0.00000E+00   0.10000E+00    0.50249E-02    2.82         test_N_all          
.4600E+00     5.000  0.675E+01   0.10309E+00   0.00000E+00   0.10000E+00    0.50249E-02    0.38         test_N_all          
.4700E+00     5.000  0.652E+01   0.97857E-01   0.00000E+00   0.10000E+00    0.50249E-02   -0.18         test_N_all          
.4800E+00     5.000  0.630E+01   0.92763E-01   0.00000E+00   0.10000E+00    0.50249E-02   -2.07         test_N_all          
.4900E+00     5.000  0.609E+01   0.87805E-01   0.00000E+00   0.10000E+00    0.50249E-02   -5.89         test_N_all          
.5000E+00     5.000  0.588E+01   0.82992E-01   0.00000E+00   0.10000E+00    0.17692E-02  -92.41         test_N_all          
.5100E+00     5.000  0.569E+01   0.78333E-01   0.00000E+00   0.10000E+00    0.50249E-02  -18.59         test_N_all          
.5200E+00     5.000  0.550E+01   0.73826E-01   0.00000E+00   0.10000E+00    0.50249E-02  -27.13         test_N_all          
.5300E+00     5.000  0.532E+01   0.69480E-01   0.00000E+00   0.10000E+00    0.50249E-02  -36.89         test_N_all          
.5400E+00     5.000  0.514E+01   0.65298E-01   0.00000E+00   0.10000E+00    0.50249E-02  -47.69         test_N_all          
.5500E+00     5.000  0.497E+01   0.61278E-01   0.00000E+00   0.10000E+00    0.50249E-02  -59.38         test_N_all          
.5600E+00     5.000  0.481E+01   0.57425E-01   0.00000E+00   0.10000E+00    0.50249E-02  -71.79         test_N_all          
.5700E+00     5.000  0.465E+01   0.53740E-01   0.00000E+00   0.10000E+00    0.50249E-02  -84.75         test_N_all          
.5800E+00     5.000  0.450E+01   0.50217E-01   0.00000E+00   0.10000E+00    0.50249E-02  -98.15         test_N_all          
.5900E+00     5.000  0.436E+01   0.46863E-01   0.00000E+00   0.10000E+00    0.50249E-02 -111.82         test_N_all          
.6000E+00     5.000  0.422E+01   0.43671E-01   0.00000E+00   0.10000E+00    0.17692E-02 *******         test_N_all          
.6100E+00     5.000  0.408E+01   0.40638E-01   0.00000E+00   0.10000E+00    0.50249E-02 -139.56         test_N_all          
.6200E+00     5.000  0.395E+01   0.37765E-01   0.00000E+00   0.10000E+00    0.50249E-02 -153.39         test_N_all          
.6300E+00     5.000  0.382E+01   0.35047E-01   0.00000E+00   0.10000E+00    0.50249E-02 -167.09         test_N_all          
.6400E+00     5.000  0.369E+01   0.32478E-01   0.00000E+00   0.10000E+00    0.50249E-02 -180.56         test_N_all          
.6500E+00     5.000  0.357E+01   0.30057E-01   0.00000E+00   0.10000E+00    0.50249E-02 -193.75         test_N_all          
.6600E+00     5.000  0.346E+01   0.27777E-01   0.00000E+00   0.10000E+00    0.50249E-02 -206.58         test_N_all          
.6700E+00     5.000  0.334E+01   0.25634E-01   0.00000E+00   0.10000E+00    0.50249E-02 -219.02         test_N_all          
.6800E+00     5.000  0.323E+01   0.23624E-01   0.00000E+00   0.10000E+00    0.50249E-02 -231.02         test_N_all          
.6900E+00     5.000  0.313E+01   0.21741E-01   0.00000E+00   0.10000E+00    0.50249E-02 -242.55         test_N_all          
.7000E+00     5.000  0.302E+01   0.19980E-01   0.00000E+00   0.10000E+00    0.17692E-02 *******         test_N_all          
.7100E+00     5.000  0.292E+01   0.18334E-01   0.00000E+00   0.10000E+00    0.50249E-02 -264.13         test_N_all          
.7200E+00     5.000  0.283E+01   0.16801E-01   0.00000E+00   0.10000E+00    0.50249E-02 -274.14         test_N_all          
.7300E+00     5.000  0.273E+01   0.15372E-01   0.00000E+00   0.10000E+00    0.50249E-02 -283.64         test_N_all          
.7400E+00     5.000  0.264E+01   0.14044E-01   0.00000E+00   0.10000E+00    0.50249E-02 -292.61         test_N_all          
.7500E+00     5.000  0.255E+01   0.12811E-01   0.00000E+00   0.10000E+00    0.50249E-02 -301.06         test_N_all          
.7600E+00     5.000  0.246E+01   0.11669E-01   0.00000E+00   0.10000E+00    0.50249E-02 -309.01         test_N_all          
.7700E+00     5.000  0.238E+01   0.10611E-01   0.00000E+00   0.10000E+00    0.50249E-02 -316.45         test_N_all          
.7800E+00     5.000  0.229E+01   0.96324E-02   0.00000E+00   0.10000E+00    0.50249E-02 -323.42         test_N_all          
.7900E+00     5.000  0.221E+01   0.87296E-02   0.00000E+00   0.10000E+00    0.50249E-02 -329.91         test_N_all          
.8000E+00     5.000  0.213E+01   0.78978E-02   0.00000E+00   0.10000E+00    0.17692E-02 *******         test_N_all          
.8100E+00     5.000  0.205E+01   0.71314E-02   0.00000E+00   0.10000E+00    0.50249E-02 -341.57         test_N_all          
.8200E+00     5.000  0.198E+01   0.64272E-02   0.00000E+00   0.10000E+00    0.50249E-02 -346.77         test_N_all          
.8300E+00     5.000  0.191E+01   0.57813E-02   0.00000E+00   0.10000E+00    0.50249E-02 -351.57         test_N_all          
.8400E+00     5.000  0.183E+01   0.51890E-02   0.00000E+00   0.10000E+00    0.50249E-02 -356.00         test_N_all          
.8500E+00     5.000  0.176E+01   0.46470E-02   0.00000E+00   0.10000E+00    0.50249E-02 -360.09         test_N_all          
.8600E+00     5.000  0.170E+01   0.41522E-02   0.00000E+00   0.10000E+00    0.50249E-02 -363.83         test_N_all          
.8700E+00     5.000  0.163E+01   0.37012E-02   0.00000E+00   0.10000E+00    0.50249E-02 -367.27         test_N_all          
.8800E+00     5.000  0.156E+01   0.32898E-02   0.00000E+00   0.10000E+00    0.50249E-02 -370.41         test_N_all          
.8900E+00     5.000  0.150E+01   0.29162E-02   0.00000E+00   0.10000E+00    0.50249E-02 -373.28         test_N_all          
.9000E+00     5.000  0.144E+01   0.25778E-02   0.00000E+00   0.10000E+00    0.17692E-02 *******         test_N_all          
.9100E+00     5.000  0.138E+01   0.22706E-02   0.00000E+00   0.10000E+00    0.50249E-02 -378.26         test_N_all          
.9200E+00     5.000  0.132E+01   0.19934E-02   0.00000E+00   0.10000E+00    0.50249E-02 -380.41         test_N_all          
.9300E+00     5.000  0.126E+01   0.17437E-02   0.00000E+00   0.10000E+00    0.50249E-02 -382.35         test_N_all          
.9400E+00     5.000  0.120E+01   0.15196E-02   0.00000E+00   0.10000E+00    0.50249E-02 -384.09         test_N_all          
.9500E+00     5.000  0.114E+01   0.13180E-02   0.00000E+00   0.10000E+00    0.50249E-02 -385.67         test_N_all          
.9600E+00     5.000  0.109E+01   0.11379E-02   0.00000E+00   0.10000E+00    0.50249E-02 -387.08         test_N_all          
.9700E+00     5.000  0.104E+01   0.97773E-03   0.00000E+00   0.10000E+00    0.50249E-02 -388.33         test_N_all          
.9800E+00     5.000  0.984E+00   0.83541E-03   0.00000E+00   0.10000E+00    0.50249E-02 -389.45         test_N_all          
.9900E+00     5.000  0.932E+00   0.70921E-03   0.00000E+00   0.10000E+00    0.50249E-02 -390.44         test_N_all          
.1000E+01     5.000  0.882E+00   0.59817E-03   0.00000E+00   0.10000E+00    0.50249E-02 -391.32         test_N_all          
.1000E-01    10.000  0.991E+03   0.52665E+00   0.00000E+00   0.10000E+00    0.50249E-02 7208.99         test_N_all          
.2000E-01    10.000  0.491E+03   0.45228E+00   0.00000E+00   0.10000E+00    0.50249E-02 4914.78         test_N_all          
.3000E-01    10.000  0.324E+03   0.41388E+00   0.00000E+00   0.10000E+00    0.50249E-02 3901.86         test_N_all          
.4000E-01    10.000  0.241E+03   0.39308E+00   0.00000E+00   0.10000E+00    0.50249E-02 3401.79         test_N_all          
.5000E-01    10.000  0.191E+03   0.37589E+00   0.00000E+00   0.10000E+00    0.50249E-02 3014.58         test_N_all          
.6000E-01    10.000  0.158E+03   0.36364E+00   0.00000E+00   0.10000E+00    0.50249E-02 2752.67         test_N_all          
.7000E-01    10.000  0.134E+03   0.35268E+00   0.00000E+00   0.10000E+00    0.50249E-02 2528.61         test_N_all          
.8000E-01    10.000  0.116E+03   0.34327E+00   0.00000E+00   0.10000E+00    0.50249E-02 2343.72         test_N_all          
.9000E-01    10.000  0.102E+03   0.33439E+00   0.00000E+00   0.10000E+00    0.50249E-02 2175.70         test_N_all          
.1000E+00    10.000  0.909E+02   0.32607E+00   0.00000E+00   0.10000E+00    0.50249E-02 2024.03         test_N_all          
.1100E+00    10.000  0.818E+02   0.31786E+00   0.00000E+00   0.10000E+00    0.50249E-02 1879.67         test_N_all          
.1200E+00    10.000  0.742E+02   0.30995E+00   0.00000E+00   0.10000E+00    0.50249E-02 1745.73         test_N_all          
.1300E+00    10.000  0.678E+02   0.30217E+00   0.00000E+00   0.10000E+00    0.50249E-02 1618.65         test_N_all          
.1400E+00    10.000  0.623E+02   0.29443E+00   0.00000E+00   0.10000E+00    0.50249E-02 1497.07         test_N_all          
.1500E+00    10.000  0.575E+02   0.28678E+00   0.00000E+00   0.10000E+00    0.50249E-02 1381.59         test_N_all          
.1600E+00    10.000  0.534E+02   0.27920E+00   0.00000E+00   0.10000E+00    0.50249E-02 1271.83         test_N_all          
.1700E+00    10.000  0.497E+02   0.27172E+00   0.00000E+00   0.10000E+00    0.50249E-02 1167.84         test_N_all          
.1800E+00    10.000  0.464E+02   0.26434E+00   0.00000E+00   0.10000E+00    0.50249E-02 1069.59         test_N_all          
.1900E+00    10.000  0.435E+02   0.25706E+00   0.00000E+00   0.10000E+00    0.50249E-02  976.96         test_N_all          
.2000E+00    10.000  0.409E+02   0.24989E+00   0.00000E+00   0.10000E+00    0.50249E-02  889.80         test_N_all          
.2100E+00    10.000  0.385E+02   0.24283E+00   0.00000E+00   0.10000E+00    0.50249E-02  807.92         test_N_all          
.2200E+00    10.000  0.363E+02   0.23587E+00   0.00000E+00   0.10000E+00    0.50249E-02  731.12         test_N_all          
.2300E+00    10.000  0.344E+02   0.22901E+00   0.00000E+00   0.10000E+00    0.50249E-02  659.17         test_N_all          
.2400E+00    10.000  0.325E+02   0.22224E+00   0.00000E+00   0.10000E+00    0.50249E-02  591.80         test_N_all          
.2500E+00    10.000  0.309E+02   0.21556E+00   0.00000E+00   0.10000E+00    0.50249E-02  528.87         test_N_all          
.2600E+00    10.000  0.293E+02   0.20895E+00   0.00000E+00   0.10000E+00    0.50249E-02  470.08         test_N_all          
.2700E+00    10.000  0.279E+02   0.20240E+00   0.00000E+00   0.10000E+00    0.50249E-02  415.30         test_N_all          
.2800E+00    10.000  0.266E+02   0.19593E+00   0.00000E+00   0.10000E+00    0.50249E-02  364.48         test_N_all          
.2900E+00    10.000  0.254E+02   0.18951E+00   0.00000E+00   0.10000E+00    0.50249E-02  317.31         test_N_all          
.3000E+00    10.000  0.242E+02   0.18314E+00   0.00000E+00   0.10000E+00    0.18868E-02 1941.63         test_N_all          
.3100E+00    10.000  0.231E+02   0.17681E+00   0.00000E+00   0.10000E+00    0.50249E-02  233.66         test_N_all          
.3200E+00    10.000  0.221E+02   0.17052E+00   0.00000E+00   0.10000E+00    0.50249E-02  196.98         test_N_all          
.3300E+00    10.000  0.212E+02   0.16428E+00   0.00000E+00   0.10000E+00    0.50249E-02  163.66         test_N_all          
.3400E+00    10.000  0.203E+02   0.15808E+00   0.00000E+00   0.10000E+00    0.50249E-02  133.61         test_N_all          
.3500E+00    10.000  0.195E+02   0.15193E+00   0.00000E+00   0.10000E+00    0.50249E-02  106.81         test_N_all          
.3600E+00    10.000  0.187E+02   0.14583E+00   0.00000E+00   0.10000E+00    0.50249E-02   83.19         test_N_all          
.3700E+00    10.000  0.179E+02   0.13979E+00   0.00000E+00   0.10000E+00    0.50249E-02   62.70         test_N_all          
.3800E+00    10.000  0.172E+02   0.13381E+00   0.00000E+00   0.10000E+00    0.50249E-02   45.28         test_N_all          
.3900E+00    10.000  0.165E+02   0.12791E+00   0.00000E+00   0.10000E+00    0.50249E-02   30.85         test_N_all          
.4000E+00    10.000  0.159E+02   0.12209E+00   0.00000E+00   0.10000E+00    0.17692E-02  155.89         test_N_all          
.4100E+00    10.000  0.153E+02   0.11636E+00   0.00000E+00   0.10000E+00    0.50249E-02   10.60         test_N_all          
.4200E+00    10.000  0.147E+02   0.11073E+00   0.00000E+00   0.10000E+00    0.50249E-02    4.56         test_N_all          
.4300E+00    10.000  0.141E+02   0.10521E+00   0.00000E+00   0.10000E+00    0.50249E-02    1.07         test_N_all          
.4400E+00    10.000  0.136E+02   0.99807E-01   0.00000E+00   0.10000E+00    0.50249E-02   -0.00         test_N_all          
.4500E+00    10.000  0.131E+02   0.94532E-01   0.00000E+00   0.10000E+00    0.50249E-02   -1.18         test_N_all          
.4600E+00    10.000  0.126E+02   0.89389E-01   0.00000E+00   0.10000E+00    0.50249E-02   -4.46         test_N_all          
.4700E+00    10.000  0.122E+02   0.84392E-01   0.00000E+00   0.10000E+00    0.50249E-02   -9.65         test_N_all          
.4800E+00    10.000  0.117E+02   0.79542E-01   0.00000E+00   0.10000E+00    0.50249E-02  -16.58         test_N_all          
.4900E+00    10.000  0.113E+02   0.74846E-01   0.00000E+00   0.10000E+00    0.50249E-02  -25.06         test_N_all          
.5000E+00    10.000  0.109E+02   0.70311E-01   0.00000E+00   0.10000E+00    0.17692E-02 -281.60         test_N_all          
.5100E+00    10.000  0.105E+02   0.65938E-01   0.00000E+00   0.10000E+00    0.50249E-02  -45.95         test_N_all          
.5200E+00    10.000  0.101E+02   0.61735E-01   0.00000E+00   0.10000E+00    0.50249E-02  -57.99         test_N_all          
.5300E+00    10.000  0.975E+01   0.57700E-01   0.00000E+00   0.10000E+00    0.50249E-02  -70.86         test_N_all          
.5400E+00    10.000  0.940E+01   0.53835E-01   0.00000E+00   0.10000E+00    0.50249E-02  -84.41         test_N_all          
.5500E+00    10.000  0.906E+01   0.50145E-01   0.00000E+00   0.10000E+00    0.50249E-02  -98.44         test_N_all          
.5600E+00    10.000  0.874E+01   0.46625E-01   0.00000E+00   0.10000E+00    0.50249E-02 -112.83         test_N_all          
.5700E+00    10.000  0.843E+01   0.43275E-01   0.00000E+00   0.10000E+00    0.50249E-02 -127.43         test_N_all          
.5800E+00    10.000  0.812E+01   0.40097E-01   0.00000E+00   0.10000E+00    0.50249E-02 -142.11         test_N_all          
.5900E+00    10.000  0.783E+01   0.37085E-01   0.00000E+00   0.10000E+00    0.50249E-02 -156.77         test_N_all          
.6000E+00    10.000  0.755E+01   0.34238E-01   0.00000E+00   0.10000E+00    0.17692E-02 *******         test_N_all          
.6100E+00    10.000  0.728E+01   0.31552E-01   0.00000E+00   0.10000E+00    0.50249E-02 -185.55         test_N_all          
.6200E+00    10.000  0.701E+01   0.29022E-01   0.00000E+00   0.10000E+00    0.50249E-02 -199.52         test_N_all          
.6300E+00    10.000  0.675E+01   0.26646E-01   0.00000E+00   0.10000E+00    0.50249E-02 -213.10         test_N_all          
.6400E+00    10.000  0.651E+01   0.24419E-01   0.00000E+00   0.10000E+00    0.50249E-02 -226.24         test_N_all          
.6500E+00    10.000  0.627E+01   0.22334E-01   0.00000E+00   0.10000E+00    0.50249E-02 -238.89         test_N_all          
.6600E+00    10.000  0.603E+01   0.20387E-01   0.00000E+00   0.10000E+00    0.50249E-02 -251.02         test_N_all          
.6700E+00    10.000  0.581E+01   0.18573E-01   0.00000E+00   0.10000E+00    0.50249E-02 -262.59         test_N_all          
.6800E+00    10.000  0.559E+01   0.16885E-01   0.00000E+00   0.10000E+00    0.50249E-02 -273.59         test_N_all          
.6900E+00    10.000  0.537E+01   0.15318E-01   0.00000E+00   0.10000E+00    0.50249E-02 -284.00         test_N_all          
.7000E+00    10.000  0.517E+01   0.13867E-01   0.00000E+00   0.10000E+00    0.17692E-02 *******         test_N_all          
.7100E+00    10.000  0.497E+01   0.12525E-01   0.00000E+00   0.10000E+00    0.50249E-02 -303.04         test_N_all          
.7200E+00    10.000  0.477E+01   0.11287E-01   0.00000E+00   0.10000E+00    0.50249E-02 -311.69         test_N_all          
.7300E+00    10.000  0.458E+01   0.10147E-01   0.00000E+00   0.10000E+00    0.50249E-02 -319.75         test_N_all          
.7400E+00    10.000  0.440E+01   0.90987E-02   0.00000E+00   0.10000E+00    0.50249E-02 -327.25         test_N_all          
.7500E+00    10.000  0.422E+01   0.81375E-02   0.00000E+00   0.10000E+00    0.50249E-02 -334.21         test_N_all          
.7600E+00    10.000  0.404E+01   0.72585E-02   0.00000E+00   0.10000E+00    0.50249E-02 -340.63         test_N_all          
.7700E+00    10.000  0.387E+01   0.64550E-02   0.00000E+00   0.10000E+00    0.50249E-02 -346.56         test_N_all          
.7800E+00    10.000  0.370E+01   0.57230E-02   0.00000E+00   0.10000E+00    0.50249E-02 -352.01         test_N_all          
.7900E+00    10.000  0.354E+01   0.50582E-02   0.00000E+00   0.10000E+00    0.50249E-02 -356.99         test_N_all          
.8000E+00    10.000  0.338E+01   0.44543E-02   0.00000E+00   0.10000E+00    0.17692E-02 *******         test_N_all          
.8100E+00    10.000  0.323E+01   0.39084E-02   0.00000E+00   0.10000E+00    0.50249E-02 -365.69         test_N_all          
.8200E+00    10.000  0.308E+01   0.34164E-02   0.00000E+00   0.10000E+00    0.50249E-02 -369.44         test_N_all          
.8300E+00    10.000  0.293E+01   0.29727E-02   0.00000E+00   0.10000E+00    0.50249E-02 -372.84         test_N_all          
.8400E+00    10.000  0.279E+01   0.25751E-02   0.00000E+00   0.10000E+00    0.50249E-02 -375.91         test_N_all          
.8500E+00    10.000  0.265E+01   0.22198E-02   0.00000E+00   0.10000E+00    0.50249E-02 -378.65         test_N_all          
.8600E+00    10.000  0.251E+01   0.19026E-02   0.00000E+00   0.10000E+00    0.50249E-02 -381.11         test_N_all          
.8700E+00    10.000  0.238E+01   0.16213E-02   0.00000E+00   0.10000E+00    0.50249E-02 -383.30         test_N_all          
.8800E+00    10.000  0.225E+01   0.13729E-02   0.00000E+00   0.10000E+00    0.50249E-02 -385.24         test_N_all          
.8900E+00    10.000  0.212E+01   0.11536E-02   0.00000E+00   0.10000E+00    0.50249E-02 -386.95         test_N_all          
.9000E+00    10.000  0.199E+01   0.96190E-03   0.00000E+00   0.10000E+00    0.17692E-02 *******         test_N_all          
.9100E+00    10.000  0.187E+01   0.79527E-03   0.00000E+00   0.10000E+00    0.50249E-02 -389.77         test_N_all          
.9200E+00    10.000  0.175E+01   0.65049E-03   0.00000E+00   0.10000E+00    0.50249E-02 -390.90         test_N_all          
.9300E+00    10.000  0.163E+01   0.52633E-03   0.00000E+00   0.10000E+00    0.50249E-02 -391.88         test_N_all          
.9400E+00    10.000  0.152E+01   0.42087E-03   0.00000E+00   0.10000E+00    0.50249E-02 -392.71         test_N_all          
.9500E+00    10.000  0.141E+01   0.33127E-03   0.00000E+00   0.10000E+00    0.50249E-02 -393.42         test_N_all          
.9600E+00    10.000  0.130E+01   0.25659E-03   0.00000E+00   0.10000E+00    0.50249E-02 -394.01         test_N_all          
.9700E+00    10.000  0.119E+01   0.19534E-03   0.00000E+00   0.10000E+00    0.50249E-02 -394.49         test_N_all          
.9800E+00    10.000  0.109E+01   0.14497E-03   0.00000E+00   0.10000E+00    0.50249E-02 -394.89         test_N_all          
.9900E+00    10.000  0.983E+00   0.10485E-03   0.00000E+00   0.10000E+00    0.50249E-02 -395.21         test_N_all          
.1000E+01    10.000  0.882E+00   0.73760E-04   0.00000E+00   0.10000E+00    0.50249E-02 -395.46         test_N_all          
.1000E-01    20.000  0.198E+04   0.60564E+00   0.00000E+00   0.10000E+00    0.50249E-02 *******         test_N_all          
.2000E-01    20.000  0.981E+03   0.50506E+00   0.00000E+00   0.10000E+00    0.50249E-02 6497.99         test_N_all          
.3000E-01    20.000  0.648E+03   0.45210E+00   0.00000E+00   0.10000E+00    0.50249E-02 4909.92         test_N_all          
.4000E-01    20.000  0.481E+03   0.42289E+00   0.00000E+00   0.10000E+00    0.50249E-02 4128.94         test_N_all          
.5000E-01    20.000  0.381E+03   0.39848E+00   0.00000E+00   0.10000E+00    0.50249E-02 3528.32         test_N_all          
.6000E-01    20.000  0.314E+03   0.38106E+00   0.00000E+00   0.10000E+00    0.50249E-02 3128.50         test_N_all          
.7000E-01    20.000  0.267E+03   0.36552E+00   0.00000E+00   0.10000E+00    0.50249E-02 2792.18         test_N_all          
.8000E-01    20.000  0.231E+03   0.35262E+00   0.00000E+00   0.10000E+00    0.50249E-02 2527.31         test_N_all          
.9000E-01    20.000  0.203E+03   0.34070E+00   0.00000E+00   0.10000E+00    0.50249E-02 2294.55         test_N_all          
.1000E+00    20.000  0.181E+03   0.32987E+00   0.00000E+00   0.10000E+00    0.50249E-02 2092.74         test_N_all          
.1100E+00    20.000  0.163E+03   0.31952E+00   0.00000E+00   0.10000E+00    0.50249E-02 1908.45         test_N_all          
.1200E+00    20.000  0.148E+03   0.30969E+00   0.00000E+00   0.10000E+00    0.50249E-02 1741.41         test_N_all          
.1300E+00    20.000  0.135E+03   0.30027E+00   0.00000E+00   0.10000E+00    0.50249E-02 1588.37         test_N_all          
.1400E+00    20.000  0.124E+03   0.29110E+00   0.00000E+00   0.10000E+00    0.50249E-02 1446.29         test_N_all          
.1500E+00    20.000  0.114E+03   0.28224E+00   0.00000E+00   0.10000E+00    0.50249E-02 1315.29         test_N_all          
.1600E+00    20.000  0.106E+03   0.27360E+00   0.00000E+00   0.10000E+00    0.50249E-02 1193.54         test_N_all          
.1700E+00    20.000  0.985E+02   0.26520E+00   0.00000E+00   0.10000E+00    0.50249E-02 1080.81         test_N_all          
.1800E+00    20.000  0.920E+02   0.25702E+00   0.00000E+00   0.10000E+00    0.50249E-02  976.42         test_N_all          
.1900E+00    20.000  0.861E+02   0.24904E+00   0.00000E+00   0.10000E+00    0.50249E-02  879.67         test_N_all          
.2000E+00    20.000  0.809E+02   0.24125E+00   0.00000E+00   0.10000E+00    0.50249E-02  790.19         test_N_all          
.2100E+00    20.000  0.761E+02   0.23364E+00   0.00000E+00   0.10000E+00    0.50249E-02  707.33         test_N_all          
.2200E+00    20.000  0.718E+02   0.22620E+00   0.00000E+00   0.10000E+00    0.50249E-02  630.74         test_N_all          
.2300E+00    20.000  0.678E+02   0.21891E+00   0.00000E+00   0.10000E+00    0.50249E-02  559.99         test_N_all          
.2400E+00    20.000  0.642E+02   0.21176E+00   0.00000E+00   0.10000E+00    0.50249E-02  494.65         test_N_all          
.2500E+00    20.000  0.609E+02   0.20474E+00   0.00000E+00   0.10000E+00    0.50249E-02  434.46         test_N_all          
.2600E+00    20.000  0.578E+02   0.19783E+00   0.00000E+00   0.10000E+00    0.50249E-02  379.01         test_N_all          
.2700E+00    20.000  0.550E+02   0.19102E+00   0.00000E+00   0.10000E+00    0.50249E-02  328.11         test_N_all          
.2800E+00    20.000  0.523E+02   0.18431E+00   0.00000E+00   0.10000E+00    0.50249E-02  281.53         test_N_all          
.2900E+00    20.000  0.498E+02   0.17769E+00   0.00000E+00   0.10000E+00    0.50249E-02  239.01         test_N_all          
.3000E+00    20.000  0.475E+02   0.17114E+00   0.00000E+00   0.10000E+00    0.18868E-02 1421.57         test_N_all          
.3100E+00    20.000  0.454E+02   0.16468E+00   0.00000E+00   0.10000E+00    0.50249E-02  165.67         test_N_all          
.3200E+00    20.000  0.434E+02   0.15829E+00   0.00000E+00   0.10000E+00    0.50249E-02  134.57         test_N_all          
.3300E+00    20.000  0.415E+02   0.15198E+00   0.00000E+00   0.10000E+00    0.50249E-02  107.01         test_N_all          
.3400E+00    20.000  0.397E+02   0.14574E+00   0.00000E+00   0.10000E+00    0.50249E-02   82.87         test_N_all          
.3500E+00    20.000  0.380E+02   0.13958E+00   0.00000E+00   0.10000E+00    0.50249E-02   62.06         test_N_all          
.3600E+00    20.000  0.364E+02   0.13351E+00   0.00000E+00   0.10000E+00    0.50249E-02   44.46         test_N_all          
.3700E+00    20.000  0.349E+02   0.12752E+00   0.00000E+00   0.10000E+00    0.50249E-02   29.99         test_N_all          
.3800E+00    20.000  0.335E+02   0.12162E+00   0.00000E+00   0.10000E+00    0.50249E-02   18.51         test_N_all          
.3900E+00    20.000  0.322E+02   0.11583E+00   0.00000E+00   0.10000E+00    0.50249E-02    9.92         test_N_all          
.4000E+00    20.000  0.309E+02   0.11014E+00   0.00000E+00   0.10000E+00    0.17692E-02   32.84         test_N_all          
.4100E+00    20.000  0.297E+02   0.10457E+00   0.00000E+00   0.10000E+00    0.50249E-02    0.83         test_N_all          
.4200E+00    20.000  0.285E+02   0.99120E-01   0.00000E+00   0.10000E+00    0.50249E-02   -0.03         test_N_all          
.4300E+00    20.000  0.274E+02   0.93802E-01   0.00000E+00   0.10000E+00    0.50249E-02   -1.52         test_N_all          
.4400E+00    20.000  0.263E+02   0.88625E-01   0.00000E+00   0.10000E+00    0.50249E-02   -5.12         test_N_all          
.4500E+00    20.000  0.253E+02   0.83591E-01   0.00000E+00   0.10000E+00    0.50249E-02  -10.66         test_N_all          
.4600E+00    20.000  0.244E+02   0.78709E-01   0.00000E+00   0.10000E+00    0.50249E-02  -17.95         test_N_all          
.4700E+00    20.000  0.234E+02   0.73986E-01   0.00000E+00   0.10000E+00    0.50249E-02  -26.80         test_N_all          
.4800E+00    20.000  0.225E+02   0.69421E-01   0.00000E+00   0.10000E+00    0.50249E-02  -37.03         test_N_all          
.4900E+00    20.000  0.217E+02   0.65025E-01   0.00000E+00   0.10000E+00    0.50249E-02  -48.44         test_N_all          
.5000E+00    20.000  0.209E+02   0.60797E-01   0.00000E+00   0.10000E+00    0.17692E-02 -491.01         test_N_all          
.5100E+00    20.000  0.201E+02   0.56739E-01   0.00000E+00   0.10000E+00    0.50249E-02  -74.12         test_N_all          
.5200E+00    20.000  0.193E+02   0.52856E-01   0.00000E+00   0.10000E+00    0.50249E-02  -88.02         test_N_all          
.5300E+00    20.000  0.186E+02   0.49145E-01   0.00000E+00   0.10000E+00    0.50249E-02 -102.42         test_N_all          
.5400E+00    20.000  0.179E+02   0.45610E-01   0.00000E+00   0.10000E+00    0.50249E-02 -117.16         test_N_all          
.5500E+00    20.000  0.172E+02   0.42247E-01   0.00000E+00   0.10000E+00    0.50249E-02 -132.09         test_N_all          
.5600E+00    20.000  0.166E+02   0.39056E-01   0.00000E+00   0.10000E+00    0.50249E-02 -147.10         test_N_all          
.5700E+00    20.000  0.160E+02   0.36036E-01   0.00000E+00   0.10000E+00    0.50249E-02 -162.04         test_N_all          
.5800E+00    20.000  0.154E+02   0.33182E-01   0.00000E+00   0.10000E+00    0.50249E-02 -176.82         test_N_all          
.5900E+00    20.000  0.148E+02   0.30492E-01   0.00000E+00   0.10000E+00    0.50249E-02 -191.34         test_N_all          
.6000E+00    20.000  0.142E+02   0.27962E-01   0.00000E+00   0.10000E+00    0.17692E-02 *******         test_N_all          
.6100E+00    20.000  0.137E+02   0.25587E-01   0.00000E+00   0.10000E+00    0.50249E-02 -219.30         test_N_all          
.6200E+00    20.000  0.131E+02   0.23365E-01   0.00000E+00   0.10000E+00    0.50249E-02 -232.59         test_N_all          
.6300E+00    20.000  0.126E+02   0.21288E-01   0.00000E+00   0.10000E+00    0.50249E-02 -245.37         test_N_all          
.6400E+00    20.000  0.121E+02   0.19352E-01   0.00000E+00   0.10000E+00    0.50249E-02 -257.59         test_N_all          
.6500E+00    20.000  0.117E+02   0.17551E-01   0.00000E+00   0.10000E+00    0.50249E-02 -269.22         test_N_all          
.6600E+00    20.000  0.112E+02   0.15880E-01   0.00000E+00   0.10000E+00    0.50249E-02 -280.25         test_N_all          
.6700E+00    20.000  0.107E+02   0.14332E-01   0.00000E+00   0.10000E+00    0.50249E-02 -290.65         test_N_all          
.6800E+00    20.000  0.103E+02   0.12902E-01   0.00000E+00   0.10000E+00    0.50249E-02 -300.44         test_N_all          
.6900E+00    20.000  0.987E+01   0.11584E-01   0.00000E+00   0.10000E+00    0.50249E-02 -309.60         test_N_all          
.7000E+00    20.000  0.945E+01   0.10372E-01   0.00000E+00   0.10000E+00    0.17692E-02 *******         test_N_all          
.7100E+00    20.000  0.905E+01   0.92601E-02   0.00000E+00   0.10000E+00    0.50249E-02 -326.09         test_N_all          
.7200E+00    20.000  0.866E+01   0.82424E-02   0.00000E+00   0.10000E+00    0.50249E-02 -333.44         test_N_all          
.7300E+00    20.000  0.828E+01   0.73127E-02   0.00000E+00   0.10000E+00    0.50249E-02 -340.24         test_N_all          
.7400E+00    20.000  0.791E+01   0.64665E-02   0.00000E+00   0.10000E+00    0.50249E-02 -346.48         test_N_all          
.7500E+00    20.000  0.755E+01   0.56975E-02   0.00000E+00   0.10000E+00    0.50249E-02 -352.20         test_N_all          
.7600E+00    20.000  0.720E+01   0.50007E-02   0.00000E+00   0.10000E+00    0.50249E-02 -357.42         test_N_all          
.7700E+00    20.000  0.686E+01   0.43719E-02   0.00000E+00   0.10000E+00    0.50249E-02 -362.17         test_N_all          
.7800E+00    20.000  0.652E+01   0.38046E-02   0.00000E+00   0.10000E+00    0.50249E-02 -366.48         test_N_all          
.7900E+00    20.000  0.620E+01   0.32956E-02   0.00000E+00   0.10000E+00    0.50249E-02 -370.37         test_N_all          
.8000E+00    20.000  0.588E+01   0.28405E-02   0.00000E+00   0.10000E+00    0.17692E-02 *******         test_N_all          
.8100E+00    20.000  0.557E+01   0.24341E-02   0.00000E+00   0.10000E+00    0.50249E-02 -376.99         test_N_all          
.8200E+00    20.000  0.527E+01   0.20738E-02   0.00000E+00   0.10000E+00    0.50249E-02 -379.78         test_N_all          
.8300E+00    20.000  0.498E+01   0.17546E-02   0.00000E+00   0.10000E+00    0.50249E-02 -382.26         test_N_all          
.8400E+00    20.000  0.469E+01   0.14737E-02   0.00000E+00   0.10000E+00    0.50249E-02 -384.45         test_N_all          
.8500E+00    20.000  0.441E+01   0.12283E-02   0.00000E+00   0.10000E+00    0.50249E-02 -386.37         test_N_all          
.8600E+00    20.000  0.414E+01   0.10139E-02   0.00000E+00   0.10000E+00    0.50249E-02 -388.05         test_N_all          
.8700E+00    20.000  0.387E+01   0.82865E-03   0.00000E+00   0.10000E+00    0.50249E-02 -389.50         test_N_all          
.8800E+00    20.000  0.361E+01   0.66994E-03   0.00000E+00   0.10000E+00    0.50249E-02 -390.75         test_N_all          
.8900E+00    20.000  0.335E+01   0.53415E-03   0.00000E+00   0.10000E+00    0.50249E-02 -391.82         test_N_all          
.9000E+00    20.000  0.310E+01   0.41990E-03   0.00000E+00   0.10000E+00    0.17692E-02 *******         test_N_all          
.9100E+00    20.000  0.286E+01   0.32467E-03   0.00000E+00   0.10000E+00    0.50249E-02 -393.47         test_N_all          
.9200E+00    20.000  0.262E+01   0.24585E-03   0.00000E+00   0.10000E+00    0.50249E-02 -394.09         test_N_all          
.9300E+00    20.000  0.239E+01   0.18219E-03   0.00000E+00   0.10000E+00    0.50249E-02 -394.60         test_N_all          
.9400E+00    20.000  0.216E+01   0.13129E-03   0.00000E+00   0.10000E+00    0.50249E-02 -395.00         test_N_all          
.9500E+00    20.000  0.193E+01   0.91387E-04   0.00000E+00   0.10000E+00    0.50249E-02 -395.32         test_N_all          
.9600E+00    20.000  0.172E+01   0.61394E-04   0.00000E+00   0.10000E+00    0.50249E-02 -395.55         test_N_all          
.9700E+00    20.000  0.150E+01   0.38915E-04   0.00000E+00   0.10000E+00    0.50249E-02 -395.73         test_N_all          
.9800E+00    20.000  0.129E+01   0.23044E-04   0.00000E+00   0.10000E+00    0.50249E-02 -395.86         test_N_all          
.9900E+00    20.000  0.108E+01   0.12824E-04   0.00000E+00   0.10000E+00    0.50249E-02 -395.94         test_N_all          
.1000E+01    20.000  0.882E+00   0.59293E-05   0.00000E+00   0.10000E+00    0.50249E-02 -395.99         test_N_all          
.1000E+00    50.000  0.451E+03   0.33257E+00   0.00000E+00   0.10000E+00    0.50249E-02 2142.07         test_N_all          
.1100E+00    50.000  0.405E+03   0.31978E+00   0.00000E+00   0.10000E+00    0.50249E-02 1912.98         test_N_all          
.1200E+00    50.000  0.368E+03   0.30792E+00   0.00000E+00   0.10000E+00    0.50249E-02 1712.16         test_N_all          
.1300E+00    50.000  0.335E+03   0.29678E+00   0.00000E+00   0.10000E+00    0.50249E-02 1533.60         test_N_all          
.1400E+00    50.000  0.308E+03   0.28614E+00   0.00000E+00   0.10000E+00    0.50249E-02 1372.22         test_N_all          
.1500E+00    50.000  0.284E+03   0.27604E+00   0.00000E+00   0.10000E+00    0.50249E-02 1227.36         test_N_all          
.1600E+00    50.000  0.263E+03   0.26632E+00   0.00000E+00   0.10000E+00    0.50249E-02 1095.54         test_N_all          
.1700E+00    50.000  0.245E+03   0.25699E+00   0.00000E+00   0.10000E+00    0.50249E-02  976.13         test_N_all          
.1800E+00    50.000  0.229E+03   0.24802E+00   0.00000E+00   0.10000E+00    0.50249E-02  867.70         test_N_all          
.1900E+00    50.000  0.214E+03   0.23934E+00   0.00000E+00   0.10000E+00    0.50249E-02  768.94         test_N_all          
.2000E+00    50.000  0.201E+03   0.23096E+00   0.00000E+00   0.10000E+00    0.50249E-02  679.20         test_N_all          
.2100E+00    50.000  0.189E+03   0.22282E+00   0.00000E+00   0.10000E+00    0.50249E-02  597.37         test_N_all          
.2200E+00    50.000  0.178E+03   0.21491E+00   0.00000E+00   0.10000E+00    0.50249E-02  522.95         test_N_all          
.2300E+00    50.000  0.168E+03   0.20722E+00   0.00000E+00   0.10000E+00    0.50249E-02  455.29         test_N_all          
.2400E+00    50.000  0.159E+03   0.19971E+00   0.00000E+00   0.10000E+00    0.50249E-02  393.78         test_N_all          
.2500E+00    50.000  0.151E+03   0.19239E+00   0.00000E+00   0.10000E+00    0.50249E-02  338.07         test_N_all          
.2600E+00    50.000  0.143E+03   0.18522E+00   0.00000E+00   0.10000E+00    0.50249E-02  287.60         test_N_all          
.2700E+00    50.000  0.136E+03   0.17819E+00   0.00000E+00   0.10000E+00    0.50249E-02  242.14         test_N_all          
.2800E+00    50.000  0.129E+03   0.17130E+00   0.00000E+00   0.10000E+00    0.50249E-02  201.35         test_N_all          
.2900E+00    50.000  0.123E+03   0.16454E+00   0.00000E+00   0.10000E+00    0.50249E-02  164.94         test_N_all          
.3000E+00    50.000  0.118E+03   0.15789E+00   0.00000E+00   0.10000E+00    0.18868E-02  941.41         test_N_all          
.3100E+00    50.000  0.112E+03   0.15136E+00   0.00000E+00   0.10000E+00    0.50249E-02  104.45         test_N_all          
.3200E+00    50.000  0.107E+03   0.14493E+00   0.00000E+00   0.10000E+00    0.50249E-02   79.95         test_N_all          
.3300E+00    50.000  0.102E+03   0.13862E+00   0.00000E+00   0.10000E+00    0.50249E-02   59.07         test_N_all          
.3400E+00    50.000  0.979E+02   0.13241E+00   0.00000E+00   0.10000E+00    0.50249E-02   41.61         test_N_all          
.3500E+00    50.000  0.937E+02   0.12632E+00   0.00000E+00   0.10000E+00    0.50249E-02   27.45         test_N_all          
.3600E+00    50.000  0.898E+02   0.12035E+00   0.00000E+00   0.10000E+00    0.50249E-02   16.40         test_N_all          
.3700E+00    50.000  0.860E+02   0.11449E+00   0.00000E+00   0.10000E+00    0.50249E-02    8.32         test_N_all          
.3800E+00    50.000  0.825E+02   0.10876E+00   0.00000E+00   0.10000E+00    0.50249E-02    3.04         test_N_all          
.3900E+00    50.000  0.791E+02   0.10316E+00   0.00000E+00   0.10000E+00    0.50249E-02    0.40         test_N_all          
.4000E+00    50.000  0.759E+02   0.97699E-01   0.00000E+00   0.10000E+00    0.17692E-02   -1.69         test_N_all          
.4100E+00    50.000  0.728E+02   0.92379E-01   0.00000E+00   0.10000E+00    0.50249E-02   -2.30         test_N_all          
.4200E+00    50.000  0.699E+02   0.87204E-01   0.00000E+00   0.10000E+00    0.50249E-02   -6.48         test_N_all          
.4300E+00    50.000  0.672E+02   0.82182E-01   0.00000E+00   0.10000E+00    0.50249E-02  -12.57         test_N_all          
.4400E+00    50.000  0.645E+02   0.77318E-01   0.00000E+00   0.10000E+00    0.50249E-02  -20.38         test_N_all          
.4500E+00    50.000  0.620E+02   0.72614E-01   0.00000E+00   0.10000E+00    0.50249E-02  -29.70         test_N_all          
.4600E+00    50.000  0.596E+02   0.68077E-01   0.00000E+00   0.10000E+00    0.50249E-02  -40.36         test_N_all          
.4700E+00    50.000  0.573E+02   0.63709E-01   0.00000E+00   0.10000E+00    0.50249E-02  -52.16         test_N_all          
.4800E+00    50.000  0.550E+02   0.59511E-01   0.00000E+00   0.10000E+00    0.50249E-02  -64.93         test_N_all          
.4900E+00    50.000  0.529E+02   0.55488E-01   0.00000E+00   0.10000E+00    0.50249E-02  -78.47         test_N_all          
.5000E+00    50.000  0.509E+02   0.51639E-01   0.00000E+00   0.10000E+00    0.17692E-02 -747.22         test_N_all          
.5100E+00    50.000  0.489E+02   0.47965E-01   0.00000E+00   0.10000E+00    0.50249E-02 -107.23         test_N_all          
.5200E+00    50.000  0.470E+02   0.44466E-01   0.00000E+00   0.10000E+00    0.50249E-02 -122.14         test_N_all          
.5300E+00    50.000  0.452E+02   0.41140E-01   0.00000E+00   0.10000E+00    0.50249E-02 -137.21         test_N_all          
.5400E+00    50.000  0.435E+02   0.37988E-01   0.00000E+00   0.10000E+00    0.50249E-02 -152.30         test_N_all          
.5500E+00    50.000  0.418E+02   0.35004E-01   0.00000E+00   0.10000E+00    0.50249E-02 -167.31         test_N_all          
.5600E+00    50.000  0.402E+02   0.32188E-01   0.00000E+00   0.10000E+00    0.50249E-02 -182.12         test_N_all          
.5700E+00    50.000  0.386E+02   0.29535E-01   0.00000E+00   0.10000E+00    0.50249E-02 -196.64         test_N_all          
.5800E+00    50.000  0.371E+02   0.27042E-01   0.00000E+00   0.10000E+00    0.50249E-02 -210.81         test_N_all          
.5900E+00    50.000  0.356E+02   0.24705E-01   0.00000E+00   0.10000E+00    0.50249E-02 -224.53         test_N_all          
.6000E+00    50.000  0.342E+02   0.22519E-01   0.00000E+00   0.10000E+00    0.17692E-02 *******         test_N_all          
.6100E+00    50.000  0.328E+02   0.20478E-01   0.00000E+00   0.10000E+00    0.50249E-02 -250.45         test_N_all          
.6200E+00    50.000  0.315E+02   0.18578E-01   0.00000E+00   0.10000E+00    0.50249E-02 -262.56         test_N_all          
.6300E+00    50.000  0.302E+02   0.16812E-01   0.00000E+00   0.10000E+00    0.50249E-02 -274.07         test_N_all          
.6400E+00    50.000  0.290E+02   0.15176E-01   0.00000E+00   0.10000E+00    0.50249E-02 -284.96         test_N_all          
.6500E+00    50.000  0.278E+02   0.13662E-01   0.00000E+00   0.10000E+00    0.50249E-02 -295.22         test_N_all          
.6600E+00    50.000  0.266E+02   0.12266E-01   0.00000E+00   0.10000E+00    0.50249E-02 -304.84         test_N_all          
.6700E+00    50.000  0.255E+02   0.10982E-01   0.00000E+00   0.10000E+00    0.50249E-02 -313.83         test_N_all          
.6800E+00    50.000  0.244E+02   0.98028E-02   0.00000E+00   0.10000E+00    0.50249E-02 -322.20         test_N_all          
.6900E+00    50.000  0.233E+02   0.87226E-02   0.00000E+00   0.10000E+00    0.50249E-02 -329.96         test_N_all          
.7000E+00    50.000  0.223E+02   0.77365E-02   0.00000E+00   0.10000E+00    0.17692E-02 *******         test_N_all          
.7100E+00    50.000  0.213E+02   0.68384E-02   0.00000E+00   0.10000E+00    0.50249E-02 -343.73         test_N_all          
.7200E+00    50.000  0.203E+02   0.60220E-02   0.00000E+00   0.10000E+00    0.50249E-02 -349.78         test_N_all          
.7300E+00    50.000  0.194E+02   0.52831E-02   0.00000E+00   0.10000E+00    0.50249E-02 -355.30         test_N_all          
.7400E+00    50.000  0.184E+02   0.46153E-02   0.00000E+00   0.10000E+00    0.50249E-02 -360.33         test_N_all          
.7500E+00    50.000  0.175E+02   0.40141E-02   0.00000E+00   0.10000E+00    0.50249E-02 -364.88         test_N_all          
.7600E+00    50.000  0.167E+02   0.34750E-02   0.00000E+00   0.10000E+00    0.50249E-02 -368.99         test_N_all          
.7700E+00    50.000  0.158E+02   0.29920E-02   0.00000E+00   0.10000E+00    0.50249E-02 -372.69         test_N_all          
.7800E+00    50.000  0.150E+02   0.25623E-02   0.00000E+00   0.10000E+00    0.50249E-02 -376.00         test_N_all          
.7900E+00    50.000  0.142E+02   0.21808E-02   0.00000E+00   0.10000E+00    0.50249E-02 -378.95         test_N_all          
.8000E+00    50.000  0.134E+02   0.18436E-02   0.00000E+00   0.10000E+00    0.17692E-02 *******         test_N_all          
.8100E+00    50.000  0.126E+02   0.15475E-02   0.00000E+00   0.10000E+00    0.50249E-02 -383.88         test_N_all          
.8200E+00    50.000  0.119E+02   0.12878E-02   0.00000E+00   0.10000E+00    0.50249E-02 -385.90         test_N_all          
.8300E+00    50.000  0.111E+02   0.10624E-02   0.00000E+00   0.10000E+00    0.50249E-02 -387.67         test_N_all          
.8400E+00    50.000  0.104E+02   0.86766E-03   0.00000E+00   0.10000E+00    0.50249E-02 -389.20         test_N_all          
.8500E+00    50.000  0.971E+01   0.70029E-03   0.00000E+00   0.10000E+00    0.50249E-02 -390.51         test_N_all          
.8600E+00    50.000  0.902E+01   0.55840E-03   0.00000E+00   0.10000E+00    0.50249E-02 -391.63         test_N_all          
.8700E+00    50.000  0.835E+01   0.43838E-03   0.00000E+00   0.10000E+00    0.50249E-02 -392.57         test_N_all          
.8800E+00    50.000  0.770E+01   0.33848E-03   0.00000E+00   0.10000E+00    0.50249E-02 -393.36         test_N_all          
.8900E+00    50.000  0.706E+01   0.25652E-03   0.00000E+00   0.10000E+00    0.50249E-02 -394.01         test_N_all          
.9000E+00    50.000  0.644E+01   0.18966E-03   0.00000E+00   0.10000E+00    0.17692E-02 *******         test_N_all          
.9100E+00    50.000  0.583E+01   0.13672E-03   0.00000E+00   0.10000E+00    0.50249E-02 -394.96         test_N_all          
.9200E+00    50.000  0.523E+01   0.95302E-04   0.00000E+00   0.10000E+00    0.50249E-02 -395.29         test_N_all          
.9300E+00    50.000  0.465E+01   0.63727E-04   0.00000E+00   0.10000E+00    0.50249E-02 -395.53         test_N_all          
.9400E+00    50.000  0.407E+01   0.40858E-04   0.00000E+00   0.10000E+00    0.50249E-02 -395.72         test_N_all          
.9500E+00    50.000  0.351E+01   0.24181E-04   0.00000E+00   0.10000E+00    0.50249E-02 -395.85         test_N_all          
.9600E+00    50.000  0.297E+01   0.13221E-04   0.00000E+00   0.10000E+00    0.50249E-02 -395.93         test_N_all          
.9700E+00    50.000  0.243E+01   0.64848E-05   0.00000E+00   0.10000E+00    0.50249E-02 -395.99         test_N_all          
.9800E+00    50.000  0.190E+01   0.24745E-05   0.00000E+00   0.10000E+00    0.50249E-02 -396.02         test_N_all          
.9900E+00    50.000  0.139E+01   0.82702E-06   0.00000E+00   0.10000E+00    0.50249E-02 -396.03         test_N_all          
.1000E+01    50.000  0.882E+00   0.63378E-06   0.00000E+00   0.10000E+00    0.50249E-02 -396.03         test_N_all          
.1000E+00   100.000  0.901E+03   0.33339E+00   0.00000E+00   0.10000E+00    0.50249E-02 2157.32         test_N_all          
.1100E+00   100.000  0.810E+03   0.31908E+00   0.00000E+00   0.10000E+00    0.50249E-02 1900.82         test_N_all          
.1200E+00   100.000  0.734E+03   0.30596E+00   0.00000E+00   0.10000E+00    0.50249E-02 1680.04         test_N_all          
.1300E+00   100.000  0.670E+03   0.29377E+00   0.00000E+00   0.10000E+00    0.50249E-02 1486.99         test_N_all          
.1400E+00   100.000  0.615E+03   0.28223E+00   0.00000E+00   0.10000E+00    0.50249E-02 1315.12         test_N_all          
.1500E+00   100.000  0.568E+03   0.27138E+00   0.00000E+00   0.10000E+00    0.50249E-02 1163.20         test_N_all          
.1600E+00   100.000  0.526E+03   0.26100E+00   0.00000E+00   0.10000E+00    0.50249E-02 1026.62         test_N_all          
.1700E+00   100.000  0.489E+03   0.25112E+00   0.00000E+00   0.10000E+00    0.50249E-02  904.50         test_N_all          
.1800E+00   100.000  0.456E+03   0.24167E+00   0.00000E+00   0.10000E+00    0.50249E-02  794.91         test_N_all          
.1900E+00   100.000  0.427E+03   0.23258E+00   0.00000E+00   0.10000E+00    0.50249E-02  696.18         test_N_all          
.2000E+00   100.000  0.401E+03   0.22385E+00   0.00000E+00   0.10000E+00    0.50249E-02  607.51         test_N_all          
.2100E+00   100.000  0.377E+03   0.21541E+00   0.00000E+00   0.10000E+00    0.50249E-02  527.47         test_N_all          
.2200E+00   100.000  0.355E+03   0.20724E+00   0.00000E+00   0.10000E+00    0.50249E-02  455.48         test_N_all          
.2300E+00   100.000  0.336E+03   0.19933E+00   0.00000E+00   0.10000E+00    0.50249E-02  390.74         test_N_all          
.2400E+00   100.000  0.318E+03   0.19163E+00   0.00000E+00   0.10000E+00    0.50249E-02  332.54         test_N_all          
.2500E+00   100.000  0.301E+03   0.18415E+00   0.00000E+00   0.10000E+00    0.50249E-02  280.45         test_N_all          
.2600E+00   100.000  0.285E+03   0.17685E+00   0.00000E+00   0.10000E+00    0.50249E-02  233.87         test_N_all          
.2700E+00   100.000  0.271E+03   0.16972E+00   0.00000E+00   0.10000E+00    0.50249E-02  192.50         test_N_all          
.2800E+00   100.000  0.258E+03   0.16275E+00   0.00000E+00   0.10000E+00    0.50249E-02  155.96         test_N_all          
.2900E+00   100.000  0.246E+03   0.15593E+00   0.00000E+00   0.10000E+00    0.50249E-02  123.90         test_N_all          
.3000E+00   100.000  0.234E+03   0.14926E+00   0.00000E+00   0.10000E+00    0.18868E-02  681.66         test_N_all          
.3100E+00   100.000  0.223E+03   0.14272E+00   0.00000E+00   0.10000E+00    0.50249E-02   72.29         test_N_all          
.3200E+00   100.000  0.213E+03   0.13632E+00   0.00000E+00   0.10000E+00    0.50249E-02   52.24         test_N_all          
.3300E+00   100.000  0.204E+03   0.13005E+00   0.00000E+00   0.10000E+00    0.50249E-02   35.77         test_N_all          
.3400E+00   100.000  0.195E+03   0.12391E+00   0.00000E+00   0.10000E+00    0.50249E-02   22.65         test_N_all          
.3500E+00   100.000  0.187E+03   0.11791E+00   0.00000E+00   0.10000E+00    0.50249E-02   12.71         test_N_all          
.3600E+00   100.000  0.179E+03   0.11205E+00   0.00000E+00   0.10000E+00    0.50249E-02    5.75         test_N_all          
.3700E+00   100.000  0.171E+03   0.10632E+00   0.00000E+00   0.10000E+00    0.50249E-02    1.58         test_N_all          
.3800E+00   100.000  0.164E+03   0.10074E+00   0.00000E+00   0.10000E+00    0.50249E-02    0.02         test_N_all          
.3900E+00   100.000  0.157E+03   0.95300E-01   0.00000E+00   0.10000E+00    0.50249E-02   -0.87         test_N_all          
.4000E+00   100.000  0.151E+03   0.90015E-01   0.00000E+00   0.10000E+00    0.17692E-02  -31.85         test_N_all          
.4100E+00   100.000  0.145E+03   0.84888E-01   0.00000E+00   0.10000E+00    0.50249E-02   -9.04         test_N_all          
.4200E+00   100.000  0.139E+03   0.79920E-01   0.00000E+00   0.10000E+00    0.50249E-02  -15.97         test_N_all          
.4300E+00   100.000  0.133E+03   0.75116E-01   0.00000E+00   0.10000E+00    0.50249E-02  -24.52         test_N_all          
.4400E+00   100.000  0.128E+03   0.70481E-01   0.00000E+00   0.10000E+00    0.50249E-02  -34.51         test_N_all          
.4500E+00   100.000  0.123E+03   0.66014E-01   0.00000E+00   0.10000E+00    0.50249E-02  -45.74         test_N_all          
.4600E+00   100.000  0.118E+03   0.61722E-01   0.00000E+00   0.10000E+00    0.50249E-02  -58.03         test_N_all          
.4700E+00   100.000  0.114E+03   0.57603E-01   0.00000E+00   0.10000E+00    0.50249E-02  -71.19         test_N_all          
.4800E+00   100.000  0.109E+03   0.53659E-01   0.00000E+00   0.10000E+00    0.50249E-02  -85.05         test_N_all          
.4900E+00   100.000  0.105E+03   0.49892E-01   0.00000E+00   0.10000E+00    0.50249E-02  -99.44         test_N_all          
.5000E+00   100.000  0.101E+03   0.46301E-01   0.00000E+00   0.10000E+00    0.17692E-02 -921.28         test_N_all          
.5100E+00   100.000  0.970E+02   0.42886E-01   0.00000E+00   0.10000E+00    0.50249E-02 -129.19         test_N_all          
.5200E+00   100.000  0.932E+02   0.39643E-01   0.00000E+00   0.10000E+00    0.50249E-02 -144.28         test_N_all          
.5300E+00   100.000  0.896E+02   0.36571E-01   0.00000E+00   0.10000E+00    0.50249E-02 -159.33         test_N_all          
.5400E+00   100.000  0.861E+02   0.33669E-01   0.00000E+00   0.10000E+00    0.50249E-02 -174.25         test_N_all          
.5500E+00   100.000  0.827E+02   0.30932E-01   0.00000E+00   0.10000E+00    0.50249E-02 -188.93         test_N_all          
.5600E+00   100.000  0.795E+02   0.28357E-01   0.00000E+00   0.10000E+00    0.50249E-02 -203.28         test_N_all          
.5700E+00   100.000  0.763E+02   0.25939E-01   0.00000E+00   0.10000E+00    0.50249E-02 -217.23         test_N_all          
.5800E+00   100.000  0.733E+02   0.23674E-01   0.00000E+00   0.10000E+00    0.50249E-02 -230.72         test_N_all          
.5900E+00   100.000  0.704E+02   0.21558E-01   0.00000E+00   0.10000E+00    0.50249E-02 -243.69         test_N_all          
.6000E+00   100.000  0.675E+02   0.19584E-01   0.00000E+00   0.10000E+00    0.17692E-02 *******         test_N_all          
.6100E+00   100.000  0.648E+02   0.17749E-01   0.00000E+00   0.10000E+00    0.50249E-02 -267.93         test_N_all          
.6200E+00   100.000  0.622E+02   0.16045E-01   0.00000E+00   0.10000E+00    0.50249E-02 -279.15         test_N_all          
.6300E+00   100.000  0.596E+02   0.14467E-01   0.00000E+00   0.10000E+00    0.50249E-02 -289.74         test_N_all          
.6400E+00   100.000  0.571E+02   0.13010E-01   0.00000E+00   0.10000E+00    0.50249E-02 -299.69         test_N_all          
.6500E+00   100.000  0.547E+02   0.11668E-01   0.00000E+00   0.10000E+00    0.50249E-02 -309.01         test_N_all          
.6600E+00   100.000  0.524E+02   0.10433E-01   0.00000E+00   0.10000E+00    0.50249E-02 -317.71         test_N_all          
.6700E+00   100.000  0.501E+02   0.93015E-02   0.00000E+00   0.10000E+00    0.50249E-02 -325.79         test_N_all          
.6800E+00   100.000  0.479E+02   0.82667E-02   0.00000E+00   0.10000E+00    0.50249E-02 -333.27         test_N_all          
.6900E+00   100.000  0.458E+02   0.73222E-02   0.00000E+00   0.10000E+00    0.50249E-02 -340.17         test_N_all          
.7000E+00   100.000  0.437E+02   0.64635E-02   0.00000E+00   0.10000E+00    0.17692E-02 *******         test_N_all          
.7100E+00   100.000  0.417E+02   0.56842E-02   0.00000E+00   0.10000E+00    0.50249E-02 -352.30         test_N_all          
.7200E+00   100.000  0.398E+02   0.49792E-02   0.00000E+00   0.10000E+00    0.50249E-02 -357.58         test_N_all          
.7300E+00   100.000  0.379E+02   0.43439E-02   0.00000E+00   0.10000E+00    0.50249E-02 -362.38         test_N_all          
.7400E+00   100.000  0.360E+02   0.37719E-02   0.00000E+00   0.10000E+00    0.50249E-02 -366.73         test_N_all          
.7500E+00   100.000  0.342E+02   0.32599E-02   0.00000E+00   0.10000E+00    0.50249E-02 -370.64         test_N_all          
.7600E+00   100.000  0.325E+02   0.28027E-02   0.00000E+00   0.10000E+00    0.50249E-02 -374.15         test_N_all          
.7700E+00   100.000  0.308E+02   0.23957E-02   0.00000E+00   0.10000E+00    0.50249E-02 -377.29         test_N_all          
.7800E+00   100.000  0.291E+02   0.20359E-02   0.00000E+00   0.10000E+00    0.50249E-02 -380.08         test_N_all          
.7900E+00   100.000  0.275E+02   0.17176E-02   0.00000E+00   0.10000E+00    0.50249E-02 -382.55         test_N_all          
.8000E+00   100.000  0.259E+02   0.14389E-02   0.00000E+00   0.10000E+00    0.17692E-02 *******         test_N_all          
.8100E+00   100.000  0.243E+02   0.11954E-02   0.00000E+00   0.10000E+00    0.50249E-02 -386.63         test_N_all          
.8200E+00   100.000  0.228E+02   0.98395E-03   0.00000E+00   0.10000E+00    0.50249E-02 -388.28         test_N_all          
.8300E+00   100.000  0.214E+02   0.80224E-03   0.00000E+00   0.10000E+00    0.50249E-02 -389.71         test_N_all          
.8400E+00   100.000  0.199E+02   0.64599E-03   0.00000E+00   0.10000E+00    0.50249E-02 -390.94         test_N_all          
.8500E+00   100.000  0.185E+02   0.51374E-03   0.00000E+00   0.10000E+00    0.50249E-02 -391.98         test_N_all          
.8600E+00   100.000  0.172E+02   0.40268E-03   0.00000E+00   0.10000E+00    0.50249E-02 -392.86         test_N_all          
.8700E+00   100.000  0.158E+02   0.31007E-03   0.00000E+00   0.10000E+00    0.50249E-02 -393.59         test_N_all          
.8800E+00   100.000  0.145E+02   0.23447E-03   0.00000E+00   0.10000E+00    0.50249E-02 -394.18         test_N_all          
.8900E+00   100.000  0.132E+02   0.17297E-03   0.00000E+00   0.10000E+00    0.50249E-02 -394.67         test_N_all          
.9000E+00   100.000  0.120E+02   0.12425E-03   0.00000E+00   0.10000E+00    0.17692E-02 *******         test_N_all          
.9100E+00   100.000  0.108E+02   0.86552E-04   0.00000E+00   0.10000E+00    0.50249E-02 -395.35         test_N_all          
.9200E+00   100.000  0.958E+01   0.57674E-04   0.00000E+00   0.10000E+00    0.50249E-02 -395.58         test_N_all          
.9300E+00   100.000  0.841E+01   0.36787E-04   0.00000E+00   0.10000E+00    0.50249E-02 -395.75         test_N_all          
.9400E+00   100.000  0.726E+01   0.21850E-04   0.00000E+00   0.10000E+00    0.50249E-02 -395.87         test_N_all          
.9500E+00   100.000  0.614E+01   0.11872E-04   0.00000E+00   0.10000E+00    0.50249E-02 -395.95         test_N_all          
.9600E+00   100.000  0.505E+01   0.59121E-05   0.00000E+00   0.10000E+00    0.50249E-02 -395.99         test_N_all          
.9700E+00   100.000  0.397E+01   0.22709E-05   0.00000E+00   0.10000E+00    0.50249E-02 -396.02         test_N_all          
.9800E+00   100.000  0.292E+01   0.73767E-06   0.00000E+00   0.10000E+00    0.50249E-02 -396.03         test_N_all          
.9900E+00   100.000  0.189E+01   0.52679E-06   0.00000E+00   0.10000E+00    0.50249E-02 -396.04         test_N_all          
.1000E+01   100.000  0.882E+00   0.71038E-06   0.00000E+00   0.10000E+00    0.50249E-02 -396.03         test_N_all          



 CHI SQUARE=******** FOR  582 POINTS   CHISQ/NPTS=  674.70
 Signed chisquare total =********
 Modified residual =********


Summary normalization chi2 contributions

 data set     normalization        error         chisq


Summary chi2 per data set

 data set                chisq    _w     signd    _w     resid     _w   npts   chisq/pts  _w
test_N_all            392677.3        113269.5        ********           582  674.70
------------------------------------------------------------------------------------
          TOTAL       392677.3392677.3113269.5     0.0****************   582  674.70  674.70
          TOTAL+norm  392677.3392677.3                                   582  674.70  674.70



            Momentum Sum Rule Check


      q2      alphas      xuv       xdv       xub       xdb       xsb       xcb       xbb      xglue     total
      1.69    0.3845    0.3191    0.1365    0.0571    0.0678    0.0250    0.0000    0.0000    0.3947    1.0002
    100.00    0.1784    0.2248    0.0962    0.0662    0.0737    0.0436    0.0260    0.0088    0.4580    0.9972
   1000.00    0.1407    0.0000    0.0000    0.0000    0.0000    0.0000    0.0000    0.0000    0.0000    0.0000
   8315.00    0.1180    0.0000    0.0000    0.0000    0.0000    0.0000    0.0000    0.0000    0.0000    0.0000


 Vector Boson Cross Sections

 sqrt(s)   sigma(W)    error    theory

   1960.     2.865     0.063       0.000     D0

   1960.     2.749     0.054       0.000     CDF

   7000.     9.95      0.29        0.000     CMS

   7000.     9.96      0.55        0.000     ATLAS

 sqrt(s)   sigma(Z)    error    theory

   1960.     .2649     .0094       0.000     D0

   1960.     .2549     .0057       0.000     CDF

   7000.     .931      0.035       0.000     CMS

   7000.     .82       0.08        0.000     ATLAS


