 No correlated errors used
 test_SK_D            DIS data with   1.00< Q2 < 0.100D+04 and 0.000 < xB < 1.000 and   0.90< W2 < 0.100D+10 and 0.000 < y < 1.000
 !! Use toy model F2 = (1-x)^3 !!
   WBA smearing    (test wf) (Bjorken limit) - freepar off-shell nuke corrections
  p_V <         1000  MeV, # of y nodes =         1000
   No TMC applied
   no HT corrections

# fitpack15: fit output
# CJ15 AV18 final data choices                                                 

Parametrization   7 used here

 Zero mass variable flavor scheme used here

 charm mass =     1.30 GeV     bottom mass =     4.50 GeV



 THIS IS A LEADING ORDER FIT

 Q02=    1.69
         1  LAMBDA                VALUE=   0.22680      WEIGHT=    0.0000    
         2  a0uv                  VALUE=   0.88819E-01  WEIGHT=    0.0000    
         3  a1uv                  VALUE=    0.0000      WEIGHT=   0.20395E-01
         4  a2uv                  VALUE=    3.0000      WEIGHT=   0.12297E-01
         5  a3uv                  VALUE=    0.0000      WEIGHT=    0.0000    
         6  a4uv                  VALUE=    0.0000      WEIGHT=   0.43683    
         7  a5uv                  VALUE=    0.0000      WEIGHT=    0.0000    
         8  a0dv                  VALUE=   0.44410E-01  WEIGHT=    0.0000    
         9  a1dv                  VALUE=    0.0000      WEIGHT=   0.33842E-01
        10  a2dv                  VALUE=    3.0000      WEIGHT=   0.15967    
        11  a3dv                  VALUE=    0.0000      WEIGHT=   0.87255E-01
        12  a4dv                  VALUE=    0.0000      WEIGHT=   0.14394    
        13  a5dv                  VALUE=    0.0000      WEIGHT=    0.0000    
        14  a0ud                  VALUE=    0.0000      WEIGHT=   0.50263E-02
        15  a1ud                  VALUE=    0.0000      WEIGHT=   0.37519E-02
        16  a2ud                  VALUE=    0.0000      WEIGHT=   0.18523    
        17  a3ud                  VALUE=    0.0000      WEIGHT=    0.0000    
        18  a4ud                  VALUE=    0.0000      WEIGHT=    1.2107    
        19  a5ud                  VALUE=    0.0000      WEIGHT=    0.0000    
        20  a0du                  VALUE=    0.0000      WEIGHT=    0.0000    
        21  a1du                  VALUE=    0.0000      WEIGHT=   0.71322E-01
        22  a2du                  VALUE=    0.0000      WEIGHT=   0.86082    
        23  a3du                  VALUE=    0.0000      WEIGHT=    0.0000    
        24  a4du                  VALUE=    0.0000      WEIGHT=    9.0827    
        25  a0g                   VALUE=    113.25      WEIGHT=    0.0000    
        26  a1g                   VALUE=   0.60307      WEIGHT=   0.31731E-01
        27  a2g                   VALUE=    6.4812      WEIGHT=    1.0043    
        28  a3g                   VALUE=   -3.3064      WEIGHT=   0.13891    
        29  a4g                   VALUE=    3.1721      WEIGHT=   0.30059    
        30  a5g                   VALUE=    0.0000      WEIGHT=    0.0000    
        31  kappa                 VALUE=    0.0000      WEIGHT=    0.0000    
        32  a6dv                  VALUE=  -0.36574E-02  WEIGHT=   0.67517E-03
        33  a7dv                  VALUE=    2.0000      WEIGHT=    0.0000    
        34  off1                  VALUE=    0.0000      WEIGHT=    0.0000    
        35  off2                  VALUE=    1.0000      WEIGHT=    0.0000    
        36  ht1                   VALUE=   -3.2479      WEIGHT=   0.26672    
        37  ht2                   VALUE=    1.9154      WEIGHT=   0.10687    
        38  ht3                   VALUE=   -2.0748      WEIGHT=   0.22824E-01
        39  ht4                   VALUE=    0.0000      WEIGHT=    0.0000    
        40  dummy40               VALUE=    0.0000      WEIGHT=    0.0000    
        41  dummy41               VALUE=    0.0000      WEIGHT=    0.0000    
        42  dummy42               VALUE=    0.0000      WEIGHT=    0.0000    
        43  dummy43               VALUE=    0.0000      WEIGHT=    0.0000    
        44  dummy44               VALUE=    0.0000      WEIGHT=    0.0000    
        45  dummy45               VALUE=    0.0000      WEIGHT=    0.0000    
        46  dummy46               VALUE=    0.0000      WEIGHT=    0.0000    
        47  dummy47               VALUE=    0.0000      WEIGHT=    0.0000    
        48  dummy48               VALUE=    0.0000      WEIGHT=    0.0000    
        49  dummy49               VALUE=    0.0000      WEIGHT=    0.0000    
        50  bcdmsh2               VALUE=   0.97285      WEIGHT=   0.48427E-02
        51  bcdmsd2               VALUE=   0.99317      WEIGHT=   0.57972E-02
        52  ccfr                  VALUE=    1.0000      WEIGHT=    0.0000    
        53  nutev                 VALUE=    1.0000      WEIGHT=    0.0000    
        54  zeus                  VALUE=   0.97998      WEIGHT=    0.0000    
        55  h1                    VALUE=    1.0162      WEIGHT=    0.0000    
        56  e605                  VALUE=    1.0319      WEIGHT=    0.0000    
        57  NmcH2                 VALUE=    1.0095      WEIGHT=   0.71200E-02
        58  ntv_nu                VALUE=    1.0000      WEIGHT=    0.0000    
        59  ntv_nubar             VALUE=    1.0000      WEIGHT=    0.0000    
        60  cdf_jet               VALUE=   0.98910      WEIGHT=    0.0000    
        61  d0_jet                VALUE=   0.83504      WEIGHT=    0.0000    
        62  slac_p                VALUE=    1.0048      WEIGHT=   0.48232E-02
        63  slac_d                VALUE=    1.0042      WEIGHT=   0.52625E-02
        64  e866pp                VALUE=   0.96438      WEIGHT=   0.19188E-01
        65  e866pd                VALUE=   0.96857      WEIGHT=   0.16516E-01
        66  d0_gamjet             VALUE=    1.0391      WEIGHT=   0.16482E-01
        67  h1b                   VALUE=   0.97608      WEIGHT=    0.0000    
        68  jlab_p                VALUE=   0.99439      WEIGHT=   0.57989E-02
        69  jlab_d                VALUE=   0.97560      WEIGHT=   0.58777E-02
        70  blank                 VALUE=    1.0000      WEIGHT=    0.0000    
        71  d0run2                VALUE=   0.94153      WEIGHT=   0.14203E-01
        72  cdfrun2               VALUE=   0.92693      WEIGHT=   0.17236E-01
        73  HERA_el               VALUE=    1.0000      WEIGHT=    0.0000    
        74  HERA_ps               VALUE=    1.0000      WEIGHT=    0.0000    
        75  CDF_Z                 VALUE=   0.96573      WEIGHT=   0.64152E-02
        76  NmcRat                VALUE=    1.0000      WEIGHT=    0.0000    
        77  BNS_F2nd              VALUE=   0.98244      WEIGHT=   0.67043E-02
        78  HERMES_F2p            VALUE=   0.99812      WEIGHT=   0.55759E-02
        79  HERMES_F2d            VALUE=   0.98034      WEIGHT=   0.58160E-02
0THE TOLERANCE IS    0.5000
 THE MAXIMUM NUMBER OF STEPS IS 100
0THE INITIAL CHI SQUARED IS  5.72118E+01



     X        Q2         W2       THEORY        error         DATA           ERROR        chi^2     _w    ITYPE
.100000E-01     1.69000  0.1682E+03   0.969007E+00   0.000000E+00   0.100000E+00    0.100000E+01    0.76         test_SK_D           
.200000E-01     1.69000  0.8369E+02   0.938702E+00   0.000000E+00   0.100000E+00    0.100000E+01    0.70         test_SK_D           
.300000E-01     1.69000  0.5553E+02   0.909038E+00   0.000000E+00   0.100000E+00    0.100000E+01    0.65         test_SK_D           
.400000E-01     1.69000  0.4144E+02   0.880054E+00   0.000000E+00   0.100000E+00    0.100000E+01    0.61         test_SK_D           
.500000E-01     1.69000  0.3299E+02   0.851687E+00   0.000000E+00   0.100000E+00    0.100000E+01    0.57         test_SK_D           
.600000E-01     1.69000  0.2736E+02   0.823975E+00   0.000000E+00   0.100000E+00    0.100000E+01    0.52         test_SK_D           
.700000E-01     1.69000  0.2333E+02   0.796887E+00   0.000000E+00   0.100000E+00    0.100000E+01    0.49         test_SK_D           
.800000E-01     1.69000  0.2032E+02   0.770420E+00   0.000000E+00   0.100000E+00    0.100000E+01    0.45         test_SK_D           
.900000E-01     1.69000  0.1797E+02   0.744569E+00   0.000000E+00   0.100000E+00    0.100000E+01    0.42         test_SK_D           
.100000E+00     1.69000  0.1609E+02   0.719326E+00   0.000000E+00   0.100000E+00    0.100000E+01    0.38         test_SK_D           
.110000E+00     1.69000  0.1456E+02   0.694680E+00   0.000000E+00   0.100000E+00    0.100000E+01    0.35         test_SK_D           
.120000E+00     1.69000  0.1328E+02   0.670623E+00   0.000000E+00   0.100000E+00    0.100000E+01    0.33         test_SK_D           
.130000E+00     1.69000  0.1219E+02   0.647148E+00   0.000000E+00   0.100000E+00    0.100000E+01    0.30         test_SK_D           
.140000E+00     1.69000  0.1126E+02   0.624243E+00   0.000000E+00   0.100000E+00    0.100000E+01    0.27         test_SK_D           
.150000E+00     1.69000  0.1046E+02   0.601919E+00   0.000000E+00   0.100000E+00    0.100000E+01    0.25         test_SK_D           
.160000E+00     1.69000  0.9754E+01   0.580137E+00   0.000000E+00   0.100000E+00    0.100000E+01    0.23         test_SK_D           
.170000E+00     1.69000  0.9133E+01   0.558916E+00   0.000000E+00   0.100000E+00    0.100000E+01    0.21         test_SK_D           
.180000E+00     1.69000  0.8581E+01   0.538236E+00   0.000000E+00   0.100000E+00    0.100000E+01    0.19         test_SK_D           
.190000E+00     1.69000  0.8086E+01   0.518090E+00   0.000000E+00   0.100000E+00    0.100000E+01    0.17         test_SK_D           
.200000E+00     1.69000  0.7642E+01   0.498475E+00   0.000000E+00   0.100000E+00    0.100000E+01    0.16         test_SK_D           
.210000E+00     1.69000  0.7239E+01   0.479379E+00   0.000000E+00   0.100000E+00    0.100000E+01    0.14         test_SK_D           
.220000E+00     1.69000  0.6874E+01   0.460796E+00   0.000000E+00   0.100000E+00    0.100000E+01    0.13         test_SK_D           
.230000E+00     1.69000  0.6540E+01   0.442718E+00   0.000000E+00   0.100000E+00    0.100000E+01    0.12         test_SK_D           
.240000E+00     1.69000  0.6233E+01   0.425136E+00   0.000000E+00   0.100000E+00    0.100000E+01    0.11         test_SK_D           
.250000E+00     1.69000  0.5952E+01   0.408045E+00   0.000000E+00   0.100000E+00    0.100000E+01    0.09         test_SK_D           
.260000E+00     1.69000  0.5692E+01   0.391435E+00   0.000000E+00   0.100000E+00    0.100000E+01    0.08         test_SK_D           
.270000E+00     1.69000  0.5451E+01   0.375300E+00   0.000000E+00   0.100000E+00    0.100000E+01    0.08         test_SK_D           
.280000E+00     1.69000  0.5227E+01   0.359631E+00   0.000000E+00   0.100000E+00    0.100000E+01    0.07         test_SK_D           
.290000E+00     1.69000  0.5019E+01   0.344428E+00   0.000000E+00   0.100000E+00    0.100000E+01    0.06         test_SK_D           
.300000E+00     1.69000  0.4825E+01   0.329671E+00   0.000000E+00   0.100000E+00    0.100000E+01    0.05         test_SK_D           
.310000E+00     1.69000  0.4643E+01   0.315360E+00   0.000000E+00   0.100000E+00    0.100000E+01    0.05         test_SK_D           
.320000E+00     1.69000  0.4473E+01   0.301487E+00   0.000000E+00   0.100000E+00    0.100000E+01    0.04         test_SK_D           
.330000E+00     1.69000  0.4313E+01   0.288043E+00   0.000000E+00   0.100000E+00    0.100000E+01    0.04         test_SK_D           
.340000E+00     1.69000  0.4162E+01   0.275023E+00   0.000000E+00   0.100000E+00    0.100000E+01    0.03         test_SK_D           
.350000E+00     1.69000  0.4020E+01   0.262418E+00   0.000000E+00   0.100000E+00    0.100000E+01    0.03         test_SK_D           
.360000E+00     1.69000  0.3886E+01   0.250220E+00   0.000000E+00   0.100000E+00    0.100000E+01    0.02         test_SK_D           
.370000E+00     1.69000  0.3759E+01   0.238422E+00   0.000000E+00   0.100000E+00    0.100000E+01    0.02         test_SK_D           
.380000E+00     1.69000  0.3639E+01   0.227017E+00   0.000000E+00   0.100000E+00    0.100000E+01    0.02         test_SK_D           
.390000E+00     1.69000  0.3525E+01   0.215997E+00   0.000000E+00   0.100000E+00    0.100000E+01    0.01         test_SK_D           
.400000E+00     1.69000  0.3417E+01   0.205358E+00   0.000000E+00   0.100000E+00    0.100000E+01    0.01         test_SK_D           
.410000E+00     1.69000  0.3314E+01   0.195087E+00   0.000000E+00   0.100000E+00    0.100000E+01    0.01         test_SK_D           
.420000E+00     1.69000  0.3216E+01   0.185183E+00   0.000000E+00   0.100000E+00    0.100000E+01    0.01         test_SK_D           
.430000E+00     1.69000  0.3122E+01   0.175635E+00   0.000000E+00   0.100000E+00    0.100000E+01    0.01         test_SK_D           
.440000E+00     1.69000  0.3033E+01   0.166436E+00   0.000000E+00   0.100000E+00    0.100000E+01    0.00         test_SK_D           
.450000E+00     1.69000  0.2947E+01   0.157582E+00   0.000000E+00   0.100000E+00    0.100000E+01    0.00         test_SK_D           
.460000E+00     1.69000  0.2866E+01   0.149062E+00   0.000000E+00   0.100000E+00    0.100000E+01    0.00         test_SK_D           
.470000E+00     1.69000  0.2787E+01   0.140869E+00   0.000000E+00   0.100000E+00    0.100000E+01    0.00         test_SK_D           
.480000E+00     1.69000  0.2713E+01   0.132998E+00   0.000000E+00   0.100000E+00    0.100000E+01    0.00         test_SK_D           
.490000E+00     1.69000  0.2641E+01   0.125442E+00   0.000000E+00   0.100000E+00    0.100000E+01    0.00         test_SK_D           
.500000E+00     1.69000  0.2572E+01   0.118193E+00   0.000000E+00   0.100000E+00    0.100000E+01    0.00         test_SK_D           
.510000E+00     1.69000  0.2505E+01   0.111245E+00   0.000000E+00   0.100000E+00    0.100000E+01    0.00         test_SK_D           
.520000E+00     1.69000  0.2442E+01   0.104588E+00   0.000000E+00   0.100000E+00    0.100000E+01    0.00         test_SK_D           
.530000E+00     1.69000  0.2380E+01   0.982182E-01   0.000000E+00   0.100000E+00    0.100000E+01   -0.00         test_SK_D           
.540000E+00     1.69000  0.2321E+01   0.921285E-01   0.000000E+00   0.100000E+00    0.100000E+01   -0.00         test_SK_D           
.550000E+00     1.69000  0.2264E+01   0.863099E-01   0.000000E+00   0.100000E+00    0.100000E+01   -0.00         test_SK_D           
.560000E+00     1.69000  0.2210E+01   0.807570E-01   0.000000E+00   0.100000E+00    0.100000E+01   -0.00         test_SK_D           
.570000E+00     1.69000  0.2157E+01   0.754632E-01   0.000000E+00   0.100000E+00    0.100000E+01   -0.00         test_SK_D           
.580000E+00     1.69000  0.2106E+01   0.704201E-01   0.000000E+00   0.100000E+00    0.100000E+01   -0.00         test_SK_D           
.590000E+00     1.69000  0.2056E+01   0.656220E-01   0.000000E+00   0.100000E+00    0.100000E+01   -0.00         test_SK_D           
.600000E+00     1.69000  0.2008E+01   0.610624E-01   0.000000E+00   0.100000E+00    0.100000E+01   -0.00         test_SK_D           
.610000E+00     1.69000  0.1962E+01   0.567336E-01   0.000000E+00   0.100000E+00    0.100000E+01   -0.00         test_SK_D           
.620000E+00     1.69000  0.1918E+01   0.526290E-01   0.000000E+00   0.100000E+00    0.100000E+01   -0.00         test_SK_D           
.630000E+00     1.69000  0.1874E+01   0.487429E-01   0.000000E+00   0.100000E+00    0.100000E+01   -0.00         test_SK_D           
.640000E+00     1.69000  0.1832E+01   0.450671E-01   0.000000E+00   0.100000E+00    0.100000E+01   -0.00         test_SK_D           
.650000E+00     1.69000  0.1792E+01   0.415957E-01   0.000000E+00   0.100000E+00    0.100000E+01   -0.00         test_SK_D           
.660000E+00     1.69000  0.1752E+01   0.383219E-01   0.000000E+00   0.100000E+00    0.100000E+01   -0.00         test_SK_D           
.670000E+00     1.69000  0.1714E+01   0.352390E-01   0.000000E+00   0.100000E+00    0.100000E+01   -0.00         test_SK_D           
.680000E+00     1.69000  0.1677E+01   0.323404E-01   0.000000E+00   0.100000E+00    0.100000E+01   -0.00         test_SK_D           
.690000E+00     1.69000  0.1641E+01   0.296198E-01   0.000000E+00   0.100000E+00    0.100000E+01   -0.00         test_SK_D           
.700000E+00     1.69000  0.1606E+01   0.270706E-01   0.000000E+00   0.100000E+00    0.100000E+01   -0.01         test_SK_D           
.710000E+00     1.69000  0.1572E+01   0.246858E-01   0.000000E+00   0.100000E+00    0.100000E+01   -0.01         test_SK_D           
.720000E+00     1.69000  0.1539E+01   0.224591E-01   0.000000E+00   0.100000E+00    0.100000E+01   -0.01         test_SK_D           
.730000E+00     1.69000  0.1507E+01   0.203845E-01   0.000000E+00   0.100000E+00    0.100000E+01   -0.01         test_SK_D           
.740000E+00     1.69000  0.1476E+01   0.184556E-01   0.000000E+00   0.100000E+00    0.100000E+01   -0.01         test_SK_D           
.750000E+00     1.69000  0.1445E+01   0.166656E-01   0.000000E+00   0.100000E+00    0.100000E+01   -0.01         test_SK_D           
.760000E+00     1.69000  0.1415E+01   0.150084E-01   0.000000E+00   0.100000E+00    0.100000E+01   -0.01         test_SK_D           
.770000E+00     1.69000  0.1387E+01   0.134779E-01   0.000000E+00   0.100000E+00    0.100000E+01   -0.01         test_SK_D           
.780000E+00     1.69000  0.1358E+01   0.120678E-01   0.000000E+00   0.100000E+00    0.100000E+01   -0.01         test_SK_D           
.790000E+00     1.69000  0.1331E+01   0.107721E-01   0.000000E+00   0.100000E+00    0.100000E+01   -0.01         test_SK_D           
.800000E+00     1.69000  0.1304E+01   0.958468E-02   0.000000E+00   0.100000E+00    0.100000E+01   -0.01         test_SK_D           
.810000E+00     1.69000  0.1278E+01   0.849964E-02   0.000000E+00   0.100000E+00    0.100000E+01   -0.01         test_SK_D           
.820000E+00     1.69000  0.1253E+01   0.751130E-02   0.000000E+00   0.100000E+00    0.100000E+01   -0.01         test_SK_D           
.830000E+00     1.69000  0.1228E+01   0.661357E-02   0.000000E+00   0.100000E+00    0.100000E+01   -0.01         test_SK_D           
.840000E+00     1.69000  0.1204E+01   0.580110E-02   0.000000E+00   0.100000E+00    0.100000E+01   -0.01         test_SK_D           
.850000E+00     1.69000  0.1180E+01   0.506832E-02   0.000000E+00   0.100000E+00    0.100000E+01   -0.01         test_SK_D           
.860000E+00     1.69000  0.1157E+01   0.440976E-02   0.000000E+00   0.100000E+00    0.100000E+01   -0.01         test_SK_D           
.870000E+00     1.69000  0.1134E+01   0.382017E-02   0.000000E+00   0.100000E+00    0.100000E+01   -0.01         test_SK_D           
.880000E+00     1.69000  0.1112E+01   0.329443E-02   0.000000E+00   0.100000E+00    0.100000E+01   -0.01         test_SK_D           
.890000E+00     1.69000  0.1091E+01   0.282770E-02   0.000000E+00   0.100000E+00    0.100000E+01   -0.01         test_SK_D           
.900000E+00     1.69000  0.1069E+01   0.241517E-02   0.000000E+00   0.100000E+00    0.100000E+01   -0.01         test_SK_D           
.910000E+00     1.69000  0.1049E+01   0.205214E-02   0.000000E+00   0.100000E+00    0.100000E+01   -0.01         test_SK_D           
.920000E+00     1.69000  0.1029E+01   0.173438E-02   0.000000E+00   0.100000E+00    0.100000E+01   -0.01         test_SK_D           
.930000E+00     1.69000  0.1009E+01   0.145753E-02   0.000000E+00   0.100000E+00    0.100000E+01   -0.01         test_SK_D           
.940000E+00     1.69000  0.9896E+00   0.121773E-02   0.000000E+00   0.100000E+00    0.100000E+01   -0.01         test_SK_D           
.950000E+00     1.69000  0.9707E+00   0.101111E-02   0.000000E+00   0.100000E+00    0.100000E+01   -0.01         test_SK_D           
.960000E+00     1.69000  0.9521E+00   0.834177E-03   0.000000E+00   0.100000E+00    0.100000E+01   -0.01         test_SK_D           
.970000E+00     1.69000  0.9340E+00   0.683577E-03   0.000000E+00   0.100000E+00    0.100000E+01   -0.01         test_SK_D           
.980000E+00     1.69000  0.9162E+00   0.556235E-03   0.000000E+00   0.100000E+00    0.100000E+01   -0.01         test_SK_D           
.100000E-01     2.00000  0.1989E+03   0.969007E+00   0.000000E+00   0.100000E+00    0.100000E+01    0.76         test_SK_D           
.200000E-01     2.00000  0.9888E+02   0.938702E+00   0.000000E+00   0.100000E+00    0.100000E+01    0.70         test_SK_D           
.300000E-01     2.00000  0.6555E+02   0.909038E+00   0.000000E+00   0.100000E+00    0.100000E+01    0.65         test_SK_D           
.400000E-01     2.00000  0.4888E+02   0.880054E+00   0.000000E+00   0.100000E+00    0.100000E+01    0.61         test_SK_D           
.500000E-01     2.00000  0.3888E+02   0.851687E+00   0.000000E+00   0.100000E+00    0.100000E+01    0.57         test_SK_D           
.600000E-01     2.00000  0.3222E+02   0.823975E+00   0.000000E+00   0.100000E+00    0.100000E+01    0.52         test_SK_D           
.700000E-01     2.00000  0.2745E+02   0.796887E+00   0.000000E+00   0.100000E+00    0.100000E+01    0.49         test_SK_D           
.800000E-01     2.00000  0.2388E+02   0.770420E+00   0.000000E+00   0.100000E+00    0.100000E+01    0.45         test_SK_D           
.900000E-01     2.00000  0.2110E+02   0.744569E+00   0.000000E+00   0.100000E+00    0.100000E+01    0.42         test_SK_D           
.100000E+00     2.00000  0.1888E+02   0.719326E+00   0.000000E+00   0.100000E+00    0.100000E+01    0.38         test_SK_D           
.110000E+00     2.00000  0.1706E+02   0.694680E+00   0.000000E+00   0.100000E+00    0.100000E+01    0.35         test_SK_D           
.120000E+00     2.00000  0.1555E+02   0.670623E+00   0.000000E+00   0.100000E+00    0.100000E+01    0.33         test_SK_D           
.130000E+00     2.00000  0.1427E+02   0.647148E+00   0.000000E+00   0.100000E+00    0.100000E+01    0.30         test_SK_D           
.140000E+00     2.00000  0.1317E+02   0.624243E+00   0.000000E+00   0.100000E+00    0.100000E+01    0.27         test_SK_D           
.150000E+00     2.00000  0.1222E+02   0.601919E+00   0.000000E+00   0.100000E+00    0.100000E+01    0.25         test_SK_D           
.160000E+00     2.00000  0.1138E+02   0.580137E+00   0.000000E+00   0.100000E+00    0.100000E+01    0.23         test_SK_D           
.170000E+00     2.00000  0.1065E+02   0.558916E+00   0.000000E+00   0.100000E+00    0.100000E+01    0.21         test_SK_D           
.180000E+00     2.00000  0.9993E+01   0.538236E+00   0.000000E+00   0.100000E+00    0.100000E+01    0.19         test_SK_D           
.190000E+00     2.00000  0.9408E+01   0.518090E+00   0.000000E+00   0.100000E+00    0.100000E+01    0.17         test_SK_D           
.200000E+00     2.00000  0.8882E+01   0.498475E+00   0.000000E+00   0.100000E+00    0.100000E+01    0.16         test_SK_D           
.210000E+00     2.00000  0.8406E+01   0.479379E+00   0.000000E+00   0.100000E+00    0.100000E+01    0.14         test_SK_D           
.220000E+00     2.00000  0.7973E+01   0.460796E+00   0.000000E+00   0.100000E+00    0.100000E+01    0.13         test_SK_D           
.230000E+00     2.00000  0.7577E+01   0.442718E+00   0.000000E+00   0.100000E+00    0.100000E+01    0.12         test_SK_D           
.240000E+00     2.00000  0.7215E+01   0.425136E+00   0.000000E+00   0.100000E+00    0.100000E+01    0.11         test_SK_D           
.250000E+00     2.00000  0.6882E+01   0.408045E+00   0.000000E+00   0.100000E+00    0.100000E+01    0.09         test_SK_D           
.260000E+00     2.00000  0.6574E+01   0.391435E+00   0.000000E+00   0.100000E+00    0.100000E+01    0.08         test_SK_D           
.270000E+00     2.00000  0.6289E+01   0.375300E+00   0.000000E+00   0.100000E+00    0.100000E+01    0.08         test_SK_D           
.280000E+00     2.00000  0.6025E+01   0.359631E+00   0.000000E+00   0.100000E+00    0.100000E+01    0.07         test_SK_D           
.290000E+00     2.00000  0.5778E+01   0.344428E+00   0.000000E+00   0.100000E+00    0.100000E+01    0.06         test_SK_D           
.300000E+00     2.00000  0.5548E+01   0.329671E+00   0.000000E+00   0.100000E+00    0.100000E+01    0.05         test_SK_D           
.310000E+00     2.00000  0.5333E+01   0.315360E+00   0.000000E+00   0.100000E+00    0.100000E+01    0.05         test_SK_D           
.320000E+00     2.00000  0.5132E+01   0.301487E+00   0.000000E+00   0.100000E+00    0.100000E+01    0.04         test_SK_D           
.330000E+00     2.00000  0.4942E+01   0.288043E+00   0.000000E+00   0.100000E+00    0.100000E+01    0.04         test_SK_D           
.340000E+00     2.00000  0.4764E+01   0.275023E+00   0.000000E+00   0.100000E+00    0.100000E+01    0.03         test_SK_D           
.350000E+00     2.00000  0.4596E+01   0.262418E+00   0.000000E+00   0.100000E+00    0.100000E+01    0.03         test_SK_D           
.360000E+00     2.00000  0.4437E+01   0.250220E+00   0.000000E+00   0.100000E+00    0.100000E+01    0.02         test_SK_D           
.370000E+00     2.00000  0.4287E+01   0.238422E+00   0.000000E+00   0.100000E+00    0.100000E+01    0.02         test_SK_D           
.380000E+00     2.00000  0.4145E+01   0.227017E+00   0.000000E+00   0.100000E+00    0.100000E+01    0.02         test_SK_D           
.390000E+00     2.00000  0.4010E+01   0.215997E+00   0.000000E+00   0.100000E+00    0.100000E+01    0.01         test_SK_D           
.400000E+00     2.00000  0.3882E+01   0.205358E+00   0.000000E+00   0.100000E+00    0.100000E+01    0.01         test_SK_D           
.410000E+00     2.00000  0.3760E+01   0.195087E+00   0.000000E+00   0.100000E+00    0.100000E+01    0.01         test_SK_D           
.420000E+00     2.00000  0.3644E+01   0.185183E+00   0.000000E+00   0.100000E+00    0.100000E+01    0.01         test_SK_D           
.430000E+00     2.00000  0.3533E+01   0.175635E+00   0.000000E+00   0.100000E+00    0.100000E+01    0.01         test_SK_D           
.440000E+00     2.00000  0.3427E+01   0.166436E+00   0.000000E+00   0.100000E+00    0.100000E+01    0.00         test_SK_D           
.450000E+00     2.00000  0.3326E+01   0.157582E+00   0.000000E+00   0.100000E+00    0.100000E+01    0.00         test_SK_D           
.460000E+00     2.00000  0.3230E+01   0.149062E+00   0.000000E+00   0.100000E+00    0.100000E+01    0.00         test_SK_D           
.470000E+00     2.00000  0.3137E+01   0.140869E+00   0.000000E+00   0.100000E+00    0.100000E+01    0.00         test_SK_D           
.480000E+00     2.00000  0.3048E+01   0.132998E+00   0.000000E+00   0.100000E+00    0.100000E+01    0.00         test_SK_D           
.490000E+00     2.00000  0.2963E+01   0.125442E+00   0.000000E+00   0.100000E+00    0.100000E+01    0.00         test_SK_D           
.500000E+00     2.00000  0.2882E+01   0.118193E+00   0.000000E+00   0.100000E+00    0.100000E+01    0.00         test_SK_D           
.510000E+00     2.00000  0.2803E+01   0.111245E+00   0.000000E+00   0.100000E+00    0.100000E+01    0.00         test_SK_D           
.520000E+00     2.00000  0.2728E+01   0.104588E+00   0.000000E+00   0.100000E+00    0.100000E+01    0.00         test_SK_D           
.530000E+00     2.00000  0.2655E+01   0.982182E-01   0.000000E+00   0.100000E+00    0.100000E+01   -0.00         test_SK_D           
.540000E+00     2.00000  0.2585E+01   0.921285E-01   0.000000E+00   0.100000E+00    0.100000E+01   -0.00         test_SK_D           
.550000E+00     2.00000  0.2518E+01   0.863099E-01   0.000000E+00   0.100000E+00    0.100000E+01   -0.00         test_SK_D           
.560000E+00     2.00000  0.2453E+01   0.807570E-01   0.000000E+00   0.100000E+00    0.100000E+01   -0.00         test_SK_D           
.570000E+00     2.00000  0.2390E+01   0.754632E-01   0.000000E+00   0.100000E+00    0.100000E+01   -0.00         test_SK_D           
.580000E+00     2.00000  0.2330E+01   0.704201E-01   0.000000E+00   0.100000E+00    0.100000E+01   -0.00         test_SK_D           
.590000E+00     2.00000  0.2272E+01   0.656220E-01   0.000000E+00   0.100000E+00    0.100000E+01   -0.00         test_SK_D           
.600000E+00     2.00000  0.2215E+01   0.610624E-01   0.000000E+00   0.100000E+00    0.100000E+01   -0.00         test_SK_D           
.610000E+00     2.00000  0.2160E+01   0.567336E-01   0.000000E+00   0.100000E+00    0.100000E+01   -0.00         test_SK_D           
.620000E+00     2.00000  0.2108E+01   0.526290E-01   0.000000E+00   0.100000E+00    0.100000E+01   -0.00         test_SK_D           
.630000E+00     2.00000  0.2056E+01   0.487429E-01   0.000000E+00   0.100000E+00    0.100000E+01   -0.00         test_SK_D           
.640000E+00     2.00000  0.2007E+01   0.450671E-01   0.000000E+00   0.100000E+00    0.100000E+01   -0.00         test_SK_D           
.650000E+00     2.00000  0.1959E+01   0.415957E-01   0.000000E+00   0.100000E+00    0.100000E+01   -0.00         test_SK_D           
.660000E+00     2.00000  0.1912E+01   0.383219E-01   0.000000E+00   0.100000E+00    0.100000E+01   -0.00         test_SK_D           
.670000E+00     2.00000  0.1867E+01   0.352390E-01   0.000000E+00   0.100000E+00    0.100000E+01   -0.00         test_SK_D           
.680000E+00     2.00000  0.1823E+01   0.323404E-01   0.000000E+00   0.100000E+00    0.100000E+01   -0.00         test_SK_D           
.690000E+00     2.00000  0.1780E+01   0.296198E-01   0.000000E+00   0.100000E+00    0.100000E+01   -0.00         test_SK_D           
.700000E+00     2.00000  0.1739E+01   0.270706E-01   0.000000E+00   0.100000E+00    0.100000E+01   -0.01         test_SK_D           
.710000E+00     2.00000  0.1699E+01   0.246858E-01   0.000000E+00   0.100000E+00    0.100000E+01   -0.01         test_SK_D           
.720000E+00     2.00000  0.1659E+01   0.224591E-01   0.000000E+00   0.100000E+00    0.100000E+01   -0.01         test_SK_D           
.730000E+00     2.00000  0.1621E+01   0.203845E-01   0.000000E+00   0.100000E+00    0.100000E+01   -0.01         test_SK_D           
.740000E+00     2.00000  0.1584E+01   0.184556E-01   0.000000E+00   0.100000E+00    0.100000E+01   -0.01         test_SK_D           
.750000E+00     2.00000  0.1548E+01   0.166656E-01   0.000000E+00   0.100000E+00    0.100000E+01   -0.01         test_SK_D           
.760000E+00     2.00000  0.1513E+01   0.150084E-01   0.000000E+00   0.100000E+00    0.100000E+01   -0.01         test_SK_D           
.770000E+00     2.00000  0.1479E+01   0.134779E-01   0.000000E+00   0.100000E+00    0.100000E+01   -0.01         test_SK_D           
.780000E+00     2.00000  0.1446E+01   0.120678E-01   0.000000E+00   0.100000E+00    0.100000E+01   -0.01         test_SK_D           
.790000E+00     2.00000  0.1413E+01   0.107721E-01   0.000000E+00   0.100000E+00    0.100000E+01   -0.01         test_SK_D           
.800000E+00     2.00000  0.1382E+01   0.958468E-02   0.000000E+00   0.100000E+00    0.100000E+01   -0.01         test_SK_D           
.810000E+00     2.00000  0.1351E+01   0.849964E-02   0.000000E+00   0.100000E+00    0.100000E+01   -0.01         test_SK_D           
.820000E+00     2.00000  0.1321E+01   0.751130E-02   0.000000E+00   0.100000E+00    0.100000E+01   -0.01         test_SK_D           
.830000E+00     2.00000  0.1291E+01   0.661357E-02   0.000000E+00   0.100000E+00    0.100000E+01   -0.01         test_SK_D           
.840000E+00     2.00000  0.1263E+01   0.580110E-02   0.000000E+00   0.100000E+00    0.100000E+01   -0.01         test_SK_D           
.850000E+00     2.00000  0.1235E+01   0.506832E-02   0.000000E+00   0.100000E+00    0.100000E+01   -0.01         test_SK_D           
.860000E+00     2.00000  0.1207E+01   0.440976E-02   0.000000E+00   0.100000E+00    0.100000E+01   -0.01         test_SK_D           
.870000E+00     2.00000  0.1181E+01   0.382017E-02   0.000000E+00   0.100000E+00    0.100000E+01   -0.01         test_SK_D           
.880000E+00     2.00000  0.1154E+01   0.329443E-02   0.000000E+00   0.100000E+00    0.100000E+01   -0.01         test_SK_D           
.890000E+00     2.00000  0.1129E+01   0.282770E-02   0.000000E+00   0.100000E+00    0.100000E+01   -0.01         test_SK_D           
.900000E+00     2.00000  0.1104E+01   0.241517E-02   0.000000E+00   0.100000E+00    0.100000E+01   -0.01         test_SK_D           
.910000E+00     2.00000  0.1080E+01   0.205214E-02   0.000000E+00   0.100000E+00    0.100000E+01   -0.01         test_SK_D           
.920000E+00     2.00000  0.1056E+01   0.173438E-02   0.000000E+00   0.100000E+00    0.100000E+01   -0.01         test_SK_D           
.930000E+00     2.00000  0.1032E+01   0.145753E-02   0.000000E+00   0.100000E+00    0.100000E+01   -0.01         test_SK_D           
.940000E+00     2.00000  0.1009E+01   0.121773E-02   0.000000E+00   0.100000E+00    0.100000E+01   -0.01         test_SK_D           
.950000E+00     2.00000  0.9870E+00   0.101111E-02   0.000000E+00   0.100000E+00    0.100000E+01   -0.01         test_SK_D           
.960000E+00     2.00000  0.9651E+00   0.834177E-03   0.000000E+00   0.100000E+00    0.100000E+01   -0.01         test_SK_D           
.970000E+00     2.00000  0.9436E+00   0.683577E-03   0.000000E+00   0.100000E+00    0.100000E+01   -0.01         test_SK_D           
.980000E+00     2.00000  0.9225E+00   0.556235E-03   0.000000E+00   0.100000E+00    0.100000E+01   -0.01         test_SK_D           
.990000E+00     2.00000  0.9019E+00   0.449315E-03   0.000000E+00   0.100000E+00    0.100000E+01   -0.01         test_SK_D           
.100000E-01     5.00000  0.4959E+03   0.969007E+00   0.000000E+00   0.100000E+00    0.100000E+01    0.76         test_SK_D           
.200000E-01     5.00000  0.2459E+03   0.938702E+00   0.000000E+00   0.100000E+00    0.100000E+01    0.70         test_SK_D           
.300000E-01     5.00000  0.1625E+03   0.909038E+00   0.000000E+00   0.100000E+00    0.100000E+01    0.65         test_SK_D           
.400000E-01     5.00000  0.1209E+03   0.880054E+00   0.000000E+00   0.100000E+00    0.100000E+01    0.61         test_SK_D           
.500000E-01     5.00000  0.9588E+02   0.851687E+00   0.000000E+00   0.100000E+00    0.100000E+01    0.57         test_SK_D           
.600000E-01     5.00000  0.7922E+02   0.823975E+00   0.000000E+00   0.100000E+00    0.100000E+01    0.52         test_SK_D           
.700000E-01     5.00000  0.6731E+02   0.796887E+00   0.000000E+00   0.100000E+00    0.100000E+01    0.49         test_SK_D           
.800000E-01     5.00000  0.5838E+02   0.770420E+00   0.000000E+00   0.100000E+00    0.100000E+01    0.45         test_SK_D           
.900000E-01     5.00000  0.5144E+02   0.744569E+00   0.000000E+00   0.100000E+00    0.100000E+01    0.42         test_SK_D           
.100000E+00     5.00000  0.4588E+02   0.719326E+00   0.000000E+00   0.100000E+00    0.100000E+01    0.38         test_SK_D           
.110000E+00     5.00000  0.4134E+02   0.694680E+00   0.000000E+00   0.100000E+00    0.100000E+01    0.35         test_SK_D           
.120000E+00     5.00000  0.3755E+02   0.670623E+00   0.000000E+00   0.100000E+00    0.100000E+01    0.33         test_SK_D           
.130000E+00     5.00000  0.3434E+02   0.647148E+00   0.000000E+00   0.100000E+00    0.100000E+01    0.30         test_SK_D           
.140000E+00     5.00000  0.3160E+02   0.624243E+00   0.000000E+00   0.100000E+00    0.100000E+01    0.27         test_SK_D           
.150000E+00     5.00000  0.2922E+02   0.601919E+00   0.000000E+00   0.100000E+00    0.100000E+01    0.25         test_SK_D           
.160000E+00     5.00000  0.2713E+02   0.580137E+00   0.000000E+00   0.100000E+00    0.100000E+01    0.23         test_SK_D           
.170000E+00     5.00000  0.2529E+02   0.558916E+00   0.000000E+00   0.100000E+00    0.100000E+01    0.21         test_SK_D           
.180000E+00     5.00000  0.2366E+02   0.538236E+00   0.000000E+00   0.100000E+00    0.100000E+01    0.19         test_SK_D           
.190000E+00     5.00000  0.2220E+02   0.518090E+00   0.000000E+00   0.100000E+00    0.100000E+01    0.17         test_SK_D           
.200000E+00     5.00000  0.2088E+02   0.498475E+00   0.000000E+00   0.100000E+00    0.100000E+01    0.16         test_SK_D           
.210000E+00     5.00000  0.1969E+02   0.479379E+00   0.000000E+00   0.100000E+00    0.100000E+01    0.14         test_SK_D           
.220000E+00     5.00000  0.1861E+02   0.460796E+00   0.000000E+00   0.100000E+00    0.100000E+01    0.13         test_SK_D           
.230000E+00     5.00000  0.1762E+02   0.442718E+00   0.000000E+00   0.100000E+00    0.100000E+01    0.12         test_SK_D           
.240000E+00     5.00000  0.1672E+02   0.425136E+00   0.000000E+00   0.100000E+00    0.100000E+01    0.11         test_SK_D           
.250000E+00     5.00000  0.1588E+02   0.408045E+00   0.000000E+00   0.100000E+00    0.100000E+01    0.09         test_SK_D           
.260000E+00     5.00000  0.1511E+02   0.391435E+00   0.000000E+00   0.100000E+00    0.100000E+01    0.08         test_SK_D           
.270000E+00     5.00000  0.1440E+02   0.375300E+00   0.000000E+00   0.100000E+00    0.100000E+01    0.08         test_SK_D           
.280000E+00     5.00000  0.1374E+02   0.359631E+00   0.000000E+00   0.100000E+00    0.100000E+01    0.07         test_SK_D           
.290000E+00     5.00000  0.1312E+02   0.344428E+00   0.000000E+00   0.100000E+00    0.100000E+01    0.06         test_SK_D           
.300000E+00     5.00000  0.1255E+02   0.329671E+00   0.000000E+00   0.100000E+00    0.100000E+01    0.05         test_SK_D           
.310000E+00     5.00000  0.1201E+02   0.315360E+00   0.000000E+00   0.100000E+00    0.100000E+01    0.05         test_SK_D           
.320000E+00     5.00000  0.1151E+02   0.301487E+00   0.000000E+00   0.100000E+00    0.100000E+01    0.04         test_SK_D           
.330000E+00     5.00000  0.1103E+02   0.288043E+00   0.000000E+00   0.100000E+00    0.100000E+01    0.04         test_SK_D           
.340000E+00     5.00000  0.1059E+02   0.275023E+00   0.000000E+00   0.100000E+00    0.100000E+01    0.03         test_SK_D           
.350000E+00     5.00000  0.1017E+02   0.262418E+00   0.000000E+00   0.100000E+00    0.100000E+01    0.03         test_SK_D           
.360000E+00     5.00000  0.9771E+01   0.250220E+00   0.000000E+00   0.100000E+00    0.100000E+01    0.02         test_SK_D           
.370000E+00     5.00000  0.9395E+01   0.238422E+00   0.000000E+00   0.100000E+00    0.100000E+01    0.02         test_SK_D           
.380000E+00     5.00000  0.9040E+01   0.227017E+00   0.000000E+00   0.100000E+00    0.100000E+01    0.02         test_SK_D           
.390000E+00     5.00000  0.8702E+01   0.215997E+00   0.000000E+00   0.100000E+00    0.100000E+01    0.01         test_SK_D           
.400000E+00     5.00000  0.8382E+01   0.205358E+00   0.000000E+00   0.100000E+00    0.100000E+01    0.01         test_SK_D           
.410000E+00     5.00000  0.8077E+01   0.195087E+00   0.000000E+00   0.100000E+00    0.100000E+01    0.01         test_SK_D           
.420000E+00     5.00000  0.7786E+01   0.185183E+00   0.000000E+00   0.100000E+00    0.100000E+01    0.01         test_SK_D           
.430000E+00     5.00000  0.7510E+01   0.175635E+00   0.000000E+00   0.100000E+00    0.100000E+01    0.01         test_SK_D           
.440000E+00     5.00000  0.7245E+01   0.166436E+00   0.000000E+00   0.100000E+00    0.100000E+01    0.00         test_SK_D           
.450000E+00     5.00000  0.6993E+01   0.157582E+00   0.000000E+00   0.100000E+00    0.100000E+01    0.00         test_SK_D           
.460000E+00     5.00000  0.6751E+01   0.149062E+00   0.000000E+00   0.100000E+00    0.100000E+01    0.00         test_SK_D           
.470000E+00     5.00000  0.6520E+01   0.140869E+00   0.000000E+00   0.100000E+00    0.100000E+01    0.00         test_SK_D           
.480000E+00     5.00000  0.6298E+01   0.132998E+00   0.000000E+00   0.100000E+00    0.100000E+01    0.00         test_SK_D           
.490000E+00     5.00000  0.6086E+01   0.125442E+00   0.000000E+00   0.100000E+00    0.100000E+01    0.00         test_SK_D           
.500000E+00     5.00000  0.5882E+01   0.118193E+00   0.000000E+00   0.100000E+00    0.100000E+01    0.00         test_SK_D           
.510000E+00     5.00000  0.5686E+01   0.111245E+00   0.000000E+00   0.100000E+00    0.100000E+01    0.00         test_SK_D           
.520000E+00     5.00000  0.5497E+01   0.104588E+00   0.000000E+00   0.100000E+00    0.100000E+01    0.00         test_SK_D           
.530000E+00     5.00000  0.5316E+01   0.982182E-01   0.000000E+00   0.100000E+00    0.100000E+01   -0.00         test_SK_D           
.540000E+00     5.00000  0.5141E+01   0.921285E-01   0.000000E+00   0.100000E+00    0.100000E+01   -0.00         test_SK_D           
.550000E+00     5.00000  0.4973E+01   0.863099E-01   0.000000E+00   0.100000E+00    0.100000E+01   -0.00         test_SK_D           
.560000E+00     5.00000  0.4810E+01   0.807570E-01   0.000000E+00   0.100000E+00    0.100000E+01   -0.00         test_SK_D           
.570000E+00     5.00000  0.4654E+01   0.754632E-01   0.000000E+00   0.100000E+00    0.100000E+01   -0.00         test_SK_D           
.580000E+00     5.00000  0.4502E+01   0.704201E-01   0.000000E+00   0.100000E+00    0.100000E+01   -0.00         test_SK_D           
.590000E+00     5.00000  0.4356E+01   0.656220E-01   0.000000E+00   0.100000E+00    0.100000E+01   -0.00         test_SK_D           
.600000E+00     5.00000  0.4215E+01   0.610624E-01   0.000000E+00   0.100000E+00    0.100000E+01   -0.00         test_SK_D           
.610000E+00     5.00000  0.4078E+01   0.567336E-01   0.000000E+00   0.100000E+00    0.100000E+01   -0.00         test_SK_D           
.620000E+00     5.00000  0.3946E+01   0.526290E-01   0.000000E+00   0.100000E+00    0.100000E+01   -0.00         test_SK_D           
.630000E+00     5.00000  0.3818E+01   0.487429E-01   0.000000E+00   0.100000E+00    0.100000E+01   -0.00         test_SK_D           
.640000E+00     5.00000  0.3694E+01   0.450671E-01   0.000000E+00   0.100000E+00    0.100000E+01   -0.00         test_SK_D           
.650000E+00     5.00000  0.3574E+01   0.415957E-01   0.000000E+00   0.100000E+00    0.100000E+01   -0.00         test_SK_D           
.660000E+00     5.00000  0.3457E+01   0.383219E-01   0.000000E+00   0.100000E+00    0.100000E+01   -0.00         test_SK_D           
.670000E+00     5.00000  0.3344E+01   0.352390E-01   0.000000E+00   0.100000E+00    0.100000E+01   -0.00         test_SK_D           
.680000E+00     5.00000  0.3235E+01   0.323404E-01   0.000000E+00   0.100000E+00    0.100000E+01   -0.00         test_SK_D           
.690000E+00     5.00000  0.3128E+01   0.296198E-01   0.000000E+00   0.100000E+00    0.100000E+01   -0.00         test_SK_D           
.700000E+00     5.00000  0.3025E+01   0.270706E-01   0.000000E+00   0.100000E+00    0.100000E+01   -0.01         test_SK_D           
.710000E+00     5.00000  0.2924E+01   0.246858E-01   0.000000E+00   0.100000E+00    0.100000E+01   -0.01         test_SK_D           
.720000E+00     5.00000  0.2826E+01   0.224591E-01   0.000000E+00   0.100000E+00    0.100000E+01   -0.01         test_SK_D           
.730000E+00     5.00000  0.2731E+01   0.203845E-01   0.000000E+00   0.100000E+00    0.100000E+01   -0.01         test_SK_D           
.740000E+00     5.00000  0.2638E+01   0.184556E-01   0.000000E+00   0.100000E+00    0.100000E+01   -0.01         test_SK_D           
.750000E+00     5.00000  0.2548E+01   0.166656E-01   0.000000E+00   0.100000E+00    0.100000E+01   -0.01         test_SK_D           
.760000E+00     5.00000  0.2461E+01   0.150084E-01   0.000000E+00   0.100000E+00    0.100000E+01   -0.01         test_SK_D           
.770000E+00     5.00000  0.2375E+01   0.134779E-01   0.000000E+00   0.100000E+00    0.100000E+01   -0.01         test_SK_D           
.780000E+00     5.00000  0.2292E+01   0.120678E-01   0.000000E+00   0.100000E+00    0.100000E+01   -0.01         test_SK_D           
.790000E+00     5.00000  0.2211E+01   0.107721E-01   0.000000E+00   0.100000E+00    0.100000E+01   -0.01         test_SK_D           
.800000E+00     5.00000  0.2132E+01   0.958468E-02   0.000000E+00   0.100000E+00    0.100000E+01   -0.01         test_SK_D           
.810000E+00     5.00000  0.2055E+01   0.849964E-02   0.000000E+00   0.100000E+00    0.100000E+01   -0.01         test_SK_D           
.820000E+00     5.00000  0.1979E+01   0.751130E-02   0.000000E+00   0.100000E+00    0.100000E+01   -0.01         test_SK_D           
.830000E+00     5.00000  0.1906E+01   0.661357E-02   0.000000E+00   0.100000E+00    0.100000E+01   -0.01         test_SK_D           
.840000E+00     5.00000  0.1834E+01   0.580110E-02   0.000000E+00   0.100000E+00    0.100000E+01   -0.01         test_SK_D           
.850000E+00     5.00000  0.1764E+01   0.506832E-02   0.000000E+00   0.100000E+00    0.100000E+01   -0.01         test_SK_D           
.860000E+00     5.00000  0.1696E+01   0.440976E-02   0.000000E+00   0.100000E+00    0.100000E+01   -0.01         test_SK_D           
.870000E+00     5.00000  0.1629E+01   0.382017E-02   0.000000E+00   0.100000E+00    0.100000E+01   -0.01         test_SK_D           
.880000E+00     5.00000  0.1564E+01   0.329443E-02   0.000000E+00   0.100000E+00    0.100000E+01   -0.01         test_SK_D           
.890000E+00     5.00000  0.1500E+01   0.282770E-02   0.000000E+00   0.100000E+00    0.100000E+01   -0.01         test_SK_D           
.900000E+00     5.00000  0.1437E+01   0.241517E-02   0.000000E+00   0.100000E+00    0.100000E+01   -0.01         test_SK_D           
.910000E+00     5.00000  0.1376E+01   0.205214E-02   0.000000E+00   0.100000E+00    0.100000E+01   -0.01         test_SK_D           
.920000E+00     5.00000  0.1317E+01   0.173438E-02   0.000000E+00   0.100000E+00    0.100000E+01   -0.01         test_SK_D           
.930000E+00     5.00000  0.1258E+01   0.145753E-02   0.000000E+00   0.100000E+00    0.100000E+01   -0.01         test_SK_D           
.940000E+00     5.00000  0.1201E+01   0.121773E-02   0.000000E+00   0.100000E+00    0.100000E+01   -0.01         test_SK_D           
.950000E+00     5.00000  0.1145E+01   0.101111E-02   0.000000E+00   0.100000E+00    0.100000E+01   -0.01         test_SK_D           
.960000E+00     5.00000  0.1090E+01   0.834177E-03   0.000000E+00   0.100000E+00    0.100000E+01   -0.01         test_SK_D           
.970000E+00     5.00000  0.1036E+01   0.683577E-03   0.000000E+00   0.100000E+00    0.100000E+01   -0.01         test_SK_D           
.980000E+00     5.00000  0.9838E+00   0.556235E-03   0.000000E+00   0.100000E+00    0.100000E+01   -0.01         test_SK_D           
.990000E+00     5.00000  0.9322E+00   0.449315E-03   0.000000E+00   0.100000E+00    0.100000E+01   -0.01         test_SK_D           
.100000E-01    10.00000  0.9909E+03   0.969007E+00   0.000000E+00   0.100000E+00    0.100000E+01    0.76         test_SK_D           
.200000E-01    10.00000  0.4909E+03   0.938702E+00   0.000000E+00   0.100000E+00    0.100000E+01    0.70         test_SK_D           
.300000E-01    10.00000  0.3242E+03   0.909038E+00   0.000000E+00   0.100000E+00    0.100000E+01    0.65         test_SK_D           
.400000E-01    10.00000  0.2409E+03   0.880054E+00   0.000000E+00   0.100000E+00    0.100000E+01    0.61         test_SK_D           
.500000E-01    10.00000  0.1909E+03   0.851687E+00   0.000000E+00   0.100000E+00    0.100000E+01    0.57         test_SK_D           
.600000E-01    10.00000  0.1575E+03   0.823975E+00   0.000000E+00   0.100000E+00    0.100000E+01    0.52         test_SK_D           
.700000E-01    10.00000  0.1337E+03   0.796887E+00   0.000000E+00   0.100000E+00    0.100000E+01    0.49         test_SK_D           
.800000E-01    10.00000  0.1159E+03   0.770420E+00   0.000000E+00   0.100000E+00    0.100000E+01    0.45         test_SK_D           
.900000E-01    10.00000  0.1020E+03   0.744569E+00   0.000000E+00   0.100000E+00    0.100000E+01    0.42         test_SK_D           
.100000E+00    10.00000  0.9088E+02   0.719326E+00   0.000000E+00   0.100000E+00    0.100000E+01    0.38         test_SK_D           
.110000E+00    10.00000  0.8179E+02   0.694680E+00   0.000000E+00   0.100000E+00    0.100000E+01    0.35         test_SK_D           
.120000E+00    10.00000  0.7422E+02   0.670623E+00   0.000000E+00   0.100000E+00    0.100000E+01    0.33         test_SK_D           
.130000E+00    10.00000  0.6780E+02   0.647148E+00   0.000000E+00   0.100000E+00    0.100000E+01    0.30         test_SK_D           
.140000E+00    10.00000  0.6231E+02   0.624243E+00   0.000000E+00   0.100000E+00    0.100000E+01    0.27         test_SK_D           
.150000E+00    10.00000  0.5755E+02   0.601919E+00   0.000000E+00   0.100000E+00    0.100000E+01    0.25         test_SK_D           
.160000E+00    10.00000  0.5338E+02   0.580137E+00   0.000000E+00   0.100000E+00    0.100000E+01    0.23         test_SK_D           
.170000E+00    10.00000  0.4971E+02   0.558916E+00   0.000000E+00   0.100000E+00    0.100000E+01    0.21         test_SK_D           
.180000E+00    10.00000  0.4644E+02   0.538236E+00   0.000000E+00   0.100000E+00    0.100000E+01    0.19         test_SK_D           
.190000E+00    10.00000  0.4351E+02   0.518090E+00   0.000000E+00   0.100000E+00    0.100000E+01    0.17         test_SK_D           
.200000E+00    10.00000  0.4088E+02   0.498475E+00   0.000000E+00   0.100000E+00    0.100000E+01    0.16         test_SK_D           
.210000E+00    10.00000  0.3850E+02   0.479379E+00   0.000000E+00   0.100000E+00    0.100000E+01    0.14         test_SK_D           
.220000E+00    10.00000  0.3634E+02   0.460796E+00   0.000000E+00   0.100000E+00    0.100000E+01    0.13         test_SK_D           
.230000E+00    10.00000  0.3436E+02   0.442718E+00   0.000000E+00   0.100000E+00    0.100000E+01    0.12         test_SK_D           
.240000E+00    10.00000  0.3255E+02   0.425136E+00   0.000000E+00   0.100000E+00    0.100000E+01    0.11         test_SK_D           
.250000E+00    10.00000  0.3088E+02   0.408045E+00   0.000000E+00   0.100000E+00    0.100000E+01    0.09         test_SK_D           
.260000E+00    10.00000  0.2934E+02   0.391435E+00   0.000000E+00   0.100000E+00    0.100000E+01    0.08         test_SK_D           
.270000E+00    10.00000  0.2792E+02   0.375300E+00   0.000000E+00   0.100000E+00    0.100000E+01    0.08         test_SK_D           
.280000E+00    10.00000  0.2660E+02   0.359631E+00   0.000000E+00   0.100000E+00    0.100000E+01    0.07         test_SK_D           
.290000E+00    10.00000  0.2536E+02   0.344428E+00   0.000000E+00   0.100000E+00    0.100000E+01    0.06         test_SK_D           
.300000E+00    10.00000  0.2422E+02   0.329671E+00   0.000000E+00   0.100000E+00    0.100000E+01    0.05         test_SK_D           
.310000E+00    10.00000  0.2314E+02   0.315360E+00   0.000000E+00   0.100000E+00    0.100000E+01    0.05         test_SK_D           
.320000E+00    10.00000  0.2213E+02   0.301487E+00   0.000000E+00   0.100000E+00    0.100000E+01    0.04         test_SK_D           
.330000E+00    10.00000  0.2118E+02   0.288043E+00   0.000000E+00   0.100000E+00    0.100000E+01    0.04         test_SK_D           
.340000E+00    10.00000  0.2029E+02   0.275023E+00   0.000000E+00   0.100000E+00    0.100000E+01    0.03         test_SK_D           
.350000E+00    10.00000  0.1945E+02   0.262418E+00   0.000000E+00   0.100000E+00    0.100000E+01    0.03         test_SK_D           
.360000E+00    10.00000  0.1866E+02   0.250220E+00   0.000000E+00   0.100000E+00    0.100000E+01    0.02         test_SK_D           
.370000E+00    10.00000  0.1791E+02   0.238422E+00   0.000000E+00   0.100000E+00    0.100000E+01    0.02         test_SK_D           
.380000E+00    10.00000  0.1720E+02   0.227017E+00   0.000000E+00   0.100000E+00    0.100000E+01    0.02         test_SK_D           
.390000E+00    10.00000  0.1652E+02   0.215997E+00   0.000000E+00   0.100000E+00    0.100000E+01    0.01         test_SK_D           
.400000E+00    10.00000  0.1588E+02   0.205358E+00   0.000000E+00   0.100000E+00    0.100000E+01    0.01         test_SK_D           
.410000E+00    10.00000  0.1527E+02   0.195087E+00   0.000000E+00   0.100000E+00    0.100000E+01    0.01         test_SK_D           
.420000E+00    10.00000  0.1469E+02   0.185183E+00   0.000000E+00   0.100000E+00    0.100000E+01    0.01         test_SK_D           
.430000E+00    10.00000  0.1414E+02   0.175635E+00   0.000000E+00   0.100000E+00    0.100000E+01    0.01         test_SK_D           
.440000E+00    10.00000  0.1361E+02   0.166436E+00   0.000000E+00   0.100000E+00    0.100000E+01    0.00         test_SK_D           
.450000E+00    10.00000  0.1310E+02   0.157582E+00   0.000000E+00   0.100000E+00    0.100000E+01    0.00         test_SK_D           
.460000E+00    10.00000  0.1262E+02   0.149062E+00   0.000000E+00   0.100000E+00    0.100000E+01    0.00         test_SK_D           
.470000E+00    10.00000  0.1216E+02   0.140869E+00   0.000000E+00   0.100000E+00    0.100000E+01    0.00         test_SK_D           
.480000E+00    10.00000  0.1172E+02   0.132998E+00   0.000000E+00   0.100000E+00    0.100000E+01    0.00         test_SK_D           
.490000E+00    10.00000  0.1129E+02   0.125442E+00   0.000000E+00   0.100000E+00    0.100000E+01    0.00         test_SK_D           
.500000E+00    10.00000  0.1088E+02   0.118193E+00   0.000000E+00   0.100000E+00    0.100000E+01    0.00         test_SK_D           
.510000E+00    10.00000  0.1049E+02   0.111245E+00   0.000000E+00   0.100000E+00    0.100000E+01    0.00         test_SK_D           
.520000E+00    10.00000  0.1011E+02   0.104588E+00   0.000000E+00   0.100000E+00    0.100000E+01    0.00         test_SK_D           
.530000E+00    10.00000  0.9750E+01   0.982182E-01   0.000000E+00   0.100000E+00    0.100000E+01   -0.00         test_SK_D           
.540000E+00    10.00000  0.9400E+01   0.921285E-01   0.000000E+00   0.100000E+00    0.100000E+01   -0.00         test_SK_D           
.550000E+00    10.00000  0.9064E+01   0.863099E-01   0.000000E+00   0.100000E+00    0.100000E+01   -0.00         test_SK_D           
.560000E+00    10.00000  0.8739E+01   0.807570E-01   0.000000E+00   0.100000E+00    0.100000E+01   -0.00         test_SK_D           
.570000E+00    10.00000  0.8426E+01   0.754632E-01   0.000000E+00   0.100000E+00    0.100000E+01   -0.00         test_SK_D           
.580000E+00    10.00000  0.8123E+01   0.704201E-01   0.000000E+00   0.100000E+00    0.100000E+01   -0.00         test_SK_D           
.590000E+00    10.00000  0.7831E+01   0.656220E-01   0.000000E+00   0.100000E+00    0.100000E+01   -0.00         test_SK_D           
.600000E+00    10.00000  0.7548E+01   0.610624E-01   0.000000E+00   0.100000E+00    0.100000E+01   -0.00         test_SK_D           
.610000E+00    10.00000  0.7275E+01   0.567336E-01   0.000000E+00   0.100000E+00    0.100000E+01   -0.00         test_SK_D           
.620000E+00    10.00000  0.7011E+01   0.526290E-01   0.000000E+00   0.100000E+00    0.100000E+01   -0.00         test_SK_D           
.630000E+00    10.00000  0.6755E+01   0.487429E-01   0.000000E+00   0.100000E+00    0.100000E+01   -0.00         test_SK_D           
.640000E+00    10.00000  0.6507E+01   0.450671E-01   0.000000E+00   0.100000E+00    0.100000E+01   -0.00         test_SK_D           
.650000E+00    10.00000  0.6266E+01   0.415957E-01   0.000000E+00   0.100000E+00    0.100000E+01   -0.00         test_SK_D           
.660000E+00    10.00000  0.6033E+01   0.383219E-01   0.000000E+00   0.100000E+00    0.100000E+01   -0.00         test_SK_D           
.670000E+00    10.00000  0.5807E+01   0.352390E-01   0.000000E+00   0.100000E+00    0.100000E+01   -0.00         test_SK_D           
.680000E+00    10.00000  0.5588E+01   0.323404E-01   0.000000E+00   0.100000E+00    0.100000E+01   -0.00         test_SK_D           
.690000E+00    10.00000  0.5374E+01   0.296198E-01   0.000000E+00   0.100000E+00    0.100000E+01   -0.00         test_SK_D           
.700000E+00    10.00000  0.5167E+01   0.270706E-01   0.000000E+00   0.100000E+00    0.100000E+01   -0.01         test_SK_D           
.710000E+00    10.00000  0.4966E+01   0.246858E-01   0.000000E+00   0.100000E+00    0.100000E+01   -0.01         test_SK_D           
.720000E+00    10.00000  0.4771E+01   0.224591E-01   0.000000E+00   0.100000E+00    0.100000E+01   -0.01         test_SK_D           
.730000E+00    10.00000  0.4580E+01   0.203845E-01   0.000000E+00   0.100000E+00    0.100000E+01   -0.01         test_SK_D           
.740000E+00    10.00000  0.4395E+01   0.184556E-01   0.000000E+00   0.100000E+00    0.100000E+01   -0.01         test_SK_D           
.750000E+00    10.00000  0.4215E+01   0.166656E-01   0.000000E+00   0.100000E+00    0.100000E+01   -0.01         test_SK_D           
.760000E+00    10.00000  0.4040E+01   0.150084E-01   0.000000E+00   0.100000E+00    0.100000E+01   -0.01         test_SK_D           
.770000E+00    10.00000  0.3869E+01   0.134779E-01   0.000000E+00   0.100000E+00    0.100000E+01   -0.01         test_SK_D           
.780000E+00    10.00000  0.3702E+01   0.120678E-01   0.000000E+00   0.100000E+00    0.100000E+01   -0.01         test_SK_D           
.790000E+00    10.00000  0.3540E+01   0.107721E-01   0.000000E+00   0.100000E+00    0.100000E+01   -0.01         test_SK_D           
.800000E+00    10.00000  0.3382E+01   0.958468E-02   0.000000E+00   0.100000E+00    0.100000E+01   -0.01         test_SK_D           
.810000E+00    10.00000  0.3227E+01   0.849964E-02   0.000000E+00   0.100000E+00    0.100000E+01   -0.01         test_SK_D           
.820000E+00    10.00000  0.3077E+01   0.751130E-02   0.000000E+00   0.100000E+00    0.100000E+01   -0.01         test_SK_D           
.830000E+00    10.00000  0.2930E+01   0.661357E-02   0.000000E+00   0.100000E+00    0.100000E+01   -0.01         test_SK_D           
.840000E+00    10.00000  0.2786E+01   0.580110E-02   0.000000E+00   0.100000E+00    0.100000E+01   -0.01         test_SK_D           
.850000E+00    10.00000  0.2646E+01   0.506832E-02   0.000000E+00   0.100000E+00    0.100000E+01   -0.01         test_SK_D           
.860000E+00    10.00000  0.2510E+01   0.440976E-02   0.000000E+00   0.100000E+00    0.100000E+01   -0.01         test_SK_D           
.870000E+00    10.00000  0.2376E+01   0.382017E-02   0.000000E+00   0.100000E+00    0.100000E+01   -0.01         test_SK_D           
.880000E+00    10.00000  0.2245E+01   0.329443E-02   0.000000E+00   0.100000E+00    0.100000E+01   -0.01         test_SK_D           
.890000E+00    10.00000  0.2118E+01   0.282770E-02   0.000000E+00   0.100000E+00    0.100000E+01   -0.01         test_SK_D           
.900000E+00    10.00000  0.1993E+01   0.241517E-02   0.000000E+00   0.100000E+00    0.100000E+01   -0.01         test_SK_D           
.910000E+00    10.00000  0.1871E+01   0.205214E-02   0.000000E+00   0.100000E+00    0.100000E+01   -0.01         test_SK_D           
.920000E+00    10.00000  0.1751E+01   0.173438E-02   0.000000E+00   0.100000E+00    0.100000E+01   -0.01         test_SK_D           
.930000E+00    10.00000  0.1634E+01   0.145753E-02   0.000000E+00   0.100000E+00    0.100000E+01   -0.01         test_SK_D           
.940000E+00    10.00000  0.1520E+01   0.121773E-02   0.000000E+00   0.100000E+00    0.100000E+01   -0.01         test_SK_D           
.950000E+00    10.00000  0.1408E+01   0.101111E-02   0.000000E+00   0.100000E+00    0.100000E+01   -0.01         test_SK_D           
.960000E+00    10.00000  0.1298E+01   0.834177E-03   0.000000E+00   0.100000E+00    0.100000E+01   -0.01         test_SK_D           
.970000E+00    10.00000  0.1191E+01   0.683577E-03   0.000000E+00   0.100000E+00    0.100000E+01   -0.01         test_SK_D           
.980000E+00    10.00000  0.1086E+01   0.556235E-03   0.000000E+00   0.100000E+00    0.100000E+01   -0.01         test_SK_D           
.990000E+00    10.00000  0.9827E+00   0.449315E-03   0.000000E+00   0.100000E+00    0.100000E+01   -0.01         test_SK_D           
.100000E-01   100.00000  0.9901E+04   0.969007E+00   0.000000E+00   0.100000E+00    0.100000E+01    0.76         test_SK_D           
.200000E-01   100.00000  0.4901E+04   0.938702E+00   0.000000E+00   0.100000E+00    0.100000E+01    0.70         test_SK_D           
.300000E-01   100.00000  0.3234E+04   0.909038E+00   0.000000E+00   0.100000E+00    0.100000E+01    0.65         test_SK_D           
.400000E-01   100.00000  0.2401E+04   0.880054E+00   0.000000E+00   0.100000E+00    0.100000E+01    0.61         test_SK_D           
.500000E-01   100.00000  0.1901E+04   0.851687E+00   0.000000E+00   0.100000E+00    0.100000E+01    0.57         test_SK_D           
.600000E-01   100.00000  0.1568E+04   0.823975E+00   0.000000E+00   0.100000E+00    0.100000E+01    0.52         test_SK_D           
.700000E-01   100.00000  0.1329E+04   0.796887E+00   0.000000E+00   0.100000E+00    0.100000E+01    0.49         test_SK_D           
.800000E-01   100.00000  0.1151E+04   0.770420E+00   0.000000E+00   0.100000E+00    0.100000E+01    0.45         test_SK_D           
.900000E-01   100.00000  0.1012E+04   0.744569E+00   0.000000E+00   0.100000E+00    0.100000E+01    0.42         test_SK_D           
.100000E+00   100.00000  0.9009E+03   0.719326E+00   0.000000E+00   0.100000E+00    0.100000E+01    0.38         test_SK_D           
.110000E+00   100.00000  0.8100E+03   0.694680E+00   0.000000E+00   0.100000E+00    0.100000E+01    0.35         test_SK_D           
.120000E+00   100.00000  0.7342E+03   0.670623E+00   0.000000E+00   0.100000E+00    0.100000E+01    0.33         test_SK_D           
.130000E+00   100.00000  0.6701E+03   0.647148E+00   0.000000E+00   0.100000E+00    0.100000E+01    0.30         test_SK_D           
.140000E+00   100.00000  0.6152E+03   0.624243E+00   0.000000E+00   0.100000E+00    0.100000E+01    0.27         test_SK_D           
.150000E+00   100.00000  0.5675E+03   0.601919E+00   0.000000E+00   0.100000E+00    0.100000E+01    0.25         test_SK_D           
.160000E+00   100.00000  0.5259E+03   0.580137E+00   0.000000E+00   0.100000E+00    0.100000E+01    0.23         test_SK_D           
.170000E+00   100.00000  0.4891E+03   0.558916E+00   0.000000E+00   0.100000E+00    0.100000E+01    0.21         test_SK_D           
.180000E+00   100.00000  0.4564E+03   0.538236E+00   0.000000E+00   0.100000E+00    0.100000E+01    0.19         test_SK_D           
.190000E+00   100.00000  0.4272E+03   0.518090E+00   0.000000E+00   0.100000E+00    0.100000E+01    0.17         test_SK_D           
.200000E+00   100.00000  0.4009E+03   0.498475E+00   0.000000E+00   0.100000E+00    0.100000E+01    0.16         test_SK_D           
.210000E+00   100.00000  0.3771E+03   0.479379E+00   0.000000E+00   0.100000E+00    0.100000E+01    0.14         test_SK_D           
.220000E+00   100.00000  0.3554E+03   0.460796E+00   0.000000E+00   0.100000E+00    0.100000E+01    0.13         test_SK_D           
.230000E+00   100.00000  0.3357E+03   0.442718E+00   0.000000E+00   0.100000E+00    0.100000E+01    0.12         test_SK_D           
.240000E+00   100.00000  0.3175E+03   0.425136E+00   0.000000E+00   0.100000E+00    0.100000E+01    0.11         test_SK_D           
.250000E+00   100.00000  0.3009E+03   0.408045E+00   0.000000E+00   0.100000E+00    0.100000E+01    0.09         test_SK_D           
.260000E+00   100.00000  0.2855E+03   0.391435E+00   0.000000E+00   0.100000E+00    0.100000E+01    0.08         test_SK_D           
.270000E+00   100.00000  0.2713E+03   0.375300E+00   0.000000E+00   0.100000E+00    0.100000E+01    0.08         test_SK_D           
.280000E+00   100.00000  0.2580E+03   0.359631E+00   0.000000E+00   0.100000E+00    0.100000E+01    0.07         test_SK_D           
.290000E+00   100.00000  0.2457E+03   0.344428E+00   0.000000E+00   0.100000E+00    0.100000E+01    0.06         test_SK_D           
.300000E+00   100.00000  0.2342E+03   0.329671E+00   0.000000E+00   0.100000E+00    0.100000E+01    0.05         test_SK_D           
.310000E+00   100.00000  0.2235E+03   0.315360E+00   0.000000E+00   0.100000E+00    0.100000E+01    0.05         test_SK_D           
.320000E+00   100.00000  0.2134E+03   0.301487E+00   0.000000E+00   0.100000E+00    0.100000E+01    0.04         test_SK_D           
.330000E+00   100.00000  0.2039E+03   0.288043E+00   0.000000E+00   0.100000E+00    0.100000E+01    0.04         test_SK_D           
.340000E+00   100.00000  0.1950E+03   0.275023E+00   0.000000E+00   0.100000E+00    0.100000E+01    0.03         test_SK_D           
.350000E+00   100.00000  0.1866E+03   0.262418E+00   0.000000E+00   0.100000E+00    0.100000E+01    0.03         test_SK_D           
.360000E+00   100.00000  0.1787E+03   0.250220E+00   0.000000E+00   0.100000E+00    0.100000E+01    0.02         test_SK_D           
.370000E+00   100.00000  0.1712E+03   0.238422E+00   0.000000E+00   0.100000E+00    0.100000E+01    0.02         test_SK_D           
.380000E+00   100.00000  0.1640E+03   0.227017E+00   0.000000E+00   0.100000E+00    0.100000E+01    0.02         test_SK_D           
.390000E+00   100.00000  0.1573E+03   0.215997E+00   0.000000E+00   0.100000E+00    0.100000E+01    0.01         test_SK_D           
.400000E+00   100.00000  0.1509E+03   0.205358E+00   0.000000E+00   0.100000E+00    0.100000E+01    0.01         test_SK_D           
.410000E+00   100.00000  0.1448E+03   0.195087E+00   0.000000E+00   0.100000E+00    0.100000E+01    0.01         test_SK_D           
.420000E+00   100.00000  0.1390E+03   0.185183E+00   0.000000E+00   0.100000E+00    0.100000E+01    0.01         test_SK_D           
.430000E+00   100.00000  0.1334E+03   0.175635E+00   0.000000E+00   0.100000E+00    0.100000E+01    0.01         test_SK_D           
.440000E+00   100.00000  0.1282E+03   0.166436E+00   0.000000E+00   0.100000E+00    0.100000E+01    0.00         test_SK_D           
.450000E+00   100.00000  0.1231E+03   0.157582E+00   0.000000E+00   0.100000E+00    0.100000E+01    0.00         test_SK_D           
.460000E+00   100.00000  0.1183E+03   0.149062E+00   0.000000E+00   0.100000E+00    0.100000E+01    0.00         test_SK_D           
.470000E+00   100.00000  0.1136E+03   0.140869E+00   0.000000E+00   0.100000E+00    0.100000E+01    0.00         test_SK_D           
.480000E+00   100.00000  0.1092E+03   0.132998E+00   0.000000E+00   0.100000E+00    0.100000E+01    0.00         test_SK_D           
.490000E+00   100.00000  0.1050E+03   0.125442E+00   0.000000E+00   0.100000E+00    0.100000E+01    0.00         test_SK_D           
.500000E+00   100.00000  0.1009E+03   0.118193E+00   0.000000E+00   0.100000E+00    0.100000E+01    0.00         test_SK_D           
.510000E+00   100.00000  0.9696E+02   0.111245E+00   0.000000E+00   0.100000E+00    0.100000E+01    0.00         test_SK_D           
.520000E+00   100.00000  0.9319E+02   0.104588E+00   0.000000E+00   0.100000E+00    0.100000E+01    0.00         test_SK_D           
.530000E+00   100.00000  0.8956E+02   0.982182E-01   0.000000E+00   0.100000E+00    0.100000E+01   -0.00         test_SK_D           
.540000E+00   100.00000  0.8607E+02   0.921285E-01   0.000000E+00   0.100000E+00    0.100000E+01   -0.00         test_SK_D           
.550000E+00   100.00000  0.8270E+02   0.863099E-01   0.000000E+00   0.100000E+00    0.100000E+01   -0.00         test_SK_D           
.560000E+00   100.00000  0.7945E+02   0.807570E-01   0.000000E+00   0.100000E+00    0.100000E+01   -0.00         test_SK_D           
.570000E+00   100.00000  0.7632E+02   0.754632E-01   0.000000E+00   0.100000E+00    0.100000E+01   -0.00         test_SK_D           
.580000E+00   100.00000  0.7330E+02   0.704201E-01   0.000000E+00   0.100000E+00    0.100000E+01   -0.00         test_SK_D           
.590000E+00   100.00000  0.7037E+02   0.656220E-01   0.000000E+00   0.100000E+00    0.100000E+01   -0.00         test_SK_D           
.600000E+00   100.00000  0.6755E+02   0.610624E-01   0.000000E+00   0.100000E+00    0.100000E+01   -0.00         test_SK_D           
.610000E+00   100.00000  0.6482E+02   0.567336E-01   0.000000E+00   0.100000E+00    0.100000E+01   -0.00         test_SK_D           
.620000E+00   100.00000  0.6217E+02   0.526290E-01   0.000000E+00   0.100000E+00    0.100000E+01   -0.00         test_SK_D           
.630000E+00   100.00000  0.5961E+02   0.487429E-01   0.000000E+00   0.100000E+00    0.100000E+01   -0.00         test_SK_D           
.640000E+00   100.00000  0.5713E+02   0.450671E-01   0.000000E+00   0.100000E+00    0.100000E+01   -0.00         test_SK_D           
.650000E+00   100.00000  0.5473E+02   0.415957E-01   0.000000E+00   0.100000E+00    0.100000E+01   -0.00         test_SK_D           
.660000E+00   100.00000  0.5240E+02   0.383219E-01   0.000000E+00   0.100000E+00    0.100000E+01   -0.00         test_SK_D           
.670000E+00   100.00000  0.5014E+02   0.352390E-01   0.000000E+00   0.100000E+00    0.100000E+01   -0.00         test_SK_D           
.680000E+00   100.00000  0.4794E+02   0.323404E-01   0.000000E+00   0.100000E+00    0.100000E+01   -0.00         test_SK_D           
.690000E+00   100.00000  0.4581E+02   0.296198E-01   0.000000E+00   0.100000E+00    0.100000E+01   -0.00         test_SK_D           
.700000E+00   100.00000  0.4374E+02   0.270706E-01   0.000000E+00   0.100000E+00    0.100000E+01   -0.01         test_SK_D           
.710000E+00   100.00000  0.4173E+02   0.246858E-01   0.000000E+00   0.100000E+00    0.100000E+01   -0.01         test_SK_D           
.720000E+00   100.00000  0.3977E+02   0.224591E-01   0.000000E+00   0.100000E+00    0.100000E+01   -0.01         test_SK_D           
.730000E+00   100.00000  0.3787E+02   0.203845E-01   0.000000E+00   0.100000E+00    0.100000E+01   -0.01         test_SK_D           
.740000E+00   100.00000  0.3602E+02   0.184556E-01   0.000000E+00   0.100000E+00    0.100000E+01   -0.01         test_SK_D           
.750000E+00   100.00000  0.3422E+02   0.166656E-01   0.000000E+00   0.100000E+00    0.100000E+01   -0.01         test_SK_D           
.760000E+00   100.00000  0.3246E+02   0.150084E-01   0.000000E+00   0.100000E+00    0.100000E+01   -0.01         test_SK_D           
.770000E+00   100.00000  0.3075E+02   0.134779E-01   0.000000E+00   0.100000E+00    0.100000E+01   -0.01         test_SK_D           
.780000E+00   100.00000  0.2909E+02   0.120678E-01   0.000000E+00   0.100000E+00    0.100000E+01   -0.01         test_SK_D           
.790000E+00   100.00000  0.2746E+02   0.107721E-01   0.000000E+00   0.100000E+00    0.100000E+01   -0.01         test_SK_D           
.800000E+00   100.00000  0.2588E+02   0.958468E-02   0.000000E+00   0.100000E+00    0.100000E+01   -0.01         test_SK_D           
.810000E+00   100.00000  0.2434E+02   0.849964E-02   0.000000E+00   0.100000E+00    0.100000E+01   -0.01         test_SK_D           
.820000E+00   100.00000  0.2283E+02   0.751130E-02   0.000000E+00   0.100000E+00    0.100000E+01   -0.01         test_SK_D           
.830000E+00   100.00000  0.2136E+02   0.661357E-02   0.000000E+00   0.100000E+00    0.100000E+01   -0.01         test_SK_D           
.840000E+00   100.00000  0.1993E+02   0.580110E-02   0.000000E+00   0.100000E+00    0.100000E+01   -0.01         test_SK_D           
.850000E+00   100.00000  0.1853E+02   0.506832E-02   0.000000E+00   0.100000E+00    0.100000E+01   -0.01         test_SK_D           
.860000E+00   100.00000  0.1716E+02   0.440976E-02   0.000000E+00   0.100000E+00    0.100000E+01   -0.01         test_SK_D           
.870000E+00   100.00000  0.1582E+02   0.382017E-02   0.000000E+00   0.100000E+00    0.100000E+01   -0.01         test_SK_D           
.880000E+00   100.00000  0.1452E+02   0.329443E-02   0.000000E+00   0.100000E+00    0.100000E+01   -0.01         test_SK_D           
.890000E+00   100.00000  0.1324E+02   0.282770E-02   0.000000E+00   0.100000E+00    0.100000E+01   -0.01         test_SK_D           
.900000E+00   100.00000  0.1199E+02   0.241517E-02   0.000000E+00   0.100000E+00    0.100000E+01   -0.01         test_SK_D           
.910000E+00   100.00000  0.1077E+02   0.205214E-02   0.000000E+00   0.100000E+00    0.100000E+01   -0.01         test_SK_D           
.920000E+00   100.00000  0.9577E+01   0.173438E-02   0.000000E+00   0.100000E+00    0.100000E+01   -0.01         test_SK_D           
.930000E+00   100.00000  0.8409E+01   0.145753E-02   0.000000E+00   0.100000E+00    0.100000E+01   -0.01         test_SK_D           
.940000E+00   100.00000  0.7265E+01   0.121773E-02   0.000000E+00   0.100000E+00    0.100000E+01   -0.01         test_SK_D           
.950000E+00   100.00000  0.6145E+01   0.101111E-02   0.000000E+00   0.100000E+00    0.100000E+01   -0.01         test_SK_D           
.960000E+00   100.00000  0.5048E+01   0.834177E-03   0.000000E+00   0.100000E+00    0.100000E+01   -0.01         test_SK_D           
.970000E+00   100.00000  0.3975E+01   0.683577E-03   0.000000E+00   0.100000E+00    0.100000E+01   -0.01         test_SK_D           
.980000E+00   100.00000  0.2923E+01   0.556235E-03   0.000000E+00   0.100000E+00    0.100000E+01   -0.01         test_SK_D           
.990000E+00   100.00000  0.1892E+01   0.449315E-03   0.000000E+00   0.100000E+00    0.100000E+01   -0.01         test_SK_D           
.100000E-01  1000.00000  0.9900E+05   0.969007E+00   0.000000E+00   0.100000E+00    0.100000E+01    0.76         test_SK_D           
.200000E-01  1000.00000  0.4900E+05   0.938702E+00   0.000000E+00   0.100000E+00    0.100000E+01    0.70         test_SK_D           
.300000E-01  1000.00000  0.3233E+05   0.909038E+00   0.000000E+00   0.100000E+00    0.100000E+01    0.65         test_SK_D           
.400000E-01  1000.00000  0.2400E+05   0.880054E+00   0.000000E+00   0.100000E+00    0.100000E+01    0.61         test_SK_D           
.500000E-01  1000.00000  0.1900E+05   0.851687E+00   0.000000E+00   0.100000E+00    0.100000E+01    0.57         test_SK_D           
.600000E-01  1000.00000  0.1567E+05   0.823975E+00   0.000000E+00   0.100000E+00    0.100000E+01    0.52         test_SK_D           
.700000E-01  1000.00000  0.1329E+05   0.796887E+00   0.000000E+00   0.100000E+00    0.100000E+01    0.49         test_SK_D           
.800000E-01  1000.00000  0.1150E+05   0.770420E+00   0.000000E+00   0.100000E+00    0.100000E+01    0.45         test_SK_D           
.900000E-01  1000.00000  0.1011E+05   0.744569E+00   0.000000E+00   0.100000E+00    0.100000E+01    0.42         test_SK_D           
.100000E+00  1000.00000  0.9001E+04   0.719326E+00   0.000000E+00   0.100000E+00    0.100000E+01    0.38         test_SK_D           
.110000E+00  1000.00000  0.8092E+04   0.694680E+00   0.000000E+00   0.100000E+00    0.100000E+01    0.35         test_SK_D           
.120000E+00  1000.00000  0.7334E+04   0.670623E+00   0.000000E+00   0.100000E+00    0.100000E+01    0.33         test_SK_D           
.130000E+00  1000.00000  0.6693E+04   0.647148E+00   0.000000E+00   0.100000E+00    0.100000E+01    0.30         test_SK_D           
.140000E+00  1000.00000  0.6144E+04   0.624243E+00   0.000000E+00   0.100000E+00    0.100000E+01    0.27         test_SK_D           
.150000E+00  1000.00000  0.5668E+04   0.601919E+00   0.000000E+00   0.100000E+00    0.100000E+01    0.25         test_SK_D           
.160000E+00  1000.00000  0.5251E+04   0.580137E+00   0.000000E+00   0.100000E+00    0.100000E+01    0.23         test_SK_D           
.170000E+00  1000.00000  0.4883E+04   0.558916E+00   0.000000E+00   0.100000E+00    0.100000E+01    0.21         test_SK_D           
.180000E+00  1000.00000  0.4556E+04   0.538236E+00   0.000000E+00   0.100000E+00    0.100000E+01    0.19         test_SK_D           
.190000E+00  1000.00000  0.4264E+04   0.518090E+00   0.000000E+00   0.100000E+00    0.100000E+01    0.17         test_SK_D           
.200000E+00  1000.00000  0.4001E+04   0.498475E+00   0.000000E+00   0.100000E+00    0.100000E+01    0.16         test_SK_D           
.210000E+00  1000.00000  0.3763E+04   0.479379E+00   0.000000E+00   0.100000E+00    0.100000E+01    0.14         test_SK_D           
.220000E+00  1000.00000  0.3546E+04   0.460796E+00   0.000000E+00   0.100000E+00    0.100000E+01    0.13         test_SK_D           
.230000E+00  1000.00000  0.3349E+04   0.442718E+00   0.000000E+00   0.100000E+00    0.100000E+01    0.12         test_SK_D           
.240000E+00  1000.00000  0.3168E+04   0.425136E+00   0.000000E+00   0.100000E+00    0.100000E+01    0.11         test_SK_D           
.250000E+00  1000.00000  0.3001E+04   0.408045E+00   0.000000E+00   0.100000E+00    0.100000E+01    0.09         test_SK_D           
.260000E+00  1000.00000  0.2847E+04   0.391435E+00   0.000000E+00   0.100000E+00    0.100000E+01    0.08         test_SK_D           
.270000E+00  1000.00000  0.2705E+04   0.375300E+00   0.000000E+00   0.100000E+00    0.100000E+01    0.08         test_SK_D           
.280000E+00  1000.00000  0.2572E+04   0.359631E+00   0.000000E+00   0.100000E+00    0.100000E+01    0.07         test_SK_D           
.290000E+00  1000.00000  0.2449E+04   0.344428E+00   0.000000E+00   0.100000E+00    0.100000E+01    0.06         test_SK_D           
.300000E+00  1000.00000  0.2334E+04   0.329671E+00   0.000000E+00   0.100000E+00    0.100000E+01    0.05         test_SK_D           
.310000E+00  1000.00000  0.2227E+04   0.315360E+00   0.000000E+00   0.100000E+00    0.100000E+01    0.05         test_SK_D           
.320000E+00  1000.00000  0.2126E+04   0.301487E+00   0.000000E+00   0.100000E+00    0.100000E+01    0.04         test_SK_D           
.330000E+00  1000.00000  0.2031E+04   0.288043E+00   0.000000E+00   0.100000E+00    0.100000E+01    0.04         test_SK_D           
.340000E+00  1000.00000  0.1942E+04   0.275023E+00   0.000000E+00   0.100000E+00    0.100000E+01    0.03         test_SK_D           
.350000E+00  1000.00000  0.1858E+04   0.262418E+00   0.000000E+00   0.100000E+00    0.100000E+01    0.03         test_SK_D           
.360000E+00  1000.00000  0.1779E+04   0.250220E+00   0.000000E+00   0.100000E+00    0.100000E+01    0.02         test_SK_D           
.370000E+00  1000.00000  0.1704E+04   0.238422E+00   0.000000E+00   0.100000E+00    0.100000E+01    0.02         test_SK_D           
.380000E+00  1000.00000  0.1632E+04   0.227017E+00   0.000000E+00   0.100000E+00    0.100000E+01    0.02         test_SK_D           
.390000E+00  1000.00000  0.1565E+04   0.215997E+00   0.000000E+00   0.100000E+00    0.100000E+01    0.01         test_SK_D           
.400000E+00  1000.00000  0.1501E+04   0.205358E+00   0.000000E+00   0.100000E+00    0.100000E+01    0.01         test_SK_D           
.410000E+00  1000.00000  0.1440E+04   0.195087E+00   0.000000E+00   0.100000E+00    0.100000E+01    0.01         test_SK_D           
.420000E+00  1000.00000  0.1382E+04   0.185183E+00   0.000000E+00   0.100000E+00    0.100000E+01    0.01         test_SK_D           
.430000E+00  1000.00000  0.1326E+04   0.175635E+00   0.000000E+00   0.100000E+00    0.100000E+01    0.01         test_SK_D           
.440000E+00  1000.00000  0.1274E+04   0.166436E+00   0.000000E+00   0.100000E+00    0.100000E+01    0.00         test_SK_D           
.450000E+00  1000.00000  0.1223E+04   0.157582E+00   0.000000E+00   0.100000E+00    0.100000E+01    0.00         test_SK_D           
.460000E+00  1000.00000  0.1175E+04   0.149062E+00   0.000000E+00   0.100000E+00    0.100000E+01    0.00         test_SK_D           
.470000E+00  1000.00000  0.1129E+04   0.140869E+00   0.000000E+00   0.100000E+00    0.100000E+01    0.00         test_SK_D           
.480000E+00  1000.00000  0.1084E+04   0.132998E+00   0.000000E+00   0.100000E+00    0.100000E+01    0.00         test_SK_D           
.490000E+00  1000.00000  0.1042E+04   0.125442E+00   0.000000E+00   0.100000E+00    0.100000E+01    0.00         test_SK_D           
.500000E+00  1000.00000  0.1001E+04   0.118193E+00   0.000000E+00   0.100000E+00    0.100000E+01    0.00         test_SK_D           
.510000E+00  1000.00000  0.9617E+03   0.111245E+00   0.000000E+00   0.100000E+00    0.100000E+01    0.00         test_SK_D           
.520000E+00  1000.00000  0.9240E+03   0.104588E+00   0.000000E+00   0.100000E+00    0.100000E+01    0.00         test_SK_D           
.530000E+00  1000.00000  0.8877E+03   0.982182E-01   0.000000E+00   0.100000E+00    0.100000E+01   -0.00         test_SK_D           
.540000E+00  1000.00000  0.8527E+03   0.921285E-01   0.000000E+00   0.100000E+00    0.100000E+01   -0.00         test_SK_D           
.550000E+00  1000.00000  0.8191E+03   0.863099E-01   0.000000E+00   0.100000E+00    0.100000E+01   -0.00         test_SK_D           
.560000E+00  1000.00000  0.7866E+03   0.807570E-01   0.000000E+00   0.100000E+00    0.100000E+01   -0.00         test_SK_D           
.570000E+00  1000.00000  0.7553E+03   0.754632E-01   0.000000E+00   0.100000E+00    0.100000E+01   -0.00         test_SK_D           
.580000E+00  1000.00000  0.7250E+03   0.704201E-01   0.000000E+00   0.100000E+00    0.100000E+01   -0.00         test_SK_D           
.590000E+00  1000.00000  0.6958E+03   0.656220E-01   0.000000E+00   0.100000E+00    0.100000E+01   -0.00         test_SK_D           
.600000E+00  1000.00000  0.6675E+03   0.610624E-01   0.000000E+00   0.100000E+00    0.100000E+01   -0.00         test_SK_D           
.610000E+00  1000.00000  0.6402E+03   0.567336E-01   0.000000E+00   0.100000E+00    0.100000E+01   -0.00         test_SK_D           
.620000E+00  1000.00000  0.6138E+03   0.526290E-01   0.000000E+00   0.100000E+00    0.100000E+01   -0.00         test_SK_D           
.630000E+00  1000.00000  0.5882E+03   0.487429E-01   0.000000E+00   0.100000E+00    0.100000E+01   -0.00         test_SK_D           
.640000E+00  1000.00000  0.5634E+03   0.450671E-01   0.000000E+00   0.100000E+00    0.100000E+01   -0.00         test_SK_D           
.650000E+00  1000.00000  0.5393E+03   0.415957E-01   0.000000E+00   0.100000E+00    0.100000E+01   -0.00         test_SK_D           
.660000E+00  1000.00000  0.5160E+03   0.383219E-01   0.000000E+00   0.100000E+00    0.100000E+01   -0.00         test_SK_D           
.670000E+00  1000.00000  0.4934E+03   0.352390E-01   0.000000E+00   0.100000E+00    0.100000E+01   -0.00         test_SK_D           
.680000E+00  1000.00000  0.4715E+03   0.323404E-01   0.000000E+00   0.100000E+00    0.100000E+01   -0.00         test_SK_D           
.690000E+00  1000.00000  0.4502E+03   0.296198E-01   0.000000E+00   0.100000E+00    0.100000E+01   -0.00         test_SK_D           
.700000E+00  1000.00000  0.4295E+03   0.270706E-01   0.000000E+00   0.100000E+00    0.100000E+01   -0.01         test_SK_D           
.710000E+00  1000.00000  0.4093E+03   0.246858E-01   0.000000E+00   0.100000E+00    0.100000E+01   -0.01         test_SK_D           
.720000E+00  1000.00000  0.3898E+03   0.224591E-01   0.000000E+00   0.100000E+00    0.100000E+01   -0.01         test_SK_D           
.730000E+00  1000.00000  0.3707E+03   0.203845E-01   0.000000E+00   0.100000E+00    0.100000E+01   -0.01         test_SK_D           
.740000E+00  1000.00000  0.3522E+03   0.184556E-01   0.000000E+00   0.100000E+00    0.100000E+01   -0.01         test_SK_D           
.750000E+00  1000.00000  0.3342E+03   0.166656E-01   0.000000E+00   0.100000E+00    0.100000E+01   -0.01         test_SK_D           
.760000E+00  1000.00000  0.3167E+03   0.150084E-01   0.000000E+00   0.100000E+00    0.100000E+01   -0.01         test_SK_D           
.770000E+00  1000.00000  0.2996E+03   0.134779E-01   0.000000E+00   0.100000E+00    0.100000E+01   -0.01         test_SK_D           
.780000E+00  1000.00000  0.2829E+03   0.120678E-01   0.000000E+00   0.100000E+00    0.100000E+01   -0.01         test_SK_D           
.790000E+00  1000.00000  0.2667E+03   0.107721E-01   0.000000E+00   0.100000E+00    0.100000E+01   -0.01         test_SK_D           
.800000E+00  1000.00000  0.2509E+03   0.958468E-02   0.000000E+00   0.100000E+00    0.100000E+01   -0.01         test_SK_D           
.810000E+00  1000.00000  0.2354E+03   0.849964E-02   0.000000E+00   0.100000E+00    0.100000E+01   -0.01         test_SK_D           
.820000E+00  1000.00000  0.2204E+03   0.751130E-02   0.000000E+00   0.100000E+00    0.100000E+01   -0.01         test_SK_D           
.830000E+00  1000.00000  0.2057E+03   0.661357E-02   0.000000E+00   0.100000E+00    0.100000E+01   -0.01         test_SK_D           
.840000E+00  1000.00000  0.1914E+03   0.580110E-02   0.000000E+00   0.100000E+00    0.100000E+01   -0.01         test_SK_D           
.850000E+00  1000.00000  0.1774E+03   0.506832E-02   0.000000E+00   0.100000E+00    0.100000E+01   -0.01         test_SK_D           
.860000E+00  1000.00000  0.1637E+03   0.440976E-02   0.000000E+00   0.100000E+00    0.100000E+01   -0.01         test_SK_D           
.870000E+00  1000.00000  0.1503E+03   0.382017E-02   0.000000E+00   0.100000E+00    0.100000E+01   -0.01         test_SK_D           
.880000E+00  1000.00000  0.1372E+03   0.329443E-02   0.000000E+00   0.100000E+00    0.100000E+01   -0.01         test_SK_D           
.890000E+00  1000.00000  0.1245E+03   0.282770E-02   0.000000E+00   0.100000E+00    0.100000E+01   -0.01         test_SK_D           
.900000E+00  1000.00000  0.1120E+03   0.241517E-02   0.000000E+00   0.100000E+00    0.100000E+01   -0.01         test_SK_D           
.910000E+00  1000.00000  0.9978E+02   0.205214E-02   0.000000E+00   0.100000E+00    0.100000E+01   -0.01         test_SK_D           
.920000E+00  1000.00000  0.8784E+02   0.173438E-02   0.000000E+00   0.100000E+00    0.100000E+01   -0.01         test_SK_D           
.930000E+00  1000.00000  0.7615E+02   0.145753E-02   0.000000E+00   0.100000E+00    0.100000E+01   -0.01         test_SK_D           
.940000E+00  1000.00000  0.6471E+02   0.121773E-02   0.000000E+00   0.100000E+00    0.100000E+01   -0.01         test_SK_D           
.950000E+00  1000.00000  0.5351E+02   0.101111E-02   0.000000E+00   0.100000E+00    0.100000E+01   -0.01         test_SK_D           
.960000E+00  1000.00000  0.4255E+02   0.834177E-03   0.000000E+00   0.100000E+00    0.100000E+01   -0.01         test_SK_D           
.970000E+00  1000.00000  0.3181E+02   0.683577E-03   0.000000E+00   0.100000E+00    0.100000E+01   -0.01         test_SK_D           
.980000E+00  1000.00000  0.2129E+02   0.556235E-03   0.000000E+00   0.100000E+00    0.100000E+01   -0.01         test_SK_D           
.990000E+00  1000.00000  0.1098E+02   0.449315E-03   0.000000E+00   0.100000E+00    0.100000E+01   -0.01         test_SK_D           



 CHI SQUARE=   57.21 FOR  593 POINTS   CHISQ/NPTS=    0.10
 Signed chisquare total =   53.76
 Modified residual =  -65.66


Summary normalization chi2 contributions

 data set     normalization        error         chisq


Summary chi2 per data set

 data set      chisq    _w     signd    _w     resid     _w   npts   chisq/pts  _w
test_SK_D       57.2            53.8           -65.7           593    0.10
------------------------------------------------------------------------------------
TOTAL           57.2    57.2    53.8     0.0   -65.7   -65.7   593    0.10    0.10
TOTAL+norm      57.2    57.2                                   593    0.10    0.10



            Momentum Sum Rule Check


      q2      alphas      xuv       xdv       xub       xdb       xsb       xcb       xbb      xglue     total
      1.69    0.5003    0.0222    0.0111    0.0000    0.0000    0.0000    0.0000    0.0000    0.9674    1.0007
    100.00    0.2165    0.0154    0.0077    0.0485    0.0485    0.0485    0.0485    0.0151    0.7608    0.9928
   1000.00    0.1660    0.0136    0.0068    0.0585    0.0585    0.0585    0.0585    0.0290    0.7022    0.9856
   8315.00    0.1367    0.0000    0.0000    0.0000    0.0000    0.0000    0.0000    0.0000    0.0000    0.0000


 Vector Boson Cross Sections

 sqrt(s)   sigma(W)    error    theory

   1960.     2.865     0.063       0.000     D0

   1960.     2.749     0.054       0.000     CDF

   7000.     9.95      0.29        0.000     CMS

   7000.     9.96      0.55        0.000     ATLAS

 sqrt(s)   sigma(Z)    error    theory

   1960.     .2649     .0094       0.000     D0

   1960.     .2549     .0057       0.000     CDF

   7000.     .931      0.035       0.000     CMS

   7000.     .82       0.08        0.000     ATLAS


