 Correlated errors added in quadrature with statistical errors
 test_P_all           DIS data with   1.69< Q2 < 0.500D+03 and 0.000 < xB < 1.000 and   0.00< W2 < 0.100D+05 and 0.000 < y < 1.000
   GP TMC applied
   no HT corrections

# fitpack15: fit output
# CJ15 AV18 final data choices                                                 

Parametrization   7 used here

 S-ACOT scheme used  for NC DIS

 charm mass =     1.30 GeV     bottom mass =     4.50 GeV



 THIS IS A NEXT TO LEADING ORDER FIT

 Q02=    1.69
         1  LAMBDA      VALUE=   0.22680      WEIGHT=    0.0000    
         2  a0uv        VALUE=    1.8280      WEIGHT=    0.0000    
         3  a1uv        VALUE=   0.55737      WEIGHT=   0.26089E-01
         4  a2uv        VALUE=    3.6294      WEIGHT=   0.13881E-01
         5  a3uv        VALUE=    0.0000      WEIGHT=    0.0000    
         6  a4uv        VALUE=    5.2918      WEIGHT=   0.78601    
         7  a5uv        VALUE=    0.0000      WEIGHT=    0.0000    
         8  a0dv        VALUE=    25.809      WEIGHT=    0.0000    
         9  a1dv        VALUE=    1.1726      WEIGHT=   0.36284E-01
        10  a2dv        VALUE=    6.6110      WEIGHT=   0.20107    
        11  a3dv        VALUE=   -3.4783      WEIGHT=   0.10765    
        12  a4dv        VALUE=    4.6121      WEIGHT=   0.16541    
        13  a5dv        VALUE=    0.0000      WEIGHT=    0.0000    
        14  a0ud        VALUE=   0.14225      WEIGHT=   0.50130E-02
        15  a1ud        VALUE=  -0.21065      WEIGHT=   0.38217E-02
        16  a2ud        VALUE=    8.6897      WEIGHT=   0.20436    
        17  a3ud        VALUE=    0.0000      WEIGHT=    0.0000    
        18  a4ud        VALUE=    16.109      WEIGHT=    1.3757    
        19  a5ud        VALUE=    0.0000      WEIGHT=    0.0000    
        20  a0du        VALUE=    35712.      WEIGHT=    0.0000    
        21  a1du        VALUE=    4.2619      WEIGHT=   0.13162    
        22  a2du        VALUE=    20.185      WEIGHT=    1.2962    
        23  a3du        VALUE=    17.000      WEIGHT=    0.0000    
        24  a4du        VALUE=    64.594      WEIGHT=    17.230    
        25  a0g         VALUE=    44.193      WEIGHT=    0.0000    
        26  a1g         VALUE=   0.59714      WEIGHT=   0.28016E-01
        27  a2g         VALUE=    5.5552      WEIGHT=   0.74926    
        28  a3g         VALUE=   -3.3496      WEIGHT=   0.11347    
        29  a4g         VALUE=    3.1111      WEIGHT=   0.23223    
        30  a5g         VALUE=    0.0000      WEIGHT=    0.0000    
        31  kappa       VALUE=   0.40000      WEIGHT=    0.0000    
        32  a6dv        VALUE=  -0.35672E-02  WEIGHT=   0.73821E-03
        33  a7dv        VALUE=    2.0000      WEIGHT=    0.0000    
        34  off1        VALUE=   0.35054E-01  WEIGHT=   0.83963    
        35  off2        VALUE=    1.2843      WEIGHT=    7.1529    
        36  off3        VALUE=   -1.3031      WEIGHT=    20.769    
        37  ht1         VALUE=   -5.1566      WEIGHT=    1.4302    
        38  ht2         VALUE=    2.3946      WEIGHT=   0.22083    
        39  ht3         VALUE=   -2.0795      WEIGHT=   0.37845E-01
        40  ht4         VALUE=    2.6944      WEIGHT=   0.16108    
        41  ht1n        VALUE=   -8.0995      WEIGHT=    7.7384    
        42  ht2n        VALUE=    2.7512      WEIGHT=   0.67944    
        43  ht3n        VALUE=   -2.2409      WEIGHT=   0.85512E-01
        44  ht4n        VALUE=    3.4885      WEIGHT=   0.65472    
        45  dummy45     VALUE=    0.0000      WEIGHT=    0.0000    
        46  dummy46     VALUE=    0.0000      WEIGHT=    0.0000    
        47  dummy47     VALUE=    0.0000      WEIGHT=    0.0000    
        48  dummy48     VALUE=    0.0000      WEIGHT=    0.0000    
        49  dummy49     VALUE=    0.0000      WEIGHT=    0.0000    
        50  bcdmsh2     VALUE=   0.97185      WEIGHT=   0.49149E-02
        51  bcdmsd2     VALUE=   0.99316      WEIGHT=   0.59378E-02
        52  ccfr        VALUE=    1.0000      WEIGHT=    0.0000    
        53  nutev       VALUE=    1.0000      WEIGHT=    0.0000    
        54  zeus        VALUE=   0.97998      WEIGHT=    0.0000    
        55  h1          VALUE=    1.0162      WEIGHT=    0.0000    
        56  e605        VALUE=    1.0319      WEIGHT=    0.0000    
        57  NmcH2       VALUE=    1.0077      WEIGHT=   0.71589E-02
        58  ntv_nu      VALUE=    1.0000      WEIGHT=    0.0000    
        59  ntv_nubar   VALUE=    1.0000      WEIGHT=    0.0000    
        60  cdf_jet     VALUE=   0.98910      WEIGHT=    0.0000    
        61  d0_jet      VALUE=   0.83504      WEIGHT=    0.0000    
        62  slac_p      VALUE=    1.0002      WEIGHT=   0.52625E-02
        63  slac_d      VALUE=    1.0040      WEIGHT=   0.54431E-02
        64  e866pp      VALUE=   0.98667      WEIGHT=   0.19806E-01
        65  e866pd      VALUE=   0.95270      WEIGHT=   0.16438E-01
        66  d0_gamjet   VALUE=    1.0395      WEIGHT=   0.16540E-01
        67  h1b         VALUE=   0.97608      WEIGHT=    0.0000    
        68  jlab_p      VALUE=   0.98617      WEIGHT=   0.64322E-02
        69  jlab_d      VALUE=   0.97646      WEIGHT=   0.61806E-02
        70  blank       VALUE=    1.0000      WEIGHT=    0.0000    
        71  d0run2      VALUE=   0.95052      WEIGHT=   0.15422E-01
        72  cdfrun2     VALUE=   0.93516      WEIGHT=   0.17808E-01
        73  HERA_el     VALUE=    1.0000      WEIGHT=    0.0000    
        74  HERA_ps     VALUE=    1.0000      WEIGHT=    0.0000    
        75  CDF_Z       VALUE=   0.95660      WEIGHT=   0.67437E-02
        76  NmcRat      VALUE=    1.0000      WEIGHT=    0.0000    
        77  BNS_F2nd    VALUE=   0.97649      WEIGHT=   0.18403E-01
        78  HERMES_F2p  VALUE=   0.99410      WEIGHT=   0.57870E-02
        79  HERMES_F2d  VALUE=   0.97963      WEIGHT=   0.59242E-02
0THE TOLERANCE IS    0.1000
 THE MAXIMUM NUMBER OF STEPS IS 100
0THE INITIAL CHI SQUARED IS  6.46467E+05



     X        Q2         W2       THEORY        error         DATA           ERROR        chi^2     _w    ITYPE
.1000E-01     2.000  0.199E+03   0.35399E+00   0.00000E+00   0.10000E+00    0.50249E-02 2554.86         test_P_all          
.2000E-01     2.000  0.989E+02   0.33521E+00   0.00000E+00   0.10000E+00    0.50249E-02 2191.01         test_P_all          
.3000E-01     2.000  0.655E+02   0.33096E+00   0.00000E+00   0.10000E+00    0.50249E-02 2112.52         test_P_all          
.4000E-01     2.000  0.489E+02   0.33405E+00   0.00000E+00   0.10000E+00    0.50249E-02 2169.51         test_P_all          
.5000E-01     2.000  0.389E+02   0.33774E+00   0.00000E+00   0.10000E+00    0.50249E-02 2238.52         test_P_all          
.6000E-01     2.000  0.322E+02   0.34255E+00   0.00000E+00   0.10000E+00    0.50249E-02 2329.94         test_P_all          
.7000E-01     2.000  0.275E+02   0.34678E+00   0.00000E+00   0.10000E+00    0.50249E-02 2411.99         test_P_all          
.8000E-01     2.000  0.239E+02   0.35042E+00   0.00000E+00   0.10000E+00    0.50249E-02 2483.48         test_P_all          
.9000E-01     2.000  0.211E+02   0.35351E+00   0.00000E+00   0.10000E+00    0.50249E-02 2545.16         test_P_all          
.1000E+00     2.000  0.189E+02   0.35591E+00   0.00000E+00   0.10000E+00    0.50249E-02 2593.56         test_P_all          
.1100E+00     2.000  0.171E+02   0.35789E+00   0.00000E+00   0.10000E+00    0.50249E-02 2633.89         test_P_all          
.1200E+00     2.000  0.155E+02   0.35936E+00   0.00000E+00   0.10000E+00    0.50249E-02 2664.17         test_P_all          
.1300E+00     2.000  0.143E+02   0.36038E+00   0.00000E+00   0.10000E+00    0.50249E-02 2684.97         test_P_all          
.1400E+00     2.000  0.132E+02   0.36109E+00   0.00000E+00   0.10000E+00    0.50249E-02 2699.71         test_P_all          
.1500E+00     2.000  0.122E+02   0.36138E+00   0.00000E+00   0.10000E+00    0.50249E-02 2705.73         test_P_all          
.1600E+00     2.000  0.114E+02   0.36132E+00   0.00000E+00   0.10000E+00    0.50249E-02 2704.53         test_P_all          
.1700E+00     2.000  0.106E+02   0.36090E+00   0.00000E+00   0.10000E+00    0.50249E-02 2695.88         test_P_all          
.1800E+00     2.000  0.999E+01   0.36010E+00   0.00000E+00   0.10000E+00    0.50249E-02 2679.39         test_P_all          
.1900E+00     2.000  0.941E+01   0.35893E+00   0.00000E+00   0.10000E+00    0.50249E-02 2655.28         test_P_all          
.2000E+00     2.000  0.888E+01   0.35738E+00   0.00000E+00   0.10000E+00    0.50249E-02 2623.49         test_P_all          
.2100E+00     2.000  0.841E+01   0.35543E+00   0.00000E+00   0.10000E+00    0.50249E-02 2583.94         test_P_all          
.2200E+00     2.000  0.797E+01   0.35309E+00   0.00000E+00   0.10000E+00    0.50249E-02 2536.73         test_P_all          
.2300E+00     2.000  0.758E+01   0.35036E+00   0.00000E+00   0.10000E+00    0.50249E-02 2482.38         test_P_all          
.2400E+00     2.000  0.722E+01   0.34723E+00   0.00000E+00   0.10000E+00    0.50249E-02 2420.66         test_P_all          
.2500E+00     2.000  0.688E+01   0.34372E+00   0.00000E+00   0.10000E+00    0.50249E-02 2352.39         test_P_all          
.2600E+00     2.000  0.657E+01   0.33984E+00   0.00000E+00   0.10000E+00    0.50249E-02 2278.09         test_P_all          
.2700E+00     2.000  0.629E+01   0.33558E+00   0.00000E+00   0.10000E+00    0.50249E-02 2198.00         test_P_all          
.2800E+00     2.000  0.602E+01   0.33099E+00   0.00000E+00   0.10000E+00    0.50249E-02 2113.08         test_P_all          
.2900E+00     2.000  0.578E+01   0.32606E+00   0.00000E+00   0.10000E+00    0.50249E-02 2023.95         test_P_all          
.3000E+00     2.000  0.555E+01   0.32083E+00   0.00000E+00   0.10000E+00    0.18868E-02 *******         test_P_all          
.3100E+00     2.000  0.533E+01   0.31530E+00   0.00000E+00   0.10000E+00    0.50249E-02 1835.84         test_P_all          
.3200E+00     2.000  0.513E+01   0.30951E+00   0.00000E+00   0.10000E+00    0.50249E-02 1738.45         test_P_all          
.3300E+00     2.000  0.494E+01   0.30348E+00   0.00000E+00   0.10000E+00    0.50249E-02 1639.81         test_P_all          
.3400E+00     2.000  0.476E+01   0.29724E+00   0.00000E+00   0.10000E+00    0.50249E-02 1540.68         test_P_all          
.3500E+00     2.000  0.460E+01   0.29080E+00   0.00000E+00   0.10000E+00    0.50249E-02 1441.75         test_P_all          
.3600E+00     2.000  0.444E+01   0.28419E+00   0.00000E+00   0.10000E+00    0.50249E-02 1343.65         test_P_all          
.3700E+00     2.000  0.429E+01   0.27744E+00   0.00000E+00   0.10000E+00    0.50249E-02 1246.98         test_P_all          
.3800E+00     2.000  0.414E+01   0.27058E+00   0.00000E+00   0.10000E+00    0.50249E-02 1152.35         test_P_all          
.3900E+00     2.000  0.401E+01   0.26361E+00   0.00000E+00   0.10000E+00    0.50249E-02 1060.18         test_P_all          
.4000E+00     2.000  0.388E+01   0.25657E+00   0.00000E+00   0.10000E+00    0.17692E-02 7832.36         test_P_all          
.4100E+00     2.000  0.376E+01   0.24948E+00   0.00000E+00   0.10000E+00    0.50249E-02  884.96         test_P_all          
.4200E+00     2.000  0.364E+01   0.24236E+00   0.00000E+00   0.10000E+00    0.50249E-02  802.61         test_P_all          
.4300E+00     2.000  0.353E+01   0.23522E+00   0.00000E+00   0.10000E+00    0.50249E-02  724.09         test_P_all          
.4400E+00     2.000  0.343E+01   0.22808E+00   0.00000E+00   0.10000E+00    0.50249E-02  649.69         test_P_all          
.4500E+00     2.000  0.333E+01   0.22096E+00   0.00000E+00   0.10000E+00    0.50249E-02  579.50         test_P_all          
.4600E+00     2.000  0.323E+01   0.21388E+00   0.00000E+00   0.10000E+00    0.50249E-02  513.64         test_P_all          
.4700E+00     2.000  0.314E+01   0.20685E+00   0.00000E+00   0.10000E+00    0.50249E-02  452.19         test_P_all          
.4800E+00     2.000  0.305E+01   0.19989E+00   0.00000E+00   0.10000E+00    0.50249E-02  395.17         test_P_all          
.4900E+00     2.000  0.296E+01   0.19300E+00   0.00000E+00   0.10000E+00    0.50249E-02  342.54         test_P_all          
.5000E+00     2.000  0.288E+01   0.18620E+00   0.00000E+00   0.10000E+00    0.17692E-02 2373.95         test_P_all          
.5100E+00     2.000  0.280E+01   0.17950E+00   0.00000E+00   0.10000E+00    0.50249E-02  250.31         test_P_all          
.5200E+00     2.000  0.273E+01   0.17291E+00   0.00000E+00   0.10000E+00    0.50249E-02  210.52         test_P_all          
.5300E+00     2.000  0.266E+01   0.16643E+00   0.00000E+00   0.10000E+00    0.50249E-02  174.78         test_P_all          
.5400E+00     2.000  0.259E+01   0.16008E+00   0.00000E+00   0.10000E+00    0.50249E-02  142.97         test_P_all          
.5500E+00     2.000  0.252E+01   0.15387E+00   0.00000E+00   0.10000E+00    0.50249E-02  114.91         test_P_all          
.5600E+00     2.000  0.245E+01   0.14778E+00   0.00000E+00   0.10000E+00    0.50249E-02   90.42         test_P_all          
.5700E+00     2.000  0.239E+01   0.14184E+00   0.00000E+00   0.10000E+00    0.50249E-02   69.35         test_P_all          
.5800E+00     2.000  0.233E+01   0.13605E+00   0.00000E+00   0.10000E+00    0.50249E-02   51.48         test_P_all          
.5900E+00     2.000  0.227E+01   0.13041E+00   0.00000E+00   0.10000E+00    0.50249E-02   36.63         test_P_all          
.6000E+00     2.000  0.222E+01   0.12492E+00   0.00000E+00   0.10000E+00    0.17692E-02  198.44         test_P_all          
.6100E+00     2.000  0.216E+01   0.11959E+00   0.00000E+00   0.10000E+00    0.50249E-02   15.20         test_P_all          
.6200E+00     2.000  0.211E+01   0.11441E+00   0.00000E+00   0.10000E+00    0.50249E-02    8.23         test_P_all          
.6300E+00     2.000  0.206E+01   0.10939E+00   0.00000E+00   0.10000E+00    0.50249E-02    3.49         test_P_all          
.6400E+00     2.000  0.201E+01   0.10453E+00   0.00000E+00   0.10000E+00    0.50249E-02    0.81         test_P_all          
.6500E+00     2.000  0.196E+01   0.99828E-01   0.00000E+00   0.10000E+00    0.50249E-02   -0.00         test_P_all          
.6600E+00     2.000  0.191E+01   0.95282E-01   0.00000E+00   0.10000E+00    0.50249E-02   -0.88         test_P_all          
.6700E+00     2.000  0.187E+01   0.90889E-01   0.00000E+00   0.10000E+00    0.50249E-02   -3.29         test_P_all          
.6800E+00     2.000  0.182E+01   0.86652E-01   0.00000E+00   0.10000E+00    0.50249E-02   -7.06         test_P_all          
.6900E+00     2.000  0.178E+01   0.82568E-01   0.00000E+00   0.10000E+00    0.50249E-02  -12.03         test_P_all          
.7000E+00     2.000  0.174E+01   0.78634E-01   0.00000E+00   0.10000E+00    0.17692E-02 -145.85         test_P_all          
.7100E+00     2.000  0.170E+01   0.74846E-01   0.00000E+00   0.10000E+00    0.50249E-02  -25.06         test_P_all          
.7200E+00     2.000  0.166E+01   0.71205E-01   0.00000E+00   0.10000E+00    0.50249E-02  -32.84         test_P_all          
.7300E+00     2.000  0.162E+01   0.67707E-01   0.00000E+00   0.10000E+00    0.50249E-02  -41.30         test_P_all          
.7400E+00     2.000  0.158E+01   0.64348E-01   0.00000E+00   0.10000E+00    0.50249E-02  -50.34         test_P_all          
.7500E+00     2.000  0.155E+01   0.61124E-01   0.00000E+00   0.10000E+00    0.50249E-02  -59.86         test_P_all          
.7600E+00     2.000  0.151E+01   0.58032E-01   0.00000E+00   0.10000E+00    0.50249E-02  -69.75         test_P_all          
.7700E+00     2.000  0.148E+01   0.55072E-01   0.00000E+00   0.10000E+00    0.50249E-02  -79.94         test_P_all          
.7800E+00     2.000  0.145E+01   0.52237E-01   0.00000E+00   0.10000E+00    0.50249E-02  -90.35         test_P_all          
.7900E+00     2.000  0.141E+01   0.49523E-01   0.00000E+00   0.10000E+00    0.50249E-02 -100.91         test_P_all          
.8000E+00     2.000  0.138E+01   0.46927E-01   0.00000E+00   0.10000E+00    0.17692E-02 -899.93         test_P_all          
.8100E+00     2.000  0.135E+01   0.44447E-01   0.00000E+00   0.10000E+00    0.50249E-02 -122.22         test_P_all          
.8200E+00     2.000  0.132E+01   0.42079E-01   0.00000E+00   0.10000E+00    0.50249E-02 -132.86         test_P_all          
.8300E+00     2.000  0.129E+01   0.39818E-01   0.00000E+00   0.10000E+00    0.50249E-02 -143.44         test_P_all          
.8400E+00     2.000  0.126E+01   0.37660E-01   0.00000E+00   0.10000E+00    0.50249E-02 -153.91         test_P_all          
.8500E+00     2.000  0.123E+01   0.35602E-01   0.00000E+00   0.10000E+00    0.50249E-02 -164.24         test_P_all          
.8600E+00     2.000  0.121E+01   0.33642E-01   0.00000E+00   0.10000E+00    0.50249E-02 -174.39         test_P_all          
.8700E+00     2.000  0.118E+01   0.31775E-01   0.00000E+00   0.10000E+00    0.50249E-02 -184.34         test_P_all          
.8800E+00     2.000  0.115E+01   0.29997E-01   0.00000E+00   0.10000E+00    0.50249E-02 -194.08         test_P_all          
.8900E+00     2.000  0.113E+01   0.28304E-01   0.00000E+00   0.10000E+00    0.50249E-02 -203.58         test_P_all          
.9000E+00     2.000  0.110E+01   0.26695E-01   0.00000E+00   0.10000E+00    0.17692E-02 *******         test_P_all          
.9100E+00     2.000  0.108E+01   0.25166E-01   0.00000E+00   0.10000E+00    0.50249E-02 -221.79         test_P_all          
.9200E+00     2.000  0.106E+01   0.23713E-01   0.00000E+00   0.10000E+00    0.50249E-02 -230.49         test_P_all          
.9300E+00     2.000  0.103E+01   0.22332E-01   0.00000E+00   0.10000E+00    0.50249E-02 -238.90         test_P_all          
.9400E+00     2.000  0.101E+01   0.21022E-01   0.00000E+00   0.10000E+00    0.50249E-02 -247.03         test_P_all          
.9500E+00     2.000  0.987E+00   0.19778E-01   0.00000E+00   0.10000E+00    0.50249E-02 -254.87         test_P_all          
.9600E+00     2.000  0.965E+00   0.18600E-01   0.00000E+00   0.10000E+00    0.50249E-02 -262.42         test_P_all          
.9700E+00     2.000  0.944E+00   0.17483E-01   0.00000E+00   0.10000E+00    0.50249E-02 -269.67         test_P_all          
.9800E+00     2.000  0.923E+00   0.16424E-01   0.00000E+00   0.10000E+00    0.50249E-02 -276.63         test_P_all          
.9900E+00     2.000  0.902E+00   0.15421E-01   0.00000E+00   0.10000E+00    0.50249E-02 -283.31         test_P_all          
.1000E+01     2.000  0.882E+00   0.14471E-01   0.00000E+00   0.10000E+00    0.50249E-02 -289.71         test_P_all          
.1000E-01     5.000  0.496E+03   0.46154E+00   0.00000E+00   0.10000E+00    0.50249E-02 5176.81         test_P_all          
.2000E-01     5.000  0.246E+03   0.41570E+00   0.00000E+00   0.10000E+00    0.50249E-02 3947.19         test_P_all          
.3000E-01     5.000  0.163E+03   0.39646E+00   0.00000E+00   0.10000E+00    0.50249E-02 3480.76         test_P_all          
.4000E-01     5.000  0.121E+03   0.38989E+00   0.00000E+00   0.10000E+00    0.50249E-02 3328.24         test_P_all          
.5000E-01     5.000  0.959E+02   0.38509E+00   0.00000E+00   0.10000E+00    0.50249E-02 3218.92         test_P_all          
.6000E-01     5.000  0.792E+02   0.38298E+00   0.00000E+00   0.10000E+00    0.50249E-02 3171.39         test_P_all          
.7000E-01     5.000  0.673E+02   0.38093E+00   0.00000E+00   0.10000E+00    0.50249E-02 3125.70         test_P_all          
.8000E-01     5.000  0.584E+02   0.37917E+00   0.00000E+00   0.10000E+00    0.50249E-02 3086.62         test_P_all          
.9000E-01     5.000  0.514E+02   0.37736E+00   0.00000E+00   0.10000E+00    0.50249E-02 3046.72         test_P_all          
.1000E+00     5.000  0.459E+02   0.37544E+00   0.00000E+00   0.10000E+00    0.50249E-02 3004.67         test_P_all          
.1100E+00     5.000  0.413E+02   0.37347E+00   0.00000E+00   0.10000E+00    0.50249E-02 2961.81         test_P_all          
.1200E+00     5.000  0.375E+02   0.37142E+00   0.00000E+00   0.10000E+00    0.50249E-02 2917.68         test_P_all          
.1300E+00     5.000  0.343E+02   0.36925E+00   0.00000E+00   0.10000E+00    0.50249E-02 2871.02         test_P_all          
.1400E+00     5.000  0.316E+02   0.36695E+00   0.00000E+00   0.10000E+00    0.50249E-02 2822.18         test_P_all          
.1500E+00     5.000  0.292E+02   0.36449E+00   0.00000E+00   0.10000E+00    0.50249E-02 2770.52         test_P_all          
.1600E+00     5.000  0.271E+02   0.36185E+00   0.00000E+00   0.10000E+00    0.50249E-02 2715.52         test_P_all          
.1700E+00     5.000  0.253E+02   0.35902E+00   0.00000E+00   0.10000E+00    0.50249E-02 2657.10         test_P_all          
.1800E+00     5.000  0.237E+02   0.35597E+00   0.00000E+00   0.10000E+00    0.50249E-02 2594.96         test_P_all          
.1900E+00     5.000  0.222E+02   0.35267E+00   0.00000E+00   0.10000E+00    0.50249E-02 2528.41         test_P_all          
.2000E+00     5.000  0.209E+02   0.34912E+00   0.00000E+00   0.10000E+00    0.50249E-02 2457.94         test_P_all          
.2100E+00     5.000  0.197E+02   0.34529E+00   0.00000E+00   0.10000E+00    0.50249E-02 2382.89         test_P_all          
.2200E+00     5.000  0.186E+02   0.34118E+00   0.00000E+00   0.10000E+00    0.50249E-02 2303.69         test_P_all          
.2300E+00     5.000  0.176E+02   0.33680E+00   0.00000E+00   0.10000E+00    0.50249E-02 2220.79         test_P_all          
.2400E+00     5.000  0.167E+02   0.33212E+00   0.00000E+00   0.10000E+00    0.50249E-02 2133.83         test_P_all          
.2500E+00     5.000  0.159E+02   0.32716E+00   0.00000E+00   0.10000E+00    0.50249E-02 2043.63         test_P_all          
.2600E+00     5.000  0.151E+02   0.32192E+00   0.00000E+00   0.10000E+00    0.50249E-02 1950.39         test_P_all          
.2700E+00     5.000  0.144E+02   0.31640E+00   0.00000E+00   0.10000E+00    0.50249E-02 1854.64         test_P_all          
.2800E+00     5.000  0.137E+02   0.31063E+00   0.00000E+00   0.10000E+00    0.50249E-02 1757.08         test_P_all          
.2900E+00     5.000  0.131E+02   0.30461E+00   0.00000E+00   0.10000E+00    0.50249E-02 1658.08         test_P_all          
.3000E+00     5.000  0.125E+02   0.29837E+00   0.00000E+00   0.10000E+00    0.18868E-02 *******         test_P_all          
.3100E+00     5.000  0.120E+02   0.29191E+00   0.00000E+00   0.10000E+00    0.50249E-02 1458.65         test_P_all          
.3200E+00     5.000  0.115E+02   0.28527E+00   0.00000E+00   0.10000E+00    0.50249E-02 1359.36         test_P_all          
.3300E+00     5.000  0.110E+02   0.27845E+00   0.00000E+00   0.10000E+00    0.50249E-02 1261.14         test_P_all          
.3400E+00     5.000  0.106E+02   0.27148E+00   0.00000E+00   0.10000E+00    0.50249E-02 1164.56         test_P_all          
.3500E+00     5.000  0.102E+02   0.26438E+00   0.00000E+00   0.10000E+00    0.50249E-02 1070.10         test_P_all          
.3600E+00     5.000  0.977E+01   0.25716E+00   0.00000E+00   0.10000E+00    0.50249E-02  978.24         test_P_all          
.3700E+00     5.000  0.940E+01   0.24986E+00   0.00000E+00   0.10000E+00    0.50249E-02  889.44         test_P_all          
.3800E+00     5.000  0.904E+01   0.24249E+00   0.00000E+00   0.10000E+00    0.50249E-02  804.04         test_P_all          
.3900E+00     5.000  0.870E+01   0.23506E+00   0.00000E+00   0.10000E+00    0.50249E-02  722.38         test_P_all          
.4000E+00     5.000  0.838E+01   0.22759E+00   0.00000E+00   0.10000E+00    0.17692E-02 5201.26         test_P_all          
.4100E+00     5.000  0.808E+01   0.22011E+00   0.00000E+00   0.10000E+00    0.50249E-02  571.35         test_P_all          
.4200E+00     5.000  0.779E+01   0.21263E+00   0.00000E+00   0.10000E+00    0.50249E-02  502.41         test_P_all          
.4300E+00     5.000  0.751E+01   0.20517E+00   0.00000E+00   0.10000E+00    0.50249E-02  438.03         test_P_all          
.4400E+00     5.000  0.725E+01   0.19773E+00   0.00000E+00   0.10000E+00    0.50249E-02  378.29         test_P_all          
.4500E+00     5.000  0.699E+01   0.19035E+00   0.00000E+00   0.10000E+00    0.50249E-02  323.29         test_P_all          
.4600E+00     5.000  0.675E+01   0.18303E+00   0.00000E+00   0.10000E+00    0.50249E-02  273.01         test_P_all          
.4700E+00     5.000  0.652E+01   0.17578E+00   0.00000E+00   0.10000E+00    0.50249E-02  227.41         test_P_all          
.4800E+00     5.000  0.630E+01   0.16862E+00   0.00000E+00   0.10000E+00    0.50249E-02  186.47         test_P_all          
.4900E+00     5.000  0.609E+01   0.16155E+00   0.00000E+00   0.10000E+00    0.50249E-02  150.06         test_P_all          
.5000E+00     5.000  0.588E+01   0.15460E+00   0.00000E+00   0.10000E+00    0.17692E-02  952.50         test_P_all          
.5100E+00     5.000  0.569E+01   0.14777E+00   0.00000E+00   0.10000E+00    0.50249E-02   90.38         test_P_all          
.5200E+00     5.000  0.550E+01   0.14107E+00   0.00000E+00   0.10000E+00    0.50249E-02   66.80         test_P_all          
.5300E+00     5.000  0.532E+01   0.13451E+00   0.00000E+00   0.10000E+00    0.50249E-02   47.16         test_P_all          
.5400E+00     5.000  0.514E+01   0.12809E+00   0.00000E+00   0.10000E+00    0.50249E-02   31.26         test_P_all          
.5500E+00     5.000  0.497E+01   0.12183E+00   0.00000E+00   0.10000E+00    0.50249E-02   18.88         test_P_all          
.5600E+00     5.000  0.481E+01   0.11573E+00   0.00000E+00   0.10000E+00    0.50249E-02    9.80         test_P_all          
.5700E+00     5.000  0.465E+01   0.10980E+00   0.00000E+00   0.10000E+00    0.50249E-02    3.80         test_P_all          
.5800E+00     5.000  0.450E+01   0.10403E+00   0.00000E+00   0.10000E+00    0.50249E-02    0.64         test_P_all          
.5900E+00     5.000  0.436E+01   0.98439E-01   0.00000E+00   0.10000E+00    0.50249E-02   -0.10         test_P_all          
.6000E+00     5.000  0.422E+01   0.93026E-01   0.00000E+00   0.10000E+00    0.17692E-02  -15.54         test_P_all          
.6100E+00     5.000  0.408E+01   0.87791E-01   0.00000E+00   0.10000E+00    0.50249E-02   -5.90         test_P_all          
.6200E+00     5.000  0.395E+01   0.82740E-01   0.00000E+00   0.10000E+00    0.50249E-02  -11.80         test_P_all          
.6300E+00     5.000  0.382E+01   0.77872E-01   0.00000E+00   0.10000E+00    0.50249E-02  -19.39         test_P_all          
.6400E+00     5.000  0.369E+01   0.73185E-01   0.00000E+00   0.10000E+00    0.50249E-02  -28.48         test_P_all          
.6500E+00     5.000  0.357E+01   0.68685E-01   0.00000E+00   0.10000E+00    0.50249E-02  -38.84         test_P_all          
.6600E+00     5.000  0.346E+01   0.64367E-01   0.00000E+00   0.10000E+00    0.50249E-02  -50.29         test_P_all          
.6700E+00     5.000  0.334E+01   0.60229E-01   0.00000E+00   0.10000E+00    0.50249E-02  -62.64         test_P_all          
.6800E+00     5.000  0.323E+01   0.56273E-01   0.00000E+00   0.10000E+00    0.50249E-02  -75.72         test_P_all          
.6900E+00     5.000  0.313E+01   0.52496E-01   0.00000E+00   0.10000E+00    0.50249E-02  -89.37         test_P_all          
.7000E+00     5.000  0.302E+01   0.48892E-01   0.00000E+00   0.10000E+00    0.17692E-02 -834.50         test_P_all          
.7100E+00     5.000  0.292E+01   0.45463E-01   0.00000E+00   0.10000E+00    0.50249E-02 -117.79         test_P_all          
.7200E+00     5.000  0.283E+01   0.42204E-01   0.00000E+00   0.10000E+00    0.50249E-02 -132.29         test_P_all          
.7300E+00     5.000  0.273E+01   0.39111E-01   0.00000E+00   0.10000E+00    0.50249E-02 -146.83         test_P_all          
.7400E+00     5.000  0.264E+01   0.36180E-01   0.00000E+00   0.10000E+00    0.50249E-02 -161.31         test_P_all          
.7500E+00     5.000  0.255E+01   0.33408E-01   0.00000E+00   0.10000E+00    0.50249E-02 -175.62         test_P_all          
.7600E+00     5.000  0.246E+01   0.30790E-01   0.00000E+00   0.10000E+00    0.50249E-02 -189.71         test_P_all          
.7700E+00     5.000  0.238E+01   0.28321E-01   0.00000E+00   0.10000E+00    0.50249E-02 -203.48         test_P_all          
.7800E+00     5.000  0.229E+01   0.25999E-01   0.00000E+00   0.10000E+00    0.50249E-02 -216.88         test_P_all          
.7900E+00     5.000  0.221E+01   0.23817E-01   0.00000E+00   0.10000E+00    0.50249E-02 -229.86         test_P_all          
.8000E+00     5.000  0.213E+01   0.21769E-01   0.00000E+00   0.10000E+00    0.17692E-02 *******         test_P_all          
.8100E+00     5.000  0.205E+01   0.19854E-01   0.00000E+00   0.10000E+00    0.50249E-02 -254.39         test_P_all          
.8200E+00     5.000  0.198E+01   0.18065E-01   0.00000E+00   0.10000E+00    0.50249E-02 -265.88         test_P_all          
.8300E+00     5.000  0.191E+01   0.16396E-01   0.00000E+00   0.10000E+00    0.50249E-02 -276.82         test_P_all          
.8400E+00     5.000  0.183E+01   0.14843E-01   0.00000E+00   0.10000E+00    0.50249E-02 -287.20         test_P_all          
.8500E+00     5.000  0.176E+01   0.13401E-01   0.00000E+00   0.10000E+00    0.50249E-02 -297.00         test_P_all          
.8600E+00     5.000  0.170E+01   0.12065E-01   0.00000E+00   0.10000E+00    0.50249E-02 -306.24         test_P_all          
.8700E+00     5.000  0.163E+01   0.10829E-01   0.00000E+00   0.10000E+00    0.50249E-02 -314.91         test_P_all          
.8800E+00     5.000  0.156E+01   0.96907E-02   0.00000E+00   0.10000E+00    0.50249E-02 -323.00         test_P_all          
.8900E+00     5.000  0.150E+01   0.86428E-02   0.00000E+00   0.10000E+00    0.50249E-02 -330.54         test_P_all          
.9000E+00     5.000  0.144E+01   0.76810E-02   0.00000E+00   0.10000E+00    0.17692E-02 *******         test_P_all          
.9100E+00     5.000  0.138E+01   0.68009E-02   0.00000E+00   0.10000E+00    0.50249E-02 -344.00         test_P_all          
.9200E+00     5.000  0.132E+01   0.59983E-02   0.00000E+00   0.10000E+00    0.50249E-02 -349.95         test_P_all          
.9300E+00     5.000  0.126E+01   0.52680E-02   0.00000E+00   0.10000E+00    0.50249E-02 -355.41         test_P_all          
.9400E+00     5.000  0.120E+01   0.46058E-02   0.00000E+00   0.10000E+00    0.50249E-02 -360.40         test_P_all          
.9500E+00     5.000  0.114E+01   0.40076E-02   0.00000E+00   0.10000E+00    0.50249E-02 -364.93         test_P_all          
.9600E+00     5.000  0.109E+01   0.34691E-02   0.00000E+00   0.10000E+00    0.50249E-02 -369.04         test_P_all          
.9700E+00     5.000  0.104E+01   0.29863E-02   0.00000E+00   0.10000E+00    0.50249E-02 -372.74         test_P_all          
.9800E+00     5.000  0.984E+00   0.25551E-02   0.00000E+00   0.10000E+00    0.50249E-02 -376.06         test_P_all          
.9900E+00     5.000  0.932E+00   0.21719E-02   0.00000E+00   0.10000E+00    0.50249E-02 -379.02         test_P_all          
.1000E+01     5.000  0.882E+00   0.18331E-02   0.00000E+00   0.10000E+00    0.50249E-02 -381.65         test_P_all          
.1000E-01    10.000  0.991E+03   0.54228E+00   0.00000E+00   0.10000E+00    0.50249E-02 7746.85         test_P_all          
.2000E-01    10.000  0.491E+03   0.47311E+00   0.00000E+00   0.10000E+00    0.50249E-02 5513.19         test_P_all          
.3000E-01    10.000  0.324E+03   0.44048E+00   0.00000E+00   0.10000E+00    0.50249E-02 4591.14         test_P_all          
.4000E-01    10.000  0.241E+03   0.42574E+00   0.00000E+00   0.10000E+00    0.50249E-02 4202.16         test_P_all          
.5000E-01    10.000  0.191E+03   0.41379E+00   0.00000E+00   0.10000E+00    0.50249E-02 3899.46         test_P_all          
.6000E-01    10.000  0.158E+03   0.40637E+00   0.00000E+00   0.10000E+00    0.50249E-02 3717.32         test_P_all          
.7000E-01    10.000  0.134E+03   0.39965E+00   0.00000E+00   0.10000E+00    0.50249E-02 3556.03         test_P_all          
.8000E-01    10.000  0.116E+03   0.39407E+00   0.00000E+00   0.10000E+00    0.50249E-02 3424.94         test_P_all          
.9000E-01    10.000  0.102E+03   0.38891E+00   0.00000E+00   0.10000E+00    0.50249E-02 3305.73         test_P_all          
.1000E+00    10.000  0.909E+02   0.38416E+00   0.00000E+00   0.10000E+00    0.50249E-02 3197.99         test_P_all          
.1100E+00    10.000  0.818E+02   0.37959E+00   0.00000E+00   0.10000E+00    0.50249E-02 3095.83         test_P_all          
.1200E+00    10.000  0.742E+02   0.37531E+00   0.00000E+00   0.10000E+00    0.50249E-02 3001.79         test_P_all          
.1300E+00    10.000  0.678E+02   0.37113E+00   0.00000E+00   0.10000E+00    0.50249E-02 2911.45         test_P_all          
.1400E+00    10.000  0.623E+02   0.36698E+00   0.00000E+00   0.10000E+00    0.50249E-02 2822.99         test_P_all          
.1500E+00    10.000  0.575E+02   0.36285E+00   0.00000E+00   0.10000E+00    0.50249E-02 2736.30         test_P_all          
.1600E+00    10.000  0.534E+02   0.35863E+00   0.00000E+00   0.10000E+00    0.50249E-02 2649.14         test_P_all          
.1700E+00    10.000  0.497E+02   0.35433E+00   0.00000E+00   0.10000E+00    0.50249E-02 2561.71         test_P_all          
.1800E+00    10.000  0.464E+02   0.34990E+00   0.00000E+00   0.10000E+00    0.50249E-02 2473.32         test_P_all          
.1900E+00    10.000  0.435E+02   0.34530E+00   0.00000E+00   0.10000E+00    0.50249E-02 2382.97         test_P_all          
.2000E+00    10.000  0.409E+02   0.34053E+00   0.00000E+00   0.10000E+00    0.50249E-02 2291.23         test_P_all          
.2100E+00    10.000  0.385E+02   0.33554E+00   0.00000E+00   0.10000E+00    0.50249E-02 2197.14         test_P_all          
.2200E+00    10.000  0.363E+02   0.33034E+00   0.00000E+00   0.10000E+00    0.50249E-02 2101.20         test_P_all          
.2300E+00    10.000  0.344E+02   0.32492E+00   0.00000E+00   0.10000E+00    0.50249E-02 2003.61         test_P_all          
.2400E+00    10.000  0.325E+02   0.31927E+00   0.00000E+00   0.10000E+00    0.50249E-02 1904.22         test_P_all          
.2500E+00    10.000  0.309E+02   0.31341E+00   0.00000E+00   0.10000E+00    0.50249E-02 1803.76         test_P_all          
.2600E+00    10.000  0.293E+02   0.30733E+00   0.00000E+00   0.10000E+00    0.50249E-02 1702.33         test_P_all          
.2700E+00    10.000  0.279E+02   0.30103E+00   0.00000E+00   0.10000E+00    0.50249E-02 1600.51         test_P_all          
.2800E+00    10.000  0.266E+02   0.29455E+00   0.00000E+00   0.10000E+00    0.50249E-02 1499.00         test_P_all          
.2900E+00    10.000  0.254E+02   0.28788E+00   0.00000E+00   0.10000E+00    0.50249E-02 1398.01         test_P_all          
.3000E+00    10.000  0.242E+02   0.28105E+00   0.00000E+00   0.10000E+00    0.18868E-02 9207.24         test_P_all          
.3100E+00    10.000  0.231E+02   0.27406E+00   0.00000E+00   0.10000E+00    0.50249E-02 1199.85         test_P_all          
.3200E+00    10.000  0.221E+02   0.26693E+00   0.00000E+00   0.10000E+00    0.50249E-02 1103.63         test_P_all          
.3300E+00    10.000  0.212E+02   0.25969E+00   0.00000E+00   0.10000E+00    0.50249E-02 1009.94         test_P_all          
.3400E+00    10.000  0.203E+02   0.25235E+00   0.00000E+00   0.10000E+00    0.50249E-02  919.22         test_P_all          
.3500E+00    10.000  0.195E+02   0.24493E+00   0.00000E+00   0.10000E+00    0.50249E-02  831.81         test_P_all          
.3600E+00    10.000  0.187E+02   0.23744E+00   0.00000E+00   0.10000E+00    0.50249E-02  748.09         test_P_all          
.3700E+00    10.000  0.179E+02   0.22991E+00   0.00000E+00   0.10000E+00    0.50249E-02  668.34         test_P_all          
.3800E+00    10.000  0.172E+02   0.22234E+00   0.00000E+00   0.10000E+00    0.50249E-02  592.77         test_P_all          
.3900E+00    10.000  0.165E+02   0.21477E+00   0.00000E+00   0.10000E+00    0.50249E-02  521.68         test_P_all          
.4000E+00    10.000  0.159E+02   0.20720E+00   0.00000E+00   0.10000E+00    0.17692E-02 3671.75         test_P_all          
.4100E+00    10.000  0.153E+02   0.19965E+00   0.00000E+00   0.10000E+00    0.50249E-02  393.30         test_P_all          
.4200E+00    10.000  0.147E+02   0.19214E+00   0.00000E+00   0.10000E+00    0.50249E-02  336.24         test_P_all          
.4300E+00    10.000  0.141E+02   0.18468E+00   0.00000E+00   0.10000E+00    0.50249E-02  283.96         test_P_all          
.4400E+00    10.000  0.136E+02   0.17727E+00   0.00000E+00   0.10000E+00    0.50249E-02  236.49         test_P_all          
.4500E+00    10.000  0.131E+02   0.16995E+00   0.00000E+00   0.10000E+00    0.50249E-02  193.78         test_P_all          
.4600E+00    10.000  0.126E+02   0.16271E+00   0.00000E+00   0.10000E+00    0.50249E-02  155.74         test_P_all          
.4700E+00    10.000  0.122E+02   0.15557E+00   0.00000E+00   0.10000E+00    0.50249E-02  122.32         test_P_all          
.4800E+00    10.000  0.117E+02   0.14855E+00   0.00000E+00   0.10000E+00    0.50249E-02   93.34         test_P_all          
.4900E+00    10.000  0.113E+02   0.14164E+00   0.00000E+00   0.10000E+00    0.50249E-02   68.68         test_P_all          
.5000E+00    10.000  0.109E+02   0.13487E+00   0.00000E+00   0.10000E+00    0.17692E-02  388.52         test_P_all          
.5100E+00    10.000  0.105E+02   0.12824E+00   0.00000E+00   0.10000E+00    0.50249E-02   31.58         test_P_all          
.5200E+00    10.000  0.101E+02   0.12176E+00   0.00000E+00   0.10000E+00    0.50249E-02   18.75         test_P_all          
.5300E+00    10.000  0.975E+01   0.11543E+00   0.00000E+00   0.10000E+00    0.50249E-02    9.43         test_P_all          
.5400E+00    10.000  0.940E+01   0.10926E+00   0.00000E+00   0.10000E+00    0.50249E-02    3.40         test_P_all          
.5500E+00    10.000  0.906E+01   0.10327E+00   0.00000E+00   0.10000E+00    0.50249E-02    0.42         test_P_all          
.5600E+00    10.000  0.874E+01   0.97449E-01   0.00000E+00   0.10000E+00    0.50249E-02   -0.26         test_P_all          
.5700E+00    10.000  0.843E+01   0.91806E-01   0.00000E+00   0.10000E+00    0.50249E-02   -2.66         test_P_all          
.5800E+00    10.000  0.812E+01   0.86349E-01   0.00000E+00   0.10000E+00    0.50249E-02   -7.38         test_P_all          
.5900E+00    10.000  0.783E+01   0.81076E-01   0.00000E+00   0.10000E+00    0.50249E-02  -14.18         test_P_all          
.6000E+00    10.000  0.755E+01   0.75993E-01   0.00000E+00   0.10000E+00    0.17692E-02 -184.13         test_P_all          
.6100E+00    10.000  0.728E+01   0.71101E-01   0.00000E+00   0.10000E+00    0.50249E-02  -33.08         test_P_all          
.6200E+00    10.000  0.701E+01   0.66399E-01   0.00000E+00   0.10000E+00    0.50249E-02  -44.72         test_P_all          
.6300E+00    10.000  0.675E+01   0.61892E-01   0.00000E+00   0.10000E+00    0.50249E-02  -57.51         test_P_all          
.6400E+00    10.000  0.651E+01   0.57576E-01   0.00000E+00   0.10000E+00    0.50249E-02  -71.28         test_P_all          
.6500E+00    10.000  0.627E+01   0.53452E-01   0.00000E+00   0.10000E+00    0.50249E-02  -85.81         test_P_all          
.6600E+00    10.000  0.603E+01   0.49520E-01   0.00000E+00   0.10000E+00    0.50249E-02 -100.92         test_P_all          
.6700E+00    10.000  0.581E+01   0.45777E-01   0.00000E+00   0.10000E+00    0.50249E-02 -116.44         test_P_all          
.6800E+00    10.000  0.559E+01   0.42220E-01   0.00000E+00   0.10000E+00    0.50249E-02 -132.22         test_P_all          
.6900E+00    10.000  0.537E+01   0.38849E-01   0.00000E+00   0.10000E+00    0.50249E-02 -148.10         test_P_all          
.7000E+00    10.000  0.517E+01   0.35659E-01   0.00000E+00   0.10000E+00    0.17692E-02 *******         test_P_all          
.7100E+00    10.000  0.497E+01   0.32648E-01   0.00000E+00   0.10000E+00    0.50249E-02 -179.66         test_P_all          
.7200E+00    10.000  0.477E+01   0.29812E-01   0.00000E+00   0.10000E+00    0.50249E-02 -195.11         test_P_all          
.7300E+00    10.000  0.458E+01   0.27145E-01   0.00000E+00   0.10000E+00    0.50249E-02 -210.21         test_P_all          
.7400E+00    10.000  0.440E+01   0.24645E-01   0.00000E+00   0.10000E+00    0.50249E-02 -224.89         test_P_all          
.7500E+00    10.000  0.422E+01   0.22307E-01   0.00000E+00   0.10000E+00    0.50249E-02 -239.06         test_P_all          
.7600E+00    10.000  0.404E+01   0.20124E-01   0.00000E+00   0.10000E+00    0.50249E-02 -252.68         test_P_all          
.7700E+00    10.000  0.387E+01   0.18094E-01   0.00000E+00   0.10000E+00    0.50249E-02 -265.68         test_P_all          
.7800E+00    10.000  0.370E+01   0.16210E-01   0.00000E+00   0.10000E+00    0.50249E-02 -278.05         test_P_all          
.7900E+00    10.000  0.354E+01   0.14467E-01   0.00000E+00   0.10000E+00    0.50249E-02 -289.74         test_P_all          
.8000E+00    10.000  0.338E+01   0.12859E-01   0.00000E+00   0.10000E+00    0.17692E-02 *******         test_P_all          
.8100E+00    10.000  0.323E+01   0.11381E-01   0.00000E+00   0.10000E+00    0.50249E-02 -311.03         test_P_all          
.8200E+00    10.000  0.308E+01   0.10026E-01   0.00000E+00   0.10000E+00    0.50249E-02 -320.61         test_P_all          
.8300E+00    10.000  0.293E+01   0.87891E-02   0.00000E+00   0.10000E+00    0.50249E-02 -329.48         test_P_all          
.8400E+00    10.000  0.279E+01   0.76644E-02   0.00000E+00   0.10000E+00    0.50249E-02 -337.66         test_P_all          
.8500E+00    10.000  0.265E+01   0.66452E-02   0.00000E+00   0.10000E+00    0.50249E-02 -345.15         test_P_all          
.8600E+00    10.000  0.251E+01   0.57268E-02   0.00000E+00   0.10000E+00    0.50249E-02 -351.98         test_P_all          
.8700E+00    10.000  0.238E+01   0.49025E-02   0.00000E+00   0.10000E+00    0.50249E-02 -358.16         test_P_all          
.8800E+00    10.000  0.225E+01   0.41666E-02   0.00000E+00   0.10000E+00    0.50249E-02 -363.72         test_P_all          
.8900E+00    10.000  0.212E+01   0.35131E-02   0.00000E+00   0.10000E+00    0.50249E-02 -368.70         test_P_all          
.9000E+00    10.000  0.199E+01   0.29367E-02   0.00000E+00   0.10000E+00    0.17692E-02 *******         test_P_all          
.9100E+00    10.000  0.187E+01   0.24316E-02   0.00000E+00   0.10000E+00    0.50249E-02 -377.01         test_P_all          
.9200E+00    10.000  0.175E+01   0.19918E-02   0.00000E+00   0.10000E+00    0.50249E-02 -380.42         test_P_all          
.9300E+00    10.000  0.163E+01   0.16125E-02   0.00000E+00   0.10000E+00    0.50249E-02 -383.37         test_P_all          
.9400E+00    10.000  0.152E+01   0.12886E-02   0.00000E+00   0.10000E+00    0.50249E-02 -385.90         test_P_all          
.9500E+00    10.000  0.141E+01   0.10137E-02   0.00000E+00   0.10000E+00    0.50249E-02 -388.05         test_P_all          
.9600E+00    10.000  0.130E+01   0.78416E-03   0.00000E+00   0.10000E+00    0.50249E-02 -389.85         test_P_all          
.9700E+00    10.000  0.119E+01   0.59541E-03   0.00000E+00   0.10000E+00    0.50249E-02 -391.34         test_P_all          
.9800E+00    10.000  0.109E+01   0.44078E-03   0.00000E+00   0.10000E+00    0.50249E-02 -392.56         test_P_all          
.9900E+00    10.000  0.983E+00   0.31775E-03   0.00000E+00   0.10000E+00    0.50249E-02 -393.53         test_P_all          
.1000E+01    10.000  0.882E+00   0.22258E-03   0.00000E+00   0.10000E+00    0.50249E-02 -394.28         test_P_all          
.1000E-01    20.000  0.198E+04   0.62199E+00   0.00000E+00   0.10000E+00    0.50249E-02 *******         test_P_all          
.2000E-01    20.000  0.981E+03   0.52717E+00   0.00000E+00   0.10000E+00    0.50249E-02 7226.58         test_P_all          
.3000E-01    20.000  0.648E+03   0.48036E+00   0.00000E+00   0.10000E+00    0.50249E-02 5729.70         test_P_all          
.4000E-01    20.000  0.481E+03   0.45740E+00   0.00000E+00   0.10000E+00    0.50249E-02 5058.85         test_P_all          
.5000E-01    20.000  0.381E+03   0.43836E+00   0.00000E+00   0.10000E+00    0.50249E-02 4534.19         test_P_all          
.6000E-01    20.000  0.314E+03   0.42584E+00   0.00000E+00   0.10000E+00    0.50249E-02 4204.71         test_P_all          
.7000E-01    20.000  0.267E+03   0.41461E+00   0.00000E+00   0.10000E+00    0.50249E-02 3919.99         test_P_all          
.8000E-01    20.000  0.231E+03   0.40561E+00   0.00000E+00   0.10000E+00    0.50249E-02 3698.93         test_P_all          
.9000E-01    20.000  0.203E+03   0.39748E+00   0.00000E+00   0.10000E+00    0.50249E-02 3504.65         test_P_all          
.1000E+00    20.000  0.181E+03   0.39026E+00   0.00000E+00   0.10000E+00    0.50249E-02 3336.71         test_P_all          
.1100E+00    20.000  0.163E+03   0.38353E+00   0.00000E+00   0.10000E+00    0.50249E-02 3183.81         test_P_all          
.1200E+00    20.000  0.148E+03   0.37728E+00   0.00000E+00   0.10000E+00    0.50249E-02 3044.82         test_P_all          
.1300E+00    20.000  0.135E+03   0.37135E+00   0.00000E+00   0.10000E+00    0.50249E-02 2916.00         test_P_all          
.1400E+00    20.000  0.124E+03   0.36559E+00   0.00000E+00   0.10000E+00    0.50249E-02 2793.60         test_P_all          
.1500E+00    20.000  0.114E+03   0.36001E+00   0.00000E+00   0.10000E+00    0.50249E-02 2677.50         test_P_all          
.1600E+00    20.000  0.106E+03   0.35444E+00   0.00000E+00   0.10000E+00    0.50249E-02 2563.92         test_P_all          
.1700E+00    20.000  0.985E+02   0.34888E+00   0.00000E+00   0.10000E+00    0.50249E-02 2453.20         test_P_all          
.1800E+00    20.000  0.920E+02   0.34329E+00   0.00000E+00   0.10000E+00    0.50249E-02 2344.19         test_P_all          
.1900E+00    20.000  0.861E+02   0.33759E+00   0.00000E+00   0.10000E+00    0.50249E-02 2235.59         test_P_all          
.2000E+00    20.000  0.809E+02   0.33180E+00   0.00000E+00   0.10000E+00    0.50249E-02 2127.94         test_P_all          
.2100E+00    20.000  0.761E+02   0.32584E+00   0.00000E+00   0.10000E+00    0.50249E-02 2019.97         test_P_all          
.2200E+00    20.000  0.718E+02   0.31974E+00   0.00000E+00   0.10000E+00    0.50249E-02 1912.31         test_P_all          
.2300E+00    20.000  0.678E+02   0.31348E+00   0.00000E+00   0.10000E+00    0.50249E-02 1804.97         test_P_all          
.2400E+00    20.000  0.642E+02   0.30705E+00   0.00000E+00   0.10000E+00    0.50249E-02 1697.81         test_P_all          
.2500E+00    20.000  0.609E+02   0.30046E+00   0.00000E+00   0.10000E+00    0.50249E-02 1591.48         test_P_all          
.2600E+00    20.000  0.578E+02   0.29371E+00   0.00000E+00   0.10000E+00    0.50249E-02 1486.01         test_P_all          
.2700E+00    20.000  0.550E+02   0.28680E+00   0.00000E+00   0.10000E+00    0.50249E-02 1381.92         test_P_all          
.2800E+00    20.000  0.523E+02   0.27975E+00   0.00000E+00   0.10000E+00    0.50249E-02 1279.62         test_P_all          
.2900E+00    20.000  0.498E+02   0.27257E+00   0.00000E+00   0.10000E+00    0.50249E-02 1179.44         test_P_all          
.3000E+00    20.000  0.475E+02   0.26527E+00   0.00000E+00   0.10000E+00    0.18868E-02 7672.77         test_P_all          
.3100E+00    20.000  0.454E+02   0.25789E+00   0.00000E+00   0.10000E+00    0.50249E-02  987.26         test_P_all          
.3200E+00    20.000  0.434E+02   0.25042E+00   0.00000E+00   0.10000E+00    0.50249E-02  896.05         test_P_all          
.3300E+00    20.000  0.415E+02   0.24288E+00   0.00000E+00   0.10000E+00    0.50249E-02  808.49         test_P_all          
.3400E+00    20.000  0.397E+02   0.23529E+00   0.00000E+00   0.10000E+00    0.50249E-02  724.90         test_P_all          
.3500E+00    20.000  0.380E+02   0.22767E+00   0.00000E+00   0.10000E+00    0.50249E-02  645.50         test_P_all          
.3600E+00    20.000  0.364E+02   0.22003E+00   0.00000E+00   0.10000E+00    0.50249E-02  570.55         test_P_all          
.3700E+00    20.000  0.349E+02   0.21238E+00   0.00000E+00   0.10000E+00    0.50249E-02  500.19         test_P_all          
.3800E+00    20.000  0.335E+02   0.20475E+00   0.00000E+00   0.10000E+00    0.50249E-02  434.56         test_P_all          
.3900E+00    20.000  0.322E+02   0.19715E+00   0.00000E+00   0.10000E+00    0.50249E-02  373.78         test_P_all          
.4000E+00    20.000  0.309E+02   0.18959E+00   0.00000E+00   0.10000E+00    0.17692E-02 2564.14         test_P_all          
.4100E+00    20.000  0.297E+02   0.18208E+00   0.00000E+00   0.10000E+00    0.50249E-02  266.83         test_P_all          
.4200E+00    20.000  0.285E+02   0.17465E+00   0.00000E+00   0.10000E+00    0.50249E-02  220.67         test_P_all          
.4300E+00    20.000  0.274E+02   0.16729E+00   0.00000E+00   0.10000E+00    0.50249E-02  179.31         test_P_all          
.4400E+00    20.000  0.263E+02   0.16003E+00   0.00000E+00   0.10000E+00    0.50249E-02  142.70         test_P_all          
.4500E+00    20.000  0.253E+02   0.15287E+00   0.00000E+00   0.10000E+00    0.50249E-02  110.69         test_P_all          
.4600E+00    20.000  0.244E+02   0.14583E+00   0.00000E+00   0.10000E+00    0.50249E-02   83.17         test_P_all          
.4700E+00    20.000  0.234E+02   0.13891E+00   0.00000E+00   0.10000E+00    0.50249E-02   59.96         test_P_all          
.4800E+00    20.000  0.225E+02   0.13212E+00   0.00000E+00   0.10000E+00    0.50249E-02   40.87         test_P_all          
.4900E+00    20.000  0.217E+02   0.12549E+00   0.00000E+00   0.10000E+00    0.50249E-02   25.72         test_P_all          
.5000E+00    20.000  0.209E+02   0.11900E+00   0.00000E+00   0.10000E+00    0.17692E-02  115.29         test_P_all          
.5100E+00    20.000  0.201E+02   0.11266E+00   0.00000E+00   0.10000E+00    0.50249E-02    6.35         test_P_all          
.5200E+00    20.000  0.193E+02   0.10650E+00   0.00000E+00   0.10000E+00    0.50249E-02    1.67         test_P_all          
.5300E+00    20.000  0.186E+02   0.10050E+00   0.00000E+00   0.10000E+00    0.50249E-02    0.01         test_P_all          
.5400E+00    20.000  0.179E+02   0.94685E-01   0.00000E+00   0.10000E+00    0.50249E-02   -1.12         test_P_all          
.5500E+00    20.000  0.172E+02   0.89048E-01   0.00000E+00   0.10000E+00    0.50249E-02   -4.75         test_P_all          
.5600E+00    20.000  0.166E+02   0.83594E-01   0.00000E+00   0.10000E+00    0.50249E-02  -10.66         test_P_all          
.5700E+00    20.000  0.160E+02   0.78331E-01   0.00000E+00   0.10000E+00    0.50249E-02  -18.60         test_P_all          
.5800E+00    20.000  0.154E+02   0.73257E-01   0.00000E+00   0.10000E+00    0.50249E-02  -28.33         test_P_all          
.5900E+00    20.000  0.148E+02   0.68376E-01   0.00000E+00   0.10000E+00    0.50249E-02  -39.61         test_P_all          
.6000E+00    20.000  0.142E+02   0.63690E-01   0.00000E+00   0.10000E+00    0.17692E-02 -421.21         test_P_all          
.6100E+00    20.000  0.137E+02   0.59198E-01   0.00000E+00   0.10000E+00    0.50249E-02  -65.93         test_P_all          
.6200E+00    20.000  0.131E+02   0.54904E-01   0.00000E+00   0.10000E+00    0.50249E-02  -80.54         test_P_all          
.6300E+00    20.000  0.126E+02   0.50804E-01   0.00000E+00   0.10000E+00    0.50249E-02  -95.85         test_P_all          
.6400E+00    20.000  0.121E+02   0.46898E-01   0.00000E+00   0.10000E+00    0.50249E-02 -111.68         test_P_all          
.6500E+00    20.000  0.117E+02   0.43185E-01   0.00000E+00   0.10000E+00    0.50249E-02 -127.84         test_P_all          
.6600E+00    20.000  0.112E+02   0.39663E-01   0.00000E+00   0.10000E+00    0.50249E-02 -144.18         test_P_all          
.6700E+00    20.000  0.107E+02   0.36329E-01   0.00000E+00   0.10000E+00    0.50249E-02 -160.55         test_P_all          
.6800E+00    20.000  0.103E+02   0.33182E-01   0.00000E+00   0.10000E+00    0.50249E-02 -176.82         test_P_all          
.6900E+00    20.000  0.987E+01   0.30216E-01   0.00000E+00   0.10000E+00    0.50249E-02 -192.86         test_P_all          
.7000E+00    20.000  0.945E+01   0.27431E-01   0.00000E+00   0.10000E+00    0.17692E-02 *******         test_P_all          
.7100E+00    20.000  0.905E+01   0.24819E-01   0.00000E+00   0.10000E+00    0.50249E-02 -223.85         test_P_all          
.7200E+00    20.000  0.866E+01   0.22378E-01   0.00000E+00   0.10000E+00    0.50249E-02 -238.62         test_P_all          
.7300E+00    20.000  0.828E+01   0.20103E-01   0.00000E+00   0.10000E+00    0.50249E-02 -252.81         test_P_all          
.7400E+00    20.000  0.791E+01   0.17989E-01   0.00000E+00   0.10000E+00    0.50249E-02 -266.37         test_P_all          
.7500E+00    20.000  0.755E+01   0.16031E-01   0.00000E+00   0.10000E+00    0.50249E-02 -279.24         test_P_all          
.7600E+00    20.000  0.720E+01   0.14223E-01   0.00000E+00   0.10000E+00    0.50249E-02 -291.39         test_P_all          
.7700E+00    20.000  0.686E+01   0.12559E-01   0.00000E+00   0.10000E+00    0.50249E-02 -302.81         test_P_all          
.7800E+00    20.000  0.652E+01   0.11034E-01   0.00000E+00   0.10000E+00    0.50249E-02 -313.46         test_P_all          
.7900E+00    20.000  0.620E+01   0.96424E-02   0.00000E+00   0.10000E+00    0.50249E-02 -323.35         test_P_all          
.8000E+00    20.000  0.588E+01   0.83769E-02   0.00000E+00   0.10000E+00    0.17692E-02 *******         test_P_all          
.8100E+00    20.000  0.557E+01   0.72318E-02   0.00000E+00   0.10000E+00    0.50249E-02 -340.83         test_P_all          
.8200E+00    20.000  0.527E+01   0.62008E-02   0.00000E+00   0.10000E+00    0.50249E-02 -348.45         test_P_all          
.8300E+00    20.000  0.498E+01   0.52771E-02   0.00000E+00   0.10000E+00    0.50249E-02 -355.34         test_P_all          
.8400E+00    20.000  0.469E+01   0.44548E-02   0.00000E+00   0.10000E+00    0.50249E-02 -361.54         test_P_all          
.8500E+00    20.000  0.441E+01   0.37274E-02   0.00000E+00   0.10000E+00    0.50249E-02 -367.07         test_P_all          
.8600E+00    20.000  0.414E+01   0.30878E-02   0.00000E+00   0.10000E+00    0.50249E-02 -371.96         test_P_all          
.8700E+00    20.000  0.387E+01   0.25303E-02   0.00000E+00   0.10000E+00    0.50249E-02 -376.25         test_P_all          
.8800E+00    20.000  0.361E+01   0.20486E-02   0.00000E+00   0.10000E+00    0.50249E-02 -379.98         test_P_all          
.8900E+00    20.000  0.335E+01   0.16356E-02   0.00000E+00   0.10000E+00    0.50249E-02 -383.19         test_P_all          
.9000E+00    20.000  0.310E+01   0.12860E-02   0.00000E+00   0.10000E+00    0.17692E-02 *******         test_P_all          
.9100E+00    20.000  0.286E+01   0.99350E-03   0.00000E+00   0.10000E+00    0.50249E-02 -388.21         test_P_all          
.9200E+00    20.000  0.262E+01   0.75151E-03   0.00000E+00   0.10000E+00    0.50249E-02 -390.11         test_P_all          
.9300E+00    20.000  0.239E+01   0.55565E-03   0.00000E+00   0.10000E+00    0.50249E-02 -391.65         test_P_all          
.9400E+00    20.000  0.216E+01   0.39921E-03   0.00000E+00   0.10000E+00    0.50249E-02 -392.88         test_P_all          
.9500E+00    20.000  0.193E+01   0.27691E-03   0.00000E+00   0.10000E+00    0.50249E-02 -393.85         test_P_all          
.9600E+00    20.000  0.172E+01   0.18517E-03   0.00000E+00   0.10000E+00    0.50249E-02 -394.57         test_P_all          
.9700E+00    20.000  0.150E+01   0.11670E-03   0.00000E+00   0.10000E+00    0.50249E-02 -395.12         test_P_all          
.9800E+00    20.000  0.129E+01   0.68631E-04   0.00000E+00   0.10000E+00    0.50249E-02 -395.50         test_P_all          
.9900E+00    20.000  0.108E+01   0.37960E-04   0.00000E+00   0.10000E+00    0.50249E-02 -395.74         test_P_all          
.1000E+01    20.000  0.882E+00   0.17319E-04   0.00000E+00   0.10000E+00    0.50249E-02 -395.90         test_P_all          
.1000E+00    50.000  0.451E+03   0.39517E+00   0.00000E+00   0.10000E+00    0.50249E-02 3450.62         test_P_all          
.1100E+00    50.000  0.405E+03   0.38592E+00   0.00000E+00   0.10000E+00    0.50249E-02 3237.63         test_P_all          
.1200E+00    50.000  0.368E+03   0.37748E+00   0.00000E+00   0.10000E+00    0.50249E-02 3049.39         test_P_all          
.1300E+00    50.000  0.335E+03   0.36963E+00   0.00000E+00   0.10000E+00    0.50249E-02 2879.28         test_P_all          
.1400E+00    50.000  0.308E+03   0.36213E+00   0.00000E+00   0.10000E+00    0.50249E-02 2721.25         test_P_all          
.1500E+00    50.000  0.284E+03   0.35499E+00   0.00000E+00   0.10000E+00    0.50249E-02 2574.96         test_P_all          
.1600E+00    50.000  0.263E+03   0.34796E+00   0.00000E+00   0.10000E+00    0.50249E-02 2434.92         test_P_all          
.1700E+00    50.000  0.245E+03   0.34107E+00   0.00000E+00   0.10000E+00    0.50249E-02 2301.51         test_P_all          
.1800E+00    50.000  0.229E+03   0.33424E+00   0.00000E+00   0.10000E+00    0.50249E-02 2172.99         test_P_all          
.1900E+00    50.000  0.214E+03   0.32739E+00   0.00000E+00   0.10000E+00    0.50249E-02 2047.72         test_P_all          
.2000E+00    50.000  0.201E+03   0.32053E+00   0.00000E+00   0.10000E+00    0.50249E-02 1926.08         test_P_all          
.2100E+00    50.000  0.189E+03   0.31358E+00   0.00000E+00   0.10000E+00    0.50249E-02 1806.57         test_P_all          
.2200E+00    50.000  0.178E+03   0.30656E+00   0.00000E+00   0.10000E+00    0.50249E-02 1689.75         test_P_all          
.2300E+00    50.000  0.168E+03   0.29945E+00   0.00000E+00   0.10000E+00    0.50249E-02 1575.48         test_P_all          
.2400E+00    50.000  0.159E+03   0.29224E+00   0.00000E+00   0.10000E+00    0.50249E-02 1463.56         test_P_all          
.2500E+00    50.000  0.151E+03   0.28493E+00   0.00000E+00   0.10000E+00    0.50249E-02 1354.49         test_P_all          
.2600E+00    50.000  0.143E+03   0.27753E+00   0.00000E+00   0.10000E+00    0.50249E-02 1248.19         test_P_all          
.2700E+00    50.000  0.136E+03   0.27004E+00   0.00000E+00   0.10000E+00    0.50249E-02 1145.10         test_P_all          
.2800E+00    50.000  0.129E+03   0.26248E+00   0.00000E+00   0.10000E+00    0.50249E-02 1045.48         test_P_all          
.2900E+00    50.000  0.123E+03   0.25484E+00   0.00000E+00   0.10000E+00    0.50249E-02  949.55         test_P_all          
.3000E+00    50.000  0.118E+03   0.24716E+00   0.00000E+00   0.10000E+00    0.18868E-02 6082.90         test_P_all          
.3100E+00    50.000  0.112E+03   0.23943E+00   0.00000E+00   0.10000E+00    0.50249E-02  769.95         test_P_all          
.3200E+00    50.000  0.107E+03   0.23168E+00   0.00000E+00   0.10000E+00    0.50249E-02  686.73         test_P_all          
.3300E+00    50.000  0.102E+03   0.22392E+00   0.00000E+00   0.10000E+00    0.50249E-02  608.17         test_P_all          
.3400E+00    50.000  0.979E+02   0.21616E+00   0.00000E+00   0.10000E+00    0.50249E-02  534.42         test_P_all          
.3500E+00    50.000  0.937E+02   0.20843E+00   0.00000E+00   0.10000E+00    0.50249E-02  465.58         test_P_all          
.3600E+00    50.000  0.898E+02   0.20072E+00   0.00000E+00   0.10000E+00    0.50249E-02  401.77         test_P_all          
.3700E+00    50.000  0.860E+02   0.19306E+00   0.00000E+00   0.10000E+00    0.50249E-02  342.99         test_P_all          
.3800E+00    50.000  0.825E+02   0.18546E+00   0.00000E+00   0.10000E+00    0.50249E-02  289.24         test_P_all          
.3900E+00    50.000  0.791E+02   0.17794E+00   0.00000E+00   0.10000E+00    0.50249E-02  240.55         test_P_all          
.4000E+00    50.000  0.759E+02   0.17049E+00   0.00000E+00   0.10000E+00    0.17692E-02 1587.63         test_P_all          
.4100E+00    50.000  0.728E+02   0.16315E+00   0.00000E+00   0.10000E+00    0.50249E-02  157.93         test_P_all          
.4200E+00    50.000  0.699E+02   0.15591E+00   0.00000E+00   0.10000E+00    0.50249E-02  123.80         test_P_all          
.4300E+00    50.000  0.672E+02   0.14879E+00   0.00000E+00   0.10000E+00    0.50249E-02   94.26         test_P_all          
.4400E+00    50.000  0.645E+02   0.14179E+00   0.00000E+00   0.10000E+00    0.50249E-02   69.16         test_P_all          
.4500E+00    50.000  0.620E+02   0.13493E+00   0.00000E+00   0.10000E+00    0.50249E-02   48.31         test_P_all          
.4600E+00    50.000  0.596E+02   0.12821E+00   0.00000E+00   0.10000E+00    0.50249E-02   31.51         test_P_all          
.4700E+00    50.000  0.573E+02   0.12164E+00   0.00000E+00   0.10000E+00    0.50249E-02   18.55         test_P_all          
.4800E+00    50.000  0.550E+02   0.11523E+00   0.00000E+00   0.10000E+00    0.50249E-02    9.19         test_P_all          
.4900E+00    50.000  0.529E+02   0.10898E+00   0.00000E+00   0.10000E+00    0.50249E-02    3.20         test_P_all          
.5000E+00    50.000  0.509E+02   0.10291E+00   0.00000E+00   0.10000E+00    0.17692E-02    2.70         test_P_all          
.5100E+00    50.000  0.489E+02   0.97010E-01   0.00000E+00   0.10000E+00    0.50249E-02   -0.35         test_P_all          
.5200E+00    50.000  0.470E+02   0.91291E-01   0.00000E+00   0.10000E+00    0.50249E-02   -3.00         test_P_all          
.5300E+00    50.000  0.452E+02   0.85754E-01   0.00000E+00   0.10000E+00    0.50249E-02   -8.04         test_P_all          
.5400E+00    50.000  0.435E+02   0.80407E-01   0.00000E+00   0.10000E+00    0.50249E-02  -15.20         test_P_all          
.5500E+00    50.000  0.418E+02   0.75249E-01   0.00000E+00   0.10000E+00    0.50249E-02  -24.26         test_P_all          
.5600E+00    50.000  0.402E+02   0.70284E-01   0.00000E+00   0.10000E+00    0.50249E-02  -34.97         test_P_all          
.5700E+00    50.000  0.386E+02   0.65513E-01   0.00000E+00   0.10000E+00    0.50249E-02  -47.10         test_P_all          
.5800E+00    50.000  0.371E+02   0.60935E-01   0.00000E+00   0.10000E+00    0.50249E-02  -60.44         test_P_all          
.5900E+00    50.000  0.356E+02   0.56555E-01   0.00000E+00   0.10000E+00    0.50249E-02  -74.75         test_P_all          
.6000E+00    50.000  0.342E+02   0.52369E-01   0.00000E+00   0.10000E+00    0.17692E-02 -724.83         test_P_all          
.6100E+00    50.000  0.328E+02   0.48377E-01   0.00000E+00   0.10000E+00    0.50249E-02 -105.54         test_P_all          
.6200E+00    50.000  0.315E+02   0.44580E-01   0.00000E+00   0.10000E+00    0.50249E-02 -121.64         test_P_all          
.6300E+00    50.000  0.302E+02   0.40973E-01   0.00000E+00   0.10000E+00    0.50249E-02 -137.99         test_P_all          
.6400E+00    50.000  0.290E+02   0.37557E-01   0.00000E+00   0.10000E+00    0.50249E-02 -154.42         test_P_all          
.6500E+00    50.000  0.278E+02   0.34327E-01   0.00000E+00   0.10000E+00    0.50249E-02 -170.81         test_P_all          
.6600E+00    50.000  0.266E+02   0.31281E-01   0.00000E+00   0.10000E+00    0.50249E-02 -187.02         test_P_all          
.6700E+00    50.000  0.255E+02   0.28417E-01   0.00000E+00   0.10000E+00    0.50249E-02 -202.94         test_P_all          
.6800E+00    50.000  0.244E+02   0.25729E-01   0.00000E+00   0.10000E+00    0.50249E-02 -218.46         test_P_all          
.6900E+00    50.000  0.233E+02   0.23214E-01   0.00000E+00   0.10000E+00    0.50249E-02 -233.51         test_P_all          
.7000E+00    50.000  0.223E+02   0.20868E-01   0.00000E+00   0.10000E+00    0.17692E-02 *******         test_P_all          
.7100E+00    50.000  0.213E+02   0.18685E-01   0.00000E+00   0.10000E+00    0.50249E-02 -261.87         test_P_all          
.7200E+00    50.000  0.203E+02   0.16661E-01   0.00000E+00   0.10000E+00    0.50249E-02 -275.07         test_P_all          
.7300E+00    50.000  0.194E+02   0.14790E-01   0.00000E+00   0.10000E+00    0.50249E-02 -287.55         test_P_all          
.7400E+00    50.000  0.184E+02   0.13067E-01   0.00000E+00   0.10000E+00    0.50249E-02 -299.30         test_P_all          
.7500E+00    50.000  0.175E+02   0.11487E-01   0.00000E+00   0.10000E+00    0.50249E-02 -310.28         test_P_all          
.7600E+00    50.000  0.167E+02   0.10042E-01   0.00000E+00   0.10000E+00    0.50249E-02 -320.49         test_P_all          
.7700E+00    50.000  0.158E+02   0.87280E-02   0.00000E+00   0.10000E+00    0.50249E-02 -329.92         test_P_all          
.7800E+00    50.000  0.150E+02   0.75378E-02   0.00000E+00   0.10000E+00    0.50249E-02 -338.58         test_P_all          
.7900E+00    50.000  0.142E+02   0.64651E-02   0.00000E+00   0.10000E+00    0.50249E-02 -346.49         test_P_all          
.8000E+00    50.000  0.134E+02   0.55038E-02   0.00000E+00   0.10000E+00    0.17692E-02 *******         test_P_all          
.8100E+00    50.000  0.126E+02   0.46472E-02   0.00000E+00   0.10000E+00    0.50249E-02 -360.09         test_P_all          
.8200E+00    50.000  0.119E+02   0.38887E-02   0.00000E+00   0.10000E+00    0.50249E-02 -365.84         test_P_all          
.8300E+00    50.000  0.111E+02   0.32221E-02   0.00000E+00   0.10000E+00    0.50249E-02 -370.93         test_P_all          
.8400E+00    50.000  0.104E+02   0.26407E-02   0.00000E+00   0.10000E+00    0.50249E-02 -375.40         test_P_all          
.8500E+00    50.000  0.971E+01   0.21376E-02   0.00000E+00   0.10000E+00    0.50249E-02 -379.29         test_P_all          
.8600E+00    50.000  0.902E+01   0.17072E-02   0.00000E+00   0.10000E+00    0.50249E-02 -382.63         test_P_all          
.8700E+00    50.000  0.835E+01   0.13418E-02   0.00000E+00   0.10000E+00    0.50249E-02 -385.48         test_P_all          
.8800E+00    50.000  0.770E+01   0.10363E-02   0.00000E+00   0.10000E+00    0.50249E-02 -387.87         test_P_all          
.8900E+00    50.000  0.706E+01   0.78461E-03   0.00000E+00   0.10000E+00    0.50249E-02 -389.85         test_P_all          
.9000E+00    50.000  0.644E+01   0.57939E-03   0.00000E+00   0.10000E+00    0.17692E-02 *******         test_P_all          
.9100E+00    50.000  0.583E+01   0.41664E-03   0.00000E+00   0.10000E+00    0.50249E-02 -392.75         test_P_all          
.9200E+00    50.000  0.523E+01   0.28944E-03   0.00000E+00   0.10000E+00    0.50249E-02 -393.75         test_P_all          
.9300E+00    50.000  0.465E+01   0.19277E-03   0.00000E+00   0.10000E+00    0.50249E-02 -394.51         test_P_all          
.9400E+00    50.000  0.407E+01   0.12295E-03   0.00000E+00   0.10000E+00    0.50249E-02 -395.07         test_P_all          
.9500E+00    50.000  0.351E+01   0.72287E-04   0.00000E+00   0.10000E+00    0.50249E-02 -395.47         test_P_all          
.9600E+00    50.000  0.297E+01   0.39223E-04   0.00000E+00   0.10000E+00    0.50249E-02 -395.73         test_P_all          
.9700E+00    50.000  0.243E+01   0.19076E-04   0.00000E+00   0.10000E+00    0.50249E-02 -395.89         test_P_all          
.9800E+00    50.000  0.190E+01   0.71537E-05   0.00000E+00   0.10000E+00    0.50249E-02 -395.98         test_P_all          
.9900E+00    50.000  0.139E+01   0.23902E-05   0.00000E+00   0.10000E+00    0.50249E-02 -396.02         test_P_all          
.1000E+01    50.000  0.882E+00   0.19839E-05   0.00000E+00   0.10000E+00    0.50249E-02 -396.02         test_P_all          
.1000E+00   100.000  0.901E+03   0.39729E+00   0.00000E+00   0.10000E+00    0.50249E-02 3500.29         test_P_all          
.1100E+00   100.000  0.810E+03   0.38641E+00   0.00000E+00   0.10000E+00    0.50249E-02 3248.75         test_P_all          
.1200E+00   100.000  0.734E+03   0.37658E+00   0.00000E+00   0.10000E+00    0.50249E-02 3029.56         test_P_all          
.1300E+00   100.000  0.670E+03   0.36750E+00   0.00000E+00   0.10000E+00    0.50249E-02 2833.97         test_P_all          
.1400E+00   100.000  0.615E+03   0.35889E+00   0.00000E+00   0.10000E+00    0.50249E-02 2654.40         test_P_all          
.1500E+00   100.000  0.568E+03   0.35076E+00   0.00000E+00   0.10000E+00    0.50249E-02 2490.23         test_P_all          
.1600E+00   100.000  0.526E+03   0.34281E+00   0.00000E+00   0.10000E+00    0.50249E-02 2334.87         test_P_all          
.1700E+00   100.000  0.489E+03   0.33508E+00   0.00000E+00   0.10000E+00    0.50249E-02 2188.62         test_P_all          
.1800E+00   100.000  0.456E+03   0.32748E+00   0.00000E+00   0.10000E+00    0.50249E-02 2049.38         test_P_all          
.1900E+00   100.000  0.427E+03   0.31991E+00   0.00000E+00   0.10000E+00    0.50249E-02 1915.33         test_P_all          
.2000E+00   100.000  0.401E+03   0.31240E+00   0.00000E+00   0.10000E+00    0.50249E-02 1786.73         test_P_all          
.2100E+00   100.000  0.377E+03   0.30485E+00   0.00000E+00   0.10000E+00    0.50249E-02 1661.87         test_P_all          
.2200E+00   100.000  0.355E+03   0.29727E+00   0.00000E+00   0.10000E+00    0.50249E-02 1541.25         test_P_all          
.2300E+00   100.000  0.336E+03   0.28966E+00   0.00000E+00   0.10000E+00    0.50249E-02 1424.59         test_P_all          
.2400E+00   100.000  0.318E+03   0.28199E+00   0.00000E+00   0.10000E+00    0.50249E-02 1311.65         test_P_all          
.2500E+00   100.000  0.301E+03   0.27427E+00   0.00000E+00   0.10000E+00    0.50249E-02 1202.80         test_P_all          
.2600E+00   100.000  0.285E+03   0.26650E+00   0.00000E+00   0.10000E+00    0.50249E-02 1097.89         test_P_all          
.2700E+00   100.000  0.271E+03   0.25869E+00   0.00000E+00   0.10000E+00    0.50249E-02  997.27         test_P_all          
.2800E+00   100.000  0.258E+03   0.25084E+00   0.00000E+00   0.10000E+00    0.50249E-02  901.08         test_P_all          
.2900E+00   100.000  0.246E+03   0.24297E+00   0.00000E+00   0.10000E+00    0.50249E-02  809.47         test_P_all          
.3000E+00   100.000  0.234E+03   0.23508E+00   0.00000E+00   0.10000E+00    0.18868E-02 5125.57         test_P_all          
.3100E+00   100.000  0.223E+03   0.22720E+00   0.00000E+00   0.10000E+00    0.50249E-02  640.76         test_P_all          
.3200E+00   100.000  0.213E+03   0.21933E+00   0.00000E+00   0.10000E+00    0.50249E-02  563.91         test_P_all          
.3300E+00   100.000  0.204E+03   0.21148E+00   0.00000E+00   0.10000E+00    0.50249E-02  492.21         test_P_all          
.3400E+00   100.000  0.195E+03   0.20368E+00   0.00000E+00   0.10000E+00    0.50249E-02  425.71         test_P_all          
.3500E+00   100.000  0.187E+03   0.19592E+00   0.00000E+00   0.10000E+00    0.50249E-02  364.42         test_P_all          
.3600E+00   100.000  0.179E+03   0.18824E+00   0.00000E+00   0.10000E+00    0.50249E-02  308.37         test_P_all          
.3700E+00   100.000  0.171E+03   0.18063E+00   0.00000E+00   0.10000E+00    0.50249E-02  257.48         test_P_all          
.3800E+00   100.000  0.164E+03   0.17311E+00   0.00000E+00   0.10000E+00    0.50249E-02  211.68         test_P_all          
.3900E+00   100.000  0.157E+03   0.16569E+00   0.00000E+00   0.10000E+00    0.50249E-02  170.90         test_P_all          
.4000E+00   100.000  0.151E+03   0.15838E+00   0.00000E+00   0.10000E+00    0.17692E-02 1088.87         test_P_all          
.4100E+00   100.000  0.145E+03   0.15119E+00   0.00000E+00   0.10000E+00    0.50249E-02  103.78         test_P_all          
.4200E+00   100.000  0.139E+03   0.14413E+00   0.00000E+00   0.10000E+00    0.50249E-02   77.13         test_P_all          
.4300E+00   100.000  0.133E+03   0.13721E+00   0.00000E+00   0.10000E+00    0.50249E-02   54.83         test_P_all          
.4400E+00   100.000  0.128E+03   0.13043E+00   0.00000E+00   0.10000E+00    0.50249E-02   36.68         test_P_all          
.4500E+00   100.000  0.123E+03   0.12381E+00   0.00000E+00   0.10000E+00    0.50249E-02   22.45         test_P_all          
.4600E+00   100.000  0.118E+03   0.11735E+00   0.00000E+00   0.10000E+00    0.50249E-02   11.92         test_P_all          
.4700E+00   100.000  0.114E+03   0.11105E+00   0.00000E+00   0.10000E+00    0.50249E-02    4.84         test_P_all          
.4800E+00   100.000  0.109E+03   0.10493E+00   0.00000E+00   0.10000E+00    0.50249E-02    0.96         test_P_all          
.4900E+00   100.000  0.105E+03   0.98978E-01   0.00000E+00   0.10000E+00    0.50249E-02   -0.04         test_P_all          
.5000E+00   100.000  0.101E+03   0.93210E-01   0.00000E+00   0.10000E+00    0.17692E-02  -14.73         test_P_all          
.5100E+00   100.000  0.970E+02   0.87628E-01   0.00000E+00   0.10000E+00    0.50249E-02   -6.06         test_P_all          
.5200E+00   100.000  0.932E+02   0.82234E-01   0.00000E+00   0.10000E+00    0.50249E-02  -12.50         test_P_all          
.5300E+00   100.000  0.896E+02   0.77029E-01   0.00000E+00   0.10000E+00    0.50249E-02  -20.90         test_P_all          
.5400E+00   100.000  0.861E+02   0.72018E-01   0.00000E+00   0.10000E+00    0.50249E-02  -31.01         test_P_all          
.5500E+00   100.000  0.827E+02   0.67199E-01   0.00000E+00   0.10000E+00    0.50249E-02  -42.61         test_P_all          
.5600E+00   100.000  0.795E+02   0.62576E-01   0.00000E+00   0.10000E+00    0.50249E-02  -55.47         test_P_all          
.5700E+00   100.000  0.763E+02   0.58147E-01   0.00000E+00   0.10000E+00    0.50249E-02  -69.37         test_P_all          
.5800E+00   100.000  0.733E+02   0.53912E-01   0.00000E+00   0.10000E+00    0.50249E-02  -84.12         test_P_all          
.5900E+00   100.000  0.704E+02   0.49872E-01   0.00000E+00   0.10000E+00    0.50249E-02  -99.52         test_P_all          
.6000E+00   100.000  0.675E+02   0.46024E-01   0.00000E+00   0.10000E+00    0.17692E-02 -930.79         test_P_all          
.6100E+00   100.000  0.648E+02   0.42368E-01   0.00000E+00   0.10000E+00    0.50249E-02 -131.54         test_P_all          
.6200E+00   100.000  0.622E+02   0.38901E-01   0.00000E+00   0.10000E+00    0.50249E-02 -147.85         test_P_all          
.6300E+00   100.000  0.596E+02   0.35619E-01   0.00000E+00   0.10000E+00    0.50249E-02 -164.15         test_P_all          
.6400E+00   100.000  0.571E+02   0.32523E-01   0.00000E+00   0.10000E+00    0.50249E-02 -180.32         test_P_all          
.6500E+00   100.000  0.547E+02   0.29605E-01   0.00000E+00   0.10000E+00    0.50249E-02 -196.25         test_P_all          
.6600E+00   100.000  0.524E+02   0.26865E-01   0.00000E+00   0.10000E+00    0.50249E-02 -211.83         test_P_all          
.6700E+00   100.000  0.501E+02   0.24297E-01   0.00000E+00   0.10000E+00    0.50249E-02 -226.97         test_P_all          
.6800E+00   100.000  0.479E+02   0.21897E-01   0.00000E+00   0.10000E+00    0.50249E-02 -241.58         test_P_all          
.6900E+00   100.000  0.458E+02   0.19662E-01   0.00000E+00   0.10000E+00    0.50249E-02 -255.61         test_P_all          
.7000E+00   100.000  0.437E+02   0.17584E-01   0.00000E+00   0.10000E+00    0.17692E-02 *******         test_P_all          
.7100E+00   100.000  0.417E+02   0.15661E-01   0.00000E+00   0.10000E+00    0.50249E-02 -281.71         test_P_all          
.7200E+00   100.000  0.398E+02   0.13885E-01   0.00000E+00   0.10000E+00    0.50249E-02 -293.69         test_P_all          
.7300E+00   100.000  0.379E+02   0.12252E-01   0.00000E+00   0.10000E+00    0.50249E-02 -304.94         test_P_all          
.7400E+00   100.000  0.360E+02   0.10756E-01   0.00000E+00   0.10000E+00    0.50249E-02 -315.43         test_P_all          
.7500E+00   100.000  0.342E+02   0.93908E-02   0.00000E+00   0.10000E+00    0.50249E-02 -325.15         test_P_all          
.7600E+00   100.000  0.325E+02   0.81504E-02   0.00000E+00   0.10000E+00    0.50249E-02 -334.11         test_P_all          
.7700E+00   100.000  0.308E+02   0.70288E-02   0.00000E+00   0.10000E+00    0.50249E-02 -342.32         test_P_all          
.7800E+00   100.000  0.291E+02   0.60198E-02   0.00000E+00   0.10000E+00    0.50249E-02 -349.79         test_P_all          
.7900E+00   100.000  0.275E+02   0.51166E-02   0.00000E+00   0.10000E+00    0.50249E-02 -356.55         test_P_all          
.8000E+00   100.000  0.259E+02   0.43134E-02   0.00000E+00   0.10000E+00    0.17692E-02 *******         test_P_all          
.8100E+00   100.000  0.243E+02   0.36034E-02   0.00000E+00   0.10000E+00    0.50249E-02 -368.01         test_P_all          
.8200E+00   100.000  0.228E+02   0.29804E-02   0.00000E+00   0.10000E+00    0.50249E-02 -372.78         test_P_all          
.8300E+00   100.000  0.214E+02   0.24385E-02   0.00000E+00   0.10000E+00    0.50249E-02 -376.96         test_P_all          
.8400E+00   100.000  0.199E+02   0.19700E-02   0.00000E+00   0.10000E+00    0.50249E-02 -380.59         test_P_all          
.8500E+00   100.000  0.185E+02   0.15700E-02   0.00000E+00   0.10000E+00    0.50249E-02 -383.70         test_P_all          
.8600E+00   100.000  0.172E+02   0.12319E-02   0.00000E+00   0.10000E+00    0.50249E-02 -386.34         test_P_all          
.8700E+00   100.000  0.158E+02   0.94921E-03   0.00000E+00   0.10000E+00    0.50249E-02 -388.56         test_P_all          
.8800E+00   100.000  0.145E+02   0.71720E-03   0.00000E+00   0.10000E+00    0.50249E-02 -390.38         test_P_all          
.8900E+00   100.000  0.132E+02   0.52849E-03   0.00000E+00   0.10000E+00    0.50249E-02 -391.86         test_P_all          
.9000E+00   100.000  0.120E+02   0.37884E-03   0.00000E+00   0.10000E+00    0.17692E-02 *******         test_P_all          
.9100E+00   100.000  0.108E+02   0.26300E-03   0.00000E+00   0.10000E+00    0.50249E-02 -393.96         test_P_all          
.9200E+00   100.000  0.958E+01   0.17458E-03   0.00000E+00   0.10000E+00    0.50249E-02 -394.66         test_P_all          
.9300E+00   100.000  0.841E+01   0.11081E-03   0.00000E+00   0.10000E+00    0.50249E-02 -395.16         test_P_all          
.9400E+00   100.000  0.726E+01   0.65392E-04   0.00000E+00   0.10000E+00    0.50249E-02 -395.52         test_P_all          
.9500E+00   100.000  0.614E+01   0.35252E-04   0.00000E+00   0.10000E+00    0.50249E-02 -395.76         test_P_all          
.9600E+00   100.000  0.505E+01   0.17430E-04   0.00000E+00   0.10000E+00    0.50249E-02 -395.90         test_P_all          
.9700E+00   100.000  0.397E+01   0.65864E-05   0.00000E+00   0.10000E+00    0.50249E-02 -395.99         test_P_all          
.9800E+00   100.000  0.292E+01   0.21293E-05   0.00000E+00   0.10000E+00    0.50249E-02 -396.02         test_P_all          
.9900E+00   100.000  0.189E+01   0.16405E-05   0.00000E+00   0.10000E+00    0.50249E-02 -396.03         test_P_all          
.1000E+01   100.000  0.882E+00   0.22593E-05   0.00000E+00   0.10000E+00    0.50249E-02 -396.02         test_P_all          



 CHI SQUARE=******** FOR  582 POINTS   CHISQ/NPTS= 1110.77
 Signed chisquare total =********
 Modified residual =********


Summary normalization chi2 contributions

 data set     normalization        error         chisq


Summary chi2 per data set

 data set                chisq    _w     signd    _w     resid     _w   npts   chisq/pts  _w
test_P_all            646467.1        447980.2        ********           582 1110.77
------------------------------------------------------------------------------------
          TOTAL       646467.1646467.1447980.2     0.0****************   582 1110.77 1110.77
          TOTAL+norm  646467.1646467.1                                   582 1110.77 1110.77



            Momentum Sum Rule Check


      q2      alphas      xuv       xdv       xub       xdb       xsb       xcb       xbb      xglue     total
      1.69    0.3845    0.3195    0.1367    0.0567    0.0677    0.0249    0.0000    0.0000    0.3948    1.0002
    100.00    0.1784    0.2251    0.0963    0.0659    0.0736    0.0435    0.0260    0.0088    0.4580    0.9972
   1000.00    0.1407    0.0000    0.0000    0.0000    0.0000    0.0000    0.0000    0.0000    0.0000    0.0000
   8315.00    0.1180    0.0000    0.0000    0.0000    0.0000    0.0000    0.0000    0.0000    0.0000    0.0000


 Vector Boson Cross Sections

 sqrt(s)   sigma(W)    error    theory

   1960.     2.865     0.063       0.000     D0

   1960.     2.749     0.054       0.000     CDF

   7000.     9.95      0.29        0.000     CMS

   7000.     9.96      0.55        0.000     ATLAS

 sqrt(s)   sigma(Z)    error    theory

   1960.     .2649     .0094       0.000     D0

   1960.     .2549     .0057       0.000     CDF

   7000.     .931      0.035       0.000     CMS

   7000.     .82       0.08        0.000     ATLAS


 KP off-shell parameters -- N*(x-x0)*(x-x1)*(1+x0-x)

  N =   0.35054E-01 +-     0.0000    
 x0 =    1.2843     +-     0.0000    
 x1 =   -1.3031     +-     0.0000    
