 Correlated errors added in quadrature with statistical errors
 test_P_all DIS data with   1.69< Q2 < 0.500D+03 and 0.000 < xB < 1.000 and   0.00< W2 < 0.100D+05 and 0.000 < y < 1.000
   GP TMC applied
   no HT corrections

# fitpack15: fit output
# CJ15 AV18 final data choices                                                 

Parametrization   7 used here

 S-ACOT scheme used  for NC DIS

 charm mass =     1.30 GeV     bottom mass =     4.50 GeV



 THIS IS A NEXT TO LEADING ORDER FIT

 Q02=    1.69
         1  LAMBDA      VALUE=   0.22680      WEIGHT=    0.0000    
         2  a0uv        VALUE=    2.4057      WEIGHT=    0.0000    
         3  a1uv        VALUE=   0.61527      WEIGHT=   0.19854E-01
         4  a2uv        VALUE=    3.5433      WEIGHT=   0.12409E-01
         5  a3uv        VALUE=    0.0000      WEIGHT=    0.0000    
         6  a4uv        VALUE=    3.4627      WEIGHT=   0.42879    
         7  a5uv        VALUE=    0.0000      WEIGHT=    0.0000    
         8  a0dv        VALUE=    24.697      WEIGHT=    0.0000    
         9  a1dv        VALUE=    1.1596      WEIGHT=   0.33520E-01
        10  a2dv        VALUE=    6.5512      WEIGHT=   0.15896    
        11  a3dv        VALUE=   -3.5032      WEIGHT=   0.86016E-01
        12  a4dv        VALUE=    4.6782      WEIGHT=   0.14268    
        13  a5dv        VALUE=    0.0000      WEIGHT=    0.0000    
        14  a0ud        VALUE=   0.14659      WEIGHT=   0.50361E-02
        15  a1ud        VALUE=  -0.20775      WEIGHT=   0.37553E-02
        16  a2ud        VALUE=    8.3267      WEIGHT=   0.19161    
        17  a3ud        VALUE=    0.0000      WEIGHT=    0.0000    
        18  a4ud        VALUE=    14.601      WEIGHT=    1.2247    
        19  a5ud        VALUE=    0.0000      WEIGHT=    0.0000    
        20  a0du        VALUE=    35712.      WEIGHT=    0.0000    
        21  a1du        VALUE=    4.0252      WEIGHT=   0.75473E-01
        22  a2du        VALUE=    20.144      WEIGHT=   0.87860    
        23  a3du        VALUE=    17.000      WEIGHT=    0.0000    
        24  a4du        VALUE=    51.091      WEIGHT=    10.584    
        25  a0g         VALUE=    45.571      WEIGHT=    0.0000    
        26  a1g         VALUE=   0.60322      WEIGHT=   0.31070E-01
        27  a2g         VALUE=    6.4873      WEIGHT=   0.95511    
        28  a3g         VALUE=   -3.3066      WEIGHT=   0.13332    
        29  a4g         VALUE=    3.1735      WEIGHT=   0.31786    
        30  a5g         VALUE=    0.0000      WEIGHT=    0.0000    
        31  kappa       VALUE=   0.40000      WEIGHT=    0.0000    
        32  a6dv        VALUE=  -0.35943E-02  WEIGHT=   0.66793E-03
        33  a7dv        VALUE=    2.0000      WEIGHT=    0.0000    
        34  off1        VALUE=   -3.6902      WEIGHT=    1.5189    
        35  off2        VALUE=   0.57084E-01  WEIGHT=   0.58158E-01
        36  ht1         VALUE=   -3.2893      WEIGHT=   0.25773    
        37  ht2         VALUE=    1.9288      WEIGHT=   0.10502    
        38  ht3         VALUE=   -2.0694      WEIGHT=   0.18364E-01
        39  ht4         VALUE=    0.0000      WEIGHT=    0.0000    
        40  dummy40     VALUE=    0.0000      WEIGHT=    0.0000    
        41  dummy41     VALUE=    0.0000      WEIGHT=    0.0000    
        42  dummy42     VALUE=    0.0000      WEIGHT=    0.0000    
        43  dummy43     VALUE=    0.0000      WEIGHT=    0.0000    
        44  dummy44     VALUE=    0.0000      WEIGHT=    0.0000    
        45  dummy45     VALUE=    0.0000      WEIGHT=    0.0000    
        46  dummy46     VALUE=    0.0000      WEIGHT=    0.0000    
        47  dummy47     VALUE=    0.0000      WEIGHT=    0.0000    
        48  dummy48     VALUE=    0.0000      WEIGHT=    0.0000    
        49  dummy49     VALUE=    0.0000      WEIGHT=    0.0000    
        50  bcdmsh2     VALUE=   0.97307      WEIGHT=   0.48213E-02
        51  bcdmsd2     VALUE=   0.99317      WEIGHT=   0.58316E-02
        52  ccfr        VALUE=    1.0000      WEIGHT=    0.0000    
        53  nutev       VALUE=    1.0000      WEIGHT=    0.0000    
        54  zeus        VALUE=   0.97998      WEIGHT=    0.0000    
        55  h1          VALUE=    1.0162      WEIGHT=    0.0000    
        56  e605        VALUE=    1.0319      WEIGHT=    0.0000    
        57  NmcH2       VALUE=    1.0095      WEIGHT=   0.71229E-02
        58  ntv_nu      VALUE=    1.0000      WEIGHT=    0.0000    
        59  ntv_nubar   VALUE=    1.0000      WEIGHT=    0.0000    
        60  cdf_jet     VALUE=   0.98910      WEIGHT=    0.0000    
        61  d0_jet      VALUE=   0.83504      WEIGHT=    0.0000    
        62  slac_p      VALUE=    1.0049      WEIGHT=   0.48130E-02
        63  slac_d      VALUE=    1.0042      WEIGHT=   0.52770E-02
        64  e866pp      VALUE=   0.96583      WEIGHT=   0.19253E-01
        65  e866pd      VALUE=   0.96377      WEIGHT=   0.15819E-01
        66  d0_gamjet   VALUE=    1.0389      WEIGHT=   0.16480E-01
        67  h1b         VALUE=   0.97608      WEIGHT=    0.0000    
        68  jlab_p      VALUE=   0.99439      WEIGHT=   0.57921E-02
        69  jlab_d      VALUE=   0.97552      WEIGHT=   0.59078E-02
        70  blank       VALUE=    1.0000      WEIGHT=    0.0000    
        71  d0run2      VALUE=   0.94082      WEIGHT=   0.14133E-01
        72  cdfrun2     VALUE=   0.92646      WEIGHT=   0.17222E-01
        73  HERA_el     VALUE=    1.0000      WEIGHT=    0.0000    
        74  HERA_ps     VALUE=    1.0000      WEIGHT=    0.0000    
        75  CDF_Z       VALUE=   0.96583      WEIGHT=   0.65170E-02
        76  NmcRat      VALUE=    1.0000      WEIGHT=    0.0000    
        77  BNS_F2nd    VALUE=   0.98318      WEIGHT=   0.69178E-02
        78  HERMES_F2p  VALUE=   0.99832      WEIGHT=   0.55662E-02
        79  HERMES_F2d  VALUE=   0.98040      WEIGHT=   0.58223E-02
0THE TOLERANCE IS    0.1000
 THE MAXIMUM NUMBER OF STEPS IS 100
0THE INITIAL CHI SQUARED IS  6.47485E+05



     X        Q2         W2       THEORY        error         DATA           ERROR        chi^2     _w    ITYPE
.1000E-01     2.000  0.199E+03   0.35443E+00   0.00000E+00   0.10000E+00    0.50249E-02 2563.77         test_P_all
.2000E-01     2.000  0.989E+02   0.33560E+00   0.00000E+00   0.10000E+00    0.50249E-02 2198.24         test_P_all
.3000E-01     2.000  0.655E+02   0.33157E+00   0.00000E+00   0.10000E+00    0.50249E-02 2123.77         test_P_all
.4000E-01     2.000  0.489E+02   0.33504E+00   0.00000E+00   0.10000E+00    0.50249E-02 2187.83         test_P_all
.5000E-01     2.000  0.389E+02   0.33894E+00   0.00000E+00   0.10000E+00    0.50249E-02 2261.14         test_P_all
.6000E-01     2.000  0.322E+02   0.34388E+00   0.00000E+00   0.10000E+00    0.50249E-02 2355.53         test_P_all
.7000E-01     2.000  0.275E+02   0.34802E+00   0.00000E+00   0.10000E+00    0.50249E-02 2436.27         test_P_all
.8000E-01     2.000  0.239E+02   0.35141E+00   0.00000E+00   0.10000E+00    0.50249E-02 2503.23         test_P_all
.9000E-01     2.000  0.211E+02   0.35422E+00   0.00000E+00   0.10000E+00    0.50249E-02 2559.59         test_P_all
.1000E+00     2.000  0.189E+02   0.35631E+00   0.00000E+00   0.10000E+00    0.50249E-02 2601.77         test_P_all
.1100E+00     2.000  0.171E+02   0.35805E+00   0.00000E+00   0.10000E+00    0.50249E-02 2637.12         test_P_all
.1200E+00     2.000  0.155E+02   0.35933E+00   0.00000E+00   0.10000E+00    0.50249E-02 2663.53         test_P_all
.1300E+00     2.000  0.143E+02   0.36021E+00   0.00000E+00   0.10000E+00    0.50249E-02 2681.49         test_P_all
.1400E+00     2.000  0.132E+02   0.36084E+00   0.00000E+00   0.10000E+00    0.50249E-02 2694.53         test_P_all
.1500E+00     2.000  0.122E+02   0.36110E+00   0.00000E+00   0.10000E+00    0.50249E-02 2699.97         test_P_all
.1600E+00     2.000  0.114E+02   0.36105E+00   0.00000E+00   0.10000E+00    0.50249E-02 2698.80         test_P_all
.1700E+00     2.000  0.106E+02   0.36066E+00   0.00000E+00   0.10000E+00    0.50249E-02 2690.76         test_P_all
.1800E+00     2.000  0.999E+01   0.35991E+00   0.00000E+00   0.10000E+00    0.50249E-02 2675.42         test_P_all
.1900E+00     2.000  0.941E+01   0.35880E+00   0.00000E+00   0.10000E+00    0.50249E-02 2652.59         test_P_all
.2000E+00     2.000  0.888E+01   0.35732E+00   0.00000E+00   0.10000E+00    0.50249E-02 2622.34         test_P_all
.2100E+00     2.000  0.841E+01   0.35546E+00   0.00000E+00   0.10000E+00    0.50249E-02 2584.46         test_P_all
.2200E+00     2.000  0.797E+01   0.35320E+00   0.00000E+00   0.10000E+00    0.50249E-02 2538.94         test_P_all
.2300E+00     2.000  0.758E+01   0.35056E+00   0.00000E+00   0.10000E+00    0.50249E-02 2486.31         test_P_all
.2400E+00     2.000  0.722E+01   0.34751E+00   0.00000E+00   0.10000E+00    0.50249E-02 2426.21         test_P_all
.2500E+00     2.000  0.688E+01   0.34408E+00   0.00000E+00   0.10000E+00    0.50249E-02 2359.46         test_P_all
.2600E+00     2.000  0.657E+01   0.34028E+00   0.00000E+00   0.10000E+00    0.50249E-02 2286.55         test_P_all
.2700E+00     2.000  0.629E+01   0.33610E+00   0.00000E+00   0.10000E+00    0.50249E-02 2207.67         test_P_all
.2800E+00     2.000  0.602E+01   0.33157E+00   0.00000E+00   0.10000E+00    0.50249E-02 2123.77         test_P_all
.2900E+00     2.000  0.578E+01   0.32671E+00   0.00000E+00   0.10000E+00    0.50249E-02 2035.46         test_P_all
.3000E+00     2.000  0.555E+01   0.32152E+00   0.00000E+00   0.10000E+00    0.18868E-02 *******         test_P_all
.3100E+00     2.000  0.533E+01   0.31604E+00   0.00000E+00   0.10000E+00    0.50249E-02 1848.39         test_P_all
.3200E+00     2.000  0.513E+01   0.31028E+00   0.00000E+00   0.10000E+00    0.50249E-02 1751.26         test_P_all
.3300E+00     2.000  0.494E+01   0.30428E+00   0.00000E+00   0.10000E+00    0.50249E-02 1652.72         test_P_all
.3400E+00     2.000  0.476E+01   0.29806E+00   0.00000E+00   0.10000E+00    0.50249E-02 1553.55         test_P_all
.3500E+00     2.000  0.460E+01   0.29164E+00   0.00000E+00   0.10000E+00    0.50249E-02 1454.49         test_P_all
.3600E+00     2.000  0.444E+01   0.28505E+00   0.00000E+00   0.10000E+00    0.50249E-02 1356.19         test_P_all
.3700E+00     2.000  0.429E+01   0.27831E+00   0.00000E+00   0.10000E+00    0.50249E-02 1259.23         test_P_all
.3800E+00     2.000  0.414E+01   0.27146E+00   0.00000E+00   0.10000E+00    0.50249E-02 1164.29         test_P_all
.3900E+00     2.000  0.401E+01   0.26451E+00   0.00000E+00   0.10000E+00    0.50249E-02 1071.79         test_P_all
.4000E+00     2.000  0.388E+01   0.25748E+00   0.00000E+00   0.10000E+00    0.17692E-02 7923.03         test_P_all
.4100E+00     2.000  0.376E+01   0.25040E+00   0.00000E+00   0.10000E+00    0.50249E-02  895.84         test_P_all
.4200E+00     2.000  0.364E+01   0.24329E+00   0.00000E+00   0.10000E+00    0.50249E-02  813.12         test_P_all
.4300E+00     2.000  0.353E+01   0.23616E+00   0.00000E+00   0.10000E+00    0.50249E-02  734.23         test_P_all
.4400E+00     2.000  0.343E+01   0.22904E+00   0.00000E+00   0.10000E+00    0.50249E-02  659.46         test_P_all
.4500E+00     2.000  0.333E+01   0.22194E+00   0.00000E+00   0.10000E+00    0.50249E-02  588.90         test_P_all
.4600E+00     2.000  0.323E+01   0.21488E+00   0.00000E+00   0.10000E+00    0.50249E-02  522.66         test_P_all
.4700E+00     2.000  0.314E+01   0.20787E+00   0.00000E+00   0.10000E+00    0.50249E-02  460.82         test_P_all
.4800E+00     2.000  0.305E+01   0.20093E+00   0.00000E+00   0.10000E+00    0.50249E-02  403.41         test_P_all
.4900E+00     2.000  0.296E+01   0.19406E+00   0.00000E+00   0.10000E+00    0.50249E-02  350.38         test_P_all
.5000E+00     2.000  0.288E+01   0.18728E+00   0.00000E+00   0.10000E+00    0.17692E-02 2433.86         test_P_all
.5100E+00     2.000  0.280E+01   0.18060E+00   0.00000E+00   0.10000E+00    0.50249E-02  257.31         test_P_all
.5200E+00     2.000  0.273E+01   0.17404E+00   0.00000E+00   0.10000E+00    0.50249E-02  217.08         test_P_all
.5300E+00     2.000  0.266E+01   0.16758E+00   0.00000E+00   0.10000E+00    0.50249E-02  180.88         test_P_all
.5400E+00     2.000  0.259E+01   0.16126E+00   0.00000E+00   0.10000E+00    0.50249E-02  148.60         test_P_all
.5500E+00     2.000  0.252E+01   0.15506E+00   0.00000E+00   0.10000E+00    0.50249E-02  120.06         test_P_all
.5600E+00     2.000  0.245E+01   0.14900E+00   0.00000E+00   0.10000E+00    0.50249E-02   95.08         test_P_all
.5700E+00     2.000  0.239E+01   0.14308E+00   0.00000E+00   0.10000E+00    0.50249E-02   73.50         test_P_all
.5800E+00     2.000  0.233E+01   0.13731E+00   0.00000E+00   0.10000E+00    0.50249E-02   55.12         test_P_all
.5900E+00     2.000  0.227E+01   0.13168E+00   0.00000E+00   0.10000E+00    0.50249E-02   39.76         test_P_all
.6000E+00     2.000  0.222E+01   0.12621E+00   0.00000E+00   0.10000E+00    0.17692E-02  219.47         test_P_all
.6100E+00     2.000  0.216E+01   0.12089E+00   0.00000E+00   0.10000E+00    0.50249E-02   17.29         test_P_all
.6200E+00     2.000  0.211E+01   0.11573E+00   0.00000E+00   0.10000E+00    0.50249E-02    9.80         test_P_all
.6300E+00     2.000  0.206E+01   0.11072E+00   0.00000E+00   0.10000E+00    0.50249E-02    4.55         test_P_all
.6400E+00     2.000  0.201E+01   0.10587E+00   0.00000E+00   0.10000E+00    0.50249E-02    1.36         test_P_all
.6500E+00     2.000  0.196E+01   0.10117E+00   0.00000E+00   0.10000E+00    0.50249E-02    0.05         test_P_all
.6600E+00     2.000  0.191E+01   0.96627E-01   0.00000E+00   0.10000E+00    0.50249E-02   -0.45         test_P_all
.6700E+00     2.000  0.187E+01   0.92238E-01   0.00000E+00   0.10000E+00    0.50249E-02   -2.39         test_P_all
.6800E+00     2.000  0.182E+01   0.88001E-01   0.00000E+00   0.10000E+00    0.50249E-02   -5.70         test_P_all
.6900E+00     2.000  0.178E+01   0.83917E-01   0.00000E+00   0.10000E+00    0.50249E-02  -10.24         test_P_all
.7000E+00     2.000  0.174E+01   0.79980E-01   0.00000E+00   0.10000E+00    0.17692E-02 -128.05         test_P_all
.7100E+00     2.000  0.170E+01   0.76188E-01   0.00000E+00   0.10000E+00    0.50249E-02  -22.46         test_P_all
.7200E+00     2.000  0.166E+01   0.72540E-01   0.00000E+00   0.10000E+00    0.50249E-02  -29.86         test_P_all
.7300E+00     2.000  0.162E+01   0.69034E-01   0.00000E+00   0.10000E+00    0.50249E-02  -37.98         test_P_all
.7400E+00     2.000  0.158E+01   0.65664E-01   0.00000E+00   0.10000E+00    0.50249E-02  -46.69         test_P_all
.7500E+00     2.000  0.155E+01   0.62429E-01   0.00000E+00   0.10000E+00    0.50249E-02  -55.91         test_P_all
.7600E+00     2.000  0.151E+01   0.59324E-01   0.00000E+00   0.10000E+00    0.50249E-02  -65.53         test_P_all
.7700E+00     2.000  0.148E+01   0.56349E-01   0.00000E+00   0.10000E+00    0.50249E-02  -75.46         test_P_all
.7800E+00     2.000  0.145E+01   0.53498E-01   0.00000E+00   0.10000E+00    0.50249E-02  -85.64         test_P_all
.7900E+00     2.000  0.141E+01   0.50767E-01   0.00000E+00   0.10000E+00    0.50249E-02  -96.00         test_P_all
.8000E+00     2.000  0.138E+01   0.48152E-01   0.00000E+00   0.10000E+00    0.17692E-02 -858.84         test_P_all
.8100E+00     2.000  0.135E+01   0.45654E-01   0.00000E+00   0.10000E+00    0.50249E-02 -116.97         test_P_all
.8200E+00     2.000  0.132E+01   0.43265E-01   0.00000E+00   0.10000E+00    0.50249E-02 -127.48         test_P_all
.8300E+00     2.000  0.129E+01   0.40982E-01   0.00000E+00   0.10000E+00    0.50249E-02 -137.95         test_P_all
.8400E+00     2.000  0.126E+01   0.38801E-01   0.00000E+00   0.10000E+00    0.50249E-02 -148.33         test_P_all
.8500E+00     2.000  0.123E+01   0.36720E-01   0.00000E+00   0.10000E+00    0.50249E-02 -158.59         test_P_all
.8600E+00     2.000  0.121E+01   0.34737E-01   0.00000E+00   0.10000E+00    0.50249E-02 -168.69         test_P_all
.8700E+00     2.000  0.118E+01   0.32845E-01   0.00000E+00   0.10000E+00    0.50249E-02 -178.61         test_P_all
.8800E+00     2.000  0.115E+01   0.31042E-01   0.00000E+00   0.10000E+00    0.50249E-02 -188.33         test_P_all
.8900E+00     2.000  0.113E+01   0.29324E-01   0.00000E+00   0.10000E+00    0.50249E-02 -197.83         test_P_all
.9000E+00     2.000  0.110E+01   0.27689E-01   0.00000E+00   0.10000E+00    0.17692E-02 *******         test_P_all
.9100E+00     2.000  0.108E+01   0.26133E-01   0.00000E+00   0.10000E+00    0.50249E-02 -216.09         test_P_all
.9200E+00     2.000  0.106E+01   0.24654E-01   0.00000E+00   0.10000E+00    0.50249E-02 -224.83         test_P_all
.9300E+00     2.000  0.103E+01   0.23247E-01   0.00000E+00   0.10000E+00    0.50249E-02 -233.31         test_P_all
.9400E+00     2.000  0.101E+01   0.21910E-01   0.00000E+00   0.10000E+00    0.50249E-02 -241.51         test_P_all
.9500E+00     2.000  0.987E+00   0.20640E-01   0.00000E+00   0.10000E+00    0.50249E-02 -249.43         test_P_all
.9600E+00     2.000  0.965E+00   0.19435E-01   0.00000E+00   0.10000E+00    0.50249E-02 -257.06         test_P_all
.9700E+00     2.000  0.944E+00   0.18291E-01   0.00000E+00   0.10000E+00    0.50249E-02 -264.41         test_P_all
.9800E+00     2.000  0.923E+00   0.17206E-01   0.00000E+00   0.10000E+00    0.50249E-02 -271.48         test_P_all
.9900E+00     2.000  0.902E+00   0.16177E-01   0.00000E+00   0.10000E+00    0.50249E-02 -278.27         test_P_all
.1000E+01     2.000  0.882E+00   0.15201E-01   0.00000E+00   0.10000E+00    0.50249E-02 -284.78         test_P_all
.1000E-01     5.000  0.496E+03   0.46192E+00   0.00000E+00   0.10000E+00    0.50249E-02 5187.63         test_P_all
.2000E-01     5.000  0.246E+03   0.41607E+00   0.00000E+00   0.10000E+00    0.50249E-02 3956.49         test_P_all
.3000E-01     5.000  0.163E+03   0.39705E+00   0.00000E+00   0.10000E+00    0.50249E-02 3494.56         test_P_all
.4000E-01     5.000  0.121E+03   0.39076E+00   0.00000E+00   0.10000E+00    0.50249E-02 3348.18         test_P_all
.5000E-01     5.000  0.959E+02   0.38606E+00   0.00000E+00   0.10000E+00    0.50249E-02 3240.87         test_P_all
.6000E-01     5.000  0.792E+02   0.38396E+00   0.00000E+00   0.10000E+00    0.50249E-02 3193.33         test_P_all
.7000E-01     5.000  0.673E+02   0.38176E+00   0.00000E+00   0.10000E+00    0.50249E-02 3144.15         test_P_all
.8000E-01     5.000  0.584E+02   0.37976E+00   0.00000E+00   0.10000E+00    0.50249E-02 3099.61         test_P_all
.9000E-01     5.000  0.514E+02   0.37773E+00   0.00000E+00   0.10000E+00    0.50249E-02 3054.76         test_P_all
.1000E+00     5.000  0.459E+02   0.37559E+00   0.00000E+00   0.10000E+00    0.50249E-02 3008.02         test_P_all
.1100E+00     5.000  0.413E+02   0.37349E+00   0.00000E+00   0.10000E+00    0.50249E-02 2962.22         test_P_all
.1200E+00     5.000  0.375E+02   0.37137E+00   0.00000E+00   0.10000E+00    0.50249E-02 2916.46         test_P_all
.1300E+00     5.000  0.343E+02   0.36916E+00   0.00000E+00   0.10000E+00    0.50249E-02 2869.28         test_P_all
.1400E+00     5.000  0.316E+02   0.36688E+00   0.00000E+00   0.10000E+00    0.50249E-02 2820.79         test_P_all
.1500E+00     5.000  0.292E+02   0.36448E+00   0.00000E+00   0.10000E+00    0.50249E-02 2770.24         test_P_all
.1600E+00     5.000  0.271E+02   0.36190E+00   0.00000E+00   0.10000E+00    0.50249E-02 2716.55         test_P_all
.1700E+00     5.000  0.253E+02   0.35915E+00   0.00000E+00   0.10000E+00    0.50249E-02 2659.66         test_P_all
.1800E+00     5.000  0.237E+02   0.35618E+00   0.00000E+00   0.10000E+00    0.50249E-02 2599.13         test_P_all
.1900E+00     5.000  0.222E+02   0.35295E+00   0.00000E+00   0.10000E+00    0.50249E-02 2534.07         test_P_all
.2000E+00     5.000  0.209E+02   0.34948E+00   0.00000E+00   0.10000E+00    0.50249E-02 2465.02         test_P_all
.2100E+00     5.000  0.197E+02   0.34572E+00   0.00000E+00   0.10000E+00    0.50249E-02 2391.24         test_P_all
.2200E+00     5.000  0.186E+02   0.34167E+00   0.00000E+00   0.10000E+00    0.50249E-02 2313.12         test_P_all
.2300E+00     5.000  0.176E+02   0.33735E+00   0.00000E+00   0.10000E+00    0.50249E-02 2231.08         test_P_all
.2400E+00     5.000  0.167E+02   0.33271E+00   0.00000E+00   0.10000E+00    0.50249E-02 2144.77         test_P_all
.2500E+00     5.000  0.159E+02   0.32779E+00   0.00000E+00   0.10000E+00    0.50249E-02 2055.05         test_P_all
.2600E+00     5.000  0.151E+02   0.32258E+00   0.00000E+00   0.10000E+00    0.50249E-02 1962.11         test_P_all
.2700E+00     5.000  0.144E+02   0.31709E+00   0.00000E+00   0.10000E+00    0.50249E-02 1866.48         test_P_all
.2800E+00     5.000  0.137E+02   0.31134E+00   0.00000E+00   0.10000E+00    0.50249E-02 1768.90         test_P_all
.2900E+00     5.000  0.131E+02   0.30533E+00   0.00000E+00   0.10000E+00    0.50249E-02 1669.75         test_P_all
.3000E+00     5.000  0.125E+02   0.29909E+00   0.00000E+00   0.10000E+00    0.18868E-02 *******         test_P_all
.3100E+00     5.000  0.120E+02   0.29264E+00   0.00000E+00   0.10000E+00    0.50249E-02 1469.72         test_P_all
.3200E+00     5.000  0.115E+02   0.28599E+00   0.00000E+00   0.10000E+00    0.50249E-02 1370.04         test_P_all
.3300E+00     5.000  0.110E+02   0.27917E+00   0.00000E+00   0.10000E+00    0.50249E-02 1271.40         test_P_all
.3400E+00     5.000  0.106E+02   0.27220E+00   0.00000E+00   0.10000E+00    0.50249E-02 1174.40         test_P_all
.3500E+00     5.000  0.102E+02   0.26510E+00   0.00000E+00   0.10000E+00    0.50249E-02 1079.53         test_P_all
.3600E+00     5.000  0.977E+01   0.25789E+00   0.00000E+00   0.10000E+00    0.50249E-02  987.26         test_P_all
.3700E+00     5.000  0.940E+01   0.25059E+00   0.00000E+00   0.10000E+00    0.50249E-02  898.11         test_P_all
.3800E+00     5.000  0.904E+01   0.24322E+00   0.00000E+00   0.10000E+00    0.50249E-02  812.37         test_P_all
.3900E+00     5.000  0.870E+01   0.23580E+00   0.00000E+00   0.10000E+00    0.50249E-02  730.40         test_P_all
.4000E+00     5.000  0.838E+01   0.22836E+00   0.00000E+00   0.10000E+00    0.17692E-02 5263.78         test_P_all
.4100E+00     5.000  0.808E+01   0.22090E+00   0.00000E+00   0.10000E+00    0.50249E-02  578.84         test_P_all
.4200E+00     5.000  0.779E+01   0.21344E+00   0.00000E+00   0.10000E+00    0.50249E-02  509.65         test_P_all
.4300E+00     5.000  0.751E+01   0.20601E+00   0.00000E+00   0.10000E+00    0.50249E-02  445.04         test_P_all
.4400E+00     5.000  0.725E+01   0.19860E+00   0.00000E+00   0.10000E+00    0.50249E-02  385.06         test_P_all
.4500E+00     5.000  0.699E+01   0.19126E+00   0.00000E+00   0.10000E+00    0.50249E-02  329.80         test_P_all
.4600E+00     5.000  0.675E+01   0.18397E+00   0.00000E+00   0.10000E+00    0.50249E-02  279.24         test_P_all
.4700E+00     5.000  0.652E+01   0.17676E+00   0.00000E+00   0.10000E+00    0.50249E-02  233.34         test_P_all
.4800E+00     5.000  0.630E+01   0.16964E+00   0.00000E+00   0.10000E+00    0.50249E-02  192.06         test_P_all
.4900E+00     5.000  0.609E+01   0.16262E+00   0.00000E+00   0.10000E+00    0.50249E-02  155.29         test_P_all
.5000E+00     5.000  0.588E+01   0.15571E+00   0.00000E+00   0.10000E+00    0.17692E-02  991.44         test_P_all
.5100E+00     5.000  0.569E+01   0.14892E+00   0.00000E+00   0.10000E+00    0.50249E-02   94.77         test_P_all
.5200E+00     5.000  0.550E+01   0.14226E+00   0.00000E+00   0.10000E+00    0.50249E-02   70.71         test_P_all
.5300E+00     5.000  0.532E+01   0.13573E+00   0.00000E+00   0.10000E+00    0.50249E-02   50.56         test_P_all
.5400E+00     5.000  0.514E+01   0.12935E+00   0.00000E+00   0.10000E+00    0.50249E-02   34.12         test_P_all
.5500E+00     5.000  0.497E+01   0.12312E+00   0.00000E+00   0.10000E+00    0.50249E-02   21.18         test_P_all
.5600E+00     5.000  0.481E+01   0.11705E+00   0.00000E+00   0.10000E+00    0.50249E-02   11.52         test_P_all
.5700E+00     5.000  0.465E+01   0.11115E+00   0.00000E+00   0.10000E+00    0.50249E-02    4.92         test_P_all
.5800E+00     5.000  0.450E+01   0.10541E+00   0.00000E+00   0.10000E+00    0.50249E-02    1.16         test_P_all
.5900E+00     5.000  0.436E+01   0.99836E-01   0.00000E+00   0.10000E+00    0.50249E-02   -0.00         test_P_all
.6000E+00     5.000  0.422E+01   0.94441E-01   0.00000E+00   0.10000E+00    0.17692E-02   -9.87         test_P_all
.6100E+00     5.000  0.408E+01   0.89219E-01   0.00000E+00   0.10000E+00    0.50249E-02   -4.60         test_P_all
.6200E+00     5.000  0.395E+01   0.84177E-01   0.00000E+00   0.10000E+00    0.50249E-02   -9.92         test_P_all
.6300E+00     5.000  0.382E+01   0.79314E-01   0.00000E+00   0.10000E+00    0.50249E-02  -16.95         test_P_all
.6400E+00     5.000  0.369E+01   0.74629E-01   0.00000E+00   0.10000E+00    0.50249E-02  -25.49         test_P_all
.6500E+00     5.000  0.357E+01   0.70125E-01   0.00000E+00   0.10000E+00    0.50249E-02  -35.35         test_P_all
.6600E+00     5.000  0.346E+01   0.65800E-01   0.00000E+00   0.10000E+00    0.50249E-02  -46.32         test_P_all
.6700E+00     5.000  0.334E+01   0.61652E-01   0.00000E+00   0.10000E+00    0.50249E-02  -58.24         test_P_all
.6800E+00     5.000  0.323E+01   0.57681E-01   0.00000E+00   0.10000E+00    0.50249E-02  -70.93         test_P_all
.6900E+00     5.000  0.313E+01   0.53885E-01   0.00000E+00   0.10000E+00    0.50249E-02  -84.22         test_P_all
.7000E+00     5.000  0.302E+01   0.50261E-01   0.00000E+00   0.10000E+00    0.17692E-02 -790.42         test_P_all
.7100E+00     5.000  0.292E+01   0.46806E-01   0.00000E+00   0.10000E+00    0.50249E-02 -112.06         test_P_all
.7200E+00     5.000  0.283E+01   0.43519E-01   0.00000E+00   0.10000E+00    0.50249E-02 -126.34         test_P_all
.7300E+00     5.000  0.273E+01   0.40394E-01   0.00000E+00   0.10000E+00    0.50249E-02 -140.71         test_P_all
.7400E+00     5.000  0.264E+01   0.37430E-01   0.00000E+00   0.10000E+00    0.50249E-02 -155.05         test_P_all
.7500E+00     5.000  0.255E+01   0.34622E-01   0.00000E+00   0.10000E+00    0.50249E-02 -169.28         test_P_all
.7600E+00     5.000  0.246E+01   0.31966E-01   0.00000E+00   0.10000E+00    0.50249E-02 -183.31         test_P_all
.7700E+00     5.000  0.238E+01   0.29457E-01   0.00000E+00   0.10000E+00    0.50249E-02 -197.08         test_P_all
.7800E+00     5.000  0.229E+01   0.27093E-01   0.00000E+00   0.10000E+00    0.50249E-02 -210.51         test_P_all
.7900E+00     5.000  0.221E+01   0.24868E-01   0.00000E+00   0.10000E+00    0.50249E-02 -223.56         test_P_all
.8000E+00     5.000  0.213E+01   0.22776E-01   0.00000E+00   0.10000E+00    0.17692E-02 *******         test_P_all
.8100E+00     5.000  0.205E+01   0.20816E-01   0.00000E+00   0.10000E+00    0.50249E-02 -248.32         test_P_all
.8200E+00     5.000  0.198E+01   0.18980E-01   0.00000E+00   0.10000E+00    0.50249E-02 -259.97         test_P_all
.8300E+00     5.000  0.191E+01   0.17265E-01   0.00000E+00   0.10000E+00    0.50249E-02 -271.09         test_P_all
.8400E+00     5.000  0.183E+01   0.15665E-01   0.00000E+00   0.10000E+00    0.50249E-02 -281.68         test_P_all
.8500E+00     5.000  0.176E+01   0.14177E-01   0.00000E+00   0.10000E+00    0.50249E-02 -291.70         test_P_all
.8600E+00     5.000  0.170E+01   0.12795E-01   0.00000E+00   0.10000E+00    0.50249E-02 -301.18         test_P_all
.8700E+00     5.000  0.163E+01   0.11514E-01   0.00000E+00   0.10000E+00    0.50249E-02 -310.09         test_P_all
.8800E+00     5.000  0.156E+01   0.10330E-01   0.00000E+00   0.10000E+00    0.50249E-02 -318.45         test_P_all
.8900E+00     5.000  0.150E+01   0.92376E-02   0.00000E+00   0.10000E+00    0.50249E-02 -326.25         test_P_all
.9000E+00     5.000  0.144E+01   0.82326E-02   0.00000E+00   0.10000E+00    0.17692E-02 *******         test_P_all
.9100E+00     5.000  0.138E+01   0.73098E-02   0.00000E+00   0.10000E+00    0.50249E-02 -340.26         test_P_all
.9200E+00     5.000  0.132E+01   0.64664E-02   0.00000E+00   0.10000E+00    0.50249E-02 -346.48         test_P_all
.9300E+00     5.000  0.126E+01   0.56967E-02   0.00000E+00   0.10000E+00    0.50249E-02 -352.20         test_P_all
.9400E+00     5.000  0.120E+01   0.49965E-02   0.00000E+00   0.10000E+00    0.50249E-02 -357.45         test_P_all
.9500E+00     5.000  0.114E+01   0.43622E-02   0.00000E+00   0.10000E+00    0.50249E-02 -362.24         test_P_all
.9600E+00     5.000  0.109E+01   0.37892E-02   0.00000E+00   0.10000E+00    0.50249E-02 -366.60         test_P_all
.9700E+00     5.000  0.104E+01   0.32735E-02   0.00000E+00   0.10000E+00    0.50249E-02 -370.54         test_P_all
.9800E+00     5.000  0.984E+00   0.28114E-02   0.00000E+00   0.10000E+00    0.50249E-02 -374.08         test_P_all
.9900E+00     5.000  0.932E+00   0.23992E-02   0.00000E+00   0.10000E+00    0.50249E-02 -377.26         test_P_all
.1000E+01     5.000  0.882E+00   0.20333E-02   0.00000E+00   0.10000E+00    0.50249E-02 -380.10         test_P_all
.1000E-01    10.000  0.991E+03   0.54262E+00   0.00000E+00   0.10000E+00    0.50249E-02 7759.00         test_P_all
.2000E-01    10.000  0.491E+03   0.47344E+00   0.00000E+00   0.10000E+00    0.50249E-02 5523.03         test_P_all
.3000E-01    10.000  0.324E+03   0.44100E+00   0.00000E+00   0.10000E+00    0.50249E-02 4605.16         test_P_all
.4000E-01    10.000  0.241E+03   0.42650E+00   0.00000E+00   0.10000E+00    0.50249E-02 4221.82         test_P_all
.5000E-01    10.000  0.191E+03   0.41462E+00   0.00000E+00   0.10000E+00    0.50249E-02 3920.24         test_P_all
.6000E-01    10.000  0.158E+03   0.40719E+00   0.00000E+00   0.10000E+00    0.50249E-02 3737.26         test_P_all
.7000E-01    10.000  0.134E+03   0.40033E+00   0.00000E+00   0.10000E+00    0.50249E-02 3572.19         test_P_all
.8000E-01    10.000  0.116E+03   0.39455E+00   0.00000E+00   0.10000E+00    0.50249E-02 3435.97         test_P_all
.9000E-01    10.000  0.102E+03   0.38921E+00   0.00000E+00   0.10000E+00    0.50249E-02 3312.52         test_P_all
.1000E+00    10.000  0.909E+02   0.38430E+00   0.00000E+00   0.10000E+00    0.50249E-02 3201.10         test_P_all
.1100E+00    10.000  0.818E+02   0.37964E+00   0.00000E+00   0.10000E+00    0.50249E-02 3096.87         test_P_all
.1200E+00    10.000  0.742E+02   0.37532E+00   0.00000E+00   0.10000E+00    0.50249E-02 3001.98         test_P_all
.1300E+00    10.000  0.678E+02   0.37115E+00   0.00000E+00   0.10000E+00    0.50249E-02 2911.70         test_P_all
.1400E+00    10.000  0.623E+02   0.36703E+00   0.00000E+00   0.10000E+00    0.50249E-02 2823.94         test_P_all
.1500E+00    10.000  0.575E+02   0.36296E+00   0.00000E+00   0.10000E+00    0.50249E-02 2738.49         test_P_all
.1600E+00    10.000  0.534E+02   0.35880E+00   0.00000E+00   0.10000E+00    0.50249E-02 2652.57         test_P_all
.1700E+00    10.000  0.497E+02   0.35456E+00   0.00000E+00   0.10000E+00    0.50249E-02 2566.45         test_P_all
.1800E+00    10.000  0.464E+02   0.35021E+00   0.00000E+00   0.10000E+00    0.50249E-02 2479.35         test_P_all
.1900E+00    10.000  0.435E+02   0.34566E+00   0.00000E+00   0.10000E+00    0.50249E-02 2390.09         test_P_all
.2000E+00    10.000  0.409E+02   0.34095E+00   0.00000E+00   0.10000E+00    0.50249E-02 2299.29         test_P_all
.2100E+00    10.000  0.385E+02   0.33601E+00   0.00000E+00   0.10000E+00    0.50249E-02 2205.95         test_P_all
.2200E+00    10.000  0.363E+02   0.33085E+00   0.00000E+00   0.10000E+00    0.50249E-02 2110.58         test_P_all
.2300E+00    10.000  0.344E+02   0.32547E+00   0.00000E+00   0.10000E+00    0.50249E-02 2013.38         test_P_all
.2400E+00    10.000  0.325E+02   0.31985E+00   0.00000E+00   0.10000E+00    0.50249E-02 1914.21         test_P_all
.2500E+00    10.000  0.309E+02   0.31401E+00   0.00000E+00   0.10000E+00    0.50249E-02 1813.82         test_P_all
.2600E+00    10.000  0.293E+02   0.30793E+00   0.00000E+00   0.10000E+00    0.50249E-02 1712.34         test_P_all
.2700E+00    10.000  0.279E+02   0.30165E+00   0.00000E+00   0.10000E+00    0.50249E-02 1610.35         test_P_all
.2800E+00    10.000  0.266E+02   0.29517E+00   0.00000E+00   0.10000E+00    0.50249E-02 1508.55         test_P_all
.2900E+00    10.000  0.254E+02   0.28850E+00   0.00000E+00   0.10000E+00    0.50249E-02 1407.20         test_P_all
.3000E+00    10.000  0.242E+02   0.28166E+00   0.00000E+00   0.10000E+00    0.18868E-02 9269.56         test_P_all
.3100E+00    10.000  0.231E+02   0.27466E+00   0.00000E+00   0.10000E+00    0.50249E-02 1208.22         test_P_all
.3200E+00    10.000  0.221E+02   0.26753E+00   0.00000E+00   0.10000E+00    0.50249E-02 1111.58         test_P_all
.3300E+00    10.000  0.212E+02   0.26029E+00   0.00000E+00   0.10000E+00    0.50249E-02 1017.49         test_P_all
.3400E+00    10.000  0.203E+02   0.25294E+00   0.00000E+00   0.10000E+00    0.50249E-02  926.41         test_P_all
.3500E+00    10.000  0.195E+02   0.24552E+00   0.00000E+00   0.10000E+00    0.50249E-02  838.68         test_P_all
.3600E+00    10.000  0.187E+02   0.23804E+00   0.00000E+00   0.10000E+00    0.50249E-02  754.66         test_P_all
.3700E+00    10.000  0.179E+02   0.23052E+00   0.00000E+00   0.10000E+00    0.50249E-02  674.67         test_P_all
.3800E+00    10.000  0.172E+02   0.22297E+00   0.00000E+00   0.10000E+00    0.50249E-02  598.89         test_P_all
.3900E+00    10.000  0.165E+02   0.21542E+00   0.00000E+00   0.10000E+00    0.50249E-02  527.61         test_P_all
.4000E+00    10.000  0.159E+02   0.20788E+00   0.00000E+00   0.10000E+00    0.17692E-02 3718.16         test_P_all
.4100E+00    10.000  0.153E+02   0.20036E+00   0.00000E+00   0.10000E+00    0.50249E-02  398.89         test_P_all
.4200E+00    10.000  0.147E+02   0.19288E+00   0.00000E+00   0.10000E+00    0.50249E-02  341.66         test_P_all
.4300E+00    10.000  0.141E+02   0.18545E+00   0.00000E+00   0.10000E+00    0.50249E-02  289.21         test_P_all
.4400E+00    10.000  0.136E+02   0.17809E+00   0.00000E+00   0.10000E+00    0.50249E-02  241.54         test_P_all
.4500E+00    10.000  0.131E+02   0.17081E+00   0.00000E+00   0.10000E+00    0.50249E-02  198.60         test_P_all
.4600E+00    10.000  0.126E+02   0.16362E+00   0.00000E+00   0.10000E+00    0.50249E-02  160.30         test_P_all
.4700E+00    10.000  0.122E+02   0.15653E+00   0.00000E+00   0.10000E+00    0.50249E-02  126.57         test_P_all
.4800E+00    10.000  0.117E+02   0.14955E+00   0.00000E+00   0.10000E+00    0.50249E-02   97.25         test_P_all
.4900E+00    10.000  0.113E+02   0.14270E+00   0.00000E+00   0.10000E+00    0.50249E-02   72.19         test_P_all
.5000E+00    10.000  0.109E+02   0.13597E+00   0.00000E+00   0.10000E+00    0.17692E-02  413.37         test_P_all
.5100E+00    10.000  0.105E+02   0.12938E+00   0.00000E+00   0.10000E+00    0.50249E-02   34.19         test_P_all
.5200E+00    10.000  0.101E+02   0.12294E+00   0.00000E+00   0.10000E+00    0.50249E-02   20.84         test_P_all
.5300E+00    10.000  0.975E+01   0.11665E+00   0.00000E+00   0.10000E+00    0.50249E-02   10.98         test_P_all
.5400E+00    10.000  0.940E+01   0.11052E+00   0.00000E+00   0.10000E+00    0.50249E-02    4.39         test_P_all
.5500E+00    10.000  0.906E+01   0.10456E+00   0.00000E+00   0.10000E+00    0.50249E-02    0.82         test_P_all
.5600E+00    10.000  0.874E+01   0.98770E-01   0.00000E+00   0.10000E+00    0.50249E-02   -0.06         test_P_all
.5700E+00    10.000  0.843E+01   0.93152E-01   0.00000E+00   0.10000E+00    0.50249E-02   -1.86         test_P_all
.5800E+00    10.000  0.812E+01   0.87714E-01   0.00000E+00   0.10000E+00    0.50249E-02   -5.98         test_P_all
.5900E+00    10.000  0.783E+01   0.82456E-01   0.00000E+00   0.10000E+00    0.50249E-02  -12.19         test_P_all
.6000E+00    10.000  0.755E+01   0.77383E-01   0.00000E+00   0.10000E+00    0.17692E-02 -163.42         test_P_all
.6100E+00    10.000  0.728E+01   0.72496E-01   0.00000E+00   0.10000E+00    0.50249E-02  -29.96         test_P_all
.6200E+00    10.000  0.701E+01   0.67795E-01   0.00000E+00   0.10000E+00    0.50249E-02  -41.08         test_P_all
.6300E+00    10.000  0.675E+01   0.63283E-01   0.00000E+00   0.10000E+00    0.50249E-02  -53.39         test_P_all
.6400E+00    10.000  0.651E+01   0.58958E-01   0.00000E+00   0.10000E+00    0.50249E-02  -66.71         test_P_all
.6500E+00    10.000  0.627E+01   0.54820E-01   0.00000E+00   0.10000E+00    0.50249E-02  -80.84         test_P_all
.6600E+00    10.000  0.603E+01   0.50869E-01   0.00000E+00   0.10000E+00    0.50249E-02  -95.60         test_P_all
.6700E+00    10.000  0.581E+01   0.47102E-01   0.00000E+00   0.10000E+00    0.50249E-02 -110.82         test_P_all
.6800E+00    10.000  0.559E+01   0.43519E-01   0.00000E+00   0.10000E+00    0.50249E-02 -126.34         test_P_all
.6900E+00    10.000  0.537E+01   0.40117E-01   0.00000E+00   0.10000E+00    0.50249E-02 -142.02         test_P_all
.7000E+00    10.000  0.517E+01   0.36892E-01   0.00000E+00   0.10000E+00    0.17692E-02 *******         test_P_all
.7100E+00    10.000  0.497E+01   0.33842E-01   0.00000E+00   0.10000E+00    0.50249E-02 -173.34         test_P_all
.7200E+00    10.000  0.477E+01   0.30965E-01   0.00000E+00   0.10000E+00    0.50249E-02 -188.75         test_P_all
.7300E+00    10.000  0.458E+01   0.28254E-01   0.00000E+00   0.10000E+00    0.50249E-02 -203.86         test_P_all
.7400E+00    10.000  0.440E+01   0.25709E-01   0.00000E+00   0.10000E+00    0.50249E-02 -218.58         test_P_all
.7500E+00    10.000  0.422E+01   0.23322E-01   0.00000E+00   0.10000E+00    0.50249E-02 -232.85         test_P_all
.7600E+00    10.000  0.404E+01   0.21090E-01   0.00000E+00   0.10000E+00    0.50249E-02 -246.61         test_P_all
.7700E+00    10.000  0.387E+01   0.19009E-01   0.00000E+00   0.10000E+00    0.50249E-02 -259.78         test_P_all
.7800E+00    10.000  0.370E+01   0.17073E-01   0.00000E+00   0.10000E+00    0.50249E-02 -272.35         test_P_all
.7900E+00    10.000  0.354E+01   0.15277E-01   0.00000E+00   0.10000E+00    0.50249E-02 -284.28         test_P_all
.8000E+00    10.000  0.338E+01   0.13617E-01   0.00000E+00   0.10000E+00    0.17692E-02 *******         test_P_all
.8100E+00    10.000  0.323E+01   0.12086E-01   0.00000E+00   0.10000E+00    0.50249E-02 -306.10         test_P_all
.8200E+00    10.000  0.308E+01   0.10678E-01   0.00000E+00   0.10000E+00    0.50249E-02 -315.97         test_P_all
.8300E+00    10.000  0.293E+01   0.93904E-02   0.00000E+00   0.10000E+00    0.50249E-02 -325.15         test_P_all
.8400E+00    10.000  0.279E+01   0.82152E-02   0.00000E+00   0.10000E+00    0.50249E-02 -333.64         test_P_all
.8500E+00    10.000  0.265E+01   0.71465E-02   0.00000E+00   0.10000E+00    0.50249E-02 -341.46         test_P_all
.8600E+00    10.000  0.251E+01   0.61806E-02   0.00000E+00   0.10000E+00    0.50249E-02 -348.60         test_P_all
.8700E+00    10.000  0.238E+01   0.53105E-02   0.00000E+00   0.10000E+00    0.50249E-02 -355.09         test_P_all
.8800E+00    10.000  0.225E+01   0.45308E-02   0.00000E+00   0.10000E+00    0.50249E-02 -360.97         test_P_all
.8900E+00    10.000  0.212E+01   0.38359E-02   0.00000E+00   0.10000E+00    0.50249E-02 -366.24         test_P_all
.9000E+00    10.000  0.199E+01   0.32202E-02   0.00000E+00   0.10000E+00    0.17692E-02 *******         test_P_all
.9100E+00    10.000  0.187E+01   0.26783E-02   0.00000E+00   0.10000E+00    0.50249E-02 -375.11         test_P_all
.9200E+00    10.000  0.175E+01   0.22045E-02   0.00000E+00   0.10000E+00    0.50249E-02 -378.77         test_P_all
.9300E+00    10.000  0.163E+01   0.17937E-02   0.00000E+00   0.10000E+00    0.50249E-02 -381.96         test_P_all
.9400E+00    10.000  0.152E+01   0.14411E-02   0.00000E+00   0.10000E+00    0.50249E-02 -384.71         test_P_all
.9500E+00    10.000  0.141E+01   0.11403E-02   0.00000E+00   0.10000E+00    0.50249E-02 -387.06         test_P_all
.9600E+00    10.000  0.130E+01   0.88760E-03   0.00000E+00   0.10000E+00    0.50249E-02 -389.04         test_P_all
.9700E+00    10.000  0.119E+01   0.67827E-03   0.00000E+00   0.10000E+00    0.50249E-02 -390.69         test_P_all
.9800E+00    10.000  0.109E+01   0.50592E-03   0.00000E+00   0.10000E+00    0.50249E-02 -392.04         test_P_all
.9900E+00    10.000  0.983E+00   0.36768E-03   0.00000E+00   0.10000E+00    0.50249E-02 -393.13         test_P_all
.1000E+01    10.000  0.882E+00   0.25963E-03   0.00000E+00   0.10000E+00    0.50249E-02 -393.99         test_P_all
.1000E-01    20.000  0.198E+04   0.62231E+00   0.00000E+00   0.10000E+00    0.50249E-02 *******         test_P_all
.2000E-01    20.000  0.981E+03   0.52746E+00   0.00000E+00   0.10000E+00    0.50249E-02 7236.58         test_P_all
.3000E-01    20.000  0.648E+03   0.48082E+00   0.00000E+00   0.10000E+00    0.50249E-02 5743.39         test_P_all
.4000E-01    20.000  0.481E+03   0.45806E+00   0.00000E+00   0.10000E+00    0.50249E-02 5077.64         test_P_all
.5000E-01    20.000  0.381E+03   0.43908E+00   0.00000E+00   0.10000E+00    0.50249E-02 4553.48         test_P_all
.6000E-01    20.000  0.314E+03   0.42653E+00   0.00000E+00   0.10000E+00    0.50249E-02 4222.78         test_P_all
.7000E-01    20.000  0.267E+03   0.41519E+00   0.00000E+00   0.10000E+00    0.50249E-02 3934.40         test_P_all
.8000E-01    20.000  0.231E+03   0.40602E+00   0.00000E+00   0.10000E+00    0.50249E-02 3708.76         test_P_all
.9000E-01    20.000  0.203E+03   0.39775E+00   0.00000E+00   0.10000E+00    0.50249E-02 3510.99         test_P_all
.1000E+00    20.000  0.181E+03   0.39042E+00   0.00000E+00   0.10000E+00    0.50249E-02 3340.24         test_P_all
.1100E+00    20.000  0.163E+03   0.38363E+00   0.00000E+00   0.10000E+00    0.50249E-02 3185.96         test_P_all
.1200E+00    20.000  0.148E+03   0.37736E+00   0.00000E+00   0.10000E+00    0.50249E-02 3046.57         test_P_all
.1300E+00    20.000  0.135E+03   0.37144E+00   0.00000E+00   0.10000E+00    0.50249E-02 2918.04         test_P_all
.1400E+00    20.000  0.124E+03   0.36572E+00   0.00000E+00   0.10000E+00    0.50249E-02 2796.35         test_P_all
.1500E+00    20.000  0.114E+03   0.36020E+00   0.00000E+00   0.10000E+00    0.50249E-02 2681.32         test_P_all
.1600E+00    20.000  0.106E+03   0.35468E+00   0.00000E+00   0.10000E+00    0.50249E-02 2568.69         test_P_all
.1700E+00    20.000  0.985E+02   0.34917E+00   0.00000E+00   0.10000E+00    0.50249E-02 2458.91         test_P_all
.1800E+00    20.000  0.920E+02   0.34363E+00   0.00000E+00   0.10000E+00    0.50249E-02 2350.72         test_P_all
.1900E+00    20.000  0.861E+02   0.33797E+00   0.00000E+00   0.10000E+00    0.50249E-02 2242.76         test_P_all
.2000E+00    20.000  0.809E+02   0.33221E+00   0.00000E+00   0.10000E+00    0.50249E-02 2135.58         test_P_all
.2100E+00    20.000  0.761E+02   0.32629E+00   0.00000E+00   0.10000E+00    0.50249E-02 2027.92         test_P_all
.2200E+00    20.000  0.718E+02   0.32021E+00   0.00000E+00   0.10000E+00    0.50249E-02 1920.42         test_P_all
.2300E+00    20.000  0.678E+02   0.31396E+00   0.00000E+00   0.10000E+00    0.50249E-02 1813.10         test_P_all
.2400E+00    20.000  0.642E+02   0.30754E+00   0.00000E+00   0.10000E+00    0.50249E-02 1705.86         test_P_all
.2500E+00    20.000  0.609E+02   0.30096E+00   0.00000E+00   0.10000E+00    0.50249E-02 1599.34         test_P_all
.2600E+00    20.000  0.578E+02   0.29420E+00   0.00000E+00   0.10000E+00    0.50249E-02 1493.60         test_P_all
.2700E+00    20.000  0.550E+02   0.28729E+00   0.00000E+00   0.10000E+00    0.50249E-02 1389.20         test_P_all
.2800E+00    20.000  0.523E+02   0.28024E+00   0.00000E+00   0.10000E+00    0.50249E-02 1286.56         test_P_all
.2900E+00    20.000  0.498E+02   0.27305E+00   0.00000E+00   0.10000E+00    0.50249E-02 1186.02         test_P_all
.3000E+00    20.000  0.475E+02   0.26575E+00   0.00000E+00   0.10000E+00    0.18868E-02 7717.03         test_P_all
.3100E+00    20.000  0.454E+02   0.25836E+00   0.00000E+00   0.10000E+00    0.50249E-02  993.16         test_P_all
.3200E+00    20.000  0.434E+02   0.25088E+00   0.00000E+00   0.10000E+00    0.50249E-02  901.63         test_P_all
.3300E+00    20.000  0.415E+02   0.24335E+00   0.00000E+00   0.10000E+00    0.50249E-02  813.79         test_P_all
.3400E+00    20.000  0.397E+02   0.23576E+00   0.00000E+00   0.10000E+00    0.50249E-02  729.96         test_P_all
.3500E+00    20.000  0.380E+02   0.22815E+00   0.00000E+00   0.10000E+00    0.50249E-02  650.36         test_P_all
.3600E+00    20.000  0.364E+02   0.22052E+00   0.00000E+00   0.10000E+00    0.50249E-02  575.25         test_P_all
.3700E+00    20.000  0.349E+02   0.21290E+00   0.00000E+00   0.10000E+00    0.50249E-02  504.77         test_P_all
.3800E+00    20.000  0.335E+02   0.20529E+00   0.00000E+00   0.10000E+00    0.50249E-02  439.03         test_P_all
.3900E+00    20.000  0.322E+02   0.19772E+00   0.00000E+00   0.10000E+00    0.50249E-02  378.16         test_P_all
.4000E+00    20.000  0.309E+02   0.19019E+00   0.00000E+00   0.10000E+00    0.17692E-02 2598.72         test_P_all
.4100E+00    20.000  0.297E+02   0.18272E+00   0.00000E+00   0.10000E+00    0.50249E-02  271.01         test_P_all
.4200E+00    20.000  0.285E+02   0.17533E+00   0.00000E+00   0.10000E+00    0.50249E-02  224.73         test_P_all
.4300E+00    20.000  0.274E+02   0.16802E+00   0.00000E+00   0.10000E+00    0.50249E-02  183.22         test_P_all
.4400E+00    20.000  0.263E+02   0.16080E+00   0.00000E+00   0.10000E+00    0.50249E-02  146.42         test_P_all
.4500E+00    20.000  0.253E+02   0.15369E+00   0.00000E+00   0.10000E+00    0.50249E-02  114.18         test_P_all
.4600E+00    20.000  0.244E+02   0.14670E+00   0.00000E+00   0.10000E+00    0.50249E-02   86.38         test_P_all
.4700E+00    20.000  0.234E+02   0.13983E+00   0.00000E+00   0.10000E+00    0.50249E-02   62.84         test_P_all
.4800E+00    20.000  0.225E+02   0.13310E+00   0.00000E+00   0.10000E+00    0.50249E-02   43.39         test_P_all
.4900E+00    20.000  0.217E+02   0.12651E+00   0.00000E+00   0.10000E+00    0.50249E-02   27.83         test_P_all
.5000E+00    20.000  0.209E+02   0.12006E+00   0.00000E+00   0.10000E+00    0.17692E-02  128.62         test_P_all
.5100E+00    20.000  0.201E+02   0.11378E+00   0.00000E+00   0.10000E+00    0.50249E-02    7.52         test_P_all
.5200E+00    20.000  0.193E+02   0.10765E+00   0.00000E+00   0.10000E+00    0.50249E-02    2.32         test_P_all
.5300E+00    20.000  0.186E+02   0.10169E+00   0.00000E+00   0.10000E+00    0.50249E-02    0.11         test_P_all
.5400E+00    20.000  0.179E+02   0.95905E-01   0.00000E+00   0.10000E+00    0.50249E-02   -0.66         test_P_all
.5500E+00    20.000  0.172E+02   0.90295E-01   0.00000E+00   0.10000E+00    0.50249E-02   -3.73         test_P_all
.5600E+00    20.000  0.166E+02   0.84864E-01   0.00000E+00   0.10000E+00    0.50249E-02   -9.07         test_P_all
.5700E+00    20.000  0.160E+02   0.79619E-01   0.00000E+00   0.10000E+00    0.50249E-02  -16.45         test_P_all
.5800E+00    20.000  0.154E+02   0.74558E-01   0.00000E+00   0.10000E+00    0.50249E-02  -25.64         test_P_all
.5900E+00    20.000  0.148E+02   0.69685E-01   0.00000E+00   0.10000E+00    0.50249E-02  -36.40         test_P_all
.6000E+00    20.000  0.142E+02   0.65002E-01   0.00000E+00   0.10000E+00    0.17692E-02 -391.33         test_P_all
.6100E+00    20.000  0.137E+02   0.60507E-01   0.00000E+00   0.10000E+00    0.50249E-02  -61.77         test_P_all
.6200E+00    20.000  0.131E+02   0.56205E-01   0.00000E+00   0.10000E+00    0.50249E-02  -75.96         test_P_all
.6300E+00    20.000  0.126E+02   0.52092E-01   0.00000E+00   0.10000E+00    0.50249E-02  -90.90         test_P_all
.6400E+00    20.000  0.121E+02   0.48168E-01   0.00000E+00   0.10000E+00    0.50249E-02 -106.40         test_P_all
.6500E+00    20.000  0.117E+02   0.44433E-01   0.00000E+00   0.10000E+00    0.50249E-02 -122.28         test_P_all
.6600E+00    20.000  0.112E+02   0.40884E-01   0.00000E+00   0.10000E+00    0.50249E-02 -138.40         test_P_all
.6700E+00    20.000  0.107E+02   0.37520E-01   0.00000E+00   0.10000E+00    0.50249E-02 -154.60         test_P_all
.6800E+00    20.000  0.103E+02   0.34338E-01   0.00000E+00   0.10000E+00    0.50249E-02 -170.75         test_P_all
.6900E+00    20.000  0.987E+01   0.31333E-01   0.00000E+00   0.10000E+00    0.50249E-02 -186.74         test_P_all
.7000E+00    20.000  0.945E+01   0.28506E-01   0.00000E+00   0.10000E+00    0.17692E-02 *******         test_P_all
.7100E+00    20.000  0.905E+01   0.25850E-01   0.00000E+00   0.10000E+00    0.50249E-02 -217.75         test_P_all
.7200E+00    20.000  0.866E+01   0.23362E-01   0.00000E+00   0.10000E+00    0.50249E-02 -232.61         test_P_all
.7300E+00    20.000  0.828E+01   0.21039E-01   0.00000E+00   0.10000E+00    0.50249E-02 -246.93         test_P_all
.7400E+00    20.000  0.791E+01   0.18874E-01   0.00000E+00   0.10000E+00    0.50249E-02 -260.65         test_P_all
.7500E+00    20.000  0.755E+01   0.16864E-01   0.00000E+00   0.10000E+00    0.50249E-02 -273.73         test_P_all
.7600E+00    20.000  0.720E+01   0.15003E-01   0.00000E+00   0.10000E+00    0.50249E-02 -286.12         test_P_all
.7700E+00    20.000  0.686E+01   0.13286E-01   0.00000E+00   0.10000E+00    0.50249E-02 -297.79         test_P_all
.7800E+00    20.000  0.652E+01   0.11708E-01   0.00000E+00   0.10000E+00    0.50249E-02 -308.73         test_P_all
.7900E+00    20.000  0.620E+01   0.10263E-01   0.00000E+00   0.10000E+00    0.50249E-02 -318.92         test_P_all
.8000E+00    20.000  0.588E+01   0.89455E-02   0.00000E+00   0.10000E+00    0.17692E-02 *******         test_P_all
.8100E+00    20.000  0.557E+01   0.77492E-02   0.00000E+00   0.10000E+00    0.50249E-02 -337.04         test_P_all
.8200E+00    20.000  0.527E+01   0.66684E-02   0.00000E+00   0.10000E+00    0.50249E-02 -344.98         test_P_all
.8300E+00    20.000  0.498E+01   0.56962E-02   0.00000E+00   0.10000E+00    0.50249E-02 -352.21         test_P_all
.8400E+00    20.000  0.469E+01   0.48277E-02   0.00000E+00   0.10000E+00    0.50249E-02 -358.72         test_P_all
.8500E+00    20.000  0.441E+01   0.40563E-02   0.00000E+00   0.10000E+00    0.50249E-02 -364.56         test_P_all
.8600E+00    20.000  0.414E+01   0.33752E-02   0.00000E+00   0.10000E+00    0.50249E-02 -369.76         test_P_all
.8700E+00    20.000  0.387E+01   0.27788E-02   0.00000E+00   0.10000E+00    0.50249E-02 -374.33         test_P_all
.8800E+00    20.000  0.361E+01   0.22610E-02   0.00000E+00   0.10000E+00    0.50249E-02 -378.33         test_P_all
.8900E+00    20.000  0.335E+01   0.18148E-02   0.00000E+00   0.10000E+00    0.50249E-02 -381.80         test_P_all
.9000E+00    20.000  0.310E+01   0.14350E-02   0.00000E+00   0.10000E+00    0.17692E-02 *******         test_P_all
.9100E+00    20.000  0.286E+01   0.11153E-02   0.00000E+00   0.10000E+00    0.50249E-02 -387.25         test_P_all
.9200E+00    20.000  0.262E+01   0.84935E-03   0.00000E+00   0.10000E+00    0.50249E-02 -389.34         test_P_all
.9300E+00    20.000  0.239E+01   0.63244E-03   0.00000E+00   0.10000E+00    0.50249E-02 -391.05         test_P_all
.9400E+00    20.000  0.216E+01   0.45795E-03   0.00000E+00   0.10000E+00    0.50249E-02 -392.42         test_P_all
.9500E+00    20.000  0.193E+01   0.32053E-03   0.00000E+00   0.10000E+00    0.50249E-02 -393.50         test_P_all
.9600E+00    20.000  0.172E+01   0.21629E-03   0.00000E+00   0.10000E+00    0.50249E-02 -394.33         test_P_all
.9700E+00    20.000  0.150E+01   0.13793E-03   0.00000E+00   0.10000E+00    0.50249E-02 -394.95         test_P_all
.9800E+00    20.000  0.129E+01   0.82279E-04   0.00000E+00   0.10000E+00    0.50249E-02 -395.39         test_P_all
.9900E+00    20.000  0.108E+01   0.46023E-04   0.00000E+00   0.10000E+00    0.50249E-02 -395.68         test_P_all
.1000E+01    20.000  0.882E+00   0.21565E-04   0.00000E+00   0.10000E+00    0.50249E-02 -395.87         test_P_all
.1000E+00    50.000  0.451E+03   0.39534E+00   0.00000E+00   0.10000E+00    0.50249E-02 3454.39         test_P_all
.1100E+00    50.000  0.405E+03   0.38605E+00   0.00000E+00   0.10000E+00    0.50249E-02 3240.56         test_P_all
.1200E+00    50.000  0.368E+03   0.37761E+00   0.00000E+00   0.10000E+00    0.50249E-02 3052.26         test_P_all
.1300E+00    50.000  0.335E+03   0.36979E+00   0.00000E+00   0.10000E+00    0.50249E-02 2882.56         test_P_all
.1400E+00    50.000  0.308E+03   0.36232E+00   0.00000E+00   0.10000E+00    0.50249E-02 2725.15         test_P_all
.1500E+00    50.000  0.284E+03   0.35522E+00   0.00000E+00   0.10000E+00    0.50249E-02 2579.66         test_P_all
.1600E+00    50.000  0.263E+03   0.34822E+00   0.00000E+00   0.10000E+00    0.50249E-02 2440.22         test_P_all
.1700E+00    50.000  0.245E+03   0.34137E+00   0.00000E+00   0.10000E+00    0.50249E-02 2307.32         test_P_all
.1800E+00    50.000  0.229E+03   0.33457E+00   0.00000E+00   0.10000E+00    0.50249E-02 2179.17         test_P_all
.1900E+00    50.000  0.214E+03   0.32774E+00   0.00000E+00   0.10000E+00    0.50249E-02 2054.08         test_P_all
.2000E+00    50.000  0.201E+03   0.32090E+00   0.00000E+00   0.10000E+00    0.50249E-02 1932.50         test_P_all
.2100E+00    50.000  0.189E+03   0.31395E+00   0.00000E+00   0.10000E+00    0.50249E-02 1812.93         test_P_all
.2200E+00    50.000  0.178E+03   0.30694E+00   0.00000E+00   0.10000E+00    0.50249E-02 1695.95         test_P_all
.2300E+00    50.000  0.168E+03   0.29983E+00   0.00000E+00   0.10000E+00    0.50249E-02 1581.43         test_P_all
.2400E+00    50.000  0.159E+03   0.29261E+00   0.00000E+00   0.10000E+00    0.50249E-02 1469.22         test_P_all
.2500E+00    50.000  0.151E+03   0.28530E+00   0.00000E+00   0.10000E+00    0.50249E-02 1359.82         test_P_all
.2600E+00    50.000  0.143E+03   0.27788E+00   0.00000E+00   0.10000E+00    0.50249E-02 1253.18         test_P_all
.2700E+00    50.000  0.136E+03   0.27039E+00   0.00000E+00   0.10000E+00    0.50249E-02 1149.75         test_P_all
.2800E+00    50.000  0.129E+03   0.26281E+00   0.00000E+00   0.10000E+00    0.50249E-02 1049.81         test_P_all
.2900E+00    50.000  0.123E+03   0.25517E+00   0.00000E+00   0.10000E+00    0.50249E-02  953.59         test_P_all
.3000E+00    50.000  0.118E+03   0.24748E+00   0.00000E+00   0.10000E+00    0.18868E-02 6109.68         test_P_all
.3100E+00    50.000  0.112E+03   0.23975E+00   0.00000E+00   0.10000E+00    0.50249E-02  773.51         test_P_all
.3200E+00    50.000  0.107E+03   0.23201E+00   0.00000E+00   0.10000E+00    0.50249E-02  690.12         test_P_all
.3300E+00    50.000  0.102E+03   0.22425E+00   0.00000E+00   0.10000E+00    0.50249E-02  611.43         test_P_all
.3400E+00    50.000  0.979E+02   0.21651E+00   0.00000E+00   0.10000E+00    0.50249E-02  537.60         test_P_all
.3500E+00    50.000  0.937E+02   0.20879E+00   0.00000E+00   0.10000E+00    0.50249E-02  468.70         test_P_all
.3600E+00    50.000  0.898E+02   0.20111E+00   0.00000E+00   0.10000E+00    0.50249E-02  404.86         test_P_all
.3700E+00    50.000  0.860E+02   0.19348E+00   0.00000E+00   0.10000E+00    0.50249E-02  346.05         test_P_all
.3800E+00    50.000  0.825E+02   0.18591E+00   0.00000E+00   0.10000E+00    0.50249E-02  292.29         test_P_all
.3900E+00    50.000  0.791E+02   0.17842E+00   0.00000E+00   0.10000E+00    0.50249E-02  243.57         test_P_all
.4000E+00    50.000  0.759E+02   0.17102E+00   0.00000E+00   0.10000E+00    0.17692E-02 1611.56         test_P_all
.4100E+00    50.000  0.728E+02   0.16372E+00   0.00000E+00   0.10000E+00    0.50249E-02  160.82         test_P_all
.4200E+00    50.000  0.699E+02   0.15653E+00   0.00000E+00   0.10000E+00    0.50249E-02  126.57         test_P_all
.4300E+00    50.000  0.672E+02   0.14946E+00   0.00000E+00   0.10000E+00    0.50249E-02   96.87         test_P_all
.4400E+00    50.000  0.645E+02   0.14251E+00   0.00000E+00   0.10000E+00    0.50249E-02   71.58         test_P_all
.4500E+00    50.000  0.620E+02   0.13570E+00   0.00000E+00   0.10000E+00    0.50249E-02   50.48         test_P_all
.4600E+00    50.000  0.596E+02   0.12903E+00   0.00000E+00   0.10000E+00    0.50249E-02   33.38         test_P_all
.4700E+00    50.000  0.573E+02   0.12251E+00   0.00000E+00   0.10000E+00    0.50249E-02   20.08         test_P_all
.4800E+00    50.000  0.550E+02   0.11615E+00   0.00000E+00   0.10000E+00    0.50249E-02   10.33         test_P_all
.4900E+00    50.000  0.529E+02   0.10995E+00   0.00000E+00   0.10000E+00    0.50249E-02    3.92         test_P_all
.5000E+00    50.000  0.509E+02   0.10392E+00   0.00000E+00   0.10000E+00    0.17692E-02    4.91         test_P_all
.5100E+00    50.000  0.489E+02   0.98058E-01   0.00000E+00   0.10000E+00    0.50249E-02   -0.15         test_P_all
.5200E+00    50.000  0.470E+02   0.92374E-01   0.00000E+00   0.10000E+00    0.50249E-02   -2.30         test_P_all
.5300E+00    50.000  0.452E+02   0.86868E-01   0.00000E+00   0.10000E+00    0.50249E-02   -6.83         test_P_all
.5400E+00    50.000  0.435E+02   0.81547E-01   0.00000E+00   0.10000E+00    0.50249E-02  -13.49         test_P_all
.5500E+00    50.000  0.418E+02   0.76410E-01   0.00000E+00   0.10000E+00    0.50249E-02  -22.04         test_P_all
.5600E+00    50.000  0.402E+02   0.71460E-01   0.00000E+00   0.10000E+00    0.50249E-02  -32.26         test_P_all
.5700E+00    50.000  0.386E+02   0.66700E-01   0.00000E+00   0.10000E+00    0.50249E-02  -43.92         test_P_all
.5800E+00    50.000  0.371E+02   0.62128E-01   0.00000E+00   0.10000E+00    0.50249E-02  -56.80         test_P_all
.5900E+00    50.000  0.356E+02   0.57748E-01   0.00000E+00   0.10000E+00    0.50249E-02  -70.70         test_P_all
.6000E+00    50.000  0.342E+02   0.53557E-01   0.00000E+00   0.10000E+00    0.17692E-02 -689.12         test_P_all
.6100E+00    50.000  0.328E+02   0.49555E-01   0.00000E+00   0.10000E+00    0.50249E-02 -100.78         test_P_all
.6200E+00    50.000  0.315E+02   0.45743E-01   0.00000E+00   0.10000E+00    0.50249E-02 -116.59         test_P_all
.6300E+00    50.000  0.302E+02   0.42116E-01   0.00000E+00   0.10000E+00    0.50249E-02 -132.69         test_P_all
.6400E+00    50.000  0.290E+02   0.38676E-01   0.00000E+00   0.10000E+00    0.50249E-02 -148.93         test_P_all
.6500E+00    50.000  0.278E+02   0.35418E-01   0.00000E+00   0.10000E+00    0.50249E-02 -165.18         test_P_all
.6600E+00    50.000  0.266E+02   0.32341E-01   0.00000E+00   0.10000E+00    0.50249E-02 -181.30         test_P_all
.6700E+00    50.000  0.255E+02   0.29441E-01   0.00000E+00   0.10000E+00    0.50249E-02 -197.17         test_P_all
.6800E+00    50.000  0.244E+02   0.26714E-01   0.00000E+00   0.10000E+00    0.50249E-02 -212.71         test_P_all
.6900E+00    50.000  0.233E+02   0.24157E-01   0.00000E+00   0.10000E+00    0.50249E-02 -227.81         test_P_all
.7000E+00    50.000  0.223E+02   0.21767E-01   0.00000E+00   0.10000E+00    0.17692E-02 *******         test_P_all
.7100E+00    50.000  0.213E+02   0.19538E-01   0.00000E+00   0.10000E+00    0.50249E-02 -256.40         test_P_all
.7200E+00    50.000  0.203E+02   0.17466E-01   0.00000E+00   0.10000E+00    0.50249E-02 -269.77         test_P_all
.7300E+00    50.000  0.194E+02   0.15547E-01   0.00000E+00   0.10000E+00    0.50249E-02 -282.47         test_P_all
.7400E+00    50.000  0.184E+02   0.13774E-01   0.00000E+00   0.10000E+00    0.50249E-02 -294.45         test_P_all
.7500E+00    50.000  0.175E+02   0.12143E-01   0.00000E+00   0.10000E+00    0.50249E-02 -305.69         test_P_all
.7600E+00    50.000  0.167E+02   0.10649E-01   0.00000E+00   0.10000E+00    0.50249E-02 -316.18         test_P_all
.7700E+00    50.000  0.158E+02   0.92847E-02   0.00000E+00   0.10000E+00    0.50249E-02 -325.91         test_P_all
.7800E+00    50.000  0.150E+02   0.80454E-02   0.00000E+00   0.10000E+00    0.50249E-02 -334.88         test_P_all
.7900E+00    50.000  0.142E+02   0.69248E-02   0.00000E+00   0.10000E+00    0.50249E-02 -343.09         test_P_all
.8000E+00    50.000  0.134E+02   0.59168E-02   0.00000E+00   0.10000E+00    0.17692E-02 *******         test_P_all
.8100E+00    50.000  0.126E+02   0.50151E-02   0.00000E+00   0.10000E+00    0.50249E-02 -357.31         test_P_all
.8200E+00    50.000  0.119E+02   0.42138E-02   0.00000E+00   0.10000E+00    0.50249E-02 -363.37         test_P_all
.8300E+00    50.000  0.111E+02   0.35066E-02   0.00000E+00   0.10000E+00    0.50249E-02 -368.75         test_P_all
.8400E+00    50.000  0.104E+02   0.28869E-02   0.00000E+00   0.10000E+00    0.50249E-02 -373.50         test_P_all
.8500E+00    50.000  0.971E+01   0.23483E-02   0.00000E+00   0.10000E+00    0.50249E-02 -377.66         test_P_all
.8600E+00    50.000  0.902E+01   0.18851E-02   0.00000E+00   0.10000E+00    0.50249E-02 -381.25         test_P_all
.8700E+00    50.000  0.835E+01   0.14900E-02   0.00000E+00   0.10000E+00    0.50249E-02 -384.33         test_P_all
.8800E+00    50.000  0.770E+01   0.11576E-02   0.00000E+00   0.10000E+00    0.50249E-02 -386.92         test_P_all
.8900E+00    50.000  0.706E+01   0.88200E-03   0.00000E+00   0.10000E+00    0.50249E-02 -389.08         test_P_all
.9000E+00    50.000  0.644E+01   0.65598E-03   0.00000E+00   0.10000E+00    0.17692E-02 *******         test_P_all
.9100E+00    50.000  0.583E+01   0.47527E-03   0.00000E+00   0.10000E+00    0.50249E-02 -392.28         test_P_all
.9200E+00    50.000  0.523E+01   0.33299E-03   0.00000E+00   0.10000E+00    0.50249E-02 -393.41         test_P_all
.9300E+00    50.000  0.465E+01   0.22396E-03   0.00000E+00   0.10000E+00    0.50249E-02 -394.27         test_P_all
.9400E+00    50.000  0.407E+01   0.14422E-03   0.00000E+00   0.10000E+00    0.50249E-02 -394.90         test_P_all
.9500E+00    50.000  0.351E+01   0.86000E-04   0.00000E+00   0.10000E+00    0.50249E-02 -395.36         test_P_all
.9600E+00    50.000  0.297E+01   0.47392E-04   0.00000E+00   0.10000E+00    0.50249E-02 -395.66         test_P_all
.9700E+00    50.000  0.243E+01   0.23421E-04   0.00000E+00   0.10000E+00    0.50249E-02 -395.85         test_P_all
.9800E+00    50.000  0.190E+01   0.90972E-05   0.00000E+00   0.10000E+00    0.50249E-02 -395.97         test_P_all
.9900E+00    50.000  0.139E+01   0.30571E-05   0.00000E+00   0.10000E+00    0.50249E-02 -396.02         test_P_all
.1000E+01    50.000  0.882E+00   0.21694E-05   0.00000E+00   0.10000E+00    0.50249E-02 -396.02         test_P_all
.1000E+00   100.000  0.901E+03   0.39745E+00   0.00000E+00   0.10000E+00    0.50249E-02 3504.01         test_P_all
.1100E+00   100.000  0.810E+03   0.38655E+00   0.00000E+00   0.10000E+00    0.50249E-02 3251.86         test_P_all
.1200E+00   100.000  0.734E+03   0.37672E+00   0.00000E+00   0.10000E+00    0.50249E-02 3032.70         test_P_all
.1300E+00   100.000  0.670E+03   0.36767E+00   0.00000E+00   0.10000E+00    0.50249E-02 2837.50         test_P_all
.1400E+00   100.000  0.615E+03   0.35909E+00   0.00000E+00   0.10000E+00    0.50249E-02 2658.43         test_P_all
.1500E+00   100.000  0.568E+03   0.35099E+00   0.00000E+00   0.10000E+00    0.50249E-02 2494.85         test_P_all
.1600E+00   100.000  0.526E+03   0.34307E+00   0.00000E+00   0.10000E+00    0.50249E-02 2339.87         test_P_all
.1700E+00   100.000  0.489E+03   0.33536E+00   0.00000E+00   0.10000E+00    0.50249E-02 2193.90         test_P_all
.1800E+00   100.000  0.456E+03   0.32778E+00   0.00000E+00   0.10000E+00    0.50249E-02 2054.81         test_P_all
.1900E+00   100.000  0.427E+03   0.32022E+00   0.00000E+00   0.10000E+00    0.50249E-02 1920.75         test_P_all
.2000E+00   100.000  0.401E+03   0.31272E+00   0.00000E+00   0.10000E+00    0.50249E-02 1792.01         test_P_all
.2100E+00   100.000  0.377E+03   0.30516E+00   0.00000E+00   0.10000E+00    0.50249E-02 1666.94         test_P_all
.2200E+00   100.000  0.355E+03   0.29758E+00   0.00000E+00   0.10000E+00    0.50249E-02 1546.04         test_P_all
.2300E+00   100.000  0.336E+03   0.28996E+00   0.00000E+00   0.10000E+00    0.50249E-02 1429.06         test_P_all
.2400E+00   100.000  0.318E+03   0.28227E+00   0.00000E+00   0.10000E+00    0.50249E-02 1315.79         test_P_all
.2500E+00   100.000  0.301E+03   0.27455E+00   0.00000E+00   0.10000E+00    0.50249E-02 1206.60         test_P_all
.2600E+00   100.000  0.285E+03   0.26676E+00   0.00000E+00   0.10000E+00    0.50249E-02 1101.37         test_P_all
.2700E+00   100.000  0.271E+03   0.25894E+00   0.00000E+00   0.10000E+00    0.50249E-02 1000.45         test_P_all
.2800E+00   100.000  0.258E+03   0.25108E+00   0.00000E+00   0.10000E+00    0.50249E-02  904.01         test_P_all
.2900E+00   100.000  0.246E+03   0.24321E+00   0.00000E+00   0.10000E+00    0.50249E-02  812.19         test_P_all
.3000E+00   100.000  0.234E+03   0.23532E+00   0.00000E+00   0.10000E+00    0.18868E-02 5143.57         test_P_all
.3100E+00   100.000  0.223E+03   0.22744E+00   0.00000E+00   0.10000E+00    0.50249E-02  643.18         test_P_all
.3200E+00   100.000  0.213E+03   0.21957E+00   0.00000E+00   0.10000E+00    0.50249E-02  566.25         test_P_all
.3300E+00   100.000  0.204E+03   0.21174E+00   0.00000E+00   0.10000E+00    0.50249E-02  494.50         test_P_all
.3400E+00   100.000  0.195E+03   0.20396E+00   0.00000E+00   0.10000E+00    0.50249E-02  427.99         test_P_all
.3500E+00   100.000  0.187E+03   0.19623E+00   0.00000E+00   0.10000E+00    0.50249E-02  366.70         test_P_all
.3600E+00   100.000  0.179E+03   0.18857E+00   0.00000E+00   0.10000E+00    0.50249E-02  310.67         test_P_all
.3700E+00   100.000  0.171E+03   0.18099E+00   0.00000E+00   0.10000E+00    0.50249E-02  259.80         test_P_all
.3800E+00   100.000  0.164E+03   0.17351E+00   0.00000E+00   0.10000E+00    0.50249E-02  214.01         test_P_all
.3900E+00   100.000  0.157E+03   0.16613E+00   0.00000E+00   0.10000E+00    0.50249E-02  173.21         test_P_all
.4000E+00   100.000  0.151E+03   0.15887E+00   0.00000E+00   0.10000E+00    0.17692E-02 1107.16         test_P_all
.4100E+00   100.000  0.145E+03   0.15173E+00   0.00000E+00   0.10000E+00    0.50249E-02  105.97         test_P_all
.4200E+00   100.000  0.139E+03   0.14472E+00   0.00000E+00   0.10000E+00    0.50249E-02   79.19         test_P_all
.4300E+00   100.000  0.133E+03   0.13785E+00   0.00000E+00   0.10000E+00    0.50249E-02   56.73         test_P_all
.4400E+00   100.000  0.128E+03   0.13112E+00   0.00000E+00   0.10000E+00    0.50249E-02   38.36         test_P_all
.4500E+00   100.000  0.123E+03   0.12455E+00   0.00000E+00   0.10000E+00    0.50249E-02   23.87         test_P_all
.4600E+00   100.000  0.118E+03   0.11814E+00   0.00000E+00   0.10000E+00    0.50249E-02   13.03         test_P_all
.4700E+00   100.000  0.114E+03   0.11189E+00   0.00000E+00   0.10000E+00    0.50249E-02    5.60         test_P_all
.4800E+00   100.000  0.109E+03   0.10581E+00   0.00000E+00   0.10000E+00    0.50249E-02    1.34         test_P_all
.4900E+00   100.000  0.105E+03   0.99903E-01   0.00000E+00   0.10000E+00    0.50249E-02   -0.00         test_P_all
.5000E+00   100.000  0.101E+03   0.94174E-01   0.00000E+00   0.10000E+00    0.17692E-02  -10.84         test_P_all
.5100E+00   100.000  0.970E+02   0.88627E-01   0.00000E+00   0.10000E+00    0.50249E-02   -5.12         test_P_all
.5200E+00   100.000  0.932E+02   0.83263E-01   0.00000E+00   0.10000E+00    0.50249E-02  -11.09         test_P_all
.5300E+00   100.000  0.896E+02   0.78084E-01   0.00000E+00   0.10000E+00    0.50249E-02  -19.02         test_P_all
.5400E+00   100.000  0.861E+02   0.73094E-01   0.00000E+00   0.10000E+00    0.50249E-02  -28.67         test_P_all
.5500E+00   100.000  0.827E+02   0.68291E-01   0.00000E+00   0.10000E+00    0.50249E-02  -39.82         test_P_all
.5600E+00   100.000  0.795E+02   0.63679E-01   0.00000E+00   0.10000E+00    0.50249E-02  -52.25         test_P_all
.5700E+00   100.000  0.763E+02   0.59256E-01   0.00000E+00   0.10000E+00    0.50249E-02  -65.74         test_P_all
.5800E+00   100.000  0.733E+02   0.55022E-01   0.00000E+00   0.10000E+00    0.50249E-02  -80.12         test_P_all
.5900E+00   100.000  0.704E+02   0.50979E-01   0.00000E+00   0.10000E+00    0.50249E-02  -95.17         test_P_all
.6000E+00   100.000  0.675E+02   0.47122E-01   0.00000E+00   0.10000E+00    0.17692E-02 -893.33         test_P_all
.6100E+00   100.000  0.648E+02   0.43452E-01   0.00000E+00   0.10000E+00    0.50249E-02 -126.64         test_P_all
.6200E+00   100.000  0.622E+02   0.39966E-01   0.00000E+00   0.10000E+00    0.50249E-02 -142.73         test_P_all
.6300E+00   100.000  0.596E+02   0.36662E-01   0.00000E+00   0.10000E+00    0.50249E-02 -158.88         test_P_all
.6400E+00   100.000  0.571E+02   0.33539E-01   0.00000E+00   0.10000E+00    0.50249E-02 -174.93         test_P_all
.6500E+00   100.000  0.547E+02   0.30592E-01   0.00000E+00   0.10000E+00    0.50249E-02 -190.79         test_P_all
.6600E+00   100.000  0.524E+02   0.27818E-01   0.00000E+00   0.10000E+00    0.50249E-02 -206.35         test_P_all
.6700E+00   100.000  0.501E+02   0.25213E-01   0.00000E+00   0.10000E+00    0.50249E-02 -221.51         test_P_all
.6800E+00   100.000  0.479E+02   0.22774E-01   0.00000E+00   0.10000E+00    0.50249E-02 -236.19         test_P_all
.6900E+00   100.000  0.458E+02   0.20497E-01   0.00000E+00   0.10000E+00    0.50249E-02 -250.33         test_P_all
.7000E+00   100.000  0.437E+02   0.18376E-01   0.00000E+00   0.10000E+00    0.17692E-02 *******         test_P_all
.7100E+00   100.000  0.417E+02   0.16408E-01   0.00000E+00   0.10000E+00    0.50249E-02 -276.74         test_P_all
.7200E+00   100.000  0.398E+02   0.14586E-01   0.00000E+00   0.10000E+00    0.50249E-02 -288.93         test_P_all
.7300E+00   100.000  0.379E+02   0.12906E-01   0.00000E+00   0.10000E+00    0.50249E-02 -300.41         test_P_all
.7400E+00   100.000  0.360E+02   0.11363E-01   0.00000E+00   0.10000E+00    0.50249E-02 -311.15         test_P_all
.7500E+00   100.000  0.342E+02   0.99510E-02   0.00000E+00   0.10000E+00    0.50249E-02 -321.14         test_P_all
.7600E+00   100.000  0.325E+02   0.86640E-02   0.00000E+00   0.10000E+00    0.50249E-02 -330.39         test_P_all
.7700E+00   100.000  0.308E+02   0.74965E-02   0.00000E+00   0.10000E+00    0.50249E-02 -338.89         test_P_all
.7800E+00   100.000  0.291E+02   0.64427E-02   0.00000E+00   0.10000E+00    0.50249E-02 -346.65         test_P_all
.7900E+00   100.000  0.275E+02   0.54961E-02   0.00000E+00   0.10000E+00    0.50249E-02 -353.70         test_P_all
.8000E+00   100.000  0.259E+02   0.46512E-02   0.00000E+00   0.10000E+00    0.17692E-02 *******         test_P_all
.8100E+00   100.000  0.243E+02   0.39012E-02   0.00000E+00   0.10000E+00    0.50249E-02 -365.74         test_P_all
.8200E+00   100.000  0.228E+02   0.32405E-02   0.00000E+00   0.10000E+00    0.50249E-02 -370.79         test_P_all
.8300E+00   100.000  0.214E+02   0.26633E-02   0.00000E+00   0.10000E+00    0.50249E-02 -375.23         test_P_all
.8400E+00   100.000  0.199E+02   0.21620E-02   0.00000E+00   0.10000E+00    0.50249E-02 -379.10         test_P_all
.8500E+00   100.000  0.185E+02   0.17319E-02   0.00000E+00   0.10000E+00    0.50249E-02 -382.44         test_P_all
.8600E+00   100.000  0.172E+02   0.13664E-02   0.00000E+00   0.10000E+00    0.50249E-02 -385.29         test_P_all
.8700E+00   100.000  0.158E+02   0.10591E-02   0.00000E+00   0.10000E+00    0.50249E-02 -387.70         test_P_all
.8800E+00   100.000  0.145E+02   0.80523E-03   0.00000E+00   0.10000E+00    0.50249E-02 -389.69         test_P_all
.8900E+00   100.000  0.132E+02   0.59754E-03   0.00000E+00   0.10000E+00    0.50249E-02 -391.32         test_P_all
.9000E+00   100.000  0.120E+02   0.43161E-03   0.00000E+00   0.10000E+00    0.17692E-02 *******         test_P_all
.9100E+00   100.000  0.108E+02   0.30207E-03   0.00000E+00   0.10000E+00    0.50249E-02 -393.65         test_P_all
.9200E+00   100.000  0.958E+01   0.20250E-03   0.00000E+00   0.10000E+00    0.50249E-02 -394.44         test_P_all
.9300E+00   100.000  0.841E+01   0.12982E-03   0.00000E+00   0.10000E+00    0.50249E-02 -395.01         test_P_all
.9400E+00   100.000  0.726E+01   0.77610E-04   0.00000E+00   0.10000E+00    0.50249E-02 -395.43         test_P_all
.9500E+00   100.000  0.614E+01   0.42520E-04   0.00000E+00   0.10000E+00    0.50249E-02 -395.70         test_P_all
.9600E+00   100.000  0.505E+01   0.21306E-04   0.00000E+00   0.10000E+00    0.50249E-02 -395.87         test_P_all
.9700E+00   100.000  0.397E+01   0.83213E-05   0.00000E+00   0.10000E+00    0.50249E-02 -395.97         test_P_all
.9800E+00   100.000  0.292E+01   0.27277E-05   0.00000E+00   0.10000E+00    0.50249E-02 -396.02         test_P_all
.9900E+00   100.000  0.189E+01   0.18127E-05   0.00000E+00   0.10000E+00    0.50249E-02 -396.03         test_P_all
.1000E+01   100.000  0.882E+00   0.23787E-05   0.00000E+00   0.10000E+00    0.50249E-02 -396.02         test_P_all



 CHI SQUARE=******** FOR  582 POINTS   CHISQ/NPTS= 1112.52
 Signed chisquare total =********
 Modified residual =********


Summary normalization chi2 contributions

 data set     normalization        error         chisq


Summary chi2 per data set

 data set      chisq    _w     signd    _w     resid     _w   npts   chisq/pts  _w
test_P_all  647485.4        452073.4        ********           582 1112.52
------------------------------------------------------------------------------------
TOTAL       647485.4647485.4452073.4     0.0****************   582 1112.52 1112.52
TOTAL+norm  647485.4647485.4                                   582 1112.52 1112.52



            Momentum Sum Rule Check


      q2      alphas      xuv       xdv       xub       xdb       xsb       xcb       xbb      xglue     total
      1.69    0.3845    0.3222    0.1370    0.0551    0.0716    0.0253    0.0000    0.0000    0.3890    1.0002
    100.00    0.1784    0.2270    0.0966    0.0645    0.0761    0.0436    0.0257    0.0087    0.4549    0.9972
   1000.00    0.1407    0.0000    0.0000    0.0000    0.0000    0.0000    0.0000    0.0000    0.0000    0.0000
   8315.00    0.1180    0.0000    0.0000    0.0000    0.0000    0.0000    0.0000    0.0000    0.0000    0.0000


 Vector Boson Cross Sections

 sqrt(s)   sigma(W)    error    theory

   1960.     2.865     0.063       0.000     D0

   1960.     2.749     0.054       0.000     CDF

   7000.     9.95      0.29        0.000     CMS

   7000.     9.96      0.55        0.000     ATLAS

 sqrt(s)   sigma(Z)    error    theory

   1960.     .2649     .0094       0.000     D0

   1960.     .2549     .0057       0.000     CDF

   7000.     .931      0.035       0.000     CMS

   7000.     .82       0.08        0.000     ATLAS


