 Correlated errors added in quadrature with statistical errors
 test_N_all DIS data with   1.69< Q2 < 0.500D+03 and 0.000 < xB < 1.000 and   0.00< W2 < 0.100D+05 and 0.000 < y < 1.000
   GP TMC applied
   no HT corrections

# fitpack15: fit output
# CJ15 AV18 final data choices                                                 

Parametrization   7 used here

 S-ACOT scheme used  for NC DIS

 charm mass =     1.30 GeV     bottom mass =     4.50 GeV



 THIS IS A NEXT TO LEADING ORDER FIT

 Q02=    1.69
         1  LAMBDA      VALUE=   0.22680      WEIGHT=    0.0000    
         2  a0uv        VALUE=    2.4057      WEIGHT=    0.0000    
         3  a1uv        VALUE=   0.61527      WEIGHT=   0.19854E-01
         4  a2uv        VALUE=    3.5433      WEIGHT=   0.12409E-01
         5  a3uv        VALUE=    0.0000      WEIGHT=    0.0000    
         6  a4uv        VALUE=    3.4627      WEIGHT=   0.42879    
         7  a5uv        VALUE=    0.0000      WEIGHT=    0.0000    
         8  a0dv        VALUE=    24.697      WEIGHT=    0.0000    
         9  a1dv        VALUE=    1.1596      WEIGHT=   0.33520E-01
        10  a2dv        VALUE=    6.5512      WEIGHT=   0.15896    
        11  a3dv        VALUE=   -3.5032      WEIGHT=   0.86016E-01
        12  a4dv        VALUE=    4.6782      WEIGHT=   0.14268    
        13  a5dv        VALUE=    0.0000      WEIGHT=    0.0000    
        14  a0ud        VALUE=   0.14659      WEIGHT=   0.50361E-02
        15  a1ud        VALUE=  -0.20775      WEIGHT=   0.37553E-02
        16  a2ud        VALUE=    8.3267      WEIGHT=   0.19161    
        17  a3ud        VALUE=    0.0000      WEIGHT=    0.0000    
        18  a4ud        VALUE=    14.601      WEIGHT=    1.2247    
        19  a5ud        VALUE=    0.0000      WEIGHT=    0.0000    
        20  a0du        VALUE=    35712.      WEIGHT=    0.0000    
        21  a1du        VALUE=    4.0252      WEIGHT=   0.75473E-01
        22  a2du        VALUE=    20.144      WEIGHT=   0.87860    
        23  a3du        VALUE=    17.000      WEIGHT=    0.0000    
        24  a4du        VALUE=    51.091      WEIGHT=    10.584    
        25  a0g         VALUE=    45.571      WEIGHT=    0.0000    
        26  a1g         VALUE=   0.60322      WEIGHT=   0.31070E-01
        27  a2g         VALUE=    6.4873      WEIGHT=   0.95511    
        28  a3g         VALUE=   -3.3066      WEIGHT=   0.13332    
        29  a4g         VALUE=    3.1735      WEIGHT=   0.31786    
        30  a5g         VALUE=    0.0000      WEIGHT=    0.0000    
        31  kappa       VALUE=   0.40000      WEIGHT=    0.0000    
        32  a6dv        VALUE=  -0.35943E-02  WEIGHT=   0.66793E-03
        33  a7dv        VALUE=    2.0000      WEIGHT=    0.0000    
        34  off1        VALUE=   -3.6902      WEIGHT=    1.5189    
        35  off2        VALUE=   0.57084E-01  WEIGHT=   0.58158E-01
        36  ht1         VALUE=   -3.2893      WEIGHT=   0.25773    
        37  ht2         VALUE=    1.9288      WEIGHT=   0.10502    
        38  ht3         VALUE=   -2.0694      WEIGHT=   0.18364E-01
        39  ht4         VALUE=    0.0000      WEIGHT=    0.0000    
        40  dummy40     VALUE=    0.0000      WEIGHT=    0.0000    
        41  dummy41     VALUE=    0.0000      WEIGHT=    0.0000    
        42  dummy42     VALUE=    0.0000      WEIGHT=    0.0000    
        43  dummy43     VALUE=    0.0000      WEIGHT=    0.0000    
        44  dummy44     VALUE=    0.0000      WEIGHT=    0.0000    
        45  dummy45     VALUE=    0.0000      WEIGHT=    0.0000    
        46  dummy46     VALUE=    0.0000      WEIGHT=    0.0000    
        47  dummy47     VALUE=    0.0000      WEIGHT=    0.0000    
        48  dummy48     VALUE=    0.0000      WEIGHT=    0.0000    
        49  dummy49     VALUE=    0.0000      WEIGHT=    0.0000    
        50  bcdmsh2     VALUE=   0.97307      WEIGHT=   0.48213E-02
        51  bcdmsd2     VALUE=   0.99317      WEIGHT=   0.58316E-02
        52  ccfr        VALUE=    1.0000      WEIGHT=    0.0000    
        53  nutev       VALUE=    1.0000      WEIGHT=    0.0000    
        54  zeus        VALUE=   0.97998      WEIGHT=    0.0000    
        55  h1          VALUE=    1.0162      WEIGHT=    0.0000    
        56  e605        VALUE=    1.0319      WEIGHT=    0.0000    
        57  NmcH2       VALUE=    1.0095      WEIGHT=   0.71229E-02
        58  ntv_nu      VALUE=    1.0000      WEIGHT=    0.0000    
        59  ntv_nubar   VALUE=    1.0000      WEIGHT=    0.0000    
        60  cdf_jet     VALUE=   0.98910      WEIGHT=    0.0000    
        61  d0_jet      VALUE=   0.83504      WEIGHT=    0.0000    
        62  slac_p      VALUE=    1.0049      WEIGHT=   0.48130E-02
        63  slac_d      VALUE=    1.0042      WEIGHT=   0.52770E-02
        64  e866pp      VALUE=   0.96583      WEIGHT=   0.19253E-01
        65  e866pd      VALUE=   0.96377      WEIGHT=   0.15819E-01
        66  d0_gamjet   VALUE=    1.0389      WEIGHT=   0.16480E-01
        67  h1b         VALUE=   0.97608      WEIGHT=    0.0000    
        68  jlab_p      VALUE=   0.99439      WEIGHT=   0.57921E-02
        69  jlab_d      VALUE=   0.97552      WEIGHT=   0.59078E-02
        70  blank       VALUE=    1.0000      WEIGHT=    0.0000    
        71  d0run2      VALUE=   0.94082      WEIGHT=   0.14133E-01
        72  cdfrun2     VALUE=   0.92646      WEIGHT=   0.17222E-01
        73  HERA_el     VALUE=    1.0000      WEIGHT=    0.0000    
        74  HERA_ps     VALUE=    1.0000      WEIGHT=    0.0000    
        75  CDF_Z       VALUE=   0.96583      WEIGHT=   0.65170E-02
        76  NmcRat      VALUE=    1.0000      WEIGHT=    0.0000    
        77  BNS_F2nd    VALUE=   0.98318      WEIGHT=   0.69178E-02
        78  HERMES_F2p  VALUE=   0.99832      WEIGHT=   0.55662E-02
        79  HERMES_F2d  VALUE=   0.98040      WEIGHT=   0.58223E-02
0THE TOLERANCE IS    0.1000
 THE MAXIMUM NUMBER OF STEPS IS 100
0THE INITIAL CHI SQUARED IS  4.01332E+05



     X        Q2         W2       THEORY        error         DATA           ERROR        chi^2     _w    ITYPE
.1000E-01     2.000  0.199E+03   0.34237E+00   0.00000E+00   0.10000E+00    0.50249E-02 2326.52         test_N_all
.2000E-01     2.000  0.989E+02   0.31967E+00   0.00000E+00   0.10000E+00    0.50249E-02 1911.04         test_N_all
.3000E-01     2.000  0.655E+02   0.31084E+00   0.00000E+00   0.10000E+00    0.50249E-02 1760.45         test_N_all
.4000E-01     2.000  0.489E+02   0.30863E+00   0.00000E+00   0.10000E+00    0.50249E-02 1723.90         test_N_all
.5000E-01     2.000  0.389E+02   0.30783E+00   0.00000E+00   0.10000E+00    0.50249E-02 1710.59         test_N_all
.6000E-01     2.000  0.322E+02   0.30839E+00   0.00000E+00   0.10000E+00    0.50249E-02 1719.86         test_N_all
.7000E-01     2.000  0.275E+02   0.30925E+00   0.00000E+00   0.10000E+00    0.50249E-02 1734.08         test_N_all
.8000E-01     2.000  0.239E+02   0.31006E+00   0.00000E+00   0.10000E+00    0.50249E-02 1747.51         test_N_all
.9000E-01     2.000  0.211E+02   0.31049E+00   0.00000E+00   0.10000E+00    0.50249E-02 1754.75         test_N_all
.1000E+00     2.000  0.189E+02   0.31040E+00   0.00000E+00   0.10000E+00    0.50249E-02 1753.22         test_N_all
.1100E+00     2.000  0.171E+02   0.30963E+00   0.00000E+00   0.10000E+00    0.50249E-02 1740.45         test_N_all
.1200E+00     2.000  0.155E+02   0.30816E+00   0.00000E+00   0.10000E+00    0.50249E-02 1716.08         test_N_all
.1300E+00     2.000  0.143E+02   0.30601E+00   0.00000E+00   0.10000E+00    0.50249E-02 1680.74         test_N_all
.1400E+00     2.000  0.132E+02   0.30325E+00   0.00000E+00   0.10000E+00    0.50249E-02 1636.09         test_N_all
.1500E+00     2.000  0.122E+02   0.29989E+00   0.00000E+00   0.10000E+00    0.50249E-02 1582.39         test_N_all
.1600E+00     2.000  0.114E+02   0.29608E+00   0.00000E+00   0.10000E+00    0.50249E-02 1522.62         test_N_all
.1700E+00     2.000  0.106E+02   0.29185E+00   0.00000E+00   0.10000E+00    0.50249E-02 1457.74         test_N_all
.1800E+00     2.000  0.999E+01   0.28726E+00   0.00000E+00   0.10000E+00    0.50249E-02 1388.72         test_N_all
.1900E+00     2.000  0.941E+01   0.28244E+00   0.00000E+00   0.10000E+00    0.50249E-02 1318.13         test_N_all
.2000E+00     2.000  0.888E+01   0.27737E+00   0.00000E+00   0.10000E+00    0.50249E-02 1245.89         test_N_all
.2100E+00     2.000  0.841E+01   0.27212E+00   0.00000E+00   0.10000E+00    0.50249E-02 1173.29         test_N_all
.2200E+00     2.000  0.797E+01   0.26675E+00   0.00000E+00   0.10000E+00    0.50249E-02 1101.24         test_N_all
.2300E+00     2.000  0.758E+01   0.26125E+00   0.00000E+00   0.10000E+00    0.50249E-02 1029.81         test_N_all
.2400E+00     2.000  0.722E+01   0.25569E+00   0.00000E+00   0.10000E+00    0.50249E-02  960.00         test_N_all
.2500E+00     2.000  0.688E+01   0.25006E+00   0.00000E+00   0.10000E+00    0.50249E-02  891.80         test_N_all
.2600E+00     2.000  0.657E+01   0.24437E+00   0.00000E+00   0.10000E+00    0.50249E-02  825.44         test_N_all
.2700E+00     2.000  0.629E+01   0.23865E+00   0.00000E+00   0.10000E+00    0.50249E-02  761.29         test_N_all
.2800E+00     2.000  0.602E+01   0.23289E+00   0.00000E+00   0.10000E+00    0.50249E-02  699.36         test_N_all
.2900E+00     2.000  0.578E+01   0.22710E+00   0.00000E+00   0.10000E+00    0.50249E-02  639.77         test_N_all
.3000E+00     2.000  0.555E+01   0.22129E+00   0.00000E+00   0.10000E+00    0.18868E-02 4132.31         test_N_all
.3100E+00     2.000  0.533E+01   0.21546E+00   0.00000E+00   0.10000E+00    0.50249E-02  527.96         test_N_all
.3200E+00     2.000  0.513E+01   0.20961E+00   0.00000E+00   0.10000E+00    0.50249E-02  475.83         test_N_all
.3300E+00     2.000  0.494E+01   0.20375E+00   0.00000E+00   0.10000E+00    0.50249E-02  426.28         test_N_all
.3400E+00     2.000  0.476E+01   0.19788E+00   0.00000E+00   0.10000E+00    0.50249E-02  379.41         test_N_all
.3500E+00     2.000  0.460E+01   0.19199E+00   0.00000E+00   0.10000E+00    0.50249E-02  335.17         test_N_all
.3600E+00     2.000  0.444E+01   0.18611E+00   0.00000E+00   0.10000E+00    0.50249E-02  293.66         test_N_all
.3700E+00     2.000  0.429E+01   0.18024E+00   0.00000E+00   0.10000E+00    0.50249E-02  254.96         test_N_all
.3800E+00     2.000  0.414E+01   0.17436E+00   0.00000E+00   0.10000E+00    0.50249E-02  219.01         test_N_all
.3900E+00     2.000  0.401E+01   0.16851E+00   0.00000E+00   0.10000E+00    0.50249E-02  185.91         test_N_all
.4000E+00     2.000  0.388E+01   0.16270E+00   0.00000E+00   0.10000E+00    0.17692E-02 1255.81         test_N_all
.4100E+00     2.000  0.376E+01   0.15691E+00   0.00000E+00   0.10000E+00    0.50249E-02  128.26         test_N_all
.4200E+00     2.000  0.364E+01   0.15117E+00   0.00000E+00   0.10000E+00    0.50249E-02  103.70         test_N_all
.4300E+00     2.000  0.353E+01   0.14549E+00   0.00000E+00   0.10000E+00    0.50249E-02   81.95         test_N_all
.4400E+00     2.000  0.343E+01   0.13987E+00   0.00000E+00   0.10000E+00    0.50249E-02   62.97         test_N_all
.4500E+00     2.000  0.333E+01   0.13434E+00   0.00000E+00   0.10000E+00    0.50249E-02   46.69         test_N_all
.4600E+00     2.000  0.323E+01   0.12888E+00   0.00000E+00   0.10000E+00    0.50249E-02   33.04         test_N_all
.4700E+00     2.000  0.314E+01   0.12353E+00   0.00000E+00   0.10000E+00    0.50249E-02   21.93         test_N_all
.4800E+00     2.000  0.305E+01   0.11828E+00   0.00000E+00   0.10000E+00    0.50249E-02   13.23         test_N_all
.4900E+00     2.000  0.296E+01   0.11314E+00   0.00000E+00   0.10000E+00    0.50249E-02    6.84         test_N_all
.5000E+00     2.000  0.288E+01   0.10812E+00   0.00000E+00   0.10000E+00    0.17692E-02   21.05         test_N_all
.5100E+00     2.000  0.280E+01   0.10322E+00   0.00000E+00   0.10000E+00    0.50249E-02    0.41         test_N_all
.5200E+00     2.000  0.273E+01   0.98462E-01   0.00000E+00   0.10000E+00    0.50249E-02   -0.09         test_N_all
.5300E+00     2.000  0.266E+01   0.93833E-01   0.00000E+00   0.10000E+00    0.50249E-02   -1.51         test_N_all
.5400E+00     2.000  0.259E+01   0.89348E-01   0.00000E+00   0.10000E+00    0.50249E-02   -4.49         test_N_all
.5500E+00     2.000  0.252E+01   0.85005E-01   0.00000E+00   0.10000E+00    0.50249E-02   -8.91         test_N_all
.5600E+00     2.000  0.245E+01   0.80804E-01   0.00000E+00   0.10000E+00    0.50249E-02  -14.59         test_N_all
.5700E+00     2.000  0.239E+01   0.76753E-01   0.00000E+00   0.10000E+00    0.50249E-02  -21.40         test_N_all
.5800E+00     2.000  0.233E+01   0.72850E-01   0.00000E+00   0.10000E+00    0.50249E-02  -29.19         test_N_all
.5900E+00     2.000  0.227E+01   0.69094E-01   0.00000E+00   0.10000E+00    0.50249E-02  -37.83         test_N_all
.6000E+00     2.000  0.222E+01   0.65483E-01   0.00000E+00   0.10000E+00    0.17692E-02 -380.65         test_N_all
.6100E+00     2.000  0.216E+01   0.62022E-01   0.00000E+00   0.10000E+00    0.50249E-02  -57.12         test_N_all
.6200E+00     2.000  0.211E+01   0.58704E-01   0.00000E+00   0.10000E+00    0.50249E-02  -67.54         test_N_all
.6300E+00     2.000  0.206E+01   0.55527E-01   0.00000E+00   0.10000E+00    0.50249E-02  -78.33         test_N_all
.6400E+00     2.000  0.201E+01   0.52490E-01   0.00000E+00   0.10000E+00    0.50249E-02  -89.39         test_N_all
.6500E+00     2.000  0.196E+01   0.49593E-01   0.00000E+00   0.10000E+00    0.50249E-02 -100.63         test_N_all
.6600E+00     2.000  0.191E+01   0.46828E-01   0.00000E+00   0.10000E+00    0.50249E-02 -111.97         test_N_all
.6700E+00     2.000  0.187E+01   0.44193E-01   0.00000E+00   0.10000E+00    0.50249E-02 -123.34         test_N_all
.6800E+00     2.000  0.182E+01   0.41685E-01   0.00000E+00   0.10000E+00    0.50249E-02 -134.68         test_N_all
.6900E+00     2.000  0.178E+01   0.39301E-01   0.00000E+00   0.10000E+00    0.50249E-02 -145.92         test_N_all
.7000E+00     2.000  0.174E+01   0.37036E-01   0.00000E+00   0.10000E+00    0.17692E-02 *******         test_N_all
.7100E+00     2.000  0.170E+01   0.34884E-01   0.00000E+00   0.10000E+00    0.50249E-02 -167.93         test_N_all
.7200E+00     2.000  0.166E+01   0.32843E-01   0.00000E+00   0.10000E+00    0.50249E-02 -178.61         test_N_all
.7300E+00     2.000  0.162E+01   0.30911E-01   0.00000E+00   0.10000E+00    0.50249E-02 -189.04         test_N_all
.7400E+00     2.000  0.158E+01   0.29079E-01   0.00000E+00   0.10000E+00    0.50249E-02 -199.20         test_N_all
.7500E+00     2.000  0.155E+01   0.27346E-01   0.00000E+00   0.10000E+00    0.50249E-02 -209.05         test_N_all
.7600E+00     2.000  0.151E+01   0.25706E-01   0.00000E+00   0.10000E+00    0.50249E-02 -218.60         test_N_all
.7700E+00     2.000  0.148E+01   0.24157E-01   0.00000E+00   0.10000E+00    0.50249E-02 -227.81         test_N_all
.7800E+00     2.000  0.145E+01   0.22694E-01   0.00000E+00   0.10000E+00    0.50249E-02 -236.68         test_N_all
.7900E+00     2.000  0.141E+01   0.21312E-01   0.00000E+00   0.10000E+00    0.50249E-02 -245.22         test_N_all
.8000E+00     2.000  0.138E+01   0.20008E-01   0.00000E+00   0.10000E+00    0.17692E-02 *******         test_N_all
.8100E+00     2.000  0.135E+01   0.18778E-01   0.00000E+00   0.10000E+00    0.50249E-02 -261.27         test_N_all
.8200E+00     2.000  0.132E+01   0.17619E-01   0.00000E+00   0.10000E+00    0.50249E-02 -268.78         test_N_all
.8300E+00     2.000  0.129E+01   0.16527E-01   0.00000E+00   0.10000E+00    0.50249E-02 -275.95         test_N_all
.8400E+00     2.000  0.126E+01   0.15498E-01   0.00000E+00   0.10000E+00    0.50249E-02 -282.80         test_N_all
.8500E+00     2.000  0.123E+01   0.14529E-01   0.00000E+00   0.10000E+00    0.50249E-02 -289.32         test_N_all
.8600E+00     2.000  0.121E+01   0.13618E-01   0.00000E+00   0.10000E+00    0.50249E-02 -295.52         test_N_all
.8700E+00     2.000  0.118E+01   0.12760E-01   0.00000E+00   0.10000E+00    0.50249E-02 -301.42         test_N_all
.8800E+00     2.000  0.115E+01   0.11954E-01   0.00000E+00   0.10000E+00    0.50249E-02 -307.02         test_N_all
.8900E+00     2.000  0.113E+01   0.11195E-01   0.00000E+00   0.10000E+00    0.50249E-02 -312.33         test_N_all
.9000E+00     2.000  0.110E+01   0.10482E-01   0.00000E+00   0.10000E+00    0.17692E-02 *******         test_N_all
.9100E+00     2.000  0.108E+01   0.98123E-02   0.00000E+00   0.10000E+00    0.50249E-02 -322.13         test_N_all
.9200E+00     2.000  0.106E+01   0.91829E-02   0.00000E+00   0.10000E+00    0.50249E-02 -326.64         test_N_all
.9300E+00     2.000  0.103E+01   0.85919E-02   0.00000E+00   0.10000E+00    0.50249E-02 -330.91         test_N_all
.9400E+00     2.000  0.101E+01   0.80370E-02   0.00000E+00   0.10000E+00    0.50249E-02 -334.94         test_N_all
.9500E+00     2.000  0.987E+00   0.75159E-02   0.00000E+00   0.10000E+00    0.50249E-02 -338.74         test_N_all
.9600E+00     2.000  0.965E+00   0.70267E-02   0.00000E+00   0.10000E+00    0.50249E-02 -342.34         test_N_all
.9700E+00     2.000  0.944E+00   0.65676E-02   0.00000E+00   0.10000E+00    0.50249E-02 -345.73         test_N_all
.9800E+00     2.000  0.923E+00   0.61370E-02   0.00000E+00   0.10000E+00    0.50249E-02 -348.92         test_N_all
.9900E+00     2.000  0.902E+00   0.57331E-02   0.00000E+00   0.10000E+00    0.50249E-02 -351.93         test_N_all
.1000E+01     2.000  0.882E+00   0.53543E-02   0.00000E+00   0.10000E+00    0.50249E-02 -354.76         test_N_all
.1000E-01     5.000  0.496E+03   0.44903E+00   0.00000E+00   0.10000E+00    0.50249E-02 4824.73         test_N_all
.2000E-01     5.000  0.246E+03   0.39827E+00   0.00000E+00   0.10000E+00    0.50249E-02 3523.33         test_N_all
.3000E-01     5.000  0.163E+03   0.37365E+00   0.00000E+00   0.10000E+00    0.50249E-02 2965.73         test_N_all
.4000E-01     5.000  0.121E+03   0.36134E+00   0.00000E+00   0.10000E+00    0.50249E-02 2704.94         test_N_all
.5000E-01     5.000  0.959E+02   0.35172E+00   0.00000E+00   0.10000E+00    0.50249E-02 2509.39         test_N_all
.6000E-01     5.000  0.792E+02   0.34520E+00   0.00000E+00   0.10000E+00    0.50249E-02 2381.18         test_N_all
.7000E-01     5.000  0.673E+02   0.33949E+00   0.00000E+00   0.10000E+00    0.50249E-02 2271.45         test_N_all
.8000E-01     5.000  0.584E+02   0.33453E+00   0.00000E+00   0.10000E+00    0.50249E-02 2178.37         test_N_all
.9000E-01     5.000  0.514E+02   0.32959E+00   0.00000E+00   0.10000E+00    0.50249E-02 2087.61         test_N_all
.1000E+00     5.000  0.459E+02   0.32466E+00   0.00000E+00   0.10000E+00    0.50249E-02 1998.83         test_N_all
.1100E+00     5.000  0.413E+02   0.31945E+00   0.00000E+00   0.10000E+00    0.50249E-02 1907.25         test_N_all
.1200E+00     5.000  0.375E+02   0.31405E+00   0.00000E+00   0.10000E+00    0.50249E-02 1814.49         test_N_all
.1300E+00     5.000  0.343E+02   0.30839E+00   0.00000E+00   0.10000E+00    0.50249E-02 1719.78         test_N_all
.1400E+00     5.000  0.316E+02   0.30247E+00   0.00000E+00   0.10000E+00    0.50249E-02 1623.45         test_N_all
.1500E+00     5.000  0.292E+02   0.29633E+00   0.00000E+00   0.10000E+00    0.50249E-02 1526.57         test_N_all
.1600E+00     5.000  0.271E+02   0.29006E+00   0.00000E+00   0.10000E+00    0.50249E-02 1430.59         test_N_all
.1700E+00     5.000  0.253E+02   0.28367E+00   0.00000E+00   0.10000E+00    0.50249E-02 1335.96         test_N_all
.1800E+00     5.000  0.237E+02   0.27719E+00   0.00000E+00   0.10000E+00    0.50249E-02 1243.40         test_N_all
.1900E+00     5.000  0.222E+02   0.27068E+00   0.00000E+00   0.10000E+00    0.50249E-02 1153.77         test_N_all
.2000E+00     5.000  0.209E+02   0.26415E+00   0.00000E+00   0.10000E+00    0.50249E-02 1067.09         test_N_all
.2100E+00     5.000  0.197E+02   0.25762E+00   0.00000E+00   0.10000E+00    0.50249E-02  983.88         test_N_all
.2200E+00     5.000  0.186E+02   0.25110E+00   0.00000E+00   0.10000E+00    0.50249E-02  904.23         test_N_all
.2300E+00     5.000  0.176E+02   0.24461E+00   0.00000E+00   0.10000E+00    0.50249E-02  828.23         test_N_all
.2400E+00     5.000  0.167E+02   0.23816E+00   0.00000E+00   0.10000E+00    0.50249E-02  755.93         test_N_all
.2500E+00     5.000  0.159E+02   0.23173E+00   0.00000E+00   0.10000E+00    0.50249E-02  687.23         test_N_all
.2600E+00     5.000  0.151E+02   0.22533E+00   0.00000E+00   0.10000E+00    0.50249E-02  622.12         test_N_all
.2700E+00     5.000  0.144E+02   0.21897E+00   0.00000E+00   0.10000E+00    0.50249E-02  560.54         test_N_all
.2800E+00     5.000  0.137E+02   0.21263E+00   0.00000E+00   0.10000E+00    0.50249E-02  502.43         test_N_all
.2900E+00     5.000  0.131E+02   0.20632E+00   0.00000E+00   0.10000E+00    0.50249E-02  447.70         test_N_all
.3000E+00     5.000  0.125E+02   0.20004E+00   0.00000E+00   0.10000E+00    0.18868E-02 2811.03         test_N_all
.3100E+00     5.000  0.120E+02   0.19377E+00   0.00000E+00   0.10000E+00    0.50249E-02  348.26         test_N_all
.3200E+00     5.000  0.115E+02   0.18753E+00   0.00000E+00   0.10000E+00    0.50249E-02  303.41         test_N_all
.3300E+00     5.000  0.110E+02   0.18131E+00   0.00000E+00   0.10000E+00    0.50249E-02  261.82         test_N_all
.3400E+00     5.000  0.106E+02   0.17511E+00   0.00000E+00   0.10000E+00    0.50249E-02  223.40         test_N_all
.3500E+00     5.000  0.102E+02   0.16893E+00   0.00000E+00   0.10000E+00    0.50249E-02  188.16         test_N_all
.3600E+00     5.000  0.977E+01   0.16278E+00   0.00000E+00   0.10000E+00    0.50249E-02  156.11         test_N_all
.3700E+00     5.000  0.940E+01   0.15667E+00   0.00000E+00   0.10000E+00    0.50249E-02  127.18         test_N_all
.3800E+00     5.000  0.904E+01   0.15060E+00   0.00000E+00   0.10000E+00    0.50249E-02  101.39         test_N_all
.3900E+00     5.000  0.870E+01   0.14457E+00   0.00000E+00   0.10000E+00    0.50249E-02   78.69         test_N_all
.4000E+00     5.000  0.838E+01   0.13861E+00   0.00000E+00   0.10000E+00    0.17692E-02  476.23         test_N_all
.4100E+00     5.000  0.808E+01   0.13271E+00   0.00000E+00   0.10000E+00    0.50249E-02   42.37         test_N_all
.4200E+00     5.000  0.779E+01   0.12689E+00   0.00000E+00   0.10000E+00    0.50249E-02   28.64         test_N_all
.4300E+00     5.000  0.751E+01   0.12116E+00   0.00000E+00   0.10000E+00    0.50249E-02   17.73         test_N_all
.4400E+00     5.000  0.725E+01   0.11552E+00   0.00000E+00   0.10000E+00    0.50249E-02    9.54         test_N_all
.4500E+00     5.000  0.699E+01   0.10999E+00   0.00000E+00   0.10000E+00    0.50249E-02    3.95         test_N_all
.4600E+00     5.000  0.675E+01   0.10457E+00   0.00000E+00   0.10000E+00    0.50249E-02    0.83         test_N_all
.4700E+00     5.000  0.652E+01   0.99284E-01   0.00000E+00   0.10000E+00    0.50249E-02   -0.02         test_N_all
.4800E+00     5.000  0.630E+01   0.94130E-01   0.00000E+00   0.10000E+00    0.50249E-02   -1.36         test_N_all
.4900E+00     5.000  0.609E+01   0.89114E-01   0.00000E+00   0.10000E+00    0.50249E-02   -4.69         test_N_all
.5000E+00     5.000  0.588E+01   0.84246E-01   0.00000E+00   0.10000E+00    0.17692E-02  -79.30         test_N_all
.5100E+00     5.000  0.569E+01   0.79532E-01   0.00000E+00   0.10000E+00    0.50249E-02  -16.59         test_N_all
.5200E+00     5.000  0.550E+01   0.74974E-01   0.00000E+00   0.10000E+00    0.50249E-02  -24.80         test_N_all
.5300E+00     5.000  0.532E+01   0.70578E-01   0.00000E+00   0.10000E+00    0.50249E-02  -34.28         test_N_all
.5400E+00     5.000  0.514E+01   0.66348E-01   0.00000E+00   0.10000E+00    0.50249E-02  -44.85         test_N_all
.5500E+00     5.000  0.497E+01   0.62282E-01   0.00000E+00   0.10000E+00    0.50249E-02  -56.34         test_N_all
.5600E+00     5.000  0.481E+01   0.58386E-01   0.00000E+00   0.10000E+00    0.50249E-02  -68.58         test_N_all
.5700E+00     5.000  0.465E+01   0.54658E-01   0.00000E+00   0.10000E+00    0.50249E-02  -81.42         test_N_all
.5800E+00     5.000  0.450E+01   0.51096E-01   0.00000E+00   0.10000E+00    0.50249E-02  -94.72         test_N_all
.5900E+00     5.000  0.436E+01   0.47703E-01   0.00000E+00   0.10000E+00    0.50249E-02 -108.32         test_N_all
.6000E+00     5.000  0.422E+01   0.44475E-01   0.00000E+00   0.10000E+00    0.17692E-02 -985.01         test_N_all
.6100E+00     5.000  0.408E+01   0.41407E-01   0.00000E+00   0.10000E+00    0.50249E-02 -135.97         test_N_all
.6200E+00     5.000  0.395E+01   0.38500E-01   0.00000E+00   0.10000E+00    0.50249E-02 -149.79         test_N_all
.6300E+00     5.000  0.382E+01   0.35750E-01   0.00000E+00   0.10000E+00    0.50249E-02 -163.49         test_N_all
.6400E+00     5.000  0.369E+01   0.33150E-01   0.00000E+00   0.10000E+00    0.50249E-02 -176.99         test_N_all
.6500E+00     5.000  0.357E+01   0.30699E-01   0.00000E+00   0.10000E+00    0.50249E-02 -190.20         test_N_all
.6600E+00     5.000  0.346E+01   0.28392E-01   0.00000E+00   0.10000E+00    0.50249E-02 -203.08         test_N_all
.6700E+00     5.000  0.334E+01   0.26221E-01   0.00000E+00   0.10000E+00    0.50249E-02 -215.58         test_N_all
.6800E+00     5.000  0.323E+01   0.24185E-01   0.00000E+00   0.10000E+00    0.50249E-02 -227.64         test_N_all
.6900E+00     5.000  0.313E+01   0.22277E-01   0.00000E+00   0.10000E+00    0.50249E-02 -239.24         test_N_all
.7000E+00     5.000  0.302E+01   0.20491E-01   0.00000E+00   0.10000E+00    0.17692E-02 *******         test_N_all
.7100E+00     5.000  0.292E+01   0.18822E-01   0.00000E+00   0.10000E+00    0.50249E-02 -260.98         test_N_all
.7200E+00     5.000  0.283E+01   0.17265E-01   0.00000E+00   0.10000E+00    0.50249E-02 -271.09         test_N_all
.7300E+00     5.000  0.273E+01   0.15815E-01   0.00000E+00   0.10000E+00    0.50249E-02 -280.68         test_N_all
.7400E+00     5.000  0.264E+01   0.14465E-01   0.00000E+00   0.10000E+00    0.50249E-02 -289.75         test_N_all
.7500E+00     5.000  0.255E+01   0.13212E-01   0.00000E+00   0.10000E+00    0.50249E-02 -298.31         test_N_all
.7600E+00     5.000  0.246E+01   0.12049E-01   0.00000E+00   0.10000E+00    0.50249E-02 -306.35         test_N_all
.7700E+00     5.000  0.238E+01   0.10971E-01   0.00000E+00   0.10000E+00    0.50249E-02 -313.91         test_N_all
.7800E+00     5.000  0.229E+01   0.99738E-02   0.00000E+00   0.10000E+00    0.50249E-02 -320.98         test_N_all
.7900E+00     5.000  0.221E+01   0.90524E-02   0.00000E+00   0.10000E+00    0.50249E-02 -327.58         test_N_all
.8000E+00     5.000  0.213E+01   0.82025E-02   0.00000E+00   0.10000E+00    0.17692E-02 *******         test_N_all
.8100E+00     5.000  0.205E+01   0.74186E-02   0.00000E+00   0.10000E+00    0.50249E-02 -339.46         test_N_all
.8200E+00     5.000  0.198E+01   0.66974E-02   0.00000E+00   0.10000E+00    0.50249E-02 -344.77         test_N_all
.8300E+00     5.000  0.191E+01   0.60351E-02   0.00000E+00   0.10000E+00    0.50249E-02 -349.68         test_N_all
.8400E+00     5.000  0.183E+01   0.54268E-02   0.00000E+00   0.10000E+00    0.50249E-02 -354.22         test_N_all
.8500E+00     5.000  0.176E+01   0.48692E-02   0.00000E+00   0.10000E+00    0.50249E-02 -358.41         test_N_all
.8600E+00     5.000  0.170E+01   0.43594E-02   0.00000E+00   0.10000E+00    0.50249E-02 -362.26         test_N_all
.8700E+00     5.000  0.163E+01   0.38937E-02   0.00000E+00   0.10000E+00    0.50249E-02 -365.80         test_N_all
.8800E+00     5.000  0.156E+01   0.34684E-02   0.00000E+00   0.10000E+00    0.50249E-02 -369.04         test_N_all
.8900E+00     5.000  0.150E+01   0.30814E-02   0.00000E+00   0.10000E+00    0.50249E-02 -372.01         test_N_all
.9000E+00     5.000  0.144E+01   0.27301E-02   0.00000E+00   0.10000E+00    0.17692E-02 *******         test_N_all
.9100E+00     5.000  0.138E+01   0.24100E-02   0.00000E+00   0.10000E+00    0.50249E-02 -377.18         test_N_all
.9200E+00     5.000  0.132E+01   0.21210E-02   0.00000E+00   0.10000E+00    0.50249E-02 -379.42         test_N_all
.9300E+00     5.000  0.126E+01   0.18601E-02   0.00000E+00   0.10000E+00    0.50249E-02 -381.44         test_N_all
.9400E+00     5.000  0.120E+01   0.16252E-02   0.00000E+00   0.10000E+00    0.50249E-02 -383.27         test_N_all
.9500E+00     5.000  0.114E+01   0.14135E-02   0.00000E+00   0.10000E+00    0.50249E-02 -384.92         test_N_all
.9600E+00     5.000  0.109E+01   0.12238E-02   0.00000E+00   0.10000E+00    0.50249E-02 -386.41         test_N_all
.9700E+00     5.000  0.104E+01   0.10546E-02   0.00000E+00   0.10000E+00    0.50249E-02 -387.73         test_N_all
.9800E+00     5.000  0.984E+00   0.90383E-03   0.00000E+00   0.10000E+00    0.50249E-02 -388.91         test_N_all
.9900E+00     5.000  0.932E+00   0.76973E-03   0.00000E+00   0.10000E+00    0.50249E-02 -389.97         test_N_all
.1000E+01     5.000  0.882E+00   0.65136E-03   0.00000E+00   0.10000E+00    0.50249E-02 -390.90         test_N_all
.1000E-01    10.000  0.991E+03   0.52907E+00   0.00000E+00   0.10000E+00    0.50249E-02 7291.02         test_N_all
.2000E-01    10.000  0.491E+03   0.45432E+00   0.00000E+00   0.10000E+00    0.50249E-02 4971.97         test_N_all
.3000E-01    10.000  0.324E+03   0.41585E+00   0.00000E+00   0.10000E+00    0.50249E-02 3951.06         test_N_all
.4000E-01    10.000  0.241E+03   0.39517E+00   0.00000E+00   0.10000E+00    0.50249E-02 3450.40         test_N_all
.5000E-01    10.000  0.191E+03   0.37825E+00   0.00000E+00   0.10000E+00    0.50249E-02 3066.28         test_N_all
.6000E-01    10.000  0.158E+03   0.36638E+00   0.00000E+00   0.10000E+00    0.50249E-02 2810.31         test_N_all
.7000E-01    10.000  0.134E+03   0.35587E+00   0.00000E+00   0.10000E+00    0.50249E-02 2592.89         test_N_all
.8000E-01    10.000  0.116E+03   0.34695E+00   0.00000E+00   0.10000E+00    0.50249E-02 2415.14         test_N_all
.9000E-01    10.000  0.102E+03   0.33847E+00   0.00000E+00   0.10000E+00    0.50249E-02 2252.24         test_N_all
.1000E+00    10.000  0.909E+02   0.33052E+00   0.00000E+00   0.10000E+00    0.50249E-02 2104.48         test_N_all
.1100E+00    10.000  0.818E+02   0.32256E+00   0.00000E+00   0.10000E+00    0.50249E-02 1961.69         test_N_all
.1200E+00    10.000  0.742E+02   0.31483E+00   0.00000E+00   0.10000E+00    0.50249E-02 1827.78         test_N_all
.1300E+00    10.000  0.678E+02   0.30714E+00   0.00000E+00   0.10000E+00    0.50249E-02 1699.35         test_N_all
.1400E+00    10.000  0.623E+02   0.29944E+00   0.00000E+00   0.10000E+00    0.50249E-02 1575.24         test_N_all
.1500E+00    10.000  0.575E+02   0.29176E+00   0.00000E+00   0.10000E+00    0.50249E-02 1456.33         test_N_all
.1600E+00    10.000  0.534E+02   0.28412E+00   0.00000E+00   0.10000E+00    0.50249E-02 1342.63         test_N_all
.1700E+00    10.000  0.497E+02   0.27654E+00   0.00000E+00   0.10000E+00    0.50249E-02 1234.29         test_N_all
.1800E+00    10.000  0.464E+02   0.26902E+00   0.00000E+00   0.10000E+00    0.50249E-02 1131.46         test_N_all
.1900E+00    10.000  0.435E+02   0.26160E+00   0.00000E+00   0.10000E+00    0.50249E-02 1034.19         test_N_all
.2000E+00    10.000  0.409E+02   0.25425E+00   0.00000E+00   0.10000E+00    0.50249E-02  942.35         test_N_all
.2100E+00    10.000  0.385E+02   0.24701E+00   0.00000E+00   0.10000E+00    0.50249E-02  855.91         test_N_all
.2200E+00    10.000  0.363E+02   0.23986E+00   0.00000E+00   0.10000E+00    0.50249E-02  774.68         test_N_all
.2300E+00    10.000  0.344E+02   0.23280E+00   0.00000E+00   0.10000E+00    0.50249E-02  698.48         test_N_all
.2400E+00    10.000  0.325E+02   0.22584E+00   0.00000E+00   0.10000E+00    0.50249E-02  627.13         test_N_all
.2500E+00    10.000  0.309E+02   0.21896E+00   0.00000E+00   0.10000E+00    0.50249E-02  560.45         test_N_all
.2600E+00    10.000  0.293E+02   0.21216E+00   0.00000E+00   0.10000E+00    0.50249E-02  498.20         test_N_all
.2700E+00    10.000  0.279E+02   0.20543E+00   0.00000E+00   0.10000E+00    0.50249E-02  440.24         test_N_all
.2800E+00    10.000  0.266E+02   0.19879E+00   0.00000E+00   0.10000E+00    0.50249E-02  386.49         test_N_all
.2900E+00    10.000  0.254E+02   0.19220E+00   0.00000E+00   0.10000E+00    0.50249E-02  336.67         test_N_all
.3000E+00    10.000  0.242E+02   0.18568E+00   0.00000E+00   0.10000E+00    0.18868E-02 2061.96         test_N_all
.3100E+00    10.000  0.231E+02   0.17921E+00   0.00000E+00   0.10000E+00    0.50249E-02  248.47         test_N_all
.3200E+00    10.000  0.221E+02   0.17279E+00   0.00000E+00   0.10000E+00    0.50249E-02  209.84         test_N_all
.3300E+00    10.000  0.212E+02   0.16643E+00   0.00000E+00   0.10000E+00    0.50249E-02  174.77         test_N_all
.3400E+00    10.000  0.203E+02   0.16012E+00   0.00000E+00   0.10000E+00    0.50249E-02  143.14         test_N_all
.3500E+00    10.000  0.195E+02   0.15387E+00   0.00000E+00   0.10000E+00    0.50249E-02  114.91         test_N_all
.3600E+00    10.000  0.187E+02   0.14767E+00   0.00000E+00   0.10000E+00    0.50249E-02   90.01         test_N_all
.3700E+00    10.000  0.179E+02   0.14154E+00   0.00000E+00   0.10000E+00    0.50249E-02   68.35         test_N_all
.3800E+00    10.000  0.172E+02   0.13549E+00   0.00000E+00   0.10000E+00    0.50249E-02   49.88         test_N_all
.3900E+00    10.000  0.165E+02   0.12951E+00   0.00000E+00   0.10000E+00    0.50249E-02   34.49         test_N_all
.4000E+00    10.000  0.159E+02   0.12362E+00   0.00000E+00   0.10000E+00    0.17692E-02  178.22         test_N_all
.4100E+00    10.000  0.153E+02   0.11782E+00   0.00000E+00   0.10000E+00    0.50249E-02   12.58         test_N_all
.4200E+00    10.000  0.147E+02   0.11213E+00   0.00000E+00   0.10000E+00    0.50249E-02    5.83         test_N_all
.4300E+00    10.000  0.141E+02   0.10655E+00   0.00000E+00   0.10000E+00    0.50249E-02    1.70         test_N_all
.4400E+00    10.000  0.136E+02   0.10109E+00   0.00000E+00   0.10000E+00    0.50249E-02    0.05         test_N_all
.4500E+00    10.000  0.131E+02   0.95759E-01   0.00000E+00   0.10000E+00    0.50249E-02   -0.71         test_N_all
.4600E+00    10.000  0.126E+02   0.90564E-01   0.00000E+00   0.10000E+00    0.50249E-02   -3.53         test_N_all
.4700E+00    10.000  0.122E+02   0.85518E-01   0.00000E+00   0.10000E+00    0.50249E-02   -8.31         test_N_all
.4800E+00    10.000  0.117E+02   0.80620E-01   0.00000E+00   0.10000E+00    0.50249E-02  -14.88         test_N_all
.4900E+00    10.000  0.113E+02   0.75878E-01   0.00000E+00   0.10000E+00    0.50249E-02  -23.04         test_N_all
.5000E+00    10.000  0.109E+02   0.71300E-01   0.00000E+00   0.10000E+00    0.17692E-02 -263.15         test_N_all
.5100E+00    10.000  0.105E+02   0.66886E-01   0.00000E+00   0.10000E+00    0.50249E-02  -43.43         test_N_all
.5200E+00    10.000  0.101E+02   0.62642E-01   0.00000E+00   0.10000E+00    0.50249E-02  -55.27         test_N_all
.5300E+00    10.000  0.975E+01   0.58570E-01   0.00000E+00   0.10000E+00    0.50249E-02  -67.98         test_N_all
.5400E+00    10.000  0.940E+01   0.54669E-01   0.00000E+00   0.10000E+00    0.50249E-02  -81.38         test_N_all
.5500E+00    10.000  0.906E+01   0.50944E-01   0.00000E+00   0.10000E+00    0.50249E-02  -95.31         test_N_all
.5600E+00    10.000  0.874E+01   0.47391E-01   0.00000E+00   0.10000E+00    0.50249E-02 -109.61         test_N_all
.5700E+00    10.000  0.843E+01   0.44010E-01   0.00000E+00   0.10000E+00    0.50249E-02 -124.15         test_N_all
.5800E+00    10.000  0.812E+01   0.40801E-01   0.00000E+00   0.10000E+00    0.50249E-02 -138.79         test_N_all
.5900E+00    10.000  0.783E+01   0.37759E-01   0.00000E+00   0.10000E+00    0.50249E-02 -153.42         test_N_all
.6000E+00    10.000  0.755E+01   0.34884E-01   0.00000E+00   0.10000E+00    0.17692E-02 *******         test_N_all
.6100E+00    10.000  0.728E+01   0.32171E-01   0.00000E+00   0.10000E+00    0.50249E-02 -182.21         test_N_all
.6200E+00    10.000  0.701E+01   0.29615E-01   0.00000E+00   0.10000E+00    0.50249E-02 -196.20         test_N_all
.6300E+00    10.000  0.675E+01   0.27214E-01   0.00000E+00   0.10000E+00    0.50249E-02 -209.81         test_N_all
.6400E+00    10.000  0.651E+01   0.24962E-01   0.00000E+00   0.10000E+00    0.50249E-02 -223.00         test_N_all
.6500E+00    10.000  0.627E+01   0.22852E-01   0.00000E+00   0.10000E+00    0.50249E-02 -235.71         test_N_all
.6600E+00    10.000  0.603E+01   0.20882E-01   0.00000E+00   0.10000E+00    0.50249E-02 -247.90         test_N_all
.6700E+00    10.000  0.581E+01   0.19045E-01   0.00000E+00   0.10000E+00    0.50249E-02 -259.55         test_N_all
.6800E+00    10.000  0.559E+01   0.17335E-01   0.00000E+00   0.10000E+00    0.50249E-02 -270.63         test_N_all
.6900E+00    10.000  0.537E+01   0.15747E-01   0.00000E+00   0.10000E+00    0.50249E-02 -281.13         test_N_all
.7000E+00    10.000  0.517E+01   0.14274E-01   0.00000E+00   0.10000E+00    0.17692E-02 *******         test_N_all
.7100E+00    10.000  0.497E+01   0.12911E-01   0.00000E+00   0.10000E+00    0.50249E-02 -300.38         test_N_all
.7200E+00    10.000  0.477E+01   0.11652E-01   0.00000E+00   0.10000E+00    0.50249E-02 -309.12         test_N_all
.7300E+00    10.000  0.458E+01   0.10492E-01   0.00000E+00   0.10000E+00    0.50249E-02 -317.30         test_N_all
.7400E+00    10.000  0.440E+01   0.94238E-02   0.00000E+00   0.10000E+00    0.50249E-02 -324.91         test_N_all
.7500E+00    10.000  0.422E+01   0.84433E-02   0.00000E+00   0.10000E+00    0.50249E-02 -331.99         test_N_all
.7600E+00    10.000  0.404E+01   0.75453E-02   0.00000E+00   0.10000E+00    0.50249E-02 -338.53         test_N_all
.7700E+00    10.000  0.387E+01   0.67231E-02   0.00000E+00   0.10000E+00    0.50249E-02 -344.58         test_N_all
.7800E+00    10.000  0.370E+01   0.59730E-02   0.00000E+00   0.10000E+00    0.50249E-02 -350.14         test_N_all
.7900E+00    10.000  0.354E+01   0.52905E-02   0.00000E+00   0.10000E+00    0.50249E-02 -355.24         test_N_all
.8000E+00    10.000  0.338E+01   0.46694E-02   0.00000E+00   0.10000E+00    0.17692E-02 *******         test_N_all
.8100E+00    10.000  0.323E+01   0.41068E-02   0.00000E+00   0.10000E+00    0.50249E-02 -364.18         test_N_all
.8200E+00    10.000  0.308E+01   0.35986E-02   0.00000E+00   0.10000E+00    0.50249E-02 -368.05         test_N_all
.8300E+00    10.000  0.293E+01   0.31394E-02   0.00000E+00   0.10000E+00    0.50249E-02 -371.56         test_N_all
.8400E+00    10.000  0.279E+01   0.27268E-02   0.00000E+00   0.10000E+00    0.50249E-02 -374.74         test_N_all
.8500E+00    10.000  0.265E+01   0.23567E-02   0.00000E+00   0.10000E+00    0.50249E-02 -377.59         test_N_all
.8600E+00    10.000  0.251E+01   0.20259E-02   0.00000E+00   0.10000E+00    0.50249E-02 -380.16         test_N_all
.8700E+00    10.000  0.238E+01   0.17316E-02   0.00000E+00   0.10000E+00    0.50249E-02 -382.44         test_N_all
.8800E+00    10.000  0.225E+01   0.14710E-02   0.00000E+00   0.10000E+00    0.50249E-02 -384.47         test_N_all
.8900E+00    10.000  0.212E+01   0.12402E-02   0.00000E+00   0.10000E+00    0.50249E-02 -386.28         test_N_all
.9000E+00    10.000  0.199E+01   0.10377E-02   0.00000E+00   0.10000E+00    0.17692E-02 *******         test_N_all
.9100E+00    10.000  0.187E+01   0.86105E-03   0.00000E+00   0.10000E+00    0.50249E-02 -389.25         test_N_all
.9200E+00    10.000  0.175E+01   0.70703E-03   0.00000E+00   0.10000E+00    0.50249E-02 -390.46         test_N_all
.9300E+00    10.000  0.163E+01   0.57440E-03   0.00000E+00   0.10000E+00    0.50249E-02 -391.50         test_N_all
.9400E+00    10.000  0.152E+01   0.46123E-03   0.00000E+00   0.10000E+00    0.50249E-02 -392.39         test_N_all
.9500E+00    10.000  0.141E+01   0.36471E-03   0.00000E+00   0.10000E+00    0.50249E-02 -393.16         test_N_all
.9600E+00    10.000  0.130E+01   0.28387E-03   0.00000E+00   0.10000E+00    0.50249E-02 -393.79         test_N_all
.9700E+00    10.000  0.119E+01   0.21716E-03   0.00000E+00   0.10000E+00    0.50249E-02 -394.32         test_N_all
.9800E+00    10.000  0.109E+01   0.16210E-03   0.00000E+00   0.10000E+00    0.50249E-02 -394.76         test_N_all
.9900E+00    10.000  0.983E+00   0.11796E-03   0.00000E+00   0.10000E+00    0.50249E-02 -395.11         test_N_all
.1000E+01    10.000  0.882E+00   0.83477E-04   0.00000E+00   0.10000E+00    0.50249E-02 -395.38         test_N_all
.1000E-01    20.000  0.198E+04   0.60810E+00   0.00000E+00   0.10000E+00    0.50249E-02 *******         test_N_all
.2000E-01    20.000  0.981E+03   0.50713E+00   0.00000E+00   0.10000E+00    0.50249E-02 6564.53         test_N_all
.3000E-01    20.000  0.648E+03   0.45412E+00   0.00000E+00   0.10000E+00    0.50249E-02 4966.39         test_N_all
.4000E-01    20.000  0.481E+03   0.42507E+00   0.00000E+00   0.10000E+00    0.50249E-02 4184.86         test_N_all
.5000E-01    20.000  0.381E+03   0.40097E+00   0.00000E+00   0.10000E+00    0.50249E-02 3587.34         test_N_all
.6000E-01    20.000  0.314E+03   0.38397E+00   0.00000E+00   0.10000E+00    0.50249E-02 3193.53         test_N_all
.7000E-01    20.000  0.267E+03   0.36888E+00   0.00000E+00   0.10000E+00    0.50249E-02 2863.14         test_N_all
.8000E-01    20.000  0.231E+03   0.35643E+00   0.00000E+00   0.10000E+00    0.50249E-02 2604.29         test_N_all
.9000E-01    20.000  0.203E+03   0.34489E+00   0.00000E+00   0.10000E+00    0.50249E-02 2375.16         test_N_all
.1000E+00    20.000  0.181E+03   0.33438E+00   0.00000E+00   0.10000E+00    0.50249E-02 2175.52         test_N_all
.1100E+00    20.000  0.163E+03   0.32422E+00   0.00000E+00   0.10000E+00    0.50249E-02 1991.14         test_N_all
.1200E+00    20.000  0.148E+03   0.31452E+00   0.00000E+00   0.10000E+00    0.50249E-02 1822.49         test_N_all
.1300E+00    20.000  0.135E+03   0.30514E+00   0.00000E+00   0.10000E+00    0.50249E-02 1666.61         test_N_all
.1400E+00    20.000  0.124E+03   0.29596E+00   0.00000E+00   0.10000E+00    0.50249E-02 1520.73         test_N_all
.1500E+00    20.000  0.114E+03   0.28702E+00   0.00000E+00   0.10000E+00    0.50249E-02 1385.25         test_N_all
.1600E+00    20.000  0.106E+03   0.27828E+00   0.00000E+00   0.10000E+00    0.50249E-02 1258.73         test_N_all
.1700E+00    20.000  0.985E+02   0.26974E+00   0.00000E+00   0.10000E+00    0.50249E-02 1140.99         test_N_all
.1800E+00    20.000  0.920E+02   0.26139E+00   0.00000E+00   0.10000E+00    0.50249E-02 1031.55         test_N_all
.1900E+00    20.000  0.861E+02   0.25323E+00   0.00000E+00   0.10000E+00    0.50249E-02  929.84         test_N_all
.2000E+00    20.000  0.809E+02   0.24525E+00   0.00000E+00   0.10000E+00    0.50249E-02  835.51         test_N_all
.2100E+00    20.000  0.761E+02   0.23743E+00   0.00000E+00   0.10000E+00    0.50249E-02  748.05         test_N_all
.2200E+00    20.000  0.718E+02   0.22979E+00   0.00000E+00   0.10000E+00    0.50249E-02  667.10         test_N_all
.2300E+00    20.000  0.678E+02   0.22229E+00   0.00000E+00   0.10000E+00    0.50249E-02  592.27         test_N_all
.2400E+00    20.000  0.642E+02   0.21493E+00   0.00000E+00   0.10000E+00    0.50249E-02  523.17         test_N_all
.2500E+00    20.000  0.609E+02   0.20772E+00   0.00000E+00   0.10000E+00    0.50249E-02  459.51         test_N_all
.2600E+00    20.000  0.578E+02   0.20062E+00   0.00000E+00   0.10000E+00    0.50249E-02  400.93         test_N_all
.2700E+00    20.000  0.550E+02   0.19363E+00   0.00000E+00   0.10000E+00    0.50249E-02  347.20         test_N_all
.2800E+00    20.000  0.523E+02   0.18675E+00   0.00000E+00   0.10000E+00    0.50249E-02  298.08         test_N_all
.2900E+00    20.000  0.498E+02   0.17997E+00   0.00000E+00   0.10000E+00    0.50249E-02  253.29         test_N_all
.3000E+00    20.000  0.475E+02   0.17328E+00   0.00000E+00   0.10000E+00    0.18868E-02 1508.59         test_N_all
.3100E+00    20.000  0.454E+02   0.16669E+00   0.00000E+00   0.10000E+00    0.50249E-02  176.15         test_N_all
.3200E+00    20.000  0.434E+02   0.16019E+00   0.00000E+00   0.10000E+00    0.50249E-02  143.46         test_N_all
.3300E+00    20.000  0.415E+02   0.15377E+00   0.00000E+00   0.10000E+00    0.50249E-02  114.49         test_N_all
.3400E+00    20.000  0.397E+02   0.14743E+00   0.00000E+00   0.10000E+00    0.50249E-02   89.09         test_N_all
.3500E+00    20.000  0.380E+02   0.14118E+00   0.00000E+00   0.10000E+00    0.50249E-02   67.16         test_N_all
.3600E+00    20.000  0.364E+02   0.13502E+00   0.00000E+00   0.10000E+00    0.50249E-02   48.57         test_N_all
.3700E+00    20.000  0.349E+02   0.12895E+00   0.00000E+00   0.10000E+00    0.50249E-02   33.20         test_N_all
.3800E+00    20.000  0.335E+02   0.12299E+00   0.00000E+00   0.10000E+00    0.50249E-02   20.93         test_N_all
.3900E+00    20.000  0.322E+02   0.11713E+00   0.00000E+00   0.10000E+00    0.50249E-02   11.62         test_N_all
.4000E+00    20.000  0.309E+02   0.11138E+00   0.00000E+00   0.10000E+00    0.17692E-02   41.41         test_N_all
.4100E+00    20.000  0.297E+02   0.10576E+00   0.00000E+00   0.10000E+00    0.50249E-02    1.31         test_N_all
.4200E+00    20.000  0.285E+02   0.10026E+00   0.00000E+00   0.10000E+00    0.50249E-02    0.00         test_N_all
.4300E+00    20.000  0.274E+02   0.94893E-01   0.00000E+00   0.10000E+00    0.50249E-02   -1.03         test_N_all
.4400E+00    20.000  0.263E+02   0.89670E-01   0.00000E+00   0.10000E+00    0.50249E-02   -4.23         test_N_all
.4500E+00    20.000  0.253E+02   0.84592E-01   0.00000E+00   0.10000E+00    0.50249E-02   -9.40         test_N_all
.4600E+00    20.000  0.244E+02   0.79670E-01   0.00000E+00   0.10000E+00    0.50249E-02  -16.37         test_N_all
.4700E+00    20.000  0.234E+02   0.74907E-01   0.00000E+00   0.10000E+00    0.50249E-02  -24.94         test_N_all
.4800E+00    20.000  0.225E+02   0.70305E-01   0.00000E+00   0.10000E+00    0.50249E-02  -34.92         test_N_all
.4900E+00    20.000  0.217E+02   0.65874E-01   0.00000E+00   0.10000E+00    0.50249E-02  -46.12         test_N_all
.5000E+00    20.000  0.209E+02   0.61611E-01   0.00000E+00   0.10000E+00    0.17692E-02 -470.82         test_N_all
.5100E+00    20.000  0.201E+02   0.57522E-01   0.00000E+00   0.10000E+00    0.50249E-02  -71.46         test_N_all
.5200E+00    20.000  0.193E+02   0.53608E-01   0.00000E+00   0.10000E+00    0.50249E-02  -85.24         test_N_all
.5300E+00    20.000  0.186E+02   0.49868E-01   0.00000E+00   0.10000E+00    0.50249E-02  -99.53         test_N_all
.5400E+00    20.000  0.179E+02   0.46304E-01   0.00000E+00   0.10000E+00    0.50249E-02 -114.19         test_N_all
.5500E+00    20.000  0.172E+02   0.42915E-01   0.00000E+00   0.10000E+00    0.50249E-02 -129.06         test_N_all
.5600E+00    20.000  0.166E+02   0.39697E-01   0.00000E+00   0.10000E+00    0.50249E-02 -144.02         test_N_all
.5700E+00    20.000  0.160E+02   0.36652E-01   0.00000E+00   0.10000E+00    0.50249E-02 -158.93         test_N_all
.5800E+00    20.000  0.154E+02   0.33773E-01   0.00000E+00   0.10000E+00    0.50249E-02 -173.70         test_N_all
.5900E+00    20.000  0.148E+02   0.31059E-01   0.00000E+00   0.10000E+00    0.50249E-02 -188.23         test_N_all
.6000E+00    20.000  0.142E+02   0.28507E-01   0.00000E+00   0.10000E+00    0.17692E-02 *******         test_N_all
.6100E+00    20.000  0.137E+02   0.26110E-01   0.00000E+00   0.10000E+00    0.50249E-02 -216.23         test_N_all
.6200E+00    20.000  0.131E+02   0.23865E-01   0.00000E+00   0.10000E+00    0.50249E-02 -229.57         test_N_all
.6300E+00    20.000  0.126E+02   0.21766E-01   0.00000E+00   0.10000E+00    0.50249E-02 -242.40         test_N_all
.6400E+00    20.000  0.121E+02   0.19809E-01   0.00000E+00   0.10000E+00    0.50249E-02 -254.68         test_N_all
.6500E+00    20.000  0.117E+02   0.17987E-01   0.00000E+00   0.10000E+00    0.50249E-02 -266.38         test_N_all
.6600E+00    20.000  0.112E+02   0.16295E-01   0.00000E+00   0.10000E+00    0.50249E-02 -277.49         test_N_all
.6700E+00    20.000  0.107E+02   0.14727E-01   0.00000E+00   0.10000E+00    0.50249E-02 -287.98         test_N_all
.6800E+00    20.000  0.103E+02   0.13277E-01   0.00000E+00   0.10000E+00    0.50249E-02 -297.86         test_N_all
.6900E+00    20.000  0.987E+01   0.11939E-01   0.00000E+00   0.10000E+00    0.50249E-02 -307.12         test_N_all
.7000E+00    20.000  0.945E+01   0.10707E-01   0.00000E+00   0.10000E+00    0.17692E-02 *******         test_N_all
.7100E+00    20.000  0.905E+01   0.95760E-02   0.00000E+00   0.10000E+00    0.50249E-02 -323.82         test_N_all
.7200E+00    20.000  0.866E+01   0.85391E-02   0.00000E+00   0.10000E+00    0.50249E-02 -331.29         test_N_all
.7300E+00    20.000  0.828E+01   0.75906E-02   0.00000E+00   0.10000E+00    0.50249E-02 -338.20         test_N_all
.7400E+00    20.000  0.791E+01   0.67260E-02   0.00000E+00   0.10000E+00    0.50249E-02 -344.56         test_N_all
.7500E+00    20.000  0.755E+01   0.59388E-02   0.00000E+00   0.10000E+00    0.50249E-02 -350.40         test_N_all
.7600E+00    20.000  0.720E+01   0.52243E-02   0.00000E+00   0.10000E+00    0.50249E-02 -355.74         test_N_all
.7700E+00    20.000  0.686E+01   0.45782E-02   0.00000E+00   0.10000E+00    0.50249E-02 -360.61         test_N_all
.7800E+00    20.000  0.652E+01   0.39940E-02   0.00000E+00   0.10000E+00    0.50249E-02 -365.04         test_N_all
.7900E+00    20.000  0.620E+01   0.34688E-02   0.00000E+00   0.10000E+00    0.50249E-02 -369.04         test_N_all
.8000E+00    20.000  0.588E+01   0.29980E-02   0.00000E+00   0.10000E+00    0.17692E-02 *******         test_N_all
.8100E+00    20.000  0.557E+01   0.25764E-02   0.00000E+00   0.10000E+00    0.50249E-02 -375.90         test_N_all
.8200E+00    20.000  0.527E+01   0.22016E-02   0.00000E+00   0.10000E+00    0.50249E-02 -378.79         test_N_all
.8300E+00    20.000  0.498E+01   0.18684E-02   0.00000E+00   0.10000E+00    0.50249E-02 -381.38         test_N_all
.8400E+00    20.000  0.469E+01   0.15744E-02   0.00000E+00   0.10000E+00    0.50249E-02 -383.67         test_N_all
.8500E+00    20.000  0.441E+01   0.13168E-02   0.00000E+00   0.10000E+00    0.50249E-02 -385.68         test_N_all
.8600E+00    20.000  0.414E+01   0.10909E-02   0.00000E+00   0.10000E+00    0.50249E-02 -387.45         test_N_all
.8700E+00    20.000  0.387E+01   0.89501E-03   0.00000E+00   0.10000E+00    0.50249E-02 -388.98         test_N_all
.8800E+00    20.000  0.361E+01   0.72646E-03   0.00000E+00   0.10000E+00    0.50249E-02 -390.31         test_N_all
.8900E+00    20.000  0.335E+01   0.58173E-03   0.00000E+00   0.10000E+00    0.50249E-02 -391.45         test_N_all
.9000E+00    20.000  0.310E+01   0.45937E-03   0.00000E+00   0.10000E+00    0.17692E-02 *******         test_N_all
.9100E+00    20.000  0.286E+01   0.35687E-03   0.00000E+00   0.10000E+00    0.50249E-02 -393.22         test_N_all
.9200E+00    20.000  0.262E+01   0.27166E-03   0.00000E+00   0.10000E+00    0.50249E-02 -393.89         test_N_all
.9300E+00    20.000  0.239E+01   0.20241E-03   0.00000E+00   0.10000E+00    0.50249E-02 -394.44         test_N_all
.9400E+00    20.000  0.216E+01   0.14674E-03   0.00000E+00   0.10000E+00    0.50249E-02 -394.88         test_N_all
.9500E+00    20.000  0.193E+01   0.10284E-03   0.00000E+00   0.10000E+00    0.50249E-02 -395.23         test_N_all
.9600E+00    20.000  0.172E+01   0.69556E-04   0.00000E+00   0.10000E+00    0.50249E-02 -395.49         test_N_all
.9700E+00    20.000  0.150E+01   0.44476E-04   0.00000E+00   0.10000E+00    0.50249E-02 -395.69         test_N_all
.9800E+00    20.000  0.129E+01   0.26613E-04   0.00000E+00   0.10000E+00    0.50249E-02 -395.83         test_N_all
.9900E+00    20.000  0.108E+01   0.14930E-04   0.00000E+00   0.10000E+00    0.50249E-02 -395.92         test_N_all
.1000E+01    20.000  0.882E+00   0.70365E-05   0.00000E+00   0.10000E+00    0.50249E-02 -395.98         test_N_all
.1000E+00    50.000  0.451E+03   0.33705E+00   0.00000E+00   0.10000E+00    0.50249E-02 2225.50         test_N_all
.1100E+00    50.000  0.405E+03   0.32441E+00   0.00000E+00   0.10000E+00    0.50249E-02 1994.45         test_N_all
.1200E+00    50.000  0.368E+03   0.31262E+00   0.00000E+00   0.10000E+00    0.50249E-02 1790.33         test_N_all
.1300E+00    50.000  0.335E+03   0.30147E+00   0.00000E+00   0.10000E+00    0.50249E-02 1607.52         test_N_all
.1400E+00    50.000  0.308E+03   0.29076E+00   0.00000E+00   0.10000E+00    0.50249E-02 1441.19         test_N_all
.1500E+00    50.000  0.284E+03   0.28055E+00   0.00000E+00   0.10000E+00    0.50249E-02 1290.96         test_N_all
.1600E+00    50.000  0.263E+03   0.27068E+00   0.00000E+00   0.10000E+00    0.50249E-02 1153.69         test_N_all
.1700E+00    50.000  0.245E+03   0.26118E+00   0.00000E+00   0.10000E+00    0.50249E-02 1028.83         test_N_all
.1800E+00    50.000  0.229E+03   0.25201E+00   0.00000E+00   0.10000E+00    0.50249E-02  915.08         test_N_all
.1900E+00    50.000  0.214E+03   0.24312E+00   0.00000E+00   0.10000E+00    0.50249E-02  811.25         test_N_all
.2000E+00    50.000  0.201E+03   0.23452E+00   0.00000E+00   0.10000E+00    0.50249E-02  716.70         test_N_all
.2100E+00    50.000  0.189E+03   0.22617E+00   0.00000E+00   0.10000E+00    0.50249E-02  630.41         test_N_all
.2200E+00    50.000  0.178E+03   0.21805E+00   0.00000E+00   0.10000E+00    0.50249E-02  551.88         test_N_all
.2300E+00    50.000  0.168E+03   0.21014E+00   0.00000E+00   0.10000E+00    0.50249E-02  480.46         test_N_all
.2400E+00    50.000  0.159E+03   0.20243E+00   0.00000E+00   0.10000E+00    0.50249E-02  415.56         test_N_all
.2500E+00    50.000  0.151E+03   0.19492E+00   0.00000E+00   0.10000E+00    0.50249E-02  356.79         test_N_all
.2600E+00    50.000  0.143E+03   0.18756E+00   0.00000E+00   0.10000E+00    0.50249E-02  303.62         test_N_all
.2700E+00    50.000  0.136E+03   0.18036E+00   0.00000E+00   0.10000E+00    0.50249E-02  255.77         test_N_all
.2800E+00    50.000  0.129E+03   0.17332E+00   0.00000E+00   0.10000E+00    0.50249E-02  212.88         test_N_all
.2900E+00    50.000  0.123E+03   0.16640E+00   0.00000E+00   0.10000E+00    0.50249E-02  174.64         test_N_all
.3000E+00    50.000  0.118E+03   0.15963E+00   0.00000E+00   0.10000E+00    0.18868E-02  998.79         test_N_all
.3100E+00    50.000  0.112E+03   0.15298E+00   0.00000E+00   0.10000E+00    0.50249E-02  111.15         test_N_all
.3200E+00    50.000  0.107E+03   0.14645E+00   0.00000E+00   0.10000E+00    0.50249E-02   85.44         test_N_all
.3300E+00    50.000  0.102E+03   0.14004E+00   0.00000E+00   0.10000E+00    0.50249E-02   63.49         test_N_all
.3400E+00    50.000  0.979E+02   0.13375E+00   0.00000E+00   0.10000E+00    0.50249E-02   45.12         test_N_all
.3500E+00    50.000  0.937E+02   0.12759E+00   0.00000E+00   0.10000E+00    0.50249E-02   30.14         test_N_all
.3600E+00    50.000  0.898E+02   0.12154E+00   0.00000E+00   0.10000E+00    0.50249E-02   18.38         test_N_all
.3700E+00    50.000  0.860E+02   0.11563E+00   0.00000E+00   0.10000E+00    0.50249E-02    9.67         test_N_all
.3800E+00    50.000  0.825E+02   0.10984E+00   0.00000E+00   0.10000E+00    0.50249E-02    3.83         test_N_all
.3900E+00    50.000  0.791E+02   0.10419E+00   0.00000E+00   0.10000E+00    0.50249E-02    0.70         test_N_all
.4000E+00    50.000  0.759E+02   0.98681E-01   0.00000E+00   0.10000E+00    0.17692E-02   -0.56         test_N_all
.4100E+00    50.000  0.728E+02   0.93318E-01   0.00000E+00   0.10000E+00    0.50249E-02   -1.77         test_N_all
.4200E+00    50.000  0.699E+02   0.88104E-01   0.00000E+00   0.10000E+00    0.50249E-02   -5.60         test_N_all
.4300E+00    50.000  0.672E+02   0.83045E-01   0.00000E+00   0.10000E+00    0.50249E-02  -11.39         test_N_all
.4400E+00    50.000  0.645E+02   0.78146E-01   0.00000E+00   0.10000E+00    0.50249E-02  -18.91         test_N_all
.4500E+00    50.000  0.620E+02   0.73410E-01   0.00000E+00   0.10000E+00    0.50249E-02  -28.00         test_N_all
.4600E+00    50.000  0.596E+02   0.68843E-01   0.00000E+00   0.10000E+00    0.50249E-02  -38.44         test_N_all
.4700E+00    50.000  0.573E+02   0.64447E-01   0.00000E+00   0.10000E+00    0.50249E-02  -50.06         test_N_all
.4800E+00    50.000  0.550E+02   0.60222E-01   0.00000E+00   0.10000E+00    0.50249E-02  -62.67         test_N_all
.4900E+00    50.000  0.529E+02   0.56174E-01   0.00000E+00   0.10000E+00    0.50249E-02  -76.07         test_N_all
.5000E+00    50.000  0.509E+02   0.52299E-01   0.00000E+00   0.10000E+00    0.17692E-02 -726.95         test_N_all
.5100E+00    50.000  0.489E+02   0.48602E-01   0.00000E+00   0.10000E+00    0.50249E-02 -104.62         test_N_all
.5200E+00    50.000  0.470E+02   0.45081E-01   0.00000E+00   0.10000E+00    0.50249E-02 -119.45         test_N_all
.5300E+00    50.000  0.452E+02   0.41733E-01   0.00000E+00   0.10000E+00    0.50249E-02 -134.46         test_N_all
.5400E+00    50.000  0.435E+02   0.38559E-01   0.00000E+00   0.10000E+00    0.50249E-02 -149.50         test_N_all
.5500E+00    50.000  0.418E+02   0.35555E-01   0.00000E+00   0.10000E+00    0.50249E-02 -164.48         test_N_all
.5600E+00    50.000  0.402E+02   0.32718E-01   0.00000E+00   0.10000E+00    0.50249E-02 -179.28         test_N_all
.5700E+00    50.000  0.386E+02   0.30046E-01   0.00000E+00   0.10000E+00    0.50249E-02 -193.80         test_N_all
.5800E+00    50.000  0.371E+02   0.27534E-01   0.00000E+00   0.10000E+00    0.50249E-02 -207.97         test_N_all
.5900E+00    50.000  0.356E+02   0.25178E-01   0.00000E+00   0.10000E+00    0.50249E-02 -221.72         test_N_all
.6000E+00    50.000  0.342E+02   0.22972E-01   0.00000E+00   0.10000E+00    0.17692E-02 *******         test_N_all
.6100E+00    50.000  0.328E+02   0.20913E-01   0.00000E+00   0.10000E+00    0.50249E-02 -247.72         test_N_all
.6200E+00    50.000  0.315E+02   0.18994E-01   0.00000E+00   0.10000E+00    0.50249E-02 -259.88         test_N_all
.6300E+00    50.000  0.302E+02   0.17209E-01   0.00000E+00   0.10000E+00    0.50249E-02 -271.46         test_N_all
.6400E+00    50.000  0.290E+02   0.15554E-01   0.00000E+00   0.10000E+00    0.50249E-02 -282.42         test_N_all
.6500E+00    50.000  0.278E+02   0.14023E-01   0.00000E+00   0.10000E+00    0.50249E-02 -292.76         test_N_all
.6600E+00    50.000  0.266E+02   0.12609E-01   0.00000E+00   0.10000E+00    0.50249E-02 -302.47         test_N_all
.6700E+00    50.000  0.255E+02   0.11306E-01   0.00000E+00   0.10000E+00    0.50249E-02 -311.55         test_N_all
.6800E+00    50.000  0.244E+02   0.10109E-01   0.00000E+00   0.10000E+00    0.50249E-02 -320.02         test_N_all
.6900E+00    50.000  0.233E+02   0.90109E-02   0.00000E+00   0.10000E+00    0.50249E-02 -327.88         test_N_all
.7000E+00    50.000  0.223E+02   0.80070E-02   0.00000E+00   0.10000E+00    0.17692E-02 *******         test_N_all
.7100E+00    50.000  0.213E+02   0.70915E-02   0.00000E+00   0.10000E+00    0.50249E-02 -341.86         test_N_all
.7200E+00    50.000  0.203E+02   0.62579E-02   0.00000E+00   0.10000E+00    0.50249E-02 -348.02         test_N_all
.7300E+00    50.000  0.194E+02   0.55021E-02   0.00000E+00   0.10000E+00    0.50249E-02 -353.66         test_N_all
.7400E+00    50.000  0.184E+02   0.48176E-02   0.00000E+00   0.10000E+00    0.50249E-02 -358.80         test_N_all
.7500E+00    50.000  0.175E+02   0.42002E-02   0.00000E+00   0.10000E+00    0.50249E-02 -363.47         test_N_all
.7600E+00    50.000  0.167E+02   0.36454E-02   0.00000E+00   0.10000E+00    0.50249E-02 -367.69         test_N_all
.7700E+00    50.000  0.158E+02   0.31472E-02   0.00000E+00   0.10000E+00    0.50249E-02 -371.50         test_N_all
.7800E+00    50.000  0.150E+02   0.27028E-02   0.00000E+00   0.10000E+00    0.50249E-02 -374.92         test_N_all
.7900E+00    50.000  0.142E+02   0.23072E-02   0.00000E+00   0.10000E+00    0.50249E-02 -377.98         test_N_all
.8000E+00    50.000  0.134E+02   0.19564E-02   0.00000E+00   0.10000E+00    0.17692E-02 *******         test_N_all
.8100E+00    50.000  0.126E+02   0.16473E-02   0.00000E+00   0.10000E+00    0.50249E-02 -383.10         test_N_all
.8200E+00    50.000  0.119E+02   0.13756E-02   0.00000E+00   0.10000E+00    0.50249E-02 -385.22         test_N_all
.8300E+00    50.000  0.111E+02   0.11388E-02   0.00000E+00   0.10000E+00    0.50249E-02 -387.07         test_N_all
.8400E+00    50.000  0.104E+02   0.93362E-03   0.00000E+00   0.10000E+00    0.50249E-02 -388.68         test_N_all
.8500E+00    50.000  0.971E+01   0.75654E-03   0.00000E+00   0.10000E+00    0.50249E-02 -390.07         test_N_all
.8600E+00    50.000  0.902E+01   0.60575E-03   0.00000E+00   0.10000E+00    0.50249E-02 -391.26         test_N_all
.8700E+00    50.000  0.835E+01   0.47769E-03   0.00000E+00   0.10000E+00    0.50249E-02 -392.26         test_N_all
.8800E+00    50.000  0.770E+01   0.37059E-03   0.00000E+00   0.10000E+00    0.50249E-02 -393.11         test_N_all
.8900E+00    50.000  0.706E+01   0.28225E-03   0.00000E+00   0.10000E+00    0.50249E-02 -393.81         test_N_all
.9000E+00    50.000  0.644E+01   0.20985E-03   0.00000E+00   0.10000E+00    0.17692E-02 *******         test_N_all
.9100E+00    50.000  0.583E+01   0.15216E-03   0.00000E+00   0.10000E+00    0.50249E-02 -394.84         test_N_all
.9200E+00    50.000  0.523E+01   0.10675E-03   0.00000E+00   0.10000E+00    0.50249E-02 -395.19         test_N_all
.9300E+00    50.000  0.465E+01   0.71911E-04   0.00000E+00   0.10000E+00    0.50249E-02 -395.47         test_N_all
.9400E+00    50.000  0.407E+01   0.46432E-04   0.00000E+00   0.10000E+00    0.50249E-02 -395.67         test_N_all
.9500E+00    50.000  0.351E+01   0.27770E-04   0.00000E+00   0.10000E+00    0.50249E-02 -395.82         test_N_all
.9600E+00    50.000  0.297E+01   0.15356E-04   0.00000E+00   0.10000E+00    0.50249E-02 -395.92         test_N_all
.9700E+00    50.000  0.243E+01   0.76189E-05   0.00000E+00   0.10000E+00    0.50249E-02 -395.98         test_N_all
.9800E+00    50.000  0.190E+01   0.29806E-05   0.00000E+00   0.10000E+00    0.50249E-02 -396.02         test_N_all
.9900E+00    50.000  0.139E+01   0.10006E-05   0.00000E+00   0.10000E+00    0.50249E-02 -396.03         test_N_all
.1000E+01    50.000  0.882E+00   0.68306E-06   0.00000E+00   0.10000E+00    0.50249E-02 -396.03         test_N_all
.1000E+00   100.000  0.901E+03   0.33783E+00   0.00000E+00   0.10000E+00    0.50249E-02 2240.08         test_N_all
.1100E+00   100.000  0.810E+03   0.32362E+00   0.00000E+00   0.10000E+00    0.50249E-02 1980.42         test_N_all
.1200E+00   100.000  0.734E+03   0.31053E+00   0.00000E+00   0.10000E+00    0.50249E-02 1755.34         test_N_all
.1300E+00   100.000  0.670E+03   0.29829E+00   0.00000E+00   0.10000E+00    0.50249E-02 1557.23         test_N_all
.1400E+00   100.000  0.615E+03   0.28665E+00   0.00000E+00   0.10000E+00    0.50249E-02 1379.80         test_N_all
.1500E+00   100.000  0.568E+03   0.27566E+00   0.00000E+00   0.10000E+00    0.50249E-02 1222.08         test_N_all
.1600E+00   100.000  0.526E+03   0.26512E+00   0.00000E+00   0.10000E+00    0.50249E-02 1079.79         test_N_all
.1700E+00   100.000  0.489E+03   0.25505E+00   0.00000E+00   0.10000E+00    0.50249E-02  952.07         test_N_all
.1800E+00   100.000  0.456E+03   0.24539E+00   0.00000E+00   0.10000E+00    0.50249E-02  837.14         test_N_all
.1900E+00   100.000  0.427E+03   0.23608E+00   0.00000E+00   0.10000E+00    0.50249E-02  733.42         test_N_all
.2000E+00   100.000  0.401E+03   0.22713E+00   0.00000E+00   0.10000E+00    0.50249E-02  640.08         test_N_all
.2100E+00   100.000  0.377E+03   0.21846E+00   0.00000E+00   0.10000E+00    0.50249E-02  555.79         test_N_all
.2200E+00   100.000  0.355E+03   0.21008E+00   0.00000E+00   0.10000E+00    0.50249E-02  479.93         test_N_all
.2300E+00   100.000  0.336E+03   0.20196E+00   0.00000E+00   0.10000E+00    0.50249E-02  411.70         test_N_all
.2400E+00   100.000  0.318E+03   0.19406E+00   0.00000E+00   0.10000E+00    0.50249E-02  350.41         test_N_all
.2500E+00   100.000  0.301E+03   0.18639E+00   0.00000E+00   0.10000E+00    0.50249E-02  295.58         test_N_all
.2600E+00   100.000  0.285E+03   0.17891E+00   0.00000E+00   0.10000E+00    0.50249E-02  246.61         test_N_all
.2700E+00   100.000  0.271E+03   0.17162E+00   0.00000E+00   0.10000E+00    0.50249E-02  203.15         test_N_all
.2800E+00   100.000  0.258E+03   0.16451E+00   0.00000E+00   0.10000E+00    0.50249E-02  164.80         test_N_all
.2900E+00   100.000  0.246E+03   0.15755E+00   0.00000E+00   0.10000E+00    0.50249E-02  131.18         test_N_all
.3000E+00   100.000  0.234E+03   0.15076E+00   0.00000E+00   0.10000E+00    0.18868E-02  723.80         test_N_all
.3100E+00   100.000  0.223E+03   0.14411E+00   0.00000E+00   0.10000E+00    0.50249E-02   77.07         test_N_all
.3200E+00   100.000  0.213E+03   0.13762E+00   0.00000E+00   0.10000E+00    0.50249E-02   56.04         test_N_all
.3300E+00   100.000  0.204E+03   0.13126E+00   0.00000E+00   0.10000E+00    0.50249E-02   38.71         test_N_all
.3400E+00   100.000  0.195E+03   0.12505E+00   0.00000E+00   0.10000E+00    0.50249E-02   24.85         test_N_all
.3500E+00   100.000  0.187E+03   0.11898E+00   0.00000E+00   0.10000E+00    0.50249E-02   14.27         test_N_all
.3600E+00   100.000  0.179E+03   0.11306E+00   0.00000E+00   0.10000E+00    0.50249E-02    6.75         test_N_all
.3700E+00   100.000  0.171E+03   0.10728E+00   0.00000E+00   0.10000E+00    0.50249E-02    2.10         test_N_all
.3800E+00   100.000  0.164E+03   0.10165E+00   0.00000E+00   0.10000E+00    0.50249E-02    0.11         test_N_all
.3900E+00   100.000  0.157E+03   0.96171E-01   0.00000E+00   0.10000E+00    0.50249E-02   -0.58         test_N_all
.4000E+00   100.000  0.151E+03   0.90849E-01   0.00000E+00   0.10000E+00    0.17692E-02  -26.76         test_N_all
.4100E+00   100.000  0.145E+03   0.85687E-01   0.00000E+00   0.10000E+00    0.50249E-02   -8.11         test_N_all
.4200E+00   100.000  0.139E+03   0.80687E-01   0.00000E+00   0.10000E+00    0.50249E-02  -14.77         test_N_all
.4300E+00   100.000  0.133E+03   0.75854E-01   0.00000E+00   0.10000E+00    0.50249E-02  -23.09         test_N_all
.4400E+00   100.000  0.128E+03   0.71191E-01   0.00000E+00   0.10000E+00    0.50249E-02  -32.87         test_N_all
.4500E+00   100.000  0.123E+03   0.66699E-01   0.00000E+00   0.10000E+00    0.50249E-02  -43.92         test_N_all
.4600E+00   100.000  0.118E+03   0.62383E-01   0.00000E+00   0.10000E+00    0.50249E-02  -56.04         test_N_all
.4700E+00   100.000  0.114E+03   0.58242E-01   0.00000E+00   0.10000E+00    0.50249E-02  -69.06         test_N_all
.4800E+00   100.000  0.109E+03   0.54276E-01   0.00000E+00   0.10000E+00    0.50249E-02  -82.80         test_N_all
.4900E+00   100.000  0.105E+03   0.50489E-01   0.00000E+00   0.10000E+00    0.50249E-02  -97.08         test_N_all
.5000E+00   100.000  0.101E+03   0.46878E-01   0.00000E+00   0.10000E+00    0.17692E-02 -901.58         test_N_all
.5100E+00   100.000  0.970E+02   0.43444E-01   0.00000E+00   0.10000E+00    0.50249E-02 -126.68         test_N_all
.5200E+00   100.000  0.932E+02   0.40183E-01   0.00000E+00   0.10000E+00    0.50249E-02 -141.71         test_N_all
.5300E+00   100.000  0.896E+02   0.37093E-01   0.00000E+00   0.10000E+00    0.50249E-02 -156.72         test_N_all
.5400E+00   100.000  0.861E+02   0.34173E-01   0.00000E+00   0.10000E+00    0.50249E-02 -171.61         test_N_all
.5500E+00   100.000  0.827E+02   0.31418E-01   0.00000E+00   0.10000E+00    0.50249E-02 -186.28         test_N_all
.5600E+00   100.000  0.795E+02   0.28826E-01   0.00000E+00   0.10000E+00    0.50249E-02 -200.62         test_N_all
.5700E+00   100.000  0.763E+02   0.26391E-01   0.00000E+00   0.10000E+00    0.50249E-02 -214.58         test_N_all
.5800E+00   100.000  0.733E+02   0.24109E-01   0.00000E+00   0.10000E+00    0.50249E-02 -228.09         test_N_all
.5900E+00   100.000  0.704E+02   0.21976E-01   0.00000E+00   0.10000E+00    0.50249E-02 -241.10         test_N_all
.6000E+00   100.000  0.675E+02   0.19986E-01   0.00000E+00   0.10000E+00    0.17692E-02 *******         test_N_all
.6100E+00   100.000  0.648E+02   0.18134E-01   0.00000E+00   0.10000E+00    0.50249E-02 -265.43         test_N_all
.6200E+00   100.000  0.622E+02   0.16413E-01   0.00000E+00   0.10000E+00    0.50249E-02 -276.70         test_N_all
.6300E+00   100.000  0.596E+02   0.14819E-01   0.00000E+00   0.10000E+00    0.50249E-02 -287.36         test_N_all
.6400E+00   100.000  0.571E+02   0.13345E-01   0.00000E+00   0.10000E+00    0.50249E-02 -297.39         test_N_all
.6500E+00   100.000  0.547E+02   0.11985E-01   0.00000E+00   0.10000E+00    0.50249E-02 -306.80         test_N_all
.6600E+00   100.000  0.524E+02   0.10734E-01   0.00000E+00   0.10000E+00    0.50249E-02 -315.58         test_N_all
.6700E+00   100.000  0.501E+02   0.95856E-02   0.00000E+00   0.10000E+00    0.50249E-02 -323.75         test_N_all
.6800E+00   100.000  0.479E+02   0.85342E-02   0.00000E+00   0.10000E+00    0.50249E-02 -331.33         test_N_all
.6900E+00   100.000  0.458E+02   0.75732E-02   0.00000E+00   0.10000E+00    0.50249E-02 -338.32         test_N_all
.7000E+00   100.000  0.437E+02   0.66982E-02   0.00000E+00   0.10000E+00    0.17692E-02 *******         test_N_all
.7100E+00   100.000  0.417E+02   0.59028E-02   0.00000E+00   0.10000E+00    0.50249E-02 -350.66         test_N_all
.7200E+00   100.000  0.398E+02   0.51820E-02   0.00000E+00   0.10000E+00    0.50249E-02 -356.06         test_N_all
.7300E+00   100.000  0.379E+02   0.45312E-02   0.00000E+00   0.10000E+00    0.50249E-02 -360.96         test_N_all
.7400E+00   100.000  0.360E+02   0.39440E-02   0.00000E+00   0.10000E+00    0.50249E-02 -365.42         test_N_all
.7500E+00   100.000  0.342E+02   0.34174E-02   0.00000E+00   0.10000E+00    0.50249E-02 -369.43         test_N_all
.7600E+00   100.000  0.325E+02   0.29459E-02   0.00000E+00   0.10000E+00    0.50249E-02 -373.05         test_N_all
.7700E+00   100.000  0.308E+02   0.25252E-02   0.00000E+00   0.10000E+00    0.50249E-02 -376.29         test_N_all
.7800E+00   100.000  0.291E+02   0.21522E-02   0.00000E+00   0.10000E+00    0.50249E-02 -379.18         test_N_all
.7900E+00   100.000  0.275E+02   0.18214E-02   0.00000E+00   0.10000E+00    0.50249E-02 -381.74         test_N_all
.8000E+00   100.000  0.259E+02   0.15308E-02   0.00000E+00   0.10000E+00    0.17692E-02 *******         test_N_all
.8100E+00   100.000  0.243E+02   0.12759E-02   0.00000E+00   0.10000E+00    0.50249E-02 -386.00         test_N_all
.8200E+00   100.000  0.228E+02   0.10539E-02   0.00000E+00   0.10000E+00    0.50249E-02 -387.74         test_N_all
.8300E+00   100.000  0.214E+02   0.86249E-03   0.00000E+00   0.10000E+00    0.50249E-02 -389.24         test_N_all
.8400E+00   100.000  0.199E+02   0.69728E-03   0.00000E+00   0.10000E+00    0.50249E-02 -390.54         test_N_all
.8500E+00   100.000  0.185E+02   0.55683E-03   0.00000E+00   0.10000E+00    0.50249E-02 -391.64         test_N_all
.8600E+00   100.000  0.172E+02   0.43838E-03   0.00000E+00   0.10000E+00    0.50249E-02 -392.57         test_N_all
.8700E+00   100.000  0.158E+02   0.33916E-03   0.00000E+00   0.10000E+00    0.50249E-02 -393.36         test_N_all
.8800E+00   100.000  0.145E+02   0.25773E-03   0.00000E+00   0.10000E+00    0.50249E-02 -394.00         test_N_all
.8900E+00   100.000  0.132E+02   0.19118E-03   0.00000E+00   0.10000E+00    0.50249E-02 -394.53         test_N_all
.9000E+00   100.000  0.120E+02   0.13814E-03   0.00000E+00   0.10000E+00    0.17692E-02 *******         test_N_all
.9100E+00   100.000  0.108E+02   0.96823E-04   0.00000E+00   0.10000E+00    0.50249E-02 -395.27         test_N_all
.9200E+00   100.000  0.958E+01   0.65001E-04   0.00000E+00   0.10000E+00    0.50249E-02 -395.52         test_N_all
.9300E+00   100.000  0.841E+01   0.41772E-04   0.00000E+00   0.10000E+00    0.50249E-02 -395.71         test_N_all
.9400E+00   100.000  0.726E+01   0.25048E-04   0.00000E+00   0.10000E+00    0.50249E-02 -395.84         test_N_all
.9500E+00   100.000  0.614E+01   0.13771E-04   0.00000E+00   0.10000E+00    0.50249E-02 -395.93         test_N_all
.9600E+00   100.000  0.505E+01   0.69242E-05   0.00000E+00   0.10000E+00    0.50249E-02 -395.98         test_N_all
.9700E+00   100.000  0.397E+01   0.27228E-05   0.00000E+00   0.10000E+00    0.50249E-02 -396.02         test_N_all
.9800E+00   100.000  0.292E+01   0.89340E-06   0.00000E+00   0.10000E+00    0.50249E-02 -396.03         test_N_all
.9900E+00   100.000  0.189E+01   0.57239E-06   0.00000E+00   0.10000E+00    0.50249E-02 -396.04         test_N_all
.1000E+01   100.000  0.882E+00   0.74288E-06   0.00000E+00   0.10000E+00    0.50249E-02 -396.03         test_N_all



 CHI SQUARE=******** FOR  582 POINTS   CHISQ/NPTS=  689.57
 Signed chisquare total =********
 Modified residual =********


Summary normalization chi2 contributions

 data set     normalization        error         chisq


Summary chi2 per data set

 data set      chisq    _w     signd    _w     resid     _w   npts   chisq/pts  _w
test_N_all  401332.5        124054.7        ********           582  689.57
------------------------------------------------------------------------------------
TOTAL       401332.5401332.5124054.7     0.0****************   582  689.57  689.57
TOTAL+norm  401332.5401332.5                                   582  689.57  689.57



            Momentum Sum Rule Check


      q2      alphas      xuv       xdv       xub       xdb       xsb       xcb       xbb      xglue     total
      1.69    0.3845    0.3222    0.1370    0.0551    0.0716    0.0253    0.0000    0.0000    0.3890    1.0002
    100.00    0.1784    0.2270    0.0966    0.0645    0.0761    0.0436    0.0257    0.0087    0.4549    0.9972
   1000.00    0.1407    0.0000    0.0000    0.0000    0.0000    0.0000    0.0000    0.0000    0.0000    0.0000
   8315.00    0.1180    0.0000    0.0000    0.0000    0.0000    0.0000    0.0000    0.0000    0.0000    0.0000


 Vector Boson Cross Sections

 sqrt(s)   sigma(W)    error    theory

   1960.     2.865     0.063       0.000     D0

   1960.     2.749     0.054       0.000     CDF

   7000.     9.95      0.29        0.000     CMS

   7000.     9.96      0.55        0.000     ATLAS

 sqrt(s)   sigma(Z)    error    theory

   1960.     .2649     .0094       0.000     D0

   1960.     .2549     .0057       0.000     CDF

   7000.     .931      0.035       0.000     CMS

   7000.     .82       0.08        0.000     ATLAS


