 Correlated errors added in quadrature with statistical errors
 test_P_all DIS data with   1.69< Q2 < 0.500D+03 and 0.000 < xB < 1.000 and   0.00< W2 < 0.100D+05 and 0.000 < y < 1.000
   GP TMC applied
   no HT corrections

# fitpack15: fit output
# CJ15 AV18 final data choices                                                 

Parametrization   7 used here

 S-ACOT scheme used  for NC DIS

 charm mass =     1.30 GeV     bottom mass =     4.50 GeV



 THIS IS A NEXT TO LEADING ORDER FIT

 Q02=    1.69
         1  LAMBDA      VALUE=   0.22680      WEIGHT=    0.0000    
         2  a0uv        VALUE=    2.0003      WEIGHT=    0.0000    
         3  a1uv        VALUE=   0.57314      WEIGHT=   0.22878E-01
         4  a2uv        VALUE=    3.5565      WEIGHT=   0.11790E-01
         5  a3uv        VALUE=    0.0000      WEIGHT=    0.0000    
         6  a4uv        VALUE=    4.4208      WEIGHT=   0.59726    
         7  a5uv        VALUE=    0.0000      WEIGHT=    0.0000    
         8  a0dv        VALUE=    23.911      WEIGHT=    0.0000    
         9  a1dv        VALUE=    1.1467      WEIGHT=   0.33057E-01
        10  a2dv        VALUE=    6.6269      WEIGHT=   0.16308    
        11  a3dv        VALUE=   -3.5338      WEIGHT=   0.88872E-01
        12  a4dv        VALUE=    4.7856      WEIGHT=   0.14371    
        13  a5dv        VALUE=    0.0000      WEIGHT=    0.0000    
        14  a0ud        VALUE=   0.14168      WEIGHT=   0.49853E-02
        15  a1ud        VALUE=  -0.21097      WEIGHT=   0.38243E-02
        16  a2ud        VALUE=    8.4663      WEIGHT=   0.18613    
        17  a3ud        VALUE=    0.0000      WEIGHT=    0.0000    
        18  a4ud        VALUE=    15.939      WEIGHT=    1.2745    
        19  a5ud        VALUE=    0.0000      WEIGHT=    0.0000    
        20  a0du        VALUE=    35712.      WEIGHT=    0.0000    
        21  a1du        VALUE=    4.0846      WEIGHT=   0.82567E-01
        22  a2du        VALUE=    20.253      WEIGHT=   0.96894    
        23  a3du        VALUE=    17.000      WEIGHT=    0.0000    
        24  a4du        VALUE=    53.564      WEIGHT=    10.319    
        25  a0g         VALUE=    45.875      WEIGHT=    0.0000    
        26  a1g         VALUE=   0.60306      WEIGHT=   0.29489E-01
        27  a2g         VALUE=    6.0131      WEIGHT=   0.80189    
        28  a3g         VALUE=   -3.3947      WEIGHT=   0.11977    
        29  a4g         VALUE=    3.2663      WEIGHT=   0.27356    
        30  a5g         VALUE=    0.0000      WEIGHT=    0.0000    
        31  kappa       VALUE=   0.40000      WEIGHT=    0.0000    
        32  a6dv        VALUE=  -0.44506E-02  WEIGHT=   0.72739E-03
        33  a7dv        VALUE=    2.0000      WEIGHT=    0.0000    
        34  off1        VALUE=   -1.6473      WEIGHT=    1.0860    
        35  off2        VALUE=   0.33167      WEIGHT=   0.15679    
        36  ht1         VALUE=   -3.3587      WEIGHT=   0.32004    
        37  ht2         VALUE=    1.9476      WEIGHT=   0.12038    
        38  ht3         VALUE=   -2.0616      WEIGHT=   0.35408E-01
        39  ht4         VALUE=    0.0000      WEIGHT=    0.0000    
        40  ht1n        VALUE=   -3.0362      WEIGHT=   0.71973    
        41  ht2n        VALUE=    1.8020      WEIGHT=   0.25367    
        42  ht3n        VALUE=   -2.3272      WEIGHT=   0.80050E-01
        43  ht4n        VALUE=    0.0000      WEIGHT=    0.0000    
        44  dummy44     VALUE=    0.0000      WEIGHT=    0.0000    
        45  dummy45     VALUE=    0.0000      WEIGHT=    0.0000    
        46  dummy46     VALUE=    0.0000      WEIGHT=    0.0000    
        47  dummy47     VALUE=    0.0000      WEIGHT=    0.0000    
        48  dummy48     VALUE=    0.0000      WEIGHT=    0.0000    
        49  dummy49     VALUE=    0.0000      WEIGHT=    0.0000    
        50  bcdmsh2     VALUE=   0.96933      WEIGHT=   0.48728E-02
        51  bcdmsd2     VALUE=   0.98934      WEIGHT=   0.56947E-02
        52  ccfr        VALUE=    1.0000      WEIGHT=    0.0000    
        53  nutev       VALUE=    1.0000      WEIGHT=    0.0000    
        54  zeus        VALUE=   0.97998      WEIGHT=    0.0000    
        55  h1          VALUE=    1.0162      WEIGHT=    0.0000    
        56  e605        VALUE=    1.0319      WEIGHT=    0.0000    
        57  NmcH2       VALUE=    1.0065      WEIGHT=   0.71361E-02
        58  ntv_nu      VALUE=    1.0000      WEIGHT=    0.0000    
        59  ntv_nubar   VALUE=    1.0000      WEIGHT=    0.0000    
        60  cdf_jet     VALUE=   0.98910      WEIGHT=    0.0000    
        61  d0_jet      VALUE=   0.83504      WEIGHT=    0.0000    
        62  slac_p      VALUE=   0.99899      WEIGHT=   0.51264E-02
        63  slac_d      VALUE=    1.0017      WEIGHT=   0.53339E-02
        64  e866pp      VALUE=   0.97968      WEIGHT=   0.19802E-01
        65  e866pd      VALUE=   0.96769      WEIGHT=   0.16357E-01
        66  d0_gamjet   VALUE=    1.0364      WEIGHT=   0.16441E-01
        67  h1b         VALUE=   0.97608      WEIGHT=    0.0000    
        68  jlab_p      VALUE=   0.98877      WEIGHT=   0.63013E-02
        69  jlab_d      VALUE=   0.97661      WEIGHT=   0.61188E-02
        70  blank       VALUE=    1.0000      WEIGHT=    0.0000    
        71  d0run2      VALUE=   0.95396      WEIGHT=   0.15045E-01
        72  cdfrun2     VALUE=   0.93735      WEIGHT=   0.17686E-01
        73  HERA_el     VALUE=    1.0000      WEIGHT=    0.0000    
        74  HERA_ps     VALUE=    1.0000      WEIGHT=    0.0000    
        75  CDF_Z       VALUE=   0.95830      WEIGHT=   0.66302E-02
        76  NmcRat      VALUE=    1.0000      WEIGHT=    0.0000    
        77  BNS_F2nd    VALUE=   0.99412      WEIGHT=   0.97726E-02
        78  HERMES_F2p  VALUE=   0.99374      WEIGHT=   0.57273E-02
        79  HERMES_F2d  VALUE=   0.97683      WEIGHT=   0.58069E-02
0THE TOLERANCE IS    0.1000
 THE MAXIMUM NUMBER OF STEPS IS 100
0THE INITIAL CHI SQUARED IS  6.40412E+05



     X        Q2         W2       THEORY        error         DATA           ERROR        chi^2     _w    ITYPE
.1000E-01     2.000  0.199E+03   0.35333E+00   0.00000E+00   0.10000E+00    0.50249E-02 2541.68         test_P_all
.2000E-01     2.000  0.989E+02   0.33474E+00   0.00000E+00   0.10000E+00    0.50249E-02 2182.23         test_P_all
.3000E-01     2.000  0.655E+02   0.33073E+00   0.00000E+00   0.10000E+00    0.50249E-02 2108.36         test_P_all
.4000E-01     2.000  0.489E+02   0.33409E+00   0.00000E+00   0.10000E+00    0.50249E-02 2170.17         test_P_all
.5000E-01     2.000  0.389E+02   0.33793E+00   0.00000E+00   0.10000E+00    0.50249E-02 2242.06         test_P_all
.6000E-01     2.000  0.322E+02   0.34280E+00   0.00000E+00   0.10000E+00    0.50249E-02 2334.74         test_P_all
.7000E-01     2.000  0.275E+02   0.34692E+00   0.00000E+00   0.10000E+00    0.50249E-02 2414.56         test_P_all
.8000E-01     2.000  0.239E+02   0.35029E+00   0.00000E+00   0.10000E+00    0.50249E-02 2481.07         test_P_all
.9000E-01     2.000  0.211E+02   0.35309E+00   0.00000E+00   0.10000E+00    0.50249E-02 2536.88         test_P_all
.1000E+00     2.000  0.189E+02   0.35516E+00   0.00000E+00   0.10000E+00    0.50249E-02 2578.47         test_P_all
.1100E+00     2.000  0.171E+02   0.35686E+00   0.00000E+00   0.10000E+00    0.50249E-02 2612.86         test_P_all
.1200E+00     2.000  0.155E+02   0.35809E+00   0.00000E+00   0.10000E+00    0.50249E-02 2638.01         test_P_all
.1300E+00     2.000  0.143E+02   0.35890E+00   0.00000E+00   0.10000E+00    0.50249E-02 2654.53         test_P_all
.1400E+00     2.000  0.132E+02   0.35946E+00   0.00000E+00   0.10000E+00    0.50249E-02 2666.07         test_P_all
.1500E+00     2.000  0.122E+02   0.35964E+00   0.00000E+00   0.10000E+00    0.50249E-02 2669.88         test_P_all
.1600E+00     2.000  0.114E+02   0.35951E+00   0.00000E+00   0.10000E+00    0.50249E-02 2667.12         test_P_all
.1700E+00     2.000  0.106E+02   0.35904E+00   0.00000E+00   0.10000E+00    0.50249E-02 2657.55         test_P_all
.1800E+00     2.000  0.999E+01   0.35822E+00   0.00000E+00   0.10000E+00    0.50249E-02 2640.75         test_P_all
.1900E+00     2.000  0.941E+01   0.35704E+00   0.00000E+00   0.10000E+00    0.50249E-02 2616.61         test_P_all
.2000E+00     2.000  0.888E+01   0.35549E+00   0.00000E+00   0.10000E+00    0.50249E-02 2585.20         test_P_all
.2100E+00     2.000  0.841E+01   0.35356E+00   0.00000E+00   0.10000E+00    0.50249E-02 2546.30         test_P_all
.2200E+00     2.000  0.797E+01   0.35124E+00   0.00000E+00   0.10000E+00    0.50249E-02 2499.93         test_P_all
.2300E+00     2.000  0.758E+01   0.34855E+00   0.00000E+00   0.10000E+00    0.50249E-02 2446.64         test_P_all
.2400E+00     2.000  0.722E+01   0.34545E+00   0.00000E+00   0.10000E+00    0.50249E-02 2386.06         test_P_all
.2500E+00     2.000  0.688E+01   0.34198E+00   0.00000E+00   0.10000E+00    0.50249E-02 2319.04         test_P_all
.2600E+00     2.000  0.657E+01   0.33815E+00   0.00000E+00   0.10000E+00    0.50249E-02 2246.07         test_P_all
.2700E+00     2.000  0.629E+01   0.33393E+00   0.00000E+00   0.10000E+00    0.50249E-02 2167.34         test_P_all
.2800E+00     2.000  0.602E+01   0.32938E+00   0.00000E+00   0.10000E+00    0.50249E-02 2083.81         test_P_all
.2900E+00     2.000  0.578E+01   0.32450E+00   0.00000E+00   0.10000E+00    0.50249E-02 1996.08         test_P_all
.3000E+00     2.000  0.555E+01   0.31931E+00   0.00000E+00   0.10000E+00    0.18868E-02 *******         test_P_all
.3100E+00     2.000  0.533E+01   0.31383E+00   0.00000E+00   0.10000E+00    0.50249E-02 1810.77         test_P_all
.3200E+00     2.000  0.513E+01   0.30808E+00   0.00000E+00   0.10000E+00    0.50249E-02 1714.78         test_P_all
.3300E+00     2.000  0.494E+01   0.30210E+00   0.00000E+00   0.10000E+00    0.50249E-02 1617.55         test_P_all
.3400E+00     2.000  0.476E+01   0.29590E+00   0.00000E+00   0.10000E+00    0.50249E-02 1519.82         test_P_all
.3500E+00     2.000  0.460E+01   0.28951E+00   0.00000E+00   0.10000E+00    0.50249E-02 1422.30         test_P_all
.3600E+00     2.000  0.444E+01   0.28295E+00   0.00000E+00   0.10000E+00    0.50249E-02 1325.63         test_P_all
.3700E+00     2.000  0.429E+01   0.27626E+00   0.00000E+00   0.10000E+00    0.50249E-02 1230.36         test_P_all
.3800E+00     2.000  0.414E+01   0.26945E+00   0.00000E+00   0.10000E+00    0.50249E-02 1137.15         test_P_all
.3900E+00     2.000  0.401E+01   0.26255E+00   0.00000E+00   0.10000E+00    0.50249E-02 1046.38         test_P_all
.4000E+00     2.000  0.388E+01   0.25557E+00   0.00000E+00   0.10000E+00    0.17692E-02 7732.13         test_P_all
.4100E+00     2.000  0.376E+01   0.24855E+00   0.00000E+00   0.10000E+00    0.50249E-02  873.89         test_P_all
.4200E+00     2.000  0.364E+01   0.24149E+00   0.00000E+00   0.10000E+00    0.50249E-02  792.86         test_P_all
.4300E+00     2.000  0.353E+01   0.23442E+00   0.00000E+00   0.10000E+00    0.50249E-02  715.61         test_P_all
.4400E+00     2.000  0.343E+01   0.22736E+00   0.00000E+00   0.10000E+00    0.50249E-02  642.42         test_P_all
.4500E+00     2.000  0.333E+01   0.22032E+00   0.00000E+00   0.10000E+00    0.50249E-02  573.38         test_P_all
.4600E+00     2.000  0.323E+01   0.21332E+00   0.00000E+00   0.10000E+00    0.50249E-02  508.59         test_P_all
.4700E+00     2.000  0.314E+01   0.20637E+00   0.00000E+00   0.10000E+00    0.50249E-02  448.12         test_P_all
.4800E+00     2.000  0.305E+01   0.19949E+00   0.00000E+00   0.10000E+00    0.50249E-02  392.01         test_P_all
.4900E+00     2.000  0.296E+01   0.19268E+00   0.00000E+00   0.10000E+00    0.50249E-02  340.19         test_P_all
.5000E+00     2.000  0.288E+01   0.18596E+00   0.00000E+00   0.10000E+00    0.17692E-02 2360.86         test_P_all
.5100E+00     2.000  0.280E+01   0.17934E+00   0.00000E+00   0.10000E+00    0.50249E-02  249.32         test_P_all
.5200E+00     2.000  0.273E+01   0.17283E+00   0.00000E+00   0.10000E+00    0.50249E-02  210.06         test_P_all
.5300E+00     2.000  0.266E+01   0.16643E+00   0.00000E+00   0.10000E+00    0.50249E-02  174.77         test_P_all
.5400E+00     2.000  0.259E+01   0.16016E+00   0.00000E+00   0.10000E+00    0.50249E-02  143.32         test_P_all
.5500E+00     2.000  0.252E+01   0.15401E+00   0.00000E+00   0.10000E+00    0.50249E-02  115.54         test_P_all
.5600E+00     2.000  0.245E+01   0.14800E+00   0.00000E+00   0.10000E+00    0.50249E-02   91.25         test_P_all
.5700E+00     2.000  0.239E+01   0.14213E+00   0.00000E+00   0.10000E+00    0.50249E-02   70.30         test_P_all
.5800E+00     2.000  0.233E+01   0.13641E+00   0.00000E+00   0.10000E+00    0.50249E-02   52.49         test_P_all
.5900E+00     2.000  0.227E+01   0.13083E+00   0.00000E+00   0.10000E+00    0.50249E-02   37.63         test_P_all
.6000E+00     2.000  0.222E+01   0.12539E+00   0.00000E+00   0.10000E+00    0.17692E-02  206.02         test_P_all
.6100E+00     2.000  0.216E+01   0.12012E+00   0.00000E+00   0.10000E+00    0.50249E-02   16.03         test_P_all
.6200E+00     2.000  0.211E+01   0.11499E+00   0.00000E+00   0.10000E+00    0.50249E-02    8.90         test_P_all
.6300E+00     2.000  0.206E+01   0.11002E+00   0.00000E+00   0.10000E+00    0.50249E-02    3.98         test_P_all
.6400E+00     2.000  0.201E+01   0.10520E+00   0.00000E+00   0.10000E+00    0.50249E-02    1.07         test_P_all
.6500E+00     2.000  0.196E+01   0.10054E+00   0.00000E+00   0.10000E+00    0.50249E-02    0.01         test_P_all
.6600E+00     2.000  0.191E+01   0.96031E-01   0.00000E+00   0.10000E+00    0.50249E-02   -0.62         test_P_all
.6700E+00     2.000  0.187E+01   0.91672E-01   0.00000E+00   0.10000E+00    0.50249E-02   -2.75         test_P_all
.6800E+00     2.000  0.182E+01   0.87465E-01   0.00000E+00   0.10000E+00    0.50249E-02   -6.22         test_P_all
.6900E+00     2.000  0.178E+01   0.83408E-01   0.00000E+00   0.10000E+00    0.50249E-02  -10.90         test_P_all
.7000E+00     2.000  0.174E+01   0.79497E-01   0.00000E+00   0.10000E+00    0.17692E-02 -134.30         test_P_all
.7100E+00     2.000  0.170E+01   0.75730E-01   0.00000E+00   0.10000E+00    0.50249E-02  -23.33         test_P_all
.7200E+00     2.000  0.166E+01   0.72106E-01   0.00000E+00   0.10000E+00    0.50249E-02  -30.82         test_P_all
.7300E+00     2.000  0.162E+01   0.68622E-01   0.00000E+00   0.10000E+00    0.50249E-02  -38.99         test_P_all
.7400E+00     2.000  0.158E+01   0.65274E-01   0.00000E+00   0.10000E+00    0.50249E-02  -47.76         test_P_all
.7500E+00     2.000  0.155E+01   0.62058E-01   0.00000E+00   0.10000E+00    0.50249E-02  -57.01         test_P_all
.7600E+00     2.000  0.151E+01   0.58973E-01   0.00000E+00   0.10000E+00    0.50249E-02  -66.66         test_P_all
.7700E+00     2.000  0.148E+01   0.56015E-01   0.00000E+00   0.10000E+00    0.50249E-02  -76.62         test_P_all
.7800E+00     2.000  0.145E+01   0.53181E-01   0.00000E+00   0.10000E+00    0.50249E-02  -86.81         test_P_all
.7900E+00     2.000  0.141E+01   0.50466E-01   0.00000E+00   0.10000E+00    0.50249E-02  -97.17         test_P_all
.8000E+00     2.000  0.138E+01   0.47866E-01   0.00000E+00   0.10000E+00    0.17692E-02 -868.34         test_P_all
.8100E+00     2.000  0.135E+01   0.45382E-01   0.00000E+00   0.10000E+00    0.50249E-02 -118.14         test_P_all
.8200E+00     2.000  0.132E+01   0.43006E-01   0.00000E+00   0.10000E+00    0.50249E-02 -128.64         test_P_all
.8300E+00     2.000  0.129E+01   0.40736E-01   0.00000E+00   0.10000E+00    0.50249E-02 -139.10         test_P_all
.8400E+00     2.000  0.126E+01   0.38568E-01   0.00000E+00   0.10000E+00    0.50249E-02 -149.46         test_P_all
.8500E+00     2.000  0.123E+01   0.36498E-01   0.00000E+00   0.10000E+00    0.50249E-02 -159.70         test_P_all
.8600E+00     2.000  0.121E+01   0.34525E-01   0.00000E+00   0.10000E+00    0.50249E-02 -169.78         test_P_all
.8700E+00     2.000  0.118E+01   0.32643E-01   0.00000E+00   0.10000E+00    0.50249E-02 -179.68         test_P_all
.8800E+00     2.000  0.115E+01   0.30850E-01   0.00000E+00   0.10000E+00    0.50249E-02 -189.38         test_P_all
.8900E+00     2.000  0.113E+01   0.29141E-01   0.00000E+00   0.10000E+00    0.50249E-02 -198.85         test_P_all
.9000E+00     2.000  0.110E+01   0.27514E-01   0.00000E+00   0.10000E+00    0.17692E-02 *******         test_P_all
.9100E+00     2.000  0.108E+01   0.25967E-01   0.00000E+00   0.10000E+00    0.50249E-02 -217.06         test_P_all
.9200E+00     2.000  0.106E+01   0.24496E-01   0.00000E+00   0.10000E+00    0.50249E-02 -225.78         test_P_all
.9300E+00     2.000  0.103E+01   0.23096E-01   0.00000E+00   0.10000E+00    0.50249E-02 -234.22         test_P_all
.9400E+00     2.000  0.101E+01   0.21766E-01   0.00000E+00   0.10000E+00    0.50249E-02 -242.40         test_P_all
.9500E+00     2.000  0.987E+00   0.20503E-01   0.00000E+00   0.10000E+00    0.50249E-02 -250.29         test_P_all
.9600E+00     2.000  0.965E+00   0.19304E-01   0.00000E+00   0.10000E+00    0.50249E-02 -257.89         test_P_all
.9700E+00     2.000  0.944E+00   0.18167E-01   0.00000E+00   0.10000E+00    0.50249E-02 -265.22         test_P_all
.9800E+00     2.000  0.923E+00   0.17087E-01   0.00000E+00   0.10000E+00    0.50249E-02 -272.26         test_P_all
.9900E+00     2.000  0.902E+00   0.16064E-01   0.00000E+00   0.10000E+00    0.50249E-02 -279.02         test_P_all
.1000E+01     2.000  0.882E+00   0.15093E-01   0.00000E+00   0.10000E+00    0.50249E-02 -285.51         test_P_all
.1000E-01     5.000  0.496E+03   0.46060E+00   0.00000E+00   0.10000E+00    0.50249E-02 5149.66         test_P_all
.2000E-01     5.000  0.246E+03   0.41496E+00   0.00000E+00   0.10000E+00    0.50249E-02 3928.73         test_P_all
.3000E-01     5.000  0.163E+03   0.39594E+00   0.00000E+00   0.10000E+00    0.50249E-02 3468.53         test_P_all
.4000E-01     5.000  0.121E+03   0.38955E+00   0.00000E+00   0.10000E+00    0.50249E-02 3320.46         test_P_all
.5000E-01     5.000  0.959E+02   0.38481E+00   0.00000E+00   0.10000E+00    0.50249E-02 3212.51         test_P_all
.6000E-01     5.000  0.792E+02   0.38266E+00   0.00000E+00   0.10000E+00    0.50249E-02 3164.13         test_P_all
.7000E-01     5.000  0.673E+02   0.38044E+00   0.00000E+00   0.10000E+00    0.50249E-02 3114.66         test_P_all
.8000E-01     5.000  0.584E+02   0.37842E+00   0.00000E+00   0.10000E+00    0.50249E-02 3070.02         test_P_all
.9000E-01     5.000  0.514E+02   0.37636E+00   0.00000E+00   0.10000E+00    0.50249E-02 3024.77         test_P_all
.1000E+00     5.000  0.459E+02   0.37419E+00   0.00000E+00   0.10000E+00    0.50249E-02 2977.47         test_P_all
.1100E+00     5.000  0.413E+02   0.37203E+00   0.00000E+00   0.10000E+00    0.50249E-02 2930.81         test_P_all
.1200E+00     5.000  0.375E+02   0.36986E+00   0.00000E+00   0.10000E+00    0.50249E-02 2884.03         test_P_all
.1300E+00     5.000  0.343E+02   0.36759E+00   0.00000E+00   0.10000E+00    0.50249E-02 2835.78         test_P_all
.1400E+00     5.000  0.316E+02   0.36524E+00   0.00000E+00   0.10000E+00    0.50249E-02 2786.29         test_P_all
.1500E+00     5.000  0.292E+02   0.36278E+00   0.00000E+00   0.10000E+00    0.50249E-02 2734.82         test_P_all
.1600E+00     5.000  0.271E+02   0.36015E+00   0.00000E+00   0.10000E+00    0.50249E-02 2680.40         test_P_all
.1700E+00     5.000  0.253E+02   0.35735E+00   0.00000E+00   0.10000E+00    0.50249E-02 2622.96         test_P_all
.1800E+00     5.000  0.237E+02   0.35435E+00   0.00000E+00   0.10000E+00    0.50249E-02 2562.08         test_P_all
.1900E+00     5.000  0.222E+02   0.35109E+00   0.00000E+00   0.10000E+00    0.50249E-02 2496.87         test_P_all
.2000E+00     5.000  0.209E+02   0.34760E+00   0.00000E+00   0.10000E+00    0.50249E-02 2427.87         test_P_all
.2100E+00     5.000  0.197E+02   0.34382E+00   0.00000E+00   0.10000E+00    0.50249E-02 2354.29         test_P_all
.2200E+00     5.000  0.186E+02   0.33976E+00   0.00000E+00   0.10000E+00    0.50249E-02 2276.55         test_P_all
.2300E+00     5.000  0.176E+02   0.33543E+00   0.00000E+00   0.10000E+00    0.50249E-02 2195.10         test_P_all
.2400E+00     5.000  0.167E+02   0.33079E+00   0.00000E+00   0.10000E+00    0.50249E-02 2109.52         test_P_all
.2500E+00     5.000  0.159E+02   0.32588E+00   0.00000E+00   0.10000E+00    0.50249E-02 2020.66         test_P_all
.2600E+00     5.000  0.151E+02   0.32068E+00   0.00000E+00   0.10000E+00    0.50249E-02 1928.72         test_P_all
.2700E+00     5.000  0.144E+02   0.31521E+00   0.00000E+00   0.10000E+00    0.50249E-02 1834.21         test_P_all
.2800E+00     5.000  0.137E+02   0.30948E+00   0.00000E+00   0.10000E+00    0.50249E-02 1737.84         test_P_all
.2900E+00     5.000  0.131E+02   0.30349E+00   0.00000E+00   0.10000E+00    0.50249E-02 1640.01         test_P_all
.3000E+00     5.000  0.125E+02   0.29729E+00   0.00000E+00   0.10000E+00    0.18868E-02 *******         test_P_all
.3100E+00     5.000  0.120E+02   0.29087E+00   0.00000E+00   0.10000E+00    0.50249E-02 1442.83         test_P_all
.3200E+00     5.000  0.115E+02   0.28426E+00   0.00000E+00   0.10000E+00    0.50249E-02 1344.66         test_P_all
.3300E+00     5.000  0.110E+02   0.27748E+00   0.00000E+00   0.10000E+00    0.50249E-02 1247.56         test_P_all
.3400E+00     5.000  0.106E+02   0.27056E+00   0.00000E+00   0.10000E+00    0.50249E-02 1152.10         test_P_all
.3500E+00     5.000  0.102E+02   0.26351E+00   0.00000E+00   0.10000E+00    0.50249E-02 1058.78         test_P_all
.3600E+00     5.000  0.977E+01   0.25634E+00   0.00000E+00   0.10000E+00    0.50249E-02  968.05         test_P_all
.3700E+00     5.000  0.940E+01   0.24910E+00   0.00000E+00   0.10000E+00    0.50249E-02  880.40         test_P_all
.3800E+00     5.000  0.904E+01   0.24178E+00   0.00000E+00   0.10000E+00    0.50249E-02  796.12         test_P_all
.3900E+00     5.000  0.870E+01   0.23442E+00   0.00000E+00   0.10000E+00    0.50249E-02  715.57         test_P_all
.4000E+00     5.000  0.838E+01   0.22702E+00   0.00000E+00   0.10000E+00    0.17692E-02 5155.04         test_P_all
.4100E+00     5.000  0.808E+01   0.21962E+00   0.00000E+00   0.10000E+00    0.50249E-02  566.66         test_P_all
.4200E+00     5.000  0.779E+01   0.21221E+00   0.00000E+00   0.10000E+00    0.50249E-02  498.69         test_P_all
.4300E+00     5.000  0.751E+01   0.20483E+00   0.00000E+00   0.10000E+00    0.50249E-02  435.23         test_P_all
.4400E+00     5.000  0.725E+01   0.19748E+00   0.00000E+00   0.10000E+00    0.50249E-02  376.33         test_P_all
.4500E+00     5.000  0.699E+01   0.19018E+00   0.00000E+00   0.10000E+00    0.50249E-02  322.09         test_P_all
.4600E+00     5.000  0.675E+01   0.18294E+00   0.00000E+00   0.10000E+00    0.50249E-02  272.47         test_P_all
.4700E+00     5.000  0.652E+01   0.17578E+00   0.00000E+00   0.10000E+00    0.50249E-02  227.44         test_P_all
.4800E+00     5.000  0.630E+01   0.16871E+00   0.00000E+00   0.10000E+00    0.50249E-02  186.96         test_P_all
.4900E+00     5.000  0.609E+01   0.16173E+00   0.00000E+00   0.10000E+00    0.50249E-02  150.92         test_P_all
.5000E+00     5.000  0.588E+01   0.15486E+00   0.00000E+00   0.10000E+00    0.17692E-02  961.63         test_P_all
.5100E+00     5.000  0.569E+01   0.14812E+00   0.00000E+00   0.10000E+00    0.50249E-02   91.69         test_P_all
.5200E+00     5.000  0.550E+01   0.14149E+00   0.00000E+00   0.10000E+00    0.50249E-02   68.19         test_P_all
.5300E+00     5.000  0.532E+01   0.13501E+00   0.00000E+00   0.10000E+00    0.50249E-02   48.54         test_P_all
.5400E+00     5.000  0.514E+01   0.12867E+00   0.00000E+00   0.10000E+00    0.50249E-02   32.55         test_P_all
.5500E+00     5.000  0.497E+01   0.12247E+00   0.00000E+00   0.10000E+00    0.50249E-02   20.00         test_P_all
.5600E+00     5.000  0.481E+01   0.11644E+00   0.00000E+00   0.10000E+00    0.50249E-02   10.70         test_P_all
.5700E+00     5.000  0.465E+01   0.11056E+00   0.00000E+00   0.10000E+00    0.50249E-02    4.42         test_P_all
.5800E+00     5.000  0.450E+01   0.10485E+00   0.00000E+00   0.10000E+00    0.50249E-02    0.93         test_P_all
.5900E+00     5.000  0.436E+01   0.99313E-01   0.00000E+00   0.10000E+00    0.50249E-02   -0.02         test_P_all
.6000E+00     5.000  0.422E+01   0.93945E-01   0.00000E+00   0.10000E+00    0.17692E-02  -11.71         test_P_all
.6100E+00     5.000  0.408E+01   0.88750E-01   0.00000E+00   0.10000E+00    0.50249E-02   -5.01         test_P_all
.6200E+00     5.000  0.395E+01   0.83734E-01   0.00000E+00   0.10000E+00    0.50249E-02  -10.48         test_P_all
.6300E+00     5.000  0.382E+01   0.78896E-01   0.00000E+00   0.10000E+00    0.50249E-02  -17.64         test_P_all
.6400E+00     5.000  0.369E+01   0.74233E-01   0.00000E+00   0.10000E+00    0.50249E-02  -26.29         test_P_all
.6500E+00     5.000  0.357E+01   0.69752E-01   0.00000E+00   0.10000E+00    0.50249E-02  -36.24         test_P_all
.6600E+00     5.000  0.346E+01   0.65448E-01   0.00000E+00   0.10000E+00    0.50249E-02  -47.28         test_P_all
.6700E+00     5.000  0.334E+01   0.61319E-01   0.00000E+00   0.10000E+00    0.50249E-02  -59.26         test_P_all
.6800E+00     5.000  0.323E+01   0.57367E-01   0.00000E+00   0.10000E+00    0.50249E-02  -71.98         test_P_all
.6900E+00     5.000  0.313E+01   0.53589E-01   0.00000E+00   0.10000E+00    0.50249E-02  -85.31         test_P_all
.7000E+00     5.000  0.302E+01   0.49981E-01   0.00000E+00   0.10000E+00    0.17692E-02 -799.34         test_P_all
.7100E+00     5.000  0.292E+01   0.46542E-01   0.00000E+00   0.10000E+00    0.50249E-02 -113.18         test_P_all
.7200E+00     5.000  0.283E+01   0.43270E-01   0.00000E+00   0.10000E+00    0.50249E-02 -127.46         test_P_all
.7300E+00     5.000  0.273E+01   0.40160E-01   0.00000E+00   0.10000E+00    0.50249E-02 -141.81         test_P_all
.7400E+00     5.000  0.264E+01   0.37209E-01   0.00000E+00   0.10000E+00    0.50249E-02 -156.15         test_P_all
.7500E+00     5.000  0.255E+01   0.34414E-01   0.00000E+00   0.10000E+00    0.50249E-02 -170.36         test_P_all
.7600E+00     5.000  0.246E+01   0.31770E-01   0.00000E+00   0.10000E+00    0.50249E-02 -184.37         test_P_all
.7700E+00     5.000  0.238E+01   0.29273E-01   0.00000E+00   0.10000E+00    0.50249E-02 -198.11         test_P_all
.7800E+00     5.000  0.229E+01   0.26920E-01   0.00000E+00   0.10000E+00    0.50249E-02 -211.51         test_P_all
.7900E+00     5.000  0.221E+01   0.24705E-01   0.00000E+00   0.10000E+00    0.50249E-02 -224.53         test_P_all
.8000E+00     5.000  0.213E+01   0.22624E-01   0.00000E+00   0.10000E+00    0.17692E-02 *******         test_P_all
.8100E+00     5.000  0.205E+01   0.20673E-01   0.00000E+00   0.10000E+00    0.50249E-02 -249.22         test_P_all
.8200E+00     5.000  0.198E+01   0.18847E-01   0.00000E+00   0.10000E+00    0.50249E-02 -260.83         test_P_all
.8300E+00     5.000  0.191E+01   0.17140E-01   0.00000E+00   0.10000E+00    0.50249E-02 -271.91         test_P_all
.8400E+00     5.000  0.183E+01   0.15549E-01   0.00000E+00   0.10000E+00    0.50249E-02 -282.46         test_P_all
.8500E+00     5.000  0.176E+01   0.14069E-01   0.00000E+00   0.10000E+00    0.50249E-02 -292.44         test_P_all
.8600E+00     5.000  0.170E+01   0.12694E-01   0.00000E+00   0.10000E+00    0.50249E-02 -301.88         test_P_all
.8700E+00     5.000  0.163E+01   0.11420E-01   0.00000E+00   0.10000E+00    0.50249E-02 -310.75         test_P_all
.8800E+00     5.000  0.156E+01   0.10243E-01   0.00000E+00   0.10000E+00    0.50249E-02 -319.06         test_P_all
.8900E+00     5.000  0.150E+01   0.91571E-02   0.00000E+00   0.10000E+00    0.50249E-02 -326.83         test_P_all
.9000E+00     5.000  0.144E+01   0.81582E-02   0.00000E+00   0.10000E+00    0.17692E-02 *******         test_P_all
.9100E+00     5.000  0.138E+01   0.72417E-02   0.00000E+00   0.10000E+00    0.50249E-02 -340.76         test_P_all
.9200E+00     5.000  0.132E+01   0.64039E-02   0.00000E+00   0.10000E+00    0.50249E-02 -346.94         test_P_all
.9300E+00     5.000  0.126E+01   0.56396E-02   0.00000E+00   0.10000E+00    0.50249E-02 -352.63         test_P_all
.9400E+00     5.000  0.120E+01   0.49445E-02   0.00000E+00   0.10000E+00    0.50249E-02 -357.84         test_P_all
.9500E+00     5.000  0.114E+01   0.43150E-02   0.00000E+00   0.10000E+00    0.50249E-02 -362.60         test_P_all
.9600E+00     5.000  0.109E+01   0.37465E-02   0.00000E+00   0.10000E+00    0.50249E-02 -366.92         test_P_all
.9700E+00     5.000  0.104E+01   0.32352E-02   0.00000E+00   0.10000E+00    0.50249E-02 -370.83         test_P_all
.9800E+00     5.000  0.984E+00   0.27772E-02   0.00000E+00   0.10000E+00    0.50249E-02 -374.35         test_P_all
.9900E+00     5.000  0.932E+00   0.23688E-02   0.00000E+00   0.10000E+00    0.50249E-02 -377.50         test_P_all
.1000E+01     5.000  0.882E+00   0.20064E-02   0.00000E+00   0.10000E+00    0.50249E-02 -380.31         test_P_all
.1000E-01    10.000  0.991E+03   0.54109E+00   0.00000E+00   0.10000E+00    0.50249E-02 7705.51         test_P_all
.2000E-01    10.000  0.491E+03   0.47213E+00   0.00000E+00   0.10000E+00    0.50249E-02 5484.31         test_P_all
.3000E-01    10.000  0.324E+03   0.43969E+00   0.00000E+00   0.10000E+00    0.50249E-02 4569.92         test_P_all
.4000E-01    10.000  0.241E+03   0.42510E+00   0.00000E+00   0.10000E+00    0.50249E-02 4185.81         test_P_all
.5000E-01    10.000  0.191E+03   0.41319E+00   0.00000E+00   0.10000E+00    0.50249E-02 3884.63         test_P_all
.6000E-01    10.000  0.158E+03   0.40573E+00   0.00000E+00   0.10000E+00    0.50249E-02 3701.73         test_P_all
.7000E-01    10.000  0.134E+03   0.39886E+00   0.00000E+00   0.10000E+00    0.50249E-02 3537.22         test_P_all
.8000E-01    10.000  0.116E+03   0.39307E+00   0.00000E+00   0.10000E+00    0.50249E-02 3401.63         test_P_all
.9000E-01    10.000  0.102E+03   0.38772E+00   0.00000E+00   0.10000E+00    0.50249E-02 3278.48         test_P_all
.1000E+00    10.000  0.909E+02   0.38279E+00   0.00000E+00   0.10000E+00    0.50249E-02 3167.19         test_P_all
.1100E+00    10.000  0.818E+02   0.37810E+00   0.00000E+00   0.10000E+00    0.50249E-02 3062.85         test_P_all
.1200E+00    10.000  0.742E+02   0.37374E+00   0.00000E+00   0.10000E+00    0.50249E-02 2967.68         test_P_all
.1300E+00    10.000  0.678E+02   0.36953E+00   0.00000E+00   0.10000E+00    0.50249E-02 2877.10         test_P_all
.1400E+00    10.000  0.623E+02   0.36538E+00   0.00000E+00   0.10000E+00    0.50249E-02 2789.12         test_P_all
.1500E+00    10.000  0.575E+02   0.36127E+00   0.00000E+00   0.10000E+00    0.50249E-02 2703.53         test_P_all
.1600E+00    10.000  0.534E+02   0.35709E+00   0.00000E+00   0.10000E+00    0.50249E-02 2617.66         test_P_all
.1700E+00    10.000  0.497E+02   0.35284E+00   0.00000E+00   0.10000E+00    0.50249E-02 2531.75         test_P_all
.1800E+00    10.000  0.464E+02   0.34847E+00   0.00000E+00   0.10000E+00    0.50249E-02 2445.01         test_P_all
.1900E+00    10.000  0.435E+02   0.34392E+00   0.00000E+00   0.10000E+00    0.50249E-02 2356.27         test_P_all
.2000E+00    10.000  0.409E+02   0.33921E+00   0.00000E+00   0.10000E+00    0.50249E-02 2266.14         test_P_all
.2100E+00    10.000  0.385E+02   0.33427E+00   0.00000E+00   0.10000E+00    0.50249E-02 2173.58         test_P_all
.2200E+00    10.000  0.363E+02   0.32912E+00   0.00000E+00   0.10000E+00    0.50249E-02 2079.11         test_P_all
.2300E+00    10.000  0.344E+02   0.32376E+00   0.00000E+00   0.10000E+00    0.50249E-02 1982.91         test_P_all
.2400E+00    10.000  0.325E+02   0.31816E+00   0.00000E+00   0.10000E+00    0.50249E-02 1884.83         test_P_all
.2500E+00    10.000  0.309E+02   0.31234E+00   0.00000E+00   0.10000E+00    0.50249E-02 1785.61         test_P_all
.2600E+00    10.000  0.293E+02   0.30629E+00   0.00000E+00   0.10000E+00    0.50249E-02 1685.36         test_P_all
.2700E+00    10.000  0.279E+02   0.30003E+00   0.00000E+00   0.10000E+00    0.50249E-02 1584.64         test_P_all
.2800E+00    10.000  0.266E+02   0.29359E+00   0.00000E+00   0.10000E+00    0.50249E-02 1484.19         test_P_all
.2900E+00    10.000  0.254E+02   0.28695E+00   0.00000E+00   0.10000E+00    0.50249E-02 1384.23         test_P_all
.3000E+00    10.000  0.242E+02   0.28015E+00   0.00000E+00   0.10000E+00    0.18868E-02 9116.61         test_P_all
.3100E+00    10.000  0.231E+02   0.27320E+00   0.00000E+00   0.10000E+00    0.50249E-02 1188.06         test_P_all
.3200E+00    10.000  0.221E+02   0.26611E+00   0.00000E+00   0.10000E+00    0.50249E-02 1092.84         test_P_all
.3300E+00    10.000  0.212E+02   0.25891E+00   0.00000E+00   0.10000E+00    0.50249E-02 1000.13         test_P_all
.3400E+00    10.000  0.203E+02   0.25162E+00   0.00000E+00   0.10000E+00    0.50249E-02  910.41         test_P_all
.3500E+00    10.000  0.195E+02   0.24424E+00   0.00000E+00   0.10000E+00    0.50249E-02  824.00         test_P_all
.3600E+00    10.000  0.187E+02   0.23681E+00   0.00000E+00   0.10000E+00    0.50249E-02  741.26         test_P_all
.3700E+00    10.000  0.179E+02   0.22934E+00   0.00000E+00   0.10000E+00    0.50249E-02  662.49         test_P_all
.3800E+00    10.000  0.172E+02   0.22184E+00   0.00000E+00   0.10000E+00    0.50249E-02  587.87         test_P_all
.3900E+00    10.000  0.165E+02   0.21433E+00   0.00000E+00   0.10000E+00    0.50249E-02  517.70         test_P_all
.4000E+00    10.000  0.159E+02   0.20684E+00   0.00000E+00   0.10000E+00    0.17692E-02 3646.62         test_P_all
.4100E+00    10.000  0.153E+02   0.19936E+00   0.00000E+00   0.10000E+00    0.50249E-02  391.00         test_P_all
.4200E+00    10.000  0.147E+02   0.19193E+00   0.00000E+00   0.10000E+00    0.50249E-02  334.69         test_P_all
.4300E+00    10.000  0.141E+02   0.18454E+00   0.00000E+00   0.10000E+00    0.50249E-02  283.08         test_P_all
.4400E+00    10.000  0.136E+02   0.17723E+00   0.00000E+00   0.10000E+00    0.50249E-02  236.19         test_P_all
.4500E+00    10.000  0.131E+02   0.16998E+00   0.00000E+00   0.10000E+00    0.50249E-02  193.97         test_P_all
.4600E+00    10.000  0.126E+02   0.16283E+00   0.00000E+00   0.10000E+00    0.50249E-02  156.34         test_P_all
.4700E+00    10.000  0.122E+02   0.15578E+00   0.00000E+00   0.10000E+00    0.50249E-02  123.22         test_P_all
.4800E+00    10.000  0.117E+02   0.14884E+00   0.00000E+00   0.10000E+00    0.50249E-02   94.45         test_P_all
.4900E+00    10.000  0.113E+02   0.14201E+00   0.00000E+00   0.10000E+00    0.50249E-02   69.91         test_P_all
.5000E+00    10.000  0.109E+02   0.13532E+00   0.00000E+00   0.10000E+00    0.17692E-02  398.58         test_P_all
.5100E+00    10.000  0.105E+02   0.12876E+00   0.00000E+00   0.10000E+00    0.50249E-02   32.77         test_P_all
.5200E+00    10.000  0.101E+02   0.12235E+00   0.00000E+00   0.10000E+00    0.50249E-02   19.79         test_P_all
.5300E+00    10.000  0.975E+01   0.11610E+00   0.00000E+00   0.10000E+00    0.50249E-02   10.26         test_P_all
.5400E+00    10.000  0.940E+01   0.10999E+00   0.00000E+00   0.10000E+00    0.50249E-02    3.96         test_P_all
.5500E+00    10.000  0.906E+01   0.10406E+00   0.00000E+00   0.10000E+00    0.50249E-02    0.65         test_P_all
.5600E+00    10.000  0.874E+01   0.98294E-01   0.00000E+00   0.10000E+00    0.50249E-02   -0.12         test_P_all
.5700E+00    10.000  0.843E+01   0.92701E-01   0.00000E+00   0.10000E+00    0.50249E-02   -2.11         test_P_all
.5800E+00    10.000  0.812E+01   0.87287E-01   0.00000E+00   0.10000E+00    0.50249E-02   -6.40         test_P_all
.5900E+00    10.000  0.783E+01   0.82052E-01   0.00000E+00   0.10000E+00    0.50249E-02  -12.76         test_P_all
.6000E+00    10.000  0.755E+01   0.77000E-01   0.00000E+00   0.10000E+00    0.17692E-02 -169.00         test_P_all
.6100E+00    10.000  0.728E+01   0.72134E-01   0.00000E+00   0.10000E+00    0.50249E-02  -30.75         test_P_all
.6200E+00    10.000  0.701E+01   0.67452E-01   0.00000E+00   0.10000E+00    0.50249E-02  -41.95         test_P_all
.6300E+00    10.000  0.675E+01   0.62960E-01   0.00000E+00   0.10000E+00    0.50249E-02  -54.34         test_P_all
.6400E+00    10.000  0.651E+01   0.58653E-01   0.00000E+00   0.10000E+00    0.50249E-02  -67.71         test_P_all
.6500E+00    10.000  0.627E+01   0.54531E-01   0.00000E+00   0.10000E+00    0.50249E-02  -81.88         test_P_all
.6600E+00    10.000  0.603E+01   0.50597E-01   0.00000E+00   0.10000E+00    0.50249E-02  -96.66         test_P_all
.6700E+00    10.000  0.581E+01   0.46846E-01   0.00000E+00   0.10000E+00    0.50249E-02 -111.89         test_P_all
.6800E+00    10.000  0.559E+01   0.43278E-01   0.00000E+00   0.10000E+00    0.50249E-02 -127.42         test_P_all
.6900E+00    10.000  0.537E+01   0.39890E-01   0.00000E+00   0.10000E+00    0.50249E-02 -143.10         test_P_all
.7000E+00    10.000  0.517E+01   0.36679E-01   0.00000E+00   0.10000E+00    0.17692E-02 *******         test_P_all
.7100E+00    10.000  0.497E+01   0.33642E-01   0.00000E+00   0.10000E+00    0.50249E-02 -174.39         test_P_all
.7200E+00    10.000  0.477E+01   0.30777E-01   0.00000E+00   0.10000E+00    0.50249E-02 -189.77         test_P_all
.7300E+00    10.000  0.458E+01   0.28079E-01   0.00000E+00   0.10000E+00    0.50249E-02 -204.86         test_P_all
.7400E+00    10.000  0.440E+01   0.25544E-01   0.00000E+00   0.10000E+00    0.50249E-02 -219.55         test_P_all
.7500E+00    10.000  0.422E+01   0.23169E-01   0.00000E+00   0.10000E+00    0.50249E-02 -233.78         test_P_all
.7600E+00    10.000  0.404E+01   0.20947E-01   0.00000E+00   0.10000E+00    0.50249E-02 -247.50         test_P_all
.7700E+00    10.000  0.387E+01   0.18876E-01   0.00000E+00   0.10000E+00    0.50249E-02 -260.64         test_P_all
.7800E+00    10.000  0.370E+01   0.16950E-01   0.00000E+00   0.10000E+00    0.50249E-02 -273.16         test_P_all
.7900E+00    10.000  0.354E+01   0.15163E-01   0.00000E+00   0.10000E+00    0.50249E-02 -285.04         test_P_all
.8000E+00    10.000  0.338E+01   0.13511E-01   0.00000E+00   0.10000E+00    0.17692E-02 *******         test_P_all
.8100E+00    10.000  0.323E+01   0.11989E-01   0.00000E+00   0.10000E+00    0.50249E-02 -306.77         test_P_all
.8200E+00    10.000  0.308E+01   0.10589E-01   0.00000E+00   0.10000E+00    0.50249E-02 -316.60         test_P_all
.8300E+00    10.000  0.293E+01   0.93090E-02   0.00000E+00   0.10000E+00    0.50249E-02 -325.74         test_P_all
.8400E+00    10.000  0.279E+01   0.81410E-02   0.00000E+00   0.10000E+00    0.50249E-02 -334.18         test_P_all
.8500E+00    10.000  0.265E+01   0.70794E-02   0.00000E+00   0.10000E+00    0.50249E-02 -341.95         test_P_all
.8600E+00    10.000  0.251E+01   0.61200E-02   0.00000E+00   0.10000E+00    0.50249E-02 -349.05         test_P_all
.8700E+00    10.000  0.238E+01   0.52562E-02   0.00000E+00   0.10000E+00    0.50249E-02 -355.50         test_P_all
.8800E+00    10.000  0.225E+01   0.44823E-02   0.00000E+00   0.10000E+00    0.50249E-02 -361.33         test_P_all
.8900E+00    10.000  0.212E+01   0.37929E-02   0.00000E+00   0.10000E+00    0.50249E-02 -366.57         test_P_all
.9000E+00    10.000  0.199E+01   0.31824E-02   0.00000E+00   0.10000E+00    0.17692E-02 *******         test_P_all
.9100E+00    10.000  0.187E+01   0.26453E-02   0.00000E+00   0.10000E+00    0.50249E-02 -375.36         test_P_all
.9200E+00    10.000  0.175E+01   0.21759E-02   0.00000E+00   0.10000E+00    0.50249E-02 -378.99         test_P_all
.9300E+00    10.000  0.163E+01   0.17693E-02   0.00000E+00   0.10000E+00    0.50249E-02 -382.15         test_P_all
.9400E+00    10.000  0.152E+01   0.14204E-02   0.00000E+00   0.10000E+00    0.50249E-02 -384.87         test_P_all
.9500E+00    10.000  0.141E+01   0.11231E-02   0.00000E+00   0.10000E+00    0.50249E-02 -387.19         test_P_all
.9600E+00    10.000  0.130E+01   0.87342E-03   0.00000E+00   0.10000E+00    0.50249E-02 -389.15         test_P_all
.9700E+00    10.000  0.119E+01   0.66682E-03   0.00000E+00   0.10000E+00    0.50249E-02 -390.78         test_P_all
.9800E+00    10.000  0.109E+01   0.49685E-03   0.00000E+00   0.10000E+00    0.50249E-02 -392.11         test_P_all
.9900E+00    10.000  0.983E+00   0.36067E-03   0.00000E+00   0.10000E+00    0.50249E-02 -393.19         test_P_all
.1000E+01    10.000  0.882E+00   0.25438E-03   0.00000E+00   0.10000E+00    0.50249E-02 -394.03         test_P_all
.1000E-01    20.000  0.198E+04   0.62057E+00   0.00000E+00   0.10000E+00    0.50249E-02 *******         test_P_all
.2000E-01    20.000  0.981E+03   0.52596E+00   0.00000E+00   0.10000E+00    0.50249E-02 7185.83         test_P_all
.3000E-01    20.000  0.648E+03   0.47933E+00   0.00000E+00   0.10000E+00    0.50249E-02 5698.80         test_P_all
.4000E-01    20.000  0.481E+03   0.45652E+00   0.00000E+00   0.10000E+00    0.50249E-02 5033.79         test_P_all
.5000E-01    20.000  0.381E+03   0.43751E+00   0.00000E+00   0.10000E+00    0.50249E-02 4511.43         test_P_all
.6000E-01    20.000  0.314E+03   0.42495E+00   0.00000E+00   0.10000E+00    0.50249E-02 4181.93         test_P_all
.7000E-01    20.000  0.267E+03   0.41361E+00   0.00000E+00   0.10000E+00    0.50249E-02 3895.12         test_P_all
.8000E-01    20.000  0.231E+03   0.40445E+00   0.00000E+00   0.10000E+00    0.50249E-02 3670.90         test_P_all
.9000E-01    20.000  0.203E+03   0.39618E+00   0.00000E+00   0.10000E+00    0.50249E-02 3474.19         test_P_all
.1000E+00    20.000  0.181E+03   0.38885E+00   0.00000E+00   0.10000E+00    0.50249E-02 3304.29         test_P_all
.1100E+00    20.000  0.163E+03   0.38205E+00   0.00000E+00   0.10000E+00    0.50249E-02 3150.65         test_P_all
.1200E+00    20.000  0.148E+03   0.37577E+00   0.00000E+00   0.10000E+00    0.50249E-02 3011.76         test_P_all
.1300E+00    20.000  0.135E+03   0.36984E+00   0.00000E+00   0.10000E+00    0.50249E-02 2883.71         test_P_all
.1400E+00    20.000  0.124E+03   0.36411E+00   0.00000E+00   0.10000E+00    0.50249E-02 2762.56         test_P_all
.1500E+00    20.000  0.114E+03   0.35858E+00   0.00000E+00   0.10000E+00    0.50249E-02 2648.11         test_P_all
.1600E+00    20.000  0.106E+03   0.35306E+00   0.00000E+00   0.10000E+00    0.50249E-02 2536.20         test_P_all
.1700E+00    20.000  0.985E+02   0.34756E+00   0.00000E+00   0.10000E+00    0.50249E-02 2427.23         test_P_all
.1800E+00    20.000  0.920E+02   0.34203E+00   0.00000E+00   0.10000E+00    0.50249E-02 2319.96         test_P_all
.1900E+00    20.000  0.861E+02   0.33639E+00   0.00000E+00   0.10000E+00    0.50249E-02 2212.99         test_P_all
.2000E+00    20.000  0.809E+02   0.33065E+00   0.00000E+00   0.10000E+00    0.50249E-02 2106.90         test_P_all
.2100E+00    20.000  0.761E+02   0.32474E+00   0.00000E+00   0.10000E+00    0.50249E-02 2000.38         test_P_all
.2200E+00    20.000  0.718E+02   0.31869E+00   0.00000E+00   0.10000E+00    0.50249E-02 1894.06         test_P_all
.2300E+00    20.000  0.678E+02   0.31248E+00   0.00000E+00   0.10000E+00    0.50249E-02 1787.96         test_P_all
.2400E+00    20.000  0.642E+02   0.30608E+00   0.00000E+00   0.10000E+00    0.50249E-02 1681.96         test_P_all
.2500E+00    20.000  0.609E+02   0.29953E+00   0.00000E+00   0.10000E+00    0.50249E-02 1576.71         test_P_all
.2600E+00    20.000  0.578E+02   0.29281E+00   0.00000E+00   0.10000E+00    0.50249E-02 1472.26         test_P_all
.2700E+00    20.000  0.550E+02   0.28593E+00   0.00000E+00   0.10000E+00    0.50249E-02 1369.14         test_P_all
.2800E+00    20.000  0.523E+02   0.27892E+00   0.00000E+00   0.10000E+00    0.50249E-02 1267.78         test_P_all
.2900E+00    20.000  0.498E+02   0.27177E+00   0.00000E+00   0.10000E+00    0.50249E-02 1168.51         test_P_all
.3000E+00    20.000  0.475E+02   0.26451E+00   0.00000E+00   0.10000E+00    0.18868E-02 7601.70         test_P_all
.3100E+00    20.000  0.454E+02   0.25716E+00   0.00000E+00   0.10000E+00    0.50249E-02  978.14         test_P_all
.3200E+00    20.000  0.434E+02   0.24972E+00   0.00000E+00   0.10000E+00    0.50249E-02  887.82         test_P_all
.3300E+00    20.000  0.415E+02   0.24223E+00   0.00000E+00   0.10000E+00    0.50249E-02  801.14         test_P_all
.3400E+00    20.000  0.397E+02   0.23469E+00   0.00000E+00   0.10000E+00    0.50249E-02  718.44         test_P_all
.3500E+00    20.000  0.380E+02   0.22711E+00   0.00000E+00   0.10000E+00    0.50249E-02  639.91         test_P_all
.3600E+00    20.000  0.364E+02   0.21953E+00   0.00000E+00   0.10000E+00    0.50249E-02  565.82         test_P_all
.3700E+00    20.000  0.349E+02   0.21194E+00   0.00000E+00   0.10000E+00    0.50249E-02  496.30         test_P_all
.3800E+00    20.000  0.335E+02   0.20438E+00   0.00000E+00   0.10000E+00    0.50249E-02  431.47         test_P_all
.3900E+00    20.000  0.322E+02   0.19684E+00   0.00000E+00   0.10000E+00    0.50249E-02  371.43         test_P_all
.4000E+00    20.000  0.309E+02   0.18935E+00   0.00000E+00   0.10000E+00    0.17692E-02 2550.83         test_P_all
.4100E+00    20.000  0.297E+02   0.18192E+00   0.00000E+00   0.10000E+00    0.50249E-02  265.80         test_P_all
.4200E+00    20.000  0.285E+02   0.17457E+00   0.00000E+00   0.10000E+00    0.50249E-02  220.20         test_P_all
.4300E+00    20.000  0.274E+02   0.16729E+00   0.00000E+00   0.10000E+00    0.50249E-02  179.31         test_P_all
.4400E+00    20.000  0.263E+02   0.16011E+00   0.00000E+00   0.10000E+00    0.50249E-02  143.08         test_P_all
.4500E+00    20.000  0.253E+02   0.15303E+00   0.00000E+00   0.10000E+00    0.50249E-02  111.37         test_P_all
.4600E+00    20.000  0.244E+02   0.14607E+00   0.00000E+00   0.10000E+00    0.50249E-02   84.05         test_P_all
.4700E+00    20.000  0.234E+02   0.13923E+00   0.00000E+00   0.10000E+00    0.50249E-02   60.95         test_P_all
.4800E+00    20.000  0.225E+02   0.13252E+00   0.00000E+00   0.10000E+00    0.50249E-02   41.89         test_P_all
.4900E+00    20.000  0.217E+02   0.12596E+00   0.00000E+00   0.10000E+00    0.50249E-02   26.69         test_P_all
.5000E+00    20.000  0.209E+02   0.11954E+00   0.00000E+00   0.10000E+00    0.17692E-02  121.98         test_P_all
.5100E+00    20.000  0.201E+02   0.11328E+00   0.00000E+00   0.10000E+00    0.50249E-02    6.98         test_P_all
.5200E+00    20.000  0.193E+02   0.10717E+00   0.00000E+00   0.10000E+00    0.50249E-02    2.04         test_P_all
.5300E+00    20.000  0.186E+02   0.10124E+00   0.00000E+00   0.10000E+00    0.50249E-02    0.06         test_P_all
.5400E+00    20.000  0.179E+02   0.95474E-01   0.00000E+00   0.10000E+00    0.50249E-02   -0.81         test_P_all
.5500E+00    20.000  0.172E+02   0.89886E-01   0.00000E+00   0.10000E+00    0.50249E-02   -4.05         test_P_all
.5600E+00    20.000  0.166E+02   0.84475E-01   0.00000E+00   0.10000E+00    0.50249E-02   -9.54         test_P_all
.5700E+00    20.000  0.160E+02   0.79250E-01   0.00000E+00   0.10000E+00    0.50249E-02  -17.05         test_P_all
.5800E+00    20.000  0.154E+02   0.74208E-01   0.00000E+00   0.10000E+00    0.50249E-02  -26.35         test_P_all
.5900E+00    20.000  0.148E+02   0.69353E-01   0.00000E+00   0.10000E+00    0.50249E-02  -37.20         test_P_all
.6000E+00    20.000  0.142E+02   0.64688E-01   0.00000E+00   0.10000E+00    0.17692E-02 -398.38         test_P_all
.6100E+00    20.000  0.137E+02   0.60210E-01   0.00000E+00   0.10000E+00    0.50249E-02  -62.70         test_P_all
.6200E+00    20.000  0.131E+02   0.55924E-01   0.00000E+00   0.10000E+00    0.50249E-02  -76.94         test_P_all
.6300E+00    20.000  0.126E+02   0.51827E-01   0.00000E+00   0.10000E+00    0.50249E-02  -91.91         test_P_all
.6400E+00    20.000  0.121E+02   0.47918E-01   0.00000E+00   0.10000E+00    0.50249E-02 -107.43         test_P_all
.6500E+00    20.000  0.117E+02   0.44198E-01   0.00000E+00   0.10000E+00    0.50249E-02 -123.32         test_P_all
.6600E+00    20.000  0.112E+02   0.40662E-01   0.00000E+00   0.10000E+00    0.50249E-02 -139.45         test_P_all
.6700E+00    20.000  0.107E+02   0.37311E-01   0.00000E+00   0.10000E+00    0.50249E-02 -155.64         test_P_all
.6800E+00    20.000  0.103E+02   0.34142E-01   0.00000E+00   0.10000E+00    0.50249E-02 -171.78         test_P_all
.6900E+00    20.000  0.987E+01   0.31150E-01   0.00000E+00   0.10000E+00    0.50249E-02 -187.74         test_P_all
.7000E+00    20.000  0.945E+01   0.28334E-01   0.00000E+00   0.10000E+00    0.17692E-02 *******         test_P_all
.7100E+00    20.000  0.905E+01   0.25690E-01   0.00000E+00   0.10000E+00    0.50249E-02 -218.69         test_P_all
.7200E+00    20.000  0.866E+01   0.23213E-01   0.00000E+00   0.10000E+00    0.50249E-02 -233.52         test_P_all
.7300E+00    20.000  0.828E+01   0.20900E-01   0.00000E+00   0.10000E+00    0.50249E-02 -247.80         test_P_all
.7400E+00    20.000  0.791E+01   0.18745E-01   0.00000E+00   0.10000E+00    0.50249E-02 -261.48         test_P_all
.7500E+00    20.000  0.755E+01   0.16744E-01   0.00000E+00   0.10000E+00    0.50249E-02 -274.52         test_P_all
.7600E+00    20.000  0.720E+01   0.14893E-01   0.00000E+00   0.10000E+00    0.50249E-02 -286.86         test_P_all
.7700E+00    20.000  0.686E+01   0.13185E-01   0.00000E+00   0.10000E+00    0.50249E-02 -298.49         test_P_all
.7800E+00    20.000  0.652E+01   0.11615E-01   0.00000E+00   0.10000E+00    0.50249E-02 -309.38         test_P_all
.7900E+00    20.000  0.620E+01   0.10178E-01   0.00000E+00   0.10000E+00    0.50249E-02 -319.52         test_P_all
.8000E+00    20.000  0.588E+01   0.88684E-02   0.00000E+00   0.10000E+00    0.17692E-02 *******         test_P_all
.8100E+00    20.000  0.557E+01   0.76795E-02   0.00000E+00   0.10000E+00    0.50249E-02 -337.55         test_P_all
.8200E+00    20.000  0.527E+01   0.66057E-02   0.00000E+00   0.10000E+00    0.50249E-02 -345.45         test_P_all
.8300E+00    20.000  0.498E+01   0.56403E-02   0.00000E+00   0.10000E+00    0.50249E-02 -352.62         test_P_all
.8400E+00    20.000  0.469E+01   0.47780E-02   0.00000E+00   0.10000E+00    0.50249E-02 -359.10         test_P_all
.8500E+00    20.000  0.441E+01   0.40125E-02   0.00000E+00   0.10000E+00    0.50249E-02 -364.90         test_P_all
.8600E+00    20.000  0.414E+01   0.33369E-02   0.00000E+00   0.10000E+00    0.50249E-02 -370.05         test_P_all
.8700E+00    20.000  0.387E+01   0.27457E-02   0.00000E+00   0.10000E+00    0.50249E-02 -374.59         test_P_all
.8800E+00    20.000  0.361E+01   0.22325E-02   0.00000E+00   0.10000E+00    0.50249E-02 -378.55         test_P_all
.8900E+00    20.000  0.335E+01   0.17907E-02   0.00000E+00   0.10000E+00    0.50249E-02 -381.98         test_P_all
.9000E+00    20.000  0.310E+01   0.14148E-02   0.00000E+00   0.10000E+00    0.17692E-02 *******         test_P_all
.9100E+00    20.000  0.286E+01   0.10988E-02   0.00000E+00   0.10000E+00    0.50249E-02 -387.38         test_P_all
.9200E+00    20.000  0.262E+01   0.83596E-03   0.00000E+00   0.10000E+00    0.50249E-02 -389.45         test_P_all
.9300E+00    20.000  0.239E+01   0.62185E-03   0.00000E+00   0.10000E+00    0.50249E-02 -391.13         test_P_all
.9400E+00    20.000  0.216E+01   0.44978E-03   0.00000E+00   0.10000E+00    0.50249E-02 -392.49         test_P_all
.9500E+00    20.000  0.193E+01   0.31440E-03   0.00000E+00   0.10000E+00    0.50249E-02 -393.55         test_P_all
.9600E+00    20.000  0.172E+01   0.21187E-03   0.00000E+00   0.10000E+00    0.50249E-02 -394.36         test_P_all
.9700E+00    20.000  0.150E+01   0.13488E-03   0.00000E+00   0.10000E+00    0.50249E-02 -394.97         test_P_all
.9800E+00    20.000  0.129E+01   0.80293E-04   0.00000E+00   0.10000E+00    0.50249E-02 -395.40         test_P_all
.9900E+00    20.000  0.108E+01   0.44834E-04   0.00000E+00   0.10000E+00    0.50249E-02 -395.68         test_P_all
.1000E+01    20.000  0.882E+00   0.20926E-04   0.00000E+00   0.10000E+00    0.50249E-02 -395.87         test_P_all
.1000E+00    50.000  0.451E+03   0.39377E+00   0.00000E+00   0.10000E+00    0.50249E-02 3417.76         test_P_all
.1100E+00    50.000  0.405E+03   0.38449E+00   0.00000E+00   0.10000E+00    0.50249E-02 3205.41         test_P_all
.1200E+00    50.000  0.368E+03   0.37607E+00   0.00000E+00   0.10000E+00    0.50249E-02 3018.41         test_P_all
.1300E+00    50.000  0.335E+03   0.36826E+00   0.00000E+00   0.10000E+00    0.50249E-02 2849.95         test_P_all
.1400E+00    50.000  0.308E+03   0.36080E+00   0.00000E+00   0.10000E+00    0.50249E-02 2693.78         test_P_all
.1500E+00    50.000  0.284E+03   0.35372E+00   0.00000E+00   0.10000E+00    0.50249E-02 2549.53         test_P_all
.1600E+00    50.000  0.263E+03   0.34675E+00   0.00000E+00   0.10000E+00    0.50249E-02 2411.39         test_P_all
.1700E+00    50.000  0.245E+03   0.33993E+00   0.00000E+00   0.10000E+00    0.50249E-02 2279.82         test_P_all
.1800E+00    50.000  0.229E+03   0.33316E+00   0.00000E+00   0.10000E+00    0.50249E-02 2153.01         test_P_all
.1900E+00    50.000  0.214E+03   0.32636E+00   0.00000E+00   0.10000E+00    0.50249E-02 2029.29         test_P_all
.2000E+00    50.000  0.201E+03   0.31955E+00   0.00000E+00   0.10000E+00    0.50249E-02 1909.07         test_P_all
.2100E+00    50.000  0.189E+03   0.31265E+00   0.00000E+00   0.10000E+00    0.50249E-02 1790.84         test_P_all
.2200E+00    50.000  0.178E+03   0.30567E+00   0.00000E+00   0.10000E+00    0.50249E-02 1675.19         test_P_all
.2300E+00    50.000  0.168E+03   0.29859E+00   0.00000E+00   0.10000E+00    0.50249E-02 1561.97         test_P_all
.2400E+00    50.000  0.159E+03   0.29141E+00   0.00000E+00   0.10000E+00    0.50249E-02 1451.04         test_P_all
.2500E+00    50.000  0.151E+03   0.28414E+00   0.00000E+00   0.10000E+00    0.50249E-02 1342.88         test_P_all
.2600E+00    50.000  0.143E+03   0.27676E+00   0.00000E+00   0.10000E+00    0.50249E-02 1237.45         test_P_all
.2700E+00    50.000  0.136E+03   0.26930E+00   0.00000E+00   0.10000E+00    0.50249E-02 1135.19         test_P_all
.2800E+00    50.000  0.129E+03   0.26177E+00   0.00000E+00   0.10000E+00    0.50249E-02 1036.37         test_P_all
.2900E+00    50.000  0.123E+03   0.25416E+00   0.00000E+00   0.10000E+00    0.50249E-02  941.24         test_P_all
.3000E+00    50.000  0.118E+03   0.24651E+00   0.00000E+00   0.10000E+00    0.18868E-02 6029.46         test_P_all
.3100E+00    50.000  0.112E+03   0.23882E+00   0.00000E+00   0.10000E+00    0.50249E-02  763.20         test_P_all
.3200E+00    50.000  0.107E+03   0.23111E+00   0.00000E+00   0.10000E+00    0.50249E-02  680.76         test_P_all
.3300E+00    50.000  0.102E+03   0.22339E+00   0.00000E+00   0.10000E+00    0.50249E-02  602.96         test_P_all
.3400E+00    50.000  0.979E+02   0.21568E+00   0.00000E+00   0.10000E+00    0.50249E-02  529.97         test_P_all
.3500E+00    50.000  0.937E+02   0.20799E+00   0.00000E+00   0.10000E+00    0.50249E-02  461.87         test_P_all
.3600E+00    50.000  0.898E+02   0.20034E+00   0.00000E+00   0.10000E+00    0.50249E-02  398.77         test_P_all
.3700E+00    50.000  0.860E+02   0.19274E+00   0.00000E+00   0.10000E+00    0.50249E-02  340.66         test_P_all
.3800E+00    50.000  0.825E+02   0.18521E+00   0.00000E+00   0.10000E+00    0.50249E-02  287.53         test_P_all
.3900E+00    50.000  0.791E+02   0.17775E+00   0.00000E+00   0.10000E+00    0.50249E-02  239.41         test_P_all
.4000E+00    50.000  0.759E+02   0.17038E+00   0.00000E+00   0.10000E+00    0.17692E-02 1582.44         test_P_all
.4100E+00    50.000  0.728E+02   0.16311E+00   0.00000E+00   0.10000E+00    0.50249E-02  157.72         test_P_all
.4200E+00    50.000  0.699E+02   0.15594E+00   0.00000E+00   0.10000E+00    0.50249E-02  123.93         test_P_all
.4300E+00    50.000  0.672E+02   0.14889E+00   0.00000E+00   0.10000E+00    0.50249E-02   94.67         test_P_all
.4400E+00    50.000  0.645E+02   0.14197E+00   0.00000E+00   0.10000E+00    0.50249E-02   69.76         test_P_all
.4500E+00    50.000  0.620E+02   0.13518E+00   0.00000E+00   0.10000E+00    0.50249E-02   49.02         test_P_all
.4600E+00    50.000  0.596E+02   0.12854E+00   0.00000E+00   0.10000E+00    0.50249E-02   32.25         test_P_all
.4700E+00    50.000  0.573E+02   0.12204E+00   0.00000E+00   0.10000E+00    0.50249E-02   19.24         test_P_all
.4800E+00    50.000  0.550E+02   0.11570E+00   0.00000E+00   0.10000E+00    0.50249E-02    9.76         test_P_all
.4900E+00    50.000  0.529E+02   0.10952E+00   0.00000E+00   0.10000E+00    0.50249E-02    3.59         test_P_all
.5000E+00    50.000  0.509E+02   0.10350E+00   0.00000E+00   0.10000E+00    0.17692E-02    3.92         test_P_all
.5100E+00    50.000  0.489E+02   0.97660E-01   0.00000E+00   0.10000E+00    0.50249E-02   -0.22         test_P_all
.5200E+00    50.000  0.470E+02   0.91993E-01   0.00000E+00   0.10000E+00    0.50249E-02   -2.54         test_P_all
.5300E+00    50.000  0.452E+02   0.86505E-01   0.00000E+00   0.10000E+00    0.50249E-02   -7.21         test_P_all
.5400E+00    50.000  0.435E+02   0.81200E-01   0.00000E+00   0.10000E+00    0.50249E-02  -14.00         test_P_all
.5500E+00    50.000  0.418E+02   0.76079E-01   0.00000E+00   0.10000E+00    0.50249E-02  -22.66         test_P_all
.5600E+00    50.000  0.402E+02   0.71146E-01   0.00000E+00   0.10000E+00    0.50249E-02  -32.97         test_P_all
.5700E+00    50.000  0.386E+02   0.66401E-01   0.00000E+00   0.10000E+00    0.50249E-02  -44.71         test_P_all
.5800E+00    50.000  0.371E+02   0.61844E-01   0.00000E+00   0.10000E+00    0.50249E-02  -57.66         test_P_all
.5900E+00    50.000  0.356E+02   0.57478E-01   0.00000E+00   0.10000E+00    0.50249E-02  -71.61         test_P_all
.6000E+00    50.000  0.342E+02   0.53301E-01   0.00000E+00   0.10000E+00    0.17692E-02 -696.73         test_P_all
.6100E+00    50.000  0.328E+02   0.49314E-01   0.00000E+00   0.10000E+00    0.50249E-02 -101.75         test_P_all
.6200E+00    50.000  0.315E+02   0.45514E-01   0.00000E+00   0.10000E+00    0.50249E-02 -117.57         test_P_all
.6300E+00    50.000  0.302E+02   0.41901E-01   0.00000E+00   0.10000E+00    0.50249E-02 -133.68         test_P_all
.6400E+00    50.000  0.290E+02   0.38473E-01   0.00000E+00   0.10000E+00    0.50249E-02 -149.92         test_P_all
.6500E+00    50.000  0.278E+02   0.35227E-01   0.00000E+00   0.10000E+00    0.50249E-02 -166.16         test_P_all
.6600E+00    50.000  0.266E+02   0.32161E-01   0.00000E+00   0.10000E+00    0.50249E-02 -182.26         test_P_all
.6700E+00    50.000  0.255E+02   0.29272E-01   0.00000E+00   0.10000E+00    0.50249E-02 -198.11         test_P_all
.6800E+00    50.000  0.244E+02   0.26556E-01   0.00000E+00   0.10000E+00    0.50249E-02 -213.62         test_P_all
.6900E+00    50.000  0.233E+02   0.24011E-01   0.00000E+00   0.10000E+00    0.50249E-02 -228.69         test_P_all
.7000E+00    50.000  0.223E+02   0.21630E-01   0.00000E+00   0.10000E+00    0.17692E-02 *******         test_P_all
.7100E+00    50.000  0.213E+02   0.19411E-01   0.00000E+00   0.10000E+00    0.50249E-02 -257.21         test_P_all
.7200E+00    50.000  0.203E+02   0.17349E-01   0.00000E+00   0.10000E+00    0.50249E-02 -270.54         test_P_all
.7300E+00    50.000  0.194E+02   0.15438E-01   0.00000E+00   0.10000E+00    0.50249E-02 -283.20         test_P_all
.7400E+00    50.000  0.184E+02   0.13674E-01   0.00000E+00   0.10000E+00    0.50249E-02 -295.13         test_P_all
.7500E+00    50.000  0.175E+02   0.12052E-01   0.00000E+00   0.10000E+00    0.50249E-02 -306.33         test_P_all
.7600E+00    50.000  0.167E+02   0.10565E-01   0.00000E+00   0.10000E+00    0.50249E-02 -316.78         test_P_all
.7700E+00    50.000  0.158E+02   0.92086E-02   0.00000E+00   0.10000E+00    0.50249E-02 -326.46         test_P_all
.7800E+00    50.000  0.150E+02   0.79765E-02   0.00000E+00   0.10000E+00    0.50249E-02 -335.38         test_P_all
.7900E+00    50.000  0.142E+02   0.68628E-02   0.00000E+00   0.10000E+00    0.50249E-02 -343.55         test_P_all
.8000E+00    50.000  0.134E+02   0.58614E-02   0.00000E+00   0.10000E+00    0.17692E-02 *******         test_P_all
.8100E+00    50.000  0.126E+02   0.49660E-02   0.00000E+00   0.10000E+00    0.50249E-02 -357.68         test_P_all
.8200E+00    50.000  0.119E+02   0.41705E-02   0.00000E+00   0.10000E+00    0.50249E-02 -363.69         test_P_all
.8300E+00    50.000  0.111E+02   0.34687E-02   0.00000E+00   0.10000E+00    0.50249E-02 -369.04         test_P_all
.8400E+00    50.000  0.104E+02   0.28541E-02   0.00000E+00   0.10000E+00    0.50249E-02 -373.76         test_P_all
.8500E+00    50.000  0.971E+01   0.23201E-02   0.00000E+00   0.10000E+00    0.50249E-02 -377.88         test_P_all
.8600E+00    50.000  0.902E+01   0.18612E-02   0.00000E+00   0.10000E+00    0.50249E-02 -381.43         test_P_all
.8700E+00    50.000  0.835E+01   0.14700E-02   0.00000E+00   0.10000E+00    0.50249E-02 -384.48         test_P_all
.8800E+00    50.000  0.770E+01   0.11412E-02   0.00000E+00   0.10000E+00    0.50249E-02 -387.05         test_P_all
.8900E+00    50.000  0.706E+01   0.86873E-03   0.00000E+00   0.10000E+00    0.50249E-02 -389.19         test_P_all
.9000E+00    50.000  0.644E+01   0.64547E-03   0.00000E+00   0.10000E+00    0.17692E-02 *******         test_P_all
.9100E+00    50.000  0.583E+01   0.46716E-03   0.00000E+00   0.10000E+00    0.50249E-02 -392.35         test_P_all
.9200E+00    50.000  0.523E+01   0.32691E-03   0.00000E+00   0.10000E+00    0.50249E-02 -393.45         test_P_all
.9300E+00    50.000  0.465E+01   0.21956E-03   0.00000E+00   0.10000E+00    0.50249E-02 -394.30         test_P_all
.9400E+00    50.000  0.407E+01   0.14119E-03   0.00000E+00   0.10000E+00    0.50249E-02 -394.92         test_P_all
.9500E+00    50.000  0.351E+01   0.84018E-04   0.00000E+00   0.10000E+00    0.50249E-02 -395.37         test_P_all
.9600E+00    50.000  0.297E+01   0.46194E-04   0.00000E+00   0.10000E+00    0.50249E-02 -395.67         test_P_all
.9700E+00    50.000  0.243E+01   0.22774E-04   0.00000E+00   0.10000E+00    0.50249E-02 -395.86         test_P_all
.9800E+00    50.000  0.190E+01   0.88005E-05   0.00000E+00   0.10000E+00    0.50249E-02 -395.97         test_P_all
.9900E+00    50.000  0.139E+01   0.29538E-05   0.00000E+00   0.10000E+00    0.50249E-02 -396.02         test_P_all
.1000E+01    50.000  0.882E+00   0.21452E-05   0.00000E+00   0.10000E+00    0.50249E-02 -396.02         test_P_all
.1000E+00   100.000  0.901E+03   0.39591E+00   0.00000E+00   0.10000E+00    0.50249E-02 3467.88         test_P_all
.1100E+00   100.000  0.810E+03   0.38504E+00   0.00000E+00   0.10000E+00    0.50249E-02 3217.74         test_P_all
.1200E+00   100.000  0.734E+03   0.37524E+00   0.00000E+00   0.10000E+00    0.50249E-02 3000.35         test_P_all
.1300E+00   100.000  0.670E+03   0.36622E+00   0.00000E+00   0.10000E+00    0.50249E-02 2806.80         test_P_all
.1400E+00   100.000  0.615E+03   0.35766E+00   0.00000E+00   0.10000E+00    0.50249E-02 2629.35         test_P_all
.1500E+00   100.000  0.568E+03   0.34960E+00   0.00000E+00   0.10000E+00    0.50249E-02 2467.33         test_P_all
.1600E+00   100.000  0.526E+03   0.34172E+00   0.00000E+00   0.10000E+00    0.50249E-02 2313.91         test_P_all
.1700E+00   100.000  0.489E+03   0.33405E+00   0.00000E+00   0.10000E+00    0.50249E-02 2169.48         test_P_all
.1800E+00   100.000  0.456E+03   0.32651E+00   0.00000E+00   0.10000E+00    0.50249E-02 2031.89         test_P_all
.1900E+00   100.000  0.427E+03   0.31899E+00   0.00000E+00   0.10000E+00    0.50249E-02 1899.30         test_P_all
.2000E+00   100.000  0.401E+03   0.31153E+00   0.00000E+00   0.10000E+00    0.50249E-02 1772.00         test_P_all
.2100E+00   100.000  0.377E+03   0.30401E+00   0.00000E+00   0.10000E+00    0.50249E-02 1648.31         test_P_all
.2200E+00   100.000  0.355E+03   0.29647E+00   0.00000E+00   0.10000E+00    0.50249E-02 1528.74         test_P_all
.2300E+00   100.000  0.336E+03   0.28889E+00   0.00000E+00   0.10000E+00    0.50249E-02 1413.03         test_P_all
.2400E+00   100.000  0.318E+03   0.28124E+00   0.00000E+00   0.10000E+00    0.50249E-02 1300.97         test_P_all
.2500E+00   100.000  0.301E+03   0.27356E+00   0.00000E+00   0.10000E+00    0.50249E-02 1192.93         test_P_all
.2600E+00   100.000  0.285E+03   0.26581E+00   0.00000E+00   0.10000E+00    0.50249E-02 1088.81         test_P_all
.2700E+00   100.000  0.271E+03   0.25802E+00   0.00000E+00   0.10000E+00    0.50249E-02  988.93         test_P_all
.2800E+00   100.000  0.258E+03   0.25020E+00   0.00000E+00   0.10000E+00    0.50249E-02  893.48         test_P_all
.2900E+00   100.000  0.246E+03   0.24236E+00   0.00000E+00   0.10000E+00    0.50249E-02  802.60         test_P_all
.3000E+00   100.000  0.234E+03   0.23450E+00   0.00000E+00   0.10000E+00    0.18868E-02 5081.87         test_P_all
.3100E+00   100.000  0.223E+03   0.22666E+00   0.00000E+00   0.10000E+00    0.50249E-02  635.31         test_P_all
.3200E+00   100.000  0.213E+03   0.21882E+00   0.00000E+00   0.10000E+00    0.50249E-02  559.17         test_P_all
.3300E+00   100.000  0.204E+03   0.21102E+00   0.00000E+00   0.10000E+00    0.50249E-02  488.15         test_P_all
.3400E+00   100.000  0.195E+03   0.20326E+00   0.00000E+00   0.10000E+00    0.50249E-02  422.32         test_P_all
.3500E+00   100.000  0.187E+03   0.19556E+00   0.00000E+00   0.10000E+00    0.50249E-02  361.67         test_P_all
.3600E+00   100.000  0.179E+03   0.18793E+00   0.00000E+00   0.10000E+00    0.50249E-02  306.23         test_P_all
.3700E+00   100.000  0.171E+03   0.18038E+00   0.00000E+00   0.10000E+00    0.50249E-02  255.90         test_P_all
.3800E+00   100.000  0.164E+03   0.17293E+00   0.00000E+00   0.10000E+00    0.50249E-02  210.62         test_P_all
.3900E+00   100.000  0.157E+03   0.16557E+00   0.00000E+00   0.10000E+00    0.50249E-02  170.28         test_P_all
.4000E+00   100.000  0.151E+03   0.15833E+00   0.00000E+00   0.10000E+00    0.17692E-02 1086.96         test_P_all
.4100E+00   100.000  0.145E+03   0.15121E+00   0.00000E+00   0.10000E+00    0.50249E-02  103.86         test_P_all
.4200E+00   100.000  0.139E+03   0.14422E+00   0.00000E+00   0.10000E+00    0.50249E-02   77.44         test_P_all
.4300E+00   100.000  0.133E+03   0.13737E+00   0.00000E+00   0.10000E+00    0.50249E-02   55.30         test_P_all
.4400E+00   100.000  0.128E+03   0.13066E+00   0.00000E+00   0.10000E+00    0.50249E-02   37.24         test_P_all
.4500E+00   100.000  0.123E+03   0.12411E+00   0.00000E+00   0.10000E+00    0.50249E-02   23.02         test_P_all
.4600E+00   100.000  0.118E+03   0.11771E+00   0.00000E+00   0.10000E+00    0.50249E-02   12.43         test_P_all
.4700E+00   100.000  0.114E+03   0.11148E+00   0.00000E+00   0.10000E+00    0.50249E-02    5.22         test_P_all
.4800E+00   100.000  0.109E+03   0.10542E+00   0.00000E+00   0.10000E+00    0.50249E-02    1.16         test_P_all
.4900E+00   100.000  0.105E+03   0.99527E-01   0.00000E+00   0.10000E+00    0.50249E-02   -0.01         test_P_all
.5000E+00   100.000  0.101E+03   0.93814E-01   0.00000E+00   0.10000E+00    0.17692E-02  -12.23         test_P_all
.5100E+00   100.000  0.970E+02   0.88282E-01   0.00000E+00   0.10000E+00    0.50249E-02   -5.44         test_P_all
.5200E+00   100.000  0.932E+02   0.82933E-01   0.00000E+00   0.10000E+00    0.50249E-02  -11.54         test_P_all
.5300E+00   100.000  0.896E+02   0.77769E-01   0.00000E+00   0.10000E+00    0.50249E-02  -19.57         test_P_all
.5400E+00   100.000  0.861E+02   0.72792E-01   0.00000E+00   0.10000E+00    0.50249E-02  -29.32         test_P_all
.5500E+00   100.000  0.827E+02   0.68003E-01   0.00000E+00   0.10000E+00    0.50249E-02  -40.55         test_P_all
.5600E+00   100.000  0.795E+02   0.63405E-01   0.00000E+00   0.10000E+00    0.50249E-02  -53.04         test_P_all
.5700E+00   100.000  0.763E+02   0.58995E-01   0.00000E+00   0.10000E+00    0.50249E-02  -66.59         test_P_all
.5800E+00   100.000  0.733E+02   0.54774E-01   0.00000E+00   0.10000E+00    0.50249E-02  -81.01         test_P_all
.5900E+00   100.000  0.704E+02   0.50743E-01   0.00000E+00   0.10000E+00    0.50249E-02  -96.09         test_P_all
.6000E+00   100.000  0.675E+02   0.46898E-01   0.00000E+00   0.10000E+00    0.17692E-02 -900.91         test_P_all
.6100E+00   100.000  0.648E+02   0.43240E-01   0.00000E+00   0.10000E+00    0.50249E-02 -127.59         test_P_all
.6200E+00   100.000  0.622E+02   0.39766E-01   0.00000E+00   0.10000E+00    0.50249E-02 -143.69         test_P_all
.6300E+00   100.000  0.596E+02   0.36474E-01   0.00000E+00   0.10000E+00    0.50249E-02 -159.83         test_P_all
.6400E+00   100.000  0.571E+02   0.33361E-01   0.00000E+00   0.10000E+00    0.50249E-02 -175.87         test_P_all
.6500E+00   100.000  0.547E+02   0.30425E-01   0.00000E+00   0.10000E+00    0.50249E-02 -191.71         test_P_all
.6600E+00   100.000  0.524E+02   0.27661E-01   0.00000E+00   0.10000E+00    0.50249E-02 -207.24         test_P_all
.6700E+00   100.000  0.501E+02   0.25067E-01   0.00000E+00   0.10000E+00    0.50249E-02 -222.37         test_P_all
.6800E+00   100.000  0.479E+02   0.22638E-01   0.00000E+00   0.10000E+00    0.50249E-02 -237.03         test_P_all
.6900E+00   100.000  0.458E+02   0.20370E-01   0.00000E+00   0.10000E+00    0.50249E-02 -251.13         test_P_all
.7000E+00   100.000  0.437E+02   0.18258E-01   0.00000E+00   0.10000E+00    0.17692E-02 *******         test_P_all
.7100E+00   100.000  0.417E+02   0.16298E-01   0.00000E+00   0.10000E+00    0.50249E-02 -277.46         test_P_all
.7200E+00   100.000  0.398E+02   0.14485E-01   0.00000E+00   0.10000E+00    0.50249E-02 -289.61         test_P_all
.7300E+00   100.000  0.379E+02   0.12814E-01   0.00000E+00   0.10000E+00    0.50249E-02 -301.05         test_P_all
.7400E+00   100.000  0.360E+02   0.11278E-01   0.00000E+00   0.10000E+00    0.50249E-02 -311.74         test_P_all
.7500E+00   100.000  0.342E+02   0.98735E-02   0.00000E+00   0.10000E+00    0.50249E-02 -321.69         test_P_all
.7600E+00   100.000  0.325E+02   0.85937E-02   0.00000E+00   0.10000E+00    0.50249E-02 -330.90         test_P_all
.7700E+00   100.000  0.308E+02   0.74330E-02   0.00000E+00   0.10000E+00    0.50249E-02 -339.35         test_P_all
.7800E+00   100.000  0.291E+02   0.63856E-02   0.00000E+00   0.10000E+00    0.50249E-02 -347.08         test_P_all
.7900E+00   100.000  0.275E+02   0.54451E-02   0.00000E+00   0.10000E+00    0.50249E-02 -354.08         test_P_all
.8000E+00   100.000  0.259E+02   0.46060E-02   0.00000E+00   0.10000E+00    0.17692E-02 *******         test_P_all
.8100E+00   100.000  0.243E+02   0.38615E-02   0.00000E+00   0.10000E+00    0.50249E-02 -366.04         test_P_all
.8200E+00   100.000  0.228E+02   0.32059E-02   0.00000E+00   0.10000E+00    0.50249E-02 -371.05         test_P_all
.8300E+00   100.000  0.214E+02   0.26333E-02   0.00000E+00   0.10000E+00    0.50249E-02 -375.46         test_P_all
.8400E+00   100.000  0.199E+02   0.21364E-02   0.00000E+00   0.10000E+00    0.50249E-02 -379.30         test_P_all
.8500E+00   100.000  0.185E+02   0.17102E-02   0.00000E+00   0.10000E+00    0.50249E-02 -382.61         test_P_all
.8600E+00   100.000  0.172E+02   0.13483E-02   0.00000E+00   0.10000E+00    0.50249E-02 -385.43         test_P_all
.8700E+00   100.000  0.158E+02   0.10442E-02   0.00000E+00   0.10000E+00    0.50249E-02 -387.81         test_P_all
.8800E+00   100.000  0.145E+02   0.79325E-03   0.00000E+00   0.10000E+00    0.50249E-02 -389.78         test_P_all
.8900E+00   100.000  0.132E+02   0.58807E-03   0.00000E+00   0.10000E+00    0.50249E-02 -391.40         test_P_all
.9000E+00   100.000  0.120E+02   0.42432E-03   0.00000E+00   0.10000E+00    0.17692E-02 *******         test_P_all
.9100E+00   100.000  0.108E+02   0.29662E-03   0.00000E+00   0.10000E+00    0.50249E-02 -393.69         test_P_all
.9200E+00   100.000  0.958E+01   0.19857E-03   0.00000E+00   0.10000E+00    0.50249E-02 -394.47         test_P_all
.9300E+00   100.000  0.841E+01   0.12712E-03   0.00000E+00   0.10000E+00    0.50249E-02 -395.03         test_P_all
.9400E+00   100.000  0.726E+01   0.75848E-04   0.00000E+00   0.10000E+00    0.50249E-02 -395.44         test_P_all
.9500E+00   100.000  0.614E+01   0.41456E-04   0.00000E+00   0.10000E+00    0.50249E-02 -395.71         test_P_all
.9600E+00   100.000  0.505E+01   0.20731E-04   0.00000E+00   0.10000E+00    0.50249E-02 -395.88         test_P_all
.9700E+00   100.000  0.397E+01   0.80575E-05   0.00000E+00   0.10000E+00    0.50249E-02 -395.98         test_P_all
.9800E+00   100.000  0.292E+01   0.26351E-05   0.00000E+00   0.10000E+00    0.50249E-02 -396.02         test_P_all
.9900E+00   100.000  0.189E+01   0.17896E-05   0.00000E+00   0.10000E+00    0.50249E-02 -396.03         test_P_all
.1000E+01   100.000  0.882E+00   0.23676E-05   0.00000E+00   0.10000E+00    0.50249E-02 -396.02         test_P_all



 CHI SQUARE=******** FOR  582 POINTS   CHISQ/NPTS= 1100.36
 Signed chisquare total =********
 Modified residual =********


Summary normalization chi2 contributions

 data set     normalization        error         chisq


Summary chi2 per data set

 data set      chisq    _w     signd    _w     resid     _w   npts   chisq/pts  _w
test_P_all  640412.2        444454.2        ********           582 1100.36
------------------------------------------------------------------------------------
TOTAL       640412.2640412.2444454.2     0.0****************   582 1100.36 1100.36
TOTAL+norm  640412.2640412.2                                   582 1100.36 1100.36



            Momentum Sum Rule Check


      q2      alphas      xuv       xdv       xub       xdb       xsb       xcb       xbb      xglue     total
      1.69    0.3845    0.3193    0.1358    0.0561    0.0710    0.0254    0.0000    0.0000    0.3926    1.0002
    100.00    0.1784    0.2250    0.0957    0.0653    0.0759    0.0438    0.0259    0.0087    0.4569    0.9972
   1000.00    0.1407    0.0000    0.0000    0.0000    0.0000    0.0000    0.0000    0.0000    0.0000    0.0000
   8315.00    0.1180    0.0000    0.0000    0.0000    0.0000    0.0000    0.0000    0.0000    0.0000    0.0000


 Vector Boson Cross Sections

 sqrt(s)   sigma(W)    error    theory

   1960.     2.865     0.063       0.000     D0

   1960.     2.749     0.054       0.000     CDF

   7000.     9.95      0.29        0.000     CMS

   7000.     9.96      0.55        0.000     ATLAS

 sqrt(s)   sigma(Z)    error    theory

   1960.     .2649     .0094       0.000     D0

   1960.     .2549     .0057       0.000     CDF

   7000.     .931      0.035       0.000     CMS

   7000.     .82       0.08        0.000     ATLAS


