 Correlated errors added in quadrature with statistical errors
 test_N_all           DIS data with   1.69< Q2 < 0.500D+03 and 0.000 < xB < 1.000 and   0.00< W2 < 0.100D+05 and 0.000 < y < 1.000
   GP TMC applied
   no HT corrections

# fitpack15: fit output
# CJ15 AV18 final data choices                                                 

Parametrization   7 used here

 S-ACOT scheme used  for NC DIS

 charm mass =     1.30 GeV     bottom mass =     4.50 GeV



 THIS IS A NEXT TO LEADING ORDER FIT

 Q02=    1.69
         1  LAMBDA      VALUE=   0.22680      WEIGHT=    0.0000    
         2  a0uv        VALUE=    2.0004      WEIGHT=    0.0000    
         3  a1uv        VALUE=   0.57320      WEIGHT=   0.23388E-01
         4  a2uv        VALUE=    3.5568      WEIGHT=   0.11882E-01
         5  a3uv        VALUE=    0.0000      WEIGHT=    0.0000    
         6  a4uv        VALUE=    4.4231      WEIGHT=   0.61693    
         7  a5uv        VALUE=    0.0000      WEIGHT=    0.0000    
         8  a0dv        VALUE=    23.955      WEIGHT=    0.0000    
         9  a1dv        VALUE=    1.1470      WEIGHT=   0.33921E-01
        10  a2dv        VALUE=    6.6238      WEIGHT=   0.17193    
        11  a3dv        VALUE=   -3.5356      WEIGHT=   0.92032E-01
        12  a4dv        VALUE=    4.7853      WEIGHT=   0.15018    
        13  a5dv        VALUE=    0.0000      WEIGHT=    0.0000    
        14  a0ud        VALUE=   0.14145      WEIGHT=   0.50132E-02
        15  a1ud        VALUE=  -0.21111      WEIGHT=   0.38448E-02
        16  a2ud        VALUE=    8.4664      WEIGHT=   0.19026    
        17  a3ud        VALUE=    0.0000      WEIGHT=    0.0000    
        18  a4ud        VALUE=    15.890      WEIGHT=    1.3198    
        19  a5ud        VALUE=    0.0000      WEIGHT=    0.0000    
        20  a0du        VALUE=    35712.      WEIGHT=    0.0000    
        21  a1du        VALUE=    4.0951      WEIGHT=   0.90151E-01
        22  a2du        VALUE=    20.339      WEIGHT=   0.98407    
        23  a3du        VALUE=    17.000      WEIGHT=    0.0000    
        24  a4du        VALUE=    56.666      WEIGHT=    13.433    
        25  a0g         VALUE=    45.856      WEIGHT=    0.0000    
        26  a1g         VALUE=   0.60279      WEIGHT=   0.29357E-01
        27  a2g         VALUE=    6.0350      WEIGHT=   0.80519    
        28  a3g         VALUE=   -3.3925      WEIGHT=   0.12036    
        29  a4g         VALUE=    3.2672      WEIGHT=   0.27871    
        30  a5g         VALUE=    0.0000      WEIGHT=    0.0000    
        31  kappa       VALUE=   0.40000      WEIGHT=    0.0000    
        32  a6dv        VALUE=  -0.43756E-02  WEIGHT=   0.80308E-03
        33  a7dv        VALUE=    2.0000      WEIGHT=    0.0000    
        34  off1        VALUE=   -2.0528      WEIGHT=    4.0906    
        35  off2        VALUE=   0.22973      WEIGHT=    1.7729    
        36  off3        VALUE=   0.22264      WEIGHT=    1.9148    
        37  ht1         VALUE=   -3.3569      WEIGHT=   0.32326    
        38  ht2         VALUE=    1.9546      WEIGHT=   0.12449    
        39  ht3         VALUE=   -2.0645      WEIGHT=   0.35072E-01
        40  ht4         VALUE=    0.0000      WEIGHT=    0.0000    
        41  ht1n        VALUE=   -3.0980      WEIGHT=   0.86892    
        42  ht2n        VALUE=    1.8160      WEIGHT=   0.32485    
        43  ht3n        VALUE=   -2.2754      WEIGHT=   0.96964E-01
        44  ht4n        VALUE=    0.0000      WEIGHT=    0.0000    
        45  dummy45     VALUE=    0.0000      WEIGHT=    0.0000    
        46  dummy46     VALUE=    0.0000      WEIGHT=    0.0000    
        47  dummy47     VALUE=    0.0000      WEIGHT=    0.0000    
        48  dummy48     VALUE=    0.0000      WEIGHT=    0.0000    
        49  dummy49     VALUE=    0.0000      WEIGHT=    0.0000    
        50  bcdmsh2     VALUE=   0.96944      WEIGHT=   0.48548E-02
        51  bcdmsd2     VALUE=   0.99007      WEIGHT=   0.57814E-02
        52  ccfr        VALUE=    1.0000      WEIGHT=    0.0000    
        53  nutev       VALUE=    1.0000      WEIGHT=    0.0000    
        54  zeus        VALUE=   0.97998      WEIGHT=    0.0000    
        55  h1          VALUE=    1.0162      WEIGHT=    0.0000    
        56  e605        VALUE=    1.0319      WEIGHT=    0.0000    
        57  NmcH2       VALUE=    1.0066      WEIGHT=   0.71324E-02
        58  ntv_nu      VALUE=    1.0000      WEIGHT=    0.0000    
        59  ntv_nubar   VALUE=    1.0000      WEIGHT=    0.0000    
        60  cdf_jet     VALUE=   0.98910      WEIGHT=    0.0000    
        61  d0_jet      VALUE=   0.83504      WEIGHT=    0.0000    
        62  slac_p      VALUE=   0.99931      WEIGHT=   0.51473E-02
        63  slac_d      VALUE=    1.0016      WEIGHT=   0.53960E-02
        64  e866pp      VALUE=   0.98110      WEIGHT=   0.19833E-01
        65  e866pd      VALUE=   0.96712      WEIGHT=   0.16047E-01
        66  d0_gamjet   VALUE=    1.0369      WEIGHT=   0.16468E-01
        67  h1b         VALUE=   0.97608      WEIGHT=    0.0000    
        68  jlab_p      VALUE=   0.98912      WEIGHT=   0.63550E-02
        69  jlab_d      VALUE=   0.97596      WEIGHT=   0.62017E-02
        70  blank       VALUE=    1.0000      WEIGHT=    0.0000    
        71  d0run2      VALUE=   0.95427      WEIGHT=   0.14976E-01
        72  cdfrun2     VALUE=   0.93765      WEIGHT=   0.17609E-01
        73  HERA_el     VALUE=    1.0000      WEIGHT=    0.0000    
        74  HERA_ps     VALUE=    1.0000      WEIGHT=    0.0000    
        75  CDF_Z       VALUE=   0.95744      WEIGHT=   0.64403E-02
        76  NmcRat      VALUE=    1.0000      WEIGHT=    0.0000    
        77  BNS_F2nd    VALUE=   0.98933      WEIGHT=   0.10508E-01
        78  HERMES_F2p  VALUE=   0.99396      WEIGHT=   0.57245E-02
        79  HERMES_F2d  VALUE=   0.97714      WEIGHT=   0.58953E-02
0THE TOLERANCE IS    0.1000
 THE MAXIMUM NUMBER OF STEPS IS 100
0THE INITIAL CHI SQUARED IS  3.96580E+05



     X        Q2         W2       THEORY        error         DATA           ERROR        chi^2     _w    ITYPE
.1000E-01     2.000  0.199E+03   0.34013E+00   0.00000E+00   0.10000E+00    0.50249E-02 2283.60         test_N_all          
.2000E-01     2.000  0.989E+02   0.31803E+00   0.00000E+00   0.10000E+00    0.50249E-02 1882.64         test_N_all          
.3000E-01     2.000  0.655E+02   0.30947E+00   0.00000E+00   0.10000E+00    0.50249E-02 1737.73         test_N_all          
.4000E-01     2.000  0.489E+02   0.30732E+00   0.00000E+00   0.10000E+00    0.50249E-02 1702.26         test_N_all          
.5000E-01     2.000  0.389E+02   0.30650E+00   0.00000E+00   0.10000E+00    0.50249E-02 1688.81         test_N_all          
.6000E-01     2.000  0.322E+02   0.30695E+00   0.00000E+00   0.10000E+00    0.50249E-02 1696.16         test_N_all          
.7000E-01     2.000  0.275E+02   0.30766E+00   0.00000E+00   0.10000E+00    0.50249E-02 1707.82         test_N_all          
.8000E-01     2.000  0.239E+02   0.30828E+00   0.00000E+00   0.10000E+00    0.50249E-02 1718.06         test_N_all          
.9000E-01     2.000  0.211E+02   0.30855E+00   0.00000E+00   0.10000E+00    0.50249E-02 1722.53         test_N_all          
.1000E+00     2.000  0.189E+02   0.30831E+00   0.00000E+00   0.10000E+00    0.50249E-02 1718.50         test_N_all          
.1100E+00     2.000  0.171E+02   0.30743E+00   0.00000E+00   0.10000E+00    0.50249E-02 1704.10         test_N_all          
.1200E+00     2.000  0.155E+02   0.30589E+00   0.00000E+00   0.10000E+00    0.50249E-02 1678.80         test_N_all          
.1300E+00     2.000  0.143E+02   0.30369E+00   0.00000E+00   0.10000E+00    0.50249E-02 1643.21         test_N_all          
.1400E+00     2.000  0.132E+02   0.30093E+00   0.00000E+00   0.10000E+00    0.50249E-02 1598.92         test_N_all          
.1500E+00     2.000  0.122E+02   0.29758E+00   0.00000E+00   0.10000E+00    0.50249E-02 1546.04         test_N_all          
.1600E+00     2.000  0.114E+02   0.29379E+00   0.00000E+00   0.10000E+00    0.50249E-02 1487.33         test_N_all          
.1700E+00     2.000  0.106E+02   0.28960E+00   0.00000E+00   0.10000E+00    0.50249E-02 1423.69         test_N_all          
.1800E+00     2.000  0.999E+01   0.28504E+00   0.00000E+00   0.10000E+00    0.50249E-02 1356.05         test_N_all          
.1900E+00     2.000  0.941E+01   0.28026E+00   0.00000E+00   0.10000E+00    0.50249E-02 1286.82         test_N_all          
.2000E+00     2.000  0.888E+01   0.27522E+00   0.00000E+00   0.10000E+00    0.50249E-02 1215.97         test_N_all          
.2100E+00     2.000  0.841E+01   0.27001E+00   0.00000E+00   0.10000E+00    0.50249E-02 1144.73         test_N_all          
.2200E+00     2.000  0.797E+01   0.26467E+00   0.00000E+00   0.10000E+00    0.50249E-02 1073.97         test_N_all          
.2300E+00     2.000  0.758E+01   0.25920E+00   0.00000E+00   0.10000E+00    0.50249E-02 1003.81         test_N_all          
.2400E+00     2.000  0.722E+01   0.25367E+00   0.00000E+00   0.10000E+00    0.50249E-02  935.18         test_N_all          
.2500E+00     2.000  0.688E+01   0.24805E+00   0.00000E+00   0.10000E+00    0.50249E-02  868.10         test_N_all          
.2600E+00     2.000  0.657E+01   0.24238E+00   0.00000E+00   0.10000E+00    0.50249E-02  802.82         test_N_all          
.2700E+00     2.000  0.629E+01   0.23666E+00   0.00000E+00   0.10000E+00    0.50249E-02  739.67         test_N_all          
.2800E+00     2.000  0.602E+01   0.23091E+00   0.00000E+00   0.10000E+00    0.50249E-02  678.71         test_N_all          
.2900E+00     2.000  0.578E+01   0.22512E+00   0.00000E+00   0.10000E+00    0.50249E-02  620.04         test_N_all          
.3000E+00     2.000  0.555E+01   0.21931E+00   0.00000E+00   0.10000E+00    0.18868E-02 3998.64         test_N_all          
.3100E+00     2.000  0.533E+01   0.21348E+00   0.00000E+00   0.10000E+00    0.50249E-02  509.98         test_N_all          
.3200E+00     2.000  0.513E+01   0.20762E+00   0.00000E+00   0.10000E+00    0.50249E-02  458.71         test_N_all          
.3300E+00     2.000  0.494E+01   0.20175E+00   0.00000E+00   0.10000E+00    0.50249E-02  410.01         test_N_all          
.3400E+00     2.000  0.476E+01   0.19587E+00   0.00000E+00   0.10000E+00    0.50249E-02  363.99         test_N_all          
.3500E+00     2.000  0.460E+01   0.18998E+00   0.00000E+00   0.10000E+00    0.50249E-02  320.62         test_N_all          
.3600E+00     2.000  0.444E+01   0.18408E+00   0.00000E+00   0.10000E+00    0.50249E-02  280.00         test_N_all          
.3700E+00     2.000  0.429E+01   0.17820E+00   0.00000E+00   0.10000E+00    0.50249E-02  242.20         test_N_all          
.3800E+00     2.000  0.414E+01   0.17233E+00   0.00000E+00   0.10000E+00    0.50249E-02  207.18         test_N_all          
.3900E+00     2.000  0.401E+01   0.16648E+00   0.00000E+00   0.10000E+00    0.50249E-02  175.02         test_N_all          
.4000E+00     2.000  0.388E+01   0.16066E+00   0.00000E+00   0.10000E+00    0.17692E-02 1175.66         test_N_all          
.4100E+00     2.000  0.376E+01   0.15488E+00   0.00000E+00   0.10000E+00    0.50249E-02  119.30         test_N_all          
.4200E+00     2.000  0.364E+01   0.14916E+00   0.00000E+00   0.10000E+00    0.50249E-02   95.70         test_N_all          
.4300E+00     2.000  0.353E+01   0.14349E+00   0.00000E+00   0.10000E+00    0.50249E-02   74.92         test_N_all          
.4400E+00     2.000  0.343E+01   0.13790E+00   0.00000E+00   0.10000E+00    0.50249E-02   56.90         test_N_all          
.4500E+00     2.000  0.333E+01   0.13239E+00   0.00000E+00   0.10000E+00    0.50249E-02   41.56         test_N_all          
.4600E+00     2.000  0.323E+01   0.12697E+00   0.00000E+00   0.10000E+00    0.50249E-02   28.82         test_N_all          
.4700E+00     2.000  0.314E+01   0.12166E+00   0.00000E+00   0.10000E+00    0.50249E-02   18.57         test_N_all          
.4800E+00     2.000  0.305E+01   0.11645E+00   0.00000E+00   0.10000E+00    0.50249E-02   10.71         test_N_all          
.4900E+00     2.000  0.296E+01   0.11135E+00   0.00000E+00   0.10000E+00    0.50249E-02    5.10         test_N_all          
.5000E+00     2.000  0.288E+01   0.10638E+00   0.00000E+00   0.10000E+00    0.17692E-02   13.00         test_N_all          
.5100E+00     2.000  0.280E+01   0.10154E+00   0.00000E+00   0.10000E+00    0.50249E-02    0.09         test_N_all          
.5200E+00     2.000  0.273E+01   0.96829E-01   0.00000E+00   0.10000E+00    0.50249E-02   -0.40         test_N_all          
.5300E+00     2.000  0.266E+01   0.92257E-01   0.00000E+00   0.10000E+00    0.50249E-02   -2.37         test_N_all          
.5400E+00     2.000  0.259E+01   0.87830E-01   0.00000E+00   0.10000E+00    0.50249E-02   -5.87         test_N_all          
.5500E+00     2.000  0.252E+01   0.83547E-01   0.00000E+00   0.10000E+00    0.50249E-02  -10.72         test_N_all          
.5600E+00     2.000  0.245E+01   0.79408E-01   0.00000E+00   0.10000E+00    0.50249E-02  -16.79         test_N_all          
.5700E+00     2.000  0.239E+01   0.75419E-01   0.00000E+00   0.10000E+00    0.50249E-02  -23.93         test_N_all          
.5800E+00     2.000  0.233E+01   0.71578E-01   0.00000E+00   0.10000E+00    0.50249E-02  -31.99         test_N_all          
.5900E+00     2.000  0.227E+01   0.67884E-01   0.00000E+00   0.10000E+00    0.50249E-02  -40.85         test_N_all          
.6000E+00     2.000  0.222E+01   0.64334E-01   0.00000E+00   0.10000E+00    0.17692E-02 -406.40         test_N_all          
.6100E+00     2.000  0.216E+01   0.60934E-01   0.00000E+00   0.10000E+00    0.50249E-02  -60.44         test_N_all          
.6200E+00     2.000  0.211E+01   0.57677E-01   0.00000E+00   0.10000E+00    0.50249E-02  -70.94         test_N_all          
.6300E+00     2.000  0.206E+01   0.54559E-01   0.00000E+00   0.10000E+00    0.50249E-02  -81.78         test_N_all          
.6400E+00     2.000  0.201E+01   0.51580E-01   0.00000E+00   0.10000E+00    0.50249E-02  -92.85         test_N_all          
.6500E+00     2.000  0.196E+01   0.48739E-01   0.00000E+00   0.10000E+00    0.50249E-02 -104.07         test_N_all          
.6600E+00     2.000  0.191E+01   0.46029E-01   0.00000E+00   0.10000E+00    0.50249E-02 -115.36         test_N_all          
.6700E+00     2.000  0.187E+01   0.43447E-01   0.00000E+00   0.10000E+00    0.50249E-02 -126.66         test_N_all          
.6800E+00     2.000  0.182E+01   0.40990E-01   0.00000E+00   0.10000E+00    0.50249E-02 -137.91         test_N_all          
.6900E+00     2.000  0.178E+01   0.38655E-01   0.00000E+00   0.10000E+00    0.50249E-02 -149.04         test_N_all          
.7000E+00     2.000  0.174E+01   0.36437E-01   0.00000E+00   0.10000E+00    0.17692E-02 *******         test_N_all          
.7100E+00     2.000  0.170E+01   0.34330E-01   0.00000E+00   0.10000E+00    0.50249E-02 -170.79         test_N_all          
.7200E+00     2.000  0.166E+01   0.32332E-01   0.00000E+00   0.10000E+00    0.50249E-02 -181.34         test_N_all          
.7300E+00     2.000  0.162E+01   0.30440E-01   0.00000E+00   0.10000E+00    0.50249E-02 -191.63         test_N_all          
.7400E+00     2.000  0.158E+01   0.28648E-01   0.00000E+00   0.10000E+00    0.50249E-02 -201.63         test_N_all          
.7500E+00     2.000  0.155E+01   0.26951E-01   0.00000E+00   0.10000E+00    0.50249E-02 -211.33         test_N_all          
.7600E+00     2.000  0.151E+01   0.25346E-01   0.00000E+00   0.10000E+00    0.50249E-02 -220.72         test_N_all          
.7700E+00     2.000  0.148E+01   0.23829E-01   0.00000E+00   0.10000E+00    0.50249E-02 -229.78         test_N_all          
.7800E+00     2.000  0.145E+01   0.22396E-01   0.00000E+00   0.10000E+00    0.50249E-02 -238.51         test_N_all          
.7900E+00     2.000  0.141E+01   0.21043E-01   0.00000E+00   0.10000E+00    0.50249E-02 -246.90         test_N_all          
.8000E+00     2.000  0.138E+01   0.19765E-01   0.00000E+00   0.10000E+00    0.17692E-02 *******         test_N_all          
.8100E+00     2.000  0.135E+01   0.18561E-01   0.00000E+00   0.10000E+00    0.50249E-02 -262.67         test_N_all          
.8200E+00     2.000  0.132E+01   0.17425E-01   0.00000E+00   0.10000E+00    0.50249E-02 -270.05         test_N_all          
.8300E+00     2.000  0.129E+01   0.16354E-01   0.00000E+00   0.10000E+00    0.50249E-02 -277.09         test_N_all          
.8400E+00     2.000  0.126E+01   0.15345E-01   0.00000E+00   0.10000E+00    0.50249E-02 -283.82         test_N_all          
.8500E+00     2.000  0.123E+01   0.14395E-01   0.00000E+00   0.10000E+00    0.50249E-02 -290.23         test_N_all          
.8600E+00     2.000  0.121E+01   0.13500E-01   0.00000E+00   0.10000E+00    0.50249E-02 -296.33         test_N_all          
.8700E+00     2.000  0.118E+01   0.12658E-01   0.00000E+00   0.10000E+00    0.50249E-02 -302.13         test_N_all          
.8800E+00     2.000  0.115E+01   0.11865E-01   0.00000E+00   0.10000E+00    0.50249E-02 -307.63         test_N_all          
.8900E+00     2.000  0.113E+01   0.11120E-01   0.00000E+00   0.10000E+00    0.50249E-02 -312.86         test_N_all          
.9000E+00     2.000  0.110E+01   0.10419E-01   0.00000E+00   0.10000E+00    0.17692E-02 *******         test_N_all          
.9100E+00     2.000  0.108E+01   0.97594E-02   0.00000E+00   0.10000E+00    0.50249E-02 -322.51         test_N_all          
.9200E+00     2.000  0.106E+01   0.91397E-02   0.00000E+00   0.10000E+00    0.50249E-02 -326.95         test_N_all          
.9300E+00     2.000  0.103E+01   0.85572E-02   0.00000E+00   0.10000E+00    0.50249E-02 -331.16         test_N_all          
.9400E+00     2.000  0.101E+01   0.80101E-02   0.00000E+00   0.10000E+00    0.50249E-02 -335.13         test_N_all          
.9500E+00     2.000  0.987E+00   0.74960E-02   0.00000E+00   0.10000E+00    0.50249E-02 -338.89         test_N_all          
.9600E+00     2.000  0.965E+00   0.70130E-02   0.00000E+00   0.10000E+00    0.50249E-02 -342.44         test_N_all          
.9700E+00     2.000  0.944E+00   0.65594E-02   0.00000E+00   0.10000E+00    0.50249E-02 -345.79         test_N_all          
.9800E+00     2.000  0.923E+00   0.61335E-02   0.00000E+00   0.10000E+00    0.50249E-02 -348.95         test_N_all          
.9900E+00     2.000  0.902E+00   0.57339E-02   0.00000E+00   0.10000E+00    0.50249E-02 -351.92         test_N_all          
.1000E+01     2.000  0.882E+00   0.53588E-02   0.00000E+00   0.10000E+00    0.50249E-02 -354.73         test_N_all          
.1000E-01     5.000  0.496E+03   0.44670E+00   0.00000E+00   0.10000E+00    0.50249E-02 4760.32         test_N_all          
.2000E-01     5.000  0.246E+03   0.39650E+00   0.00000E+00   0.10000E+00    0.50249E-02 3481.76         test_N_all          
.3000E-01     5.000  0.163E+03   0.37210E+00   0.00000E+00   0.10000E+00    0.50249E-02 2932.31         test_N_all          
.4000E-01     5.000  0.121E+03   0.35980E+00   0.00000E+00   0.10000E+00    0.50249E-02 2673.14         test_N_all          
.5000E-01     5.000  0.959E+02   0.35013E+00   0.00000E+00   0.10000E+00    0.50249E-02 2477.81         test_N_all          
.6000E-01     5.000  0.792E+02   0.34349E+00   0.00000E+00   0.10000E+00    0.50249E-02 2347.96         test_N_all          
.7000E-01     5.000  0.673E+02   0.33763E+00   0.00000E+00   0.10000E+00    0.50249E-02 2236.29         test_N_all          
.8000E-01     5.000  0.584E+02   0.33250E+00   0.00000E+00   0.10000E+00    0.50249E-02 2140.92         test_N_all          
.9000E-01     5.000  0.514E+02   0.32743E+00   0.00000E+00   0.10000E+00    0.50249E-02 2048.58         test_N_all          
.1000E+00     5.000  0.459E+02   0.32239E+00   0.00000E+00   0.10000E+00    0.50249E-02 1958.66         test_N_all          
.1100E+00     5.000  0.413E+02   0.31711E+00   0.00000E+00   0.10000E+00    0.50249E-02 1866.83         test_N_all          
.1200E+00     5.000  0.375E+02   0.31167E+00   0.00000E+00   0.10000E+00    0.50249E-02 1774.49         test_N_all          
.1300E+00     5.000  0.343E+02   0.30601E+00   0.00000E+00   0.10000E+00    0.50249E-02 1680.75         test_N_all          
.1400E+00     5.000  0.316E+02   0.30011E+00   0.00000E+00   0.10000E+00    0.50249E-02 1585.82         test_N_all          
.1500E+00     5.000  0.292E+02   0.29401E+00   0.00000E+00   0.10000E+00    0.50249E-02 1490.68         test_N_all          
.1600E+00     5.000  0.271E+02   0.28778E+00   0.00000E+00   0.10000E+00    0.50249E-02 1396.55         test_N_all          
.1700E+00     5.000  0.253E+02   0.28145E+00   0.00000E+00   0.10000E+00    0.50249E-02 1303.86         test_N_all          
.1800E+00     5.000  0.237E+02   0.27503E+00   0.00000E+00   0.10000E+00    0.50249E-02 1213.27         test_N_all          
.1900E+00     5.000  0.222E+02   0.26858E+00   0.00000E+00   0.10000E+00    0.50249E-02 1125.55         test_N_all          
.2000E+00     5.000  0.209E+02   0.26211E+00   0.00000E+00   0.10000E+00    0.50249E-02 1040.72         test_N_all          
.2100E+00     5.000  0.197E+02   0.25563E+00   0.00000E+00   0.10000E+00    0.50249E-02  959.25         test_N_all          
.2200E+00     5.000  0.186E+02   0.24917E+00   0.00000E+00   0.10000E+00    0.50249E-02  881.25         test_N_all          
.2300E+00     5.000  0.176E+02   0.24273E+00   0.00000E+00   0.10000E+00    0.50249E-02  806.82         test_N_all          
.2400E+00     5.000  0.167E+02   0.23632E+00   0.00000E+00   0.10000E+00    0.50249E-02  735.96         test_N_all          
.2500E+00     5.000  0.159E+02   0.22993E+00   0.00000E+00   0.10000E+00    0.50249E-02  668.61         test_N_all          
.2600E+00     5.000  0.151E+02   0.22357E+00   0.00000E+00   0.10000E+00    0.50249E-02  604.74         test_N_all          
.2700E+00     5.000  0.144E+02   0.21723E+00   0.00000E+00   0.10000E+00    0.50249E-02  544.31         test_N_all          
.2800E+00     5.000  0.137E+02   0.21092E+00   0.00000E+00   0.10000E+00    0.50249E-02  487.28         test_N_all          
.2900E+00     5.000  0.131E+02   0.20463E+00   0.00000E+00   0.10000E+00    0.50249E-02  433.55         test_N_all          
.3000E+00     5.000  0.125E+02   0.19836E+00   0.00000E+00   0.10000E+00    0.18868E-02 2717.41         test_N_all          
.3100E+00     5.000  0.120E+02   0.19210E+00   0.00000E+00   0.10000E+00    0.50249E-02  335.96         test_N_all          
.3200E+00     5.000  0.115E+02   0.18587E+00   0.00000E+00   0.10000E+00    0.50249E-02  292.00         test_N_all          
.3300E+00     5.000  0.110E+02   0.17965E+00   0.00000E+00   0.10000E+00    0.50249E-02  251.25         test_N_all          
.3400E+00     5.000  0.106E+02   0.17345E+00   0.00000E+00   0.10000E+00    0.50249E-02  213.67         test_N_all          
.3500E+00     5.000  0.102E+02   0.16728E+00   0.00000E+00   0.10000E+00    0.50249E-02  179.27         test_N_all          
.3600E+00     5.000  0.977E+01   0.16114E+00   0.00000E+00   0.10000E+00    0.50249E-02  148.04         test_N_all          
.3700E+00     5.000  0.940E+01   0.15503E+00   0.00000E+00   0.10000E+00    0.50249E-02  119.94         test_N_all          
.3800E+00     5.000  0.904E+01   0.14897E+00   0.00000E+00   0.10000E+00    0.50249E-02   94.97         test_N_all          
.3900E+00     5.000  0.870E+01   0.14296E+00   0.00000E+00   0.10000E+00    0.50249E-02   73.09         test_N_all          
.4000E+00     5.000  0.838E+01   0.13701E+00   0.00000E+00   0.10000E+00    0.17692E-02  437.63         test_N_all          
.4100E+00     5.000  0.808E+01   0.13113E+00   0.00000E+00   0.10000E+00    0.50249E-02   38.39         test_N_all          
.4200E+00     5.000  0.779E+01   0.12534E+00   0.00000E+00   0.10000E+00    0.50249E-02   25.42         test_N_all          
.4300E+00     5.000  0.751E+01   0.11963E+00   0.00000E+00   0.10000E+00    0.50249E-02   15.26         test_N_all          
.4400E+00     5.000  0.725E+01   0.11403E+00   0.00000E+00   0.10000E+00    0.50249E-02    7.79         test_N_all          
.4500E+00     5.000  0.699E+01   0.10854E+00   0.00000E+00   0.10000E+00    0.50249E-02    2.89         test_N_all          
.4600E+00     5.000  0.675E+01   0.10316E+00   0.00000E+00   0.10000E+00    0.50249E-02    0.40         test_N_all          
.4700E+00     5.000  0.652E+01   0.97917E-01   0.00000E+00   0.10000E+00    0.50249E-02   -0.17         test_N_all          
.4800E+00     5.000  0.630E+01   0.92811E-01   0.00000E+00   0.10000E+00    0.50249E-02   -2.05         test_N_all          
.4900E+00     5.000  0.609E+01   0.87846E-01   0.00000E+00   0.10000E+00    0.50249E-02   -5.85         test_N_all          
.5000E+00     5.000  0.588E+01   0.83031E-01   0.00000E+00   0.10000E+00    0.17692E-02  -91.99         test_N_all          
.5100E+00     5.000  0.569E+01   0.78373E-01   0.00000E+00   0.10000E+00    0.50249E-02  -18.52         test_N_all          
.5200E+00     5.000  0.550E+01   0.73872E-01   0.00000E+00   0.10000E+00    0.50249E-02  -27.04         test_N_all          
.5300E+00     5.000  0.532E+01   0.69535E-01   0.00000E+00   0.10000E+00    0.50249E-02  -36.76         test_N_all          
.5400E+00     5.000  0.514E+01   0.65365E-01   0.00000E+00   0.10000E+00    0.50249E-02  -47.51         test_N_all          
.5500E+00     5.000  0.497E+01   0.61359E-01   0.00000E+00   0.10000E+00    0.50249E-02  -59.14         test_N_all          
.5600E+00     5.000  0.481E+01   0.57522E-01   0.00000E+00   0.10000E+00    0.50249E-02  -71.46         test_N_all          
.5700E+00     5.000  0.465E+01   0.53854E-01   0.00000E+00   0.10000E+00    0.50249E-02  -84.34         test_N_all          
.5800E+00     5.000  0.450E+01   0.50350E-01   0.00000E+00   0.10000E+00    0.50249E-02  -97.63         test_N_all          
.5900E+00     5.000  0.436E+01   0.47014E-01   0.00000E+00   0.10000E+00    0.50249E-02 -111.19         test_N_all          
.6000E+00     5.000  0.422E+01   0.43842E-01   0.00000E+00   0.10000E+00    0.17692E-02 *******         test_N_all          
.6100E+00     5.000  0.408E+01   0.40828E-01   0.00000E+00   0.10000E+00    0.50249E-02 -138.67         test_N_all          
.6200E+00     5.000  0.395E+01   0.37974E-01   0.00000E+00   0.10000E+00    0.50249E-02 -152.36         test_N_all          
.6300E+00     5.000  0.382E+01   0.35274E-01   0.00000E+00   0.10000E+00    0.50249E-02 -165.92         test_N_all          
.6400E+00     5.000  0.369E+01   0.32722E-01   0.00000E+00   0.10000E+00    0.50249E-02 -179.26         test_N_all          
.6500E+00     5.000  0.357E+01   0.30316E-01   0.00000E+00   0.10000E+00    0.50249E-02 -192.31         test_N_all          
.6600E+00     5.000  0.346E+01   0.28051E-01   0.00000E+00   0.10000E+00    0.50249E-02 -205.01         test_N_all          
.6700E+00     5.000  0.334E+01   0.25922E-01   0.00000E+00   0.10000E+00    0.50249E-02 -217.33         test_N_all          
.6800E+00     5.000  0.323E+01   0.23923E-01   0.00000E+00   0.10000E+00    0.50249E-02 -229.22         test_N_all          
.6900E+00     5.000  0.313E+01   0.22049E-01   0.00000E+00   0.10000E+00    0.50249E-02 -240.65         test_N_all          
.7000E+00     5.000  0.302E+01   0.20295E-01   0.00000E+00   0.10000E+00    0.17692E-02 *******         test_N_all          
.7100E+00     5.000  0.292E+01   0.18656E-01   0.00000E+00   0.10000E+00    0.50249E-02 -262.05         test_N_all          
.7200E+00     5.000  0.283E+01   0.17126E-01   0.00000E+00   0.10000E+00    0.50249E-02 -272.00         test_N_all          
.7300E+00     5.000  0.273E+01   0.15700E-01   0.00000E+00   0.10000E+00    0.50249E-02 -281.44         test_N_all          
.7400E+00     5.000  0.264E+01   0.14373E-01   0.00000E+00   0.10000E+00    0.50249E-02 -290.38         test_N_all          
.7500E+00     5.000  0.255E+01   0.13139E-01   0.00000E+00   0.10000E+00    0.50249E-02 -298.81         test_N_all          
.7600E+00     5.000  0.246E+01   0.11993E-01   0.00000E+00   0.10000E+00    0.50249E-02 -306.74         test_N_all          
.7700E+00     5.000  0.238E+01   0.10931E-01   0.00000E+00   0.10000E+00    0.50249E-02 -314.19         test_N_all          
.7800E+00     5.000  0.229E+01   0.99466E-02   0.00000E+00   0.10000E+00    0.50249E-02 -321.17         test_N_all          
.7900E+00     5.000  0.221E+01   0.90366E-02   0.00000E+00   0.10000E+00    0.50249E-02 -327.70         test_N_all          
.8000E+00     5.000  0.213E+01   0.81965E-02   0.00000E+00   0.10000E+00    0.17692E-02 *******         test_N_all          
.8100E+00     5.000  0.205E+01   0.74207E-02   0.00000E+00   0.10000E+00    0.50249E-02 -339.44         test_N_all          
.8200E+00     5.000  0.198E+01   0.67061E-02   0.00000E+00   0.10000E+00    0.50249E-02 -344.70         test_N_all          
.8300E+00     5.000  0.191E+01   0.60490E-02   0.00000E+00   0.10000E+00    0.50249E-02 -349.58         test_N_all          
.8400E+00     5.000  0.183E+01   0.54450E-02   0.00000E+00   0.10000E+00    0.50249E-02 -354.08         test_N_all          
.8500E+00     5.000  0.176E+01   0.48906E-02   0.00000E+00   0.10000E+00    0.50249E-02 -358.25         test_N_all          
.8600E+00     5.000  0.170E+01   0.43829E-02   0.00000E+00   0.10000E+00    0.50249E-02 -362.08         test_N_all          
.8700E+00     5.000  0.163E+01   0.39187E-02   0.00000E+00   0.10000E+00    0.50249E-02 -365.61         test_N_all          
.8800E+00     5.000  0.156E+01   0.34941E-02   0.00000E+00   0.10000E+00    0.50249E-02 -368.85         test_N_all          
.8900E+00     5.000  0.150E+01   0.31071E-02   0.00000E+00   0.10000E+00    0.50249E-02 -371.81         test_N_all          
.9000E+00     5.000  0.144E+01   0.27554E-02   0.00000E+00   0.10000E+00    0.17692E-02 *******         test_N_all          
.9100E+00     5.000  0.138E+01   0.24348E-02   0.00000E+00   0.10000E+00    0.50249E-02 -376.99         test_N_all          
.9200E+00     5.000  0.132E+01   0.21446E-02   0.00000E+00   0.10000E+00    0.50249E-02 -379.23         test_N_all          
.9300E+00     5.000  0.126E+01   0.18823E-02   0.00000E+00   0.10000E+00    0.50249E-02 -381.27         test_N_all          
.9400E+00     5.000  0.120E+01   0.16459E-02   0.00000E+00   0.10000E+00    0.50249E-02 -383.11         test_N_all          
.9500E+00     5.000  0.114E+01   0.14325E-02   0.00000E+00   0.10000E+00    0.50249E-02 -384.77         test_N_all          
.9600E+00     5.000  0.109E+01   0.12411E-02   0.00000E+00   0.10000E+00    0.50249E-02 -386.27         test_N_all          
.9700E+00     5.000  0.104E+01   0.10701E-02   0.00000E+00   0.10000E+00    0.50249E-02 -387.61         test_N_all          
.9800E+00     5.000  0.984E+00   0.91762E-03   0.00000E+00   0.10000E+00    0.50249E-02 -388.80         test_N_all          
.9900E+00     5.000  0.932E+00   0.78188E-03   0.00000E+00   0.10000E+00    0.50249E-02 -389.87         test_N_all          
.1000E+01     5.000  0.882E+00   0.66192E-03   0.00000E+00   0.10000E+00    0.50249E-02 -390.81         test_N_all          
.1000E-01    10.000  0.991E+03   0.52661E+00   0.00000E+00   0.10000E+00    0.50249E-02 7207.91         test_N_all          
.2000E-01    10.000  0.491E+03   0.45242E+00   0.00000E+00   0.10000E+00    0.50249E-02 4918.95         test_N_all          
.3000E-01    10.000  0.324E+03   0.41415E+00   0.00000E+00   0.10000E+00    0.50249E-02 3908.64         test_N_all          
.4000E-01    10.000  0.241E+03   0.39345E+00   0.00000E+00   0.10000E+00    0.50249E-02 3410.41         test_N_all          
.5000E-01    10.000  0.191E+03   0.37648E+00   0.00000E+00   0.10000E+00    0.50249E-02 3027.33         test_N_all          
.6000E-01    10.000  0.158E+03   0.36449E+00   0.00000E+00   0.10000E+00    0.50249E-02 2770.47         test_N_all          
.7000E-01    10.000  0.134E+03   0.35385E+00   0.00000E+00   0.10000E+00    0.50249E-02 2552.13         test_N_all          
.8000E-01    10.000  0.116E+03   0.34480E+00   0.00000E+00   0.10000E+00    0.50249E-02 2373.27         test_N_all          
.9000E-01    10.000  0.102E+03   0.33623E+00   0.00000E+00   0.10000E+00    0.50249E-02 2210.07         test_N_all          
.1000E+00    10.000  0.909E+02   0.32821E+00   0.00000E+00   0.10000E+00    0.50249E-02 2062.49         test_N_all          
.1100E+00    10.000  0.818E+02   0.32022E+00   0.00000E+00   0.10000E+00    0.50249E-02 1920.67         test_N_all          
.1200E+00    10.000  0.742E+02   0.31249E+00   0.00000E+00   0.10000E+00    0.50249E-02 1788.24         test_N_all          
.1300E+00    10.000  0.678E+02   0.30484E+00   0.00000E+00   0.10000E+00    0.50249E-02 1661.69         test_N_all          
.1400E+00    10.000  0.623E+02   0.29717E+00   0.00000E+00   0.10000E+00    0.50249E-02 1539.72         test_N_all          
.1500E+00    10.000  0.575E+02   0.28956E+00   0.00000E+00   0.10000E+00    0.50249E-02 1423.14         test_N_all          
.1600E+00    10.000  0.534E+02   0.28199E+00   0.00000E+00   0.10000E+00    0.50249E-02 1311.75         test_N_all          
.1700E+00    10.000  0.497E+02   0.27448E+00   0.00000E+00   0.10000E+00    0.50249E-02 1205.70         test_N_all          
.1800E+00    10.000  0.464E+02   0.26704E+00   0.00000E+00   0.10000E+00    0.50249E-02 1105.08         test_N_all          
.1900E+00    10.000  0.435E+02   0.25969E+00   0.00000E+00   0.10000E+00    0.50249E-02 1009.89         test_N_all          
.2000E+00    10.000  0.409E+02   0.25242E+00   0.00000E+00   0.10000E+00    0.50249E-02  920.02         test_N_all          
.2100E+00    10.000  0.385E+02   0.24524E+00   0.00000E+00   0.10000E+00    0.50249E-02  835.38         test_N_all          
.2200E+00    10.000  0.363E+02   0.23815E+00   0.00000E+00   0.10000E+00    0.50249E-02  755.81         test_N_all          
.2300E+00    10.000  0.344E+02   0.23114E+00   0.00000E+00   0.10000E+00    0.50249E-02  681.14         test_N_all          
.2400E+00    10.000  0.325E+02   0.22423E+00   0.00000E+00   0.10000E+00    0.50249E-02  611.18         test_N_all          
.2500E+00    10.000  0.309E+02   0.21739E+00   0.00000E+00   0.10000E+00    0.50249E-02  545.77         test_N_all          
.2600E+00    10.000  0.293E+02   0.21063E+00   0.00000E+00   0.10000E+00    0.50249E-02  484.68         test_N_all          
.2700E+00    10.000  0.279E+02   0.20393E+00   0.00000E+00   0.10000E+00    0.50249E-02  427.78         test_N_all          
.2800E+00    10.000  0.266E+02   0.19731E+00   0.00000E+00   0.10000E+00    0.50249E-02  375.01         test_N_all          
.2900E+00    10.000  0.254E+02   0.19074E+00   0.00000E+00   0.10000E+00    0.50249E-02  326.11         test_N_all          
.3000E+00    10.000  0.242E+02   0.18424E+00   0.00000E+00   0.10000E+00    0.18868E-02 1993.15         test_N_all          
.3100E+00    10.000  0.231E+02   0.17778E+00   0.00000E+00   0.10000E+00    0.50249E-02  239.58         test_N_all          
.3200E+00    10.000  0.221E+02   0.17137E+00   0.00000E+00   0.10000E+00    0.50249E-02  201.73         test_N_all          
.3300E+00    10.000  0.212E+02   0.16502E+00   0.00000E+00   0.10000E+00    0.50249E-02  167.42         test_N_all          
.3400E+00    10.000  0.203E+02   0.15871E+00   0.00000E+00   0.10000E+00    0.50249E-02  136.53         test_N_all          
.3500E+00    10.000  0.195E+02   0.15247E+00   0.00000E+00   0.10000E+00    0.50249E-02  109.02         test_N_all          
.3600E+00    10.000  0.187E+02   0.14628E+00   0.00000E+00   0.10000E+00    0.50249E-02   84.84         test_N_all          
.3700E+00    10.000  0.179E+02   0.14016E+00   0.00000E+00   0.10000E+00    0.50249E-02   63.89         test_N_all          
.3800E+00    10.000  0.172E+02   0.13412E+00   0.00000E+00   0.10000E+00    0.50249E-02   46.11         test_N_all          
.3900E+00    10.000  0.165E+02   0.12816E+00   0.00000E+00   0.10000E+00    0.50249E-02   31.40         test_N_all          
.4000E+00    10.000  0.159E+02   0.12229E+00   0.00000E+00   0.10000E+00    0.17692E-02  158.67         test_N_all          
.4100E+00    10.000  0.153E+02   0.11651E+00   0.00000E+00   0.10000E+00    0.50249E-02   10.80         test_N_all          
.4200E+00    10.000  0.147E+02   0.11085E+00   0.00000E+00   0.10000E+00    0.50249E-02    4.66         test_N_all          
.4300E+00    10.000  0.141E+02   0.10529E+00   0.00000E+00   0.10000E+00    0.50249E-02    1.11         test_N_all          
.4400E+00    10.000  0.136E+02   0.99869E-01   0.00000E+00   0.10000E+00    0.50249E-02   -0.00         test_N_all          
.4500E+00    10.000  0.131E+02   0.94577E-01   0.00000E+00   0.10000E+00    0.50249E-02   -1.16         test_N_all          
.4600E+00    10.000  0.126E+02   0.89423E-01   0.00000E+00   0.10000E+00    0.50249E-02   -4.43         test_N_all          
.4700E+00    10.000  0.122E+02   0.84420E-01   0.00000E+00   0.10000E+00    0.50249E-02   -9.61         test_N_all          
.4800E+00    10.000  0.117E+02   0.79568E-01   0.00000E+00   0.10000E+00    0.50249E-02  -16.53         test_N_all          
.4900E+00    10.000  0.113E+02   0.74876E-01   0.00000E+00   0.10000E+00    0.50249E-02  -25.00         test_N_all          
.5000E+00    10.000  0.109E+02   0.70349E-01   0.00000E+00   0.10000E+00    0.17692E-02 -280.89         test_N_all          
.5100E+00    10.000  0.105E+02   0.65986E-01   0.00000E+00   0.10000E+00    0.50249E-02  -45.82         test_N_all          
.5200E+00    10.000  0.101E+02   0.61796E-01   0.00000E+00   0.10000E+00    0.50249E-02  -57.80         test_N_all          
.5300E+00    10.000  0.975E+01   0.57778E-01   0.00000E+00   0.10000E+00    0.50249E-02  -70.60         test_N_all          
.5400E+00    10.000  0.940E+01   0.53931E-01   0.00000E+00   0.10000E+00    0.50249E-02  -84.05         test_N_all          
.5500E+00    10.000  0.906E+01   0.50260E-01   0.00000E+00   0.10000E+00    0.50249E-02  -97.98         test_N_all          
.5600E+00    10.000  0.874E+01   0.46761E-01   0.00000E+00   0.10000E+00    0.50249E-02 -112.25         test_N_all          
.5700E+00    10.000  0.843E+01   0.43432E-01   0.00000E+00   0.10000E+00    0.50249E-02 -126.73         test_N_all          
.5800E+00    10.000  0.812E+01   0.40275E-01   0.00000E+00   0.10000E+00    0.50249E-02 -141.27         test_N_all          
.5900E+00    10.000  0.783E+01   0.37283E-01   0.00000E+00   0.10000E+00    0.50249E-02 -155.78         test_N_all          
.6000E+00    10.000  0.755E+01   0.34455E-01   0.00000E+00   0.10000E+00    0.17692E-02 *******         test_N_all          
.6100E+00    10.000  0.728E+01   0.31788E-01   0.00000E+00   0.10000E+00    0.50249E-02 -184.27         test_N_all          
.6200E+00    10.000  0.701E+01   0.29276E-01   0.00000E+00   0.10000E+00    0.50249E-02 -198.10         test_N_all          
.6300E+00    10.000  0.675E+01   0.26916E-01   0.00000E+00   0.10000E+00    0.50249E-02 -211.54         test_N_all          
.6400E+00    10.000  0.651E+01   0.24702E-01   0.00000E+00   0.10000E+00    0.50249E-02 -224.55         test_N_all          
.6500E+00    10.000  0.627E+01   0.22629E-01   0.00000E+00   0.10000E+00    0.50249E-02 -237.08         test_N_all          
.6600E+00    10.000  0.603E+01   0.20692E-01   0.00000E+00   0.10000E+00    0.50249E-02 -249.10         test_N_all          
.6700E+00    10.000  0.581E+01   0.18886E-01   0.00000E+00   0.10000E+00    0.50249E-02 -260.58         test_N_all          
.6800E+00    10.000  0.559E+01   0.17203E-01   0.00000E+00   0.10000E+00    0.50249E-02 -271.50         test_N_all          
.6900E+00    10.000  0.537E+01   0.15640E-01   0.00000E+00   0.10000E+00    0.50249E-02 -281.84         test_N_all          
.7000E+00    10.000  0.517E+01   0.14190E-01   0.00000E+00   0.10000E+00    0.17692E-02 *******         test_N_all          
.7100E+00    10.000  0.497E+01   0.12847E-01   0.00000E+00   0.10000E+00    0.50249E-02 -300.82         test_N_all          
.7200E+00    10.000  0.477E+01   0.11606E-01   0.00000E+00   0.10000E+00    0.50249E-02 -309.45         test_N_all          
.7300E+00    10.000  0.458E+01   0.10461E-01   0.00000E+00   0.10000E+00    0.50249E-02 -317.52         test_N_all          
.7400E+00    10.000  0.440E+01   0.94059E-02   0.00000E+00   0.10000E+00    0.50249E-02 -325.04         test_N_all          
.7500E+00    10.000  0.422E+01   0.84363E-02   0.00000E+00   0.10000E+00    0.50249E-02 -332.04         test_N_all          
.7600E+00    10.000  0.404E+01   0.75474E-02   0.00000E+00   0.10000E+00    0.50249E-02 -338.51         test_N_all          
.7700E+00    10.000  0.387E+01   0.67325E-02   0.00000E+00   0.10000E+00    0.50249E-02 -344.51         test_N_all          
.7800E+00    10.000  0.370E+01   0.59882E-02   0.00000E+00   0.10000E+00    0.50249E-02 -350.03         test_N_all          
.7900E+00    10.000  0.354E+01   0.53100E-02   0.00000E+00   0.10000E+00    0.50249E-02 -355.10         test_N_all          
.8000E+00    10.000  0.338E+01   0.46919E-02   0.00000E+00   0.10000E+00    0.17692E-02 *******         test_N_all          
.8100E+00    10.000  0.323E+01   0.41313E-02   0.00000E+00   0.10000E+00    0.50249E-02 -363.99         test_N_all          
.8200E+00    10.000  0.308E+01   0.36241E-02   0.00000E+00   0.10000E+00    0.50249E-02 -367.85         test_N_all          
.8300E+00    10.000  0.293E+01   0.31651E-02   0.00000E+00   0.10000E+00    0.50249E-02 -371.37         test_N_all          
.8400E+00    10.000  0.279E+01   0.27521E-02   0.00000E+00   0.10000E+00    0.50249E-02 -374.54         test_N_all          
.8500E+00    10.000  0.265E+01   0.23812E-02   0.00000E+00   0.10000E+00    0.50249E-02 -377.40         test_N_all          
.8600E+00    10.000  0.251E+01   0.20489E-02   0.00000E+00   0.10000E+00    0.50249E-02 -379.98         test_N_all          
.8700E+00    10.000  0.238E+01   0.17529E-02   0.00000E+00   0.10000E+00    0.50249E-02 -382.28         test_N_all          
.8800E+00    10.000  0.225E+01   0.14904E-02   0.00000E+00   0.10000E+00    0.50249E-02 -384.32         test_N_all          
.8900E+00    10.000  0.212E+01   0.12576E-02   0.00000E+00   0.10000E+00    0.50249E-02 -386.14         test_N_all          
.9000E+00    10.000  0.199E+01   0.10530E-02   0.00000E+00   0.10000E+00    0.17692E-02 *******         test_N_all          
.9100E+00    10.000  0.187E+01   0.87424E-03   0.00000E+00   0.10000E+00    0.50249E-02 -389.15         test_N_all          
.9200E+00    10.000  0.175E+01   0.71829E-03   0.00000E+00   0.10000E+00    0.50249E-02 -390.37         test_N_all          
.9300E+00    10.000  0.163E+01   0.58382E-03   0.00000E+00   0.10000E+00    0.50249E-02 -391.43         test_N_all          
.9400E+00    10.000  0.152E+01   0.46892E-03   0.00000E+00   0.10000E+00    0.50249E-02 -392.33         test_N_all          
.9500E+00    10.000  0.141E+01   0.37090E-03   0.00000E+00   0.10000E+00    0.50249E-02 -393.11         test_N_all          
.9600E+00    10.000  0.130E+01   0.28873E-03   0.00000E+00   0.10000E+00    0.50249E-02 -393.76         test_N_all          
.9700E+00    10.000  0.119E+01   0.22085E-03   0.00000E+00   0.10000E+00    0.50249E-02 -394.29         test_N_all          
.9800E+00    10.000  0.109E+01   0.16484E-03   0.00000E+00   0.10000E+00    0.50249E-02 -394.74         test_N_all          
.9900E+00    10.000  0.983E+00   0.11992E-03   0.00000E+00   0.10000E+00    0.50249E-02 -395.09         test_N_all          
.1000E+01    10.000  0.882E+00   0.84811E-04   0.00000E+00   0.10000E+00    0.50249E-02 -395.37         test_N_all          
.1000E-01    20.000  0.198E+04   0.60551E+00   0.00000E+00   0.10000E+00    0.50249E-02 *******         test_N_all          
.2000E-01    20.000  0.981E+03   0.50510E+00   0.00000E+00   0.10000E+00    0.50249E-02 6499.34         test_N_all          
.3000E-01    20.000  0.648E+03   0.45228E+00   0.00000E+00   0.10000E+00    0.50249E-02 4914.96         test_N_all          
.4000E-01    20.000  0.481E+03   0.42321E+00   0.00000E+00   0.10000E+00    0.50249E-02 4137.15         test_N_all          
.5000E-01    20.000  0.381E+03   0.39905E+00   0.00000E+00   0.10000E+00    0.50249E-02 3541.90         test_N_all          
.6000E-01    20.000  0.314E+03   0.38195E+00   0.00000E+00   0.10000E+00    0.50249E-02 3148.24         test_N_all          
.7000E-01    20.000  0.267E+03   0.36676E+00   0.00000E+00   0.10000E+00    0.50249E-02 2818.15         test_N_all          
.8000E-01    20.000  0.231E+03   0.35421E+00   0.00000E+00   0.10000E+00    0.50249E-02 2559.38         test_N_all          
.9000E-01    20.000  0.203E+03   0.34261E+00   0.00000E+00   0.10000E+00    0.50249E-02 2331.15         test_N_all          
.1000E+00    20.000  0.181E+03   0.33207E+00   0.00000E+00   0.10000E+00    0.50249E-02 2132.86         test_N_all          
.1100E+00    20.000  0.163E+03   0.32192E+00   0.00000E+00   0.10000E+00    0.50249E-02 1950.47         test_N_all          
.1200E+00    20.000  0.148E+03   0.31225E+00   0.00000E+00   0.10000E+00    0.50249E-02 1784.20         test_N_all          
.1300E+00    20.000  0.135E+03   0.30293E+00   0.00000E+00   0.10000E+00    0.50249E-02 1630.94         test_N_all          
.1400E+00    20.000  0.124E+03   0.29382E+00   0.00000E+00   0.10000E+00    0.50249E-02 1487.78         test_N_all          
.1500E+00    20.000  0.114E+03   0.28497E+00   0.00000E+00   0.10000E+00    0.50249E-02 1355.07         test_N_all          
.1600E+00    20.000  0.106E+03   0.27631E+00   0.00000E+00   0.10000E+00    0.50249E-02 1231.17         test_N_all          
.1700E+00    20.000  0.985E+02   0.26786E+00   0.00000E+00   0.10000E+00    0.50249E-02 1115.93         test_N_all          
.1800E+00    20.000  0.920E+02   0.25960E+00   0.00000E+00   0.10000E+00    0.50249E-02 1008.84         test_N_all          
.1900E+00    20.000  0.861E+02   0.25152E+00   0.00000E+00   0.10000E+00    0.50249E-02  909.26         test_N_all          
.2000E+00    20.000  0.809E+02   0.24362E+00   0.00000E+00   0.10000E+00    0.50249E-02  816.90         test_N_all          
.2100E+00    20.000  0.761E+02   0.23588E+00   0.00000E+00   0.10000E+00    0.50249E-02  731.20         test_N_all          
.2200E+00    20.000  0.718E+02   0.22829E+00   0.00000E+00   0.10000E+00    0.50249E-02  651.85         test_N_all          
.2300E+00    20.000  0.678E+02   0.22085E+00   0.00000E+00   0.10000E+00    0.50249E-02  578.45         test_N_all          
.2400E+00    20.000  0.642E+02   0.21355E+00   0.00000E+00   0.10000E+00    0.50249E-02  510.62         test_N_all          
.2500E+00    20.000  0.609E+02   0.20637E+00   0.00000E+00   0.10000E+00    0.50249E-02  448.12         test_N_all          
.2600E+00    20.000  0.578E+02   0.19931E+00   0.00000E+00   0.10000E+00    0.50249E-02  390.57         test_N_all          
.2700E+00    20.000  0.550E+02   0.19235E+00   0.00000E+00   0.10000E+00    0.50249E-02  337.78         test_N_all          
.2800E+00    20.000  0.523E+02   0.18550E+00   0.00000E+00   0.10000E+00    0.50249E-02  289.50         test_N_all          
.2900E+00    20.000  0.498E+02   0.17873E+00   0.00000E+00   0.10000E+00    0.50249E-02  245.51         test_N_all          
.3000E+00    20.000  0.475E+02   0.17206E+00   0.00000E+00   0.10000E+00    0.18868E-02 1458.52         test_N_all          
.3100E+00    20.000  0.454E+02   0.16548E+00   0.00000E+00   0.10000E+00    0.50249E-02  169.79         test_N_all          
.3200E+00    20.000  0.434E+02   0.15898E+00   0.00000E+00   0.10000E+00    0.50249E-02  137.76         test_N_all          
.3300E+00    20.000  0.415E+02   0.15257E+00   0.00000E+00   0.10000E+00    0.50249E-02  109.43         test_N_all          
.3400E+00    20.000  0.397E+02   0.14623E+00   0.00000E+00   0.10000E+00    0.50249E-02   84.66         test_N_all          
.3500E+00    20.000  0.380E+02   0.13999E+00   0.00000E+00   0.10000E+00    0.50249E-02   63.34         test_N_all          
.3600E+00    20.000  0.364E+02   0.13384E+00   0.00000E+00   0.10000E+00    0.50249E-02   45.35         test_N_all          
.3700E+00    20.000  0.349E+02   0.12779E+00   0.00000E+00   0.10000E+00    0.50249E-02   30.58         test_N_all          
.3800E+00    20.000  0.335E+02   0.12183E+00   0.00000E+00   0.10000E+00    0.50249E-02   18.88         test_N_all          
.3900E+00    20.000  0.322E+02   0.11599E+00   0.00000E+00   0.10000E+00    0.50249E-02   10.12         test_N_all          
.4000E+00    20.000  0.309E+02   0.11026E+00   0.00000E+00   0.10000E+00    0.17692E-02   33.63         test_N_all          
.4100E+00    20.000  0.297E+02   0.10466E+00   0.00000E+00   0.10000E+00    0.50249E-02    0.86         test_N_all          
.4200E+00    20.000  0.285E+02   0.99182E-01   0.00000E+00   0.10000E+00    0.50249E-02   -0.03         test_N_all          
.4300E+00    20.000  0.274E+02   0.93844E-01   0.00000E+00   0.10000E+00    0.50249E-02   -1.50         test_N_all          
.4400E+00    20.000  0.263E+02   0.88653E-01   0.00000E+00   0.10000E+00    0.50249E-02   -5.10         test_N_all          
.4500E+00    20.000  0.253E+02   0.83611E-01   0.00000E+00   0.10000E+00    0.50249E-02  -10.64         test_N_all          
.4600E+00    20.000  0.244E+02   0.78726E-01   0.00000E+00   0.10000E+00    0.50249E-02  -17.92         test_N_all          
.4700E+00    20.000  0.234E+02   0.74004E-01   0.00000E+00   0.10000E+00    0.50249E-02  -26.76         test_N_all          
.4800E+00    20.000  0.225E+02   0.69445E-01   0.00000E+00   0.10000E+00    0.50249E-02  -36.97         test_N_all          
.4900E+00    20.000  0.217E+02   0.65059E-01   0.00000E+00   0.10000E+00    0.50249E-02  -48.35         test_N_all          
.5000E+00    20.000  0.209E+02   0.60843E-01   0.00000E+00   0.10000E+00    0.17692E-02 -489.86         test_N_all          
.5100E+00    20.000  0.201E+02   0.56800E-01   0.00000E+00   0.10000E+00    0.50249E-02  -73.91         test_N_all          
.5200E+00    20.000  0.193E+02   0.52935E-01   0.00000E+00   0.10000E+00    0.50249E-02  -87.73         test_N_all          
.5300E+00    20.000  0.186E+02   0.49243E-01   0.00000E+00   0.10000E+00    0.50249E-02 -102.03         test_N_all          
.5400E+00    20.000  0.179E+02   0.45727E-01   0.00000E+00   0.10000E+00    0.50249E-02 -116.65         test_N_all          
.5500E+00    20.000  0.172E+02   0.42386E-01   0.00000E+00   0.10000E+00    0.50249E-02 -131.46         test_N_all          
.5600E+00    20.000  0.166E+02   0.39215E-01   0.00000E+00   0.10000E+00    0.50249E-02 -146.33         test_N_all          
.5700E+00    20.000  0.160E+02   0.36215E-01   0.00000E+00   0.10000E+00    0.50249E-02 -161.13         test_N_all          
.5800E+00    20.000  0.154E+02   0.33381E-01   0.00000E+00   0.10000E+00    0.50249E-02 -175.77         test_N_all          
.5900E+00    20.000  0.148E+02   0.30709E-01   0.00000E+00   0.10000E+00    0.50249E-02 -190.15         test_N_all          
.6000E+00    20.000  0.142E+02   0.28197E-01   0.00000E+00   0.10000E+00    0.17692E-02 *******         test_N_all          
.6100E+00    20.000  0.137E+02   0.25838E-01   0.00000E+00   0.10000E+00    0.50249E-02 -217.82         test_N_all          
.6200E+00    20.000  0.131E+02   0.23630E-01   0.00000E+00   0.10000E+00    0.50249E-02 -230.99         test_N_all          
.6300E+00    20.000  0.126E+02   0.21565E-01   0.00000E+00   0.10000E+00    0.50249E-02 -243.65         test_N_all          
.6400E+00    20.000  0.121E+02   0.19638E-01   0.00000E+00   0.10000E+00    0.50249E-02 -255.76         test_N_all          
.6500E+00    20.000  0.117E+02   0.17845E-01   0.00000E+00   0.10000E+00    0.50249E-02 -267.30         test_N_all          
.6600E+00    20.000  0.112E+02   0.16179E-01   0.00000E+00   0.10000E+00    0.50249E-02 -278.25         test_N_all          
.6700E+00    20.000  0.107E+02   0.14634E-01   0.00000E+00   0.10000E+00    0.50249E-02 -288.60         test_N_all          
.6800E+00    20.000  0.103E+02   0.13205E-01   0.00000E+00   0.10000E+00    0.50249E-02 -298.35         test_N_all          
.6900E+00    20.000  0.987E+01   0.11886E-01   0.00000E+00   0.10000E+00    0.50249E-02 -307.49         test_N_all          
.7000E+00    20.000  0.945E+01   0.10670E-01   0.00000E+00   0.10000E+00    0.17692E-02 *******         test_N_all          
.7100E+00    20.000  0.905E+01   0.95529E-02   0.00000E+00   0.10000E+00    0.50249E-02 -323.99         test_N_all          
.7200E+00    20.000  0.866E+01   0.85278E-02   0.00000E+00   0.10000E+00    0.50249E-02 -331.37         test_N_all          
.7300E+00    20.000  0.828E+01   0.75890E-02   0.00000E+00   0.10000E+00    0.50249E-02 -338.21         test_N_all          
.7400E+00    20.000  0.791E+01   0.67322E-02   0.00000E+00   0.10000E+00    0.50249E-02 -344.51         test_N_all          
.7500E+00    20.000  0.755E+01   0.59512E-02   0.00000E+00   0.10000E+00    0.50249E-02 -350.30         test_N_all          
.7600E+00    20.000  0.720E+01   0.52414E-02   0.00000E+00   0.10000E+00    0.50249E-02 -355.61         test_N_all          
.7700E+00    20.000  0.686E+01   0.45986E-02   0.00000E+00   0.10000E+00    0.50249E-02 -360.45         test_N_all          
.7800E+00    20.000  0.652E+01   0.40166E-02   0.00000E+00   0.10000E+00    0.50249E-02 -364.86         test_N_all          
.7900E+00    20.000  0.620E+01   0.34925E-02   0.00000E+00   0.10000E+00    0.50249E-02 -368.86         test_N_all          
.8000E+00    20.000  0.588E+01   0.30219E-02   0.00000E+00   0.10000E+00    0.17692E-02 *******         test_N_all          
.8100E+00    20.000  0.557E+01   0.25999E-02   0.00000E+00   0.10000E+00    0.50249E-02 -375.71         test_N_all          
.8200E+00    20.000  0.527E+01   0.22241E-02   0.00000E+00   0.10000E+00    0.50249E-02 -378.62         test_N_all          
.8300E+00    20.000  0.498E+01   0.18896E-02   0.00000E+00   0.10000E+00    0.50249E-02 -381.21         test_N_all          
.8400E+00    20.000  0.469E+01   0.15939E-02   0.00000E+00   0.10000E+00    0.50249E-02 -383.52         test_N_all          
.8500E+00    20.000  0.441E+01   0.13342E-02   0.00000E+00   0.10000E+00    0.50249E-02 -385.54         test_N_all          
.8600E+00    20.000  0.414E+01   0.11063E-02   0.00000E+00   0.10000E+00    0.50249E-02 -387.33         test_N_all          
.8700E+00    20.000  0.387E+01   0.90833E-03   0.00000E+00   0.10000E+00    0.50249E-02 -388.88         test_N_all          
.8800E+00    20.000  0.361E+01   0.73772E-03   0.00000E+00   0.10000E+00    0.50249E-02 -390.22         test_N_all          
.8900E+00    20.000  0.335E+01   0.59110E-03   0.00000E+00   0.10000E+00    0.50249E-02 -391.37         test_N_all          
.9000E+00    20.000  0.310E+01   0.46697E-03   0.00000E+00   0.10000E+00    0.17692E-02 *******         test_N_all          
.9100E+00    20.000  0.286E+01   0.36288E-03   0.00000E+00   0.10000E+00    0.50249E-02 -393.17         test_N_all          
.9200E+00    20.000  0.262E+01   0.27629E-03   0.00000E+00   0.10000E+00    0.50249E-02 -393.85         test_N_all          
.9300E+00    20.000  0.239E+01   0.20586E-03   0.00000E+00   0.10000E+00    0.50249E-02 -394.41         test_N_all          
.9400E+00    20.000  0.216E+01   0.14921E-03   0.00000E+00   0.10000E+00    0.50249E-02 -394.86         test_N_all          
.9500E+00    20.000  0.193E+01   0.10455E-03   0.00000E+00   0.10000E+00    0.50249E-02 -395.21         test_N_all          
.9600E+00    20.000  0.172E+01   0.70663E-04   0.00000E+00   0.10000E+00    0.50249E-02 -395.48         test_N_all          
.9700E+00    20.000  0.150E+01   0.45147E-04   0.00000E+00   0.10000E+00    0.50249E-02 -395.68         test_N_all          
.9800E+00    20.000  0.129E+01   0.26984E-04   0.00000E+00   0.10000E+00    0.50249E-02 -395.83         test_N_all          
.9900E+00    20.000  0.108E+01   0.15115E-04   0.00000E+00   0.10000E+00    0.50249E-02 -395.92         test_N_all          
.1000E+01    20.000  0.882E+00   0.71050E-05   0.00000E+00   0.10000E+00    0.50249E-02 -395.98         test_N_all          
.1000E+00    50.000  0.451E+03   0.33481E+00   0.00000E+00   0.10000E+00    0.50249E-02 2183.52         test_N_all          
.1100E+00    50.000  0.405E+03   0.32221E+00   0.00000E+00   0.10000E+00    0.50249E-02 1955.47         test_N_all          
.1200E+00    50.000  0.368E+03   0.31048E+00   0.00000E+00   0.10000E+00    0.50249E-02 1754.55         test_N_all          
.1300E+00    50.000  0.335E+03   0.29942E+00   0.00000E+00   0.10000E+00    0.50249E-02 1574.98         test_N_all          
.1400E+00    50.000  0.308E+03   0.28881E+00   0.00000E+00   0.10000E+00    0.50249E-02 1411.81         test_N_all          
.1500E+00    50.000  0.284E+03   0.27870E+00   0.00000E+00   0.10000E+00    0.50249E-02 1264.64         test_N_all          
.1600E+00    50.000  0.263E+03   0.26893E+00   0.00000E+00   0.10000E+00    0.50249E-02 1130.17         test_N_all          
.1700E+00    50.000  0.245E+03   0.25953E+00   0.00000E+00   0.10000E+00    0.50249E-02 1007.89         test_N_all          
.1800E+00    50.000  0.229E+03   0.25045E+00   0.00000E+00   0.10000E+00    0.50249E-02  896.49         test_N_all          
.1900E+00    50.000  0.214E+03   0.24166E+00   0.00000E+00   0.10000E+00    0.50249E-02  794.74         test_N_all          
.2000E+00    50.000  0.201E+03   0.23314E+00   0.00000E+00   0.10000E+00    0.50249E-02  702.06         test_N_all          
.2100E+00    50.000  0.189E+03   0.22486E+00   0.00000E+00   0.10000E+00    0.50249E-02  617.40         test_N_all          
.2200E+00    50.000  0.178E+03   0.21680E+00   0.00000E+00   0.10000E+00    0.50249E-02  540.31         test_N_all          
.2300E+00    50.000  0.168E+03   0.20896E+00   0.00000E+00   0.10000E+00    0.50249E-02  470.16         test_N_all          
.2400E+00    50.000  0.159E+03   0.20129E+00   0.00000E+00   0.10000E+00    0.50249E-02  406.36         test_N_all          
.2500E+00    50.000  0.151E+03   0.19382E+00   0.00000E+00   0.10000E+00    0.50249E-02  348.57         test_N_all          
.2600E+00    50.000  0.143E+03   0.18649E+00   0.00000E+00   0.10000E+00    0.50249E-02  296.27         test_N_all          
.2700E+00    50.000  0.136E+03   0.17932E+00   0.00000E+00   0.10000E+00    0.50249E-02  249.18         test_N_all          
.2800E+00    50.000  0.129E+03   0.17229E+00   0.00000E+00   0.10000E+00    0.50249E-02  206.99         test_N_all          
.2900E+00    50.000  0.123E+03   0.16540E+00   0.00000E+00   0.10000E+00    0.50249E-02  169.38         test_N_all          
.3000E+00    50.000  0.118E+03   0.15863E+00   0.00000E+00   0.10000E+00    0.18868E-02  965.69         test_N_all          
.3100E+00    50.000  0.112E+03   0.15199E+00   0.00000E+00   0.10000E+00    0.50249E-02  107.04         test_N_all          
.3200E+00    50.000  0.107E+03   0.14546E+00   0.00000E+00   0.10000E+00    0.50249E-02   81.86         test_N_all          
.3300E+00    50.000  0.102E+03   0.13906E+00   0.00000E+00   0.10000E+00    0.50249E-02   60.43         test_N_all          
.3400E+00    50.000  0.979E+02   0.13278E+00   0.00000E+00   0.10000E+00    0.50249E-02   42.55         test_N_all          
.3500E+00    50.000  0.937E+02   0.12662E+00   0.00000E+00   0.10000E+00    0.50249E-02   28.05         test_N_all          
.3600E+00    50.000  0.898E+02   0.12058E+00   0.00000E+00   0.10000E+00    0.50249E-02   16.77         test_N_all          
.3700E+00    50.000  0.860E+02   0.11467E+00   0.00000E+00   0.10000E+00    0.50249E-02    8.52         test_N_all          
.3800E+00    50.000  0.825E+02   0.10889E+00   0.00000E+00   0.10000E+00    0.50249E-02    3.13         test_N_all          
.3900E+00    50.000  0.791E+02   0.10326E+00   0.00000E+00   0.10000E+00    0.50249E-02    0.42         test_N_all          
.4000E+00    50.000  0.759E+02   0.97763E-01   0.00000E+00   0.10000E+00    0.17692E-02   -1.60         test_N_all          
.4100E+00    50.000  0.728E+02   0.92419E-01   0.00000E+00   0.10000E+00    0.50249E-02   -2.28         test_N_all          
.4200E+00    50.000  0.699E+02   0.87228E-01   0.00000E+00   0.10000E+00    0.50249E-02   -6.46         test_N_all          
.4300E+00    50.000  0.672E+02   0.82194E-01   0.00000E+00   0.10000E+00    0.50249E-02  -12.56         test_N_all          
.4400E+00    50.000  0.645E+02   0.77324E-01   0.00000E+00   0.10000E+00    0.50249E-02  -20.36         test_N_all          
.4500E+00    50.000  0.620E+02   0.72620E-01   0.00000E+00   0.10000E+00    0.50249E-02  -29.69         test_N_all          
.4600E+00    50.000  0.596E+02   0.68086E-01   0.00000E+00   0.10000E+00    0.50249E-02  -40.34         test_N_all          
.4700E+00    50.000  0.573E+02   0.63725E-01   0.00000E+00   0.10000E+00    0.50249E-02  -52.11         test_N_all          
.4800E+00    50.000  0.550E+02   0.59538E-01   0.00000E+00   0.10000E+00    0.50249E-02  -64.84         test_N_all          
.4900E+00    50.000  0.529E+02   0.55529E-01   0.00000E+00   0.10000E+00    0.50249E-02  -78.32         test_N_all          
.5000E+00    50.000  0.509E+02   0.51695E-01   0.00000E+00   0.10000E+00    0.17692E-02 -745.48         test_N_all          
.5100E+00    50.000  0.489E+02   0.48039E-01   0.00000E+00   0.10000E+00    0.50249E-02 -106.93         test_N_all          
.5200E+00    50.000  0.470E+02   0.44559E-01   0.00000E+00   0.10000E+00    0.50249E-02 -121.73         test_N_all          
.5300E+00    50.000  0.452E+02   0.41252E-01   0.00000E+00   0.10000E+00    0.50249E-02 -136.69         test_N_all          
.5400E+00    50.000  0.435E+02   0.38119E-01   0.00000E+00   0.10000E+00    0.50249E-02 -151.65         test_N_all          
.5500E+00    50.000  0.418E+02   0.35155E-01   0.00000E+00   0.10000E+00    0.50249E-02 -166.53         test_N_all          
.5600E+00    50.000  0.402E+02   0.32357E-01   0.00000E+00   0.10000E+00    0.50249E-02 -181.21         test_N_all          
.5700E+00    50.000  0.386E+02   0.29723E-01   0.00000E+00   0.10000E+00    0.50249E-02 -195.60         test_N_all          
.5800E+00    50.000  0.371E+02   0.27247E-01   0.00000E+00   0.10000E+00    0.50249E-02 -209.62         test_N_all          
.5900E+00    50.000  0.356E+02   0.24925E-01   0.00000E+00   0.10000E+00    0.50249E-02 -223.22         test_N_all          
.6000E+00    50.000  0.342E+02   0.22753E-01   0.00000E+00   0.10000E+00    0.17692E-02 *******         test_N_all          
.6100E+00    50.000  0.328E+02   0.20724E-01   0.00000E+00   0.10000E+00    0.50249E-02 -248.90         test_N_all          
.6200E+00    50.000  0.315E+02   0.18833E-01   0.00000E+00   0.10000E+00    0.50249E-02 -260.91         test_N_all          
.6300E+00    50.000  0.302E+02   0.17075E-01   0.00000E+00   0.10000E+00    0.50249E-02 -272.34         test_N_all          
.6400E+00    50.000  0.290E+02   0.15444E-01   0.00000E+00   0.10000E+00    0.50249E-02 -283.15         test_N_all          
.6500E+00    50.000  0.278E+02   0.13935E-01   0.00000E+00   0.10000E+00    0.50249E-02 -293.36         test_N_all          
.6600E+00    50.000  0.266E+02   0.12540E-01   0.00000E+00   0.10000E+00    0.50249E-02 -302.94         test_N_all          
.6700E+00    50.000  0.255E+02   0.11254E-01   0.00000E+00   0.10000E+00    0.50249E-02 -311.91         test_N_all          
.6800E+00    50.000  0.244E+02   0.10073E-01   0.00000E+00   0.10000E+00    0.50249E-02 -320.27         test_N_all          
.6900E+00    50.000  0.233E+02   0.89875E-02   0.00000E+00   0.10000E+00    0.50249E-02 -328.05         test_N_all          
.7000E+00    50.000  0.223E+02   0.79947E-02   0.00000E+00   0.10000E+00    0.17692E-02 *******         test_N_all          
.7100E+00    50.000  0.213E+02   0.70883E-02   0.00000E+00   0.10000E+00    0.50249E-02 -341.88         test_N_all          
.7200E+00    50.000  0.203E+02   0.62621E-02   0.00000E+00   0.10000E+00    0.50249E-02 -347.99         test_N_all          
.7300E+00    50.000  0.194E+02   0.55122E-02   0.00000E+00   0.10000E+00    0.50249E-02 -353.58         test_N_all          
.7400E+00    50.000  0.184E+02   0.48322E-02   0.00000E+00   0.10000E+00    0.50249E-02 -358.69         test_N_all          
.7500E+00    50.000  0.175E+02   0.42179E-02   0.00000E+00   0.10000E+00    0.50249E-02 -363.33         test_N_all          
.7600E+00    50.000  0.167E+02   0.36651E-02   0.00000E+00   0.10000E+00    0.50249E-02 -367.54         test_N_all          
.7700E+00    50.000  0.158E+02   0.31680E-02   0.00000E+00   0.10000E+00    0.50249E-02 -371.34         test_N_all          
.7800E+00    50.000  0.150E+02   0.27238E-02   0.00000E+00   0.10000E+00    0.50249E-02 -374.76         test_N_all          
.7900E+00    50.000  0.142E+02   0.23278E-02   0.00000E+00   0.10000E+00    0.50249E-02 -377.82         test_N_all          
.8000E+00    50.000  0.134E+02   0.19761E-02   0.00000E+00   0.10000E+00    0.17692E-02 *******         test_N_all          
.8100E+00    50.000  0.126E+02   0.16657E-02   0.00000E+00   0.10000E+00    0.50249E-02 -382.96         test_N_all          
.8200E+00    50.000  0.119E+02   0.13924E-02   0.00000E+00   0.10000E+00    0.50249E-02 -385.09         test_N_all          
.8300E+00    50.000  0.111E+02   0.11539E-02   0.00000E+00   0.10000E+00    0.50249E-02 -386.95         test_N_all          
.8400E+00    50.000  0.104E+02   0.94673E-03   0.00000E+00   0.10000E+00    0.50249E-02 -388.58         test_N_all          
.8500E+00    50.000  0.971E+01   0.76777E-03   0.00000E+00   0.10000E+00    0.50249E-02 -389.98         test_N_all          
.8600E+00    50.000  0.902E+01   0.61514E-03   0.00000E+00   0.10000E+00    0.50249E-02 -391.18         test_N_all          
.8700E+00    50.000  0.835E+01   0.48539E-03   0.00000E+00   0.10000E+00    0.50249E-02 -392.20         test_N_all          
.8800E+00    50.000  0.770E+01   0.37673E-03   0.00000E+00   0.10000E+00    0.50249E-02 -393.06         test_N_all          
.8900E+00    50.000  0.706E+01   0.28700E-03   0.00000E+00   0.10000E+00    0.50249E-02 -393.77         test_N_all          
.9000E+00    50.000  0.644E+01   0.21342E-03   0.00000E+00   0.10000E+00    0.17692E-02 *******         test_N_all          
.9100E+00    50.000  0.583E+01   0.15474E-03   0.00000E+00   0.10000E+00    0.50249E-02 -394.81         test_N_all          
.9200E+00    50.000  0.523E+01   0.10854E-03   0.00000E+00   0.10000E+00    0.50249E-02 -395.18         test_N_all          
.9300E+00    50.000  0.465E+01   0.73087E-04   0.00000E+00   0.10000E+00    0.50249E-02 -395.46         test_N_all          
.9400E+00    50.000  0.407E+01   0.47154E-04   0.00000E+00   0.10000E+00    0.50249E-02 -395.67         test_N_all          
.9500E+00    50.000  0.351E+01   0.28175E-04   0.00000E+00   0.10000E+00    0.50249E-02 -395.82         test_N_all          
.9600E+00    50.000  0.297E+01   0.15558E-04   0.00000E+00   0.10000E+00    0.50249E-02 -395.92         test_N_all          
.9700E+00    50.000  0.243E+01   0.77034E-05   0.00000E+00   0.10000E+00    0.50249E-02 -395.98         test_N_all          
.9800E+00    50.000  0.190E+01   0.30026E-05   0.00000E+00   0.10000E+00    0.50249E-02 -396.02         test_N_all          
.9900E+00    50.000  0.139E+01   0.10055E-05   0.00000E+00   0.10000E+00    0.50249E-02 -396.03         test_N_all          
.1000E+01    50.000  0.882E+00   0.69592E-06   0.00000E+00   0.10000E+00    0.50249E-02 -396.03         test_N_all          
.1000E+00   100.000  0.901E+03   0.33566E+00   0.00000E+00   0.10000E+00    0.50249E-02 2199.37         test_N_all          
.1100E+00   100.000  0.810E+03   0.32151E+00   0.00000E+00   0.10000E+00    0.50249E-02 1943.29         test_N_all          
.1200E+00   100.000  0.734E+03   0.30851E+00   0.00000E+00   0.10000E+00    0.50249E-02 1721.82         test_N_all          
.1300E+00   100.000  0.670E+03   0.29637E+00   0.00000E+00   0.10000E+00    0.50249E-02 1527.22         test_N_all          
.1400E+00   100.000  0.615E+03   0.28484E+00   0.00000E+00   0.10000E+00    0.50249E-02 1353.13         test_N_all          
.1500E+00   100.000  0.568E+03   0.27396E+00   0.00000E+00   0.10000E+00    0.50249E-02 1198.55         test_N_all          
.1600E+00   100.000  0.526E+03   0.26353E+00   0.00000E+00   0.10000E+00    0.50249E-02 1059.06         test_N_all          
.1700E+00   100.000  0.489E+03   0.25356E+00   0.00000E+00   0.10000E+00    0.50249E-02  933.89         test_N_all          
.1800E+00   100.000  0.456E+03   0.24400E+00   0.00000E+00   0.10000E+00    0.50249E-02  821.21         test_N_all          
.1900E+00   100.000  0.427E+03   0.23478E+00   0.00000E+00   0.10000E+00    0.50249E-02  719.46         test_N_all          
.2000E+00   100.000  0.401E+03   0.22591E+00   0.00000E+00   0.10000E+00    0.50249E-02  627.87         test_N_all          
.2100E+00   100.000  0.377E+03   0.21732E+00   0.00000E+00   0.10000E+00    0.50249E-02  545.08         test_N_all          
.2200E+00   100.000  0.355E+03   0.20900E+00   0.00000E+00   0.10000E+00    0.50249E-02  470.52         test_N_all          
.2300E+00   100.000  0.336E+03   0.20093E+00   0.00000E+00   0.10000E+00    0.50249E-02  403.42         test_N_all          
.2400E+00   100.000  0.318E+03   0.19308E+00   0.00000E+00   0.10000E+00    0.50249E-02  343.10         test_N_all          
.2500E+00   100.000  0.301E+03   0.18544E+00   0.00000E+00   0.10000E+00    0.50249E-02  289.12         test_N_all          
.2600E+00   100.000  0.285E+03   0.17799E+00   0.00000E+00   0.10000E+00    0.50249E-02  240.89         test_N_all          
.2700E+00   100.000  0.271E+03   0.17072E+00   0.00000E+00   0.10000E+00    0.50249E-02  198.09         test_N_all          
.2800E+00   100.000  0.258E+03   0.16363E+00   0.00000E+00   0.10000E+00    0.50249E-02  160.33         test_N_all          
.2900E+00   100.000  0.246E+03   0.15668E+00   0.00000E+00   0.10000E+00    0.50249E-02  127.25         test_N_all          
.3000E+00   100.000  0.234E+03   0.14990E+00   0.00000E+00   0.10000E+00    0.18868E-02  699.45         test_N_all          
.3100E+00   100.000  0.223E+03   0.14326E+00   0.00000E+00   0.10000E+00    0.50249E-02   74.11         test_N_all          
.3200E+00   100.000  0.213E+03   0.13676E+00   0.00000E+00   0.10000E+00    0.50249E-02   53.53         test_N_all          
.3300E+00   100.000  0.204E+03   0.13041E+00   0.00000E+00   0.10000E+00    0.50249E-02   36.63         test_N_all          
.3400E+00   100.000  0.195E+03   0.12420E+00   0.00000E+00   0.10000E+00    0.50249E-02   23.20         test_N_all          
.3500E+00   100.000  0.187E+03   0.11814E+00   0.00000E+00   0.10000E+00    0.50249E-02   13.03         test_N_all          
.3600E+00   100.000  0.179E+03   0.11222E+00   0.00000E+00   0.10000E+00    0.50249E-02    5.91         test_N_all          
.3700E+00   100.000  0.171E+03   0.10645E+00   0.00000E+00   0.10000E+00    0.50249E-02    1.65         test_N_all          
.3800E+00   100.000  0.164E+03   0.10082E+00   0.00000E+00   0.10000E+00    0.50249E-02    0.03         test_N_all          
.3900E+00   100.000  0.157E+03   0.95359E-01   0.00000E+00   0.10000E+00    0.50249E-02   -0.85         test_N_all          
.4000E+00   100.000  0.151E+03   0.90050E-01   0.00000E+00   0.10000E+00    0.17692E-02  -31.63         test_N_all          
.4100E+00   100.000  0.145E+03   0.84906E-01   0.00000E+00   0.10000E+00    0.50249E-02   -9.02         test_N_all          
.4200E+00   100.000  0.139E+03   0.79927E-01   0.00000E+00   0.10000E+00    0.50249E-02  -15.96         test_N_all          
.4300E+00   100.000  0.133E+03   0.75117E-01   0.00000E+00   0.10000E+00    0.50249E-02  -24.52         test_N_all          
.4400E+00   100.000  0.128E+03   0.70480E-01   0.00000E+00   0.10000E+00    0.50249E-02  -34.51         test_N_all          
.4500E+00   100.000  0.123E+03   0.66016E-01   0.00000E+00   0.10000E+00    0.50249E-02  -45.74         test_N_all          
.4600E+00   100.000  0.118E+03   0.61730E-01   0.00000E+00   0.10000E+00    0.50249E-02  -58.00         test_N_all          
.4700E+00   100.000  0.114E+03   0.57622E-01   0.00000E+00   0.10000E+00    0.50249E-02  -71.13         test_N_all          
.4800E+00   100.000  0.109E+03   0.53690E-01   0.00000E+00   0.10000E+00    0.50249E-02  -84.93         test_N_all          
.4900E+00   100.000  0.105E+03   0.49938E-01   0.00000E+00   0.10000E+00    0.50249E-02  -99.25         test_N_all          
.5000E+00   100.000  0.101E+03   0.46363E-01   0.00000E+00   0.10000E+00    0.17692E-02 -919.14         test_N_all          
.5100E+00   100.000  0.970E+02   0.42965E-01   0.00000E+00   0.10000E+00    0.50249E-02 -128.83         test_N_all          
.5200E+00   100.000  0.932E+02   0.39741E-01   0.00000E+00   0.10000E+00    0.50249E-02 -143.81         test_N_all          
.5300E+00   100.000  0.896E+02   0.36688E-01   0.00000E+00   0.10000E+00    0.50249E-02 -158.75         test_N_all          
.5400E+00   100.000  0.861E+02   0.33804E-01   0.00000E+00   0.10000E+00    0.50249E-02 -173.54         test_N_all          
.5500E+00   100.000  0.827E+02   0.31085E-01   0.00000E+00   0.10000E+00    0.50249E-02 -188.09         test_N_all          
.5600E+00   100.000  0.795E+02   0.28527E-01   0.00000E+00   0.10000E+00    0.50249E-02 -202.31         test_N_all          
.5700E+00   100.000  0.763E+02   0.26125E-01   0.00000E+00   0.10000E+00    0.50249E-02 -216.14         test_N_all          
.5800E+00   100.000  0.733E+02   0.23875E-01   0.00000E+00   0.10000E+00    0.50249E-02 -229.50         test_N_all          
.5900E+00   100.000  0.704E+02   0.21772E-01   0.00000E+00   0.10000E+00    0.50249E-02 -242.36         test_N_all          
.6000E+00   100.000  0.675E+02   0.19810E-01   0.00000E+00   0.10000E+00    0.17692E-02 *******         test_N_all          
.6100E+00   100.000  0.648E+02   0.17984E-01   0.00000E+00   0.10000E+00    0.50249E-02 -266.40         test_N_all          
.6200E+00   100.000  0.622E+02   0.16287E-01   0.00000E+00   0.10000E+00    0.50249E-02 -277.54         test_N_all          
.6300E+00   100.000  0.596E+02   0.14715E-01   0.00000E+00   0.10000E+00    0.50249E-02 -288.06         test_N_all          
.6400E+00   100.000  0.571E+02   0.13261E-01   0.00000E+00   0.10000E+00    0.50249E-02 -297.96         test_N_all          
.6500E+00   100.000  0.547E+02   0.11920E-01   0.00000E+00   0.10000E+00    0.50249E-02 -307.25         test_N_all          
.6600E+00   100.000  0.524E+02   0.10685E-01   0.00000E+00   0.10000E+00    0.50249E-02 -315.93         test_N_all          
.6700E+00   100.000  0.501E+02   0.95504E-02   0.00000E+00   0.10000E+00    0.50249E-02 -324.00         test_N_all          
.6800E+00   100.000  0.479E+02   0.85112E-02   0.00000E+00   0.10000E+00    0.50249E-02 -331.49         test_N_all          
.6900E+00   100.000  0.458E+02   0.75605E-02   0.00000E+00   0.10000E+00    0.50249E-02 -338.42         test_N_all          
.7000E+00   100.000  0.437E+02   0.66941E-02   0.00000E+00   0.10000E+00    0.17692E-02 *******         test_N_all          
.7100E+00   100.000  0.417E+02   0.59057E-02   0.00000E+00   0.10000E+00    0.50249E-02 -350.64         test_N_all          
.7200E+00   100.000  0.398E+02   0.51903E-02   0.00000E+00   0.10000E+00    0.50249E-02 -355.99         test_N_all          
.7300E+00   100.000  0.379E+02   0.45438E-02   0.00000E+00   0.10000E+00    0.50249E-02 -360.87         test_N_all          
.7400E+00   100.000  0.360E+02   0.39596E-02   0.00000E+00   0.10000E+00    0.50249E-02 -365.30         test_N_all          
.7500E+00   100.000  0.342E+02   0.34349E-02   0.00000E+00   0.10000E+00    0.50249E-02 -369.30         test_N_all          
.7600E+00   100.000  0.325E+02   0.29645E-02   0.00000E+00   0.10000E+00    0.50249E-02 -372.91         test_N_all          
.7700E+00   100.000  0.308E+02   0.25441E-02   0.00000E+00   0.10000E+00    0.50249E-02 -376.14         test_N_all          
.7800E+00   100.000  0.291E+02   0.21708E-02   0.00000E+00   0.10000E+00    0.50249E-02 -379.03         test_N_all          
.7900E+00   100.000  0.275E+02   0.18392E-02   0.00000E+00   0.10000E+00    0.50249E-02 -381.61         test_N_all          
.8000E+00   100.000  0.259E+02   0.15474E-02   0.00000E+00   0.10000E+00    0.17692E-02 *******         test_N_all          
.8100E+00   100.000  0.243E+02   0.12911E-02   0.00000E+00   0.10000E+00    0.50249E-02 -385.88         test_N_all          
.8200E+00   100.000  0.228E+02   0.10676E-02   0.00000E+00   0.10000E+00    0.50249E-02 -387.63         test_N_all          
.8300E+00   100.000  0.214E+02   0.87439E-03   0.00000E+00   0.10000E+00    0.50249E-02 -389.14         test_N_all          
.8400E+00   100.000  0.199E+02   0.70749E-03   0.00000E+00   0.10000E+00    0.50249E-02 -390.46         test_N_all          
.8500E+00   100.000  0.185E+02   0.56538E-03   0.00000E+00   0.10000E+00    0.50249E-02 -391.57         test_N_all          
.8600E+00   100.000  0.172E+02   0.44536E-03   0.00000E+00   0.10000E+00    0.50249E-02 -392.52         test_N_all          
.8700E+00   100.000  0.158E+02   0.34474E-03   0.00000E+00   0.10000E+00    0.50249E-02 -393.31         test_N_all          
.8800E+00   100.000  0.145E+02   0.26204E-03   0.00000E+00   0.10000E+00    0.50249E-02 -393.97         test_N_all          
.8900E+00   100.000  0.132E+02   0.19442E-03   0.00000E+00   0.10000E+00    0.50249E-02 -394.50         test_N_all          
.9000E+00   100.000  0.120E+02   0.14049E-03   0.00000E+00   0.10000E+00    0.17692E-02 *******         test_N_all          
.9100E+00   100.000  0.108E+02   0.98444E-04   0.00000E+00   0.10000E+00    0.50249E-02 -395.26         test_N_all          
.9200E+00   100.000  0.958E+01   0.66069E-04   0.00000E+00   0.10000E+00    0.50249E-02 -395.52         test_N_all          
.9300E+00   100.000  0.841E+01   0.42429E-04   0.00000E+00   0.10000E+00    0.50249E-02 -395.70         test_N_all          
.9400E+00   100.000  0.726E+01   0.25417E-04   0.00000E+00   0.10000E+00    0.50249E-02 -395.84         test_N_all          
.9500E+00   100.000  0.614E+01   0.13956E-04   0.00000E+00   0.10000E+00    0.50249E-02 -395.93         test_N_all          
.9600E+00   100.000  0.505E+01   0.70038E-05   0.00000E+00   0.10000E+00    0.50249E-02 -395.98         test_N_all          
.9700E+00   100.000  0.397E+01   0.27446E-05   0.00000E+00   0.10000E+00    0.50249E-02 -396.02         test_N_all          
.9800E+00   100.000  0.292E+01   0.89785E-06   0.00000E+00   0.10000E+00    0.50249E-02 -396.03         test_N_all          
.9900E+00   100.000  0.189E+01   0.58264E-06   0.00000E+00   0.10000E+00    0.50249E-02 -396.03         test_N_all          
.1000E+01   100.000  0.882E+00   0.76145E-06   0.00000E+00   0.10000E+00    0.50249E-02 -396.03         test_N_all          



 CHI SQUARE=******** FOR  582 POINTS   CHISQ/NPTS=  681.41
 Signed chisquare total =********
 Modified residual =********


Summary normalization chi2 contributions

 data set     normalization        error         chisq


Summary chi2 per data set

 data set                chisq    _w     signd    _w     resid     _w   npts   chisq/pts  _w
test_N_all            396580.0        118279.2        ********           582  681.41
------------------------------------------------------------------------------------
          TOTAL       396580.0396580.0118279.2     0.0****************   582  681.41  681.41
          TOTAL+norm  396580.0396580.0                                   582  681.41  681.41



            Momentum Sum Rule Check


      q2      alphas      xuv       xdv       xub       xdb       xsb       xcb       xbb      xglue     total
      1.69    0.3845    0.3193    0.1358    0.0562    0.0705    0.0253    0.0000    0.0000    0.3931    1.0002
    100.00    0.1784    0.2250    0.0957    0.0654    0.0755    0.0437    0.0259    0.0087    0.4571    0.9972
   1000.00    0.1407    0.0000    0.0000    0.0000    0.0000    0.0000    0.0000    0.0000    0.0000    0.0000
   8315.00    0.1180    0.0000    0.0000    0.0000    0.0000    0.0000    0.0000    0.0000    0.0000    0.0000


 Vector Boson Cross Sections

 sqrt(s)   sigma(W)    error    theory

   1960.     2.865     0.063       0.000     D0

   1960.     2.749     0.054       0.000     CDF

   7000.     9.95      0.29        0.000     CMS

   7000.     9.96      0.55        0.000     ATLAS

 sqrt(s)   sigma(Z)    error    theory

   1960.     .2649     .0094       0.000     D0

   1960.     .2549     .0057       0.000     CDF

   7000.     .931      0.035       0.000     CMS

   7000.     .82       0.08        0.000     ATLAS


 KP off-shell parameters -- N*(x-x0)*(x-x1)*(1+x0-x)

  N =   -2.0528     +-     0.0000    
 x0 =   0.22973     +-     0.0000    
 x1 =   0.22264     +-     0.0000    
