 Correlated errors added in quadrature with statistical errors
 test_N_all           DIS data with   1.69< Q2 < 0.500D+03 and 0.000 < xB < 1.000 and   0.00< W2 < 0.100D+05 and 0.000 < y < 1.000
   GP TMC applied
   no HT corrections

# fitpack15: fit output
# CJ15 AV18 final data choices                                                 

Parametrization  -7 used here

 S-ACOT scheme used  for NC DIS

 charm mass =     1.30 GeV     bottom mass =     4.50 GeV



 THIS IS A NEXT TO LEADING ORDER FIT

 Q02=    1.69
         1  LAMBDA      VALUE=   0.22680      WEIGHT=    0.0000    
         2  a0uv        VALUE=    1.9558      WEIGHT=    0.0000    
         3  a1uv        VALUE=   0.57102      WEIGHT=   0.31866E-01
         4  a2uv        VALUE=    3.5897      WEIGHT=   0.16136E-01
         5  a3uv        VALUE=    0.0000      WEIGHT=    0.0000    
         6  a4uv        VALUE=    4.7383      WEIGHT=   0.89551    
         7  a5uv        VALUE=    0.0000      WEIGHT=    0.0000    
         8  a0dv        VALUE=    23.544      WEIGHT=    0.0000    
         9  a1dv        VALUE=    1.1537      WEIGHT=   0.43547E-01
        10  a2dv        VALUE=    6.3671      WEIGHT=   0.25271    
        11  a3dv        VALUE=   -3.3942      WEIGHT=   0.12889    
        12  a4dv        VALUE=    4.4633      WEIGHT=   0.19616    
        13  a5dv        VALUE=    0.0000      WEIGHT=    0.0000    
        14  a0ud        VALUE=   0.14346      WEIGHT=   0.53901E-02
        15  a1ud        VALUE=  -0.20986      WEIGHT=   0.40226E-02
        16  a2ud        VALUE=    8.7109      WEIGHT=   0.22868    
        17  a3ud        VALUE=    0.0000      WEIGHT=    0.0000    
        18  a4ud        VALUE=    15.750      WEIGHT=    1.5914    
        19  a5ud        VALUE=    0.0000      WEIGHT=    0.0000    
        20  a0du        VALUE=    35712.      WEIGHT=    0.0000    
        21  a1du        VALUE=    4.2124      WEIGHT=   0.13963    
        22  a2du        VALUE=    21.204      WEIGHT=    1.4049    
        23  a3du        VALUE=    17.000      WEIGHT=    0.0000    
        24  a4du        VALUE=    60.441      WEIGHT=    16.225    
        25  a0g         VALUE=    44.788      WEIGHT=    0.0000    
        26  a1g         VALUE=   0.60012      WEIGHT=   0.28628E-01
        27  a2g         VALUE=    5.5307      WEIGHT=   0.72253    
        28  a3g         VALUE=   -3.3699      WEIGHT=   0.11207    
        29  a4g         VALUE=    3.1488      WEIGHT=   0.23312    
        30  a5g         VALUE=    0.0000      WEIGHT=    0.0000    
        31  kappa       VALUE=   0.40000      WEIGHT=    0.0000    
        32  a6dv        VALUE=  -0.18435E-02  WEIGHT=   0.29322E-02
        33  a7dv        VALUE=    2.0000      WEIGHT=    0.0000    
        34  off1        VALUE=  -0.69022E-01  WEIGHT=   0.12417    
        35  off2        VALUE=   -1.2040      WEIGHT=   0.91431    
        36  off3        VALUE=    1.8759      WEIGHT=    1.6747    
        37  ht1         VALUE=   -4.7415      WEIGHT=    1.3904    
        38  ht2         VALUE=    2.3780      WEIGHT=   0.22953    
        39  ht3         VALUE=   -2.1211      WEIGHT=   0.31421E-01
        40  ht4         VALUE=    2.7513      WEIGHT=   0.17865    
        41  dummy41     VALUE=    0.0000      WEIGHT=    0.0000    
        42  dummy42     VALUE=    0.0000      WEIGHT=    0.0000    
        43  dummy43     VALUE=    0.0000      WEIGHT=    0.0000    
        44  dummy44     VALUE=    0.0000      WEIGHT=    0.0000    
        45  dummy45     VALUE=    0.0000      WEIGHT=    0.0000    
        46  dummy46     VALUE=    0.0000      WEIGHT=    0.0000    
        47  dummy47     VALUE=    0.0000      WEIGHT=    0.0000    
        48  dummy48     VALUE=    0.0000      WEIGHT=    0.0000    
        49  dummy49     VALUE=    0.0000      WEIGHT=    0.0000    
        50  bcdmsh2     VALUE=   0.97144      WEIGHT=   0.49280E-02
        51  bcdmsd2     VALUE=   0.99435      WEIGHT=   0.59157E-02
        52  ccfr        VALUE=    1.0000      WEIGHT=    0.0000    
        53  nutev       VALUE=    1.0000      WEIGHT=    0.0000    
        54  zeus        VALUE=   0.97998      WEIGHT=    0.0000    
        55  h1          VALUE=    1.0162      WEIGHT=    0.0000    
        56  e605        VALUE=    1.0319      WEIGHT=    0.0000    
        57  NmcH2       VALUE=    1.0070      WEIGHT=   0.71645E-02
        58  ntv_nu      VALUE=    1.0000      WEIGHT=    0.0000    
        59  ntv_nuba    VALUE=    1.0000      WEIGHT=    0.0000    
        60  cdf_jet     VALUE=   0.98910      WEIGHT=    0.0000    
        61  d0_jet      VALUE=   0.83504      WEIGHT=    0.0000    
        62  slac_p      VALUE=    1.0026      WEIGHT=   0.49768E-02
        63  slac_d      VALUE=    1.0025      WEIGHT=   0.53981E-02
        64  e866pp      VALUE=   0.98328      WEIGHT=   0.23402E-01
        65  e866pd      VALUE=   0.94345      WEIGHT=   0.19163E-01
        66  d0_gamje    VALUE=    1.0422      WEIGHT=   0.16618E-01
        67  h1b         VALUE=   0.97608      WEIGHT=    0.0000    
        68  jlab_p      VALUE=   0.98649      WEIGHT=   0.58892E-02
        69  jlab_d      VALUE=   0.97732      WEIGHT=   0.60968E-02
        70  blank       VALUE=    1.0000      WEIGHT=    0.0000    
        71  d0run2      VALUE=   0.95102      WEIGHT=   0.15488E-01
        72  cdfrun2     VALUE=   0.93677      WEIGHT=   0.17847E-01
        73  HERA_el     VALUE=    1.0000      WEIGHT=    0.0000    
        74  HERA_ps     VALUE=    1.0000      WEIGHT=    0.0000    
        75  CDF_Z       VALUE=   0.95533      WEIGHT=   0.68804E-02
        76  NmcRat      VALUE=    1.0000      WEIGHT=    0.0000    
        77  BNS_F2nd    VALUE=   0.94801      WEIGHT=   0.87928E-02
        78  HERMES_F    VALUE=   0.99536      WEIGHT=   0.56826E-02
        79  HERMES_F    VALUE=   0.97862      WEIGHT=   0.58991E-02
0THE TOLERANCE IS    0.1000
 THE MAXIMUM NUMBER OF STEPS IS 100
0THE INITIAL CHI SQUARED IS  3.93758E+05



     X        Q2         W2       THEORY        error         DATA           ERROR        chi^2     _w    ITYPE
.1000E-01     2.000  0.199E+03   0.34026E+00   0.00000E+00   0.10000E+00    0.50249E-02 2286.16         test_N_all          
.2000E-01     2.000  0.989E+02   0.31727E+00   0.00000E+00   0.10000E+00    0.50249E-02 1869.54         test_N_all          
.3000E-01     2.000  0.655E+02   0.30814E+00   0.00000E+00   0.10000E+00    0.50249E-02 1715.68         test_N_all          
.4000E-01     2.000  0.489E+02   0.30573E+00   0.00000E+00   0.10000E+00    0.50249E-02 1676.27         test_N_all          
.5000E-01     2.000  0.389E+02   0.30468E+00   0.00000E+00   0.10000E+00    0.50249E-02 1659.22         test_N_all          
.6000E-01     2.000  0.322E+02   0.30501E+00   0.00000E+00   0.10000E+00    0.50249E-02 1664.48         test_N_all          
.7000E-01     2.000  0.275E+02   0.30552E+00   0.00000E+00   0.10000E+00    0.50249E-02 1672.89         test_N_all          
.8000E-01     2.000  0.239E+02   0.30594E+00   0.00000E+00   0.10000E+00    0.50249E-02 1679.63         test_N_all          
.9000E-01     2.000  0.211E+02   0.30601E+00   0.00000E+00   0.10000E+00    0.50249E-02 1680.72         test_N_all          
.1000E+00     2.000  0.189E+02   0.30556E+00   0.00000E+00   0.10000E+00    0.50249E-02 1673.45         test_N_all          
.1100E+00     2.000  0.171E+02   0.30452E+00   0.00000E+00   0.10000E+00    0.50249E-02 1656.63         test_N_all          
.1200E+00     2.000  0.155E+02   0.30285E+00   0.00000E+00   0.10000E+00    0.50249E-02 1629.61         test_N_all          
.1300E+00     2.000  0.143E+02   0.30056E+00   0.00000E+00   0.10000E+00    0.50249E-02 1592.97         test_N_all          
.1400E+00     2.000  0.132E+02   0.29773E+00   0.00000E+00   0.10000E+00    0.50249E-02 1548.39         test_N_all          
.1500E+00     2.000  0.122E+02   0.29434E+00   0.00000E+00   0.10000E+00    0.50249E-02 1495.75         test_N_all          
.1600E+00     2.000  0.114E+02   0.29053E+00   0.00000E+00   0.10000E+00    0.50249E-02 1437.69         test_N_all          
.1700E+00     2.000  0.106E+02   0.28633E+00   0.00000E+00   0.10000E+00    0.50249E-02 1375.05         test_N_all          
.1800E+00     2.000  0.999E+01   0.28178E+00   0.00000E+00   0.10000E+00    0.50249E-02 1308.70         test_N_all          
.1900E+00     2.000  0.941E+01   0.27702E+00   0.00000E+00   0.10000E+00    0.50249E-02 1240.99         test_N_all          
.2000E+00     2.000  0.888E+01   0.27201E+00   0.00000E+00   0.10000E+00    0.50249E-02 1171.84         test_N_all          
.2100E+00     2.000  0.841E+01   0.26685E+00   0.00000E+00   0.10000E+00    0.50249E-02 1102.47         test_N_all          
.2200E+00     2.000  0.797E+01   0.26156E+00   0.00000E+00   0.10000E+00    0.50249E-02 1033.72         test_N_all          
.2300E+00     2.000  0.758E+01   0.25615E+00   0.00000E+00   0.10000E+00    0.50249E-02  965.64         test_N_all          
.2400E+00     2.000  0.722E+01   0.25068E+00   0.00000E+00   0.10000E+00    0.50249E-02  899.18         test_N_all          
.2500E+00     2.000  0.688E+01   0.24514E+00   0.00000E+00   0.10000E+00    0.50249E-02  834.31         test_N_all          
.2600E+00     2.000  0.657E+01   0.23955E+00   0.00000E+00   0.10000E+00    0.50249E-02  771.24         test_N_all          
.2700E+00     2.000  0.629E+01   0.23392E+00   0.00000E+00   0.10000E+00    0.50249E-02  710.27         test_N_all          
.2800E+00     2.000  0.602E+01   0.22825E+00   0.00000E+00   0.10000E+00    0.50249E-02  651.45         test_N_all          
.2900E+00     2.000  0.578E+01   0.22256E+00   0.00000E+00   0.10000E+00    0.50249E-02  594.86         test_N_all          
.3000E+00     2.000  0.555E+01   0.21683E+00   0.00000E+00   0.10000E+00    0.18868E-02 3834.11         test_N_all          
.3100E+00     2.000  0.533E+01   0.21108E+00   0.00000E+00   0.10000E+00    0.50249E-02  488.69         test_N_all          
.3200E+00     2.000  0.513E+01   0.20531E+00   0.00000E+00   0.10000E+00    0.50249E-02  439.20         test_N_all          
.3300E+00     2.000  0.494E+01   0.19951E+00   0.00000E+00   0.10000E+00    0.50249E-02  392.20         test_N_all          
.3400E+00     2.000  0.476E+01   0.19371E+00   0.00000E+00   0.10000E+00    0.50249E-02  347.78         test_N_all          
.3500E+00     2.000  0.460E+01   0.18789E+00   0.00000E+00   0.10000E+00    0.50249E-02  305.91         test_N_all          
.3600E+00     2.000  0.444E+01   0.18206E+00   0.00000E+00   0.10000E+00    0.50249E-02  266.69         test_N_all          
.3700E+00     2.000  0.429E+01   0.17624E+00   0.00000E+00   0.10000E+00    0.50249E-02  230.21         test_N_all          
.3800E+00     2.000  0.414E+01   0.17042E+00   0.00000E+00   0.10000E+00    0.50249E-02  196.42         test_N_all          
.3900E+00     2.000  0.401E+01   0.16463E+00   0.00000E+00   0.10000E+00    0.50249E-02  165.41         test_N_all          
.4000E+00     2.000  0.388E+01   0.15886E+00   0.00000E+00   0.10000E+00    0.17692E-02 1106.87         test_N_all          
.4100E+00     2.000  0.376E+01   0.15313E+00   0.00000E+00   0.10000E+00    0.50249E-02  111.78         test_N_all          
.4200E+00     2.000  0.364E+01   0.14744E+00   0.00000E+00   0.10000E+00    0.50249E-02   89.14         test_N_all          
.4300E+00     2.000  0.353E+01   0.14181E+00   0.00000E+00   0.10000E+00    0.50249E-02   69.24         test_N_all          
.4400E+00     2.000  0.343E+01   0.13625E+00   0.00000E+00   0.10000E+00    0.50249E-02   52.05         test_N_all          
.4500E+00     2.000  0.333E+01   0.13077E+00   0.00000E+00   0.10000E+00    0.50249E-02   37.50         test_N_all          
.4600E+00     2.000  0.323E+01   0.12537E+00   0.00000E+00   0.10000E+00    0.50249E-02   25.50         test_N_all          
.4700E+00     2.000  0.314E+01   0.12007E+00   0.00000E+00   0.10000E+00    0.50249E-02   15.96         test_N_all          
.4800E+00     2.000  0.305E+01   0.11488E+00   0.00000E+00   0.10000E+00    0.50249E-02    8.77         test_N_all          
.4900E+00     2.000  0.296E+01   0.10979E+00   0.00000E+00   0.10000E+00    0.50249E-02    3.80         test_N_all          
.5000E+00     2.000  0.288E+01   0.10483E+00   0.00000E+00   0.10000E+00    0.17692E-02    7.45         test_N_all          
.5100E+00     2.000  0.280E+01   0.99991E-01   0.00000E+00   0.10000E+00    0.50249E-02   -0.00         test_N_all          
.5200E+00     2.000  0.273E+01   0.95281E-01   0.00000E+00   0.10000E+00    0.50249E-02   -0.88         test_N_all          
.5300E+00     2.000  0.266E+01   0.90705E-01   0.00000E+00   0.10000E+00    0.50249E-02   -3.42         test_N_all          
.5400E+00     2.000  0.259E+01   0.86272E-01   0.00000E+00   0.10000E+00    0.50249E-02   -7.46         test_N_all          
.5500E+00     2.000  0.252E+01   0.81980E-01   0.00000E+00   0.10000E+00    0.50249E-02  -12.86         test_N_all          
.5600E+00     2.000  0.245E+01   0.77830E-01   0.00000E+00   0.10000E+00    0.50249E-02  -19.47         test_N_all          
.5700E+00     2.000  0.239E+01   0.73827E-01   0.00000E+00   0.10000E+00    0.50249E-02  -27.13         test_N_all          
.5800E+00     2.000  0.233E+01   0.69973E-01   0.00000E+00   0.10000E+00    0.50249E-02  -35.71         test_N_all          
.5900E+00     2.000  0.227E+01   0.66264E-01   0.00000E+00   0.10000E+00    0.50249E-02  -45.07         test_N_all          
.6000E+00     2.000  0.222E+01   0.62699E-01   0.00000E+00   0.10000E+00    0.17692E-02 -444.53         test_N_all          
.6100E+00     2.000  0.216E+01   0.59283E-01   0.00000E+00   0.10000E+00    0.50249E-02  -65.66         test_N_all          
.6200E+00     2.000  0.211E+01   0.56011E-01   0.00000E+00   0.10000E+00    0.50249E-02  -76.64         test_N_all          
.6300E+00     2.000  0.206E+01   0.52878E-01   0.00000E+00   0.10000E+00    0.50249E-02  -87.94         test_N_all          
.6400E+00     2.000  0.201E+01   0.49886E-01   0.00000E+00   0.10000E+00    0.50249E-02  -99.46         test_N_all          
.6500E+00     2.000  0.196E+01   0.47032E-01   0.00000E+00   0.10000E+00    0.50249E-02 -111.11         test_N_all          
.6600E+00     2.000  0.191E+01   0.44311E-01   0.00000E+00   0.10000E+00    0.50249E-02 -122.82         test_N_all          
.6700E+00     2.000  0.187E+01   0.41719E-01   0.00000E+00   0.10000E+00    0.50249E-02 -134.52         test_N_all          
.6800E+00     2.000  0.182E+01   0.39254E-01   0.00000E+00   0.10000E+00    0.50249E-02 -146.14         test_N_all          
.6900E+00     2.000  0.178E+01   0.36914E-01   0.00000E+00   0.10000E+00    0.50249E-02 -157.62         test_N_all          
.7000E+00     2.000  0.174E+01   0.34693E-01   0.00000E+00   0.10000E+00    0.17692E-02 *******         test_N_all          
.7100E+00     2.000  0.170E+01   0.32585E-01   0.00000E+00   0.10000E+00    0.50249E-02 -179.99         test_N_all          
.7200E+00     2.000  0.166E+01   0.30589E-01   0.00000E+00   0.10000E+00    0.50249E-02 -190.81         test_N_all          
.7300E+00     2.000  0.162E+01   0.28700E-01   0.00000E+00   0.10000E+00    0.50249E-02 -201.33         test_N_all          
.7400E+00     2.000  0.158E+01   0.26914E-01   0.00000E+00   0.10000E+00    0.50249E-02 -211.55         test_N_all          
.7500E+00     2.000  0.155E+01   0.25226E-01   0.00000E+00   0.10000E+00    0.50249E-02 -221.43         test_N_all          
.7600E+00     2.000  0.151E+01   0.23631E-01   0.00000E+00   0.10000E+00    0.50249E-02 -230.98         test_N_all          
.7700E+00     2.000  0.148E+01   0.22129E-01   0.00000E+00   0.10000E+00    0.50249E-02 -240.16         test_N_all          
.7800E+00     2.000  0.145E+01   0.20712E-01   0.00000E+00   0.10000E+00    0.50249E-02 -248.98         test_N_all          
.7900E+00     2.000  0.141E+01   0.19376E-01   0.00000E+00   0.10000E+00    0.50249E-02 -257.43         test_N_all          
.8000E+00     2.000  0.138E+01   0.18119E-01   0.00000E+00   0.10000E+00    0.17692E-02 *******         test_N_all          
.8100E+00     2.000  0.135E+01   0.16937E-01   0.00000E+00   0.10000E+00    0.50249E-02 -273.25         test_N_all          
.8200E+00     2.000  0.132E+01   0.15825E-01   0.00000E+00   0.10000E+00    0.50249E-02 -280.61         test_N_all          
.8300E+00     2.000  0.129E+01   0.14780E-01   0.00000E+00   0.10000E+00    0.50249E-02 -287.62         test_N_all          
.8400E+00     2.000  0.126E+01   0.13799E-01   0.00000E+00   0.10000E+00    0.50249E-02 -294.28         test_N_all          
.8500E+00     2.000  0.123E+01   0.12878E-01   0.00000E+00   0.10000E+00    0.50249E-02 -300.61         test_N_all          
.8600E+00     2.000  0.121E+01   0.12014E-01   0.00000E+00   0.10000E+00    0.50249E-02 -306.60         test_N_all          
.8700E+00     2.000  0.118E+01   0.11204E-01   0.00000E+00   0.10000E+00    0.50249E-02 -312.27         test_N_all          
.8800E+00     2.000  0.115E+01   0.10445E-01   0.00000E+00   0.10000E+00    0.50249E-02 -317.63         test_N_all          
.8900E+00     2.000  0.113E+01   0.97334E-02   0.00000E+00   0.10000E+00    0.50249E-02 -322.70         test_N_all          
.9000E+00     2.000  0.110E+01   0.90674E-02   0.00000E+00   0.10000E+00    0.17692E-02 *******         test_N_all          
.9100E+00     2.000  0.108E+01   0.84441E-02   0.00000E+00   0.10000E+00    0.50249E-02 -331.98         test_N_all          
.9200E+00     2.000  0.106E+01   0.78610E-02   0.00000E+00   0.10000E+00    0.50249E-02 -336.22         test_N_all          
.9300E+00     2.000  0.103E+01   0.73157E-02   0.00000E+00   0.10000E+00    0.50249E-02 -340.21         test_N_all          
.9400E+00     2.000  0.101E+01   0.68060E-02   0.00000E+00   0.10000E+00    0.50249E-02 -343.97         test_N_all          
.9500E+00     2.000  0.987E+00   0.63296E-02   0.00000E+00   0.10000E+00    0.50249E-02 -347.49         test_N_all          
.9600E+00     2.000  0.965E+00   0.58845E-02   0.00000E+00   0.10000E+00    0.50249E-02 -350.80         test_N_all          
.9700E+00     2.000  0.944E+00   0.54688E-02   0.00000E+00   0.10000E+00    0.50249E-02 -353.91         test_N_all          
.9800E+00     2.000  0.923E+00   0.50809E-02   0.00000E+00   0.10000E+00    0.50249E-02 -356.82         test_N_all          
.9900E+00     2.000  0.902E+00   0.47190E-02   0.00000E+00   0.10000E+00    0.50249E-02 -359.54         test_N_all          
.1000E+01     2.000  0.882E+00   0.43814E-02   0.00000E+00   0.10000E+00    0.50249E-02 -362.10         test_N_all          
.1000E-01     5.000  0.496E+03   0.44689E+00   0.00000E+00   0.10000E+00    0.50249E-02 4765.70         test_N_all          
.2000E-01     5.000  0.246E+03   0.39585E+00   0.00000E+00   0.10000E+00    0.50249E-02 3466.48         test_N_all          
.3000E-01     5.000  0.163E+03   0.37095E+00   0.00000E+00   0.10000E+00    0.50249E-02 2907.47         test_N_all          
.4000E-01     5.000  0.121E+03   0.35843E+00   0.00000E+00   0.10000E+00    0.50249E-02 2644.99         test_N_all          
.5000E-01     5.000  0.959E+02   0.34854E+00   0.00000E+00   0.10000E+00    0.50249E-02 2446.49         test_N_all          
.6000E-01     5.000  0.792E+02   0.34175E+00   0.00000E+00   0.10000E+00    0.50249E-02 2314.63         test_N_all          
.7000E-01     5.000  0.673E+02   0.33569E+00   0.00000E+00   0.10000E+00    0.50249E-02 2199.97         test_N_all          
.8000E-01     5.000  0.584E+02   0.33034E+00   0.00000E+00   0.10000E+00    0.50249E-02 2101.33         test_N_all          
.9000E-01     5.000  0.514E+02   0.32506E+00   0.00000E+00   0.10000E+00    0.50249E-02 2006.11         test_N_all          
.1000E+00     5.000  0.459E+02   0.31981E+00   0.00000E+00   0.10000E+00    0.50249E-02 1913.54         test_N_all          
.1100E+00     5.000  0.413E+02   0.31437E+00   0.00000E+00   0.10000E+00    0.50249E-02 1819.95         test_N_all          
.1200E+00     5.000  0.375E+02   0.30879E+00   0.00000E+00   0.10000E+00    0.50249E-02 1726.44         test_N_all          
.1300E+00     5.000  0.343E+02   0.30301E+00   0.00000E+00   0.10000E+00    0.50249E-02 1632.15         test_N_all          
.1400E+00     5.000  0.316E+02   0.29702E+00   0.00000E+00   0.10000E+00    0.50249E-02 1537.32         test_N_all          
.1500E+00     5.000  0.292E+02   0.29087E+00   0.00000E+00   0.10000E+00    0.50249E-02 1442.75         test_N_all          
.1600E+00     5.000  0.271E+02   0.28460E+00   0.00000E+00   0.10000E+00    0.50249E-02 1349.61         test_N_all          
.1700E+00     5.000  0.253E+02   0.27824E+00   0.00000E+00   0.10000E+00    0.50249E-02 1258.24         test_N_all          
.1800E+00     5.000  0.237E+02   0.27183E+00   0.00000E+00   0.10000E+00    0.50249E-02 1169.26         test_N_all          
.1900E+00     5.000  0.222E+02   0.26539E+00   0.00000E+00   0.10000E+00    0.50249E-02 1083.37         test_N_all          
.2000E+00     5.000  0.209E+02   0.25895E+00   0.00000E+00   0.10000E+00    0.50249E-02 1000.56         test_N_all          
.2100E+00     5.000  0.197E+02   0.25252E+00   0.00000E+00   0.10000E+00    0.50249E-02  921.25         test_N_all          
.2200E+00     5.000  0.186E+02   0.24611E+00   0.00000E+00   0.10000E+00    0.50249E-02  845.51         test_N_all          
.2300E+00     5.000  0.176E+02   0.23975E+00   0.00000E+00   0.10000E+00    0.50249E-02  773.42         test_N_all          
.2400E+00     5.000  0.167E+02   0.23341E+00   0.00000E+00   0.10000E+00    0.50249E-02  704.91         test_N_all          
.2500E+00     5.000  0.159E+02   0.22711E+00   0.00000E+00   0.10000E+00    0.50249E-02  639.92         test_N_all          
.2600E+00     5.000  0.151E+02   0.22084E+00   0.00000E+00   0.10000E+00    0.50249E-02  578.34         test_N_all          
.2700E+00     5.000  0.144E+02   0.21460E+00   0.00000E+00   0.10000E+00    0.50249E-02  520.14         test_N_all          
.2800E+00     5.000  0.137E+02   0.20839E+00   0.00000E+00   0.10000E+00    0.50249E-02  465.26         test_N_all          
.2900E+00     5.000  0.131E+02   0.20219E+00   0.00000E+00   0.10000E+00    0.50249E-02  413.55         test_N_all          
.3000E+00     5.000  0.125E+02   0.19601E+00   0.00000E+00   0.10000E+00    0.18868E-02 2589.11         test_N_all          
.3100E+00     5.000  0.120E+02   0.18984E+00   0.00000E+00   0.10000E+00    0.50249E-02  319.67         test_N_all          
.3200E+00     5.000  0.115E+02   0.18369E+00   0.00000E+00   0.10000E+00    0.50249E-02  277.37         test_N_all          
.3300E+00     5.000  0.110E+02   0.17755E+00   0.00000E+00   0.10000E+00    0.50249E-02  238.19         test_N_all          
.3400E+00     5.000  0.106E+02   0.17143E+00   0.00000E+00   0.10000E+00    0.50249E-02  202.05         test_N_all          
.3500E+00     5.000  0.102E+02   0.16532E+00   0.00000E+00   0.10000E+00    0.50249E-02  168.98         test_N_all          
.3600E+00     5.000  0.977E+01   0.15924E+00   0.00000E+00   0.10000E+00    0.50249E-02  138.99         test_N_all          
.3700E+00     5.000  0.940E+01   0.15319E+00   0.00000E+00   0.10000E+00    0.50249E-02  112.03         test_N_all          
.3800E+00     5.000  0.904E+01   0.14717E+00   0.00000E+00   0.10000E+00    0.50249E-02   88.12         test_N_all          
.3900E+00     5.000  0.870E+01   0.14120E+00   0.00000E+00   0.10000E+00    0.50249E-02   67.23         test_N_all          
.4000E+00     5.000  0.838E+01   0.13529E+00   0.00000E+00   0.10000E+00    0.17692E-02  397.85         test_N_all          
.4100E+00     5.000  0.808E+01   0.12944E+00   0.00000E+00   0.10000E+00    0.50249E-02   34.32         test_N_all          
.4200E+00     5.000  0.779E+01   0.12367E+00   0.00000E+00   0.10000E+00    0.50249E-02   22.18         test_N_all          
.4300E+00     5.000  0.751E+01   0.11798E+00   0.00000E+00   0.10000E+00    0.50249E-02   12.80         test_N_all          
.4400E+00     5.000  0.725E+01   0.11238E+00   0.00000E+00   0.10000E+00    0.50249E-02    6.07         test_N_all          
.4500E+00     5.000  0.699E+01   0.10689E+00   0.00000E+00   0.10000E+00    0.50249E-02    1.88         test_N_all          
.4600E+00     5.000  0.675E+01   0.10152E+00   0.00000E+00   0.10000E+00    0.50249E-02    0.09         test_N_all          
.4700E+00     5.000  0.652E+01   0.96267E-01   0.00000E+00   0.10000E+00    0.50249E-02   -0.55         test_N_all          
.4800E+00     5.000  0.630E+01   0.91150E-01   0.00000E+00   0.10000E+00    0.50249E-02   -3.10         test_N_all          
.4900E+00     5.000  0.609E+01   0.86170E-01   0.00000E+00   0.10000E+00    0.50249E-02   -7.57         test_N_all          
.5000E+00     5.000  0.588E+01   0.81336E-01   0.00000E+00   0.10000E+00    0.17692E-02 -111.29         test_N_all          
.5100E+00     5.000  0.569E+01   0.76657E-01   0.00000E+00   0.10000E+00    0.50249E-02  -21.58         test_N_all          
.5200E+00     5.000  0.550E+01   0.72131E-01   0.00000E+00   0.10000E+00    0.50249E-02  -30.76         test_N_all          
.5300E+00     5.000  0.532E+01   0.67768E-01   0.00000E+00   0.10000E+00    0.50249E-02  -41.14         test_N_all          
.5400E+00     5.000  0.514E+01   0.63571E-01   0.00000E+00   0.10000E+00    0.50249E-02  -52.56         test_N_all          
.5500E+00     5.000  0.497E+01   0.59538E-01   0.00000E+00   0.10000E+00    0.50249E-02  -64.84         test_N_all          
.5600E+00     5.000  0.481E+01   0.55675E-01   0.00000E+00   0.10000E+00    0.50249E-02  -77.81         test_N_all          
.5700E+00     5.000  0.465E+01   0.51981E-01   0.00000E+00   0.10000E+00    0.50249E-02  -91.32         test_N_all          
.5800E+00     5.000  0.450E+01   0.48454E-01   0.00000E+00   0.10000E+00    0.50249E-02 -105.23         test_N_all          
.5900E+00     5.000  0.436E+01   0.45097E-01   0.00000E+00   0.10000E+00    0.50249E-02 -119.38         test_N_all          
.6000E+00     5.000  0.422E+01   0.41907E-01   0.00000E+00   0.10000E+00    0.17692E-02 *******         test_N_all          
.6100E+00     5.000  0.408E+01   0.38879E-01   0.00000E+00   0.10000E+00    0.50249E-02 -147.95         test_N_all          
.6200E+00     5.000  0.395E+01   0.36014E-01   0.00000E+00   0.10000E+00    0.50249E-02 -162.15         test_N_all          
.6300E+00     5.000  0.382E+01   0.33308E-01   0.00000E+00   0.10000E+00    0.50249E-02 -176.15         test_N_all          
.6400E+00     5.000  0.369E+01   0.30754E-01   0.00000E+00   0.10000E+00    0.50249E-02 -189.90         test_N_all          
.6500E+00     5.000  0.357E+01   0.28352E-01   0.00000E+00   0.10000E+00    0.50249E-02 -203.30         test_N_all          
.6600E+00     5.000  0.346E+01   0.26096E-01   0.00000E+00   0.10000E+00    0.50249E-02 -216.31         test_N_all          
.6700E+00     5.000  0.334E+01   0.23979E-01   0.00000E+00   0.10000E+00    0.50249E-02 -228.88         test_N_all          
.6800E+00     5.000  0.323E+01   0.21999E-01   0.00000E+00   0.10000E+00    0.50249E-02 -240.95         test_N_all          
.6900E+00     5.000  0.313E+01   0.20150E-01   0.00000E+00   0.10000E+00    0.50249E-02 -252.52         test_N_all          
.7000E+00     5.000  0.302E+01   0.18425E-01   0.00000E+00   0.10000E+00    0.17692E-02 *******         test_N_all          
.7100E+00     5.000  0.292E+01   0.16820E-01   0.00000E+00   0.10000E+00    0.50249E-02 -274.02         test_N_all          
.7200E+00     5.000  0.283E+01   0.15329E-01   0.00000E+00   0.10000E+00    0.50249E-02 -283.93         test_N_all          
.7300E+00     5.000  0.273E+01   0.13946E-01   0.00000E+00   0.10000E+00    0.50249E-02 -293.28         test_N_all          
.7400E+00     5.000  0.264E+01   0.12666E-01   0.00000E+00   0.10000E+00    0.50249E-02 -302.07         test_N_all          
.7500E+00     5.000  0.255E+01   0.11484E-01   0.00000E+00   0.10000E+00    0.50249E-02 -310.30         test_N_all          
.7600E+00     5.000  0.246E+01   0.10393E-01   0.00000E+00   0.10000E+00    0.50249E-02 -318.00         test_N_all          
.7700E+00     5.000  0.238E+01   0.93883E-02   0.00000E+00   0.10000E+00    0.50249E-02 -325.17         test_N_all          
.7800E+00     5.000  0.229E+01   0.84648E-02   0.00000E+00   0.10000E+00    0.50249E-02 -331.83         test_N_all          
.7900E+00     5.000  0.221E+01   0.76177E-02   0.00000E+00   0.10000E+00    0.50249E-02 -338.00         test_N_all          
.8000E+00     5.000  0.213E+01   0.68423E-02   0.00000E+00   0.10000E+00    0.17692E-02 *******         test_N_all          
.8100E+00     5.000  0.205E+01   0.61327E-02   0.00000E+00   0.10000E+00    0.50249E-02 -348.95         test_N_all          
.8200E+00     5.000  0.198E+01   0.54853E-02   0.00000E+00   0.10000E+00    0.50249E-02 -353.78         test_N_all          
.8300E+00     5.000  0.191E+01   0.48960E-02   0.00000E+00   0.10000E+00    0.50249E-02 -358.21         test_N_all          
.8400E+00     5.000  0.183E+01   0.43597E-02   0.00000E+00   0.10000E+00    0.50249E-02 -362.26         test_N_all          
.8500E+00     5.000  0.176E+01   0.38730E-02   0.00000E+00   0.10000E+00    0.50249E-02 -365.96         test_N_all          
.8600E+00     5.000  0.170E+01   0.34325E-02   0.00000E+00   0.10000E+00    0.50249E-02 -369.32         test_N_all          
.8700E+00     5.000  0.163E+01   0.30346E-02   0.00000E+00   0.10000E+00    0.50249E-02 -372.37         test_N_all          
.8800E+00     5.000  0.156E+01   0.26747E-02   0.00000E+00   0.10000E+00    0.50249E-02 -375.14         test_N_all          
.8900E+00     5.000  0.150E+01   0.23510E-02   0.00000E+00   0.10000E+00    0.50249E-02 -377.64         test_N_all          
.9000E+00     5.000  0.144E+01   0.20608E-02   0.00000E+00   0.10000E+00    0.17692E-02 *******         test_N_all          
.9100E+00     5.000  0.138E+01   0.17998E-02   0.00000E+00   0.10000E+00    0.50249E-02 -381.91         test_N_all          
.9200E+00     5.000  0.132E+01   0.15666E-02   0.00000E+00   0.10000E+00    0.50249E-02 -383.73         test_N_all          
.9300E+00     5.000  0.126E+01   0.13588E-02   0.00000E+00   0.10000E+00    0.50249E-02 -385.35         test_N_all          
.9400E+00     5.000  0.120E+01   0.11743E-02   0.00000E+00   0.10000E+00    0.50249E-02 -386.79         test_N_all          
.9500E+00     5.000  0.114E+01   0.10098E-02   0.00000E+00   0.10000E+00    0.50249E-02 -388.08         test_N_all          
.9600E+00     5.000  0.109E+01   0.86453E-03   0.00000E+00   0.10000E+00    0.50249E-02 -389.22         test_N_all          
.9700E+00     5.000  0.104E+01   0.73679E-03   0.00000E+00   0.10000E+00    0.50249E-02 -390.23         test_N_all          
.9800E+00     5.000  0.984E+00   0.62447E-03   0.00000E+00   0.10000E+00    0.50249E-02 -391.11         test_N_all          
.9900E+00     5.000  0.932E+00   0.52574E-03   0.00000E+00   0.10000E+00    0.50249E-02 -391.89         test_N_all          
.1000E+01     5.000  0.882E+00   0.43989E-03   0.00000E+00   0.10000E+00    0.50249E-02 -392.56         test_N_all          
.1000E-01    10.000  0.991E+03   0.52690E+00   0.00000E+00   0.10000E+00    0.50249E-02 7217.67         test_N_all          
.2000E-01    10.000  0.491E+03   0.45192E+00   0.00000E+00   0.10000E+00    0.50249E-02 4904.84         test_N_all          
.3000E-01    10.000  0.324E+03   0.41319E+00   0.00000E+00   0.10000E+00    0.50249E-02 3884.59         test_N_all          
.4000E-01    10.000  0.241E+03   0.39226E+00   0.00000E+00   0.10000E+00    0.50249E-02 3382.88         test_N_all          
.5000E-01    10.000  0.191E+03   0.37505E+00   0.00000E+00   0.10000E+00    0.50249E-02 2996.23         test_N_all          
.6000E-01    10.000  0.158E+03   0.36287E+00   0.00000E+00   0.10000E+00    0.50249E-02 2736.65         test_N_all          
.7000E-01    10.000  0.134E+03   0.35199E+00   0.00000E+00   0.10000E+00    0.50249E-02 2514.90         test_N_all          
.8000E-01    10.000  0.116E+03   0.34268E+00   0.00000E+00   0.10000E+00    0.50249E-02 2332.49         test_N_all          
.9000E-01    10.000  0.102E+03   0.33389E+00   0.00000E+00   0.10000E+00    0.50249E-02 2166.47         test_N_all          
.1000E+00    10.000  0.909E+02   0.32565E+00   0.00000E+00   0.10000E+00    0.50249E-02 2016.48         test_N_all          
.1100E+00    10.000  0.818E+02   0.31749E+00   0.00000E+00   0.10000E+00    0.50249E-02 1873.32         test_N_all          
.1200E+00    10.000  0.742E+02   0.30962E+00   0.00000E+00   0.10000E+00    0.50249E-02 1740.21         test_N_all          
.1300E+00    10.000  0.678E+02   0.30185E+00   0.00000E+00   0.10000E+00    0.50249E-02 1613.63         test_N_all          
.1400E+00    10.000  0.623E+02   0.29411E+00   0.00000E+00   0.10000E+00    0.50249E-02 1492.26         test_N_all          
.1500E+00    10.000  0.575E+02   0.28645E+00   0.00000E+00   0.10000E+00    0.50249E-02 1376.76         test_N_all          
.1600E+00    10.000  0.534E+02   0.27885E+00   0.00000E+00   0.10000E+00    0.50249E-02 1266.82         test_N_all          
.1700E+00    10.000  0.497E+02   0.27133E+00   0.00000E+00   0.10000E+00    0.50249E-02 1162.54         test_N_all          
.1800E+00    10.000  0.464E+02   0.26390E+00   0.00000E+00   0.10000E+00    0.50249E-02 1063.92         test_N_all          
.1900E+00    10.000  0.435E+02   0.25657E+00   0.00000E+00   0.10000E+00    0.50249E-02  970.91         test_N_all          
.2000E+00    10.000  0.409E+02   0.24935E+00   0.00000E+00   0.10000E+00    0.50249E-02  883.35         test_N_all          
.2100E+00    10.000  0.385E+02   0.24223E+00   0.00000E+00   0.10000E+00    0.50249E-02  801.12         test_N_all          
.2200E+00    10.000  0.363E+02   0.23521E+00   0.00000E+00   0.10000E+00    0.50249E-02  723.99         test_N_all          
.2300E+00    10.000  0.344E+02   0.22829E+00   0.00000E+00   0.10000E+00    0.50249E-02  651.78         test_N_all          
.2400E+00    10.000  0.325E+02   0.22146E+00   0.00000E+00   0.10000E+00    0.50249E-02  584.22         test_N_all          
.2500E+00    10.000  0.309E+02   0.21471E+00   0.00000E+00   0.10000E+00    0.50249E-02  521.17         test_N_all          
.2600E+00    10.000  0.293E+02   0.20805E+00   0.00000E+00   0.10000E+00    0.50249E-02  462.33         test_N_all          
.2700E+00    10.000  0.279E+02   0.20145E+00   0.00000E+00   0.10000E+00    0.50249E-02  407.58         test_N_all          
.2800E+00    10.000  0.266E+02   0.19492E+00   0.00000E+00   0.10000E+00    0.50249E-02  356.85         test_N_all          
.2900E+00    10.000  0.254E+02   0.18845E+00   0.00000E+00   0.10000E+00    0.50249E-02  309.85         test_N_all          
.3000E+00    10.000  0.242E+02   0.18203E+00   0.00000E+00   0.10000E+00    0.18868E-02 1890.36         test_N_all          
.3100E+00    10.000  0.231E+02   0.17566E+00   0.00000E+00   0.10000E+00    0.50249E-02  226.72         test_N_all          
.3200E+00    10.000  0.221E+02   0.16933E+00   0.00000E+00   0.10000E+00    0.50249E-02  190.38         test_N_all          
.3300E+00    10.000  0.212E+02   0.16305E+00   0.00000E+00   0.10000E+00    0.50249E-02  157.46         test_N_all          
.3400E+00    10.000  0.203E+02   0.15682E+00   0.00000E+00   0.10000E+00    0.50249E-02  127.85         test_N_all          
.3500E+00    10.000  0.195E+02   0.15063E+00   0.00000E+00   0.10000E+00    0.50249E-02  101.52         test_N_all          
.3600E+00    10.000  0.187E+02   0.14450E+00   0.00000E+00   0.10000E+00    0.50249E-02   78.42         test_N_all          
.3700E+00    10.000  0.179E+02   0.13842E+00   0.00000E+00   0.10000E+00    0.50249E-02   58.47         test_N_all          
.3800E+00    10.000  0.172E+02   0.13242E+00   0.00000E+00   0.10000E+00    0.50249E-02   41.62         test_N_all          
.3900E+00    10.000  0.165E+02   0.12649E+00   0.00000E+00   0.10000E+00    0.50249E-02   27.78         test_N_all          
.4000E+00    10.000  0.159E+02   0.12064E+00   0.00000E+00   0.10000E+00    0.17692E-02  136.06         test_N_all          
.4100E+00    10.000  0.153E+02   0.11488E+00   0.00000E+00   0.10000E+00    0.50249E-02    8.77         test_N_all          
.4200E+00    10.000  0.147E+02   0.10923E+00   0.00000E+00   0.10000E+00    0.50249E-02    3.37         test_N_all          
.4300E+00    10.000  0.141E+02   0.10368E+00   0.00000E+00   0.10000E+00    0.50249E-02    0.54         test_N_all          
.4400E+00    10.000  0.136E+02   0.98252E-01   0.00000E+00   0.10000E+00    0.50249E-02   -0.12         test_N_all          
.4500E+00    10.000  0.131E+02   0.92953E-01   0.00000E+00   0.10000E+00    0.50249E-02   -1.97         test_N_all          
.4600E+00    10.000  0.126E+02   0.87787E-01   0.00000E+00   0.10000E+00    0.50249E-02   -5.91         test_N_all          
.4700E+00    10.000  0.122E+02   0.82768E-01   0.00000E+00   0.10000E+00    0.50249E-02  -11.76         test_N_all          
.4800E+00    10.000  0.117E+02   0.77897E-01   0.00000E+00   0.10000E+00    0.50249E-02  -19.35         test_N_all          
.4900E+00    10.000  0.113E+02   0.73181E-01   0.00000E+00   0.10000E+00    0.50249E-02  -28.48         test_N_all          
.5000E+00    10.000  0.109E+02   0.68629E-01   0.00000E+00   0.10000E+00    0.17692E-02 -314.42         test_N_all          
.5100E+00    10.000  0.105E+02   0.64240E-01   0.00000E+00   0.10000E+00    0.50249E-02  -50.65         test_N_all          
.5200E+00    10.000  0.101E+02   0.60022E-01   0.00000E+00   0.10000E+00    0.50249E-02  -63.30         test_N_all          
.5300E+00    10.000  0.975E+01   0.55976E-01   0.00000E+00   0.10000E+00    0.50249E-02  -76.76         test_N_all          
.5400E+00    10.000  0.940E+01   0.52102E-01   0.00000E+00   0.10000E+00    0.50249E-02  -90.86         test_N_all          
.5500E+00    10.000  0.906E+01   0.48406E-01   0.00000E+00   0.10000E+00    0.50249E-02 -105.43         test_N_all          
.5600E+00    10.000  0.874E+01   0.44883E-01   0.00000E+00   0.10000E+00    0.50249E-02 -120.31         test_N_all          
.5700E+00    10.000  0.843E+01   0.41535E-01   0.00000E+00   0.10000E+00    0.50249E-02 -135.37         test_N_all          
.5800E+00    10.000  0.812E+01   0.38361E-01   0.00000E+00   0.10000E+00    0.50249E-02 -150.47         test_N_all          
.5900E+00    10.000  0.783E+01   0.35357E-01   0.00000E+00   0.10000E+00    0.50249E-02 -165.49         test_N_all          
.6000E+00    10.000  0.755E+01   0.32523E-01   0.00000E+00   0.10000E+00    0.17692E-02 *******         test_N_all          
.6100E+00    10.000  0.728E+01   0.29854E-01   0.00000E+00   0.10000E+00    0.50249E-02 -194.87         test_N_all          
.6200E+00    10.000  0.701E+01   0.27345E-01   0.00000E+00   0.10000E+00    0.50249E-02 -209.06         test_N_all          
.6300E+00    10.000  0.675E+01   0.24995E-01   0.00000E+00   0.10000E+00    0.50249E-02 -222.80         test_N_all          
.6400E+00    10.000  0.651E+01   0.22797E-01   0.00000E+00   0.10000E+00    0.50249E-02 -236.05         test_N_all          
.6500E+00    10.000  0.627E+01   0.20746E-01   0.00000E+00   0.10000E+00    0.50249E-02 -248.76         test_N_all          
.6600E+00    10.000  0.603E+01   0.18837E-01   0.00000E+00   0.10000E+00    0.50249E-02 -260.89         test_N_all          
.6700E+00    10.000  0.581E+01   0.17064E-01   0.00000E+00   0.10000E+00    0.50249E-02 -272.41         test_N_all          
.6800E+00    10.000  0.559E+01   0.15422E-01   0.00000E+00   0.10000E+00    0.50249E-02 -283.30         test_N_all          
.6900E+00    10.000  0.537E+01   0.13904E-01   0.00000E+00   0.10000E+00    0.50249E-02 -293.56         test_N_all          
.7000E+00    10.000  0.517E+01   0.12505E-01   0.00000E+00   0.10000E+00    0.17692E-02 *******         test_N_all          
.7100E+00    10.000  0.497E+01   0.11218E-01   0.00000E+00   0.10000E+00    0.50249E-02 -312.17         test_N_all          
.7200E+00    10.000  0.477E+01   0.10037E-01   0.00000E+00   0.10000E+00    0.50249E-02 -320.53         test_N_all          
.7300E+00    10.000  0.458E+01   0.89562E-02   0.00000E+00   0.10000E+00    0.50249E-02 -328.28         test_N_all          
.7400E+00    10.000  0.440E+01   0.79692E-02   0.00000E+00   0.10000E+00    0.50249E-02 -335.43         test_N_all          
.7500E+00    10.000  0.422E+01   0.70704E-02   0.00000E+00   0.10000E+00    0.50249E-02 -342.02         test_N_all          
.7600E+00    10.000  0.404E+01   0.62547E-02   0.00000E+00   0.10000E+00    0.50249E-02 -348.05         test_N_all          
.7700E+00    10.000  0.387E+01   0.55147E-02   0.00000E+00   0.10000E+00    0.50249E-02 -353.56         test_N_all          
.7800E+00    10.000  0.370E+01   0.48465E-02   0.00000E+00   0.10000E+00    0.50249E-02 -358.58         test_N_all          
.7900E+00    10.000  0.354E+01   0.42451E-02   0.00000E+00   0.10000E+00    0.50249E-02 -363.13         test_N_all          
.8000E+00    10.000  0.338E+01   0.37037E-02   0.00000E+00   0.10000E+00    0.17692E-02 *******         test_N_all          
.8100E+00    10.000  0.323E+01   0.32192E-02   0.00000E+00   0.10000E+00    0.50249E-02 -370.95         test_N_all          
.8200E+00    10.000  0.308E+01   0.27872E-02   0.00000E+00   0.10000E+00    0.50249E-02 -374.27         test_N_all          
.8300E+00    10.000  0.293E+01   0.24016E-02   0.00000E+00   0.10000E+00    0.50249E-02 -377.25         test_N_all          
.8400E+00    10.000  0.279E+01   0.20600E-02   0.00000E+00   0.10000E+00    0.50249E-02 -379.89         test_N_all          
.8500E+00    10.000  0.265E+01   0.17583E-02   0.00000E+00   0.10000E+00    0.50249E-02 -382.23         test_N_all          
.8600E+00    10.000  0.251E+01   0.14920E-02   0.00000E+00   0.10000E+00    0.50249E-02 -384.31         test_N_all          
.8700E+00    10.000  0.238E+01   0.12587E-02   0.00000E+00   0.10000E+00    0.50249E-02 -386.13         test_N_all          
.8800E+00    10.000  0.225E+01   0.10555E-02   0.00000E+00   0.10000E+00    0.50249E-02 -387.72         test_N_all          
.8900E+00    10.000  0.212E+01   0.87795E-03   0.00000E+00   0.10000E+00    0.50249E-02 -389.12         test_N_all          
.9000E+00    10.000  0.199E+01   0.72483E-03   0.00000E+00   0.10000E+00    0.17692E-02 *******         test_N_all          
.9100E+00    10.000  0.187E+01   0.59361E-03   0.00000E+00   0.10000E+00    0.50249E-02 -391.35         test_N_all          
.9200E+00    10.000  0.175E+01   0.48072E-03   0.00000E+00   0.10000E+00    0.50249E-02 -392.24         test_N_all          
.9300E+00    10.000  0.163E+01   0.38526E-03   0.00000E+00   0.10000E+00    0.50249E-02 -392.99         test_N_all          
.9400E+00    10.000  0.152E+01   0.30540E-03   0.00000E+00   0.10000E+00    0.50249E-02 -393.62         test_N_all          
.9500E+00    10.000  0.141E+01   0.23807E-03   0.00000E+00   0.10000E+00    0.50249E-02 -394.16         test_N_all          
.9600E+00    10.000  0.130E+01   0.18274E-03   0.00000E+00   0.10000E+00    0.50249E-02 -394.59         test_N_all          
.9700E+00    10.000  0.119E+01   0.13809E-03   0.00000E+00   0.10000E+00    0.50249E-02 -394.95         test_N_all          
.9800E+00    10.000  0.109E+01   0.10153E-03   0.00000E+00   0.10000E+00    0.50249E-02 -395.24         test_N_all          
.9900E+00    10.000  0.983E+00   0.72800E-04   0.00000E+00   0.10000E+00    0.50249E-02 -395.46         test_N_all          
.1000E+01    10.000  0.882E+00   0.50916E-04   0.00000E+00   0.10000E+00    0.50249E-02 -395.64         test_N_all          
.1000E-01    20.000  0.198E+04   0.60592E+00   0.00000E+00   0.10000E+00    0.50249E-02 *******         test_N_all          
.2000E-01    20.000  0.981E+03   0.50475E+00   0.00000E+00   0.10000E+00    0.50249E-02 6488.01         test_N_all          
.3000E-01    20.000  0.648E+03   0.45149E+00   0.00000E+00   0.10000E+00    0.50249E-02 4892.80         test_N_all          
.4000E-01    20.000  0.481E+03   0.42218E+00   0.00000E+00   0.10000E+00    0.50249E-02 4110.87         test_N_all          
.5000E-01    20.000  0.381E+03   0.39776E+00   0.00000E+00   0.10000E+00    0.50249E-02 3511.34         test_N_all          
.6000E-01    20.000  0.314E+03   0.38041E+00   0.00000E+00   0.10000E+00    0.50249E-02 3114.09         test_N_all          
.7000E-01    20.000  0.267E+03   0.36495E+00   0.00000E+00   0.10000E+00    0.50249E-02 2780.09         test_N_all          
.8000E-01    20.000  0.231E+03   0.35213E+00   0.00000E+00   0.10000E+00    0.50249E-02 2517.51         test_N_all          
.9000E-01    20.000  0.203E+03   0.34028E+00   0.00000E+00   0.10000E+00    0.50249E-02 2286.48         test_N_all          
.1000E+00    20.000  0.181E+03   0.32950E+00   0.00000E+00   0.10000E+00    0.50249E-02 2086.02         test_N_all          
.1100E+00    20.000  0.163E+03   0.31918E+00   0.00000E+00   0.10000E+00    0.50249E-02 1902.62         test_N_all          
.1200E+00    20.000  0.148E+03   0.30937E+00   0.00000E+00   0.10000E+00    0.50249E-02 1736.12         test_N_all          
.1300E+00    20.000  0.135E+03   0.29995E+00   0.00000E+00   0.10000E+00    0.50249E-02 1583.32         test_N_all          
.1400E+00    20.000  0.124E+03   0.29077E+00   0.00000E+00   0.10000E+00    0.50249E-02 1441.26         test_N_all          
.1500E+00    20.000  0.114E+03   0.28188E+00   0.00000E+00   0.10000E+00    0.50249E-02 1310.11         test_N_all          
.1600E+00    20.000  0.106E+03   0.27320E+00   0.00000E+00   0.10000E+00    0.50249E-02 1188.11         test_N_all          
.1700E+00    20.000  0.985E+02   0.26476E+00   0.00000E+00   0.10000E+00    0.50249E-02 1075.05         test_N_all          
.1800E+00    20.000  0.920E+02   0.25653E+00   0.00000E+00   0.10000E+00    0.50249E-02  970.32         test_N_all          
.1900E+00    20.000  0.861E+02   0.24849E+00   0.00000E+00   0.10000E+00    0.50249E-02  873.23         test_N_all          
.2000E+00    20.000  0.809E+02   0.24065E+00   0.00000E+00   0.10000E+00    0.50249E-02  783.44         test_N_all          
.2100E+00    20.000  0.761E+02   0.23298E+00   0.00000E+00   0.10000E+00    0.50249E-02  700.32         test_N_all          
.2200E+00    20.000  0.718E+02   0.22548E+00   0.00000E+00   0.10000E+00    0.50249E-02  623.54         test_N_all          
.2300E+00    20.000  0.678E+02   0.21813E+00   0.00000E+00   0.10000E+00    0.50249E-02  552.66         test_N_all          
.2400E+00    20.000  0.642E+02   0.21092E+00   0.00000E+00   0.10000E+00    0.50249E-02  487.25         test_N_all          
.2500E+00    20.000  0.609E+02   0.20384E+00   0.00000E+00   0.10000E+00    0.50249E-02  427.07         test_N_all          
.2600E+00    20.000  0.578E+02   0.19688E+00   0.00000E+00   0.10000E+00    0.50249E-02  371.71         test_N_all          
.2700E+00    20.000  0.550E+02   0.19002E+00   0.00000E+00   0.10000E+00    0.50249E-02  320.96         test_N_all          
.2800E+00    20.000  0.523E+02   0.18327E+00   0.00000E+00   0.10000E+00    0.50249E-02  274.59         test_N_all          
.2900E+00    20.000  0.498E+02   0.17659E+00   0.00000E+00   0.10000E+00    0.50249E-02  232.35         test_N_all          
.3000E+00    20.000  0.475E+02   0.17001E+00   0.00000E+00   0.10000E+00    0.18868E-02 1376.61         test_N_all          
.3100E+00    20.000  0.454E+02   0.16350E+00   0.00000E+00   0.10000E+00    0.50249E-02  159.71         test_N_all          
.3200E+00    20.000  0.434E+02   0.15708E+00   0.00000E+00   0.10000E+00    0.50249E-02  129.03         test_N_all          
.3300E+00    20.000  0.415E+02   0.15073E+00   0.00000E+00   0.10000E+00    0.50249E-02  101.94         test_N_all          
.3400E+00    20.000  0.397E+02   0.14446E+00   0.00000E+00   0.10000E+00    0.50249E-02   78.29         test_N_all          
.3500E+00    20.000  0.380E+02   0.13827E+00   0.00000E+00   0.10000E+00    0.50249E-02   58.01         test_N_all          
.3600E+00    20.000  0.364E+02   0.13216E+00   0.00000E+00   0.10000E+00    0.50249E-02   40.97         test_N_all          
.3700E+00    20.000  0.349E+02   0.12614E+00   0.00000E+00   0.10000E+00    0.50249E-02   27.07         test_N_all          
.3800E+00    20.000  0.335E+02   0.12022E+00   0.00000E+00   0.10000E+00    0.50249E-02   16.19         test_N_all          
.3900E+00    20.000  0.322E+02   0.11440E+00   0.00000E+00   0.10000E+00    0.50249E-02    8.21         test_N_all          
.4000E+00    20.000  0.309E+02   0.10869E+00   0.00000E+00   0.10000E+00    0.17692E-02   24.11         test_N_all          
.4100E+00    20.000  0.297E+02   0.10309E+00   0.00000E+00   0.10000E+00    0.50249E-02    0.38         test_N_all          
.4200E+00    20.000  0.285E+02   0.97621E-01   0.00000E+00   0.10000E+00    0.50249E-02   -0.22         test_N_all          
.4300E+00    20.000  0.274E+02   0.92280E-01   0.00000E+00   0.10000E+00    0.50249E-02   -2.36         test_N_all          
.4400E+00    20.000  0.263E+02   0.87081E-01   0.00000E+00   0.10000E+00    0.50249E-02   -6.61         test_N_all          
.4500E+00    20.000  0.253E+02   0.82027E-01   0.00000E+00   0.10000E+00    0.50249E-02  -12.79         test_N_all          
.4600E+00    20.000  0.244E+02   0.77126E-01   0.00000E+00   0.10000E+00    0.50249E-02  -20.72         test_N_all          
.4700E+00    20.000  0.234E+02   0.72384E-01   0.00000E+00   0.10000E+00    0.50249E-02  -30.20         test_N_all          
.4800E+00    20.000  0.225E+02   0.67803E-01   0.00000E+00   0.10000E+00    0.50249E-02  -41.06         test_N_all          
.4900E+00    20.000  0.217E+02   0.63393E-01   0.00000E+00   0.10000E+00    0.50249E-02  -53.07         test_N_all          
.5000E+00    20.000  0.209E+02   0.59152E-01   0.00000E+00   0.10000E+00    0.17692E-02 -533.09         test_N_all          
.5100E+00    20.000  0.201E+02   0.55084E-01   0.00000E+00   0.10000E+00    0.50249E-02  -79.90         test_N_all          
.5200E+00    20.000  0.193E+02   0.51193E-01   0.00000E+00   0.10000E+00    0.50249E-02  -94.34         test_N_all          
.5300E+00    20.000  0.186E+02   0.47478E-01   0.00000E+00   0.10000E+00    0.50249E-02 -109.25         test_N_all          
.5400E+00    20.000  0.179E+02   0.43941E-01   0.00000E+00   0.10000E+00    0.50249E-02 -124.46         test_N_all          
.5500E+00    20.000  0.172E+02   0.40580E-01   0.00000E+00   0.10000E+00    0.50249E-02 -139.83         test_N_all          
.5600E+00    20.000  0.166E+02   0.37394E-01   0.00000E+00   0.10000E+00    0.50249E-02 -155.23         test_N_all          
.5700E+00    20.000  0.160E+02   0.34384E-01   0.00000E+00   0.10000E+00    0.50249E-02 -170.51         test_N_all          
.5800E+00    20.000  0.154E+02   0.31543E-01   0.00000E+00   0.10000E+00    0.50249E-02 -185.60         test_N_all          
.5900E+00    20.000  0.148E+02   0.28871E-01   0.00000E+00   0.10000E+00    0.50249E-02 -200.37         test_N_all          
.6000E+00    20.000  0.142E+02   0.26363E-01   0.00000E+00   0.10000E+00    0.17692E-02 *******         test_N_all          
.6100E+00    20.000  0.137E+02   0.24015E-01   0.00000E+00   0.10000E+00    0.50249E-02 -228.66         test_N_all          
.6200E+00    20.000  0.131E+02   0.21823E-01   0.00000E+00   0.10000E+00    0.50249E-02 -242.05         test_N_all          
.6300E+00    20.000  0.126E+02   0.19780E-01   0.00000E+00   0.10000E+00    0.50249E-02 -254.86         test_N_all          
.6400E+00    20.000  0.121E+02   0.17883E-01   0.00000E+00   0.10000E+00    0.50249E-02 -267.06         test_N_all          
.6500E+00    20.000  0.117E+02   0.16125E-01   0.00000E+00   0.10000E+00    0.50249E-02 -278.62         test_N_all          
.6600E+00    20.000  0.112E+02   0.14500E-01   0.00000E+00   0.10000E+00    0.50249E-02 -289.52         test_N_all          
.6700E+00    20.000  0.107E+02   0.13002E-01   0.00000E+00   0.10000E+00    0.50249E-02 -299.75         test_N_all          
.6800E+00    20.000  0.103E+02   0.11625E-01   0.00000E+00   0.10000E+00    0.50249E-02 -309.31         test_N_all          
.6900E+00    20.000  0.987E+01   0.10363E-01   0.00000E+00   0.10000E+00    0.50249E-02 -318.21         test_N_all          
.7000E+00    20.000  0.945E+01   0.92092E-02   0.00000E+00   0.10000E+00    0.17692E-02 *******         test_N_all          
.7100E+00    20.000  0.905E+01   0.81575E-02   0.00000E+00   0.10000E+00    0.50249E-02 -334.06         test_N_all          
.7200E+00    20.000  0.866E+01   0.72018E-02   0.00000E+00   0.10000E+00    0.50249E-02 -341.05         test_N_all          
.7300E+00    20.000  0.828E+01   0.63352E-02   0.00000E+00   0.10000E+00    0.50249E-02 -347.45         test_N_all          
.7400E+00    20.000  0.791E+01   0.55529E-02   0.00000E+00   0.10000E+00    0.50249E-02 -353.28         test_N_all          
.7500E+00    20.000  0.755E+01   0.48480E-02   0.00000E+00   0.10000E+00    0.50249E-02 -358.57         test_N_all          
.7600E+00    20.000  0.720E+01   0.42151E-02   0.00000E+00   0.10000E+00    0.50249E-02 -363.36         test_N_all          
.7700E+00    20.000  0.686E+01   0.36497E-02   0.00000E+00   0.10000E+00    0.50249E-02 -367.66         test_N_all          
.7800E+00    20.000  0.652E+01   0.31446E-02   0.00000E+00   0.10000E+00    0.50249E-02 -371.52         test_N_all          
.7900E+00    20.000  0.620E+01   0.26964E-02   0.00000E+00   0.10000E+00    0.50249E-02 -374.97         test_N_all          
.8000E+00    20.000  0.588E+01   0.23002E-02   0.00000E+00   0.10000E+00    0.17692E-02 *******         test_N_all          
.8100E+00    20.000  0.557E+01   0.19504E-02   0.00000E+00   0.10000E+00    0.50249E-02 -380.74         test_N_all          
.8200E+00    20.000  0.527E+01   0.16442E-02   0.00000E+00   0.10000E+00    0.50249E-02 -383.12         test_N_all          
.8300E+00    20.000  0.498E+01   0.13764E-02   0.00000E+00   0.10000E+00    0.50249E-02 -385.21         test_N_all          
.8400E+00    20.000  0.469E+01   0.11436E-02   0.00000E+00   0.10000E+00    0.50249E-02 -387.03         test_N_all          
.8500E+00    20.000  0.441E+01   0.94317E-03   0.00000E+00   0.10000E+00    0.50249E-02 -388.60         test_N_all          
.8600E+00    20.000  0.414E+01   0.77013E-03   0.00000E+00   0.10000E+00    0.50249E-02 -389.96         test_N_all          
.8700E+00    20.000  0.387E+01   0.62271E-03   0.00000E+00   0.10000E+00    0.50249E-02 -391.12         test_N_all          
.8800E+00    20.000  0.361E+01   0.49832E-03   0.00000E+00   0.10000E+00    0.50249E-02 -392.10         test_N_all          
.8900E+00    20.000  0.335E+01   0.39306E-03   0.00000E+00   0.10000E+00    0.50249E-02 -392.93         test_N_all          
.9000E+00    20.000  0.310E+01   0.30586E-03   0.00000E+00   0.10000E+00    0.17692E-02 *******         test_N_all          
.9100E+00    20.000  0.286E+01   0.23422E-03   0.00000E+00   0.10000E+00    0.50249E-02 -394.19         test_N_all          
.9200E+00    20.000  0.262E+01   0.17553E-03   0.00000E+00   0.10000E+00    0.50249E-02 -394.65         test_N_all          
.9300E+00    20.000  0.239E+01   0.12889E-03   0.00000E+00   0.10000E+00    0.50249E-02 -395.02         test_N_all          
.9400E+00    20.000  0.216E+01   0.92048E-04   0.00000E+00   0.10000E+00    0.50249E-02 -395.31         test_N_all          
.9500E+00    20.000  0.193E+01   0.63444E-04   0.00000E+00   0.10000E+00    0.50249E-02 -395.54         test_N_all          
.9600E+00    20.000  0.172E+01   0.42324E-04   0.00000E+00   0.10000E+00    0.50249E-02 -395.70         test_N_all          
.9700E+00    20.000  0.150E+01   0.26579E-04   0.00000E+00   0.10000E+00    0.50249E-02 -395.83         test_N_all          
.9800E+00    20.000  0.129E+01   0.15581E-04   0.00000E+00   0.10000E+00    0.50249E-02 -395.92         test_N_all          
.9900E+00    20.000  0.108E+01   0.86561E-05   0.00000E+00   0.10000E+00    0.50249E-02 -395.97         test_N_all          
.1000E+01    20.000  0.882E+00   0.39486E-05   0.00000E+00   0.10000E+00    0.50249E-02 -396.01         test_N_all          
.1000E+00    50.000  0.451E+03   0.33224E+00   0.00000E+00   0.10000E+00    0.50249E-02 2136.04         test_N_all          
.1100E+00    50.000  0.405E+03   0.31946E+00   0.00000E+00   0.10000E+00    0.50249E-02 1907.51         test_N_all          
.1200E+00    50.000  0.368E+03   0.30761E+00   0.00000E+00   0.10000E+00    0.50249E-02 1706.94         test_N_all          
.1300E+00    50.000  0.335E+03   0.29645E+00   0.00000E+00   0.10000E+00    0.50249E-02 1528.41         test_N_all          
.1400E+00    50.000  0.308E+03   0.28578E+00   0.00000E+00   0.10000E+00    0.50249E-02 1366.90         test_N_all          
.1500E+00    50.000  0.284E+03   0.27564E+00   0.00000E+00   0.10000E+00    0.50249E-02 1221.81         test_N_all          
.1600E+00    50.000  0.263E+03   0.26588E+00   0.00000E+00   0.10000E+00    0.50249E-02 1089.71         test_N_all          
.1700E+00    50.000  0.245E+03   0.25650E+00   0.00000E+00   0.10000E+00    0.50249E-02  970.01         test_N_all          
.1800E+00    50.000  0.229E+03   0.24747E+00   0.00000E+00   0.10000E+00    0.50249E-02  861.30         test_N_all          
.1900E+00    50.000  0.214E+03   0.23874E+00   0.00000E+00   0.10000E+00    0.50249E-02  762.30         test_N_all          
.2000E+00    50.000  0.201E+03   0.23030E+00   0.00000E+00   0.10000E+00    0.50249E-02  672.37         test_N_all          
.2100E+00    50.000  0.189E+03   0.22210E+00   0.00000E+00   0.10000E+00    0.50249E-02  590.41         test_N_all          
.2200E+00    50.000  0.178E+03   0.21414E+00   0.00000E+00   0.10000E+00    0.50249E-02  515.94         test_N_all          
.2300E+00    50.000  0.168E+03   0.20639E+00   0.00000E+00   0.10000E+00    0.50249E-02  448.29         test_N_all          
.2400E+00    50.000  0.159E+03   0.19883E+00   0.00000E+00   0.10000E+00    0.50249E-02  386.86         test_N_all          
.2500E+00    50.000  0.151E+03   0.19146E+00   0.00000E+00   0.10000E+00    0.50249E-02  331.29         test_N_all          
.2600E+00    50.000  0.143E+03   0.18424E+00   0.00000E+00   0.10000E+00    0.50249E-02  281.03         test_N_all          
.2700E+00    50.000  0.136E+03   0.17717E+00   0.00000E+00   0.10000E+00    0.50249E-02  235.84         test_N_all          
.2800E+00    50.000  0.129E+03   0.17024E+00   0.00000E+00   0.10000E+00    0.50249E-02  195.38         test_N_all          
.2900E+00    50.000  0.123E+03   0.16343E+00   0.00000E+00   0.10000E+00    0.50249E-02  159.34         test_N_all          
.3000E+00    50.000  0.118E+03   0.15675E+00   0.00000E+00   0.10000E+00    0.18868E-02  904.57         test_N_all          
.3100E+00    50.000  0.112E+03   0.15018E+00   0.00000E+00   0.10000E+00    0.50249E-02   99.71         test_N_all          
.3200E+00    50.000  0.107E+03   0.14372E+00   0.00000E+00   0.10000E+00    0.50249E-02   75.70         test_N_all          
.3300E+00    50.000  0.102E+03   0.13738E+00   0.00000E+00   0.10000E+00    0.50249E-02   55.32         test_N_all          
.3400E+00    50.000  0.979E+02   0.13114E+00   0.00000E+00   0.10000E+00    0.50249E-02   38.41         test_N_all          
.3500E+00    50.000  0.937E+02   0.12502E+00   0.00000E+00   0.10000E+00    0.50249E-02   24.80         test_N_all          
.3600E+00    50.000  0.898E+02   0.11902E+00   0.00000E+00   0.10000E+00    0.50249E-02   14.33         test_N_all          
.3700E+00    50.000  0.860E+02   0.11314E+00   0.00000E+00   0.10000E+00    0.50249E-02    6.84         test_N_all          
.3800E+00    50.000  0.825E+02   0.10738E+00   0.00000E+00   0.10000E+00    0.50249E-02    2.16         test_N_all          
.3900E+00    50.000  0.791E+02   0.10176E+00   0.00000E+00   0.10000E+00    0.50249E-02    0.12         test_N_all          
.4000E+00    50.000  0.759E+02   0.96280E-01   0.00000E+00   0.10000E+00    0.17692E-02   -4.42         test_N_all          
.4100E+00    50.000  0.728E+02   0.90939E-01   0.00000E+00   0.10000E+00    0.50249E-02   -3.25         test_N_all          
.4200E+00    50.000  0.699E+02   0.85746E-01   0.00000E+00   0.10000E+00    0.50249E-02   -8.05         test_N_all          
.4300E+00    50.000  0.672E+02   0.80705E-01   0.00000E+00   0.10000E+00    0.50249E-02  -14.74         test_N_all          
.4400E+00    50.000  0.645E+02   0.75824E-01   0.00000E+00   0.10000E+00    0.50249E-02  -23.15         test_N_all          
.4500E+00    50.000  0.620E+02   0.71105E-01   0.00000E+00   0.10000E+00    0.50249E-02  -33.07         test_N_all          
.4600E+00    50.000  0.596E+02   0.66554E-01   0.00000E+00   0.10000E+00    0.50249E-02  -44.30         test_N_all          
.4700E+00    50.000  0.573E+02   0.62174E-01   0.00000E+00   0.10000E+00    0.50249E-02  -56.67         test_N_all          
.4800E+00    50.000  0.550E+02   0.57966E-01   0.00000E+00   0.10000E+00    0.50249E-02  -69.97         test_N_all          
.4900E+00    50.000  0.529E+02   0.53936E-01   0.00000E+00   0.10000E+00    0.50249E-02  -84.04         test_N_all          
.5000E+00    50.000  0.509E+02   0.50081E-01   0.00000E+00   0.10000E+00    0.17692E-02 -796.14         test_N_all          
.5100E+00    50.000  0.489E+02   0.46404E-01   0.00000E+00   0.10000E+00    0.50249E-02 -113.76         test_N_all          
.5200E+00    50.000  0.470E+02   0.42906E-01   0.00000E+00   0.10000E+00    0.50249E-02 -129.10         test_N_all          
.5300E+00    50.000  0.452E+02   0.39583E-01   0.00000E+00   0.10000E+00    0.50249E-02 -144.56         test_N_all          
.5400E+00    50.000  0.435E+02   0.36437E-01   0.00000E+00   0.10000E+00    0.50249E-02 -160.01         test_N_all          
.5500E+00    50.000  0.418E+02   0.33464E-01   0.00000E+00   0.10000E+00    0.50249E-02 -175.33         test_N_all          
.5600E+00    50.000  0.402E+02   0.30661E-01   0.00000E+00   0.10000E+00    0.50249E-02 -190.41         test_N_all          
.5700E+00    50.000  0.386E+02   0.28027E-01   0.00000E+00   0.10000E+00    0.50249E-02 -205.15         test_N_all          
.5800E+00    50.000  0.371E+02   0.25555E-01   0.00000E+00   0.10000E+00    0.50249E-02 -219.49         test_N_all          
.5900E+00    50.000  0.356E+02   0.23244E-01   0.00000E+00   0.10000E+00    0.50249E-02 -233.33         test_N_all          
.6000E+00    50.000  0.342E+02   0.21087E-01   0.00000E+00   0.10000E+00    0.17692E-02 *******         test_N_all          
.6100E+00    50.000  0.328E+02   0.19080E-01   0.00000E+00   0.10000E+00    0.50249E-02 -259.33         test_N_all          
.6200E+00    50.000  0.315E+02   0.17216E-01   0.00000E+00   0.10000E+00    0.50249E-02 -271.41         test_N_all          
.6300E+00    50.000  0.302E+02   0.15492E-01   0.00000E+00   0.10000E+00    0.50249E-02 -282.84         test_N_all          
.6400E+00    50.000  0.290E+02   0.13899E-01   0.00000E+00   0.10000E+00    0.50249E-02 -293.60         test_N_all          
.6500E+00    50.000  0.278E+02   0.12434E-01   0.00000E+00   0.10000E+00    0.50249E-02 -303.68         test_N_all          
.6600E+00    50.000  0.266E+02   0.11088E-01   0.00000E+00   0.10000E+00    0.50249E-02 -313.08         test_N_all          
.6700E+00    50.000  0.255E+02   0.98565E-02   0.00000E+00   0.10000E+00    0.50249E-02 -321.82         test_N_all          
.6800E+00    50.000  0.244E+02   0.87329E-02   0.00000E+00   0.10000E+00    0.50249E-02 -329.89         test_N_all          
.6900E+00    50.000  0.233E+02   0.77099E-02   0.00000E+00   0.10000E+00    0.50249E-02 -337.33         test_N_all          
.7000E+00    50.000  0.223E+02   0.67825E-02   0.00000E+00   0.10000E+00    0.17692E-02 *******         test_N_all          
.7100E+00    50.000  0.213E+02   0.59442E-02   0.00000E+00   0.10000E+00    0.50249E-02 -350.36         test_N_all          
.7200E+00    50.000  0.203E+02   0.51881E-02   0.00000E+00   0.10000E+00    0.50249E-02 -356.01         test_N_all          
.7300E+00    50.000  0.194E+02   0.45099E-02   0.00000E+00   0.10000E+00    0.50249E-02 -361.12         test_N_all          
.7400E+00    50.000  0.184E+02   0.39023E-02   0.00000E+00   0.10000E+00    0.50249E-02 -365.73         test_N_all          
.7500E+00    50.000  0.175E+02   0.33607E-02   0.00000E+00   0.10000E+00    0.50249E-02 -369.87         test_N_all          
.7600E+00    50.000  0.167E+02   0.28802E-02   0.00000E+00   0.10000E+00    0.50249E-02 -373.55         test_N_all          
.7700E+00    50.000  0.158E+02   0.24542E-02   0.00000E+00   0.10000E+00    0.50249E-02 -376.84         test_N_all          
.7800E+00    50.000  0.150E+02   0.20798E-02   0.00000E+00   0.10000E+00    0.50249E-02 -379.74         test_N_all          
.7900E+00    50.000  0.142E+02   0.17511E-02   0.00000E+00   0.10000E+00    0.50249E-02 -382.29         test_N_all          
.8000E+00    50.000  0.134E+02   0.14642E-02   0.00000E+00   0.10000E+00    0.17692E-02 *******         test_N_all          
.8100E+00    50.000  0.126E+02   0.12157E-02   0.00000E+00   0.10000E+00    0.50249E-02 -386.47         test_N_all          
.8200E+00    50.000  0.119E+02   0.10004E-02   0.00000E+00   0.10000E+00    0.50249E-02 -388.16         test_N_all          
.8300E+00    50.000  0.111E+02   0.81619E-03   0.00000E+00   0.10000E+00    0.50249E-02 -389.60         test_N_all          
.8400E+00    50.000  0.104E+02   0.65932E-03   0.00000E+00   0.10000E+00    0.50249E-02 -390.83         test_N_all          
.8500E+00    50.000  0.971E+01   0.52620E-03   0.00000E+00   0.10000E+00    0.50249E-02 -391.88         test_N_all          
.8600E+00    50.000  0.902E+01   0.41514E-03   0.00000E+00   0.10000E+00    0.50249E-02 -392.76         test_N_all          
.8700E+00    50.000  0.835E+01   0.32233E-03   0.00000E+00   0.10000E+00    0.50249E-02 -393.49         test_N_all          
.8800E+00    50.000  0.770E+01   0.24621E-03   0.00000E+00   0.10000E+00    0.50249E-02 -394.09         test_N_all          
.8900E+00    50.000  0.706E+01   0.18476E-03   0.00000E+00   0.10000E+00    0.50249E-02 -394.58         test_N_all          
.9000E+00    50.000  0.644E+01   0.13513E-03   0.00000E+00   0.10000E+00    0.17692E-02 *******         test_N_all          
.9100E+00    50.000  0.583E+01   0.96495E-04   0.00000E+00   0.10000E+00    0.50249E-02 -395.28         test_N_all          
.9200E+00    50.000  0.523E+01   0.66622E-04   0.00000E+00   0.10000E+00    0.50249E-02 -395.51         test_N_all          
.9300E+00    50.000  0.465E+01   0.44098E-04   0.00000E+00   0.10000E+00    0.50249E-02 -395.69         test_N_all          
.9400E+00    50.000  0.407E+01   0.28093E-04   0.00000E+00   0.10000E+00    0.50249E-02 -395.82         test_N_all          
.9500E+00    50.000  0.351E+01   0.16438E-04   0.00000E+00   0.10000E+00    0.50249E-02 -395.91         test_N_all          
.9600E+00    50.000  0.297E+01   0.89050E-05   0.00000E+00   0.10000E+00    0.50249E-02 -395.97         test_N_all          
.9700E+00    50.000  0.243E+01   0.43506E-05   0.00000E+00   0.10000E+00    0.50249E-02 -396.01         test_N_all          
.9800E+00    50.000  0.190E+01   0.16352E-05   0.00000E+00   0.10000E+00    0.50249E-02 -396.03         test_N_all          
.9900E+00    50.000  0.139E+01   0.55448E-06   0.00000E+00   0.10000E+00    0.50249E-02 -396.04         test_N_all          
.1000E+01    50.000  0.882E+00   0.46639E-06   0.00000E+00   0.10000E+00    0.50249E-02 -396.04         test_N_all          
.1000E+00   100.000  0.901E+03   0.33308E+00   0.00000E+00   0.10000E+00    0.50249E-02 2151.61         test_N_all          
.1100E+00   100.000  0.810E+03   0.31877E+00   0.00000E+00   0.10000E+00    0.50249E-02 1895.47         test_N_all          
.1200E+00   100.000  0.734E+03   0.30564E+00   0.00000E+00   0.10000E+00    0.50249E-02 1674.80         test_N_all          
.1300E+00   100.000  0.670E+03   0.29342E+00   0.00000E+00   0.10000E+00    0.50249E-02 1481.68         test_N_all          
.1400E+00   100.000  0.615E+03   0.28185E+00   0.00000E+00   0.10000E+00    0.50249E-02 1309.63         test_N_all          
.1500E+00   100.000  0.568E+03   0.27095E+00   0.00000E+00   0.10000E+00    0.50249E-02 1157.44         test_N_all          
.1600E+00   100.000  0.526E+03   0.26053E+00   0.00000E+00   0.10000E+00    0.50249E-02 1020.61         test_N_all          
.1700E+00   100.000  0.489E+03   0.25060E+00   0.00000E+00   0.10000E+00    0.50249E-02  898.23         test_N_all          
.1800E+00   100.000  0.456E+03   0.24109E+00   0.00000E+00   0.10000E+00    0.50249E-02  788.42         test_N_all          
.1900E+00   100.000  0.427E+03   0.23195E+00   0.00000E+00   0.10000E+00    0.50249E-02  689.53         test_N_all          
.2000E+00   100.000  0.401E+03   0.22316E+00   0.00000E+00   0.10000E+00    0.50249E-02  600.75         test_N_all          
.2100E+00   100.000  0.377E+03   0.21466E+00   0.00000E+00   0.10000E+00    0.50249E-02  520.68         test_N_all          
.2200E+00   100.000  0.355E+03   0.20644E+00   0.00000E+00   0.10000E+00    0.50249E-02  448.71         test_N_all          
.2300E+00   100.000  0.336E+03   0.19848E+00   0.00000E+00   0.10000E+00    0.50249E-02  384.07         test_N_all          
.2400E+00   100.000  0.318E+03   0.19073E+00   0.00000E+00   0.10000E+00    0.50249E-02  326.03         test_N_all          
.2500E+00   100.000  0.301E+03   0.18320E+00   0.00000E+00   0.10000E+00    0.50249E-02  274.17         test_N_all          
.2600E+00   100.000  0.285E+03   0.17585E+00   0.00000E+00   0.10000E+00    0.50249E-02  227.88         test_N_all          
.2700E+00   100.000  0.271E+03   0.16869E+00   0.00000E+00   0.10000E+00    0.50249E-02  186.84         test_N_all          
.2800E+00   100.000  0.258E+03   0.16168E+00   0.00000E+00   0.10000E+00    0.50249E-02  150.67         test_N_all          
.2900E+00   100.000  0.246E+03   0.15482E+00   0.00000E+00   0.10000E+00    0.50249E-02  119.04         test_N_all          
.3000E+00   100.000  0.234E+03   0.14812E+00   0.00000E+00   0.10000E+00    0.18868E-02  650.41         test_N_all          
.3100E+00   100.000  0.223E+03   0.14155E+00   0.00000E+00   0.10000E+00    0.50249E-02   68.37         test_N_all          
.3200E+00   100.000  0.213E+03   0.13512E+00   0.00000E+00   0.10000E+00    0.50249E-02   48.84         test_N_all          
.3300E+00   100.000  0.204E+03   0.12882E+00   0.00000E+00   0.10000E+00    0.50249E-02   32.89         test_N_all          
.3400E+00   100.000  0.195E+03   0.12266E+00   0.00000E+00   0.10000E+00    0.50249E-02   20.33         test_N_all          
.3500E+00   100.000  0.187E+03   0.11663E+00   0.00000E+00   0.10000E+00    0.50249E-02   10.95         test_N_all          
.3600E+00   100.000  0.179E+03   0.11074E+00   0.00000E+00   0.10000E+00    0.50249E-02    4.57         test_N_all          
.3700E+00   100.000  0.171E+03   0.10499E+00   0.00000E+00   0.10000E+00    0.50249E-02    0.99         test_N_all          
.3800E+00   100.000  0.164E+03   0.99386E-01   0.00000E+00   0.10000E+00    0.50249E-02   -0.01         test_N_all          
.3900E+00   100.000  0.157E+03   0.93931E-01   0.00000E+00   0.10000E+00    0.50249E-02   -1.46         test_N_all          
.4000E+00   100.000  0.151E+03   0.88628E-01   0.00000E+00   0.10000E+00    0.17692E-02  -41.31         test_N_all          
.4100E+00   100.000  0.145E+03   0.83484E-01   0.00000E+00   0.10000E+00    0.50249E-02  -10.80         test_N_all          
.4200E+00   100.000  0.139E+03   0.78501E-01   0.00000E+00   0.10000E+00    0.50249E-02  -18.31         test_N_all          
.4300E+00   100.000  0.133E+03   0.73682E-01   0.00000E+00   0.10000E+00    0.50249E-02  -27.43         test_N_all          
.4400E+00   100.000  0.128E+03   0.69034E-01   0.00000E+00   0.10000E+00    0.50249E-02  -37.98         test_N_all          
.4500E+00   100.000  0.123E+03   0.64556E-01   0.00000E+00   0.10000E+00    0.50249E-02  -49.75         test_N_all          
.4600E+00   100.000  0.118E+03   0.60254E-01   0.00000E+00   0.10000E+00    0.50249E-02  -62.56         test_N_all          
.4700E+00   100.000  0.114E+03   0.56127E-01   0.00000E+00   0.10000E+00    0.50249E-02  -76.23         test_N_all          
.4800E+00   100.000  0.109E+03   0.52178E-01   0.00000E+00   0.10000E+00    0.50249E-02  -90.57         test_N_all          
.4900E+00   100.000  0.105E+03   0.48408E-01   0.00000E+00   0.10000E+00    0.50249E-02 -105.41         test_N_all          
.5000E+00   100.000  0.101E+03   0.44816E-01   0.00000E+00   0.10000E+00    0.17692E-02 -972.93         test_N_all          
.5100E+00   100.000  0.970E+02   0.41403E-01   0.00000E+00   0.10000E+00    0.50249E-02 -135.99         test_N_all          
.5200E+00   100.000  0.932E+02   0.38166E-01   0.00000E+00   0.10000E+00    0.50249E-02 -151.43         test_N_all          
.5300E+00   100.000  0.896E+02   0.35102E-01   0.00000E+00   0.10000E+00    0.50249E-02 -166.80         test_N_all          
.5400E+00   100.000  0.861E+02   0.32212E-01   0.00000E+00   0.10000E+00    0.50249E-02 -181.99         test_N_all          
.5500E+00   100.000  0.827E+02   0.29489E-01   0.00000E+00   0.10000E+00    0.50249E-02 -196.90         test_N_all          
.5600E+00   100.000  0.795E+02   0.26932E-01   0.00000E+00   0.10000E+00    0.50249E-02 -211.44         test_N_all          
.5700E+00   100.000  0.763E+02   0.24537E-01   0.00000E+00   0.10000E+00    0.50249E-02 -225.53         test_N_all          
.5800E+00   100.000  0.733E+02   0.22298E-01   0.00000E+00   0.10000E+00    0.50249E-02 -239.11         test_N_all          
.5900E+00   100.000  0.704E+02   0.20211E-01   0.00000E+00   0.10000E+00    0.50249E-02 -252.13         test_N_all          
.6000E+00   100.000  0.675E+02   0.18270E-01   0.00000E+00   0.10000E+00    0.17692E-02 *******         test_N_all          
.6100E+00   100.000  0.648E+02   0.16471E-01   0.00000E+00   0.10000E+00    0.50249E-02 -276.32         test_N_all          
.6200E+00   100.000  0.622E+02   0.14807E-01   0.00000E+00   0.10000E+00    0.50249E-02 -287.44         test_N_all          
.6300E+00   100.000  0.596E+02   0.13272E-01   0.00000E+00   0.10000E+00    0.50249E-02 -297.89         test_N_all          
.6400E+00   100.000  0.571E+02   0.11860E-01   0.00000E+00   0.10000E+00    0.50249E-02 -307.67         test_N_all          
.6500E+00   100.000  0.547E+02   0.10566E-01   0.00000E+00   0.10000E+00    0.50249E-02 -316.77         test_N_all          
.6600E+00   100.000  0.524E+02   0.93824E-02   0.00000E+00   0.10000E+00    0.50249E-02 -325.21         test_N_all          
.6700E+00   100.000  0.501E+02   0.83032E-02   0.00000E+00   0.10000E+00    0.50249E-02 -333.00         test_N_all          
.6800E+00   100.000  0.479E+02   0.73228E-02   0.00000E+00   0.10000E+00    0.50249E-02 -340.16         test_N_all          
.6900E+00   100.000  0.458E+02   0.64338E-02   0.00000E+00   0.10000E+00    0.50249E-02 -346.72         test_N_all          
.7000E+00   100.000  0.437E+02   0.56316E-02   0.00000E+00   0.10000E+00    0.17692E-02 *******         test_N_all          
.7100E+00   100.000  0.417E+02   0.49092E-02   0.00000E+00   0.10000E+00    0.50249E-02 -358.11         test_N_all          
.7200E+00   100.000  0.398E+02   0.42611E-02   0.00000E+00   0.10000E+00    0.50249E-02 -363.01         test_N_all          
.7300E+00   100.000  0.379E+02   0.36826E-02   0.00000E+00   0.10000E+00    0.50249E-02 -367.41         test_N_all          
.7400E+00   100.000  0.360E+02   0.31665E-02   0.00000E+00   0.10000E+00    0.50249E-02 -371.36         test_N_all          
.7500E+00   100.000  0.342E+02   0.27094E-02   0.00000E+00   0.10000E+00    0.50249E-02 -374.87         test_N_all          
.7600E+00   100.000  0.325E+02   0.23055E-02   0.00000E+00   0.10000E+00    0.50249E-02 -377.99         test_N_all          
.7700E+00   100.000  0.308E+02   0.19500E-02   0.00000E+00   0.10000E+00    0.50249E-02 -380.74         test_N_all          
.7800E+00   100.000  0.291E+02   0.16395E-02   0.00000E+00   0.10000E+00    0.50249E-02 -383.16         test_N_all          
.7900E+00   100.000  0.275E+02   0.13681E-02   0.00000E+00   0.10000E+00    0.50249E-02 -385.28         test_N_all          
.8000E+00   100.000  0.259E+02   0.11335E-02   0.00000E+00   0.10000E+00    0.17692E-02 *******         test_N_all          
.8100E+00   100.000  0.243E+02   0.93133E-03   0.00000E+00   0.10000E+00    0.50249E-02 -388.70         test_N_all          
.8200E+00   100.000  0.228E+02   0.75801E-03   0.00000E+00   0.10000E+00    0.50249E-02 -390.06         test_N_all          
.8300E+00   100.000  0.214E+02   0.61135E-03   0.00000E+00   0.10000E+00    0.50249E-02 -391.21         test_N_all          
.8400E+00   100.000  0.199E+02   0.48671E-03   0.00000E+00   0.10000E+00    0.50249E-02 -392.19         test_N_all          
.8500E+00   100.000  0.185E+02   0.38282E-03   0.00000E+00   0.10000E+00    0.50249E-02 -393.01         test_N_all          
.8600E+00   100.000  0.172E+02   0.29687E-03   0.00000E+00   0.10000E+00    0.50249E-02 -393.69         test_N_all          
.8700E+00   100.000  0.158E+02   0.22606E-03   0.00000E+00   0.10000E+00    0.50249E-02 -394.25         test_N_all          
.8800E+00   100.000  0.145E+02   0.16925E-03   0.00000E+00   0.10000E+00    0.50249E-02 -394.70         test_N_all          
.8900E+00   100.000  0.132E+02   0.12352E-03   0.00000E+00   0.10000E+00    0.50249E-02 -395.06         test_N_all          
.9000E+00   100.000  0.120E+02   0.87825E-04   0.00000E+00   0.10000E+00    0.17692E-02 *******         test_N_all          
.9100E+00   100.000  0.108E+02   0.60640E-04   0.00000E+00   0.10000E+00    0.50249E-02 -395.56         test_N_all          
.9200E+00   100.000  0.958E+01   0.39977E-04   0.00000E+00   0.10000E+00    0.50249E-02 -395.72         test_N_all          
.9300E+00   100.000  0.841E+01   0.25297E-04   0.00000E+00   0.10000E+00    0.50249E-02 -395.84         test_N_all          
.9400E+00   100.000  0.726E+01   0.14884E-04   0.00000E+00   0.10000E+00    0.50249E-02 -395.92         test_N_all          
.9500E+00   100.000  0.614E+01   0.80005E-05   0.00000E+00   0.10000E+00    0.50249E-02 -395.98         test_N_all          
.9600E+00   100.000  0.505E+01   0.39761E-05   0.00000E+00   0.10000E+00    0.50249E-02 -396.01         test_N_all          
.9700E+00   100.000  0.397E+01   0.15056E-05   0.00000E+00   0.10000E+00    0.50249E-02 -396.03         test_N_all          
.9800E+00   100.000  0.292E+01   0.49325E-06   0.00000E+00   0.10000E+00    0.50249E-02 -396.04         test_N_all          
.9900E+00   100.000  0.189E+01   0.38507E-06   0.00000E+00   0.10000E+00    0.50249E-02 -396.04         test_N_all          
.1000E+01   100.000  0.882E+00   0.52544E-06   0.00000E+00   0.10000E+00    0.50249E-02 -396.04         test_N_all          



 CHI SQUARE=******** FOR  582 POINTS   CHISQ/NPTS=  676.56
 Signed chisquare total =********
 Modified residual =********


Summary normalization chi2 contributions

 data set     normalization        error         chisq


Summary chi2 per data set

 data set                chisq    _w     signd    _w     resid     _w   npts   chisq/pts  _w
test_N_all            393757.6        108474.4        ********           582  676.56
------------------------------------------------------------------------------------
          TOTAL       393757.6393757.6108474.4     0.0****************   582  676.56  676.56
          TOTAL+norm  393757.6393757.6                                   582  676.56  676.56



            Momentum Sum Rule Check


      q2      alphas      xuv       xdv       xub       xdb       xsb       xcb       xbb      xglue     total
      1.69    0.3845    0.3206    0.1347    0.0565    0.0668    0.0247    0.0000    0.0000    0.3970    1.0002
    100.00    0.1784    0.2259    0.0949    0.0658    0.0731    0.0434    0.0261    0.0088    0.4592    0.9972
   1000.00    0.1407    0.0000    0.0000    0.0000    0.0000    0.0000    0.0000    0.0000    0.0000    0.0000
   8315.00    0.1180    0.0000    0.0000    0.0000    0.0000    0.0000    0.0000    0.0000    0.0000    0.0000


 Vector Boson Cross Sections

 sqrt(s)   sigma(W)    error    theory

   1960.     2.865     0.063       0.000     D0

   1960.     2.749     0.054       0.000     CDF

   7000.     9.95      0.29        0.000     CMS

   7000.     9.96      0.55        0.000     ATLAS

 sqrt(s)   sigma(Z)    error    theory

   1960.     .2649     .0094       0.000     D0

   1960.     .2549     .0057       0.000     CDF

   7000.     .931      0.035       0.000     CMS

   7000.     .82       0.08        0.000     ATLAS


