 Correlated errors added in quadrature with statistical errors
 test_P_all           DIS data with   1.69< Q2 < 0.500D+03 and 0.000 < xB < 1.000 and   0.00< W2 < 0.100D+05 and 0.000 < y < 1.000
   GP TMC applied
   no HT corrections

# fitpack15: fit output
# CJ15 AV18 final data choices                                                 

Parametrization   7 used here

 S-ACOT scheme used  for NC DIS

 charm mass =     1.30 GeV     bottom mass =     4.50 GeV



 THIS IS A NEXT TO LEADING ORDER FIT

 Q02=    1.69
         1  LAMBDA      VALUE=   0.22680      WEIGHT=    0.0000    
         2  a0uv        VALUE=    1.8471      WEIGHT=    0.0000    
         3  a1uv        VALUE=   0.55825      WEIGHT=   0.25054E-01
         4  a2uv        VALUE=    3.6002      WEIGHT=   0.12208E-01
         5  a3uv        VALUE=    0.0000      WEIGHT=    0.0000    
         6  a4uv        VALUE=    5.0927      WEIGHT=   0.72931    
         7  a5uv        VALUE=    0.0000      WEIGHT=    0.0000    
         8  a0dv        VALUE=    25.392      WEIGHT=    0.0000    
         9  a1dv        VALUE=    1.1677      WEIGHT=   0.34358E-01
        10  a2dv        VALUE=    6.5272      WEIGHT=   0.17923    
        11  a3dv        VALUE=   -3.4851      WEIGHT=   0.97530E-01
        12  a4dv        VALUE=    4.6049      WEIGHT=   0.15124    
        13  a5dv        VALUE=    0.0000      WEIGHT=    0.0000    
        14  a0ud        VALUE=   0.14244      WEIGHT=   0.50115E-02
        15  a1ud        VALUE=  -0.21053      WEIGHT=   0.38198E-02
        16  a2ud        VALUE=    8.6769      WEIGHT=   0.20422    
        17  a3ud        VALUE=    0.0000      WEIGHT=    0.0000    
        18  a4ud        VALUE=    16.107      WEIGHT=    1.3734    
        19  a5ud        VALUE=    0.0000      WEIGHT=    0.0000    
        20  a0du        VALUE=    35712.      WEIGHT=    0.0000    
        21  a1du        VALUE=    4.2318      WEIGHT=   0.12764    
        22  a2du        VALUE=    20.917      WEIGHT=    1.2966    
        23  a3du        VALUE=    17.000      WEIGHT=    0.0000    
        24  a4du        VALUE=    59.486      WEIGHT=    14.547    
        25  a0g         VALUE=    44.614      WEIGHT=    0.0000    
        26  a1g         VALUE=   0.59940      WEIGHT=   0.28530E-01
        27  a2g         VALUE=    5.7147      WEIGHT=   0.79453    
        28  a3g         VALUE=   -3.3522      WEIGHT=   0.11870    
        29  a4g         VALUE=    3.1421      WEIGHT=   0.24156    
        30  a5g         VALUE=    0.0000      WEIGHT=    0.0000    
        31  kappa       VALUE=   0.40000      WEIGHT=    0.0000    
        32  a6dv        VALUE=  -0.26578E-02  WEIGHT=   0.70239E-03
        33  a7dv        VALUE=    2.0000      WEIGHT=    0.0000    
        34  off1        VALUE=    5.9370      WEIGHT=    1.6144    
        35  off2        VALUE=  -0.42303E-02  WEIGHT=   0.47898E-01
        36  off3        VALUE=   0.41016      WEIGHT=   0.55933E-01
        37  ht1         VALUE=   -4.7695      WEIGHT=    1.3478    
        38  ht2         VALUE=    2.3831      WEIGHT=   0.22643    
        39  ht3         VALUE=   -2.1265      WEIGHT=   0.31948E-01
        40  ht4         VALUE=    2.7849      WEIGHT=   0.16868    
        41  dummy41     VALUE=    0.0000      WEIGHT=    0.0000    
        42  dummy42     VALUE=    0.0000      WEIGHT=    0.0000    
        43  dummy43     VALUE=    0.0000      WEIGHT=    0.0000    
        44  dummy44     VALUE=    0.0000      WEIGHT=    0.0000    
        45  dummy45     VALUE=    0.0000      WEIGHT=    0.0000    
        46  dummy46     VALUE=    0.0000      WEIGHT=    0.0000    
        47  dummy47     VALUE=    0.0000      WEIGHT=    0.0000    
        48  dummy48     VALUE=    0.0000      WEIGHT=    0.0000    
        49  dummy49     VALUE=    0.0000      WEIGHT=    0.0000    
        50  bcdmsh2     VALUE=   0.97096      WEIGHT=   0.49105E-02
        51  bcdmsd2     VALUE=   0.99325      WEIGHT=   0.58967E-02
        52  ccfr        VALUE=    1.0000      WEIGHT=    0.0000    
        53  nutev       VALUE=    1.0000      WEIGHT=    0.0000    
        54  zeus        VALUE=   0.97998      WEIGHT=    0.0000    
        55  h1          VALUE=    1.0162      WEIGHT=    0.0000    
        56  e605        VALUE=    1.0319      WEIGHT=    0.0000    
        57  NmcH2       VALUE=    1.0073      WEIGHT=   0.71658E-02
        58  ntv_nu      VALUE=    1.0000      WEIGHT=    0.0000    
        59  ntv_nubar   VALUE=    1.0000      WEIGHT=    0.0000    
        60  cdf_jet     VALUE=   0.98910      WEIGHT=    0.0000    
        61  d0_jet      VALUE=   0.83504      WEIGHT=    0.0000    
        62  slac_p      VALUE=    1.0026      WEIGHT=   0.49551E-02
        63  slac_d      VALUE=    1.0017      WEIGHT=   0.53768E-02
        64  e866pp      VALUE=   0.99244      WEIGHT=   0.19961E-01
        65  e866pd      VALUE=   0.95804      WEIGHT=   0.16325E-01
        66  d0_gamjet   VALUE=    1.0392      WEIGHT=   0.16517E-01
        67  h1b         VALUE=   0.97608      WEIGHT=    0.0000    
        68  jlab_p      VALUE=   0.98564      WEIGHT=   0.58426E-02
        69  jlab_d      VALUE=   0.97568      WEIGHT=   0.60467E-02
        70  blank       VALUE=    1.0000      WEIGHT=    0.0000    
        71  d0run2      VALUE=   0.95172      WEIGHT=   0.15312E-01
        72  cdfrun2     VALUE=   0.93605      WEIGHT=   0.17768E-01
        73  HERA_el     VALUE=    1.0000      WEIGHT=    0.0000    
        74  HERA_ps     VALUE=    1.0000      WEIGHT=    0.0000    
        75  CDF_Z       VALUE=   0.95598      WEIGHT=   0.67622E-02
        76  NmcRat      VALUE=    1.0000      WEIGHT=    0.0000    
        77  BNS_F2nd    VALUE=   0.95971      WEIGHT=   0.73702E-02
        78  HERMES_F2p  VALUE=   0.99555      WEIGHT=   0.56742E-02
        79  HERMES_F2d  VALUE=   0.97803      WEIGHT=   0.58819E-02
0THE TOLERANCE IS    0.1000
 THE MAXIMUM NUMBER OF STEPS IS 100
0THE INITIAL CHI SQUARED IS  6.44763E+05



     X        Q2         W2       THEORY        error         DATA           ERROR        chi^2     _w    ITYPE
.1000E-01     2.000  0.199E+03   0.35417E+00   0.00000E+00   0.10000E+00    0.50249E-02 2558.60         test_P_all          
.2000E-01     2.000  0.989E+02   0.33529E+00   0.00000E+00   0.10000E+00    0.50249E-02 2192.51         test_P_all          
.3000E-01     2.000  0.655E+02   0.33098E+00   0.00000E+00   0.10000E+00    0.50249E-02 2112.94         test_P_all          
.4000E-01     2.000  0.489E+02   0.33407E+00   0.00000E+00   0.10000E+00    0.50249E-02 2169.92         test_P_all          
.5000E-01     2.000  0.389E+02   0.33778E+00   0.00000E+00   0.10000E+00    0.50249E-02 2239.17         test_P_all          
.6000E-01     2.000  0.322E+02   0.34262E+00   0.00000E+00   0.10000E+00    0.50249E-02 2331.24         test_P_all          
.7000E-01     2.000  0.275E+02   0.34685E+00   0.00000E+00   0.10000E+00    0.50249E-02 2413.33         test_P_all          
.8000E-01     2.000  0.239E+02   0.35047E+00   0.00000E+00   0.10000E+00    0.50249E-02 2484.52         test_P_all          
.9000E-01     2.000  0.211E+02   0.35353E+00   0.00000E+00   0.10000E+00    0.50249E-02 2545.64         test_P_all          
.1000E+00     2.000  0.189E+02   0.35589E+00   0.00000E+00   0.10000E+00    0.50249E-02 2593.26         test_P_all          
.1100E+00     2.000  0.171E+02   0.35783E+00   0.00000E+00   0.10000E+00    0.50249E-02 2632.81         test_P_all          
.1200E+00     2.000  0.155E+02   0.35927E+00   0.00000E+00   0.10000E+00    0.50249E-02 2662.30         test_P_all          
.1300E+00     2.000  0.143E+02   0.36025E+00   0.00000E+00   0.10000E+00    0.50249E-02 2682.31         test_P_all          
.1400E+00     2.000  0.132E+02   0.36092E+00   0.00000E+00   0.10000E+00    0.50249E-02 2696.25         test_P_all          
.1500E+00     2.000  0.122E+02   0.36117E+00   0.00000E+00   0.10000E+00    0.50249E-02 2701.48         test_P_all          
.1600E+00     2.000  0.114E+02   0.36108E+00   0.00000E+00   0.10000E+00    0.50249E-02 2699.43         test_P_all          
.1700E+00     2.000  0.106E+02   0.36062E+00   0.00000E+00   0.10000E+00    0.50249E-02 2689.91         test_P_all          
.1800E+00     2.000  0.999E+01   0.35977E+00   0.00000E+00   0.10000E+00    0.50249E-02 2672.54         test_P_all          
.1900E+00     2.000  0.941E+01   0.35855E+00   0.00000E+00   0.10000E+00    0.50249E-02 2647.50         test_P_all          
.2000E+00     2.000  0.888E+01   0.35695E+00   0.00000E+00   0.10000E+00    0.50249E-02 2614.79         test_P_all          
.2100E+00     2.000  0.841E+01   0.35496E+00   0.00000E+00   0.10000E+00    0.50249E-02 2574.34         test_P_all          
.2200E+00     2.000  0.797E+01   0.35256E+00   0.00000E+00   0.10000E+00    0.50249E-02 2526.27         test_P_all          
.2300E+00     2.000  0.758E+01   0.34979E+00   0.00000E+00   0.10000E+00    0.50249E-02 2471.11         test_P_all          
.2400E+00     2.000  0.722E+01   0.34662E+00   0.00000E+00   0.10000E+00    0.50249E-02 2408.68         test_P_all          
.2500E+00     2.000  0.688E+01   0.34306E+00   0.00000E+00   0.10000E+00    0.50249E-02 2339.81         test_P_all          
.2600E+00     2.000  0.657E+01   0.33915E+00   0.00000E+00   0.10000E+00    0.50249E-02 2265.03         test_P_all          
.2700E+00     2.000  0.629E+01   0.33487E+00   0.00000E+00   0.10000E+00    0.50249E-02 2184.63         test_P_all          
.2800E+00     2.000  0.602E+01   0.33025E+00   0.00000E+00   0.10000E+00    0.50249E-02 2099.55         test_P_all          
.2900E+00     2.000  0.578E+01   0.32531E+00   0.00000E+00   0.10000E+00    0.50249E-02 2010.42         test_P_all          
.3000E+00     2.000  0.555E+01   0.32006E+00   0.00000E+00   0.10000E+00    0.18868E-02 *******         test_P_all          
.3100E+00     2.000  0.533E+01   0.31454E+00   0.00000E+00   0.10000E+00    0.50249E-02 1822.84         test_P_all          
.3200E+00     2.000  0.513E+01   0.30876E+00   0.00000E+00   0.10000E+00    0.50249E-02 1725.95         test_P_all          
.3300E+00     2.000  0.494E+01   0.30275E+00   0.00000E+00   0.10000E+00    0.50249E-02 1627.95         test_P_all          
.3400E+00     2.000  0.476E+01   0.29652E+00   0.00000E+00   0.10000E+00    0.50249E-02 1529.56         test_P_all          
.3500E+00     2.000  0.460E+01   0.29012E+00   0.00000E+00   0.10000E+00    0.50249E-02 1431.47         test_P_all          
.3600E+00     2.000  0.444E+01   0.28355E+00   0.00000E+00   0.10000E+00    0.50249E-02 1334.28         test_P_all          
.3700E+00     2.000  0.429E+01   0.27684E+00   0.00000E+00   0.10000E+00    0.50249E-02 1238.56         test_P_all          
.3800E+00     2.000  0.414E+01   0.27003E+00   0.00000E+00   0.10000E+00    0.50249E-02 1144.89         test_P_all          
.3900E+00     2.000  0.401E+01   0.26311E+00   0.00000E+00   0.10000E+00    0.50249E-02 1053.69         test_P_all          
.4000E+00     2.000  0.388E+01   0.25613E+00   0.00000E+00   0.10000E+00    0.17692E-02 7787.69         test_P_all          
.4100E+00     2.000  0.376E+01   0.24909E+00   0.00000E+00   0.10000E+00    0.50249E-02  880.33         test_P_all          
.4200E+00     2.000  0.364E+01   0.24202E+00   0.00000E+00   0.10000E+00    0.50249E-02  798.84         test_P_all          
.4300E+00     2.000  0.353E+01   0.23494E+00   0.00000E+00   0.10000E+00    0.50249E-02  721.13         test_P_all          
.4400E+00     2.000  0.343E+01   0.22786E+00   0.00000E+00   0.10000E+00    0.50249E-02  647.45         test_P_all          
.4500E+00     2.000  0.333E+01   0.22080E+00   0.00000E+00   0.10000E+00    0.50249E-02  577.93         test_P_all          
.4600E+00     2.000  0.323E+01   0.21377E+00   0.00000E+00   0.10000E+00    0.50249E-02  512.65         test_P_all          
.4700E+00     2.000  0.314E+01   0.20680E+00   0.00000E+00   0.10000E+00    0.50249E-02  451.71         test_P_all          
.4800E+00     2.000  0.305E+01   0.19988E+00   0.00000E+00   0.10000E+00    0.50249E-02  395.12         test_P_all          
.4900E+00     2.000  0.296E+01   0.19304E+00   0.00000E+00   0.10000E+00    0.50249E-02  342.85         test_P_all          
.5000E+00     2.000  0.288E+01   0.18629E+00   0.00000E+00   0.10000E+00    0.17692E-02 2378.82         test_P_all          
.5100E+00     2.000  0.280E+01   0.17963E+00   0.00000E+00   0.10000E+00    0.50249E-02  251.14         test_P_all          
.5200E+00     2.000  0.273E+01   0.17308E+00   0.00000E+00   0.10000E+00    0.50249E-02  211.52         test_P_all          
.5300E+00     2.000  0.266E+01   0.16664E+00   0.00000E+00   0.10000E+00    0.50249E-02  175.89         test_P_all          
.5400E+00     2.000  0.259E+01   0.16033E+00   0.00000E+00   0.10000E+00    0.50249E-02  144.14         test_P_all          
.5500E+00     2.000  0.252E+01   0.15414E+00   0.00000E+00   0.10000E+00    0.50249E-02  116.10         test_P_all          
.5600E+00     2.000  0.245E+01   0.14809E+00   0.00000E+00   0.10000E+00    0.50249E-02   91.59         test_P_all          
.5700E+00     2.000  0.239E+01   0.14218E+00   0.00000E+00   0.10000E+00    0.50249E-02   70.46         test_P_all          
.5800E+00     2.000  0.233E+01   0.13641E+00   0.00000E+00   0.10000E+00    0.50249E-02   52.51         test_P_all          
.5900E+00     2.000  0.227E+01   0.13079E+00   0.00000E+00   0.10000E+00    0.50249E-02   37.55         test_P_all          
.6000E+00     2.000  0.222E+01   0.12532E+00   0.00000E+00   0.10000E+00    0.17692E-02  204.83         test_P_all          
.6100E+00     2.000  0.216E+01   0.12001E+00   0.00000E+00   0.10000E+00    0.50249E-02   15.85         test_P_all          
.6200E+00     2.000  0.211E+01   0.11484E+00   0.00000E+00   0.10000E+00    0.50249E-02    8.73         test_P_all          
.6300E+00     2.000  0.206E+01   0.10984E+00   0.00000E+00   0.10000E+00    0.50249E-02    3.83         test_P_all          
.6400E+00     2.000  0.201E+01   0.10498E+00   0.00000E+00   0.10000E+00    0.50249E-02    0.98         test_P_all          
.6500E+00     2.000  0.196E+01   0.10029E+00   0.00000E+00   0.10000E+00    0.50249E-02    0.00         test_P_all          
.6600E+00     2.000  0.191E+01   0.95749E-01   0.00000E+00   0.10000E+00    0.50249E-02   -0.72         test_P_all          
.6700E+00     2.000  0.187E+01   0.91361E-01   0.00000E+00   0.10000E+00    0.50249E-02   -2.96         test_P_all          
.6800E+00     2.000  0.182E+01   0.87127E-01   0.00000E+00   0.10000E+00    0.50249E-02   -6.56         test_P_all          
.6900E+00     2.000  0.178E+01   0.83045E-01   0.00000E+00   0.10000E+00    0.50249E-02  -11.38         test_P_all          
.7000E+00     2.000  0.174E+01   0.79112E-01   0.00000E+00   0.10000E+00    0.17692E-02 -139.40         test_P_all          
.7100E+00     2.000  0.170E+01   0.75324E-01   0.00000E+00   0.10000E+00    0.50249E-02  -24.12         test_P_all          
.7200E+00     2.000  0.166E+01   0.71680E-01   0.00000E+00   0.10000E+00    0.50249E-02  -31.76         test_P_all          
.7300E+00     2.000  0.162E+01   0.68180E-01   0.00000E+00   0.10000E+00    0.50249E-02  -40.10         test_P_all          
.7400E+00     2.000  0.158E+01   0.64816E-01   0.00000E+00   0.10000E+00    0.50249E-02  -49.03         test_P_all          
.7500E+00     2.000  0.155E+01   0.61588E-01   0.00000E+00   0.10000E+00    0.50249E-02  -58.44         test_P_all          
.7600E+00     2.000  0.151E+01   0.58491E-01   0.00000E+00   0.10000E+00    0.50249E-02  -68.24         test_P_all          
.7700E+00     2.000  0.148E+01   0.55524E-01   0.00000E+00   0.10000E+00    0.50249E-02  -78.34         test_P_all          
.7800E+00     2.000  0.145E+01   0.52682E-01   0.00000E+00   0.10000E+00    0.50249E-02  -88.67         test_P_all          
.7900E+00     2.000  0.141E+01   0.49961E-01   0.00000E+00   0.10000E+00    0.50249E-02  -99.16         test_P_all          
.8000E+00     2.000  0.138E+01   0.47357E-01   0.00000E+00   0.10000E+00    0.17692E-02 -885.40         test_P_all          
.8100E+00     2.000  0.135E+01   0.44869E-01   0.00000E+00   0.10000E+00    0.50249E-02 -120.37         test_P_all          
.8200E+00     2.000  0.132E+01   0.42492E-01   0.00000E+00   0.10000E+00    0.50249E-02 -130.98         test_P_all          
.8300E+00     2.000  0.129E+01   0.40222E-01   0.00000E+00   0.10000E+00    0.50249E-02 -141.52         test_P_all          
.8400E+00     2.000  0.126E+01   0.38055E-01   0.00000E+00   0.10000E+00    0.50249E-02 -151.97         test_P_all          
.8500E+00     2.000  0.123E+01   0.35987E-01   0.00000E+00   0.10000E+00    0.50249E-02 -162.28         test_P_all          
.8600E+00     2.000  0.121E+01   0.34018E-01   0.00000E+00   0.10000E+00    0.50249E-02 -172.42         test_P_all          
.8700E+00     2.000  0.118E+01   0.32140E-01   0.00000E+00   0.10000E+00    0.50249E-02 -182.37         test_P_all          
.8800E+00     2.000  0.115E+01   0.30352E-01   0.00000E+00   0.10000E+00    0.50249E-02 -192.11         test_P_all          
.8900E+00     2.000  0.113E+01   0.28650E-01   0.00000E+00   0.10000E+00    0.50249E-02 -201.62         test_P_all          
.9000E+00     2.000  0.110E+01   0.27030E-01   0.00000E+00   0.10000E+00    0.17692E-02 *******         test_P_all          
.9100E+00     2.000  0.108E+01   0.25491E-01   0.00000E+00   0.10000E+00    0.50249E-02 -219.86         test_P_all          
.9200E+00     2.000  0.106E+01   0.24028E-01   0.00000E+00   0.10000E+00    0.50249E-02 -228.58         test_P_all          
.9300E+00     2.000  0.103E+01   0.22638E-01   0.00000E+00   0.10000E+00    0.50249E-02 -237.03         test_P_all          
.9400E+00     2.000  0.101E+01   0.21317E-01   0.00000E+00   0.10000E+00    0.50249E-02 -245.19         test_P_all          
.9500E+00     2.000  0.987E+00   0.20064E-01   0.00000E+00   0.10000E+00    0.50249E-02 -253.06         test_P_all          
.9600E+00     2.000  0.965E+00   0.18875E-01   0.00000E+00   0.10000E+00    0.50249E-02 -260.64         test_P_all          
.9700E+00     2.000  0.944E+00   0.17749E-01   0.00000E+00   0.10000E+00    0.50249E-02 -267.93         test_P_all          
.9800E+00     2.000  0.923E+00   0.16680E-01   0.00000E+00   0.10000E+00    0.50249E-02 -274.94         test_P_all          
.9900E+00     2.000  0.902E+00   0.15668E-01   0.00000E+00   0.10000E+00    0.50249E-02 -281.66         test_P_all          
.1000E+01     2.000  0.882E+00   0.14709E-01   0.00000E+00   0.10000E+00    0.50249E-02 -288.10         test_P_all          
.1000E-01     5.000  0.496E+03   0.46157E+00   0.00000E+00   0.10000E+00    0.50249E-02 5177.63         test_P_all          
.2000E-01     5.000  0.246E+03   0.41566E+00   0.00000E+00   0.10000E+00    0.50249E-02 3946.22         test_P_all          
.3000E-01     5.000  0.163E+03   0.39640E+00   0.00000E+00   0.10000E+00    0.50249E-02 3479.25         test_P_all          
.4000E-01     5.000  0.121E+03   0.38984E+00   0.00000E+00   0.10000E+00    0.50249E-02 3327.11         test_P_all          
.5000E-01     5.000  0.959E+02   0.38506E+00   0.00000E+00   0.10000E+00    0.50249E-02 3218.18         test_P_all          
.6000E-01     5.000  0.792E+02   0.38297E+00   0.00000E+00   0.10000E+00    0.50249E-02 3171.19         test_P_all          
.7000E-01     5.000  0.673E+02   0.38092E+00   0.00000E+00   0.10000E+00    0.50249E-02 3125.40         test_P_all          
.8000E-01     5.000  0.584E+02   0.37914E+00   0.00000E+00   0.10000E+00    0.50249E-02 3085.92         test_P_all          
.9000E-01     5.000  0.514E+02   0.37731E+00   0.00000E+00   0.10000E+00    0.50249E-02 3045.47         test_P_all          
.1000E+00     5.000  0.459E+02   0.37535E+00   0.00000E+00   0.10000E+00    0.50249E-02 3002.78         test_P_all          
.1100E+00     5.000  0.413E+02   0.37336E+00   0.00000E+00   0.10000E+00    0.50249E-02 2959.34         test_P_all          
.1200E+00     5.000  0.375E+02   0.37129E+00   0.00000E+00   0.10000E+00    0.50249E-02 2914.69         test_P_all          
.1300E+00     5.000  0.343E+02   0.36908E+00   0.00000E+00   0.10000E+00    0.50249E-02 2867.54         test_P_all          
.1400E+00     5.000  0.316E+02   0.36676E+00   0.00000E+00   0.10000E+00    0.50249E-02 2818.19         test_P_all          
.1500E+00     5.000  0.292E+02   0.36428E+00   0.00000E+00   0.10000E+00    0.50249E-02 2766.04         test_P_all          
.1600E+00     5.000  0.271E+02   0.36161E+00   0.00000E+00   0.10000E+00    0.50249E-02 2710.49         test_P_all          
.1700E+00     5.000  0.253E+02   0.35875E+00   0.00000E+00   0.10000E+00    0.50249E-02 2651.50         test_P_all          
.1800E+00     5.000  0.237E+02   0.35567E+00   0.00000E+00   0.10000E+00    0.50249E-02 2588.76         test_P_all          
.1900E+00     5.000  0.222E+02   0.35233E+00   0.00000E+00   0.10000E+00    0.50249E-02 2521.60         test_P_all          
.2000E+00     5.000  0.209E+02   0.34875E+00   0.00000E+00   0.10000E+00    0.50249E-02 2450.54         test_P_all          
.2100E+00     5.000  0.197E+02   0.34488E+00   0.00000E+00   0.10000E+00    0.50249E-02 2374.91         test_P_all          
.2200E+00     5.000  0.186E+02   0.34074E+00   0.00000E+00   0.10000E+00    0.50249E-02 2295.19         test_P_all          
.2300E+00     5.000  0.176E+02   0.33632E+00   0.00000E+00   0.10000E+00    0.50249E-02 2211.83         test_P_all          
.2400E+00     5.000  0.167E+02   0.33161E+00   0.00000E+00   0.10000E+00    0.50249E-02 2124.51         test_P_all          
.2500E+00     5.000  0.159E+02   0.32663E+00   0.00000E+00   0.10000E+00    0.50249E-02 2034.05         test_P_all          
.2600E+00     5.000  0.151E+02   0.32136E+00   0.00000E+00   0.10000E+00    0.50249E-02 1940.68         test_P_all          
.2700E+00     5.000  0.144E+02   0.31583E+00   0.00000E+00   0.10000E+00    0.50249E-02 1844.94         test_P_all          
.2800E+00     5.000  0.137E+02   0.31006E+00   0.00000E+00   0.10000E+00    0.50249E-02 1747.50         test_P_all          
.2900E+00     5.000  0.131E+02   0.30404E+00   0.00000E+00   0.10000E+00    0.50249E-02 1648.79         test_P_all          
.3000E+00     5.000  0.125E+02   0.29780E+00   0.00000E+00   0.10000E+00    0.18868E-02 *******         test_P_all          
.3100E+00     5.000  0.120E+02   0.29136E+00   0.00000E+00   0.10000E+00    0.50249E-02 1450.27         test_P_all          
.3200E+00     5.000  0.115E+02   0.28474E+00   0.00000E+00   0.10000E+00    0.50249E-02 1351.60         test_P_all          
.3300E+00     5.000  0.110E+02   0.27795E+00   0.00000E+00   0.10000E+00    0.50249E-02 1254.07         test_P_all          
.3400E+00     5.000  0.106E+02   0.27101E+00   0.00000E+00   0.10000E+00    0.50249E-02 1158.24         test_P_all          
.3500E+00     5.000  0.102E+02   0.26395E+00   0.00000E+00   0.10000E+00    0.50249E-02 1064.58         test_P_all          
.3600E+00     5.000  0.977E+01   0.25678E+00   0.00000E+00   0.10000E+00    0.50249E-02  973.52         test_P_all          
.3700E+00     5.000  0.940E+01   0.24953E+00   0.00000E+00   0.10000E+00    0.50249E-02  885.52         test_P_all          
.3800E+00     5.000  0.904E+01   0.24221E+00   0.00000E+00   0.10000E+00    0.50249E-02  800.89         test_P_all          
.3900E+00     5.000  0.870E+01   0.23483E+00   0.00000E+00   0.10000E+00    0.50249E-02  719.96         test_P_all          
.4000E+00     5.000  0.838E+01   0.22742E+00   0.00000E+00   0.10000E+00    0.17692E-02 5187.31         test_P_all          
.4100E+00     5.000  0.808E+01   0.21999E+00   0.00000E+00   0.10000E+00    0.50249E-02  570.25         test_P_all          
.4200E+00     5.000  0.779E+01   0.21257E+00   0.00000E+00   0.10000E+00    0.50249E-02  501.86         test_P_all          
.4300E+00     5.000  0.751E+01   0.20516E+00   0.00000E+00   0.10000E+00    0.50249E-02  437.97         test_P_all          
.4400E+00     5.000  0.725E+01   0.19778E+00   0.00000E+00   0.10000E+00    0.50249E-02  378.64         test_P_all          
.4500E+00     5.000  0.699E+01   0.19045E+00   0.00000E+00   0.10000E+00    0.50249E-02  323.98         test_P_all          
.4600E+00     5.000  0.675E+01   0.18317E+00   0.00000E+00   0.10000E+00    0.50249E-02  273.96         test_P_all          
.4700E+00     5.000  0.652E+01   0.17597E+00   0.00000E+00   0.10000E+00    0.50249E-02  228.55         test_P_all          
.4800E+00     5.000  0.630E+01   0.16885E+00   0.00000E+00   0.10000E+00    0.50249E-02  187.73         test_P_all          
.4900E+00     5.000  0.609E+01   0.16183E+00   0.00000E+00   0.10000E+00    0.50249E-02  151.39         test_P_all          
.5000E+00     5.000  0.588E+01   0.15491E+00   0.00000E+00   0.10000E+00    0.17692E-02  963.38         test_P_all          
.5100E+00     5.000  0.569E+01   0.14812E+00   0.00000E+00   0.10000E+00    0.50249E-02   91.69         test_P_all          
.5200E+00     5.000  0.550E+01   0.14145E+00   0.00000E+00   0.10000E+00    0.50249E-02   68.03         test_P_all          
.5300E+00     5.000  0.532E+01   0.13491E+00   0.00000E+00   0.10000E+00    0.50249E-02   48.27         test_P_all          
.5400E+00     5.000  0.514E+01   0.12852E+00   0.00000E+00   0.10000E+00    0.50249E-02   32.22         test_P_all          
.5500E+00     5.000  0.497E+01   0.12228E+00   0.00000E+00   0.10000E+00    0.50249E-02   19.66         test_P_all          
.5600E+00     5.000  0.481E+01   0.11620E+00   0.00000E+00   0.10000E+00    0.50249E-02   10.39         test_P_all          
.5700E+00     5.000  0.465E+01   0.11028E+00   0.00000E+00   0.10000E+00    0.50249E-02    4.19         test_P_all          
.5800E+00     5.000  0.450E+01   0.10453E+00   0.00000E+00   0.10000E+00    0.50249E-02    0.81         test_P_all          
.5900E+00     5.000  0.436E+01   0.98947E-01   0.00000E+00   0.10000E+00    0.50249E-02   -0.04         test_P_all          
.6000E+00     5.000  0.422E+01   0.93542E-01   0.00000E+00   0.10000E+00    0.17692E-02  -13.33         test_P_all          
.6100E+00     5.000  0.408E+01   0.88312E-01   0.00000E+00   0.10000E+00    0.50249E-02   -5.41         test_P_all          
.6200E+00     5.000  0.395E+01   0.83264E-01   0.00000E+00   0.10000E+00    0.50249E-02  -11.09         test_P_all          
.6300E+00     5.000  0.382E+01   0.78397E-01   0.00000E+00   0.10000E+00    0.50249E-02  -18.48         test_P_all          
.6400E+00     5.000  0.369E+01   0.73709E-01   0.00000E+00   0.10000E+00    0.50249E-02  -27.38         test_P_all          
.6500E+00     5.000  0.357E+01   0.69205E-01   0.00000E+00   0.10000E+00    0.50249E-02  -37.56         test_P_all          
.6600E+00     5.000  0.346E+01   0.64882E-01   0.00000E+00   0.10000E+00    0.50249E-02  -48.84         test_P_all          
.6700E+00     5.000  0.334E+01   0.60737E-01   0.00000E+00   0.10000E+00    0.50249E-02  -61.05         test_P_all          
.6800E+00     5.000  0.323E+01   0.56774E-01   0.00000E+00   0.10000E+00    0.50249E-02  -74.00         test_P_all          
.6900E+00     5.000  0.313E+01   0.52986E-01   0.00000E+00   0.10000E+00    0.50249E-02  -87.54         test_P_all          
.7000E+00     5.000  0.302E+01   0.49373E-01   0.00000E+00   0.10000E+00    0.17692E-02 -818.90         test_P_all          
.7100E+00     5.000  0.292E+01   0.45932E-01   0.00000E+00   0.10000E+00    0.50249E-02 -115.78         test_P_all          
.7200E+00     5.000  0.283E+01   0.42660E-01   0.00000E+00   0.10000E+00    0.50249E-02 -130.21         test_P_all          
.7300E+00     5.000  0.273E+01   0.39552E-01   0.00000E+00   0.10000E+00    0.50249E-02 -144.71         test_P_all          
.7400E+00     5.000  0.264E+01   0.36607E-01   0.00000E+00   0.10000E+00    0.50249E-02 -159.16         test_P_all          
.7500E+00     5.000  0.255E+01   0.33820E-01   0.00000E+00   0.10000E+00    0.50249E-02 -173.46         test_P_all          
.7600E+00     5.000  0.246E+01   0.31187E-01   0.00000E+00   0.10000E+00    0.50249E-02 -187.54         test_P_all          
.7700E+00     5.000  0.238E+01   0.28702E-01   0.00000E+00   0.10000E+00    0.50249E-02 -201.32         test_P_all          
.7800E+00     5.000  0.229E+01   0.26364E-01   0.00000E+00   0.10000E+00    0.50249E-02 -214.75         test_P_all          
.7900E+00     5.000  0.221E+01   0.24165E-01   0.00000E+00   0.10000E+00    0.50249E-02 -227.76         test_P_all          
.8000E+00     5.000  0.213E+01   0.22101E-01   0.00000E+00   0.10000E+00    0.17692E-02 *******         test_P_all          
.8100E+00     5.000  0.205E+01   0.20169E-01   0.00000E+00   0.10000E+00    0.50249E-02 -252.39         test_P_all          
.8200E+00     5.000  0.198E+01   0.18363E-01   0.00000E+00   0.10000E+00    0.50249E-02 -263.94         test_P_all          
.8300E+00     5.000  0.191E+01   0.16677E-01   0.00000E+00   0.10000E+00    0.50249E-02 -274.96         test_P_all          
.8400E+00     5.000  0.183E+01   0.15108E-01   0.00000E+00   0.10000E+00    0.50249E-02 -285.41         test_P_all          
.8500E+00     5.000  0.176E+01   0.13650E-01   0.00000E+00   0.10000E+00    0.50249E-02 -295.30         test_P_all          
.8600E+00     5.000  0.170E+01   0.12298E-01   0.00000E+00   0.10000E+00    0.50249E-02 -304.62         test_P_all          
.8700E+00     5.000  0.163E+01   0.11047E-01   0.00000E+00   0.10000E+00    0.50249E-02 -313.37         test_P_all          
.8800E+00     5.000  0.156E+01   0.98932E-02   0.00000E+00   0.10000E+00    0.50249E-02 -321.55         test_P_all          
.8900E+00     5.000  0.150E+01   0.88306E-02   0.00000E+00   0.10000E+00    0.50249E-02 -329.18         test_P_all          
.9000E+00     5.000  0.144E+01   0.78545E-02   0.00000E+00   0.10000E+00    0.17692E-02 *******         test_P_all          
.9100E+00     5.000  0.138E+01   0.69605E-02   0.00000E+00   0.10000E+00    0.50249E-02 -342.83         test_P_all          
.9200E+00     5.000  0.132E+01   0.61446E-02   0.00000E+00   0.10000E+00    0.50249E-02 -348.86         test_P_all          
.9300E+00     5.000  0.126E+01   0.54016E-02   0.00000E+00   0.10000E+00    0.50249E-02 -354.41         test_P_all          
.9400E+00     5.000  0.120E+01   0.47272E-02   0.00000E+00   0.10000E+00    0.50249E-02 -359.48         test_P_all          
.9500E+00     5.000  0.114E+01   0.41175E-02   0.00000E+00   0.10000E+00    0.50249E-02 -364.10         test_P_all          
.9600E+00     5.000  0.109E+01   0.35680E-02   0.00000E+00   0.10000E+00    0.50249E-02 -368.28         test_P_all          
.9700E+00     5.000  0.104E+01   0.30748E-02   0.00000E+00   0.10000E+00    0.50249E-02 -372.06         test_P_all          
.9800E+00     5.000  0.984E+00   0.26340E-02   0.00000E+00   0.10000E+00    0.50249E-02 -375.45         test_P_all          
.9900E+00     5.000  0.932E+00   0.22417E-02   0.00000E+00   0.10000E+00    0.50249E-02 -378.48         test_P_all          
.1000E+01     5.000  0.882E+00   0.18944E-02   0.00000E+00   0.10000E+00    0.50249E-02 -381.18         test_P_all          
.1000E-01    10.000  0.991E+03   0.54220E+00   0.00000E+00   0.10000E+00    0.50249E-02 7744.21         test_P_all          
.2000E-01    10.000  0.491E+03   0.47299E+00   0.00000E+00   0.10000E+00    0.50249E-02 5509.76         test_P_all          
.3000E-01    10.000  0.324E+03   0.44036E+00   0.00000E+00   0.10000E+00    0.50249E-02 4587.84         test_P_all          
.4000E-01    10.000  0.241E+03   0.42564E+00   0.00000E+00   0.10000E+00    0.50249E-02 4199.74         test_P_all          
.5000E-01    10.000  0.191E+03   0.41372E+00   0.00000E+00   0.10000E+00    0.50249E-02 3897.79         test_P_all          
.6000E-01    10.000  0.158E+03   0.40633E+00   0.00000E+00   0.10000E+00    0.50249E-02 3716.39         test_P_all          
.7000E-01    10.000  0.134E+03   0.39961E+00   0.00000E+00   0.10000E+00    0.50249E-02 3555.18         test_P_all          
.8000E-01    10.000  0.116E+03   0.39403E+00   0.00000E+00   0.10000E+00    0.50249E-02 3423.87         test_P_all          
.9000E-01    10.000  0.102E+03   0.38885E+00   0.00000E+00   0.10000E+00    0.50249E-02 3304.29         test_P_all          
.1000E+00    10.000  0.909E+02   0.38408E+00   0.00000E+00   0.10000E+00    0.50249E-02 3196.09         test_P_all          
.1100E+00    10.000  0.818E+02   0.37948E+00   0.00000E+00   0.10000E+00    0.50249E-02 3093.49         test_P_all          
.1200E+00    10.000  0.742E+02   0.37518E+00   0.00000E+00   0.10000E+00    0.50249E-02 2999.04         test_P_all          
.1300E+00    10.000  0.678E+02   0.37099E+00   0.00000E+00   0.10000E+00    0.50249E-02 2908.30         test_P_all          
.1400E+00    10.000  0.623E+02   0.36681E+00   0.00000E+00   0.10000E+00    0.50249E-02 2819.41         test_P_all          
.1500E+00    10.000  0.575E+02   0.36266E+00   0.00000E+00   0.10000E+00    0.50249E-02 2732.29         test_P_all          
.1600E+00    10.000  0.534E+02   0.35841E+00   0.00000E+00   0.10000E+00    0.50249E-02 2644.64         test_P_all          
.1700E+00    10.000  0.497E+02   0.35408E+00   0.00000E+00   0.10000E+00    0.50249E-02 2556.70         test_P_all          
.1800E+00    10.000  0.464E+02   0.34962E+00   0.00000E+00   0.10000E+00    0.50249E-02 2467.81         test_P_all          
.1900E+00    10.000  0.435E+02   0.34499E+00   0.00000E+00   0.10000E+00    0.50249E-02 2376.94         test_P_all          
.2000E+00    10.000  0.409E+02   0.34018E+00   0.00000E+00   0.10000E+00    0.50249E-02 2284.70         test_P_all          
.2100E+00    10.000  0.385E+02   0.33516E+00   0.00000E+00   0.10000E+00    0.50249E-02 2190.16         test_P_all          
.2200E+00    10.000  0.363E+02   0.32993E+00   0.00000E+00   0.10000E+00    0.50249E-02 2093.85         test_P_all          
.2300E+00    10.000  0.344E+02   0.32449E+00   0.00000E+00   0.10000E+00    0.50249E-02 1995.95         test_P_all          
.2400E+00    10.000  0.325E+02   0.31882E+00   0.00000E+00   0.10000E+00    0.50249E-02 1896.36         test_P_all          
.2500E+00    10.000  0.309E+02   0.31294E+00   0.00000E+00   0.10000E+00    0.50249E-02 1795.80         test_P_all          
.2600E+00    10.000  0.293E+02   0.30684E+00   0.00000E+00   0.10000E+00    0.50249E-02 1694.40         test_P_all          
.2700E+00    10.000  0.279E+02   0.30054E+00   0.00000E+00   0.10000E+00    0.50249E-02 1592.72         test_P_all          
.2800E+00    10.000  0.266E+02   0.29406E+00   0.00000E+00   0.10000E+00    0.50249E-02 1491.46         test_P_all          
.2900E+00    10.000  0.254E+02   0.28740E+00   0.00000E+00   0.10000E+00    0.50249E-02 1390.84         test_P_all          
.3000E+00    10.000  0.242E+02   0.28058E+00   0.00000E+00   0.10000E+00    0.18868E-02 9159.65         test_P_all          
.3100E+00    10.000  0.231E+02   0.27361E+00   0.00000E+00   0.10000E+00    0.50249E-02 1193.68         test_P_all          
.3200E+00    10.000  0.221E+02   0.26651E+00   0.00000E+00   0.10000E+00    0.50249E-02 1098.08         test_P_all          
.3300E+00    10.000  0.212E+02   0.25930E+00   0.00000E+00   0.10000E+00    0.50249E-02 1005.04         test_P_all          
.3400E+00    10.000  0.203E+02   0.25200E+00   0.00000E+00   0.10000E+00    0.50249E-02  915.01         test_P_all          
.3500E+00    10.000  0.195E+02   0.24462E+00   0.00000E+00   0.10000E+00    0.50249E-02  828.30         test_P_all          
.3600E+00    10.000  0.187E+02   0.23718E+00   0.00000E+00   0.10000E+00    0.50249E-02  745.25         test_P_all          
.3700E+00    10.000  0.179E+02   0.22969E+00   0.00000E+00   0.10000E+00    0.50249E-02  666.15         test_P_all          
.3800E+00    10.000  0.172E+02   0.22218E+00   0.00000E+00   0.10000E+00    0.50249E-02  591.21         test_P_all          
.3900E+00    10.000  0.165E+02   0.21466E+00   0.00000E+00   0.10000E+00    0.50249E-02  520.68         test_P_all          
.4000E+00    10.000  0.159E+02   0.20714E+00   0.00000E+00   0.10000E+00    0.17692E-02 3667.73         test_P_all          
.4100E+00    10.000  0.153E+02   0.19965E+00   0.00000E+00   0.10000E+00    0.50249E-02  393.25         test_P_all          
.4200E+00    10.000  0.147E+02   0.19218E+00   0.00000E+00   0.10000E+00    0.50249E-02  336.56         test_P_all          
.4300E+00    10.000  0.141E+02   0.18477E+00   0.00000E+00   0.10000E+00    0.50249E-02  284.58         test_P_all          
.4400E+00    10.000  0.136E+02   0.17741E+00   0.00000E+00   0.10000E+00    0.50249E-02  237.34         test_P_all          
.4500E+00    10.000  0.131E+02   0.17013E+00   0.00000E+00   0.10000E+00    0.50249E-02  194.80         test_P_all          
.4600E+00    10.000  0.126E+02   0.16294E+00   0.00000E+00   0.10000E+00    0.50249E-02  156.88         test_P_all          
.4700E+00    10.000  0.122E+02   0.15584E+00   0.00000E+00   0.10000E+00    0.50249E-02  123.50         test_P_all          
.4800E+00    10.000  0.117E+02   0.14885E+00   0.00000E+00   0.10000E+00    0.50249E-02   94.52         test_P_all          
.4900E+00    10.000  0.113E+02   0.14198E+00   0.00000E+00   0.10000E+00    0.50249E-02   69.80         test_P_all          
.5000E+00    10.000  0.109E+02   0.13524E+00   0.00000E+00   0.10000E+00    0.17692E-02  396.79         test_P_all          
.5100E+00    10.000  0.105E+02   0.12864E+00   0.00000E+00   0.10000E+00    0.50249E-02   32.47         test_P_all          
.5200E+00    10.000  0.101E+02   0.12218E+00   0.00000E+00   0.10000E+00    0.50249E-02   19.48         test_P_all          
.5300E+00    10.000  0.975E+01   0.11587E+00   0.00000E+00   0.10000E+00    0.50249E-02    9.98         test_P_all          
.5400E+00    10.000  0.940E+01   0.10972E+00   0.00000E+00   0.10000E+00    0.50249E-02    3.74         test_P_all          
.5500E+00    10.000  0.906E+01   0.10375E+00   0.00000E+00   0.10000E+00    0.50249E-02    0.56         test_P_all          
.5600E+00    10.000  0.874E+01   0.97937E-01   0.00000E+00   0.10000E+00    0.50249E-02   -0.17         test_P_all          
.5700E+00    10.000  0.843E+01   0.92305E-01   0.00000E+00   0.10000E+00    0.50249E-02   -2.35         test_P_all          
.5800E+00    10.000  0.812E+01   0.86854E-01   0.00000E+00   0.10000E+00    0.50249E-02   -6.84         test_P_all          
.5900E+00    10.000  0.783E+01   0.81585E-01   0.00000E+00   0.10000E+00    0.50249E-02  -13.43         test_P_all          
.6000E+00    10.000  0.755E+01   0.76504E-01   0.00000E+00   0.10000E+00    0.17692E-02 -176.38         test_P_all          
.6100E+00    10.000  0.728E+01   0.71611E-01   0.00000E+00   0.10000E+00    0.50249E-02  -31.92         test_P_all          
.6200E+00    10.000  0.701E+01   0.66906E-01   0.00000E+00   0.10000E+00    0.50249E-02  -43.38         test_P_all          
.6300E+00    10.000  0.675E+01   0.62394E-01   0.00000E+00   0.10000E+00    0.50249E-02  -56.01         test_P_all          
.6400E+00    10.000  0.651E+01   0.58072E-01   0.00000E+00   0.10000E+00    0.50249E-02  -69.62         test_P_all          
.6500E+00    10.000  0.627E+01   0.53938E-01   0.00000E+00   0.10000E+00    0.50249E-02  -84.03         test_P_all          
.6600E+00    10.000  0.603E+01   0.49996E-01   0.00000E+00   0.10000E+00    0.50249E-02  -99.02         test_P_all          
.6700E+00    10.000  0.581E+01   0.46241E-01   0.00000E+00   0.10000E+00    0.50249E-02 -114.46         test_P_all          
.6800E+00    10.000  0.559E+01   0.42672E-01   0.00000E+00   0.10000E+00    0.50249E-02 -130.16         test_P_all          
.6900E+00    10.000  0.537E+01   0.39287E-01   0.00000E+00   0.10000E+00    0.50249E-02 -145.99         test_P_all          
.7000E+00    10.000  0.517E+01   0.36081E-01   0.00000E+00   0.10000E+00    0.17692E-02 *******         test_P_all          
.7100E+00    10.000  0.497E+01   0.33054E-01   0.00000E+00   0.10000E+00    0.50249E-02 -177.50         test_P_all          
.7200E+00    10.000  0.477E+01   0.30200E-01   0.00000E+00   0.10000E+00    0.50249E-02 -192.95         test_P_all          
.7300E+00    10.000  0.458E+01   0.27516E-01   0.00000E+00   0.10000E+00    0.50249E-02 -208.07         test_P_all          
.7400E+00    10.000  0.440E+01   0.24999E-01   0.00000E+00   0.10000E+00    0.50249E-02 -222.78         test_P_all          
.7500E+00    10.000  0.422E+01   0.22642E-01   0.00000E+00   0.10000E+00    0.50249E-02 -237.00         test_P_all          
.7600E+00    10.000  0.404E+01   0.20441E-01   0.00000E+00   0.10000E+00    0.50249E-02 -250.68         test_P_all          
.7700E+00    10.000  0.387E+01   0.18393E-01   0.00000E+00   0.10000E+00    0.50249E-02 -263.75         test_P_all          
.7800E+00    10.000  0.370E+01   0.16490E-01   0.00000E+00   0.10000E+00    0.50249E-02 -276.19         test_P_all          
.7900E+00    10.000  0.354E+01   0.14728E-01   0.00000E+00   0.10000E+00    0.50249E-02 -287.97         test_P_all          
.8000E+00    10.000  0.338E+01   0.13102E-01   0.00000E+00   0.10000E+00    0.17692E-02 *******         test_P_all          
.8100E+00    10.000  0.323E+01   0.11605E-01   0.00000E+00   0.10000E+00    0.50249E-02 -309.45         test_P_all          
.8200E+00    10.000  0.308E+01   0.10233E-01   0.00000E+00   0.10000E+00    0.50249E-02 -319.13         test_P_all          
.8300E+00    10.000  0.293E+01   0.89791E-02   0.00000E+00   0.10000E+00    0.50249E-02 -328.11         test_P_all          
.8400E+00    10.000  0.279E+01   0.78376E-02   0.00000E+00   0.10000E+00    0.50249E-02 -336.39         test_P_all          
.8500E+00    10.000  0.265E+01   0.68024E-02   0.00000E+00   0.10000E+00    0.50249E-02 -343.99         test_P_all          
.8600E+00    10.000  0.251E+01   0.58685E-02   0.00000E+00   0.10000E+00    0.50249E-02 -350.92         test_P_all          
.8700E+00    10.000  0.238E+01   0.50294E-02   0.00000E+00   0.10000E+00    0.50249E-02 -357.20         test_P_all          
.8800E+00    10.000  0.225E+01   0.42795E-02   0.00000E+00   0.10000E+00    0.50249E-02 -362.87         test_P_all          
.8900E+00    10.000  0.212E+01   0.36129E-02   0.00000E+00   0.10000E+00    0.50249E-02 -367.94         test_P_all          
.9000E+00    10.000  0.199E+01   0.30241E-02   0.00000E+00   0.10000E+00    0.17692E-02 *******         test_P_all          
.9100E+00    10.000  0.187E+01   0.25074E-02   0.00000E+00   0.10000E+00    0.50249E-02 -376.43         test_P_all          
.9200E+00    10.000  0.175E+01   0.20570E-02   0.00000E+00   0.10000E+00    0.50249E-02 -379.91         test_P_all          
.9300E+00    10.000  0.163E+01   0.16679E-02   0.00000E+00   0.10000E+00    0.50249E-02 -382.94         test_P_all          
.9400E+00    10.000  0.152E+01   0.13352E-02   0.00000E+00   0.10000E+00    0.50249E-02 -385.53         test_P_all          
.9500E+00    10.000  0.141E+01   0.10523E-02   0.00000E+00   0.10000E+00    0.50249E-02 -387.75         test_P_all          
.9600E+00    10.000  0.130E+01   0.81563E-03   0.00000E+00   0.10000E+00    0.50249E-02 -389.61         test_P_all          
.9700E+00    10.000  0.119E+01   0.62057E-03   0.00000E+00   0.10000E+00    0.50249E-02 -391.14         test_P_all          
.9800E+00    10.000  0.109E+01   0.46053E-03   0.00000E+00   0.10000E+00    0.50249E-02 -392.40         test_P_all          
.9900E+00    10.000  0.983E+00   0.33286E-03   0.00000E+00   0.10000E+00    0.50249E-02 -393.41         test_P_all          
.1000E+01    10.000  0.882E+00   0.23378E-03   0.00000E+00   0.10000E+00    0.50249E-02 -394.19         test_P_all          
.1000E-01    20.000  0.198E+04   0.62182E+00   0.00000E+00   0.10000E+00    0.50249E-02 *******         test_P_all          
.2000E-01    20.000  0.981E+03   0.52699E+00   0.00000E+00   0.10000E+00    0.50249E-02 7220.55         test_P_all          
.3000E-01    20.000  0.648E+03   0.48020E+00   0.00000E+00   0.10000E+00    0.50249E-02 5724.70         test_P_all          
.4000E-01    20.000  0.481E+03   0.45728E+00   0.00000E+00   0.10000E+00    0.50249E-02 5055.29         test_P_all          
.5000E-01    20.000  0.381E+03   0.43827E+00   0.00000E+00   0.10000E+00    0.50249E-02 4531.77         test_P_all          
.6000E-01    20.000  0.314E+03   0.42578E+00   0.00000E+00   0.10000E+00    0.50249E-02 4203.30         test_P_all          
.7000E-01    20.000  0.267E+03   0.41457E+00   0.00000E+00   0.10000E+00    0.50249E-02 3918.88         test_P_all          
.8000E-01    20.000  0.231E+03   0.40556E+00   0.00000E+00   0.10000E+00    0.50249E-02 3697.79         test_P_all          
.9000E-01    20.000  0.203E+03   0.39742E+00   0.00000E+00   0.10000E+00    0.50249E-02 3503.32         test_P_all          
.1000E+00    20.000  0.181E+03   0.39019E+00   0.00000E+00   0.10000E+00    0.50249E-02 3335.08         test_P_all          
.1100E+00    20.000  0.163E+03   0.38345E+00   0.00000E+00   0.10000E+00    0.50249E-02 3181.89         test_P_all          
.1200E+00    20.000  0.148E+03   0.37717E+00   0.00000E+00   0.10000E+00    0.50249E-02 3042.57         test_P_all          
.1300E+00    20.000  0.135E+03   0.37123E+00   0.00000E+00   0.10000E+00    0.50249E-02 2913.40         test_P_all          
.1400E+00    20.000  0.124E+03   0.36545E+00   0.00000E+00   0.10000E+00    0.50249E-02 2790.60         test_P_all          
.1500E+00    20.000  0.114E+03   0.35985E+00   0.00000E+00   0.10000E+00    0.50249E-02 2674.09         test_P_all          
.1600E+00    20.000  0.106E+03   0.35425E+00   0.00000E+00   0.10000E+00    0.50249E-02 2560.05         test_P_all          
.1700E+00    20.000  0.985E+02   0.34866E+00   0.00000E+00   0.10000E+00    0.50249E-02 2448.84         test_P_all          
.1800E+00    20.000  0.920E+02   0.34304E+00   0.00000E+00   0.10000E+00    0.50249E-02 2339.35         test_P_all          
.1900E+00    20.000  0.861E+02   0.33731E+00   0.00000E+00   0.10000E+00    0.50249E-02 2230.29         test_P_all          
.2000E+00    20.000  0.809E+02   0.33149E+00   0.00000E+00   0.10000E+00    0.50249E-02 2122.20         test_P_all          
.2100E+00    20.000  0.761E+02   0.32550E+00   0.00000E+00   0.10000E+00    0.50249E-02 2013.88         test_P_all          
.2200E+00    20.000  0.718E+02   0.31937E+00   0.00000E+00   0.10000E+00    0.50249E-02 1905.92         test_P_all          
.2300E+00    20.000  0.678E+02   0.31309E+00   0.00000E+00   0.10000E+00    0.50249E-02 1798.36         test_P_all          
.2400E+00    20.000  0.642E+02   0.30664E+00   0.00000E+00   0.10000E+00    0.50249E-02 1691.11         test_P_all          
.2500E+00    20.000  0.609E+02   0.30004E+00   0.00000E+00   0.10000E+00    0.50249E-02 1584.77         test_P_all          
.2600E+00    20.000  0.578E+02   0.29327E+00   0.00000E+00   0.10000E+00    0.50249E-02 1479.40         test_P_all          
.2700E+00    20.000  0.550E+02   0.28637E+00   0.00000E+00   0.10000E+00    0.50249E-02 1375.53         test_P_all          
.2800E+00    20.000  0.523E+02   0.27932E+00   0.00000E+00   0.10000E+00    0.50249E-02 1273.54         test_P_all          
.2900E+00    20.000  0.498E+02   0.27216E+00   0.00000E+00   0.10000E+00    0.50249E-02 1173.76         test_P_all          
.3000E+00    20.000  0.475E+02   0.26487E+00   0.00000E+00   0.10000E+00    0.18868E-02 7635.89         test_P_all          
.3100E+00    20.000  0.454E+02   0.25751E+00   0.00000E+00   0.10000E+00    0.50249E-02  982.59         test_P_all          
.3200E+00    20.000  0.434E+02   0.25007E+00   0.00000E+00   0.10000E+00    0.50249E-02  891.96         test_P_all          
.3300E+00    20.000  0.415E+02   0.24257E+00   0.00000E+00   0.10000E+00    0.50249E-02  804.99         test_P_all          
.3400E+00    20.000  0.397E+02   0.23502E+00   0.00000E+00   0.10000E+00    0.50249E-02  722.00         test_P_all          
.3500E+00    20.000  0.380E+02   0.22744E+00   0.00000E+00   0.10000E+00    0.50249E-02  643.20         test_P_all          
.3600E+00    20.000  0.364E+02   0.21984E+00   0.00000E+00   0.10000E+00    0.50249E-02  568.81         test_P_all          
.3700E+00    20.000  0.349E+02   0.21225E+00   0.00000E+00   0.10000E+00    0.50249E-02  498.99         test_P_all          
.3800E+00    20.000  0.335E+02   0.20466E+00   0.00000E+00   0.10000E+00    0.50249E-02  433.83         test_P_all          
.3900E+00    20.000  0.322E+02   0.19711E+00   0.00000E+00   0.10000E+00    0.50249E-02  373.48         test_P_all          
.4000E+00    20.000  0.309E+02   0.18960E+00   0.00000E+00   0.10000E+00    0.17692E-02 2564.67         test_P_all          
.4100E+00    20.000  0.297E+02   0.18214E+00   0.00000E+00   0.10000E+00    0.50249E-02  267.19         test_P_all          
.4200E+00    20.000  0.285E+02   0.17475E+00   0.00000E+00   0.10000E+00    0.50249E-02  221.28         test_P_all          
.4300E+00    20.000  0.274E+02   0.16744E+00   0.00000E+00   0.10000E+00    0.50249E-02  180.10         test_P_all          
.4400E+00    20.000  0.263E+02   0.16022E+00   0.00000E+00   0.10000E+00    0.50249E-02  143.60         test_P_all          
.4500E+00    20.000  0.253E+02   0.15310E+00   0.00000E+00   0.10000E+00    0.50249E-02  111.66         test_P_all          
.4600E+00    20.000  0.244E+02   0.14609E+00   0.00000E+00   0.10000E+00    0.50249E-02   84.14         test_P_all          
.4700E+00    20.000  0.234E+02   0.13921E+00   0.00000E+00   0.10000E+00    0.50249E-02   60.89         test_P_all          
.4800E+00    20.000  0.225E+02   0.13246E+00   0.00000E+00   0.10000E+00    0.50249E-02   41.72         test_P_all          
.4900E+00    20.000  0.217E+02   0.12585E+00   0.00000E+00   0.10000E+00    0.50249E-02   26.46         test_P_all          
.5000E+00    20.000  0.209E+02   0.11938E+00   0.00000E+00   0.10000E+00    0.17692E-02  120.03         test_P_all          
.5100E+00    20.000  0.201E+02   0.11307E+00   0.00000E+00   0.10000E+00    0.50249E-02    6.77         test_P_all          
.5200E+00    20.000  0.193E+02   0.10693E+00   0.00000E+00   0.10000E+00    0.50249E-02    1.90         test_P_all          
.5300E+00    20.000  0.186E+02   0.10095E+00   0.00000E+00   0.10000E+00    0.50249E-02    0.04         test_P_all          
.5400E+00    20.000  0.179E+02   0.95142E-01   0.00000E+00   0.10000E+00    0.50249E-02   -0.93         test_P_all          
.5500E+00    20.000  0.172E+02   0.89515E-01   0.00000E+00   0.10000E+00    0.50249E-02   -4.35         test_P_all          
.5600E+00    20.000  0.166E+02   0.84069E-01   0.00000E+00   0.10000E+00    0.50249E-02  -10.05         test_P_all          
.5700E+00    20.000  0.160E+02   0.78810E-01   0.00000E+00   0.10000E+00    0.50249E-02  -17.78         test_P_all          
.5800E+00    20.000  0.154E+02   0.73739E-01   0.00000E+00   0.10000E+00    0.50249E-02  -27.31         test_P_all          
.5900E+00    20.000  0.148E+02   0.68858E-01   0.00000E+00   0.10000E+00    0.50249E-02  -38.41         test_P_all          
.6000E+00    20.000  0.142E+02   0.64170E-01   0.00000E+00   0.10000E+00    0.17692E-02 -410.16         test_P_all          
.6100E+00    20.000  0.137E+02   0.59673E-01   0.00000E+00   0.10000E+00    0.50249E-02  -64.41         test_P_all          
.6200E+00    20.000  0.131E+02   0.55372E-01   0.00000E+00   0.10000E+00    0.50249E-02  -78.88         test_P_all          
.6300E+00    20.000  0.126E+02   0.51264E-01   0.00000E+00   0.10000E+00    0.50249E-02  -94.07         test_P_all          
.6400E+00    20.000  0.121E+02   0.47347E-01   0.00000E+00   0.10000E+00    0.50249E-02 -109.79         test_P_all          
.6500E+00    20.000  0.117E+02   0.43623E-01   0.00000E+00   0.10000E+00    0.50249E-02 -125.87         test_P_all          
.6600E+00    20.000  0.112E+02   0.40088E-01   0.00000E+00   0.10000E+00    0.50249E-02 -142.16         test_P_all          
.6700E+00    20.000  0.107E+02   0.36740E-01   0.00000E+00   0.10000E+00    0.50249E-02 -158.49         test_P_all          
.6800E+00    20.000  0.103E+02   0.33578E-01   0.00000E+00   0.10000E+00    0.50249E-02 -174.73         test_P_all          
.6900E+00    20.000  0.987E+01   0.30595E-01   0.00000E+00   0.10000E+00    0.50249E-02 -190.77         test_P_all          
.7000E+00    20.000  0.945E+01   0.27793E-01   0.00000E+00   0.10000E+00    0.17692E-02 *******         test_P_all          
.7100E+00    20.000  0.905E+01   0.25164E-01   0.00000E+00   0.10000E+00    0.50249E-02 -221.80         test_P_all          
.7200E+00    20.000  0.866E+01   0.22705E-01   0.00000E+00   0.10000E+00    0.50249E-02 -236.62         test_P_all          
.7300E+00    20.000  0.828E+01   0.20412E-01   0.00000E+00   0.10000E+00    0.50249E-02 -250.86         test_P_all          
.7400E+00    20.000  0.791E+01   0.18279E-01   0.00000E+00   0.10000E+00    0.50249E-02 -264.49         test_P_all          
.7500E+00    20.000  0.755E+01   0.16302E-01   0.00000E+00   0.10000E+00    0.50249E-02 -277.44         test_P_all          
.7600E+00    20.000  0.720E+01   0.14475E-01   0.00000E+00   0.10000E+00    0.50249E-02 -289.68         test_P_all          
.7700E+00    20.000  0.686E+01   0.12793E-01   0.00000E+00   0.10000E+00    0.50249E-02 -301.19         test_P_all          
.7800E+00    20.000  0.652E+01   0.11250E-01   0.00000E+00   0.10000E+00    0.50249E-02 -311.95         test_P_all          
.7900E+00    20.000  0.620E+01   0.98397E-02   0.00000E+00   0.10000E+00    0.50249E-02 -321.94         test_P_all          
.8000E+00    20.000  0.588E+01   0.85567E-02   0.00000E+00   0.10000E+00    0.17692E-02 *******         test_P_all          
.8100E+00    20.000  0.557E+01   0.73947E-02   0.00000E+00   0.10000E+00    0.50249E-02 -339.63         test_P_all          
.8200E+00    20.000  0.527E+01   0.63473E-02   0.00000E+00   0.10000E+00    0.50249E-02 -347.36         test_P_all          
.8300E+00    20.000  0.498E+01   0.54079E-02   0.00000E+00   0.10000E+00    0.50249E-02 -354.36         test_P_all          
.8400E+00    20.000  0.469E+01   0.45708E-02   0.00000E+00   0.10000E+00    0.50249E-02 -360.66         test_P_all          
.8500E+00    20.000  0.441E+01   0.38293E-02   0.00000E+00   0.10000E+00    0.50249E-02 -366.29         test_P_all          
.8600E+00    20.000  0.414E+01   0.31766E-02   0.00000E+00   0.10000E+00    0.50249E-02 -371.28         test_P_all          
.8700E+00    20.000  0.387E+01   0.26069E-02   0.00000E+00   0.10000E+00    0.50249E-02 -375.66         test_P_all          
.8800E+00    20.000  0.361E+01   0.21139E-02   0.00000E+00   0.10000E+00    0.50249E-02 -379.47         test_P_all          
.8900E+00    20.000  0.335E+01   0.16905E-02   0.00000E+00   0.10000E+00    0.50249E-02 -382.76         test_P_all          
.9000E+00    20.000  0.310E+01   0.13315E-02   0.00000E+00   0.10000E+00    0.17692E-02 *******         test_P_all          
.9100E+00    20.000  0.286E+01   0.10307E-02   0.00000E+00   0.10000E+00    0.50249E-02 -387.92         test_P_all          
.9200E+00    20.000  0.262E+01   0.78129E-03   0.00000E+00   0.10000E+00    0.50249E-02 -389.88         test_P_all          
.9300E+00    20.000  0.239E+01   0.57898E-03   0.00000E+00   0.10000E+00    0.50249E-02 -391.47         test_P_all          
.9400E+00    20.000  0.216E+01   0.41702E-03   0.00000E+00   0.10000E+00    0.50249E-02 -392.74         test_P_all          
.9500E+00    20.000  0.193E+01   0.29011E-03   0.00000E+00   0.10000E+00    0.50249E-02 -393.75         test_P_all          
.9600E+00    20.000  0.172E+01   0.19457E-03   0.00000E+00   0.10000E+00    0.50249E-02 -394.50         test_P_all          
.9700E+00    20.000  0.150E+01   0.12310E-03   0.00000E+00   0.10000E+00    0.50249E-02 -395.07         test_P_all          
.9800E+00    20.000  0.129E+01   0.72736E-04   0.00000E+00   0.10000E+00    0.50249E-02 -395.46         test_P_all          
.9900E+00    20.000  0.108E+01   0.40380E-04   0.00000E+00   0.10000E+00    0.50249E-02 -395.72         test_P_all          
.1000E+01    20.000  0.882E+00   0.18589E-04   0.00000E+00   0.10000E+00    0.50249E-02 -395.89         test_P_all          
.1000E+00    50.000  0.451E+03   0.39512E+00   0.00000E+00   0.10000E+00    0.50249E-02 3449.44         test_P_all          
.1100E+00    50.000  0.405E+03   0.38586E+00   0.00000E+00   0.10000E+00    0.50249E-02 3236.23         test_P_all          
.1200E+00    50.000  0.368E+03   0.37741E+00   0.00000E+00   0.10000E+00    0.50249E-02 3047.73         test_P_all          
.1300E+00    50.000  0.335E+03   0.36954E+00   0.00000E+00   0.10000E+00    0.50249E-02 2877.30         test_P_all          
.1400E+00    50.000  0.308E+03   0.36202E+00   0.00000E+00   0.10000E+00    0.50249E-02 2718.90         test_P_all          
.1500E+00    50.000  0.284E+03   0.35485E+00   0.00000E+00   0.10000E+00    0.50249E-02 2572.20         test_P_all          
.1600E+00    50.000  0.263E+03   0.34779E+00   0.00000E+00   0.10000E+00    0.50249E-02 2431.72         test_P_all          
.1700E+00    50.000  0.245E+03   0.34088E+00   0.00000E+00   0.10000E+00    0.50249E-02 2297.85         test_P_all          
.1800E+00    50.000  0.229E+03   0.33402E+00   0.00000E+00   0.10000E+00    0.50249E-02 2168.89         test_P_all          
.1900E+00    50.000  0.214E+03   0.32714E+00   0.00000E+00   0.10000E+00    0.50249E-02 2043.20         test_P_all          
.2000E+00    50.000  0.201E+03   0.32025E+00   0.00000E+00   0.10000E+00    0.50249E-02 1921.20         test_P_all          
.2100E+00    50.000  0.189E+03   0.31327E+00   0.00000E+00   0.10000E+00    0.50249E-02 1801.40         test_P_all          
.2200E+00    50.000  0.178E+03   0.30623E+00   0.00000E+00   0.10000E+00    0.50249E-02 1684.37         test_P_all          
.2300E+00    50.000  0.168E+03   0.29910E+00   0.00000E+00   0.10000E+00    0.50249E-02 1569.97         test_P_all          
.2400E+00    50.000  0.159E+03   0.29187E+00   0.00000E+00   0.10000E+00    0.50249E-02 1458.04         test_P_all          
.2500E+00    50.000  0.151E+03   0.28456E+00   0.00000E+00   0.10000E+00    0.50249E-02 1349.04         test_P_all          
.2600E+00    50.000  0.143E+03   0.27715E+00   0.00000E+00   0.10000E+00    0.50249E-02 1242.91         test_P_all          
.2700E+00    50.000  0.136E+03   0.26967E+00   0.00000E+00   0.10000E+00    0.50249E-02 1140.08         test_P_all          
.2800E+00    50.000  0.129E+03   0.26211E+00   0.00000E+00   0.10000E+00    0.50249E-02 1040.80         test_P_all          
.2900E+00    50.000  0.123E+03   0.25449E+00   0.00000E+00   0.10000E+00    0.50249E-02  945.27         test_P_all          
.3000E+00    50.000  0.118E+03   0.24683E+00   0.00000E+00   0.10000E+00    0.18868E-02 6055.75         test_P_all          
.3100E+00    50.000  0.112E+03   0.23913E+00   0.00000E+00   0.10000E+00    0.50249E-02  766.61         test_P_all          
.3200E+00    50.000  0.107E+03   0.23141E+00   0.00000E+00   0.10000E+00    0.50249E-02  683.90         test_P_all          
.3300E+00    50.000  0.102E+03   0.22368E+00   0.00000E+00   0.10000E+00    0.50249E-02  605.84         test_P_all          
.3400E+00    50.000  0.979E+02   0.21597E+00   0.00000E+00   0.10000E+00    0.50249E-02  532.60         test_P_all          
.3500E+00    50.000  0.937E+02   0.20827E+00   0.00000E+00   0.10000E+00    0.50249E-02  464.23         test_P_all          
.3600E+00    50.000  0.898E+02   0.20061E+00   0.00000E+00   0.10000E+00    0.50249E-02  400.86         test_P_all          
.3700E+00    50.000  0.860E+02   0.19299E+00   0.00000E+00   0.10000E+00    0.50249E-02  342.47         test_P_all          
.3800E+00    50.000  0.825E+02   0.18543E+00   0.00000E+00   0.10000E+00    0.50249E-02  289.06         test_P_all          
.3900E+00    50.000  0.791E+02   0.17795E+00   0.00000E+00   0.10000E+00    0.50249E-02  240.66         test_P_all          
.4000E+00    50.000  0.759E+02   0.17056E+00   0.00000E+00   0.10000E+00    0.17692E-02 1590.42         test_P_all          
.4100E+00    50.000  0.728E+02   0.16325E+00   0.00000E+00   0.10000E+00    0.50249E-02  158.45         test_P_all          
.4200E+00    50.000  0.699E+02   0.15605E+00   0.00000E+00   0.10000E+00    0.50249E-02  124.44         test_P_all          
.4300E+00    50.000  0.672E+02   0.14897E+00   0.00000E+00   0.10000E+00    0.50249E-02   94.97         test_P_all          
.4400E+00    50.000  0.645E+02   0.14201E+00   0.00000E+00   0.10000E+00    0.50249E-02   69.89         test_P_all          
.4500E+00    50.000  0.620E+02   0.13518E+00   0.00000E+00   0.10000E+00    0.50249E-02   49.02         test_P_all          
.4600E+00    50.000  0.596E+02   0.12849E+00   0.00000E+00   0.10000E+00    0.50249E-02   32.15         test_P_all          
.4700E+00    50.000  0.573E+02   0.12195E+00   0.00000E+00   0.10000E+00    0.50249E-02   19.09         test_P_all          
.4800E+00    50.000  0.550E+02   0.11557E+00   0.00000E+00   0.10000E+00    0.50249E-02    9.60         test_P_all          
.4900E+00    50.000  0.529E+02   0.10935E+00   0.00000E+00   0.10000E+00    0.50249E-02    3.46         test_P_all          
.5000E+00    50.000  0.509E+02   0.10329E+00   0.00000E+00   0.10000E+00    0.17692E-02    3.46         test_P_all          
.5100E+00    50.000  0.489E+02   0.97408E-01   0.00000E+00   0.10000E+00    0.50249E-02   -0.27         test_P_all          
.5200E+00    50.000  0.470E+02   0.91703E-01   0.00000E+00   0.10000E+00    0.50249E-02   -2.73         test_P_all          
.5300E+00    50.000  0.452E+02   0.86178E-01   0.00000E+00   0.10000E+00    0.50249E-02   -7.57         test_P_all          
.5400E+00    50.000  0.435E+02   0.80839E-01   0.00000E+00   0.10000E+00    0.50249E-02  -14.54         test_P_all          
.5500E+00    50.000  0.418E+02   0.75687E-01   0.00000E+00   0.10000E+00    0.50249E-02  -23.41         test_P_all          
.5600E+00    50.000  0.402E+02   0.70725E-01   0.00000E+00   0.10000E+00    0.50249E-02  -33.94         test_P_all          
.5700E+00    50.000  0.386E+02   0.65954E-01   0.00000E+00   0.10000E+00    0.50249E-02  -45.91         test_P_all          
.5800E+00    50.000  0.371E+02   0.61375E-01   0.00000E+00   0.10000E+00    0.50249E-02  -59.08         test_P_all          
.5900E+00    50.000  0.356E+02   0.56992E-01   0.00000E+00   0.10000E+00    0.50249E-02  -73.26         test_P_all          
.6000E+00    50.000  0.342E+02   0.52800E-01   0.00000E+00   0.10000E+00    0.17692E-02 -711.77         test_P_all          
.6100E+00    50.000  0.328E+02   0.48801E-01   0.00000E+00   0.10000E+00    0.50249E-02 -103.82         test_P_all          
.6200E+00    50.000  0.315E+02   0.44994E-01   0.00000E+00   0.10000E+00    0.50249E-02 -119.83         test_P_all          
.6300E+00    50.000  0.302E+02   0.41377E-01   0.00000E+00   0.10000E+00    0.50249E-02 -136.11         test_P_all          
.6400E+00    50.000  0.290E+02   0.37949E-01   0.00000E+00   0.10000E+00    0.50249E-02 -152.49         test_P_all          
.6500E+00    50.000  0.278E+02   0.34706E-01   0.00000E+00   0.10000E+00    0.50249E-02 -168.85         test_P_all          
.6600E+00    50.000  0.266E+02   0.31646E-01   0.00000E+00   0.10000E+00    0.50249E-02 -185.04         test_P_all          
.6700E+00    50.000  0.255E+02   0.28766E-01   0.00000E+00   0.10000E+00    0.50249E-02 -200.96         test_P_all          
.6800E+00    50.000  0.244E+02   0.26062E-01   0.00000E+00   0.10000E+00    0.50249E-02 -216.51         test_P_all          
.6900E+00    50.000  0.233E+02   0.23531E-01   0.00000E+00   0.10000E+00    0.50249E-02 -231.59         test_P_all          
.7000E+00    50.000  0.223E+02   0.21167E-01   0.00000E+00   0.10000E+00    0.17692E-02 *******         test_P_all          
.7100E+00    50.000  0.213E+02   0.18967E-01   0.00000E+00   0.10000E+00    0.50249E-02 -260.06         test_P_all          
.7200E+00    50.000  0.203E+02   0.16925E-01   0.00000E+00   0.10000E+00    0.50249E-02 -273.32         test_P_all          
.7300E+00    50.000  0.194E+02   0.15037E-01   0.00000E+00   0.10000E+00    0.50249E-02 -285.89         test_P_all          
.7400E+00    50.000  0.184E+02   0.13296E-01   0.00000E+00   0.10000E+00    0.50249E-02 -297.73         test_P_all          
.7500E+00    50.000  0.175E+02   0.11698E-01   0.00000E+00   0.10000E+00    0.50249E-02 -308.80         test_P_all          
.7600E+00    50.000  0.167E+02   0.10236E-01   0.00000E+00   0.10000E+00    0.50249E-02 -319.11         test_P_all          
.7700E+00    50.000  0.158E+02   0.89051E-02   0.00000E+00   0.10000E+00    0.50249E-02 -328.65         test_P_all          
.7800E+00    50.000  0.150E+02   0.76984E-02   0.00000E+00   0.10000E+00    0.50249E-02 -337.41         test_P_all          
.7900E+00    50.000  0.142E+02   0.66099E-02   0.00000E+00   0.10000E+00    0.50249E-02 -345.41         test_P_all          
.8000E+00    50.000  0.134E+02   0.56333E-02   0.00000E+00   0.10000E+00    0.17692E-02 *******         test_P_all          
.8100E+00    50.000  0.126E+02   0.47621E-02   0.00000E+00   0.10000E+00    0.50249E-02 -359.22         test_P_all          
.8200E+00    50.000  0.119E+02   0.39899E-02   0.00000E+00   0.10000E+00    0.50249E-02 -365.07         test_P_all          
.8300E+00    50.000  0.111E+02   0.33103E-02   0.00000E+00   0.10000E+00    0.50249E-02 -370.25         test_P_all          
.8400E+00    50.000  0.104E+02   0.27167E-02   0.00000E+00   0.10000E+00    0.50249E-02 -374.81         test_P_all          
.8500E+00    50.000  0.971E+01   0.22025E-02   0.00000E+00   0.10000E+00    0.50249E-02 -378.79         test_P_all          
.8600E+00    50.000  0.902E+01   0.17618E-02   0.00000E+00   0.10000E+00    0.50249E-02 -382.21         test_P_all          
.8700E+00    50.000  0.835E+01   0.13872E-02   0.00000E+00   0.10000E+00    0.50249E-02 -385.13         test_P_all          
.8800E+00    50.000  0.770E+01   0.10734E-02   0.00000E+00   0.10000E+00    0.50249E-02 -387.58         test_P_all          
.8900E+00    50.000  0.706E+01   0.81430E-03   0.00000E+00   0.10000E+00    0.50249E-02 -389.62         test_P_all          
.9000E+00    50.000  0.644E+01   0.60268E-03   0.00000E+00   0.10000E+00    0.17692E-02 *******         test_P_all          
.9100E+00    50.000  0.583E+01   0.43444E-03   0.00000E+00   0.10000E+00    0.50249E-02 -392.61         test_P_all          
.9200E+00    50.000  0.523E+01   0.30264E-03   0.00000E+00   0.10000E+00    0.50249E-02 -393.65         test_P_all          
.9300E+00    50.000  0.465E+01   0.20220E-03   0.00000E+00   0.10000E+00    0.50249E-02 -394.44         test_P_all          
.9400E+00    50.000  0.407E+01   0.12937E-03   0.00000E+00   0.10000E+00    0.50249E-02 -395.02         test_P_all          
.9500E+00    50.000  0.351E+01   0.76416E-04   0.00000E+00   0.10000E+00    0.50249E-02 -395.43         test_P_all          
.9600E+00    50.000  0.297E+01   0.41677E-04   0.00000E+00   0.10000E+00    0.50249E-02 -395.71         test_P_all          
.9700E+00    50.000  0.243E+01   0.20377E-04   0.00000E+00   0.10000E+00    0.50249E-02 -395.88         test_P_all          
.9800E+00    50.000  0.190E+01   0.77331E-05   0.00000E+00   0.10000E+00    0.50249E-02 -395.98         test_P_all          
.9900E+00    50.000  0.139E+01   0.25881E-05   0.00000E+00   0.10000E+00    0.50249E-02 -396.02         test_P_all          
.1000E+01    50.000  0.882E+00   0.20402E-05   0.00000E+00   0.10000E+00    0.50249E-02 -396.02         test_P_all          
.1000E+00   100.000  0.901E+03   0.39726E+00   0.00000E+00   0.10000E+00    0.50249E-02 3499.46         test_P_all          
.1100E+00   100.000  0.810E+03   0.38637E+00   0.00000E+00   0.10000E+00    0.50249E-02 3247.72         test_P_all          
.1200E+00   100.000  0.734E+03   0.37652E+00   0.00000E+00   0.10000E+00    0.50249E-02 3028.27         test_P_all          
.1300E+00   100.000  0.670E+03   0.36743E+00   0.00000E+00   0.10000E+00    0.50249E-02 2832.36         test_P_all          
.1400E+00   100.000  0.615E+03   0.35879E+00   0.00000E+00   0.10000E+00    0.50249E-02 2652.41         test_P_all          
.1500E+00   100.000  0.568E+03   0.35063E+00   0.00000E+00   0.10000E+00    0.50249E-02 2487.83         test_P_all          
.1600E+00   100.000  0.526E+03   0.34266E+00   0.00000E+00   0.10000E+00    0.50249E-02 2332.03         test_P_all          
.1700E+00   100.000  0.489E+03   0.33490E+00   0.00000E+00   0.10000E+00    0.50249E-02 2185.35         test_P_all          
.1800E+00   100.000  0.456E+03   0.32727E+00   0.00000E+00   0.10000E+00    0.50249E-02 2045.69         test_P_all          
.1900E+00   100.000  0.427E+03   0.31968E+00   0.00000E+00   0.10000E+00    0.50249E-02 1911.27         test_P_all          
.2000E+00   100.000  0.401E+03   0.31214E+00   0.00000E+00   0.10000E+00    0.50249E-02 1782.34         test_P_all          
.2100E+00   100.000  0.377E+03   0.30456E+00   0.00000E+00   0.10000E+00    0.50249E-02 1657.25         test_P_all          
.2200E+00   100.000  0.355E+03   0.29697E+00   0.00000E+00   0.10000E+00    0.50249E-02 1536.47         test_P_all          
.2300E+00   100.000  0.336E+03   0.28934E+00   0.00000E+00   0.10000E+00    0.50249E-02 1419.74         test_P_all          
.2400E+00   100.000  0.318E+03   0.28165E+00   0.00000E+00   0.10000E+00    0.50249E-02 1306.83         test_P_all          
.2500E+00   100.000  0.301E+03   0.27393E+00   0.00000E+00   0.10000E+00    0.50249E-02 1198.09         test_P_all          
.2600E+00   100.000  0.285E+03   0.26616E+00   0.00000E+00   0.10000E+00    0.50249E-02 1093.38         test_P_all          
.2700E+00   100.000  0.271E+03   0.25835E+00   0.00000E+00   0.10000E+00    0.50249E-02  993.03         test_P_all          
.2800E+00   100.000  0.258E+03   0.25051E+00   0.00000E+00   0.10000E+00    0.50249E-02  897.19         test_P_all          
.2900E+00   100.000  0.246E+03   0.24266E+00   0.00000E+00   0.10000E+00    0.50249E-02  805.98         test_P_all          
.3000E+00   100.000  0.234E+03   0.23479E+00   0.00000E+00   0.10000E+00    0.18868E-02 5103.78         test_P_all          
.3100E+00   100.000  0.223E+03   0.22694E+00   0.00000E+00   0.10000E+00    0.50249E-02  638.14         test_P_all          
.3200E+00   100.000  0.213E+03   0.21910E+00   0.00000E+00   0.10000E+00    0.50249E-02  561.75         test_P_all          
.3300E+00   100.000  0.204E+03   0.21129E+00   0.00000E+00   0.10000E+00    0.50249E-02  490.49         test_P_all          
.3400E+00   100.000  0.195E+03   0.20352E+00   0.00000E+00   0.10000E+00    0.50249E-02  424.42         test_P_all          
.3500E+00   100.000  0.187E+03   0.19581E+00   0.00000E+00   0.10000E+00    0.50249E-02  363.52         test_P_all          
.3600E+00   100.000  0.179E+03   0.18816E+00   0.00000E+00   0.10000E+00    0.50249E-02  307.83         test_P_all          
.3700E+00   100.000  0.171E+03   0.18059E+00   0.00000E+00   0.10000E+00    0.50249E-02  257.25         test_P_all          
.3800E+00   100.000  0.164E+03   0.17312E+00   0.00000E+00   0.10000E+00    0.50249E-02  211.72         test_P_all          
.3900E+00   100.000  0.157E+03   0.16574E+00   0.00000E+00   0.10000E+00    0.50249E-02  171.15         test_P_all          
.4000E+00   100.000  0.151E+03   0.15847E+00   0.00000E+00   0.10000E+00    0.17692E-02 1092.14         test_P_all          
.4100E+00   100.000  0.145E+03   0.15132E+00   0.00000E+00   0.10000E+00    0.50249E-02  104.30         test_P_all          
.4200E+00   100.000  0.139E+03   0.14429E+00   0.00000E+00   0.10000E+00    0.50249E-02   77.70         test_P_all          
.4300E+00   100.000  0.133E+03   0.13741E+00   0.00000E+00   0.10000E+00    0.50249E-02   55.42         test_P_all          
.4400E+00   100.000  0.128E+03   0.13066E+00   0.00000E+00   0.10000E+00    0.50249E-02   37.24         test_P_all          
.4500E+00   100.000  0.123E+03   0.12407E+00   0.00000E+00   0.10000E+00    0.50249E-02   22.95         test_P_all          
.4600E+00   100.000  0.118E+03   0.11764E+00   0.00000E+00   0.10000E+00    0.50249E-02   12.32         test_P_all          
.4700E+00   100.000  0.114E+03   0.11136E+00   0.00000E+00   0.10000E+00    0.50249E-02    5.11         test_P_all          
.4800E+00   100.000  0.109E+03   0.10526E+00   0.00000E+00   0.10000E+00    0.50249E-02    1.10         test_P_all          
.4900E+00   100.000  0.105E+03   0.99332E-01   0.00000E+00   0.10000E+00    0.50249E-02   -0.02         test_P_all          
.5000E+00   100.000  0.101E+03   0.93581E-01   0.00000E+00   0.10000E+00    0.17692E-02  -13.17         test_P_all          
.5100E+00   100.000  0.970E+02   0.88013E-01   0.00000E+00   0.10000E+00    0.50249E-02   -5.69         test_P_all          
.5200E+00   100.000  0.932E+02   0.82629E-01   0.00000E+00   0.10000E+00    0.50249E-02  -11.95         test_P_all          
.5300E+00   100.000  0.896E+02   0.77432E-01   0.00000E+00   0.10000E+00    0.50249E-02  -20.17         test_P_all          
.5400E+00   100.000  0.861E+02   0.72427E-01   0.00000E+00   0.10000E+00    0.50249E-02  -30.11         test_P_all          
.5500E+00   100.000  0.827E+02   0.67611E-01   0.00000E+00   0.10000E+00    0.50249E-02  -41.55         test_P_all          
.5600E+00   100.000  0.795E+02   0.62989E-01   0.00000E+00   0.10000E+00    0.50249E-02  -54.25         test_P_all          
.5700E+00   100.000  0.763E+02   0.58559E-01   0.00000E+00   0.10000E+00    0.50249E-02  -68.02         test_P_all          
.5800E+00   100.000  0.733E+02   0.54320E-01   0.00000E+00   0.10000E+00    0.50249E-02  -82.64         test_P_all          
.5900E+00   100.000  0.704E+02   0.50275E-01   0.00000E+00   0.10000E+00    0.50249E-02  -97.92         test_P_all          
.6000E+00   100.000  0.675E+02   0.46420E-01   0.00000E+00   0.10000E+00    0.17692E-02 -917.18         test_P_all          
.6100E+00   100.000  0.648E+02   0.42756E-01   0.00000E+00   0.10000E+00    0.50249E-02 -129.78         test_P_all          
.6200E+00   100.000  0.622E+02   0.39278E-01   0.00000E+00   0.10000E+00    0.50249E-02 -146.02         test_P_all          
.6300E+00   100.000  0.596E+02   0.35986E-01   0.00000E+00   0.10000E+00    0.50249E-02 -162.29         test_P_all          
.6400E+00   100.000  0.571E+02   0.32876E-01   0.00000E+00   0.10000E+00    0.50249E-02 -178.44         test_P_all          
.6500E+00   100.000  0.547E+02   0.29945E-01   0.00000E+00   0.10000E+00    0.50249E-02 -194.36         test_P_all          
.6600E+00   100.000  0.524E+02   0.27191E-01   0.00000E+00   0.10000E+00    0.50249E-02 -209.95         test_P_all          
.6700E+00   100.000  0.501E+02   0.24608E-01   0.00000E+00   0.10000E+00    0.50249E-02 -225.11         test_P_all          
.6800E+00   100.000  0.479E+02   0.22192E-01   0.00000E+00   0.10000E+00    0.50249E-02 -239.76         test_P_all          
.6900E+00   100.000  0.458E+02   0.19940E-01   0.00000E+00   0.10000E+00    0.50249E-02 -253.84         test_P_all          
.7000E+00   100.000  0.437E+02   0.17846E-01   0.00000E+00   0.10000E+00    0.17692E-02 *******         test_P_all          
.7100E+00   100.000  0.417E+02   0.15906E-01   0.00000E+00   0.10000E+00    0.50249E-02 -280.07         test_P_all          
.7200E+00   100.000  0.398E+02   0.14114E-01   0.00000E+00   0.10000E+00    0.50249E-02 -292.14         test_P_all          
.7300E+00   100.000  0.379E+02   0.12464E-01   0.00000E+00   0.10000E+00    0.50249E-02 -303.47         test_P_all          
.7400E+00   100.000  0.360E+02   0.10952E-01   0.00000E+00   0.10000E+00    0.50249E-02 -314.04         test_P_all          
.7500E+00   100.000  0.342E+02   0.95702E-02   0.00000E+00   0.10000E+00    0.50249E-02 -323.86         test_P_all          
.7600E+00   100.000  0.325E+02   0.83140E-02   0.00000E+00   0.10000E+00    0.50249E-02 -332.92         test_P_all          
.7700E+00   100.000  0.308E+02   0.71770E-02   0.00000E+00   0.10000E+00    0.50249E-02 -341.23         test_P_all          
.7800E+00   100.000  0.291E+02   0.61531E-02   0.00000E+00   0.10000E+00    0.50249E-02 -348.80         test_P_all          
.7900E+00   100.000  0.275E+02   0.52357E-02   0.00000E+00   0.10000E+00    0.50249E-02 -355.65         test_P_all          
.8000E+00   100.000  0.259E+02   0.44190E-02   0.00000E+00   0.10000E+00    0.17692E-02 *******         test_P_all          
.8100E+00   100.000  0.243E+02   0.36961E-02   0.00000E+00   0.10000E+00    0.50249E-02 -367.30         test_P_all          
.8200E+00   100.000  0.228E+02   0.30611E-02   0.00000E+00   0.10000E+00    0.50249E-02 -372.16         test_P_all          
.8300E+00   100.000  0.214E+02   0.25080E-02   0.00000E+00   0.10000E+00    0.50249E-02 -376.42         test_P_all          
.8400E+00   100.000  0.199E+02   0.20292E-02   0.00000E+00   0.10000E+00    0.50249E-02 -380.13         test_P_all          
.8500E+00   100.000  0.185E+02   0.16197E-02   0.00000E+00   0.10000E+00    0.50249E-02 -383.31         test_P_all          
.8600E+00   100.000  0.172E+02   0.12731E-02   0.00000E+00   0.10000E+00    0.50249E-02 -386.02         test_P_all          
.8700E+00   100.000  0.158E+02   0.98279E-03   0.00000E+00   0.10000E+00    0.50249E-02 -388.29         test_P_all          
.8800E+00   100.000  0.145E+02   0.74405E-03   0.00000E+00   0.10000E+00    0.50249E-02 -390.17         test_P_all          
.8900E+00   100.000  0.132E+02   0.54950E-03   0.00000E+00   0.10000E+00    0.50249E-02 -391.70         test_P_all          
.9000E+00   100.000  0.120E+02   0.39486E-03   0.00000E+00   0.10000E+00    0.17692E-02 *******         test_P_all          
.9100E+00   100.000  0.108E+02   0.27484E-03   0.00000E+00   0.10000E+00    0.50249E-02 -393.87         test_P_all          
.9200E+00   100.000  0.958E+01   0.18303E-03   0.00000E+00   0.10000E+00    0.50249E-02 -394.59         test_P_all          
.9300E+00   100.000  0.841E+01   0.11655E-03   0.00000E+00   0.10000E+00    0.50249E-02 -395.12         test_P_all          
.9400E+00   100.000  0.726E+01   0.69073E-04   0.00000E+00   0.10000E+00    0.50249E-02 -395.49         test_P_all          
.9500E+00   100.000  0.614E+01   0.37435E-04   0.00000E+00   0.10000E+00    0.50249E-02 -395.74         test_P_all          
.9600E+00   100.000  0.505E+01   0.18592E-04   0.00000E+00   0.10000E+00    0.50249E-02 -395.89         test_P_all          
.9700E+00   100.000  0.397E+01   0.71040E-05   0.00000E+00   0.10000E+00    0.50249E-02 -395.98         test_P_all          
.9800E+00   100.000  0.292E+01   0.23070E-05   0.00000E+00   0.10000E+00    0.50249E-02 -396.02         test_P_all          
.9900E+00   100.000  0.189E+01   0.16926E-05   0.00000E+00   0.10000E+00    0.50249E-02 -396.03         test_P_all          
.1000E+01   100.000  0.882E+00   0.22972E-05   0.00000E+00   0.10000E+00    0.50249E-02 -396.02         test_P_all          



 CHI SQUARE=******** FOR  582 POINTS   CHISQ/NPTS= 1107.84
 Signed chisquare total =********
 Modified residual =********


Summary normalization chi2 contributions

 data set     normalization        error         chisq


Summary chi2 per data set

 data set                chisq    _w     signd    _w     resid     _w   npts   chisq/pts  _w
test_P_all            644763.4        447319.9        ********           582 1107.84
------------------------------------------------------------------------------------
          TOTAL       644763.4644763.4447319.9     0.0****************   582 1107.84 1107.84
          TOTAL+norm  644763.4644763.4                                   582 1107.84 1107.84



            Momentum Sum Rule Check


      q2      alphas      xuv       xdv       xub       xdb       xsb       xcb       xbb      xglue     total
      1.69    0.3845    0.3194    0.1367    0.0570    0.0677    0.0249    0.0000    0.0000    0.3945    1.0002
    100.00    0.1784    0.2250    0.0964    0.0661    0.0736    0.0435    0.0260    0.0088    0.4579    0.9972
   1000.00    0.1407    0.0000    0.0000    0.0000    0.0000    0.0000    0.0000    0.0000    0.0000    0.0000
   8315.00    0.1180    0.0000    0.0000    0.0000    0.0000    0.0000    0.0000    0.0000    0.0000    0.0000


 Vector Boson Cross Sections

 sqrt(s)   sigma(W)    error    theory

   1960.     2.865     0.063       0.000     D0

   1960.     2.749     0.054       0.000     CDF

   7000.     9.95      0.29        0.000     CMS

   7000.     9.96      0.55        0.000     ATLAS

 sqrt(s)   sigma(Z)    error    theory

   1960.     .2649     .0094       0.000     D0

   1960.     .2549     .0057       0.000     CDF

   7000.     .931      0.035       0.000     CMS

   7000.     .82       0.08        0.000     ATLAS


 KP off-shell parameters -- N*(x-x0)*(x-x1)*(1+x0-x)

  N =    5.9370     +-     0.0000    
 x0 =  -0.42303E-02 +-     0.0000    
 x1 =   0.41016     +-     0.0000    
