 Correlated errors added in quadrature with statistical errors
 test_N_all DIS data with   1.69< Q2 < 0.500D+03 and 0.000 < xB < 1.000 and   0.00< W2 < 0.100D+05 and 0.000 < y < 1.000
   No TMC applied
   no HT corrections

# fitpack15: fit output
# CJ15 AV18 final data choices                                                 

Parametrization   7 used here

 S-ACOT scheme used  for NC DIS

 charm mass =     1.30 GeV     bottom mass =     4.50 GeV



 THIS IS A NEXT TO LEADING ORDER FIT

 Q02=    1.69
         1  LAMBDA      VALUE=   0.22680      WEIGHT=    0.0000    
         2  a0uv        VALUE=    2.4057      WEIGHT=    0.0000    
         3  a1uv        VALUE=   0.61527      WEIGHT=   0.19854E-01
         4  a2uv        VALUE=    3.5433      WEIGHT=   0.12409E-01
         5  a3uv        VALUE=    0.0000      WEIGHT=    0.0000    
         6  a4uv        VALUE=    3.4627      WEIGHT=   0.42879    
         7  a5uv        VALUE=    0.0000      WEIGHT=    0.0000    
         8  a0dv        VALUE=    24.697      WEIGHT=    0.0000    
         9  a1dv        VALUE=    1.1596      WEIGHT=   0.33520E-01
        10  a2dv        VALUE=    6.5512      WEIGHT=   0.15896    
        11  a3dv        VALUE=   -3.5032      WEIGHT=   0.86016E-01
        12  a4dv        VALUE=    4.6782      WEIGHT=   0.14268    
        13  a5dv        VALUE=    0.0000      WEIGHT=    0.0000    
        14  a0ud        VALUE=   0.14659      WEIGHT=   0.50361E-02
        15  a1ud        VALUE=  -0.20775      WEIGHT=   0.37553E-02
        16  a2ud        VALUE=    8.3267      WEIGHT=   0.19161    
        17  a3ud        VALUE=    0.0000      WEIGHT=    0.0000    
        18  a4ud        VALUE=    14.601      WEIGHT=    1.2247    
        19  a5ud        VALUE=    0.0000      WEIGHT=    0.0000    
        20  a0du        VALUE=    35712.      WEIGHT=    0.0000    
        21  a1du        VALUE=    4.0252      WEIGHT=   0.75473E-01
        22  a2du        VALUE=    20.144      WEIGHT=   0.87860    
        23  a3du        VALUE=    17.000      WEIGHT=    0.0000    
        24  a4du        VALUE=    51.091      WEIGHT=    10.584    
        25  a0g         VALUE=    45.571      WEIGHT=    0.0000    
        26  a1g         VALUE=   0.60322      WEIGHT=   0.31070E-01
        27  a2g         VALUE=    6.4873      WEIGHT=   0.95511    
        28  a3g         VALUE=   -3.3066      WEIGHT=   0.13332    
        29  a4g         VALUE=    3.1735      WEIGHT=   0.31786    
        30  a5g         VALUE=    0.0000      WEIGHT=    0.0000    
        31  kappa       VALUE=   0.40000      WEIGHT=    0.0000    
        32  a6dv        VALUE=  -0.35943E-02  WEIGHT=   0.66793E-03
        33  a7dv        VALUE=    2.0000      WEIGHT=    0.0000    
        34  off1        VALUE=   -3.6902      WEIGHT=    1.5189    
        35  off2        VALUE=   0.57084E-01  WEIGHT=   0.58158E-01
        36  ht1         VALUE=   -3.2893      WEIGHT=   0.25773    
        37  ht2         VALUE=    1.9288      WEIGHT=   0.10502    
        38  ht3         VALUE=   -2.0694      WEIGHT=   0.18364E-01
        39  ht4         VALUE=    0.0000      WEIGHT=    0.0000    
        40  dummy40     VALUE=    0.0000      WEIGHT=    0.0000    
        41  dummy41     VALUE=    0.0000      WEIGHT=    0.0000    
        42  dummy42     VALUE=    0.0000      WEIGHT=    0.0000    
        43  dummy43     VALUE=    0.0000      WEIGHT=    0.0000    
        44  dummy44     VALUE=    0.0000      WEIGHT=    0.0000    
        45  dummy45     VALUE=    0.0000      WEIGHT=    0.0000    
        46  dummy46     VALUE=    0.0000      WEIGHT=    0.0000    
        47  dummy47     VALUE=    0.0000      WEIGHT=    0.0000    
        48  dummy48     VALUE=    0.0000      WEIGHT=    0.0000    
        49  dummy49     VALUE=    0.0000      WEIGHT=    0.0000    
        50  bcdmsh2     VALUE=   0.97307      WEIGHT=   0.48213E-02
        51  bcdmsd2     VALUE=   0.99317      WEIGHT=   0.58316E-02
        52  ccfr        VALUE=    1.0000      WEIGHT=    0.0000    
        53  nutev       VALUE=    1.0000      WEIGHT=    0.0000    
        54  zeus        VALUE=   0.97998      WEIGHT=    0.0000    
        55  h1          VALUE=    1.0162      WEIGHT=    0.0000    
        56  e605        VALUE=    1.0319      WEIGHT=    0.0000    
        57  NmcH2       VALUE=    1.0095      WEIGHT=   0.71229E-02
        58  ntv_nu      VALUE=    1.0000      WEIGHT=    0.0000    
        59  ntv_nubar   VALUE=    1.0000      WEIGHT=    0.0000    
        60  cdf_jet     VALUE=   0.98910      WEIGHT=    0.0000    
        61  d0_jet      VALUE=   0.83504      WEIGHT=    0.0000    
        62  slac_p      VALUE=    1.0049      WEIGHT=   0.48130E-02
        63  slac_d      VALUE=    1.0042      WEIGHT=   0.52770E-02
        64  e866pp      VALUE=   0.96583      WEIGHT=   0.19253E-01
        65  e866pd      VALUE=   0.96377      WEIGHT=   0.15819E-01
        66  d0_gamjet   VALUE=    1.0389      WEIGHT=   0.16480E-01
        67  h1b         VALUE=   0.97608      WEIGHT=    0.0000    
        68  jlab_p      VALUE=   0.99439      WEIGHT=   0.57921E-02
        69  jlab_d      VALUE=   0.97552      WEIGHT=   0.59078E-02
        70  blank       VALUE=    1.0000      WEIGHT=    0.0000    
        71  d0run2      VALUE=   0.94082      WEIGHT=   0.14133E-01
        72  cdfrun2     VALUE=   0.92646      WEIGHT=   0.17222E-01
        73  HERA_el     VALUE=    1.0000      WEIGHT=    0.0000    
        74  HERA_ps     VALUE=    1.0000      WEIGHT=    0.0000    
        75  CDF_Z       VALUE=   0.96583      WEIGHT=   0.65170E-02
        76  NmcRat      VALUE=    1.0000      WEIGHT=    0.0000    
        77  BNS_F2nd    VALUE=   0.98318      WEIGHT=   0.69178E-02
        78  HERMES_F2p  VALUE=   0.99832      WEIGHT=   0.55662E-02
        79  HERMES_F2d  VALUE=   0.98040      WEIGHT=   0.58223E-02
0THE TOLERANCE IS    0.1000
 THE MAXIMUM NUMBER OF STEPS IS 100
0THE INITIAL CHI SQUARED IS  4.10064E+05



     X        Q2         W2       THEORY        error         DATA           ERROR        chi^2     _w    ITYPE
.1000E-01     2.000  0.199E+03   0.34234E+00   0.00000E+00   0.10000E+00    0.50249E-02 2325.95         test_N_all
.2000E-01     2.000  0.989E+02   0.31957E+00   0.00000E+00   0.10000E+00    0.50249E-02 1909.27         test_N_all
.3000E-01     2.000  0.655E+02   0.31063E+00   0.00000E+00   0.10000E+00    0.50249E-02 1756.98         test_N_all
.4000E-01     2.000  0.489E+02   0.30831E+00   0.00000E+00   0.10000E+00    0.50249E-02 1718.56         test_N_all
.5000E-01     2.000  0.389E+02   0.30736E+00   0.00000E+00   0.10000E+00    0.50249E-02 1702.82         test_N_all
.6000E-01     2.000  0.322E+02   0.30777E+00   0.00000E+00   0.10000E+00    0.50249E-02 1709.71         test_N_all
.7000E-01     2.000  0.275E+02   0.30849E+00   0.00000E+00   0.10000E+00    0.50249E-02 1721.57         test_N_all
.8000E-01     2.000  0.239E+02   0.30917E+00   0.00000E+00   0.10000E+00    0.50249E-02 1732.78         test_N_all
.9000E-01     2.000  0.211E+02   0.30949E+00   0.00000E+00   0.10000E+00    0.50249E-02 1738.04         test_N_all
.1000E+00     2.000  0.189E+02   0.30930E+00   0.00000E+00   0.10000E+00    0.50249E-02 1734.92         test_N_all
.1100E+00     2.000  0.171E+02   0.30845E+00   0.00000E+00   0.10000E+00    0.50249E-02 1720.91         test_N_all
.1200E+00     2.000  0.155E+02   0.30693E+00   0.00000E+00   0.10000E+00    0.50249E-02 1695.81         test_N_all
.1300E+00     2.000  0.143E+02   0.30476E+00   0.00000E+00   0.10000E+00    0.50249E-02 1660.46         test_N_all
.1400E+00     2.000  0.132E+02   0.30202E+00   0.00000E+00   0.10000E+00    0.50249E-02 1616.29         test_N_all
.1500E+00     2.000  0.122E+02   0.29869E+00   0.00000E+00   0.10000E+00    0.50249E-02 1563.47         test_N_all
.1600E+00     2.000  0.114E+02   0.29500E+00   0.00000E+00   0.10000E+00    0.50249E-02 1505.89         test_N_all
.1700E+00     2.000  0.106E+02   0.29091E+00   0.00000E+00   0.10000E+00    0.50249E-02 1443.36         test_N_all
.1800E+00     2.000  0.999E+01   0.28650E+00   0.00000E+00   0.10000E+00    0.50249E-02 1377.59         test_N_all
.1900E+00     2.000  0.941E+01   0.28191E+00   0.00000E+00   0.10000E+00    0.50249E-02 1310.52         test_N_all
.2000E+00     2.000  0.888E+01   0.27709E+00   0.00000E+00   0.10000E+00    0.50249E-02 1242.05         test_N_all
.2100E+00     2.000  0.841E+01   0.27219E+00   0.00000E+00   0.10000E+00    0.50249E-02 1174.18         test_N_all
.2200E+00     2.000  0.797E+01   0.26717E+00   0.00000E+00   0.10000E+00    0.50249E-02 1106.71         test_N_all
.2300E+00     2.000  0.758E+01   0.26206E+00   0.00000E+00   0.10000E+00    0.50249E-02 1040.18         test_N_all
.2400E+00     2.000  0.722E+01   0.25692E+00   0.00000E+00   0.10000E+00    0.50249E-02  975.20         test_N_all
.2500E+00     2.000  0.688E+01   0.25172E+00   0.00000E+00   0.10000E+00    0.50249E-02  911.67         test_N_all
.2600E+00     2.000  0.657E+01   0.24650E+00   0.00000E+00   0.10000E+00    0.50249E-02  849.99         test_N_all
.2700E+00     2.000  0.629E+01   0.24124E+00   0.00000E+00   0.10000E+00    0.50249E-02  790.08         test_N_all
.2800E+00     2.000  0.602E+01   0.23595E+00   0.00000E+00   0.10000E+00    0.50249E-02  731.96         test_N_all
.2900E+00     2.000  0.578E+01   0.23062E+00   0.00000E+00   0.10000E+00    0.50249E-02  675.69         test_N_all
.3000E+00     2.000  0.555E+01   0.22525E+00   0.00000E+00   0.10000E+00    0.18868E-02 4406.40         test_N_all
.3100E+00     2.000  0.533E+01   0.21982E+00   0.00000E+00   0.10000E+00    0.50249E-02  568.56         test_N_all
.3200E+00     2.000  0.513E+01   0.21433E+00   0.00000E+00   0.10000E+00    0.50249E-02  517.71         test_N_all
.3300E+00     2.000  0.494E+01   0.20879E+00   0.00000E+00   0.10000E+00    0.50249E-02  468.68         test_N_all
.3400E+00     2.000  0.476E+01   0.20316E+00   0.00000E+00   0.10000E+00    0.50249E-02  421.48         test_N_all
.3500E+00     2.000  0.460E+01   0.19747E+00   0.00000E+00   0.10000E+00    0.50249E-02  376.26         test_N_all
.3600E+00     2.000  0.444E+01   0.19170E+00   0.00000E+00   0.10000E+00    0.50249E-02  332.99         test_N_all
.3700E+00     2.000  0.429E+01   0.18585E+00   0.00000E+00   0.10000E+00    0.50249E-02  291.87         test_N_all
.3800E+00     2.000  0.414E+01   0.17993E+00   0.00000E+00   0.10000E+00    0.50249E-02  253.02         test_N_all
.3900E+00     2.000  0.401E+01   0.17394E+00   0.00000E+00   0.10000E+00    0.50249E-02  216.53         test_N_all
.4000E+00     2.000  0.388E+01   0.16790E+00   0.00000E+00   0.10000E+00    0.17692E-02 1472.85         test_N_all
.4100E+00     2.000  0.376E+01   0.16180E+00   0.00000E+00   0.10000E+00    0.50249E-02  151.27         test_N_all
.4200E+00     2.000  0.364E+01   0.15567E+00   0.00000E+00   0.10000E+00    0.50249E-02  122.75         test_N_all
.4300E+00     2.000  0.353E+01   0.14952E+00   0.00000E+00   0.10000E+00    0.50249E-02   97.11         test_N_all
.4400E+00     2.000  0.343E+01   0.14336E+00   0.00000E+00   0.10000E+00    0.50249E-02   74.45         test_N_all
.4500E+00     2.000  0.333E+01   0.13720E+00   0.00000E+00   0.10000E+00    0.50249E-02   54.80         test_N_all
.4600E+00     2.000  0.323E+01   0.13107E+00   0.00000E+00   0.10000E+00    0.50249E-02   38.23         test_N_all
.4700E+00     2.000  0.314E+01   0.12498E+00   0.00000E+00   0.10000E+00    0.50249E-02   24.70         test_N_all
.4800E+00     2.000  0.305E+01   0.11894E+00   0.00000E+00   0.10000E+00    0.50249E-02   14.20         test_N_all
.4900E+00     2.000  0.296E+01   0.11297E+00   0.00000E+00   0.10000E+00    0.50249E-02    6.66         test_N_all
.5000E+00     2.000  0.288E+01   0.10709E+00   0.00000E+00   0.10000E+00    0.17692E-02   16.04         test_N_all
.5100E+00     2.000  0.280E+01   0.10131E+00   0.00000E+00   0.10000E+00    0.50249E-02    0.07         test_N_all
.5200E+00     2.000  0.273E+01   0.95651E-01   0.00000E+00   0.10000E+00    0.50249E-02   -0.75         test_N_all
.5300E+00     2.000  0.266E+01   0.90117E-01   0.00000E+00   0.10000E+00    0.50249E-02   -3.87         test_N_all
.5400E+00     2.000  0.259E+01   0.84729E-01   0.00000E+00   0.10000E+00    0.50249E-02   -9.24         test_N_all
.5500E+00     2.000  0.252E+01   0.79487E-01   0.00000E+00   0.10000E+00    0.50249E-02  -16.66         test_N_all
.5600E+00     2.000  0.245E+01   0.74415E-01   0.00000E+00   0.10000E+00    0.50249E-02  -25.92         test_N_all
.5700E+00     2.000  0.239E+01   0.69511E-01   0.00000E+00   0.10000E+00    0.50249E-02  -36.82         test_N_all
.5800E+00     2.000  0.233E+01   0.64784E-01   0.00000E+00   0.10000E+00    0.50249E-02  -49.12         test_N_all
.5900E+00     2.000  0.227E+01   0.60244E-01   0.00000E+00   0.10000E+00    0.50249E-02  -62.60         test_N_all
.6000E+00     2.000  0.222E+01   0.55888E-01   0.00000E+00   0.10000E+00    0.17692E-02 -621.67         test_N_all
.6100E+00     2.000  0.216E+01   0.51730E-01   0.00000E+00   0.10000E+00    0.50249E-02  -92.28         test_N_all
.6200E+00     2.000  0.211E+01   0.47765E-01   0.00000E+00   0.10000E+00    0.50249E-02 -108.06         test_N_all
.6300E+00     2.000  0.206E+01   0.43994E-01   0.00000E+00   0.10000E+00    0.50249E-02 -124.22         test_N_all
.6400E+00     2.000  0.201E+01   0.40420E-01   0.00000E+00   0.10000E+00    0.50249E-02 -140.58         test_N_all
.6500E+00     2.000  0.196E+01   0.37039E-01   0.00000E+00   0.10000E+00    0.50249E-02 -157.00         test_N_all
.6600E+00     2.000  0.191E+01   0.33851E-01   0.00000E+00   0.10000E+00    0.50249E-02 -173.29         test_N_all
.6700E+00     2.000  0.187E+01   0.30852E-01   0.00000E+00   0.10000E+00    0.50249E-02 -189.36         test_N_all
.6800E+00     2.000  0.182E+01   0.28038E-01   0.00000E+00   0.10000E+00    0.50249E-02 -205.09         test_N_all
.6900E+00     2.000  0.178E+01   0.25405E-01   0.00000E+00   0.10000E+00    0.50249E-02 -220.37         test_N_all
.7000E+00     2.000  0.174E+01   0.22947E-01   0.00000E+00   0.10000E+00    0.17692E-02 *******         test_N_all
.7100E+00     2.000  0.170E+01   0.20659E-01   0.00000E+00   0.10000E+00    0.50249E-02 -249.31         test_N_all
.7200E+00     2.000  0.166E+01   0.18535E-01   0.00000E+00   0.10000E+00    0.50249E-02 -262.84         test_N_all
.7300E+00     2.000  0.162E+01   0.16568E-01   0.00000E+00   0.10000E+00    0.50249E-02 -275.68         test_N_all
.7400E+00     2.000  0.158E+01   0.14751E-01   0.00000E+00   0.10000E+00    0.50249E-02 -287.82         test_N_all
.7500E+00     2.000  0.155E+01   0.13079E-01   0.00000E+00   0.10000E+00    0.50249E-02 -299.22         test_N_all
.7600E+00     2.000  0.151E+01   0.11543E-01   0.00000E+00   0.10000E+00    0.50249E-02 -309.89         test_N_all
.7700E+00     2.000  0.148E+01   0.10138E-01   0.00000E+00   0.10000E+00    0.50249E-02 -319.81         test_N_all
.7800E+00     2.000  0.145E+01   0.88556E-02   0.00000E+00   0.10000E+00    0.50249E-02 -329.00         test_N_all
.7900E+00     2.000  0.141E+01   0.76892E-02   0.00000E+00   0.10000E+00    0.50249E-02 -337.48         test_N_all
.8000E+00     2.000  0.138E+01   0.66319E-02   0.00000E+00   0.10000E+00    0.17692E-02 *******         test_N_all
.8100E+00     2.000  0.135E+01   0.56788E-02   0.00000E+00   0.10000E+00    0.50249E-02 -352.34         test_N_all
.8200E+00     2.000  0.132E+01   0.48238E-02   0.00000E+00   0.10000E+00    0.50249E-02 -358.75         test_N_all
.8300E+00     2.000  0.129E+01   0.40603E-02   0.00000E+00   0.10000E+00    0.50249E-02 -364.53         test_N_all
.8400E+00     2.000  0.126E+01   0.33814E-02   0.00000E+00   0.10000E+00    0.50249E-02 -369.71         test_N_all
.8500E+00     2.000  0.123E+01   0.27838E-02   0.00000E+00   0.10000E+00    0.50249E-02 -374.30         test_N_all
.8600E+00     2.000  0.121E+01   0.22594E-02   0.00000E+00   0.10000E+00    0.50249E-02 -378.35         test_N_all
.8700E+00     2.000  0.118E+01   0.18053E-02   0.00000E+00   0.10000E+00    0.50249E-02 -381.87         test_N_all
.8800E+00     2.000  0.115E+01   0.14160E-02   0.00000E+00   0.10000E+00    0.50249E-02 -384.90         test_N_all
.8900E+00     2.000  0.113E+01   0.10859E-02   0.00000E+00   0.10000E+00    0.50249E-02 -387.49         test_N_all
.9000E+00     2.000  0.110E+01   0.81163E-03   0.00000E+00   0.10000E+00    0.17692E-02 *******         test_N_all
.9100E+00     2.000  0.108E+01   0.58653E-03   0.00000E+00   0.10000E+00    0.50249E-02 -391.41         test_N_all
.9200E+00     2.000  0.106E+01   0.40734E-03   0.00000E+00   0.10000E+00    0.50249E-02 -392.82         test_N_all
.9300E+00     2.000  0.103E+01   0.26879E-03   0.00000E+00   0.10000E+00    0.50249E-02 -393.91         test_N_all
.9400E+00     2.000  0.101E+01   0.16532E-03   0.00000E+00   0.10000E+00    0.50249E-02 -394.73         test_N_all
.9500E+00     2.000  0.987E+00   0.93405E-04   0.00000E+00   0.10000E+00    0.50249E-02 -395.30         test_N_all
.9600E+00     2.000  0.965E+00   0.44886E-04   0.00000E+00   0.10000E+00    0.50249E-02 -395.68         test_N_all
.9700E+00     2.000  0.944E+00   0.17027E-04   0.00000E+00   0.10000E+00    0.50249E-02 -395.90         test_N_all
.9800E+00     2.000  0.923E+00   0.48401E-05   0.00000E+00   0.10000E+00    0.50249E-02 -396.00         test_N_all
.9900E+00     2.000  0.902E+00   0.22648E-05   0.00000E+00   0.10000E+00    0.50249E-02 -396.02         test_N_all
.1000E+01     2.000  0.882E+00   0.00000E+00   0.00000E+00   0.10000E+00    0.50249E-02 -396.04         test_N_all
.1000E-01     5.000  0.496E+03   0.44902E+00   0.00000E+00   0.10000E+00    0.50249E-02 4824.29         test_N_all
.2000E-01     5.000  0.246E+03   0.39822E+00   0.00000E+00   0.10000E+00    0.50249E-02 3522.09         test_N_all
.3000E-01     5.000  0.163E+03   0.37354E+00   0.00000E+00   0.10000E+00    0.50249E-02 2963.43         test_N_all
.4000E-01     5.000  0.121E+03   0.36118E+00   0.00000E+00   0.10000E+00    0.50249E-02 2701.68         test_N_all
.5000E-01     5.000  0.959E+02   0.35148E+00   0.00000E+00   0.10000E+00    0.50249E-02 2504.69         test_N_all
.6000E-01     5.000  0.792E+02   0.34490E+00   0.00000E+00   0.10000E+00    0.50249E-02 2375.37         test_N_all
.7000E-01     5.000  0.673E+02   0.33911E+00   0.00000E+00   0.10000E+00    0.50249E-02 2264.30         test_N_all
.8000E-01     5.000  0.584E+02   0.33409E+00   0.00000E+00   0.10000E+00    0.50249E-02 2170.20         test_N_all
.9000E-01     5.000  0.514E+02   0.32908E+00   0.00000E+00   0.10000E+00    0.50249E-02 2078.36         test_N_all
.1000E+00     5.000  0.459E+02   0.32409E+00   0.00000E+00   0.10000E+00    0.50249E-02 1988.83         test_N_all
.1100E+00     5.000  0.413E+02   0.31883E+00   0.00000E+00   0.10000E+00    0.50249E-02 1896.55         test_N_all
.1200E+00     5.000  0.375E+02   0.31339E+00   0.00000E+00   0.10000E+00    0.50249E-02 1803.38         test_N_all
.1300E+00     5.000  0.343E+02   0.30770E+00   0.00000E+00   0.10000E+00    0.50249E-02 1708.47         test_N_all
.1400E+00     5.000  0.316E+02   0.30176E+00   0.00000E+00   0.10000E+00    0.50249E-02 1612.18         test_N_all
.1500E+00     5.000  0.292E+02   0.29562E+00   0.00000E+00   0.10000E+00    0.50249E-02 1515.54         test_N_all
.1600E+00     5.000  0.271E+02   0.28936E+00   0.00000E+00   0.10000E+00    0.50249E-02 1420.13         test_N_all
.1700E+00     5.000  0.253E+02   0.28299E+00   0.00000E+00   0.10000E+00    0.50249E-02 1326.21         test_N_all
.1800E+00     5.000  0.237E+02   0.27656E+00   0.00000E+00   0.10000E+00    0.50249E-02 1234.60         test_N_all
.1900E+00     5.000  0.222E+02   0.27011E+00   0.00000E+00   0.10000E+00    0.50249E-02 1146.05         test_N_all
.2000E+00     5.000  0.209E+02   0.26364E+00   0.00000E+00   0.10000E+00    0.50249E-02 1060.54         test_N_all
.2100E+00     5.000  0.197E+02   0.25720E+00   0.00000E+00   0.10000E+00    0.50249E-02  978.68         test_N_all
.2200E+00     5.000  0.186E+02   0.25078E+00   0.00000E+00   0.10000E+00    0.50249E-02  900.42         test_N_all
.2300E+00     5.000  0.176E+02   0.24440E+00   0.00000E+00   0.10000E+00    0.50249E-02  825.81         test_N_all
.2400E+00     5.000  0.167E+02   0.23806E+00   0.00000E+00   0.10000E+00    0.50249E-02  754.87         test_N_all
.2500E+00     5.000  0.159E+02   0.23175E+00   0.00000E+00   0.10000E+00    0.50249E-02  687.48         test_N_all
.2600E+00     5.000  0.151E+02   0.22548E+00   0.00000E+00   0.10000E+00    0.50249E-02  623.59         test_N_all
.2700E+00     5.000  0.144E+02   0.21924E+00   0.00000E+00   0.10000E+00    0.50249E-02  563.11         test_N_all
.2800E+00     5.000  0.137E+02   0.21303E+00   0.00000E+00   0.10000E+00    0.50249E-02  505.94         test_N_all
.2900E+00     5.000  0.131E+02   0.20683E+00   0.00000E+00   0.10000E+00    0.50249E-02  451.98         test_N_all
.3000E+00     5.000  0.125E+02   0.20065E+00   0.00000E+00   0.10000E+00    0.18868E-02 2845.74         test_N_all
.3100E+00     5.000  0.120E+02   0.19448E+00   0.00000E+00   0.10000E+00    0.50249E-02  353.50         test_N_all
.3200E+00     5.000  0.115E+02   0.18831E+00   0.00000E+00   0.10000E+00    0.50249E-02  308.85         test_N_all
.3300E+00     5.000  0.110E+02   0.18214E+00   0.00000E+00   0.10000E+00    0.50249E-02  267.23         test_N_all
.3400E+00     5.000  0.106E+02   0.17598E+00   0.00000E+00   0.10000E+00    0.50249E-02  228.61         test_N_all
.3500E+00     5.000  0.102E+02   0.16981E+00   0.00000E+00   0.10000E+00    0.50249E-02  193.03         test_N_all
.3600E+00     5.000  0.977E+01   0.16365E+00   0.00000E+00   0.10000E+00    0.50249E-02  160.45         test_N_all
.3700E+00     5.000  0.940E+01   0.15750E+00   0.00000E+00   0.10000E+00    0.50249E-02  130.92         test_N_all
.3800E+00     5.000  0.904E+01   0.15136E+00   0.00000E+00   0.10000E+00    0.50249E-02  104.45         test_N_all
.3900E+00     5.000  0.870E+01   0.14524E+00   0.00000E+00   0.10000E+00    0.50249E-02   81.04         test_N_all
.4000E+00     5.000  0.838E+01   0.13915E+00   0.00000E+00   0.10000E+00    0.17692E-02  489.65         test_N_all
.4100E+00     5.000  0.808E+01   0.13310E+00   0.00000E+00   0.10000E+00    0.50249E-02   43.40         test_N_all
.4200E+00     5.000  0.779E+01   0.12711E+00   0.00000E+00   0.10000E+00    0.50249E-02   29.10         test_N_all
.4300E+00     5.000  0.751E+01   0.12117E+00   0.00000E+00   0.10000E+00    0.50249E-02   17.76         test_N_all
.4400E+00     5.000  0.725E+01   0.11532E+00   0.00000E+00   0.10000E+00    0.50249E-02    9.29         test_N_all
.4500E+00     5.000  0.699E+01   0.10955E+00   0.00000E+00   0.10000E+00    0.50249E-02    3.61         test_N_all
.4600E+00     5.000  0.675E+01   0.10388E+00   0.00000E+00   0.10000E+00    0.50249E-02    0.60         test_N_all
.4700E+00     5.000  0.652E+01   0.98323E-01   0.00000E+00   0.10000E+00    0.50249E-02   -0.11         test_N_all
.4800E+00     5.000  0.630E+01   0.92886E-01   0.00000E+00   0.10000E+00    0.50249E-02   -2.00         test_N_all
.4900E+00     5.000  0.609E+01   0.87584E-01   0.00000E+00   0.10000E+00    0.50249E-02   -6.11         test_N_all
.5000E+00     5.000  0.588E+01   0.82419E-01   0.00000E+00   0.10000E+00    0.17692E-02  -98.75         test_N_all
.5100E+00     5.000  0.569E+01   0.77411E-01   0.00000E+00   0.10000E+00    0.50249E-02  -20.21         test_N_all
.5200E+00     5.000  0.550E+01   0.72559E-01   0.00000E+00   0.10000E+00    0.50249E-02  -29.82         test_N_all
.5300E+00     5.000  0.532E+01   0.67871E-01   0.00000E+00   0.10000E+00    0.50249E-02  -40.88         test_N_all
.5400E+00     5.000  0.514E+01   0.63358E-01   0.00000E+00   0.10000E+00    0.50249E-02  -53.18         test_N_all
.5500E+00     5.000  0.497E+01   0.59016E-01   0.00000E+00   0.10000E+00    0.50249E-02  -66.52         test_N_all
.5600E+00     5.000  0.481E+01   0.54858E-01   0.00000E+00   0.10000E+00    0.50249E-02  -80.71         test_N_all
.5700E+00     5.000  0.465E+01   0.50880E-01   0.00000E+00   0.10000E+00    0.50249E-02  -95.55         test_N_all
.5800E+00     5.000  0.450E+01   0.47086E-01   0.00000E+00   0.10000E+00    0.50249E-02 -110.89         test_N_all
.5900E+00     5.000  0.436E+01   0.43477E-01   0.00000E+00   0.10000E+00    0.50249E-02 -126.53         test_N_all
.6000E+00     5.000  0.422E+01   0.40050E-01   0.00000E+00   0.10000E+00    0.17692E-02 *******         test_N_all
.6100E+00     5.000  0.408E+01   0.36809E-01   0.00000E+00   0.10000E+00    0.50249E-02 -158.14         test_N_all
.6200E+00     5.000  0.395E+01   0.33747E-01   0.00000E+00   0.10000E+00    0.50249E-02 -173.84         test_N_all
.6300E+00     5.000  0.382E+01   0.30863E-01   0.00000E+00   0.10000E+00    0.50249E-02 -189.31         test_N_all
.6400E+00     5.000  0.369E+01   0.28153E-01   0.00000E+00   0.10000E+00    0.50249E-02 -204.43         test_N_all
.6500E+00     5.000  0.357E+01   0.25613E-01   0.00000E+00   0.10000E+00    0.50249E-02 -219.14         test_N_all
.6600E+00     5.000  0.346E+01   0.23240E-01   0.00000E+00   0.10000E+00    0.50249E-02 -233.35         test_N_all
.6700E+00     5.000  0.334E+01   0.21026E-01   0.00000E+00   0.10000E+00    0.50249E-02 -247.01         test_N_all
.6800E+00     5.000  0.323E+01   0.18967E-01   0.00000E+00   0.10000E+00    0.50249E-02 -260.05         test_N_all
.6900E+00     5.000  0.313E+01   0.17056E-01   0.00000E+00   0.10000E+00    0.50249E-02 -272.46         test_N_all
.7000E+00     5.000  0.302E+01   0.15289E-01   0.00000E+00   0.10000E+00    0.17692E-02 *******         test_N_all
.7100E+00     5.000  0.292E+01   0.13657E-01   0.00000E+00   0.10000E+00    0.50249E-02 -295.25         test_N_all
.7200E+00     5.000  0.283E+01   0.12155E-01   0.00000E+00   0.10000E+00    0.50249E-02 -305.61         test_N_all
.7300E+00     5.000  0.273E+01   0.10777E-01   0.00000E+00   0.10000E+00    0.50249E-02 -315.28         test_N_all
.7400E+00     5.000  0.264E+01   0.95147E-02   0.00000E+00   0.10000E+00    0.50249E-02 -324.26         test_N_all
.7500E+00     5.000  0.255E+01   0.83640E-02   0.00000E+00   0.10000E+00    0.50249E-02 -332.56         test_N_all
.7600E+00     5.000  0.246E+01   0.73156E-02   0.00000E+00   0.10000E+00    0.50249E-02 -340.21         test_N_all
.7700E+00     5.000  0.238E+01   0.63657E-02   0.00000E+00   0.10000E+00    0.50249E-02 -347.22         test_N_all
.7800E+00     5.000  0.229E+01   0.55076E-02   0.00000E+00   0.10000E+00    0.50249E-02 -353.62         test_N_all
.7900E+00     5.000  0.221E+01   0.47345E-02   0.00000E+00   0.10000E+00    0.50249E-02 -359.43         test_N_all
.8000E+00     5.000  0.213E+01   0.40415E-02   0.00000E+00   0.10000E+00    0.17692E-02 *******         test_N_all
.8100E+00     5.000  0.205E+01   0.34229E-02   0.00000E+00   0.10000E+00    0.50249E-02 -369.39         test_N_all
.8200E+00     5.000  0.198E+01   0.28744E-02   0.00000E+00   0.10000E+00    0.50249E-02 -373.60         test_N_all
.8300E+00     5.000  0.191E+01   0.23905E-02   0.00000E+00   0.10000E+00    0.50249E-02 -377.33         test_N_all
.8400E+00     5.000  0.183E+01   0.19655E-02   0.00000E+00   0.10000E+00    0.50249E-02 -380.62         test_N_all
.8500E+00     5.000  0.176E+01   0.15966E-02   0.00000E+00   0.10000E+00    0.50249E-02 -383.49         test_N_all
.8600E+00     5.000  0.170E+01   0.12773E-02   0.00000E+00   0.10000E+00    0.50249E-02 -385.99         test_N_all
.8700E+00     5.000  0.163E+01   0.10051E-02   0.00000E+00   0.10000E+00    0.50249E-02 -388.12         test_N_all
.8800E+00     5.000  0.156E+01   0.77559E-03   0.00000E+00   0.10000E+00    0.50249E-02 -389.92         test_N_all
.8900E+00     5.000  0.150E+01   0.58429E-03   0.00000E+00   0.10000E+00    0.50249E-02 -391.43         test_N_all
.9000E+00     5.000  0.144E+01   0.42861E-03   0.00000E+00   0.10000E+00    0.17692E-02 *******         test_N_all
.9100E+00     5.000  0.138E+01   0.30315E-03   0.00000E+00   0.10000E+00    0.50249E-02 -393.64         test_N_all
.9200E+00     5.000  0.132E+01   0.20569E-03   0.00000E+00   0.10000E+00    0.50249E-02 -394.41         test_N_all
.9300E+00     5.000  0.126E+01   0.13225E-03   0.00000E+00   0.10000E+00    0.50249E-02 -394.99         test_N_all
.9400E+00     5.000  0.120E+01   0.78767E-04   0.00000E+00   0.10000E+00    0.50249E-02 -395.42         test_N_all
.9500E+00     5.000  0.114E+01   0.43131E-04   0.00000E+00   0.10000E+00    0.50249E-02 -395.70         test_N_all
.9600E+00     5.000  0.109E+01   0.19636E-04   0.00000E+00   0.10000E+00    0.50249E-02 -395.88         test_N_all
.9700E+00     5.000  0.104E+01   0.69650E-05   0.00000E+00   0.10000E+00    0.50249E-02 -395.98         test_N_all
.9800E+00     5.000  0.984E+00   0.21647E-05   0.00000E+00   0.10000E+00    0.50249E-02 -396.02         test_N_all
.9900E+00     5.000  0.932E+00   0.16839E-05   0.00000E+00   0.10000E+00    0.50249E-02 -396.03         test_N_all
.1000E+01     5.000  0.882E+00   0.00000E+00   0.00000E+00   0.10000E+00    0.50249E-02 -396.04         test_N_all
.1000E-01    10.000  0.991E+03   0.52906E+00   0.00000E+00   0.10000E+00    0.50249E-02 7290.69         test_N_all
.2000E-01    10.000  0.491E+03   0.45429E+00   0.00000E+00   0.10000E+00    0.50249E-02 4971.11         test_N_all
.3000E-01    10.000  0.324E+03   0.41579E+00   0.00000E+00   0.10000E+00    0.50249E-02 3949.53         test_N_all
.4000E-01    10.000  0.241E+03   0.39508E+00   0.00000E+00   0.10000E+00    0.50249E-02 3448.34         test_N_all
.5000E-01    10.000  0.191E+03   0.37812E+00   0.00000E+00   0.10000E+00    0.50249E-02 3063.34         test_N_all
.6000E-01    10.000  0.158E+03   0.36622E+00   0.00000E+00   0.10000E+00    0.50249E-02 2806.80         test_N_all
.7000E-01    10.000  0.134E+03   0.35566E+00   0.00000E+00   0.10000E+00    0.50249E-02 2588.60         test_N_all
.8000E-01    10.000  0.116E+03   0.34670E+00   0.00000E+00   0.10000E+00    0.50249E-02 2410.34         test_N_all
.9000E-01    10.000  0.102E+03   0.33819E+00   0.00000E+00   0.10000E+00    0.50249E-02 2246.87         test_N_all
.1000E+00    10.000  0.909E+02   0.33020E+00   0.00000E+00   0.10000E+00    0.50249E-02 2098.76         test_N_all
.1100E+00    10.000  0.818E+02   0.32221E+00   0.00000E+00   0.10000E+00    0.50249E-02 1955.60         test_N_all
.1200E+00    10.000  0.742E+02   0.31446E+00   0.00000E+00   0.10000E+00    0.50249E-02 1821.51         test_N_all
.1300E+00    10.000  0.678E+02   0.30676E+00   0.00000E+00   0.10000E+00    0.50249E-02 1692.98         test_N_all
.1400E+00    10.000  0.623E+02   0.29903E+00   0.00000E+00   0.10000E+00    0.50249E-02 1568.90         test_N_all
.1500E+00    10.000  0.575E+02   0.29135E+00   0.00000E+00   0.10000E+00    0.50249E-02 1450.14         test_N_all
.1600E+00    10.000  0.534E+02   0.28372E+00   0.00000E+00   0.10000E+00    0.50249E-02 1336.68         test_N_all
.1700E+00    10.000  0.497E+02   0.27614E+00   0.00000E+00   0.10000E+00    0.50249E-02 1228.68         test_N_all
.1800E+00    10.000  0.464E+02   0.26864E+00   0.00000E+00   0.10000E+00    0.50249E-02 1126.27         test_N_all
.1900E+00    10.000  0.435E+02   0.26123E+00   0.00000E+00   0.10000E+00    0.50249E-02 1029.48         test_N_all
.2000E+00    10.000  0.409E+02   0.25391E+00   0.00000E+00   0.10000E+00    0.50249E-02  938.18         test_N_all
.2100E+00    10.000  0.385E+02   0.24670E+00   0.00000E+00   0.10000E+00    0.50249E-02  852.31         test_N_all
.2200E+00    10.000  0.363E+02   0.23959E+00   0.00000E+00   0.10000E+00    0.50249E-02  771.66         test_N_all
.2300E+00    10.000  0.344E+02   0.23257E+00   0.00000E+00   0.10000E+00    0.50249E-02  696.05         test_N_all
.2400E+00    10.000  0.325E+02   0.22565E+00   0.00000E+00   0.10000E+00    0.50249E-02  625.26         test_N_all
.2500E+00    10.000  0.309E+02   0.21882E+00   0.00000E+00   0.10000E+00    0.50249E-02  559.12         test_N_all
.2600E+00    10.000  0.293E+02   0.21206E+00   0.00000E+00   0.10000E+00    0.50249E-02  497.34         test_N_all
.2700E+00    10.000  0.279E+02   0.20538E+00   0.00000E+00   0.10000E+00    0.50249E-02  439.84         test_N_all
.2800E+00    10.000  0.266E+02   0.19878E+00   0.00000E+00   0.10000E+00    0.50249E-02  386.45         test_N_all
.2900E+00    10.000  0.254E+02   0.19224E+00   0.00000E+00   0.10000E+00    0.50249E-02  336.93         test_N_all
.3000E+00    10.000  0.242E+02   0.18575E+00   0.00000E+00   0.10000E+00    0.18868E-02 2065.40         test_N_all
.3100E+00    10.000  0.231E+02   0.17930E+00   0.00000E+00   0.10000E+00    0.50249E-02  249.08         test_N_all
.3200E+00    10.000  0.221E+02   0.17291E+00   0.00000E+00   0.10000E+00    0.50249E-02  210.53         test_N_all
.3300E+00    10.000  0.212E+02   0.16656E+00   0.00000E+00   0.10000E+00    0.50249E-02  175.46         test_N_all
.3400E+00    10.000  0.203E+02   0.16025E+00   0.00000E+00   0.10000E+00    0.50249E-02  143.77         test_N_all
.3500E+00    10.000  0.195E+02   0.15399E+00   0.00000E+00   0.10000E+00    0.50249E-02  115.45         test_N_all
.3600E+00    10.000  0.187E+02   0.14778E+00   0.00000E+00   0.10000E+00    0.50249E-02   90.41         test_N_all
.3700E+00    10.000  0.179E+02   0.14162E+00   0.00000E+00   0.10000E+00    0.50249E-02   68.60         test_N_all
.3800E+00    10.000  0.172E+02   0.13552E+00   0.00000E+00   0.10000E+00    0.50249E-02   49.97         test_N_all
.3900E+00    10.000  0.165E+02   0.12949E+00   0.00000E+00   0.10000E+00    0.50249E-02   34.44         test_N_all
.4000E+00    10.000  0.159E+02   0.12353E+00   0.00000E+00   0.10000E+00    0.17692E-02  176.95         test_N_all
.4100E+00    10.000  0.153E+02   0.11766E+00   0.00000E+00   0.10000E+00    0.50249E-02   12.36         test_N_all
.4200E+00    10.000  0.147E+02   0.11189E+00   0.00000E+00   0.10000E+00    0.50249E-02    5.59         test_N_all
.4300E+00    10.000  0.141E+02   0.10621E+00   0.00000E+00   0.10000E+00    0.50249E-02    1.53         test_N_all
.4400E+00    10.000  0.136E+02   0.10065E+00   0.00000E+00   0.10000E+00    0.50249E-02    0.02         test_N_all
.4500E+00    10.000  0.131E+02   0.95209E-01   0.00000E+00   0.10000E+00    0.50249E-02   -0.91         test_N_all
.4600E+00    10.000  0.126E+02   0.89903E-01   0.00000E+00   0.10000E+00    0.50249E-02   -4.04         test_N_all
.4700E+00    10.000  0.122E+02   0.84736E-01   0.00000E+00   0.10000E+00    0.50249E-02   -9.23         test_N_all
.4800E+00    10.000  0.117E+02   0.79715E-01   0.00000E+00   0.10000E+00    0.50249E-02  -16.30         test_N_all
.4900E+00    10.000  0.113E+02   0.74851E-01   0.00000E+00   0.10000E+00    0.50249E-02  -25.05         test_N_all
.5000E+00    10.000  0.109E+02   0.70145E-01   0.00000E+00   0.10000E+00    0.17692E-02 -284.77         test_N_all
.5100E+00    10.000  0.105E+02   0.65610E-01   0.00000E+00   0.10000E+00    0.50249E-02  -46.84         test_N_all
.5200E+00    10.000  0.101E+02   0.61243E-01   0.00000E+00   0.10000E+00    0.50249E-02  -59.49         test_N_all
.5300E+00    10.000  0.975E+01   0.57051E-01   0.00000E+00   0.10000E+00    0.50249E-02  -73.05         test_N_all
.5400E+00    10.000  0.940E+01   0.53038E-01   0.00000E+00   0.10000E+00    0.50249E-02  -87.34         test_N_all
.5500E+00    10.000  0.906E+01   0.49202E-01   0.00000E+00   0.10000E+00    0.50249E-02 -102.20         test_N_all
.5600E+00    10.000  0.874E+01   0.45548E-01   0.00000E+00   0.10000E+00    0.50249E-02 -117.43         test_N_all
.5700E+00    10.000  0.843E+01   0.42073E-01   0.00000E+00   0.10000E+00    0.50249E-02 -132.89         test_N_all
.5800E+00    10.000  0.812E+01   0.38776E-01   0.00000E+00   0.10000E+00    0.50249E-02 -148.45         test_N_all
.5900E+00    10.000  0.783E+01   0.35658E-01   0.00000E+00   0.10000E+00    0.50249E-02 -163.95         test_N_all
.6000E+00    10.000  0.755E+01   0.32713E-01   0.00000E+00   0.10000E+00    0.17692E-02 *******         test_N_all
.6100E+00    10.000  0.728E+01   0.29942E-01   0.00000E+00   0.10000E+00    0.50249E-02 -194.38         test_N_all
.6200E+00    10.000  0.701E+01   0.27338E-01   0.00000E+00   0.10000E+00    0.50249E-02 -209.10         test_N_all
.6300E+00    10.000  0.675E+01   0.24898E-01   0.00000E+00   0.10000E+00    0.50249E-02 -223.38         test_N_all
.6400E+00    10.000  0.651E+01   0.22618E-01   0.00000E+00   0.10000E+00    0.50249E-02 -237.15         test_N_all
.6500E+00    10.000  0.627E+01   0.20491E-01   0.00000E+00   0.10000E+00    0.50249E-02 -250.37         test_N_all
.6600E+00    10.000  0.603E+01   0.18512E-01   0.00000E+00   0.10000E+00    0.50249E-02 -262.98         test_N_all
.6700E+00    10.000  0.581E+01   0.16677E-01   0.00000E+00   0.10000E+00    0.50249E-02 -274.96         test_N_all
.6800E+00    10.000  0.559E+01   0.14978E-01   0.00000E+00   0.10000E+00    0.50249E-02 -286.29         test_N_all
.6900E+00    10.000  0.537E+01   0.13409E-01   0.00000E+00   0.10000E+00    0.50249E-02 -296.95         test_N_all
.7000E+00    10.000  0.517E+01   0.11965E-01   0.00000E+00   0.10000E+00    0.17692E-02 *******         test_N_all
.7100E+00    10.000  0.497E+01   0.10638E-01   0.00000E+00   0.10000E+00    0.50249E-02 -316.26         test_N_all
.7200E+00    10.000  0.477E+01   0.94237E-02   0.00000E+00   0.10000E+00    0.50249E-02 -324.91         test_N_all
.7300E+00    10.000  0.458E+01   0.83145E-02   0.00000E+00   0.10000E+00    0.50249E-02 -332.92         test_N_all
.7400E+00    10.000  0.440E+01   0.73039E-02   0.00000E+00   0.10000E+00    0.50249E-02 -340.30         test_N_all
.7500E+00    10.000  0.422E+01   0.63874E-02   0.00000E+00   0.10000E+00    0.50249E-02 -347.06         test_N_all
.7600E+00    10.000  0.404E+01   0.55568E-02   0.00000E+00   0.10000E+00    0.50249E-02 -353.25         test_N_all
.7700E+00    10.000  0.387E+01   0.48085E-02   0.00000E+00   0.10000E+00    0.50249E-02 -358.87         test_N_all
.7800E+00    10.000  0.370E+01   0.41364E-02   0.00000E+00   0.10000E+00    0.50249E-02 -363.95         test_N_all
.7900E+00    10.000  0.354E+01   0.35344E-02   0.00000E+00   0.10000E+00    0.50249E-02 -368.54         test_N_all
.8000E+00    10.000  0.338E+01   0.29984E-02   0.00000E+00   0.10000E+00    0.17692E-02 *******         test_N_all
.8100E+00    10.000  0.323E+01   0.25227E-02   0.00000E+00   0.10000E+00    0.50249E-02 -376.31         test_N_all
.8200E+00    10.000  0.308E+01   0.21039E-02   0.00000E+00   0.10000E+00    0.50249E-02 -379.55         test_N_all
.8300E+00    10.000  0.293E+01   0.17370E-02   0.00000E+00   0.10000E+00    0.50249E-02 -382.40         test_N_all
.8400E+00    10.000  0.279E+01   0.14173E-02   0.00000E+00   0.10000E+00    0.50249E-02 -384.89         test_N_all
.8500E+00    10.000  0.265E+01   0.11421E-02   0.00000E+00   0.10000E+00    0.50249E-02 -387.05         test_N_all
.8600E+00    10.000  0.251E+01   0.90572E-03   0.00000E+00   0.10000E+00    0.50249E-02 -388.90         test_N_all
.8700E+00    10.000  0.238E+01   0.70617E-03   0.00000E+00   0.10000E+00    0.50249E-02 -390.47         test_N_all
.8800E+00    10.000  0.225E+01   0.53958E-03   0.00000E+00   0.10000E+00    0.50249E-02 -391.78         test_N_all
.8900E+00    10.000  0.212E+01   0.40213E-03   0.00000E+00   0.10000E+00    0.50249E-02 -392.86         test_N_all
.9000E+00    10.000  0.199E+01   0.29167E-03   0.00000E+00   0.10000E+00    0.17692E-02 *******         test_N_all
.9100E+00    10.000  0.187E+01   0.20361E-03   0.00000E+00   0.10000E+00    0.50249E-02 -394.43         test_N_all
.9200E+00    10.000  0.175E+01   0.13621E-03   0.00000E+00   0.10000E+00    0.50249E-02 -394.96         test_N_all
.9300E+00    10.000  0.163E+01   0.86208E-04   0.00000E+00   0.10000E+00    0.50249E-02 -395.36         test_N_all
.9400E+00    10.000  0.152E+01   0.50337E-04   0.00000E+00   0.10000E+00    0.50249E-02 -395.64         test_N_all
.9500E+00    10.000  0.141E+01   0.27059E-04   0.00000E+00   0.10000E+00    0.50249E-02 -395.83         test_N_all
.9600E+00    10.000  0.130E+01   0.11916E-04   0.00000E+00   0.10000E+00    0.50249E-02 -395.95         test_N_all
.9700E+00    10.000  0.119E+01   0.40757E-05   0.00000E+00   0.10000E+00    0.50249E-02 -396.01         test_N_all
.9800E+00    10.000  0.109E+01   0.14067E-05   0.00000E+00   0.10000E+00    0.50249E-02 -396.03         test_N_all
.9900E+00    10.000  0.983E+00   0.13666E-05   0.00000E+00   0.10000E+00    0.50249E-02 -396.03         test_N_all
.1000E+01    10.000  0.882E+00   0.00000E+00   0.00000E+00   0.10000E+00    0.50249E-02 -396.04         test_N_all
.1000E-01    20.000  0.198E+04   0.60809E+00   0.00000E+00   0.10000E+00    0.50249E-02 *******         test_N_all
.2000E-01    20.000  0.981E+03   0.50711E+00   0.00000E+00   0.10000E+00    0.50249E-02 6563.97         test_N_all
.3000E-01    20.000  0.648E+03   0.45409E+00   0.00000E+00   0.10000E+00    0.50249E-02 4965.43         test_N_all
.4000E-01    20.000  0.481E+03   0.42502E+00   0.00000E+00   0.10000E+00    0.50249E-02 4183.62         test_N_all
.5000E-01    20.000  0.381E+03   0.40089E+00   0.00000E+00   0.10000E+00    0.50249E-02 3585.58         test_N_all
.6000E-01    20.000  0.314E+03   0.38388E+00   0.00000E+00   0.10000E+00    0.50249E-02 3191.50         test_N_all
.7000E-01    20.000  0.267E+03   0.36876E+00   0.00000E+00   0.10000E+00    0.50249E-02 2860.69         test_N_all
.8000E-01    20.000  0.231E+03   0.35630E+00   0.00000E+00   0.10000E+00    0.50249E-02 2601.60         test_N_all
.9000E-01    20.000  0.203E+03   0.34474E+00   0.00000E+00   0.10000E+00    0.50249E-02 2372.17         test_N_all
.1000E+00    20.000  0.181E+03   0.33421E+00   0.00000E+00   0.10000E+00    0.50249E-02 2172.38         test_N_all
.1100E+00    20.000  0.163E+03   0.32404E+00   0.00000E+00   0.10000E+00    0.50249E-02 1987.81         test_N_all
.1200E+00    20.000  0.148E+03   0.31432E+00   0.00000E+00   0.10000E+00    0.50249E-02 1819.09         test_N_all
.1300E+00    20.000  0.135E+03   0.30493E+00   0.00000E+00   0.10000E+00    0.50249E-02 1663.17         test_N_all
.1400E+00    20.000  0.124E+03   0.29574E+00   0.00000E+00   0.10000E+00    0.50249E-02 1517.33         test_N_all
.1500E+00    20.000  0.114E+03   0.28680E+00   0.00000E+00   0.10000E+00    0.50249E-02 1381.95         test_N_all
.1600E+00    20.000  0.106E+03   0.27805E+00   0.00000E+00   0.10000E+00    0.50249E-02 1255.54         test_N_all
.1700E+00    20.000  0.985E+02   0.26951E+00   0.00000E+00   0.10000E+00    0.50249E-02 1137.98         test_N_all
.1800E+00    20.000  0.920E+02   0.26117E+00   0.00000E+00   0.10000E+00    0.50249E-02 1028.74         test_N_all
.1900E+00    20.000  0.861E+02   0.25301E+00   0.00000E+00   0.10000E+00    0.50249E-02  927.26         test_N_all
.2000E+00    20.000  0.809E+02   0.24505E+00   0.00000E+00   0.10000E+00    0.50249E-02  833.19         test_N_all
.2100E+00    20.000  0.761E+02   0.23724E+00   0.00000E+00   0.10000E+00    0.50249E-02  745.98         test_N_all
.2200E+00    20.000  0.718E+02   0.22961E+00   0.00000E+00   0.10000E+00    0.50249E-02  665.30         test_N_all
.2300E+00    20.000  0.678E+02   0.22213E+00   0.00000E+00   0.10000E+00    0.50249E-02  590.73         test_N_all
.2400E+00    20.000  0.642E+02   0.21479E+00   0.00000E+00   0.10000E+00    0.50249E-02  521.87         test_N_all
.2500E+00    20.000  0.609E+02   0.20759E+00   0.00000E+00   0.10000E+00    0.50249E-02  458.46         test_N_all
.2600E+00    20.000  0.578E+02   0.20051E+00   0.00000E+00   0.10000E+00    0.50249E-02  400.08         test_N_all
.2700E+00    20.000  0.550E+02   0.19354E+00   0.00000E+00   0.10000E+00    0.50249E-02  346.54         test_N_all
.2800E+00    20.000  0.523E+02   0.18668E+00   0.00000E+00   0.10000E+00    0.50249E-02  297.56         test_N_all
.2900E+00    20.000  0.498E+02   0.17991E+00   0.00000E+00   0.10000E+00    0.50249E-02  252.91         test_N_all
.3000E+00    20.000  0.475E+02   0.17324E+00   0.00000E+00   0.10000E+00    0.18868E-02 1506.65         test_N_all
.3100E+00    20.000  0.454E+02   0.16665E+00   0.00000E+00   0.10000E+00    0.50249E-02  175.94         test_N_all
.3200E+00    20.000  0.434E+02   0.16015E+00   0.00000E+00   0.10000E+00    0.50249E-02  143.29         test_N_all
.3300E+00    20.000  0.415E+02   0.15373E+00   0.00000E+00   0.10000E+00    0.50249E-02  114.34         test_N_all
.3400E+00    20.000  0.397E+02   0.14739E+00   0.00000E+00   0.10000E+00    0.50249E-02   88.94         test_N_all
.3500E+00    20.000  0.380E+02   0.14113E+00   0.00000E+00   0.10000E+00    0.50249E-02   67.01         test_N_all
.3600E+00    20.000  0.364E+02   0.13496E+00   0.00000E+00   0.10000E+00    0.50249E-02   48.41         test_N_all
.3700E+00    20.000  0.349E+02   0.12888E+00   0.00000E+00   0.10000E+00    0.50249E-02   33.03         test_N_all
.3800E+00    20.000  0.335E+02   0.12289E+00   0.00000E+00   0.10000E+00    0.50249E-02   20.75         test_N_all
.3900E+00    20.000  0.322E+02   0.11700E+00   0.00000E+00   0.10000E+00    0.50249E-02   11.45         test_N_all
.4000E+00    20.000  0.309E+02   0.11123E+00   0.00000E+00   0.10000E+00    0.17692E-02   40.26         test_N_all
.4100E+00    20.000  0.297E+02   0.10556E+00   0.00000E+00   0.10000E+00    0.50249E-02    1.23         test_N_all
.4200E+00    20.000  0.285E+02   0.10002E+00   0.00000E+00   0.10000E+00    0.50249E-02    0.00         test_N_all
.4300E+00    20.000  0.274E+02   0.94616E-01   0.00000E+00   0.10000E+00    0.50249E-02   -1.15         test_N_all
.4400E+00    20.000  0.263E+02   0.89346E-01   0.00000E+00   0.10000E+00    0.50249E-02   -4.50         test_N_all
.4500E+00    20.000  0.253E+02   0.84219E-01   0.00000E+00   0.10000E+00    0.50249E-02   -9.86         test_N_all
.4600E+00    20.000  0.244E+02   0.79247E-01   0.00000E+00   0.10000E+00    0.50249E-02  -17.06         test_N_all
.4700E+00    20.000  0.234E+02   0.74432E-01   0.00000E+00   0.10000E+00    0.50249E-02  -25.89         test_N_all
.4800E+00    20.000  0.225E+02   0.69778E-01   0.00000E+00   0.10000E+00    0.50249E-02  -36.17         test_N_all
.4900E+00    20.000  0.217E+02   0.65294E-01   0.00000E+00   0.10000E+00    0.50249E-02  -47.70         test_N_all
.5000E+00    20.000  0.209E+02   0.60977E-01   0.00000E+00   0.10000E+00    0.17692E-02 -486.51         test_N_all
.5100E+00    20.000  0.201E+02   0.56838E-01   0.00000E+00   0.10000E+00    0.50249E-02  -73.78         test_N_all
.5200E+00    20.000  0.193E+02   0.52874E-01   0.00000E+00   0.10000E+00    0.50249E-02  -87.96         test_N_all
.5300E+00    20.000  0.186E+02   0.49086E-01   0.00000E+00   0.10000E+00    0.50249E-02 -102.66         test_N_all
.5400E+00    20.000  0.179E+02   0.45477E-01   0.00000E+00   0.10000E+00    0.50249E-02 -117.73         test_N_all
.5500E+00    20.000  0.172E+02   0.42043E-01   0.00000E+00   0.10000E+00    0.50249E-02 -133.03         test_N_all
.5600E+00    20.000  0.166E+02   0.38788E-01   0.00000E+00   0.10000E+00    0.50249E-02 -148.39         test_N_all
.5700E+00    20.000  0.160E+02   0.35707E-01   0.00000E+00   0.10000E+00    0.50249E-02 -163.71         test_N_all
.5800E+00    20.000  0.154E+02   0.32797E-01   0.00000E+00   0.10000E+00    0.50249E-02 -178.86         test_N_all
.5900E+00    20.000  0.148E+02   0.30056E-01   0.00000E+00   0.10000E+00    0.50249E-02 -193.75         test_N_all
.6000E+00    20.000  0.142E+02   0.27480E-01   0.00000E+00   0.10000E+00    0.17692E-02 *******         test_N_all
.6100E+00    20.000  0.137E+02   0.25065E-01   0.00000E+00   0.10000E+00    0.50249E-02 -222.39         test_N_all
.6200E+00    20.000  0.131E+02   0.22806E-01   0.00000E+00   0.10000E+00    0.50249E-02 -236.00         test_N_all
.6300E+00    20.000  0.126E+02   0.20698E-01   0.00000E+00   0.10000E+00    0.50249E-02 -249.06         test_N_all
.6400E+00    20.000  0.121E+02   0.18736E-01   0.00000E+00   0.10000E+00    0.50249E-02 -261.54         test_N_all
.6500E+00    20.000  0.117E+02   0.16914E-01   0.00000E+00   0.10000E+00    0.50249E-02 -273.40         test_N_all
.6600E+00    20.000  0.112E+02   0.15225E-01   0.00000E+00   0.10000E+00    0.50249E-02 -284.62         test_N_all
.6700E+00    20.000  0.107E+02   0.13666E-01   0.00000E+00   0.10000E+00    0.50249E-02 -295.19         test_N_all
.6800E+00    20.000  0.103E+02   0.12228E-01   0.00000E+00   0.10000E+00    0.50249E-02 -305.11         test_N_all
.6900E+00    20.000  0.987E+01   0.10906E-01   0.00000E+00   0.10000E+00    0.50249E-02 -314.37         test_N_all
.7000E+00    20.000  0.945E+01   0.96941E-02   0.00000E+00   0.10000E+00    0.17692E-02 *******         test_N_all
.7100E+00    20.000  0.905E+01   0.85850E-02   0.00000E+00   0.10000E+00    0.50249E-02 -330.96         test_N_all
.7200E+00    20.000  0.866E+01   0.75740E-02   0.00000E+00   0.10000E+00    0.50249E-02 -338.32         test_N_all
.7300E+00    20.000  0.828E+01   0.66548E-02   0.00000E+00   0.10000E+00    0.50249E-02 -345.08         test_N_all
.7400E+00    20.000  0.791E+01   0.58208E-02   0.00000E+00   0.10000E+00    0.50249E-02 -351.28         test_N_all
.7500E+00    20.000  0.755E+01   0.50680E-02   0.00000E+00   0.10000E+00    0.50249E-02 -356.91         test_N_all
.7600E+00    20.000  0.720E+01   0.43888E-02   0.00000E+00   0.10000E+00    0.50249E-02 -362.04         test_N_all
.7700E+00    20.000  0.686E+01   0.37797E-02   0.00000E+00   0.10000E+00    0.50249E-02 -366.67         test_N_all
.7800E+00    20.000  0.652E+01   0.32353E-02   0.00000E+00   0.10000E+00    0.50249E-02 -370.83         test_N_all
.7900E+00    20.000  0.620E+01   0.27502E-02   0.00000E+00   0.10000E+00    0.50249E-02 -374.56         test_N_all
.8000E+00    20.000  0.588E+01   0.23207E-02   0.00000E+00   0.10000E+00    0.17692E-02 *******         test_N_all
.8100E+00    20.000  0.557E+01   0.19415E-02   0.00000E+00   0.10000E+00    0.50249E-02 -380.81         test_N_all
.8200E+00    20.000  0.527E+01   0.16096E-02   0.00000E+00   0.10000E+00    0.50249E-02 -383.39         test_N_all
.8300E+00    20.000  0.498E+01   0.13207E-02   0.00000E+00   0.10000E+00    0.50249E-02 -385.65         test_N_all
.8400E+00    20.000  0.469E+01   0.10705E-02   0.00000E+00   0.10000E+00    0.50249E-02 -387.61         test_N_all
.8500E+00    20.000  0.441E+01   0.85664E-03   0.00000E+00   0.10000E+00    0.50249E-02 -389.28         test_N_all
.8600E+00    20.000  0.414E+01   0.67428E-03   0.00000E+00   0.10000E+00    0.50249E-02 -390.72         test_N_all
.8700E+00    20.000  0.387E+01   0.52157E-03   0.00000E+00   0.10000E+00    0.50249E-02 -391.92         test_N_all
.8800E+00    20.000  0.361E+01   0.39516E-03   0.00000E+00   0.10000E+00    0.50249E-02 -392.92         test_N_all
.8900E+00    20.000  0.335E+01   0.29176E-03   0.00000E+00   0.10000E+00    0.50249E-02 -393.73         test_N_all
.9000E+00    20.000  0.310E+01   0.20958E-03   0.00000E+00   0.10000E+00    0.17692E-02 *******         test_N_all
.9100E+00    20.000  0.286E+01   0.14464E-03   0.00000E+00   0.10000E+00    0.50249E-02 -394.89         test_N_all
.9200E+00    20.000  0.262E+01   0.95583E-04   0.00000E+00   0.10000E+00    0.50249E-02 -395.28         test_N_all
.9300E+00    20.000  0.239E+01   0.59675E-04   0.00000E+00   0.10000E+00    0.50249E-02 -395.57         test_N_all
.9400E+00    20.000  0.216E+01   0.34245E-04   0.00000E+00   0.10000E+00    0.50249E-02 -395.77         test_N_all
.9500E+00    20.000  0.193E+01   0.18125E-04   0.00000E+00   0.10000E+00    0.50249E-02 -395.90         test_N_all
.9600E+00    20.000  0.172E+01   0.77551E-05   0.00000E+00   0.10000E+00    0.50249E-02 -395.98         test_N_all
.9700E+00    20.000  0.150E+01   0.25824E-05   0.00000E+00   0.10000E+00    0.50249E-02 -396.02         test_N_all
.9800E+00    20.000  0.129E+01   0.10052E-05   0.00000E+00   0.10000E+00    0.50249E-02 -396.03         test_N_all
.9900E+00    20.000  0.108E+01   0.11253E-05   0.00000E+00   0.10000E+00    0.50249E-02 -396.03         test_N_all
.1000E+01    20.000  0.882E+00   0.00000E+00   0.00000E+00   0.10000E+00    0.50249E-02 -396.04         test_N_all
.1000E+00    50.000  0.451E+03   0.33698E+00   0.00000E+00   0.10000E+00    0.50249E-02 2224.13         test_N_all
.1100E+00    50.000  0.405E+03   0.32433E+00   0.00000E+00   0.10000E+00    0.50249E-02 1993.01         test_N_all
.1200E+00    50.000  0.368E+03   0.31253E+00   0.00000E+00   0.10000E+00    0.50249E-02 1788.89         test_N_all
.1300E+00    50.000  0.335E+03   0.30138E+00   0.00000E+00   0.10000E+00    0.50249E-02 1606.07         test_N_all
.1400E+00    50.000  0.308E+03   0.29067E+00   0.00000E+00   0.10000E+00    0.50249E-02 1439.76         test_N_all
.1500E+00    50.000  0.284E+03   0.28045E+00   0.00000E+00   0.10000E+00    0.50249E-02 1289.59         test_N_all
.1600E+00    50.000  0.263E+03   0.27058E+00   0.00000E+00   0.10000E+00    0.50249E-02 1152.37         test_N_all
.1700E+00    50.000  0.245E+03   0.26108E+00   0.00000E+00   0.10000E+00    0.50249E-02 1027.58         test_N_all
.1800E+00    50.000  0.229E+03   0.25191E+00   0.00000E+00   0.10000E+00    0.50249E-02  913.91         test_N_all
.1900E+00    50.000  0.214E+03   0.24303E+00   0.00000E+00   0.10000E+00    0.50249E-02  810.17         test_N_all
.2000E+00    50.000  0.201E+03   0.23443E+00   0.00000E+00   0.10000E+00    0.50249E-02  715.72         test_N_all
.2100E+00    50.000  0.189E+03   0.22608E+00   0.00000E+00   0.10000E+00    0.50249E-02  629.53         test_N_all
.2200E+00    50.000  0.178E+03   0.21796E+00   0.00000E+00   0.10000E+00    0.50249E-02  551.09         test_N_all
.2300E+00    50.000  0.168E+03   0.21006E+00   0.00000E+00   0.10000E+00    0.50249E-02  479.77         test_N_all
.2400E+00    50.000  0.159E+03   0.20236E+00   0.00000E+00   0.10000E+00    0.50249E-02  414.95         test_N_all
.2500E+00    50.000  0.151E+03   0.19485E+00   0.00000E+00   0.10000E+00    0.50249E-02  356.27         test_N_all
.2600E+00    50.000  0.143E+03   0.18749E+00   0.00000E+00   0.10000E+00    0.50249E-02  303.18         test_N_all
.2700E+00    50.000  0.136E+03   0.18030E+00   0.00000E+00   0.10000E+00    0.50249E-02  255.39         test_N_all
.2800E+00    50.000  0.129E+03   0.17326E+00   0.00000E+00   0.10000E+00    0.50249E-02  212.56         test_N_all
.2900E+00    50.000  0.123E+03   0.16635E+00   0.00000E+00   0.10000E+00    0.50249E-02  174.36         test_N_all
.3000E+00    50.000  0.118E+03   0.15958E+00   0.00000E+00   0.10000E+00    0.18868E-02  997.15         test_N_all
.3100E+00    50.000  0.112E+03   0.15293E+00   0.00000E+00   0.10000E+00    0.50249E-02  110.94         test_N_all
.3200E+00    50.000  0.107E+03   0.14640E+00   0.00000E+00   0.10000E+00    0.50249E-02   85.26         test_N_all
.3300E+00    50.000  0.102E+03   0.13999E+00   0.00000E+00   0.10000E+00    0.50249E-02   63.34         test_N_all
.3400E+00    50.000  0.979E+02   0.13370E+00   0.00000E+00   0.10000E+00    0.50249E-02   44.98         test_N_all
.3500E+00    50.000  0.937E+02   0.12753E+00   0.00000E+00   0.10000E+00    0.50249E-02   30.02         test_N_all
.3600E+00    50.000  0.898E+02   0.12148E+00   0.00000E+00   0.10000E+00    0.50249E-02   18.27         test_N_all
.3700E+00    50.000  0.860E+02   0.11556E+00   0.00000E+00   0.10000E+00    0.50249E-02    9.58         test_N_all
.3800E+00    50.000  0.825E+02   0.10976E+00   0.00000E+00   0.10000E+00    0.50249E-02    3.77         test_N_all
.3900E+00    50.000  0.791E+02   0.10410E+00   0.00000E+00   0.10000E+00    0.50249E-02    0.67         test_N_all
.4000E+00    50.000  0.759E+02   0.98579E-01   0.00000E+00   0.10000E+00    0.17692E-02   -0.64         test_N_all
.4100E+00    50.000  0.728E+02   0.93203E-01   0.00000E+00   0.10000E+00    0.50249E-02   -1.83         test_N_all
.4200E+00    50.000  0.699E+02   0.87975E-01   0.00000E+00   0.10000E+00    0.50249E-02   -5.73         test_N_all
.4300E+00    50.000  0.672E+02   0.82900E-01   0.00000E+00   0.10000E+00    0.50249E-02  -11.58         test_N_all
.4400E+00    50.000  0.645E+02   0.77986E-01   0.00000E+00   0.10000E+00    0.50249E-02  -19.19         test_N_all
.4500E+00    50.000  0.620E+02   0.73233E-01   0.00000E+00   0.10000E+00    0.50249E-02  -28.38         test_N_all
.4600E+00    50.000  0.596E+02   0.68650E-01   0.00000E+00   0.10000E+00    0.50249E-02  -38.92         test_N_all
.4700E+00    50.000  0.573E+02   0.64235E-01   0.00000E+00   0.10000E+00    0.50249E-02  -50.66         test_N_all
.4800E+00    50.000  0.550E+02   0.59994E-01   0.00000E+00   0.10000E+00    0.50249E-02  -63.39         test_N_all
.4900E+00    50.000  0.529E+02   0.55928E-01   0.00000E+00   0.10000E+00    0.50249E-02  -76.92         test_N_all
.5000E+00    50.000  0.509E+02   0.52036E-01   0.00000E+00   0.10000E+00    0.17692E-02 -734.99         test_N_all
.5100E+00    50.000  0.489E+02   0.48324E-01   0.00000E+00   0.10000E+00    0.50249E-02 -105.76         test_N_all
.5200E+00    50.000  0.470E+02   0.44787E-01   0.00000E+00   0.10000E+00    0.50249E-02 -120.73         test_N_all
.5300E+00    50.000  0.452E+02   0.41425E-01   0.00000E+00   0.10000E+00    0.50249E-02 -135.88         test_N_all
.5400E+00    50.000  0.435E+02   0.38237E-01   0.00000E+00   0.10000E+00    0.50249E-02 -151.08         test_N_all
.5500E+00    50.000  0.418E+02   0.35220E-01   0.00000E+00   0.10000E+00    0.50249E-02 -166.20         test_N_all
.5600E+00    50.000  0.402E+02   0.32373E-01   0.00000E+00   0.10000E+00    0.50249E-02 -181.12         test_N_all
.5700E+00    50.000  0.386E+02   0.29691E-01   0.00000E+00   0.10000E+00    0.50249E-02 -195.78         test_N_all
.5800E+00    50.000  0.371E+02   0.27171E-01   0.00000E+00   0.10000E+00    0.50249E-02 -210.06         test_N_all
.5900E+00    50.000  0.356E+02   0.24808E-01   0.00000E+00   0.10000E+00    0.50249E-02 -223.92         test_N_all
.6000E+00    50.000  0.342E+02   0.22597E-01   0.00000E+00   0.10000E+00    0.17692E-02 *******         test_N_all
.6100E+00    50.000  0.328E+02   0.20534E-01   0.00000E+00   0.10000E+00    0.50249E-02 -250.09         test_N_all
.6200E+00    50.000  0.315E+02   0.18613E-01   0.00000E+00   0.10000E+00    0.50249E-02 -262.33         test_N_all
.6300E+00    50.000  0.302E+02   0.16828E-01   0.00000E+00   0.10000E+00    0.50249E-02 -273.96         test_N_all
.6400E+00    50.000  0.290E+02   0.15175E-01   0.00000E+00   0.10000E+00    0.50249E-02 -284.96         test_N_all
.6500E+00    50.000  0.278E+02   0.13646E-01   0.00000E+00   0.10000E+00    0.50249E-02 -295.33         test_N_all
.6600E+00    50.000  0.266E+02   0.12235E-01   0.00000E+00   0.10000E+00    0.50249E-02 -305.05         test_N_all
.6700E+00    50.000  0.255E+02   0.10938E-01   0.00000E+00   0.10000E+00    0.50249E-02 -314.14         test_N_all
.6800E+00    50.000  0.244E+02   0.97477E-02   0.00000E+00   0.10000E+00    0.50249E-02 -322.59         test_N_all
.6900E+00    50.000  0.233E+02   0.86577E-02   0.00000E+00   0.10000E+00    0.50249E-02 -330.43         test_N_all
.7000E+00    50.000  0.223E+02   0.76635E-02   0.00000E+00   0.10000E+00    0.17692E-02 *******         test_N_all
.7100E+00    50.000  0.213E+02   0.67572E-02   0.00000E+00   0.10000E+00    0.50249E-02 -344.33         test_N_all
.7200E+00    50.000  0.203E+02   0.59350E-02   0.00000E+00   0.10000E+00    0.50249E-02 -350.42         test_N_all
.7300E+00    50.000  0.194E+02   0.51909E-02   0.00000E+00   0.10000E+00    0.50249E-02 -355.99         test_N_all
.7400E+00    50.000  0.184E+02   0.45190E-02   0.00000E+00   0.10000E+00    0.50249E-02 -361.05         test_N_all
.7500E+00    50.000  0.175E+02   0.39155E-02   0.00000E+00   0.10000E+00    0.50249E-02 -365.63         test_N_all
.7600E+00    50.000  0.167E+02   0.33736E-02   0.00000E+00   0.10000E+00    0.50249E-02 -369.77         test_N_all
.7700E+00    50.000  0.158E+02   0.28902E-02   0.00000E+00   0.10000E+00    0.50249E-02 -373.48         test_N_all
.7800E+00    50.000  0.150E+02   0.24605E-02   0.00000E+00   0.10000E+00    0.50249E-02 -376.79         test_N_all
.7900E+00    50.000  0.142E+02   0.20797E-02   0.00000E+00   0.10000E+00    0.50249E-02 -379.74         test_N_all
.8000E+00    50.000  0.134E+02   0.17445E-02   0.00000E+00   0.10000E+00    0.17692E-02 *******         test_N_all
.8100E+00    50.000  0.126E+02   0.14504E-02   0.00000E+00   0.10000E+00    0.50249E-02 -384.63         test_N_all
.8200E+00    50.000  0.119E+02   0.11946E-02   0.00000E+00   0.10000E+00    0.50249E-02 -386.63         test_N_all
.8300E+00    50.000  0.111E+02   0.97344E-03   0.00000E+00   0.10000E+00    0.50249E-02 -388.37         test_N_all
.8400E+00    50.000  0.104E+02   0.78325E-03   0.00000E+00   0.10000E+00    0.50249E-02 -389.86         test_N_all
.8500E+00    50.000  0.971E+01   0.62203E-03   0.00000E+00   0.10000E+00    0.50249E-02 -391.13         test_N_all
.8600E+00    50.000  0.902E+01   0.48555E-03   0.00000E+00   0.10000E+00    0.50249E-02 -392.20         test_N_all
.8700E+00    50.000  0.835E+01   0.37230E-03   0.00000E+00   0.10000E+00    0.50249E-02 -393.10         test_N_all
.8800E+00    50.000  0.770E+01   0.27942E-03   0.00000E+00   0.10000E+00    0.50249E-02 -393.83         test_N_all
.8900E+00    50.000  0.706E+01   0.20419E-03   0.00000E+00   0.10000E+00    0.50249E-02 -394.42         test_N_all
.9000E+00    50.000  0.644E+01   0.14510E-03   0.00000E+00   0.10000E+00    0.17692E-02 *******         test_N_all
.9100E+00    50.000  0.583E+01   0.98877E-04   0.00000E+00   0.10000E+00    0.50249E-02 -395.26         test_N_all
.9200E+00    50.000  0.523E+01   0.64455E-04   0.00000E+00   0.10000E+00    0.50249E-02 -395.53         test_N_all
.9300E+00    50.000  0.465E+01   0.39634E-04   0.00000E+00   0.10000E+00    0.50249E-02 -395.73         test_N_all
.9400E+00    50.000  0.407E+01   0.22304E-04   0.00000E+00   0.10000E+00    0.50249E-02 -395.86         test_N_all
.9500E+00    50.000  0.351E+01   0.11610E-04   0.00000E+00   0.10000E+00    0.50249E-02 -395.95         test_N_all
.9600E+00    50.000  0.297E+01   0.48122E-05   0.00000E+00   0.10000E+00    0.50249E-02 -396.00         test_N_all
.9700E+00    50.000  0.243E+01   0.15673E-05   0.00000E+00   0.10000E+00    0.50249E-02 -396.03         test_N_all
.9800E+00    50.000  0.190E+01   0.71621E-06   0.00000E+00   0.10000E+00    0.50249E-02 -396.03         test_N_all
.9900E+00    50.000  0.139E+01   0.89508E-06   0.00000E+00   0.10000E+00    0.50249E-02 -396.03         test_N_all
.1000E+01    50.000  0.882E+00   0.00000E+00   0.00000E+00   0.10000E+00    0.50249E-02 -396.04         test_N_all
.1000E+00   100.000  0.901E+03   0.33779E+00   0.00000E+00   0.10000E+00    0.50249E-02 2239.36         test_N_all
.1100E+00   100.000  0.810E+03   0.32358E+00   0.00000E+00   0.10000E+00    0.50249E-02 1979.68         test_N_all
.1200E+00   100.000  0.734E+03   0.31048E+00   0.00000E+00   0.10000E+00    0.50249E-02 1754.60         test_N_all
.1300E+00   100.000  0.670E+03   0.29825E+00   0.00000E+00   0.10000E+00    0.50249E-02 1556.48         test_N_all
.1400E+00   100.000  0.615E+03   0.28661E+00   0.00000E+00   0.10000E+00    0.50249E-02 1379.08         test_N_all
.1500E+00   100.000  0.568E+03   0.27561E+00   0.00000E+00   0.10000E+00    0.50249E-02 1221.39         test_N_all
.1600E+00   100.000  0.526E+03   0.26507E+00   0.00000E+00   0.10000E+00    0.50249E-02 1079.12         test_N_all
.1700E+00   100.000  0.489E+03   0.25500E+00   0.00000E+00   0.10000E+00    0.50249E-02  951.44         test_N_all
.1800E+00   100.000  0.456E+03   0.24534E+00   0.00000E+00   0.10000E+00    0.50249E-02  836.55         test_N_all
.1900E+00   100.000  0.427E+03   0.23603E+00   0.00000E+00   0.10000E+00    0.50249E-02  732.87         test_N_all
.2000E+00   100.000  0.401E+03   0.22708E+00   0.00000E+00   0.10000E+00    0.50249E-02  639.59         test_N_all
.2100E+00   100.000  0.377E+03   0.21842E+00   0.00000E+00   0.10000E+00    0.50249E-02  555.34         test_N_all
.2200E+00   100.000  0.355E+03   0.21004E+00   0.00000E+00   0.10000E+00    0.50249E-02  479.53         test_N_all
.2300E+00   100.000  0.336E+03   0.20191E+00   0.00000E+00   0.10000E+00    0.50249E-02  411.35         test_N_all
.2400E+00   100.000  0.318E+03   0.19402E+00   0.00000E+00   0.10000E+00    0.50249E-02  350.10         test_N_all
.2500E+00   100.000  0.301E+03   0.18635E+00   0.00000E+00   0.10000E+00    0.50249E-02  295.31         test_N_all
.2600E+00   100.000  0.285E+03   0.17887E+00   0.00000E+00   0.10000E+00    0.50249E-02  246.37         test_N_all
.2700E+00   100.000  0.271E+03   0.17158E+00   0.00000E+00   0.10000E+00    0.50249E-02  202.95         test_N_all
.2800E+00   100.000  0.258E+03   0.16447E+00   0.00000E+00   0.10000E+00    0.50249E-02  164.62         test_N_all
.2900E+00   100.000  0.246E+03   0.15752E+00   0.00000E+00   0.10000E+00    0.50249E-02  131.03         test_N_all
.3000E+00   100.000  0.234E+03   0.15073E+00   0.00000E+00   0.10000E+00    0.18868E-02  722.87         test_N_all
.3100E+00   100.000  0.223E+03   0.14408E+00   0.00000E+00   0.10000E+00    0.50249E-02   76.96         test_N_all
.3200E+00   100.000  0.213E+03   0.13758E+00   0.00000E+00   0.10000E+00    0.50249E-02   55.94         test_N_all
.3300E+00   100.000  0.204E+03   0.13123E+00   0.00000E+00   0.10000E+00    0.50249E-02   38.63         test_N_all
.3400E+00   100.000  0.195E+03   0.12502E+00   0.00000E+00   0.10000E+00    0.50249E-02   24.78         test_N_all
.3500E+00   100.000  0.187E+03   0.11895E+00   0.00000E+00   0.10000E+00    0.50249E-02   14.22         test_N_all
.3600E+00   100.000  0.179E+03   0.11302E+00   0.00000E+00   0.10000E+00    0.50249E-02    6.71         test_N_all
.3700E+00   100.000  0.171E+03   0.10723E+00   0.00000E+00   0.10000E+00    0.50249E-02    2.07         test_N_all
.3800E+00   100.000  0.164E+03   0.10160E+00   0.00000E+00   0.10000E+00    0.50249E-02    0.10         test_N_all
.3900E+00   100.000  0.157E+03   0.96117E-01   0.00000E+00   0.10000E+00    0.50249E-02   -0.60         test_N_all
.4000E+00   100.000  0.151E+03   0.90789E-01   0.00000E+00   0.10000E+00    0.17692E-02  -27.11         test_N_all
.4100E+00   100.000  0.145E+03   0.85621E-01   0.00000E+00   0.10000E+00    0.50249E-02   -8.19         test_N_all
.4200E+00   100.000  0.139E+03   0.80614E-01   0.00000E+00   0.10000E+00    0.50249E-02  -14.88         test_N_all
.4300E+00   100.000  0.133E+03   0.75774E-01   0.00000E+00   0.10000E+00    0.50249E-02  -23.24         test_N_all
.4400E+00   100.000  0.128E+03   0.71104E-01   0.00000E+00   0.10000E+00    0.50249E-02  -33.07         test_N_all
.4500E+00   100.000  0.123E+03   0.66604E-01   0.00000E+00   0.10000E+00    0.50249E-02  -44.17         test_N_all
.4600E+00   100.000  0.118E+03   0.62281E-01   0.00000E+00   0.10000E+00    0.50249E-02  -56.35         test_N_all
.4700E+00   100.000  0.114E+03   0.58132E-01   0.00000E+00   0.10000E+00    0.50249E-02  -69.42         test_N_all
.4800E+00   100.000  0.109E+03   0.54160E-01   0.00000E+00   0.10000E+00    0.50249E-02  -83.22         test_N_all
.4900E+00   100.000  0.105E+03   0.50365E-01   0.00000E+00   0.10000E+00    0.50249E-02  -97.57         test_N_all
.5000E+00   100.000  0.101E+03   0.46747E-01   0.00000E+00   0.10000E+00    0.17692E-02 -906.04         test_N_all
.5100E+00   100.000  0.970E+02   0.43306E-01   0.00000E+00   0.10000E+00    0.50249E-02 -127.30         test_N_all
.5200E+00   100.000  0.932E+02   0.40038E-01   0.00000E+00   0.10000E+00    0.50249E-02 -142.39         test_N_all
.5300E+00   100.000  0.896E+02   0.36943E-01   0.00000E+00   0.10000E+00    0.50249E-02 -157.47         test_N_all
.5400E+00   100.000  0.861E+02   0.34018E-01   0.00000E+00   0.10000E+00    0.50249E-02 -172.42         test_N_all
.5500E+00   100.000  0.827E+02   0.31258E-01   0.00000E+00   0.10000E+00    0.50249E-02 -187.15         test_N_all
.5600E+00   100.000  0.795E+02   0.28662E-01   0.00000E+00   0.10000E+00    0.50249E-02 -201.55         test_N_all
.5700E+00   100.000  0.763E+02   0.26223E-01   0.00000E+00   0.10000E+00    0.50249E-02 -215.56         test_N_all
.5800E+00   100.000  0.733E+02   0.23939E-01   0.00000E+00   0.10000E+00    0.50249E-02 -229.12         test_N_all
.5900E+00   100.000  0.704E+02   0.21803E-01   0.00000E+00   0.10000E+00    0.50249E-02 -242.17         test_N_all
.6000E+00   100.000  0.675E+02   0.19812E-01   0.00000E+00   0.10000E+00    0.17692E-02 *******         test_N_all
.6100E+00   100.000  0.648E+02   0.17958E-01   0.00000E+00   0.10000E+00    0.50249E-02 -266.57         test_N_all
.6200E+00   100.000  0.622E+02   0.16238E-01   0.00000E+00   0.10000E+00    0.50249E-02 -277.87         test_N_all
.6300E+00   100.000  0.596E+02   0.14644E-01   0.00000E+00   0.10000E+00    0.50249E-02 -288.54         test_N_all
.6400E+00   100.000  0.571E+02   0.13171E-01   0.00000E+00   0.10000E+00    0.50249E-02 -298.58         test_N_all
.6500E+00   100.000  0.547E+02   0.11814E-01   0.00000E+00   0.10000E+00    0.50249E-02 -307.99         test_N_all
.6600E+00   100.000  0.524E+02   0.10565E-01   0.00000E+00   0.10000E+00    0.50249E-02 -316.78         test_N_all
.6700E+00   100.000  0.501E+02   0.94200E-02   0.00000E+00   0.10000E+00    0.50249E-02 -324.94         test_N_all
.6800E+00   100.000  0.479E+02   0.83722E-02   0.00000E+00   0.10000E+00    0.50249E-02 -332.50         test_N_all
.6900E+00   100.000  0.458E+02   0.74155E-02   0.00000E+00   0.10000E+00    0.50249E-02 -339.48         test_N_all
.7000E+00   100.000  0.437E+02   0.65455E-02   0.00000E+00   0.10000E+00    0.17692E-02 *******         test_N_all
.7100E+00   100.000  0.417E+02   0.57548E-02   0.00000E+00   0.10000E+00    0.50249E-02 -351.77         test_N_all
.7200E+00   100.000  0.398E+02   0.50396E-02   0.00000E+00   0.10000E+00    0.50249E-02 -357.13         test_N_all
.7300E+00   100.000  0.379E+02   0.43944E-02   0.00000E+00   0.10000E+00    0.50249E-02 -362.00         test_N_all
.7400E+00   100.000  0.360E+02   0.38135E-02   0.00000E+00   0.10000E+00    0.50249E-02 -366.41         test_N_all
.7500E+00   100.000  0.342E+02   0.32936E-02   0.00000E+00   0.10000E+00    0.50249E-02 -370.38         test_N_all
.7600E+00   100.000  0.325E+02   0.28281E-02   0.00000E+00   0.10000E+00    0.50249E-02 -373.96         test_N_all
.7700E+00   100.000  0.308E+02   0.24145E-02   0.00000E+00   0.10000E+00    0.50249E-02 -377.15         test_N_all
.7800E+00   100.000  0.291E+02   0.20481E-02   0.00000E+00   0.10000E+00    0.50249E-02 -379.98         test_N_all
.7900E+00   100.000  0.275E+02   0.17245E-02   0.00000E+00   0.10000E+00    0.50249E-02 -382.50         test_N_all
.8000E+00   100.000  0.259E+02   0.14409E-02   0.00000E+00   0.10000E+00    0.17692E-02 *******         test_N_all
.8100E+00   100.000  0.243E+02   0.11930E-02   0.00000E+00   0.10000E+00    0.50249E-02 -386.65         test_N_all
.8200E+00   100.000  0.228E+02   0.97829E-03   0.00000E+00   0.10000E+00    0.50249E-02 -388.33         test_N_all
.8300E+00   100.000  0.214E+02   0.79352E-03   0.00000E+00   0.10000E+00    0.50249E-02 -389.78         test_N_all
.8400E+00   100.000  0.199E+02   0.63536E-03   0.00000E+00   0.10000E+00    0.50249E-02 -391.02         test_N_all
.8500E+00   100.000  0.185E+02   0.50201E-03   0.00000E+00   0.10000E+00    0.50249E-02 -392.07         test_N_all
.8600E+00   100.000  0.172E+02   0.38970E-03   0.00000E+00   0.10000E+00    0.50249E-02 -392.96         test_N_all
.8700E+00   100.000  0.158E+02   0.29705E-03   0.00000E+00   0.10000E+00    0.50249E-02 -393.69         test_N_all
.8800E+00   100.000  0.145E+02   0.22155E-03   0.00000E+00   0.10000E+00    0.50249E-02 -394.29         test_N_all
.8900E+00   100.000  0.132E+02   0.16078E-03   0.00000E+00   0.10000E+00    0.50249E-02 -394.77         test_N_all
.9000E+00   100.000  0.120E+02   0.11344E-03   0.00000E+00   0.10000E+00    0.17692E-02 *******         test_N_all
.9100E+00   100.000  0.108E+02   0.76641E-04   0.00000E+00   0.10000E+00    0.50249E-02 -395.43         test_N_all
.9200E+00   100.000  0.958E+01   0.49505E-04   0.00000E+00   0.10000E+00    0.50249E-02 -395.65         test_N_all
.9300E+00   100.000  0.841E+01   0.30132E-04   0.00000E+00   0.10000E+00    0.50249E-02 -395.80         test_N_all
.9400E+00   100.000  0.726E+01   0.16735E-04   0.00000E+00   0.10000E+00    0.50249E-02 -395.91         test_N_all
.9500E+00   100.000  0.614E+01   0.86192E-05   0.00000E+00   0.10000E+00    0.50249E-02 -395.97         test_N_all
.9600E+00   100.000  0.505E+01   0.34991E-05   0.00000E+00   0.10000E+00    0.50249E-02 -396.01         test_N_all
.9700E+00   100.000  0.397E+01   0.11300E-05   0.00000E+00   0.10000E+00    0.50249E-02 -396.03         test_N_all
.9800E+00   100.000  0.292E+01   0.58086E-06   0.00000E+00   0.10000E+00    0.50249E-02 -396.04         test_N_all
.9900E+00   100.000  0.189E+01   0.76174E-06   0.00000E+00   0.10000E+00    0.50249E-02 -396.03         test_N_all
.1000E+01   100.000  0.882E+00   0.00000E+00   0.00000E+00   0.10000E+00    0.50249E-02 -396.04         test_N_all



 CHI SQUARE=******** FOR  582 POINTS   CHISQ/NPTS=  704.58
 Signed chisquare total =********
 Modified residual =********


Summary normalization chi2 contributions

 data set     normalization        error         chisq


Summary chi2 per data set

 data set      chisq    _w     signd    _w     resid     _w   npts   chisq/pts  _w
test_N_all  410064.1        116511.0        ********           582  704.58
------------------------------------------------------------------------------------
TOTAL       410064.1410064.1116511.0     0.0****************   582  704.58  704.58
TOTAL+norm  410064.1410064.1                                   582  704.58  704.58



            Momentum Sum Rule Check


      q2      alphas      xuv       xdv       xub       xdb       xsb       xcb       xbb      xglue     total
      1.69    0.3845    0.3222    0.1370    0.0551    0.0716    0.0253    0.0000    0.0000    0.3890    1.0002
    100.00    0.1784    0.2270    0.0966    0.0645    0.0761    0.0436    0.0257    0.0087    0.4549    0.9972
   1000.00    0.1407    0.0000    0.0000    0.0000    0.0000    0.0000    0.0000    0.0000    0.0000    0.0000
   8315.00    0.1180    0.0000    0.0000    0.0000    0.0000    0.0000    0.0000    0.0000    0.0000    0.0000


 Vector Boson Cross Sections

 sqrt(s)   sigma(W)    error    theory

   1960.     2.865     0.063       0.000     D0

   1960.     2.749     0.054       0.000     CDF

   7000.     9.95      0.29        0.000     CMS

   7000.     9.96      0.55        0.000     ATLAS

 sqrt(s)   sigma(Z)    error    theory

   1960.     .2649     .0094       0.000     D0

   1960.     .2549     .0057       0.000     CDF

   7000.     .931      0.035       0.000     CMS

   7000.     .82       0.08        0.000     ATLAS


