 Correlated errors added in quadrature with statistical errors
 test_P_all DIS data with   1.69< Q2 < 0.500D+03 and 0.000 < xB < 1.000 and   0.00< W2 < 0.100D+05 and 0.000 < y < 1.000
   No TMC applied
   no HT corrections

# fitpack15: fit output
# CJ15 AV18 final data choices                                                 

Parametrization   7 used here

 S-ACOT scheme used  for NC DIS

 charm mass =     1.30 GeV     bottom mass =     4.50 GeV



 THIS IS A NEXT TO LEADING ORDER FIT

 Q02=    1.69
         1  LAMBDA      VALUE=   0.22680      WEIGHT=    0.0000    
         2  a0uv        VALUE=    2.0003      WEIGHT=    0.0000    
         3  a1uv        VALUE=   0.57314      WEIGHT=   0.22878E-01
         4  a2uv        VALUE=    3.5565      WEIGHT=   0.11790E-01
         5  a3uv        VALUE=    0.0000      WEIGHT=    0.0000    
         6  a4uv        VALUE=    4.4208      WEIGHT=   0.59726    
         7  a5uv        VALUE=    0.0000      WEIGHT=    0.0000    
         8  a0dv        VALUE=    23.911      WEIGHT=    0.0000    
         9  a1dv        VALUE=    1.1467      WEIGHT=   0.33057E-01
        10  a2dv        VALUE=    6.6269      WEIGHT=   0.16308    
        11  a3dv        VALUE=   -3.5338      WEIGHT=   0.88872E-01
        12  a4dv        VALUE=    4.7856      WEIGHT=   0.14371    
        13  a5dv        VALUE=    0.0000      WEIGHT=    0.0000    
        14  a0ud        VALUE=   0.14168      WEIGHT=   0.49853E-02
        15  a1ud        VALUE=  -0.21097      WEIGHT=   0.38243E-02
        16  a2ud        VALUE=    8.4663      WEIGHT=   0.18613    
        17  a3ud        VALUE=    0.0000      WEIGHT=    0.0000    
        18  a4ud        VALUE=    15.939      WEIGHT=    1.2745    
        19  a5ud        VALUE=    0.0000      WEIGHT=    0.0000    
        20  a0du        VALUE=    35712.      WEIGHT=    0.0000    
        21  a1du        VALUE=    4.0846      WEIGHT=   0.82567E-01
        22  a2du        VALUE=    20.253      WEIGHT=   0.96894    
        23  a3du        VALUE=    17.000      WEIGHT=    0.0000    
        24  a4du        VALUE=    53.564      WEIGHT=    10.319    
        25  a0g         VALUE=    45.875      WEIGHT=    0.0000    
        26  a1g         VALUE=   0.60306      WEIGHT=   0.29489E-01
        27  a2g         VALUE=    6.0131      WEIGHT=   0.80189    
        28  a3g         VALUE=   -3.3947      WEIGHT=   0.11977    
        29  a4g         VALUE=    3.2663      WEIGHT=   0.27356    
        30  a5g         VALUE=    0.0000      WEIGHT=    0.0000    
        31  kappa       VALUE=   0.40000      WEIGHT=    0.0000    
        32  a6dv        VALUE=  -0.44506E-02  WEIGHT=   0.72739E-03
        33  a7dv        VALUE=    2.0000      WEIGHT=    0.0000    
        34  off1        VALUE=   -1.6473      WEIGHT=    1.0860    
        35  off2        VALUE=   0.33167      WEIGHT=   0.15679    
        36  ht1         VALUE=   -3.3587      WEIGHT=   0.32004    
        37  ht2         VALUE=    1.9476      WEIGHT=   0.12038    
        38  ht3         VALUE=   -2.0616      WEIGHT=   0.35408E-01
        39  ht4         VALUE=    0.0000      WEIGHT=    0.0000    
        40  ht1n        VALUE=   -3.0362      WEIGHT=   0.71973    
        41  ht2n        VALUE=    1.8020      WEIGHT=   0.25367    
        42  ht3n        VALUE=   -2.3272      WEIGHT=   0.80050E-01
        43  ht4n        VALUE=    0.0000      WEIGHT=    0.0000    
        44  dummy44     VALUE=    0.0000      WEIGHT=    0.0000    
        45  dummy45     VALUE=    0.0000      WEIGHT=    0.0000    
        46  dummy46     VALUE=    0.0000      WEIGHT=    0.0000    
        47  dummy47     VALUE=    0.0000      WEIGHT=    0.0000    
        48  dummy48     VALUE=    0.0000      WEIGHT=    0.0000    
        49  dummy49     VALUE=    0.0000      WEIGHT=    0.0000    
        50  bcdmsh2     VALUE=   0.96933      WEIGHT=   0.48728E-02
        51  bcdmsd2     VALUE=   0.98934      WEIGHT=   0.56947E-02
        52  ccfr        VALUE=    1.0000      WEIGHT=    0.0000    
        53  nutev       VALUE=    1.0000      WEIGHT=    0.0000    
        54  zeus        VALUE=   0.97998      WEIGHT=    0.0000    
        55  h1          VALUE=    1.0162      WEIGHT=    0.0000    
        56  e605        VALUE=    1.0319      WEIGHT=    0.0000    
        57  NmcH2       VALUE=    1.0065      WEIGHT=   0.71361E-02
        58  ntv_nu      VALUE=    1.0000      WEIGHT=    0.0000    
        59  ntv_nubar   VALUE=    1.0000      WEIGHT=    0.0000    
        60  cdf_jet     VALUE=   0.98910      WEIGHT=    0.0000    
        61  d0_jet      VALUE=   0.83504      WEIGHT=    0.0000    
        62  slac_p      VALUE=   0.99899      WEIGHT=   0.51264E-02
        63  slac_d      VALUE=    1.0017      WEIGHT=   0.53339E-02
        64  e866pp      VALUE=   0.97968      WEIGHT=   0.19802E-01
        65  e866pd      VALUE=   0.96769      WEIGHT=   0.16357E-01
        66  d0_gamjet   VALUE=    1.0364      WEIGHT=   0.16441E-01
        67  h1b         VALUE=   0.97608      WEIGHT=    0.0000    
        68  jlab_p      VALUE=   0.98877      WEIGHT=   0.63013E-02
        69  jlab_d      VALUE=   0.97661      WEIGHT=   0.61188E-02
        70  blank       VALUE=    1.0000      WEIGHT=    0.0000    
        71  d0run2      VALUE=   0.95396      WEIGHT=   0.15045E-01
        72  cdfrun2     VALUE=   0.93735      WEIGHT=   0.17686E-01
        73  HERA_el     VALUE=    1.0000      WEIGHT=    0.0000    
        74  HERA_ps     VALUE=    1.0000      WEIGHT=    0.0000    
        75  CDF_Z       VALUE=   0.95830      WEIGHT=   0.66302E-02
        76  NmcRat      VALUE=    1.0000      WEIGHT=    0.0000    
        77  BNS_F2nd    VALUE=   0.99412      WEIGHT=   0.97726E-02
        78  HERMES_F2p  VALUE=   0.99374      WEIGHT=   0.57273E-02
        79  HERMES_F2d  VALUE=   0.97683      WEIGHT=   0.58069E-02
0THE TOLERANCE IS    0.1000
 THE MAXIMUM NUMBER OF STEPS IS 100
0THE INITIAL CHI SQUARED IS  6.61237E+05



     X        Q2         W2       THEORY        error         DATA           ERROR        chi^2     _w    ITYPE
.1000E-01     2.000  0.199E+03   0.35330E+00   0.00000E+00   0.10000E+00    0.50249E-02 2541.07         test_P_all
.2000E-01     2.000  0.989E+02   0.33463E+00   0.00000E+00   0.10000E+00    0.50249E-02 2180.29         test_P_all
.3000E-01     2.000  0.655E+02   0.33051E+00   0.00000E+00   0.10000E+00    0.50249E-02 2104.43         test_P_all
.4000E-01     2.000  0.489E+02   0.33376E+00   0.00000E+00   0.10000E+00    0.50249E-02 2164.08         test_P_all
.5000E-01     2.000  0.389E+02   0.33744E+00   0.00000E+00   0.10000E+00    0.50249E-02 2232.75         test_P_all
.6000E-01     2.000  0.322E+02   0.34216E+00   0.00000E+00   0.10000E+00    0.50249E-02 2322.46         test_P_all
.7000E-01     2.000  0.275E+02   0.34611E+00   0.00000E+00   0.10000E+00    0.50249E-02 2398.81         test_P_all
.8000E-01     2.000  0.239E+02   0.34934E+00   0.00000E+00   0.10000E+00    0.50249E-02 2462.10         test_P_all
.9000E-01     2.000  0.211E+02   0.35202E+00   0.00000E+00   0.10000E+00    0.50249E-02 2515.46         test_P_all
.1000E+00     2.000  0.189E+02   0.35398E+00   0.00000E+00   0.10000E+00    0.50249E-02 2554.61         test_P_all
.1100E+00     2.000  0.171E+02   0.35566E+00   0.00000E+00   0.10000E+00    0.50249E-02 2588.58         test_P_all
.1200E+00     2.000  0.155E+02   0.35689E+00   0.00000E+00   0.10000E+00    0.50249E-02 2613.65         test_P_all
.1300E+00     2.000  0.143E+02   0.35779E+00   0.00000E+00   0.10000E+00    0.50249E-02 2631.84         test_P_all
.1400E+00     2.000  0.132E+02   0.35849E+00   0.00000E+00   0.10000E+00    0.50249E-02 2646.15         test_P_all
.1500E+00     2.000  0.122E+02   0.35887E+00   0.00000E+00   0.10000E+00    0.50249E-02 2654.04         test_P_all
.1600E+00     2.000  0.114E+02   0.35904E+00   0.00000E+00   0.10000E+00    0.50249E-02 2657.45         test_P_all
.1700E+00     2.000  0.106E+02   0.35893E+00   0.00000E+00   0.10000E+00    0.50249E-02 2655.32         test_P_all
.1800E+00     2.000  0.999E+01   0.35855E+00   0.00000E+00   0.10000E+00    0.50249E-02 2647.48         test_P_all
.1900E+00     2.000  0.941E+01   0.35788E+00   0.00000E+00   0.10000E+00    0.50249E-02 2633.78         test_P_all
.2000E+00     2.000  0.888E+01   0.35692E+00   0.00000E+00   0.10000E+00    0.50249E-02 2614.23         test_P_all
.2100E+00     2.000  0.841E+01   0.35563E+00   0.00000E+00   0.10000E+00    0.50249E-02 2588.02         test_P_all
.2200E+00     2.000  0.797E+01   0.35402E+00   0.00000E+00   0.10000E+00    0.50249E-02 2555.55         test_P_all
.2300E+00     2.000  0.758E+01   0.35208E+00   0.00000E+00   0.10000E+00    0.50249E-02 2516.66         test_P_all
.2400E+00     2.000  0.722E+01   0.34979E+00   0.00000E+00   0.10000E+00    0.50249E-02 2471.07         test_P_all
.2500E+00     2.000  0.688E+01   0.34716E+00   0.00000E+00   0.10000E+00    0.50249E-02 2419.37         test_P_all
.2600E+00     2.000  0.657E+01   0.34417E+00   0.00000E+00   0.10000E+00    0.50249E-02 2361.15         test_P_all
.2700E+00     2.000  0.629E+01   0.34084E+00   0.00000E+00   0.10000E+00    0.50249E-02 2297.12         test_P_all
.2800E+00     2.000  0.602E+01   0.33716E+00   0.00000E+00   0.10000E+00    0.50249E-02 2227.57         test_P_all
.2900E+00     2.000  0.578E+01   0.33315E+00   0.00000E+00   0.10000E+00    0.50249E-02 2152.77         test_P_all
.3000E+00     2.000  0.555E+01   0.32881E+00   0.00000E+00   0.10000E+00    0.18868E-02 *******         test_P_all
.3100E+00     2.000  0.533E+01   0.32415E+00   0.00000E+00   0.10000E+00    0.50249E-02 1989.90         test_P_all
.3200E+00     2.000  0.513E+01   0.31920E+00   0.00000E+00   0.10000E+00    0.50249E-02 1902.89         test_P_all
.3300E+00     2.000  0.494E+01   0.31396E+00   0.00000E+00   0.10000E+00    0.50249E-02 1812.98         test_P_all
.3400E+00     2.000  0.476E+01   0.30845E+00   0.00000E+00   0.10000E+00    0.50249E-02 1720.80         test_P_all
.3500E+00     2.000  0.460E+01   0.30268E+00   0.00000E+00   0.10000E+00    0.50249E-02 1626.91         test_P_all
.3600E+00     2.000  0.444E+01   0.29668E+00   0.00000E+00   0.10000E+00    0.50249E-02 1532.02         test_P_all
.3700E+00     2.000  0.429E+01   0.29046E+00   0.00000E+00   0.10000E+00    0.50249E-02 1436.61         test_P_all
.3800E+00     2.000  0.414E+01   0.28403E+00   0.00000E+00   0.10000E+00    0.50249E-02 1341.28         test_P_all
.3900E+00     2.000  0.401E+01   0.27742E+00   0.00000E+00   0.10000E+00    0.50249E-02 1246.61         test_P_all
.4000E+00     2.000  0.388E+01   0.27063E+00   0.00000E+00   0.10000E+00    0.17692E-02 9301.40         test_P_all
.4100E+00     2.000  0.376E+01   0.26368E+00   0.00000E+00   0.10000E+00    0.50249E-02 1061.08         test_P_all
.4200E+00     2.000  0.364E+01   0.25660E+00   0.00000E+00   0.10000E+00    0.50249E-02  971.19         test_P_all
.4300E+00     2.000  0.353E+01   0.24938E+00   0.00000E+00   0.10000E+00    0.50249E-02  883.76         test_P_all
.4400E+00     2.000  0.343E+01   0.24206E+00   0.00000E+00   0.10000E+00    0.50249E-02  799.22         test_P_all
.4500E+00     2.000  0.333E+01   0.23463E+00   0.00000E+00   0.10000E+00    0.50249E-02  717.85         test_P_all
.4600E+00     2.000  0.323E+01   0.22713E+00   0.00000E+00   0.10000E+00    0.50249E-02  640.07         test_P_all
.4700E+00     2.000  0.314E+01   0.21956E+00   0.00000E+00   0.10000E+00    0.50249E-02  566.10         test_P_all
.4800E+00     2.000  0.305E+01   0.21193E+00   0.00000E+00   0.10000E+00    0.50249E-02  496.20         test_P_all
.4900E+00     2.000  0.296E+01   0.20427E+00   0.00000E+00   0.10000E+00    0.50249E-02  430.62         test_P_all
.5000E+00     2.000  0.288E+01   0.19659E+00   0.00000E+00   0.10000E+00    0.17692E-02 2980.64         test_P_all
.5100E+00     2.000  0.280E+01   0.18890E+00   0.00000E+00   0.10000E+00    0.50249E-02  313.01         test_P_all
.5200E+00     2.000  0.273E+01   0.18122E+00   0.00000E+00   0.10000E+00    0.50249E-02  261.26         test_P_all
.5300E+00     2.000  0.266E+01   0.17356E+00   0.00000E+00   0.10000E+00    0.50249E-02  214.31         test_P_all
.5400E+00     2.000  0.259E+01   0.16594E+00   0.00000E+00   0.10000E+00    0.50249E-02  172.22         test_P_all
.5500E+00     2.000  0.252E+01   0.15837E+00   0.00000E+00   0.10000E+00    0.50249E-02  134.94         test_P_all
.5600E+00     2.000  0.245E+01   0.15087E+00   0.00000E+00   0.10000E+00    0.50249E-02  102.50         test_P_all
.5700E+00     2.000  0.239E+01   0.14345E+00   0.00000E+00   0.10000E+00    0.50249E-02   74.78         test_P_all
.5800E+00     2.000  0.233E+01   0.13613E+00   0.00000E+00   0.10000E+00    0.50249E-02   51.68         test_P_all
.5900E+00     2.000  0.227E+01   0.12891E+00   0.00000E+00   0.10000E+00    0.50249E-02   33.10         test_P_all
.6000E+00     2.000  0.222E+01   0.12181E+00   0.00000E+00   0.10000E+00    0.17692E-02  151.92         test_P_all
.6100E+00     2.000  0.216E+01   0.11484E+00   0.00000E+00   0.10000E+00    0.50249E-02    8.73         test_P_all
.6200E+00     2.000  0.211E+01   0.10802E+00   0.00000E+00   0.10000E+00    0.50249E-02    2.55         test_P_all
.6300E+00     2.000  0.206E+01   0.10136E+00   0.00000E+00   0.10000E+00    0.50249E-02    0.07         test_P_all
.6400E+00     2.000  0.201E+01   0.94861E-01   0.00000E+00   0.10000E+00    0.50249E-02   -1.05         test_P_all
.6500E+00     2.000  0.196E+01   0.88537E-01   0.00000E+00   0.10000E+00    0.50249E-02   -5.20         test_P_all
.6600E+00     2.000  0.191E+01   0.82406E-01   0.00000E+00   0.10000E+00    0.50249E-02  -12.26         test_P_all
.6700E+00     2.000  0.187E+01   0.76467E-01   0.00000E+00   0.10000E+00    0.50249E-02  -21.93         test_P_all
.6800E+00     2.000  0.182E+01   0.70732E-01   0.00000E+00   0.10000E+00    0.50249E-02  -33.93         test_P_all
.6900E+00     2.000  0.178E+01   0.65210E-01   0.00000E+00   0.10000E+00    0.50249E-02  -47.93         test_P_all
.7000E+00     2.000  0.174E+01   0.59902E-01   0.00000E+00   0.10000E+00    0.17692E-02 -513.69         test_P_all
.7100E+00     2.000  0.170E+01   0.54823E-01   0.00000E+00   0.10000E+00    0.50249E-02  -80.83         test_P_all
.7200E+00     2.000  0.166E+01   0.49970E-01   0.00000E+00   0.10000E+00    0.50249E-02  -99.13         test_P_all
.7300E+00     2.000  0.162E+01   0.45350E-01   0.00000E+00   0.10000E+00    0.50249E-02 -118.28         test_P_all
.7400E+00     2.000  0.158E+01   0.40969E-01   0.00000E+00   0.10000E+00    0.50249E-02 -138.00         test_P_all
.7500E+00     2.000  0.155E+01   0.36825E-01   0.00000E+00   0.10000E+00    0.50249E-02 -158.06         test_P_all
.7600E+00     2.000  0.151E+01   0.32926E-01   0.00000E+00   0.10000E+00    0.50249E-02 -178.18         test_P_all
.7700E+00     2.000  0.148E+01   0.29267E-01   0.00000E+00   0.10000E+00    0.50249E-02 -198.14         test_P_all
.7800E+00     2.000  0.145E+01   0.25851E-01   0.00000E+00   0.10000E+00    0.50249E-02 -217.75         test_P_all
.7900E+00     2.000  0.141E+01   0.22677E-01   0.00000E+00   0.10000E+00    0.50249E-02 -236.78         test_P_all
.8000E+00     2.000  0.138E+01   0.19739E-01   0.00000E+00   0.10000E+00    0.17692E-02 *******         test_P_all
.8100E+00     2.000  0.135E+01   0.17044E-01   0.00000E+00   0.10000E+00    0.50249E-02 -272.54         test_P_all
.8200E+00     2.000  0.132E+01   0.14580E-01   0.00000E+00   0.10000E+00    0.50249E-02 -288.97         test_P_all
.8300E+00     2.000  0.129E+01   0.12344E-01   0.00000E+00   0.10000E+00    0.50249E-02 -304.30         test_P_all
.8400E+00     2.000  0.126E+01   0.10333E-01   0.00000E+00   0.10000E+00    0.50249E-02 -318.42         test_P_all
.8500E+00     2.000  0.123E+01   0.85359E-02   0.00000E+00   0.10000E+00    0.50249E-02 -331.31         test_P_all
.8600E+00     2.000  0.121E+01   0.69494E-02   0.00000E+00   0.10000E+00    0.50249E-02 -342.91         test_P_all
.8700E+00     2.000  0.118E+01   0.55620E-02   0.00000E+00   0.10000E+00    0.50249E-02 -353.21         test_P_all
.8800E+00     2.000  0.115E+01   0.43645E-02   0.00000E+00   0.10000E+00    0.50249E-02 -362.22         test_P_all
.8900E+00     2.000  0.113E+01   0.33468E-02   0.00000E+00   0.10000E+00    0.50249E-02 -369.97         test_P_all
.9000E+00     2.000  0.110E+01   0.24967E-02   0.00000E+00   0.10000E+00    0.17692E-02 *******         test_P_all
.9100E+00     2.000  0.108E+01   0.18008E-02   0.00000E+00   0.10000E+00    0.50249E-02 -381.90         test_P_all
.9200E+00     2.000  0.106E+01   0.12467E-02   0.00000E+00   0.10000E+00    0.50249E-02 -386.23         test_P_all
.9300E+00     2.000  0.103E+01   0.81891E-03   0.00000E+00   0.10000E+00    0.50249E-02 -389.58         test_P_all
.9400E+00     2.000  0.101E+01   0.50113E-03   0.00000E+00   0.10000E+00    0.50249E-02 -392.08         test_P_all
.9500E+00     2.000  0.987E+00   0.28154E-03   0.00000E+00   0.10000E+00    0.50249E-02 -393.81         test_P_all
.9600E+00     2.000  0.965E+00   0.13396E-03   0.00000E+00   0.10000E+00    0.50249E-02 -394.98         test_P_all
.9700E+00     2.000  0.944E+00   0.50074E-04   0.00000E+00   0.10000E+00    0.50249E-02 -395.64         test_P_all
.9800E+00     2.000  0.923E+00   0.14234E-04   0.00000E+00   0.10000E+00    0.50249E-02 -395.93         test_P_all
.9900E+00     2.000  0.902E+00   0.73888E-05   0.00000E+00   0.10000E+00    0.50249E-02 -395.98         test_P_all
.1000E+01     2.000  0.882E+00   0.00000E+00   0.00000E+00   0.10000E+00    0.50249E-02 -396.04         test_P_all
.1000E-01     5.000  0.496E+03   0.46058E+00   0.00000E+00   0.10000E+00    0.50249E-02 5149.19         test_P_all
.2000E-01     5.000  0.246E+03   0.41491E+00   0.00000E+00   0.10000E+00    0.50249E-02 3927.39         test_P_all
.3000E-01     5.000  0.163E+03   0.39583E+00   0.00000E+00   0.10000E+00    0.50249E-02 3465.97         test_P_all
.4000E-01     5.000  0.121E+03   0.38939E+00   0.00000E+00   0.10000E+00    0.50249E-02 3316.75         test_P_all
.5000E-01     5.000  0.959E+02   0.38456E+00   0.00000E+00   0.10000E+00    0.50249E-02 3206.96         test_P_all
.6000E-01     5.000  0.792E+02   0.38234E+00   0.00000E+00   0.10000E+00    0.50249E-02 3157.12         test_P_all
.7000E-01     5.000  0.673E+02   0.38004E+00   0.00000E+00   0.10000E+00    0.50249E-02 3105.80         test_P_all
.8000E-01     5.000  0.584E+02   0.37795E+00   0.00000E+00   0.10000E+00    0.50249E-02 3059.66         test_P_all
.9000E-01     5.000  0.514E+02   0.37582E+00   0.00000E+00   0.10000E+00    0.50249E-02 3013.05         test_P_all
.1000E+00     5.000  0.459E+02   0.37360E+00   0.00000E+00   0.10000E+00    0.50249E-02 2964.64         test_P_all
.1100E+00     5.000  0.413E+02   0.37141E+00   0.00000E+00   0.10000E+00    0.50249E-02 2917.40         test_P_all
.1200E+00     5.000  0.375E+02   0.36921E+00   0.00000E+00   0.10000E+00    0.50249E-02 2870.33         test_P_all
.1300E+00     5.000  0.343E+02   0.36695E+00   0.00000E+00   0.10000E+00    0.50249E-02 2822.27         test_P_all
.1400E+00     5.000  0.316E+02   0.36463E+00   0.00000E+00   0.10000E+00    0.50249E-02 2773.43         test_P_all
.1500E+00     5.000  0.292E+02   0.36222E+00   0.00000E+00   0.10000E+00    0.50249E-02 2723.15         test_P_all
.1600E+00     5.000  0.271E+02   0.35966E+00   0.00000E+00   0.10000E+00    0.50249E-02 2670.32         test_P_all
.1700E+00     5.000  0.253E+02   0.35696E+00   0.00000E+00   0.10000E+00    0.50249E-02 2615.02         test_P_all
.1800E+00     5.000  0.237E+02   0.35408E+00   0.00000E+00   0.10000E+00    0.50249E-02 2556.65         test_P_all
.1900E+00     5.000  0.222E+02   0.35097E+00   0.00000E+00   0.10000E+00    0.50249E-02 2494.43         test_P_all
.2000E+00     5.000  0.209E+02   0.34765E+00   0.00000E+00   0.10000E+00    0.50249E-02 2428.87         test_P_all
.2100E+00     5.000  0.197E+02   0.34404E+00   0.00000E+00   0.10000E+00    0.50249E-02 2358.73         test_P_all
.2200E+00     5.000  0.186E+02   0.34020E+00   0.00000E+00   0.10000E+00    0.50249E-02 2284.93         test_P_all
.2300E+00     5.000  0.176E+02   0.33609E+00   0.00000E+00   0.10000E+00    0.50249E-02 2207.39         test_P_all
.2400E+00     5.000  0.167E+02   0.33169E+00   0.00000E+00   0.10000E+00    0.50249E-02 2125.87         test_P_all
.2500E+00     5.000  0.159E+02   0.32702E+00   0.00000E+00   0.10000E+00    0.50249E-02 2041.10         test_P_all
.2600E+00     5.000  0.151E+02   0.32206E+00   0.00000E+00   0.10000E+00    0.50249E-02 1952.94         test_P_all
.2700E+00     5.000  0.144E+02   0.31684E+00   0.00000E+00   0.10000E+00    0.50249E-02 1862.16         test_P_all
.2800E+00     5.000  0.137E+02   0.31136E+00   0.00000E+00   0.10000E+00    0.50249E-02 1769.21         test_P_all
.2900E+00     5.000  0.131E+02   0.30562E+00   0.00000E+00   0.10000E+00    0.50249E-02 1674.50         test_P_all
.3000E+00     5.000  0.125E+02   0.29966E+00   0.00000E+00   0.10000E+00    0.18868E-02 *******         test_P_all
.3100E+00     5.000  0.120E+02   0.29347E+00   0.00000E+00   0.10000E+00    0.50249E-02 1482.35         test_P_all
.3200E+00     5.000  0.115E+02   0.28707E+00   0.00000E+00   0.10000E+00    0.50249E-02 1385.99         test_P_all
.3300E+00     5.000  0.110E+02   0.28049E+00   0.00000E+00   0.10000E+00    0.50249E-02 1290.19         test_P_all
.3400E+00     5.000  0.106E+02   0.27374E+00   0.00000E+00   0.10000E+00    0.50249E-02 1195.51         test_P_all
.3500E+00     5.000  0.102E+02   0.26684E+00   0.00000E+00   0.10000E+00    0.50249E-02 1102.39         test_P_all
.3600E+00     5.000  0.977E+01   0.25981E+00   0.00000E+00   0.10000E+00    0.50249E-02 1011.40         test_P_all
.3700E+00     5.000  0.940E+01   0.25265E+00   0.00000E+00   0.10000E+00    0.50249E-02  922.90         test_P_all
.3800E+00     5.000  0.904E+01   0.24540E+00   0.00000E+00   0.10000E+00    0.50249E-02  837.30         test_P_all
.3900E+00     5.000  0.870E+01   0.23807E+00   0.00000E+00   0.10000E+00    0.50249E-02  754.97         test_P_all
.4000E+00     5.000  0.838E+01   0.23066E+00   0.00000E+00   0.10000E+00    0.17692E-02 5454.74         test_P_all
.4100E+00     5.000  0.808E+01   0.22321E+00   0.00000E+00   0.10000E+00    0.50249E-02  601.26         test_P_all
.4200E+00     5.000  0.779E+01   0.21573E+00   0.00000E+00   0.10000E+00    0.50249E-02  530.39         test_P_all
.4300E+00     5.000  0.751E+01   0.20821E+00   0.00000E+00   0.10000E+00    0.50249E-02  463.77         test_P_all
.4400E+00     5.000  0.725E+01   0.20070E+00   0.00000E+00   0.10000E+00    0.50249E-02  401.58         test_P_all
.4500E+00     5.000  0.699E+01   0.19318E+00   0.00000E+00   0.10000E+00    0.50249E-02  343.88         test_P_all
.4600E+00     5.000  0.675E+01   0.18569E+00   0.00000E+00   0.10000E+00    0.50249E-02  290.83         test_P_all
.4700E+00     5.000  0.652E+01   0.17824E+00   0.00000E+00   0.10000E+00    0.50249E-02  242.42         test_P_all
.4800E+00     5.000  0.630E+01   0.17083E+00   0.00000E+00   0.10000E+00    0.50249E-02  198.67         test_P_all
.4900E+00     5.000  0.609E+01   0.16348E+00   0.00000E+00   0.10000E+00    0.50249E-02  159.58         test_P_all
.5000E+00     5.000  0.588E+01   0.15620E+00   0.00000E+00   0.10000E+00    0.17692E-02 1009.00         test_P_all
.5100E+00     5.000  0.569E+01   0.14901E+00   0.00000E+00   0.10000E+00    0.50249E-02   95.11         test_P_all
.5200E+00     5.000  0.550E+01   0.14191E+00   0.00000E+00   0.10000E+00    0.50249E-02   69.55         test_P_all
.5300E+00     5.000  0.532E+01   0.13491E+00   0.00000E+00   0.10000E+00    0.50249E-02   48.28         test_P_all
.5400E+00     5.000  0.514E+01   0.12804E+00   0.00000E+00   0.10000E+00    0.50249E-02   31.14         test_P_all
.5500E+00     5.000  0.497E+01   0.12129E+00   0.00000E+00   0.10000E+00    0.50249E-02   17.95         test_P_all
.5600E+00     5.000  0.481E+01   0.11468E+00   0.00000E+00   0.10000E+00    0.50249E-02    8.54         test_P_all
.5700E+00     5.000  0.465E+01   0.10822E+00   0.00000E+00   0.10000E+00    0.50249E-02    2.67         test_P_all
.5800E+00     5.000  0.450E+01   0.10191E+00   0.00000E+00   0.10000E+00    0.50249E-02    0.14         test_P_all
.5900E+00     5.000  0.436E+01   0.95763E-01   0.00000E+00   0.10000E+00    0.50249E-02   -0.71         test_P_all
.6000E+00     5.000  0.422E+01   0.89786E-01   0.00000E+00   0.10000E+00    0.17692E-02  -33.33         test_P_all
.6100E+00     5.000  0.408E+01   0.83990E-01   0.00000E+00   0.10000E+00    0.50249E-02  -10.15         test_P_all
.6200E+00     5.000  0.395E+01   0.78375E-01   0.00000E+00   0.10000E+00    0.50249E-02  -18.52         test_P_all
.6300E+00     5.000  0.382E+01   0.72950E-01   0.00000E+00   0.10000E+00    0.50249E-02  -28.98         test_P_all
.6400E+00     5.000  0.369E+01   0.67720E-01   0.00000E+00   0.10000E+00    0.50249E-02  -41.27         test_P_all
.6500E+00     5.000  0.357E+01   0.62686E-01   0.00000E+00   0.10000E+00    0.50249E-02  -55.14         test_P_all
.6600E+00     5.000  0.346E+01   0.57859E-01   0.00000E+00   0.10000E+00    0.50249E-02  -70.33         test_P_all
.6700E+00     5.000  0.334E+01   0.53235E-01   0.00000E+00   0.10000E+00    0.50249E-02  -86.61         test_P_all
.6800E+00     5.000  0.323E+01   0.48819E-01   0.00000E+00   0.10000E+00    0.50249E-02 -103.74         test_P_all
.6900E+00     5.000  0.313E+01   0.44615E-01   0.00000E+00   0.10000E+00    0.50249E-02 -121.49         test_P_all
.7000E+00     5.000  0.302E+01   0.40619E-01   0.00000E+00   0.10000E+00    0.17692E-02 *******         test_P_all
.7100E+00     5.000  0.292E+01   0.36838E-01   0.00000E+00   0.10000E+00    0.50249E-02 -158.00         test_P_all
.7200E+00     5.000  0.283E+01   0.33267E-01   0.00000E+00   0.10000E+00    0.50249E-02 -176.37         test_P_all
.7300E+00     5.000  0.273E+01   0.29906E-01   0.00000E+00   0.10000E+00    0.50249E-02 -194.58         test_P_all
.7400E+00     5.000  0.264E+01   0.26756E-01   0.00000E+00   0.10000E+00    0.50249E-02 -212.46         test_P_all
.7500E+00     5.000  0.255E+01   0.23812E-01   0.00000E+00   0.10000E+00    0.50249E-02 -229.89         test_P_all
.7600E+00     5.000  0.246E+01   0.21074E-01   0.00000E+00   0.10000E+00    0.50249E-02 -246.70         test_P_all
.7700E+00     5.000  0.238E+01   0.18538E-01   0.00000E+00   0.10000E+00    0.50249E-02 -262.82         test_P_all
.7800E+00     5.000  0.229E+01   0.16198E-01   0.00000E+00   0.10000E+00    0.50249E-02 -278.13         test_P_all
.7900E+00     5.000  0.221E+01   0.14052E-01   0.00000E+00   0.10000E+00    0.50249E-02 -292.56         test_P_all
.8000E+00     5.000  0.213E+01   0.12092E-01   0.00000E+00   0.10000E+00    0.17692E-02 *******         test_P_all
.8100E+00     5.000  0.205E+01   0.10317E-01   0.00000E+00   0.10000E+00    0.50249E-02 -318.54         test_P_all
.8200E+00     5.000  0.198E+01   0.87168E-02   0.00000E+00   0.10000E+00    0.50249E-02 -330.01         test_P_all
.8300E+00     5.000  0.191E+01   0.72856E-02   0.00000E+00   0.10000E+00    0.50249E-02 -340.43         test_P_all
.8400E+00     5.000  0.183E+01   0.60164E-02   0.00000E+00   0.10000E+00    0.50249E-02 -349.82         test_P_all
.8500E+00     5.000  0.176E+01   0.49007E-02   0.00000E+00   0.10000E+00    0.50249E-02 -358.17         test_P_all
.8600E+00     5.000  0.170E+01   0.39304E-02   0.00000E+00   0.10000E+00    0.50249E-02 -365.52         test_P_all
.8700E+00     5.000  0.163E+01   0.30965E-02   0.00000E+00   0.10000E+00    0.50249E-02 -371.89         test_P_all
.8800E+00     5.000  0.156E+01   0.23895E-02   0.00000E+00   0.10000E+00    0.50249E-02 -377.34         test_P_all
.8900E+00     5.000  0.150E+01   0.17993E-02   0.00000E+00   0.10000E+00    0.50249E-02 -381.92         test_P_all
.9000E+00     5.000  0.144E+01   0.13171E-02   0.00000E+00   0.10000E+00    0.17692E-02 *******         test_P_all
.9100E+00     5.000  0.138E+01   0.92954E-03   0.00000E+00   0.10000E+00    0.50249E-02 -388.71         test_P_all
.9200E+00     5.000  0.132E+01   0.62861E-03   0.00000E+00   0.10000E+00    0.50249E-02 -391.08         test_P_all
.9300E+00     5.000  0.126E+01   0.40232E-03   0.00000E+00   0.10000E+00    0.50249E-02 -392.86         test_P_all
.9400E+00     5.000  0.120E+01   0.23835E-03   0.00000E+00   0.10000E+00    0.50249E-02 -394.15         test_P_all
.9500E+00     5.000  0.114E+01   0.12979E-03   0.00000E+00   0.10000E+00    0.50249E-02 -395.01         test_P_all
.9600E+00     5.000  0.109E+01   0.58472E-04   0.00000E+00   0.10000E+00    0.50249E-02 -395.58         test_P_all
.9700E+00     5.000  0.104E+01   0.20435E-04   0.00000E+00   0.10000E+00    0.50249E-02 -395.88         test_P_all
.9800E+00     5.000  0.984E+00   0.64635E-05   0.00000E+00   0.10000E+00    0.50249E-02 -395.99         test_P_all
.9900E+00     5.000  0.932E+00   0.54535E-05   0.00000E+00   0.10000E+00    0.50249E-02 -396.00         test_P_all
.1000E+01     5.000  0.882E+00   0.00000E+00   0.00000E+00   0.10000E+00    0.50249E-02 -396.04         test_P_all
.1000E-01    10.000  0.991E+03   0.54108E+00   0.00000E+00   0.10000E+00    0.50249E-02 7705.16         test_P_all
.2000E-01    10.000  0.491E+03   0.47210E+00   0.00000E+00   0.10000E+00    0.50249E-02 5483.39         test_P_all
.3000E-01    10.000  0.324E+03   0.43963E+00   0.00000E+00   0.10000E+00    0.50249E-02 4568.23         test_P_all
.4000E-01    10.000  0.241E+03   0.42501E+00   0.00000E+00   0.10000E+00    0.50249E-02 4183.48         test_P_all
.5000E-01    10.000  0.191E+03   0.41305E+00   0.00000E+00   0.10000E+00    0.50249E-02 3881.17         test_P_all
.6000E-01    10.000  0.158E+03   0.40555E+00   0.00000E+00   0.10000E+00    0.50249E-02 3697.51         test_P_all
.7000E-01    10.000  0.134E+03   0.39863E+00   0.00000E+00   0.10000E+00    0.50249E-02 3531.94         test_P_all
.8000E-01    10.000  0.116E+03   0.39281E+00   0.00000E+00   0.10000E+00    0.50249E-02 3395.58         test_P_all
.9000E-01    10.000  0.102E+03   0.38742E+00   0.00000E+00   0.10000E+00    0.50249E-02 3271.68         test_P_all
.1000E+00    10.000  0.909E+02   0.38246E+00   0.00000E+00   0.10000E+00    0.50249E-02 3159.86         test_P_all
.1100E+00    10.000  0.818E+02   0.37775E+00   0.00000E+00   0.10000E+00    0.50249E-02 3055.15         test_P_all
.1200E+00    10.000  0.742E+02   0.37338E+00   0.00000E+00   0.10000E+00    0.50249E-02 2959.80         test_P_all
.1300E+00    10.000  0.678E+02   0.36916E+00   0.00000E+00   0.10000E+00    0.50249E-02 2869.23         test_P_all
.1400E+00    10.000  0.623E+02   0.36502E+00   0.00000E+00   0.10000E+00    0.50249E-02 2781.51         test_P_all
.1500E+00    10.000  0.575E+02   0.36093E+00   0.00000E+00   0.10000E+00    0.50249E-02 2696.44         test_P_all
.1600E+00    10.000  0.534E+02   0.35677E+00   0.00000E+00   0.10000E+00    0.50249E-02 2611.16         test_P_all
.1700E+00    10.000  0.497E+02   0.35256E+00   0.00000E+00   0.10000E+00    0.50249E-02 2526.14         test_P_all
.1800E+00    10.000  0.464E+02   0.34823E+00   0.00000E+00   0.10000E+00    0.50249E-02 2440.40         test_P_all
.1900E+00    10.000  0.435E+02   0.34374E+00   0.00000E+00   0.10000E+00    0.50249E-02 2352.88         test_P_all
.2000E+00    10.000  0.409E+02   0.33910E+00   0.00000E+00   0.10000E+00    0.50249E-02 2264.17         test_P_all
.2100E+00    10.000  0.385E+02   0.33424E+00   0.00000E+00   0.10000E+00    0.50249E-02 2172.95         test_P_all
.2200E+00    10.000  0.363E+02   0.32917E+00   0.00000E+00   0.10000E+00    0.50249E-02 2080.02         test_P_all
.2300E+00    10.000  0.344E+02   0.32390E+00   0.00000E+00   0.10000E+00    0.50249E-02 1985.33         test_P_all
.2400E+00    10.000  0.325E+02   0.31839E+00   0.00000E+00   0.10000E+00    0.50249E-02 1888.81         test_P_all
.2500E+00    10.000  0.309E+02   0.31267E+00   0.00000E+00   0.10000E+00    0.50249E-02 1791.15         test_P_all
.2600E+00    10.000  0.293E+02   0.30671E+00   0.00000E+00   0.10000E+00    0.50249E-02 1692.28         test_P_all
.2700E+00    10.000  0.279E+02   0.30056E+00   0.00000E+00   0.10000E+00    0.50249E-02 1592.97         test_P_all
.2800E+00    10.000  0.266E+02   0.29421E+00   0.00000E+00   0.10000E+00    0.50249E-02 1493.74         test_P_all
.2900E+00    10.000  0.254E+02   0.28767E+00   0.00000E+00   0.10000E+00    0.50249E-02 1394.86         test_P_all
.3000E+00    10.000  0.242E+02   0.28096E+00   0.00000E+00   0.10000E+00    0.18868E-02 9198.54         test_P_all
.3100E+00    10.000  0.231E+02   0.27409E+00   0.00000E+00   0.10000E+00    0.50249E-02 1200.34         test_P_all
.3200E+00    10.000  0.221E+02   0.26709E+00   0.00000E+00   0.10000E+00    0.50249E-02 1105.65         test_P_all
.3300E+00    10.000  0.212E+02   0.25995E+00   0.00000E+00   0.10000E+00    0.50249E-02 1013.28         test_P_all
.3400E+00    10.000  0.203E+02   0.25272E+00   0.00000E+00   0.10000E+00    0.50249E-02  923.68         test_P_all
.3500E+00    10.000  0.195E+02   0.24539E+00   0.00000E+00   0.10000E+00    0.50249E-02  837.17         test_P_all
.3600E+00    10.000  0.187E+02   0.23800E+00   0.00000E+00   0.10000E+00    0.50249E-02  754.18         test_P_all
.3700E+00    10.000  0.179E+02   0.23055E+00   0.00000E+00   0.10000E+00    0.50249E-02  674.93         test_P_all
.3800E+00    10.000  0.172E+02   0.22306E+00   0.00000E+00   0.10000E+00    0.50249E-02  599.71         test_P_all
.3900E+00    10.000  0.165E+02   0.21554E+00   0.00000E+00   0.10000E+00    0.50249E-02  528.73         test_P_all
.4000E+00    10.000  0.159E+02   0.20802E+00   0.00000E+00   0.10000E+00    0.17692E-02 3728.01         test_P_all
.4100E+00    10.000  0.153E+02   0.20051E+00   0.00000E+00   0.10000E+00    0.50249E-02  400.09         test_P_all
.4200E+00    10.000  0.147E+02   0.19302E+00   0.00000E+00   0.10000E+00    0.50249E-02  342.65         test_P_all
.4300E+00    10.000  0.141E+02   0.18555E+00   0.00000E+00   0.10000E+00    0.50249E-02  289.88         test_P_all
.4400E+00    10.000  0.136E+02   0.17814E+00   0.00000E+00   0.10000E+00    0.50249E-02  241.82         test_P_all
.4500E+00    10.000  0.131E+02   0.17078E+00   0.00000E+00   0.10000E+00    0.50249E-02  198.43         test_P_all
.4600E+00    10.000  0.126E+02   0.16350E+00   0.00000E+00   0.10000E+00    0.50249E-02  159.70         test_P_all
.4700E+00    10.000  0.122E+02   0.15630E+00   0.00000E+00   0.10000E+00    0.50249E-02  125.53         test_P_all
.4800E+00    10.000  0.117E+02   0.14919E+00   0.00000E+00   0.10000E+00    0.50249E-02   95.82         test_P_all
.4900E+00    10.000  0.113E+02   0.14218E+00   0.00000E+00   0.10000E+00    0.50249E-02   70.48         test_P_all
.5000E+00    10.000  0.109E+02   0.13529E+00   0.00000E+00   0.10000E+00    0.17692E-02  397.90         test_P_all
.5100E+00    10.000  0.105E+02   0.12852E+00   0.00000E+00   0.10000E+00    0.50249E-02   32.22         test_P_all
.5200E+00    10.000  0.101E+02   0.12189E+00   0.00000E+00   0.10000E+00    0.50249E-02   18.97         test_P_all
.5300E+00    10.000  0.975E+01   0.11539E+00   0.00000E+00   0.10000E+00    0.50249E-02    9.38         test_P_all
.5400E+00    10.000  0.940E+01   0.10905E+00   0.00000E+00   0.10000E+00    0.50249E-02    3.24         test_P_all
.5500E+00    10.000  0.906E+01   0.10286E+00   0.00000E+00   0.10000E+00    0.50249E-02    0.32         test_P_all
.5600E+00    10.000  0.874E+01   0.96831E-01   0.00000E+00   0.10000E+00    0.50249E-02   -0.40         test_P_all
.5700E+00    10.000  0.843E+01   0.90975E-01   0.00000E+00   0.10000E+00    0.50249E-02   -3.23         test_P_all
.5800E+00    10.000  0.812E+01   0.85293E-01   0.00000E+00   0.10000E+00    0.50249E-02   -8.57         test_P_all
.5900E+00    10.000  0.783E+01   0.79793E-01   0.00000E+00   0.10000E+00    0.50249E-02  -16.17         test_P_all
.6000E+00    10.000  0.755E+01   0.74476E-01   0.00000E+00   0.10000E+00    0.17692E-02 -208.14         test_P_all
.6100E+00    10.000  0.728E+01   0.69351E-01   0.00000E+00   0.10000E+00    0.50249E-02  -37.20         test_P_all
.6200E+00    10.000  0.701E+01   0.64417E-01   0.00000E+00   0.10000E+00    0.50249E-02  -50.15         test_P_all
.6300E+00    10.000  0.675E+01   0.59677E-01   0.00000E+00   0.10000E+00    0.50249E-02  -64.39         test_P_all
.6400E+00    10.000  0.651E+01   0.55137E-01   0.00000E+00   0.10000E+00    0.50249E-02  -79.71         test_P_all
.6500E+00    10.000  0.627E+01   0.50794E-01   0.00000E+00   0.10000E+00    0.50249E-02  -95.89         test_P_all
.6600E+00    10.000  0.603E+01   0.46654E-01   0.00000E+00   0.10000E+00    0.50249E-02 -112.71         test_P_all
.6700E+00    10.000  0.581E+01   0.42713E-01   0.00000E+00   0.10000E+00    0.50249E-02 -129.97         test_P_all
.6800E+00    10.000  0.559E+01   0.38972E-01   0.00000E+00   0.10000E+00    0.50249E-02 -147.50         test_P_all
.6900E+00    10.000  0.537E+01   0.35433E-01   0.00000E+00   0.10000E+00    0.50249E-02 -165.10         test_P_all
.7000E+00    10.000  0.517E+01   0.32091E-01   0.00000E+00   0.10000E+00    0.17692E-02 *******         test_P_all
.7100E+00    10.000  0.497E+01   0.28948E-01   0.00000E+00   0.10000E+00    0.50249E-02 -199.94         test_P_all
.7200E+00    10.000  0.477E+01   0.25999E-01   0.00000E+00   0.10000E+00    0.50249E-02 -216.87         test_P_all
.7300E+00    10.000  0.458E+01   0.23243E-01   0.00000E+00   0.10000E+00    0.50249E-02 -233.33         test_P_all
.7400E+00    10.000  0.440E+01   0.20676E-01   0.00000E+00   0.10000E+00    0.50249E-02 -249.20         test_P_all
.7500E+00    10.000  0.422E+01   0.18293E-01   0.00000E+00   0.10000E+00    0.50249E-02 -264.40         test_P_all
.7600E+00    10.000  0.404E+01   0.16092E-01   0.00000E+00   0.10000E+00    0.50249E-02 -278.83         test_P_all
.7700E+00    10.000  0.387E+01   0.14067E-01   0.00000E+00   0.10000E+00    0.50249E-02 -292.45         test_P_all
.7800E+00    10.000  0.370E+01   0.12213E-01   0.00000E+00   0.10000E+00    0.50249E-02 -305.21         test_P_all
.7900E+00    10.000  0.354E+01   0.10525E-01   0.00000E+00   0.10000E+00    0.50249E-02 -317.06         test_P_all
.8000E+00    10.000  0.338E+01   0.89956E-02   0.00000E+00   0.10000E+00    0.17692E-02 *******         test_P_all
.8100E+00    10.000  0.323E+01   0.76203E-02   0.00000E+00   0.10000E+00    0.50249E-02 -337.98         test_P_all
.8200E+00    10.000  0.308E+01   0.63910E-02   0.00000E+00   0.10000E+00    0.50249E-02 -347.04         test_P_all
.8300E+00    10.000  0.293E+01   0.53007E-02   0.00000E+00   0.10000E+00    0.50249E-02 -355.17         test_P_all
.8400E+00    10.000  0.279E+01   0.43419E-02   0.00000E+00   0.10000E+00    0.50249E-02 -362.39         test_P_all
.8500E+00    10.000  0.265E+01   0.35071E-02   0.00000E+00   0.10000E+00    0.50249E-02 -368.75         test_P_all
.8600E+00    10.000  0.251E+01   0.27874E-02   0.00000E+00   0.10000E+00    0.50249E-02 -374.27         test_P_all
.8700E+00    10.000  0.238E+01   0.21753E-02   0.00000E+00   0.10000E+00    0.50249E-02 -379.00         test_P_all
.8800E+00    10.000  0.225E+01   0.16618E-02   0.00000E+00   0.10000E+00    0.50249E-02 -382.99         test_P_all
.8900E+00    10.000  0.212E+01   0.12377E-02   0.00000E+00   0.10000E+00    0.50249E-02 -386.30         test_P_all
.9000E+00    10.000  0.199E+01   0.89571E-03   0.00000E+00   0.10000E+00    0.17692E-02 *******         test_P_all
.9100E+00    10.000  0.187E+01   0.62383E-03   0.00000E+00   0.10000E+00    0.50249E-02 -391.11         test_P_all
.9200E+00    10.000  0.175E+01   0.41591E-03   0.00000E+00   0.10000E+00    0.50249E-02 -392.75         test_P_all
.9300E+00    10.000  0.163E+01   0.26202E-03   0.00000E+00   0.10000E+00    0.50249E-02 -393.97         test_P_all
.9400E+00    10.000  0.152E+01   0.15216E-03   0.00000E+00   0.10000E+00    0.50249E-02 -394.84         test_P_all
.9500E+00    10.000  0.141E+01   0.81352E-04   0.00000E+00   0.10000E+00    0.50249E-02 -395.40         test_P_all
.9600E+00    10.000  0.130E+01   0.35441E-04   0.00000E+00   0.10000E+00    0.50249E-02 -395.76         test_P_all
.9700E+00    10.000  0.119E+01   0.11950E-04   0.00000E+00   0.10000E+00    0.50249E-02 -395.94         test_P_all
.9800E+00    10.000  0.109E+01   0.42481E-05   0.00000E+00   0.10000E+00    0.50249E-02 -396.01         test_P_all
.9900E+00    10.000  0.983E+00   0.44040E-05   0.00000E+00   0.10000E+00    0.50249E-02 -396.00         test_P_all
.1000E+01    10.000  0.882E+00   0.00000E+00   0.00000E+00   0.10000E+00    0.50249E-02 -396.04         test_P_all
.1000E-01    20.000  0.198E+04   0.62057E+00   0.00000E+00   0.10000E+00    0.50249E-02 *******         test_P_all
.2000E-01    20.000  0.981E+03   0.52594E+00   0.00000E+00   0.10000E+00    0.50249E-02 7185.23         test_P_all
.3000E-01    20.000  0.648E+03   0.47930E+00   0.00000E+00   0.10000E+00    0.50249E-02 5697.74         test_P_all
.4000E-01    20.000  0.481E+03   0.45647E+00   0.00000E+00   0.10000E+00    0.50249E-02 5032.39         test_P_all
.5000E-01    20.000  0.381E+03   0.43743E+00   0.00000E+00   0.10000E+00    0.50249E-02 4509.37         test_P_all
.6000E-01    20.000  0.314E+03   0.42486E+00   0.00000E+00   0.10000E+00    0.50249E-02 4179.49         test_P_all
.7000E-01    20.000  0.267E+03   0.41349E+00   0.00000E+00   0.10000E+00    0.50249E-02 3892.10         test_P_all
.8000E-01    20.000  0.231E+03   0.40431E+00   0.00000E+00   0.10000E+00    0.50249E-02 3667.51         test_P_all
.9000E-01    20.000  0.203E+03   0.39602E+00   0.00000E+00   0.10000E+00    0.50249E-02 3470.40         test_P_all
.1000E+00    20.000  0.181E+03   0.38867E+00   0.00000E+00   0.10000E+00    0.50249E-02 3300.26         test_P_all
.1100E+00    20.000  0.163E+03   0.38186E+00   0.00000E+00   0.10000E+00    0.50249E-02 3146.40         test_P_all
.1200E+00    20.000  0.148E+03   0.37557E+00   0.00000E+00   0.10000E+00    0.50249E-02 3007.43         test_P_all
.1300E+00    20.000  0.135E+03   0.36964E+00   0.00000E+00   0.10000E+00    0.50249E-02 2879.37         test_P_all
.1400E+00    20.000  0.124E+03   0.36391E+00   0.00000E+00   0.10000E+00    0.50249E-02 2758.32         test_P_all
.1500E+00    20.000  0.114E+03   0.35839E+00   0.00000E+00   0.10000E+00    0.50249E-02 2644.12         test_P_all
.1600E+00    20.000  0.106E+03   0.35287E+00   0.00000E+00   0.10000E+00    0.50249E-02 2532.44         test_P_all
.1700E+00    20.000  0.985E+02   0.34739E+00   0.00000E+00   0.10000E+00    0.50249E-02 2423.86         test_P_all
.1800E+00    20.000  0.920E+02   0.34188E+00   0.00000E+00   0.10000E+00    0.50249E-02 2317.01         test_P_all
.1900E+00    20.000  0.861E+02   0.33626E+00   0.00000E+00   0.10000E+00    0.50249E-02 2210.57         test_P_all
.2000E+00    20.000  0.809E+02   0.33055E+00   0.00000E+00   0.10000E+00    0.50249E-02 2105.07         test_P_all
.2100E+00    20.000  0.761E+02   0.32467E+00   0.00000E+00   0.10000E+00    0.50249E-02 1999.10         test_P_all
.2200E+00    20.000  0.718E+02   0.31865E+00   0.00000E+00   0.10000E+00    0.50249E-02 1893.40         test_P_all
.2300E+00    20.000  0.678E+02   0.31247E+00   0.00000E+00   0.10000E+00    0.50249E-02 1787.92         test_P_all
.2400E+00    20.000  0.642E+02   0.30612E+00   0.00000E+00   0.10000E+00    0.50249E-02 1682.55         test_P_all
.2500E+00    20.000  0.609E+02   0.29961E+00   0.00000E+00   0.10000E+00    0.50249E-02 1577.92         test_P_all
.2600E+00    20.000  0.578E+02   0.29292E+00   0.00000E+00   0.10000E+00    0.50249E-02 1474.00         test_P_all
.2700E+00    20.000  0.550E+02   0.28609E+00   0.00000E+00   0.10000E+00    0.50249E-02 1371.40         test_P_all
.2800E+00    20.000  0.523E+02   0.27911E+00   0.00000E+00   0.10000E+00    0.50249E-02 1270.50         test_P_all
.2900E+00    20.000  0.498E+02   0.27200E+00   0.00000E+00   0.10000E+00    0.50249E-02 1171.62         test_P_all
.3000E+00    20.000  0.475E+02   0.26477E+00   0.00000E+00   0.10000E+00    0.18868E-02 7626.12         test_P_all
.3100E+00    20.000  0.454E+02   0.25745E+00   0.00000E+00   0.10000E+00    0.50249E-02  981.82         test_P_all
.3200E+00    20.000  0.434E+02   0.25005E+00   0.00000E+00   0.10000E+00    0.50249E-02  891.67         test_P_all
.3300E+00    20.000  0.415E+02   0.24258E+00   0.00000E+00   0.10000E+00    0.50249E-02  805.08         test_P_all
.3400E+00    20.000  0.397E+02   0.23506E+00   0.00000E+00   0.10000E+00    0.50249E-02  722.38         test_P_all
.3500E+00    20.000  0.380E+02   0.22750E+00   0.00000E+00   0.10000E+00    0.50249E-02  643.77         test_P_all
.3600E+00    20.000  0.364E+02   0.21992E+00   0.00000E+00   0.10000E+00    0.50249E-02  569.54         test_P_all
.3700E+00    20.000  0.349E+02   0.21234E+00   0.00000E+00   0.10000E+00    0.50249E-02  499.81         test_P_all
.3800E+00    20.000  0.335E+02   0.20477E+00   0.00000E+00   0.10000E+00    0.50249E-02  434.71         test_P_all
.3900E+00    20.000  0.322E+02   0.19722E+00   0.00000E+00   0.10000E+00    0.50249E-02  374.35         test_P_all
.4000E+00    20.000  0.309E+02   0.18971E+00   0.00000E+00   0.10000E+00    0.17692E-02 2571.43         test_P_all
.4100E+00    20.000  0.297E+02   0.18226E+00   0.00000E+00   0.10000E+00    0.50249E-02  267.98         test_P_all
.4200E+00    20.000  0.285E+02   0.17487E+00   0.00000E+00   0.10000E+00    0.50249E-02  221.98         test_P_all
.4300E+00    20.000  0.274E+02   0.16755E+00   0.00000E+00   0.10000E+00    0.50249E-02  180.70         test_P_all
.4400E+00    20.000  0.263E+02   0.16032E+00   0.00000E+00   0.10000E+00    0.50249E-02  144.08         test_P_all
.4500E+00    20.000  0.253E+02   0.15318E+00   0.00000E+00   0.10000E+00    0.50249E-02  112.00         test_P_all
.4600E+00    20.000  0.244E+02   0.14615E+00   0.00000E+00   0.10000E+00    0.50249E-02   84.36         test_P_all
.4700E+00    20.000  0.234E+02   0.13924E+00   0.00000E+00   0.10000E+00    0.50249E-02   60.99         test_P_all
.4800E+00    20.000  0.225E+02   0.13246E+00   0.00000E+00   0.10000E+00    0.50249E-02   41.72         test_P_all
.4900E+00    20.000  0.217E+02   0.12581E+00   0.00000E+00   0.10000E+00    0.50249E-02   26.37         test_P_all
.5000E+00    20.000  0.209E+02   0.11929E+00   0.00000E+00   0.10000E+00    0.17692E-02  118.92         test_P_all
.5100E+00    20.000  0.201E+02   0.11293E+00   0.00000E+00   0.10000E+00    0.50249E-02    6.62         test_P_all
.5200E+00    20.000  0.193E+02   0.10673E+00   0.00000E+00   0.10000E+00    0.50249E-02    1.79         test_P_all
.5300E+00    20.000  0.186E+02   0.10068E+00   0.00000E+00   0.10000E+00    0.50249E-02    0.02         test_P_all
.5400E+00    20.000  0.179E+02   0.94810E-01   0.00000E+00   0.10000E+00    0.50249E-02   -1.07         test_P_all
.5500E+00    20.000  0.172E+02   0.89107E-01   0.00000E+00   0.10000E+00    0.50249E-02   -4.70         test_P_all
.5600E+00    20.000  0.166E+02   0.83585E-01   0.00000E+00   0.10000E+00    0.50249E-02  -10.67         test_P_all
.5700E+00    20.000  0.160E+02   0.78242E-01   0.00000E+00   0.10000E+00    0.50249E-02  -18.75         test_P_all
.5800E+00    20.000  0.154E+02   0.73085E-01   0.00000E+00   0.10000E+00    0.50249E-02  -28.69         test_P_all
.5900E+00    20.000  0.148E+02   0.68118E-01   0.00000E+00   0.10000E+00    0.50249E-02  -40.26         test_P_all
.6000E+00    20.000  0.142E+02   0.63339E-01   0.00000E+00   0.10000E+00    0.17692E-02 -429.41         test_P_all
.6100E+00    20.000  0.137E+02   0.58755E-01   0.00000E+00   0.10000E+00    0.50249E-02  -67.37         test_P_all
.6200E+00    20.000  0.131E+02   0.54364E-01   0.00000E+00   0.10000E+00    0.50249E-02  -82.48         test_P_all
.6300E+00    20.000  0.126E+02   0.50167E-01   0.00000E+00   0.10000E+00    0.50249E-02  -98.35         test_P_all
.6400E+00    20.000  0.121E+02   0.46166E-01   0.00000E+00   0.10000E+00    0.50249E-02 -114.78         test_P_all
.6500E+00    20.000  0.117E+02   0.42357E-01   0.00000E+00   0.10000E+00    0.50249E-02 -131.59         test_P_all
.6600E+00    20.000  0.112E+02   0.38745E-01   0.00000E+00   0.10000E+00    0.50249E-02 -148.60         test_P_all
.6700E+00    20.000  0.107E+02   0.35324E-01   0.00000E+00   0.10000E+00    0.50249E-02 -165.66         test_P_all
.6800E+00    20.000  0.103E+02   0.32094E-01   0.00000E+00   0.10000E+00    0.50249E-02 -182.62         test_P_all
.6900E+00    20.000  0.987E+01   0.29053E-01   0.00000E+00   0.10000E+00    0.50249E-02 -199.35         test_P_all
.7000E+00    20.000  0.945E+01   0.26196E-01   0.00000E+00   0.10000E+00    0.17692E-02 *******         test_P_all
.7100E+00    20.000  0.905E+01   0.23524E-01   0.00000E+00   0.10000E+00    0.50249E-02 -231.63         test_P_all
.7200E+00    20.000  0.866E+01   0.21030E-01   0.00000E+00   0.10000E+00    0.50249E-02 -246.98         test_P_all
.7300E+00    20.000  0.828E+01   0.18711E-01   0.00000E+00   0.10000E+00    0.50249E-02 -261.70         test_P_all
.7400E+00    20.000  0.791E+01   0.16564E-01   0.00000E+00   0.10000E+00    0.50249E-02 -275.71         test_P_all
.7500E+00    20.000  0.755E+01   0.14582E-01   0.00000E+00   0.10000E+00    0.50249E-02 -288.96         test_P_all
.7600E+00    20.000  0.720E+01   0.12762E-01   0.00000E+00   0.10000E+00    0.50249E-02 -301.40         test_P_all
.7700E+00    20.000  0.686E+01   0.11097E-01   0.00000E+00   0.10000E+00    0.50249E-02 -313.02         test_P_all
.7800E+00    20.000  0.652E+01   0.95823E-02   0.00000E+00   0.10000E+00    0.50249E-02 -323.78         test_P_all
.7900E+00    20.000  0.620E+01   0.82114E-02   0.00000E+00   0.10000E+00    0.50249E-02 -333.67         test_P_all
.8000E+00    20.000  0.588E+01   0.69774E-02   0.00000E+00   0.10000E+00    0.17692E-02 *******         test_P_all
.8100E+00    20.000  0.557E+01   0.58747E-02   0.00000E+00   0.10000E+00    0.50249E-02 -350.87         test_P_all
.8200E+00    20.000  0.527E+01   0.48959E-02   0.00000E+00   0.10000E+00    0.50249E-02 -358.21         test_P_all
.8300E+00    20.000  0.498E+01   0.40340E-02   0.00000E+00   0.10000E+00    0.50249E-02 -364.73         test_P_all
.8400E+00    20.000  0.469E+01   0.32815E-02   0.00000E+00   0.10000E+00    0.50249E-02 -370.47         test_P_all
.8500E+00    20.000  0.441E+01   0.26315E-02   0.00000E+00   0.10000E+00    0.50249E-02 -375.47         test_P_all
.8600E+00    20.000  0.414E+01   0.20753E-02   0.00000E+00   0.10000E+00    0.50249E-02 -379.77         test_P_all
.8700E+00    20.000  0.387E+01   0.16064E-02   0.00000E+00   0.10000E+00    0.50249E-02 -383.42         test_P_all
.8800E+00    20.000  0.361E+01   0.12166E-02   0.00000E+00   0.10000E+00    0.50249E-02 -386.46         test_P_all
.8900E+00    20.000  0.335E+01   0.89759E-03   0.00000E+00   0.10000E+00    0.50249E-02 -388.96         test_P_all
.9000E+00    20.000  0.310E+01   0.64323E-03   0.00000E+00   0.10000E+00    0.17692E-02 *******         test_P_all
.9100E+00    20.000  0.286E+01   0.44287E-03   0.00000E+00   0.10000E+00    0.50249E-02 -392.54         test_P_all
.9200E+00    20.000  0.262E+01   0.29165E-03   0.00000E+00   0.10000E+00    0.50249E-02 -393.73         test_P_all
.9300E+00    20.000  0.239E+01   0.18123E-03   0.00000E+00   0.10000E+00    0.50249E-02 -394.61         test_P_all
.9400E+00    20.000  0.216E+01   0.10342E-03   0.00000E+00   0.10000E+00    0.50249E-02 -395.22         test_P_all
.9500E+00    20.000  0.193E+01   0.54449E-04   0.00000E+00   0.10000E+00    0.50249E-02 -395.61         test_P_all
.9600E+00    20.000  0.172E+01   0.23043E-04   0.00000E+00   0.10000E+00    0.50249E-02 -395.86         test_P_all
.9700E+00    20.000  0.150E+01   0.75735E-05   0.00000E+00   0.10000E+00    0.50249E-02 -395.98         test_P_all
.9800E+00    20.000  0.129E+01   0.30652E-05   0.00000E+00   0.10000E+00    0.50249E-02 -396.02         test_P_all
.9900E+00    20.000  0.108E+01   0.36116E-05   0.00000E+00   0.10000E+00    0.50249E-02 -396.01         test_P_all
.1000E+01    20.000  0.882E+00   0.00000E+00   0.00000E+00   0.10000E+00    0.50249E-02 -396.04         test_P_all
.1000E+00    50.000  0.451E+03   0.39369E+00   0.00000E+00   0.10000E+00    0.50249E-02 3415.99         test_P_all
.1100E+00    50.000  0.405E+03   0.38441E+00   0.00000E+00   0.10000E+00    0.50249E-02 3203.55         test_P_all
.1200E+00    50.000  0.368E+03   0.37598E+00   0.00000E+00   0.10000E+00    0.50249E-02 3016.53         test_P_all
.1300E+00    50.000  0.335E+03   0.36817E+00   0.00000E+00   0.10000E+00    0.50249E-02 2848.06         test_P_all
.1400E+00    50.000  0.308E+03   0.36071E+00   0.00000E+00   0.10000E+00    0.50249E-02 2691.94         test_P_all
.1500E+00    50.000  0.284E+03   0.35364E+00   0.00000E+00   0.10000E+00    0.50249E-02 2547.78         test_P_all
.1600E+00    50.000  0.263E+03   0.34667E+00   0.00000E+00   0.10000E+00    0.50249E-02 2409.71         test_P_all
.1700E+00    50.000  0.245E+03   0.33985E+00   0.00000E+00   0.10000E+00    0.50249E-02 2278.28         test_P_all
.1800E+00    50.000  0.229E+03   0.33308E+00   0.00000E+00   0.10000E+00    0.50249E-02 2151.62         test_P_all
.1900E+00    50.000  0.214E+03   0.32629E+00   0.00000E+00   0.10000E+00    0.50249E-02 2028.07         test_P_all
.2000E+00    50.000  0.201E+03   0.31950E+00   0.00000E+00   0.10000E+00    0.50249E-02 1908.06         test_P_all
.2100E+00    50.000  0.189E+03   0.31260E+00   0.00000E+00   0.10000E+00    0.50249E-02 1790.00         test_P_all
.2200E+00    50.000  0.178E+03   0.30563E+00   0.00000E+00   0.10000E+00    0.50249E-02 1674.55         test_P_all
.2300E+00    50.000  0.168E+03   0.29857E+00   0.00000E+00   0.10000E+00    0.50249E-02 1561.54         test_P_all
.2400E+00    50.000  0.159E+03   0.29140E+00   0.00000E+00   0.10000E+00    0.50249E-02 1450.80         test_P_all
.2500E+00    50.000  0.151E+03   0.28414E+00   0.00000E+00   0.10000E+00    0.50249E-02 1342.83         test_P_all
.2600E+00    50.000  0.143E+03   0.27677E+00   0.00000E+00   0.10000E+00    0.50249E-02 1237.56         test_P_all
.2700E+00    50.000  0.136E+03   0.26932E+00   0.00000E+00   0.10000E+00    0.50249E-02 1135.46         test_P_all
.2800E+00    50.000  0.129E+03   0.26180E+00   0.00000E+00   0.10000E+00    0.50249E-02 1036.78         test_P_all
.2900E+00    50.000  0.123E+03   0.25421E+00   0.00000E+00   0.10000E+00    0.50249E-02  941.75         test_P_all
.3000E+00    50.000  0.118E+03   0.24656E+00   0.00000E+00   0.10000E+00    0.18868E-02 6033.78         test_P_all
.3100E+00    50.000  0.112E+03   0.23888E+00   0.00000E+00   0.10000E+00    0.50249E-02  763.87         test_P_all
.3200E+00    50.000  0.107E+03   0.23118E+00   0.00000E+00   0.10000E+00    0.50249E-02  681.47         test_P_all
.3300E+00    50.000  0.102E+03   0.22346E+00   0.00000E+00   0.10000E+00    0.50249E-02  603.69         test_P_all
.3400E+00    50.000  0.979E+02   0.21576E+00   0.00000E+00   0.10000E+00    0.50249E-02  530.70         test_P_all
.3500E+00    50.000  0.937E+02   0.20807E+00   0.00000E+00   0.10000E+00    0.50249E-02  462.56         test_P_all
.3600E+00    50.000  0.898E+02   0.20043E+00   0.00000E+00   0.10000E+00    0.50249E-02  399.41         test_P_all
.3700E+00    50.000  0.860E+02   0.19282E+00   0.00000E+00   0.10000E+00    0.50249E-02  341.24         test_P_all
.3800E+00    50.000  0.825E+02   0.18528E+00   0.00000E+00   0.10000E+00    0.50249E-02  288.04         test_P_all
.3900E+00    50.000  0.791E+02   0.17782E+00   0.00000E+00   0.10000E+00    0.50249E-02  239.83         test_P_all
.4000E+00    50.000  0.759E+02   0.17044E+00   0.00000E+00   0.10000E+00    0.17692E-02 1585.07         test_P_all
.4100E+00    50.000  0.728E+02   0.16315E+00   0.00000E+00   0.10000E+00    0.50249E-02  157.95         test_P_all
.4200E+00    50.000  0.699E+02   0.15597E+00   0.00000E+00   0.10000E+00    0.50249E-02  124.08         test_P_all
.4300E+00    50.000  0.672E+02   0.14891E+00   0.00000E+00   0.10000E+00    0.50249E-02   94.73         test_P_all
.4400E+00    50.000  0.645E+02   0.14197E+00   0.00000E+00   0.10000E+00    0.50249E-02   69.75         test_P_all
.4500E+00    50.000  0.620E+02   0.13515E+00   0.00000E+00   0.10000E+00    0.50249E-02   48.94         test_P_all
.4600E+00    50.000  0.596E+02   0.12848E+00   0.00000E+00   0.10000E+00    0.50249E-02   32.13         test_P_all
.4700E+00    50.000  0.573E+02   0.12196E+00   0.00000E+00   0.10000E+00    0.50249E-02   19.10         test_P_all
.4800E+00    50.000  0.550E+02   0.11559E+00   0.00000E+00   0.10000E+00    0.50249E-02    9.62         test_P_all
.4900E+00    50.000  0.529E+02   0.10938E+00   0.00000E+00   0.10000E+00    0.50249E-02    3.48         test_P_all
.5000E+00    50.000  0.509E+02   0.10333E+00   0.00000E+00   0.10000E+00    0.17692E-02    3.54         test_P_all
.5100E+00    50.000  0.489E+02   0.97452E-01   0.00000E+00   0.10000E+00    0.50249E-02   -0.26         test_P_all
.5200E+00    50.000  0.470E+02   0.91749E-01   0.00000E+00   0.10000E+00    0.50249E-02   -2.70         test_P_all
.5300E+00    50.000  0.452E+02   0.86224E-01   0.00000E+00   0.10000E+00    0.50249E-02   -7.52         test_P_all
.5400E+00    50.000  0.435E+02   0.80882E-01   0.00000E+00   0.10000E+00    0.50249E-02  -14.48         test_P_all
.5500E+00    50.000  0.418E+02   0.75722E-01   0.00000E+00   0.10000E+00    0.50249E-02  -23.34         test_P_all
.5600E+00    50.000  0.402E+02   0.70751E-01   0.00000E+00   0.10000E+00    0.50249E-02  -33.88         test_P_all
.5700E+00    50.000  0.386E+02   0.65967E-01   0.00000E+00   0.10000E+00    0.50249E-02  -45.87         test_P_all
.5800E+00    50.000  0.371E+02   0.61374E-01   0.00000E+00   0.10000E+00    0.50249E-02  -59.09         test_P_all
.5900E+00    50.000  0.356E+02   0.56971E-01   0.00000E+00   0.10000E+00    0.50249E-02  -73.33         test_P_all
.6000E+00    50.000  0.342E+02   0.52758E-01   0.00000E+00   0.10000E+00    0.17692E-02 -713.04         test_P_all
.6100E+00    50.000  0.328E+02   0.48737E-01   0.00000E+00   0.10000E+00    0.50249E-02 -104.07         test_P_all
.6200E+00    50.000  0.315E+02   0.44906E-01   0.00000E+00   0.10000E+00    0.50249E-02 -120.21         test_P_all
.6300E+00    50.000  0.302E+02   0.41263E-01   0.00000E+00   0.10000E+00    0.50249E-02 -136.64         test_P_all
.6400E+00    50.000  0.290E+02   0.37808E-01   0.00000E+00   0.10000E+00    0.50249E-02 -153.18         test_P_all
.6500E+00    50.000  0.278E+02   0.34537E-01   0.00000E+00   0.10000E+00    0.50249E-02 -169.72         test_P_all
.6600E+00    50.000  0.266E+02   0.31451E-01   0.00000E+00   0.10000E+00    0.50249E-02 -186.10         test_P_all
.6700E+00    50.000  0.255E+02   0.28544E-01   0.00000E+00   0.10000E+00    0.50249E-02 -202.22         test_P_all
.6800E+00    50.000  0.244E+02   0.25813E-01   0.00000E+00   0.10000E+00    0.50249E-02 -217.97         test_P_all
.6900E+00    50.000  0.233E+02   0.23257E-01   0.00000E+00   0.10000E+00    0.50249E-02 -233.25         test_P_all
.7000E+00    50.000  0.223E+02   0.20870E-01   0.00000E+00   0.10000E+00    0.17692E-02 *******         test_P_all
.7100E+00    50.000  0.213E+02   0.18648E-01   0.00000E+00   0.10000E+00    0.50249E-02 -262.10         test_P_all
.7200E+00    50.000  0.203E+02   0.16587E-01   0.00000E+00   0.10000E+00    0.50249E-02 -275.55         test_P_all
.7300E+00    50.000  0.194E+02   0.14682E-01   0.00000E+00   0.10000E+00    0.50249E-02 -288.28         test_P_all
.7400E+00    50.000  0.184E+02   0.12928E-01   0.00000E+00   0.10000E+00    0.50249E-02 -300.26         test_P_all
.7500E+00    50.000  0.175E+02   0.11320E-01   0.00000E+00   0.10000E+00    0.50249E-02 -311.45         test_P_all
.7600E+00    50.000  0.167E+02   0.98513E-02   0.00000E+00   0.10000E+00    0.50249E-02 -321.85         test_P_all
.7700E+00    50.000  0.158E+02   0.85168E-02   0.00000E+00   0.10000E+00    0.50249E-02 -331.45         test_P_all
.7800E+00    50.000  0.150E+02   0.73103E-02   0.00000E+00   0.10000E+00    0.50249E-02 -340.25         test_P_all
.7900E+00    50.000  0.142E+02   0.62257E-02   0.00000E+00   0.10000E+00    0.50249E-02 -348.26         test_P_all
.8000E+00    50.000  0.134E+02   0.52564E-02   0.00000E+00   0.10000E+00    0.17692E-02 *******         test_P_all
.8100E+00    50.000  0.126E+02   0.43961E-02   0.00000E+00   0.10000E+00    0.50249E-02 -361.98         test_P_all
.8200E+00    50.000  0.119E+02   0.36383E-02   0.00000E+00   0.10000E+00    0.50249E-02 -367.75         test_P_all
.8300E+00    50.000  0.111E+02   0.29761E-02   0.00000E+00   0.10000E+00    0.50249E-02 -372.82         test_P_all
.8400E+00    50.000  0.104E+02   0.24024E-02   0.00000E+00   0.10000E+00    0.50249E-02 -377.24         test_P_all
.8500E+00    50.000  0.971E+01   0.19113E-02   0.00000E+00   0.10000E+00    0.50249E-02 -381.04         test_P_all
.8600E+00    50.000  0.902E+01   0.14945E-02   0.00000E+00   0.10000E+00    0.50249E-02 -384.29         test_P_all
.8700E+00    50.000  0.835E+01   0.11465E-02   0.00000E+00   0.10000E+00    0.50249E-02 -387.01         test_P_all
.8800E+00    50.000  0.770E+01   0.85997E-03   0.00000E+00   0.10000E+00    0.50249E-02 -389.26         test_P_all
.8900E+00    50.000  0.706E+01   0.62783E-03   0.00000E+00   0.10000E+00    0.50249E-02 -391.08         test_P_all
.9000E+00    50.000  0.644E+01   0.44507E-03   0.00000E+00   0.10000E+00    0.17692E-02 *******         test_P_all
.9100E+00    50.000  0.583E+01   0.30252E-03   0.00000E+00   0.10000E+00    0.50249E-02 -393.65         test_P_all
.9200E+00    50.000  0.523E+01   0.19651E-03   0.00000E+00   0.10000E+00    0.50249E-02 -394.48         test_P_all
.9300E+00    50.000  0.465E+01   0.12026E-03   0.00000E+00   0.10000E+00    0.50249E-02 -395.09         test_P_all
.9400E+00    50.000  0.407E+01   0.67291E-04   0.00000E+00   0.10000E+00    0.50249E-02 -395.51         test_P_all
.9500E+00    50.000  0.351E+01   0.34851E-04   0.00000E+00   0.10000E+00    0.50249E-02 -395.76         test_P_all
.9600E+00    50.000  0.297E+01   0.14286E-04   0.00000E+00   0.10000E+00    0.50249E-02 -395.93         test_P_all
.9700E+00    50.000  0.243E+01   0.46025E-05   0.00000E+00   0.10000E+00    0.50249E-02 -396.00         test_P_all
.9800E+00    50.000  0.190E+01   0.22054E-05   0.00000E+00   0.10000E+00    0.50249E-02 -396.02         test_P_all
.9900E+00    50.000  0.139E+01   0.28605E-05   0.00000E+00   0.10000E+00    0.50249E-02 -396.02         test_P_all
.1000E+01    50.000  0.882E+00   0.00000E+00   0.00000E+00   0.10000E+00    0.50249E-02 -396.04         test_P_all
.1000E+00   100.000  0.901E+03   0.39587E+00   0.00000E+00   0.10000E+00    0.50249E-02 3466.95         test_P_all
.1100E+00   100.000  0.810E+03   0.38500E+00   0.00000E+00   0.10000E+00    0.50249E-02 3216.76         test_P_all
.1200E+00   100.000  0.734E+03   0.37520E+00   0.00000E+00   0.10000E+00    0.50249E-02 2999.37         test_P_all
.1300E+00   100.000  0.670E+03   0.36617E+00   0.00000E+00   0.10000E+00    0.50249E-02 2805.82         test_P_all
.1400E+00   100.000  0.615E+03   0.35762E+00   0.00000E+00   0.10000E+00    0.50249E-02 2628.39         test_P_all
.1500E+00   100.000  0.568E+03   0.34955E+00   0.00000E+00   0.10000E+00    0.50249E-02 2466.42         test_P_all
.1600E+00   100.000  0.526E+03   0.34167E+00   0.00000E+00   0.10000E+00    0.50249E-02 2313.03         test_P_all
.1700E+00   100.000  0.489E+03   0.33401E+00   0.00000E+00   0.10000E+00    0.50249E-02 2168.66         test_P_all
.1800E+00   100.000  0.456E+03   0.32646E+00   0.00000E+00   0.10000E+00    0.50249E-02 2031.14         test_P_all
.1900E+00   100.000  0.427E+03   0.31895E+00   0.00000E+00   0.10000E+00    0.50249E-02 1898.63         test_P_all
.2000E+00   100.000  0.401E+03   0.31149E+00   0.00000E+00   0.10000E+00    0.50249E-02 1771.42         test_P_all
.2100E+00   100.000  0.377E+03   0.30398E+00   0.00000E+00   0.10000E+00    0.50249E-02 1647.81         test_P_all
.2200E+00   100.000  0.355E+03   0.29644E+00   0.00000E+00   0.10000E+00    0.50249E-02 1528.33         test_P_all
.2300E+00   100.000  0.336E+03   0.28887E+00   0.00000E+00   0.10000E+00    0.50249E-02 1412.71         test_P_all
.2400E+00   100.000  0.318E+03   0.28123E+00   0.00000E+00   0.10000E+00    0.50249E-02 1300.73         test_P_all
.2500E+00   100.000  0.301E+03   0.27354E+00   0.00000E+00   0.10000E+00    0.50249E-02 1192.78         test_P_all
.2600E+00   100.000  0.285E+03   0.26580E+00   0.00000E+00   0.10000E+00    0.50249E-02 1088.72         test_P_all
.2700E+00   100.000  0.271E+03   0.25802E+00   0.00000E+00   0.10000E+00    0.50249E-02  988.91         test_P_all
.2800E+00   100.000  0.258E+03   0.25020E+00   0.00000E+00   0.10000E+00    0.50249E-02  893.52         test_P_all
.2900E+00   100.000  0.246E+03   0.24236E+00   0.00000E+00   0.10000E+00    0.50249E-02  802.68         test_P_all
.3000E+00   100.000  0.234E+03   0.23452E+00   0.00000E+00   0.10000E+00    0.18868E-02 5082.70         test_P_all
.3100E+00   100.000  0.223E+03   0.22667E+00   0.00000E+00   0.10000E+00    0.50249E-02  635.46         test_P_all
.3200E+00   100.000  0.213E+03   0.21884E+00   0.00000E+00   0.10000E+00    0.50249E-02  559.33         test_P_all
.3300E+00   100.000  0.204E+03   0.21104E+00   0.00000E+00   0.10000E+00    0.50249E-02  488.32         test_P_all
.3400E+00   100.000  0.195E+03   0.20328E+00   0.00000E+00   0.10000E+00    0.50249E-02  422.49         test_P_all
.3500E+00   100.000  0.187E+03   0.19558E+00   0.00000E+00   0.10000E+00    0.50249E-02  361.83         test_P_all
.3600E+00   100.000  0.179E+03   0.18795E+00   0.00000E+00   0.10000E+00    0.50249E-02  306.36         test_P_all
.3700E+00   100.000  0.171E+03   0.18040E+00   0.00000E+00   0.10000E+00    0.50249E-02  256.01         test_P_all
.3800E+00   100.000  0.164E+03   0.17294E+00   0.00000E+00   0.10000E+00    0.50249E-02  210.70         test_P_all
.3900E+00   100.000  0.157E+03   0.16558E+00   0.00000E+00   0.10000E+00    0.50249E-02  170.34         test_P_all
.4000E+00   100.000  0.151E+03   0.15833E+00   0.00000E+00   0.10000E+00    0.17692E-02 1087.17         test_P_all
.4100E+00   100.000  0.145E+03   0.15121E+00   0.00000E+00   0.10000E+00    0.50249E-02  103.86         test_P_all
.4200E+00   100.000  0.139E+03   0.14421E+00   0.00000E+00   0.10000E+00    0.50249E-02   77.41         test_P_all
.4300E+00   100.000  0.133E+03   0.13735E+00   0.00000E+00   0.10000E+00    0.50249E-02   55.25         test_P_all
.4400E+00   100.000  0.128E+03   0.13064E+00   0.00000E+00   0.10000E+00    0.50249E-02   37.17         test_P_all
.4500E+00   100.000  0.123E+03   0.12407E+00   0.00000E+00   0.10000E+00    0.50249E-02   22.95         test_P_all
.4600E+00   100.000  0.118E+03   0.11766E+00   0.00000E+00   0.10000E+00    0.50249E-02   12.36         test_P_all
.4700E+00   100.000  0.114E+03   0.11142E+00   0.00000E+00   0.10000E+00    0.50249E-02    5.16         test_P_all
.4800E+00   100.000  0.109E+03   0.10534E+00   0.00000E+00   0.10000E+00    0.50249E-02    1.13         test_P_all
.4900E+00   100.000  0.105E+03   0.99438E-01   0.00000E+00   0.10000E+00    0.50249E-02   -0.01         test_P_all
.5000E+00   100.000  0.101E+03   0.93709E-01   0.00000E+00   0.10000E+00    0.17692E-02  -12.64         test_P_all
.5100E+00   100.000  0.970E+02   0.88162E-01   0.00000E+00   0.10000E+00    0.50249E-02   -5.55         test_P_all
.5200E+00   100.000  0.932E+02   0.82796E-01   0.00000E+00   0.10000E+00    0.50249E-02  -11.72         test_P_all
.5300E+00   100.000  0.896E+02   0.77616E-01   0.00000E+00   0.10000E+00    0.50249E-02  -19.84         test_P_all
.5400E+00   100.000  0.861E+02   0.72623E-01   0.00000E+00   0.10000E+00    0.50249E-02  -29.68         test_P_all
.5500E+00   100.000  0.827E+02   0.67817E-01   0.00000E+00   0.10000E+00    0.50249E-02  -41.02         test_P_all
.5600E+00   100.000  0.795E+02   0.63201E-01   0.00000E+00   0.10000E+00    0.50249E-02  -53.63         test_P_all
.5700E+00   100.000  0.763E+02   0.58775E-01   0.00000E+00   0.10000E+00    0.50249E-02  -67.31         test_P_all
.5800E+00   100.000  0.733E+02   0.54538E-01   0.00000E+00   0.10000E+00    0.50249E-02  -81.85         test_P_all
.5900E+00   100.000  0.704E+02   0.50492E-01   0.00000E+00   0.10000E+00    0.50249E-02  -97.07         test_P_all
.6000E+00   100.000  0.675E+02   0.46632E-01   0.00000E+00   0.10000E+00    0.17692E-02 -909.96         test_P_all
.6100E+00   100.000  0.648E+02   0.42960E-01   0.00000E+00   0.10000E+00    0.50249E-02 -128.85         test_P_all
.6200E+00   100.000  0.622E+02   0.39473E-01   0.00000E+00   0.10000E+00    0.50249E-02 -145.09         test_P_all
.6300E+00   100.000  0.596E+02   0.36169E-01   0.00000E+00   0.10000E+00    0.50249E-02 -161.36         test_P_all
.6400E+00   100.000  0.571E+02   0.33046E-01   0.00000E+00   0.10000E+00    0.50249E-02 -177.54         test_P_all
.6500E+00   100.000  0.547E+02   0.30100E-01   0.00000E+00   0.10000E+00    0.50249E-02 -193.50         test_P_all
.6600E+00   100.000  0.524E+02   0.27329E-01   0.00000E+00   0.10000E+00    0.50249E-02 -209.15         test_P_all
.6700E+00   100.000  0.501E+02   0.24729E-01   0.00000E+00   0.10000E+00    0.50249E-02 -224.39         test_P_all
.6800E+00   100.000  0.479E+02   0.22295E-01   0.00000E+00   0.10000E+00    0.50249E-02 -239.13         test_P_all
.6900E+00   100.000  0.458E+02   0.20025E-01   0.00000E+00   0.10000E+00    0.50249E-02 -253.31         test_P_all
.7000E+00   100.000  0.437E+02   0.17912E-01   0.00000E+00   0.10000E+00    0.17692E-02 *******         test_P_all
.7100E+00   100.000  0.417E+02   0.15953E-01   0.00000E+00   0.10000E+00    0.50249E-02 -279.76         test_P_all
.7200E+00   100.000  0.398E+02   0.14143E-01   0.00000E+00   0.10000E+00    0.50249E-02 -291.94         test_P_all
.7300E+00   100.000  0.379E+02   0.12476E-01   0.00000E+00   0.10000E+00    0.50249E-02 -303.39         test_P_all
.7400E+00   100.000  0.360E+02   0.10947E-01   0.00000E+00   0.10000E+00    0.50249E-02 -314.08         test_P_all
.7500E+00   100.000  0.342E+02   0.95501E-02   0.00000E+00   0.10000E+00    0.50249E-02 -324.01         test_P_all
.7600E+00   100.000  0.325E+02   0.82802E-02   0.00000E+00   0.10000E+00    0.50249E-02 -333.17         test_P_all
.7700E+00   100.000  0.308E+02   0.71311E-02   0.00000E+00   0.10000E+00    0.50249E-02 -341.57         test_P_all
.7800E+00   100.000  0.291E+02   0.60967E-02   0.00000E+00   0.10000E+00    0.50249E-02 -349.22         test_P_all
.7900E+00   100.000  0.275E+02   0.51707E-02   0.00000E+00   0.10000E+00    0.50249E-02 -356.14         test_P_all
.8000E+00   100.000  0.259E+02   0.43472E-02   0.00000E+00   0.10000E+00    0.17692E-02 *******         test_P_all
.8100E+00   100.000  0.243E+02   0.36196E-02   0.00000E+00   0.10000E+00    0.50249E-02 -367.89         test_P_all
.8200E+00   100.000  0.228E+02   0.29818E-02   0.00000E+00   0.10000E+00    0.50249E-02 -372.77         test_P_all
.8300E+00   100.000  0.214E+02   0.24273E-02   0.00000E+00   0.10000E+00    0.50249E-02 -377.05         test_P_all
.8400E+00   100.000  0.199E+02   0.19495E-02   0.00000E+00   0.10000E+00    0.50249E-02 -380.75         test_P_all
.8500E+00   100.000  0.185E+02   0.15428E-02   0.00000E+00   0.10000E+00    0.50249E-02 -383.91         test_P_all
.8600E+00   100.000  0.172E+02   0.11994E-02   0.00000E+00   0.10000E+00    0.50249E-02 -386.60         test_P_all
.8700E+00   100.000  0.158E+02   0.91460E-03   0.00000E+00   0.10000E+00    0.50249E-02 -388.83         test_P_all
.8800E+00   100.000  0.145E+02   0.68167E-03   0.00000E+00   0.10000E+00    0.50249E-02 -390.66         test_P_all
.8900E+00   100.000  0.132E+02   0.49418E-03   0.00000E+00   0.10000E+00    0.50249E-02 -392.13         test_P_all
.9000E+00   100.000  0.120E+02   0.34780E-03   0.00000E+00   0.10000E+00    0.17692E-02 *******         test_P_all
.9100E+00   100.000  0.108E+02   0.23437E-03   0.00000E+00   0.10000E+00    0.50249E-02 -394.19         test_P_all
.9200E+00   100.000  0.958E+01   0.15085E-03   0.00000E+00   0.10000E+00    0.50249E-02 -394.85         test_P_all
.9300E+00   100.000  0.841E+01   0.91381E-04   0.00000E+00   0.10000E+00    0.50249E-02 -395.32         test_P_all
.9400E+00   100.000  0.726E+01   0.50455E-04   0.00000E+00   0.10000E+00    0.50249E-02 -395.64         test_P_all
.9500E+00   100.000  0.614E+01   0.25860E-04   0.00000E+00   0.10000E+00    0.50249E-02 -395.83         test_P_all
.9600E+00   100.000  0.505E+01   0.10383E-04   0.00000E+00   0.10000E+00    0.50249E-02 -395.96         test_P_all
.9700E+00   100.000  0.397E+01   0.33239E-05   0.00000E+00   0.10000E+00    0.50249E-02 -396.01         test_P_all
.9800E+00   100.000  0.292E+01   0.17983E-05   0.00000E+00   0.10000E+00    0.50249E-02 -396.03         test_P_all
.9900E+00   100.000  0.189E+01   0.24278E-05   0.00000E+00   0.10000E+00    0.50249E-02 -396.02         test_P_all
.1000E+01   100.000  0.882E+00   0.00000E+00   0.00000E+00   0.10000E+00    0.50249E-02 -396.04         test_P_all



 CHI SQUARE=******** FOR  582 POINTS   CHISQ/NPTS= 1136.15
 Signed chisquare total =********
 Modified residual =********


Summary normalization chi2 contributions

 data set     normalization        error         chisq


Summary chi2 per data set

 data set      chisq    _w     signd    _w     resid     _w   npts   chisq/pts  _w
test_P_all  661237.0        441215.8        ********           582 1136.15
------------------------------------------------------------------------------------
TOTAL       661237.0661237.0441215.8     0.0****************   582 1136.15 1136.15
TOTAL+norm  661237.0661237.0                                   582 1136.15 1136.15



            Momentum Sum Rule Check


      q2      alphas      xuv       xdv       xub       xdb       xsb       xcb       xbb      xglue     total
      1.69    0.3845    0.3193    0.1358    0.0561    0.0710    0.0254    0.0000    0.0000    0.3926    1.0002
    100.00    0.1784    0.2250    0.0957    0.0653    0.0759    0.0438    0.0259    0.0087    0.4569    0.9972
   1000.00    0.1407    0.0000    0.0000    0.0000    0.0000    0.0000    0.0000    0.0000    0.0000    0.0000
   8315.00    0.1180    0.0000    0.0000    0.0000    0.0000    0.0000    0.0000    0.0000    0.0000    0.0000


 Vector Boson Cross Sections

 sqrt(s)   sigma(W)    error    theory

   1960.     2.865     0.063       0.000     D0

   1960.     2.749     0.054       0.000     CDF

   7000.     9.95      0.29        0.000     CMS

   7000.     9.96      0.55        0.000     ATLAS

 sqrt(s)   sigma(Z)    error    theory

   1960.     .2649     .0094       0.000     D0

   1960.     .2549     .0057       0.000     CDF

   7000.     .931      0.035       0.000     CMS

   7000.     .82       0.08        0.000     ATLAS


